06/08/2025 14:50:38 - INFO - __main__ -   ***** Running evaluation  *****
06/08/2025 14:50:38 - INFO - __main__ -     Num examples = 1090
06/08/2025 14:50:38 - INFO - __main__ -     Batch size = 8
Evaluating: 100%|████████████████████████████████████████████████████████████████████████████████████████████████████████████████████████| 137/137 [00:01<00:00, 123.20it/s]
06/08/2025 14:50:40 - INFO - __main__ -   ***** Eval results  *****
06/08/2025 14:50:40 - INFO - __main__ -     f1 = 0.8842105263157896
06/08/2025 14:50:40 - INFO - __main__ -     loss = 0.05461889442872865
06/08/2025 14:50:40 - INFO - __main__ -     precision = 0.8689655172413793
06/08/2025 14:50:40 - INFO - __main__ -     recall = 0.9
06/08/2025 14:50:40 - INFO - __main__ -     report =               precision    recall  f1-score   support

        DATE       0.69      0.81      0.75       101
         LOC       0.90      0.94      0.92       480
         ORG       0.70      0.69      0.70       163
         PER       0.95      0.96      0.95       376

   micro avg       0.87      0.90      0.88      1120
   macro avg       0.81      0.85      0.83      1120
weighted avg       0.87      0.90      0.88      1120

06/08/2025 14:50:40 - INFO - __main__ -   Creating features from dataset file at data/ZeroShotTransfer/ibo_MPTC/
06/08/2025 14:50:40 - INFO - utils_ner -   Writing example 0 of 1269
06/08/2025 14:50:40 - INFO - utils_ner -   *** Example ***
06/08/2025 14:50:40 - INFO - utils_ner -   guid: test-1
06/08/2025 14:50:40 - INFO - utils_ner -   tokens: <s> ▁A bantu ▁bari kur umba ▁maga na ▁ana ▁bata hi ib we ▁om u ▁po ori isi ▁nyom web az yo ▁ . </s>
06/08/2025 14:50:40 - INFO - utils_ner -   input_ids: 0 62 41225 27837 2971 29381 15323 76 3877 8336 979 2566 1177 171 34 160 3929 2726 26002 14051 1828 1410 6 5 2 1 1 1 1 1 1 1 1 1 1 1 1 1 1 1 1 1 1 1 1 1 1 1 1 1 1 1 1 1 1 1 1 1 1 1 1 1 1 1 1 1 1 1 1 1 1 1 1 1 1 1 1 1 1 1 1 1 1 1 1 1 1 1 1 1 1 1 1 1 1 1 1 1 1 1 1 1 1 1 1 1 1 1 1 1 1 1 1 1 1 1 1 1 1 1 1 1 1 1 1 1 1 1 1 1 1 1 1 1 1 1 1 1 1 1 1 1 1 1 1 1 1 1 1 1 1 1 1 1 1 1 1 1 1 1 1 1 1 1
06/08/2025 14:50:40 - INFO - utils_ner -   input_mask: 1 1 1 1 1 1 1 1 1 1 1 1 1 1 1 1 1 1 1 1 1 1 1 1 1 0 0 0 0 0 0 0 0 0 0 0 0 0 0 0 0 0 0 0 0 0 0 0 0 0 0 0 0 0 0 0 0 0 0 0 0 0 0 0 0 0 0 0 0 0 0 0 0 0 0 0 0 0 0 0 0 0 0 0 0 0 0 0 0 0 0 0 0 0 0 0 0 0 0 0 0 0 0 0 0 0 0 0 0 0 0 0 0 0 0 0 0 0 0 0 0 0 0 0 0 0 0 0 0 0 0 0 0 0 0 0 0 0 0 0 0 0 0 0 0 0 0 0 0 0 0 0 0 0 0 0 0 0 0 0 0 0 0 0
06/08/2025 14:50:40 - INFO - utils_ner -   segment_ids: 0 0 0 0 0 0 0 0 0 0 0 0 0 0 0 0 0 0 0 0 0 0 0 0 0 0 0 0 0 0 0 0 0 0 0 0 0 0 0 0 0 0 0 0 0 0 0 0 0 0 0 0 0 0 0 0 0 0 0 0 0 0 0 0 0 0 0 0 0 0 0 0 0 0 0 0 0 0 0 0 0 0 0 0 0 0 0 0 0 0 0 0 0 0 0 0 0 0 0 0 0 0 0 0 0 0 0 0 0 0 0 0 0 0 0 0 0 0 0 0 0 0 0 0 0 0 0 0 0 0 0 0 0 0 0 0 0 0 0 0 0 0 0 0 0 0 0 0 0 0 0 0 0 0 0 0 0 0 0 0 0 0 0 0
06/08/2025 14:50:40 - INFO - utils_ner -   label_ids: -100 0 -100 0 -100 -100 0 -100 0 0 -100 -100 -100 0 -100 0 -100 -100 1 -100 -100 -100 0 -100 -100 -100 -100 -100 -100 -100 -100 -100 -100 -100 -100 -100 -100 -100 -100 -100 -100 -100 -100 -100 -100 -100 -100 -100 -100 -100 -100 -100 -100 -100 -100 -100 -100 -100 -100 -100 -100 -100 -100 -100 -100 -100 -100 -100 -100 -100 -100 -100 -100 -100 -100 -100 -100 -100 -100 -100 -100 -100 -100 -100 -100 -100 -100 -100 -100 -100 -100 -100 -100 -100 -100 -100 -100 -100 -100 -100 -100 -100 -100 -100 -100 -100 -100 -100 -100 -100 -100 -100 -100 -100 -100 -100 -100 -100 -100 -100 -100 -100 -100 -100 -100 -100 -100 -100 -100 -100 -100 -100 -100 -100 -100 -100 -100 -100 -100 -100 -100 -100 -100 -100 -100 -100 -100 -100 -100 -100 -100 -100 -100 -100 -100 -100 -100 -100 -100 -100 -100 -100 -100 -100
06/08/2025 14:50:40 - INFO - utils_ner -   *** Example ***
06/08/2025 14:50:40 - INFO - utils_ner -   guid: test-2
06/08/2025 14:50:40 - INFO - utils_ner -   tokens: <s> ▁A gi ire ▁Kenya ▁b wany ima ▁y ' om wa ka ▁gum we ▁agar uki re ▁om u ▁Uganda ▁ . </s>
06/08/2025 14:50:40 - INFO - utils_ner -   input_ids: 0 62 735 2149 23357 876 76759 1352 113 25 306 634 161 29204 1177 6670 38662 107 171 34 96400 6 5 2 1 1 1 1 1 1 1 1 1 1 1 1 1 1 1 1 1 1 1 1 1 1 1 1 1 1 1 1 1 1 1 1 1 1 1 1 1 1 1 1 1 1 1 1 1 1 1 1 1 1 1 1 1 1 1 1 1 1 1 1 1 1 1 1 1 1 1 1 1 1 1 1 1 1 1 1 1 1 1 1 1 1 1 1 1 1 1 1 1 1 1 1 1 1 1 1 1 1 1 1 1 1 1 1 1 1 1 1 1 1 1 1 1 1 1 1 1 1 1 1 1 1 1 1 1 1 1 1 1 1 1 1 1 1 1 1 1 1 1 1
06/08/2025 14:50:40 - INFO - utils_ner -   input_mask: 1 1 1 1 1 1 1 1 1 1 1 1 1 1 1 1 1 1 1 1 1 1 1 1 0 0 0 0 0 0 0 0 0 0 0 0 0 0 0 0 0 0 0 0 0 0 0 0 0 0 0 0 0 0 0 0 0 0 0 0 0 0 0 0 0 0 0 0 0 0 0 0 0 0 0 0 0 0 0 0 0 0 0 0 0 0 0 0 0 0 0 0 0 0 0 0 0 0 0 0 0 0 0 0 0 0 0 0 0 0 0 0 0 0 0 0 0 0 0 0 0 0 0 0 0 0 0 0 0 0 0 0 0 0 0 0 0 0 0 0 0 0 0 0 0 0 0 0 0 0 0 0 0 0 0 0 0 0 0 0 0 0 0 0
06/08/2025 14:50:40 - INFO - utils_ner -   segment_ids: 0 0 0 0 0 0 0 0 0 0 0 0 0 0 0 0 0 0 0 0 0 0 0 0 0 0 0 0 0 0 0 0 0 0 0 0 0 0 0 0 0 0 0 0 0 0 0 0 0 0 0 0 0 0 0 0 0 0 0 0 0 0 0 0 0 0 0 0 0 0 0 0 0 0 0 0 0 0 0 0 0 0 0 0 0 0 0 0 0 0 0 0 0 0 0 0 0 0 0 0 0 0 0 0 0 0 0 0 0 0 0 0 0 0 0 0 0 0 0 0 0 0 0 0 0 0 0 0 0 0 0 0 0 0 0 0 0 0 0 0 0 0 0 0 0 0 0 0 0 0 0 0 0 0 0 0 0 0 0 0 0 0 0 0
06/08/2025 14:50:40 - INFO - utils_ner -   label_ids: -100 0 -100 -100 7 0 -100 -100 1 -100 -100 -100 -100 2 -100 0 -100 -100 0 -100 7 0 -100 -100 -100 -100 -100 -100 -100 -100 -100 -100 -100 -100 -100 -100 -100 -100 -100 -100 -100 -100 -100 -100 -100 -100 -100 -100 -100 -100 -100 -100 -100 -100 -100 -100 -100 -100 -100 -100 -100 -100 -100 -100 -100 -100 -100 -100 -100 -100 -100 -100 -100 -100 -100 -100 -100 -100 -100 -100 -100 -100 -100 -100 -100 -100 -100 -100 -100 -100 -100 -100 -100 -100 -100 -100 -100 -100 -100 -100 -100 -100 -100 -100 -100 -100 -100 -100 -100 -100 -100 -100 -100 -100 -100 -100 -100 -100 -100 -100 -100 -100 -100 -100 -100 -100 -100 -100 -100 -100 -100 -100 -100 -100 -100 -100 -100 -100 -100 -100 -100 -100 -100 -100 -100 -100 -100 -100 -100 -100 -100 -100 -100 -100 -100 -100 -100 -100 -100 -100 -100 -100 -100 -100
06/08/2025 14:50:40 - INFO - utils_ner -   *** Example ***
06/08/2025 14:50:40 - INFO - utils_ner -   guid: test-3
06/08/2025 14:50:40 - INFO - utils_ner -   tokens: <s> ▁Abe egi ▁ba ▁Make re re ▁ni bes hari ga ▁hai hi ▁ buri ▁semester ▁ . </s>
06/08/2025 14:50:40 - INFO - utils_ner -   input_ids: 0 114590 19384 961 26176 107 107 300 7438 10079 208 1337 979 6 46834 49345 6 5 2 1 1 1 1 1 1 1 1 1 1 1 1 1 1 1 1 1 1 1 1 1 1 1 1 1 1 1 1 1 1 1 1 1 1 1 1 1 1 1 1 1 1 1 1 1 1 1 1 1 1 1 1 1 1 1 1 1 1 1 1 1 1 1 1 1 1 1 1 1 1 1 1 1 1 1 1 1 1 1 1 1 1 1 1 1 1 1 1 1 1 1 1 1 1 1 1 1 1 1 1 1 1 1 1 1 1 1 1 1 1 1 1 1 1 1 1 1 1 1 1 1 1 1 1 1 1 1 1 1 1 1 1 1 1 1 1 1 1 1 1 1 1 1 1 1
06/08/2025 14:50:40 - INFO - utils_ner -   input_mask: 1 1 1 1 1 1 1 1 1 1 1 1 1 1 1 1 1 1 1 0 0 0 0 0 0 0 0 0 0 0 0 0 0 0 0 0 0 0 0 0 0 0 0 0 0 0 0 0 0 0 0 0 0 0 0 0 0 0 0 0 0 0 0 0 0 0 0 0 0 0 0 0 0 0 0 0 0 0 0 0 0 0 0 0 0 0 0 0 0 0 0 0 0 0 0 0 0 0 0 0 0 0 0 0 0 0 0 0 0 0 0 0 0 0 0 0 0 0 0 0 0 0 0 0 0 0 0 0 0 0 0 0 0 0 0 0 0 0 0 0 0 0 0 0 0 0 0 0 0 0 0 0 0 0 0 0 0 0 0 0 0 0 0 0
06/08/2025 14:50:40 - INFO - utils_ner -   segment_ids: 0 0 0 0 0 0 0 0 0 0 0 0 0 0 0 0 0 0 0 0 0 0 0 0 0 0 0 0 0 0 0 0 0 0 0 0 0 0 0 0 0 0 0 0 0 0 0 0 0 0 0 0 0 0 0 0 0 0 0 0 0 0 0 0 0 0 0 0 0 0 0 0 0 0 0 0 0 0 0 0 0 0 0 0 0 0 0 0 0 0 0 0 0 0 0 0 0 0 0 0 0 0 0 0 0 0 0 0 0 0 0 0 0 0 0 0 0 0 0 0 0 0 0 0 0 0 0 0 0 0 0 0 0 0 0 0 0 0 0 0 0 0 0 0 0 0 0 0 0 0 0 0 0 0 0 0 0 0 0 0 0 0 0 0
06/08/2025 14:50:40 - INFO - utils_ner -   label_ids: -100 0 -100 0 5 -100 -100 0 -100 -100 -100 0 -100 1 -100 2 0 -100 -100 -100 -100 -100 -100 -100 -100 -100 -100 -100 -100 -100 -100 -100 -100 -100 -100 -100 -100 -100 -100 -100 -100 -100 -100 -100 -100 -100 -100 -100 -100 -100 -100 -100 -100 -100 -100 -100 -100 -100 -100 -100 -100 -100 -100 -100 -100 -100 -100 -100 -100 -100 -100 -100 -100 -100 -100 -100 -100 -100 -100 -100 -100 -100 -100 -100 -100 -100 -100 -100 -100 -100 -100 -100 -100 -100 -100 -100 -100 -100 -100 -100 -100 -100 -100 -100 -100 -100 -100 -100 -100 -100 -100 -100 -100 -100 -100 -100 -100 -100 -100 -100 -100 -100 -100 -100 -100 -100 -100 -100 -100 -100 -100 -100 -100 -100 -100 -100 -100 -100 -100 -100 -100 -100 -100 -100 -100 -100 -100 -100 -100 -100 -100 -100 -100 -100 -100 -100 -100 -100 -100 -100 -100 -100 -100 -100
06/08/2025 14:50:40 - INFO - utils_ner -   *** Example ***
06/08/2025 14:50:40 - INFO - utils_ner -   guid: test-4
06/08/2025 14:50:40 - INFO - utils_ner -   tokens: <s> ▁Oru ki iko ▁ruk aba ▁a ha ▁kite be ▁ki kuru ▁ky ' ek ibi ina ▁es ande ▁e yah wir e ▁ . </s>
06/08/2025 14:50:40 - INFO - utils_ner -   input_ids: 0 47746 301 5696 79758 8474 10 528 94897 372 200 120209 5512 25 343 21751 885 198 4431 28 30525 17084 13 6 5 2 1 1 1 1 1 1 1 1 1 1 1 1 1 1 1 1 1 1 1 1 1 1 1 1 1 1 1 1 1 1 1 1 1 1 1 1 1 1 1 1 1 1 1 1 1 1 1 1 1 1 1 1 1 1 1 1 1 1 1 1 1 1 1 1 1 1 1 1 1 1 1 1 1 1 1 1 1 1 1 1 1 1 1 1 1 1 1 1 1 1 1 1 1 1 1 1 1 1 1 1 1 1 1 1 1 1 1 1 1 1 1 1 1 1 1 1 1 1 1 1 1 1 1 1 1 1 1 1 1 1 1 1 1 1 1 1 1 1
06/08/2025 14:50:40 - INFO - utils_ner -   input_mask: 1 1 1 1 1 1 1 1 1 1 1 1 1 1 1 1 1 1 1 1 1 1 1 1 1 1 0 0 0 0 0 0 0 0 0 0 0 0 0 0 0 0 0 0 0 0 0 0 0 0 0 0 0 0 0 0 0 0 0 0 0 0 0 0 0 0 0 0 0 0 0 0 0 0 0 0 0 0 0 0 0 0 0 0 0 0 0 0 0 0 0 0 0 0 0 0 0 0 0 0 0 0 0 0 0 0 0 0 0 0 0 0 0 0 0 0 0 0 0 0 0 0 0 0 0 0 0 0 0 0 0 0 0 0 0 0 0 0 0 0 0 0 0 0 0 0 0 0 0 0 0 0 0 0 0 0 0 0 0 0 0 0 0 0
06/08/2025 14:50:40 - INFO - utils_ner -   segment_ids: 0 0 0 0 0 0 0 0 0 0 0 0 0 0 0 0 0 0 0 0 0 0 0 0 0 0 0 0 0 0 0 0 0 0 0 0 0 0 0 0 0 0 0 0 0 0 0 0 0 0 0 0 0 0 0 0 0 0 0 0 0 0 0 0 0 0 0 0 0 0 0 0 0 0 0 0 0 0 0 0 0 0 0 0 0 0 0 0 0 0 0 0 0 0 0 0 0 0 0 0 0 0 0 0 0 0 0 0 0 0 0 0 0 0 0 0 0 0 0 0 0 0 0 0 0 0 0 0 0 0 0 0 0 0 0 0 0 0 0 0 0 0 0 0 0 0 0 0 0 0 0 0 0 0 0 0 0 0 0 0 0 0 0 0
06/08/2025 14:50:40 - INFO - utils_ner -   label_ids: -100 0 -100 -100 0 -100 0 -100 0 -100 0 -100 0 -100 -100 -100 -100 1 -100 2 -100 -100 -100 0 -100 -100 -100 -100 -100 -100 -100 -100 -100 -100 -100 -100 -100 -100 -100 -100 -100 -100 -100 -100 -100 -100 -100 -100 -100 -100 -100 -100 -100 -100 -100 -100 -100 -100 -100 -100 -100 -100 -100 -100 -100 -100 -100 -100 -100 -100 -100 -100 -100 -100 -100 -100 -100 -100 -100 -100 -100 -100 -100 -100 -100 -100 -100 -100 -100 -100 -100 -100 -100 -100 -100 -100 -100 -100 -100 -100 -100 -100 -100 -100 -100 -100 -100 -100 -100 -100 -100 -100 -100 -100 -100 -100 -100 -100 -100 -100 -100 -100 -100 -100 -100 -100 -100 -100 -100 -100 -100 -100 -100 -100 -100 -100 -100 -100 -100 -100 -100 -100 -100 -100 -100 -100 -100 -100 -100 -100 -100 -100 -100 -100 -100 -100 -100 -100 -100 -100 -100 -100 -100 -100
06/08/2025 14:50:40 - INFO - utils_ner -   *** Example ***
06/08/2025 14:50:40 - INFO - utils_ner -   guid: test-5
06/08/2025 14:50:40 - INFO - utils_ner -   tokens: <s> ▁Do ki tari ▁ti y ija ▁kuko ra ▁er izo oba ▁ . </s>
06/08/2025 14:50:40 - INFO - utils_ner -   input_ids: 0 984 301 7157 1053 53 4391 8535 219 72 33602 16159 6 5 2 1 1 1 1 1 1 1 1 1 1 1 1 1 1 1 1 1 1 1 1 1 1 1 1 1 1 1 1 1 1 1 1 1 1 1 1 1 1 1 1 1 1 1 1 1 1 1 1 1 1 1 1 1 1 1 1 1 1 1 1 1 1 1 1 1 1 1 1 1 1 1 1 1 1 1 1 1 1 1 1 1 1 1 1 1 1 1 1 1 1 1 1 1 1 1 1 1 1 1 1 1 1 1 1 1 1 1 1 1 1 1 1 1 1 1 1 1 1 1 1 1 1 1 1 1 1 1 1 1 1 1 1 1 1 1 1 1 1 1 1 1 1 1 1 1 1 1 1 1
06/08/2025 14:50:40 - INFO - utils_ner -   input_mask: 1 1 1 1 1 1 1 1 1 1 1 1 1 1 1 0 0 0 0 0 0 0 0 0 0 0 0 0 0 0 0 0 0 0 0 0 0 0 0 0 0 0 0 0 0 0 0 0 0 0 0 0 0 0 0 0 0 0 0 0 0 0 0 0 0 0 0 0 0 0 0 0 0 0 0 0 0 0 0 0 0 0 0 0 0 0 0 0 0 0 0 0 0 0 0 0 0 0 0 0 0 0 0 0 0 0 0 0 0 0 0 0 0 0 0 0 0 0 0 0 0 0 0 0 0 0 0 0 0 0 0 0 0 0 0 0 0 0 0 0 0 0 0 0 0 0 0 0 0 0 0 0 0 0 0 0 0 0 0 0 0 0 0 0
06/08/2025 14:50:40 - INFO - utils_ner -   segment_ids: 0 0 0 0 0 0 0 0 0 0 0 0 0 0 0 0 0 0 0 0 0 0 0 0 0 0 0 0 0 0 0 0 0 0 0 0 0 0 0 0 0 0 0 0 0 0 0 0 0 0 0 0 0 0 0 0 0 0 0 0 0 0 0 0 0 0 0 0 0 0 0 0 0 0 0 0 0 0 0 0 0 0 0 0 0 0 0 0 0 0 0 0 0 0 0 0 0 0 0 0 0 0 0 0 0 0 0 0 0 0 0 0 0 0 0 0 0 0 0 0 0 0 0 0 0 0 0 0 0 0 0 0 0 0 0 0 0 0 0 0 0 0 0 0 0 0 0 0 0 0 0 0 0 0 0 0 0 0 0 0 0 0 0 0
06/08/2025 14:50:40 - INFO - utils_ner -   label_ids: -100 0 -100 -100 0 -100 -100 0 -100 1 -100 -100 0 -100 -100 -100 -100 -100 -100 -100 -100 -100 -100 -100 -100 -100 -100 -100 -100 -100 -100 -100 -100 -100 -100 -100 -100 -100 -100 -100 -100 -100 -100 -100 -100 -100 -100 -100 -100 -100 -100 -100 -100 -100 -100 -100 -100 -100 -100 -100 -100 -100 -100 -100 -100 -100 -100 -100 -100 -100 -100 -100 -100 -100 -100 -100 -100 -100 -100 -100 -100 -100 -100 -100 -100 -100 -100 -100 -100 -100 -100 -100 -100 -100 -100 -100 -100 -100 -100 -100 -100 -100 -100 -100 -100 -100 -100 -100 -100 -100 -100 -100 -100 -100 -100 -100 -100 -100 -100 -100 -100 -100 -100 -100 -100 -100 -100 -100 -100 -100 -100 -100 -100 -100 -100 -100 -100 -100 -100 -100 -100 -100 -100 -100 -100 -100 -100 -100 -100 -100 -100 -100 -100 -100 -100 -100 -100 -100 -100 -100 -100 -100 -100 -100
06/08/2025 14:50:40 - INFO - __main__ -   Saving features into cached file data/ZeroShotTransfer/ibo_MPTC/cached_test_afro-xlmr-base_164
06/08/2025 14:50:40 - INFO - __main__ -   ***** Running evaluation  *****
06/08/2025 14:50:40 - INFO - __main__ -     Num examples = 1269
06/08/2025 14:50:40 - INFO - __main__ -     Batch size = 8
Evaluating: 100%|████████████████████████████████████████████████████████████████████████████████████████████████████████████████████████| 159/159 [00:01<00:00, 122.63it/s]
06/08/2025 14:50:42 - INFO - __main__ -   ***** Eval results  *****
06/08/2025 14:50:42 - INFO - __main__ -     f1 = 0.3539823008849557
06/08/2025 14:50:42 - INFO - __main__ -     loss = 0.26076304855768906
06/08/2025 14:50:42 - INFO - __main__ -     precision = 0.3508771929824561
06/08/2025 14:50:42 - INFO - __main__ -     recall = 0.35714285714285715
06/08/2025 14:50:42 - INFO - __main__ -     report =               precision    recall  f1-score   support

        DATE       0.50      0.03      0.05       104
         LOC       0.69      0.74      0.71        94
         ORG       0.78      0.28      0.41        25
         PER       0.00      0.00      0.00         1

   micro avg       0.35      0.36      0.35       224
   macro avg       0.49      0.26      0.30       224
weighted avg       0.61      0.36      0.37       224
