06/08/2025 13:29:36 - INFO - __main__ -   ***** Running evaluation  *****
06/08/2025 13:29:36 - INFO - __main__ -     Num examples = 623
06/08/2025 13:29:36 - INFO - __main__ -     Batch size = 8
Evaluating: 100%|██████████████████████████████████████████████████████████████████████████████████████████████████████████████████████████| 78/78 [00:00<00:00, 122.59it/s]
06/08/2025 13:29:36 - INFO - __main__ -   ***** Eval results  *****
06/08/2025 13:29:36 - INFO - __main__ -     f1 = 0.8765432098765432
06/08/2025 13:29:36 - INFO - __main__ -     loss = 0.045808079220967975
06/08/2025 13:29:36 - INFO - __main__ -     precision = 0.8613518197573656
06/08/2025 13:29:36 - INFO - __main__ -     recall = 0.8922800718132855
06/08/2025 13:29:36 - INFO - __main__ -     report =               precision    recall  f1-score   support

        DATE       0.80      0.85      0.82       153
         LOC       0.89      0.94      0.91       163
         ORG       0.86      0.83      0.84       138
         PER       0.91      0.97      0.94       103

   micro avg       0.86      0.89      0.88       557
   macro avg       0.86      0.90      0.88       557
weighted avg       0.86      0.89      0.88       557

06/08/2025 13:29:37 - INFO - __main__ -   Creating features from dataset file at data/ZeroShotTransfer/fon_COMBINED/
06/08/2025 13:29:37 - INFO - utils_ner -   Writing example 0 of 7508
06/08/2025 13:29:37 - INFO - utils_ner -   *** Example ***
06/08/2025 13:29:37 - INFO - utils_ner -   guid: test-1
06/08/2025 13:29:37 - INFO - utils_ner -   tokens: <s> ▁Ti imu ▁y ' em iza ano ▁e ya ▁di si turik iti ▁ , ▁e kah ika ▁a ha ▁kamar i rizo ▁om wa ka ▁og uh wa ire ▁ . </s>
06/08/2025 13:29:37 - INFO - utils_ner -   input_ids: 0 2371 15608 113 25 195 7337 3922 28 395 45 172 101605 1890 6 4 28 6577 2959 10 528 21323 14 155946 171 634 161 60 5951 634 2149 6 5 2 1 1 1 1 1 1 1 1 1 1 1 1 1 1 1 1 1 1 1 1 1 1 1 1 1 1 1 1 1 1 1 1 1 1 1 1 1 1 1 1 1 1 1 1 1 1 1 1 1 1 1 1 1 1 1 1 1 1 1 1 1 1 1 1 1 1 1 1 1 1 1 1 1 1 1 1 1 1 1 1 1 1 1 1 1 1 1 1 1 1 1 1 1 1 1 1 1 1 1 1 1 1 1 1 1 1 1 1 1 1 1 1 1 1 1 1 1 1 1 1 1 1 1 1 1 1 1 1 1 1
06/08/2025 13:29:37 - INFO - utils_ner -   input_mask: 1 1 1 1 1 1 1 1 1 1 1 1 1 1 1 1 1 1 1 1 1 1 1 1 1 1 1 1 1 1 1 1 1 1 0 0 0 0 0 0 0 0 0 0 0 0 0 0 0 0 0 0 0 0 0 0 0 0 0 0 0 0 0 0 0 0 0 0 0 0 0 0 0 0 0 0 0 0 0 0 0 0 0 0 0 0 0 0 0 0 0 0 0 0 0 0 0 0 0 0 0 0 0 0 0 0 0 0 0 0 0 0 0 0 0 0 0 0 0 0 0 0 0 0 0 0 0 0 0 0 0 0 0 0 0 0 0 0 0 0 0 0 0 0 0 0 0 0 0 0 0 0 0 0 0 0 0 0 0 0 0 0 0 0
06/08/2025 13:29:37 - INFO - utils_ner -   segment_ids: 0 0 0 0 0 0 0 0 0 0 0 0 0 0 0 0 0 0 0 0 0 0 0 0 0 0 0 0 0 0 0 0 0 0 0 0 0 0 0 0 0 0 0 0 0 0 0 0 0 0 0 0 0 0 0 0 0 0 0 0 0 0 0 0 0 0 0 0 0 0 0 0 0 0 0 0 0 0 0 0 0 0 0 0 0 0 0 0 0 0 0 0 0 0 0 0 0 0 0 0 0 0 0 0 0 0 0 0 0 0 0 0 0 0 0 0 0 0 0 0 0 0 0 0 0 0 0 0 0 0 0 0 0 0 0 0 0 0 0 0 0 0 0 0 0 0 0 0 0 0 0 0 0 0 0 0 0 0 0 0 0 0 0 0
06/08/2025 13:29:37 - INFO - utils_ner -   label_ids: -100 0 -100 0 -100 -100 -100 -100 0 -100 0 -100 -100 -100 0 -100 0 -100 -100 0 -100 0 -100 -100 1 -100 -100 2 -100 -100 -100 0 -100 -100 -100 -100 -100 -100 -100 -100 -100 -100 -100 -100 -100 -100 -100 -100 -100 -100 -100 -100 -100 -100 -100 -100 -100 -100 -100 -100 -100 -100 -100 -100 -100 -100 -100 -100 -100 -100 -100 -100 -100 -100 -100 -100 -100 -100 -100 -100 -100 -100 -100 -100 -100 -100 -100 -100 -100 -100 -100 -100 -100 -100 -100 -100 -100 -100 -100 -100 -100 -100 -100 -100 -100 -100 -100 -100 -100 -100 -100 -100 -100 -100 -100 -100 -100 -100 -100 -100 -100 -100 -100 -100 -100 -100 -100 -100 -100 -100 -100 -100 -100 -100 -100 -100 -100 -100 -100 -100 -100 -100 -100 -100 -100 -100 -100 -100 -100 -100 -100 -100 -100 -100 -100 -100 -100 -100 -100 -100 -100 -100 -100 -100
06/08/2025 13:29:37 - INFO - utils_ner -   *** Example ***
06/08/2025 13:29:37 - INFO - utils_ner -   guid: test-2
06/08/2025 13:29:37 - INFO - utils_ner -   tokens: <s> ▁Sh wen kuru ▁wang ye ▁aka fa ▁aine ▁em yaka ▁kina na ▁na ▁muna na ▁e y ' o buku ru ▁ . </s>
06/08/2025 13:29:37 - INFO - utils_ner -   input_ids: 0 7525 11697 120209 37109 1033 15623 1021 59482 352 122669 24222 76 24 29279 76 28 53 25 31 107798 882 6 5 2 1 1 1 1 1 1 1 1 1 1 1 1 1 1 1 1 1 1 1 1 1 1 1 1 1 1 1 1 1 1 1 1 1 1 1 1 1 1 1 1 1 1 1 1 1 1 1 1 1 1 1 1 1 1 1 1 1 1 1 1 1 1 1 1 1 1 1 1 1 1 1 1 1 1 1 1 1 1 1 1 1 1 1 1 1 1 1 1 1 1 1 1 1 1 1 1 1 1 1 1 1 1 1 1 1 1 1 1 1 1 1 1 1 1 1 1 1 1 1 1 1 1 1 1 1 1 1 1 1 1 1 1 1 1 1 1 1 1 1
06/08/2025 13:29:37 - INFO - utils_ner -   input_mask: 1 1 1 1 1 1 1 1 1 1 1 1 1 1 1 1 1 1 1 1 1 1 1 1 1 0 0 0 0 0 0 0 0 0 0 0 0 0 0 0 0 0 0 0 0 0 0 0 0 0 0 0 0 0 0 0 0 0 0 0 0 0 0 0 0 0 0 0 0 0 0 0 0 0 0 0 0 0 0 0 0 0 0 0 0 0 0 0 0 0 0 0 0 0 0 0 0 0 0 0 0 0 0 0 0 0 0 0 0 0 0 0 0 0 0 0 0 0 0 0 0 0 0 0 0 0 0 0 0 0 0 0 0 0 0 0 0 0 0 0 0 0 0 0 0 0 0 0 0 0 0 0 0 0 0 0 0 0 0 0 0 0 0 0
06/08/2025 13:29:37 - INFO - utils_ner -   segment_ids: 0 0 0 0 0 0 0 0 0 0 0 0 0 0 0 0 0 0 0 0 0 0 0 0 0 0 0 0 0 0 0 0 0 0 0 0 0 0 0 0 0 0 0 0 0 0 0 0 0 0 0 0 0 0 0 0 0 0 0 0 0 0 0 0 0 0 0 0 0 0 0 0 0 0 0 0 0 0 0 0 0 0 0 0 0 0 0 0 0 0 0 0 0 0 0 0 0 0 0 0 0 0 0 0 0 0 0 0 0 0 0 0 0 0 0 0 0 0 0 0 0 0 0 0 0 0 0 0 0 0 0 0 0 0 0 0 0 0 0 0 0 0 0 0 0 0 0 0 0 0 0 0 0 0 0 0 0 0 0 0 0 0 0 0
06/08/2025 13:29:37 - INFO - utils_ner -   label_ids: -100 0 -100 -100 0 -100 0 -100 0 1 -100 2 -100 2 2 -100 0 -100 -100 -100 -100 -100 0 -100 -100 -100 -100 -100 -100 -100 -100 -100 -100 -100 -100 -100 -100 -100 -100 -100 -100 -100 -100 -100 -100 -100 -100 -100 -100 -100 -100 -100 -100 -100 -100 -100 -100 -100 -100 -100 -100 -100 -100 -100 -100 -100 -100 -100 -100 -100 -100 -100 -100 -100 -100 -100 -100 -100 -100 -100 -100 -100 -100 -100 -100 -100 -100 -100 -100 -100 -100 -100 -100 -100 -100 -100 -100 -100 -100 -100 -100 -100 -100 -100 -100 -100 -100 -100 -100 -100 -100 -100 -100 -100 -100 -100 -100 -100 -100 -100 -100 -100 -100 -100 -100 -100 -100 -100 -100 -100 -100 -100 -100 -100 -100 -100 -100 -100 -100 -100 -100 -100 -100 -100 -100 -100 -100 -100 -100 -100 -100 -100 -100 -100 -100 -100 -100 -100 -100 -100 -100 -100 -100 -100
06/08/2025 13:29:37 - INFO - utils_ner -   *** Example ***
06/08/2025 13:29:37 - INFO - utils_ner -   guid: test-3
06/08/2025 13:29:37 - INFO - utils_ner -   tokens: <s> ▁E bi kwa to ▁e biri mu ▁za ▁m izay iro ▁maku mi ▁a tano ▁e by agu zir we ▁kuru ga ▁China ▁bi kaa kii rwa ▁en kumi ▁i biri ▁i kumi ▁na ▁muna na ▁ . </s>
06/08/2025 13:29:37 - INFO - utils_ner -   input_ids: 0 241 964 10521 188 28 35653 561 80 347 83571 8699 62332 266 10 35221 28 1272 26722 26679 1177 14178 208 9098 333 17227 7072 70627 22 87064 17 35653 17 87064 24 29279 76 6 5 2 1 1 1 1 1 1 1 1 1 1 1 1 1 1 1 1 1 1 1 1 1 1 1 1 1 1 1 1 1 1 1 1 1 1 1 1 1 1 1 1 1 1 1 1 1 1 1 1 1 1 1 1 1 1 1 1 1 1 1 1 1 1 1 1 1 1 1 1 1 1 1 1 1 1 1 1 1 1 1 1 1 1 1 1 1 1 1 1 1 1 1 1 1 1 1 1 1 1 1 1 1 1 1 1 1 1 1 1 1 1 1 1 1 1 1 1 1 1 1 1 1 1 1 1
06/08/2025 13:29:37 - INFO - utils_ner -   input_mask: 1 1 1 1 1 1 1 1 1 1 1 1 1 1 1 1 1 1 1 1 1 1 1 1 1 1 1 1 1 1 1 1 1 1 1 1 1 1 1 1 0 0 0 0 0 0 0 0 0 0 0 0 0 0 0 0 0 0 0 0 0 0 0 0 0 0 0 0 0 0 0 0 0 0 0 0 0 0 0 0 0 0 0 0 0 0 0 0 0 0 0 0 0 0 0 0 0 0 0 0 0 0 0 0 0 0 0 0 0 0 0 0 0 0 0 0 0 0 0 0 0 0 0 0 0 0 0 0 0 0 0 0 0 0 0 0 0 0 0 0 0 0 0 0 0 0 0 0 0 0 0 0 0 0 0 0 0 0 0 0 0 0 0 0
06/08/2025 13:29:37 - INFO - utils_ner -   segment_ids: 0 0 0 0 0 0 0 0 0 0 0 0 0 0 0 0 0 0 0 0 0 0 0 0 0 0 0 0 0 0 0 0 0 0 0 0 0 0 0 0 0 0 0 0 0 0 0 0 0 0 0 0 0 0 0 0 0 0 0 0 0 0 0 0 0 0 0 0 0 0 0 0 0 0 0 0 0 0 0 0 0 0 0 0 0 0 0 0 0 0 0 0 0 0 0 0 0 0 0 0 0 0 0 0 0 0 0 0 0 0 0 0 0 0 0 0 0 0 0 0 0 0 0 0 0 0 0 0 0 0 0 0 0 0 0 0 0 0 0 0 0 0 0 0 0 0 0 0 0 0 0 0 0 0 0 0 0 0 0 0 0 0 0 0
06/08/2025 13:29:37 - INFO - utils_ner -   label_ids: -100 0 -100 -100 -100 0 -100 -100 0 0 -100 -100 0 -100 0 -100 0 -100 -100 -100 -100 0 -100 7 0 -100 -100 -100 1 -100 2 -100 2 -100 2 2 -100 0 -100 -100 -100 -100 -100 -100 -100 -100 -100 -100 -100 -100 -100 -100 -100 -100 -100 -100 -100 -100 -100 -100 -100 -100 -100 -100 -100 -100 -100 -100 -100 -100 -100 -100 -100 -100 -100 -100 -100 -100 -100 -100 -100 -100 -100 -100 -100 -100 -100 -100 -100 -100 -100 -100 -100 -100 -100 -100 -100 -100 -100 -100 -100 -100 -100 -100 -100 -100 -100 -100 -100 -100 -100 -100 -100 -100 -100 -100 -100 -100 -100 -100 -100 -100 -100 -100 -100 -100 -100 -100 -100 -100 -100 -100 -100 -100 -100 -100 -100 -100 -100 -100 -100 -100 -100 -100 -100 -100 -100 -100 -100 -100 -100 -100 -100 -100 -100 -100 -100 -100 -100 -100 -100 -100 -100 -100
06/08/2025 13:29:37 - INFO - utils_ner -   *** Example ***
06/08/2025 13:29:37 - INFO - utils_ner -   guid: test-4
06/08/2025 13:29:37 - INFO - utils_ner -   tokens: <s> ▁Aku ruga ▁om u ▁is home ro ▁aine ▁em yaka ▁i kumi ▁na ▁muka aga ▁ . </s>
06/08/2025 13:29:37 - INFO - utils_ner -   input_ids: 0 8158 46892 171 34 83 29552 516 59482 352 122669 17 87064 24 14330 4729 6 5 2 1 1 1 1 1 1 1 1 1 1 1 1 1 1 1 1 1 1 1 1 1 1 1 1 1 1 1 1 1 1 1 1 1 1 1 1 1 1 1 1 1 1 1 1 1 1 1 1 1 1 1 1 1 1 1 1 1 1 1 1 1 1 1 1 1 1 1 1 1 1 1 1 1 1 1 1 1 1 1 1 1 1 1 1 1 1 1 1 1 1 1 1 1 1 1 1 1 1 1 1 1 1 1 1 1 1 1 1 1 1 1 1 1 1 1 1 1 1 1 1 1 1 1 1 1 1 1 1 1 1 1 1 1 1 1 1 1 1 1 1 1 1 1 1 1
06/08/2025 13:29:37 - INFO - utils_ner -   input_mask: 1 1 1 1 1 1 1 1 1 1 1 1 1 1 1 1 1 1 1 0 0 0 0 0 0 0 0 0 0 0 0 0 0 0 0 0 0 0 0 0 0 0 0 0 0 0 0 0 0 0 0 0 0 0 0 0 0 0 0 0 0 0 0 0 0 0 0 0 0 0 0 0 0 0 0 0 0 0 0 0 0 0 0 0 0 0 0 0 0 0 0 0 0 0 0 0 0 0 0 0 0 0 0 0 0 0 0 0 0 0 0 0 0 0 0 0 0 0 0 0 0 0 0 0 0 0 0 0 0 0 0 0 0 0 0 0 0 0 0 0 0 0 0 0 0 0 0 0 0 0 0 0 0 0 0 0 0 0 0 0 0 0 0 0
06/08/2025 13:29:37 - INFO - utils_ner -   segment_ids: 0 0 0 0 0 0 0 0 0 0 0 0 0 0 0 0 0 0 0 0 0 0 0 0 0 0 0 0 0 0 0 0 0 0 0 0 0 0 0 0 0 0 0 0 0 0 0 0 0 0 0 0 0 0 0 0 0 0 0 0 0 0 0 0 0 0 0 0 0 0 0 0 0 0 0 0 0 0 0 0 0 0 0 0 0 0 0 0 0 0 0 0 0 0 0 0 0 0 0 0 0 0 0 0 0 0 0 0 0 0 0 0 0 0 0 0 0 0 0 0 0 0 0 0 0 0 0 0 0 0 0 0 0 0 0 0 0 0 0 0 0 0 0 0 0 0 0 0 0 0 0 0 0 0 0 0 0 0 0 0 0 0 0 0
06/08/2025 13:29:37 - INFO - utils_ner -   label_ids: -100 0 -100 0 -100 0 -100 -100 0 1 -100 2 -100 2 2 -100 0 -100 -100 -100 -100 -100 -100 -100 -100 -100 -100 -100 -100 -100 -100 -100 -100 -100 -100 -100 -100 -100 -100 -100 -100 -100 -100 -100 -100 -100 -100 -100 -100 -100 -100 -100 -100 -100 -100 -100 -100 -100 -100 -100 -100 -100 -100 -100 -100 -100 -100 -100 -100 -100 -100 -100 -100 -100 -100 -100 -100 -100 -100 -100 -100 -100 -100 -100 -100 -100 -100 -100 -100 -100 -100 -100 -100 -100 -100 -100 -100 -100 -100 -100 -100 -100 -100 -100 -100 -100 -100 -100 -100 -100 -100 -100 -100 -100 -100 -100 -100 -100 -100 -100 -100 -100 -100 -100 -100 -100 -100 -100 -100 -100 -100 -100 -100 -100 -100 -100 -100 -100 -100 -100 -100 -100 -100 -100 -100 -100 -100 -100 -100 -100 -100 -100 -100 -100 -100 -100 -100 -100 -100 -100 -100 -100 -100 -100
06/08/2025 13:29:37 - INFO - utils_ner -   *** Example ***
06/08/2025 13:29:37 - INFO - utils_ner -   guid: test-5
06/08/2025 13:29:37 - INFO - utils_ner -   tokens: <s> ▁Ny om web az yo ▁ni b wo ▁ah iki ze ▁em yaka ▁i kumi ▁na ▁muna ana </s>
06/08/2025 13:29:37 - INFO - utils_ner -   input_ids: 0 2949 306 14051 1828 1410 300 275 3613 1263 5898 731 352 122669 17 87064 24 29279 1500 2 1 1 1 1 1 1 1 1 1 1 1 1 1 1 1 1 1 1 1 1 1 1 1 1 1 1 1 1 1 1 1 1 1 1 1 1 1 1 1 1 1 1 1 1 1 1 1 1 1 1 1 1 1 1 1 1 1 1 1 1 1 1 1 1 1 1 1 1 1 1 1 1 1 1 1 1 1 1 1 1 1 1 1 1 1 1 1 1 1 1 1 1 1 1 1 1 1 1 1 1 1 1 1 1 1 1 1 1 1 1 1 1 1 1 1 1 1 1 1 1 1 1 1 1 1 1 1 1 1 1 1 1 1 1 1 1 1 1 1 1 1 1 1 1
06/08/2025 13:29:37 - INFO - utils_ner -   input_mask: 1 1 1 1 1 1 1 1 1 1 1 1 1 1 1 1 1 1 1 1 0 0 0 0 0 0 0 0 0 0 0 0 0 0 0 0 0 0 0 0 0 0 0 0 0 0 0 0 0 0 0 0 0 0 0 0 0 0 0 0 0 0 0 0 0 0 0 0 0 0 0 0 0 0 0 0 0 0 0 0 0 0 0 0 0 0 0 0 0 0 0 0 0 0 0 0 0 0 0 0 0 0 0 0 0 0 0 0 0 0 0 0 0 0 0 0 0 0 0 0 0 0 0 0 0 0 0 0 0 0 0 0 0 0 0 0 0 0 0 0 0 0 0 0 0 0 0 0 0 0 0 0 0 0 0 0 0 0 0 0 0 0 0 0
06/08/2025 13:29:37 - INFO - utils_ner -   segment_ids: 0 0 0 0 0 0 0 0 0 0 0 0 0 0 0 0 0 0 0 0 0 0 0 0 0 0 0 0 0 0 0 0 0 0 0 0 0 0 0 0 0 0 0 0 0 0 0 0 0 0 0 0 0 0 0 0 0 0 0 0 0 0 0 0 0 0 0 0 0 0 0 0 0 0 0 0 0 0 0 0 0 0 0 0 0 0 0 0 0 0 0 0 0 0 0 0 0 0 0 0 0 0 0 0 0 0 0 0 0 0 0 0 0 0 0 0 0 0 0 0 0 0 0 0 0 0 0 0 0 0 0 0 0 0 0 0 0 0 0 0 0 0 0 0 0 0 0 0 0 0 0 0 0 0 0 0 0 0 0 0 0 0 0 0
06/08/2025 13:29:37 - INFO - utils_ner -   label_ids: -100 1 -100 -100 -100 -100 0 -100 -100 0 -100 -100 1 -100 2 -100 2 2 -100 -100 -100 -100 -100 -100 -100 -100 -100 -100 -100 -100 -100 -100 -100 -100 -100 -100 -100 -100 -100 -100 -100 -100 -100 -100 -100 -100 -100 -100 -100 -100 -100 -100 -100 -100 -100 -100 -100 -100 -100 -100 -100 -100 -100 -100 -100 -100 -100 -100 -100 -100 -100 -100 -100 -100 -100 -100 -100 -100 -100 -100 -100 -100 -100 -100 -100 -100 -100 -100 -100 -100 -100 -100 -100 -100 -100 -100 -100 -100 -100 -100 -100 -100 -100 -100 -100 -100 -100 -100 -100 -100 -100 -100 -100 -100 -100 -100 -100 -100 -100 -100 -100 -100 -100 -100 -100 -100 -100 -100 -100 -100 -100 -100 -100 -100 -100 -100 -100 -100 -100 -100 -100 -100 -100 -100 -100 -100 -100 -100 -100 -100 -100 -100 -100 -100 -100 -100 -100 -100 -100 -100 -100 -100 -100 -100
06/08/2025 13:29:38 - INFO - __main__ -   Saving features into cached file data/ZeroShotTransfer/fon_COMBINED/cached_test_xlm-roberta-base_164
06/08/2025 13:29:38 - INFO - __main__ -   ***** Running evaluation  *****
06/08/2025 13:29:38 - INFO - __main__ -     Num examples = 7508
06/08/2025 13:29:38 - INFO - __main__ -     Batch size = 8
Evaluating: 100%|█████████████████████████████████████████████████████████████████████████████████████████████████████████████████████████| 939/939 [00:09<00:00, 97.68it/s]
06/08/2025 13:29:49 - INFO - __main__ -   ***** Eval results  *****
06/08/2025 13:29:49 - INFO - __main__ -     f1 = 0.2042345276872964
06/08/2025 13:29:49 - INFO - __main__ -     loss = 0.5042202980064165
06/08/2025 13:29:49 - INFO - __main__ -     precision = 0.13306451612903225
06/08/2025 13:29:49 - INFO - __main__ -     recall = 0.43907563025210083
06/08/2025 13:29:49 - INFO - __main__ -     report =               precision    recall  f1-score   support

        DATE       0.00      0.00      0.00       437
         LOC       0.58      0.71      0.64       715
         ORG       0.54      0.31      0.39       162
         PER       0.02      0.63      0.04       114

   micro avg       0.13      0.44      0.20      1428
   macro avg       0.29      0.41      0.27      1428
weighted avg       0.35      0.44      0.37      1428
