06/09/2025 18:30:07 - INFO - __main__ -   ***** Running evaluation  *****
06/09/2025 18:30:07 - INFO - __main__ -     Num examples = 6235
06/09/2025 18:30:07 - INFO - __main__ -     Batch size = 8
Evaluating: 100%|██████████████████████████████████████████████████████████████████████████████████████████████████████████████████████████████████████████| 780/780 [00:07<00:00, 102.74it/s]
06/09/2025 18:30:15 - INFO - __main__ -   ***** Eval results  *****
06/09/2025 18:30:15 - INFO - __main__ -     f1 = 0.8191214470284238
06/09/2025 18:30:15 - INFO - __main__ -     loss = 0.05818432971401564
06/09/2025 18:30:15 - INFO - __main__ -     precision = 0.8045685279187818
06/09/2025 18:30:15 - INFO - __main__ -     recall = 0.8342105263157895
06/09/2025 18:30:15 - INFO - __main__ -     report =               precision    recall  f1-score   support

        DATE       0.74      0.81      0.77       328
         LOC       0.87      0.89      0.88       588
         ORG       0.66      0.65      0.66       138
         PER       0.82      0.87      0.85        86

   micro avg       0.80      0.83      0.82      1140
   macro avg       0.77      0.80      0.79      1140
weighted avg       0.81      0.83      0.82      1140

06/09/2025 18:30:16 - INFO - __main__ -   Loading features from cached file data/CrossLingualCombined/hau_SALT/cached_test_xlm-roberta-base_164
06/09/2025 18:30:16 - INFO - __main__ -   ***** Running evaluation  *****
06/09/2025 18:30:16 - INFO - __main__ -     Num examples = 6239
06/09/2025 18:30:16 - INFO - __main__ -     Batch size = 8
Evaluating: 100%|██████████████████████████████████████████████████████████████████████████████████████████████████████████████████████████████████████████| 780/780 [00:07<00:00, 103.55it/s]
06/09/2025 18:30:24 - INFO - __main__ -   ***** Eval results  *****
06/09/2025 18:30:24 - INFO - __main__ -     f1 = 0.8280412371134022
06/09/2025 18:30:24 - INFO - __main__ -     loss = 0.0609152763232277
06/09/2025 18:30:24 - INFO - __main__ -     precision = 0.8222768222768223
06/09/2025 18:30:24 - INFO - __main__ -     recall = 0.8338870431893688
06/09/2025 18:30:24 - INFO - __main__ -     report =               precision    recall  f1-score   support

        DATE       0.76      0.78      0.77       333
         LOC       0.87      0.89      0.88       621
         ORG       0.72      0.74      0.73       137
         PER       0.87      0.80      0.83       113

   micro avg       0.82      0.83      0.83      1204
   macro avg       0.81      0.80      0.80      1204
weighted avg       0.82      0.83      0.83      1204
