prosper@badkamer:/scratch/prosper/runyankoreNER$ CUDA_VISIBLE_DEVICES=$CUDA_VISIBLE_DEVICES python3 code/train_ner.py \
    --data_dir data/cross-lingual-transfer-experiments/runyankore_salt_dataset/twi_rnk/ \
    --model_type xlmroberta \
    --model_name_or_path $BERT_MODEL \
    --output_dir $OUTPUT_DIR \
    --max_seq_length $MAX_LENGTH \
    --num_train_epochs $NUM_EPOCHS \
    --per_gpu_train_batch_size $BATCH_SIZE \
    --save_steps $SAVE_STEPS \
    --seed $SEED \
    --do_train \
    --do_eval \
    --do_predict
Some weights of XLMRobertaForTokenClassification were not initialized from the model checkpoint at xlm-roberta-base and are newly initialized: ['classifier.bias', 'classifier.weight']
You should probably TRAIN this model on a down-stream task to be able to use it for predictions and inference.
04/05/2025 18:36:08 - INFO - __main__ -   Training/evaluation parameters Namespace(data_dir='data/cross-lingual-transfer-experiments/runyankore_salt_dataset/twi_rnk/', model_type='xlmroberta', model_name_or_path='xlm-roberta-base', input_dir=None, output_dir='models/runyankore_xlmr', test_result_file='test_results.txt', test_prediction_file='test_predictions.txt', labels='', config_name='', tokenizer_name='', cache_dir='', max_seq_length=164, do_train=True, do_finetune=False, do_eval=True, do_predict=True, evaluate_during_training=False, do_lower_case=False, per_gpu_train_batch_size=32, per_gpu_eval_batch_size=8, gradient_accumulation_steps=1, learning_rate=5e-05, weight_decay=0.0, adam_epsilon=1e-08, max_grad_norm=1.0, num_train_epochs=10.0, max_steps=-1, warmup_steps=0, logging_steps=500, save_steps=5000, eval_all_checkpoints=False, no_cuda=False, overwrite_output_dir=False, overwrite_cache=False, seed=1, local_rank=-1, server_ip='', server_port='', n_gpu=1, device=device(type='cuda'))
04/05/2025 18:36:08 - INFO - __main__ -   Creating features from dataset file at data/cross-lingual-transfer-experiments/runyankore_salt_dataset/twi_rnk/
04/05/2025 18:36:08 - INFO - utils_ner -   Writing example 0 of 18526
04/05/2025 18:36:08 - INFO - utils_ner -   *** Example ***
04/05/2025 18:36:08 - INFO - utils_ner -   guid: train-1
04/05/2025 18:36:08 - INFO - utils_ner -   tokens: <s> ▁Ei hanga ▁ry a ▁Ru rash a ▁ni ry o ▁ry a kiri ze yo ▁om u ▁ku gu za ▁e by ama guzi ▁om uri ▁A fi rika ▁a haga ti ▁y ' en kumi ▁i biri ▁i kumi ▁na ▁mush anju ▁n ' en kumi ▁i biri ▁i kumi ▁na ▁ish atu ▁ . </s>
04/05/2025 18:36:08 - INFO - utils_ner -   input_ids: 0 4565 58146 5535 11 4518 41535 11 300 1294 31 5535 11 27531 731 1410 171 34 228 1234 596 28 1272 2887 79255 171 1162 62 1029 14265 10 94562 118 113 25 33 87064 17 35653 17 87064 24 79755 73604 653 25 33 87064 17 35653 17 87064 24 12277 7945 6 5 2 1 1 1 1 1 1 1 1 1 1 1 1 1 1 1 1 1 1 1 1 1 1 1 1 1 1 1 1 1 1 1 1 1 1 1 1 1 1 1 1 1 1 1 1 1 1 1 1 1 1 1 1 1 1 1 1 1 1 1 1 1 1 1 1 1 1 1 1 1 1 1 1 1 1 1 1 1 1 1 1 1 1 1 1 1 1 1 1 1 1 1 1 1 1 1 1 1 1 1 1 1 1 1 1 1 1
04/05/2025 18:36:08 - INFO - utils_ner -   input_mask: 1 1 1 1 1 1 1 1 1 1 1 1 1 1 1 1 1 1 1 1 1 1 1 1 1 1 1 1 1 1 1 1 1 1 1 1 1 1 1 1 1 1 1 1 1 1 1 1 1 1 1 1 1 1 1 1 1 1 0 0 0 0 0 0 0 0 0 0 0 0 0 0 0 0 0 0 0 0 0 0 0 0 0 0 0 0 0 0 0 0 0 0 0 0 0 0 0 0 0 0 0 0 0 0 0 0 0 0 0 0 0 0 0 0 0 0 0 0 0 0 0 0 0 0 0 0 0 0 0 0 0 0 0 0 0 0 0 0 0 0 0 0 0 0 0 0 0 0 0 0 0 0 0 0 0 0 0 0 0 0 0 0 0 0
04/05/2025 18:36:08 - INFO - utils_ner -   segment_ids: 0 0 0 0 0 0 0 0 0 0 0 0 0 0 0 0 0 0 0 0 0 0 0 0 0 0 0 0 0 0 0 0 0 0 0 0 0 0 0 0 0 0 0 0 0 0 0 0 0 0 0 0 0 0 0 0 0 0 0 0 0 0 0 0 0 0 0 0 0 0 0 0 0 0 0 0 0 0 0 0 0 0 0 0 0 0 0 0 0 0 0 0 0 0 0 0 0 0 0 0 0 0 0 0 0 0 0 0 0 0 0 0 0 0 0 0 0 0 0 0 0 0 0 0 0 0 0 0 0 0 0 0 0 0 0 0 0 0 0 0 0 0 0 0 0 0 0 0 0 0 0 0 0 0 0 0 0 0 0 0 0 0 0 0
04/05/2025 18:36:08 - INFO - utils_ner -   label_ids: -100 0 -100 0 -100 7 -100 -100 0 -100 -100 0 -100 -100 -100 -100 0 -100 0 -100 -100 0 -100 -100 -100 0 -100 7 -100 -100 0 -100 -100 1 -100 -100 -100 2 -100 2 -100 2 2 -100 2 -100 -100 -100 2 -100 2 -100 2 2 -100 0 -100 -100 -100 -100 -100 -100 -100 -100 -100 -100 -100 -100 -100 -100 -100 -100 -100 -100 -100 -100 -100 -100 -100 -100 -100 -100 -100 -100 -100 -100 -100 -100 -100 -100 -100 -100 -100 -100 -100 -100 -100 -100 -100 -100 -100 -100 -100 -100 -100 -100 -100 -100 -100 -100 -100 -100 -100 -100 -100 -100 -100 -100 -100 -100 -100 -100 -100 -100 -100 -100 -100 -100 -100 -100 -100 -100 -100 -100 -100 -100 -100 -100 -100 -100 -100 -100 -100 -100 -100 -100 -100 -100 -100 -100 -100 -100 -100 -100 -100 -100 -100 -100 -100 -100 -100 -100 -100 -100
04/05/2025 18:36:08 - INFO - utils_ner -   *** Example ***
04/05/2025 18:36:08 - INFO - utils_ner -   guid: train-2
04/05/2025 18:36:08 - INFO - utils_ner -   tokens: <s> ▁Om ush wij a ▁gw ' en siri ▁gu ka ba ▁ guri ▁mw ingi ▁ , ▁om wa ka ▁og u hwe ire ▁ . </s>
04/05/2025 18:36:08 - INFO - utils_ner -   input_ids: 0 2383 33768 32674 11 13303 25 33 83468 2497 161 402 6 69140 43879 22242 6 4 171 634 161 60 34 67116 2149 6 5 2 1 1 1 1 1 1 1 1 1 1 1 1 1 1 1 1 1 1 1 1 1 1 1 1 1 1 1 1 1 1 1 1 1 1 1 1 1 1 1 1 1 1 1 1 1 1 1 1 1 1 1 1 1 1 1 1 1 1 1 1 1 1 1 1 1 1 1 1 1 1 1 1 1 1 1 1 1 1 1 1 1 1 1 1 1 1 1 1 1 1 1 1 1 1 1 1 1 1 1 1 1 1 1 1 1 1 1 1 1 1 1 1 1 1 1 1 1 1 1 1 1 1 1 1 1 1 1 1 1 1 1 1 1 1 1 1
04/05/2025 18:36:08 - INFO - utils_ner -   input_mask: 1 1 1 1 1 1 1 1 1 1 1 1 1 1 1 1 1 1 1 1 1 1 1 1 1 1 1 1 0 0 0 0 0 0 0 0 0 0 0 0 0 0 0 0 0 0 0 0 0 0 0 0 0 0 0 0 0 0 0 0 0 0 0 0 0 0 0 0 0 0 0 0 0 0 0 0 0 0 0 0 0 0 0 0 0 0 0 0 0 0 0 0 0 0 0 0 0 0 0 0 0 0 0 0 0 0 0 0 0 0 0 0 0 0 0 0 0 0 0 0 0 0 0 0 0 0 0 0 0 0 0 0 0 0 0 0 0 0 0 0 0 0 0 0 0 0 0 0 0 0 0 0 0 0 0 0 0 0 0 0 0 0 0 0
04/05/2025 18:36:08 - INFO - utils_ner -   segment_ids: 0 0 0 0 0 0 0 0 0 0 0 0 0 0 0 0 0 0 0 0 0 0 0 0 0 0 0 0 0 0 0 0 0 0 0 0 0 0 0 0 0 0 0 0 0 0 0 0 0 0 0 0 0 0 0 0 0 0 0 0 0 0 0 0 0 0 0 0 0 0 0 0 0 0 0 0 0 0 0 0 0 0 0 0 0 0 0 0 0 0 0 0 0 0 0 0 0 0 0 0 0 0 0 0 0 0 0 0 0 0 0 0 0 0 0 0 0 0 0 0 0 0 0 0 0 0 0 0 0 0 0 0 0 0 0 0 0 0 0 0 0 0 0 0 0 0 0 0 0 0 0 0 0 0 0 0 0 0 0 0 0 0 0 0
04/05/2025 18:36:08 - INFO - utils_ner -   label_ids: -100 0 -100 -100 -100 0 -100 -100 -100 0 -100 -100 0 -100 0 -100 0 -100 1 -100 -100 2 -100 -100 -100 0 -100 -100 -100 -100 -100 -100 -100 -100 -100 -100 -100 -100 -100 -100 -100 -100 -100 -100 -100 -100 -100 -100 -100 -100 -100 -100 -100 -100 -100 -100 -100 -100 -100 -100 -100 -100 -100 -100 -100 -100 -100 -100 -100 -100 -100 -100 -100 -100 -100 -100 -100 -100 -100 -100 -100 -100 -100 -100 -100 -100 -100 -100 -100 -100 -100 -100 -100 -100 -100 -100 -100 -100 -100 -100 -100 -100 -100 -100 -100 -100 -100 -100 -100 -100 -100 -100 -100 -100 -100 -100 -100 -100 -100 -100 -100 -100 -100 -100 -100 -100 -100 -100 -100 -100 -100 -100 -100 -100 -100 -100 -100 -100 -100 -100 -100 -100 -100 -100 -100 -100 -100 -100 -100 -100 -100 -100 -100 -100 -100 -100 -100 -100 -100 -100 -100 -100 -100 -100
04/05/2025 18:36:08 - INFO - utils_ner -   *** Example ***
04/05/2025 18:36:08 - INFO - utils_ner -   guid: train-3
04/05/2025 18:36:08 - INFO - utils_ner -   tokens: <s> ▁Oku jag uza ▁em yaka ▁maku mi ▁a biri ▁kiri ▁a ha ▁kar enda ▁ . </s>
04/05/2025 18:36:08 - INFO - utils_ner -   input_ids: 0 81370 100462 23332 352 122669 62332 266 10 35653 30420 10 528 1185 7074 6 5 2 1 1 1 1 1 1 1 1 1 1 1 1 1 1 1 1 1 1 1 1 1 1 1 1 1 1 1 1 1 1 1 1 1 1 1 1 1 1 1 1 1 1 1 1 1 1 1 1 1 1 1 1 1 1 1 1 1 1 1 1 1 1 1 1 1 1 1 1 1 1 1 1 1 1 1 1 1 1 1 1 1 1 1 1 1 1 1 1 1 1 1 1 1 1 1 1 1 1 1 1 1 1 1 1 1 1 1 1 1 1 1 1 1 1 1 1 1 1 1 1 1 1 1 1 1 1 1 1 1 1 1 1 1 1 1 1 1 1 1 1 1 1 1 1 1 1
04/05/2025 18:36:08 - INFO - utils_ner -   input_mask: 1 1 1 1 1 1 1 1 1 1 1 1 1 1 1 1 1 1 0 0 0 0 0 0 0 0 0 0 0 0 0 0 0 0 0 0 0 0 0 0 0 0 0 0 0 0 0 0 0 0 0 0 0 0 0 0 0 0 0 0 0 0 0 0 0 0 0 0 0 0 0 0 0 0 0 0 0 0 0 0 0 0 0 0 0 0 0 0 0 0 0 0 0 0 0 0 0 0 0 0 0 0 0 0 0 0 0 0 0 0 0 0 0 0 0 0 0 0 0 0 0 0 0 0 0 0 0 0 0 0 0 0 0 0 0 0 0 0 0 0 0 0 0 0 0 0 0 0 0 0 0 0 0 0 0 0 0 0 0 0 0 0 0 0
04/05/2025 18:36:08 - INFO - utils_ner -   segment_ids: 0 0 0 0 0 0 0 0 0 0 0 0 0 0 0 0 0 0 0 0 0 0 0 0 0 0 0 0 0 0 0 0 0 0 0 0 0 0 0 0 0 0 0 0 0 0 0 0 0 0 0 0 0 0 0 0 0 0 0 0 0 0 0 0 0 0 0 0 0 0 0 0 0 0 0 0 0 0 0 0 0 0 0 0 0 0 0 0 0 0 0 0 0 0 0 0 0 0 0 0 0 0 0 0 0 0 0 0 0 0 0 0 0 0 0 0 0 0 0 0 0 0 0 0 0 0 0 0 0 0 0 0 0 0 0 0 0 0 0 0 0 0 0 0 0 0 0 0 0 0 0 0 0 0 0 0 0 0 0 0 0 0 0 0
04/05/2025 18:36:08 - INFO - utils_ner -   label_ids: -100 0 -100 -100 1 -100 2 -100 2 -100 0 0 -100 0 -100 0 -100 -100 -100 -100 -100 -100 -100 -100 -100 -100 -100 -100 -100 -100 -100 -100 -100 -100 -100 -100 -100 -100 -100 -100 -100 -100 -100 -100 -100 -100 -100 -100 -100 -100 -100 -100 -100 -100 -100 -100 -100 -100 -100 -100 -100 -100 -100 -100 -100 -100 -100 -100 -100 -100 -100 -100 -100 -100 -100 -100 -100 -100 -100 -100 -100 -100 -100 -100 -100 -100 -100 -100 -100 -100 -100 -100 -100 -100 -100 -100 -100 -100 -100 -100 -100 -100 -100 -100 -100 -100 -100 -100 -100 -100 -100 -100 -100 -100 -100 -100 -100 -100 -100 -100 -100 -100 -100 -100 -100 -100 -100 -100 -100 -100 -100 -100 -100 -100 -100 -100 -100 -100 -100 -100 -100 -100 -100 -100 -100 -100 -100 -100 -100 -100 -100 -100 -100 -100 -100 -100 -100 -100 -100 -100 -100 -100 -100 -100
04/05/2025 18:36:08 - INFO - utils_ner -   *** Example ***
04/05/2025 18:36:08 - INFO - utils_ner -   guid: train-4
04/05/2025 18:36:08 - INFO - utils_ner -   tokens: <s> ▁A keer eka ▁oku ▁e ki tong ore ▁kya tung u uki re ▁om u ▁my aka ▁i kumi ▁e hing wir e ▁ . </s>
04/05/2025 18:36:08 - INFO - utils_ner -   input_ids: 0 62 49776 26228 14770 28 301 18176 4524 30427 8587 34 38662 107 171 34 759 9227 17 87064 28 33059 17084 13 6 5 2 1 1 1 1 1 1 1 1 1 1 1 1 1 1 1 1 1 1 1 1 1 1 1 1 1 1 1 1 1 1 1 1 1 1 1 1 1 1 1 1 1 1 1 1 1 1 1 1 1 1 1 1 1 1 1 1 1 1 1 1 1 1 1 1 1 1 1 1 1 1 1 1 1 1 1 1 1 1 1 1 1 1 1 1 1 1 1 1 1 1 1 1 1 1 1 1 1 1 1 1 1 1 1 1 1 1 1 1 1 1 1 1 1 1 1 1 1 1 1 1 1 1 1 1 1 1 1 1 1 1 1 1 1 1 1 1 1
04/05/2025 18:36:08 - INFO - utils_ner -   input_mask: 1 1 1 1 1 1 1 1 1 1 1 1 1 1 1 1 1 1 1 1 1 1 1 1 1 1 1 0 0 0 0 0 0 0 0 0 0 0 0 0 0 0 0 0 0 0 0 0 0 0 0 0 0 0 0 0 0 0 0 0 0 0 0 0 0 0 0 0 0 0 0 0 0 0 0 0 0 0 0 0 0 0 0 0 0 0 0 0 0 0 0 0 0 0 0 0 0 0 0 0 0 0 0 0 0 0 0 0 0 0 0 0 0 0 0 0 0 0 0 0 0 0 0 0 0 0 0 0 0 0 0 0 0 0 0 0 0 0 0 0 0 0 0 0 0 0 0 0 0 0 0 0 0 0 0 0 0 0 0 0 0 0 0 0
04/05/2025 18:36:08 - INFO - utils_ner -   segment_ids: 0 0 0 0 0 0 0 0 0 0 0 0 0 0 0 0 0 0 0 0 0 0 0 0 0 0 0 0 0 0 0 0 0 0 0 0 0 0 0 0 0 0 0 0 0 0 0 0 0 0 0 0 0 0 0 0 0 0 0 0 0 0 0 0 0 0 0 0 0 0 0 0 0 0 0 0 0 0 0 0 0 0 0 0 0 0 0 0 0 0 0 0 0 0 0 0 0 0 0 0 0 0 0 0 0 0 0 0 0 0 0 0 0 0 0 0 0 0 0 0 0 0 0 0 0 0 0 0 0 0 0 0 0 0 0 0 0 0 0 0 0 0 0 0 0 0 0 0 0 0 0 0 0 0 0 0 0 0 0 0 0 0 0 0
04/05/2025 18:36:08 - INFO - utils_ner -   label_ids: -100 0 -100 -100 0 0 -100 -100 -100 0 -100 -100 -100 -100 0 -100 1 -100 2 -100 2 -100 -100 -100 0 -100 -100 -100 -100 -100 -100 -100 -100 -100 -100 -100 -100 -100 -100 -100 -100 -100 -100 -100 -100 -100 -100 -100 -100 -100 -100 -100 -100 -100 -100 -100 -100 -100 -100 -100 -100 -100 -100 -100 -100 -100 -100 -100 -100 -100 -100 -100 -100 -100 -100 -100 -100 -100 -100 -100 -100 -100 -100 -100 -100 -100 -100 -100 -100 -100 -100 -100 -100 -100 -100 -100 -100 -100 -100 -100 -100 -100 -100 -100 -100 -100 -100 -100 -100 -100 -100 -100 -100 -100 -100 -100 -100 -100 -100 -100 -100 -100 -100 -100 -100 -100 -100 -100 -100 -100 -100 -100 -100 -100 -100 -100 -100 -100 -100 -100 -100 -100 -100 -100 -100 -100 -100 -100 -100 -100 -100 -100 -100 -100 -100 -100 -100 -100 -100 -100 -100 -100 -100 -100
04/05/2025 18:36:08 - INFO - utils_ner -   *** Example ***
04/05/2025 18:36:08 - INFO - utils_ner -   guid: train-5
04/05/2025 18:36:08 - INFO - utils_ner -   tokens: <s> ▁E bi hem bo ▁by a ▁vidi iyo ▁y ' e by es hong oro ▁by ' om wa ka ▁og u ▁by ' og ye zib we yo ▁ . </s>
04/05/2025 18:36:08 - INFO - utils_ner -   input_ids: 0 241 964 7701 837 390 11 16631 10734 113 25 13 1272 90 30434 12393 390 25 306 634 161 60 34 390 25 1663 1033 120818 1177 1410 6 5 2 1 1 1 1 1 1 1 1 1 1 1 1 1 1 1 1 1 1 1 1 1 1 1 1 1 1 1 1 1 1 1 1 1 1 1 1 1 1 1 1 1 1 1 1 1 1 1 1 1 1 1 1 1 1 1 1 1 1 1 1 1 1 1 1 1 1 1 1 1 1 1 1 1 1 1 1 1 1 1 1 1 1 1 1 1 1 1 1 1 1 1 1 1 1 1 1 1 1 1 1 1 1 1 1 1 1 1 1 1 1 1 1 1 1 1 1 1 1 1 1 1 1 1 1 1 1 1 1 1 1 1
04/05/2025 18:36:08 - INFO - utils_ner -   input_mask: 1 1 1 1 1 1 1 1 1 1 1 1 1 1 1 1 1 1 1 1 1 1 1 1 1 1 1 1 1 1 1 1 1 0 0 0 0 0 0 0 0 0 0 0 0 0 0 0 0 0 0 0 0 0 0 0 0 0 0 0 0 0 0 0 0 0 0 0 0 0 0 0 0 0 0 0 0 0 0 0 0 0 0 0 0 0 0 0 0 0 0 0 0 0 0 0 0 0 0 0 0 0 0 0 0 0 0 0 0 0 0 0 0 0 0 0 0 0 0 0 0 0 0 0 0 0 0 0 0 0 0 0 0 0 0 0 0 0 0 0 0 0 0 0 0 0 0 0 0 0 0 0 0 0 0 0 0 0 0 0 0 0 0 0
04/05/2025 18:36:08 - INFO - utils_ner -   segment_ids: 0 0 0 0 0 0 0 0 0 0 0 0 0 0 0 0 0 0 0 0 0 0 0 0 0 0 0 0 0 0 0 0 0 0 0 0 0 0 0 0 0 0 0 0 0 0 0 0 0 0 0 0 0 0 0 0 0 0 0 0 0 0 0 0 0 0 0 0 0 0 0 0 0 0 0 0 0 0 0 0 0 0 0 0 0 0 0 0 0 0 0 0 0 0 0 0 0 0 0 0 0 0 0 0 0 0 0 0 0 0 0 0 0 0 0 0 0 0 0 0 0 0 0 0 0 0 0 0 0 0 0 0 0 0 0 0 0 0 0 0 0 0 0 0 0 0 0 0 0 0 0 0 0 0 0 0 0 0 0 0 0 0 0 0
04/05/2025 18:36:08 - INFO - utils_ner -   label_ids: -100 0 -100 -100 -100 0 -100 0 -100 0 -100 -100 -100 -100 -100 -100 1 -100 -100 -100 -100 2 -100 0 -100 -100 -100 -100 -100 -100 0 -100 -100 -100 -100 -100 -100 -100 -100 -100 -100 -100 -100 -100 -100 -100 -100 -100 -100 -100 -100 -100 -100 -100 -100 -100 -100 -100 -100 -100 -100 -100 -100 -100 -100 -100 -100 -100 -100 -100 -100 -100 -100 -100 -100 -100 -100 -100 -100 -100 -100 -100 -100 -100 -100 -100 -100 -100 -100 -100 -100 -100 -100 -100 -100 -100 -100 -100 -100 -100 -100 -100 -100 -100 -100 -100 -100 -100 -100 -100 -100 -100 -100 -100 -100 -100 -100 -100 -100 -100 -100 -100 -100 -100 -100 -100 -100 -100 -100 -100 -100 -100 -100 -100 -100 -100 -100 -100 -100 -100 -100 -100 -100 -100 -100 -100 -100 -100 -100 -100 -100 -100 -100 -100 -100 -100 -100 -100 -100 -100 -100 -100 -100 -100
04/05/2025 18:36:09 - INFO - utils_ner -   Writing example 10000 of 18526
04/05/2025 18:36:11 - INFO - __main__ -   Saving features into cached file data/cross-lingual-transfer-experiments/runyankore_salt_dataset/twi_rnk/cached_train_xlm-roberta-base_164
/scratch/prosper/python-packages/transformers/optimization.py:591: FutureWarning: This implementation of AdamW is deprecated and will be removed in a future version. Use the PyTorch implementation torch.optim.AdamW instead, or set `no_deprecation_warning=True` to disable this warning
  warnings.warn(
04/05/2025 18:36:13 - INFO - __main__ -   ***** Running training *****
04/05/2025 18:36:13 - INFO - __main__ -     Num examples = 18526
04/05/2025 18:36:13 - INFO - __main__ -     Num Epochs = 10
04/05/2025 18:36:13 - INFO - __main__ -     Instantaneous batch size per GPU = 32
04/05/2025 18:36:13 - INFO - __main__ -     Total train batch size (w. parallel, distributed & accumulation) = 32
04/05/2025 18:36:13 - INFO - __main__ -     Gradient Accumulation steps = 1
04/05/2025 18:36:13 - INFO - __main__ -     Total optimization steps = 5790
Epoch:   0%|                                                                                                                                                           | 0/10 [00:00<?, ?it/s/scratch/prosper/python-packages/torch/optim/lr_scheduler.py:227: UserWarning: Detected call of `lr_scheduler.step()` before `optimizer.step()`. In PyTorch 1.1.0 and later, you should call them in the opposite order: `optimizer.step()` before `lr_scheduler.step()`.  Failure to do this will result in PyTorch skipping the first value of the learning rate schedule. See more details at https://pytorch.org/docs/stable/optim.html#how-to-adjust-learning-rate
  warnings.warn(
Iteration: 100%|████████████████████████████████████████████████████████████████████████████████████████████████████████████████████████████████████████████| 579/579 [01:00<00:00,  9.62it/s]
04/05/2025 18:37:13 - INFO - __main__ -   Creating features from dataset file at data/cross-lingual-transfer-experiments/runyankore_salt_dataset/twi_rnk/███| 579/579 [01:00<00:00,  9.63it/s]
04/05/2025 18:37:13 - INFO - utils_ner -   Writing example 0 of 6235
04/05/2025 18:37:13 - INFO - utils_ner -   *** Example ***
04/05/2025 18:37:13 - INFO - utils_ner -   guid: dev-1
04/05/2025 18:37:13 - INFO - utils_ner -   tokens: <s> ▁Eis home ro ▁ry a handi ika ▁ripoti ▁ye ▁er izo oba ▁ . </s>
04/05/2025 18:37:13 - INFO - utils_ner -   input_ids: 0 104331 29552 516 5535 11 146625 2959 187326 2422 72 33602 16159 6 5 2 1 1 1 1 1 1 1 1 1 1 1 1 1 1 1 1 1 1 1 1 1 1 1 1 1 1 1 1 1 1 1 1 1 1 1 1 1 1 1 1 1 1 1 1 1 1 1 1 1 1 1 1 1 1 1 1 1 1 1 1 1 1 1 1 1 1 1 1 1 1 1 1 1 1 1 1 1 1 1 1 1 1 1 1 1 1 1 1 1 1 1 1 1 1 1 1 1 1 1 1 1 1 1 1 1 1 1 1 1 1 1 1 1 1 1 1 1 1 1 1 1 1 1 1 1 1 1 1 1 1 1 1 1 1 1 1 1 1 1 1 1 1 1 1 1 1 1 1
04/05/2025 18:37:13 - INFO - utils_ner -   input_mask: 1 1 1 1 1 1 1 1 1 1 1 1 1 1 1 1 0 0 0 0 0 0 0 0 0 0 0 0 0 0 0 0 0 0 0 0 0 0 0 0 0 0 0 0 0 0 0 0 0 0 0 0 0 0 0 0 0 0 0 0 0 0 0 0 0 0 0 0 0 0 0 0 0 0 0 0 0 0 0 0 0 0 0 0 0 0 0 0 0 0 0 0 0 0 0 0 0 0 0 0 0 0 0 0 0 0 0 0 0 0 0 0 0 0 0 0 0 0 0 0 0 0 0 0 0 0 0 0 0 0 0 0 0 0 0 0 0 0 0 0 0 0 0 0 0 0 0 0 0 0 0 0 0 0 0 0 0 0 0 0 0 0 0 0
04/05/2025 18:37:13 - INFO - utils_ner -   segment_ids: 0 0 0 0 0 0 0 0 0 0 0 0 0 0 0 0 0 0 0 0 0 0 0 0 0 0 0 0 0 0 0 0 0 0 0 0 0 0 0 0 0 0 0 0 0 0 0 0 0 0 0 0 0 0 0 0 0 0 0 0 0 0 0 0 0 0 0 0 0 0 0 0 0 0 0 0 0 0 0 0 0 0 0 0 0 0 0 0 0 0 0 0 0 0 0 0 0 0 0 0 0 0 0 0 0 0 0 0 0 0 0 0 0 0 0 0 0 0 0 0 0 0 0 0 0 0 0 0 0 0 0 0 0 0 0 0 0 0 0 0 0 0 0 0 0 0 0 0 0 0 0 0 0 0 0 0 0 0 0 0 0 0 0 0
04/05/2025 18:37:13 - INFO - utils_ner -   label_ids: -100 0 -100 -100 0 -100 -100 -100 0 0 1 -100 -100 0 -100 -100 -100 -100 -100 -100 -100 -100 -100 -100 -100 -100 -100 -100 -100 -100 -100 -100 -100 -100 -100 -100 -100 -100 -100 -100 -100 -100 -100 -100 -100 -100 -100 -100 -100 -100 -100 -100 -100 -100 -100 -100 -100 -100 -100 -100 -100 -100 -100 -100 -100 -100 -100 -100 -100 -100 -100 -100 -100 -100 -100 -100 -100 -100 -100 -100 -100 -100 -100 -100 -100 -100 -100 -100 -100 -100 -100 -100 -100 -100 -100 -100 -100 -100 -100 -100 -100 -100 -100 -100 -100 -100 -100 -100 -100 -100 -100 -100 -100 -100 -100 -100 -100 -100 -100 -100 -100 -100 -100 -100 -100 -100 -100 -100 -100 -100 -100 -100 -100 -100 -100 -100 -100 -100 -100 -100 -100 -100 -100 -100 -100 -100 -100 -100 -100 -100 -100 -100 -100 -100 -100 -100 -100 -100 -100 -100 -100 -100 -100 -100
04/05/2025 18:37:13 - INFO - utils_ner -   *** Example ***
04/05/2025 18:37:13 - INFO - utils_ner -   guid: dev-2
04/05/2025 18:37:13 - INFO - utils_ner -   tokens: <s> ▁A kasi ngwa ▁om u ▁karu uru ▁om wa ka ▁og uh wa ire ▁ . </s>
04/05/2025 18:37:13 - INFO - utils_ner -   input_ids: 0 62 58801 95560 171 34 102377 12894 171 634 161 60 5951 634 2149 6 5 2 1 1 1 1 1 1 1 1 1 1 1 1 1 1 1 1 1 1 1 1 1 1 1 1 1 1 1 1 1 1 1 1 1 1 1 1 1 1 1 1 1 1 1 1 1 1 1 1 1 1 1 1 1 1 1 1 1 1 1 1 1 1 1 1 1 1 1 1 1 1 1 1 1 1 1 1 1 1 1 1 1 1 1 1 1 1 1 1 1 1 1 1 1 1 1 1 1 1 1 1 1 1 1 1 1 1 1 1 1 1 1 1 1 1 1 1 1 1 1 1 1 1 1 1 1 1 1 1 1 1 1 1 1 1 1 1 1 1 1 1 1 1 1 1 1 1
04/05/2025 18:37:13 - INFO - utils_ner -   input_mask: 1 1 1 1 1 1 1 1 1 1 1 1 1 1 1 1 1 1 0 0 0 0 0 0 0 0 0 0 0 0 0 0 0 0 0 0 0 0 0 0 0 0 0 0 0 0 0 0 0 0 0 0 0 0 0 0 0 0 0 0 0 0 0 0 0 0 0 0 0 0 0 0 0 0 0 0 0 0 0 0 0 0 0 0 0 0 0 0 0 0 0 0 0 0 0 0 0 0 0 0 0 0 0 0 0 0 0 0 0 0 0 0 0 0 0 0 0 0 0 0 0 0 0 0 0 0 0 0 0 0 0 0 0 0 0 0 0 0 0 0 0 0 0 0 0 0 0 0 0 0 0 0 0 0 0 0 0 0 0 0 0 0 0 0
04/05/2025 18:37:13 - INFO - utils_ner -   segment_ids: 0 0 0 0 0 0 0 0 0 0 0 0 0 0 0 0 0 0 0 0 0 0 0 0 0 0 0 0 0 0 0 0 0 0 0 0 0 0 0 0 0 0 0 0 0 0 0 0 0 0 0 0 0 0 0 0 0 0 0 0 0 0 0 0 0 0 0 0 0 0 0 0 0 0 0 0 0 0 0 0 0 0 0 0 0 0 0 0 0 0 0 0 0 0 0 0 0 0 0 0 0 0 0 0 0 0 0 0 0 0 0 0 0 0 0 0 0 0 0 0 0 0 0 0 0 0 0 0 0 0 0 0 0 0 0 0 0 0 0 0 0 0 0 0 0 0 0 0 0 0 0 0 0 0 0 0 0 0 0 0 0 0 0 0
04/05/2025 18:37:13 - INFO - utils_ner -   label_ids: -100 0 -100 -100 0 -100 0 -100 1 -100 -100 2 -100 -100 -100 0 -100 -100 -100 -100 -100 -100 -100 -100 -100 -100 -100 -100 -100 -100 -100 -100 -100 -100 -100 -100 -100 -100 -100 -100 -100 -100 -100 -100 -100 -100 -100 -100 -100 -100 -100 -100 -100 -100 -100 -100 -100 -100 -100 -100 -100 -100 -100 -100 -100 -100 -100 -100 -100 -100 -100 -100 -100 -100 -100 -100 -100 -100 -100 -100 -100 -100 -100 -100 -100 -100 -100 -100 -100 -100 -100 -100 -100 -100 -100 -100 -100 -100 -100 -100 -100 -100 -100 -100 -100 -100 -100 -100 -100 -100 -100 -100 -100 -100 -100 -100 -100 -100 -100 -100 -100 -100 -100 -100 -100 -100 -100 -100 -100 -100 -100 -100 -100 -100 -100 -100 -100 -100 -100 -100 -100 -100 -100 -100 -100 -100 -100 -100 -100 -100 -100 -100 -100 -100 -100 -100 -100 -100 -100 -100 -100 -100 -100 -100
04/05/2025 18:37:13 - INFO - utils_ner -   *** Example ***
04/05/2025 18:37:13 - INFO - utils_ner -   guid: dev-3
04/05/2025 18:37:13 - INFO - utils_ner -   tokens: <s> ▁Ok w ombe ka ▁o ruti ndo ▁ , ▁ni kwi ija ▁kut wara ▁em yaka ▁es hat u ▁ . </s>
04/05/2025 18:37:13 - INFO - utils_ner -   input_ids: 0 9972 434 54013 161 36 97387 557 6 4 300 96855 4391 28600 63991 352 122669 198 2943 34 6 5 2 1 1 1 1 1 1 1 1 1 1 1 1 1 1 1 1 1 1 1 1 1 1 1 1 1 1 1 1 1 1 1 1 1 1 1 1 1 1 1 1 1 1 1 1 1 1 1 1 1 1 1 1 1 1 1 1 1 1 1 1 1 1 1 1 1 1 1 1 1 1 1 1 1 1 1 1 1 1 1 1 1 1 1 1 1 1 1 1 1 1 1 1 1 1 1 1 1 1 1 1 1 1 1 1 1 1 1 1 1 1 1 1 1 1 1 1 1 1 1 1 1 1 1 1 1 1 1 1 1 1 1 1 1 1 1 1 1 1 1 1 1
04/05/2025 18:37:13 - INFO - utils_ner -   input_mask: 1 1 1 1 1 1 1 1 1 1 1 1 1 1 1 1 1 1 1 1 1 1 1 0 0 0 0 0 0 0 0 0 0 0 0 0 0 0 0 0 0 0 0 0 0 0 0 0 0 0 0 0 0 0 0 0 0 0 0 0 0 0 0 0 0 0 0 0 0 0 0 0 0 0 0 0 0 0 0 0 0 0 0 0 0 0 0 0 0 0 0 0 0 0 0 0 0 0 0 0 0 0 0 0 0 0 0 0 0 0 0 0 0 0 0 0 0 0 0 0 0 0 0 0 0 0 0 0 0 0 0 0 0 0 0 0 0 0 0 0 0 0 0 0 0 0 0 0 0 0 0 0 0 0 0 0 0 0 0 0 0 0 0 0
04/05/2025 18:37:13 - INFO - utils_ner -   segment_ids: 0 0 0 0 0 0 0 0 0 0 0 0 0 0 0 0 0 0 0 0 0 0 0 0 0 0 0 0 0 0 0 0 0 0 0 0 0 0 0 0 0 0 0 0 0 0 0 0 0 0 0 0 0 0 0 0 0 0 0 0 0 0 0 0 0 0 0 0 0 0 0 0 0 0 0 0 0 0 0 0 0 0 0 0 0 0 0 0 0 0 0 0 0 0 0 0 0 0 0 0 0 0 0 0 0 0 0 0 0 0 0 0 0 0 0 0 0 0 0 0 0 0 0 0 0 0 0 0 0 0 0 0 0 0 0 0 0 0 0 0 0 0 0 0 0 0 0 0 0 0 0 0 0 0 0 0 0 0 0 0 0 0 0 0
04/05/2025 18:37:13 - INFO - utils_ner -   label_ids: -100 0 -100 -100 -100 0 -100 -100 0 -100 0 -100 -100 0 -100 1 -100 2 -100 -100 0 -100 -100 -100 -100 -100 -100 -100 -100 -100 -100 -100 -100 -100 -100 -100 -100 -100 -100 -100 -100 -100 -100 -100 -100 -100 -100 -100 -100 -100 -100 -100 -100 -100 -100 -100 -100 -100 -100 -100 -100 -100 -100 -100 -100 -100 -100 -100 -100 -100 -100 -100 -100 -100 -100 -100 -100 -100 -100 -100 -100 -100 -100 -100 -100 -100 -100 -100 -100 -100 -100 -100 -100 -100 -100 -100 -100 -100 -100 -100 -100 -100 -100 -100 -100 -100 -100 -100 -100 -100 -100 -100 -100 -100 -100 -100 -100 -100 -100 -100 -100 -100 -100 -100 -100 -100 -100 -100 -100 -100 -100 -100 -100 -100 -100 -100 -100 -100 -100 -100 -100 -100 -100 -100 -100 -100 -100 -100 -100 -100 -100 -100 -100 -100 -100 -100 -100 -100 -100 -100 -100 -100 -100 -100
04/05/2025 18:37:13 - INFO - utils_ner -   *** Example ***
04/05/2025 18:37:13 - INFO - utils_ner -   guid: dev-4
04/05/2025 18:37:13 - INFO - utils_ner -   tokens: <s> ▁Om wo jo ▁aka itwa ▁iba are ▁eru kiri ▁or wab aire ▁or wahi ring itsi re ▁om wa ka ▁og wa ▁h wa ire ▁ . </s>
04/05/2025 18:37:13 - INFO - utils_ner -   input_ids: 0 2383 3613 513 15623 122448 7824 1046 3599 27531 707 72947 9459 707 71387 2852 30241 107 171 634 161 60 634 1096 634 2149 6 5 2 1 1 1 1 1 1 1 1 1 1 1 1 1 1 1 1 1 1 1 1 1 1 1 1 1 1 1 1 1 1 1 1 1 1 1 1 1 1 1 1 1 1 1 1 1 1 1 1 1 1 1 1 1 1 1 1 1 1 1 1 1 1 1 1 1 1 1 1 1 1 1 1 1 1 1 1 1 1 1 1 1 1 1 1 1 1 1 1 1 1 1 1 1 1 1 1 1 1 1 1 1 1 1 1 1 1 1 1 1 1 1 1 1 1 1 1 1 1 1 1 1 1 1 1 1 1 1 1 1 1 1 1 1 1 1
04/05/2025 18:37:13 - INFO - utils_ner -   input_mask: 1 1 1 1 1 1 1 1 1 1 1 1 1 1 1 1 1 1 1 1 1 1 1 1 1 1 1 1 1 0 0 0 0 0 0 0 0 0 0 0 0 0 0 0 0 0 0 0 0 0 0 0 0 0 0 0 0 0 0 0 0 0 0 0 0 0 0 0 0 0 0 0 0 0 0 0 0 0 0 0 0 0 0 0 0 0 0 0 0 0 0 0 0 0 0 0 0 0 0 0 0 0 0 0 0 0 0 0 0 0 0 0 0 0 0 0 0 0 0 0 0 0 0 0 0 0 0 0 0 0 0 0 0 0 0 0 0 0 0 0 0 0 0 0 0 0 0 0 0 0 0 0 0 0 0 0 0 0 0 0 0 0 0 0
04/05/2025 18:37:13 - INFO - utils_ner -   segment_ids: 0 0 0 0 0 0 0 0 0 0 0 0 0 0 0 0 0 0 0 0 0 0 0 0 0 0 0 0 0 0 0 0 0 0 0 0 0 0 0 0 0 0 0 0 0 0 0 0 0 0 0 0 0 0 0 0 0 0 0 0 0 0 0 0 0 0 0 0 0 0 0 0 0 0 0 0 0 0 0 0 0 0 0 0 0 0 0 0 0 0 0 0 0 0 0 0 0 0 0 0 0 0 0 0 0 0 0 0 0 0 0 0 0 0 0 0 0 0 0 0 0 0 0 0 0 0 0 0 0 0 0 0 0 0 0 0 0 0 0 0 0 0 0 0 0 0 0 0 0 0 0 0 0 0 0 0 0 0 0 0 0 0 0 0
04/05/2025 18:37:13 - INFO - utils_ner -   label_ids: -100 0 -100 -100 0 -100 0 -100 0 -100 0 -100 -100 0 -100 -100 -100 -100 1 -100 -100 2 -100 2 -100 -100 0 -100 -100 -100 -100 -100 -100 -100 -100 -100 -100 -100 -100 -100 -100 -100 -100 -100 -100 -100 -100 -100 -100 -100 -100 -100 -100 -100 -100 -100 -100 -100 -100 -100 -100 -100 -100 -100 -100 -100 -100 -100 -100 -100 -100 -100 -100 -100 -100 -100 -100 -100 -100 -100 -100 -100 -100 -100 -100 -100 -100 -100 -100 -100 -100 -100 -100 -100 -100 -100 -100 -100 -100 -100 -100 -100 -100 -100 -100 -100 -100 -100 -100 -100 -100 -100 -100 -100 -100 -100 -100 -100 -100 -100 -100 -100 -100 -100 -100 -100 -100 -100 -100 -100 -100 -100 -100 -100 -100 -100 -100 -100 -100 -100 -100 -100 -100 -100 -100 -100 -100 -100 -100 -100 -100 -100 -100 -100 -100 -100 -100 -100 -100 -100 -100 -100 -100 -100
04/05/2025 18:37:13 - INFO - utils_ner -   *** Example ***
04/05/2025 18:37:13 - INFO - utils_ner -   guid: dev-5
04/05/2025 18:37:13 - INFO - utils_ner -   tokens: <s> ▁Om web embe zi ▁w ' ei hanga ▁aka kinga ▁a makan isa ▁okuma ra ▁e bir o ▁maku mi ▁muka aga ▁e bind i ▁ . </s>
04/05/2025 18:37:13 - INFO - utils_ner -   input_ids: 0 2383 14051 55720 708 148 25 1399 58146 15623 107546 10 54082 4542 97405 219 28 5720 31 62332 266 14330 4729 28 89817 14 6 5 2 1 1 1 1 1 1 1 1 1 1 1 1 1 1 1 1 1 1 1 1 1 1 1 1 1 1 1 1 1 1 1 1 1 1 1 1 1 1 1 1 1 1 1 1 1 1 1 1 1 1 1 1 1 1 1 1 1 1 1 1 1 1 1 1 1 1 1 1 1 1 1 1 1 1 1 1 1 1 1 1 1 1 1 1 1 1 1 1 1 1 1 1 1 1 1 1 1 1 1 1 1 1 1 1 1 1 1 1 1 1 1 1 1 1 1 1 1 1 1 1 1 1 1 1 1 1 1 1 1 1 1 1 1 1 1
04/05/2025 18:37:13 - INFO - utils_ner -   input_mask: 1 1 1 1 1 1 1 1 1 1 1 1 1 1 1 1 1 1 1 1 1 1 1 1 1 1 1 1 1 0 0 0 0 0 0 0 0 0 0 0 0 0 0 0 0 0 0 0 0 0 0 0 0 0 0 0 0 0 0 0 0 0 0 0 0 0 0 0 0 0 0 0 0 0 0 0 0 0 0 0 0 0 0 0 0 0 0 0 0 0 0 0 0 0 0 0 0 0 0 0 0 0 0 0 0 0 0 0 0 0 0 0 0 0 0 0 0 0 0 0 0 0 0 0 0 0 0 0 0 0 0 0 0 0 0 0 0 0 0 0 0 0 0 0 0 0 0 0 0 0 0 0 0 0 0 0 0 0 0 0 0 0 0 0
04/05/2025 18:37:13 - INFO - utils_ner -   segment_ids: 0 0 0 0 0 0 0 0 0 0 0 0 0 0 0 0 0 0 0 0 0 0 0 0 0 0 0 0 0 0 0 0 0 0 0 0 0 0 0 0 0 0 0 0 0 0 0 0 0 0 0 0 0 0 0 0 0 0 0 0 0 0 0 0 0 0 0 0 0 0 0 0 0 0 0 0 0 0 0 0 0 0 0 0 0 0 0 0 0 0 0 0 0 0 0 0 0 0 0 0 0 0 0 0 0 0 0 0 0 0 0 0 0 0 0 0 0 0 0 0 0 0 0 0 0 0 0 0 0 0 0 0 0 0 0 0 0 0 0 0 0 0 0 0 0 0 0 0 0 0 0 0 0 0 0 0 0 0 0 0 0 0 0 0
04/05/2025 18:37:13 - INFO - utils_ner -   label_ids: -100 0 -100 -100 -100 0 -100 -100 -100 0 -100 0 -100 -100 0 -100 1 -100 -100 2 -100 2 -100 0 -100 -100 0 -100 -100 -100 -100 -100 -100 -100 -100 -100 -100 -100 -100 -100 -100 -100 -100 -100 -100 -100 -100 -100 -100 -100 -100 -100 -100 -100 -100 -100 -100 -100 -100 -100 -100 -100 -100 -100 -100 -100 -100 -100 -100 -100 -100 -100 -100 -100 -100 -100 -100 -100 -100 -100 -100 -100 -100 -100 -100 -100 -100 -100 -100 -100 -100 -100 -100 -100 -100 -100 -100 -100 -100 -100 -100 -100 -100 -100 -100 -100 -100 -100 -100 -100 -100 -100 -100 -100 -100 -100 -100 -100 -100 -100 -100 -100 -100 -100 -100 -100 -100 -100 -100 -100 -100 -100 -100 -100 -100 -100 -100 -100 -100 -100 -100 -100 -100 -100 -100 -100 -100 -100 -100 -100 -100 -100 -100 -100 -100 -100 -100 -100 -100 -100 -100 -100 -100 -100
04/05/2025 18:37:14 - INFO - __main__ -   Saving features into cached file data/cross-lingual-transfer-experiments/runyankore_salt_dataset/twi_rnk/cached_dev_xlm-roberta-base_164
04/05/2025 18:37:14 - INFO - __main__ -   ***** Running evaluation  *****
04/05/2025 18:37:14 - INFO - __main__ -     Num examples = 6235
04/05/2025 18:37:14 - INFO - __main__ -     Batch size = 8
Evaluating: 100%|██████████████████████████████████████████████████████████████████████████████████████████████████████████████████████████████████████████| 780/780 [00:07<00:00, 102.63it/s]
eval result:  579 0.67379███████████████████████████████████████████████████████████████████████████████████████████████████████████████████████████████████| 780/780 [00:07<00:00, 76.77it/s]
04/05/2025 18:37:23 - INFO - __main__ -   Saving model checkpoint to models/runyankore_xlmr
Iteration: 100%|████████████████████████████████████████████████████████████████████████████████████████████████████████████████████████████████████████████| 579/579 [01:00<00:00,  9.63it/s]
04/05/2025 18:38:23 - INFO - __main__ -   Loading features from cached file data/cross-lingual-transfer-experiments/runyankore_salt_dataset/twi_rnk/cached_dev_xlm-roberta-base_164  9.62it/s]
04/05/2025 18:38:23 - INFO - __main__ -   ***** Running evaluation  *****
04/05/2025 18:38:23 - INFO - __main__ -     Num examples = 6235
04/05/2025 18:38:23 - INFO - __main__ -     Batch size = 8
Evaluating: 100%|██████████████████████████████████████████████████████████████████████████████████████████████████████████████████████████████████████████| 780/780 [00:07<00:00, 103.51it/s]
eval result:  1158 0.75575█████████████████████████████████████████████████████████████████████████████████████████████████████████████████████████████████ | 775/780 [00:07<00:00, 77.19it/s]
04/05/2025 18:38:37 - INFO - __main__ -   Saving model checkpoint to models/runyankore_xlmr
Iteration: 100%|████████████████████████████████████████████████████████████████████████████████████████████████████████████████████████████████████████████| 579/579 [01:00<00:00,  9.65it/s]
04/05/2025 18:39:37 - INFO - __main__ -   Loading features from cached file data/cross-lingual-transfer-experiments/runyankore_salt_dataset/twi_rnk/cached_dev_xlm-roberta-base_164  9.58it/s]
04/05/2025 18:39:37 - INFO - __main__ -   ***** Running evaluation  *****
04/05/2025 18:39:37 - INFO - __main__ -     Num examples = 6235
04/05/2025 18:39:37 - INFO - __main__ -     Batch size = 8
Evaluating: 100%|██████████████████████████████████████████████████████████████████████████████████████████████████████████████████████████████████████████| 780/780 [00:07<00:00, 103.52it/s]
eval result:  1737 0.75754█████████████████████████████████████████████████████████████████████████████████████████████████████████████████████████████████▍| 777/780 [00:07<00:00, 77.17it/s]
04/05/2025 18:39:51 - INFO - __main__ -   Saving model checkpoint to models/runyankore_xlmr
Iteration: 100%|████████████████████████████████████████████████████████████████████████████████████████████████████████████████████████████████████████████| 579/579 [01:00<00:00,  9.63it/s]
04/05/2025 18:40:51 - INFO - __main__ -   Loading features from cached file data/cross-lingual-transfer-experiments/runyankore_salt_dataset/twi_rnk/cached_dev_xlm-roberta-base_164  9.65it/s]
04/05/2025 18:40:51 - INFO - __main__ -   ***** Running evaluation  *****
04/05/2025 18:40:51 - INFO - __main__ -     Num examples = 6235
04/05/2025 18:40:51 - INFO - __main__ -     Batch size = 8
Evaluating: 100%|██████████████████████████████████████████████████████████████████████████████████████████████████████████████████████████████████████████| 780/780 [00:07<00:00, 103.35it/s]
eval result:  2316 0.77316█████████████████████████████████████████████████████████████████████████████████████████████████████████████████████████████████ | 775/780 [00:07<00:00, 76.96it/s]
04/05/2025 18:41:05 - INFO - __main__ -   Saving model checkpoint to models/runyankore_xlmr
Iteration: 100%|████████████████████████████████████████████████████████████████████████████████████████████████████████████████████████████████████████████| 579/579 [01:00<00:00,  9.63it/s]
04/05/2025 18:42:05 - INFO - __main__ -   Loading features from cached file data/cross-lingual-transfer-experiments/runyankore_salt_dataset/twi_rnk/cached_dev_xlm-roberta-base_164  9.65it/s]
04/05/2025 18:42:06 - INFO - __main__ -   ***** Running evaluation  *****
04/05/2025 18:42:06 - INFO - __main__ -     Num examples = 6235
04/05/2025 18:42:06 - INFO - __main__ -     Batch size = 8
Evaluating: 100%|██████████████████████████████████████████████████████████████████████████████████████████████████████████████████████████████████████████| 780/780 [00:07<00:00, 103.56it/s]
eval result:  2895 0.78068█████████████████████████████████████████████████████████████████████████████████████████████████████████████████████████████████▎| 776/780 [00:07<00:00, 76.91it/s]
04/05/2025 18:42:19 - INFO - __main__ -   Saving model checkpoint to models/runyankore_xlmr
Iteration: 100%|████████████████████████████████████████████████████████████████████████████████████████████████████████████████████████████████████████████| 579/579 [01:00<00:00,  9.63it/s]
04/05/2025 18:43:19 - INFO - __main__ -   Loading features from cached file data/cross-lingual-transfer-experiments/runyankore_salt_dataset/twi_rnk/cached_dev_xlm-roberta-base_164  9.64it/s]
04/05/2025 18:43:20 - INFO - __main__ -   ***** Running evaluation  *****
04/05/2025 18:43:20 - INFO - __main__ -     Num examples = 6235
04/05/2025 18:43:20 - INFO - __main__ -     Batch size = 8
Evaluating: 100%|██████████████████████████████████████████████████████████████████████████████████████████████████████████████████████████████████████████| 780/780 [00:07<00:00, 104.19it/s]
eval result:  3474 0.75588█████████████████████████████████████████████████████████████████████████████████████████████████████████████████████████████████▊| 779/780 [00:07<00:00, 76.92it/s]
Iteration: 100%|████████████████████████████████████████████████████████████████████████████████████████████████████████████████████████████████████████████| 579/579 [01:00<00:00,  9.64it/s]
04/05/2025 18:44:28 - INFO - __main__ -   Loading features from cached file data/cross-lingual-transfer-experiments/runyankore_salt_dataset/twi_rnk/cached_dev_xlm-roberta-base_164  9.70it/s]
04/05/2025 18:44:28 - INFO - __main__ -   ***** Running evaluation  *****
04/05/2025 18:44:28 - INFO - __main__ -     Num examples = 6235
04/05/2025 18:44:28 - INFO - __main__ -     Batch size = 8
Evaluating: 100%|██████████████████████████████████████████████████████████████████████████████████████████████████████████████████████████████████████████| 780/780 [00:07<00:00, 103.86it/s]
eval result:  4053 0.78831█████████████████████████████████████████████████████████████████████████████████████████████████████████████████████████████████▍| 777/780 [00:07<00:00, 77.09it/s]
04/05/2025 18:44:42 - INFO - __main__ -   Saving model checkpoint to models/runyankore_xlmr
Iteration: 100%|████████████████████████████████████████████████████████████████████████████████████████████████████████████████████████████████████████████| 579/579 [00:59<00:00,  9.65it/s]
04/05/2025 18:45:41 - INFO - __main__ -   Loading features from cached file data/cross-lingual-transfer-experiments/runyankore_salt_dataset/twi_rnk/cached_dev_xlm-roberta-base_164  9.73it/s]
04/05/2025 18:45:42 - INFO - __main__ -   ***** Running evaluation  *****
04/05/2025 18:45:42 - INFO - __main__ -     Num examples = 6235
04/05/2025 18:45:42 - INFO - __main__ -     Batch size = 8
Evaluating: 100%|██████████████████████████████████████████████████████████████████████████████████████████████████████████████████████████████████████████| 780/780 [00:07<00:00, 103.31it/s]
eval result:  4632 0.80961████████████████████████████████████████████████████████████████████████████████████████████████████████████████████████████████▉ | 774/780 [00:07<00:00, 77.16it/s]
04/05/2025 18:45:56 - INFO - __main__ -   Saving model checkpoint to models/runyankore_xlmr
Iteration: 100%|████████████████████████████████████████████████████████████████████████████████████████████████████████████████████████████████████████████| 579/579 [00:59<00:00,  9.65it/s]
04/05/2025 18:46:56 - INFO - __main__ -   Loading features from cached file data/cross-lingual-transfer-experiments/runyankore_salt_dataset/twi_rnk/cached_dev_xlm-roberta-base_164  9.67it/s]
04/05/2025 18:46:56 - INFO - __main__ -   ***** Running evaluation  *****
04/05/2025 18:46:56 - INFO - __main__ -     Num examples = 6235
04/05/2025 18:46:56 - INFO - __main__ -     Batch size = 8
Evaluating: 100%|██████████████████████████████████████████████████████████████████████████████████████████████████████████████████████████████████████████| 780/780 [00:07<00:00, 103.40it/s]
eval result:  5211 0.81764█████████████████████████████████████████████████████████████████████████████████████████████████████████████████████████████████ | 775/780 [00:07<00:00, 77.01it/s]
04/05/2025 18:47:09 - INFO - __main__ -   Saving model checkpoint to models/runyankore_xlmr
Iteration: 100%|████████████████████████████████████████████████████████████████████████████████████████████████████████████████████████████████████████████| 579/579 [01:00<00:00,  9.65it/s]
04/05/2025 18:48:09 - INFO - __main__ -   Loading features from cached file data/cross-lingual-transfer-experiments/runyankore_salt_dataset/twi_rnk/cached_dev_xlm-roberta-base_164  9.80it/s]
04/05/2025 18:48:10 - INFO - __main__ -   ***** Running evaluation  *****
04/05/2025 18:48:10 - INFO - __main__ -     Num examples = 6235
04/05/2025 18:48:10 - INFO - __main__ -     Batch size = 8
Evaluating: 100%|██████████████████████████████████████████████████████████████████████████████████████████████████████████████████████████████████████████| 780/780 [00:07<00:00, 104.67it/s]
eval result:  5790 0.81698██████████████████████████████████████████████████████████████████████████████████████████████████████████████████████████████████| 780/780 [00:07<00:00, 78.74it/s]
Epoch: 100%|██████████████████████████████████████████████████████████████████████████████████████████████████████████████████████████████████████████████████| 10/10 [12:04<00:00, 72.49s/it]
04/05/2025 18:48:18 - INFO - __main__ -   Loading features from cached file data/cross-lingual-transfer-experiments/runyankore_salt_dataset/twi_rnk/cached_dev_xlm-roberta-base_164
04/05/2025 18:48:18 - INFO - __main__ -   ***** Running evaluation  *****
04/05/2025 18:48:18 - INFO - __main__ -     Num examples = 6235
04/05/2025 18:48:18 - INFO - __main__ -     Batch size = 8
Evaluating: 100%|██████████████████████████████████████████████████████████████████████████████████████████████████████████████████████████████████████████| 780/780 [00:07<00:00, 103.62it/s]
04/05/2025 18:48:26 - INFO - __main__ -    global_step = 5790, average loss = 0.025638607165857547
04/05/2025 18:48:26 - INFO - __main__ -   Evaluate the following checkpoints: ['models/runyankore_xlmr']
04/05/2025 18:48:26 - INFO - __main__ -   Loading features from cached file data/cross-lingual-transfer-experiments/runyankore_salt_dataset/twi_rnk/cached_dev_xlm-roberta-base_164
04/05/2025 18:48:26 - INFO - __main__ -   ***** Running evaluation  *****
04/05/2025 18:48:26 - INFO - __main__ -     Num examples = 6235
04/05/2025 18:48:26 - INFO - __main__ -     Batch size = 8
Evaluating: 100%|██████████████████████████████████████████████████████████████████████████████████████████████████████████████████████████████████████████| 780/780 [00:07<00:00, 103.81it/s]
04/05/2025 18:48:34 - INFO - __main__ -   ***** Eval results  *****
04/05/2025 18:48:34 - INFO - __main__ -     f1 = 0.8176389526871842
04/05/2025 18:48:34 - INFO - __main__ -     loss = 0.05627594016574128
04/05/2025 18:48:34 - INFO - __main__ -     precision = 0.8068902991840435
04/05/2025 18:48:34 - INFO - __main__ -     recall = 0.8286778398510242
04/05/2025 18:48:34 - INFO - __main__ -     report =               precision    recall  f1-score   support

        DATE       0.71      0.76      0.73       282
         LOC       0.86      0.90      0.88       585
         ORG       0.72      0.58      0.64       121
         PER       0.84      0.90      0.87        86

   micro avg       0.81      0.83      0.82      1074
   macro avg       0.78      0.78      0.78      1074
weighted avg       0.81      0.83      0.82      1074

04/05/2025 18:48:35 - INFO - __main__ -   Creating features from dataset file at data/cross-lingual-transfer-experiments/runyankore_salt_dataset/twi_rnk/
04/05/2025 18:48:35 - INFO - utils_ner -   Writing example 0 of 6239
04/05/2025 18:48:35 - INFO - utils_ner -   *** Example ***
04/05/2025 18:48:35 - INFO - utils_ner -   guid: test-1
04/05/2025 18:48:35 - INFO - utils_ner -   tokens: <s> ▁Ti imu ▁y ' em iza ano ▁e ya ▁di si turik iti ▁ , ▁e kah ika ▁a ha ▁kamar i rizo ▁om wa ka ▁og uh wa ire ▁ . </s>
04/05/2025 18:48:35 - INFO - utils_ner -   input_ids: 0 2371 15608 113 25 195 7337 3922 28 395 45 172 101605 1890 6 4 28 6577 2959 10 528 21323 14 155946 171 634 161 60 5951 634 2149 6 5 2 1 1 1 1 1 1 1 1 1 1 1 1 1 1 1 1 1 1 1 1 1 1 1 1 1 1 1 1 1 1 1 1 1 1 1 1 1 1 1 1 1 1 1 1 1 1 1 1 1 1 1 1 1 1 1 1 1 1 1 1 1 1 1 1 1 1 1 1 1 1 1 1 1 1 1 1 1 1 1 1 1 1 1 1 1 1 1 1 1 1 1 1 1 1 1 1 1 1 1 1 1 1 1 1 1 1 1 1 1 1 1 1 1 1 1 1 1 1 1 1 1 1 1 1 1 1 1 1 1 1
04/05/2025 18:48:35 - INFO - utils_ner -   input_mask: 1 1 1 1 1 1 1 1 1 1 1 1 1 1 1 1 1 1 1 1 1 1 1 1 1 1 1 1 1 1 1 1 1 1 0 0 0 0 0 0 0 0 0 0 0 0 0 0 0 0 0 0 0 0 0 0 0 0 0 0 0 0 0 0 0 0 0 0 0 0 0 0 0 0 0 0 0 0 0 0 0 0 0 0 0 0 0 0 0 0 0 0 0 0 0 0 0 0 0 0 0 0 0 0 0 0 0 0 0 0 0 0 0 0 0 0 0 0 0 0 0 0 0 0 0 0 0 0 0 0 0 0 0 0 0 0 0 0 0 0 0 0 0 0 0 0 0 0 0 0 0 0 0 0 0 0 0 0 0 0 0 0 0 0
04/05/2025 18:48:35 - INFO - utils_ner -   segment_ids: 0 0 0 0 0 0 0 0 0 0 0 0 0 0 0 0 0 0 0 0 0 0 0 0 0 0 0 0 0 0 0 0 0 0 0 0 0 0 0 0 0 0 0 0 0 0 0 0 0 0 0 0 0 0 0 0 0 0 0 0 0 0 0 0 0 0 0 0 0 0 0 0 0 0 0 0 0 0 0 0 0 0 0 0 0 0 0 0 0 0 0 0 0 0 0 0 0 0 0 0 0 0 0 0 0 0 0 0 0 0 0 0 0 0 0 0 0 0 0 0 0 0 0 0 0 0 0 0 0 0 0 0 0 0 0 0 0 0 0 0 0 0 0 0 0 0 0 0 0 0 0 0 0 0 0 0 0 0 0 0 0 0 0 0
04/05/2025 18:48:35 - INFO - utils_ner -   label_ids: -100 0 -100 0 -100 -100 -100 -100 0 -100 0 -100 -100 -100 0 -100 0 -100 -100 0 -100 0 -100 -100 1 -100 -100 2 -100 -100 -100 0 -100 -100 -100 -100 -100 -100 -100 -100 -100 -100 -100 -100 -100 -100 -100 -100 -100 -100 -100 -100 -100 -100 -100 -100 -100 -100 -100 -100 -100 -100 -100 -100 -100 -100 -100 -100 -100 -100 -100 -100 -100 -100 -100 -100 -100 -100 -100 -100 -100 -100 -100 -100 -100 -100 -100 -100 -100 -100 -100 -100 -100 -100 -100 -100 -100 -100 -100 -100 -100 -100 -100 -100 -100 -100 -100 -100 -100 -100 -100 -100 -100 -100 -100 -100 -100 -100 -100 -100 -100 -100 -100 -100 -100 -100 -100 -100 -100 -100 -100 -100 -100 -100 -100 -100 -100 -100 -100 -100 -100 -100 -100 -100 -100 -100 -100 -100 -100 -100 -100 -100 -100 -100 -100 -100 -100 -100 -100 -100 -100 -100 -100 -100
04/05/2025 18:48:35 - INFO - utils_ner -   *** Example ***
04/05/2025 18:48:35 - INFO - utils_ner -   guid: test-2
04/05/2025 18:48:35 - INFO - utils_ner -   tokens: <s> ▁Sh wen kuru ▁wang ye ▁aka fa ▁aine ▁em yaka ▁kina na ▁na ▁muna na ▁e y ' o buku ru ▁ . </s>
04/05/2025 18:48:35 - INFO - utils_ner -   input_ids: 0 7525 11697 120209 37109 1033 15623 1021 59482 352 122669 24222 76 24 29279 76 28 53 25 31 107798 882 6 5 2 1 1 1 1 1 1 1 1 1 1 1 1 1 1 1 1 1 1 1 1 1 1 1 1 1 1 1 1 1 1 1 1 1 1 1 1 1 1 1 1 1 1 1 1 1 1 1 1 1 1 1 1 1 1 1 1 1 1 1 1 1 1 1 1 1 1 1 1 1 1 1 1 1 1 1 1 1 1 1 1 1 1 1 1 1 1 1 1 1 1 1 1 1 1 1 1 1 1 1 1 1 1 1 1 1 1 1 1 1 1 1 1 1 1 1 1 1 1 1 1 1 1 1 1 1 1 1 1 1 1 1 1 1 1 1 1 1 1 1
04/05/2025 18:48:35 - INFO - utils_ner -   input_mask: 1 1 1 1 1 1 1 1 1 1 1 1 1 1 1 1 1 1 1 1 1 1 1 1 1 0 0 0 0 0 0 0 0 0 0 0 0 0 0 0 0 0 0 0 0 0 0 0 0 0 0 0 0 0 0 0 0 0 0 0 0 0 0 0 0 0 0 0 0 0 0 0 0 0 0 0 0 0 0 0 0 0 0 0 0 0 0 0 0 0 0 0 0 0 0 0 0 0 0 0 0 0 0 0 0 0 0 0 0 0 0 0 0 0 0 0 0 0 0 0 0 0 0 0 0 0 0 0 0 0 0 0 0 0 0 0 0 0 0 0 0 0 0 0 0 0 0 0 0 0 0 0 0 0 0 0 0 0 0 0 0 0 0 0
04/05/2025 18:48:35 - INFO - utils_ner -   segment_ids: 0 0 0 0 0 0 0 0 0 0 0 0 0 0 0 0 0 0 0 0 0 0 0 0 0 0 0 0 0 0 0 0 0 0 0 0 0 0 0 0 0 0 0 0 0 0 0 0 0 0 0 0 0 0 0 0 0 0 0 0 0 0 0 0 0 0 0 0 0 0 0 0 0 0 0 0 0 0 0 0 0 0 0 0 0 0 0 0 0 0 0 0 0 0 0 0 0 0 0 0 0 0 0 0 0 0 0 0 0 0 0 0 0 0 0 0 0 0 0 0 0 0 0 0 0 0 0 0 0 0 0 0 0 0 0 0 0 0 0 0 0 0 0 0 0 0 0 0 0 0 0 0 0 0 0 0 0 0 0 0 0 0 0 0
04/05/2025 18:48:35 - INFO - utils_ner -   label_ids: -100 0 -100 -100 0 -100 0 -100 0 1 -100 2 -100 2 2 -100 0 -100 -100 -100 -100 -100 0 -100 -100 -100 -100 -100 -100 -100 -100 -100 -100 -100 -100 -100 -100 -100 -100 -100 -100 -100 -100 -100 -100 -100 -100 -100 -100 -100 -100 -100 -100 -100 -100 -100 -100 -100 -100 -100 -100 -100 -100 -100 -100 -100 -100 -100 -100 -100 -100 -100 -100 -100 -100 -100 -100 -100 -100 -100 -100 -100 -100 -100 -100 -100 -100 -100 -100 -100 -100 -100 -100 -100 -100 -100 -100 -100 -100 -100 -100 -100 -100 -100 -100 -100 -100 -100 -100 -100 -100 -100 -100 -100 -100 -100 -100 -100 -100 -100 -100 -100 -100 -100 -100 -100 -100 -100 -100 -100 -100 -100 -100 -100 -100 -100 -100 -100 -100 -100 -100 -100 -100 -100 -100 -100 -100 -100 -100 -100 -100 -100 -100 -100 -100 -100 -100 -100 -100 -100 -100 -100 -100 -100
04/05/2025 18:48:35 - INFO - utils_ner -   *** Example ***
04/05/2025 18:48:35 - INFO - utils_ner -   guid: test-3
04/05/2025 18:48:35 - INFO - utils_ner -   tokens: <s> ▁E bi kwa to ▁e biri mu ▁za ▁m izay iro ▁maku mi ▁a tano ▁e by agu zir we ▁kuru ga ▁China ▁bi kaa kii rwa ▁en kumi ▁i biri ▁i kumi ▁na ▁muna na ▁ . </s>
04/05/2025 18:48:35 - INFO - utils_ner -   input_ids: 0 241 964 10521 188 28 35653 561 80 347 83571 8699 62332 266 10 35221 28 1272 26722 26679 1177 14178 208 9098 333 17227 7072 70627 22 87064 17 35653 17 87064 24 29279 76 6 5 2 1 1 1 1 1 1 1 1 1 1 1 1 1 1 1 1 1 1 1 1 1 1 1 1 1 1 1 1 1 1 1 1 1 1 1 1 1 1 1 1 1 1 1 1 1 1 1 1 1 1 1 1 1 1 1 1 1 1 1 1 1 1 1 1 1 1 1 1 1 1 1 1 1 1 1 1 1 1 1 1 1 1 1 1 1 1 1 1 1 1 1 1 1 1 1 1 1 1 1 1 1 1 1 1 1 1 1 1 1 1 1 1 1 1 1 1 1 1 1 1 1 1 1 1
04/05/2025 18:48:35 - INFO - utils_ner -   input_mask: 1 1 1 1 1 1 1 1 1 1 1 1 1 1 1 1 1 1 1 1 1 1 1 1 1 1 1 1 1 1 1 1 1 1 1 1 1 1 1 1 0 0 0 0 0 0 0 0 0 0 0 0 0 0 0 0 0 0 0 0 0 0 0 0 0 0 0 0 0 0 0 0 0 0 0 0 0 0 0 0 0 0 0 0 0 0 0 0 0 0 0 0 0 0 0 0 0 0 0 0 0 0 0 0 0 0 0 0 0 0 0 0 0 0 0 0 0 0 0 0 0 0 0 0 0 0 0 0 0 0 0 0 0 0 0 0 0 0 0 0 0 0 0 0 0 0 0 0 0 0 0 0 0 0 0 0 0 0 0 0 0 0 0 0
04/05/2025 18:48:35 - INFO - utils_ner -   segment_ids: 0 0 0 0 0 0 0 0 0 0 0 0 0 0 0 0 0 0 0 0 0 0 0 0 0 0 0 0 0 0 0 0 0 0 0 0 0 0 0 0 0 0 0 0 0 0 0 0 0 0 0 0 0 0 0 0 0 0 0 0 0 0 0 0 0 0 0 0 0 0 0 0 0 0 0 0 0 0 0 0 0 0 0 0 0 0 0 0 0 0 0 0 0 0 0 0 0 0 0 0 0 0 0 0 0 0 0 0 0 0 0 0 0 0 0 0 0 0 0 0 0 0 0 0 0 0 0 0 0 0 0 0 0 0 0 0 0 0 0 0 0 0 0 0 0 0 0 0 0 0 0 0 0 0 0 0 0 0 0 0 0 0 0 0
04/05/2025 18:48:35 - INFO - utils_ner -   label_ids: -100 0 -100 -100 -100 0 -100 -100 0 0 -100 -100 0 -100 0 -100 0 -100 -100 -100 -100 0 -100 7 0 -100 -100 -100 1 -100 2 -100 2 -100 2 2 -100 0 -100 -100 -100 -100 -100 -100 -100 -100 -100 -100 -100 -100 -100 -100 -100 -100 -100 -100 -100 -100 -100 -100 -100 -100 -100 -100 -100 -100 -100 -100 -100 -100 -100 -100 -100 -100 -100 -100 -100 -100 -100 -100 -100 -100 -100 -100 -100 -100 -100 -100 -100 -100 -100 -100 -100 -100 -100 -100 -100 -100 -100 -100 -100 -100 -100 -100 -100 -100 -100 -100 -100 -100 -100 -100 -100 -100 -100 -100 -100 -100 -100 -100 -100 -100 -100 -100 -100 -100 -100 -100 -100 -100 -100 -100 -100 -100 -100 -100 -100 -100 -100 -100 -100 -100 -100 -100 -100 -100 -100 -100 -100 -100 -100 -100 -100 -100 -100 -100 -100 -100 -100 -100 -100 -100 -100 -100
04/05/2025 18:48:35 - INFO - utils_ner -   *** Example ***
04/05/2025 18:48:35 - INFO - utils_ner -   guid: test-4
04/05/2025 18:48:35 - INFO - utils_ner -   tokens: <s> ▁Aku ruga ▁om u ▁is home ro ▁aine ▁em yaka ▁i kumi ▁na ▁muka aga ▁ . </s>
04/05/2025 18:48:35 - INFO - utils_ner -   input_ids: 0 8158 46892 171 34 83 29552 516 59482 352 122669 17 87064 24 14330 4729 6 5 2 1 1 1 1 1 1 1 1 1 1 1 1 1 1 1 1 1 1 1 1 1 1 1 1 1 1 1 1 1 1 1 1 1 1 1 1 1 1 1 1 1 1 1 1 1 1 1 1 1 1 1 1 1 1 1 1 1 1 1 1 1 1 1 1 1 1 1 1 1 1 1 1 1 1 1 1 1 1 1 1 1 1 1 1 1 1 1 1 1 1 1 1 1 1 1 1 1 1 1 1 1 1 1 1 1 1 1 1 1 1 1 1 1 1 1 1 1 1 1 1 1 1 1 1 1 1 1 1 1 1 1 1 1 1 1 1 1 1 1 1 1 1 1 1 1
04/05/2025 18:48:35 - INFO - utils_ner -   input_mask: 1 1 1 1 1 1 1 1 1 1 1 1 1 1 1 1 1 1 1 0 0 0 0 0 0 0 0 0 0 0 0 0 0 0 0 0 0 0 0 0 0 0 0 0 0 0 0 0 0 0 0 0 0 0 0 0 0 0 0 0 0 0 0 0 0 0 0 0 0 0 0 0 0 0 0 0 0 0 0 0 0 0 0 0 0 0 0 0 0 0 0 0 0 0 0 0 0 0 0 0 0 0 0 0 0 0 0 0 0 0 0 0 0 0 0 0 0 0 0 0 0 0 0 0 0 0 0 0 0 0 0 0 0 0 0 0 0 0 0 0 0 0 0 0 0 0 0 0 0 0 0 0 0 0 0 0 0 0 0 0 0 0 0 0
04/05/2025 18:48:35 - INFO - utils_ner -   segment_ids: 0 0 0 0 0 0 0 0 0 0 0 0 0 0 0 0 0 0 0 0 0 0 0 0 0 0 0 0 0 0 0 0 0 0 0 0 0 0 0 0 0 0 0 0 0 0 0 0 0 0 0 0 0 0 0 0 0 0 0 0 0 0 0 0 0 0 0 0 0 0 0 0 0 0 0 0 0 0 0 0 0 0 0 0 0 0 0 0 0 0 0 0 0 0 0 0 0 0 0 0 0 0 0 0 0 0 0 0 0 0 0 0 0 0 0 0 0 0 0 0 0 0 0 0 0 0 0 0 0 0 0 0 0 0 0 0 0 0 0 0 0 0 0 0 0 0 0 0 0 0 0 0 0 0 0 0 0 0 0 0 0 0 0 0
04/05/2025 18:48:35 - INFO - utils_ner -   label_ids: -100 0 -100 0 -100 0 -100 -100 0 1 -100 2 -100 2 2 -100 0 -100 -100 -100 -100 -100 -100 -100 -100 -100 -100 -100 -100 -100 -100 -100 -100 -100 -100 -100 -100 -100 -100 -100 -100 -100 -100 -100 -100 -100 -100 -100 -100 -100 -100 -100 -100 -100 -100 -100 -100 -100 -100 -100 -100 -100 -100 -100 -100 -100 -100 -100 -100 -100 -100 -100 -100 -100 -100 -100 -100 -100 -100 -100 -100 -100 -100 -100 -100 -100 -100 -100 -100 -100 -100 -100 -100 -100 -100 -100 -100 -100 -100 -100 -100 -100 -100 -100 -100 -100 -100 -100 -100 -100 -100 -100 -100 -100 -100 -100 -100 -100 -100 -100 -100 -100 -100 -100 -100 -100 -100 -100 -100 -100 -100 -100 -100 -100 -100 -100 -100 -100 -100 -100 -100 -100 -100 -100 -100 -100 -100 -100 -100 -100 -100 -100 -100 -100 -100 -100 -100 -100 -100 -100 -100 -100 -100 -100
04/05/2025 18:48:35 - INFO - utils_ner -   *** Example ***
04/05/2025 18:48:35 - INFO - utils_ner -   guid: test-5
04/05/2025 18:48:35 - INFO - utils_ner -   tokens: <s> ▁Ny om web az yo ▁ni b wo ▁ah iki ze ▁em yaka ▁i kumi ▁na ▁muna ana </s>
04/05/2025 18:48:35 - INFO - utils_ner -   input_ids: 0 2949 306 14051 1828 1410 300 275 3613 1263 5898 731 352 122669 17 87064 24 29279 1500 2 1 1 1 1 1 1 1 1 1 1 1 1 1 1 1 1 1 1 1 1 1 1 1 1 1 1 1 1 1 1 1 1 1 1 1 1 1 1 1 1 1 1 1 1 1 1 1 1 1 1 1 1 1 1 1 1 1 1 1 1 1 1 1 1 1 1 1 1 1 1 1 1 1 1 1 1 1 1 1 1 1 1 1 1 1 1 1 1 1 1 1 1 1 1 1 1 1 1 1 1 1 1 1 1 1 1 1 1 1 1 1 1 1 1 1 1 1 1 1 1 1 1 1 1 1 1 1 1 1 1 1 1 1 1 1 1 1 1 1 1 1 1 1 1
04/05/2025 18:48:35 - INFO - utils_ner -   input_mask: 1 1 1 1 1 1 1 1 1 1 1 1 1 1 1 1 1 1 1 1 0 0 0 0 0 0 0 0 0 0 0 0 0 0 0 0 0 0 0 0 0 0 0 0 0 0 0 0 0 0 0 0 0 0 0 0 0 0 0 0 0 0 0 0 0 0 0 0 0 0 0 0 0 0 0 0 0 0 0 0 0 0 0 0 0 0 0 0 0 0 0 0 0 0 0 0 0 0 0 0 0 0 0 0 0 0 0 0 0 0 0 0 0 0 0 0 0 0 0 0 0 0 0 0 0 0 0 0 0 0 0 0 0 0 0 0 0 0 0 0 0 0 0 0 0 0 0 0 0 0 0 0 0 0 0 0 0 0 0 0 0 0 0 0
04/05/2025 18:48:35 - INFO - utils_ner -   segment_ids: 0 0 0 0 0 0 0 0 0 0 0 0 0 0 0 0 0 0 0 0 0 0 0 0 0 0 0 0 0 0 0 0 0 0 0 0 0 0 0 0 0 0 0 0 0 0 0 0 0 0 0 0 0 0 0 0 0 0 0 0 0 0 0 0 0 0 0 0 0 0 0 0 0 0 0 0 0 0 0 0 0 0 0 0 0 0 0 0 0 0 0 0 0 0 0 0 0 0 0 0 0 0 0 0 0 0 0 0 0 0 0 0 0 0 0 0 0 0 0 0 0 0 0 0 0 0 0 0 0 0 0 0 0 0 0 0 0 0 0 0 0 0 0 0 0 0 0 0 0 0 0 0 0 0 0 0 0 0 0 0 0 0 0 0
04/05/2025 18:48:35 - INFO - utils_ner -   label_ids: -100 1 -100 -100 -100 -100 0 -100 -100 0 -100 -100 1 -100 2 -100 2 2 -100 -100 -100 -100 -100 -100 -100 -100 -100 -100 -100 -100 -100 -100 -100 -100 -100 -100 -100 -100 -100 -100 -100 -100 -100 -100 -100 -100 -100 -100 -100 -100 -100 -100 -100 -100 -100 -100 -100 -100 -100 -100 -100 -100 -100 -100 -100 -100 -100 -100 -100 -100 -100 -100 -100 -100 -100 -100 -100 -100 -100 -100 -100 -100 -100 -100 -100 -100 -100 -100 -100 -100 -100 -100 -100 -100 -100 -100 -100 -100 -100 -100 -100 -100 -100 -100 -100 -100 -100 -100 -100 -100 -100 -100 -100 -100 -100 -100 -100 -100 -100 -100 -100 -100 -100 -100 -100 -100 -100 -100 -100 -100 -100 -100 -100 -100 -100 -100 -100 -100 -100 -100 -100 -100 -100 -100 -100 -100 -100 -100 -100 -100 -100 -100 -100 -100 -100 -100 -100 -100 -100 -100 -100 -100 -100 -100
04/05/2025 18:48:36 - INFO - __main__ -   Saving features into cached file data/cross-lingual-transfer-experiments/runyankore_salt_dataset/twi_rnk/cached_test_xlm-roberta-base_164
04/05/2025 18:48:36 - INFO - __main__ -   ***** Running evaluation  *****
04/05/2025 18:48:36 - INFO - __main__ -     Num examples = 6239
04/05/2025 18:48:36 - INFO - __main__ -     Batch size = 8
Evaluating: 100%|██████████████████████████████████████████████████████████████████████████████████████████████████████████████████████████████████████████| 780/780 [00:07<00:00, 102.99it/s]
04/05/2025 18:48:44 - INFO - __main__ -   ***** Eval results  *****
04/05/2025 18:48:44 - INFO - __main__ -     f1 = 0.830105633802817
04/05/2025 18:48:44 - INFO - __main__ -     loss = 0.0597687960930694
04/05/2025 18:48:44 - INFO - __main__ -     precision = 0.8250218722659668
04/05/2025 18:48:44 - INFO - __main__ -     recall = 0.8352524357838795
04/05/2025 18:48:44 - INFO - __main__ -     report =               precision    recall  f1-score   support

        DATE       0.76      0.79      0.77       281
         LOC       0.86      0.90      0.88       615
         ORG       0.71      0.62      0.66       120
         PER       0.88      0.83      0.85       113

   micro avg       0.83      0.84      0.83      1129
   macro avg       0.80      0.79      0.79      1129
weighted avg       0.82      0.84      0.83      1129
