2025-08-02 16:46:51,656 - INFO - Experiment started with model_type=xlmr, use_cls=False, use_context=False, context_window=1, use_hybrid=True, max_tokens_per_type=400, output_dir=rq2_train_scripts/Embeddings/MEXA_inspired_strategy/outputs/salt/xlmr/config_3_clsfalse_ctxfalse_hybtrue/tokens_400_ctx1
2025-08-02 16:46:53,425 - INFO - Processing run
2025-08-02 16:47:03,953 - INFO - Processing bam
2025-08-02 16:47:14,322 - INFO - Processing bbj
2025-08-02 16:47:25,028 - INFO - Processing ewe
2025-08-02 16:47:35,898 - INFO - Processing fon
2025-08-02 16:47:46,875 - INFO - Processing hau
2025-08-02 16:47:58,289 - INFO - Processing ibo
2025-08-02 16:48:08,964 - INFO - Processing kin
2025-08-02 16:48:20,296 - INFO - Processing lug
2025-08-02 16:48:31,160 - INFO - Processing luo
2025-08-02 16:48:42,840 - INFO - Processing mos
2025-08-02 16:48:54,629 - INFO - Processing nya
2025-08-02 16:49:06,165 - INFO - Processing pcm
2025-08-02 16:49:17,452 - INFO - Processing sna
2025-08-02 16:49:28,208 - INFO - Processing swa
2025-08-02 16:49:39,252 - INFO - Processing tsn
2025-08-02 16:49:50,241 - INFO - Processing twi
2025-08-02 16:50:02,011 - INFO - Processing wol
2025-08-02 16:50:13,418 - INFO - Processing xho
2025-08-02 16:50:24,185 - INFO - Processing yor
2025-08-02 16:50:35,554 - INFO - Processing zul
2025-08-02 16:50:47,592 - INFO - Top 5 languages most similar to Runyankore:
2025-08-02 16:50:47,592 - INFO - 1. lug - Mean Similarity: 0.8372
2025-08-02 16:50:47,592 - INFO - 2. kin - Mean Similarity: 0.8152
2025-08-02 16:50:47,592 - INFO - 3. luo - Mean Similarity: 0.8130
2025-08-02 16:50:47,592 - INFO - 4. ibo - Mean Similarity: 0.8033
2025-08-02 16:50:47,592 - INFO - 5. twi - Mean Similarity: 0.8023
2025-08-02 16:50:47,593 - INFO - Experiment finished successfully.
