2025-08-24 11:35:04,070 - INFO - Start: model_type=xlmr, run_both=False, use_cls=False, use_context=True, context_window=1, max_tokens_per_type=500, batch_size=32, seed=1, num_middle_layers=3, output_dir=rq2_train_scripts/Embeddings/EXTENDED/outputs/combined_extended/xlmr/config_6_clsfalse_ctxtrue_hybtrue/tokens_500_ctx1
2025-08-24 11:35:04,838 - INFO - xlmr: selected layer indices (hidden_states) = [2, 3, 10, 12]
2025-08-24 11:35:06,280 - INFO - Processing run
2025-08-24 11:35:07,036 - INFO - Processing bam
2025-08-24 11:35:07,446 - INFO - Processing bbj
2025-08-24 11:35:07,904 - INFO - Processing ewe
2025-08-24 11:35:08,623 - INFO - Processing fon
2025-08-24 11:35:09,214 - INFO - Processing hau
2025-08-24 11:35:09,815 - INFO - Processing ibo
2025-08-24 11:35:10,441 - INFO - Processing kin
2025-08-24 11:35:10,971 - INFO - Processing lug
2025-08-24 11:35:11,406 - INFO - Processing luo
2025-08-24 11:35:11,870 - INFO - Processing mos
2025-08-24 11:35:12,416 - INFO - Processing nya
2025-08-24 11:35:13,123 - INFO - Processing pcm
2025-08-24 11:35:13,961 - INFO - Processing sna
2025-08-24 11:35:14,856 - INFO - Processing swa
2025-08-24 11:35:15,727 - INFO - Processing tsn
2025-08-24 11:35:16,505 - INFO - Processing twi
2025-08-24 11:35:17,398 - INFO - Processing wol
2025-08-24 11:35:18,161 - INFO - Processing xho
2025-08-24 11:35:19,048 - INFO - Processing yor
2025-08-24 11:35:19,942 - INFO - Processing zul
2025-08-24 11:35:20,873 - INFO - Layer 2 (xlmr) — Top 5
2025-08-24 11:35:20,874 - INFO - 1. twi: r=0.9850
2025-08-24 11:35:20,874 - INFO - 2. kin: r=0.9849
2025-08-24 11:35:20,874 - INFO - 3. luo: r=0.9836
2025-08-24 11:35:20,874 - INFO - 4. ibo: r=0.9825
2025-08-24 11:35:20,874 - INFO - 5. lug: r=0.9823
2025-08-24 11:35:20,874 - INFO - Layer 2 (xlmr) — Worst 5
2025-08-24 11:35:20,874 - INFO - 1. fon: r=0.9634
2025-08-24 11:35:20,874 - INFO - 2. hau: r=0.9658
2025-08-24 11:35:20,874 - INFO - 3. bbj: r=0.9664
2025-08-24 11:35:20,874 - INFO - 4. yor: r=0.9674
2025-08-24 11:35:20,874 - INFO - 5. pcm: r=0.9687
2025-08-24 11:35:20,999 - INFO - Layer 3 (xlmr) — Top 5
2025-08-24 11:35:20,999 - INFO - 1. kin: r=0.9891
2025-08-24 11:35:20,999 - INFO - 2. twi: r=0.9885
2025-08-24 11:35:20,999 - INFO - 3. luo: r=0.9872
2025-08-24 11:35:20,999 - INFO - 4. lug: r=0.9871
2025-08-24 11:35:20,999 - INFO - 5. ibo: r=0.9868
2025-08-24 11:35:20,999 - INFO - Layer 3 (xlmr) — Worst 5
2025-08-24 11:35:20,999 - INFO - 1. fon: r=0.9736
2025-08-24 11:35:20,999 - INFO - 2. hau: r=0.9744
2025-08-24 11:35:20,999 - INFO - 3. bbj: r=0.9753
2025-08-24 11:35:20,999 - INFO - 4. pcm: r=0.9762
2025-08-24 11:35:20,999 - INFO - 5. yor: r=0.9771
2025-08-24 11:35:21,126 - INFO - Layer 10 (xlmr) — Top 5
2025-08-24 11:35:21,126 - INFO - 1. kin: r=0.9903
2025-08-24 11:35:21,126 - INFO - 2. twi: r=0.9893
2025-08-24 11:35:21,126 - INFO - 3. luo: r=0.9891
2025-08-24 11:35:21,126 - INFO - 4. lug: r=0.9888
2025-08-24 11:35:21,126 - INFO - 5. nya: r=0.9877
2025-08-24 11:35:21,126 - INFO - Layer 10 (xlmr) — Worst 5
2025-08-24 11:35:21,126 - INFO - 1. bbj: r=0.9708
2025-08-24 11:35:21,126 - INFO - 2. fon: r=0.9732
2025-08-24 11:35:21,126 - INFO - 3. yor: r=0.9748
2025-08-24 11:35:21,126 - INFO - 4. hau: r=0.9755
2025-08-24 11:35:21,126 - INFO - 5. pcm: r=0.9765
2025-08-24 11:35:21,253 - INFO - Layer 12 (xlmr) — Top 5
2025-08-24 11:35:21,253 - INFO - 1. kin: r=0.9993
2025-08-24 11:35:21,253 - INFO - 2. luo: r=0.9992
2025-08-24 11:35:21,253 - INFO - 3. nya: r=0.9992
2025-08-24 11:35:21,253 - INFO - 4. sna: r=0.9992
2025-08-24 11:35:21,253 - INFO - 5. lug: r=0.9991
2025-08-24 11:35:21,253 - INFO - Layer 12 (xlmr) — Worst 5
2025-08-24 11:35:21,253 - INFO - 1. fon: r=0.9975
2025-08-24 11:35:21,253 - INFO - 2. bbj: r=0.9975
2025-08-24 11:35:21,253 - INFO - 3. yor: r=0.9980
2025-08-24 11:35:21,253 - INFO - 4. hau: r=0.9980
2025-08-24 11:35:21,253 - INFO - 5. pcm: r=0.9983
2025-08-24 11:35:21,254 - INFO - Experiment finished successfully.
