2025-12-15 09:32:34,019 - INFO - Start: model_type=afroxlmr, use_cls=True, use_context=False, context_window=2, max_tokens_per_type=300, batch_size=64, output_dir=rq2_train_scripts/Embeddings/CLEAN/outputs/combined/afroxlmr/config_1_clstrue_ctxfalse/tokens_300_ctx2/core, save_prototypes=False, seed=42, fp16=True, max_length=96, langs=all, layers=all, span_mode=bio, pool=mean, entity_tags={'ORG', 'LOC', 'PER', 'DATE'}, title_suffix='L=all, tokens=300, ctx=2, cls=true, fp16=true'
2025-12-15 09:32:36,379 - INFO - Processing run
2025-12-15 09:32:36,773 - INFO - Processing bam
2025-12-15 09:32:36,823 - INFO - Processing bbj
2025-12-15 09:32:36,860 - INFO - Processing ewe
2025-12-15 09:32:36,893 - INFO - Processing fon
2025-12-15 09:32:36,943 - INFO - Processing hau
2025-12-15 09:32:37,012 - INFO - Processing ibo
2025-12-15 09:32:37,093 - INFO - Processing kin
2025-12-15 09:32:37,153 - INFO - Processing lug
2025-12-15 09:32:37,197 - INFO - Processing luo
2025-12-15 09:32:37,257 - INFO - Processing mos
2025-12-15 09:32:37,320 - INFO - Processing nya
2025-12-15 09:32:37,385 - INFO - Processing pcm
2025-12-15 09:32:37,438 - INFO - Processing sna
2025-12-15 09:32:37,498 - INFO - Processing swa
2025-12-15 09:32:37,558 - INFO - Processing tsn
2025-12-15 09:32:37,624 - INFO - Processing twi
2025-12-15 09:32:37,682 - INFO - Processing wol
2025-12-15 09:32:37,736 - INFO - Processing xho
2025-12-15 09:32:37,778 - INFO - Processing yor
2025-12-15 09:32:37,856 - INFO - Processing zul
2025-12-15 09:32:38,296 - INFO - === Layer 1 (afroxlmr) — Top 5 (cosine) ===
2025-12-15 09:32:38,297 - INFO - 1. twi: cos=0.9957
2025-12-15 09:32:38,297 - INFO - 2. luo: cos=0.9953
2025-12-15 09:32:38,297 - INFO - 3. ibo: cos=0.9951
2025-12-15 09:32:38,297 - INFO - 4. kin: cos=0.9946
2025-12-15 09:32:38,297 - INFO - 5. zul: cos=0.9941
2025-12-15 09:32:38,297 - INFO - === Layer 1 (afroxlmr) — Worst 5 (cosine) ===
2025-12-15 09:32:38,297 - INFO - 1. pcm: cos=0.9839
2025-12-15 09:32:38,297 - INFO - 2. swa: cos=0.9883
2025-12-15 09:32:38,297 - INFO - 3. hau: cos=0.9907
2025-12-15 09:32:38,297 - INFO - 4. xho: cos=0.9910
2025-12-15 09:32:38,297 - INFO - 5. fon: cos=0.9915
2025-12-15 09:32:38,415 - INFO - === Layer 2 (afroxlmr) — Top 5 (cosine) ===
2025-12-15 09:32:38,415 - INFO - 1. bam: cos=0.9998
2025-12-15 09:32:38,415 - INFO - 2. ibo: cos=0.9998
2025-12-15 09:32:38,415 - INFO - 3. zul: cos=0.9997
2025-12-15 09:32:38,415 - INFO - 4. hau: cos=0.9997
2025-12-15 09:32:38,415 - INFO - 5. ewe: cos=0.9997
2025-12-15 09:32:38,415 - INFO - === Layer 2 (afroxlmr) — Worst 5 (cosine) ===
2025-12-15 09:32:38,415 - INFO - 1. swa: cos=0.9964
2025-12-15 09:32:38,415 - INFO - 2. pcm: cos=0.9974
2025-12-15 09:32:38,415 - INFO - 3. luo: cos=0.9985
2025-12-15 09:32:38,415 - INFO - 4. bbj: cos=0.9991
2025-12-15 09:32:38,415 - INFO - 5. lug: cos=0.9994
2025-12-15 09:32:38,533 - INFO - === Layer 3 (afroxlmr) — Top 5 (cosine) ===
2025-12-15 09:32:38,533 - INFO - 1. twi: cos=1.0000
2025-12-15 09:32:38,533 - INFO - 2. ibo: cos=1.0000
2025-12-15 09:32:38,533 - INFO - 3. bam: cos=1.0000
2025-12-15 09:32:38,533 - INFO - 4. hau: cos=1.0000
2025-12-15 09:32:38,533 - INFO - 5. zul: cos=1.0000
2025-12-15 09:32:38,533 - INFO - === Layer 3 (afroxlmr) — Worst 5 (cosine) ===
2025-12-15 09:32:38,533 - INFO - 1. swa: cos=0.9998
2025-12-15 09:32:38,533 - INFO - 2. pcm: cos=0.9999
2025-12-15 09:32:38,533 - INFO - 3. luo: cos=0.9999
2025-12-15 09:32:38,533 - INFO - 4. bbj: cos=1.0000
2025-12-15 09:32:38,533 - INFO - 5. nya: cos=1.0000
2025-12-15 09:32:38,651 - INFO - === Layer 4 (afroxlmr) — Top 5 (cosine) ===
2025-12-15 09:32:38,651 - INFO - 1. twi: cos=1.0000
2025-12-15 09:32:38,651 - INFO - 2. lug: cos=1.0000
2025-12-15 09:32:38,651 - INFO - 3. kin: cos=1.0000
2025-12-15 09:32:38,652 - INFO - 4. bam: cos=1.0000
2025-12-15 09:32:38,652 - INFO - 5. ibo: cos=1.0000
2025-12-15 09:32:38,652 - INFO - === Layer 4 (afroxlmr) — Worst 5 (cosine) ===
2025-12-15 09:32:38,652 - INFO - 1. swa: cos=1.0000
2025-12-15 09:32:38,652 - INFO - 2. pcm: cos=1.0000
2025-12-15 09:32:38,652 - INFO - 3. xho: cos=1.0000
2025-12-15 09:32:38,652 - INFO - 4. sna: cos=1.0000
2025-12-15 09:32:38,652 - INFO - 5. bbj: cos=1.0000
2025-12-15 09:32:38,770 - INFO - === Layer 5 (afroxlmr) — Top 5 (cosine) ===
2025-12-15 09:32:38,770 - INFO - 1. twi: cos=1.0000
2025-12-15 09:32:38,770 - INFO - 2. luo: cos=1.0000
2025-12-15 09:32:38,770 - INFO - 3. tsn: cos=1.0000
2025-12-15 09:32:38,770 - INFO - 4. lug: cos=1.0000
2025-12-15 09:32:38,770 - INFO - 5. nya: cos=1.0000
2025-12-15 09:32:38,770 - INFO - === Layer 5 (afroxlmr) — Worst 5 (cosine) ===
2025-12-15 09:32:38,770 - INFO - 1. pcm: cos=1.0000
2025-12-15 09:32:38,770 - INFO - 2. hau: cos=1.0000
2025-12-15 09:32:38,770 - INFO - 3. xho: cos=1.0000
2025-12-15 09:32:38,770 - INFO - 4. wol: cos=1.0000
2025-12-15 09:32:38,770 - INFO - 5. bam: cos=1.0000
2025-12-15 09:32:38,888 - INFO - === Layer 6 (afroxlmr) — Top 5 (cosine) ===
2025-12-15 09:32:38,888 - INFO - 1. twi: cos=1.0000
2025-12-15 09:32:38,888 - INFO - 2. luo: cos=1.0000
2025-12-15 09:32:38,888 - INFO - 3. lug: cos=1.0000
2025-12-15 09:32:38,888 - INFO - 4. tsn: cos=1.0000
2025-12-15 09:32:38,888 - INFO - 5. nya: cos=1.0000
2025-12-15 09:32:38,888 - INFO - === Layer 6 (afroxlmr) — Worst 5 (cosine) ===
2025-12-15 09:32:38,888 - INFO - 1. pcm: cos=1.0000
2025-12-15 09:32:38,888 - INFO - 2. hau: cos=1.0000
2025-12-15 09:32:38,888 - INFO - 3. xho: cos=1.0000
2025-12-15 09:32:38,888 - INFO - 4. bam: cos=1.0000
2025-12-15 09:32:38,888 - INFO - 5. wol: cos=1.0000
2025-12-15 09:32:39,006 - INFO - === Layer 7 (afroxlmr) — Top 5 (cosine) ===
2025-12-15 09:32:39,006 - INFO - 1. twi: cos=1.0000
2025-12-15 09:32:39,006 - INFO - 2. pcm: cos=1.0000
2025-12-15 09:32:39,006 - INFO - 3. tsn: cos=1.0000
2025-12-15 09:32:39,006 - INFO - 4. lug: cos=1.0000
2025-12-15 09:32:39,006 - INFO - 5. mos: cos=1.0000
2025-12-15 09:32:39,006 - INFO - === Layer 7 (afroxlmr) — Worst 5 (cosine) ===
2025-12-15 09:32:39,006 - INFO - 1. wol: cos=1.0000
2025-12-15 09:32:39,006 - INFO - 2. bbj: cos=1.0000
2025-12-15 09:32:39,006 - INFO - 3. yor: cos=1.0000
2025-12-15 09:32:39,006 - INFO - 4. luo: cos=1.0000
2025-12-15 09:32:39,006 - INFO - 5. ewe: cos=1.0000
2025-12-15 09:32:39,186 - INFO - === Layer 8 (afroxlmr) — Top 5 (cosine) ===
2025-12-15 09:32:39,186 - INFO - 1. kin: cos=0.9995
2025-12-15 09:32:39,186 - INFO - 2. twi: cos=0.9994
2025-12-15 09:32:39,186 - INFO - 3. bam: cos=0.9994
2025-12-15 09:32:39,186 - INFO - 4. nya: cos=0.9993
2025-12-15 09:32:39,186 - INFO - 5. lug: cos=0.9993
2025-12-15 09:32:39,186 - INFO - === Layer 8 (afroxlmr) — Worst 5 (cosine) ===
2025-12-15 09:32:39,186 - INFO - 1. yor: cos=0.9982
2025-12-15 09:32:39,186 - INFO - 2. xho: cos=0.9985
2025-12-15 09:32:39,186 - INFO - 3. wol: cos=0.9986
2025-12-15 09:32:39,186 - INFO - 4. bbj: cos=0.9986
2025-12-15 09:32:39,186 - INFO - 5. mos: cos=0.9988
2025-12-15 09:32:39,305 - INFO - === Layer 9 (afroxlmr) — Top 5 (cosine) ===
2025-12-15 09:32:39,305 - INFO - 1. bam: cos=0.9985
2025-12-15 09:32:39,305 - INFO - 2. luo: cos=0.9979
2025-12-15 09:32:39,305 - INFO - 3. kin: cos=0.9969
2025-12-15 09:32:39,305 - INFO - 4. lug: cos=0.9969
2025-12-15 09:32:39,305 - INFO - 5. twi: cos=0.9961
2025-12-15 09:32:39,305 - INFO - === Layer 9 (afroxlmr) — Worst 5 (cosine) ===
2025-12-15 09:32:39,305 - INFO - 1. tsn: cos=0.9682
2025-12-15 09:32:39,305 - INFO - 2. yor: cos=0.9784
2025-12-15 09:32:39,305 - INFO - 3. ewe: cos=0.9845
2025-12-15 09:32:39,305 - INFO - 4. bbj: cos=0.9856
2025-12-15 09:32:39,305 - INFO - 5. sna: cos=0.9890
2025-12-15 09:32:39,423 - INFO - === Layer 10 (afroxlmr) — Top 5 (cosine) ===
2025-12-15 09:32:39,424 - INFO - 1. lug: cos=0.9997
2025-12-15 09:32:39,424 - INFO - 2. bam: cos=0.9994
2025-12-15 09:32:39,424 - INFO - 3. fon: cos=0.9993
2025-12-15 09:32:39,424 - INFO - 4. kin: cos=0.9990
2025-12-15 09:32:39,424 - INFO - 5. sna: cos=0.9988
2025-12-15 09:32:39,424 - INFO - === Layer 10 (afroxlmr) — Worst 5 (cosine) ===
2025-12-15 09:32:39,424 - INFO - 1. ewe: cos=0.9954
2025-12-15 09:32:39,424 - INFO - 2. yor: cos=0.9957
2025-12-15 09:32:39,424 - INFO - 3. xho: cos=0.9968
2025-12-15 09:32:39,424 - INFO - 4. wol: cos=0.9971
2025-12-15 09:32:39,424 - INFO - 5. luo: cos=0.9972
2025-12-15 09:32:39,541 - INFO - === Layer 11 (afroxlmr) — Top 5 (cosine) ===
2025-12-15 09:32:39,542 - INFO - 1. hau: cos=0.9963
2025-12-15 09:32:39,542 - INFO - 2. ibo: cos=0.9956
2025-12-15 09:32:39,542 - INFO - 3. twi: cos=0.9955
2025-12-15 09:32:39,542 - INFO - 4. sna: cos=0.9945
2025-12-15 09:32:39,542 - INFO - 5. zul: cos=0.9942
2025-12-15 09:32:39,542 - INFO - === Layer 11 (afroxlmr) — Worst 5 (cosine) ===
2025-12-15 09:32:39,542 - INFO - 1. wol: cos=0.9843
2025-12-15 09:32:39,542 - INFO - 2. mos: cos=0.9856
2025-12-15 09:32:39,542 - INFO - 3. ewe: cos=0.9862
2025-12-15 09:32:39,542 - INFO - 4. bbj: cos=0.9867
2025-12-15 09:32:39,542 - INFO - 5. fon: cos=0.9895
2025-12-15 09:32:39,661 - INFO - === Layer 12 (afroxlmr) — Top 5 (cosine) ===
2025-12-15 09:32:39,661 - INFO - 1. twi: cos=0.9598
2025-12-15 09:32:39,661 - INFO - 2. pcm: cos=0.9523
2025-12-15 09:32:39,661 - INFO - 3. kin: cos=0.9483
2025-12-15 09:32:39,661 - INFO - 4. fon: cos=0.9362
2025-12-15 09:32:39,661 - INFO - 5. nya: cos=0.9341
2025-12-15 09:32:39,661 - INFO - === Layer 12 (afroxlmr) — Worst 5 (cosine) ===
2025-12-15 09:32:39,661 - INFO - 1. yor: cos=0.8386
2025-12-15 09:32:39,661 - INFO - 2. bbj: cos=0.8624
2025-12-15 09:32:39,661 - INFO - 3. bam: cos=0.8747
2025-12-15 09:32:39,661 - INFO - 4. xho: cos=0.8924
2025-12-15 09:32:39,661 - INFO - 5. luo: cos=0.8961
2025-12-15 09:32:39,662 - INFO - Experiment finished successfully.
