2025-08-24 11:37:35,938 - INFO - Start: model_type=mbert, run_both=False, use_cls=False, use_context=True, context_window=0, max_tokens_per_type=300, batch_size=32, seed=1, num_middle_layers=3, output_dir=rq2_train_scripts/Embeddings/EXTENDED/outputs/salt_extended/mbert/config_2_clsfalse_ctxtrue_hybfalse/tokens_300_ctx022025-08-24 11:37:36,525 - INFO - mbert: selected layer indices (hidden_states) = [2, 3, 10, 122025-08-24 11:37:37,722 - INFO - Processing run
2025-08-24 11:37:38,225 - INFO - Processing bam
202025-08-24 11:37:38,418 - INFO - Processing bb202025-08-24 11:37:38,876 - INFO - Processing ewe
2025-08-24 11:37:39,067 - INFO - Processing fon
2025-08-24 11:37:39,240 - INFO - Processing hau
2025-08-24 11:37:39,456 - INFO - Processing ibo
2025-08-24 11:37:39,688 - INFO - Processing kin
2025-08-24 11:37:39,874 - INFO - Processing lug
2025-08-24 11:37:40,067 - INFO - Processing luo
2025-08-24 11:37:40,245 - INFO - Processing mos
2025-08-24 11:37:40,419 - INFO - Processing nya
2025-08-24 11:37:40,643 - INFO - Processing pcm
2025-08-24 11:37:40,900 - INFO - Processing sna
2025-08-24 11:37:41,084 - INFO - Processing swa
2025-08-24 11:37:41,195 - INFO - Processing tsn
2025-08-24 11:37:41,287 - INFO - Processing twi
2025-08-24 11:37:41,383 - INFO - Processing wol
2025-08-24 11:37:41,489 - INFO - Processing xho
2025-08-24 11:37:41,584 - INFO - Processing yor
2025-08-24 11:37:41,743 - INFO - Processing zul
2025-08-24 11:37:42,094 - INFO - Layer 2 (mbert) — Top 5
2025-08-24 11:37:42,094 - INFO - 1. lug: r=0.9324
2025-08-24 11:37:42,094 - INFO - 2. twi: r=0.9304
2025-08-24 11:37:42,094 - INFO - 3. kin: r=0.9301
2025-08-24 11:37:42,094 - INFO - 4. luo: r=0.9284
2025-08-24 11:37:42,094 - INFO - 5. swa: r=0.9228
2025-08-24 11:37:42,094 - INFO - Layer 2 (mbert) — Worst 5
2025-08-24 11:37:42,094 - INFO - 1. bbj: r=0.7705
2025-08-24 11:37:42,094 - INFO - 2. yor: r=0.7946
2025-08-24 11:37:42,094 - INFO - 3. fon: r=0.8291
2025-08-24 11:37:42,094 - INFO - 4. bam: r=0.8574
2025-08-24 11:37:42,094 - INFO - 5. mos: r=0.8717
2025-08-24 11:37:42,225 - INFO - Layer 3 (mbert) — Top 5
2025-08-24 11:37:42,225 - INFO - 1. kin: r=0.9575
2025-08-24 11:37:42,225 - INFO - 2. lug: r=0.9554
2025-08-24 11:37:42,225 - INFO - 3. luo: r=0.9533
2025-08-24 11:37:42,225 - INFO - 4. twi: r=0.9530
2025-08-24 11:37:42,225 - INFO - 5. swa: r=0.9470
2025-08-24 11:37:42,225 - INFO - Layer 3 (mbert) — Worst 5
2025-08-24 11:37:42,225 - INFO - 1. bbj: r=0.8519
2025-08-24 11:37:42,225 - INFO - 2. yor: r=0.8662
2025-08-24 11:37:42,225 - INFO - 3. fon: r=0.8868
2025-08-24 11:37:42,225 - INFO - 4. bam: r=0.9086
2025-08-24 11:37:42,225 - INFO - 5. mos: r=0.9200
2025-08-24 11:37:42,357 - INFO - Layer 10 (mbert) — Top 5
2025-08-24 11:37:42,357 - INFO - 1. lug: r=0.9852
2025-08-24 11:37:42,357 - INFO - 2. kin: r=0.9852
2025-08-24 11:37:42,357 - INFO - 3. twi: r=0.9843
2025-08-24 11:37:42,357 - INFO - 4. luo: r=0.9833
2025-08-24 11:37:42,357 - INFO - 5. swa: r=0.9829
2025-08-24 11:37:42,357 - INFO - Layer 10 (mbert) — Worst 5
2025-08-24 11:37:42,357 - INFO - 1. bbj: r=0.9493
2025-08-24 11:37:42,357 - INFO - 2. yor: r=0.9516
2025-08-24 11:37:42,357 - INFO - 3. fon: r=0.9625
2025-08-24 11:37:42,357 - INFO - 4. mos: r=0.9645
2025-08-24 11:37:42,357 - INFO - 5. pcm: r=0.9688
2025-08-24 11:37:42,477 - INFO - Layer 12 (mbert) — Top 5
2025-08-24 11:37:42,477 - INFO - 1. lug: r=0.9428
2025-08-24 11:37:42,477 - INFO - 2. kin: r=0.9376
2025-08-24 11:37:42,477 - INFO - 3. luo: r=0.9331
2025-08-24 11:37:42,477 - INFO - 4. twi: r=0.9324
2025-08-24 11:37:42,477 - INFO - 5. ibo: r=0.9214
2025-08-24 11:37:42,477 - INFO - Layer 12 (mbert) — Worst 5
2025-08-24 11:37:42,477 - INFO - 1. bbj: r=0.8037
2025-08-24 11:37:42,477 - INFO - 2. yor: r=0.8069
2025-08-24 11:37:42,477 - INFO - 3. fon: r=0.8645
2025-08-24 11:37:42,477 - INFO - 4. mos: r=0.8684
2025-08-24 11:37:42,477 - INFO - 5. pcm: r=0.8711
2025-08-24 11:37:42,478 - INFO - Experiment finished successfully.
