2025-08-27 10:42:11,867 - INFO - Start: model_type=mbert, use_cls=True, use_context=True, context_window=2, max_tokens_per_type=300, batch_size=64, output_dir=rq2_train_scripts/Embeddings/CLEAN/outputs/salt/mbert/config_3_clstrue_ctxtrue/tokens_300_ctx2/core, save_prototypes=False, seed=42, fp16=True, max_length=96, langs=all, layers=all, span_mode=bio, pool=mean, entity_tags={'DATE', 'ORG', 'LOC', 'PER'}, title_suffix='L=all, tokens=300, ctx=2, cls=true, fp16=true'
2025-08-27 10:42:13,407 - INFO - Processing run
2025-08-27 10:42:13,925 - INFO - Processing bam
2025-08-27 10:42:13,982 - INFO - Processing bbj
2025-08-27 10:42:14,026 - INFO - Processing ewe
2025-08-27 10:42:14,063 - INFO - Processing fon
2025-08-27 10:42:14,115 - INFO - Processing hau
2025-08-27 10:42:14,178 - INFO - Processing ibo
2025-08-27 10:42:14,268 - INFO - Processing kin
2025-08-27 10:42:14,335 - INFO - Processing lug
2025-08-27 10:42:14,383 - INFO - Processing luo
2025-08-27 10:42:14,444 - INFO - Processing mos
2025-08-27 10:42:14,506 - INFO - Processing nya
2025-08-27 10:42:14,571 - INFO - Processing pcm
2025-08-27 10:42:14,626 - INFO - Processing sna
2025-08-27 10:42:14,689 - INFO - Processing swa
2025-08-27 10:42:14,757 - INFO - Processing tsn
2025-08-27 10:42:14,804 - INFO - Processing twi
2025-08-27 10:42:14,862 - INFO - Processing wol
2025-08-27 10:42:14,919 - INFO - Processing xho
2025-08-27 10:42:14,966 - INFO - Processing yor
2025-08-27 10:42:15,047 - INFO - Processing zul
2025-08-27 10:42:15,447 - INFO - === Layer 1 (mbert) — Top 5 (cosine) ===
2025-08-27 10:42:15,447 - INFO - 1. hau: cos=0.9997
2025-08-27 10:42:15,447 - INFO - 2. lug: cos=0.9997
2025-08-27 10:42:15,447 - INFO - 3. sna: cos=0.9996
2025-08-27 10:42:15,447 - INFO - 4. nya: cos=0.9996
2025-08-27 10:42:15,447 - INFO - 5. xho: cos=0.9996
2025-08-27 10:42:15,447 - INFO - === Layer 1 (mbert) — Worst 5 (cosine) ===
2025-08-27 10:42:15,447 - INFO - 1. pcm: cos=0.9986
2025-08-27 10:42:15,447 - INFO - 2. fon: cos=0.9987
2025-08-27 10:42:15,447 - INFO - 3. yor: cos=0.9988
2025-08-27 10:42:15,447 - INFO - 4. bbj: cos=0.9990
2025-08-27 10:42:15,447 - INFO - 5. ewe: cos=0.9992
2025-08-27 10:42:15,612 - INFO - === Layer 2 (mbert) — Top 5 (cosine) ===
2025-08-27 10:42:15,612 - INFO - 1. hau: cos=1.0000
2025-08-27 10:42:15,612 - INFO - 2. lug: cos=1.0000
2025-08-27 10:42:15,612 - INFO - 3. nya: cos=0.9999
2025-08-27 10:42:15,612 - INFO - 4. xho: cos=0.9999
2025-08-27 10:42:15,612 - INFO - 5. kin: cos=0.9999
2025-08-27 10:42:15,612 - INFO - === Layer 2 (mbert) — Worst 5 (cosine) ===
2025-08-27 10:42:15,612 - INFO - 1. fon: cos=0.9998
2025-08-27 10:42:15,612 - INFO - 2. pcm: cos=0.9998
2025-08-27 10:42:15,612 - INFO - 3. yor: cos=0.9998
2025-08-27 10:42:15,612 - INFO - 4. bbj: cos=0.9998
2025-08-27 10:42:15,612 - INFO - 5. ewe: cos=0.9999
2025-08-27 10:42:15,869 - INFO - === Layer 3 (mbert) — Top 5 (cosine) ===
2025-08-27 10:42:15,875 - INFO - 1. hau: cos=1.0000
2025-08-27 10:42:15,875 - INFO - 2. lug: cos=1.0000
2025-08-27 10:42:15,875 - INFO - 3. kin: cos=1.0000
2025-08-27 10:42:15,875 - INFO - 4. nya: cos=1.0000
2025-08-27 10:42:15,875 - INFO - 5. sna: cos=1.0000
2025-08-27 10:42:15,875 - INFO - === Layer 3 (mbert) — Worst 5 (cosine) ===
2025-08-27 10:42:15,875 - INFO - 1. pcm: cos=0.9999
2025-08-27 10:42:15,875 - INFO - 2. fon: cos=0.9999
2025-08-27 10:42:15,875 - INFO - 3. yor: cos=0.9999
2025-08-27 10:42:15,875 - INFO - 4. bbj: cos=0.9999
2025-08-27 10:42:15,875 - INFO - 5. ewe: cos=0.9999
2025-08-27 10:42:16,227 - INFO - === Layer 4 (mbert) — Top 5 (cosine) ===
2025-08-27 10:42:16,228 - INFO - 1. kin: cos=0.9999
2025-08-27 10:42:16,228 - INFO - 2. sna: cos=0.9999
2025-08-27 10:42:16,228 - INFO - 3. lug: cos=0.9999
2025-08-27 10:42:16,228 - INFO - 4. zul: cos=0.9999
2025-08-27 10:42:16,228 - INFO - 5. hau: cos=0.9999
2025-08-27 10:42:16,228 - INFO - === Layer 4 (mbert) — Worst 5 (cosine) ===
2025-08-27 10:42:16,228 - INFO - 1. pcm: cos=0.9996
2025-08-27 10:42:16,228 - INFO - 2. yor: cos=0.9997
2025-08-27 10:42:16,228 - INFO - 3. bbj: cos=0.9997
2025-08-27 10:42:16,228 - INFO - 4. ewe: cos=0.9998
2025-08-27 10:42:16,228 - INFO - 5. fon: cos=0.9998
2025-08-27 10:42:16,566 - INFO - === Layer 5 (mbert) — Top 5 (cosine) ===
2025-08-27 10:42:16,566 - INFO - 1. kin: cos=0.9926
2025-08-27 10:42:16,566 - INFO - 2. lug: cos=0.9925
2025-08-27 10:42:16,566 - INFO - 3. luo: cos=0.9913
2025-08-27 10:42:16,566 - INFO - 4. nya: cos=0.9909
2025-08-27 10:42:16,566 - INFO - 5. tsn: cos=0.9904
2025-08-27 10:42:16,566 - INFO - === Layer 5 (mbert) — Worst 5 (cosine) ===
2025-08-27 10:42:16,566 - INFO - 1. bbj: cos=0.9703
2025-08-27 10:42:16,566 - INFO - 2. yor: cos=0.9741
2025-08-27 10:42:16,566 - INFO - 3. fon: cos=0.9766
2025-08-27 10:42:16,566 - INFO - 4. pcm: cos=0.9785
2025-08-27 10:42:16,566 - INFO - 5. swa: cos=0.9806
2025-08-27 10:42:17,051 - INFO - === Layer 6 (mbert) — Top 5 (cosine) ===
2025-08-27 10:42:17,052 - INFO - 1. lug: cos=0.9877
2025-08-27 10:42:17,052 - INFO - 2. kin: cos=0.9870
2025-08-27 10:42:17,052 - INFO - 3. hau: cos=0.9844
2025-08-27 10:42:17,052 - INFO - 4. luo: cos=0.9831
2025-08-27 10:42:17,052 - INFO - 5. sna: cos=0.9830
2025-08-27 10:42:17,052 - INFO - === Layer 6 (mbert) — Worst 5 (cosine) ===
2025-08-27 10:42:17,052 - INFO - 1. bbj: cos=0.9561
2025-08-27 10:42:17,052 - INFO - 2. yor: cos=0.9588
2025-08-27 10:42:17,052 - INFO - 3. fon: cos=0.9607
2025-08-27 10:42:17,052 - INFO - 4. pcm: cos=0.9636
2025-08-27 10:42:17,052 - INFO - 5. swa: cos=0.9671
2025-08-27 10:42:17,309 - INFO - === Layer 7 (mbert) — Top 5 (cosine) ===
2025-08-27 10:42:17,321 - INFO - 1. kin: cos=0.9888
2025-08-27 10:42:17,321 - INFO - 2. sna: cos=0.9873
2025-08-27 10:42:17,321 - INFO - 3. lug: cos=0.9870
2025-08-27 10:42:17,321 - INFO - 4. hau: cos=0.9848
2025-08-27 10:42:17,321 - INFO - 5. mos: cos=0.9831
2025-08-27 10:42:17,321 - INFO - === Layer 7 (mbert) — Worst 5 (cosine) ===
2025-08-27 10:42:17,321 - INFO - 1. bbj: cos=0.9558
2025-08-27 10:42:17,321 - INFO - 2. yor: cos=0.9560
2025-08-27 10:42:17,321 - INFO - 3. swa: cos=0.9601
2025-08-27 10:42:17,321 - INFO - 4. bam: cos=0.9632
2025-08-27 10:42:17,322 - INFO - 5. fon: cos=0.9665
2025-08-27 10:42:17,637 - INFO - === Layer 8 (mbert) — Top 5 (cosine) ===
2025-08-27 10:42:17,637 - INFO - 1. sna: cos=0.9769
2025-08-27 10:42:17,637 - INFO - 2. kin: cos=0.9753
2025-08-27 10:42:17,638 - INFO - 3. hau: cos=0.9753
2025-08-27 10:42:17,638 - INFO - 4. lug: cos=0.9751
2025-08-27 10:42:17,638 - INFO - 5. zul: cos=0.9730
2025-08-27 10:42:17,638 - INFO - === Layer 8 (mbert) — Worst 5 (cosine) ===
2025-08-27 10:42:17,638 - INFO - 1. bbj: cos=0.9320
2025-08-27 10:42:17,638 - INFO - 2. swa: cos=0.9362
2025-08-27 10:42:17,638 - INFO - 3. yor: cos=0.9382
2025-08-27 10:42:17,638 - INFO - 4. pcm: cos=0.9417
2025-08-27 10:42:17,638 - INFO - 5. bam: cos=0.9477
2025-08-27 10:42:17,930 - INFO - === Layer 9 (mbert) — Top 5 (cosine) ===
2025-08-27 10:42:17,930 - INFO - 1. sna: cos=0.9823
2025-08-27 10:42:17,930 - INFO - 2. lug: cos=0.9816
2025-08-27 10:42:17,930 - INFO - 3. hau: cos=0.9811
2025-08-27 10:42:17,930 - INFO - 4. kin: cos=0.9799
2025-08-27 10:42:17,930 - INFO - 5. zul: cos=0.9798
2025-08-27 10:42:17,930 - INFO - === Layer 9 (mbert) — Worst 5 (cosine) ===
2025-08-27 10:42:17,930 - INFO - 1. bbj: cos=0.9471
2025-08-27 10:42:17,930 - INFO - 2. pcm: cos=0.9484
2025-08-27 10:42:17,930 - INFO - 3. yor: cos=0.9487
2025-08-27 10:42:17,930 - INFO - 4. swa: cos=0.9492
2025-08-27 10:42:17,930 - INFO - 5. bam: cos=0.9579
2025-08-27 10:42:18,186 - INFO - === Layer 10 (mbert) — Top 5 (cosine) ===
2025-08-27 10:42:18,186 - INFO - 1. lug: cos=0.9881
2025-08-27 10:42:18,186 - INFO - 2. sna: cos=0.9839
2025-08-27 10:42:18,186 - INFO - 3. nya: cos=0.9829
2025-08-27 10:42:18,186 - INFO - 4. hau: cos=0.9819
2025-08-27 10:42:18,186 - INFO - 5. kin: cos=0.9816
2025-08-27 10:42:18,186 - INFO - === Layer 10 (mbert) — Worst 5 (cosine) ===
2025-08-27 10:42:18,186 - INFO - 1. yor: cos=0.9500
2025-08-27 10:42:18,186 - INFO - 2. pcm: cos=0.9542
2025-08-27 10:42:18,186 - INFO - 3. bbj: cos=0.9548
2025-08-27 10:42:18,186 - INFO - 4. swa: cos=0.9560
2025-08-27 10:42:18,186 - INFO - 5. bam: cos=0.9623
2025-08-27 10:42:18,464 - INFO - === Layer 11 (mbert) — Top 5 (cosine) ===
2025-08-27 10:42:18,464 - INFO - 1. lug: cos=0.9912
2025-08-27 10:42:18,464 - INFO - 2. nya: cos=0.9858
2025-08-27 10:42:18,464 - INFO - 3. sna: cos=0.9855
2025-08-27 10:42:18,464 - INFO - 4. kin: cos=0.9854
2025-08-27 10:42:18,464 - INFO - 5. hau: cos=0.9842
2025-08-27 10:42:18,464 - INFO - === Layer 11 (mbert) — Worst 5 (cosine) ===
2025-08-27 10:42:18,464 - INFO - 1. yor: cos=0.9521
2025-08-27 10:42:18,464 - INFO - 2. pcm: cos=0.9553
2025-08-27 10:42:18,464 - INFO - 3. bbj: cos=0.9580
2025-08-27 10:42:18,465 - INFO - 4. bam: cos=0.9643
2025-08-27 10:42:18,465 - INFO - 5. swa: cos=0.9654
2025-08-27 10:42:18,769 - INFO - === Layer 12 (mbert) — Top 5 (cosine) ===
2025-08-27 10:42:18,769 - INFO - 1. lug: cos=0.9860
2025-08-27 10:42:18,769 - INFO - 2. kin: cos=0.9774
2025-08-27 10:42:18,769 - INFO - 3. nya: cos=0.9770
2025-08-27 10:42:18,769 - INFO - 4. sna: cos=0.9769
2025-08-27 10:42:18,769 - INFO - 5. hau: cos=0.9746
2025-08-27 10:42:18,769 - INFO - === Layer 12 (mbert) — Worst 5 (cosine) ===
2025-08-27 10:42:18,769 - INFO - 1. bbj: cos=0.8665
2025-08-27 10:42:18,769 - INFO - 2. fon: cos=0.9296
2025-08-27 10:42:18,769 - INFO - 3. pcm: cos=0.9305
2025-08-27 10:42:18,770 - INFO - 4. bam: cos=0.9355
2025-08-27 10:42:18,770 - INFO - 5. yor: cos=0.9414
2025-08-27 10:42:18,770 - INFO - Experiment finished successfully.
