2025-08-02 21:49:49,265 - INFO - Experiment started with model_type=mbert, use_cls=False, use_context=False, context_window=2, use_hybrid=False, max_tokens_per_type=500, output_dir=rq2_train_scripts/Embeddings/MEXA_inspired_strategy/outputs/combined/mbert/config_0_clsfalse_ctxfalse_hybfalse/tokens_500_ctx2
2025-08-02 21:49:50,520 - INFO - Processing run
2025-08-02 21:49:54,197 - INFO - Processing bam
2025-08-02 21:49:57,489 - INFO - Processing bbj
2025-08-02 21:50:01,161 - INFO - Processing ewe
2025-08-02 21:50:04,781 - INFO - Processing fon
2025-08-02 21:50:08,454 - INFO - Processing hau
2025-08-02 21:50:12,133 - INFO - Processing ibo
2025-08-02 21:50:15,865 - INFO - Processing kin
2025-08-02 21:50:19,554 - INFO - Processing lug
2025-08-02 21:50:23,186 - INFO - Processing luo
2025-08-02 21:50:26,824 - INFO - Processing mos
2025-08-02 21:50:30,479 - INFO - Processing nya
2025-08-02 21:50:34,230 - INFO - Processing pcm
2025-08-02 21:50:37,864 - INFO - Processing sna
2025-08-02 21:50:41,542 - INFO - Processing swa
2025-08-02 21:50:45,187 - INFO - Processing tsn
2025-08-02 21:50:48,814 - INFO - Processing twi
2025-08-02 21:50:52,469 - INFO - Processing wol
2025-08-02 21:50:56,126 - INFO - Processing xho
2025-08-02 21:50:59,761 - INFO - Processing yor
2025-08-02 21:51:03,457 - INFO - Processing zul
2025-08-02 21:51:07,504 - INFO - Top 5 languages most similar to Runyankore:
2025-08-02 21:51:07,505 - INFO - 1. lug - Mean Similarity: 0.9573
2025-08-02 21:51:07,505 - INFO - 2. kin - Mean Similarity: 0.9469
2025-08-02 21:51:07,505 - INFO - 3. luo - Mean Similarity: 0.9451
2025-08-02 21:51:07,505 - INFO - 4. ibo - Mean Similarity: 0.9356
2025-08-02 21:51:07,505 - INFO - 5. twi - Mean Similarity: 0.9331
2025-08-02 21:51:07,505 - INFO - Experiment finished successfully.
