2025-08-27 10:39:11,983 - INFO - Start: model_type=mbert, use_cls=True, use_context=True, context_window=0, max_tokens_per_type=500, batch_size=64, output_dir=rq2_train_scripts/Embeddings/CLEAN/outputs/salt/mbert/config_3_clstrue_ctxtrue/tokens_500_ctx0/core, save_prototypes=False, seed=42, fp16=True, max_length=96, langs=all, layers=all, span_mode=bio, pool=mean, entity_tags={'LOC', 'ORG', 'PER', 'DATE'}, title_suffix='L=all, tokens=500, ctx=0, cls=true, fp16=true'
2025-08-27 10:39:13,508 - INFO - Processing run
2025-08-27 10:39:13,976 - INFO - Processing bam
2025-08-27 10:39:14,037 - INFO - Processing bbj
2025-08-27 10:39:14,080 - INFO - Processing ewe
2025-08-27 10:39:14,134 - INFO - Processing fon
2025-08-27 10:39:14,210 - INFO - Processing hau
2025-08-27 10:39:14,279 - INFO - Processing ibo
2025-08-27 10:39:14,374 - INFO - Processing kin
2025-08-27 10:39:14,448 - INFO - Processing lug
2025-08-27 10:39:14,508 - INFO - Processing luo
2025-08-27 10:39:14,582 - INFO - Processing mos
2025-08-27 10:39:14,693 - INFO - Processing nya
2025-08-27 10:39:14,763 - INFO - Processing pcm
2025-08-27 10:39:14,827 - INFO - Processing sna
2025-08-27 10:39:14,885 - INFO - Processing swa
2025-08-27 10:39:14,961 - INFO - Processing tsn
2025-08-27 10:39:15,017 - INFO - Processing twi
2025-08-27 10:39:15,079 - INFO - Processing wol
2025-08-27 10:39:15,141 - INFO - Processing xho
2025-08-27 10:39:15,195 - INFO - Processing yor
2025-08-27 10:39:15,282 - INFO - Processing zul
2025-08-27 10:39:15,692 - INFO - === Layer 1 (mbert) — Top 5 (cosine) ===
2025-08-27 10:39:15,692 - INFO - 1. lug: cos=0.9995
2025-08-27 10:39:15,692 - INFO - 2. ibo: cos=0.9993
2025-08-27 10:39:15,692 - INFO - 3. kin: cos=0.9993
2025-08-27 10:39:15,692 - INFO - 4. swa: cos=0.9992
2025-08-27 10:39:15,692 - INFO - 5. luo: cos=0.9991
2025-08-27 10:39:15,692 - INFO - === Layer 1 (mbert) — Worst 5 (cosine) ===
2025-08-27 10:39:15,692 - INFO - 1. ewe: cos=0.9943
2025-08-27 10:39:15,692 - INFO - 2. xho: cos=0.9970
2025-08-27 10:39:15,692 - INFO - 3. bbj: cos=0.9975
2025-08-27 10:39:15,692 - INFO - 4. yor: cos=0.9978
2025-08-27 10:39:15,692 - INFO - 5. mos: cos=0.9978
2025-08-27 10:39:15,813 - INFO - === Layer 2 (mbert) — Top 5 (cosine) ===
2025-08-27 10:39:15,813 - INFO - 1. lug: cos=0.9999
2025-08-27 10:39:15,813 - INFO - 2. kin: cos=0.9999
2025-08-27 10:39:15,813 - INFO - 3. ibo: cos=0.9999
2025-08-27 10:39:15,813 - INFO - 4. swa: cos=0.9999
2025-08-27 10:39:15,814 - INFO - 5. luo: cos=0.9999
2025-08-27 10:39:15,814 - INFO - === Layer 2 (mbert) — Worst 5 (cosine) ===
2025-08-27 10:39:15,814 - INFO - 1. ewe: cos=0.9989
2025-08-27 10:39:15,814 - INFO - 2. xho: cos=0.9995
2025-08-27 10:39:15,814 - INFO - 3. bbj: cos=0.9996
2025-08-27 10:39:15,814 - INFO - 4. yor: cos=0.9996
2025-08-27 10:39:15,814 - INFO - 5. mos: cos=0.9997
2025-08-27 10:39:15,939 - INFO - === Layer 3 (mbert) — Top 5 (cosine) ===
2025-08-27 10:39:15,939 - INFO - 1. kin: cos=1.0000
2025-08-27 10:39:15,939 - INFO - 2. lug: cos=1.0000
2025-08-27 10:39:15,939 - INFO - 3. luo: cos=1.0000
2025-08-27 10:39:15,939 - INFO - 4. tsn: cos=1.0000
2025-08-27 10:39:15,939 - INFO - 5. swa: cos=1.0000
2025-08-27 10:39:15,939 - INFO - === Layer 3 (mbert) — Worst 5 (cosine) ===
2025-08-27 10:39:15,939 - INFO - 1. ewe: cos=0.9998
2025-08-27 10:39:15,939 - INFO - 2. bbj: cos=0.9999
2025-08-27 10:39:15,939 - INFO - 3. xho: cos=0.9999
2025-08-27 10:39:15,939 - INFO - 4. yor: cos=0.9999
2025-08-27 10:39:15,939 - INFO - 5. mos: cos=0.9999
2025-08-27 10:39:16,068 - INFO - === Layer 4 (mbert) — Top 5 (cosine) ===
2025-08-27 10:39:16,068 - INFO - 1. kin: cos=0.9999
2025-08-27 10:39:16,068 - INFO - 2. hau: cos=0.9999
2025-08-27 10:39:16,068 - INFO - 3. luo: cos=0.9999
2025-08-27 10:39:16,068 - INFO - 4. twi: cos=0.9999
2025-08-27 10:39:16,068 - INFO - 5. ibo: cos=0.9999
2025-08-27 10:39:16,068 - INFO - === Layer 4 (mbert) — Worst 5 (cosine) ===
2025-08-27 10:39:16,068 - INFO - 1. ewe: cos=0.9996
2025-08-27 10:39:16,068 - INFO - 2. pcm: cos=0.9997
2025-08-27 10:39:16,068 - INFO - 3. xho: cos=0.9997
2025-08-27 10:39:16,068 - INFO - 4. yor: cos=0.9997
2025-08-27 10:39:16,068 - INFO - 5. swa: cos=0.9997
2025-08-27 10:39:16,213 - INFO - === Layer 5 (mbert) — Top 5 (cosine) ===
2025-08-27 10:39:16,213 - INFO - 1. luo: cos=0.9957
2025-08-27 10:39:16,213 - INFO - 2. twi: cos=0.9948
2025-08-27 10:39:16,213 - INFO - 3. tsn: cos=0.9940
2025-08-27 10:39:16,213 - INFO - 4. sna: cos=0.9939
2025-08-27 10:39:16,213 - INFO - 5. kin: cos=0.9938
2025-08-27 10:39:16,213 - INFO - === Layer 5 (mbert) — Worst 5 (cosine) ===
2025-08-27 10:39:16,213 - INFO - 1. yor: cos=0.9816
2025-08-27 10:39:16,213 - INFO - 2. mos: cos=0.9835
2025-08-27 10:39:16,213 - INFO - 3. bbj: cos=0.9840
2025-08-27 10:39:16,213 - INFO - 4. pcm: cos=0.9872
2025-08-27 10:39:16,213 - INFO - 5. ewe: cos=0.9873
2025-08-27 10:39:16,395 - INFO - === Layer 6 (mbert) — Top 5 (cosine) ===
2025-08-27 10:39:16,395 - INFO - 1. luo: cos=0.9916
2025-08-27 10:39:16,395 - INFO - 2. twi: cos=0.9912
2025-08-27 10:39:16,395 - INFO - 3. tsn: cos=0.9907
2025-08-27 10:39:16,395 - INFO - 4. kin: cos=0.9895
2025-08-27 10:39:16,395 - INFO - 5. sna: cos=0.9877
2025-08-27 10:39:16,395 - INFO - === Layer 6 (mbert) — Worst 5 (cosine) ===
2025-08-27 10:39:16,395 - INFO - 1. yor: cos=0.9654
2025-08-27 10:39:16,395 - INFO - 2. bbj: cos=0.9668
2025-08-27 10:39:16,395 - INFO - 3. mos: cos=0.9726
2025-08-27 10:39:16,395 - INFO - 4. fon: cos=0.9753
2025-08-27 10:39:16,395 - INFO - 5. pcm: cos=0.9774
2025-08-27 10:39:16,521 - INFO - === Layer 7 (mbert) — Top 5 (cosine) ===
2025-08-27 10:39:16,521 - INFO - 1. twi: cos=0.9894
2025-08-27 10:39:16,521 - INFO - 2. tsn: cos=0.9880
2025-08-27 10:39:16,521 - INFO - 3. luo: cos=0.9877
2025-08-27 10:39:16,521 - INFO - 4. kin: cos=0.9843
2025-08-27 10:39:16,521 - INFO - 5. sna: cos=0.9834
2025-08-27 10:39:16,521 - INFO - === Layer 7 (mbert) — Worst 5 (cosine) ===
2025-08-27 10:39:16,521 - INFO - 1. yor: cos=0.9574
2025-08-27 10:39:16,521 - INFO - 2. bbj: cos=0.9592
2025-08-27 10:39:16,521 - INFO - 3. mos: cos=0.9647
2025-08-27 10:39:16,521 - INFO - 4. fon: cos=0.9679
2025-08-27 10:39:16,521 - INFO - 5. pcm: cos=0.9701
2025-08-27 10:39:16,642 - INFO - === Layer 8 (mbert) — Top 5 (cosine) ===
2025-08-27 10:39:16,642 - INFO - 1. twi: cos=0.9841
2025-08-27 10:39:16,642 - INFO - 2. luo: cos=0.9817
2025-08-27 10:39:16,642 - INFO - 3. tsn: cos=0.9779
2025-08-27 10:39:16,642 - INFO - 4. kin: cos=0.9774
2025-08-27 10:39:16,642 - INFO - 5. sna: cos=0.9769
2025-08-27 10:39:16,642 - INFO - === Layer 8 (mbert) — Worst 5 (cosine) ===
2025-08-27 10:39:16,642 - INFO - 1. yor: cos=0.9477
2025-08-27 10:39:16,642 - INFO - 2. bbj: cos=0.9499
2025-08-27 10:39:16,642 - INFO - 3. mos: cos=0.9527
2025-08-27 10:39:16,642 - INFO - 4. pcm: cos=0.9573
2025-08-27 10:39:16,642 - INFO - 5. fon: cos=0.9574
2025-08-27 10:39:16,773 - INFO - === Layer 9 (mbert) — Top 5 (cosine) ===
2025-08-27 10:39:16,773 - INFO - 1. twi: cos=0.9845
2025-08-27 10:39:16,773 - INFO - 2. luo: cos=0.9829
2025-08-27 10:39:16,773 - INFO - 3. kin: cos=0.9804
2025-08-27 10:39:16,773 - INFO - 4. sna: cos=0.9780
2025-08-27 10:39:16,773 - INFO - 5. tsn: cos=0.9775
2025-08-27 10:39:16,773 - INFO - === Layer 9 (mbert) — Worst 5 (cosine) ===
2025-08-27 10:39:16,773 - INFO - 1. yor: cos=0.9561
2025-08-27 10:39:16,773 - INFO - 2. bbj: cos=0.9567
2025-08-27 10:39:16,773 - INFO - 3. pcm: cos=0.9575
2025-08-27 10:39:16,773 - INFO - 4. mos: cos=0.9578
2025-08-27 10:39:16,773 - INFO - 5. fon: cos=0.9618
2025-08-27 10:39:16,900 - INFO - === Layer 10 (mbert) — Top 5 (cosine) ===
2025-08-27 10:39:16,900 - INFO - 1. twi: cos=0.9901
2025-08-27 10:39:16,901 - INFO - 2. lug: cos=0.9859
2025-08-27 10:39:16,901 - INFO - 3. luo: cos=0.9857
2025-08-27 10:39:16,901 - INFO - 4. kin: cos=0.9847
2025-08-27 10:39:16,901 - INFO - 5. swa: cos=0.9839
2025-08-27 10:39:16,901 - INFO - === Layer 10 (mbert) — Worst 5 (cosine) ===
2025-08-27 10:39:16,901 - INFO - 1. yor: cos=0.9567
2025-08-27 10:39:16,901 - INFO - 2. xho: cos=0.9592
2025-08-27 10:39:16,901 - INFO - 3. fon: cos=0.9601
2025-08-27 10:39:16,901 - INFO - 4. bbj: cos=0.9633
2025-08-27 10:39:16,901 - INFO - 5. hau: cos=0.9673
2025-08-27 10:39:17,029 - INFO - === Layer 11 (mbert) — Top 5 (cosine) ===
2025-08-27 10:39:17,029 - INFO - 1. twi: cos=0.9895
2025-08-27 10:39:17,029 - INFO - 2. lug: cos=0.9862
2025-08-27 10:39:17,029 - INFO - 3. luo: cos=0.9855
2025-08-27 10:39:17,029 - INFO - 4. kin: cos=0.9841
2025-08-27 10:39:17,029 - INFO - 5. swa: cos=0.9823
2025-08-27 10:39:17,029 - INFO - === Layer 11 (mbert) — Worst 5 (cosine) ===
2025-08-27 10:39:17,029 - INFO - 1. xho: cos=0.9594
2025-08-27 10:39:17,029 - INFO - 2. yor: cos=0.9597
2025-08-27 10:39:17,029 - INFO - 3. bbj: cos=0.9616
2025-08-27 10:39:17,029 - INFO - 4. fon: cos=0.9644
2025-08-27 10:39:17,029 - INFO - 5. wol: cos=0.9687
2025-08-27 10:39:17,157 - INFO - === Layer 12 (mbert) — Top 5 (cosine) ===
2025-08-27 10:39:17,157 - INFO - 1. lug: cos=0.9724
2025-08-27 10:39:17,157 - INFO - 2. twi: cos=0.9722
2025-08-27 10:39:17,157 - INFO - 3. luo: cos=0.9599
2025-08-27 10:39:17,157 - INFO - 4. ewe: cos=0.9596
2025-08-27 10:39:17,157 - INFO - 5. kin: cos=0.9587
2025-08-27 10:39:17,157 - INFO - === Layer 12 (mbert) — Worst 5 (cosine) ===
2025-08-27 10:39:17,158 - INFO - 1. xho: cos=0.8765
2025-08-27 10:39:17,158 - INFO - 2. yor: cos=0.8828
2025-08-27 10:39:17,158 - INFO - 3. bbj: cos=0.8972
2025-08-27 10:39:17,158 - INFO - 4. wol: cos=0.9063
2025-08-27 10:39:17,158 - INFO - 5. mos: cos=0.9070
2025-08-27 10:39:17,158 - INFO - Experiment finished successfully.
