2025-08-24 11:30:23,139 - INFO - Start: model_type=xlmr, run_both=False, use_cls=False, use_context=False, context_window=3, max_tokens_per_type=400, batch_size=32, seed=1, num_middle_layers=3, output_dir=rq2_train_scripts/Embeddings/EXTENDED/outputs/mptc_extended/xlmr/config_3_clsfalse_ctxfalse_hybtrue/tokens_400_ctx2025-08-24 11:30:24,041 - INFO - xlmr: selected layer indices (hidden_states) = [2, 3, 10, 12]
2025-08-24 11:30:25,597 - INFO - Processing run
2025-08-24 11:30:26,343 - INFO - Processing bam
202025-08-24 11:30:26,939 - INFO - Processing bb202025-08-24 11:30:27,387 - INFO - Processing ewe
2025-08-24 11:30:27,777 - INFO - Processing fon
2025-08-24 11:30:28,207 - INFO - Processing hau
2025-08-24 11:30:28,549 - INFO - Processing ibo
2025-08-24 11:30:28,978 - INFO - Processing kin
2025-08-24 11:30:29,349 - INFO - Processing lug
2025-08-24 11:30:29,639 - INFO - Processing luo
2025-08-24 11:30:29,995 - INFO - Processing mos
2025-08-24 11:30:30,316 - INFO - Processing nya
2025-08-24 11:30:30,708 - INFO - Processing pcm
2025-08-24 11:30:31,098 - INFO - Processing sna
2025-08-24 11:30:31,718 - INFO - Processing swa
2025-08-24 11:30:32,025 - INFO - Processing tsn
2025-08-24 11:30:32,206 - INFO - Processing twi
2025-08-24 11:30:32,412 - INFO - Processing wol
2025-08-24 11:30:32,631 - INFO - Processing xho
2025-08-24 11:30:32,866 - INFO - Processing yor
2025-08-24 11:30:33,123 - INFO - Processing zul
2025-08-24 11:30:33,715 - INFO - Layer 2 (xlmr) — Top 5
2025-08-24 11:30:33,715 - INFO - 1. luo: r=0.9581
2025-08-24 11:30:33,715 - INFO - 2. twi: r=0.9567
2025-08-24 11:30:33,715 - INFO - 3. ewe: r=0.9565
2025-08-24 11:30:33,715 - INFO - 4. tsn: r=0.9558
2025-08-24 11:30:33,715 - INFO - 5. sna: r=0.9545
2025-08-24 11:30:33,715 - INFO - Layer 2 (xlmr) — Worst 5
2025-08-24 11:30:33,715 - INFO - 1. bam: r=0.9414
2025-08-24 11:30:33,715 - INFO - 2. hau: r=0.9420
2025-08-24 11:30:33,715 - INFO - 3. fon: r=0.9448
2025-08-24 11:30:33,715 - INFO - 4. bbj: r=0.9449
2025-08-24 11:30:33,715 - INFO - 5. mos: r=0.9456
2025-08-24 11:30:33,834 - INFO - Layer 3 (xlmr) — Top 5
2025-08-24 11:30:33,834 - INFO - 1. luo: r=0.9687
2025-08-24 11:30:33,834 - INFO - 2. ewe: r=0.9683
2025-08-24 11:30:33,834 - INFO - 3. twi: r=0.9680
2025-08-24 11:30:33,835 - INFO - 4. tsn: r=0.9675
2025-08-24 11:30:33,835 - INFO - 5. kin: r=0.9664
2025-08-24 11:30:33,835 - INFO - Layer 3 (xlmr) — Worst 5
2025-08-24 11:30:33,835 - INFO - 1. hau: r=0.9568
2025-08-24 11:30:33,835 - INFO - 2. bam: r=0.9577
2025-08-24 11:30:33,835 - INFO - 3. bbj: r=0.9594
2025-08-24 11:30:33,835 - INFO - 4. pcm: r=0.9596
2025-08-24 11:30:33,835 - INFO - 5. fon: r=0.9597
2025-08-24 11:30:33,955 - INFO - Layer 10 (xlmr) — Top 5
2025-08-24 11:30:33,955 - INFO - 1. twi: r=0.9757
2025-08-24 11:30:33,955 - INFO - 2. luo: r=0.9731
2025-08-24 11:30:33,955 - INFO - 3. ewe: r=0.9728
2025-08-24 11:30:33,955 - INFO - 4. ibo: r=0.9725
2025-08-24 11:30:33,955 - INFO - 5. tsn: r=0.9717
2025-08-24 11:30:33,955 - INFO - Layer 10 (xlmr) — Worst 5
2025-08-24 11:30:33,955 - INFO - 1. bam: r=0.9618
2025-08-24 11:30:33,955 - INFO - 2. bbj: r=0.9633
2025-08-24 11:30:33,955 - INFO - 3. pcm: r=0.9647
2025-08-24 11:30:33,955 - INFO - 4. hau: r=0.9654
2025-08-24 11:30:33,955 - INFO - 5. zul: r=0.9662
2025-08-24 11:30:34,071 - INFO - Layer 12 (xlmr) — Top 5
2025-08-24 11:30:34,071 - INFO - 1. twi: r=0.9976
2025-08-24 11:30:34,071 - INFO - 2. luo: r=0.9975
2025-08-24 11:30:34,071 - INFO - 3. sna: r=0.9974
2025-08-24 11:30:34,071 - INFO - 4. xho: r=0.9974
2025-08-24 11:30:34,071 - INFO - 5. ibo: r=0.9973
2025-08-24 11:30:34,071 - INFO - Layer 12 (xlmr) — Worst 5
2025-08-24 11:30:34,071 - INFO - 1. bam: r=0.9968
2025-08-24 11:30:34,071 - INFO - 2. nya: r=0.9968
2025-08-24 11:30:34,071 - INFO - 3. bbj: r=0.9969
2025-08-24 11:30:34,071 - INFO - 4. pcm: r=0.9969
2025-08-24 11:30:34,071 - INFO - 5. lug: r=0.9970
2025-08-24 11:30:34,072 - INFO - Experiment finished successfully.
