2025-08-03 03:06:44,964 - INFO - Experiment started with model_type=mbert, use_cls=True, use_context=False, context_window=2, use_hybrid=True, max_tokens_per_type=200, output_dir=rq2_train_scripts/Embeddings/MEXA_inspired_strategy/outputs/salt/mbert/config_5_clstrue_ctxfalse_hybtrue/tokens_200_ctx2
2025-08-03 03:06:45,981 - INFO - Processing run
2025-08-03 03:06:47,694 - INFO - Processing bam
2025-08-03 03:06:49,086 - INFO - Processing bbj
2025-08-03 03:06:50,465 - INFO - Processing ewe
2025-08-03 03:06:51,834 - INFO - Processing fon
2025-08-03 03:06:53,239 - INFO - Processing hau
2025-08-03 03:06:54,642 - INFO - Processing ibo
2025-08-03 03:06:56,080 - INFO - Processing kin
2025-08-03 03:06:57,492 - INFO - Processing lug
2025-08-03 03:06:58,861 - INFO - Processing luo
2025-08-03 03:07:00,262 - INFO - Processing mos
2025-08-03 03:07:01,656 - INFO - Processing nya
2025-08-03 03:07:03,059 - INFO - Processing pcm
2025-08-03 03:07:04,444 - INFO - Processing sna
2025-08-03 03:07:05,844 - INFO - Processing swa
2025-08-03 03:07:07,244 - INFO - Processing tsn
2025-08-03 03:07:08,625 - INFO - Processing twi
2025-08-03 03:07:10,009 - INFO - Processing wol
2025-08-03 03:07:11,414 - INFO - Processing xho
2025-08-03 03:07:12,803 - INFO - Processing yor
2025-08-03 03:07:14,231 - INFO - Processing zul
2025-08-03 03:07:16,066 - INFO - Top 5 languages most similar to Runyankore:
2025-08-03 03:07:16,066 - INFO - 1. lug - Mean Similarity: 0.6825
2025-08-03 03:07:16,066 - INFO - 2. twi - Mean Similarity: 0.6580
2025-08-03 03:07:16,066 - INFO - 3. luo - Mean Similarity: 0.6498
2025-08-03 03:07:16,066 - INFO - 4. ibo - Mean Similarity: 0.6476
2025-08-03 03:07:16,066 - INFO - 5. kin - Mean Similarity: 0.6443
2025-08-03 03:07:16,066 - INFO - Experiment finished successfully.
