2025-08-24 11:50:35,153 - INFO - Start: model_type=mbert, run_both=False, use_cls=True, use_context=True, context_window=3, max_tokens_per_type=500, batch_size=32, seed=1, num_middle_layers=3, output_dir=rq2_train_scripts/Embeddings/EXTENDED/outputs/mptc_extended/mbert/config_4_clstrue_ctxtrue_hybfalse/tokens_500_ctx3
2025-08-24 11:50:35,716 - INFO - mbert: selected layer indices (hidden_states) = [2, 3, 10, 12]
2025-08-24 11:50:36,575 - INFO - Processing run
2025-08-24 11:50:37,095 - INFO - Processing bam
2025-08-24 11:50:37,289 - INFO - Processing bbj
2025-08-24 11:50:37,483 - INFO - Processing ewe
2025-08-24 11:50:37,664 - INFO - Processing fon
2025-08-24 11:50:37,863 - INFO - Processing hau
2025-08-24 11:50:38,046 - INFO - Processing ibo
2025-08-24 11:50:38,218 - INFO - Processing kin
2025-08-24 11:50:38,380 - INFO - Processing lug
2025-08-24 11:50:38,520 - INFO - Processing luo
2025-08-24 11:50:38,651 - INFO - Processing mos
2025-08-24 11:50:38,816 - INFO - Processing nya
2025-08-24 11:50:39,024 - INFO - Processing pcm
2025-08-24 11:50:39,235 - INFO - Processing sna
2025-08-24 11:50:39,462 - INFO - Processing swa
2025-08-24 11:50:39,658 - INFO - Processing tsn
2025-08-24 11:50:39,821 - INFO - Processing twi
2025-08-24 11:50:40,016 - INFO - Processing wol
2025-08-24 11:50:40,176 - INFO - Processing xho
2025-08-24 11:50:40,369 - INFO - Processing yor
2025-08-24 11:50:40,667 - INFO - Processing zul
2025-08-24 11:50:41,134 - INFO - Layer 2 (mbert) — Top 5
2025-08-24 11:50:41,134 - INFO - 1. zul: r=0.9999
2025-08-24 11:50:41,134 - INFO - 2. xho: r=0.9999
2025-08-24 11:50:41,134 - INFO - 3. lug: r=0.9999
2025-08-24 11:50:41,134 - INFO - 4. nya: r=0.9999
2025-08-24 11:50:41,134 - INFO - 5. kin: r=0.9999
2025-08-24 11:50:41,134 - INFO - Layer 2 (mbert) — Worst 5
2025-08-24 11:50:41,134 - INFO - 1. yor: r=0.9997
2025-08-24 11:50:41,134 - INFO - 2. fon: r=0.9998
2025-08-24 11:50:41,134 - INFO - 3. bbj: r=0.9998
2025-08-24 11:50:41,134 - INFO - 4. pcm: r=0.9999
2025-08-24 11:50:41,134 - INFO - 5. mos: r=0.9999
2025-08-24 11:50:41,273 - INFO - Layer 3 (mbert) — Top 5
2025-08-24 11:50:41,273 - INFO - 1. zul: r=1.0000
2025-08-24 11:50:41,274 - INFO - 2. lug: r=1.0000
2025-08-24 11:50:41,274 - INFO - 3. xho: r=1.0000
2025-08-24 11:50:41,274 - INFO - 4. nya: r=1.0000
2025-08-24 11:50:41,274 - INFO - 5. kin: r=1.0000
2025-08-24 11:50:41,274 - INFO - Layer 3 (mbert) — Worst 5
2025-08-24 11:50:41,274 - INFO - 1. yor: r=0.9999
2025-08-24 11:50:41,274 - INFO - 2. bbj: r=0.9999
2025-08-24 11:50:41,274 - INFO - 3. pcm: r=0.9999
2025-08-24 11:50:41,274 - INFO - 4. fon: r=0.9999
2025-08-24 11:50:41,274 - INFO - 5. swa: r=0.9999
2025-08-24 11:50:41,394 - INFO - Layer 10 (mbert) — Top 5
2025-08-24 11:50:41,394 - INFO - 1. lug: r=0.9858
2025-08-24 11:50:41,394 - INFO - 2. nya: r=0.9834
2025-08-24 11:50:41,394 - INFO - 3. kin: r=0.9830
2025-08-24 11:50:41,394 - INFO - 4. xho: r=0.9814
2025-08-24 11:50:41,394 - INFO - 5. sna: r=0.9814
2025-08-24 11:50:41,394 - INFO - Layer 10 (mbert) — Worst 5
2025-08-24 11:50:41,394 - INFO - 1. pcm: r=0.9577
2025-08-24 11:50:41,394 - INFO - 2. fon: r=0.9595
2025-08-24 11:50:41,394 - INFO - 3. bbj: r=0.9604
2025-08-24 11:50:41,394 - INFO - 4. swa: r=0.9632
2025-08-24 11:50:41,394 - INFO - 5. yor: r=0.9634
2025-08-24 11:50:41,515 - INFO - Layer 12 (mbert) — Top 5
2025-08-24 11:50:41,515 - INFO - 1. lug: r=0.9867
2025-08-24 11:50:41,515 - INFO - 2. nya: r=0.9860
2025-08-24 11:50:41,515 - INFO - 3. kin: r=0.9849
2025-08-24 11:50:41,515 - INFO - 4. sna: r=0.9843
2025-08-24 11:50:41,515 - INFO - 5. xho: r=0.9824
2025-08-24 11:50:41,515 - INFO - Layer 12 (mbert) — Worst 5
2025-08-24 11:50:41,515 - INFO - 1. bbj: r=0.9111
2025-08-24 11:50:41,515 - INFO - 2. fon: r=0.9205
2025-08-24 11:50:41,515 - INFO - 3. pcm: r=0.9448
2025-08-24 11:50:41,515 - INFO - 4. yor: r=0.9499
2025-08-24 11:50:41,515 - INFO - 5. mos: r=0.9622
2025-08-24 11:50:41,516 - INFO - Experiment finished successfully.
