2025-08-03 07:19:32,877 - INFO - Experiment started with model_type=mbert, use_cls=False, use_context=False, context_window=2, use_hybrid=False, max_tokens_per_type=500, output_dir=rq2_train_scripts/Embeddings/MEXA_inspired_strategy/outputs/mptc/mbert/config_0_clsfalse_ctxfalse_hybfalse/tokens_500_ctx2
2025-08-03 07:19:33,894 - INFO - Processing run
2025-08-03 07:19:35,555 - INFO - Processing bam
2025-08-03 07:19:38,639 - INFO - Processing bbj
2025-08-03 07:19:42,097 - INFO - Processing ewe
2025-08-03 07:19:45,546 - INFO - Processing fon
2025-08-03 07:19:49,034 - INFO - Processing hau
2025-08-03 07:19:52,537 - INFO - Processing ibo
2025-08-03 07:19:56,050 - INFO - Processing kin
2025-08-03 07:19:59,527 - INFO - Processing lug
2025-08-03 07:20:02,972 - INFO - Processing luo
2025-08-03 07:20:06,440 - INFO - Processing mos
2025-08-03 07:20:09,905 - INFO - Processing nya
2025-08-03 07:20:13,424 - INFO - Processing pcm
2025-08-03 07:20:16,869 - INFO - Processing sna
2025-08-03 07:20:20,382 - INFO - Processing swa
2025-08-03 07:20:23,849 - INFO - Processing tsn
2025-08-03 07:20:27,351 - INFO - Processing twi
2025-08-03 07:20:30,831 - INFO - Processing wol
2025-08-03 07:20:34,334 - INFO - Processing xho
2025-08-03 07:20:37,837 - INFO - Processing yor
2025-08-03 07:20:41,388 - INFO - Processing zul
2025-08-03 07:20:45,252 - INFO - Top 5 languages most similar to Runyankore:
2025-08-03 07:20:45,252 - INFO - 1. kin - Mean Similarity: 0.8969
2025-08-03 07:20:45,252 - INFO - 2. lug - Mean Similarity: 0.8877
2025-08-03 07:20:45,252 - INFO - 3. luo - Mean Similarity: 0.8853
2025-08-03 07:20:45,252 - INFO - 4. swa - Mean Similarity: 0.8776
2025-08-03 07:20:45,252 - INFO - 5. twi - Mean Similarity: 0.8740
2025-08-03 07:20:45,252 - INFO - Experiment finished successfully.
