2025-08-24 11:39:10,897 - INFO - Start: model_type=mbert, run_both=False, use_cls=False, use_context=False, context_window=0, max_tokens_per_type=400, batch_size=32, seed=1, num_middle_layers=3, output_dir=rq2_train_scripts/Embeddings/EXTENDED/outputs/mptc_extended/mbert/config_0_clsfalse_ctxfalse_hybfalse/tokens_400_ctx0
2025-08-24 11:39:11,422 - INFO - mbert: selected layer indices (hidden_states) = [2, 3, 10, 12]
2025-08-24 11:39:12,285 - INFO - Processing run
2025-08-24 11:39:13,159 - INFO - Processing bam
2025-08-24 11:39:13,867 - INFO - Processing bbj
2025-08-24 11:39:14,572 - INFO - Processing ewe
2025-08-24 11:39:15,257 - INFO - Processing fon
2025-08-24 11:39:15,917 - INFO - Processing hau
2025-08-24 11:39:16,669 - INFO - Processing ibo
2025-08-24 11:39:17,447 - INFO - Processing kin
2025-08-24 11:39:18,157 - INFO - Processing lug
2025-08-24 11:39:18,841 - INFO - Processing luo
2025-08-24 11:39:19,543 - INFO - Processing mos
2025-08-24 11:39:20,273 - INFO - Processing nya
2025-08-24 11:39:21,024 - INFO - Processing pcm
2025-08-24 11:39:21,483 - INFO - Processing sna
2025-08-24 11:39:21,903 - INFO - Processing swa
2025-08-24 11:39:22,303 - INFO - Processing tsn
2025-08-24 11:39:22,724 - INFO - Processing twi
2025-08-24 11:39:23,110 - INFO - Processing wol
2025-08-24 11:39:23,541 - INFO - Processing xho
2025-08-24 11:39:23,686 - INFO - Processing yor
2025-08-24 11:39:23,850 - INFO - Processing zul
2025-08-24 11:39:24,220 - INFO - Layer 2 (mbert) — Top 5
2025-08-24 11:39:24,220 - INFO - 1. twi: r=0.8849
2025-08-24 11:39:24,220 - INFO - 2. luo: r=0.8832
2025-08-24 11:39:24,220 - INFO - 3. kin: r=0.8798
2025-08-24 11:39:24,220 - INFO - 4. ibo: r=0.8793
2025-08-24 11:39:24,220 - INFO - 5. lug: r=0.8764
2025-08-24 11:39:24,220 - INFO - Layer 2 (mbert) — Worst 5
2025-08-24 11:39:24,220 - INFO - 1. bbj: r=0.7279
2025-08-24 11:39:24,220 - INFO - 2. yor: r=0.7489
2025-08-24 11:39:24,220 - INFO - 3. fon: r=0.7967
2025-08-24 11:39:24,220 - INFO - 4. bam: r=0.8169
2025-08-24 11:39:24,221 - INFO - 5. mos: r=0.8253
2025-08-24 11:39:24,333 - INFO - Layer 3 (mbert) — Top 5
2025-08-24 11:39:24,333 - INFO - 1. kin: r=0.9220
2025-08-24 11:39:24,333 - INFO - 2. twi: r=0.9219
2025-08-24 11:39:24,333 - INFO - 3. ibo: r=0.9184
2025-08-24 11:39:24,333 - INFO - 4. luo: r=0.9182
2025-08-24 11:39:24,333 - INFO - 5. swa: r=0.9174
2025-08-24 11:39:24,333 - INFO - Layer 3 (mbert) — Worst 5
2025-08-24 11:39:24,333 - INFO - 1. bbj: r=0.8183
2025-08-24 11:39:24,333 - INFO - 2. yor: r=0.8326
2025-08-24 11:39:24,333 - INFO - 3. fon: r=0.8651
2025-08-24 11:39:24,333 - INFO - 4. bam: r=0.8813
2025-08-24 11:39:24,333 - INFO - 5. mos: r=0.8844
2025-08-24 11:39:24,451 - INFO - Layer 10 (mbert) — Top 5
2025-08-24 11:39:24,451 - INFO - 1. kin: r=0.9774
2025-08-24 11:39:24,451 - INFO - 2. twi: r=0.9773
2025-08-24 11:39:24,451 - INFO - 3. swa: r=0.9758
2025-08-24 11:39:24,451 - INFO - 4. luo: r=0.9757
2025-08-24 11:39:24,451 - INFO - 5. ibo: r=0.9747
2025-08-24 11:39:24,451 - INFO - Layer 10 (mbert) — Worst 5
2025-08-24 11:39:24,451 - INFO - 1. bbj: r=0.9433
2025-08-24 11:39:24,451 - INFO - 2. yor: r=0.9439
2025-08-24 11:39:24,451 - INFO - 3. mos: r=0.9583
2025-08-24 11:39:24,451 - INFO - 4. fon: r=0.9601
2025-08-24 11:39:24,451 - INFO - 5. pcm: r=0.9611
2025-08-24 11:39:24,670 - INFO - Layer 12 (mbert) — Top 5
2025-08-24 11:39:24,670 - INFO - 1. kin: r=0.8968
2025-08-24 11:39:24,670 - INFO - 2. twi: r=0.8919
2025-08-24 11:39:24,670 - INFO - 3. luo: r=0.8900
2025-08-24 11:39:24,670 - INFO - 4. lug: r=0.8878
2025-08-24 11:39:24,670 - INFO - 5. swa: r=0.8843
2025-08-24 11:39:24,670 - INFO - Layer 12 (mbert) — Worst 5
2025-08-24 11:39:24,670 - INFO - 1. yor: r=0.7691
2025-08-24 11:39:24,670 - INFO - 2. bbj: r=0.7744
2025-08-24 11:39:24,670 - INFO - 3. pcm: r=0.8315
2025-08-24 11:39:24,670 - INFO - 4. mos: r=0.8318
2025-08-24 11:39:24,670 - INFO - 5. fon: r=0.8381
2025-08-24 11:39:24,671 - INFO - Experiment finished successfully.
