2025-08-27 07:48:41,928 - INFO - Start: model_type=xlmr, use_cls=True, use_context=True, context_window=2, max_tokens_per_type=300, batch_size=64, output_dir=rq2_train_scripts/Embeddings/CLEAN/outputs/mptc/xlmr/config_3_clstrue_ctxtrue/tokens_300_ctx2, save_prototypes=False, seed=42, fp16=True, max_length=96, langs=all, layers=all, span_mode=bio, pool=mean, entity_tags={'PER', 'ORG', 'DATE', 'LOC'}, title_suffix='L=all, tokens=300, ctx=2, cls=true, fp16=true'
2025-08-27 07:48:44,108 - INFO - Processing run
2025-08-27 07:48:44,506 - INFO - Processing bam
2025-08-27 07:48:44,563 - INFO - Processing bbj
2025-08-27 07:48:44,609 - INFO - Processing ewe
2025-08-27 07:48:44,648 - INFO - Processing fon
2025-08-27 07:48:44,703 - INFO - Processing hau
2025-08-27 07:48:44,768 - INFO - Processing ibo
2025-08-27 07:48:44,870 - INFO - Processing kin
2025-08-27 07:48:44,939 - INFO - Processing lug
2025-08-27 07:48:44,993 - INFO - Processing luo
2025-08-27 07:48:45,082 - INFO - Processing mos
2025-08-27 07:48:45,167 - INFO - Processing nya
2025-08-27 07:48:45,235 - INFO - Processing pcm
2025-08-27 07:48:45,290 - INFO - Processing sna
2025-08-27 07:48:45,350 - INFO - Processing swa
2025-08-27 07:48:45,415 - INFO - Processing tsn
2025-08-27 07:48:45,462 - INFO - Processing twi
2025-08-27 07:48:45,521 - INFO - Processing wol
2025-08-27 07:48:45,581 - INFO - Processing xho
2025-08-27 07:48:45,630 - INFO - Processing yor
2025-08-27 07:48:45,713 - INFO - Processing zul
2025-08-27 07:48:46,183 - INFO - === Layer 1 (xlmr) — Top 5 (cosine) ===
2025-08-27 07:48:46,183 - INFO - 1. sna: cos=1.0000
2025-08-27 07:48:46,183 - INFO - 2. lug: cos=1.0000
2025-08-27 07:48:46,183 - INFO - 3. nya: cos=1.0000
2025-08-27 07:48:46,183 - INFO - 4. kin: cos=1.0000
2025-08-27 07:48:46,183 - INFO - 5. xho: cos=0.9999
2025-08-27 07:48:46,183 - INFO - === Layer 1 (xlmr) — Worst 5 (cosine) ===
2025-08-27 07:48:46,183 - INFO - 1. bam: cos=0.9996
2025-08-27 07:48:46,183 - INFO - 2. fon: cos=0.9997
2025-08-27 07:48:46,183 - INFO - 3. ibo: cos=0.9998
2025-08-27 07:48:46,183 - INFO - 4. ewe: cos=0.9998
2025-08-27 07:48:46,183 - INFO - 5. wol: cos=0.9998
2025-08-27 07:48:46,306 - INFO - === Layer 2 (xlmr) — Top 5 (cosine) ===
2025-08-27 07:48:46,306 - INFO - 1. lug: cos=1.0000
2025-08-27 07:48:46,306 - INFO - 2. kin: cos=1.0000
2025-08-27 07:48:46,306 - INFO - 3. nya: cos=1.0000
2025-08-27 07:48:46,306 - INFO - 4. tsn: cos=1.0000
2025-08-27 07:48:46,306 - INFO - 5. sna: cos=1.0000
2025-08-27 07:48:46,306 - INFO - === Layer 2 (xlmr) — Worst 5 (cosine) ===
2025-08-27 07:48:46,306 - INFO - 1. bam: cos=1.0000
2025-08-27 07:48:46,306 - INFO - 2. fon: cos=1.0000
2025-08-27 07:48:46,306 - INFO - 3. ibo: cos=1.0000
2025-08-27 07:48:46,306 - INFO - 4. yor: cos=1.0000
2025-08-27 07:48:46,306 - INFO - 5. hau: cos=1.0000
2025-08-27 07:48:46,435 - INFO - === Layer 3 (xlmr) — Top 5 (cosine) ===
2025-08-27 07:48:46,435 - INFO - 1. kin: cos=1.0000
2025-08-27 07:48:46,435 - INFO - 2. lug: cos=1.0000
2025-08-27 07:48:46,435 - INFO - 3. xho: cos=1.0000
2025-08-27 07:48:46,435 - INFO - 4. zul: cos=1.0000
2025-08-27 07:48:46,435 - INFO - 5. nya: cos=1.0000
2025-08-27 07:48:46,435 - INFO - === Layer 3 (xlmr) — Worst 5 (cosine) ===
2025-08-27 07:48:46,435 - INFO - 1. pcm: cos=1.0000
2025-08-27 07:48:46,435 - INFO - 2. swa: cos=1.0000
2025-08-27 07:48:46,435 - INFO - 3. fon: cos=1.0000
2025-08-27 07:48:46,435 - INFO - 4. ewe: cos=1.0000
2025-08-27 07:48:46,435 - INFO - 5. yor: cos=1.0000
2025-08-27 07:48:46,582 - INFO - === Layer 4 (xlmr) — Top 5 (cosine) ===
2025-08-27 07:48:46,582 - INFO - 1. lug: cos=1.0000
2025-08-27 07:48:46,582 - INFO - 2. xho: cos=1.0000
2025-08-27 07:48:46,582 - INFO - 3. zul: cos=1.0000
2025-08-27 07:48:46,582 - INFO - 4. nya: cos=1.0000
2025-08-27 07:48:46,582 - INFO - 5. ibo: cos=1.0000
2025-08-27 07:48:46,582 - INFO - === Layer 4 (xlmr) — Worst 5 (cosine) ===
2025-08-27 07:48:46,582 - INFO - 1. pcm: cos=1.0000
2025-08-27 07:48:46,582 - INFO - 2. swa: cos=1.0000
2025-08-27 07:48:46,582 - INFO - 3. bbj: cos=1.0000
2025-08-27 07:48:46,582 - INFO - 4. wol: cos=1.0000
2025-08-27 07:48:46,582 - INFO - 5. fon: cos=1.0000
2025-08-27 07:48:46,717 - INFO - === Layer 5 (xlmr) — Top 5 (cosine) ===
2025-08-27 07:48:46,717 - INFO - 1. xho: cos=1.0000
2025-08-27 07:48:46,717 - INFO - 2. lug: cos=1.0000
2025-08-27 07:48:46,718 - INFO - 3. sna: cos=1.0000
2025-08-27 07:48:46,718 - INFO - 4. nya: cos=1.0000
2025-08-27 07:48:46,718 - INFO - 5. zul: cos=1.0000
2025-08-27 07:48:46,718 - INFO - === Layer 5 (xlmr) — Worst 5 (cosine) ===
2025-08-27 07:48:46,718 - INFO - 1. bam: cos=1.0000
2025-08-27 07:48:46,718 - INFO - 2. fon: cos=1.0000
2025-08-27 07:48:46,718 - INFO - 3. twi: cos=1.0000
2025-08-27 07:48:46,718 - INFO - 4. pcm: cos=1.0000
2025-08-27 07:48:46,718 - INFO - 5. bbj: cos=1.0000
2025-08-27 07:48:46,841 - INFO - === Layer 6 (xlmr) — Top 5 (cosine) ===
2025-08-27 07:48:46,842 - INFO - 1. sna: cos=1.0000
2025-08-27 07:48:46,842 - INFO - 2. xho: cos=1.0000
2025-08-27 07:48:46,842 - INFO - 3. lug: cos=1.0000
2025-08-27 07:48:46,842 - INFO - 4. nya: cos=1.0000
2025-08-27 07:48:46,842 - INFO - 5. zul: cos=1.0000
2025-08-27 07:48:46,842 - INFO - === Layer 6 (xlmr) — Worst 5 (cosine) ===
2025-08-27 07:48:46,842 - INFO - 1. bam: cos=1.0000
2025-08-27 07:48:46,842 - INFO - 2. fon: cos=1.0000
2025-08-27 07:48:46,842 - INFO - 3. twi: cos=1.0000
2025-08-27 07:48:46,842 - INFO - 4. pcm: cos=1.0000
2025-08-27 07:48:46,842 - INFO - 5. swa: cos=1.0000
2025-08-27 07:48:46,990 - INFO - === Layer 7 (xlmr) — Top 5 (cosine) ===
2025-08-27 07:48:46,991 - INFO - 1. lug: cos=1.0000
2025-08-27 07:48:46,991 - INFO - 2. xho: cos=1.0000
2025-08-27 07:48:46,991 - INFO - 3. sna: cos=1.0000
2025-08-27 07:48:46,991 - INFO - 4. wol: cos=1.0000
2025-08-27 07:48:46,991 - INFO - 5. nya: cos=1.0000
2025-08-27 07:48:46,991 - INFO - === Layer 7 (xlmr) — Worst 5 (cosine) ===
2025-08-27 07:48:46,991 - INFO - 1. luo: cos=1.0000
2025-08-27 07:48:46,991 - INFO - 2. yor: cos=1.0000
2025-08-27 07:48:46,991 - INFO - 3. swa: cos=1.0000
2025-08-27 07:48:46,991 - INFO - 4. kin: cos=1.0000
2025-08-27 07:48:46,991 - INFO - 5. bbj: cos=1.0000
2025-08-27 07:48:47,195 - INFO - === Layer 8 (xlmr) — Top 5 (cosine) ===
2025-08-27 07:48:47,195 - INFO - 1. nya: cos=1.0000
2025-08-27 07:48:47,195 - INFO - 2. sna: cos=1.0000
2025-08-27 07:48:47,195 - INFO - 3. kin: cos=1.0000
2025-08-27 07:48:47,195 - INFO - 4. xho: cos=1.0000
2025-08-27 07:48:47,195 - INFO - 5. wol: cos=1.0000
2025-08-27 07:48:47,195 - INFO - === Layer 8 (xlmr) — Worst 5 (cosine) ===
2025-08-27 07:48:47,195 - INFO - 1. yor: cos=1.0000
2025-08-27 07:48:47,195 - INFO - 2. bbj: cos=1.0000
2025-08-27 07:48:47,195 - INFO - 3. twi: cos=1.0000
2025-08-27 07:48:47,195 - INFO - 4. pcm: cos=1.0000
2025-08-27 07:48:47,195 - INFO - 5. swa: cos=1.0000
2025-08-27 07:48:47,323 - INFO - === Layer 9 (xlmr) — Top 5 (cosine) ===
2025-08-27 07:48:47,323 - INFO - 1. nya: cos=1.0000
2025-08-27 07:48:47,323 - INFO - 2. lug: cos=1.0000
2025-08-27 07:48:47,323 - INFO - 3. sna: cos=1.0000
2025-08-27 07:48:47,323 - INFO - 4. fon: cos=1.0000
2025-08-27 07:48:47,323 - INFO - 5. tsn: cos=1.0000
2025-08-27 07:48:47,323 - INFO - === Layer 9 (xlmr) — Worst 5 (cosine) ===
2025-08-27 07:48:47,323 - INFO - 1. luo: cos=1.0000
2025-08-27 07:48:47,323 - INFO - 2. bam: cos=1.0000
2025-08-27 07:48:47,323 - INFO - 3. pcm: cos=1.0000
2025-08-27 07:48:47,323 - INFO - 4. twi: cos=1.0000
2025-08-27 07:48:47,323 - INFO - 5. bbj: cos=1.0000
2025-08-27 07:48:47,450 - INFO - === Layer 10 (xlmr) — Top 5 (cosine) ===
2025-08-27 07:48:47,451 - INFO - 1. xho: cos=1.0000
2025-08-27 07:48:47,451 - INFO - 2. yor: cos=1.0000
2025-08-27 07:48:47,451 - INFO - 3. fon: cos=1.0000
2025-08-27 07:48:47,451 - INFO - 4. ibo: cos=1.0000
2025-08-27 07:48:47,451 - INFO - 5. kin: cos=1.0000
2025-08-27 07:48:47,451 - INFO - === Layer 10 (xlmr) — Worst 5 (cosine) ===
2025-08-27 07:48:47,451 - INFO - 1. pcm: cos=1.0000
2025-08-27 07:48:47,451 - INFO - 2. tsn: cos=1.0000
2025-08-27 07:48:47,451 - INFO - 3. swa: cos=1.0000
2025-08-27 07:48:47,451 - INFO - 4. lug: cos=1.0000
2025-08-27 07:48:47,451 - INFO - 5. bbj: cos=1.0000
2025-08-27 07:48:47,571 - INFO - === Layer 11 (xlmr) — Top 5 (cosine) ===
2025-08-27 07:48:47,571 - INFO - 1. xho: cos=1.0000
2025-08-27 07:48:47,571 - INFO - 2. twi: cos=1.0000
2025-08-27 07:48:47,571 - INFO - 3. bam: cos=1.0000
2025-08-27 07:48:47,571 - INFO - 4. hau: cos=1.0000
2025-08-27 07:48:47,571 - INFO - 5. bbj: cos=1.0000
2025-08-27 07:48:47,571 - INFO - === Layer 11 (xlmr) — Worst 5 (cosine) ===
2025-08-27 07:48:47,571 - INFO - 1. luo: cos=0.9999
2025-08-27 07:48:47,571 - INFO - 2. nya: cos=0.9999
2025-08-27 07:48:47,571 - INFO - 3. fon: cos=0.9999
2025-08-27 07:48:47,571 - INFO - 4. yor: cos=0.9999
2025-08-27 07:48:47,571 - INFO - 5. pcm: cos=0.9999
2025-08-27 07:48:47,713 - INFO - === Layer 12 (xlmr) — Top 5 (cosine) ===
2025-08-27 07:48:47,714 - INFO - 1. sna: cos=0.9997
2025-08-27 07:48:47,714 - INFO - 2. zul: cos=0.9991
2025-08-27 07:48:47,714 - INFO - 3. nya: cos=0.9990
2025-08-27 07:48:47,714 - INFO - 4. twi: cos=0.9989
2025-08-27 07:48:47,714 - INFO - 5. hau: cos=0.9988
2025-08-27 07:48:47,714 - INFO - === Layer 12 (xlmr) — Worst 5 (cosine) ===
2025-08-27 07:48:47,714 - INFO - 1. fon: cos=0.9954
2025-08-27 07:48:47,714 - INFO - 2. xho: cos=0.9967
2025-08-27 07:48:47,714 - INFO - 3. mos: cos=0.9969
2025-08-27 07:48:47,714 - INFO - 4. bam: cos=0.9970
2025-08-27 07:48:47,714 - INFO - 5. ewe: cos=0.9971
2025-08-27 07:48:47,716 - INFO - Experiment finished successfully.
