2025-08-24 10:38:27,870 - INFO - Start: model_type=xlmr, run_both=False, use_cls=True, use_context=False, context_window=1, max_tokens_per_type=200, batch_size=32, seed=1, num_middle_layers=3, output_dir=rq2_train_scripts/Embeddings/EXTENDED/outputs/combined_extended/xlmr/config_1_clstrue_ctxfalse_hybfalse/tokens_200_ctx1
2025-08-24 10:38:28,413 - INFO - xlmr: selected layer indices (hidden_states) = [2, 3, 10, 12]
2025-08-24 10:38:30,084 - INFO - Processing run
2025-08-24 10:38:30,561 - INFO - Processing bam
2025-08-24 10:38:30,707 - INFO - Processing bbj
2025-08-24 10:38:30,853 - INFO - Processing ewe
2025-08-24 10:38:31,001 - INFO - Processing fon
2025-08-24 10:38:31,162 - INFO - Processing hau
2025-08-24 10:38:31,309 - INFO - Processing ibo
2025-08-24 10:38:31,506 - INFO - Processing kin
2025-08-24 10:38:31,636 - INFO - Processing lug
2025-08-24 10:38:31,785 - INFO - Processing luo
2025-08-24 10:38:31,922 - INFO - Processing mos
2025-08-24 10:38:32,065 - INFO - Processing nya
2025-08-24 10:38:32,236 - INFO - Processing pcm
2025-08-24 10:38:32,357 - INFO - Processing sna
2025-08-24 10:38:32,522 - INFO - Processing swa
2025-08-24 10:38:32,659 - INFO - Processing tsn
2025-08-24 10:38:32,803 - INFO - Processing twi
2025-08-24 10:38:32,952 - INFO - Processing wol
2025-08-24 10:38:33,099 - INFO - Processing xho
2025-08-24 10:38:33,252 - INFO - Processing yor
2025-08-24 10:38:33,430 - INFO - Processing zul
2025-08-24 10:38:33,911 - INFO - Layer 2 (xlmr) — Top 5
2025-08-24 10:38:33,911 - INFO - 1. kin: r=1.0000
2025-08-24 10:38:33,911 - INFO - 2. twi: r=1.0000
2025-08-24 10:38:33,911 - INFO - 3. luo: r=1.0000
2025-08-24 10:38:33,911 - INFO - 4. ewe: r=1.0000
2025-08-24 10:38:33,911 - INFO - 5. nya: r=1.0000
2025-08-24 10:38:33,911 - INFO - Layer 2 (xlmr) — Worst 5
2025-08-24 10:38:33,911 - INFO - 1. fon: r=0.9999
2025-08-24 10:38:33,911 - INFO - 2. bam: r=0.9999
2025-08-24 10:38:33,911 - INFO - 3. bbj: r=0.9999
2025-08-24 10:38:33,911 - INFO - 4. hau: r=1.0000
2025-08-24 10:38:33,911 - INFO - 5. pcm: r=1.0000
2025-08-24 10:38:34,027 - INFO - Layer 3 (xlmr) — Top 5
2025-08-24 10:38:34,027 - INFO - 1. kin: r=1.0000
2025-08-24 10:38:34,027 - INFO - 2. twi: r=1.0000
2025-08-24 10:38:34,027 - INFO - 3. ewe: r=1.0000
2025-08-24 10:38:34,027 - INFO - 4. tsn: r=1.0000
2025-08-24 10:38:34,027 - INFO - 5. zul: r=1.0000
2025-08-24 10:38:34,027 - INFO - Layer 3 (xlmr) — Worst 5
2025-08-24 10:38:34,027 - INFO - 1. bbj: r=1.0000
2025-08-24 10:38:34,027 - INFO - 2. fon: r=1.0000
2025-08-24 10:38:34,027 - INFO - 3. pcm: r=1.0000
2025-08-24 10:38:34,027 - INFO - 4. bam: r=1.0000
2025-08-24 10:38:34,027 - INFO - 5. swa: r=1.0000
2025-08-24 10:38:34,143 - INFO - Layer 10 (xlmr) — Top 5
2025-08-24 10:38:34,143 - INFO - 1. kin: r=1.0000
2025-08-24 10:38:34,143 - INFO - 2. swa: r=1.0000
2025-08-24 10:38:34,143 - INFO - 3. tsn: r=1.0000
2025-08-24 10:38:34,143 - INFO - 4. zul: r=1.0000
2025-08-24 10:38:34,143 - INFO - 5. twi: r=1.0000
2025-08-24 10:38:34,143 - INFO - Layer 10 (xlmr) — Worst 5
2025-08-24 10:38:34,143 - INFO - 1. fon: r=1.0000
2025-08-24 10:38:34,144 - INFO - 2. pcm: r=1.0000
2025-08-24 10:38:34,144 - INFO - 3. hau: r=1.0000
2025-08-24 10:38:34,144 - INFO - 4. xho: r=1.0000
2025-08-24 10:38:34,144 - INFO - 5. ibo: r=1.0000
2025-08-24 10:38:34,259 - INFO - Layer 12 (xlmr) — Top 5
2025-08-24 10:38:34,259 - INFO - 1. lug: r=0.9999
2025-08-24 10:38:34,260 - INFO - 2. nya: r=0.9999
2025-08-24 10:38:34,260 - INFO - 3. mos: r=0.9999
2025-08-24 10:38:34,260 - INFO - 4. luo: r=0.9999
2025-08-24 10:38:34,260 - INFO - 5. twi: r=0.9998
2025-08-24 10:38:34,260 - INFO - Layer 12 (xlmr) — Worst 5
2025-08-24 10:38:34,260 - INFO - 1. hau: r=0.9965
2025-08-24 10:38:34,260 - INFO - 2. fon: r=0.9993
2025-08-24 10:38:34,260 - INFO - 3. pcm: r=0.9996
2025-08-24 10:38:34,260 - INFO - 4. yor: r=0.9998
2025-08-24 10:38:34,260 - INFO - 5. ibo: r=0.9998
2025-08-24 10:38:34,260 - INFO - Experiment finished successfully.
