2025-08-03 06:20:50,777 - INFO - Experiment started with model_type=xlmr, use_cls=True, use_context=False, context_window=0, use_hybrid=True, max_tokens_per_type=500, output_dir=rq2_train_scripts/Embeddings/MEXA_inspired_strategy/outputs/mptc/xlmr/config_5_clstrue_ctxfalse_hybtrue/tokens_500_ctx0
2025-08-03 06:20:52,247 - INFO - Processing run
2025-08-03 06:20:54,262 - INFO - Processing bam
2025-08-03 06:20:58,009 - INFO - Processing bbj
2025-08-03 06:21:02,223 - INFO - Processing ewe
2025-08-03 06:21:06,373 - INFO - Processing fon
2025-08-03 06:21:10,564 - INFO - Processing hau
2025-08-03 06:21:14,731 - INFO - Processing ibo
2025-08-03 06:21:18,967 - INFO - Processing kin
2025-08-03 06:21:23,177 - INFO - Processing lug
2025-08-03 06:21:27,351 - INFO - Processing luo
2025-08-03 06:21:31,555 - INFO - Processing mos
2025-08-03 06:21:35,758 - INFO - Processing nya
2025-08-03 06:21:39,981 - INFO - Processing pcm
2025-08-03 06:21:44,161 - INFO - Processing sna
2025-08-03 06:21:48,390 - INFO - Processing swa
2025-08-03 06:21:52,557 - INFO - Processing tsn
2025-08-03 06:21:56,726 - INFO - Processing twi
2025-08-03 06:22:00,915 - INFO - Processing wol
2025-08-03 06:22:05,135 - INFO - Processing xho
2025-08-03 06:22:09,353 - INFO - Processing yor
2025-08-03 06:22:13,630 - INFO - Processing zul
2025-08-03 06:22:18,290 - INFO - Top 5 languages most similar to Runyankore:
2025-08-03 06:22:18,290 - INFO - 1. lug - Mean Similarity: 0.9218
2025-08-03 06:22:18,290 - INFO - 2. luo - Mean Similarity: 0.9100
2025-08-03 06:22:18,290 - INFO - 3. twi - Mean Similarity: 0.9053
2025-08-03 06:22:18,290 - INFO - 4. kin - Mean Similarity: 0.9000
2025-08-03 06:22:18,290 - INFO - 5. nya - Mean Similarity: 0.8986
2025-08-03 06:22:18,290 - INFO - Experiment finished successfully.
