2025-08-24 11:05:37,858 - INFO - Start: model_type=xlmr, run_both=False, use_cls=False, use_context=True, context_window=3, max_tokens_per_type=300, batch_size=32, seed=1, num_middle_layers=3, output_dir=rq2_train_scripts/Embeddings/EXTENDED/outputs/combined_extended/xlmr/config_2_clsfalse_ctxtrue_hybfalse/tokens_300_ctx3
2025-08-24 11:05:38,408 - INFO - xlmr: selected layer indices (hidden_states) = [2, 3, 10, 12]
2025-08-24 11:05:40,158 - INFO - Processing run
2025-08-24 11:05:45,415 - INFO - Processing bam
2025-08-24 11:05:50,189 - INFO - Processing bbj
2025-08-24 11:05:54,933 - INFO - Processing ewe
2025-08-24 11:05:59,824 - INFO - Processing fon
2025-08-24 11:06:04,807 - INFO - Processing hau
2025-08-24 11:06:09,580 - INFO - Processing ibo
2025-08-24 11:06:14,395 - INFO - Processing kin
2025-08-24 11:06:19,106 - INFO - Processing lug
2025-08-24 11:06:23,873 - INFO - Processing luo
2025-08-24 11:06:28,631 - INFO - Processing mos
2025-08-24 11:06:33,362 - INFO - Processing nya
2025-08-24 11:06:38,114 - INFO - Processing pcm
2025-08-24 11:06:42,995 - INFO - Processing sna
2025-08-24 11:06:47,841 - INFO - Processing swa
2025-08-24 11:06:52,753 - INFO - Processing tsn
2025-08-24 11:06:57,046 - INFO - Processing twi
2025-08-24 11:07:01,661 - INFO - Processing wol
2025-08-24 11:07:06,635 - INFO - Processing xho
2025-08-24 11:07:11,453 - INFO - Processing yor
2025-08-24 11:07:15,769 - INFO - Processing zul
2025-08-24 11:07:20,880 - INFO - Layer 2 (xlmr) — Top 5
2025-08-24 11:07:20,880 - INFO - 1. kin: r=0.9733
2025-08-24 11:07:20,880 - INFO - 2. twi: r=0.9731
2025-08-24 11:07:20,880 - INFO - 3. sna: r=0.9700
2025-08-24 11:07:20,880 - INFO - 4. lug: r=0.9678
2025-08-24 11:07:20,880 - INFO - 5. ibo: r=0.9672
2025-08-24 11:07:20,880 - INFO - Layer 2 (xlmr) — Worst 5
2025-08-24 11:07:20,880 - INFO - 1. hau: r=0.9402
2025-08-24 11:07:20,880 - INFO - 2. pcm: r=0.9422
2025-08-24 11:07:20,880 - INFO - 3. fon: r=0.9441
2025-08-24 11:07:20,880 - INFO - 4. bbj: r=0.9453
2025-08-24 11:07:20,880 - INFO - 5. yor: r=0.9470
2025-08-24 11:07:20,997 - INFO - Layer 3 (xlmr) — Top 5
2025-08-24 11:07:20,998 - INFO - 1. kin: r=0.9829
2025-08-24 11:07:20,998 - INFO - 2. twi: r=0.9825
2025-08-24 11:07:20,998 - INFO - 3. sna: r=0.9810
2025-08-24 11:07:20,998 - INFO - 4. lug: r=0.9791
2025-08-24 11:07:20,998 - INFO - 5. nya: r=0.9784
2025-08-24 11:07:20,998 - INFO - Layer 3 (xlmr) — Worst 5
2025-08-24 11:07:20,998 - INFO - 1. hau: r=0.9598
2025-08-24 11:07:20,998 - INFO - 2. pcm: r=0.9607
2025-08-24 11:07:20,998 - INFO - 3. fon: r=0.9636
2025-08-24 11:07:20,998 - INFO - 4. swa: r=0.9637
2025-08-24 11:07:20,998 - INFO - 5. bbj: r=0.9643
2025-08-24 11:07:21,115 - INFO - Layer 10 (xlmr) — Top 5
2025-08-24 11:07:21,115 - INFO - 1. kin: r=0.9867
2025-08-24 11:07:21,115 - INFO - 2. lug: r=0.9855
2025-08-24 11:07:21,115 - INFO - 3. sna: r=0.9850
2025-08-24 11:07:21,115 - INFO - 4. nya: r=0.9845
2025-08-24 11:07:21,115 - INFO - 5. twi: r=0.9843
2025-08-24 11:07:21,115 - INFO - Layer 10 (xlmr) — Worst 5
2025-08-24 11:07:21,115 - INFO - 1. bbj: r=0.9606
2025-08-24 11:07:21,115 - INFO - 2. hau: r=0.9628
2025-08-24 11:07:21,115 - INFO - 3. fon: r=0.9647
2025-08-24 11:07:21,115 - INFO - 4. swa: r=0.9649
2025-08-24 11:07:21,115 - INFO - 5. pcm: r=0.9655
2025-08-24 11:07:21,232 - INFO - Layer 12 (xlmr) — Top 5
2025-08-24 11:07:21,232 - INFO - 1. kin: r=0.9990
2025-08-24 11:07:21,232 - INFO - 2. sna: r=0.9990
2025-08-24 11:07:21,232 - INFO - 3. nya: r=0.9989
2025-08-24 11:07:21,232 - INFO - 4. luo: r=0.9989
2025-08-24 11:07:21,232 - INFO - 5. lug: r=0.9987
2025-08-24 11:07:21,232 - INFO - Layer 12 (xlmr) — Worst 5
2025-08-24 11:07:21,232 - INFO - 1. bbj: r=0.9961
2025-08-24 11:07:21,232 - INFO - 2. fon: r=0.9962
2025-08-24 11:07:21,232 - INFO - 3. hau: r=0.9967
2025-08-24 11:07:21,232 - INFO - 4. swa: r=0.9971
2025-08-24 11:07:21,232 - INFO - 5. yor: r=0.9972
2025-08-24 11:07:21,233 - INFO - Experiment finished successfully.
