2025-08-02 21:41:58,189 - INFO - Experiment started with model_type=mbert, use_cls=False, use_context=False, context_window=1, use_hybrid=False, max_tokens_per_type=500, output_dir=rq2_train_scripts/Embeddings/MEXA_inspired_strategy/outputs/salt/mbert/config_0_clsfalse_ctxfalse_hybfalse/tokens_500_ctx1
2025-08-02 21:42:00,036 - INFO - Processing run
2025-08-02 21:42:17,870 - INFO - Processing bam
2025-08-02 21:42:36,567 - INFO - Processing bbj
2025-08-02 21:42:57,778 - INFO - Processing ewe
2025-08-02 21:43:17,216 - INFO - Processing fon
2025-08-02 21:43:36,918 - INFO - Processing hau
2025-08-02 21:43:56,484 - INFO - Processing ibo
2025-08-02 21:44:16,854 - INFO - Processing kin
2025-08-02 21:44:36,888 - INFO - Processing lug
2025-08-02 21:44:56,370 - INFO - Processing luo
2025-08-02 21:45:15,755 - INFO - Processing mos
2025-08-02 21:45:35,677 - INFO - Processing nya
2025-08-02 21:45:56,777 - INFO - Processing pcm
2025-08-02 21:46:17,251 - INFO - Processing sna
2025-08-02 21:46:36,580 - INFO - Processing swa
2025-08-02 21:46:56,025 - INFO - Processing tsn
2025-08-02 21:47:15,634 - INFO - Processing twi
2025-08-02 21:47:34,949 - INFO - Processing wol
2025-08-02 21:47:54,379 - INFO - Processing xho
2025-08-02 21:48:13,631 - INFO - Processing yor
2025-08-02 21:48:33,273 - INFO - Processing zul
2025-08-02 21:48:53,852 - INFO - Top 5 languages most similar to Runyankore:
2025-08-02 21:48:53,853 - INFO - 1. lug - Mean Similarity: 0.9574
2025-08-02 21:48:53,853 - INFO - 2. kin - Mean Similarity: 0.9468
2025-08-02 21:48:53,853 - INFO - 3. luo - Mean Similarity: 0.9451
2025-08-02 21:48:53,853 - INFO - 4. ibo - Mean Similarity: 0.9356
2025-08-02 21:48:53,853 - INFO - 5. twi - Mean Similarity: 0.9331
2025-08-02 21:48:53,853 - INFO - Experiment finished successfully.
