2025-08-27 07:44:54,723 - INFO - Start: model_type=xlmr, use_cls=True, use_context=False, context_window=2, max_tokens_per_type=400, batch_size=64, output_dir=rq2_train_scripts/Embeddings/CLEAN/outputs/combined/xlmr/config_1_clstrue_ctxfalse/tokens_400_ctx2, save_prototypes=False, seed=42, fp16=True, max_length=96, langs=all, layers=all, span_mode=bio, pool=mean, entity_tags={'DATE', 'ORG', 'LOC', 'PER'}, title_suffix='L=all, tokens=400, ctx=2, cls=true, fp16=tr2025-08-27 07:44:57,184 - INFO - Processing run
2025-08-27 07:44:57,581 - INFO - Processing bam
2025-08-27 07:44:57,638 - INFO - Processing bbj
2025-08-27 07:44:57,687 - INFO - Processing ewe
2025-08-27 07:44:57,731 - INFO - Processing fon
2025-08-27 07:44:57,791 - INFO - Processing hau
2025-08-27 07:44:57,854 - INFO - Processing ibo
2025-08-27 07:44:57,943 - INFO - Processing kin
2025-08-27 07:44:58,008 - INFO - Processing lug
2025-08-27 07:44:58,061 - INFO - Processing luo
2025-08-27 07:44:58,128 - INFO - Processing mos
2025-08-27 07:44:58,198 - INFO - Processing nya
2025-08-27 07:44:58,268 - INFO - Processing pcm
2025-08-27 07:44:58,323 - INFO - Processing sna
2025-08-27 07:44:58,381 - INFO - Processing swa
2025-08-27 07:44:58,450 - INFO - Processing tsn
2025-08-27 07:44:58,495 - INFO - Processing twi
2025-08-27 07:44:58,555 - INFO - Processing wol
2025-08-27 07:44:58,625 - INFO - Processing xho
2025-08-27 07:44:58,670 - INFO - Processing yor
2025-08-27 07:44:58,749 - INFO - Processing zul
2025-08-27 07:44:59,226 - INFO - === Layer 1 (xlmr) — Top 5 (cosine) ===
2025-08-27 07:44:59,226 - INFO - 1. kin: cos=1.0000
2025-08-27 07:44:59,226 - INFO - 2. luo: cos=0.9999
2025-08-27 07:44:59,226 - INFO - 3. twi: cos=0.9999
2025-08-27 07:44:59,226 - INFO - 4. nya: cos=0.9998
2025-08-27 07:44:59,226 - INFO - 5. sna: cos=0.9998
2025-08-27 07:44:59,226 - INFO - === Layer 1 (xlmr) — Worst 5 (cosine) ===
2025-08-27 07:44:59,226 - INFO - 1. hau: cos=0.9992
2025-08-27 07:44:59,226 - INFO - 2. fon: cos=0.9994
2025-08-27 07:44:59,226 - INFO - 3. bam: cos=0.9994
2025-08-27 07:44:59,226 - INFO - 4. bbj: cos=0.9994
2025-08-27 07:44:59,226 - INFO - 5. pcm: cos=0.9995
2025-08-27 07:44:59,354 - INFO - === Layer 2 (xlmr) — Top 5 (cosine) ===
2025-08-27 07:44:59,354 - INFO - 1. kin: cos=1.0000
2025-08-27 07:44:59,354 - INFO - 2. luo: cos=1.0000
2025-08-27 07:44:59,354 - INFO - 3. twi: cos=1.0000
2025-08-27 07:44:59,354 - INFO - 4. zul: cos=1.0000
2025-08-27 07:44:59,354 - INFO - 5. nya: cos=1.0000
2025-08-27 07:44:59,354 - INFO - === Layer 2 (xlmr) — Worst 5 (cosine) ===
2025-08-27 07:44:59,354 - INFO - 1. hau: cos=0.9999
2025-08-27 07:44:59,354 - INFO - 2. bam: cos=0.9999
2025-08-27 07:44:59,354 - INFO - 3. pcm: cos=0.9999
2025-08-27 07:44:59,354 - INFO - 4. bbj: cos=0.9999
2025-08-27 07:44:59,354 - INFO - 5. fon: cos=0.9999
2025-08-27 07:44:59,482 - INFO - === Layer 3 (xlmr) — Top 5 (cosine) ===
2025-08-27 07:44:59,482 - INFO - 1. kin: cos=1.0000
2025-08-27 07:44:59,482 - INFO - 2. luo: cos=1.0000
2025-08-27 07:44:59,482 - INFO - 3. twi: cos=1.0000
2025-08-27 07:44:59,482 - INFO - 4. zul: cos=1.0000
2025-08-27 07:44:59,482 - INFO - 5. ibo: cos=1.0000
2025-08-27 07:44:59,482 - INFO - === Layer 3 (xlmr) — Worst 5 (cosine) ===
2025-08-27 07:44:59,482 - INFO - 1. pcm: cos=1.0000
2025-08-27 07:44:59,482 - INFO - 2. swa: cos=1.0000
2025-08-27 07:44:59,482 - INFO - 3. bbj: cos=1.0000
2025-08-27 07:44:59,482 - INFO - 4. sna: cos=1.0000
2025-08-27 07:44:59,482 - INFO - 5. fon: cos=1.0000
2025-08-27 07:44:59,610 - INFO - === Layer 4 (xlmr) — Top 5 (cosine) ===
2025-08-27 07:44:59,610 - INFO - 1. kin: cos=1.0000
2025-08-27 07:44:59,610 - INFO - 2. twi: cos=1.0000
2025-08-27 07:44:59,610 - INFO - 3. luo: cos=1.0000
2025-08-27 07:44:59,610 - INFO - 4. zul: cos=1.0000
2025-08-27 07:44:59,610 - INFO - 5. swa: cos=1.0000
2025-08-27 07:44:59,610 - INFO - === Layer 4 (xlmr) — Worst 5 (cosine) ===
2025-08-27 07:44:59,610 - INFO - 1. bam: cos=1.0000
2025-08-27 07:44:59,610 - INFO - 2. hau: cos=1.0000
2025-08-27 07:44:59,610 - INFO - 3. wol: cos=1.0000
2025-08-27 07:44:59,610 - INFO - 4. yor: cos=1.0000
2025-08-27 07:44:59,610 - INFO - 5. pcm: cos=1.0000
2025-08-27 07:44:59,742 - INFO - === Layer 5 (xlmr) — Top 5 (cosine) ===
2025-08-27 07:44:59,742 - INFO - 1. twi: cos=1.0000
2025-08-27 07:44:59,742 - INFO - 2. kin: cos=1.0000
2025-08-27 07:44:59,742 - INFO - 3. luo: cos=1.0000
2025-08-27 07:44:59,742 - INFO - 4. tsn: cos=1.0000
2025-08-27 07:44:59,742 - INFO - 5. ewe: cos=1.0000
2025-08-27 07:44:59,742 - INFO - === Layer 5 (xlmr) — Worst 5 (cosine) ===
2025-08-27 07:44:59,742 - INFO - 1. hau: cos=1.0000
2025-08-27 07:44:59,742 - INFO - 2. pcm: cos=1.0000
2025-08-27 07:44:59,742 - INFO - 3. fon: cos=1.0000
2025-08-27 07:44:59,742 - INFO - 4. wol: cos=1.0000
2025-08-27 07:44:59,742 - INFO - 5. mos: cos=1.0000
2025-08-27 07:44:59,874 - INFO - === Layer 6 (xlmr) — Top 5 (cosine) ===
2025-08-27 07:44:59,874 - INFO - 1. kin: cos=1.0000
2025-08-27 07:44:59,874 - INFO - 2. twi: cos=1.0000
2025-08-27 07:44:59,874 - INFO - 3. luo: cos=1.0000
2025-08-27 07:44:59,874 - INFO - 4. ewe: cos=1.0000
2025-08-27 07:44:59,874 - INFO - 5. tsn: cos=1.0000
2025-08-27 07:44:59,874 - INFO - === Layer 6 (xlmr) — Worst 5 (cosine) ===
2025-08-27 07:44:59,874 - INFO - 1. hau: cos=1.0000
2025-08-27 07:44:59,874 - INFO - 2. pcm: cos=1.0000
2025-08-27 07:44:59,874 - INFO - 3. wol: cos=1.0000
2025-08-27 07:44:59,874 - INFO - 4. fon: cos=1.0000
2025-08-27 07:44:59,874 - INFO - 5. mos: cos=1.0000
2025-08-27 07:45:00,004 - INFO - === Layer 7 (xlmr) — Top 5 (cosine) ===
2025-08-27 07:45:00,004 - INFO - 1. kin: cos=1.0000
2025-08-27 07:45:00,004 - INFO - 2. fon: cos=1.0000
2025-08-27 07:45:00,004 - INFO - 3. sna: cos=1.0000
2025-08-27 07:45:00,004 - INFO - 4. pcm: cos=1.0000
2025-08-27 07:45:00,004 - INFO - 5. swa: cos=1.0000
2025-08-27 07:45:00,004 - INFO - === Layer 7 (xlmr) — Worst 5 (cosine) ===
2025-08-27 07:45:00,004 - INFO - 1. nya: cos=1.0000
2025-08-27 07:45:00,004 - INFO - 2. hau: cos=1.0000
2025-08-27 07:45:00,005 - INFO - 3. tsn: cos=1.0000
2025-08-27 07:45:00,005 - INFO - 4. mos: cos=1.0000
2025-08-27 07:45:00,005 - INFO - 5. wol: cos=1.0000
2025-08-27 07:45:00,209 - INFO - === Layer 8 (xlmr) — Top 5 (cosine) ===
2025-08-27 07:45:00,210 - INFO - 1. kin: cos=1.0000
2025-08-27 07:45:00,210 - INFO - 2. lug: cos=1.0000
2025-08-27 07:45:00,210 - INFO - 3. twi: cos=1.0000
2025-08-27 07:45:00,210 - INFO - 4. yor: cos=1.0000
2025-08-27 07:45:00,210 - INFO - 5. tsn: cos=1.0000
2025-08-27 07:45:00,210 - INFO - === Layer 8 (xlmr) — Worst 5 (cosine) ===
2025-08-27 07:45:00,210 - INFO - 1. ewe: cos=0.9999
2025-08-27 07:45:00,210 - INFO - 2. swa: cos=0.9999
2025-08-27 07:45:00,210 - INFO - 3. bbj: cos=1.0000
2025-08-27 07:45:00,210 - INFO - 4. hau: cos=1.0000
2025-08-27 07:45:00,210 - INFO - 5. fon: cos=1.0000
2025-08-27 07:45:00,338 - INFO - === Layer 9 (xlmr) — Top 5 (cosine) ===
2025-08-27 07:45:00,338 - INFO - 1. kin: cos=1.0000
2025-08-27 07:45:00,338 - INFO - 2. bam: cos=1.0000
2025-08-27 07:45:00,338 - INFO - 3. ewe: cos=1.0000
2025-08-27 07:45:00,338 - INFO - 4. twi: cos=1.0000
2025-08-27 07:45:00,338 - INFO - 5. luo: cos=1.0000
2025-08-27 07:45:00,338 - INFO - === Layer 9 (xlmr) — Worst 5 (cosine) ===
2025-08-27 07:45:00,338 - INFO - 1. bbj: cos=1.0000
2025-08-27 07:45:00,338 - INFO - 2. wol: cos=1.0000
2025-08-27 07:45:00,338 - INFO - 3. hau: cos=1.0000
2025-08-27 07:45:00,338 - INFO - 4. nya: cos=1.0000
2025-08-27 07:45:00,338 - INFO - 5. ibo: cos=1.0000
2025-08-27 07:45:00,472 - INFO - === Layer 10 (xlmr) — Top 5 (cosine) ===
2025-08-27 07:45:00,472 - INFO - 1. twi: cos=1.0000
2025-08-27 07:45:00,472 - INFO - 2. bam: cos=1.0000
2025-08-27 07:45:00,472 - INFO - 3. ewe: cos=1.0000
2025-08-27 07:45:00,472 - INFO - 4. zul: cos=1.0000
2025-08-27 07:45:00,473 - INFO - 5. wol: cos=1.0000
2025-08-27 07:45:00,473 - INFO - === Layer 10 (xlmr) — Worst 5 (cosine) ===
2025-08-27 07:45:00,473 - INFO - 1. pcm: cos=1.0000
2025-08-27 07:45:00,473 - INFO - 2. yor: cos=1.0000
2025-08-27 07:45:00,473 - INFO - 3. fon: cos=1.0000
2025-08-27 07:45:00,473 - INFO - 4. ibo: cos=1.0000
2025-08-27 07:45:00,473 - INFO - 5. lug: cos=1.0000
2025-08-27 07:45:00,603 - INFO - === Layer 11 (xlmr) — Top 5 (cosine) ===
2025-08-27 07:45:00,603 - INFO - 1. lug: cos=1.0000
2025-08-27 07:45:00,603 - INFO - 2. twi: cos=1.0000
2025-08-27 07:45:00,603 - INFO - 3. pcm: cos=1.0000
2025-08-27 07:45:00,603 - INFO - 4. swa: cos=1.0000
2025-08-27 07:45:00,603 - INFO - 5. tsn: cos=1.0000
2025-08-27 07:45:00,603 - INFO - === Layer 11 (xlmr) — Worst 5 (cosine) ===
2025-08-27 07:45:00,603 - INFO - 1. bam: cos=0.9998
2025-08-27 07:45:00,603 - INFO - 2. luo: cos=0.9999
2025-08-27 07:45:00,603 - INFO - 3. bbj: cos=0.9999
2025-08-27 07:45:00,603 - INFO - 4. zul: cos=0.9999
2025-08-27 07:45:00,603 - INFO - 5. sna: cos=0.9999
2025-08-27 07:45:00,733 - INFO - === Layer 12 (xlmr) — Top 5 (cosine) ===
2025-08-27 07:45:00,733 - INFO - 1. kin: cos=0.9999
2025-08-27 07:45:00,733 - INFO - 2. ewe: cos=0.9999
2025-08-27 07:45:00,733 - INFO - 3. wol: cos=0.9999
2025-08-27 07:45:00,733 - INFO - 4. sna: cos=0.9998
2025-08-27 07:45:00,733 - INFO - 5. lug: cos=0.9998
2025-08-27 07:45:00,733 - INFO - === Layer 12 (xlmr) — Worst 5 (cosine) ===
2025-08-27 07:45:00,733 - INFO - 1. fon: cos=0.9976
2025-08-27 07:45:00,733 - INFO - 2. pcm: cos=0.9992
2025-08-27 07:45:00,733 - INFO - 3. hau: cos=0.9995
2025-08-27 07:45:00,733 - INFO - 4. swa: cos=0.9997
2025-08-27 07:45:00,733 - INFO - 5. tsn: cos=0.9997
2025-08-27 07:45:00,734 - INFO - Experiment finished successfully.
ly.
