2025-08-27 07:44:33,634 - INFO - Start: model_type=xlmr, use_cls=True, use_context=False, context_window=1, max_tokens_per_type=500, batch_size=64, output_dir=rq2_train_scripts/Embeddings/CLEAN/outputs/combined/xlmr/config_1_clstrue_ctxfalse/tokens_500_ctx1, save_prototypes=False, seed=42, fp16=True, max_length=96, langs=all, layers=all, span_mode=bio, pool=mean, entity_tags={'LOC', 'DATE', 'PER', 'ORG'}, title_suffix='L=all, tokens=500, ctx=1, cls=true, fp16=true'
2025-08-27 07:44:35,516 - INFO - Processing run
2025-08-27 07:44:35,943 - INFO - Processing bam
2025-08-27 07:44:36,000 - INFO - Processing bbj
2025-08-27 07:44:36,048 - INFO - Processing ewe
2025-08-27 07:44:36,098 - INFO - Processing fon
2025-08-27 07:44:36,161 - INFO - Processing hau
2025-08-27 07:44:36,228 - INFO - Processing ibo
2025-08-27 07:44:36,330 - INFO - Processing kin
2025-08-27 07:44:36,405 - INFO - Processing lug
2025-08-27 07:44:36,466 - INFO - Processing luo
2025-08-27 07:44:36,534 - INFO - Processing mos
2025-08-27 07:44:36,604 - INFO - Processing nya
2025-08-27 07:44:36,673 - INFO - Processing pcm
2025-08-27 07:44:36,750 - INFO - Processing sna
2025-08-27 07:44:36,814 - INFO - Processing swa
2025-08-27 07:44:36,885 - INFO - Processing tsn
2025-08-27 07:44:36,938 - INFO - Processing twi
2025-08-27 07:44:37,000 - INFO - Processing wol
2025-08-27 07:44:37,065 - INFO - Processing xho
2025-08-27 07:44:37,125 - INFO - Processing yor
2025-08-27 07:44:37,214 - INFO - Processing zul
2025-08-27 07:44:37,706 - INFO - === Layer 1 (xlmr) — Top 5 (cosine) ===
2025-08-27 07:44:37,706 - INFO - 1. kin: cos=0.9999
2025-08-27 07:44:37,706 - INFO - 2. twi: cos=0.9999
2025-08-27 07:44:37,706 - INFO - 3. luo: cos=0.9999
2025-08-27 07:44:37,706 - INFO - 4. ibo: cos=0.9999
2025-08-27 07:44:37,706 - INFO - 5. nya: cos=0.9998
2025-08-27 07:44:37,706 - INFO - === Layer 1 (xlmr) — Worst 5 (cosine) ===
2025-08-27 07:44:37,706 - INFO - 1. hau: cos=0.9995
2025-08-27 07:44:37,706 - INFO - 2. bam: cos=0.9995
2025-08-27 07:44:37,706 - INFO - 3. xho: cos=0.9995
2025-08-27 07:44:37,706 - INFO - 4. fon: cos=0.9995
2025-08-27 07:44:37,706 - INFO - 5. pcm: cos=0.9995
2025-08-27 07:44:37,832 - INFO - === Layer 2 (xlmr) — Top 5 (cosine) ===
2025-08-27 07:44:37,832 - INFO - 1. kin: cos=1.0000
2025-08-27 07:44:37,832 - INFO - 2. luo: cos=1.0000
2025-08-27 07:44:37,832 - INFO - 3. twi: cos=1.0000
2025-08-27 07:44:37,832 - INFO - 4. ibo: cos=1.0000
2025-08-27 07:44:37,832 - INFO - 5. nya: cos=1.0000
2025-08-27 07:44:37,832 - INFO - === Layer 2 (xlmr) — Worst 5 (cosine) ===
2025-08-27 07:44:37,832 - INFO - 1. pcm: cos=0.9999
2025-08-27 07:44:37,832 - INFO - 2. bam: cos=0.9999
2025-08-27 07:44:37,832 - INFO - 3. bbj: cos=0.9999
2025-08-27 07:44:37,832 - INFO - 4. hau: cos=0.9999
2025-08-27 07:44:37,832 - INFO - 5. xho: cos=0.9999
2025-08-27 07:44:37,955 - INFO - === Layer 3 (xlmr) — Top 5 (cosine) ===
2025-08-27 07:44:37,955 - INFO - 1. luo: cos=1.0000
2025-08-27 07:44:37,955 - INFO - 2. kin: cos=1.0000
2025-08-27 07:44:37,955 - INFO - 3. twi: cos=1.0000
2025-08-27 07:44:37,955 - INFO - 4. hau: cos=1.0000
2025-08-27 07:44:37,955 - INFO - 5. zul: cos=1.0000
2025-08-27 07:44:37,955 - INFO - === Layer 3 (xlmr) — Worst 5 (cosine) ===
2025-08-27 07:44:37,955 - INFO - 1. pcm: cos=1.0000
2025-08-27 07:44:37,955 - INFO - 2. swa: cos=1.0000
2025-08-27 07:44:37,955 - INFO - 3. bbj: cos=1.0000
2025-08-27 07:44:37,955 - INFO - 4. nya: cos=1.0000
2025-08-27 07:44:37,955 - INFO - 5. fon: cos=1.0000
2025-08-27 07:44:38,081 - INFO - === Layer 4 (xlmr) — Top 5 (cosine) ===
2025-08-27 07:44:38,082 - INFO - 1. kin: cos=1.0000
2025-08-27 07:44:38,082 - INFO - 2. twi: cos=1.0000
2025-08-27 07:44:38,082 - INFO - 3. luo: cos=1.0000
2025-08-27 07:44:38,082 - INFO - 4. sna: cos=1.0000
2025-08-27 07:44:38,082 - INFO - 5. zul: cos=1.0000
2025-08-27 07:44:38,082 - INFO - === Layer 4 (xlmr) — Worst 5 (cosine) ===
2025-08-27 07:44:38,082 - INFO - 1. yor: cos=1.0000
2025-08-27 07:44:38,082 - INFO - 2. hau: cos=1.0000
2025-08-27 07:44:38,082 - INFO - 3. bam: cos=1.0000
2025-08-27 07:44:38,082 - INFO - 4. pcm: cos=1.0000
2025-08-27 07:44:38,082 - INFO - 5. wol: cos=1.0000
2025-08-27 07:44:38,211 - INFO - === Layer 5 (xlmr) — Top 5 (cosine) ===
2025-08-27 07:44:38,211 - INFO - 1. twi: cos=1.0000
2025-08-27 07:44:38,211 - INFO - 2. kin: cos=1.0000
2025-08-27 07:44:38,211 - INFO - 3. luo: cos=1.0000
2025-08-27 07:44:38,211 - INFO - 4. zul: cos=1.0000
2025-08-27 07:44:38,211 - INFO - 5. ibo: cos=1.0000
2025-08-27 07:44:38,211 - INFO - === Layer 5 (xlmr) — Worst 5 (cosine) ===
2025-08-27 07:44:38,211 - INFO - 1. hau: cos=1.0000
2025-08-27 07:44:38,211 - INFO - 2. pcm: cos=1.0000
2025-08-27 07:44:38,211 - INFO - 3. fon: cos=1.0000
2025-08-27 07:44:38,211 - INFO - 4. nya: cos=1.0000
2025-08-27 07:44:38,211 - INFO - 5. lug: cos=1.0000
2025-08-27 07:44:38,364 - INFO - === Layer 6 (xlmr) — Top 5 (cosine) ===
2025-08-27 07:44:38,364 - INFO - 1. twi: cos=1.0000
2025-08-27 07:44:38,364 - INFO - 2. kin: cos=1.0000
2025-08-27 07:44:38,364 - INFO - 3. luo: cos=1.0000
2025-08-27 07:44:38,364 - INFO - 4. ibo: cos=1.0000
2025-08-27 07:44:38,364 - INFO - 5. ewe: cos=1.0000
2025-08-27 07:44:38,364 - INFO - === Layer 6 (xlmr) — Worst 5 (cosine) ===
2025-08-27 07:44:38,364 - INFO - 1. pcm: cos=1.0000
2025-08-27 07:44:38,364 - INFO - 2. hau: cos=1.0000
2025-08-27 07:44:38,364 - INFO - 3. fon: cos=1.0000
2025-08-27 07:44:38,364 - INFO - 4. nya: cos=1.0000
2025-08-27 07:44:38,364 - INFO - 5. mos: cos=1.0000
2025-08-27 07:44:38,485 - INFO - === Layer 7 (xlmr) — Top 5 (cosine) ===
2025-08-27 07:44:38,485 - INFO - 1. kin: cos=1.0000
2025-08-27 07:44:38,485 - INFO - 2. fon: cos=1.0000
2025-08-27 07:44:38,485 - INFO - 3. sna: cos=1.0000
2025-08-27 07:44:38,485 - INFO - 4. ewe: cos=1.0000
2025-08-27 07:44:38,485 - INFO - 5. bbj: cos=1.0000
2025-08-27 07:44:38,485 - INFO - === Layer 7 (xlmr) — Worst 5 (cosine) ===
2025-08-27 07:44:38,485 - INFO - 1. hau: cos=1.0000
2025-08-27 07:44:38,485 - INFO - 2. tsn: cos=1.0000
2025-08-27 07:44:38,485 - INFO - 3. nya: cos=1.0000
2025-08-27 07:44:38,485 - INFO - 4. zul: cos=1.0000
2025-08-27 07:44:38,485 - INFO - 5. mos: cos=1.0000
2025-08-27 07:44:38,608 - INFO - === Layer 8 (xlmr) — Top 5 (cosine) ===
2025-08-27 07:44:38,608 - INFO - 1. kin: cos=1.0000
2025-08-27 07:44:38,608 - INFO - 2. lug: cos=1.0000
2025-08-27 07:44:38,608 - INFO - 3. xho: cos=1.0000
2025-08-27 07:44:38,608 - INFO - 4. tsn: cos=1.0000
2025-08-27 07:44:38,608 - INFO - 5. nya: cos=1.0000
2025-08-27 07:44:38,608 - INFO - === Layer 8 (xlmr) — Worst 5 (cosine) ===
2025-08-27 07:44:38,608 - INFO - 1. ewe: cos=0.9999
2025-08-27 07:44:38,608 - INFO - 2. bbj: cos=1.0000
2025-08-27 07:44:38,608 - INFO - 3. swa: cos=1.0000
2025-08-27 07:44:38,608 - INFO - 4. pcm: cos=1.0000
2025-08-27 07:44:38,608 - INFO - 5. fon: cos=1.0000
2025-08-27 07:44:38,822 - INFO - === Layer 9 (xlmr) — Top 5 (cosine) ===
2025-08-27 07:44:38,822 - INFO - 1. kin: cos=1.0000
2025-08-27 07:44:38,822 - INFO - 2. sna: cos=1.0000
2025-08-27 07:44:38,822 - INFO - 3. bam: cos=1.0000
2025-08-27 07:44:38,822 - INFO - 4. twi: cos=1.0000
2025-08-27 07:44:38,822 - INFO - 5. lug: cos=1.0000
2025-08-27 07:44:38,822 - INFO - === Layer 9 (xlmr) — Worst 5 (cosine) ===
2025-08-27 07:44:38,822 - INFO - 1. pcm: cos=1.0000
2025-08-27 07:44:38,822 - INFO - 2. hau: cos=1.0000
2025-08-27 07:44:38,822 - INFO - 3. ewe: cos=1.0000
2025-08-27 07:44:38,822 - INFO - 4. swa: cos=1.0000
2025-08-27 07:44:38,822 - INFO - 5. nya: cos=1.0000
2025-08-27 07:44:38,953 - INFO - === Layer 10 (xlmr) — Top 5 (cosine) ===
2025-08-27 07:44:38,953 - INFO - 1. kin: cos=1.0000
2025-08-27 07:44:38,953 - INFO - 2. luo: cos=1.0000
2025-08-27 07:44:38,953 - INFO - 3. zul: cos=1.0000
2025-08-27 07:44:38,953 - INFO - 4. twi: cos=1.0000
2025-08-27 07:44:38,953 - INFO - 5. bam: cos=1.0000
2025-08-27 07:44:38,953 - INFO - === Layer 10 (xlmr) — Worst 5 (cosine) ===
2025-08-27 07:44:38,953 - INFO - 1. pcm: cos=1.0000
2025-08-27 07:44:38,953 - INFO - 2. fon: cos=1.0000
2025-08-27 07:44:38,953 - INFO - 3. xho: cos=1.0000
2025-08-27 07:44:38,953 - INFO - 4. mos: cos=1.0000
2025-08-27 07:44:38,953 - INFO - 5. hau: cos=1.0000
2025-08-27 07:44:39,102 - INFO - === Layer 11 (xlmr) — Top 5 (cosine) ===
2025-08-27 07:44:39,102 - INFO - 1. ibo: cos=1.0000
2025-08-27 07:44:39,102 - INFO - 2. kin: cos=1.0000
2025-08-27 07:44:39,102 - INFO - 3. ewe: cos=1.0000
2025-08-27 07:44:39,102 - INFO - 4. hau: cos=1.0000
2025-08-27 07:44:39,102 - INFO - 5. twi: cos=1.0000
2025-08-27 07:44:39,102 - INFO - === Layer 11 (xlmr) — Worst 5 (cosine) ===
2025-08-27 07:44:39,102 - INFO - 1. bam: cos=0.9999
2025-08-27 07:44:39,102 - INFO - 2. bbj: cos=0.9999
2025-08-27 07:44:39,102 - INFO - 3. sna: cos=1.0000
2025-08-27 07:44:39,103 - INFO - 4. yor: cos=1.0000
2025-08-27 07:44:39,103 - INFO - 5. zul: cos=1.0000
2025-08-27 07:44:39,229 - INFO - === Layer 12 (xlmr) — Top 5 (cosine) ===
2025-08-27 07:44:39,229 - INFO - 1. kin: cos=0.9999
2025-08-27 07:44:39,229 - INFO - 2. luo: cos=0.9999
2025-08-27 07:44:39,229 - INFO - 3. nya: cos=0.9999
2025-08-27 07:44:39,229 - INFO - 4. lug: cos=0.9999
2025-08-27 07:44:39,229 - INFO - 5. wol: cos=0.9999
2025-08-27 07:44:39,229 - INFO - === Layer 12 (xlmr) — Worst 5 (cosine) ===
2025-08-27 07:44:39,229 - INFO - 1. pcm: cos=0.9981
2025-08-27 07:44:39,229 - INFO - 2. fon: cos=0.9990
2025-08-27 07:44:39,229 - INFO - 3. hau: cos=0.9991
2025-08-27 07:44:39,229 - INFO - 4. tsn: cos=0.9997
2025-08-27 07:44:39,229 - INFO - 5. xho: cos=0.9997
2025-08-27 07:44:39,230 - INFO - Experiment finished successfully.
