2025-08-02 21:31:58,384 - INFO - Experiment started with model_type=mbert, use_cls=False, use_context=False, context_window=1, use_hybrid=False, max_tokens_per_type=300, output_dir=rq2_train_scripts/Embeddings/MEXA_inspired_strategy/outputs/salt/mbert/config_0_clsfalse_ctxfalse_hybfalse/tokens_300_ctx1
2025-08-02 21:31:59,789 - INFO - Processing run
2025-08-02 21:32:11,681 - INFO - Processing bam
2025-08-02 21:32:23,394 - INFO - Processing bbj
2025-08-02 21:32:34,562 - INFO - Processing ewe
2025-08-02 21:32:46,914 - INFO - Processing fon
2025-08-02 21:32:58,768 - INFO - Processing hau
2025-08-02 21:33:11,157 - INFO - Processing ibo
2025-08-02 21:33:23,880 - INFO - Processing kin
2025-08-02 21:33:36,481 - INFO - Processing lug
2025-08-02 21:33:48,468 - INFO - Processing luo
2025-08-02 21:34:00,544 - INFO - Processing mos
2025-08-02 21:34:12,941 - INFO - Processing nya
2025-08-02 21:34:25,371 - INFO - Processing pcm
2025-08-02 21:34:37,565 - INFO - Processing sna
2025-08-02 21:34:49,851 - INFO - Processing swa
2025-08-02 21:35:02,495 - INFO - Processing tsn
2025-08-02 21:35:14,808 - INFO - Processing twi
2025-08-02 21:35:27,186 - INFO - Processing wol
2025-08-02 21:35:39,685 - INFO - Processing xho
2025-08-02 21:35:52,145 - INFO - Processing yor
2025-08-02 21:36:04,769 - INFO - Processing zul
2025-08-02 21:36:17,745 - INFO - Top 5 languages most similar to Runyankore:
2025-08-02 21:36:17,746 - INFO - 1. lug - Mean Similarity: 0.9566
2025-08-02 21:36:17,746 - INFO - 2. kin - Mean Similarity: 0.9485
2025-08-02 21:36:17,746 - INFO - 3. luo - Mean Similarity: 0.9456
2025-08-02 21:36:17,746 - INFO - 4. twi - Mean Similarity: 0.9391
2025-08-02 21:36:17,746 - INFO - 5. ibo - Mean Similarity: 0.9389
2025-08-02 21:36:17,746 - INFO - Experiment finished successfully.
