2025-08-02 20:15:53,456 - INFO - Experiment started with model_type=xlmr, use_cls=False, use_context=False, context_window=2, use_hybrid=True, max_tokens_per_type=400, output_dir=rq2_train_scripts/Embeddings/MEXA_inspired_strategy/outputs/combined/xlmr/config_3_clsfalse_ctxfalse_hybtrue/tokens_400_ctx2
2025-08-02 20:15:55,158 - INFO - Processing run
2025-08-02 20:15:58,979 - INFO - Processing bam
2025-08-02 20:16:02,328 - INFO - Processing bbj
2025-08-02 20:16:05,947 - INFO - Processing ewe
2025-08-02 20:16:09,547 - INFO - Processing fon
2025-08-02 20:16:13,189 - INFO - Processing hau
2025-08-02 20:16:16,791 - INFO - Processing ibo
2025-08-02 20:16:20,448 - INFO - Processing kin
2025-08-02 20:16:24,064 - INFO - Processing lug
2025-08-02 20:16:27,645 - INFO - Processing luo
2025-08-02 20:16:31,248 - INFO - Processing mos
2025-08-02 20:16:34,882 - INFO - Processing nya
2025-08-02 20:16:38,514 - INFO - Processing pcm
2025-08-02 20:16:42,099 - INFO - Processing sna
2025-08-02 20:16:45,735 - INFO - Processing swa
2025-08-02 20:16:49,322 - INFO - Processing tsn
2025-08-02 20:16:52,907 - INFO - Processing twi
2025-08-02 20:16:56,508 - INFO - Processing wol
2025-08-02 20:17:00,136 - INFO - Processing xho
2025-08-02 20:17:03,760 - INFO - Processing yor
2025-08-02 20:17:07,454 - INFO - Processing zul
2025-08-02 20:17:11,605 - INFO - Top 5 languages most similar to Runyankore:
2025-08-02 20:17:11,606 - INFO - 1. lug - Mean Similarity: 0.8366
2025-08-02 20:17:11,606 - INFO - 2. kin - Mean Similarity: 0.8152
2025-08-02 20:17:11,606 - INFO - 3. luo - Mean Similarity: 0.8133
2025-08-02 20:17:11,606 - INFO - 4. ibo - Mean Similarity: 0.8033
2025-08-02 20:17:11,606 - INFO - 5. twi - Mean Similarity: 0.8024
2025-08-02 20:17:11,606 - INFO - Experiment finished successfully.
