2025-08-27 17:41:11,227 - INFO - Start: model_type=xlmr, use_cls=True, use_context=False, context_window=1, max_tokens_per_type=400, batch_size=64, output_dir=rq2_train_scripts/Embeddings/CLEAN/outputs/combined/xlmr/config_1_clstrue_ctxfalse/tokens_400_ctx1/core, save_prototypes=False, seed=42, fp16=True, max_length=96, langs=all, layers=all, span_mode=bio, pool=mean, entity_tags={'ORG', 'DATE', 'LOC', 'PER'}, title_suffix='L=all, tokens=400, ctx=1, cls=true, fp16=true'
2025-08-27 17:41:13,207 - INFO - Processing run
2025-08-27 17:41:13,627 - INFO - Processing bam
2025-08-27 17:41:13,679 - INFO - Processing bbj
2025-08-27 17:41:13,727 - INFO - Processing ewe
2025-08-27 17:41:13,769 - INFO - Processing fon
2025-08-27 17:41:13,823 - INFO - Processing hau
2025-08-27 17:41:13,883 - INFO - Processing ibo
2025-08-27 17:41:13,968 - INFO - Processing kin
2025-08-27 17:41:14,034 - INFO - Processing lug
2025-08-27 17:41:14,083 - INFO - Processing luo
2025-08-27 17:41:14,140 - INFO - Processing mos
2025-08-27 17:41:14,206 - INFO - Processing nya
2025-08-27 17:41:14,282 - INFO - Processing pcm
2025-08-27 17:41:14,337 - INFO - Processing sna
2025-08-27 17:41:14,407 - INFO - Processing swa
2025-08-27 17:41:14,494 - INFO - Processing tsn
2025-08-27 17:41:14,541 - INFO - Processing twi
2025-08-27 17:41:14,596 - INFO - Processing wol
2025-08-27 17:41:14,659 - INFO - Processing xho
2025-08-27 17:41:14,699 - INFO - Processing yor
2025-08-27 17:41:14,781 - INFO - Processing zul
2025-08-27 17:41:15,280 - INFO - === Layer 1 (xlmr) — Top 5 (cosine) ===
2025-08-27 17:41:15,280 - INFO - 1. kin: cos=0.9999
2025-08-27 17:41:15,280 - INFO - 2. luo: cos=0.9999
2025-08-27 17:41:15,280 - INFO - 3. twi: cos=0.9999
2025-08-27 17:41:15,280 - INFO - 4. nya: cos=0.9998
2025-08-27 17:41:15,280 - INFO - 5. ewe: cos=0.9998
2025-08-27 17:41:15,280 - INFO - === Layer 1 (xlmr) — Worst 5 (cosine) ===
2025-08-27 17:41:15,280 - INFO - 1. hau: cos=0.9994
2025-08-27 17:41:15,280 - INFO - 2. pcm: cos=0.9995
2025-08-27 17:41:15,280 - INFO - 3. fon: cos=0.9995
2025-08-27 17:41:15,280 - INFO - 4. bam: cos=0.9995
2025-08-27 17:41:15,280 - INFO - 5. bbj: cos=0.9996
2025-08-27 17:41:15,401 - INFO - === Layer 2 (xlmr) — Top 5 (cosine) ===
2025-08-27 17:41:15,401 - INFO - 1. kin: cos=1.0000
2025-08-27 17:41:15,401 - INFO - 2. luo: cos=1.0000
2025-08-27 17:41:15,401 - INFO - 3. twi: cos=1.0000
2025-08-27 17:41:15,401 - INFO - 4. ewe: cos=1.0000
2025-08-27 17:41:15,401 - INFO - 5. nya: cos=1.0000
2025-08-27 17:41:15,401 - INFO - === Layer 2 (xlmr) — Worst 5 (cosine) ===
2025-08-27 17:41:15,401 - INFO - 1. pcm: cos=0.9999
2025-08-27 17:41:15,401 - INFO - 2. hau: cos=0.9999
2025-08-27 17:41:15,401 - INFO - 3. bam: cos=0.9999
2025-08-27 17:41:15,401 - INFO - 4. bbj: cos=0.9999
2025-08-27 17:41:15,401 - INFO - 5. swa: cos=0.9999
2025-08-27 17:41:15,554 - INFO - === Layer 3 (xlmr) — Top 5 (cosine) ===
2025-08-27 17:41:15,555 - INFO - 1. kin: cos=1.0000
2025-08-27 17:41:15,555 - INFO - 2. luo: cos=1.0000
2025-08-27 17:41:15,555 - INFO - 3. twi: cos=1.0000
2025-08-27 17:41:15,555 - INFO - 4. hau: cos=1.0000
2025-08-27 17:41:15,555 - INFO - 5. ibo: cos=1.0000
2025-08-27 17:41:15,555 - INFO - === Layer 3 (xlmr) — Worst 5 (cosine) ===
2025-08-27 17:41:15,555 - INFO - 1. swa: cos=1.0000
2025-08-27 17:41:15,555 - INFO - 2. pcm: cos=1.0000
2025-08-27 17:41:15,555 - INFO - 3. sna: cos=1.0000
2025-08-27 17:41:15,555 - INFO - 4. bbj: cos=1.0000
2025-08-27 17:41:15,555 - INFO - 5. fon: cos=1.0000
2025-08-27 17:41:15,682 - INFO - === Layer 4 (xlmr) — Top 5 (cosine) ===
2025-08-27 17:41:15,682 - INFO - 1. kin: cos=1.0000
2025-08-27 17:41:15,682 - INFO - 2. twi: cos=1.0000
2025-08-27 17:41:15,682 - INFO - 3. luo: cos=1.0000
2025-08-27 17:41:15,682 - INFO - 4. lug: cos=1.0000
2025-08-27 17:41:15,682 - INFO - 5. zul: cos=1.0000
2025-08-27 17:41:15,682 - INFO - === Layer 4 (xlmr) — Worst 5 (cosine) ===
2025-08-27 17:41:15,682 - INFO - 1. bam: cos=1.0000
2025-08-27 17:41:15,682 - INFO - 2. yor: cos=1.0000
2025-08-27 17:41:15,682 - INFO - 3. hau: cos=1.0000
2025-08-27 17:41:15,682 - INFO - 4. pcm: cos=1.0000
2025-08-27 17:41:15,682 - INFO - 5. wol: cos=1.0000
2025-08-27 17:41:15,812 - INFO - === Layer 5 (xlmr) — Top 5 (cosine) ===
2025-08-27 17:41:15,812 - INFO - 1. twi: cos=1.0000
2025-08-27 17:41:15,812 - INFO - 2. luo: cos=1.0000
2025-08-27 17:41:15,812 - INFO - 3. kin: cos=1.0000
2025-08-27 17:41:15,812 - INFO - 4. zul: cos=1.0000
2025-08-27 17:41:15,812 - INFO - 5. ewe: cos=1.0000
2025-08-27 17:41:15,812 - INFO - === Layer 5 (xlmr) — Worst 5 (cosine) ===
2025-08-27 17:41:15,812 - INFO - 1. hau: cos=1.0000
2025-08-27 17:41:15,812 - INFO - 2. pcm: cos=1.0000
2025-08-27 17:41:15,812 - INFO - 3. fon: cos=1.0000
2025-08-27 17:41:15,812 - INFO - 4. mos: cos=1.0000
2025-08-27 17:41:15,812 - INFO - 5. wol: cos=1.0000
2025-08-27 17:41:15,940 - INFO - === Layer 6 (xlmr) — Top 5 (cosine) ===
2025-08-27 17:41:15,940 - INFO - 1. twi: cos=1.0000
2025-08-27 17:41:15,940 - INFO - 2. ewe: cos=1.0000
2025-08-27 17:41:15,940 - INFO - 3. luo: cos=1.0000
2025-08-27 17:41:15,940 - INFO - 4. kin: cos=1.0000
2025-08-27 17:41:15,940 - INFO - 5. ibo: cos=1.0000
2025-08-27 17:41:15,940 - INFO - === Layer 6 (xlmr) — Worst 5 (cosine) ===
2025-08-27 17:41:15,940 - INFO - 1. pcm: cos=1.0000
2025-08-27 17:41:15,940 - INFO - 2. hau: cos=1.0000
2025-08-27 17:41:15,940 - INFO - 3. nya: cos=1.0000
2025-08-27 17:41:15,940 - INFO - 4. swa: cos=1.0000
2025-08-27 17:41:15,940 - INFO - 5. wol: cos=1.0000
2025-08-27 17:41:16,068 - INFO - === Layer 7 (xlmr) — Top 5 (cosine) ===
2025-08-27 17:41:16,068 - INFO - 1. twi: cos=1.0000
2025-08-27 17:41:16,068 - INFO - 2. kin: cos=1.0000
2025-08-27 17:41:16,068 - INFO - 3. bbj: cos=1.0000
2025-08-27 17:41:16,068 - INFO - 4. fon: cos=1.0000
2025-08-27 17:41:16,068 - INFO - 5. sna: cos=1.0000
2025-08-27 17:41:16,068 - INFO - === Layer 7 (xlmr) — Worst 5 (cosine) ===
2025-08-27 17:41:16,068 - INFO - 1. hau: cos=1.0000
2025-08-27 17:41:16,068 - INFO - 2. pcm: cos=1.0000
2025-08-27 17:41:16,068 - INFO - 3. zul: cos=1.0000
2025-08-27 17:41:16,068 - INFO - 4. nya: cos=1.0000
2025-08-27 17:41:16,068 - INFO - 5. tsn: cos=1.0000
2025-08-27 17:41:16,269 - INFO - === Layer 8 (xlmr) — Top 5 (cosine) ===
2025-08-27 17:41:16,270 - INFO - 1. kin: cos=1.0000
2025-08-27 17:41:16,270 - INFO - 2. ewe: cos=1.0000
2025-08-27 17:41:16,270 - INFO - 3. lug: cos=1.0000
2025-08-27 17:41:16,270 - INFO - 4. luo: cos=1.0000
2025-08-27 17:41:16,270 - INFO - 5. twi: cos=1.0000
2025-08-27 17:41:16,270 - INFO - === Layer 8 (xlmr) — Worst 5 (cosine) ===
2025-08-27 17:41:16,270 - INFO - 1. pcm: cos=0.9999
2025-08-27 17:41:16,270 - INFO - 2. fon: cos=1.0000
2025-08-27 17:41:16,270 - INFO - 3. hau: cos=1.0000
2025-08-27 17:41:16,270 - INFO - 4. sna: cos=1.0000
2025-08-27 17:41:16,270 - INFO - 5. bbj: cos=1.0000
2025-08-27 17:41:16,396 - INFO - === Layer 9 (xlmr) — Top 5 (cosine) ===
2025-08-27 17:41:16,396 - INFO - 1. kin: cos=1.0000
2025-08-27 17:41:16,396 - INFO - 2. ewe: cos=1.0000
2025-08-27 17:41:16,396 - INFO - 3. twi: cos=1.0000
2025-08-27 17:41:16,396 - INFO - 4. luo: cos=1.0000
2025-08-27 17:41:16,396 - INFO - 5. bam: cos=1.0000
2025-08-27 17:41:16,396 - INFO - === Layer 9 (xlmr) — Worst 5 (cosine) ===
2025-08-27 17:41:16,396 - INFO - 1. pcm: cos=1.0000
2025-08-27 17:41:16,396 - INFO - 2. hau: cos=1.0000
2025-08-27 17:41:16,396 - INFO - 3. sna: cos=1.0000
2025-08-27 17:41:16,396 - INFO - 4. nya: cos=1.0000
2025-08-27 17:41:16,396 - INFO - 5. wol: cos=1.0000
2025-08-27 17:41:16,522 - INFO - === Layer 10 (xlmr) — Top 5 (cosine) ===
2025-08-27 17:41:16,523 - INFO - 1. bam: cos=1.0000
2025-08-27 17:41:16,523 - INFO - 2. luo: cos=1.0000
2025-08-27 17:41:16,523 - INFO - 3. twi: cos=1.0000
2025-08-27 17:41:16,523 - INFO - 4. zul: cos=1.0000
2025-08-27 17:41:16,523 - INFO - 5. ewe: cos=1.0000
2025-08-27 17:41:16,523 - INFO - === Layer 10 (xlmr) — Worst 5 (cosine) ===
2025-08-27 17:41:16,523 - INFO - 1. pcm: cos=1.0000
2025-08-27 17:41:16,523 - INFO - 2. yor: cos=1.0000
2025-08-27 17:41:16,523 - INFO - 3. ibo: cos=1.0000
2025-08-27 17:41:16,523 - INFO - 4. fon: cos=1.0000
2025-08-27 17:41:16,523 - INFO - 5. xho: cos=1.0000
2025-08-27 17:41:16,648 - INFO - === Layer 11 (xlmr) — Top 5 (cosine) ===
2025-08-27 17:41:16,649 - INFO - 1. hau: cos=1.0000
2025-08-27 17:41:16,649 - INFO - 2. pcm: cos=1.0000
2025-08-27 17:41:16,649 - INFO - 3. ibo: cos=1.0000
2025-08-27 17:41:16,649 - INFO - 4. twi: cos=1.0000
2025-08-27 17:41:16,649 - INFO - 5. lug: cos=1.0000
2025-08-27 17:41:16,649 - INFO - === Layer 11 (xlmr) — Worst 5 (cosine) ===
2025-08-27 17:41:16,649 - INFO - 1. luo: cos=0.9999
2025-08-27 17:41:16,649 - INFO - 2. bam: cos=0.9999
2025-08-27 17:41:16,649 - INFO - 3. bbj: cos=0.9999
2025-08-27 17:41:16,649 - INFO - 4. sna: cos=1.0000
2025-08-27 17:41:16,649 - INFO - 5. zul: cos=1.0000
2025-08-27 17:41:16,775 - INFO - === Layer 12 (xlmr) — Top 5 (cosine) ===
2025-08-27 17:41:16,775 - INFO - 1. kin: cos=0.9999
2025-08-27 17:41:16,775 - INFO - 2. nya: cos=0.9999
2025-08-27 17:41:16,775 - INFO - 3. ewe: cos=0.9999
2025-08-27 17:41:16,775 - INFO - 4. wol: cos=0.9999
2025-08-27 17:41:16,775 - INFO - 5. luo: cos=0.9999
2025-08-27 17:41:16,775 - INFO - === Layer 12 (xlmr) — Worst 5 (cosine) ===
2025-08-27 17:41:16,775 - INFO - 1. fon: cos=0.9982
2025-08-27 17:41:16,775 - INFO - 2. hau: cos=0.9987
2025-08-27 17:41:16,775 - INFO - 3. pcm: cos=0.9990
2025-08-27 17:41:16,775 - INFO - 4. twi: cos=0.9995
2025-08-27 17:41:16,775 - INFO - 5. tsn: cos=0.9996
2025-08-27 17:41:16,776 - INFO - Experiment finished successfully.
