2025-08-03 02:52:40,827 - INFO - Experiment started with model_type=mbert, use_cls=True, use_context=True, context_window=2, use_hybrid=False, max_tokens_per_type=300, output_dir=rq2_train_scripts/Embeddings/MEXA_inspired_strategy/outputs/salt/mbert/config_4_clstrue_ctxtrue_hybfalse/tokens_300_ctx2
2025-08-03 02:52:41,871 - INFO - Processing run
2025-08-03 02:52:44,344 - INFO - Processing bam
2025-08-03 02:52:46,445 - INFO - Processing bbj
2025-08-03 02:52:48,576 - INFO - Processing ewe
2025-08-03 02:52:50,708 - INFO - Processing fon
2025-08-03 02:52:52,855 - INFO - Processing hau
2025-08-03 02:52:55,007 - INFO - Processing ibo
2025-08-03 02:52:57,204 - INFO - Processing kin
2025-08-03 02:52:59,360 - INFO - Processing lug
2025-08-03 02:53:01,510 - INFO - Processing luo
2025-08-03 02:53:03,642 - INFO - Processing mos
2025-08-03 02:53:05,764 - INFO - Processing nya
2025-08-03 02:53:07,898 - INFO - Processing pcm
2025-08-03 02:53:10,011 - INFO - Processing sna
2025-08-03 02:53:12,150 - INFO - Processing swa
2025-08-03 02:53:14,278 - INFO - Processing tsn
2025-08-03 02:53:16,386 - INFO - Processing twi
2025-08-03 02:53:18,500 - INFO - Processing wol
2025-08-03 02:53:20,630 - INFO - Processing xho
2025-08-03 02:53:22,744 - INFO - Processing yor
2025-08-03 02:53:24,901 - INFO - Processing zul
2025-08-03 02:53:27,462 - INFO - Top 5 languages most similar to Runyankore:
2025-08-03 02:53:27,462 - INFO - 1. lug - Mean Similarity: 0.9944
2025-08-03 02:53:27,462 - INFO - 2. kin - Mean Similarity: 0.9925
2025-08-03 02:53:27,462 - INFO - 3. nya - Mean Similarity: 0.9914
2025-08-03 02:53:27,462 - INFO - 4. sna - Mean Similarity: 0.9901
2025-08-03 02:53:27,462 - INFO - 5. xho - Mean Similarity: 0.9870
2025-08-03 02:53:27,462 - INFO - Experiment finished successfully.
