2025-08-27 07:54:49,454 - INFO - Start: model_type=mbert, use_cls=False, use_context=True, context_window=2, max_tokens_per_type=300, batch_size=64, output_dir=rq2_train_scripts/Embeddings/CLEAN/outputs/mptc/mbert/config_2_clsfalse_ctxtrue/tokens_300_ctx2, save_prototypes=False, seed=42, fp16=True, max_length=96, langs=all, layers=all, span_mode=bio, pool=mean, entity_tags={'LOC', 'DATE', 'ORG', 'PER'}, title_suffix='L=all, tokens=300, ctx=2, cls=false, fp16=true'
2025-08-27 07:54:50,953 - INFO - Processing run
2025-08-27 07:54:51,459 - INFO - Processing bam
2025-08-27 07:54:51,599 - INFO - Processing bbj
2025-08-27 07:54:51,707 - INFO - Processing ewe
2025-08-27 07:54:51,808 - INFO - Processing fon
2025-08-27 07:54:51,929 - INFO - Processing hau
2025-08-27 07:54:52,060 - INFO - Processing ibo
2025-08-27 07:54:52,217 - INFO - Processing kin
2025-08-27 07:54:52,349 - INFO - Processing lug
2025-08-27 07:54:52,469 - INFO - Processing luo
2025-08-27 07:54:52,595 - INFO - Processing mos
2025-08-27 07:54:52,719 - INFO - Processing nya
2025-08-27 07:54:52,844 - INFO - Processing pcm
2025-08-27 07:54:52,958 - INFO - Processing sna
2025-08-27 07:54:53,083 - INFO - Processing swa
2025-08-27 07:54:53,245 - INFO - Processing tsn
2025-08-27 07:54:53,354 - INFO - Processing twi
2025-08-27 07:54:53,479 - INFO - Processing wol
2025-08-27 07:54:53,600 - INFO - Processing xho
2025-08-27 07:54:53,713 - INFO - Processing yor
2025-08-27 07:54:53,889 - INFO - Processing zul
2025-08-27 07:54:54,367 - INFO - === Layer 1 (mbert) — Top 5 (cosine) ===
2025-08-27 07:54:54,367 - INFO - 1. kin: cos=0.8391
2025-08-27 07:54:54,367 - INFO - 2. nya: cos=0.8245
2025-08-27 07:54:54,367 - INFO - 3. lug: cos=0.8224
2025-08-27 07:54:54,367 - INFO - 4. luo: cos=0.8183
2025-08-27 07:54:54,367 - INFO - 5. twi: cos=0.8071
2025-08-27 07:54:54,367 - INFO - === Layer 1 (mbert) — Worst 5 (cosine) ===
2025-08-27 07:54:54,367 - INFO - 1. bbj: cos=0.6068
2025-08-27 07:54:54,367 - INFO - 2. yor: cos=0.6287
2025-08-27 07:54:54,367 - INFO - 3. pcm: cos=0.6576
2025-08-27 07:54:54,367 - INFO - 4. mos: cos=0.6767
2025-08-27 07:54:54,367 - INFO - 5. ewe: cos=0.6841
2025-08-27 07:54:54,498 - INFO - === Layer 2 (mbert) — Top 5 (cosine) ===
2025-08-27 07:54:54,498 - INFO - 1. kin: cos=0.8602
2025-08-27 07:54:54,498 - INFO - 2. lug: cos=0.8440
2025-08-27 07:54:54,498 - INFO - 3. nya: cos=0.8410
2025-08-27 07:54:54,498 - INFO - 4. luo: cos=0.8383
2025-08-27 07:54:54,498 - INFO - 5. twi: cos=0.8283
2025-08-27 07:54:54,498 - INFO - === Layer 2 (mbert) — Worst 5 (cosine) ===
2025-08-27 07:54:54,498 - INFO - 1. bbj: cos=0.6479
2025-08-27 07:54:54,498 - INFO - 2. yor: cos=0.6704
2025-08-27 07:54:54,498 - INFO - 3. pcm: cos=0.6705
2025-08-27 07:54:54,498 - INFO - 4. ewe: cos=0.7043
2025-08-27 07:54:54,498 - INFO - 5. mos: cos=0.7111
2025-08-27 07:54:54,628 - INFO - === Layer 3 (mbert) — Top 5 (cosine) ===
2025-08-27 07:54:54,629 - INFO - 1. kin: cos=0.9078
2025-08-27 07:54:54,629 - INFO - 2. luo: cos=0.9013
2025-08-27 07:54:54,629 - INFO - 3. lug: cos=0.9002
2025-08-27 07:54:54,629 - INFO - 4. twi: cos=0.8960
2025-08-27 07:54:54,629 - INFO - 5. ibo: cos=0.8956
2025-08-27 07:54:54,629 - INFO - === Layer 3 (mbert) — Worst 5 (cosine) ===
2025-08-27 07:54:54,629 - INFO - 1. bbj: cos=0.7696
2025-08-27 07:54:54,629 - INFO - 2. yor: cos=0.7883
2025-08-27 07:54:54,629 - INFO - 3. pcm: cos=0.7888
2025-08-27 07:54:54,629 - INFO - 4. ewe: cos=0.8077
2025-08-27 07:54:54,629 - INFO - 5. bam: cos=0.8211
2025-08-27 07:54:54,761 - INFO - === Layer 4 (mbert) — Top 5 (cosine) ===
2025-08-27 07:54:54,761 - INFO - 1. kin: cos=0.9284
2025-08-27 07:54:54,761 - INFO - 2. lug: cos=0.9236
2025-08-27 07:54:54,761 - INFO - 3. luo: cos=0.9219
2025-08-27 07:54:54,761 - INFO - 4. twi: cos=0.9151
2025-08-27 07:54:54,761 - INFO - 5. zul: cos=0.9079
2025-08-27 07:54:54,761 - INFO - === Layer 4 (mbert) — Worst 5 (cosine) ===
2025-08-27 07:54:54,761 - INFO - 1. bbj: cos=0.8068
2025-08-27 07:54:54,761 - INFO - 2. pcm: cos=0.8179
2025-08-27 07:54:54,761 - INFO - 3. yor: cos=0.8287
2025-08-27 07:54:54,761 - INFO - 4. ewe: cos=0.8459
2025-08-27 07:54:54,761 - INFO - 5. mos: cos=0.8532
2025-08-27 07:54:54,890 - INFO - === Layer 5 (mbert) — Top 5 (cosine) ===
2025-08-27 07:54:54,890 - INFO - 1. ibo: cos=0.9466
2025-08-27 07:54:54,890 - INFO - 2. luo: cos=0.9450
2025-08-27 07:54:54,890 - INFO - 3. zul: cos=0.9436
2025-08-27 07:54:54,890 - INFO - 4. kin: cos=0.9432
2025-08-27 07:54:54,890 - INFO - 5. sna: cos=0.9412
2025-08-27 07:54:54,890 - INFO - === Layer 5 (mbert) — Worst 5 (cosine) ===
2025-08-27 07:54:54,890 - INFO - 1. pcm: cos=0.8720
2025-08-27 07:54:54,890 - INFO - 2. bbj: cos=0.8755
2025-08-27 07:54:54,890 - INFO - 3. ewe: cos=0.8900
2025-08-27 07:54:54,890 - INFO - 4. yor: cos=0.8908
2025-08-27 07:54:54,890 - INFO - 5. swa: cos=0.9025
2025-08-27 07:54:55,100 - INFO - === Layer 6 (mbert) — Top 5 (cosine) ===
2025-08-27 07:54:55,100 - INFO - 1. ibo: cos=0.9576
2025-08-27 07:54:55,100 - INFO - 2. luo: cos=0.9556
2025-08-27 07:54:55,100 - INFO - 3. zul: cos=0.9538
2025-08-27 07:54:55,100 - INFO - 4. sna: cos=0.9536
2025-08-27 07:54:55,100 - INFO - 5. kin: cos=0.9522
2025-08-27 07:54:55,100 - INFO - === Layer 6 (mbert) — Worst 5 (cosine) ===
2025-08-27 07:54:55,100 - INFO - 1. pcm: cos=0.8942
2025-08-27 07:54:55,100 - INFO - 2. yor: cos=0.9026
2025-08-27 07:54:55,100 - INFO - 3. bbj: cos=0.9049
2025-08-27 07:54:55,100 - INFO - 4. swa: cos=0.9123
2025-08-27 07:54:55,100 - INFO - 5. ewe: cos=0.9140
2025-08-27 07:54:55,228 - INFO - === Layer 7 (mbert) — Top 5 (cosine) ===
2025-08-27 07:54:55,228 - INFO - 1. twi: cos=0.9324
2025-08-27 07:54:55,228 - INFO - 2. ibo: cos=0.9237
2025-08-27 07:54:55,228 - INFO - 3. kin: cos=0.9229
2025-08-27 07:54:55,228 - INFO - 4. hau: cos=0.9218
2025-08-27 07:54:55,228 - INFO - 5. zul: cos=0.9217
2025-08-27 07:54:55,228 - INFO - === Layer 7 (mbert) — Worst 5 (cosine) ===
2025-08-27 07:54:55,228 - INFO - 1. yor: cos=0.8526
2025-08-27 07:54:55,228 - INFO - 2. swa: cos=0.8648
2025-08-27 07:54:55,228 - INFO - 3. bbj: cos=0.8700
2025-08-27 07:54:55,228 - INFO - 4. pcm: cos=0.8823
2025-08-27 07:54:55,228 - INFO - 5. bam: cos=0.8893
2025-08-27 07:54:55,356 - INFO - === Layer 8 (mbert) — Top 5 (cosine) ===
2025-08-27 07:54:55,356 - INFO - 1. twi: cos=0.9224
2025-08-27 07:54:55,356 - INFO - 2. ibo: cos=0.9136
2025-08-27 07:54:55,356 - INFO - 3. kin: cos=0.9078
2025-08-27 07:54:55,356 - INFO - 4. hau: cos=0.9067
2025-08-27 07:54:55,356 - INFO - 5. fon: cos=0.9062
2025-08-27 07:54:55,356 - INFO - === Layer 8 (mbert) — Worst 5 (cosine) ===
2025-08-27 07:54:55,356 - INFO - 1. yor: cos=0.8250
2025-08-27 07:54:55,356 - INFO - 2. swa: cos=0.8429
2025-08-27 07:54:55,356 - INFO - 3. bbj: cos=0.8435
2025-08-27 07:54:55,356 - INFO - 4. pcm: cos=0.8601
2025-08-27 07:54:55,356 - INFO - 5. bam: cos=0.8725
2025-08-27 07:54:55,483 - INFO - === Layer 9 (mbert) — Top 5 (cosine) ===
2025-08-27 07:54:55,483 - INFO - 1. twi: cos=0.9447
2025-08-27 07:54:55,483 - INFO - 2. ibo: cos=0.9371
2025-08-27 07:54:55,483 - INFO - 3. kin: cos=0.9351
2025-08-27 07:54:55,483 - INFO - 4. lug: cos=0.9320
2025-08-27 07:54:55,483 - INFO - 5. fon: cos=0.9314
2025-08-27 07:54:55,483 - INFO - === Layer 9 (mbert) — Worst 5 (cosine) ===
2025-08-27 07:54:55,483 - INFO - 1. yor: cos=0.8767
2025-08-27 07:54:55,483 - INFO - 2. bbj: cos=0.8860
2025-08-27 07:54:55,483 - INFO - 3. swa: cos=0.8979
2025-08-27 07:54:55,483 - INFO - 4. bam: cos=0.8989
2025-08-27 07:54:55,483 - INFO - 5. pcm: cos=0.9037
2025-08-27 07:54:55,612 - INFO - === Layer 10 (mbert) — Top 5 (cosine) ===
2025-08-27 07:54:55,612 - INFO - 1. lug: cos=0.9545
2025-08-27 07:54:55,612 - INFO - 2. ibo: cos=0.9542
2025-08-27 07:54:55,612 - INFO - 3. twi: cos=0.9534
2025-08-27 07:54:55,612 - INFO - 4. nya: cos=0.9460
2025-08-27 07:54:55,612 - INFO - 5. kin: cos=0.9454
2025-08-27 07:54:55,612 - INFO - === Layer 10 (mbert) — Worst 5 (cosine) ===
2025-08-27 07:54:55,612 - INFO - 1. yor: cos=0.9043
2025-08-27 07:54:55,612 - INFO - 2. bbj: cos=0.9078
2025-08-27 07:54:55,612 - INFO - 3. bam: cos=0.9113
2025-08-27 07:54:55,612 - INFO - 4. wol: cos=0.9187
2025-08-27 07:54:55,612 - INFO - 5. xho: cos=0.9200
2025-08-27 07:54:55,742 - INFO - === Layer 11 (mbert) — Top 5 (cosine) ===
2025-08-27 07:54:55,742 - INFO - 1. lug: cos=0.9628
2025-08-27 07:54:55,742 - INFO - 2. twi: cos=0.9600
2025-08-27 07:54:55,742 - INFO - 3. ibo: cos=0.9590
2025-08-27 07:54:55,742 - INFO - 4. nya: cos=0.9561
2025-08-27 07:54:55,742 - INFO - 5. tsn: cos=0.9561
2025-08-27 07:54:55,742 - INFO - === Layer 11 (mbert) — Worst 5 (cosine) ===
2025-08-27 07:54:55,742 - INFO - 1. yor: cos=0.9104
2025-08-27 07:54:55,742 - INFO - 2. bbj: cos=0.9109
2025-08-27 07:54:55,742 - INFO - 3. pcm: cos=0.9163
2025-08-27 07:54:55,742 - INFO - 4. xho: cos=0.9181
2025-08-27 07:54:55,742 - INFO - 5. zul: cos=0.9182
2025-08-27 07:54:55,880 - INFO - === Layer 12 (mbert) — Top 5 (cosine) ===
2025-08-27 07:54:55,880 - INFO - 1. lug: cos=0.8467
2025-08-27 07:54:55,880 - INFO - 2. twi: cos=0.8314
2025-08-27 07:54:55,880 - INFO - 3. tsn: cos=0.8159
2025-08-27 07:54:55,880 - INFO - 4. nya: cos=0.8129
2025-08-27 07:54:55,880 - INFO - 5. kin: cos=0.8125
2025-08-27 07:54:55,880 - INFO - === Layer 12 (mbert) — Worst 5 (cosine) ===
2025-08-27 07:54:55,880 - INFO - 1. yor: cos=0.6457
2025-08-27 07:54:55,880 - INFO - 2. bbj: cos=0.6642
2025-08-27 07:54:55,880 - INFO - 3. zul: cos=0.6897
2025-08-27 07:54:55,880 - INFO - 4. xho: cos=0.7026
2025-08-27 07:54:55,880 - INFO - 5. luo: cos=0.7085
2025-08-27 07:54:55,881 - INFO - Experiment finished successfully.
