2025-08-02 23:32:25,580 - INFO - Experiment started with model_type=mbert, use_cls=True, use_context=True, context_window=1, use_hybrid=True, max_tokens_per_type=200, output_dir=rq2_train_scripts/Embeddings/MEXA_inspired_strategy/outputs/combined/mbert/config_7_clstrue_ctxtrue_hybtrue/tokens_200_ctx1
2025-08-02 23:32:26,949 - INFO - Processing run
2025-08-02 23:32:28,833 - INFO - Processing bam
2025-08-02 23:32:30,370 - INFO - Processing bbj
2025-08-02 23:32:31,885 - INFO - Processing ewe
2025-08-02 23:32:33,401 - INFO - Processing fon
2025-08-02 23:32:34,946 - INFO - Processing hau
2025-08-02 23:32:36,488 - INFO - Processing ibo
2025-08-02 23:32:38,060 - INFO - Processing kin
2025-08-02 23:32:39,605 - INFO - Processing lug
2025-08-02 23:32:41,120 - INFO - Processing luo
2025-08-02 23:32:42,656 - INFO - Processing mos
2025-08-02 23:32:44,191 - INFO - Processing nya
2025-08-02 23:32:45,733 - INFO - Processing pcm
2025-08-02 23:32:47,256 - INFO - Processing sna
2025-08-02 23:32:48,780 - INFO - Processing swa
2025-08-02 23:32:50,315 - INFO - Processing tsn
2025-08-02 23:32:51,818 - INFO - Processing twi
2025-08-02 23:32:53,335 - INFO - Processing wol
2025-08-02 23:32:54,853 - INFO - Processing xho
2025-08-02 23:32:56,358 - INFO - Processing yor
2025-08-02 23:32:57,909 - INFO - Processing zul
2025-08-02 23:32:59,900 - INFO - Top 5 languages most similar to Runyankore:
2025-08-02 23:32:59,900 - INFO - 1. lug - Mean Similarity: 0.7123
2025-08-02 23:32:59,900 - INFO - 2. nya - Mean Similarity: 0.7010
2025-08-02 23:32:59,900 - INFO - 3. kin - Mean Similarity: 0.6951
2025-08-02 23:32:59,900 - INFO - 4. sna - Mean Similarity: 0.6846
2025-08-02 23:32:59,900 - INFO - 5. luo - Mean Similarity: 0.6712
2025-08-02 23:32:59,900 - INFO - Experiment finished successfully.
