2025-08-27 07:47:25,661 - INFO - Start: model_type=xlmr, use_cls=False, use_context=True, context_window=2, max_tokens_per_type=400, batch_size=64, output_dir=rq2_train_scripts/Embeddings/CLEAN/outputs/combined/xlmr/config_2_clsfalse_ctxtrue/tokens_400_ctx2, save_prototypes=False, seed=42, fp16=True, max_length=96, langs=all, layers=all, span_mode=bio, pool=mean, entity_tags={'LOC', 'DATE', 'ORG', 'PER'}, title_suffix='L=all, tokens=400, ctx=2, cls=false, fp16=tr20252025-08-27 07:47:27,885 - INFO - Processing 20252025-08-27 07:47:28,389 - INFO - Processing bam
2025-08-27 07:47:28,518 - INFO - Processing bbj
2025-08-27 07:47:28,648 - INFO - Processing ewe
2025-08-27 07:47:28,786 - INFO - Processing fon
2025-08-27 07:47:28,931 - INFO - Processing 20252025-08-27 07:47:29,080 - INFO - Processing 20252025-08-27 07:47:29,241 - INFO - Processing 20252025-08-27 07:47:29,384 - INFO - Processing 20252025-08-27 07:47:29,545 - INFO - Processing 20252025-08-27 07:47:29,691 - INFO - Processing 2025-08-27 07:47:29,869 - INFO - Processing nya
2025-08-27 07:47:30,046 - INFO - Processing pcm
2025-08-27 07:47:30,199 - INFO - Processing sna
2025-08-27 07:47:30,364 - INFO - Processing swa
2025-08-27 07:47:30,540 - INFO - Processing tsn
2025-08-27 07:47:30,702 - INFO - Processing twi
2025-08-27 07:47:30,879 - INFO - Processing wol
2025-08-27 07:47:31,057 - INFO - Processing xho
2025-08-27 07:47:31,219 - INFO - Processing yor
2025-08-27 07:47:31,432 - INFO - Processing zul
2025-08-27 07:47:32,036 - INFO - === Layer 1 (xlmr) — Top 5 (cosine) ===
2025-08-27 07:47:32,036 - INFO - 1. kin: cos=0.9262
2025-08-27 07:47:32,036 - INFO - 2. twi: cos=0.9117
2025-08-27 07:47:32,036 - INFO - 3. ibo: cos=0.9100
2025-08-27 07:47:32,036 - INFO - 4. sna: cos=0.9051
2025-08-27 07:47:32,036 - INFO - 5. luo: cos=0.9046
2025-08-27 07:47:32,036 - INFO - === Layer 1 (xlmr) — Worst 5 (cosine) ===
2025-08-27 07:47:32,036 - INFO - 1. pcm: cos=0.8250
2025-08-27 07:47:32,036 - INFO - 2. hau: cos=0.8259
2025-08-27 07:47:32,037 - INFO - 3. fon: cos=0.8283
2025-08-27 07:47:32,037 - INFO - 4. bbj: cos=0.8340
2025-08-27 07:47:32,037 - INFO - 5. mos: cos=0.8394
2025-08-27 07:47:32,167 - INFO - === Layer 2 (xlmr) — Top 5 (cosine) ===
2025-08-27 07:47:32,167 - INFO - 1. kin: cos=0.9697
2025-08-27 07:47:32,167 - INFO - 2. twi: cos=0.9653
2025-08-27 07:47:32,167 - INFO - 3. ibo: cos=0.9643
2025-08-27 07:47:32,167 - INFO - 4. luo: cos=0.9628
2025-08-27 07:47:32,167 - INFO - 5. sna: cos=0.9627
2025-08-27 07:47:32,167 - INFO - === Layer 2 (xlmr) — Worst 5 (cosine) ===
2025-08-27 07:47:32,167 - INFO - 1. pcm: cos=0.9252
2025-08-27 07:47:32,167 - INFO - 2. hau: cos=0.9290
2025-08-27 07:47:32,167 - INFO - 3. fon: cos=0.9323
2025-08-27 07:47:32,167 - INFO - 4. swa: cos=0.9329
2025-08-27 07:47:32,167 - INFO - 5. bbj: cos=0.9353
2025-08-27 07:47:32,296 - INFO - === Layer 3 (xlmr) — Top 5 (cosine) ===
2025-08-27 07:47:32,296 - INFO - 1. kin: cos=0.9788
2025-08-27 07:47:32,296 - INFO - 2. twi: cos=0.9756
2025-08-27 07:47:32,296 - INFO - 3. sna: cos=0.9745
2025-08-27 07:47:32,296 - INFO - 4. luo: cos=0.9742
2025-08-27 07:47:32,296 - INFO - 5. zul: cos=0.9719
2025-08-27 07:47:32,296 - INFO - === Layer 3 (xlmr) — Worst 5 (cosine) ===
2025-08-27 07:47:32,296 - INFO - 1. pcm: cos=0.9477
2025-08-27 07:47:32,296 - INFO - 2. hau: cos=0.9496
2025-08-27 07:47:32,296 - INFO - 3. swa: cos=0.9519
2025-08-27 07:47:32,296 - INFO - 4. mos: cos=0.9559
2025-08-27 07:47:32,296 - INFO - 5. bbj: cos=0.9559
2025-08-27 07:47:32,427 - INFO - === Layer 4 (xlmr) — Top 5 (cosine) ===
2025-08-27 07:47:32,427 - INFO - 1. kin: cos=0.9784
2025-08-27 07:47:32,427 - INFO - 2. twi: cos=0.9772
2025-08-27 07:47:32,427 - INFO - 3. luo: cos=0.9745
2025-08-27 07:47:32,427 - INFO - 4. sna: cos=0.9733
2025-08-27 07:47:32,427 - INFO - 5. nya: cos=0.9705
2025-08-27 07:47:32,427 - INFO - === Layer 4 (xlmr) — Worst 5 (cosine) ===
2025-08-27 07:47:32,427 - INFO - 1. pcm: cos=0.9421
2025-08-27 07:47:32,427 - INFO - 2. hau: cos=0.9452
2025-08-27 07:47:32,427 - INFO - 3. swa: cos=0.9469
2025-08-27 07:47:32,427 - INFO - 4. bbj: cos=0.9526
2025-08-27 07:47:32,427 - INFO - 5. fon: cos=0.9548
2025-08-27 07:47:32,559 - INFO - === Layer 5 (xlmr) — Top 5 (cosine) ===
2025-08-27 07:47:32,560 - INFO - 1. kin: cos=0.9803
2025-08-27 07:47:32,560 - INFO - 2. twi: cos=0.9787
2025-08-27 07:47:32,560 - INFO - 3. luo: cos=0.9769
2025-08-27 07:47:32,560 - INFO - 4. sna: cos=0.9764
2025-08-27 07:47:32,560 - INFO - 5. nya: cos=0.9731
2025-08-27 07:47:32,560 - INFO - === Layer 5 (xlmr) — Worst 5 (cosine) ===
2025-08-27 07:47:32,560 - INFO - 1. pcm: cos=0.9439
2025-08-27 07:47:32,560 - INFO - 2. swa: cos=0.9466
2025-08-27 07:47:32,560 - INFO - 3. hau: cos=0.9487
2025-08-27 07:47:32,560 - INFO - 4. bbj: cos=0.9538
2025-08-27 07:47:32,560 - INFO - 5. fon: cos=0.9560
2025-08-27 07:47:32,692 - INFO - === Layer 6 (xlmr) — Top 5 (cosine) ===
2025-08-27 07:47:32,692 - INFO - 1. kin: cos=0.9795
2025-08-27 07:47:32,692 - INFO - 2. twi: cos=0.9773
2025-08-27 07:47:32,692 - INFO - 3. luo: cos=0.9758
2025-08-27 07:47:32,692 - INFO - 4. nya: cos=0.9720
2025-08-27 07:47:32,692 - INFO - 5. sna: cos=0.9719
2025-08-27 07:47:32,692 - INFO - === Layer 6 (xlmr) — Worst 5 (cosine) ===
2025-08-27 07:47:32,692 - INFO - 1. pcm: cos=0.9378
2025-08-27 07:47:32,692 - INFO - 2. swa: cos=0.9382
2025-08-27 07:47:32,692 - INFO - 3. hau: cos=0.9431
2025-08-27 07:47:32,692 - INFO - 4. bbj: cos=0.9482
2025-08-27 07:47:32,692 - INFO - 5. fon: cos=0.9542
2025-08-27 07:47:32,829 - INFO - === Layer 7 (xlmr) — Top 5 (cosine) ===
2025-08-27 07:47:32,829 - INFO - 1. kin: cos=0.9833
2025-08-27 07:47:32,829 - INFO - 2. twi: cos=0.9815
2025-08-27 07:47:32,829 - INFO - 3. luo: cos=0.9802
2025-08-27 07:47:32,829 - INFO - 4. sna: cos=0.9773
2025-08-27 07:47:32,829 - INFO - 5. nya: cos=0.9768
2025-08-27 07:47:32,829 - INFO - === Layer 7 (xlmr) — Worst 5 (cosine) ===
2025-08-27 07:47:32,829 - INFO - 1. swa: cos=0.9484
2025-08-27 07:47:32,829 - INFO - 2. pcm: cos=0.9485
2025-08-27 07:47:32,829 - INFO - 3. hau: cos=0.9528
2025-08-27 07:47:32,829 - INFO - 4. bbj: cos=0.9586
2025-08-27 07:47:32,829 - INFO - 5. fon: cos=0.9626
2025-08-27 07:47:32,970 - INFO - === Layer 8 (xlmr) — Top 5 (cosine) ===
2025-08-27 07:47:32,970 - INFO - 1. kin: cos=0.9834
2025-08-27 07:47:32,970 - INFO - 2. twi: cos=0.9811
2025-08-27 07:47:32,970 - INFO - 3. luo: cos=0.9806
2025-08-27 07:47:32,970 - INFO - 4. sna: cos=0.9778
2025-08-27 07:47:32,970 - INFO - 5. nya: cos=0.9772
2025-08-27 07:47:32,970 - INFO - === Layer 8 (xlmr) — Worst 5 (cosine) ===
2025-08-27 07:47:32,970 - INFO - 1. pcm: cos=0.9441
2025-08-27 07:47:32,970 - INFO - 2. swa: cos=0.9451
2025-08-27 07:47:32,970 - INFO - 3. hau: cos=0.9494
2025-08-27 07:47:32,970 - INFO - 4. bbj: cos=0.9567
2025-08-27 07:47:32,970 - INFO - 5. fon: cos=0.9620
2025-08-27 07:47:33,171 - INFO - === Layer 9 (xlmr) — Top 5 (cosine) ===
2025-08-27 07:47:33,171 - INFO - 1. sna: cos=0.9838
2025-08-27 07:47:33,171 - INFO - 2. kin: cos=0.9836
2025-08-27 07:47:33,171 - INFO - 3. twi: cos=0.9831
2025-08-27 07:47:33,171 - INFO - 4. zul: cos=0.9817
2025-08-27 07:47:33,171 - INFO - 5. luo: cos=0.9815
2025-08-27 07:47:33,171 - INFO - === Layer 9 (xlmr) — Worst 5 (cosine) ===
2025-08-27 07:47:33,171 - INFO - 1. pcm: cos=0.9464
2025-08-27 07:47:33,171 - INFO - 2. swa: cos=0.9509
2025-08-27 07:47:33,171 - INFO - 3. hau: cos=0.9590
2025-08-27 07:47:33,171 - INFO - 4. bbj: cos=0.9649
2025-08-27 07:47:33,171 - INFO - 5. lug: cos=0.9674
2025-08-27 07:47:33,300 - INFO - === Layer 10 (xlmr) — Top 5 (cosine) ===
2025-08-27 07:47:33,300 - INFO - 1. kin: cos=0.9820
2025-08-27 07:47:33,300 - INFO - 2. sna: cos=0.9812
2025-08-27 07:47:33,300 - INFO - 3. twi: cos=0.9809
2025-08-27 07:47:33,300 - INFO - 4. nya: cos=0.9794
2025-08-27 07:47:33,300 - INFO - 5. luo: cos=0.9794
2025-08-27 07:47:33,300 - INFO - === Layer 10 (xlmr) — Worst 5 (cosine) ===
2025-08-27 07:47:33,300 - INFO - 1. pcm: cos=0.9591
2025-08-27 07:47:33,300 - INFO - 2. swa: cos=0.9624
2025-08-27 07:47:33,300 - INFO - 3. bam: cos=0.9626
2025-08-27 07:47:33,300 - INFO - 4. hau: cos=0.9628
2025-08-27 07:47:33,300 - INFO - 5. bbj: cos=0.9628
2025-08-27 07:47:33,434 - INFO - === Layer 11 (xlmr) — Top 5 (cosine) ===
2025-08-27 07:47:33,434 - INFO - 1. kin: cos=0.9854
2025-08-27 07:47:33,434 - INFO - 2. luo: cos=0.9830
2025-08-27 07:47:33,434 - INFO - 3. sna: cos=0.9829
2025-08-27 07:47:33,434 - INFO - 4. nya: cos=0.9825
2025-08-27 07:47:33,434 - INFO - 5. twi: cos=0.9819
2025-08-27 07:47:33,434 - INFO - === Layer 11 (xlmr) — Worst 5 (cosine) ===
2025-08-27 07:47:33,434 - INFO - 1. pcm: cos=0.9633
2025-08-27 07:47:33,434 - INFO - 2. bbj: cos=0.9639
2025-08-27 07:47:33,434 - INFO - 3. hau: cos=0.9657
2025-08-27 07:47:33,434 - INFO - 4. bam: cos=0.9663
2025-08-27 07:47:33,434 - INFO - 5. swa: cos=0.9678
2025-08-27 07:47:33,565 - INFO - === Layer 12 (xlmr) — Top 5 (cosine) ===
2025-08-27 07:47:33,565 - INFO - 1. kin: cos=0.9987
2025-08-27 07:47:33,565 - INFO - 2. luo: cos=0.9985
2025-08-27 07:47:33,565 - INFO - 3. sna: cos=0.9984
2025-08-27 07:47:33,565 - INFO - 4. nya: cos=0.9984
2025-08-27 07:47:33,565 - INFO - 5. twi: cos=0.9983
2025-08-27 07:47:33,565 - INFO - === Layer 12 (xlmr) — Worst 5 (cosine) ===
2025-08-27 07:47:33,565 - INFO - 1. hau: cos=0.9961
2025-08-27 07:47:33,565 - INFO - 2. pcm: cos=0.9962
2025-08-27 07:47:33,565 - INFO - 3. bbj: cos=0.9962
2025-08-27 07:47:33,565 - INFO - 4. swa: cos=0.9965
2025-08-27 07:47:33,565 - INFO - 5. bam: cos=0.9968
2025-08-27 07:47:33,566 - INFO - Experiment finished successfully.
ly.
