2025-08-27 17:41:49,064 - INFO - Start: model_type=xlmr, use_cls=True, use_context=False, context_window=2, max_tokens_per_type=300, batch_size=64, output_dir=rq2_train_scripts/Embeddings/CLEAN/outputs/mptc/xlmr/config_1_clstrue_ctxfalse/tokens_300_ctx2/core, save_prototypes=False, seed=42, fp16=True, max_length=96, langs=all, layers=all, span_mode=bio, pool=mean, entity_tags={'PER', 'DATE', 'ORG', 'LOC'}, title_suffix='L=all, tokens=300, ctx=2, cls=true, fp16=true'
2025-08-27 17:41:51,697 - INFO - Processing run
2025-08-27 17:41:52,084 - INFO - Processing bam
2025-08-27 17:41:52,139 - INFO - Processing bbj
2025-08-27 17:41:52,179 - INFO - Processing ewe
2025-08-27 17:41:52,220 - INFO - Processing fon
2025-08-27 17:41:52,298 - INFO - Processing hau
2025-08-27 17:41:52,361 - INFO - Processing ibo
2025-08-27 17:41:52,458 - INFO - Processing kin
2025-08-27 17:41:52,538 - INFO - Processing lug
2025-08-27 17:41:52,586 - INFO - Processing luo
2025-08-27 17:41:52,646 - INFO - Processing mos
2025-08-27 17:41:52,704 - INFO - Processing nya
2025-08-27 17:41:52,770 - INFO - Processing pcm
2025-08-27 17:41:52,835 - INFO - Processing sna
2025-08-27 17:41:52,893 - INFO - Processing swa
2025-08-27 17:41:52,960 - INFO - Processing tsn
2025-08-27 17:41:53,012 - INFO - Processing twi
2025-08-27 17:41:53,069 - INFO - Processing wol
2025-08-27 17:41:53,137 - INFO - Processing xho
2025-08-27 17:41:53,239 - INFO - Processing yor
2025-08-27 17:41:53,318 - INFO - Processing zul
2025-08-27 17:41:53,792 - INFO - === Layer 1 (xlmr) — Top 5 (cosine) ===
2025-08-27 17:41:53,792 - INFO - 1. kin: cos=0.9999
2025-08-27 17:41:53,792 - INFO - 2. luo: cos=0.9999
2025-08-27 17:41:53,792 - INFO - 3. twi: cos=0.9999
2025-08-27 17:41:53,792 - INFO - 4. zul: cos=0.9998
2025-08-27 17:41:53,792 - INFO - 5. nya: cos=0.9998
2025-08-27 17:41:53,792 - INFO - === Layer 1 (xlmr) — Worst 5 (cosine) ===
2025-08-27 17:41:53,792 - INFO - 1. hau: cos=0.9992
2025-08-27 17:41:53,792 - INFO - 2. bbj: cos=0.9994
2025-08-27 17:41:53,792 - INFO - 3. fon: cos=0.9994
2025-08-27 17:41:53,792 - INFO - 4. pcm: cos=0.9994
2025-08-27 17:41:53,792 - INFO - 5. bam: cos=0.9994
2025-08-27 17:41:53,922 - INFO - === Layer 2 (xlmr) — Top 5 (cosine) ===
2025-08-27 17:41:53,922 - INFO - 1. kin: cos=1.0000
2025-08-27 17:41:53,922 - INFO - 2. twi: cos=1.0000
2025-08-27 17:41:53,922 - INFO - 3. luo: cos=1.0000
2025-08-27 17:41:53,922 - INFO - 4. zul: cos=1.0000
2025-08-27 17:41:53,922 - INFO - 5. nya: cos=1.0000
2025-08-27 17:41:53,922 - INFO - === Layer 2 (xlmr) — Worst 5 (cosine) ===
2025-08-27 17:41:53,922 - INFO - 1. hau: cos=0.9999
2025-08-27 17:41:53,922 - INFO - 2. pcm: cos=0.9999
2025-08-27 17:41:53,922 - INFO - 3. bam: cos=0.9999
2025-08-27 17:41:53,922 - INFO - 4. bbj: cos=0.9999
2025-08-27 17:41:53,922 - INFO - 5. fon: cos=0.9999
2025-08-27 17:41:54,052 - INFO - === Layer 3 (xlmr) — Top 5 (cosine) ===
2025-08-27 17:41:54,052 - INFO - 1. kin: cos=1.0000
2025-08-27 17:41:54,052 - INFO - 2. twi: cos=1.0000
2025-08-27 17:41:54,052 - INFO - 3. luo: cos=1.0000
2025-08-27 17:41:54,052 - INFO - 4. zul: cos=1.0000
2025-08-27 17:41:54,053 - INFO - 5. ewe: cos=1.0000
2025-08-27 17:41:54,053 - INFO - === Layer 3 (xlmr) — Worst 5 (cosine) ===
2025-08-27 17:41:54,053 - INFO - 1. pcm: cos=1.0000
2025-08-27 17:41:54,053 - INFO - 2. swa: cos=1.0000
2025-08-27 17:41:54,053 - INFO - 3. nya: cos=1.0000
2025-08-27 17:41:54,053 - INFO - 4. sna: cos=1.0000
2025-08-27 17:41:54,053 - INFO - 5. bbj: cos=1.0000
2025-08-27 17:41:54,180 - INFO - === Layer 4 (xlmr) — Top 5 (cosine) ===
2025-08-27 17:41:54,180 - INFO - 1. kin: cos=1.0000
2025-08-27 17:41:54,180 - INFO - 2. twi: cos=1.0000
2025-08-27 17:41:54,180 - INFO - 3. luo: cos=1.0000
2025-08-27 17:41:54,180 - INFO - 4. tsn: cos=1.0000
2025-08-27 17:41:54,180 - INFO - 5. zul: cos=1.0000
2025-08-27 17:41:54,180 - INFO - === Layer 4 (xlmr) — Worst 5 (cosine) ===
2025-08-27 17:41:54,180 - INFO - 1. yor: cos=1.0000
2025-08-27 17:41:54,180 - INFO - 2. hau: cos=1.0000
2025-08-27 17:41:54,180 - INFO - 3. pcm: cos=1.0000
2025-08-27 17:41:54,180 - INFO - 4. bam: cos=1.0000
2025-08-27 17:41:54,180 - INFO - 5. wol: cos=1.0000
2025-08-27 17:41:54,304 - INFO - === Layer 5 (xlmr) — Top 5 (cosine) ===
2025-08-27 17:41:54,304 - INFO - 1. twi: cos=1.0000
2025-08-27 17:41:54,304 - INFO - 2. luo: cos=1.0000
2025-08-27 17:41:54,304 - INFO - 3. tsn: cos=1.0000
2025-08-27 17:41:54,304 - INFO - 4. sna: cos=1.0000
2025-08-27 17:41:54,304 - INFO - 5. kin: cos=1.0000
2025-08-27 17:41:54,304 - INFO - === Layer 5 (xlmr) — Worst 5 (cosine) ===
2025-08-27 17:41:54,304 - INFO - 1. hau: cos=1.0000
2025-08-27 17:41:54,304 - INFO - 2. pcm: cos=1.0000
2025-08-27 17:41:54,304 - INFO - 3. swa: cos=1.0000
2025-08-27 17:41:54,304 - INFO - 4. wol: cos=1.0000
2025-08-27 17:41:54,304 - INFO - 5. mos: cos=1.0000
2025-08-27 17:41:54,432 - INFO - === Layer 6 (xlmr) — Top 5 (cosine) ===
2025-08-27 17:41:54,432 - INFO - 1. ibo: cos=1.0000
2025-08-27 17:41:54,432 - INFO - 2. sna: cos=1.0000
2025-08-27 17:41:54,432 - INFO - 3. twi: cos=1.0000
2025-08-27 17:41:54,432 - INFO - 4. luo: cos=1.0000
2025-08-27 17:41:54,432 - INFO - 5. ewe: cos=1.0000
2025-08-27 17:41:54,432 - INFO - === Layer 6 (xlmr) — Worst 5 (cosine) ===
2025-08-27 17:41:54,432 - INFO - 1. hau: cos=1.0000
2025-08-27 17:41:54,432 - INFO - 2. swa: cos=1.0000
2025-08-27 17:41:54,432 - INFO - 3. pcm: cos=1.0000
2025-08-27 17:41:54,432 - INFO - 4. lug: cos=1.0000
2025-08-27 17:41:54,432 - INFO - 5. mos: cos=1.0000
2025-08-27 17:41:54,592 - INFO - === Layer 7 (xlmr) — Top 5 (cosine) ===
2025-08-27 17:41:54,592 - INFO - 1. twi: cos=1.0000
2025-08-27 17:41:54,592 - INFO - 2. fon: cos=1.0000
2025-08-27 17:41:54,592 - INFO - 3. yor: cos=1.0000
2025-08-27 17:41:54,592 - INFO - 4. kin: cos=1.0000
2025-08-27 17:41:54,592 - INFO - 5. sna: cos=1.0000
2025-08-27 17:41:54,592 - INFO - === Layer 7 (xlmr) — Worst 5 (cosine) ===
2025-08-27 17:41:54,592 - INFO - 1. hau: cos=1.0000
2025-08-27 17:41:54,592 - INFO - 2. tsn: cos=1.0000
2025-08-27 17:41:54,592 - INFO - 3. nya: cos=1.0000
2025-08-27 17:41:54,592 - INFO - 4. mos: cos=1.0000
2025-08-27 17:41:54,592 - INFO - 5. wol: cos=1.0000
2025-08-27 17:41:54,791 - INFO - === Layer 8 (xlmr) — Top 5 (cosine) ===
2025-08-27 17:41:54,791 - INFO - 1. kin: cos=1.0000
2025-08-27 17:41:54,791 - INFO - 2. ewe: cos=1.0000
2025-08-27 17:41:54,791 - INFO - 3. yor: cos=1.0000
2025-08-27 17:41:54,791 - INFO - 4. luo: cos=1.0000
2025-08-27 17:41:54,791 - INFO - 5. tsn: cos=1.0000
2025-08-27 17:41:54,791 - INFO - === Layer 8 (xlmr) — Worst 5 (cosine) ===
2025-08-27 17:41:54,791 - INFO - 1. bbj: cos=0.9999
2025-08-27 17:41:54,791 - INFO - 2. fon: cos=0.9999
2025-08-27 17:41:54,792 - INFO - 3. xho: cos=1.0000
2025-08-27 17:41:54,792 - INFO - 4. ibo: cos=1.0000
2025-08-27 17:41:54,792 - INFO - 5. pcm: cos=1.0000
2025-08-27 17:41:54,914 - INFO - === Layer 9 (xlmr) — Top 5 (cosine) ===
2025-08-27 17:41:54,914 - INFO - 1. kin: cos=1.0000
2025-08-27 17:41:54,914 - INFO - 2. ewe: cos=1.0000
2025-08-27 17:41:54,914 - INFO - 3. yor: cos=1.0000
2025-08-27 17:41:54,914 - INFO - 4. bam: cos=1.0000
2025-08-27 17:41:54,914 - INFO - 5. twi: cos=1.0000
2025-08-27 17:41:54,914 - INFO - === Layer 9 (xlmr) — Worst 5 (cosine) ===
2025-08-27 17:41:54,914 - INFO - 1. bbj: cos=1.0000
2025-08-27 17:41:54,914 - INFO - 2. hau: cos=1.0000
2025-08-27 17:41:54,914 - INFO - 3. tsn: cos=1.0000
2025-08-27 17:41:54,914 - INFO - 4. wol: cos=1.0000
2025-08-27 17:41:54,914 - INFO - 5. fon: cos=1.0000
2025-08-27 17:41:55,043 - INFO - === Layer 10 (xlmr) — Top 5 (cosine) ===
2025-08-27 17:41:55,044 - INFO - 1. ewe: cos=1.0000
2025-08-27 17:41:55,044 - INFO - 2. twi: cos=1.0000
2025-08-27 17:41:55,044 - INFO - 3. bam: cos=1.0000
2025-08-27 17:41:55,044 - INFO - 4. zul: cos=1.0000
2025-08-27 17:41:55,044 - INFO - 5. mos: cos=1.0000
2025-08-27 17:41:55,044 - INFO - === Layer 10 (xlmr) — Worst 5 (cosine) ===
2025-08-27 17:41:55,044 - INFO - 1. yor: cos=1.0000
2025-08-27 17:41:55,044 - INFO - 2. pcm: cos=1.0000
2025-08-27 17:41:55,044 - INFO - 3. ibo: cos=1.0000
2025-08-27 17:41:55,044 - INFO - 4. fon: cos=1.0000
2025-08-27 17:41:55,044 - INFO - 5. lug: cos=1.0000
2025-08-27 17:41:55,173 - INFO - === Layer 11 (xlmr) — Top 5 (cosine) ===
2025-08-27 17:41:55,174 - INFO - 1. lug: cos=1.0000
2025-08-27 17:41:55,174 - INFO - 2. twi: cos=1.0000
2025-08-27 17:41:55,174 - INFO - 3. zul: cos=1.0000
2025-08-27 17:41:55,174 - INFO - 4. pcm: cos=1.0000
2025-08-27 17:41:55,174 - INFO - 5. swa: cos=1.0000
2025-08-27 17:41:55,174 - INFO - === Layer 11 (xlmr) — Worst 5 (cosine) ===
2025-08-27 17:41:55,174 - INFO - 1. luo: cos=0.9997
2025-08-27 17:41:55,174 - INFO - 2. bam: cos=0.9998
2025-08-27 17:41:55,174 - INFO - 3. xho: cos=0.9998
2025-08-27 17:41:55,174 - INFO - 4. bbj: cos=0.9999
2025-08-27 17:41:55,174 - INFO - 5. nya: cos=0.9999
2025-08-27 17:41:55,302 - INFO - === Layer 12 (xlmr) — Top 5 (cosine) ===
2025-08-27 17:41:55,302 - INFO - 1. tsn: cos=0.9999
2025-08-27 17:41:55,302 - INFO - 2. kin: cos=0.9999
2025-08-27 17:41:55,302 - INFO - 3. sna: cos=0.9998
2025-08-27 17:41:55,303 - INFO - 4. wol: cos=0.9998
2025-08-27 17:41:55,303 - INFO - 5. nya: cos=0.9998
2025-08-27 17:41:55,303 - INFO - === Layer 12 (xlmr) — Worst 5 (cosine) ===
2025-08-27 17:41:55,303 - INFO - 1. fon: cos=0.9976
2025-08-27 17:41:55,303 - INFO - 2. pcm: cos=0.9994
2025-08-27 17:41:55,303 - INFO - 3. hau: cos=0.9995
2025-08-27 17:41:55,303 - INFO - 4. swa: cos=0.9996
2025-08-27 17:41:55,303 - INFO - 5. luo: cos=0.9997
2025-08-27 17:41:55,303 - INFO - Experiment finished successfully.
