2025-08-27 18:00:27,027 - INFO - Start: model_type=xlmr, use_cls=True, use_context=True, context_window=2, max_tokens_per_type=500, batch_size=64, output_dir=rq2_train_scripts/Embeddings/CLEAN/outputs/mptc/xlmr/config_3_clstrue_ctxtrue/tokens_500_ctx2/core, save_prototypes=False, seed=42, fp16=True, max_length=96, langs=all, layers=all, span_mode=bio, pool=mean, entity_tags={'ORG', 'DATE', 'PER', 'LOC'}, title_suffix='L=all, tokens=500, ctx=2, cls=true, fp16=true'
2025-08-27 18:00:29,698 - INFO - Processing run
2025-08-27 18:00:30,099 - INFO - Processing bam
2025-08-27 18:00:30,169 - INFO - Processing bbj
2025-08-27 18:00:30,265 - INFO - Processing ewe
2025-08-27 18:00:30,320 - INFO - Processing fon
2025-08-27 18:00:30,391 - INFO - Processing hau
2025-08-27 18:00:30,462 - INFO - Processing ibo
2025-08-27 18:00:30,564 - INFO - Processing kin
2025-08-27 18:00:30,638 - INFO - Processing lug
2025-08-27 18:00:30,706 - INFO - Processing luo
2025-08-27 18:00:30,771 - INFO - Processing mos
2025-08-27 18:00:30,846 - INFO - Processing nya
2025-08-27 18:00:30,928 - INFO - Processing pcm
2025-08-27 18:00:30,985 - INFO - Processing sna
2025-08-27 18:00:31,053 - INFO - Processing swa
2025-08-27 18:00:31,153 - INFO - Processing tsn
2025-08-27 18:00:31,213 - INFO - Processing twi
2025-08-27 18:00:31,283 - INFO - Processing wol
2025-08-27 18:00:31,350 - INFO - Processing xho
2025-08-27 18:00:31,407 - INFO - Processing yor
2025-08-27 18:00:31,509 - INFO - Processing zul
2025-08-27 18:00:32,015 - INFO - === Layer 1 (xlmr) — Top 5 (cosine) ===
2025-08-27 18:00:32,015 - INFO - 1. lug: cos=1.0000
2025-08-27 18:00:32,015 - INFO - 2. nya: cos=1.0000
2025-08-27 18:00:32,015 - INFO - 3. kin: cos=1.0000
2025-08-27 18:00:32,015 - INFO - 4. sna: cos=1.0000
2025-08-27 18:00:32,015 - INFO - 5. pcm: cos=0.9999
2025-08-27 18:00:32,015 - INFO - === Layer 1 (xlmr) — Worst 5 (cosine) ===
2025-08-27 18:00:32,015 - INFO - 1. bam: cos=0.9996
2025-08-27 18:00:32,015 - INFO - 2. fon: cos=0.9996
2025-08-27 18:00:32,015 - INFO - 3. ibo: cos=0.9998
2025-08-27 18:00:32,015 - INFO - 4. wol: cos=0.9998
2025-08-27 18:00:32,015 - INFO - 5. mos: cos=0.9998
2025-08-27 18:00:32,138 - INFO - === Layer 2 (xlmr) — Top 5 (cosine) ===
2025-08-27 18:00:32,138 - INFO - 1. lug: cos=1.0000
2025-08-27 18:00:32,138 - INFO - 2. kin: cos=1.0000
2025-08-27 18:00:32,138 - INFO - 3. nya: cos=1.0000
2025-08-27 18:00:32,138 - INFO - 4. tsn: cos=1.0000
2025-08-27 18:00:32,138 - INFO - 5. sna: cos=1.0000
2025-08-27 18:00:32,138 - INFO - === Layer 2 (xlmr) — Worst 5 (cosine) ===
2025-08-27 18:00:32,138 - INFO - 1. bam: cos=1.0000
2025-08-27 18:00:32,138 - INFO - 2. fon: cos=1.0000
2025-08-27 18:00:32,138 - INFO - 3. mos: cos=1.0000
2025-08-27 18:00:32,138 - INFO - 4. ibo: cos=1.0000
2025-08-27 18:00:32,138 - INFO - 5. yor: cos=1.0000
2025-08-27 18:00:32,295 - INFO - === Layer 3 (xlmr) — Top 5 (cosine) ===
2025-08-27 18:00:32,295 - INFO - 1. kin: cos=1.0000
2025-08-27 18:00:32,295 - INFO - 2. lug: cos=1.0000
2025-08-27 18:00:32,295 - INFO - 3. zul: cos=1.0000
2025-08-27 18:00:32,295 - INFO - 4. sna: cos=1.0000
2025-08-27 18:00:32,295 - INFO - 5. xho: cos=1.0000
2025-08-27 18:00:32,295 - INFO - === Layer 3 (xlmr) — Worst 5 (cosine) ===
2025-08-27 18:00:32,295 - INFO - 1. pcm: cos=1.0000
2025-08-27 18:00:32,295 - INFO - 2. swa: cos=1.0000
2025-08-27 18:00:32,295 - INFO - 3. fon: cos=1.0000
2025-08-27 18:00:32,295 - INFO - 4. ewe: cos=1.0000
2025-08-27 18:00:32,295 - INFO - 5. bbj: cos=1.0000
2025-08-27 18:00:32,420 - INFO - === Layer 4 (xlmr) — Top 5 (cosine) ===
2025-08-27 18:00:32,420 - INFO - 1. xho: cos=1.0000
2025-08-27 18:00:32,420 - INFO - 2. nya: cos=1.0000
2025-08-27 18:00:32,420 - INFO - 3. ibo: cos=1.0000
2025-08-27 18:00:32,420 - INFO - 4. lug: cos=1.0000
2025-08-27 18:00:32,420 - INFO - 5. zul: cos=1.0000
2025-08-27 18:00:32,420 - INFO - === Layer 4 (xlmr) — Worst 5 (cosine) ===
2025-08-27 18:00:32,420 - INFO - 1. pcm: cos=1.0000
2025-08-27 18:00:32,420 - INFO - 2. swa: cos=1.0000
2025-08-27 18:00:32,420 - INFO - 3. bbj: cos=1.0000
2025-08-27 18:00:32,420 - INFO - 4. fon: cos=1.0000
2025-08-27 18:00:32,420 - INFO - 5. ewe: cos=1.0000
2025-08-27 18:00:32,544 - INFO - === Layer 5 (xlmr) — Top 5 (cosine) ===
2025-08-27 18:00:32,544 - INFO - 1. lug: cos=1.0000
2025-08-27 18:00:32,544 - INFO - 2. xho: cos=1.0000
2025-08-27 18:00:32,544 - INFO - 3. kin: cos=1.0000
2025-08-27 18:00:32,544 - INFO - 4. zul: cos=1.0000
2025-08-27 18:00:32,544 - INFO - 5. sna: cos=1.0000
2025-08-27 18:00:32,544 - INFO - === Layer 5 (xlmr) — Worst 5 (cosine) ===
2025-08-27 18:00:32,544 - INFO - 1. bam: cos=1.0000
2025-08-27 18:00:32,544 - INFO - 2. fon: cos=1.0000
2025-08-27 18:00:32,544 - INFO - 3. twi: cos=1.0000
2025-08-27 18:00:32,544 - INFO - 4. bbj: cos=1.0000
2025-08-27 18:00:32,544 - INFO - 5. pcm: cos=1.0000
2025-08-27 18:00:32,710 - INFO - === Layer 6 (xlmr) — Top 5 (cosine) ===
2025-08-27 18:00:32,710 - INFO - 1. lug: cos=1.0000
2025-08-27 18:00:32,710 - INFO - 2. kin: cos=1.0000
2025-08-27 18:00:32,710 - INFO - 3. xho: cos=1.0000
2025-08-27 18:00:32,710 - INFO - 4. nya: cos=1.0000
2025-08-27 18:00:32,710 - INFO - 5. zul: cos=1.0000
2025-08-27 18:00:32,710 - INFO - === Layer 6 (xlmr) — Worst 5 (cosine) ===
2025-08-27 18:00:32,710 - INFO - 1. bam: cos=1.0000
2025-08-27 18:00:32,710 - INFO - 2. fon: cos=1.0000
2025-08-27 18:00:32,710 - INFO - 3. twi: cos=1.0000
2025-08-27 18:00:32,710 - INFO - 4. bbj: cos=1.0000
2025-08-27 18:00:32,710 - INFO - 5. ibo: cos=1.0000
2025-08-27 18:00:32,838 - INFO - === Layer 7 (xlmr) — Top 5 (cosine) ===
2025-08-27 18:00:32,838 - INFO - 1. ibo: cos=1.0000
2025-08-27 18:00:32,838 - INFO - 2. lug: cos=1.0000
2025-08-27 18:00:32,838 - INFO - 3. xho: cos=1.0000
2025-08-27 18:00:32,838 - INFO - 4. zul: cos=1.0000
2025-08-27 18:00:32,838 - INFO - 5. yor: cos=1.0000
2025-08-27 18:00:32,838 - INFO - === Layer 7 (xlmr) — Worst 5 (cosine) ===
2025-08-27 18:00:32,838 - INFO - 1. hau: cos=1.0000
2025-08-27 18:00:32,838 - INFO - 2. twi: cos=1.0000
2025-08-27 18:00:32,838 - INFO - 3. sna: cos=1.0000
2025-08-27 18:00:32,838 - INFO - 4. ewe: cos=1.0000
2025-08-27 18:00:32,838 - INFO - 5. mos: cos=1.0000
2025-08-27 18:00:32,969 - INFO - === Layer 8 (xlmr) — Top 5 (cosine) ===
2025-08-27 18:00:32,969 - INFO - 1. lug: cos=1.0000
2025-08-27 18:00:32,969 - INFO - 2. xho: cos=1.0000
2025-08-27 18:00:32,969 - INFO - 3. zul: cos=1.0000
2025-08-27 18:00:32,969 - INFO - 4. luo: cos=1.0000
2025-08-27 18:00:32,969 - INFO - 5. kin: cos=1.0000
2025-08-27 18:00:32,969 - INFO - === Layer 8 (xlmr) — Worst 5 (cosine) ===
2025-08-27 18:00:32,969 - INFO - 1. hau: cos=1.0000
2025-08-27 18:00:32,969 - INFO - 2. bbj: cos=1.0000
2025-08-27 18:00:32,969 - INFO - 3. mos: cos=1.0000
2025-08-27 18:00:32,969 - INFO - 4. swa: cos=1.0000
2025-08-27 18:00:32,969 - INFO - 5. ewe: cos=1.0000
2025-08-27 18:00:33,172 - INFO - === Layer 9 (xlmr) — Top 5 (cosine) ===
2025-08-27 18:00:33,172 - INFO - 1. xho: cos=1.0000
2025-08-27 18:00:33,172 - INFO - 2. ibo: cos=1.0000
2025-08-27 18:00:33,172 - INFO - 3. yor: cos=1.0000
2025-08-27 18:00:33,172 - INFO - 4. zul: cos=1.0000
2025-08-27 18:00:33,172 - INFO - 5. lug: cos=1.0000
2025-08-27 18:00:33,172 - INFO - === Layer 9 (xlmr) — Worst 5 (cosine) ===
2025-08-27 18:00:33,172 - INFO - 1. hau: cos=1.0000
2025-08-27 18:00:33,172 - INFO - 2. mos: cos=1.0000
2025-08-27 18:00:33,172 - INFO - 3. ewe: cos=1.0000
2025-08-27 18:00:33,172 - INFO - 4. twi: cos=1.0000
2025-08-27 18:00:33,172 - INFO - 5. bam: cos=1.0000
2025-08-27 18:00:33,303 - INFO - === Layer 10 (xlmr) — Top 5 (cosine) ===
2025-08-27 18:00:33,303 - INFO - 1. xho: cos=1.0000
2025-08-27 18:00:33,303 - INFO - 2. yor: cos=1.0000
2025-08-27 18:00:33,303 - INFO - 3. ewe: cos=1.0000
2025-08-27 18:00:33,303 - INFO - 4. zul: cos=1.0000
2025-08-27 18:00:33,303 - INFO - 5. ibo: cos=1.0000
2025-08-27 18:00:33,303 - INFO - === Layer 10 (xlmr) — Worst 5 (cosine) ===
2025-08-27 18:00:33,303 - INFO - 1. pcm: cos=1.0000
2025-08-27 18:00:33,303 - INFO - 2. tsn: cos=1.0000
2025-08-27 18:00:33,303 - INFO - 3. lug: cos=1.0000
2025-08-27 18:00:33,303 - INFO - 4. swa: cos=1.0000
2025-08-27 18:00:33,303 - INFO - 5. luo: cos=1.0000
2025-08-27 18:00:33,432 - INFO - === Layer 11 (xlmr) — Top 5 (cosine) ===
2025-08-27 18:00:33,432 - INFO - 1. ewe: cos=1.0000
2025-08-27 18:00:33,432 - INFO - 2. twi: cos=1.0000
2025-08-27 18:00:33,432 - INFO - 3. sna: cos=1.0000
2025-08-27 18:00:33,432 - INFO - 4. zul: cos=1.0000
2025-08-27 18:00:33,432 - INFO - 5. wol: cos=1.0000
2025-08-27 18:00:33,432 - INFO - === Layer 11 (xlmr) — Worst 5 (cosine) ===
2025-08-27 18:00:33,432 - INFO - 1. yor: cos=1.0000
2025-08-27 18:00:33,432 - INFO - 2. fon: cos=1.0000
2025-08-27 18:00:33,432 - INFO - 3. lug: cos=1.0000
2025-08-27 18:00:33,432 - INFO - 4. mos: cos=1.0000
2025-08-27 18:00:33,432 - INFO - 5. tsn: cos=1.0000
2025-08-27 18:00:33,560 - INFO - === Layer 12 (xlmr) — Top 5 (cosine) ===
2025-08-27 18:00:33,561 - INFO - 1. sna: cos=0.9997
2025-08-27 18:00:33,561 - INFO - 2. pcm: cos=0.9993
2025-08-27 18:00:33,561 - INFO - 3. nya: cos=0.9992
2025-08-27 18:00:33,561 - INFO - 4. twi: cos=0.9992
2025-08-27 18:00:33,561 - INFO - 5. lug: cos=0.9987
2025-08-27 18:00:33,561 - INFO - === Layer 12 (xlmr) — Worst 5 (cosine) ===
2025-08-27 18:00:33,561 - INFO - 1. zul: cos=0.9814
2025-08-27 18:00:33,561 - INFO - 2. xho: cos=0.9909
2025-08-27 18:00:33,561 - INFO - 3. fon: cos=0.9970
2025-08-27 18:00:33,561 - INFO - 4. ewe: cos=0.9971
2025-08-27 18:00:33,561 - INFO - 5. bam: cos=0.9971
2025-08-27 18:00:33,562 - INFO - Experiment finished successfully.
