2025-08-27 09:58:24,880 - INFO - Start: model_type=xlmr, use_cls=False, use_context=True, context_window=1, max_tokens_per_type=300, batch_size=64, output_dir=rq2_train_scripts/Embeddings/CLEAN/outputs/combined/xlmr/config_2_clsfalse_ctxtrue/tokens_300_ctx1/core, save_prototypes=False, seed=42, fp16=True, max_length=96, langs=all, layers=all, span_mode=bio, pool=mean, entity_tags={'PER', 'ORG', 'LOC', 'DATE'}, title_suffix='L=all, tokens=300, ctx=1, cls=false, fp16=true'
2025-08-27 09:58:26,795 - INFO - Processing run
2025-08-27 09:58:27,465 - INFO - Processing bam
2025-08-27 09:58:27,741 - INFO - Processing bbj
2025-08-27 09:58:27,968 - INFO - Processing ewe
2025-08-27 09:58:28,215 - INFO - Processing fon
2025-08-27 09:58:28,539 - INFO - Processing hau
2025-08-27 09:58:28,880 - INFO - Processing ibo
2025-08-27 09:58:29,217 - INFO - Processing kin
2025-08-27 09:58:29,379 - INFO - Processing lug
2025-08-27 09:58:29,502 - INFO - Processing luo
2025-08-27 09:58:29,651 - INFO - Processing mos
2025-08-27 09:58:29,798 - INFO - Processing nya
2025-08-27 09:58:29,955 - INFO - Processing pcm
2025-08-27 09:58:30,216 - INFO - Processing sna
2025-08-27 09:58:30,409 - INFO - Processing swa
2025-08-27 09:58:30,689 - INFO - Processing tsn
2025-08-27 09:58:30,948 - INFO - Processing twi
2025-08-27 09:58:31,176 - INFO - Processing wol
2025-08-27 09:58:31,350 - INFO - Processing xho
2025-08-27 09:58:31,533 - INFO - Processing yor
2025-08-27 09:58:31,847 - INFO - Processing zul
2025-08-27 09:58:32,890 - INFO - === Layer 1 (xlmr) — Top 5 (cosine) ===
2025-08-27 09:58:32,905 - INFO - 1. kin: cos=0.9431
2025-08-27 09:58:32,905 - INFO - 2. twi: cos=0.9417
2025-08-27 09:58:32,905 - INFO - 3. tsn: cos=0.9320
2025-08-27 09:58:32,905 - INFO - 4. nya: cos=0.9314
2025-08-27 09:58:32,905 - INFO - 5. luo: cos=0.9314
2025-08-27 09:58:32,905 - INFO - === Layer 1 (xlmr) — Worst 5 (cosine) ===
2025-08-27 09:58:32,905 - INFO - 1. hau: cos=0.8784
2025-08-27 09:58:32,905 - INFO - 2. fon: cos=0.8803
2025-08-27 09:58:32,905 - INFO - 3. yor: cos=0.8856
2025-08-27 09:58:32,906 - INFO - 4. pcm: cos=0.8856
2025-08-27 09:58:32,906 - INFO - 5. bbj: cos=0.8865
2025-08-27 09:58:33,230 - INFO - === Layer 2 (xlmr) — Top 5 (cosine) ===
2025-08-27 09:58:33,245 - INFO - 1. kin: cos=0.9794
2025-08-27 09:58:33,245 - INFO - 2. twi: cos=0.9775
2025-08-27 09:58:33,245 - INFO - 3. nya: cos=0.9741
2025-08-27 09:58:33,245 - INFO - 4. tsn: cos=0.9738
2025-08-27 09:58:33,245 - INFO - 5. luo: cos=0.9735
2025-08-27 09:58:33,245 - INFO - === Layer 2 (xlmr) — Worst 5 (cosine) ===
2025-08-27 09:58:33,246 - INFO - 1. pcm: cos=0.9494
2025-08-27 09:58:33,246 - INFO - 2. hau: cos=0.9529
2025-08-27 09:58:33,246 - INFO - 3. fon: cos=0.9554
2025-08-27 09:58:33,246 - INFO - 4. yor: cos=0.9562
2025-08-27 09:58:33,246 - INFO - 5. bbj: cos=0.9582
2025-08-27 09:58:33,579 - INFO - === Layer 3 (xlmr) — Top 5 (cosine) ===
2025-08-27 09:58:33,593 - INFO - 1. twi: cos=0.9847
2025-08-27 09:58:33,593 - INFO - 2. kin: cos=0.9832
2025-08-27 09:58:33,593 - INFO - 3. luo: cos=0.9803
2025-08-27 09:58:33,593 - INFO - 4. tsn: cos=0.9801
2025-08-27 09:58:33,593 - INFO - 5. ibo: cos=0.9792
2025-08-27 09:58:33,593 - INFO - === Layer 3 (xlmr) — Worst 5 (cosine) ===
2025-08-27 09:58:33,594 - INFO - 1. pcm: cos=0.9610
2025-08-27 09:58:33,594 - INFO - 2. swa: cos=0.9650
2025-08-27 09:58:33,594 - INFO - 3. hau: cos=0.9654
2025-08-27 09:58:33,594 - INFO - 4. yor: cos=0.9677
2025-08-27 09:58:33,594 - INFO - 5. fon: cos=0.9688
2025-08-27 09:58:33,946 - INFO - === Layer 4 (xlmr) — Top 5 (cosine) ===
2025-08-27 09:58:33,946 - INFO - 1. twi: cos=0.9839
2025-08-27 09:58:33,946 - INFO - 2. kin: cos=0.9818
2025-08-27 09:58:33,946 - INFO - 3. luo: cos=0.9789
2025-08-27 09:58:33,946 - INFO - 4. tsn: cos=0.9780
2025-08-27 09:58:33,946 - INFO - 5. zul: cos=0.9767
2025-08-27 09:58:33,946 - INFO - === Layer 4 (xlmr) — Worst 5 (cosine) ===
2025-08-27 09:58:33,946 - INFO - 1. pcm: cos=0.9547
2025-08-27 09:58:33,946 - INFO - 2. swa: cos=0.9593
2025-08-27 09:58:33,946 - INFO - 3. hau: cos=0.9626
2025-08-27 09:58:33,946 - INFO - 4. bbj: cos=0.9651
2025-08-27 09:58:33,946 - INFO - 5. yor: cos=0.9655
2025-08-27 09:58:34,297 - INFO - === Layer 5 (xlmr) — Top 5 (cosine) ===
2025-08-27 09:58:34,298 - INFO - 1. twi: cos=0.9843
2025-08-27 09:58:34,298 - INFO - 2. kin: cos=0.9818
2025-08-27 09:58:34,298 - INFO - 3. luo: cos=0.9807
2025-08-27 09:58:34,298 - INFO - 4. tsn: cos=0.9801
2025-08-27 09:58:34,298 - INFO - 5. zul: cos=0.9779
2025-08-27 09:58:34,298 - INFO - === Layer 5 (xlmr) — Worst 5 (cosine) ===
2025-08-27 09:58:34,298 - INFO - 1. pcm: cos=0.9568
2025-08-27 09:58:34,298 - INFO - 2. swa: cos=0.9623
2025-08-27 09:58:34,298 - INFO - 3. bbj: cos=0.9640
2025-08-27 09:58:34,298 - INFO - 4. hau: cos=0.9659
2025-08-27 09:58:34,298 - INFO - 5. yor: cos=0.9666
2025-08-27 09:58:34,631 - INFO - === Layer 6 (xlmr) — Top 5 (cosine) ===
2025-08-27 09:58:34,645 - INFO - 1. twi: cos=0.9766
2025-08-27 09:58:34,645 - INFO - 2. kin: cos=0.9748
2025-08-27 09:58:34,645 - INFO - 3. luo: cos=0.9736
2025-08-27 09:58:34,645 - INFO - 4. tsn: cos=0.9721
2025-08-27 09:58:34,645 - INFO - 5. zul: cos=0.9694
2025-08-27 09:58:34,645 - INFO - === Layer 6 (xlmr) — Worst 5 (cosine) ===
2025-08-27 09:58:34,646 - INFO - 1. pcm: cos=0.9402
2025-08-27 09:58:34,646 - INFO - 2. swa: cos=0.9474
2025-08-27 09:58:34,646 - INFO - 3. yor: cos=0.9514
2025-08-27 09:58:34,646 - INFO - 4. bbj: cos=0.9522
2025-08-27 09:58:34,646 - INFO - 5. hau: cos=0.9566
2025-08-27 09:58:34,991 - INFO - === Layer 7 (xlmr) — Top 5 (cosine) ===
2025-08-27 09:58:34,992 - INFO - 1. twi: cos=0.9852
2025-08-27 09:58:34,992 - INFO - 2. kin: cos=0.9801
2025-08-27 09:58:34,992 - INFO - 3. lug: cos=0.9793
2025-08-27 09:58:34,992 - INFO - 4. tsn: cos=0.9789
2025-08-27 09:58:34,992 - INFO - 5. ewe: cos=0.9788
2025-08-27 09:58:34,992 - INFO - === Layer 7 (xlmr) — Worst 5 (cosine) ===
2025-08-27 09:58:34,992 - INFO - 1. yor: cos=0.9598
2025-08-27 09:58:34,992 - INFO - 2. bbj: cos=0.9645
2025-08-27 09:58:34,992 - INFO - 3. xho: cos=0.9674
2025-08-27 09:58:34,992 - INFO - 4. ibo: cos=0.9690
2025-08-27 09:58:34,992 - INFO - 5. bam: cos=0.9710
2025-08-27 09:58:35,480 - INFO - === Layer 8 (xlmr) — Top 5 (cosine) ===
2025-08-27 09:58:35,480 - INFO - 1. twi: cos=0.9800
2025-08-27 09:58:35,480 - INFO - 2. nya: cos=0.9769
2025-08-27 09:58:35,480 - INFO - 3. mos: cos=0.9762
2025-08-27 09:58:35,480 - INFO - 4. wol: cos=0.9739
2025-08-27 09:58:35,480 - INFO - 5. ewe: cos=0.9739
2025-08-27 09:58:35,480 - INFO - === Layer 8 (xlmr) — Worst 5 (cosine) ===
2025-08-27 09:58:35,480 - INFO - 1. yor: cos=0.9599
2025-08-27 09:58:35,480 - INFO - 2. swa: cos=0.9643
2025-08-27 09:58:35,480 - INFO - 3. bbj: cos=0.9647
2025-08-27 09:58:35,480 - INFO - 4. xho: cos=0.9664
2025-08-27 09:58:35,480 - INFO - 5. pcm: cos=0.9668
2025-08-27 09:58:35,824 - INFO - === Layer 9 (xlmr) — Top 5 (cosine) ===
2025-08-27 09:58:35,837 - INFO - 1. twi: cos=0.9813
2025-08-27 09:58:35,837 - INFO - 2. nya: cos=0.9782
2025-08-27 09:58:35,837 - INFO - 3. mos: cos=0.9778
2025-08-27 09:58:35,837 - INFO - 4. ewe: cos=0.9769
2025-08-27 09:58:35,837 - INFO - 5. zul: cos=0.9760
2025-08-27 09:58:35,837 - INFO - === Layer 9 (xlmr) — Worst 5 (cosine) ===
2025-08-27 09:58:35,838 - INFO - 1. yor: cos=0.9560
2025-08-27 09:58:35,838 - INFO - 2. swa: cos=0.9663
2025-08-27 09:58:35,838 - INFO - 3. bbj: cos=0.9669
2025-08-27 09:58:35,838 - INFO - 4. pcm: cos=0.9686
2025-08-27 09:58:35,838 - INFO - 5. luo: cos=0.9687
2025-08-27 09:58:36,181 - INFO - === Layer 10 (xlmr) — Top 5 (cosine) ===
2025-08-27 09:58:36,182 - INFO - 1. twi: cos=0.9810
2025-08-27 09:58:36,182 - INFO - 2. nya: cos=0.9800
2025-08-27 09:58:36,182 - INFO - 3. mos: cos=0.9780
2025-08-27 09:58:36,182 - INFO - 4. lug: cos=0.9769
2025-08-27 09:58:36,182 - INFO - 5. sna: cos=0.9763
2025-08-27 09:58:36,182 - INFO - === Layer 10 (xlmr) — Worst 5 (cosine) ===
2025-08-27 09:58:36,182 - INFO - 1. yor: cos=0.9552
2025-08-27 09:58:36,182 - INFO - 2. bbj: cos=0.9664
2025-08-27 09:58:36,182 - INFO - 3. xho: cos=0.9667
2025-08-27 09:58:36,182 - INFO - 4. swa: cos=0.9672
2025-08-27 09:58:36,182 - INFO - 5. ibo: cos=0.9674
2025-08-27 09:58:36,534 - INFO - === Layer 11 (xlmr) — Top 5 (cosine) ===
2025-08-27 09:58:36,534 - INFO - 1. ewe: cos=0.9844
2025-08-27 09:58:36,534 - INFO - 2. nya: cos=0.9834
2025-08-27 09:58:36,534 - INFO - 3. twi: cos=0.9826
2025-08-27 09:58:36,534 - INFO - 4. sna: cos=0.9798
2025-08-27 09:58:36,534 - INFO - 5. wol: cos=0.9788
2025-08-27 09:58:36,534 - INFO - === Layer 11 (xlmr) — Worst 5 (cosine) ===
2025-08-27 09:58:36,534 - INFO - 1. yor: cos=0.9626
2025-08-27 09:58:36,534 - INFO - 2. bbj: cos=0.9646
2025-08-27 09:58:36,534 - INFO - 3. bam: cos=0.9681
2025-08-27 09:58:36,534 - INFO - 4. xho: cos=0.9684
2025-08-27 09:58:36,534 - INFO - 5. pcm: cos=0.9702
2025-08-27 09:58:36,776 - INFO - === Layer 12 (xlmr) — Top 5 (cosine) ===
2025-08-27 09:58:36,776 - INFO - 1. mos: cos=0.9987
2025-08-27 09:58:36,776 - INFO - 2. ewe: cos=0.9985
2025-08-27 09:58:36,776 - INFO - 3. twi: cos=0.9985
2025-08-27 09:58:36,776 - INFO - 4. nya: cos=0.9985
2025-08-27 09:58:36,776 - INFO - 5. sna: cos=0.9983
2025-08-27 09:58:36,776 - INFO - === Layer 12 (xlmr) — Worst 5 (cosine) ===
2025-08-27 09:58:36,776 - INFO - 1. bbj: cos=0.9963
2025-08-27 09:58:36,777 - INFO - 2. yor: cos=0.9964
2025-08-27 09:58:36,777 - INFO - 3. bam: cos=0.9974
2025-08-27 09:58:36,777 - INFO - 4. hau: cos=0.9974
2025-08-27 09:58:36,777 - INFO - 5. zul: cos=0.9975
2025-08-27 09:58:36,777 - INFO - Experiment finished successfully.
