2025-08-24 10:15:50,433 - INFO - Start: model_type=xlmr, run_both=False, use_cls=True, use_context=False, context_window=1, max_tokens_per_type=300, batch_size=32, seed=1, num_middle_layers=3, output_dir=rq2_train_scripts/Embeddings/EXTENDED/outputs/salt_extended/xlmr/config_1_clstrue_ctxfalse_hybfalse/tokens_300_ctx1
2025-08-24 10:15:50,986 - INFO - xlmr: selected layer indices (hidden_states) = [2, 3, 10, 12]
2025-08-24 10:15:52,646 - INFO - Processing run
2025-08-24 10:15:53,188 - INFO - Processing bam
2025-08-24 10:15:53,394 - INFO - Processing bbj
2025-08-24 10:15:53,585 - INFO - Processing ewe
2025-08-24 10:15:53,773 - INFO - Processing fon
2025-08-24 10:15:53,977 - INFO - Processing hau
2025-08-24 10:15:54,172 - INFO - Processing ibo
2025-08-24 10:15:54,413 - INFO - Processing kin
2025-08-24 10:15:54,616 - INFO - Processing lug
2025-08-24 10:15:54,801 - INFO - Processing luo
2025-08-24 10:15:54,989 - INFO - Processing mos
2025-08-24 10:15:55,192 - INFO - Processing nya
2025-08-24 10:15:55,384 - INFO - Processing pcm
2025-08-24 10:15:55,573 - INFO - Processing sna
2025-08-24 10:15:55,781 - INFO - Processing swa
2025-08-24 10:15:55,970 - INFO - Processing tsn
2025-08-24 10:15:56,134 - INFO - Processing twi
2025-08-24 10:15:56,336 - INFO - Processing wol
2025-08-24 10:15:56,541 - INFO - Processing xho
2025-08-24 10:15:56,730 - INFO - Processing yor
2025-08-24 10:15:56,947 - INFO - Processing zul
2025-08-24 10:15:57,458 - INFO - Layer 2 (xlmr) — Top 5
2025-08-24 10:15:57,458 - INFO - 1. kin: r=1.0000
2025-08-24 10:15:57,458 - INFO - 2. twi: r=1.0000
2025-08-24 10:15:57,458 - INFO - 3. luo: r=1.0000
2025-08-24 10:15:57,458 - INFO - 4. tsn: r=1.0000
2025-08-24 10:15:57,458 - INFO - 5. ewe: r=1.0000
2025-08-24 10:15:57,458 - INFO - Layer 2 (xlmr) — Worst 5
2025-08-24 10:15:57,458 - INFO - 1. bam: r=0.9999
2025-08-24 10:15:57,458 - INFO - 2. fon: r=0.9999
2025-08-24 10:15:57,458 - INFO - 3. bbj: r=0.9999
2025-08-24 10:15:57,458 - INFO - 4. mos: r=1.0000
2025-08-24 10:15:57,458 - INFO - 5. pcm: r=1.0000
2025-08-24 10:15:57,575 - INFO - Layer 3 (xlmr) — Top 5
2025-08-24 10:15:57,575 - INFO - 1. kin: r=1.0000
2025-08-24 10:15:57,575 - INFO - 2. twi: r=1.0000
2025-08-24 10:15:57,575 - INFO - 3. tsn: r=1.0000
2025-08-24 10:15:57,575 - INFO - 4. ewe: r=1.0000
2025-08-24 10:15:57,575 - INFO - 5. luo: r=1.0000
2025-08-24 10:15:57,575 - INFO - Layer 3 (xlmr) — Worst 5
2025-08-24 10:15:57,575 - INFO - 1. bbj: r=1.0000
2025-08-24 10:15:57,575 - INFO - 2. fon: r=1.0000
2025-08-24 10:15:57,575 - INFO - 3. bam: r=1.0000
2025-08-24 10:15:57,575 - INFO - 4. pcm: r=1.0000
2025-08-24 10:15:57,575 - INFO - 5. mos: r=1.0000
2025-08-24 10:15:57,691 - INFO - Layer 10 (xlmr) — Top 5
2025-08-24 10:15:57,691 - INFO - 1. swa: r=1.0000
2025-08-24 10:15:57,691 - INFO - 2. kin: r=1.0000
2025-08-24 10:15:57,691 - INFO - 3. tsn: r=1.0000
2025-08-24 10:15:57,691 - INFO - 4. luo: r=1.0000
2025-08-24 10:15:57,691 - INFO - 5. zul: r=1.0000
2025-08-24 10:15:57,691 - INFO - Layer 10 (xlmr) — Worst 5
2025-08-24 10:15:57,691 - INFO - 1. fon: r=1.0000
2025-08-24 10:15:57,691 - INFO - 2. hau: r=1.0000
2025-08-24 10:15:57,691 - INFO - 3. pcm: r=1.0000
2025-08-24 10:15:57,691 - INFO - 4. ibo: r=1.0000
2025-08-24 10:15:57,691 - INFO - 5. bbj: r=1.0000
2025-08-24 10:15:57,807 - INFO - Layer 12 (xlmr) — Top 5
2025-08-24 10:15:57,807 - INFO - 1. lug: r=0.9999
2025-08-24 10:15:57,807 - INFO - 2. twi: r=0.9999
2025-08-24 10:15:57,807 - INFO - 3. mos: r=0.9998
2025-08-24 10:15:57,807 - INFO - 4. nya: r=0.9998
2025-08-24 10:15:57,807 - INFO - 5. zul: r=0.9998
2025-08-24 10:15:57,807 - INFO - Layer 12 (xlmr) — Worst 5
2025-08-24 10:15:57,807 - INFO - 1. hau: r=0.9974
2025-08-24 10:15:57,807 - INFO - 2. fon: r=0.9992
2025-08-24 10:15:57,807 - INFO - 3. pcm: r=0.9994
2025-08-24 10:15:57,807 - INFO - 4. ibo: r=0.9996
2025-08-24 10:15:57,807 - INFO - 5. swa: r=0.9997
2025-08-24 10:15:57,808 - INFO - Experiment finished successfully.
