2025-08-27 17:32:07,748 - INFO - Start: model_type=xlmr, use_cls=False, use_context=False, context_window=1, max_tokens_per_type=400, batch_size=64, output_dir=rq2_train_scripts/Embeddings/CLEAN/outputs/combined/xlmr/config_0_clsfalse_ctxfalse/tokens_400_ctx1/core, save_prototypes=False, seed=42, fp16=True, max_length=96, langs=all, layers=all, span_mode=bio, pool=mean, entity_tags={'DATE', 'ORG', 'LOC', 'PER'}, title_suffix='L=all, tokens=400, ctx=1, cls=false, fp16=true'
2025-08-27 17:32:09,657 - INFO - Processing run
2025-08-27 17:32:10,148 - INFO - Processing bam
2025-08-27 17:32:10,274 - INFO - Processing bbj
2025-08-27 17:32:10,398 - INFO - Processing ewe
2025-08-27 17:32:10,511 - INFO - Processing fon
2025-08-27 17:32:10,639 - INFO - Processing hau
2025-08-27 17:32:10,769 - INFO - Processing ibo
2025-08-27 17:32:10,978 - INFO - Processing kin
2025-08-27 17:32:11,111 - INFO - Processing lug
2025-08-27 17:32:11,226 - INFO - Processing luo
2025-08-27 17:32:11,349 - INFO - Processing mos
2025-08-27 17:32:11,497 - INFO - Processing nya
2025-08-27 17:32:11,630 - INFO - Processing pcm
2025-08-27 17:32:11,749 - INFO - Processing sna
2025-08-27 17:32:11,875 - INFO - Processing swa
2025-08-27 17:32:11,999 - INFO - Processing tsn
2025-08-27 17:32:12,107 - INFO - Processing twi
2025-08-27 17:32:12,231 - INFO - Processing wol
2025-08-27 17:32:12,368 - INFO - Processing xho
2025-08-27 17:32:12,521 - INFO - Processing yor
2025-08-27 17:32:12,668 - INFO - Processing zul
2025-08-27 17:32:13,221 - INFO - === Layer 1 (xlmr) — Top 5 (cosine) ===
2025-08-27 17:32:13,221 - INFO - 1. kin: cos=0.9673
2025-08-27 17:32:13,221 - INFO - 2. twi: cos=0.9615
2025-08-27 17:32:13,221 - INFO - 3. luo: cos=0.9559
2025-08-27 17:32:13,221 - INFO - 4. nya: cos=0.9511
2025-08-27 17:32:13,222 - INFO - 5. tsn: cos=0.9499
2025-08-27 17:32:13,222 - INFO - === Layer 1 (xlmr) — Worst 5 (cosine) ===
2025-08-27 17:32:13,222 - INFO - 1. hau: cos=0.8993
2025-08-27 17:32:13,222 - INFO - 2. mos: cos=0.9134
2025-08-27 17:32:13,222 - INFO - 3. fon: cos=0.9148
2025-08-27 17:32:13,222 - INFO - 4. yor: cos=0.9169
2025-08-27 17:32:13,222 - INFO - 5. bam: cos=0.9243
2025-08-27 17:32:13,348 - INFO - === Layer 2 (xlmr) — Top 5 (cosine) ===
2025-08-27 17:32:13,348 - INFO - 1. kin: cos=0.9857
2025-08-27 17:32:13,348 - INFO - 2. twi: cos=0.9843
2025-08-27 17:32:13,348 - INFO - 3. luo: cos=0.9825
2025-08-27 17:32:13,348 - INFO - 4. ibo: cos=0.9793
2025-08-27 17:32:13,348 - INFO - 5. nya: cos=0.9786
2025-08-27 17:32:13,348 - INFO - === Layer 2 (xlmr) — Worst 5 (cosine) ===
2025-08-27 17:32:13,348 - INFO - 1. hau: cos=0.9550
2025-08-27 17:32:13,348 - INFO - 2. fon: cos=0.9650
2025-08-27 17:32:13,348 - INFO - 3. yor: cos=0.9651
2025-08-27 17:32:13,348 - INFO - 4. mos: cos=0.9673
2025-08-27 17:32:13,348 - INFO - 5. pcm: cos=0.9678
2025-08-27 17:32:13,470 - INFO - === Layer 3 (xlmr) — Top 5 (cosine) ===
2025-08-27 17:32:13,470 - INFO - 1. kin: cos=0.9895
2025-08-27 17:32:13,470 - INFO - 2. twi: cos=0.9877
2025-08-27 17:32:13,470 - INFO - 3. luo: cos=0.9858
2025-08-27 17:32:13,470 - INFO - 4. ibo: cos=0.9851
2025-08-27 17:32:13,470 - INFO - 5. nya: cos=0.9846
2025-08-27 17:32:13,470 - INFO - === Layer 3 (xlmr) — Worst 5 (cosine) ===
2025-08-27 17:32:13,470 - INFO - 1. hau: cos=0.9646
2025-08-27 17:32:13,470 - INFO - 2. pcm: cos=0.9748
2025-08-27 17:32:13,470 - INFO - 3. fon: cos=0.9753
2025-08-27 17:32:13,470 - INFO - 4. swa: cos=0.9760
2025-08-27 17:32:13,470 - INFO - 5. mos: cos=0.9770
2025-08-27 17:32:13,609 - INFO - === Layer 4 (xlmr) — Top 5 (cosine) ===
2025-08-27 17:32:13,609 - INFO - 1. kin: cos=0.9874
2025-08-27 17:32:13,609 - INFO - 2. twi: cos=0.9866
2025-08-27 17:32:13,609 - INFO - 3. luo: cos=0.9845
2025-08-27 17:32:13,609 - INFO - 4. ibo: cos=0.9844
2025-08-27 17:32:13,609 - INFO - 5. nya: cos=0.9830
2025-08-27 17:32:13,609 - INFO - === Layer 4 (xlmr) — Worst 5 (cosine) ===
2025-08-27 17:32:13,609 - INFO - 1. hau: cos=0.9645
2025-08-27 17:32:13,609 - INFO - 2. pcm: cos=0.9721
2025-08-27 17:32:13,609 - INFO - 3. fon: cos=0.9735
2025-08-27 17:32:13,609 - INFO - 4. swa: cos=0.9746
2025-08-27 17:32:13,609 - INFO - 5. bbj: cos=0.9747
2025-08-27 17:32:13,736 - INFO - === Layer 5 (xlmr) — Top 5 (cosine) ===
2025-08-27 17:32:13,736 - INFO - 1. kin: cos=0.9888
2025-08-27 17:32:13,736 - INFO - 2. twi: cos=0.9886
2025-08-27 17:32:13,736 - INFO - 3. luo: cos=0.9867
2025-08-27 17:32:13,736 - INFO - 4. ibo: cos=0.9853
2025-08-27 17:32:13,736 - INFO - 5. nya: cos=0.9852
2025-08-27 17:32:13,736 - INFO - === Layer 5 (xlmr) — Worst 5 (cosine) ===
2025-08-27 17:32:13,736 - INFO - 1. hau: cos=0.9663
2025-08-27 17:32:13,736 - INFO - 2. fon: cos=0.9755
2025-08-27 17:32:13,736 - INFO - 3. pcm: cos=0.9757
2025-08-27 17:32:13,736 - INFO - 4. bbj: cos=0.9758
2025-08-27 17:32:13,736 - INFO - 5. bam: cos=0.9768
2025-08-27 17:32:13,867 - INFO - === Layer 6 (xlmr) — Top 5 (cosine) ===
2025-08-27 17:32:13,867 - INFO - 1. kin: cos=0.9840
2025-08-27 17:32:13,867 - INFO - 2. twi: cos=0.9839
2025-08-27 17:32:13,867 - INFO - 3. luo: cos=0.9802
2025-08-27 17:32:13,867 - INFO - 4. ibo: cos=0.9798
2025-08-27 17:32:13,867 - INFO - 5. zul: cos=0.9762
2025-08-27 17:32:13,867 - INFO - === Layer 6 (xlmr) — Worst 5 (cosine) ===
2025-08-27 17:32:13,867 - INFO - 1. pcm: cos=0.9582
2025-08-27 17:32:13,867 - INFO - 2. hau: cos=0.9603
2025-08-27 17:32:13,867 - INFO - 3. swa: cos=0.9661
2025-08-27 17:32:13,867 - INFO - 4. bbj: cos=0.9663
2025-08-27 17:32:13,867 - INFO - 5. fon: cos=0.9677
2025-08-27 17:32:13,995 - INFO - === Layer 7 (xlmr) — Top 5 (cosine) ===
2025-08-27 17:32:13,995 - INFO - 1. twi: cos=0.9875
2025-08-27 17:32:13,995 - INFO - 2. kin: cos=0.9872
2025-08-27 17:32:13,995 - INFO - 3. luo: cos=0.9839
2025-08-27 17:32:13,995 - INFO - 4. tsn: cos=0.9812
2025-08-27 17:32:13,995 - INFO - 5. zul: cos=0.9809
2025-08-27 17:32:13,995 - INFO - === Layer 7 (xlmr) — Worst 5 (cosine) ===
2025-08-27 17:32:13,995 - INFO - 1. pcm: cos=0.9689
2025-08-27 17:32:13,995 - INFO - 2. hau: cos=0.9696
2025-08-27 17:32:13,995 - INFO - 3. swa: cos=0.9736
2025-08-27 17:32:13,995 - INFO - 4. bbj: cos=0.9736
2025-08-27 17:32:13,995 - INFO - 5. yor: cos=0.9738
2025-08-27 17:32:14,124 - INFO - === Layer 8 (xlmr) — Top 5 (cosine) ===
2025-08-27 17:32:14,124 - INFO - 1. twi: cos=0.9891
2025-08-27 17:32:14,124 - INFO - 2. kin: cos=0.9877
2025-08-27 17:32:14,125 - INFO - 3. luo: cos=0.9835
2025-08-27 17:32:14,125 - INFO - 4. ewe: cos=0.9829
2025-08-27 17:32:14,125 - INFO - 5. lug: cos=0.9811
2025-08-27 17:32:14,125 - INFO - === Layer 8 (xlmr) — Worst 5 (cosine) ===
2025-08-27 17:32:14,125 - INFO - 1. xho: cos=0.9690
2025-08-27 17:32:14,125 - INFO - 2. hau: cos=0.9702
2025-08-27 17:32:14,125 - INFO - 3. yor: cos=0.9712
2025-08-27 17:32:14,125 - INFO - 4. sna: cos=0.9727
2025-08-27 17:32:14,125 - INFO - 5. bbj: cos=0.9735
2025-08-27 17:32:14,339 - INFO - === Layer 9 (xlmr) — Top 5 (cosine) ===
2025-08-27 17:32:14,339 - INFO - 1. twi: cos=0.9903
2025-08-27 17:32:14,339 - INFO - 2. kin: cos=0.9877
2025-08-27 17:32:14,339 - INFO - 3. ewe: cos=0.9844
2025-08-27 17:32:14,339 - INFO - 4. luo: cos=0.9839
2025-08-27 17:32:14,339 - INFO - 5. tsn: cos=0.9830
2025-08-27 17:32:14,339 - INFO - === Layer 9 (xlmr) — Worst 5 (cosine) ===
2025-08-27 17:32:14,339 - INFO - 1. hau: cos=0.9703
2025-08-27 17:32:14,339 - INFO - 2. bam: cos=0.9727
2025-08-27 17:32:14,339 - INFO - 3. xho: cos=0.9730
2025-08-27 17:32:14,339 - INFO - 4. yor: cos=0.9732
2025-08-27 17:32:14,339 - INFO - 5. sna: cos=0.9751
2025-08-27 17:32:14,472 - INFO - === Layer 10 (xlmr) — Top 5 (cosine) ===
2025-08-27 17:32:14,472 - INFO - 1. twi: cos=0.9884
2025-08-27 17:32:14,472 - INFO - 2. kin: cos=0.9869
2025-08-27 17:32:14,472 - INFO - 3. ewe: cos=0.9824
2025-08-27 17:32:14,472 - INFO - 4. lug: cos=0.9817
2025-08-27 17:32:14,472 - INFO - 5. tsn: cos=0.9815
2025-08-27 17:32:14,472 - INFO - === Layer 10 (xlmr) — Worst 5 (cosine) ===
2025-08-27 17:32:14,472 - INFO - 1. yor: cos=0.9650
2025-08-27 17:32:14,472 - INFO - 2. xho: cos=0.9701
2025-08-27 17:32:14,472 - INFO - 3. bam: cos=0.9714
2025-08-27 17:32:14,472 - INFO - 4. hau: cos=0.9717
2025-08-27 17:32:14,472 - INFO - 5. sna: cos=0.9729
2025-08-27 17:32:14,616 - INFO - === Layer 11 (xlmr) — Top 5 (cosine) ===
2025-08-27 17:32:14,616 - INFO - 1. nya: cos=0.9866
2025-08-27 17:32:14,616 - INFO - 2. twi: cos=0.9865
2025-08-27 17:32:14,616 - INFO - 3. kin: cos=0.9851
2025-08-27 17:32:14,616 - INFO - 4. ewe: cos=0.9843
2025-08-27 17:32:14,616 - INFO - 5. mos: cos=0.9842
2025-08-27 17:32:14,616 - INFO - === Layer 11 (xlmr) — Worst 5 (cosine) ===
2025-08-27 17:32:14,616 - INFO - 1. yor: cos=0.9720
2025-08-27 17:32:14,616 - INFO - 2. hau: cos=0.9760
2025-08-27 17:32:14,616 - INFO - 3. xho: cos=0.9760
2025-08-27 17:32:14,616 - INFO - 4. sna: cos=0.9781
2025-08-27 17:32:14,616 - INFO - 5. bam: cos=0.9790
2025-08-27 17:32:14,752 - INFO - === Layer 12 (xlmr) — Top 5 (cosine) ===
2025-08-27 17:32:14,752 - INFO - 1. nya: cos=0.9987
2025-08-27 17:32:14,752 - INFO - 2. kin: cos=0.9987
2025-08-27 17:32:14,752 - INFO - 3. mos: cos=0.9986
2025-08-27 17:32:14,752 - INFO - 4. twi: cos=0.9986
2025-08-27 17:32:14,752 - INFO - 5. ewe: cos=0.9986
2025-08-27 17:32:14,752 - INFO - === Layer 12 (xlmr) — Worst 5 (cosine) ===
2025-08-27 17:32:14,752 - INFO - 1. yor: cos=0.9967
2025-08-27 17:32:14,752 - INFO - 2. lug: cos=0.9973
2025-08-27 17:32:14,752 - INFO - 3. hau: cos=0.9974
2025-08-27 17:32:14,752 - INFO - 4. bam: cos=0.9979
2025-08-27 17:32:14,752 - INFO - 5. xho: cos=0.9979
2025-08-27 17:32:14,753 - INFO - Experiment finished successfully.
