2025-08-27 10:01:15,209 - INFO - Start: model_type=xlmr, use_cls=False, use_context=True, context_window=2, max_tokens_per_type=500, batch_size=64, output_dir=rq2_train_scripts/Embeddings/CLEAN/outputs/salt/xlmr/config_2_clsfalse_ctxtrue/tokens_500_ctx2/core, save_prototypes=False, seed=42, fp16=True, max_length=96, langs=all, layers=all, span_mode=bio, pool=mean, entity_tags={'DATE', 'ORG', 'LOC', 'PER'}, title_suffix='L=all, tokens=500, ctx=2, cls=false, fp16=true'
2025-08-27 10:01:17,360 - INFO - Processing run
2025-08-27 10:01:17,920 - INFO - Processing bam
2025-08-27 10:01:18,099 - INFO - Processing bbj
2025-08-27 10:01:18,327 - INFO - Processing ewe
2025-08-27 10:01:18,492 - INFO - Processing fon
2025-08-27 10:01:18,682 - INFO - Processing hau
2025-08-27 10:01:18,866 - INFO - Processing ibo
2025-08-27 10:01:19,076 - INFO - Processing kin
2025-08-27 10:01:19,253 - INFO - Processing lug
2025-08-27 10:01:19,424 - INFO - Processing luo
2025-08-27 10:01:19,606 - INFO - Processing mos
2025-08-27 10:01:19,803 - INFO - Processing nya
2025-08-27 10:01:19,978 - INFO - Processing pcm
2025-08-27 10:01:20,142 - INFO - Processing sna
2025-08-27 10:01:20,309 - INFO - Processing swa
2025-08-27 10:01:20,479 - INFO - Processing tsn
2025-08-27 10:01:20,654 - INFO - Processing twi
2025-08-27 10:01:20,843 - INFO - Processing wol
2025-08-27 10:01:21,026 - INFO - Processing xho
2025-08-27 10:01:21,191 - INFO - Processing yor
2025-08-27 10:01:21,403 - INFO - Processing zul
2025-08-27 10:01:22,000 - INFO - === Layer 1 (xlmr) — Top 5 (cosine) ===
2025-08-27 10:01:22,000 - INFO - 1. kin: cos=0.9414
2025-08-27 10:01:22,000 - INFO - 2. twi: cos=0.9323
2025-08-27 10:01:22,000 - INFO - 3. ibo: cos=0.9278
2025-08-27 10:01:22,000 - INFO - 4. luo: cos=0.9211
2025-08-27 10:01:22,000 - INFO - 5. sna: cos=0.9196
2025-08-27 10:01:22,000 - INFO - === Layer 1 (xlmr) — Worst 5 (cosine) ===
2025-08-27 10:01:22,000 - INFO - 1. fon: cos=0.8633
2025-08-27 10:01:22,000 - INFO - 2. hau: cos=0.8651
2025-08-27 10:01:22,000 - INFO - 3. yor: cos=0.8680
2025-08-27 10:01:22,000 - INFO - 4. bbj: cos=0.8688
2025-08-27 10:01:22,000 - INFO - 5. pcm: cos=0.8722
2025-08-27 10:01:22,127 - INFO - === Layer 2 (xlmr) — Top 5 (cosine) ===
2025-08-27 10:01:22,127 - INFO - 1. kin: cos=0.9765
2025-08-27 10:01:22,128 - INFO - 2. twi: cos=0.9727
2025-08-27 10:01:22,128 - INFO - 3. ibo: cos=0.9711
2025-08-27 10:01:22,128 - INFO - 4. sna: cos=0.9697
2025-08-27 10:01:22,128 - INFO - 5. luo: cos=0.9690
2025-08-27 10:01:22,128 - INFO - === Layer 2 (xlmr) — Worst 5 (cosine) ===
2025-08-27 10:01:22,128 - INFO - 1. pcm: cos=0.9443
2025-08-27 10:01:22,128 - INFO - 2. hau: cos=0.9456
2025-08-27 10:01:22,128 - INFO - 3. fon: cos=0.9469
2025-08-27 10:01:22,128 - INFO - 4. swa: cos=0.9476
2025-08-27 10:01:22,128 - INFO - 5. yor: cos=0.9484
2025-08-27 10:01:22,255 - INFO - === Layer 3 (xlmr) — Top 5 (cosine) ===
2025-08-27 10:01:22,255 - INFO - 1. kin: cos=0.9838
2025-08-27 10:01:22,255 - INFO - 2. twi: cos=0.9810
2025-08-27 10:01:22,255 - INFO - 3. sna: cos=0.9795
2025-08-27 10:01:22,255 - INFO - 4. luo: cos=0.9787
2025-08-27 10:01:22,255 - INFO - 5. zul: cos=0.9774
2025-08-27 10:01:22,255 - INFO - === Layer 3 (xlmr) — Worst 5 (cosine) ===
2025-08-27 10:01:22,255 - INFO - 1. pcm: cos=0.9610
2025-08-27 10:01:22,255 - INFO - 2. hau: cos=0.9612
2025-08-27 10:01:22,255 - INFO - 3. swa: cos=0.9627
2025-08-27 10:01:22,255 - INFO - 4. mos: cos=0.9662
2025-08-27 10:01:22,255 - INFO - 5. bbj: cos=0.9667
2025-08-27 10:01:22,384 - INFO - === Layer 4 (xlmr) — Top 5 (cosine) ===
2025-08-27 10:01:22,384 - INFO - 1. kin: cos=0.9830
2025-08-27 10:01:22,384 - INFO - 2. twi: cos=0.9817
2025-08-27 10:01:22,384 - INFO - 3. sna: cos=0.9785
2025-08-27 10:01:22,384 - INFO - 4. luo: cos=0.9783
2025-08-27 10:01:22,384 - INFO - 5. nya: cos=0.9761
2025-08-27 10:01:22,384 - INFO - === Layer 4 (xlmr) — Worst 5 (cosine) ===
2025-08-27 10:01:22,384 - INFO - 1. pcm: cos=0.9564
2025-08-27 10:01:22,384 - INFO - 2. swa: cos=0.9580
2025-08-27 10:01:22,384 - INFO - 3. hau: cos=0.9584
2025-08-27 10:01:22,384 - INFO - 4. bbj: cos=0.9638
2025-08-27 10:01:22,384 - INFO - 5. fon: cos=0.9647
2025-08-27 10:01:22,516 - INFO - === Layer 5 (xlmr) — Top 5 (cosine) ===
2025-08-27 10:01:22,517 - INFO - 1. kin: cos=0.9834
2025-08-27 10:01:22,517 - INFO - 2. twi: cos=0.9824
2025-08-27 10:01:22,517 - INFO - 3. sna: cos=0.9805
2025-08-27 10:01:22,517 - INFO - 4. luo: cos=0.9800
2025-08-27 10:01:22,517 - INFO - 5. nya: cos=0.9769
2025-08-27 10:01:22,517 - INFO - === Layer 5 (xlmr) — Worst 5 (cosine) ===
2025-08-27 10:01:22,517 - INFO - 1. pcm: cos=0.9574
2025-08-27 10:01:22,517 - INFO - 2. swa: cos=0.9588
2025-08-27 10:01:22,517 - INFO - 3. hau: cos=0.9599
2025-08-27 10:01:22,517 - INFO - 4. bbj: cos=0.9630
2025-08-27 10:01:22,517 - INFO - 5. fon: cos=0.9650
2025-08-27 10:01:22,649 - INFO - === Layer 6 (xlmr) — Top 5 (cosine) ===
2025-08-27 10:01:22,649 - INFO - 1. kin: cos=0.9812
2025-08-27 10:01:22,649 - INFO - 2. twi: cos=0.9792
2025-08-27 10:01:22,649 - INFO - 3. luo: cos=0.9768
2025-08-27 10:01:22,649 - INFO - 4. sna: cos=0.9752
2025-08-27 10:01:22,649 - INFO - 5. nya: cos=0.9745
2025-08-27 10:01:22,649 - INFO - === Layer 6 (xlmr) — Worst 5 (cosine) ===
2025-08-27 10:01:22,649 - INFO - 1. swa: cos=0.9503
2025-08-27 10:01:22,649 - INFO - 2. pcm: cos=0.9504
2025-08-27 10:01:22,649 - INFO - 3. bbj: cos=0.9541
2025-08-27 10:01:22,649 - INFO - 4. hau: cos=0.9546
2025-08-27 10:01:22,649 - INFO - 5. yor: cos=0.9598
2025-08-27 10:01:22,781 - INFO - === Layer 7 (xlmr) — Top 5 (cosine) ===
2025-08-27 10:01:22,781 - INFO - 1. kin: cos=0.9845
2025-08-27 10:01:22,781 - INFO - 2. twi: cos=0.9834
2025-08-27 10:01:22,781 - INFO - 3. luo: cos=0.9803
2025-08-27 10:01:22,781 - INFO - 4. sna: cos=0.9802
2025-08-27 10:01:22,781 - INFO - 5. nya: cos=0.9791
2025-08-27 10:01:22,781 - INFO - === Layer 7 (xlmr) — Worst 5 (cosine) ===
2025-08-27 10:01:22,781 - INFO - 1. swa: cos=0.9601
2025-08-27 10:01:22,781 - INFO - 2. pcm: cos=0.9604
2025-08-27 10:01:22,781 - INFO - 3. hau: cos=0.9630
2025-08-27 10:01:22,781 - INFO - 4. bbj: cos=0.9644
2025-08-27 10:01:22,781 - INFO - 5. yor: cos=0.9685
2025-08-27 10:01:22,933 - INFO - === Layer 8 (xlmr) — Top 5 (cosine) ===
2025-08-27 10:01:22,933 - INFO - 1. kin: cos=0.9842
2025-08-27 10:01:22,933 - INFO - 2. twi: cos=0.9835
2025-08-27 10:01:22,933 - INFO - 3. sna: cos=0.9806
2025-08-27 10:01:22,933 - INFO - 4. luo: cos=0.9804
2025-08-27 10:01:22,933 - INFO - 5. nya: cos=0.9791
2025-08-27 10:01:22,933 - INFO - === Layer 8 (xlmr) — Worst 5 (cosine) ===
2025-08-27 10:01:22,933 - INFO - 1. pcm: cos=0.9572
2025-08-27 10:01:22,933 - INFO - 2. swa: cos=0.9575
2025-08-27 10:01:22,933 - INFO - 3. hau: cos=0.9604
2025-08-27 10:01:22,933 - INFO - 4. bbj: cos=0.9630
2025-08-27 10:01:22,933 - INFO - 5. yor: cos=0.9678
2025-08-27 10:01:23,135 - INFO - === Layer 9 (xlmr) — Top 5 (cosine) ===
2025-08-27 10:01:23,135 - INFO - 1. twi: cos=0.9847
2025-08-27 10:01:23,135 - INFO - 2. kin: cos=0.9834
2025-08-27 10:01:23,135 - INFO - 3. sna: cos=0.9811
2025-08-27 10:01:23,135 - INFO - 4. luo: cos=0.9806
2025-08-27 10:01:23,135 - INFO - 5. zul: cos=0.9800
2025-08-27 10:01:23,135 - INFO - === Layer 9 (xlmr) — Worst 5 (cosine) ===
2025-08-27 10:01:23,135 - INFO - 1. pcm: cos=0.9591
2025-08-27 10:01:23,135 - INFO - 2. swa: cos=0.9605
2025-08-27 10:01:23,135 - INFO - 3. bbj: cos=0.9644
2025-08-27 10:01:23,135 - INFO - 4. hau: cos=0.9648
2025-08-27 10:01:23,135 - INFO - 5. yor: cos=0.9697
2025-08-27 10:01:23,264 - INFO - === Layer 10 (xlmr) — Top 5 (cosine) ===
2025-08-27 10:01:23,264 - INFO - 1. twi: cos=0.9856
2025-08-27 10:01:23,264 - INFO - 2. kin: cos=0.9841
2025-08-27 10:01:23,264 - INFO - 3. lug: cos=0.9815
2025-08-27 10:01:23,264 - INFO - 4. luo: cos=0.9809
2025-08-27 10:01:23,264 - INFO - 5. sna: cos=0.9809
2025-08-27 10:01:23,264 - INFO - === Layer 10 (xlmr) — Worst 5 (cosine) ===
2025-08-27 10:01:23,264 - INFO - 1. bbj: cos=0.9644
2025-08-27 10:01:23,264 - INFO - 2. xho: cos=0.9673
2025-08-27 10:01:23,264 - INFO - 3. hau: cos=0.9678
2025-08-27 10:01:23,264 - INFO - 4. yor: cos=0.9705
2025-08-27 10:01:23,264 - INFO - 5. bam: cos=0.9705
2025-08-27 10:01:23,394 - INFO - === Layer 11 (xlmr) — Top 5 (cosine) ===
2025-08-27 10:01:23,394 - INFO - 1. kin: cos=0.9868
2025-08-27 10:01:23,394 - INFO - 2. twi: cos=0.9861
2025-08-27 10:01:23,394 - INFO - 3. luo: cos=0.9846
2025-08-27 10:01:23,394 - INFO - 4. lug: cos=0.9846
2025-08-27 10:01:23,394 - INFO - 5. nya: cos=0.9843
2025-08-27 10:01:23,394 - INFO - === Layer 11 (xlmr) — Worst 5 (cosine) ===
2025-08-27 10:01:23,394 - INFO - 1. bbj: cos=0.9648
2025-08-27 10:01:23,394 - INFO - 2. hau: cos=0.9726
2025-08-27 10:01:23,394 - INFO - 3. bam: cos=0.9732
2025-08-27 10:01:23,394 - INFO - 4. yor: cos=0.9736
2025-08-27 10:01:23,394 - INFO - 5. xho: cos=0.9741
2025-08-27 10:01:23,522 - INFO - === Layer 12 (xlmr) — Top 5 (cosine) ===
2025-08-27 10:01:23,522 - INFO - 1. kin: cos=0.9989
2025-08-27 10:01:23,522 - INFO - 2. luo: cos=0.9988
2025-08-27 10:01:23,522 - INFO - 3. twi: cos=0.9988
2025-08-27 10:01:23,522 - INFO - 4. nya: cos=0.9987
2025-08-27 10:01:23,522 - INFO - 5. sna: cos=0.9985
2025-08-27 10:01:23,522 - INFO - === Layer 12 (xlmr) — Worst 5 (cosine) ===
2025-08-27 10:01:23,522 - INFO - 1. bbj: cos=0.9965
2025-08-27 10:01:23,522 - INFO - 2. hau: cos=0.9971
2025-08-27 10:01:23,522 - INFO - 3. fon: cos=0.9975
2025-08-27 10:01:23,522 - INFO - 4. yor: cos=0.9975
2025-08-27 10:01:23,522 - INFO - 5. bam: cos=0.9976
2025-08-27 10:01:23,523 - INFO - Experiment finished successfully.
