2025-08-02 19:33:32,905 - INFO - Experiment started with model_type=xlmr, use_cls=True, use_context=False, context_window=1, use_hybrid=False, max_tokens_per_type=400, output_dir=rq2_train_scripts/Embeddings/MEXA_inspired_strategy/outputs/combined/xlmr/config_1_clstrue_ctxfalse_hybfalse/tokens_400_ctx1
2025-08-02 19:33:34,642 - INFO - Processing run
2025-08-02 19:33:38,426 - INFO - Processing bam
2025-08-02 19:33:41,742 - INFO - Processing bbj
2025-08-02 19:33:45,314 - INFO - Processing ewe
2025-08-02 19:33:48,839 - INFO - Processing fon
2025-08-02 19:33:52,404 - INFO - Processing hau
2025-08-02 19:33:55,954 - INFO - Processing ibo
2025-08-02 19:33:59,573 - INFO - Processing kin
2025-08-02 19:34:03,149 - INFO - Processing lug
2025-08-02 19:34:06,687 - INFO - Processing luo
2025-08-02 19:34:10,252 - INFO - Processing mos
2025-08-02 19:34:13,840 - INFO - Processing nya
2025-08-02 19:34:17,435 - INFO - Processing pcm
2025-08-02 19:34:20,982 - INFO - Processing sna
2025-08-02 19:34:24,577 - INFO - Processing swa
2025-08-02 19:34:28,121 - INFO - Processing tsn
2025-08-02 19:34:31,668 - INFO - Processing twi
2025-08-02 19:34:35,229 - INFO - Processing wol
2025-08-02 19:34:38,818 - INFO - Processing xho
2025-08-02 19:34:42,368 - INFO - Processing yor
2025-08-02 19:34:45,953 - INFO - Processing zul
2025-08-02 19:34:49,990 - INFO - Top 5 languages most similar to Runyankore:
2025-08-02 19:34:49,991 - INFO - 1. lug - Mean Similarity: 1.0000
2025-08-02 19:34:49,991 - INFO - 2. twi - Mean Similarity: 0.9999
2025-08-02 19:34:49,991 - INFO - 3. luo - Mean Similarity: 0.9999
2025-08-02 19:34:49,991 - INFO - 4. kin - Mean Similarity: 0.9999
2025-08-02 19:34:49,991 - INFO - 5. nya - Mean Similarity: 0.9999
2025-08-02 19:34:49,991 - INFO - Experiment finished successfully.
