2025-08-27 17:55:50,445 - INFO - Start: model_type=xlmr, use_cls=True, use_context=True, context_window=0, max_tokens_per_type=400, batch_size=64, output_dir=rq2_train_scripts/Embeddings/CLEAN/outputs/mptc/xlmr/config_3_clstrue_ctxtrue/tokens_400_ctx0/core, save_prototypes=False, seed=42, fp16=True, max_length=96, langs=all, layers=all, span_mode=bio, pool=mean, entity_tags={'ORG', 'DATE', 'PER', 'LOC'}, title_suffix='L=all, tokens=400, ctx=0, cls=true, fp16=true'
2025-08-27 17:55:52,644 - INFO - Processing run
2025-08-27 17:55:53,037 - INFO - Processing bam
2025-08-27 17:55:53,091 - INFO - Processing bbj
2025-08-27 17:55:53,143 - INFO - Processing ewe
2025-08-27 17:55:53,187 - INFO - Processing fon
2025-08-27 17:55:53,247 - INFO - Processing hau
2025-08-27 17:55:53,312 - INFO - Processing ibo
2025-08-27 17:55:53,399 - INFO - Processing kin
2025-08-27 17:55:53,464 - INFO - Processing lug
2025-08-27 17:55:53,525 - INFO - Processing luo
2025-08-27 17:55:53,585 - INFO - Processing mos
2025-08-27 17:55:53,691 - INFO - Processing nya
2025-08-27 17:55:53,757 - INFO - Processing pcm
2025-08-27 17:55:53,812 - INFO - Processing sna
2025-08-27 17:55:53,888 - INFO - Processing swa
2025-08-27 17:55:53,980 - INFO - Processing tsn
2025-08-27 17:55:54,027 - INFO - Processing twi
2025-08-27 17:55:54,087 - INFO - Processing wol
2025-08-27 17:55:54,153 - INFO - Processing xho
2025-08-27 17:55:54,197 - INFO - Processing yor
2025-08-27 17:55:54,275 - INFO - Processing zul
2025-08-27 17:55:54,769 - INFO - === Layer 1 (xlmr) — Top 5 (cosine) ===
2025-08-27 17:55:54,769 - INFO - 1. kin: cos=1.0000
2025-08-27 17:55:54,769 - INFO - 2. luo: cos=0.9999
2025-08-27 17:55:54,769 - INFO - 3. twi: cos=0.9999
2025-08-27 17:55:54,769 - INFO - 4. nya: cos=0.9998
2025-08-27 17:55:54,769 - INFO - 5. sna: cos=0.9998
2025-08-27 17:55:54,769 - INFO - === Layer 1 (xlmr) — Worst 5 (cosine) ===
2025-08-27 17:55:54,769 - INFO - 1. hau: cos=0.9992
2025-08-27 17:55:54,770 - INFO - 2. fon: cos=0.9994
2025-08-27 17:55:54,770 - INFO - 3. bam: cos=0.9994
2025-08-27 17:55:54,770 - INFO - 4. bbj: cos=0.9994
2025-08-27 17:55:54,770 - INFO - 5. pcm: cos=0.9995
2025-08-27 17:55:54,895 - INFO - === Layer 2 (xlmr) — Top 5 (cosine) ===
2025-08-27 17:55:54,895 - INFO - 1. kin: cos=1.0000
2025-08-27 17:55:54,895 - INFO - 2. luo: cos=1.0000
2025-08-27 17:55:54,895 - INFO - 3. twi: cos=1.0000
2025-08-27 17:55:54,895 - INFO - 4. zul: cos=1.0000
2025-08-27 17:55:54,895 - INFO - 5. nya: cos=1.0000
2025-08-27 17:55:54,895 - INFO - === Layer 2 (xlmr) — Worst 5 (cosine) ===
2025-08-27 17:55:54,895 - INFO - 1. hau: cos=0.9999
2025-08-27 17:55:54,895 - INFO - 2. bam: cos=0.9999
2025-08-27 17:55:54,895 - INFO - 3. pcm: cos=0.9999
2025-08-27 17:55:54,895 - INFO - 4. bbj: cos=0.9999
2025-08-27 17:55:54,895 - INFO - 5. fon: cos=0.9999
2025-08-27 17:55:55,040 - INFO - === Layer 3 (xlmr) — Top 5 (cosine) ===
2025-08-27 17:55:55,040 - INFO - 1. kin: cos=1.0000
2025-08-27 17:55:55,040 - INFO - 2. luo: cos=1.0000
2025-08-27 17:55:55,040 - INFO - 3. twi: cos=1.0000
2025-08-27 17:55:55,040 - INFO - 4. zul: cos=1.0000
2025-08-27 17:55:55,040 - INFO - 5. ibo: cos=1.0000
2025-08-27 17:55:55,040 - INFO - === Layer 3 (xlmr) — Worst 5 (cosine) ===
2025-08-27 17:55:55,041 - INFO - 1. pcm: cos=1.0000
2025-08-27 17:55:55,041 - INFO - 2. swa: cos=1.0000
2025-08-27 17:55:55,041 - INFO - 3. bbj: cos=1.0000
2025-08-27 17:55:55,041 - INFO - 4. sna: cos=1.0000
2025-08-27 17:55:55,041 - INFO - 5. fon: cos=1.0000
2025-08-27 17:55:55,176 - INFO - === Layer 4 (xlmr) — Top 5 (cosine) ===
2025-08-27 17:55:55,176 - INFO - 1. kin: cos=1.0000
2025-08-27 17:55:55,176 - INFO - 2. twi: cos=1.0000
2025-08-27 17:55:55,176 - INFO - 3. luo: cos=1.0000
2025-08-27 17:55:55,176 - INFO - 4. zul: cos=1.0000
2025-08-27 17:55:55,176 - INFO - 5. swa: cos=1.0000
2025-08-27 17:55:55,176 - INFO - === Layer 4 (xlmr) — Worst 5 (cosine) ===
2025-08-27 17:55:55,176 - INFO - 1. bam: cos=1.0000
2025-08-27 17:55:55,176 - INFO - 2. hau: cos=1.0000
2025-08-27 17:55:55,176 - INFO - 3. wol: cos=1.0000
2025-08-27 17:55:55,176 - INFO - 4. yor: cos=1.0000
2025-08-27 17:55:55,176 - INFO - 5. pcm: cos=1.0000
2025-08-27 17:55:55,306 - INFO - === Layer 5 (xlmr) — Top 5 (cosine) ===
2025-08-27 17:55:55,306 - INFO - 1. twi: cos=1.0000
2025-08-27 17:55:55,307 - INFO - 2. kin: cos=1.0000
2025-08-27 17:55:55,307 - INFO - 3. luo: cos=1.0000
2025-08-27 17:55:55,307 - INFO - 4. tsn: cos=1.0000
2025-08-27 17:55:55,307 - INFO - 5. ewe: cos=1.0000
2025-08-27 17:55:55,307 - INFO - === Layer 5 (xlmr) — Worst 5 (cosine) ===
2025-08-27 17:55:55,307 - INFO - 1. hau: cos=1.0000
2025-08-27 17:55:55,307 - INFO - 2. pcm: cos=1.0000
2025-08-27 17:55:55,307 - INFO - 3. fon: cos=1.0000
2025-08-27 17:55:55,307 - INFO - 4. wol: cos=1.0000
2025-08-27 17:55:55,307 - INFO - 5. mos: cos=1.0000
2025-08-27 17:55:55,436 - INFO - === Layer 6 (xlmr) — Top 5 (cosine) ===
2025-08-27 17:55:55,436 - INFO - 1. kin: cos=1.0000
2025-08-27 17:55:55,436 - INFO - 2. twi: cos=1.0000
2025-08-27 17:55:55,436 - INFO - 3. luo: cos=1.0000
2025-08-27 17:55:55,436 - INFO - 4. ewe: cos=1.0000
2025-08-27 17:55:55,436 - INFO - 5. tsn: cos=1.0000
2025-08-27 17:55:55,436 - INFO - === Layer 6 (xlmr) — Worst 5 (cosine) ===
2025-08-27 17:55:55,436 - INFO - 1. hau: cos=1.0000
2025-08-27 17:55:55,436 - INFO - 2. pcm: cos=1.0000
2025-08-27 17:55:55,436 - INFO - 3. wol: cos=1.0000
2025-08-27 17:55:55,436 - INFO - 4. fon: cos=1.0000
2025-08-27 17:55:55,436 - INFO - 5. mos: cos=1.0000
2025-08-27 17:55:55,564 - INFO - === Layer 7 (xlmr) — Top 5 (cosine) ===
2025-08-27 17:55:55,564 - INFO - 1. kin: cos=1.0000
2025-08-27 17:55:55,572 - INFO - 2. fon: cos=1.0000
2025-08-27 17:55:55,572 - INFO - 3. sna: cos=1.0000
2025-08-27 17:55:55,572 - INFO - 4. pcm: cos=1.0000
2025-08-27 17:55:55,572 - INFO - 5. swa: cos=1.0000
2025-08-27 17:55:55,572 - INFO - === Layer 7 (xlmr) — Worst 5 (cosine) ===
2025-08-27 17:55:55,572 - INFO - 1. nya: cos=1.0000
2025-08-27 17:55:55,572 - INFO - 2. hau: cos=1.0000
2025-08-27 17:55:55,572 - INFO - 3. tsn: cos=1.0000
2025-08-27 17:55:55,572 - INFO - 4. mos: cos=1.0000
2025-08-27 17:55:55,572 - INFO - 5. wol: cos=1.0000
2025-08-27 17:55:55,824 - INFO - === Layer 8 (xlmr) — Top 5 (cosine) ===
2025-08-27 17:55:55,824 - INFO - 1. kin: cos=1.0000
2025-08-27 17:55:55,824 - INFO - 2. lug: cos=1.0000
2025-08-27 17:55:55,824 - INFO - 3. twi: cos=1.0000
2025-08-27 17:55:55,824 - INFO - 4. yor: cos=1.0000
2025-08-27 17:55:55,824 - INFO - 5. tsn: cos=1.0000
2025-08-27 17:55:55,824 - INFO - === Layer 8 (xlmr) — Worst 5 (cosine) ===
2025-08-27 17:55:55,824 - INFO - 1. ewe: cos=0.9999
2025-08-27 17:55:55,824 - INFO - 2. swa: cos=0.9999
2025-08-27 17:55:55,824 - INFO - 3. bbj: cos=1.0000
2025-08-27 17:55:55,824 - INFO - 4. hau: cos=1.0000
2025-08-27 17:55:55,824 - INFO - 5. fon: cos=1.0000
2025-08-27 17:55:55,973 - INFO - === Layer 9 (xlmr) — Top 5 (cosine) ===
2025-08-27 17:55:55,973 - INFO - 1. kin: cos=1.0000
2025-08-27 17:55:55,973 - INFO - 2. bam: cos=1.0000
2025-08-27 17:55:55,973 - INFO - 3. ewe: cos=1.0000
2025-08-27 17:55:55,974 - INFO - 4. twi: cos=1.0000
2025-08-27 17:55:55,974 - INFO - 5. luo: cos=1.0000
2025-08-27 17:55:55,974 - INFO - === Layer 9 (xlmr) — Worst 5 (cosine) ===
2025-08-27 17:55:55,974 - INFO - 1. bbj: cos=1.0000
2025-08-27 17:55:55,974 - INFO - 2. wol: cos=1.0000
2025-08-27 17:55:55,974 - INFO - 3. hau: cos=1.0000
2025-08-27 17:55:55,974 - INFO - 4. nya: cos=1.0000
2025-08-27 17:55:55,974 - INFO - 5. ibo: cos=1.0000
2025-08-27 17:55:56,104 - INFO - === Layer 10 (xlmr) — Top 5 (cosine) ===
2025-08-27 17:55:56,104 - INFO - 1. twi: cos=1.0000
2025-08-27 17:55:56,104 - INFO - 2. bam: cos=1.0000
2025-08-27 17:55:56,104 - INFO - 3. ewe: cos=1.0000
2025-08-27 17:55:56,105 - INFO - 4. zul: cos=1.0000
2025-08-27 17:55:56,105 - INFO - 5. wol: cos=1.0000
2025-08-27 17:55:56,105 - INFO - === Layer 10 (xlmr) — Worst 5 (cosine) ===
2025-08-27 17:55:56,105 - INFO - 1. pcm: cos=1.0000
2025-08-27 17:55:56,105 - INFO - 2. yor: cos=1.0000
2025-08-27 17:55:56,105 - INFO - 3. fon: cos=1.0000
2025-08-27 17:55:56,105 - INFO - 4. ibo: cos=1.0000
2025-08-27 17:55:56,105 - INFO - 5. lug: cos=1.0000
2025-08-27 17:55:56,235 - INFO - === Layer 11 (xlmr) — Top 5 (cosine) ===
2025-08-27 17:55:56,236 - INFO - 1. lug: cos=1.0000
2025-08-27 17:55:56,236 - INFO - 2. twi: cos=1.0000
2025-08-27 17:55:56,236 - INFO - 3. pcm: cos=1.0000
2025-08-27 17:55:56,236 - INFO - 4. swa: cos=1.0000
2025-08-27 17:55:56,236 - INFO - 5. tsn: cos=1.0000
2025-08-27 17:55:56,236 - INFO - === Layer 11 (xlmr) — Worst 5 (cosine) ===
2025-08-27 17:55:56,236 - INFO - 1. bam: cos=0.9998
2025-08-27 17:55:56,236 - INFO - 2. luo: cos=0.9999
2025-08-27 17:55:56,236 - INFO - 3. bbj: cos=0.9999
2025-08-27 17:55:56,236 - INFO - 4. zul: cos=0.9999
2025-08-27 17:55:56,236 - INFO - 5. sna: cos=0.9999
2025-08-27 17:55:56,365 - INFO - === Layer 12 (xlmr) — Top 5 (cosine) ===
2025-08-27 17:55:56,365 - INFO - 1. kin: cos=0.9999
2025-08-27 17:55:56,365 - INFO - 2. ewe: cos=0.9999
2025-08-27 17:55:56,365 - INFO - 3. wol: cos=0.9999
2025-08-27 17:55:56,365 - INFO - 4. sna: cos=0.9998
2025-08-27 17:55:56,365 - INFO - 5. lug: cos=0.9998
2025-08-27 17:55:56,365 - INFO - === Layer 12 (xlmr) — Worst 5 (cosine) ===
2025-08-27 17:55:56,365 - INFO - 1. fon: cos=0.9976
2025-08-27 17:55:56,365 - INFO - 2. pcm: cos=0.9992
2025-08-27 17:55:56,365 - INFO - 3. hau: cos=0.9995
2025-08-27 17:55:56,365 - INFO - 4. swa: cos=0.9997
2025-08-27 17:55:56,365 - INFO - 5. tsn: cos=0.9997
2025-08-27 17:55:56,366 - INFO - Experiment finished successfully.
