2025-08-27 17:50:17,845 - INFO - Start: model_type=xlmr, use_cls=False, use_context=True, context_window=2, max_tokens_per_type=200, batch_size=64, output_dir=rq2_train_scripts/Embeddings/CLEAN/outputs/mptc/xlmr/config_2_clsfalse_ctxtrue/tokens_200_ctx2/core, save_prototypes=False, seed=42, fp16=True, max_length=96, langs=all, layers=all, span_mode=bio, pool=mean, entity_tags={'DATE', 'LOC', 'ORG', 'PER'}, title_suffix='L=all, tokens=200, ctx=2, cls=false, fp16=true'
2025-08-27 17:50:19,959 - INFO - Processing run
2025-08-27 17:50:20,398 - INFO - Processing bam
2025-08-27 17:50:20,489 - INFO - Processing bbj
2025-08-27 17:50:20,567 - INFO - Processing ewe
2025-08-27 17:50:20,645 - INFO - Processing fon
2025-08-27 17:50:20,741 - INFO - Processing hau
2025-08-27 17:50:20,837 - INFO - Processing ibo
2025-08-27 17:50:20,977 - INFO - Processing kin
2025-08-27 17:50:21,077 - INFO - Processing lug
2025-08-27 17:50:21,166 - INFO - Processing luo
2025-08-27 17:50:21,260 - INFO - Processing mos
2025-08-27 17:50:21,356 - INFO - Processing nya
2025-08-27 17:50:21,453 - INFO - Processing pcm
2025-08-27 17:50:21,541 - INFO - Processing sna
2025-08-27 17:50:21,631 - INFO - Processing swa
2025-08-27 17:50:21,725 - INFO - Processing tsn
2025-08-27 17:50:21,804 - INFO - Processing twi
2025-08-27 17:50:21,891 - INFO - Processing wol
2025-08-27 17:50:21,980 - INFO - Processing xho
2025-08-27 17:50:22,069 - INFO - Processing yor
2025-08-27 17:50:22,192 - INFO - Processing zul
2025-08-27 17:50:22,750 - INFO - === Layer 1 (xlmr) — Top 5 (cosine) ===
2025-08-27 17:50:22,750 - INFO - 1. twi: cos=0.9067
2025-08-27 17:50:22,750 - INFO - 2. kin: cos=0.9043
2025-08-27 17:50:22,750 - INFO - 3. luo: cos=0.9037
2025-08-27 17:50:22,750 - INFO - 4. tsn: cos=0.9024
2025-08-27 17:50:22,750 - INFO - 5. zul: cos=0.8946
2025-08-27 17:50:22,750 - INFO - === Layer 1 (xlmr) — Worst 5 (cosine) ===
2025-08-27 17:50:22,750 - INFO - 1. pcm: cos=0.8127
2025-08-27 17:50:22,750 - INFO - 2. swa: cos=0.8193
2025-08-27 17:50:22,750 - INFO - 3. hau: cos=0.8298
2025-08-27 17:50:22,750 - INFO - 4. bbj: cos=0.8459
2025-08-27 17:50:22,750 - INFO - 5. fon: cos=0.8479
2025-08-27 17:50:22,901 - INFO - === Layer 2 (xlmr) — Top 5 (cosine) ===
2025-08-27 17:50:22,901 - INFO - 1. twi: cos=0.9623
2025-08-27 17:50:22,901 - INFO - 2. luo: cos=0.9611
2025-08-27 17:50:22,901 - INFO - 3. lug: cos=0.9606
2025-08-27 17:50:22,901 - INFO - 4. kin: cos=0.9605
2025-08-27 17:50:22,901 - INFO - 5. tsn: cos=0.9590
2025-08-27 17:50:22,901 - INFO - === Layer 2 (xlmr) — Worst 5 (cosine) ===
2025-08-27 17:50:22,901 - INFO - 1. pcm: cos=0.9190
2025-08-27 17:50:22,901 - INFO - 2. swa: cos=0.9234
2025-08-27 17:50:22,901 - INFO - 3. hau: cos=0.9301
2025-08-27 17:50:22,901 - INFO - 4. yor: cos=0.9334
2025-08-27 17:50:22,901 - INFO - 5. mos: cos=0.9377
2025-08-27 17:50:23,025 - INFO - === Layer 3 (xlmr) — Top 5 (cosine) ===
2025-08-27 17:50:23,025 - INFO - 1. kin: cos=0.9740
2025-08-27 17:50:23,025 - INFO - 2. twi: cos=0.9729
2025-08-27 17:50:23,025 - INFO - 3. zul: cos=0.9717
2025-08-27 17:50:23,025 - INFO - 4. luo: cos=0.9713
2025-08-27 17:50:23,025 - INFO - 5. tsn: cos=0.9709
2025-08-27 17:50:23,025 - INFO - === Layer 3 (xlmr) — Worst 5 (cosine) ===
2025-08-27 17:50:23,025 - INFO - 1. pcm: cos=0.9384
2025-08-27 17:50:23,025 - INFO - 2. swa: cos=0.9425
2025-08-27 17:50:23,025 - INFO - 3. hau: cos=0.9436
2025-08-27 17:50:23,025 - INFO - 4. yor: cos=0.9547
2025-08-27 17:50:23,025 - INFO - 5. mos: cos=0.9592
2025-08-27 17:50:23,155 - INFO - === Layer 4 (xlmr) — Top 5 (cosine) ===
2025-08-27 17:50:23,155 - INFO - 1. zul: cos=0.9735
2025-08-27 17:50:23,155 - INFO - 2. sna: cos=0.9733
2025-08-27 17:50:23,155 - INFO - 3. ibo: cos=0.9727
2025-08-27 17:50:23,155 - INFO - 4. twi: cos=0.9717
2025-08-27 17:50:23,155 - INFO - 5. tsn: cos=0.9711
2025-08-27 17:50:23,155 - INFO - === Layer 4 (xlmr) — Worst 5 (cosine) ===
2025-08-27 17:50:23,155 - INFO - 1. pcm: cos=0.9319
2025-08-27 17:50:23,155 - INFO - 2. swa: cos=0.9330
2025-08-27 17:50:23,155 - INFO - 3. hau: cos=0.9461
2025-08-27 17:50:23,155 - INFO - 4. yor: cos=0.9601
2025-08-27 17:50:23,155 - INFO - 5. ewe: cos=0.9612
2025-08-27 17:50:23,283 - INFO - === Layer 5 (xlmr) — Top 5 (cosine) ===
2025-08-27 17:50:23,283 - INFO - 1. twi: cos=0.9729
2025-08-27 17:50:23,283 - INFO - 2. ewe: cos=0.9718
2025-08-27 17:50:23,283 - INFO - 3. zul: cos=0.9711
2025-08-27 17:50:23,283 - INFO - 4. mos: cos=0.9701
2025-08-27 17:50:23,283 - INFO - 5. sna: cos=0.9699
2025-08-27 17:50:23,283 - INFO - === Layer 5 (xlmr) — Worst 5 (cosine) ===
2025-08-27 17:50:23,283 - INFO - 1. swa: cos=0.9409
2025-08-27 17:50:23,283 - INFO - 2. pcm: cos=0.9466
2025-08-27 17:50:23,284 - INFO - 3. lug: cos=0.9532
2025-08-27 17:50:23,284 - INFO - 4. hau: cos=0.9539
2025-08-27 17:50:23,284 - INFO - 5. yor: cos=0.9540
2025-08-27 17:50:23,415 - INFO - === Layer 6 (xlmr) — Top 5 (cosine) ===
2025-08-27 17:50:23,415 - INFO - 1. twi: cos=0.9685
2025-08-27 17:50:23,415 - INFO - 2. sna: cos=0.9665
2025-08-27 17:50:23,415 - INFO - 3. mos: cos=0.9634
2025-08-27 17:50:23,415 - INFO - 4. zul: cos=0.9632
2025-08-27 17:50:23,415 - INFO - 5. ewe: cos=0.9623
2025-08-27 17:50:23,415 - INFO - === Layer 6 (xlmr) — Worst 5 (cosine) ===
2025-08-27 17:50:23,415 - INFO - 1. swa: cos=0.9314
2025-08-27 17:50:23,415 - INFO - 2. pcm: cos=0.9374
2025-08-27 17:50:23,415 - INFO - 3. yor: cos=0.9444
2025-08-27 17:50:23,415 - INFO - 4. lug: cos=0.9450
2025-08-27 17:50:23,415 - INFO - 5. hau: cos=0.9462
2025-08-27 17:50:23,543 - INFO - === Layer 7 (xlmr) — Top 5 (cosine) ===
2025-08-27 17:50:23,543 - INFO - 1. twi: cos=0.9742
2025-08-27 17:50:23,543 - INFO - 2. sna: cos=0.9736
2025-08-27 17:50:23,543 - INFO - 3. ibo: cos=0.9731
2025-08-27 17:50:23,543 - INFO - 4. tsn: cos=0.9705
2025-08-27 17:50:23,543 - INFO - 5. fon: cos=0.9704
2025-08-27 17:50:23,543 - INFO - === Layer 7 (xlmr) — Worst 5 (cosine) ===
2025-08-27 17:50:23,543 - INFO - 1. swa: cos=0.9454
2025-08-27 17:50:23,543 - INFO - 2. pcm: cos=0.9502
2025-08-27 17:50:23,543 - INFO - 3. luo: cos=0.9545
2025-08-27 17:50:23,543 - INFO - 4. hau: cos=0.9566
2025-08-27 17:50:23,543 - INFO - 5. lug: cos=0.9575
2025-08-27 17:50:23,731 - INFO - === Layer 8 (xlmr) — Top 5 (cosine) ===
2025-08-27 17:50:23,731 - INFO - 1. twi: cos=0.9741
2025-08-27 17:50:23,731 - INFO - 2. sna: cos=0.9715
2025-08-27 17:50:23,731 - INFO - 3. fon: cos=0.9702
2025-08-27 17:50:23,731 - INFO - 4. bam: cos=0.9702
2025-08-27 17:50:23,731 - INFO - 5. mos: cos=0.9698
2025-08-27 17:50:23,731 - INFO - === Layer 8 (xlmr) — Worst 5 (cosine) ===
2025-08-27 17:50:23,731 - INFO - 1. pcm: cos=0.9425
2025-08-27 17:50:23,731 - INFO - 2. swa: cos=0.9443
2025-08-27 17:50:23,731 - INFO - 3. lug: cos=0.9542
2025-08-27 17:50:23,731 - INFO - 4. luo: cos=0.9545
2025-08-27 17:50:23,731 - INFO - 5. xho: cos=0.9555
2025-08-27 17:50:23,879 - INFO - === Layer 9 (xlmr) — Top 5 (cosine) ===
2025-08-27 17:50:23,880 - INFO - 1. twi: cos=0.9790
2025-08-27 17:50:23,880 - INFO - 2. bam: cos=0.9771
2025-08-27 17:50:23,880 - INFO - 3. nya: cos=0.9760
2025-08-27 17:50:23,880 - INFO - 4. fon: cos=0.9759
2025-08-27 17:50:23,880 - INFO - 5. mos: cos=0.9754
2025-08-27 17:50:23,880 - INFO - === Layer 9 (xlmr) — Worst 5 (cosine) ===
2025-08-27 17:50:23,880 - INFO - 1. swa: cos=0.9393
2025-08-27 17:50:23,880 - INFO - 2. luo: cos=0.9579
2025-08-27 17:50:23,880 - INFO - 3. hau: cos=0.9588
2025-08-27 17:50:23,880 - INFO - 4. pcm: cos=0.9595
2025-08-27 17:50:23,880 - INFO - 5. lug: cos=0.9624
2025-08-27 17:50:24,005 - INFO - === Layer 10 (xlmr) — Top 5 (cosine) ===
2025-08-27 17:50:24,005 - INFO - 1. twi: cos=0.9768
2025-08-27 17:50:24,005 - INFO - 2. nya: cos=0.9763
2025-08-27 17:50:24,005 - INFO - 3. bam: cos=0.9748
2025-08-27 17:50:24,005 - INFO - 4. mos: cos=0.9746
2025-08-27 17:50:24,005 - INFO - 5. tsn: cos=0.9734
2025-08-27 17:50:24,005 - INFO - === Layer 10 (xlmr) — Worst 5 (cosine) ===
2025-08-27 17:50:24,005 - INFO - 1. kin: cos=0.9344
2025-08-27 17:50:24,005 - INFO - 2. swa: cos=0.9463
2025-08-27 17:50:24,005 - INFO - 3. xho: cos=0.9583
2025-08-27 17:50:24,005 - INFO - 4. pcm: cos=0.9590
2025-08-27 17:50:24,005 - INFO - 5. luo: cos=0.9620
2025-08-27 17:50:24,135 - INFO - === Layer 11 (xlmr) — Top 5 (cosine) ===
2025-08-27 17:50:24,135 - INFO - 1. nya: cos=0.9809
2025-08-27 17:50:24,135 - INFO - 2. mos: cos=0.9781
2025-08-27 17:50:24,135 - INFO - 3. wol: cos=0.9778
2025-08-27 17:50:24,135 - INFO - 4. sna: cos=0.9772
2025-08-27 17:50:24,135 - INFO - 5. bam: cos=0.9769
2025-08-27 17:50:24,135 - INFO - === Layer 11 (xlmr) — Worst 5 (cosine) ===
2025-08-27 17:50:24,135 - INFO - 1. fon: cos=0.9221
2025-08-27 17:50:24,135 - INFO - 2. twi: cos=0.9287
2025-08-27 17:50:24,135 - INFO - 3. swa: cos=0.9311
2025-08-27 17:50:24,135 - INFO - 4. bbj: cos=0.9594
2025-08-27 17:50:24,135 - INFO - 5. pcm: cos=0.9653
2025-08-27 17:50:24,284 - INFO - === Layer 12 (xlmr) — Top 5 (cosine) ===
2025-08-27 17:50:24,284 - INFO - 1. nya: cos=0.9984
2025-08-27 17:50:24,284 - INFO - 2. tsn: cos=0.9982
2025-08-27 17:50:24,284 - INFO - 3. kin: cos=0.9981
2025-08-27 17:50:24,284 - INFO - 4. wol: cos=0.9980
2025-08-27 17:50:24,284 - INFO - 5. mos: cos=0.9980
2025-08-27 17:50:24,284 - INFO - === Layer 12 (xlmr) — Worst 5 (cosine) ===
2025-08-27 17:50:24,284 - INFO - 1. hau: cos=0.9882
2025-08-27 17:50:24,284 - INFO - 2. fon: cos=0.9925
2025-08-27 17:50:24,284 - INFO - 3. swa: cos=0.9936
2025-08-27 17:50:24,284 - INFO - 4. twi: cos=0.9936
2025-08-27 17:50:24,284 - INFO - 5. lug: cos=0.9965
2025-08-27 17:50:24,285 - INFO - Experiment finished successfully.
