2025-08-03 05:00:17,937 - INFO - Experiment started with model_type=xlmr, use_cls=False, use_context=False, context_window=2, use_hybrid=False, max_tokens_per_type=200, output_dir=rq2_train_scripts/Embeddings/MEXA_inspired_strategy/outputs/mptc/xlmr/config_0_clsfalse_ctxfalse_hybfalse/tokens_200_ctx2
2025-08-03 05:00:19,377 - INFO - Processing run
2025-08-03 05:00:20,912 - INFO - Processing bam
2025-08-03 05:00:22,628 - INFO - Processing bbj
2025-08-03 05:00:24,330 - INFO - Processing ewe
2025-08-03 05:00:26,032 - INFO - Processing fon
2025-08-03 05:00:27,751 - INFO - Processing hau
2025-08-03 05:00:29,466 - INFO - Processing ibo
2025-08-03 05:00:31,238 - INFO - Processing kin
2025-08-03 05:00:32,963 - INFO - Processing lug
2025-08-03 05:00:34,656 - INFO - Processing luo
2025-08-03 05:00:36,379 - INFO - Processing mos
2025-08-03 05:00:38,096 - INFO - Processing nya
2025-08-03 05:00:39,824 - INFO - Processing pcm
2025-08-03 05:00:41,535 - INFO - Processing sna
2025-08-03 05:00:43,253 - INFO - Processing swa
2025-08-03 05:00:44,953 - INFO - Processing tsn
2025-08-03 05:00:46,650 - INFO - Processing twi
2025-08-03 05:00:48,350 - INFO - Processing wol
2025-08-03 05:00:50,067 - INFO - Processing xho
2025-08-03 05:00:51,764 - INFO - Processing yor
2025-08-03 05:00:53,500 - INFO - Processing zul
2025-08-03 05:00:55,655 - INFO - Top 5 languages most similar to Runyankore:
2025-08-03 05:00:55,655 - INFO - 1. luo - Mean Similarity: 0.9969
2025-08-03 05:00:55,655 - INFO - 2. twi - Mean Similarity: 0.9969
2025-08-03 05:00:55,655 - INFO - 3. ibo - Mean Similarity: 0.9966
2025-08-03 05:00:55,655 - INFO - 4. ewe - Mean Similarity: 0.9966
2025-08-03 05:00:55,655 - INFO - 5. tsn - Mean Similarity: 0.9966
2025-08-03 05:00:55,655 - INFO - Experiment finished successfully.
