2025-08-02 20:21:52,706 - INFO - Experiment started with model_type=xlmr, use_cls=False, use_context=False, context_window=3, use_hybrid=True, max_tokens_per_type=500, output_dir=rq2_train_scripts/Embeddings/MEXA_inspired_strategy/outputs/combined/xlmr/config_3_clsfalse_ctxfalse_hybtrue/tokens_500_ctx3
2025-08-02 20:21:54,469 - INFO - Processing run
2025-08-02 20:21:59,023 - INFO - Processing bam
2025-08-02 20:22:03,104 - INFO - Processing bbj
2025-08-02 20:22:07,708 - INFO - Processing ewe
2025-08-02 20:22:12,262 - INFO - Processing fon
2025-08-02 20:22:16,863 - INFO - Processing hau
2025-08-02 20:22:21,422 - INFO - Processing ibo
2025-08-02 20:22:26,041 - INFO - Processing kin
2025-08-02 20:22:30,616 - INFO - Processing lug
2025-08-02 20:22:35,151 - INFO - Processing luo
2025-08-02 20:22:39,718 - INFO - Processing mos
2025-08-02 20:22:44,312 - INFO - Processing nya
2025-08-02 20:22:48,905 - INFO - Processing pcm
2025-08-02 20:22:53,441 - INFO - Processing sna
2025-08-02 20:22:58,039 - INFO - Processing swa
2025-08-02 20:23:02,568 - INFO - Processing tsn
2025-08-02 20:23:07,105 - INFO - Processing twi
2025-08-02 20:23:11,670 - INFO - Processing wol
2025-08-02 20:23:16,280 - INFO - Processing xho
2025-08-02 20:23:20,947 - INFO - Processing yor
2025-08-02 20:23:25,682 - INFO - Processing zul
2025-08-02 20:23:30,761 - INFO - Top 5 languages most similar to Runyankore:
2025-08-02 20:23:30,761 - INFO - 1. lug - Mean Similarity: 0.8366
2025-08-02 20:23:30,761 - INFO - 2. kin - Mean Similarity: 0.8149
2025-08-02 20:23:30,761 - INFO - 3. luo - Mean Similarity: 0.8126
2025-08-02 20:23:30,761 - INFO - 4. twi - Mean Similarity: 0.8040
2025-08-02 20:23:30,761 - INFO - 5. ibo - Mean Similarity: 0.8040
2025-08-02 20:23:30,761 - INFO - Experiment finished successfully.
