2025-12-15 09:40:04,860 - INFO - Start: model_type=afroxlmr, use_cls=False, use_context=True, context_window=2, max_tokens_per_type=300, batch_size=64, output_dir=rq2_train_scripts/Embeddings/CLEAN/outputs/combined/afroxlmr/config_2_clsfalse_ctxtrue/tokens_300_ctx2/core, save_prototypes=False, seed=42, fp16=True, max_length=96, langs=all, layers=all, span_mode=bio, pool=mean, entity_tags={'LOC', 'DATE', 'PER', 'ORG'}, title_suffix='L=all, tokens=300, ctx=2, cls=false, fp16=true'
2025-12-15 09:40:06,793 - INFO - Processing run
2025-12-15 09:40:07,238 - INFO - Processing bam
2025-12-15 09:40:07,338 - INFO - Processing bbj
2025-12-15 09:40:07,425 - INFO - Processing ewe
2025-12-15 09:40:07,509 - INFO - Processing fon
2025-12-15 09:40:07,604 - INFO - Processing hau
2025-12-15 09:40:07,709 - INFO - Processing ibo
2025-12-15 09:40:07,841 - INFO - Processing kin
2025-12-15 09:40:07,948 - INFO - Processing lug
2025-12-15 09:40:08,039 - INFO - Processing luo
2025-12-15 09:40:08,139 - INFO - Processing mos
2025-12-15 09:40:08,247 - INFO - Processing nya
2025-12-15 09:40:08,353 - INFO - Processing pcm
2025-12-15 09:40:08,444 - INFO - Processing sna
2025-12-15 09:40:08,545 - INFO - Processing swa
2025-12-15 09:40:08,647 - INFO - Processing tsn
2025-12-15 09:40:08,735 - INFO - Processing twi
2025-12-15 09:40:08,837 - INFO - Processing wol
2025-12-15 09:40:08,937 - INFO - Processing xho
2025-12-15 09:40:09,027 - INFO - Processing yor
2025-12-15 09:40:09,149 - INFO - Processing zul
2025-12-15 09:40:09,637 - INFO - === Layer 1 (afroxlmr) — Top 5 (cosine) ===
2025-12-15 09:40:09,637 - INFO - 1. kin: cos=0.9070
2025-12-15 09:40:09,637 - INFO - 2. lug: cos=0.9030
2025-12-15 09:40:09,637 - INFO - 3. twi: cos=0.8984
2025-12-15 09:40:09,637 - INFO - 4. ibo: cos=0.8963
2025-12-15 09:40:09,637 - INFO - 5. tsn: cos=0.8934
2025-12-15 09:40:09,637 - INFO - === Layer 1 (afroxlmr) — Worst 5 (cosine) ===
2025-12-15 09:40:09,637 - INFO - 1. bbj: cos=0.8319
2025-12-15 09:40:09,637 - INFO - 2. hau: cos=0.8324
2025-12-15 09:40:09,637 - INFO - 3. bam: cos=0.8345
2025-12-15 09:40:09,637 - INFO - 4. fon: cos=0.8356
2025-12-15 09:40:09,637 - INFO - 5. pcm: cos=0.8380
2025-12-15 09:40:09,757 - INFO - === Layer 2 (afroxlmr) — Top 5 (cosine) ===
2025-12-15 09:40:09,757 - INFO - 1. kin: cos=0.9683
2025-12-15 09:40:09,757 - INFO - 2. twi: cos=0.9648
2025-12-15 09:40:09,757 - INFO - 3. nya: cos=0.9635
2025-12-15 09:40:09,757 - INFO - 4. lug: cos=0.9631
2025-12-15 09:40:09,757 - INFO - 5. tsn: cos=0.9627
2025-12-15 09:40:09,757 - INFO - === Layer 2 (afroxlmr) — Worst 5 (cosine) ===
2025-12-15 09:40:09,757 - INFO - 1. pcm: cos=0.9330
2025-12-15 09:40:09,757 - INFO - 2. hau: cos=0.9371
2025-12-15 09:40:09,757 - INFO - 3. swa: cos=0.9431
2025-12-15 09:40:09,757 - INFO - 4. bam: cos=0.9452
2025-12-15 09:40:09,757 - INFO - 5. bbj: cos=0.9459
2025-12-15 09:40:09,876 - INFO - === Layer 3 (afroxlmr) — Top 5 (cosine) ===
2025-12-15 09:40:09,876 - INFO - 1. twi: cos=0.9745
2025-12-15 09:40:09,876 - INFO - 2. kin: cos=0.9724
2025-12-15 09:40:09,876 - INFO - 3. ibo: cos=0.9708
2025-12-15 09:40:09,876 - INFO - 4. tsn: cos=0.9699
2025-12-15 09:40:09,876 - INFO - 5. zul: cos=0.9693
2025-12-15 09:40:09,876 - INFO - === Layer 3 (afroxlmr) — Worst 5 (cosine) ===
2025-12-15 09:40:09,876 - INFO - 1. swa: cos=0.9441
2025-12-15 09:40:09,876 - INFO - 2. pcm: cos=0.9469
2025-12-15 09:40:09,876 - INFO - 3. hau: cos=0.9484
2025-12-15 09:40:09,876 - INFO - 4. yor: cos=0.9535
2025-12-15 09:40:09,876 - INFO - 5. bam: cos=0.9539
2025-12-15 09:40:09,997 - INFO - === Layer 4 (afroxlmr) — Top 5 (cosine) ===
2025-12-15 09:40:09,997 - INFO - 1. twi: cos=0.9721
2025-12-15 09:40:09,997 - INFO - 2. kin: cos=0.9662
2025-12-15 09:40:09,997 - INFO - 3. tsn: cos=0.9655
2025-12-15 09:40:09,997 - INFO - 4. ibo: cos=0.9631
2025-12-15 09:40:09,997 - INFO - 5. luo: cos=0.9628
2025-12-15 09:40:09,997 - INFO - === Layer 4 (afroxlmr) — Worst 5 (cosine) ===
2025-12-15 09:40:09,997 - INFO - 1. swa: cos=0.9359
2025-12-15 09:40:09,997 - INFO - 2. pcm: cos=0.9363
2025-12-15 09:40:09,997 - INFO - 3. hau: cos=0.9393
2025-12-15 09:40:09,997 - INFO - 4. bam: cos=0.9454
2025-12-15 09:40:09,997 - INFO - 5. yor: cos=0.9460
2025-12-15 09:40:10,121 - INFO - === Layer 5 (afroxlmr) — Top 5 (cosine) ===
2025-12-15 09:40:10,121 - INFO - 1. twi: cos=0.9731
2025-12-15 09:40:10,121 - INFO - 2. tsn: cos=0.9694
2025-12-15 09:40:10,121 - INFO - 3. luo: cos=0.9665
2025-12-15 09:40:10,121 - INFO - 4. kin: cos=0.9656
2025-12-15 09:40:10,121 - INFO - 5. sna: cos=0.9648
2025-12-15 09:40:10,121 - INFO - === Layer 5 (afroxlmr) — Worst 5 (cosine) ===
2025-12-15 09:40:10,121 - INFO - 1. swa: cos=0.9425
2025-12-15 09:40:10,121 - INFO - 2. hau: cos=0.9435
2025-12-15 09:40:10,121 - INFO - 3. pcm: cos=0.9444
2025-12-15 09:40:10,121 - INFO - 4. yor: cos=0.9484
2025-12-15 09:40:10,121 - INFO - 5. bbj: cos=0.9513
2025-12-15 09:40:10,247 - INFO - === Layer 6 (afroxlmr) — Top 5 (cosine) ===
2025-12-15 09:40:10,247 - INFO - 1. twi: cos=0.9725
2025-12-15 09:40:10,247 - INFO - 2. tsn: cos=0.9708
2025-12-15 09:40:10,247 - INFO - 3. kin: cos=0.9678
2025-12-15 09:40:10,247 - INFO - 4. lug: cos=0.9676
2025-12-15 09:40:10,247 - INFO - 5. luo: cos=0.9660
2025-12-15 09:40:10,247 - INFO - === Layer 6 (afroxlmr) — Worst 5 (cosine) ===
2025-12-15 09:40:10,247 - INFO - 1. swa: cos=0.9443
2025-12-15 09:40:10,247 - INFO - 2. pcm: cos=0.9472
2025-12-15 09:40:10,247 - INFO - 3. yor: cos=0.9498
2025-12-15 09:40:10,247 - INFO - 4. hau: cos=0.9501
2025-12-15 09:40:10,247 - INFO - 5. bbj: cos=0.9516
2025-12-15 09:40:10,366 - INFO - === Layer 7 (afroxlmr) — Top 5 (cosine) ===
2025-12-15 09:40:10,366 - INFO - 1. twi: cos=0.9815
2025-12-15 09:40:10,366 - INFO - 2. tsn: cos=0.9788
2025-12-15 09:40:10,366 - INFO - 3. ewe: cos=0.9780
2025-12-15 09:40:10,366 - INFO - 4. lug: cos=0.9774
2025-12-15 09:40:10,366 - INFO - 5. kin: cos=0.9772
2025-12-15 09:40:10,366 - INFO - === Layer 7 (afroxlmr) — Worst 5 (cosine) ===
2025-12-15 09:40:10,366 - INFO - 1. yor: cos=0.9569
2025-12-15 09:40:10,366 - INFO - 2. bbj: cos=0.9621
2025-12-15 09:40:10,366 - INFO - 3. bam: cos=0.9631
2025-12-15 09:40:10,366 - INFO - 4. xho: cos=0.9661
2025-12-15 09:40:10,366 - INFO - 5. hau: cos=0.9665
2025-12-15 09:40:10,547 - INFO - === Layer 8 (afroxlmr) — Top 5 (cosine) ===
2025-12-15 09:40:10,547 - INFO - 1. tsn: cos=0.9762
2025-12-15 09:40:10,547 - INFO - 2. twi: cos=0.9750
2025-12-15 09:40:10,547 - INFO - 3. kin: cos=0.9744
2025-12-15 09:40:10,547 - INFO - 4. ewe: cos=0.9743
2025-12-15 09:40:10,547 - INFO - 5. nya: cos=0.9733
2025-12-15 09:40:10,547 - INFO - === Layer 8 (afroxlmr) — Worst 5 (cosine) ===
2025-12-15 09:40:10,547 - INFO - 1. bbj: cos=0.9569
2025-12-15 09:40:10,547 - INFO - 2. bam: cos=0.9579
2025-12-15 09:40:10,547 - INFO - 3. yor: cos=0.9581
2025-12-15 09:40:10,547 - INFO - 4. hau: cos=0.9631
2025-12-15 09:40:10,547 - INFO - 5. xho: cos=0.9633
2025-12-15 09:40:10,666 - INFO - === Layer 9 (afroxlmr) — Top 5 (cosine) ===
2025-12-15 09:40:10,666 - INFO - 1. twi: cos=0.9770
2025-12-15 09:40:10,666 - INFO - 2. ewe: cos=0.9764
2025-12-15 09:40:10,666 - INFO - 3. nya: cos=0.9751
2025-12-15 09:40:10,666 - INFO - 4. kin: cos=0.9750
2025-12-15 09:40:10,666 - INFO - 5. tsn: cos=0.9748
2025-12-15 09:40:10,666 - INFO - === Layer 9 (afroxlmr) — Worst 5 (cosine) ===
2025-12-15 09:40:10,666 - INFO - 1. yor: cos=0.9538
2025-12-15 09:40:10,666 - INFO - 2. bbj: cos=0.9590
2025-12-15 09:40:10,666 - INFO - 3. bam: cos=0.9606
2025-12-15 09:40:10,666 - INFO - 4. xho: cos=0.9643
2025-12-15 09:40:10,666 - INFO - 5. hau: cos=0.9649
2025-12-15 09:40:10,784 - INFO - === Layer 10 (afroxlmr) — Top 5 (cosine) ===
2025-12-15 09:40:10,784 - INFO - 1. lug: cos=0.9773
2025-12-15 09:40:10,784 - INFO - 2. twi: cos=0.9749
2025-12-15 09:40:10,784 - INFO - 3. nya: cos=0.9722
2025-12-15 09:40:10,784 - INFO - 4. kin: cos=0.9718
2025-12-15 09:40:10,784 - INFO - 5. ewe: cos=0.9716
2025-12-15 09:40:10,784 - INFO - === Layer 10 (afroxlmr) — Worst 5 (cosine) ===
2025-12-15 09:40:10,784 - INFO - 1. yor: cos=0.9434
2025-12-15 09:40:10,784 - INFO - 2. xho: cos=0.9490
2025-12-15 09:40:10,784 - INFO - 3. zul: cos=0.9499
2025-12-15 09:40:10,784 - INFO - 4. bbj: cos=0.9527
2025-12-15 09:40:10,784 - INFO - 5. bam: cos=0.9545
2025-12-15 09:40:10,903 - INFO - === Layer 11 (afroxlmr) — Top 5 (cosine) ===
2025-12-15 09:40:10,903 - INFO - 1. lug: cos=0.9798
2025-12-15 09:40:10,903 - INFO - 2. ewe: cos=0.9786
2025-12-15 09:40:10,903 - INFO - 3. twi: cos=0.9777
2025-12-15 09:40:10,903 - INFO - 4. nya: cos=0.9765
2025-12-15 09:40:10,903 - INFO - 5. kin: cos=0.9763
2025-12-15 09:40:10,903 - INFO - === Layer 11 (afroxlmr) — Worst 5 (cosine) ===
2025-12-15 09:40:10,903 - INFO - 1. bam: cos=0.9522
2025-12-15 09:40:10,903 - INFO - 2. yor: cos=0.9547
2025-12-15 09:40:10,903 - INFO - 3. bbj: cos=0.9568
2025-12-15 09:40:10,903 - INFO - 4. xho: cos=0.9570
2025-12-15 09:40:10,903 - INFO - 5. zul: cos=0.9588
2025-12-15 09:40:11,021 - INFO - === Layer 12 (afroxlmr) — Top 5 (cosine) ===
2025-12-15 09:40:11,021 - INFO - 1. pcm: cos=0.9724
2025-12-15 09:40:11,021 - INFO - 2. lug: cos=0.9723
2025-12-15 09:40:11,021 - INFO - 3. ewe: cos=0.9723
2025-12-15 09:40:11,021 - INFO - 4. kin: cos=0.9722
2025-12-15 09:40:11,021 - INFO - 5. twi: cos=0.9706
2025-12-15 09:40:11,021 - INFO - === Layer 12 (afroxlmr) — Worst 5 (cosine) ===
2025-12-15 09:40:11,021 - INFO - 1. bbj: cos=0.9313
2025-12-15 09:40:11,021 - INFO - 2. yor: cos=0.9340
2025-12-15 09:40:11,021 - INFO - 3. bam: cos=0.9419
2025-12-15 09:40:11,021 - INFO - 4. xho: cos=0.9511
2025-12-15 09:40:11,021 - INFO - 5. hau: cos=0.9523
2025-12-15 09:40:11,022 - INFO - Experiment finished successfully.
