2025-08-03 05:22:15,046 - INFO - Experiment started with model_type=xlmr, use_cls=True, use_context=False, context_window=3, use_hybrid=False, max_tokens_per_type=300, output_dir=rq2_train_scripts/Embeddings/MEXA_inspired_strategy/outputs/mptc/xlmr/config_1_clstrue_ctxfalse_hybfalse/tokens_300_ctx3
2025-08-03 05:22:16,508 - INFO - Processing run
2025-08-03 05:22:18,306 - INFO - Processing bam
2025-08-03 05:22:20,797 - INFO - Processing bbj
2025-08-03 05:22:23,316 - INFO - Processing ewe
2025-08-03 05:22:25,828 - INFO - Processing fon
2025-08-03 05:22:28,385 - INFO - Processing hau
2025-08-03 05:22:30,916 - INFO - Processing ibo
2025-08-03 05:22:33,494 - INFO - Processing kin
2025-08-03 05:22:36,028 - INFO - Processing lug
2025-08-03 05:22:38,520 - INFO - Processing luo
2025-08-03 05:22:41,020 - INFO - Processing mos
2025-08-03 05:22:43,535 - INFO - Processing nya
2025-08-03 05:22:46,041 - INFO - Processing pcm
2025-08-03 05:22:48,520 - INFO - Processing sna
2025-08-03 05:22:51,034 - INFO - Processing swa
2025-08-03 05:22:53,515 - INFO - Processing tsn
2025-08-03 05:22:55,983 - INFO - Processing twi
2025-08-03 05:22:58,474 - INFO - Processing wol
2025-08-03 05:23:00,988 - INFO - Processing xho
2025-08-03 05:23:03,500 - INFO - Processing yor
2025-08-03 05:23:06,042 - INFO - Processing zul
2025-08-03 05:23:08,993 - INFO - Top 5 languages most similar to Runyankore:
2025-08-03 05:23:08,993 - INFO - 1. lug - Mean Similarity: 0.9999
2025-08-03 05:23:08,993 - INFO - 2. luo - Mean Similarity: 0.9999
2025-08-03 05:23:08,993 - INFO - 3. tsn - Mean Similarity: 0.9999
2025-08-03 05:23:08,993 - INFO - 4. kin - Mean Similarity: 0.9999
2025-08-03 05:23:08,993 - INFO - 5. nya - Mean Similarity: 0.9999
2025-08-03 05:23:08,993 - INFO - Experiment finished successfully.
