2025-08-03 08:34:06,699 - INFO - Experiment started with model_type=mbert, use_cls=True, use_context=False, context_window=3, use_hybrid=True, max_tokens_per_type=500, output_dir=rq2_train_scripts/Embeddings/MEXA_inspired_strategy/outputs/mptc/mbert/config_5_clstrue_ctxfalse_hybtrue/tokens_500_ctx3
2025-08-03 08:34:07,724 - INFO - Processing run
2025-08-03 08:34:09,370 - INFO - Processing bam
2025-08-03 08:34:12,421 - INFO - Processing bbj
2025-08-03 08:34:15,829 - INFO - Processing ewe
2025-08-03 08:34:19,226 - INFO - Processing fon
2025-08-03 08:34:22,673 - INFO - Processing hau
2025-08-03 08:34:26,122 - INFO - Processing ibo
2025-08-03 08:34:29,592 - INFO - Processing kin
2025-08-03 08:34:33,038 - INFO - Processing lug
2025-08-03 08:34:36,440 - INFO - Processing luo
2025-08-03 08:34:39,872 - INFO - Processing mos
2025-08-03 08:34:43,294 - INFO - Processing nya
2025-08-03 08:34:46,748 - INFO - Processing pcm
2025-08-03 08:34:50,227 - INFO - Processing sna
2025-08-03 08:34:53,690 - INFO - Processing swa
2025-08-03 08:34:57,119 - INFO - Processing tsn
2025-08-03 08:35:00,520 - INFO - Processing twi
2025-08-03 08:35:03,946 - INFO - Processing wol
2025-08-03 08:35:07,400 - INFO - Processing xho
2025-08-03 08:35:10,859 - INFO - Processing yor
2025-08-03 08:35:14,358 - INFO - Processing zul
2025-08-03 08:35:18,185 - INFO - Top 5 languages most similar to Runyankore:
2025-08-03 08:35:18,185 - INFO - 1. lug - Mean Similarity: 0.6264
2025-08-03 08:35:18,185 - INFO - 2. luo - Mean Similarity: 0.6104
2025-08-03 08:35:18,185 - INFO - 3. swa - Mean Similarity: 0.6095
2025-08-03 08:35:18,185 - INFO - 4. kin - Mean Similarity: 0.6071
2025-08-03 08:35:18,185 - INFO - 5. twi - Mean Similarity: 0.6070
2025-08-03 08:35:18,185 - INFO - Experiment finished successfully.
