2025-08-24 10:08:38,236 - INFO - Start: model_type=xlmr, run_both=False, use_cls=False, use_context=False, context_window=3, max_tokens_per_type=300, batch_size=32, seed=1, num_middle_layers=3, output_dir=rq2_train_scripts/Embeddings/EXTENDED/outputs/salt_extended/xlmr/config_0_clsfalse_ctxfalse_hybfalse/tokens_300_ctx3
2025-08-24 10:08:38,825 - INFO - xlmr: selected layer indices (hidden_states) = [2, 3, 10, 12]
2025-08-24 10:08:40,517 - INFO - Processing run
2025-08-24 10:08:45,389 - INFO - Processing bam
2025-08-24 10:08:49,951 - INFO - Processing bbj
2025-08-24 10:08:54,631 - INFO - Processing ewe
2025-08-24 10:08:58,927 - INFO - Processing fon
2025-08-24 10:09:02,857 - INFO - Processing hau
2025-08-24 10:09:06,671 - INFO - Processing ibo
2025-08-24 10:09:11,072 - INFO - Processing kin
2025-08-24 10:09:15,500 - INFO - Processing lug
2025-08-24 10:09:19,916 - INFO - Processing luo
2025-08-24 10:09:24,504 - INFO - Processing mos
2025-08-24 10:09:28,806 - INFO - Processing nya
2025-08-24 10:09:33,249 - INFO - Processing pcm
2025-08-24 10:09:37,759 - INFO - Processing sna
2025-08-24 10:09:42,151 - INFO - Processing swa
2025-08-24 10:09:46,446 - INFO - Processing tsn
2025-08-24 10:09:50,932 - INFO - Processing twi
2025-08-24 10:09:55,509 - INFO - Processing wol
2025-08-24 10:10:00,089 - INFO - Processing xho
2025-08-24 10:10:04,682 - INFO - Processing yor
2025-08-24 10:10:09,191 - INFO - Processing zul
2025-08-24 10:10:14,016 - INFO - Layer 2 (xlmr) — Top 5
2025-08-24 10:10:14,016 - INFO - 1. kin: r=0.9884
2025-08-24 10:10:14,017 - INFO - 2. twi: r=0.9881
2025-08-24 10:10:14,017 - INFO - 3. luo: r=0.9860
2025-08-24 10:10:14,017 - INFO - 4. tsn: r=0.9854
2025-08-24 10:10:14,017 - INFO - 5. ibo: r=0.9853
2025-08-24 10:10:14,017 - INFO - Layer 2 (xlmr) — Worst 5
2025-08-24 10:10:14,017 - INFO - 1. fon: r=0.9712
2025-08-24 10:10:14,017 - INFO - 2. hau: r=0.9724
2025-08-24 10:10:14,017 - INFO - 3. bbj: r=0.9736
2025-08-24 10:10:14,017 - INFO - 4. bam: r=0.9747
2025-08-24 10:10:14,017 - INFO - 5. yor: r=0.9751
2025-08-24 10:10:14,132 - INFO - Layer 3 (xlmr) — Top 5
2025-08-24 10:10:14,132 - INFO - 1. kin: r=0.9920
2025-08-24 10:10:14,132 - INFO - 2. twi: r=0.9909
2025-08-24 10:10:14,132 - INFO - 3. luo: r=0.9899
2025-08-24 10:10:14,132 - INFO - 4. tsn: r=0.9896
2025-08-24 10:10:14,132 - INFO - 5. lug: r=0.9888
2025-08-24 10:10:14,132 - INFO - Layer 3 (xlmr) — Worst 5
2025-08-24 10:10:14,132 - INFO - 1. hau: r=0.9793
2025-08-24 10:10:14,132 - INFO - 2. fon: r=0.9794
2025-08-24 10:10:14,132 - INFO - 3. bbj: r=0.9810
2025-08-24 10:10:14,132 - INFO - 4. bam: r=0.9821
2025-08-24 10:10:14,132 - INFO - 5. yor: r=0.9834
2025-08-24 10:10:14,248 - INFO - Layer 10 (xlmr) — Top 5
2025-08-24 10:10:14,248 - INFO - 1. kin: r=0.9925
2025-08-24 10:10:14,248 - INFO - 2. twi: r=0.9919
2025-08-24 10:10:14,248 - INFO - 3. lug: r=0.9895
2025-08-24 10:10:14,248 - INFO - 4. luo: r=0.9891
2025-08-24 10:10:14,248 - INFO - 5. sna: r=0.9887
2025-08-24 10:10:14,248 - INFO - Layer 10 (xlmr) — Worst 5
2025-08-24 10:10:14,248 - INFO - 1. bbj: r=0.9785
2025-08-24 10:10:14,248 - INFO - 2. bam: r=0.9798
2025-08-24 10:10:14,248 - INFO - 3. pcm: r=0.9810
2025-08-24 10:10:14,248 - INFO - 4. hau: r=0.9815
2025-08-24 10:10:14,248 - INFO - 5. nya: r=0.9817
2025-08-24 10:10:14,364 - INFO - Layer 12 (xlmr) — Top 5
2025-08-24 10:10:14,364 - INFO - 1. kin: r=0.9994
2025-08-24 10:10:14,364 - INFO - 2. luo: r=0.9993
2025-08-24 10:10:14,364 - INFO - 3. twi: r=0.9993
2025-08-24 10:10:14,364 - INFO - 4. lug: r=0.9992
2025-08-24 10:10:14,364 - INFO - 5. ibo: r=0.9992
2025-08-24 10:10:14,364 - INFO - Layer 12 (xlmr) — Worst 5
2025-08-24 10:10:14,364 - INFO - 1. nya: r=0.9985
2025-08-24 10:10:14,364 - INFO - 2. fon: r=0.9986
2025-08-24 10:10:14,364 - INFO - 3. bbj: r=0.9986
2025-08-24 10:10:14,364 - INFO - 4. yor: r=0.9987
2025-08-24 10:10:14,364 - INFO - 5. bam: r=0.9987
2025-08-24 10:10:14,365 - INFO - Experiment finished successfully.
