2025-08-27 18:26:03,287 - INFO - Start: model_type=mbert, use_cls=False, use_context=True, context_window=2, max_tokens_per_type=200, batch_size=64, output_dir=rq2_train_scripts/Embeddings/CLEAN/outputs/combined/mbert/config_2_clsfalse_ctxtrue/tokens_200_ctx2/core, save_prototypes=False, seed=42, fp16=True, max_length=96, langs=all, layers=all, span_mode=bio, pool=mean, entity_tags={'ORG', 'DATE', 'LOC', 'PER'}, title_suffix='L=all, tokens=200, ctx=2, cls=false, fp16=true'
2025-08-27 18:26:04,672 - INFO - Processing run
2025-08-27 18:26:05,179 - INFO - Processing bam
2025-08-27 18:26:05,267 - INFO - Processing bbj
2025-08-27 18:26:05,344 - INFO - Processing ewe
2025-08-27 18:26:05,409 - INFO - Processing fon
2025-08-27 18:26:05,507 - INFO - Processing hau
2025-08-27 18:26:05,595 - INFO - Processing ibo
2025-08-27 18:26:05,703 - INFO - Processing kin
2025-08-27 18:26:05,795 - INFO - Processing lug
2025-08-27 18:26:05,875 - INFO - Processing luo
2025-08-27 18:26:05,968 - INFO - Processing mos
2025-08-27 18:26:06,204 - INFO - Processing nya
2025-08-27 18:26:06,356 - INFO - Processing pcm
2025-08-27 18:26:06,534 - INFO - Processing sna
2025-08-27 18:26:06,764 - INFO - Processing swa
2025-08-27 18:26:07,002 - INFO - Processing tsn
2025-08-27 18:26:07,174 - INFO - Processing twi
2025-08-27 18:26:07,374 - INFO - Processing wol
2025-08-27 18:26:07,604 - INFO - Processing xho
2025-08-27 18:26:07,725 - INFO - Processing yor
2025-08-27 18:26:07,992 - INFO - Processing zul
2025-08-27 18:26:08,585 - INFO - === Layer 1 (mbert) — Top 5 (cosine) ===
2025-08-27 18:26:08,585 - INFO - 1. kin: cos=0.8438
2025-08-27 18:26:08,585 - INFO - 2. twi: cos=0.8315
2025-08-27 18:26:08,585 - INFO - 3. luo: cos=0.8253
2025-08-27 18:26:08,585 - INFO - 4. lug: cos=0.8252
2025-08-27 18:26:08,585 - INFO - 5. tsn: cos=0.8164
2025-08-27 18:26:08,585 - INFO - === Layer 1 (mbert) — Worst 5 (cosine) ===
2025-08-27 18:26:08,585 - INFO - 1. yor: cos=0.6425
2025-08-27 18:26:08,585 - INFO - 2. bbj: cos=0.6525
2025-08-27 18:26:08,585 - INFO - 3. pcm: cos=0.7113
2025-08-27 18:26:08,585 - INFO - 4. ewe: cos=0.7179
2025-08-27 18:26:08,585 - INFO - 5. mos: cos=0.7270
2025-08-27 18:26:08,714 - INFO - === Layer 2 (mbert) — Top 5 (cosine) ===
2025-08-27 18:26:08,714 - INFO - 1. lug: cos=0.8796
2025-08-27 18:26:08,714 - INFO - 2. kin: cos=0.8648
2025-08-27 18:26:08,714 - INFO - 3. twi: cos=0.8531
2025-08-27 18:26:08,714 - INFO - 4. luo: cos=0.8434
2025-08-27 18:26:08,714 - INFO - 5. tsn: cos=0.8377
2025-08-27 18:26:08,714 - INFO - === Layer 2 (mbert) — Worst 5 (cosine) ===
2025-08-27 18:26:08,714 - INFO - 1. yor: cos=0.6765
2025-08-27 18:26:08,714 - INFO - 2. bbj: cos=0.6978
2025-08-27 18:26:08,714 - INFO - 3. pcm: cos=0.7200
2025-08-27 18:26:08,714 - INFO - 4. ewe: cos=0.7352
2025-08-27 18:26:08,714 - INFO - 5. mos: cos=0.7439
2025-08-27 18:26:08,842 - INFO - === Layer 3 (mbert) — Top 5 (cosine) ===
2025-08-27 18:26:08,842 - INFO - 1. lug: cos=0.9174
2025-08-27 18:26:08,842 - INFO - 2. kin: cos=0.9155
2025-08-27 18:26:08,842 - INFO - 3. twi: cos=0.9105
2025-08-27 18:26:08,842 - INFO - 4. luo: cos=0.9017
2025-08-27 18:26:08,842 - INFO - 5. tsn: cos=0.8958
2025-08-27 18:26:08,842 - INFO - === Layer 3 (mbert) — Worst 5 (cosine) ===
2025-08-27 18:26:08,842 - INFO - 1. yor: cos=0.7816
2025-08-27 18:26:08,842 - INFO - 2. bbj: cos=0.8027
2025-08-27 18:26:08,842 - INFO - 3. pcm: cos=0.8116
2025-08-27 18:26:08,842 - INFO - 4. ewe: cos=0.8209
2025-08-27 18:26:08,842 - INFO - 5. mos: cos=0.8420
2025-08-27 18:26:08,971 - INFO - === Layer 4 (mbert) — Top 5 (cosine) ===
2025-08-27 18:26:08,971 - INFO - 1. lug: cos=0.9348
2025-08-27 18:26:08,971 - INFO - 2. twi: cos=0.9293
2025-08-27 18:26:08,971 - INFO - 3. tsn: cos=0.9170
2025-08-27 18:26:08,971 - INFO - 4. ibo: cos=0.9145
2025-08-27 18:26:08,971 - INFO - 5. kin: cos=0.9117
2025-08-27 18:26:08,971 - INFO - === Layer 4 (mbert) — Worst 5 (cosine) ===
2025-08-27 18:26:08,971 - INFO - 1. yor: cos=0.8226
2025-08-27 18:26:08,971 - INFO - 2. bbj: cos=0.8391
2025-08-27 18:26:08,971 - INFO - 3. ewe: cos=0.8421
2025-08-27 18:26:08,971 - INFO - 4. pcm: cos=0.8471
2025-08-27 18:26:08,971 - INFO - 5. xho: cos=0.8775
2025-08-27 18:26:09,098 - INFO - === Layer 5 (mbert) — Top 5 (cosine) ===
2025-08-27 18:26:09,098 - INFO - 1. twi: cos=0.9457
2025-08-27 18:26:09,098 - INFO - 2. lug: cos=0.9354
2025-08-27 18:26:09,098 - INFO - 3. nya: cos=0.9304
2025-08-27 18:26:09,098 - INFO - 4. ibo: cos=0.9300
2025-08-27 18:26:09,098 - INFO - 5. mos: cos=0.9244
2025-08-27 18:26:09,098 - INFO - === Layer 5 (mbert) — Worst 5 (cosine) ===
2025-08-27 18:26:09,098 - INFO - 1. yor: cos=0.8596
2025-08-27 18:26:09,098 - INFO - 2. bbj: cos=0.8844
2025-08-27 18:26:09,098 - INFO - 3. xho: cos=0.9040
2025-08-27 18:26:09,098 - INFO - 4. pcm: cos=0.9109
2025-08-27 18:26:09,098 - INFO - 5. swa: cos=0.9120
2025-08-27 18:26:09,293 - INFO - === Layer 6 (mbert) — Top 5 (cosine) ===
2025-08-27 18:26:09,293 - INFO - 1. twi: cos=0.9567
2025-08-27 18:26:09,293 - INFO - 2. lug: cos=0.9483
2025-08-27 18:26:09,293 - INFO - 3. ibo: cos=0.9425
2025-08-27 18:26:09,293 - INFO - 4. kin: cos=0.9396
2025-08-27 18:26:09,293 - INFO - 5. hau: cos=0.9389
2025-08-27 18:26:09,293 - INFO - === Layer 6 (mbert) — Worst 5 (cosine) ===
2025-08-27 18:26:09,293 - INFO - 1. yor: cos=0.8766
2025-08-27 18:26:09,293 - INFO - 2. bbj: cos=0.9010
2025-08-27 18:26:09,293 - INFO - 3. xho: cos=0.9227
2025-08-27 18:26:09,293 - INFO - 4. swa: cos=0.9257
2025-08-27 18:26:09,293 - INFO - 5. pcm: cos=0.9279
2025-08-27 18:26:09,422 - INFO - === Layer 7 (mbert) — Top 5 (cosine) ===
2025-08-27 18:26:09,422 - INFO - 1. lug: cos=0.9401
2025-08-27 18:26:09,422 - INFO - 2. twi: cos=0.9335
2025-08-27 18:26:09,422 - INFO - 3. hau: cos=0.9134
2025-08-27 18:26:09,422 - INFO - 4. sna: cos=0.9123
2025-08-27 18:26:09,422 - INFO - 5. kin: cos=0.9119
2025-08-27 18:26:09,422 - INFO - === Layer 7 (mbert) — Worst 5 (cosine) ===
2025-08-27 18:26:09,422 - INFO - 1. yor: cos=0.8167
2025-08-27 18:26:09,422 - INFO - 2. bbj: cos=0.8616
2025-08-27 18:26:09,422 - INFO - 3. xho: cos=0.8713
2025-08-27 18:26:09,422 - INFO - 4. tsn: cos=0.8878
2025-08-27 18:26:09,422 - INFO - 5. swa: cos=0.8900
2025-08-27 18:26:09,551 - INFO - === Layer 8 (mbert) — Top 5 (cosine) ===
2025-08-27 18:26:09,551 - INFO - 1. lug: cos=0.9272
2025-08-27 18:26:09,551 - INFO - 2. twi: cos=0.9265
2025-08-27 18:26:09,551 - INFO - 3. mos: cos=0.9096
2025-08-27 18:26:09,551 - INFO - 4. hau: cos=0.9048
2025-08-27 18:26:09,551 - INFO - 5. kin: cos=0.9011
2025-08-27 18:26:09,551 - INFO - === Layer 8 (mbert) — Worst 5 (cosine) ===
2025-08-27 18:26:09,551 - INFO - 1. yor: cos=0.7904
2025-08-27 18:26:09,551 - INFO - 2. bbj: cos=0.7993
2025-08-27 18:26:09,551 - INFO - 3. xho: cos=0.8287
2025-08-27 18:26:09,551 - INFO - 4. bam: cos=0.8569
2025-08-27 18:26:09,551 - INFO - 5. zul: cos=0.8611
2025-08-27 18:26:09,680 - INFO - === Layer 9 (mbert) — Top 5 (cosine) ===
2025-08-27 18:26:09,680 - INFO - 1. lug: cos=0.9488
2025-08-27 18:26:09,680 - INFO - 2. twi: cos=0.9483
2025-08-27 18:26:09,680 - INFO - 3. mos: cos=0.9372
2025-08-27 18:26:09,680 - INFO - 4. hau: cos=0.9305
2025-08-27 18:26:09,680 - INFO - 5. kin: cos=0.9249
2025-08-27 18:26:09,680 - INFO - === Layer 9 (mbert) — Worst 5 (cosine) ===
2025-08-27 18:26:09,680 - INFO - 1. yor: cos=0.8517
2025-08-27 18:26:09,680 - INFO - 2. bbj: cos=0.8630
2025-08-27 18:26:09,680 - INFO - 3. zul: cos=0.8765
2025-08-27 18:26:09,680 - INFO - 4. xho: cos=0.8845
2025-08-27 18:26:09,680 - INFO - 5. bam: cos=0.8981
2025-08-27 18:26:09,812 - INFO - === Layer 10 (mbert) — Top 5 (cosine) ===
2025-08-27 18:26:09,812 - INFO - 1. hau: cos=0.9672
2025-08-27 18:26:09,812 - INFO - 2. lug: cos=0.9591
2025-08-27 18:26:09,812 - INFO - 3. twi: cos=0.9549
2025-08-27 18:26:09,812 - INFO - 4. mos: cos=0.9508
2025-08-27 18:26:09,812 - INFO - 5. luo: cos=0.9456
2025-08-27 18:26:09,812 - INFO - === Layer 10 (mbert) — Worst 5 (cosine) ===
2025-08-27 18:26:09,812 - INFO - 1. kin: cos=0.8784
2025-08-27 18:26:09,812 - INFO - 2. yor: cos=0.8847
2025-08-27 18:26:09,812 - INFO - 3. bbj: cos=0.8949
2025-08-27 18:26:09,812 - INFO - 4. zul: cos=0.9026
2025-08-27 18:26:09,812 - INFO - 5. xho: cos=0.9095
2025-08-27 18:26:09,944 - INFO - === Layer 11 (mbert) — Top 5 (cosine) ===
2025-08-27 18:26:09,944 - INFO - 1. hau: cos=0.9687
2025-08-27 18:26:09,944 - INFO - 2. twi: cos=0.9677
2025-08-27 18:26:09,944 - INFO - 3. nya: cos=0.9572
2025-08-27 18:26:09,944 - INFO - 4. swa: cos=0.9564
2025-08-27 18:26:09,944 - INFO - 5. lug: cos=0.9527
2025-08-27 18:26:09,944 - INFO - === Layer 11 (mbert) — Worst 5 (cosine) ===
2025-08-27 18:26:09,944 - INFO - 1. bbj: cos=0.8922
2025-08-27 18:26:09,944 - INFO - 2. yor: cos=0.8970
2025-08-27 18:26:09,944 - INFO - 3. zul: cos=0.9159
2025-08-27 18:26:09,944 - INFO - 4. xho: cos=0.9207
2025-08-27 18:26:09,944 - INFO - 5. bam: cos=0.9218
2025-08-27 18:26:10,084 - INFO - === Layer 12 (mbert) — Top 5 (cosine) ===
2025-08-27 18:26:10,084 - INFO - 1. kin: cos=0.7818
2025-08-27 18:26:10,084 - INFO - 2. nya: cos=0.7749
2025-08-27 18:26:10,084 - INFO - 3. wol: cos=0.7397
2025-08-27 18:26:10,084 - INFO - 4. bam: cos=0.7335
2025-08-27 18:26:10,084 - INFO - 5. ibo: cos=0.7198
2025-08-27 18:26:10,084 - INFO - === Layer 12 (mbert) — Worst 5 (cosine) ===
2025-08-27 18:26:10,084 - INFO - 1. xho: cos=0.5930
2025-08-27 18:26:10,084 - INFO - 2. sna: cos=0.5943
2025-08-27 18:26:10,084 - INFO - 3. yor: cos=0.5951
2025-08-27 18:26:10,084 - INFO - 4. swa: cos=0.5954
2025-08-27 18:26:10,084 - INFO - 5. pcm: cos=0.6186
2025-08-27 18:26:10,085 - INFO - Experiment finished successfully.
