2025-08-24 10:43:19,090 - INFO - Start: model_type=xlmr, run_both=False, use_cls=False, use_context=True, context_window=0, max_tokens_per_type=400, batch_size=32, seed=1, num_middle_layers=3, output_dir=rq2_train_scripts/Embeddings/EXTENDED/outputs/combined_extended/xlmr/config_2_clsfalse_ctxtrue_hybfalse/tokens_400_ctx0
2025-08-24 10:43:19,647 - INFO - xlmr: selected layer indices (hidden_states) = [2, 3, 10, 12]
2025-08-24 10:43:21,319 - INFO - Processing run
2025-08-24 10:43:28,037 - INFO - Processing bam
2025-08-24 10:43:34,460 - INFO - Processing bbj
2025-08-24 10:43:40,899 - INFO - Processing ewe
2025-08-24 10:43:46,648 - INFO - Processing fon
2025-08-24 10:43:52,993 - INFO - Processing hau
2025-08-24 10:43:59,573 - INFO - Processing ibo
2025-08-24 10:44:06,029 - INFO - Processing kin
2025-08-24 10:44:12,311 - INFO - Processing lug
2025-08-24 10:44:18,634 - INFO - Processing luo
2025-08-24 10:44:25,022 - INFO - Processing mos
2025-08-24 10:44:31,407 - INFO - Processing nya
2025-08-24 10:44:37,692 - INFO - Processing pcm
2025-08-24 10:44:44,074 - INFO - Processing sna
2025-08-24 10:44:50,439 - INFO - Processing swa
2025-08-24 10:44:56,176 - INFO - Processing tsn
2025-08-24 10:45:02,323 - INFO - Processing twi
2025-08-24 10:45:08,710 - INFO - Processing wol
2025-08-24 10:45:15,086 - INFO - Processing xho
2025-08-24 10:45:21,479 - INFO - Processing yor
2025-08-24 10:45:27,971 - INFO - Processing zul
2025-08-24 10:45:34,226 - INFO - Layer 2 (xlmr) — Top 5
2025-08-24 10:45:34,226 - INFO - 1. kin: r=0.9898
2025-08-24 10:45:34,226 - INFO - 2. twi: r=0.9890
2025-08-24 10:45:34,226 - INFO - 3. ibo: r=0.9876
2025-08-24 10:45:34,226 - INFO - 4. luo: r=0.9873
2025-08-24 10:45:34,226 - INFO - 5. tsn: r=0.9867
2025-08-24 10:45:34,226 - INFO - Layer 2 (xlmr) — Worst 5
2025-08-24 10:45:34,226 - INFO - 1. hau: r=0.9733
2025-08-24 10:45:34,226 - INFO - 2. fon: r=0.9745
2025-08-24 10:45:34,226 - INFO - 3. bbj: r=0.9756
2025-08-24 10:45:34,226 - INFO - 4. yor: r=0.9761
2025-08-24 10:45:34,226 - INFO - 5. bam: r=0.9767
2025-08-24 10:45:34,344 - INFO - Layer 3 (xlmr) — Top 5
2025-08-24 10:45:34,344 - INFO - 1. kin: r=0.9923
2025-08-24 10:45:34,344 - INFO - 2. twi: r=0.9914
2025-08-24 10:45:34,344 - INFO - 3. ibo: r=0.9904
2025-08-24 10:45:34,344 - INFO - 4. luo: r=0.9901
2025-08-24 10:45:34,344 - INFO - 5. tsn: r=0.9901
2025-08-24 10:45:34,344 - INFO - Layer 3 (xlmr) — Worst 5
2025-08-24 10:45:34,344 - INFO - 1. hau: r=0.9795
2025-08-24 10:45:34,344 - INFO - 2. fon: r=0.9814
2025-08-24 10:45:34,344 - INFO - 3. bbj: r=0.9816
2025-08-24 10:45:34,344 - INFO - 4. bam: r=0.9831
2025-08-24 10:45:34,344 - INFO - 5. pcm: r=0.9833
2025-08-24 10:45:34,461 - INFO - Layer 10 (xlmr) — Top 5
2025-08-24 10:45:34,461 - INFO - 1. kin: r=0.9928
2025-08-24 10:45:34,461 - INFO - 2. twi: r=0.9926
2025-08-24 10:45:34,461 - INFO - 3. ibo: r=0.9902
2025-08-24 10:45:34,461 - INFO - 4. luo: r=0.9895
2025-08-24 10:45:34,461 - INFO - 5. lug: r=0.9889
2025-08-24 10:45:34,461 - INFO - Layer 10 (xlmr) — Worst 5
2025-08-24 10:45:34,461 - INFO - 1. bbj: r=0.9792
2025-08-24 10:45:34,461 - INFO - 2. bam: r=0.9809
2025-08-24 10:45:34,461 - INFO - 3. yor: r=0.9815
2025-08-24 10:45:34,461 - INFO - 4. hau: r=0.9822
2025-08-24 10:45:34,461 - INFO - 5. pcm: r=0.9823
2025-08-24 10:45:34,578 - INFO - Layer 12 (xlmr) — Top 5
2025-08-24 10:45:34,579 - INFO - 1. kin: r=0.9994
2025-08-24 10:45:34,579 - INFO - 2. twi: r=0.9994
2025-08-24 10:45:34,579 - INFO - 3. ibo: r=0.9993
2025-08-24 10:45:34,579 - INFO - 4. luo: r=0.9993
2025-08-24 10:45:34,579 - INFO - 5. swa: r=0.9992
2025-08-24 10:45:34,579 - INFO - Layer 12 (xlmr) — Worst 5
2025-08-24 10:45:34,579 - INFO - 1. bbj: r=0.9986
2025-08-24 10:45:34,579 - INFO - 2. fon: r=0.9987
2025-08-24 10:45:34,579 - INFO - 3. yor: r=0.9987
2025-08-24 10:45:34,579 - INFO - 4. bam: r=0.9988
2025-08-24 10:45:34,579 - INFO - 5. nya: r=0.9988
2025-08-24 10:45:34,580 - INFO - Experiment finished successfully.
