2025-12-15 09:30:24,611 - INFO - Start: model_type=afroxlmr, use_cls=True, use_context=False, context_window=1, max_tokens_per_type=200, batch_size=64, output_dir=rq2_train_scripts/Embeddings/CLEAN/outputs/combined/afroxlmr/config_1_clstrue_ctxfalse/tokens_200_ctx1/core, save_prototypes=False, seed=42, fp16=True, max_length=96, langs=all, layers=all, span_mode=bio, pool=mean, entity_tags={'ORG', 'DATE', 'PER', 'LOC'}, title_suffix='L=all, tokens=200, ctx=1, cls=true, fp16=true'
2025-12-15 09:30:26,498 - INFO - Processing run
2025-12-15 09:30:26,890 - INFO - Processing bam
2025-12-15 09:30:26,931 - INFO - Processing bbj
2025-12-15 09:30:26,961 - INFO - Processing ewe
2025-12-15 09:30:26,996 - INFO - Processing fon
2025-12-15 09:30:27,045 - INFO - Processing hau
2025-12-15 09:30:27,106 - INFO - Processing ibo
2025-12-15 09:30:27,179 - INFO - Processing kin
2025-12-15 09:30:27,234 - INFO - Processing lug
2025-12-15 09:30:27,275 - INFO - Processing luo
2025-12-15 09:30:27,325 - INFO - Processing mos
2025-12-15 09:30:27,370 - INFO - Processing nya
2025-12-15 09:30:27,423 - INFO - Processing pcm
2025-12-15 09:30:27,466 - INFO - Processing sna
2025-12-15 09:30:27,514 - INFO - Processing swa
2025-12-15 09:30:27,567 - INFO - Processing tsn
2025-12-15 09:30:27,607 - INFO - Processing twi
2025-12-15 09:30:27,654 - INFO - Processing wol
2025-12-15 09:30:27,699 - INFO - Processing xho
2025-12-15 09:30:27,746 - INFO - Processing yor
2025-12-15 09:30:27,837 - INFO - Processing zul
2025-12-15 09:30:28,277 - INFO - === Layer 1 (afroxlmr) — Top 5 (cosine) ===
2025-12-15 09:30:28,277 - INFO - 1. twi: cos=0.9956
2025-12-15 09:30:28,277 - INFO - 2. kin: cos=0.9951
2025-12-15 09:30:28,277 - INFO - 3. ibo: cos=0.9947
2025-12-15 09:30:28,277 - INFO - 4. luo: cos=0.9946
2025-12-15 09:30:28,277 - INFO - 5. zul: cos=0.9943
2025-12-15 09:30:28,277 - INFO - === Layer 1 (afroxlmr) — Worst 5 (cosine) ===
2025-12-15 09:30:28,277 - INFO - 1. pcm: cos=0.9834
2025-12-15 09:30:28,277 - INFO - 2. swa: cos=0.9839
2025-12-15 09:30:28,277 - INFO - 3. xho: cos=0.9903
2025-12-15 09:30:28,277 - INFO - 4. hau: cos=0.9904
2025-12-15 09:30:28,277 - INFO - 5. lug: cos=0.9913
2025-12-15 09:30:28,396 - INFO - === Layer 2 (afroxlmr) — Top 5 (cosine) ===
2025-12-15 09:30:28,396 - INFO - 1. bam: cos=0.9998
2025-12-15 09:30:28,396 - INFO - 2. zul: cos=0.9998
2025-12-15 09:30:28,396 - INFO - 3. lug: cos=0.9998
2025-12-15 09:30:28,396 - INFO - 4. yor: cos=0.9997
2025-12-15 09:30:28,396 - INFO - 5. ewe: cos=0.9997
2025-12-15 09:30:28,396 - INFO - === Layer 2 (afroxlmr) — Worst 5 (cosine) ===
2025-12-15 09:30:28,396 - INFO - 1. swa: cos=0.9962
2025-12-15 09:30:28,396 - INFO - 2. pcm: cos=0.9974
2025-12-15 09:30:28,396 - INFO - 3. luo: cos=0.9982
2025-12-15 09:30:28,396 - INFO - 4. xho: cos=0.9992
2025-12-15 09:30:28,396 - INFO - 5. kin: cos=0.9995
2025-12-15 09:30:28,515 - INFO - === Layer 3 (afroxlmr) — Top 5 (cosine) ===
2025-12-15 09:30:28,516 - INFO - 1. twi: cos=1.0000
2025-12-15 09:30:28,516 - INFO - 2. lug: cos=1.0000
2025-12-15 09:30:28,516 - INFO - 3. bam: cos=1.0000
2025-12-15 09:30:28,516 - INFO - 4. zul: cos=1.0000
2025-12-15 09:30:28,516 - INFO - 5. kin: cos=1.0000
2025-12-15 09:30:28,516 - INFO - === Layer 3 (afroxlmr) — Worst 5 (cosine) ===
2025-12-15 09:30:28,516 - INFO - 1. swa: cos=0.9998
2025-12-15 09:30:28,516 - INFO - 2. pcm: cos=0.9999
2025-12-15 09:30:28,516 - INFO - 3. luo: cos=0.9999
2025-12-15 09:30:28,516 - INFO - 4. nya: cos=1.0000
2025-12-15 09:30:28,516 - INFO - 5. xho: cos=1.0000
2025-12-15 09:30:28,634 - INFO - === Layer 4 (afroxlmr) — Top 5 (cosine) ===
2025-12-15 09:30:28,634 - INFO - 1. lug: cos=1.0000
2025-12-15 09:30:28,634 - INFO - 2. twi: cos=1.0000
2025-12-15 09:30:28,634 - INFO - 3. bam: cos=1.0000
2025-12-15 09:30:28,634 - INFO - 4. tsn: cos=1.0000
2025-12-15 09:30:28,634 - INFO - 5. fon: cos=1.0000
2025-12-15 09:30:28,634 - INFO - === Layer 4 (afroxlmr) — Worst 5 (cosine) ===
2025-12-15 09:30:28,634 - INFO - 1. swa: cos=1.0000
2025-12-15 09:30:28,634 - INFO - 2. pcm: cos=1.0000
2025-12-15 09:30:28,634 - INFO - 3. xho: cos=1.0000
2025-12-15 09:30:28,634 - INFO - 4. sna: cos=1.0000
2025-12-15 09:30:28,634 - INFO - 5. yor: cos=1.0000
2025-12-15 09:30:28,753 - INFO - === Layer 5 (afroxlmr) — Top 5 (cosine) ===
2025-12-15 09:30:28,753 - INFO - 1. twi: cos=1.0000
2025-12-15 09:30:28,753 - INFO - 2. luo: cos=1.0000
2025-12-15 09:30:28,753 - INFO - 3. ibo: cos=1.0000
2025-12-15 09:30:28,753 - INFO - 4. fon: cos=1.0000
2025-12-15 09:30:28,753 - INFO - 5. ewe: cos=1.0000
2025-12-15 09:30:28,753 - INFO - === Layer 5 (afroxlmr) — Worst 5 (cosine) ===
2025-12-15 09:30:28,753 - INFO - 1. hau: cos=1.0000
2025-12-15 09:30:28,753 - INFO - 2. kin: cos=1.0000
2025-12-15 09:30:28,753 - INFO - 3. wol: cos=1.0000
2025-12-15 09:30:28,753 - INFO - 4. xho: cos=1.0000
2025-12-15 09:30:28,753 - INFO - 5. yor: cos=1.0000
2025-12-15 09:30:28,872 - INFO - === Layer 6 (afroxlmr) — Top 5 (cosine) ===
2025-12-15 09:30:28,872 - INFO - 1. twi: cos=1.0000
2025-12-15 09:30:28,872 - INFO - 2. fon: cos=1.0000
2025-12-15 09:30:28,872 - INFO - 3. ibo: cos=1.0000
2025-12-15 09:30:28,872 - INFO - 4. luo: cos=1.0000
2025-12-15 09:30:28,872 - INFO - 5. bbj: cos=1.0000
2025-12-15 09:30:28,872 - INFO - === Layer 6 (afroxlmr) — Worst 5 (cosine) ===
2025-12-15 09:30:28,872 - INFO - 1. kin: cos=1.0000
2025-12-15 09:30:28,872 - INFO - 2. wol: cos=1.0000
2025-12-15 09:30:28,872 - INFO - 3. xho: cos=1.0000
2025-12-15 09:30:28,872 - INFO - 4. hau: cos=1.0000
2025-12-15 09:30:28,872 - INFO - 5. zul: cos=1.0000
2025-12-15 09:30:28,990 - INFO - === Layer 7 (afroxlmr) — Top 5 (cosine) ===
2025-12-15 09:30:28,990 - INFO - 1. twi: cos=1.0000
2025-12-15 09:30:28,990 - INFO - 2. lug: cos=1.0000
2025-12-15 09:30:28,991 - INFO - 3. fon: cos=1.0000
2025-12-15 09:30:28,991 - INFO - 4. mos: cos=1.0000
2025-12-15 09:30:28,991 - INFO - 5. pcm: cos=1.0000
2025-12-15 09:30:28,991 - INFO - === Layer 7 (afroxlmr) — Worst 5 (cosine) ===
2025-12-15 09:30:28,991 - INFO - 1. bam: cos=1.0000
2025-12-15 09:30:28,991 - INFO - 2. wol: cos=1.0000
2025-12-15 09:30:28,991 - INFO - 3. zul: cos=1.0000
2025-12-15 09:30:28,991 - INFO - 4. hau: cos=1.0000
2025-12-15 09:30:28,991 - INFO - 5. nya: cos=1.0000
2025-12-15 09:30:29,172 - INFO - === Layer 8 (afroxlmr) — Top 5 (cosine) ===
2025-12-15 09:30:29,172 - INFO - 1. nya: cos=0.9995
2025-12-15 09:30:29,172 - INFO - 2. twi: cos=0.9994
2025-12-15 09:30:29,172 - INFO - 3. kin: cos=0.9994
2025-12-15 09:30:29,172 - INFO - 4. hau: cos=0.9992
2025-12-15 09:30:29,172 - INFO - 5. pcm: cos=0.9992
2025-12-15 09:30:29,172 - INFO - === Layer 8 (afroxlmr) — Worst 5 (cosine) ===
2025-12-15 09:30:29,172 - INFO - 1. yor: cos=0.9976
2025-12-15 09:30:29,172 - INFO - 2. luo: cos=0.9983
2025-12-15 09:30:29,172 - INFO - 3. wol: cos=0.9984
2025-12-15 09:30:29,172 - INFO - 4. bam: cos=0.9984
2025-12-15 09:30:29,172 - INFO - 5. bbj: cos=0.9985
2025-12-15 09:30:29,291 - INFO - === Layer 9 (afroxlmr) — Top 5 (cosine) ===
2025-12-15 09:30:29,291 - INFO - 1. kin: cos=0.9981
2025-12-15 09:30:29,291 - INFO - 2. pcm: cos=0.9976
2025-12-15 09:30:29,291 - INFO - 3. zul: cos=0.9970
2025-12-15 09:30:29,291 - INFO - 4. lug: cos=0.9970
2025-12-15 09:30:29,291 - INFO - 5. luo: cos=0.9965
2025-12-15 09:30:29,291 - INFO - === Layer 9 (afroxlmr) — Worst 5 (cosine) ===
2025-12-15 09:30:29,291 - INFO - 1. bam: cos=0.9734
2025-12-15 09:30:29,291 - INFO - 2. yor: cos=0.9784
2025-12-15 09:30:29,291 - INFO - 3. tsn: cos=0.9793
2025-12-15 09:30:29,291 - INFO - 4. ewe: cos=0.9796
2025-12-15 09:30:29,291 - INFO - 5. bbj: cos=0.9806
2025-12-15 09:30:29,410 - INFO - === Layer 10 (afroxlmr) — Top 5 (cosine) ===
2025-12-15 09:30:29,410 - INFO - 1. swa: cos=0.9998
2025-12-15 09:30:29,410 - INFO - 2. pcm: cos=0.9998
2025-12-15 09:30:29,410 - INFO - 3. lug: cos=0.9997
2025-12-15 09:30:29,410 - INFO - 4. zul: cos=0.9996
2025-12-15 09:30:29,410 - INFO - 5. kin: cos=0.9994
2025-12-15 09:30:29,410 - INFO - === Layer 10 (afroxlmr) — Worst 5 (cosine) ===
2025-12-15 09:30:29,410 - INFO - 1. bam: cos=0.9876
2025-12-15 09:30:29,410 - INFO - 2. yor: cos=0.9957
2025-12-15 09:30:29,410 - INFO - 3. ewe: cos=0.9959
2025-12-15 09:30:29,410 - INFO - 4. wol: cos=0.9963
2025-12-15 09:30:29,410 - INFO - 5. hau: cos=0.9967
2025-12-15 09:30:29,529 - INFO - === Layer 11 (afroxlmr) — Top 5 (cosine) ===
2025-12-15 09:30:29,529 - INFO - 1. twi: cos=0.9982
2025-12-15 09:30:29,529 - INFO - 2. fon: cos=0.9967
2025-12-15 09:30:29,529 - INFO - 3. hau: cos=0.9966
2025-12-15 09:30:29,529 - INFO - 4. zul: cos=0.9963
2025-12-15 09:30:29,529 - INFO - 5. sna: cos=0.9959
2025-12-15 09:30:29,529 - INFO - === Layer 11 (afroxlmr) — Worst 5 (cosine) ===
2025-12-15 09:30:29,529 - INFO - 1. bam: cos=0.9729
2025-12-15 09:30:29,529 - INFO - 2. wol: cos=0.9751
2025-12-15 09:30:29,529 - INFO - 3. ewe: cos=0.9889
2025-12-15 09:30:29,529 - INFO - 4. yor: cos=0.9901
2025-12-15 09:30:29,529 - INFO - 5. bbj: cos=0.9910
2025-12-15 09:30:29,646 - INFO - === Layer 12 (afroxlmr) — Top 5 (cosine) ===
2025-12-15 09:30:29,646 - INFO - 1. zul: cos=0.9222
2025-12-15 09:30:29,646 - INFO - 2. tsn: cos=0.9206
2025-12-15 09:30:29,646 - INFO - 3. wol: cos=0.9152
2025-12-15 09:30:29,647 - INFO - 4. nya: cos=0.9082
2025-12-15 09:30:29,647 - INFO - 5. bbj: cos=0.9003
2025-12-15 09:30:29,647 - INFO - === Layer 12 (afroxlmr) — Worst 5 (cosine) ===
2025-12-15 09:30:29,647 - INFO - 1. hau: cos=0.8047
2025-12-15 09:30:29,647 - INFO - 2. swa: cos=0.8184
2025-12-15 09:30:29,647 - INFO - 3. fon: cos=0.8196
2025-12-15 09:30:29,647 - INFO - 4. lug: cos=0.8235
2025-12-15 09:30:29,647 - INFO - 5. luo: cos=0.8267
2025-12-15 09:30:29,647 - INFO - Experiment finished successfully.
