2025-08-02 22:57:57,109 - INFO - Experiment started with model_type=mbert, use_cls=True, use_context=False, context_window=0, use_hybrid=True, max_tokens_per_type=300, output_dir=rq2_train_scripts/Embeddings/MEXA_inspired_strategy/outputs/combined/mbert/config_5_clstrue_ctxfalse_hybtrue/tokens_300_ctx0
2025-08-02 22:57:58,296 - INFO - Processing run
2025-08-02 22:58:00,892 - INFO - Processing bam
2025-08-02 22:58:03,099 - INFO - Processing bbj
2025-08-02 22:58:05,333 - INFO - Processing ewe
2025-08-02 22:58:07,564 - INFO - Processing fon
2025-08-02 22:58:09,837 - INFO - Processing hau
2025-08-02 22:58:12,114 - INFO - Processing ibo
2025-08-02 22:58:14,412 - INFO - Processing kin
2025-08-02 22:58:16,677 - INFO - Processing lug
2025-08-02 22:58:18,910 - INFO - Processing luo
2025-08-02 22:58:21,168 - INFO - Processing mos
2025-08-02 22:58:23,421 - INFO - Processing nya
2025-08-02 22:58:25,693 - INFO - Processing pcm
2025-08-02 22:58:27,935 - INFO - Processing sna
2025-08-02 22:58:30,216 - INFO - Processing swa
2025-08-02 22:58:32,473 - INFO - Processing tsn
2025-08-02 22:58:34,709 - INFO - Processing twi
2025-08-02 22:58:36,961 - INFO - Processing wol
2025-08-02 22:58:39,231 - INFO - Processing xho
2025-08-02 22:58:41,496 - INFO - Processing yor
2025-08-02 22:58:43,811 - INFO - Processing zul
2025-08-02 22:58:46,540 - INFO - Top 5 languages most similar to Runyankore:
2025-08-02 22:58:46,541 - INFO - 1. lug - Mean Similarity: 0.6873
2025-08-02 22:58:46,541 - INFO - 2. twi - Mean Similarity: 0.6605
2025-08-02 22:58:46,541 - INFO - 3. luo - Mean Similarity: 0.6497
2025-08-02 22:58:46,541 - INFO - 4. ibo - Mean Similarity: 0.6453
2025-08-02 22:58:46,541 - INFO - 5. swa - Mean Similarity: 0.6425
2025-08-02 22:58:46,541 - INFO - Experiment finished successfully.
