2025-08-02 22:38:22,660 - INFO - Experiment started with model_type=mbert, use_cls=False, use_context=False, context_window=3, use_hybrid=True, max_tokens_per_type=300, output_dir=rq2_train_scripts/Embeddings/MEXA_inspired_strategy/outputs/combined/mbert/config_3_clsfalse_ctxfalse_hybtrue/tokens_300_ctx3
2025-08-02 22:38:23,834 - INFO - Processing run
2025-08-02 22:38:26,403 - INFO - Processing bam
2025-08-02 22:38:28,586 - INFO - Processing bbj
2025-08-02 22:38:30,773 - INFO - Processing ewe
2025-08-02 22:38:32,941 - INFO - Processing fon
2025-08-02 22:38:35,159 - INFO - Processing hau
2025-08-02 22:38:37,396 - INFO - Processing ibo
2025-08-02 22:38:39,664 - INFO - Processing kin
2025-08-02 22:38:41,896 - INFO - Processing lug
2025-08-02 22:38:44,094 - INFO - Processing luo
2025-08-02 22:38:46,315 - INFO - Processing mos
2025-08-02 22:38:48,538 - INFO - Processing nya
2025-08-02 22:38:50,773 - INFO - Processing pcm
2025-08-02 22:38:52,974 - INFO - Processing sna
2025-08-02 22:38:55,216 - INFO - Processing swa
2025-08-02 22:38:57,432 - INFO - Processing tsn
2025-08-02 22:38:59,630 - INFO - Processing twi
2025-08-02 22:39:01,848 - INFO - Processing wol
2025-08-02 22:39:04,084 - INFO - Processing xho
2025-08-02 22:39:06,314 - INFO - Processing yor
2025-08-02 22:39:08,589 - INFO - Processing zul
2025-08-02 22:39:11,275 - INFO - Top 5 languages most similar to Runyankore:
2025-08-02 22:39:11,276 - INFO - 1. lug - Mean Similarity: 0.6377
2025-08-02 22:39:11,276 - INFO - 2. luo - Mean Similarity: 0.6103
2025-08-02 22:39:11,276 - INFO - 3. kin - Mean Similarity: 0.6042
2025-08-02 22:39:11,276 - INFO - 4. twi - Mean Similarity: 0.5997
2025-08-02 22:39:11,276 - INFO - 5. ibo - Mean Similarity: 0.5972
2025-08-02 22:39:11,276 - INFO - Experiment finished successfully.
