2025-08-27 17:38:46,975 - INFO - Start: model_type=xlmr, use_cls=True, use_context=False, context_window=0, max_tokens_per_type=300, batch_size=64, output_dir=rq2_train_scripts/Embeddings/CLEAN/outputs/combined/xlmr/config_1_clstrue_ctxfalse/tokens_300_ctx0/core, save_prototypes=False, seed=42, fp16=True, max_length=96, langs=all, layers=all, span_mode=bio, pool=mean, entity_tags={'ORG', 'DATE', 'LOC', 'PER'}, title_suffix='L=all, tokens=300, ctx=0, cls=true, fp16=true'
2025-08-27 17:38:48,917 - INFO - Processing run
2025-08-27 17:38:49,372 - INFO - Processing bam
2025-08-27 17:38:49,424 - INFO - Processing bbj
2025-08-27 17:38:49,461 - INFO - Processing ewe
2025-08-27 17:38:49,503 - INFO - Processing fon
2025-08-27 17:38:49,557 - INFO - Processing hau
2025-08-27 17:38:49,616 - INFO - Processing ibo
2025-08-27 17:38:49,719 - INFO - Processing kin
2025-08-27 17:38:49,820 - INFO - Processing lug
2025-08-27 17:38:49,863 - INFO - Processing luo
2025-08-27 17:38:49,921 - INFO - Processing mos
2025-08-27 17:38:49,975 - INFO - Processing nya
2025-08-27 17:38:50,037 - INFO - Processing pcm
2025-08-27 17:38:50,090 - INFO - Processing sna
2025-08-27 17:38:50,143 - INFO - Processing swa
2025-08-27 17:38:50,205 - INFO - Processing tsn
2025-08-27 17:38:50,249 - INFO - Processing twi
2025-08-27 17:38:50,309 - INFO - Processing wol
2025-08-27 17:38:50,392 - INFO - Processing xho
2025-08-27 17:38:50,434 - INFO - Processing yor
2025-08-27 17:38:50,511 - INFO - Processing zul
2025-08-27 17:38:51,018 - INFO - === Layer 1 (xlmr) — Top 5 (cosine) ===
2025-08-27 17:38:51,018 - INFO - 1. kin: cos=0.9999
2025-08-27 17:38:51,018 - INFO - 2. twi: cos=0.9999
2025-08-27 17:38:51,018 - INFO - 3. luo: cos=0.9999
2025-08-27 17:38:51,018 - INFO - 4. ewe: cos=0.9998
2025-08-27 17:38:51,018 - INFO - 5. nya: cos=0.9998
2025-08-27 17:38:51,018 - INFO - === Layer 1 (xlmr) — Worst 5 (cosine) ===
2025-08-27 17:38:51,018 - INFO - 1. pcm: cos=0.9994
2025-08-27 17:38:51,018 - INFO - 2. hau: cos=0.9994
2025-08-27 17:38:51,018 - INFO - 3. fon: cos=0.9995
2025-08-27 17:38:51,018 - INFO - 4. bbj: cos=0.9995
2025-08-27 17:38:51,018 - INFO - 5. bam: cos=0.9995
2025-08-27 17:38:51,150 - INFO - === Layer 2 (xlmr) — Top 5 (cosine) ===
2025-08-27 17:38:51,151 - INFO - 1. kin: cos=1.0000
2025-08-27 17:38:51,151 - INFO - 2. twi: cos=1.0000
2025-08-27 17:38:51,151 - INFO - 3. luo: cos=1.0000
2025-08-27 17:38:51,151 - INFO - 4. ewe: cos=1.0000
2025-08-27 17:38:51,151 - INFO - 5. nya: cos=1.0000
2025-08-27 17:38:51,151 - INFO - === Layer 2 (xlmr) — Worst 5 (cosine) ===
2025-08-27 17:38:51,151 - INFO - 1. pcm: cos=0.9999
2025-08-27 17:38:51,151 - INFO - 2. swa: cos=0.9999
2025-08-27 17:38:51,151 - INFO - 3. hau: cos=0.9999
2025-08-27 17:38:51,151 - INFO - 4. bbj: cos=0.9999
2025-08-27 17:38:51,151 - INFO - 5. sna: cos=0.9999
2025-08-27 17:38:51,281 - INFO - === Layer 3 (xlmr) — Top 5 (cosine) ===
2025-08-27 17:38:51,282 - INFO - 1. twi: cos=1.0000
2025-08-27 17:38:51,282 - INFO - 2. kin: cos=1.0000
2025-08-27 17:38:51,282 - INFO - 3. luo: cos=1.0000
2025-08-27 17:38:51,282 - INFO - 4. ibo: cos=1.0000
2025-08-27 17:38:51,282 - INFO - 5. zul: cos=1.0000
2025-08-27 17:38:51,282 - INFO - === Layer 3 (xlmr) — Worst 5 (cosine) ===
2025-08-27 17:38:51,282 - INFO - 1. pcm: cos=1.0000
2025-08-27 17:38:51,282 - INFO - 2. swa: cos=1.0000
2025-08-27 17:38:51,282 - INFO - 3. sna: cos=1.0000
2025-08-27 17:38:51,282 - INFO - 4. nya: cos=1.0000
2025-08-27 17:38:51,282 - INFO - 5. bbj: cos=1.0000
2025-08-27 17:38:51,412 - INFO - === Layer 4 (xlmr) — Top 5 (cosine) ===
2025-08-27 17:38:51,412 - INFO - 1. kin: cos=1.0000
2025-08-27 17:38:51,412 - INFO - 2. twi: cos=1.0000
2025-08-27 17:38:51,412 - INFO - 3. luo: cos=1.0000
2025-08-27 17:38:51,412 - INFO - 4. bbj: cos=1.0000
2025-08-27 17:38:51,412 - INFO - 5. tsn: cos=1.0000
2025-08-27 17:38:51,412 - INFO - === Layer 4 (xlmr) — Worst 5 (cosine) ===
2025-08-27 17:38:51,412 - INFO - 1. pcm: cos=1.0000
2025-08-27 17:38:51,412 - INFO - 2. bam: cos=1.0000
2025-08-27 17:38:51,412 - INFO - 3. yor: cos=1.0000
2025-08-27 17:38:51,412 - INFO - 4. hau: cos=1.0000
2025-08-27 17:38:51,412 - INFO - 5. nya: cos=1.0000
2025-08-27 17:38:51,543 - INFO - === Layer 5 (xlmr) — Top 5 (cosine) ===
2025-08-27 17:38:51,543 - INFO - 1. twi: cos=1.0000
2025-08-27 17:38:51,543 - INFO - 2. luo: cos=1.0000
2025-08-27 17:38:51,543 - INFO - 3. tsn: cos=1.0000
2025-08-27 17:38:51,543 - INFO - 4. kin: cos=1.0000
2025-08-27 17:38:51,543 - INFO - 5. ewe: cos=1.0000
2025-08-27 17:38:51,543 - INFO - === Layer 5 (xlmr) — Worst 5 (cosine) ===
2025-08-27 17:38:51,543 - INFO - 1. pcm: cos=1.0000
2025-08-27 17:38:51,543 - INFO - 2. hau: cos=1.0000
2025-08-27 17:38:51,543 - INFO - 3. swa: cos=1.0000
2025-08-27 17:38:51,543 - INFO - 4. xho: cos=1.0000
2025-08-27 17:38:51,543 - INFO - 5. wol: cos=1.0000
2025-08-27 17:38:51,673 - INFO - === Layer 6 (xlmr) — Top 5 (cosine) ===
2025-08-27 17:38:51,673 - INFO - 1. twi: cos=1.0000
2025-08-27 17:38:51,673 - INFO - 2. kin: cos=1.0000
2025-08-27 17:38:51,673 - INFO - 3. luo: cos=1.0000
2025-08-27 17:38:51,673 - INFO - 4. tsn: cos=1.0000
2025-08-27 17:38:51,673 - INFO - 5. zul: cos=1.0000
2025-08-27 17:38:51,673 - INFO - === Layer 6 (xlmr) — Worst 5 (cosine) ===
2025-08-27 17:38:51,673 - INFO - 1. yor: cos=1.0000
2025-08-27 17:38:51,673 - INFO - 2. hau: cos=1.0000
2025-08-27 17:38:51,673 - INFO - 3. pcm: cos=1.0000
2025-08-27 17:38:51,673 - INFO - 4. swa: cos=1.0000
2025-08-27 17:38:51,673 - INFO - 5. xho: cos=1.0000
2025-08-27 17:38:51,803 - INFO - === Layer 7 (xlmr) — Top 5 (cosine) ===
2025-08-27 17:38:51,803 - INFO - 1. twi: cos=1.0000
2025-08-27 17:38:51,803 - INFO - 2. kin: cos=1.0000
2025-08-27 17:38:51,803 - INFO - 3. fon: cos=1.0000
2025-08-27 17:38:51,803 - INFO - 4. bbj: cos=1.0000
2025-08-27 17:38:51,803 - INFO - 5. swa: cos=1.0000
2025-08-27 17:38:51,803 - INFO - === Layer 7 (xlmr) — Worst 5 (cosine) ===
2025-08-27 17:38:51,803 - INFO - 1. pcm: cos=1.0000
2025-08-27 17:38:51,803 - INFO - 2. hau: cos=1.0000
2025-08-27 17:38:51,803 - INFO - 3. zul: cos=1.0000
2025-08-27 17:38:51,803 - INFO - 4. sna: cos=1.0000
2025-08-27 17:38:51,803 - INFO - 5. nya: cos=1.0000
2025-08-27 17:38:52,003 - INFO - === Layer 8 (xlmr) — Top 5 (cosine) ===
2025-08-27 17:38:52,003 - INFO - 1. ewe: cos=1.0000
2025-08-27 17:38:52,003 - INFO - 2. tsn: cos=1.0000
2025-08-27 17:38:52,003 - INFO - 3. luo: cos=1.0000
2025-08-27 17:38:52,003 - INFO - 4. zul: cos=1.0000
2025-08-27 17:38:52,003 - INFO - 5. bam: cos=1.0000
2025-08-27 17:38:52,003 - INFO - === Layer 8 (xlmr) — Worst 5 (cosine) ===
2025-08-27 17:38:52,003 - INFO - 1. pcm: cos=0.9999
2025-08-27 17:38:52,003 - INFO - 2. fon: cos=0.9999
2025-08-27 17:38:52,003 - INFO - 3. hau: cos=0.9999
2025-08-27 17:38:52,003 - INFO - 4. bbj: cos=1.0000
2025-08-27 17:38:52,003 - INFO - 5. xho: cos=1.0000
2025-08-27 17:38:52,133 - INFO - === Layer 9 (xlmr) — Top 5 (cosine) ===
2025-08-27 17:38:52,133 - INFO - 1. mos: cos=1.0000
2025-08-27 17:38:52,133 - INFO - 2. zul: cos=1.0000
2025-08-27 17:38:52,133 - INFO - 3. ewe: cos=1.0000
2025-08-27 17:38:52,133 - INFO - 4. luo: cos=1.0000
2025-08-27 17:38:52,133 - INFO - 5. swa: cos=1.0000
2025-08-27 17:38:52,133 - INFO - === Layer 9 (xlmr) — Worst 5 (cosine) ===
2025-08-27 17:38:52,133 - INFO - 1. pcm: cos=1.0000
2025-08-27 17:38:52,133 - INFO - 2. hau: cos=1.0000
2025-08-27 17:38:52,133 - INFO - 3. fon: cos=1.0000
2025-08-27 17:38:52,133 - INFO - 4. sna: cos=1.0000
2025-08-27 17:38:52,133 - INFO - 5. bbj: cos=1.0000
2025-08-27 17:38:52,264 - INFO - === Layer 10 (xlmr) — Top 5 (cosine) ===
2025-08-27 17:38:52,265 - INFO - 1. zul: cos=1.0000
2025-08-27 17:38:52,265 - INFO - 2. ewe: cos=1.0000
2025-08-27 17:38:52,265 - INFO - 3. luo: cos=1.0000
2025-08-27 17:38:52,265 - INFO - 4. kin: cos=1.0000
2025-08-27 17:38:52,265 - INFO - 5. nya: cos=1.0000
2025-08-27 17:38:52,265 - INFO - === Layer 10 (xlmr) — Worst 5 (cosine) ===
2025-08-27 17:38:52,265 - INFO - 1. pcm: cos=1.0000
2025-08-27 17:38:52,265 - INFO - 2. yor: cos=1.0000
2025-08-27 17:38:52,265 - INFO - 3. ibo: cos=1.0000
2025-08-27 17:38:52,265 - INFO - 4. fon: cos=1.0000
2025-08-27 17:38:52,265 - INFO - 5. xho: cos=1.0000
2025-08-27 17:38:52,394 - INFO - === Layer 11 (xlmr) — Top 5 (cosine) ===
2025-08-27 17:38:52,394 - INFO - 1. tsn: cos=1.0000
2025-08-27 17:38:52,394 - INFO - 2. zul: cos=1.0000
2025-08-27 17:38:52,395 - INFO - 3. hau: cos=1.0000
2025-08-27 17:38:52,395 - INFO - 4. pcm: cos=1.0000
2025-08-27 17:38:52,395 - INFO - 5. ibo: cos=1.0000
2025-08-27 17:38:52,395 - INFO - === Layer 11 (xlmr) — Worst 5 (cosine) ===
2025-08-27 17:38:52,395 - INFO - 1. luo: cos=0.9999
2025-08-27 17:38:52,395 - INFO - 2. bam: cos=0.9999
2025-08-27 17:38:52,395 - INFO - 3. bbj: cos=0.9999
2025-08-27 17:38:52,395 - INFO - 4. xho: cos=1.0000
2025-08-27 17:38:52,395 - INFO - 5. mos: cos=1.0000
2025-08-27 17:38:52,523 - INFO - === Layer 12 (xlmr) — Top 5 (cosine) ===
2025-08-27 17:38:52,523 - INFO - 1. kin: cos=0.9999
2025-08-27 17:38:52,523 - INFO - 2. nya: cos=0.9999
2025-08-27 17:38:52,523 - INFO - 3. wol: cos=0.9999
2025-08-27 17:38:52,523 - INFO - 4. ewe: cos=0.9999
2025-08-27 17:38:52,523 - INFO - 5. tsn: cos=0.9999
2025-08-27 17:38:52,523 - INFO - === Layer 12 (xlmr) — Worst 5 (cosine) ===
2025-08-27 17:38:52,523 - INFO - 1. fon: cos=0.9982
2025-08-27 17:38:52,523 - INFO - 2. hau: cos=0.9987
2025-08-27 17:38:52,523 - INFO - 3. pcm: cos=0.9989
2025-08-27 17:38:52,523 - INFO - 4. twi: cos=0.9995
2025-08-27 17:38:52,523 - INFO - 5. ibo: cos=0.9996
2025-08-27 17:38:52,524 - INFO - Experiment finished successfully.
