2025-08-27 10:39:45,146 - INFO - Start: model_type=mbert, use_cls=True, use_context=True, context_window=1, max_tokens_per_type=200, batch_size=64, output_dir=rq2_train_scripts/Embeddings/CLEAN/outputs/salt/mbert/config_3_clstrue_ctxtrue/tokens_200_ctx1/core, save_prototypes=False, seed=42, fp16=True, max_length=96, langs=all, layers=all, span_mode=bio, pool=mean, entity_tags={'PER', 'DATE', 'ORG', 'LOC'}, title_suffix='L=all, tokens=200, ctx=1, cls=true, fp16=true'
2025-08-27 10:39:46,668 - INFO - Processing run
2025-08-27 10:39:47,149 - INFO - Processing bam
2025-08-27 10:39:47,195 - INFO - Processing bbj
2025-08-27 10:39:47,225 - INFO - Processing ewe
2025-08-27 10:39:47,259 - INFO - Processing fon
2025-08-27 10:39:47,307 - INFO - Processing hau
2025-08-27 10:39:47,360 - INFO - Processing ibo
2025-08-27 10:39:47,436 - INFO - Processing kin
2025-08-27 10:39:47,495 - INFO - Processing lug
2025-08-27 10:39:47,547 - INFO - Processing luo
2025-08-27 10:39:47,603 - INFO - Processing mos
2025-08-27 10:39:47,653 - INFO - Processing nya
2025-08-27 10:39:47,714 - INFO - Processing pcm
2025-08-27 10:39:47,763 - INFO - Processing sna
2025-08-27 10:39:47,812 - INFO - Processing swa
2025-08-27 10:39:47,872 - INFO - Processing tsn
2025-08-27 10:39:47,910 - INFO - Processing twi
2025-08-27 10:39:47,957 - INFO - Processing wol
2025-08-27 10:39:48,006 - INFO - Processing xho
2025-08-27 10:39:48,052 - INFO - Processing yor
2025-08-27 10:39:48,131 - INFO - Processing zul
2025-08-27 10:39:48,523 - INFO - === Layer 1 (mbert) — Top 5 (cosine) ===
2025-08-27 10:39:48,523 - INFO - 1. hau: cos=0.9997
2025-08-27 10:39:48,523 - INFO - 2. lug: cos=0.9996
2025-08-27 10:39:48,523 - INFO - 3. sna: cos=0.9995
2025-08-27 10:39:48,523 - INFO - 4. zul: cos=0.9995
2025-08-27 10:39:48,523 - INFO - 5. ibo: cos=0.9995
2025-08-27 10:39:48,523 - INFO - === Layer 1 (mbert) — Worst 5 (cosine) ===
2025-08-27 10:39:48,523 - INFO - 1. pcm: cos=0.9987
2025-08-27 10:39:48,523 - INFO - 2. fon: cos=0.9987
2025-08-27 10:39:48,523 - INFO - 3. yor: cos=0.9989
2025-08-27 10:39:48,523 - INFO - 4. bbj: cos=0.9991
2025-08-27 10:39:48,523 - INFO - 5. ewe: cos=0.9991
2025-08-27 10:39:48,644 - INFO - === Layer 2 (mbert) — Top 5 (cosine) ===
2025-08-27 10:39:48,645 - INFO - 1. hau: cos=0.9999
2025-08-27 10:39:48,645 - INFO - 2. lug: cos=0.9999
2025-08-27 10:39:48,645 - INFO - 3. sna: cos=0.9999
2025-08-27 10:39:48,645 - INFO - 4. nya: cos=0.9999
2025-08-27 10:39:48,645 - INFO - 5. zul: cos=0.9999
2025-08-27 10:39:48,645 - INFO - === Layer 2 (mbert) — Worst 5 (cosine) ===
2025-08-27 10:39:48,645 - INFO - 1. fon: cos=0.9998
2025-08-27 10:39:48,645 - INFO - 2. pcm: cos=0.9998
2025-08-27 10:39:48,645 - INFO - 3. yor: cos=0.9998
2025-08-27 10:39:48,645 - INFO - 4. bbj: cos=0.9998
2025-08-27 10:39:48,645 - INFO - 5. ewe: cos=0.9999
2025-08-27 10:39:48,772 - INFO - === Layer 3 (mbert) — Top 5 (cosine) ===
2025-08-27 10:39:48,772 - INFO - 1. hau: cos=1.0000
2025-08-27 10:39:48,772 - INFO - 2. lug: cos=1.0000
2025-08-27 10:39:48,772 - INFO - 3. sna: cos=1.0000
2025-08-27 10:39:48,772 - INFO - 4. nya: cos=1.0000
2025-08-27 10:39:48,772 - INFO - 5. bam: cos=1.0000
2025-08-27 10:39:48,772 - INFO - === Layer 3 (mbert) — Worst 5 (cosine) ===
2025-08-27 10:39:48,772 - INFO - 1. pcm: cos=0.9999
2025-08-27 10:39:48,772 - INFO - 2. fon: cos=0.9999
2025-08-27 10:39:48,772 - INFO - 3. yor: cos=0.9999
2025-08-27 10:39:48,772 - INFO - 4. bbj: cos=0.9999
2025-08-27 10:39:48,772 - INFO - 5. ewe: cos=0.9999
2025-08-27 10:39:48,896 - INFO - === Layer 4 (mbert) — Top 5 (cosine) ===
2025-08-27 10:39:48,896 - INFO - 1. sna: cos=0.9999
2025-08-27 10:39:48,896 - INFO - 2. hau: cos=0.9999
2025-08-27 10:39:48,896 - INFO - 3. lug: cos=0.9999
2025-08-27 10:39:48,896 - INFO - 4. zul: cos=0.9999
2025-08-27 10:39:48,896 - INFO - 5. kin: cos=0.9999
2025-08-27 10:39:48,896 - INFO - === Layer 4 (mbert) — Worst 5 (cosine) ===
2025-08-27 10:39:48,896 - INFO - 1. pcm: cos=0.9996
2025-08-27 10:39:48,896 - INFO - 2. ewe: cos=0.9997
2025-08-27 10:39:48,896 - INFO - 3. yor: cos=0.9997
2025-08-27 10:39:48,896 - INFO - 4. bbj: cos=0.9998
2025-08-27 10:39:48,896 - INFO - 5. swa: cos=0.9998
2025-08-27 10:39:49,032 - INFO - === Layer 5 (mbert) — Top 5 (cosine) ===
2025-08-27 10:39:49,032 - INFO - 1. twi: cos=0.9918
2025-08-27 10:39:49,032 - INFO - 2. sna: cos=0.9908
2025-08-27 10:39:49,032 - INFO - 3. mos: cos=0.9897
2025-08-27 10:39:49,032 - INFO - 4. lug: cos=0.9893
2025-08-27 10:39:49,032 - INFO - 5. hau: cos=0.9877
2025-08-27 10:39:49,032 - INFO - === Layer 5 (mbert) — Worst 5 (cosine) ===
2025-08-27 10:39:49,032 - INFO - 1. bbj: cos=0.9716
2025-08-27 10:39:49,032 - INFO - 2. yor: cos=0.9723
2025-08-27 10:39:49,032 - INFO - 3. fon: cos=0.9825
2025-08-27 10:39:49,032 - INFO - 4. swa: cos=0.9827
2025-08-27 10:39:49,032 - INFO - 5. tsn: cos=0.9827
2025-08-27 10:39:49,239 - INFO - === Layer 6 (mbert) — Top 5 (cosine) ===
2025-08-27 10:39:49,239 - INFO - 1. sna: cos=0.9861
2025-08-27 10:39:49,239 - INFO - 2. lug: cos=0.9832
2025-08-27 10:39:49,239 - INFO - 3. zul: cos=0.9826
2025-08-27 10:39:49,239 - INFO - 4. twi: cos=0.9826
2025-08-27 10:39:49,239 - INFO - 5. mos: cos=0.9823
2025-08-27 10:39:49,240 - INFO - === Layer 6 (mbert) — Worst 5 (cosine) ===
2025-08-27 10:39:49,240 - INFO - 1. yor: cos=0.9527
2025-08-27 10:39:49,240 - INFO - 2. bbj: cos=0.9529
2025-08-27 10:39:49,240 - INFO - 3. pcm: cos=0.9633
2025-08-27 10:39:49,240 - INFO - 4. fon: cos=0.9653
2025-08-27 10:39:49,240 - INFO - 5. tsn: cos=0.9674
2025-08-27 10:39:49,375 - INFO - === Layer 7 (mbert) — Top 5 (cosine) ===
2025-08-27 10:39:49,375 - INFO - 1. lug: cos=0.9882
2025-08-27 10:39:49,375 - INFO - 2. sna: cos=0.9835
2025-08-27 10:39:49,375 - INFO - 3. twi: cos=0.9808
2025-08-27 10:39:49,375 - INFO - 4. mos: cos=0.9770
2025-08-27 10:39:49,375 - INFO - 5. zul: cos=0.9761
2025-08-27 10:39:49,375 - INFO - === Layer 7 (mbert) — Worst 5 (cosine) ===
2025-08-27 10:39:49,375 - INFO - 1. yor: cos=0.9472
2025-08-27 10:39:49,375 - INFO - 2. bbj: cos=0.9500
2025-08-27 10:39:49,375 - INFO - 3. pcm: cos=0.9550
2025-08-27 10:39:49,375 - INFO - 4. xho: cos=0.9568
2025-08-27 10:39:49,375 - INFO - 5. tsn: cos=0.9579
2025-08-27 10:39:49,519 - INFO - === Layer 8 (mbert) — Top 5 (cosine) ===
2025-08-27 10:39:49,520 - INFO - 1. lug: cos=0.9826
2025-08-27 10:39:49,520 - INFO - 2. sna: cos=0.9764
2025-08-27 10:39:49,520 - INFO - 3. twi: cos=0.9741
2025-08-27 10:39:49,520 - INFO - 4. mos: cos=0.9697
2025-08-27 10:39:49,520 - INFO - 5. zul: cos=0.9689
2025-08-27 10:39:49,520 - INFO - === Layer 8 (mbert) — Worst 5 (cosine) ===
2025-08-27 10:39:49,520 - INFO - 1. bbj: cos=0.9276
2025-08-27 10:39:49,520 - INFO - 2. yor: cos=0.9355
2025-08-27 10:39:49,520 - INFO - 3. bam: cos=0.9425
2025-08-27 10:39:49,520 - INFO - 4. tsn: cos=0.9435
2025-08-27 10:39:49,520 - INFO - 5. pcm: cos=0.9443
2025-08-27 10:39:49,651 - INFO - === Layer 9 (mbert) — Top 5 (cosine) ===
2025-08-27 10:39:49,651 - INFO - 1. lug: cos=0.9861
2025-08-27 10:39:49,651 - INFO - 2. sna: cos=0.9793
2025-08-27 10:39:49,651 - INFO - 3. twi: cos=0.9771
2025-08-27 10:39:49,651 - INFO - 4. hau: cos=0.9746
2025-08-27 10:39:49,651 - INFO - 5. mos: cos=0.9738
2025-08-27 10:39:49,651 - INFO - === Layer 9 (mbert) — Worst 5 (cosine) ===
2025-08-27 10:39:49,651 - INFO - 1. bbj: cos=0.9427
2025-08-27 10:39:49,651 - INFO - 2. yor: cos=0.9486
2025-08-27 10:39:49,651 - INFO - 3. bam: cos=0.9525
2025-08-27 10:39:49,651 - INFO - 4. pcm: cos=0.9543
2025-08-27 10:39:49,651 - INFO - 5. tsn: cos=0.9544
2025-08-27 10:39:49,781 - INFO - === Layer 10 (mbert) — Top 5 (cosine) ===
2025-08-27 10:39:49,781 - INFO - 1. lug: cos=0.9873
2025-08-27 10:39:49,781 - INFO - 2. sna: cos=0.9803
2025-08-27 10:39:49,781 - INFO - 3. hau: cos=0.9793
2025-08-27 10:39:49,781 - INFO - 4. twi: cos=0.9774
2025-08-27 10:39:49,781 - INFO - 5. mos: cos=0.9757
2025-08-27 10:39:49,782 - INFO - === Layer 10 (mbert) — Worst 5 (cosine) ===
2025-08-27 10:39:49,782 - INFO - 1. kin: cos=0.9282
2025-08-27 10:39:49,782 - INFO - 2. bbj: cos=0.9504
2025-08-27 10:39:49,782 - INFO - 3. yor: cos=0.9514
2025-08-27 10:39:49,782 - INFO - 4. bam: cos=0.9579
2025-08-27 10:39:49,782 - INFO - 5. pcm: cos=0.9581
2025-08-27 10:39:49,910 - INFO - === Layer 11 (mbert) — Top 5 (cosine) ===
2025-08-27 10:39:49,910 - INFO - 1. lug: cos=0.9868
2025-08-27 10:39:49,911 - INFO - 2. twi: cos=0.9819
2025-08-27 10:39:49,911 - INFO - 3. hau: cos=0.9818
2025-08-27 10:39:49,911 - INFO - 4. sna: cos=0.9807
2025-08-27 10:39:49,911 - INFO - 5. luo: cos=0.9775
2025-08-27 10:39:49,911 - INFO - === Layer 11 (mbert) — Worst 5 (cosine) ===
2025-08-27 10:39:49,911 - INFO - 1. bbj: cos=0.9495
2025-08-27 10:39:49,911 - INFO - 2. yor: cos=0.9557
2025-08-27 10:39:49,911 - INFO - 3. fon: cos=0.9582
2025-08-27 10:39:49,911 - INFO - 4. pcm: cos=0.9597
2025-08-27 10:39:49,911 - INFO - 5. bam: cos=0.9600
2025-08-27 10:39:50,041 - INFO - === Layer 12 (mbert) — Top 5 (cosine) ===
2025-08-27 10:39:50,041 - INFO - 1. nya: cos=0.9743
2025-08-27 10:39:50,041 - INFO - 2. kin: cos=0.9718
2025-08-27 10:39:50,041 - INFO - 3. wol: cos=0.9704
2025-08-27 10:39:50,041 - INFO - 4. zul: cos=0.9607
2025-08-27 10:39:50,041 - INFO - 5. ibo: cos=0.9572
2025-08-27 10:39:50,041 - INFO - === Layer 12 (mbert) — Worst 5 (cosine) ===
2025-08-27 10:39:50,041 - INFO - 1. fon: cos=0.8735
2025-08-27 10:39:50,041 - INFO - 2. swa: cos=0.8967
2025-08-27 10:39:50,041 - INFO - 3. pcm: cos=0.9051
2025-08-27 10:39:50,041 - INFO - 4. hau: cos=0.9126
2025-08-27 10:39:50,041 - INFO - 5. bbj: cos=0.9146
2025-08-27 10:39:50,042 - INFO - Experiment finished successfully.
