2025-08-24 11:54:15,818 - INFO - Start: model_type=mbert, run_both=False, use_cls=True, use_context=True, context_window=1, max_tokens_per_type=300, batch_size=32, seed=1, num_middle_layers=3, output_dir=rq2_train_scripts/Embeddings/EXTENDED/outputs/mptc_extended/mbert/config_7_clstrue_ctxtrue_hybtrue/tokens_300_ctx1
2025-08-24 11:54:16,348 - INFO - mbert: selected layer indices (hidden_states) = [2, 3, 10, 12]
2025-08-24 11:54:17,192 - INFO - Processing run
2025-08-24 11:54:17,615 - INFO - Processing bam
2025-08-24 11:54:17,700 - INFO - Processing bbj
2025-08-24 11:54:17,797 - INFO - Processing ewe
2025-08-24 11:54:17,920 - INFO - Processing fon
2025-08-24 11:54:18,023 - INFO - Processing hau
2025-08-24 11:54:18,107 - INFO - Processing ibo
2025-08-24 11:54:18,227 - INFO - Processing kin
2025-08-24 11:54:18,325 - INFO - Processing lug
2025-08-24 11:54:18,403 - INFO - Processing luo
2025-08-24 11:54:18,489 - INFO - Processing mos
2025-08-24 11:54:18,582 - INFO - Processing nya
2025-08-24 11:54:18,693 - INFO - Processing pcm
2025-08-24 11:54:18,789 - INFO - Processing sna
2025-08-24 11:54:18,893 - INFO - Processing swa
2025-08-24 11:54:19,000 - INFO - Processing tsn
2025-08-24 11:54:19,084 - INFO - Processing twi
2025-08-24 11:54:19,183 - INFO - Processing wol
2025-08-24 11:54:19,279 - INFO - Processing xho
2025-08-24 11:54:19,380 - INFO - Processing yor
2025-08-24 11:54:19,507 - INFO - Processing zul
2025-08-24 11:54:19,829 - INFO - Layer 2 (mbert) — Top 5
2025-08-24 11:54:19,829 - INFO - 1. sna: r=1.0000
2025-08-24 11:54:19,829 - INFO - 2. lug: r=1.0000
2025-08-24 11:54:19,829 - INFO - 3. nya: r=1.0000
2025-08-24 11:54:19,829 - INFO - 4. xho: r=0.9999
2025-08-24 11:54:19,829 - INFO - 5. hau: r=0.9999
2025-08-24 11:54:19,829 - INFO - Layer 2 (mbert) — Worst 5
2025-08-24 11:54:19,829 - INFO - 1. pcm: r=0.9998
2025-08-24 11:54:19,829 - INFO - 2. yor: r=0.9999
2025-08-24 11:54:19,829 - INFO - 3. bbj: r=0.9999
2025-08-24 11:54:19,829 - INFO - 4. fon: r=0.9999
2025-08-24 11:54:19,829 - INFO - 5. ewe: r=0.9999
2025-08-24 11:54:19,947 - INFO - Layer 3 (mbert) — Top 5
2025-08-24 11:54:19,947 - INFO - 1. lug: r=1.0000
2025-08-24 11:54:19,947 - INFO - 2. sna: r=1.0000
2025-08-24 11:54:19,947 - INFO - 3. nya: r=1.0000
2025-08-24 11:54:19,947 - INFO - 4. xho: r=1.0000
2025-08-24 11:54:19,947 - INFO - 5. kin: r=1.0000
2025-08-24 11:54:19,947 - INFO - Layer 3 (mbert) — Worst 5
2025-08-24 11:54:19,947 - INFO - 1. pcm: r=1.0000
2025-08-24 11:54:19,947 - INFO - 2. yor: r=1.0000
2025-08-24 11:54:19,947 - INFO - 3. bbj: r=1.0000
2025-08-24 11:54:19,947 - INFO - 4. fon: r=1.0000
2025-08-24 11:54:19,947 - INFO - 5. ewe: r=1.0000
2025-08-24 11:54:20,065 - INFO - Layer 10 (mbert) — Top 5
2025-08-24 11:54:20,065 - INFO - 1. nya: r=0.9830
2025-08-24 11:54:20,065 - INFO - 2. kin: r=0.9829
2025-08-24 11:54:20,065 - INFO - 3. lug: r=0.9821
2025-08-24 11:54:20,065 - INFO - 4. sna: r=0.9819
2025-08-24 11:54:20,065 - INFO - 5. twi: r=0.9799
2025-08-24 11:54:20,065 - INFO - Layer 10 (mbert) — Worst 5
2025-08-24 11:54:20,065 - INFO - 1. pcm: r=0.9584
2025-08-24 11:54:20,065 - INFO - 2. bbj: r=0.9612
2025-08-24 11:54:20,065 - INFO - 3. fon: r=0.9618
2025-08-24 11:54:20,065 - INFO - 4. yor: r=0.9670
2025-08-24 11:54:20,065 - INFO - 5. ewe: r=0.9674
2025-08-24 11:54:20,183 - INFO - Layer 12 (mbert) — Top 5
2025-08-24 11:54:20,183 - INFO - 1. nya: r=0.9746
2025-08-24 11:54:20,183 - INFO - 2. kin: r=0.9746
2025-08-24 11:54:20,183 - INFO - 3. sna: r=0.9731
2025-08-24 11:54:20,183 - INFO - 4. lug: r=0.9707
2025-08-24 11:54:20,183 - INFO - 5. twi: r=0.9683
2025-08-24 11:54:20,183 - INFO - Layer 12 (mbert) — Worst 5
2025-08-24 11:54:20,183 - INFO - 1. bbj: r=0.9172
2025-08-24 11:54:20,183 - INFO - 2. fon: r=0.9225
2025-08-24 11:54:20,183 - INFO - 3. pcm: r=0.9280
2025-08-24 11:54:20,183 - INFO - 4. yor: r=0.9471
2025-08-24 11:54:20,183 - INFO - 5. ewe: r=0.9494
2025-08-24 11:54:20,184 - INFO - Experiment finished successfully.
