2025-08-27 18:03:03,666 - INFO - Start: model_type=mbert, use_cls=False, use_context=False, context_window=0, max_tokens_per_type=200, batch_size=64, output_dir=rq2_train_scripts/Embeddings/CLEAN/outputs/mptc/mbert/config_0_clsfalse_ctxfalse/tokens_200_ctx0/core, save_prototypes=False, seed=42, fp16=True, max_length=96, langs=all, layers=all, span_mode=bio, pool=mean, entity_tags={'LOC', 'PER', 'ORG', 'DATE'}, title_suffix='L=all, tokens=200, ctx=0, cls=false, fp16=true'
2025-08-27 18:03:05,246 - INFO - Processing run
2025-08-27 18:03:05,742 - INFO - Processing bam
2025-08-27 18:03:05,827 - INFO - Processing bbj
2025-08-27 18:03:05,899 - INFO - Processing ewe
2025-08-27 18:03:05,975 - INFO - Processing fon
2025-08-27 18:03:06,071 - INFO - Processing hau
2025-08-27 18:03:06,169 - INFO - Processing ibo
2025-08-27 18:03:06,288 - INFO - Processing kin
2025-08-27 18:03:06,385 - INFO - Processing lug
2025-08-27 18:03:06,467 - INFO - Processing luo
2025-08-27 18:03:06,565 - INFO - Processing mos
2025-08-27 18:03:06,673 - INFO - Processing nya
2025-08-27 18:03:06,771 - INFO - Processing pcm
2025-08-27 18:03:06,859 - INFO - Processing sna
2025-08-27 18:03:06,950 - INFO - Processing swa
2025-08-27 18:03:07,046 - INFO - Processing tsn
2025-08-27 18:03:07,129 - INFO - Processing twi
2025-08-27 18:03:07,218 - INFO - Processing wol
2025-08-27 18:03:07,311 - INFO - Processing xho
2025-08-27 18:03:07,398 - INFO - Processing yor
2025-08-27 18:03:07,555 - INFO - Processing zul
2025-08-27 18:03:08,000 - INFO - === Layer 1 (mbert) — Top 5 (cosine) ===
2025-08-27 18:03:08,000 - INFO - 1. luo: cos=0.8620
2025-08-27 18:03:08,000 - INFO - 2. kin: cos=0.8595
2025-08-27 18:03:08,000 - INFO - 3. twi: cos=0.8519
2025-08-27 18:03:08,000 - INFO - 4. lug: cos=0.8414
2025-08-27 18:03:08,000 - INFO - 5. tsn: cos=0.8395
2025-08-27 18:03:08,000 - INFO - === Layer 1 (mbert) — Worst 5 (cosine) ===
2025-08-27 18:03:08,000 - INFO - 1. bbj: cos=0.6727
2025-08-27 18:03:08,000 - INFO - 2. yor: cos=0.6854
2025-08-27 18:03:08,000 - INFO - 3. mos: cos=0.7456
2025-08-27 18:03:08,000 - INFO - 4. ewe: cos=0.7478
2025-08-27 18:03:08,000 - INFO - 5. pcm: cos=0.7492
2025-08-27 18:03:08,130 - INFO - === Layer 2 (mbert) — Top 5 (cosine) ===
2025-08-27 18:03:08,130 - INFO - 1. lug: cos=0.8995
2025-08-27 18:03:08,130 - INFO - 2. luo: cos=0.8764
2025-08-27 18:03:08,130 - INFO - 3. kin: cos=0.8756
2025-08-27 18:03:08,130 - INFO - 4. twi: cos=0.8693
2025-08-27 18:03:08,130 - INFO - 5. tsn: cos=0.8582
2025-08-27 18:03:08,130 - INFO - === Layer 2 (mbert) — Worst 5 (cosine) ===
2025-08-27 18:03:08,130 - INFO - 1. yor: cos=0.7124
2025-08-27 18:03:08,130 - INFO - 2. bbj: cos=0.7153
2025-08-27 18:03:08,130 - INFO - 3. pcm: cos=0.7594
2025-08-27 18:03:08,130 - INFO - 4. ewe: cos=0.7623
2025-08-27 18:03:08,130 - INFO - 5. mos: cos=0.7626
2025-08-27 18:03:08,260 - INFO - === Layer 3 (mbert) — Top 5 (cosine) ===
2025-08-27 18:03:08,260 - INFO - 1. kin: cos=0.9230
2025-08-27 18:03:08,260 - INFO - 2. lug: cos=0.9194
2025-08-27 18:03:08,260 - INFO - 3. luo: cos=0.9190
2025-08-27 18:03:08,260 - INFO - 4. twi: cos=0.9169
2025-08-27 18:03:08,260 - INFO - 5. zul: cos=0.9094
2025-08-27 18:03:08,260 - INFO - === Layer 3 (mbert) — Worst 5 (cosine) ===
2025-08-27 18:03:08,260 - INFO - 1. yor: cos=0.7890
2025-08-27 18:03:08,260 - INFO - 2. bbj: cos=0.8202
2025-08-27 18:03:08,260 - INFO - 3. pcm: cos=0.8271
2025-08-27 18:03:08,260 - INFO - 4. ewe: cos=0.8370
2025-08-27 18:03:08,260 - INFO - 5. mos: cos=0.8505
2025-08-27 18:03:08,393 - INFO - === Layer 4 (mbert) — Top 5 (cosine) ===
2025-08-27 18:03:08,393 - INFO - 1. ibo: cos=0.9342
2025-08-27 18:03:08,393 - INFO - 2. zul: cos=0.9332
2025-08-27 18:03:08,393 - INFO - 3. sna: cos=0.9299
2025-08-27 18:03:08,393 - INFO - 4. twi: cos=0.9283
2025-08-27 18:03:08,393 - INFO - 5. tsn: cos=0.9258
2025-08-27 18:03:08,393 - INFO - === Layer 4 (mbert) — Worst 5 (cosine) ===
2025-08-27 18:03:08,393 - INFO - 1. ewe: cos=0.8445
2025-08-27 18:03:08,393 - INFO - 2. yor: cos=0.8445
2025-08-27 18:03:08,393 - INFO - 3. pcm: cos=0.8506
2025-08-27 18:03:08,393 - INFO - 4. bbj: cos=0.8618
2025-08-27 18:03:08,393 - INFO - 5. swa: cos=0.8886
2025-08-27 18:03:08,521 - INFO - === Layer 5 (mbert) — Top 5 (cosine) ===
2025-08-27 18:03:08,521 - INFO - 1. twi: cos=0.9454
2025-08-27 18:03:08,521 - INFO - 2. ibo: cos=0.9440
2025-08-27 18:03:08,521 - INFO - 3. fon: cos=0.9414
2025-08-27 18:03:08,521 - INFO - 4. zul: cos=0.9412
2025-08-27 18:03:08,521 - INFO - 5. ewe: cos=0.9411
2025-08-27 18:03:08,521 - INFO - === Layer 5 (mbert) — Worst 5 (cosine) ===
2025-08-27 18:03:08,521 - INFO - 1. yor: cos=0.8689
2025-08-27 18:03:08,521 - INFO - 2. bbj: cos=0.8969
2025-08-27 18:03:08,521 - INFO - 3. swa: cos=0.9119
2025-08-27 18:03:08,521 - INFO - 4. wol: cos=0.9143
2025-08-27 18:03:08,521 - INFO - 5. xho: cos=0.9161
2025-08-27 18:03:08,712 - INFO - === Layer 6 (mbert) — Top 5 (cosine) ===
2025-08-27 18:03:08,712 - INFO - 1. twi: cos=0.9570
2025-08-27 18:03:08,712 - INFO - 2. ibo: cos=0.9545
2025-08-27 18:03:08,712 - INFO - 3. hau: cos=0.9517
2025-08-27 18:03:08,712 - INFO - 4. fon: cos=0.9497
2025-08-27 18:03:08,712 - INFO - 5. mos: cos=0.9487
2025-08-27 18:03:08,712 - INFO - === Layer 6 (mbert) — Worst 5 (cosine) ===
2025-08-27 18:03:08,712 - INFO - 1. yor: cos=0.8844
2025-08-27 18:03:08,712 - INFO - 2. bbj: cos=0.9185
2025-08-27 18:03:08,712 - INFO - 3. swa: cos=0.9272
2025-08-27 18:03:08,712 - INFO - 4. wol: cos=0.9310
2025-08-27 18:03:08,712 - INFO - 5. xho: cos=0.9312
2025-08-27 18:03:08,839 - INFO - === Layer 7 (mbert) — Top 5 (cosine) ===
2025-08-27 18:03:08,840 - INFO - 1. twi: cos=0.9383
2025-08-27 18:03:08,840 - INFO - 2. lug: cos=0.9332
2025-08-27 18:03:08,840 - INFO - 3. ibo: cos=0.9330
2025-08-27 18:03:08,840 - INFO - 4. fon: cos=0.9286
2025-08-27 18:03:08,840 - INFO - 5. hau: cos=0.9284
2025-08-27 18:03:08,840 - INFO - === Layer 7 (mbert) — Worst 5 (cosine) ===
2025-08-27 18:03:08,840 - INFO - 1. yor: cos=0.8524
2025-08-27 18:03:08,840 - INFO - 2. bbj: cos=0.8909
2025-08-27 18:03:08,840 - INFO - 3. swa: cos=0.9038
2025-08-27 18:03:08,840 - INFO - 4. xho: cos=0.9061
2025-08-27 18:03:08,840 - INFO - 5. wol: cos=0.9065
2025-08-27 18:03:08,968 - INFO - === Layer 8 (mbert) — Top 5 (cosine) ===
2025-08-27 18:03:08,968 - INFO - 1. twi: cos=0.9355
2025-08-27 18:03:08,968 - INFO - 2. ibo: cos=0.9257
2025-08-27 18:03:08,968 - INFO - 3. lug: cos=0.9252
2025-08-27 18:03:08,968 - INFO - 4. fon: cos=0.9224
2025-08-27 18:03:08,968 - INFO - 5. bam: cos=0.9208
2025-08-27 18:03:08,968 - INFO - === Layer 8 (mbert) — Worst 5 (cosine) ===
2025-08-27 18:03:08,968 - INFO - 1. yor: cos=0.8400
2025-08-27 18:03:08,968 - INFO - 2. xho: cos=0.8683
2025-08-27 18:03:08,968 - INFO - 3. pcm: cos=0.8826
2025-08-27 18:03:08,968 - INFO - 4. bbj: cos=0.8856
2025-08-27 18:03:08,968 - INFO - 5. zul: cos=0.8880
2025-08-27 18:03:09,101 - INFO - === Layer 9 (mbert) — Top 5 (cosine) ===
2025-08-27 18:03:09,101 - INFO - 1. twi: cos=0.9546
2025-08-27 18:03:09,101 - INFO - 2. pcm: cos=0.9531
2025-08-27 18:03:09,101 - INFO - 3. ibo: cos=0.9475
2025-08-27 18:03:09,101 - INFO - 4. lug: cos=0.9470
2025-08-27 18:03:09,101 - INFO - 5. mos: cos=0.9450
2025-08-27 18:03:09,101 - INFO - === Layer 9 (mbert) — Worst 5 (cosine) ===
2025-08-27 18:03:09,101 - INFO - 1. yor: cos=0.8888
2025-08-27 18:03:09,101 - INFO - 2. xho: cos=0.9079
2025-08-27 18:03:09,101 - INFO - 3. swa: cos=0.9168
2025-08-27 18:03:09,101 - INFO - 4. bbj: cos=0.9192
2025-08-27 18:03:09,101 - INFO - 5. zul: cos=0.9225
2025-08-27 18:03:09,223 - INFO - === Layer 10 (mbert) — Top 5 (cosine) ===
2025-08-27 18:03:09,223 - INFO - 1. hau: cos=0.9625
2025-08-27 18:03:09,223 - INFO - 2. pcm: cos=0.9624
2025-08-27 18:03:09,223 - INFO - 3. lug: cos=0.9587
2025-08-27 18:03:09,223 - INFO - 4. ibo: cos=0.9584
2025-08-27 18:03:09,223 - INFO - 5. mos: cos=0.9581
2025-08-27 18:03:09,223 - INFO - === Layer 10 (mbert) — Worst 5 (cosine) ===
2025-08-27 18:03:09,223 - INFO - 1. yor: cos=0.9081
2025-08-27 18:03:09,223 - INFO - 2. kin: cos=0.9152
2025-08-27 18:03:09,223 - INFO - 3. xho: cos=0.9209
2025-08-27 18:03:09,223 - INFO - 4. zul: cos=0.9294
2025-08-27 18:03:09,223 - INFO - 5. bbj: cos=0.9340
2025-08-27 18:03:09,345 - INFO - === Layer 11 (mbert) — Top 5 (cosine) ===
2025-08-27 18:03:09,346 - INFO - 1. pcm: cos=0.9664
2025-08-27 18:03:09,346 - INFO - 2. hau: cos=0.9653
2025-08-27 18:03:09,346 - INFO - 3. ibo: cos=0.9606
2025-08-27 18:03:09,346 - INFO - 4. mos: cos=0.9590
2025-08-27 18:03:09,346 - INFO - 5. lug: cos=0.9590
2025-08-27 18:03:09,346 - INFO - === Layer 11 (mbert) — Worst 5 (cosine) ===
2025-08-27 18:03:09,346 - INFO - 1. fon: cos=0.9013
2025-08-27 18:03:09,346 - INFO - 2. yor: cos=0.9163
2025-08-27 18:03:09,346 - INFO - 3. bbj: cos=0.9223
2025-08-27 18:03:09,346 - INFO - 4. xho: cos=0.9255
2025-08-27 18:03:09,346 - INFO - 5. swa: cos=0.9264
2025-08-27 18:03:09,479 - INFO - === Layer 12 (mbert) — Top 5 (cosine) ===
2025-08-27 18:03:09,479 - INFO - 1. pcm: cos=0.8442
2025-08-27 18:03:09,479 - INFO - 2. lug: cos=0.8198
2025-08-27 18:03:09,479 - INFO - 3. ibo: cos=0.8181
2025-08-27 18:03:09,479 - INFO - 4. tsn: cos=0.8179
2025-08-27 18:03:09,479 - INFO - 5. bbj: cos=0.7966
2025-08-27 18:03:09,479 - INFO - === Layer 12 (mbert) — Worst 5 (cosine) ===
2025-08-27 18:03:09,479 - INFO - 1. fon: cos=0.5508
2025-08-27 18:03:09,479 - INFO - 2. swa: cos=0.6548
2025-08-27 18:03:09,479 - INFO - 3. yor: cos=0.6811
2025-08-27 18:03:09,479 - INFO - 4. xho: cos=0.7000
2025-08-27 18:03:09,479 - INFO - 5. zul: cos=0.7021
2025-08-27 18:03:09,480 - INFO - Experiment finished successfully.
