2025-08-02 22:10:25,053 - INFO - Experiment started with model_type=mbert, use_cls=False, use_context=True, context_window=0, use_hybrid=False, max_tokens_per_type=200, output_dir=rq2_train_scripts/Embeddings/MEXA_inspired_strategy/outputs/combined/mbert/config_2_clsfalse_ctxtrue_hybfalse/tokens_200_ctx0
2025-08-02 22:10:26,228 - INFO - Processing run
2025-08-02 22:10:28,083 - INFO - Processing bam
2025-08-02 22:10:29,598 - INFO - Processing bbj
2025-08-02 22:10:31,091 - INFO - Processing ewe
2025-08-02 22:10:32,580 - INFO - Processing fon
2025-08-02 22:10:34,103 - INFO - Processing hau
2025-08-02 22:10:35,622 - INFO - Processing ibo
2025-08-02 22:10:37,174 - INFO - Processing kin
2025-08-02 22:10:38,692 - INFO - Processing lug
2025-08-02 22:10:40,166 - INFO - Processing luo
2025-08-02 22:10:41,655 - INFO - Processing mos
2025-08-02 22:10:43,146 - INFO - Processing nya
2025-08-02 22:10:44,653 - INFO - Processing pcm
2025-08-02 22:10:46,136 - INFO - Processing sna
2025-08-02 22:10:47,634 - INFO - Processing swa
2025-08-02 22:10:49,127 - INFO - Processing tsn
2025-08-02 22:10:50,596 - INFO - Processing twi
2025-08-02 22:10:52,094 - INFO - Processing wol
2025-08-02 22:10:53,605 - INFO - Processing xho
2025-08-02 22:10:55,109 - INFO - Processing yor
2025-08-02 22:10:56,653 - INFO - Processing zul
2025-08-02 22:10:58,606 - INFO - Top 5 languages most similar to Runyankore:
2025-08-02 22:10:58,606 - INFO - 1. lug - Mean Similarity: 0.9519
2025-08-02 22:10:58,606 - INFO - 2. kin - Mean Similarity: 0.9460
2025-08-02 22:10:58,606 - INFO - 3. luo - Mean Similarity: 0.9457
2025-08-02 22:10:58,606 - INFO - 4. ibo - Mean Similarity: 0.9397
2025-08-02 22:10:58,606 - INFO - 5. twi - Mean Similarity: 0.9348
2025-08-02 22:10:58,606 - INFO - Experiment finished successfully.
