2025-08-27 07:45:02,351 - INFO - Start: model_type=xlmr, use_cls=True, use_context=False, context_window=3, max_tokens_per_type=500, batch_size=64, output_dir=rq2_train_scripts/Embeddings/CLEAN/outputs/mptc/xlmr/config_1_clstrue_ctxfalse/tokens_500_ctx3, save_prototypes=False, seed=42, fp16=True, max_length=96, langs=all, layers=all, span_mode=bio, pool=mean, entity_tags={'LOC', 'PER', 'DATE', 'ORG'}, title_suffix='L=all, tokens=500, ctx=3, cls=true, fp16=true'
2025-08-27 07:45:04,992 - INFO - Processing run
2025-08-27 07:45:05,373 - INFO - Processing bam
2025-08-27 07:45:05,433 - INFO - Processing bbj
2025-08-27 07:45:05,484 - INFO - Processing ewe
2025-08-27 07:45:05,533 - INFO - Processing fon
2025-08-27 07:45:05,597 - INFO - Processing hau
2025-08-27 07:45:05,663 - INFO - Processing ibo
2025-08-27 07:45:05,760 - INFO - Processing kin
2025-08-27 07:45:05,831 - INFO - Processing lug
2025-08-27 07:45:05,895 - INFO - Processing luo
2025-08-27 07:45:05,962 - INFO - Processing mos
2025-08-27 07:45:06,030 - INFO - Processing nya
2025-08-27 07:45:06,102 - INFO - Processing pcm
2025-08-27 07:45:06,166 - INFO - Processing sna
2025-08-27 07:45:06,223 - INFO - Processing swa
2025-08-27 07:45:06,297 - INFO - Processing tsn
2025-08-27 07:45:06,352 - INFO - Processing twi
2025-08-27 07:45:06,416 - INFO - Processing wol
2025-08-27 07:45:06,484 - INFO - Processing xho
2025-08-27 07:45:06,546 - INFO - Processing yor
2025-08-27 07:45:06,635 - INFO - Processing zul
2025-08-27 07:45:07,129 - INFO - === Layer 1 (xlmr) — Top 5 (cosine) ===
2025-08-27 07:45:07,129 - INFO - 1. kin: cos=1.0000
2025-08-27 07:45:07,129 - INFO - 2. twi: cos=0.9999
2025-08-27 07:45:07,129 - INFO - 3. luo: cos=0.9999
2025-08-27 07:45:07,129 - INFO - 4. ibo: cos=0.9998
2025-08-27 07:45:07,129 - INFO - 5. sna: cos=0.9998
2025-08-27 07:45:07,129 - INFO - === Layer 1 (xlmr) — Worst 5 (cosine) ===
2025-08-27 07:45:07,129 - INFO - 1. hau: cos=0.9993
2025-08-27 07:45:07,129 - INFO - 2. fon: cos=0.9994
2025-08-27 07:45:07,129 - INFO - 3. bbj: cos=0.9994
2025-08-27 07:45:07,129 - INFO - 4. bam: cos=0.9994
2025-08-27 07:45:07,129 - INFO - 5. xho: cos=0.9994
2025-08-27 07:45:07,259 - INFO - === Layer 2 (xlmr) — Top 5 (cosine) ===
2025-08-27 07:45:07,259 - INFO - 1. kin: cos=1.0000
2025-08-27 07:45:07,259 - INFO - 2. luo: cos=1.0000
2025-08-27 07:45:07,259 - INFO - 3. twi: cos=1.0000
2025-08-27 07:45:07,259 - INFO - 4. ibo: cos=1.0000
2025-08-27 07:45:07,259 - INFO - 5. zul: cos=1.0000
2025-08-27 07:45:07,259 - INFO - === Layer 2 (xlmr) — Worst 5 (cosine) ===
2025-08-27 07:45:07,259 - INFO - 1. hau: cos=0.9999
2025-08-27 07:45:07,259 - INFO - 2. bam: cos=0.9999
2025-08-27 07:45:07,259 - INFO - 3. bbj: cos=0.9999
2025-08-27 07:45:07,259 - INFO - 4. pcm: cos=0.9999
2025-08-27 07:45:07,259 - INFO - 5. fon: cos=0.9999
2025-08-27 07:45:07,387 - INFO - === Layer 3 (xlmr) — Top 5 (cosine) ===
2025-08-27 07:45:07,387 - INFO - 1. kin: cos=1.0000
2025-08-27 07:45:07,387 - INFO - 2. luo: cos=1.0000
2025-08-27 07:45:07,387 - INFO - 3. twi: cos=1.0000
2025-08-27 07:45:07,387 - INFO - 4. zul: cos=1.0000
2025-08-27 07:45:07,387 - INFO - 5. ewe: cos=1.0000
2025-08-27 07:45:07,387 - INFO - === Layer 3 (xlmr) — Worst 5 (cosine) ===
2025-08-27 07:45:07,387 - INFO - 1. pcm: cos=1.0000
2025-08-27 07:45:07,387 - INFO - 2. swa: cos=1.0000
2025-08-27 07:45:07,387 - INFO - 3. bbj: cos=1.0000
2025-08-27 07:45:07,387 - INFO - 4. fon: cos=1.0000
2025-08-27 07:45:07,387 - INFO - 5. nya: cos=1.0000
2025-08-27 07:45:07,514 - INFO - === Layer 4 (xlmr) — Top 5 (cosine) ===
2025-08-27 07:45:07,514 - INFO - 1. kin: cos=1.0000
2025-08-27 07:45:07,514 - INFO - 2. luo: cos=1.0000
2025-08-27 07:45:07,514 - INFO - 3. twi: cos=1.0000
2025-08-27 07:45:07,514 - INFO - 4. sna: cos=1.0000
2025-08-27 07:45:07,514 - INFO - 5. zul: cos=1.0000
2025-08-27 07:45:07,514 - INFO - === Layer 4 (xlmr) — Worst 5 (cosine) ===
2025-08-27 07:45:07,514 - INFO - 1. hau: cos=1.0000
2025-08-27 07:45:07,514 - INFO - 2. bam: cos=1.0000
2025-08-27 07:45:07,514 - INFO - 3. yor: cos=1.0000
2025-08-27 07:45:07,514 - INFO - 4. wol: cos=1.0000
2025-08-27 07:45:07,514 - INFO - 5. pcm: cos=1.0000
2025-08-27 07:45:07,641 - INFO - === Layer 5 (xlmr) — Top 5 (cosine) ===
2025-08-27 07:45:07,642 - INFO - 1. twi: cos=1.0000
2025-08-27 07:45:07,642 - INFO - 2. kin: cos=1.0000
2025-08-27 07:45:07,642 - INFO - 3. luo: cos=1.0000
2025-08-27 07:45:07,642 - INFO - 4. tsn: cos=1.0000
2025-08-27 07:45:07,642 - INFO - 5. zul: cos=1.0000
2025-08-27 07:45:07,642 - INFO - === Layer 5 (xlmr) — Worst 5 (cosine) ===
2025-08-27 07:45:07,642 - INFO - 1. hau: cos=1.0000
2025-08-27 07:45:07,642 - INFO - 2. pcm: cos=1.0000
2025-08-27 07:45:07,642 - INFO - 3. fon: cos=1.0000
2025-08-27 07:45:07,642 - INFO - 4. mos: cos=1.0000
2025-08-27 07:45:07,642 - INFO - 5. wol: cos=1.0000
2025-08-27 07:45:07,769 - INFO - === Layer 6 (xlmr) — Top 5 (cosine) ===
2025-08-27 07:45:07,769 - INFO - 1. kin: cos=1.0000
2025-08-27 07:45:07,770 - INFO - 2. twi: cos=1.0000
2025-08-27 07:45:07,770 - INFO - 3. luo: cos=1.0000
2025-08-27 07:45:07,770 - INFO - 4. tsn: cos=1.0000
2025-08-27 07:45:07,770 - INFO - 5. ewe: cos=1.0000
2025-08-27 07:45:07,770 - INFO - === Layer 6 (xlmr) — Worst 5 (cosine) ===
2025-08-27 07:45:07,770 - INFO - 1. hau: cos=1.0000
2025-08-27 07:45:07,770 - INFO - 2. pcm: cos=1.0000
2025-08-27 07:45:07,770 - INFO - 3. fon: cos=1.0000
2025-08-27 07:45:07,770 - INFO - 4. mos: cos=1.0000
2025-08-27 07:45:07,770 - INFO - 5. bbj: cos=1.0000
2025-08-27 07:45:07,901 - INFO - === Layer 7 (xlmr) — Top 5 (cosine) ===
2025-08-27 07:45:07,901 - INFO - 1. kin: cos=1.0000
2025-08-27 07:45:07,901 - INFO - 2. swa: cos=1.0000
2025-08-27 07:45:07,901 - INFO - 3. sna: cos=1.0000
2025-08-27 07:45:07,901 - INFO - 4. fon: cos=1.0000
2025-08-27 07:45:07,901 - INFO - 5. yor: cos=1.0000
2025-08-27 07:45:07,901 - INFO - === Layer 7 (xlmr) — Worst 5 (cosine) ===
2025-08-27 07:45:07,901 - INFO - 1. hau: cos=1.0000
2025-08-27 07:45:07,901 - INFO - 2. tsn: cos=1.0000
2025-08-27 07:45:07,901 - INFO - 3. mos: cos=1.0000
2025-08-27 07:45:07,901 - INFO - 4. zul: cos=1.0000
2025-08-27 07:45:07,901 - INFO - 5. wol: cos=1.0000
2025-08-27 07:45:08,032 - INFO - === Layer 8 (xlmr) — Top 5 (cosine) ===
2025-08-27 07:45:08,032 - INFO - 1. kin: cos=1.0000
2025-08-27 07:45:08,032 - INFO - 2. lug: cos=1.0000
2025-08-27 07:45:08,032 - INFO - 3. sna: cos=1.0000
2025-08-27 07:45:08,032 - INFO - 4. xho: cos=1.0000
2025-08-27 07:45:08,032 - INFO - 5. tsn: cos=1.0000
2025-08-27 07:45:08,032 - INFO - === Layer 8 (xlmr) — Worst 5 (cosine) ===
2025-08-27 07:45:08,032 - INFO - 1. ewe: cos=0.9999
2025-08-27 07:45:08,032 - INFO - 2. bbj: cos=1.0000
2025-08-27 07:45:08,032 - INFO - 3. swa: cos=1.0000
2025-08-27 07:45:08,032 - INFO - 4. fon: cos=1.0000
2025-08-27 07:45:08,032 - INFO - 5. hau: cos=1.0000
2025-08-27 07:45:08,249 - INFO - === Layer 9 (xlmr) — Top 5 (cosine) ===
2025-08-27 07:45:08,249 - INFO - 1. kin: cos=1.0000
2025-08-27 07:45:08,249 - INFO - 2. sna: cos=1.0000
2025-08-27 07:45:08,249 - INFO - 3. yor: cos=1.0000
2025-08-27 07:45:08,249 - INFO - 4. bam: cos=1.0000
2025-08-27 07:45:08,249 - INFO - 5. twi: cos=1.0000
2025-08-27 07:45:08,249 - INFO - === Layer 9 (xlmr) — Worst 5 (cosine) ===
2025-08-27 07:45:08,249 - INFO - 1. ewe: cos=1.0000
2025-08-27 07:45:08,249 - INFO - 2. bbj: cos=1.0000
2025-08-27 07:45:08,249 - INFO - 3. hau: cos=1.0000
2025-08-27 07:45:08,249 - INFO - 4. nya: cos=1.0000
2025-08-27 07:45:08,249 - INFO - 5. swa: cos=1.0000
2025-08-27 07:45:08,381 - INFO - === Layer 10 (xlmr) — Top 5 (cosine) ===
2025-08-27 07:45:08,381 - INFO - 1. twi: cos=1.0000
2025-08-27 07:45:08,381 - INFO - 2. bam: cos=1.0000
2025-08-27 07:45:08,381 - INFO - 3. zul: cos=1.0000
2025-08-27 07:45:08,381 - INFO - 4. kin: cos=1.0000
2025-08-27 07:45:08,381 - INFO - 5. ewe: cos=1.0000
2025-08-27 07:45:08,381 - INFO - === Layer 10 (xlmr) — Worst 5 (cosine) ===
2025-08-27 07:45:08,381 - INFO - 1. pcm: cos=1.0000
2025-08-27 07:45:08,381 - INFO - 2. fon: cos=1.0000
2025-08-27 07:45:08,381 - INFO - 3. xho: cos=1.0000
2025-08-27 07:45:08,381 - INFO - 4. ibo: cos=1.0000
2025-08-27 07:45:08,381 - INFO - 5. bbj: cos=1.0000
2025-08-27 07:45:08,512 - INFO - === Layer 11 (xlmr) — Top 5 (cosine) ===
2025-08-27 07:45:08,512 - INFO - 1. pcm: cos=1.0000
2025-08-27 07:45:08,512 - INFO - 2. twi: cos=1.0000
2025-08-27 07:45:08,512 - INFO - 3. lug: cos=1.0000
2025-08-27 07:45:08,512 - INFO - 4. swa: cos=1.0000
2025-08-27 07:45:08,512 - INFO - 5. hau: cos=1.0000
2025-08-27 07:45:08,512 - INFO - === Layer 11 (xlmr) — Worst 5 (cosine) ===
2025-08-27 07:45:08,512 - INFO - 1. bam: cos=0.9998
2025-08-27 07:45:08,512 - INFO - 2. sna: cos=0.9999
2025-08-27 07:45:08,512 - INFO - 3. yor: cos=0.9999
2025-08-27 07:45:08,512 - INFO - 4. bbj: cos=0.9999
2025-08-27 07:45:08,512 - INFO - 5. zul: cos=0.9999
2025-08-27 07:45:08,641 - INFO - === Layer 12 (xlmr) — Top 5 (cosine) ===
2025-08-27 07:45:08,641 - INFO - 1. kin: cos=0.9999
2025-08-27 07:45:08,641 - INFO - 2. twi: cos=0.9999
2025-08-27 07:45:08,641 - INFO - 3. luo: cos=0.9999
2025-08-27 07:45:08,641 - INFO - 4. wol: cos=0.9999
2025-08-27 07:45:08,641 - INFO - 5. ewe: cos=0.9999
2025-08-27 07:45:08,641 - INFO - === Layer 12 (xlmr) — Worst 5 (cosine) ===
2025-08-27 07:45:08,641 - INFO - 1. pcm: cos=0.9978
2025-08-27 07:45:08,641 - INFO - 2. fon: cos=0.9986
2025-08-27 07:45:08,641 - INFO - 3. hau: cos=0.9992
2025-08-27 07:45:08,641 - INFO - 4. tsn: cos=0.9995
2025-08-27 07:45:08,641 - INFO - 5. xho: cos=0.9997
2025-08-27 07:45:08,642 - INFO - Experiment finished successfully.
ly.
