2025-08-27 09:51:12,407 - INFO - Start: model_type=xlmr, use_cls=True, use_context=False, context_window=2, max_tokens_per_type=400, batch_size=64, output_dir=rq2_train_scripts/Embeddings/CLEAN/outputs/salt/xlmr/config_1_clstrue_ctxfalse/tokens_400_ctx2/core, save_prototypes=False, seed=42, fp16=True, max_length=96, langs=all, layers=all, span_mode=bio, pool=mean, entity_tags={'ORG', 'PER', 'LOC', 'DATE'}, title_suffix='L=all, tokens=400, ctx=2, cls=true, fp16=true'
2025-08-27 09:51:14,307 - INFO - Processing run
2025-08-27 09:51:14,740 - INFO - Processing bam
2025-08-27 09:51:14,793 - INFO - Processing bbj
2025-08-27 09:51:14,842 - INFO - Processing ewe
2025-08-27 09:51:14,884 - INFO - Processing fon
2025-08-27 09:51:14,939 - INFO - Processing hau
2025-08-27 09:51:14,999 - INFO - Processing ibo
2025-08-27 09:51:15,120 - INFO - Processing kin
2025-08-27 09:51:15,184 - INFO - Processing lug
2025-08-27 09:51:15,234 - INFO - Processing luo
2025-08-27 09:51:15,293 - INFO - Processing mos
2025-08-27 09:51:15,365 - INFO - Processing nya
2025-08-27 09:51:15,437 - INFO - Processing pcm
2025-08-27 09:51:15,499 - INFO - Processing sna
2025-08-27 09:51:15,555 - INFO - Processing swa
2025-08-27 09:51:15,615 - INFO - Processing tsn
2025-08-27 09:51:15,659 - INFO - Processing twi
2025-08-27 09:51:15,713 - INFO - Processing wol
2025-08-27 09:51:15,783 - INFO - Processing xho
2025-08-27 09:51:15,826 - INFO - Processing yor
2025-08-27 09:51:15,906 - INFO - Processing zul
2025-08-27 09:51:16,419 - INFO - === Layer 1 (xlmr) — Top 5 (cosine) ===
2025-08-27 09:51:16,419 - INFO - 1. kin: cos=0.9999
2025-08-27 09:51:16,420 - INFO - 2. luo: cos=0.9999
2025-08-27 09:51:16,420 - INFO - 3. twi: cos=0.9999
2025-08-27 09:51:16,420 - INFO - 4. nya: cos=0.9998
2025-08-27 09:51:16,420 - INFO - 5. ewe: cos=0.9998
2025-08-27 09:51:16,420 - INFO - === Layer 1 (xlmr) — Worst 5 (cosine) ===
2025-08-27 09:51:16,420 - INFO - 1. hau: cos=0.9994
2025-08-27 09:51:16,420 - INFO - 2. pcm: cos=0.9995
2025-08-27 09:51:16,420 - INFO - 3. fon: cos=0.9995
2025-08-27 09:51:16,420 - INFO - 4. bam: cos=0.9995
2025-08-27 09:51:16,420 - INFO - 5. bbj: cos=0.9996
2025-08-27 09:51:16,552 - INFO - === Layer 2 (xlmr) — Top 5 (cosine) ===
2025-08-27 09:51:16,552 - INFO - 1. kin: cos=1.0000
2025-08-27 09:51:16,552 - INFO - 2. luo: cos=1.0000
2025-08-27 09:51:16,552 - INFO - 3. twi: cos=1.0000
2025-08-27 09:51:16,552 - INFO - 4. ewe: cos=1.0000
2025-08-27 09:51:16,552 - INFO - 5. nya: cos=1.0000
2025-08-27 09:51:16,552 - INFO - === Layer 2 (xlmr) — Worst 5 (cosine) ===
2025-08-27 09:51:16,552 - INFO - 1. pcm: cos=0.9999
2025-08-27 09:51:16,552 - INFO - 2. hau: cos=0.9999
2025-08-27 09:51:16,552 - INFO - 3. bam: cos=0.9999
2025-08-27 09:51:16,552 - INFO - 4. bbj: cos=0.9999
2025-08-27 09:51:16,552 - INFO - 5. swa: cos=0.9999
2025-08-27 09:51:16,706 - INFO - === Layer 3 (xlmr) — Top 5 (cosine) ===
2025-08-27 09:51:16,707 - INFO - 1. kin: cos=1.0000
2025-08-27 09:51:16,707 - INFO - 2. luo: cos=1.0000
2025-08-27 09:51:16,707 - INFO - 3. twi: cos=1.0000
2025-08-27 09:51:16,707 - INFO - 4. hau: cos=1.0000
2025-08-27 09:51:16,707 - INFO - 5. ibo: cos=1.0000
2025-08-27 09:51:16,707 - INFO - === Layer 3 (xlmr) — Worst 5 (cosine) ===
2025-08-27 09:51:16,707 - INFO - 1. swa: cos=1.0000
2025-08-27 09:51:16,707 - INFO - 2. pcm: cos=1.0000
2025-08-27 09:51:16,707 - INFO - 3. sna: cos=1.0000
2025-08-27 09:51:16,707 - INFO - 4. bbj: cos=1.0000
2025-08-27 09:51:16,707 - INFO - 5. fon: cos=1.0000
2025-08-27 09:51:16,830 - INFO - === Layer 4 (xlmr) — Top 5 (cosine) ===
2025-08-27 09:51:16,830 - INFO - 1. kin: cos=1.0000
2025-08-27 09:51:16,830 - INFO - 2. twi: cos=1.0000
2025-08-27 09:51:16,830 - INFO - 3. luo: cos=1.0000
2025-08-27 09:51:16,830 - INFO - 4. lug: cos=1.0000
2025-08-27 09:51:16,830 - INFO - 5. zul: cos=1.0000
2025-08-27 09:51:16,831 - INFO - === Layer 4 (xlmr) — Worst 5 (cosine) ===
2025-08-27 09:51:16,831 - INFO - 1. bam: cos=1.0000
2025-08-27 09:51:16,831 - INFO - 2. yor: cos=1.0000
2025-08-27 09:51:16,831 - INFO - 3. hau: cos=1.0000
2025-08-27 09:51:16,831 - INFO - 4. pcm: cos=1.0000
2025-08-27 09:51:16,831 - INFO - 5. wol: cos=1.0000
2025-08-27 09:51:16,951 - INFO - === Layer 5 (xlmr) — Top 5 (cosine) ===
2025-08-27 09:51:16,951 - INFO - 1. twi: cos=1.0000
2025-08-27 09:51:16,951 - INFO - 2. luo: cos=1.0000
2025-08-27 09:51:16,951 - INFO - 3. kin: cos=1.0000
2025-08-27 09:51:16,951 - INFO - 4. zul: cos=1.0000
2025-08-27 09:51:16,951 - INFO - 5. ewe: cos=1.0000
2025-08-27 09:51:16,951 - INFO - === Layer 5 (xlmr) — Worst 5 (cosine) ===
2025-08-27 09:51:16,951 - INFO - 1. hau: cos=1.0000
2025-08-27 09:51:16,951 - INFO - 2. pcm: cos=1.0000
2025-08-27 09:51:16,951 - INFO - 3. fon: cos=1.0000
2025-08-27 09:51:16,951 - INFO - 4. mos: cos=1.0000
2025-08-27 09:51:16,951 - INFO - 5. wol: cos=1.0000
2025-08-27 09:51:17,072 - INFO - === Layer 6 (xlmr) — Top 5 (cosine) ===
2025-08-27 09:51:17,072 - INFO - 1. twi: cos=1.0000
2025-08-27 09:51:17,072 - INFO - 2. ewe: cos=1.0000
2025-08-27 09:51:17,072 - INFO - 3. luo: cos=1.0000
2025-08-27 09:51:17,072 - INFO - 4. kin: cos=1.0000
2025-08-27 09:51:17,072 - INFO - 5. ibo: cos=1.0000
2025-08-27 09:51:17,072 - INFO - === Layer 6 (xlmr) — Worst 5 (cosine) ===
2025-08-27 09:51:17,072 - INFO - 1. pcm: cos=1.0000
2025-08-27 09:51:17,072 - INFO - 2. hau: cos=1.0000
2025-08-27 09:51:17,072 - INFO - 3. nya: cos=1.0000
2025-08-27 09:51:17,072 - INFO - 4. swa: cos=1.0000
2025-08-27 09:51:17,073 - INFO - 5. wol: cos=1.0000
2025-08-27 09:51:17,242 - INFO - === Layer 7 (xlmr) — Top 5 (cosine) ===
2025-08-27 09:51:17,242 - INFO - 1. twi: cos=1.0000
2025-08-27 09:51:17,242 - INFO - 2. kin: cos=1.0000
2025-08-27 09:51:17,242 - INFO - 3. bbj: cos=1.0000
2025-08-27 09:51:17,242 - INFO - 4. fon: cos=1.0000
2025-08-27 09:51:17,242 - INFO - 5. sna: cos=1.0000
2025-08-27 09:51:17,242 - INFO - === Layer 7 (xlmr) — Worst 5 (cosine) ===
2025-08-27 09:51:17,242 - INFO - 1. hau: cos=1.0000
2025-08-27 09:51:17,242 - INFO - 2. pcm: cos=1.0000
2025-08-27 09:51:17,242 - INFO - 3. zul: cos=1.0000
2025-08-27 09:51:17,242 - INFO - 4. nya: cos=1.0000
2025-08-27 09:51:17,242 - INFO - 5. tsn: cos=1.0000
2025-08-27 09:51:17,444 - INFO - === Layer 8 (xlmr) — Top 5 (cosine) ===
2025-08-27 09:51:17,444 - INFO - 1. kin: cos=1.0000
2025-08-27 09:51:17,444 - INFO - 2. ewe: cos=1.0000
2025-08-27 09:51:17,444 - INFO - 3. lug: cos=1.0000
2025-08-27 09:51:17,444 - INFO - 4. luo: cos=1.0000
2025-08-27 09:51:17,444 - INFO - 5. twi: cos=1.0000
2025-08-27 09:51:17,444 - INFO - === Layer 8 (xlmr) — Worst 5 (cosine) ===
2025-08-27 09:51:17,444 - INFO - 1. pcm: cos=0.9999
2025-08-27 09:51:17,444 - INFO - 2. fon: cos=1.0000
2025-08-27 09:51:17,444 - INFO - 3. hau: cos=1.0000
2025-08-27 09:51:17,444 - INFO - 4. sna: cos=1.0000
2025-08-27 09:51:17,444 - INFO - 5. bbj: cos=1.0000
2025-08-27 09:51:17,570 - INFO - === Layer 9 (xlmr) — Top 5 (cosine) ===
2025-08-27 09:51:17,571 - INFO - 1. kin: cos=1.0000
2025-08-27 09:51:17,571 - INFO - 2. ewe: cos=1.0000
2025-08-27 09:51:17,571 - INFO - 3. twi: cos=1.0000
2025-08-27 09:51:17,571 - INFO - 4. luo: cos=1.0000
2025-08-27 09:51:17,571 - INFO - 5. bam: cos=1.0000
2025-08-27 09:51:17,571 - INFO - === Layer 9 (xlmr) — Worst 5 (cosine) ===
2025-08-27 09:51:17,571 - INFO - 1. pcm: cos=1.0000
2025-08-27 09:51:17,571 - INFO - 2. hau: cos=1.0000
2025-08-27 09:51:17,571 - INFO - 3. sna: cos=1.0000
2025-08-27 09:51:17,571 - INFO - 4. nya: cos=1.0000
2025-08-27 09:51:17,571 - INFO - 5. wol: cos=1.0000
2025-08-27 09:51:17,691 - INFO - === Layer 10 (xlmr) — Top 5 (cosine) ===
2025-08-27 09:51:17,691 - INFO - 1. bam: cos=1.0000
2025-08-27 09:51:17,691 - INFO - 2. luo: cos=1.0000
2025-08-27 09:51:17,691 - INFO - 3. twi: cos=1.0000
2025-08-27 09:51:17,691 - INFO - 4. zul: cos=1.0000
2025-08-27 09:51:17,691 - INFO - 5. ewe: cos=1.0000
2025-08-27 09:51:17,691 - INFO - === Layer 10 (xlmr) — Worst 5 (cosine) ===
2025-08-27 09:51:17,691 - INFO - 1. pcm: cos=1.0000
2025-08-27 09:51:17,691 - INFO - 2. yor: cos=1.0000
2025-08-27 09:51:17,691 - INFO - 3. ibo: cos=1.0000
2025-08-27 09:51:17,691 - INFO - 4. fon: cos=1.0000
2025-08-27 09:51:17,691 - INFO - 5. xho: cos=1.0000
2025-08-27 09:51:17,838 - INFO - === Layer 11 (xlmr) — Top 5 (cosine) ===
2025-08-27 09:51:17,839 - INFO - 1. hau: cos=1.0000
2025-08-27 09:51:17,839 - INFO - 2. pcm: cos=1.0000
2025-08-27 09:51:17,839 - INFO - 3. ibo: cos=1.0000
2025-08-27 09:51:17,839 - INFO - 4. twi: cos=1.0000
2025-08-27 09:51:17,839 - INFO - 5. lug: cos=1.0000
2025-08-27 09:51:17,839 - INFO - === Layer 11 (xlmr) — Worst 5 (cosine) ===
2025-08-27 09:51:17,839 - INFO - 1. luo: cos=0.9999
2025-08-27 09:51:17,839 - INFO - 2. bam: cos=0.9999
2025-08-27 09:51:17,839 - INFO - 3. bbj: cos=0.9999
2025-08-27 09:51:17,839 - INFO - 4. sna: cos=1.0000
2025-08-27 09:51:17,839 - INFO - 5. zul: cos=1.0000
2025-08-27 09:51:17,965 - INFO - === Layer 12 (xlmr) — Top 5 (cosine) ===
2025-08-27 09:51:17,965 - INFO - 1. kin: cos=0.9999
2025-08-27 09:51:17,965 - INFO - 2. nya: cos=0.9999
2025-08-27 09:51:17,965 - INFO - 3. ewe: cos=0.9999
2025-08-27 09:51:17,965 - INFO - 4. wol: cos=0.9999
2025-08-27 09:51:17,965 - INFO - 5. luo: cos=0.9999
2025-08-27 09:51:17,965 - INFO - === Layer 12 (xlmr) — Worst 5 (cosine) ===
2025-08-27 09:51:17,965 - INFO - 1. fon: cos=0.9982
2025-08-27 09:51:17,965 - INFO - 2. hau: cos=0.9987
2025-08-27 09:51:17,965 - INFO - 3. pcm: cos=0.9990
2025-08-27 09:51:17,965 - INFO - 4. twi: cos=0.9995
2025-08-27 09:51:17,965 - INFO - 5. tsn: cos=0.9996
2025-08-27 09:51:17,966 - INFO - Experiment finished successfully.
