2025-08-02 23:24:35,177 - INFO - Experiment started with model_type=mbert, use_cls=False, use_context=True, context_window=3, use_hybrid=True, max_tokens_per_type=200, output_dir=rq2_train_scripts/Embeddings/MEXA_inspired_strategy/outputs/combined/mbert/config_6_clsfalse_ctxtrue_hybtrue/tokens_200_ctx3
2025-08-02 23:24:36,358 - INFO - Processing run
2025-08-02 23:24:38,270 - INFO - Processing bam
2025-08-02 23:24:39,816 - INFO - Processing bbj
2025-08-02 23:24:41,353 - INFO - Processing ewe
2025-08-02 23:24:42,887 - INFO - Processing fon
2025-08-02 23:24:44,450 - INFO - Processing hau
2025-08-02 23:24:46,010 - INFO - Processing ibo
2025-08-02 23:24:47,601 - INFO - Processing kin
2025-08-02 23:24:49,175 - INFO - Processing lug
2025-08-02 23:24:50,724 - INFO - Processing luo
2025-08-02 23:24:52,292 - INFO - Processing mos
2025-08-02 23:24:53,851 - INFO - Processing nya
2025-08-02 23:24:55,432 - INFO - Processing pcm
2025-08-02 23:24:56,981 - INFO - Processing sna
2025-08-02 23:24:58,532 - INFO - Processing swa
2025-08-02 23:25:00,088 - INFO - Processing tsn
2025-08-02 23:25:01,619 - INFO - Processing twi
2025-08-02 23:25:03,160 - INFO - Processing wol
2025-08-02 23:25:04,701 - INFO - Processing xho
2025-08-02 23:25:06,234 - INFO - Processing yor
2025-08-02 23:25:07,802 - INFO - Processing zul
2025-08-02 23:25:09,815 - INFO - Top 5 languages most similar to Runyankore:
2025-08-02 23:25:09,815 - INFO - 1. lug - Mean Similarity: 0.6284
2025-08-02 23:25:09,815 - INFO - 2. kin - Mean Similarity: 0.5906
2025-08-02 23:25:09,815 - INFO - 3. nya - Mean Similarity: 0.5702
2025-08-02 23:25:09,815 - INFO - 4. xho - Mean Similarity: 0.5695
2025-08-02 23:25:09,815 - INFO - 5. sna - Mean Similarity: 0.5603
2025-08-02 23:25:09,815 - INFO - Experiment finished successfully.
