2025-08-02 22:08:45,277 - INFO - Experiment started with model_type=mbert, use_cls=False, use_context=False, context_window=3, use_hybrid=False, max_tokens_per_type=200, output_dir=rq2_train_scripts/Embeddings/MEXA_inspired_strategy/outputs/salt/mbert/config_0_clsfalse_ctxfalse_hybfalse/tokens_200_ctx3
2025-08-02 22:08:46,668 - INFO - Processing run
2025-08-02 22:08:55,636 - INFO - Processing bam
2025-08-02 22:09:03,190 - INFO - Processing bbj
2025-08-02 22:09:11,153 - INFO - Processing ewe
2025-08-02 22:09:18,600 - INFO - Processing fon
2025-08-02 22:09:26,146 - INFO - Processing hau
2025-08-02 22:09:33,864 - INFO - Processing ibo
2025-08-02 22:09:42,434 - INFO - Processing kin
2025-08-02 22:09:51,104 - INFO - Processing lug
2025-08-02 22:09:59,663 - INFO - Processing luo
2025-08-02 22:10:08,139 - INFO - Processing mos
2025-08-02 22:10:16,740 - INFO - Processing nya
2025-08-02 22:10:25,030 - INFO - Processing pcm
2025-08-02 22:10:33,635 - INFO - Processing sna
2025-08-02 22:10:42,342 - INFO - Processing swa
2025-08-02 22:10:50,594 - INFO - Processing tsn
2025-08-02 22:10:58,683 - INFO - Processing twi
2025-08-02 22:11:06,888 - INFO - Processing wol
2025-08-02 22:11:15,006 - INFO - Processing xho
2025-08-02 22:11:22,454 - INFO - Processing yor
2025-08-02 22:11:30,658 - INFO - Processing zul
2025-08-02 22:11:39,596 - INFO - Top 5 languages most similar to Runyankore:
2025-08-02 22:11:39,596 - INFO - 1. lug - Mean Similarity: 0.9519
2025-08-02 22:11:39,596 - INFO - 2. kin - Mean Similarity: 0.9460
2025-08-02 22:11:39,596 - INFO - 3. luo - Mean Similarity: 0.9457
2025-08-02 22:11:39,596 - INFO - 4. ibo - Mean Similarity: 0.9397
2025-08-02 22:11:39,596 - INFO - 5. twi - Mean Similarity: 0.9348
2025-08-02 22:11:39,596 - INFO - Experiment finished successfully.
