2025-08-02 19:20:54,660 - INFO - Experiment started with model_type=xlmr, use_cls=False, use_context=False, context_window=2, use_hybrid=False, max_tokens_per_type=500, output_dir=rq2_train_scripts/Embeddings/MEXA_inspired_strategy/outputs/combined/xlmr/config_0_clsfalse_ctxfalse_hybfalse/tokens_500_ctx2
2025-08-02 19:20:56,420 - INFO - Processing run
2025-08-02 19:21:00,871 - INFO - Processing bam
2025-08-02 19:21:04,834 - INFO - Processing bbj
2025-08-02 19:21:09,296 - INFO - Processing ewe
2025-08-02 19:21:13,743 - INFO - Processing fon
2025-08-02 19:21:18,224 - INFO - Processing hau
2025-08-02 19:21:22,672 - INFO - Processing ibo
2025-08-02 19:21:27,165 - INFO - Processing kin
2025-08-02 19:21:31,621 - INFO - Processing lug
2025-08-02 19:21:36,032 - INFO - Processing luo
2025-08-02 19:21:40,475 - INFO - Processing mos
2025-08-02 19:21:44,938 - INFO - Processing nya
2025-08-02 19:21:49,406 - INFO - Processing pcm
2025-08-02 19:21:53,818 - INFO - Processing sna
2025-08-02 19:21:58,289 - INFO - Processing swa
2025-08-02 19:22:02,705 - INFO - Processing tsn
2025-08-02 19:22:07,126 - INFO - Processing twi
2025-08-02 19:22:11,569 - INFO - Processing wol
2025-08-02 19:22:16,134 - INFO - Processing xho
2025-08-02 19:22:20,576 - INFO - Processing yor
2025-08-02 19:22:25,166 - INFO - Processing zul
2025-08-02 19:22:30,110 - INFO - Top 5 languages most similar to Runyankore:
2025-08-02 19:22:30,111 - INFO - 1. lug - Mean Similarity: 0.9996
2025-08-02 19:22:30,111 - INFO - 2. kin - Mean Similarity: 0.9994
2025-08-02 19:22:30,111 - INFO - 3. luo - Mean Similarity: 0.9994
2025-08-02 19:22:30,111 - INFO - 4. twi - Mean Similarity: 0.9993
2025-08-02 19:22:30,111 - INFO - 5. ibo - Mean Similarity: 0.9993
2025-08-02 19:22:30,111 - INFO - Experiment finished successfully.
