2025-08-02 23:28:33,881 - INFO - Experiment started with model_type=mbert, use_cls=True, use_context=True, context_window=0, use_hybrid=True, max_tokens_per_type=200, output_dir=rq2_train_scripts/Embeddings/MEXA_inspired_strategy/outputs/combined/mbert/config_7_clstrue_ctxtrue_hybtrue/tokens_200_ctx0
2025-08-02 23:28:35,065 - INFO - Processing run
2025-08-02 23:28:36,932 - INFO - Processing bam
2025-08-02 23:28:38,445 - INFO - Processing bbj
2025-08-02 23:28:39,942 - INFO - Processing ewe
2025-08-02 23:28:41,434 - INFO - Processing fon
2025-08-02 23:28:42,966 - INFO - Processing hau
2025-08-02 23:28:44,500 - INFO - Processing ibo
2025-08-02 23:28:46,052 - INFO - Processing kin
2025-08-02 23:28:47,579 - INFO - Processing lug
2025-08-02 23:28:49,060 - INFO - Processing luo
2025-08-02 23:28:50,555 - INFO - Processing mos
2025-08-02 23:28:52,054 - INFO - Processing nya
2025-08-02 23:28:53,561 - INFO - Processing pcm
2025-08-02 23:28:55,046 - INFO - Processing sna
2025-08-02 23:28:56,552 - INFO - Processing swa
2025-08-02 23:28:58,051 - INFO - Processing tsn
2025-08-02 23:28:59,523 - INFO - Processing twi
2025-08-02 23:29:01,026 - INFO - Processing wol
2025-08-02 23:29:02,535 - INFO - Processing xho
2025-08-02 23:29:04,035 - INFO - Processing yor
2025-08-02 23:29:05,577 - INFO - Processing zul
2025-08-02 23:29:07,546 - INFO - Top 5 languages most similar to Runyankore:
2025-08-02 23:29:07,546 - INFO - 1. lug - Mean Similarity: 0.6825
2025-08-02 23:29:07,546 - INFO - 2. twi - Mean Similarity: 0.6580
2025-08-02 23:29:07,546 - INFO - 3. luo - Mean Similarity: 0.6498
2025-08-02 23:29:07,546 - INFO - 4. ibo - Mean Similarity: 0.6476
2025-08-02 23:29:07,546 - INFO - 5. kin - Mean Similarity: 0.6443
2025-08-02 23:29:07,546 - INFO - Experiment finished successfully.
