2025-08-27 18:04:48,441 - INFO - Start: model_type=mbert, use_cls=False, use_context=False, context_window=0, max_tokens_per_type=500, batch_size=64, output_dir=rq2_train_scripts/Embeddings/CLEAN/outputs/salt/mbert/config_0_clsfalse_ctxfalse/tokens_500_ctx0/core, save_prototypes=False, seed=42, fp16=True, max_length=96, langs=all, layers=all, span_mode=bio, pool=mean, entity_tags={'ORG', 'PER', 'DATE', 'LOC'}, title_suffix='L=all, tokens=500, ctx=0, cls=false, fp16=true'
2025-08-27 18:04:49,805 - INFO - Processing run
2025-08-27 18:04:50,356 - INFO - Processing bam
2025-08-27 18:04:50,501 - INFO - Processing bbj
2025-08-27 18:04:50,626 - INFO - Processing ewe
2025-08-27 18:04:50,753 - INFO - Processing fon
2025-08-27 18:04:50,900 - INFO - Processing hau
2025-08-27 18:04:51,049 - INFO - Processing ibo
2025-08-27 18:04:51,229 - INFO - Processing kin
2025-08-27 18:04:51,383 - INFO - Processing lug
2025-08-27 18:04:51,523 - INFO - Processing luo
2025-08-27 18:04:51,719 - INFO - Processing mos
2025-08-27 18:04:51,872 - INFO - Processing nya
2025-08-27 18:04:52,019 - INFO - Processing pcm
2025-08-27 18:04:52,152 - INFO - Processing sna
2025-08-27 18:04:52,291 - INFO - Processing swa
2025-08-27 18:04:52,440 - INFO - Processing tsn
2025-08-27 18:04:52,575 - INFO - Processing twi
2025-08-27 18:04:52,721 - INFO - Processing wol
2025-08-27 18:04:52,868 - INFO - Processing xho
2025-08-27 18:04:53,006 - INFO - Processing yor
2025-08-27 18:04:53,207 - INFO - Processing zul
2025-08-27 18:04:53,682 - INFO - === Layer 1 (mbert) — Top 5 (cosine) ===
2025-08-27 18:04:53,682 - INFO - 1. kin: cos=0.9119
2025-08-27 18:04:53,682 - INFO - 2. lug: cos=0.9049
2025-08-27 18:04:53,682 - INFO - 3. twi: cos=0.8974
2025-08-27 18:04:53,682 - INFO - 4. ibo: cos=0.8937
2025-08-27 18:04:53,682 - INFO - 5. luo: cos=0.8919
2025-08-27 18:04:53,682 - INFO - === Layer 1 (mbert) — Worst 5 (cosine) ===
2025-08-27 18:04:53,682 - INFO - 1. yor: cos=0.7045
2025-08-27 18:04:53,682 - INFO - 2. bbj: cos=0.7463
2025-08-27 18:04:53,682 - INFO - 3. mos: cos=0.7826
2025-08-27 18:04:53,682 - INFO - 4. fon: cos=0.7958
2025-08-27 18:04:53,682 - INFO - 5. bam: cos=0.8198
2025-08-27 18:04:53,808 - INFO - === Layer 2 (mbert) — Top 5 (cosine) ===
2025-08-27 18:04:53,808 - INFO - 1. kin: cos=0.9191
2025-08-27 18:04:53,808 - INFO - 2. twi: cos=0.9054
2025-08-27 18:04:53,808 - INFO - 3. luo: cos=0.9022
2025-08-27 18:04:53,808 - INFO - 4. lug: cos=0.9013
2025-08-27 18:04:53,808 - INFO - 5. ibo: cos=0.9007
2025-08-27 18:04:53,808 - INFO - === Layer 2 (mbert) — Worst 5 (cosine) ===
2025-08-27 18:04:53,808 - INFO - 1. yor: cos=0.7300
2025-08-27 18:04:53,808 - INFO - 2. bbj: cos=0.7687
2025-08-27 18:04:53,808 - INFO - 3. mos: cos=0.7984
2025-08-27 18:04:53,808 - INFO - 4. fon: cos=0.8120
2025-08-27 18:04:53,808 - INFO - 5. ewe: cos=0.8268
2025-08-27 18:04:53,929 - INFO - === Layer 3 (mbert) — Top 5 (cosine) ===
2025-08-27 18:04:53,929 - INFO - 1. kin: cos=0.9496
2025-08-27 18:04:53,929 - INFO - 2. luo: cos=0.9383
2025-08-27 18:04:53,929 - INFO - 3. twi: cos=0.9373
2025-08-27 18:04:53,929 - INFO - 4. nya: cos=0.9334
2025-08-27 18:04:53,929 - INFO - 5. lug: cos=0.9305
2025-08-27 18:04:53,929 - INFO - === Layer 3 (mbert) — Worst 5 (cosine) ===
2025-08-27 18:04:53,929 - INFO - 1. yor: cos=0.8234
2025-08-27 18:04:53,929 - INFO - 2. bbj: cos=0.8504
2025-08-27 18:04:53,929 - INFO - 3. mos: cos=0.8686
2025-08-27 18:04:53,929 - INFO - 4. ewe: cos=0.8816
2025-08-27 18:04:53,929 - INFO - 5. fon: cos=0.8847
2025-08-27 18:04:54,066 - INFO - === Layer 4 (mbert) — Top 5 (cosine) ===
2025-08-27 18:04:54,066 - INFO - 1. kin: cos=0.9608
2025-08-27 18:04:54,066 - INFO - 2. luo: cos=0.9539
2025-08-27 18:04:54,066 - INFO - 3. twi: cos=0.9537
2025-08-27 18:04:54,066 - INFO - 4. nya: cos=0.9479
2025-08-27 18:04:54,066 - INFO - 5. lug: cos=0.9430
2025-08-27 18:04:54,066 - INFO - === Layer 4 (mbert) — Worst 5 (cosine) ===
2025-08-27 18:04:54,066 - INFO - 1. yor: cos=0.8569
2025-08-27 18:04:54,066 - INFO - 2. bbj: cos=0.8785
2025-08-27 18:04:54,066 - INFO - 3. mos: cos=0.8923
2025-08-27 18:04:54,066 - INFO - 4. ewe: cos=0.8964
2025-08-27 18:04:54,066 - INFO - 5. fon: cos=0.9068
2025-08-27 18:04:54,190 - INFO - === Layer 5 (mbert) — Top 5 (cosine) ===
2025-08-27 18:04:54,190 - INFO - 1. kin: cos=0.9709
2025-08-27 18:04:54,190 - INFO - 2. luo: cos=0.9672
2025-08-27 18:04:54,190 - INFO - 3. twi: cos=0.9656
2025-08-27 18:04:54,190 - INFO - 4. nya: cos=0.9603
2025-08-27 18:04:54,190 - INFO - 5. sna: cos=0.9556
2025-08-27 18:04:54,190 - INFO - === Layer 5 (mbert) — Worst 5 (cosine) ===
2025-08-27 18:04:54,190 - INFO - 1. yor: cos=0.8923
2025-08-27 18:04:54,190 - INFO - 2. bbj: cos=0.9087
2025-08-27 18:04:54,190 - INFO - 3. ewe: cos=0.9157
2025-08-27 18:04:54,190 - INFO - 4. mos: cos=0.9231
2025-08-27 18:04:54,190 - INFO - 5. pcm: cos=0.9294
2025-08-27 18:04:54,377 - INFO - === Layer 6 (mbert) — Top 5 (cosine) ===
2025-08-27 18:04:54,377 - INFO - 1. luo: cos=0.9749
2025-08-27 18:04:54,377 - INFO - 2. kin: cos=0.9747
2025-08-27 18:04:54,377 - INFO - 3. twi: cos=0.9737
2025-08-27 18:04:54,377 - INFO - 4. nya: cos=0.9665
2025-08-27 18:04:54,377 - INFO - 5. tsn: cos=0.9659
2025-08-27 18:04:54,377 - INFO - === Layer 6 (mbert) — Worst 5 (cosine) ===
2025-08-27 18:04:54,377 - INFO - 1. yor: cos=0.9103
2025-08-27 18:04:54,378 - INFO - 2. bbj: cos=0.9203
2025-08-27 18:04:54,378 - INFO - 3. ewe: cos=0.9320
2025-08-27 18:04:54,378 - INFO - 4. mos: cos=0.9364
2025-08-27 18:04:54,378 - INFO - 5. pcm: cos=0.9397
2025-08-27 18:04:54,507 - INFO - === Layer 7 (mbert) — Top 5 (cosine) ===
2025-08-27 18:04:54,507 - INFO - 1. twi: cos=0.9647
2025-08-27 18:04:54,507 - INFO - 2. luo: cos=0.9625
2025-08-27 18:04:54,507 - INFO - 3. kin: cos=0.9622
2025-08-27 18:04:54,507 - INFO - 4. nya: cos=0.9551
2025-08-27 18:04:54,507 - INFO - 5. tsn: cos=0.9547
2025-08-27 18:04:54,507 - INFO - === Layer 7 (mbert) — Worst 5 (cosine) ===
2025-08-27 18:04:54,507 - INFO - 1. yor: cos=0.8830
2025-08-27 18:04:54,507 - INFO - 2. bbj: cos=0.8969
2025-08-27 18:04:54,507 - INFO - 3. mos: cos=0.9154
2025-08-27 18:04:54,507 - INFO - 4. ewe: cos=0.9156
2025-08-27 18:04:54,507 - INFO - 5. pcm: cos=0.9189
2025-08-27 18:04:54,645 - INFO - === Layer 8 (mbert) — Top 5 (cosine) ===
2025-08-27 18:04:54,645 - INFO - 1. twi: cos=0.9635
2025-08-27 18:04:54,645 - INFO - 2. luo: cos=0.9584
2025-08-27 18:04:54,645 - INFO - 3. kin: cos=0.9580
2025-08-27 18:04:54,645 - INFO - 4. nya: cos=0.9531
2025-08-27 18:04:54,645 - INFO - 5. tsn: cos=0.9519
2025-08-27 18:04:54,645 - INFO - === Layer 8 (mbert) — Worst 5 (cosine) ===
2025-08-27 18:04:54,645 - INFO - 1. yor: cos=0.8789
2025-08-27 18:04:54,645 - INFO - 2. bbj: cos=0.8961
2025-08-27 18:04:54,645 - INFO - 3. mos: cos=0.9095
2025-08-27 18:04:54,645 - INFO - 4. pcm: cos=0.9144
2025-08-27 18:04:54,645 - INFO - 5. ewe: cos=0.9152
2025-08-27 18:04:54,768 - INFO - === Layer 9 (mbert) — Top 5 (cosine) ===
2025-08-27 18:04:54,769 - INFO - 1. twi: cos=0.9714
2025-08-27 18:04:54,769 - INFO - 2. luo: cos=0.9696
2025-08-27 18:04:54,769 - INFO - 3. kin: cos=0.9691
2025-08-27 18:04:54,769 - INFO - 4. tsn: cos=0.9600
2025-08-27 18:04:54,769 - INFO - 5. ibo: cos=0.9593
2025-08-27 18:04:54,769 - INFO - === Layer 9 (mbert) — Worst 5 (cosine) ===
2025-08-27 18:04:54,769 - INFO - 1. yor: cos=0.9155
2025-08-27 18:04:54,769 - INFO - 2. bbj: cos=0.9252
2025-08-27 18:04:54,769 - INFO - 3. ewe: cos=0.9291
2025-08-27 18:04:54,769 - INFO - 4. pcm: cos=0.9315
2025-08-27 18:04:54,769 - INFO - 5. mos: cos=0.9320
2025-08-27 18:04:54,893 - INFO - === Layer 10 (mbert) — Top 5 (cosine) ===
2025-08-27 18:04:54,893 - INFO - 1. twi: cos=0.9840
2025-08-27 18:04:54,893 - INFO - 2. lug: cos=0.9794
2025-08-27 18:04:54,893 - INFO - 3. luo: cos=0.9793
2025-08-27 18:04:54,893 - INFO - 4. kin: cos=0.9775
2025-08-27 18:04:54,893 - INFO - 5. swa: cos=0.9770
2025-08-27 18:04:54,893 - INFO - === Layer 10 (mbert) — Worst 5 (cosine) ===
2025-08-27 18:04:54,893 - INFO - 1. yor: cos=0.9311
2025-08-27 18:04:54,893 - INFO - 2. xho: cos=0.9340
2025-08-27 18:04:54,893 - INFO - 3. bbj: cos=0.9489
2025-08-27 18:04:54,893 - INFO - 4. fon: cos=0.9507
2025-08-27 18:04:54,893 - INFO - 5. bam: cos=0.9524
2025-08-27 18:04:55,022 - INFO - === Layer 11 (mbert) — Top 5 (cosine) ===
2025-08-27 18:04:55,022 - INFO - 1. twi: cos=0.9846
2025-08-27 18:04:55,022 - INFO - 2. luo: cos=0.9803
2025-08-27 18:04:55,022 - INFO - 3. lug: cos=0.9791
2025-08-27 18:04:55,022 - INFO - 4. kin: cos=0.9776
2025-08-27 18:04:55,022 - INFO - 5. swa: cos=0.9752
2025-08-27 18:04:55,022 - INFO - === Layer 11 (mbert) — Worst 5 (cosine) ===
2025-08-27 18:04:55,022 - INFO - 1. yor: cos=0.9370
2025-08-27 18:04:55,022 - INFO - 2. xho: cos=0.9386
2025-08-27 18:04:55,022 - INFO - 3. bbj: cos=0.9489
2025-08-27 18:04:55,022 - INFO - 4. fon: cos=0.9565
2025-08-27 18:04:55,022 - INFO - 5. bam: cos=0.9568
2025-08-27 18:04:55,143 - INFO - === Layer 12 (mbert) — Top 5 (cosine) ===
2025-08-27 18:04:55,143 - INFO - 1. twi: cos=0.9320
2025-08-27 18:04:55,143 - INFO - 2. lug: cos=0.9249
2025-08-27 18:04:55,144 - INFO - 3. luo: cos=0.9108
2025-08-27 18:04:55,144 - INFO - 4. kin: cos=0.9060
2025-08-27 18:04:55,144 - INFO - 5. swa: cos=0.8920
2025-08-27 18:04:55,144 - INFO - === Layer 12 (mbert) — Worst 5 (cosine) ===
2025-08-27 18:04:55,144 - INFO - 1. xho: cos=0.7450
2025-08-27 18:04:55,144 - INFO - 2. yor: cos=0.7486
2025-08-27 18:04:55,144 - INFO - 3. bbj: cos=0.8075
2025-08-27 18:04:55,144 - INFO - 4. sna: cos=0.8203
2025-08-27 18:04:55,144 - INFO - 5. mos: cos=0.8263
2025-08-27 18:04:55,144 - INFO - Experiment finished successfully.
