2025-08-02 14:21:21,597 - INFO - Experiment started with model_type=xlmr, use_cls=False, use_context=False, context_window=3, use_hybrid=False, max_tokens_per_type=200, output_dir=rq2_train_scripts/Embeddings/MEXA_inspired_strategy/outputs/salt/xlmr/config_0_clsfalse_ctxfalse_hybfalse/tokens_200_ctx3
2025-08-02 14:21:23,405 - INFO - Processing run
2025-08-02 14:21:29,619 - INFO - Processing bam
2025-08-02 14:21:35,624 - INFO - Processing bbj
2025-08-02 14:21:41,727 - INFO - Processing ewe
2025-08-02 14:21:46,991 - INFO - Processing fon
2025-08-02 14:21:52,394 - INFO - Processing hau
2025-08-02 14:21:57,973 - INFO - Processing ibo
2025-08-02 14:22:03,995 - INFO - Processing kin
2025-08-02 14:22:09,363 - INFO - Processing lug
2025-08-02 14:22:14,762 - INFO - Processing luo
2025-08-02 14:22:20,439 - INFO - Processing mos
2025-08-02 14:22:25,807 - INFO - Processing nya
2025-08-02 14:22:31,646 - INFO - Processing pcm
2025-08-02 14:22:36,989 - INFO - Processing sna
2025-08-02 14:22:42,422 - INFO - Processing swa
2025-08-02 14:22:48,456 - INFO - Processing tsn
2025-08-02 14:22:53,733 - INFO - Processing twi
2025-08-02 14:22:59,591 - INFO - Processing wol
2025-08-02 14:23:04,898 - INFO - Processing xho
2025-08-02 14:23:10,290 - INFO - Processing yor
2025-08-02 14:23:15,725 - INFO - Processing zul
2025-08-02 14:23:21,826 - INFO - Top 5 languages most similar to Runyankore:
2025-08-02 14:23:21,827 - INFO - 1. lug - Mean Similarity: 0.9995
2025-08-02 14:23:21,827 - INFO - 2. kin - Mean Similarity: 0.9994
2025-08-02 14:23:21,827 - INFO - 3. luo - Mean Similarity: 0.9994
2025-08-02 14:23:21,827 - INFO - 4. ibo - Mean Similarity: 0.9993
2025-08-02 14:23:21,827 - INFO - 5. twi - Mean Similarity: 0.9993
2025-08-02 14:23:21,827 - INFO - Experiment finished successfully.
