2025-08-24 11:51:29,584 - INFO - Start: model_type=mbert, run_both=False, use_cls=True, use_context=False, context_window=2, max_tokens_per_type=400, batch_size=32, seed=1, num_middle_layers=3, output_dir=rq2_train_scripts/Embeddings/EXTENDED/outputs/mptc_extended/mbert/config_5_clstrue_ctxfalse_hybtrue/tokens_400_ctx2
2025-08-24 11:51:30,103 - INFO - mbert: selected layer indices (hidden_states) = [2, 3, 10, 12]
2025-08-24 11:51:30,953 - INFO - Processing run
2025-08-24 11:51:31,414 - INFO - Processing bam
2025-08-24 11:51:31,520 - INFO - Processing bbj
2025-08-24 11:51:31,609 - INFO - Processing ewe
2025-08-24 11:51:31,697 - INFO - Processing fon
2025-08-24 11:51:31,813 - INFO - Processing hau
2025-08-24 11:51:31,939 - INFO - Processing ibo
2025-08-24 11:51:32,049 - INFO - Processing kin
2025-08-24 11:51:32,142 - INFO - Processing lug
2025-08-24 11:51:32,231 - INFO - Processing luo
2025-08-24 11:51:32,318 - INFO - Processing mos
2025-08-24 11:51:32,398 - INFO - Processing nya
2025-08-24 11:51:32,493 - INFO - Processing pcm
2025-08-24 11:51:32,569 - INFO - Processing sna
2025-08-24 11:51:32,659 - INFO - Processing swa
2025-08-24 11:51:32,745 - INFO - Processing tsn
2025-08-24 11:51:32,822 - INFO - Processing twi
2025-08-24 11:51:32,907 - INFO - Processing wol
2025-08-24 11:51:33,038 - INFO - Processing xho
2025-08-24 11:51:33,123 - INFO - Processing yor
2025-08-24 11:51:33,227 - INFO - Processing zul
2025-08-24 11:51:33,542 - INFO - Layer 2 (mbert) — Top 5
2025-08-24 11:51:33,542 - INFO - 1. ibo: r=0.9999
2025-08-24 11:51:33,542 - INFO - 2. kin: r=0.9999
2025-08-24 11:51:33,542 - INFO - 3. zul: r=0.9999
2025-08-24 11:51:33,542 - INFO - 4. fon: r=0.9999
2025-08-24 11:51:33,542 - INFO - 5. luo: r=0.9999
2025-08-24 11:51:33,542 - INFO - Layer 2 (mbert) — Worst 5
2025-08-24 11:51:33,542 - INFO - 1. bbj: r=0.9991
2025-08-24 11:51:33,542 - INFO - 2. ewe: r=0.9993
2025-08-24 11:51:33,542 - INFO - 3. mos: r=0.9997
2025-08-24 11:51:33,542 - INFO - 4. pcm: r=0.9997
2025-08-24 11:51:33,542 - INFO - 5. xho: r=0.9998
2025-08-24 11:51:33,655 - INFO - Layer 3 (mbert) — Top 5
2025-08-24 11:51:33,655 - INFO - 1. ibo: r=1.0000
2025-08-24 11:51:33,655 - INFO - 2. kin: r=1.0000
2025-08-24 11:51:33,655 - INFO - 3. wol: r=1.0000
2025-08-24 11:51:33,655 - INFO - 4. zul: r=1.0000
2025-08-24 11:51:33,655 - INFO - 5. luo: r=1.0000
2025-08-24 11:51:33,655 - INFO - Layer 3 (mbert) — Worst 5
2025-08-24 11:51:33,655 - INFO - 1. bbj: r=0.9998
2025-08-24 11:51:33,655 - INFO - 2. ewe: r=0.9999
2025-08-24 11:51:33,655 - INFO - 3. mos: r=0.9999
2025-08-24 11:51:33,655 - INFO - 4. pcm: r=0.9999
2025-08-24 11:51:33,655 - INFO - 5. bam: r=1.0000
2025-08-24 11:51:33,767 - INFO - Layer 10 (mbert) — Top 5
2025-08-24 11:51:33,767 - INFO - 1. twi: r=0.9846
2025-08-24 11:51:33,767 - INFO - 2. kin: r=0.9839
2025-08-24 11:51:33,767 - INFO - 3. swa: r=0.9837
2025-08-24 11:51:33,767 - INFO - 4. luo: r=0.9834
2025-08-24 11:51:33,767 - INFO - 5. ibo: r=0.9816
2025-08-24 11:51:33,767 - INFO - Layer 10 (mbert) — Worst 5
2025-08-24 11:51:33,767 - INFO - 1. yor: r=0.9612
2025-08-24 11:51:33,767 - INFO - 2. bbj: r=0.9631
2025-08-24 11:51:33,767 - INFO - 3. mos: r=0.9715
2025-08-24 11:51:33,767 - INFO - 4. pcm: r=0.9719
2025-08-24 11:51:33,767 - INFO - 5. fon: r=0.9719
2025-08-24 11:51:33,881 - INFO - Layer 12 (mbert) — Top 5
2025-08-24 11:51:33,881 - INFO - 1. kin: r=0.9608
2025-08-24 11:51:33,881 - INFO - 2. twi: r=0.9600
2025-08-24 11:51:33,881 - INFO - 3. lug: r=0.9558
2025-08-24 11:51:33,881 - INFO - 4. swa: r=0.9536
2025-08-24 11:51:33,881 - INFO - 5. luo: r=0.9528
2025-08-24 11:51:33,881 - INFO - Layer 12 (mbert) — Worst 5
2025-08-24 11:51:33,881 - INFO - 1. yor: r=0.8914
2025-08-24 11:51:33,881 - INFO - 2. bbj: r=0.8928
2025-08-24 11:51:33,881 - INFO - 3. pcm: r=0.9197
2025-08-24 11:51:33,881 - INFO - 4. mos: r=0.9216
2025-08-24 11:51:33,881 - INFO - 5. wol: r=0.9226
2025-08-24 11:51:33,882 - INFO - Experiment finished successfully.
