2025-12-15 09:42:33,669 - INFO - Start: model_type=afroxlmr, use_cls=False, use_context=True, context_window=3, max_tokens_per_type=400, batch_size=64, output_dir=rq2_train_scripts/Embeddings/CLEAN/outputs/combined/afroxlmr/config_2_clsfalse_ctxtrue/tokens_400_ctx3/core, save_prototypes=False, seed=42, fp16=True, max_length=96, langs=all, layers=all, span_mode=bio, pool=mean, entity_tags={'PER', 'ORG', 'DATE', 'LOC'}, title_suffix='L=all, tokens=400, ctx=3, cls=false, fp16=true'
2025-12-15 09:42:35,610 - INFO - Processing run
2025-12-15 09:42:36,076 - INFO - Processing bam
2025-12-15 09:42:36,196 - INFO - Processing bbj
2025-12-15 09:42:36,311 - INFO - Processing ewe
2025-12-15 09:42:36,418 - INFO - Processing fon
2025-12-15 09:42:36,540 - INFO - Processing hau
2025-12-15 09:42:36,664 - INFO - Processing ibo
2025-12-15 09:42:36,816 - INFO - Processing kin
2025-12-15 09:42:36,939 - INFO - Processing lug
2025-12-15 09:42:37,055 - INFO - Processing luo
2025-12-15 09:42:37,173 - INFO - Processing mos
2025-12-15 09:42:37,302 - INFO - Processing nya
2025-12-15 09:42:37,424 - INFO - Processing pcm
2025-12-15 09:42:37,532 - INFO - Processing sna
2025-12-15 09:42:37,654 - INFO - Processing swa
2025-12-15 09:42:37,770 - INFO - Processing tsn
2025-12-15 09:42:37,874 - INFO - Processing twi
2025-12-15 09:42:37,992 - INFO - Processing wol
2025-12-15 09:42:38,118 - INFO - Processing xho
2025-12-15 09:42:38,230 - INFO - Processing yor
2025-12-15 09:42:38,377 - INFO - Processing zul
2025-12-15 09:42:38,894 - INFO - === Layer 1 (afroxlmr) — Top 5 (cosine) ===
2025-12-15 09:42:38,894 - INFO - 1. kin: cos=0.9169
2025-12-15 09:42:38,894 - INFO - 2. lug: cos=0.8942
2025-12-15 09:42:38,894 - INFO - 3. twi: cos=0.8915
2025-12-15 09:42:38,894 - INFO - 4. luo: cos=0.8914
2025-12-15 09:42:38,894 - INFO - 5. zul: cos=0.8897
2025-12-15 09:42:38,894 - INFO - === Layer 1 (afroxlmr) — Worst 5 (cosine) ===
2025-12-15 09:42:38,894 - INFO - 1. bam: cos=0.8149
2025-12-15 09:42:38,894 - INFO - 2. hau: cos=0.8191
2025-12-15 09:42:38,894 - INFO - 3. bbj: cos=0.8217
2025-12-15 09:42:38,895 - INFO - 4. yor: cos=0.8260
2025-12-15 09:42:38,895 - INFO - 5. fon: cos=0.8294
2025-12-15 09:42:39,014 - INFO - === Layer 2 (afroxlmr) — Top 5 (cosine) ===
2025-12-15 09:42:39,014 - INFO - 1. kin: cos=0.9675
2025-12-15 09:42:39,014 - INFO - 2. twi: cos=0.9635
2025-12-15 09:42:39,014 - INFO - 3. nya: cos=0.9634
2025-12-15 09:42:39,014 - INFO - 4. lug: cos=0.9630
2025-12-15 09:42:39,014 - INFO - 5. luo: cos=0.9622
2025-12-15 09:42:39,014 - INFO - === Layer 2 (afroxlmr) — Worst 5 (cosine) ===
2025-12-15 09:42:39,014 - INFO - 1. hau: cos=0.9329
2025-12-15 09:42:39,015 - INFO - 2. pcm: cos=0.9378
2025-12-15 09:42:39,015 - INFO - 3. bam: cos=0.9381
2025-12-15 09:42:39,015 - INFO - 4. yor: cos=0.9416
2025-12-15 09:42:39,015 - INFO - 5. swa: cos=0.9425
2025-12-15 09:42:39,134 - INFO - === Layer 3 (afroxlmr) — Top 5 (cosine) ===
2025-12-15 09:42:39,134 - INFO - 1. twi: cos=0.9739
2025-12-15 09:42:39,134 - INFO - 2. kin: cos=0.9738
2025-12-15 09:42:39,134 - INFO - 3. nya: cos=0.9725
2025-12-15 09:42:39,134 - INFO - 4. lug: cos=0.9707
2025-12-15 09:42:39,134 - INFO - 5. ibo: cos=0.9703
2025-12-15 09:42:39,134 - INFO - === Layer 3 (afroxlmr) — Worst 5 (cosine) ===
2025-12-15 09:42:39,134 - INFO - 1. hau: cos=0.9470
2025-12-15 09:42:39,134 - INFO - 2. pcm: cos=0.9516
2025-12-15 09:42:39,134 - INFO - 3. swa: cos=0.9528
2025-12-15 09:42:39,134 - INFO - 4. bam: cos=0.9538
2025-12-15 09:42:39,134 - INFO - 5. yor: cos=0.9547
2025-12-15 09:42:39,254 - INFO - === Layer 4 (afroxlmr) — Top 5 (cosine) ===
2025-12-15 09:42:39,254 - INFO - 1. twi: cos=0.9715
2025-12-15 09:42:39,254 - INFO - 2. nya: cos=0.9681
2025-12-15 09:42:39,254 - INFO - 3. lug: cos=0.9674
2025-12-15 09:42:39,254 - INFO - 4. ibo: cos=0.9661
2025-12-15 09:42:39,254 - INFO - 5. kin: cos=0.9658
2025-12-15 09:42:39,254 - INFO - === Layer 4 (afroxlmr) — Worst 5 (cosine) ===
2025-12-15 09:42:39,254 - INFO - 1. hau: cos=0.9396
2025-12-15 09:42:39,254 - INFO - 2. pcm: cos=0.9424
2025-12-15 09:42:39,254 - INFO - 3. bbj: cos=0.9459
2025-12-15 09:42:39,254 - INFO - 4. bam: cos=0.9460
2025-12-15 09:42:39,254 - INFO - 5. swa: cos=0.9462
2025-12-15 09:42:39,374 - INFO - === Layer 5 (afroxlmr) — Top 5 (cosine) ===
2025-12-15 09:42:39,374 - INFO - 1. twi: cos=0.9721
2025-12-15 09:42:39,374 - INFO - 2. nya: cos=0.9703
2025-12-15 09:42:39,374 - INFO - 3. kin: cos=0.9675
2025-12-15 09:42:39,374 - INFO - 4. sna: cos=0.9674
2025-12-15 09:42:39,374 - INFO - 5. luo: cos=0.9674
2025-12-15 09:42:39,374 - INFO - === Layer 5 (afroxlmr) — Worst 5 (cosine) ===
2025-12-15 09:42:39,374 - INFO - 1. hau: cos=0.9420
2025-12-15 09:42:39,374 - INFO - 2. pcm: cos=0.9477
2025-12-15 09:42:39,374 - INFO - 3. bbj: cos=0.9498
2025-12-15 09:42:39,374 - INFO - 4. bam: cos=0.9503
2025-12-15 09:42:39,374 - INFO - 5. yor: cos=0.9503
2025-12-15 09:42:39,494 - INFO - === Layer 6 (afroxlmr) — Top 5 (cosine) ===
2025-12-15 09:42:39,494 - INFO - 1. twi: cos=0.9736
2025-12-15 09:42:39,494 - INFO - 2. lug: cos=0.9715
2025-12-15 09:42:39,494 - INFO - 3. kin: cos=0.9699
2025-12-15 09:42:39,494 - INFO - 4. ibo: cos=0.9691
2025-12-15 09:42:39,494 - INFO - 5. tsn: cos=0.9690
2025-12-15 09:42:39,494 - INFO - === Layer 6 (afroxlmr) — Worst 5 (cosine) ===
2025-12-15 09:42:39,494 - INFO - 1. hau: cos=0.9469
2025-12-15 09:42:39,494 - INFO - 2. pcm: cos=0.9509
2025-12-15 09:42:39,494 - INFO - 3. swa: cos=0.9511
2025-12-15 09:42:39,494 - INFO - 4. bbj: cos=0.9528
2025-12-15 09:42:39,494 - INFO - 5. yor: cos=0.9558
2025-12-15 09:42:39,614 - INFO - === Layer 7 (afroxlmr) — Top 5 (cosine) ===
2025-12-15 09:42:39,614 - INFO - 1. lug: cos=0.9776
2025-12-15 09:42:39,614 - INFO - 2. twi: cos=0.9773
2025-12-15 09:42:39,614 - INFO - 3. kin: cos=0.9752
2025-12-15 09:42:39,614 - INFO - 4. tsn: cos=0.9751
2025-12-15 09:42:39,614 - INFO - 5. luo: cos=0.9729
2025-12-15 09:42:39,614 - INFO - === Layer 7 (afroxlmr) — Worst 5 (cosine) ===
2025-12-15 09:42:39,614 - INFO - 1. hau: cos=0.9569
2025-12-15 09:42:39,614 - INFO - 2. pcm: cos=0.9592
2025-12-15 09:42:39,614 - INFO - 3. swa: cos=0.9594
2025-12-15 09:42:39,614 - INFO - 4. bbj: cos=0.9601
2025-12-15 09:42:39,614 - INFO - 5. yor: cos=0.9622
2025-12-15 09:42:39,733 - INFO - === Layer 8 (afroxlmr) — Top 5 (cosine) ===
2025-12-15 09:42:39,733 - INFO - 1. twi: cos=0.9791
2025-12-15 09:42:39,733 - INFO - 2. lug: cos=0.9787
2025-12-15 09:42:39,733 - INFO - 3. kin: cos=0.9786
2025-12-15 09:42:39,733 - INFO - 4. tsn: cos=0.9767
2025-12-15 09:42:39,733 - INFO - 5. ewe: cos=0.9762
2025-12-15 09:42:39,733 - INFO - === Layer 8 (afroxlmr) — Worst 5 (cosine) ===
2025-12-15 09:42:39,733 - INFO - 1. bbj: cos=0.9565
2025-12-15 09:42:39,733 - INFO - 2. yor: cos=0.9611
2025-12-15 09:42:39,733 - INFO - 3. bam: cos=0.9623
2025-12-15 09:42:39,733 - INFO - 4. xho: cos=0.9637
2025-12-15 09:42:39,733 - INFO - 5. hau: cos=0.9641
2025-12-15 09:42:39,916 - INFO - === Layer 9 (afroxlmr) — Top 5 (cosine) ===
2025-12-15 09:42:39,916 - INFO - 1. twi: cos=0.9812
2025-12-15 09:42:39,916 - INFO - 2. lug: cos=0.9811
2025-12-15 09:42:39,916 - INFO - 3. tsn: cos=0.9796
2025-12-15 09:42:39,916 - INFO - 4. ewe: cos=0.9786
2025-12-15 09:42:39,916 - INFO - 5. kin: cos=0.9781
2025-12-15 09:42:39,916 - INFO - === Layer 9 (afroxlmr) — Worst 5 (cosine) ===
2025-12-15 09:42:39,916 - INFO - 1. bbj: cos=0.9588
2025-12-15 09:42:39,916 - INFO - 2. bam: cos=0.9613
2025-12-15 09:42:39,916 - INFO - 3. yor: cos=0.9629
2025-12-15 09:42:39,916 - INFO - 4. xho: cos=0.9648
2025-12-15 09:42:39,916 - INFO - 5. hau: cos=0.9660
2025-12-15 09:42:40,037 - INFO - === Layer 10 (afroxlmr) — Top 5 (cosine) ===
2025-12-15 09:42:40,037 - INFO - 1. lug: cos=0.9820
2025-12-15 09:42:40,037 - INFO - 2. tsn: cos=0.9781
2025-12-15 09:42:40,037 - INFO - 3. twi: cos=0.9777
2025-12-15 09:42:40,037 - INFO - 4. ewe: cos=0.9762
2025-12-15 09:42:40,037 - INFO - 5. kin: cos=0.9742
2025-12-15 09:42:40,037 - INFO - === Layer 10 (afroxlmr) — Worst 5 (cosine) ===
2025-12-15 09:42:40,037 - INFO - 1. yor: cos=0.9480
2025-12-15 09:42:40,037 - INFO - 2. xho: cos=0.9508
2025-12-15 09:42:40,037 - INFO - 3. bbj: cos=0.9534
2025-12-15 09:42:40,037 - INFO - 4. bam: cos=0.9568
2025-12-15 09:42:40,037 - INFO - 5. hau: cos=0.9586
2025-12-15 09:42:40,160 - INFO - === Layer 11 (afroxlmr) — Top 5 (cosine) ===
2025-12-15 09:42:40,160 - INFO - 1. lug: cos=0.9831
2025-12-15 09:42:40,160 - INFO - 2. tsn: cos=0.9794
2025-12-15 09:42:40,160 - INFO - 3. ewe: cos=0.9777
2025-12-15 09:42:40,160 - INFO - 4. kin: cos=0.9759
2025-12-15 09:42:40,160 - INFO - 5. twi: cos=0.9758
2025-12-15 09:42:40,160 - INFO - === Layer 11 (afroxlmr) — Worst 5 (cosine) ===
2025-12-15 09:42:40,160 - INFO - 1. bbj: cos=0.9545
2025-12-15 09:42:40,160 - INFO - 2. yor: cos=0.9561
2025-12-15 09:42:40,160 - INFO - 3. bam: cos=0.9565
2025-12-15 09:42:40,160 - INFO - 4. xho: cos=0.9606
2025-12-15 09:42:40,160 - INFO - 5. hau: cos=0.9638
2025-12-15 09:42:40,282 - INFO - === Layer 12 (afroxlmr) — Top 5 (cosine) ===
2025-12-15 09:42:40,282 - INFO - 1. lug: cos=0.9697
2025-12-15 09:42:40,282 - INFO - 2. tsn: cos=0.9692
2025-12-15 09:42:40,282 - INFO - 3. kin: cos=0.9685
2025-12-15 09:42:40,282 - INFO - 4. ewe: cos=0.9657
2025-12-15 09:42:40,282 - INFO - 5. nya: cos=0.9653
2025-12-15 09:42:40,282 - INFO - === Layer 12 (afroxlmr) — Worst 5 (cosine) ===
2025-12-15 09:42:40,282 - INFO - 1. yor: cos=0.9265
2025-12-15 09:42:40,282 - INFO - 2. bbj: cos=0.9373
2025-12-15 09:42:40,282 - INFO - 3. bam: cos=0.9440
2025-12-15 09:42:40,282 - INFO - 4. hau: cos=0.9485
2025-12-15 09:42:40,282 - INFO - 5. mos: cos=0.9517
2025-12-15 09:42:40,283 - INFO - Experiment finished successfully.
