2025-08-02 22:33:56,746 - INFO - Experiment started with model_type=mbert, use_cls=False, use_context=False, context_window=2, use_hybrid=True, max_tokens_per_type=200, output_dir=rq2_train_scripts/Embeddings/MEXA_inspired_strategy/outputs/combined/mbert/config_3_clsfalse_ctxfalse_hybtrue/tokens_200_ctx2
2025-08-02 22:33:57,974 - INFO - Processing run
2025-08-02 22:33:59,795 - INFO - Processing bam
2025-08-02 22:34:01,277 - INFO - Processing bbj
2025-08-02 22:34:02,739 - INFO - Processing ewe
2025-08-02 22:34:04,198 - INFO - Processing fon
2025-08-02 22:34:05,695 - INFO - Processing hau
2025-08-02 22:34:07,188 - INFO - Processing ibo
2025-08-02 22:34:08,713 - INFO - Processing kin
2025-08-02 22:34:10,207 - INFO - Processing lug
2025-08-02 22:34:11,669 - INFO - Processing luo
2025-08-02 22:34:13,154 - INFO - Processing mos
2025-08-02 22:34:14,639 - INFO - Processing nya
2025-08-02 22:34:16,135 - INFO - Processing pcm
2025-08-02 22:34:17,607 - INFO - Processing sna
2025-08-02 22:34:19,087 - INFO - Processing swa
2025-08-02 22:34:20,557 - INFO - Processing tsn
2025-08-02 22:34:22,005 - INFO - Processing twi
2025-08-02 22:34:23,467 - INFO - Processing wol
2025-08-02 22:34:24,940 - INFO - Processing xho
2025-08-02 22:34:26,405 - INFO - Processing yor
2025-08-02 22:34:27,916 - INFO - Processing zul
2025-08-02 22:34:29,852 - INFO - Top 5 languages most similar to Runyankore:
2025-08-02 22:34:29,852 - INFO - 1. lug - Mean Similarity: 0.6279
2025-08-02 22:34:29,852 - INFO - 2. luo - Mean Similarity: 0.6102
2025-08-02 22:34:29,852 - INFO - 3. kin - Mean Similarity: 0.6010
2025-08-02 22:34:29,852 - INFO - 4. ibo - Mean Similarity: 0.5982
2025-08-02 22:34:29,852 - INFO - 5. twi - Mean Similarity: 0.5949
2025-08-02 22:34:29,852 - INFO - Experiment finished successfully.
