2025-08-27 07:45:46,416 - INFO - Start: model_type=xlmr, use_cls=False, use_context=True, context_window=1, max_tokens_per_type=200, batch_size=64, output_dir=rq2_train_scripts/Embeddings/CLEAN/outputs/mptc/xlmr/config_2_clsfalse_ctxtrue/tokens_200_ctx1, save_prototypes=False, seed=42, fp16=True, max_length=96, langs=all, layers=all, span_mode=bio, pool=mean, entity_tags={'ORG', 'LOC', 'DATE', 'PER'}, title_suffix='L=all, tokens=200, ctx=1, cls=false, fp16=true'
2025-08-27 07:45:48,606 - INFO - Processing run
2025-08-27 07:45:49,033 - INFO - Processing bam
2025-08-27 07:45:49,136 - INFO - Processing bbj
2025-08-27 07:45:49,211 - INFO - Processing ewe
2025-08-27 07:45:49,286 - INFO - Processing fon
2025-08-27 07:45:49,381 - INFO - Processing hau
2025-08-27 07:45:49,476 - INFO - Processing ibo
2025-08-27 07:45:49,594 - INFO - Processing kin
2025-08-27 07:45:49,695 - INFO - Processing lug
2025-08-27 07:45:49,780 - INFO - Processing luo
2025-08-27 07:45:49,874 - INFO - Processing mos
2025-08-27 07:45:49,969 - INFO - Processing nya
2025-08-27 07:45:50,067 - INFO - Processing pcm
2025-08-27 07:45:50,154 - INFO - Processing sna
2025-08-27 07:45:50,243 - INFO - Processing swa
2025-08-27 07:45:50,338 - INFO - Processing tsn
2025-08-27 07:45:50,419 - INFO - Processing twi
2025-08-27 07:45:50,508 - INFO - Processing wol
2025-08-27 07:45:50,599 - INFO - Processing xho
2025-08-27 07:45:50,686 - INFO - Processing yor
2025-08-27 07:45:50,806 - INFO - Processing zul
2025-08-27 07:45:51,312 - INFO - === Layer 1 (xlmr) — Top 5 (cosine) ===
2025-08-27 07:45:51,312 - INFO - 1. kin: cos=0.9237
2025-08-27 07:45:51,312 - INFO - 2. luo: cos=0.9233
2025-08-27 07:45:51,312 - INFO - 3. twi: cos=0.9232
2025-08-27 07:45:51,312 - INFO - 4. tsn: cos=0.9196
2025-08-27 07:45:51,312 - INFO - 5. zul: cos=0.9148
2025-08-27 07:45:51,312 - INFO - === Layer 1 (xlmr) — Worst 5 (cosine) ===
2025-08-27 07:45:51,312 - INFO - 1. pcm: cos=0.8545
2025-08-27 07:45:51,312 - INFO - 2. hau: cos=0.8585
2025-08-27 07:45:51,312 - INFO - 3. swa: cos=0.8673
2025-08-27 07:45:51,312 - INFO - 4. fon: cos=0.8685
2025-08-27 07:45:51,312 - INFO - 5. bbj: cos=0.8692
2025-08-27 07:45:51,439 - INFO - === Layer 2 (xlmr) — Top 5 (cosine) ===
2025-08-27 07:45:51,439 - INFO - 1. twi: cos=0.9699
2025-08-27 07:45:51,439 - INFO - 2. kin: cos=0.9697
2025-08-27 07:45:51,439 - INFO - 3. luo: cos=0.9694
2025-08-27 07:45:51,439 - INFO - 4. lug: cos=0.9687
2025-08-27 07:45:51,439 - INFO - 5. zul: cos=0.9673
2025-08-27 07:45:51,439 - INFO - === Layer 2 (xlmr) — Worst 5 (cosine) ===
2025-08-27 07:45:51,439 - INFO - 1. pcm: cos=0.9378
2025-08-27 07:45:51,439 - INFO - 2. hau: cos=0.9435
2025-08-27 07:45:51,439 - INFO - 3. yor: cos=0.9440
2025-08-27 07:45:51,439 - INFO - 4. swa: cos=0.9447
2025-08-27 07:45:51,439 - INFO - 5. fon: cos=0.9476
2025-08-27 07:45:51,567 - INFO - === Layer 3 (xlmr) — Top 5 (cosine) ===
2025-08-27 07:45:51,567 - INFO - 1. kin: cos=0.9793
2025-08-27 07:45:51,567 - INFO - 2. twi: cos=0.9790
2025-08-27 07:45:51,567 - INFO - 3. zul: cos=0.9769
2025-08-27 07:45:51,567 - INFO - 4. luo: cos=0.9768
2025-08-27 07:45:51,567 - INFO - 5. tsn: cos=0.9750
2025-08-27 07:45:51,567 - INFO - === Layer 3 (xlmr) — Worst 5 (cosine) ===
2025-08-27 07:45:51,567 - INFO - 1. pcm: cos=0.9495
2025-08-27 07:45:51,567 - INFO - 2. hau: cos=0.9527
2025-08-27 07:45:51,567 - INFO - 3. swa: cos=0.9550
2025-08-27 07:45:51,567 - INFO - 4. yor: cos=0.9608
2025-08-27 07:45:51,567 - INFO - 5. mos: cos=0.9653
2025-08-27 07:45:51,695 - INFO - === Layer 4 (xlmr) — Top 5 (cosine) ===
2025-08-27 07:45:51,695 - INFO - 1. zul: cos=0.9772
2025-08-27 07:45:51,695 - INFO - 2. twi: cos=0.9762
2025-08-27 07:45:51,695 - INFO - 3. sna: cos=0.9755
2025-08-27 07:45:51,695 - INFO - 4. ibo: cos=0.9753
2025-08-27 07:45:51,695 - INFO - 5. tsn: cos=0.9730
2025-08-27 07:45:51,695 - INFO - === Layer 4 (xlmr) — Worst 5 (cosine) ===
2025-08-27 07:45:51,695 - INFO - 1. pcm: cos=0.9428
2025-08-27 07:45:51,695 - INFO - 2. swa: cos=0.9450
2025-08-27 07:45:51,695 - INFO - 3. hau: cos=0.9529
2025-08-27 07:45:51,695 - INFO - 4. yor: cos=0.9642
2025-08-27 07:45:51,695 - INFO - 5. lug: cos=0.9653
2025-08-27 07:45:51,824 - INFO - === Layer 5 (xlmr) — Top 5 (cosine) ===
2025-08-27 07:45:51,824 - INFO - 1. twi: cos=0.9756
2025-08-27 07:45:51,824 - INFO - 2. ewe: cos=0.9756
2025-08-27 07:45:51,824 - INFO - 3. zul: cos=0.9745
2025-08-27 07:45:51,824 - INFO - 4. mos: cos=0.9730
2025-08-27 07:45:51,824 - INFO - 5. sna: cos=0.9717
2025-08-27 07:45:51,824 - INFO - === Layer 5 (xlmr) — Worst 5 (cosine) ===
2025-08-27 07:45:51,824 - INFO - 1. swa: cos=0.9546
2025-08-27 07:45:51,824 - INFO - 2. pcm: cos=0.9562
2025-08-27 07:45:51,824 - INFO - 3. lug: cos=0.9579
2025-08-27 07:45:51,824 - INFO - 4. yor: cos=0.9582
2025-08-27 07:45:51,824 - INFO - 5. hau: cos=0.9602
2025-08-27 07:45:51,952 - INFO - === Layer 6 (xlmr) — Top 5 (cosine) ===
2025-08-27 07:45:51,952 - INFO - 1. twi: cos=0.9695
2025-08-27 07:45:51,952 - INFO - 2. sna: cos=0.9660
2025-08-27 07:45:51,952 - INFO - 3. zul: cos=0.9644
2025-08-27 07:45:51,952 - INFO - 4. mos: cos=0.9634
2025-08-27 07:45:51,952 - INFO - 5. fon: cos=0.9629
2025-08-27 07:45:51,952 - INFO - === Layer 6 (xlmr) — Worst 5 (cosine) ===
2025-08-27 07:45:51,952 - INFO - 1. swa: cos=0.9415
2025-08-27 07:45:51,952 - INFO - 2. pcm: cos=0.9447
2025-08-27 07:45:51,952 - INFO - 3. lug: cos=0.9459
2025-08-27 07:45:51,952 - INFO - 4. yor: cos=0.9470
2025-08-27 07:45:51,952 - INFO - 5. kin: cos=0.9514
2025-08-27 07:45:52,081 - INFO - === Layer 7 (xlmr) — Top 5 (cosine) ===
2025-08-27 07:45:52,081 - INFO - 1. twi: cos=0.9762
2025-08-27 07:45:52,081 - INFO - 2. ibo: cos=0.9748
2025-08-27 07:45:52,081 - INFO - 3. sna: cos=0.9735
2025-08-27 07:45:52,081 - INFO - 4. zul: cos=0.9719
2025-08-27 07:45:52,081 - INFO - 5. fon: cos=0.9710
2025-08-27 07:45:52,081 - INFO - === Layer 7 (xlmr) — Worst 5 (cosine) ===
2025-08-27 07:45:52,081 - INFO - 1. luo: cos=0.9519
2025-08-27 07:45:52,081 - INFO - 2. swa: cos=0.9542
2025-08-27 07:45:52,081 - INFO - 3. lug: cos=0.9560
2025-08-27 07:45:52,081 - INFO - 4. pcm: cos=0.9572
2025-08-27 07:45:52,081 - INFO - 5. kin: cos=0.9616
2025-08-27 07:45:52,272 - INFO - === Layer 8 (xlmr) — Top 5 (cosine) ===
2025-08-27 07:45:52,273 - INFO - 1. twi: cos=0.9750
2025-08-27 07:45:52,273 - INFO - 2. ibo: cos=0.9712
2025-08-27 07:45:52,273 - INFO - 3. sna: cos=0.9703
2025-08-27 07:45:52,273 - INFO - 4. fon: cos=0.9701
2025-08-27 07:45:52,273 - INFO - 5. bam: cos=0.9699
2025-08-27 07:45:52,273 - INFO - === Layer 8 (xlmr) — Worst 5 (cosine) ===
2025-08-27 07:45:52,273 - INFO - 1. pcm: cos=0.9504
2025-08-27 07:45:52,273 - INFO - 2. luo: cos=0.9507
2025-08-27 07:45:52,273 - INFO - 3. lug: cos=0.9524
2025-08-27 07:45:52,273 - INFO - 4. swa: cos=0.9530
2025-08-27 07:45:52,273 - INFO - 5. xho: cos=0.9591
2025-08-27 07:45:52,400 - INFO - === Layer 9 (xlmr) — Top 5 (cosine) ===
2025-08-27 07:45:52,400 - INFO - 1. twi: cos=0.9782
2025-08-27 07:45:52,400 - INFO - 2. bam: cos=0.9762
2025-08-27 07:45:52,400 - INFO - 3. ibo: cos=0.9757
2025-08-27 07:45:52,400 - INFO - 4. nya: cos=0.9750
2025-08-27 07:45:52,400 - INFO - 5. fon: cos=0.9749
2025-08-27 07:45:52,400 - INFO - === Layer 9 (xlmr) — Worst 5 (cosine) ===
2025-08-27 07:45:52,400 - INFO - 1. swa: cos=0.9438
2025-08-27 07:45:52,400 - INFO - 2. luo: cos=0.9534
2025-08-27 07:45:52,400 - INFO - 3. lug: cos=0.9592
2025-08-27 07:45:52,400 - INFO - 4. kin: cos=0.9606
2025-08-27 07:45:52,400 - INFO - 5. pcm: cos=0.9629
2025-08-27 07:45:52,528 - INFO - === Layer 10 (xlmr) — Top 5 (cosine) ===
2025-08-27 07:45:52,528 - INFO - 1. twi: cos=0.9764
2025-08-27 07:45:52,528 - INFO - 2. nya: cos=0.9760
2025-08-27 07:45:52,528 - INFO - 3. bam: cos=0.9745
2025-08-27 07:45:52,528 - INFO - 4. ibo: cos=0.9741
2025-08-27 07:45:52,528 - INFO - 5. fon: cos=0.9727
2025-08-27 07:45:52,528 - INFO - === Layer 10 (xlmr) — Worst 5 (cosine) ===
2025-08-27 07:45:52,528 - INFO - 1. kin: cos=0.9375
2025-08-27 07:45:52,528 - INFO - 2. luo: cos=0.9557
2025-08-27 07:45:52,528 - INFO - 3. swa: cos=0.9584
2025-08-27 07:45:52,528 - INFO - 4. lug: cos=0.9612
2025-08-27 07:45:52,528 - INFO - 5. xho: cos=0.9633
2025-08-27 07:45:52,655 - INFO - === Layer 11 (xlmr) — Top 5 (cosine) ===
2025-08-27 07:45:52,655 - INFO - 1. nya: cos=0.9810
2025-08-27 07:45:52,655 - INFO - 2. wol: cos=0.9791
2025-08-27 07:45:52,655 - INFO - 3. ibo: cos=0.9771
2025-08-27 07:45:52,655 - INFO - 4. mos: cos=0.9762
2025-08-27 07:45:52,655 - INFO - 5. bam: cos=0.9759
2025-08-27 07:45:52,655 - INFO - === Layer 11 (xlmr) — Worst 5 (cosine) ===
2025-08-27 07:45:52,655 - INFO - 1. swa: cos=0.9232
2025-08-27 07:45:52,655 - INFO - 2. fon: cos=0.9235
2025-08-27 07:45:52,655 - INFO - 3. twi: cos=0.9324
2025-08-27 07:45:52,655 - INFO - 4. luo: cos=0.9601
2025-08-27 07:45:52,655 - INFO - 5. bbj: cos=0.9624
2025-08-27 07:45:52,782 - INFO - === Layer 12 (xlmr) — Top 5 (cosine) ===
2025-08-27 07:45:52,782 - INFO - 1. nya: cos=0.9984
2025-08-27 07:45:52,782 - INFO - 2. wol: cos=0.9981
2025-08-27 07:45:52,782 - INFO - 3. bbj: cos=0.9980
2025-08-27 07:45:52,782 - INFO - 4. ibo: cos=0.9980
2025-08-27 07:45:52,782 - INFO - 5. tsn: cos=0.9979
2025-08-27 07:45:52,782 - INFO - === Layer 12 (xlmr) — Worst 5 (cosine) ===
2025-08-27 07:45:52,782 - INFO - 1. hau: cos=0.9896
2025-08-27 07:45:52,782 - INFO - 2. fon: cos=0.9925
2025-08-27 07:45:52,782 - INFO - 3. swa: cos=0.9926
2025-08-27 07:45:52,782 - INFO - 4. twi: cos=0.9935
2025-08-27 07:45:52,782 - INFO - 5. lug: cos=0.9964
2025-08-27 07:45:52,782 - INFO - Experiment finished successfully.
