2025-08-02 22:41:39,958 - INFO - Experiment started with model_type=mbert, use_cls=True, use_context=True, context_window=0, use_hybrid=False, max_tokens_per_type=200, output_dir=rq2_train_scripts/Embeddings/MEXA_inspired_strategy/outputs/combined/mbert/config_4_clstrue_ctxtrue_hybfalse/tokens_200_ctx0
2025-08-02 22:41:41,135 - INFO - Processing run
2025-08-02 22:41:42,983 - INFO - Processing bam
2025-08-02 22:41:44,478 - INFO - Processing bbj
2025-08-02 22:41:45,937 - INFO - Processing ewe
2025-08-02 22:41:47,374 - INFO - Processing fon
2025-08-02 22:41:48,853 - INFO - Processing hau
2025-08-02 22:41:50,345 - INFO - Processing ibo
2025-08-02 22:41:51,863 - INFO - Processing kin
2025-08-02 22:41:53,351 - INFO - Processing lug
2025-08-02 22:41:54,814 - INFO - Processing luo
2025-08-02 22:41:56,294 - INFO - Processing mos
2025-08-02 22:41:57,768 - INFO - Processing nya
2025-08-02 22:41:59,248 - INFO - Processing pcm
2025-08-02 22:42:00,711 - INFO - Processing sna
2025-08-02 22:42:02,187 - INFO - Processing swa
2025-08-02 22:42:03,652 - INFO - Processing tsn
2025-08-02 22:42:05,107 - INFO - Processing twi
2025-08-02 22:42:06,567 - INFO - Processing wol
2025-08-02 22:42:08,032 - INFO - Processing xho
2025-08-02 22:42:09,492 - INFO - Processing yor
2025-08-02 22:42:11,003 - INFO - Processing zul
2025-08-02 22:42:12,916 - INFO - Top 5 languages most similar to Runyankore:
2025-08-02 22:42:12,917 - INFO - 1. lug - Mean Similarity: 0.9812
2025-08-02 22:42:12,917 - INFO - 2. kin - Mean Similarity: 0.9737
2025-08-02 22:42:12,917 - INFO - 3. twi - Mean Similarity: 0.9737
2025-08-02 22:42:12,917 - INFO - 4. luo - Mean Similarity: 0.9723
2025-08-02 22:42:12,917 - INFO - 5. swa - Mean Similarity: 0.9708
2025-08-02 22:42:12,917 - INFO - Experiment finished successfully.
