2025-08-03 06:07:40,444 - INFO - Experiment started with model_type=xlmr, use_cls=True, use_context=True, context_window=1, use_hybrid=False, max_tokens_per_type=500, output_dir=rq2_train_scripts/Embeddings/MEXA_inspired_strategy/outputs/mptc/xlmr/config_4_clstrue_ctxtrue_hybfalse/tokens_500_ctx1
2025-08-03 06:07:41,930 - INFO - Processing run
2025-08-03 06:07:43,986 - INFO - Processing bam
2025-08-03 06:07:47,842 - INFO - Processing bbj
2025-08-03 06:07:52,176 - INFO - Processing ewe
2025-08-03 06:07:56,456 - INFO - Processing fon
2025-08-03 06:08:00,775 - INFO - Processing hau
2025-08-03 06:08:05,111 - INFO - Processing ibo
2025-08-03 06:08:09,479 - INFO - Processing kin
2025-08-03 06:08:13,832 - INFO - Processing lug
2025-08-03 06:08:18,142 - INFO - Processing luo
2025-08-03 06:08:22,483 - INFO - Processing mos
2025-08-03 06:08:26,825 - INFO - Processing nya
2025-08-03 06:08:31,257 - INFO - Processing pcm
2025-08-03 06:08:35,590 - INFO - Processing sna
2025-08-03 06:08:39,956 - INFO - Processing swa
2025-08-03 06:08:44,320 - INFO - Processing tsn
2025-08-03 06:08:48,685 - INFO - Processing twi
2025-08-03 06:08:53,047 - INFO - Processing wol
2025-08-03 06:08:57,406 - INFO - Processing xho
2025-08-03 06:09:01,764 - INFO - Processing yor
2025-08-03 06:09:06,164 - INFO - Processing zul
2025-08-03 06:09:10,991 - INFO - Top 5 languages most similar to Runyankore:
2025-08-03 06:09:10,991 - INFO - 1. zul - Mean Similarity: 0.9942
2025-08-03 06:09:10,991 - INFO - 2. xho - Mean Similarity: 0.9938
2025-08-03 06:09:10,991 - INFO - 3. tsn - Mean Similarity: 0.9922
2025-08-03 06:09:10,991 - INFO - 4. nya - Mean Similarity: 0.9920
2025-08-03 06:09:10,991 - INFO - 5. swa - Mean Similarity: 0.9919
2025-08-03 06:09:10,991 - INFO - Experiment finished successfully.
