2025-08-03 06:42:16,822 - INFO - Experiment started with model_type=xlmr, use_cls=False, use_context=True, context_window=1, use_hybrid=True, max_tokens_per_type=500, output_dir=rq2_train_scripts/Embeddings/MEXA_inspired_strategy/outputs/mptc/xlmr/config_6_clsfalse_ctxtrue_hybtrue/tokens_500_ctx1
2025-08-03 06:42:18,310 - INFO - Processing run
2025-08-03 06:42:20,358 - INFO - Processing bam
2025-08-03 06:42:24,148 - INFO - Processing bbj
2025-08-03 06:42:28,390 - INFO - Processing ewe
2025-08-03 06:42:32,636 - INFO - Processing fon
2025-08-03 06:42:36,902 - INFO - Processing hau
2025-08-03 06:42:41,164 - INFO - Processing ibo
2025-08-03 06:42:45,467 - INFO - Processing kin
2025-08-03 06:42:49,745 - INFO - Processing lug
2025-08-03 06:42:54,001 - INFO - Processing luo
2025-08-03 06:42:58,264 - INFO - Processing mos
2025-08-03 06:43:02,537 - INFO - Processing nya
2025-08-03 06:43:06,897 - INFO - Processing pcm
2025-08-03 06:43:11,151 - INFO - Processing sna
2025-08-03 06:43:15,443 - INFO - Processing swa
2025-08-03 06:43:19,718 - INFO - Processing tsn
2025-08-03 06:43:23,982 - INFO - Processing twi
2025-08-03 06:43:28,280 - INFO - Processing wol
2025-08-03 06:43:32,565 - INFO - Processing xho
2025-08-03 06:43:36,837 - INFO - Processing yor
2025-08-03 06:43:41,174 - INFO - Processing zul
2025-08-03 06:43:45,970 - INFO - Top 5 languages most similar to Runyankore:
2025-08-03 06:43:45,970 - INFO - 1. kin - Mean Similarity: 0.7517
2025-08-03 06:43:45,970 - INFO - 2. lug - Mean Similarity: 0.7477
2025-08-03 06:43:45,970 - INFO - 3. sna - Mean Similarity: 0.7411
2025-08-03 06:43:45,970 - INFO - 4. nya - Mean Similarity: 0.7404
2025-08-03 06:43:45,970 - INFO - 5. luo - Mean Similarity: 0.7361
2025-08-03 06:43:45,970 - INFO - Experiment finished successfully.
