2025-08-02 14:54:22,707 - INFO - Experiment started with model_type=xlmr, use_cls=True, use_context=False, context_window=1, use_hybrid=False, max_tokens_per_type=400, output_dir=rq2_train_scripts/Embeddings/MEXA_inspired_strategy/outputs/salt/xlmr/config_1_clstrue_ctxfalse_hybfalse/tokens_400_ctx1
2025-08-02 14:54:24,491 - INFO - Processing run
2025-08-02 14:54:35,318 - INFO - Processing bam
2025-08-02 14:54:45,815 - INFO - Processing bbj
2025-08-02 14:54:56,518 - INFO - Processing ewe
2025-08-02 14:55:07,992 - INFO - Processing fon
2025-08-02 14:55:19,107 - INFO - Processing hau
2025-08-02 14:55:30,442 - INFO - Processing ibo
2025-08-02 14:55:41,608 - INFO - Processing kin
2025-08-02 14:55:53,378 - INFO - Processing lug
2025-08-02 14:56:04,651 - INFO - Processing luo
2025-08-02 14:56:15,656 - INFO - Processing mos
2025-08-02 14:56:26,352 - INFO - Processing nya
2025-08-02 14:56:37,732 - INFO - Processing pcm
2025-08-02 14:56:48,787 - INFO - Processing sna
2025-08-02 14:57:00,137 - INFO - Processing swa
2025-08-02 14:57:11,125 - INFO - Processing tsn
2025-08-02 14:57:22,014 - INFO - Processing twi
2025-08-02 14:57:33,132 - INFO - Processing wol
2025-08-02 14:57:44,509 - INFO - Processing xho
2025-08-02 14:57:55,896 - INFO - Processing yor
2025-08-02 14:58:07,326 - INFO - Processing zul
2025-08-02 14:58:19,298 - INFO - Top 5 languages most similar to Runyankore:
2025-08-02 14:58:19,299 - INFO - 1. lug - Mean Similarity: 1.0000
2025-08-02 14:58:19,299 - INFO - 2. twi - Mean Similarity: 0.9999
2025-08-02 14:58:19,299 - INFO - 3. luo - Mean Similarity: 0.9999
2025-08-02 14:58:19,299 - INFO - 4. kin - Mean Similarity: 0.9999
2025-08-02 14:58:19,299 - INFO - 5. nya - Mean Similarity: 0.9999
2025-08-02 14:58:19,299 - INFO - Experiment finished successfully.
