2025-08-03 04:51:46,085 - INFO - Experiment started with model_type=xlmr, use_cls=False, use_context=False, context_window=0, use_hybrid=False, max_tokens_per_type=200, output_dir=rq2_train_scripts/Embeddings/MEXA_inspired_strategy/outputs/mptc/xlmr/config_0_clsfalse_ctxfalse_hybfalse/tokens_200_ctx0
2025-08-03 04:51:47,591 - INFO - Processing run
2025-08-03 04:51:49,096 - INFO - Processing bam
2025-08-03 04:51:50,803 - INFO - Processing bbj
2025-08-03 04:51:52,482 - INFO - Processing ewe
2025-08-03 04:51:54,157 - INFO - Processing fon
2025-08-03 04:51:55,867 - INFO - Processing hau
2025-08-03 04:51:57,563 - INFO - Processing ibo
2025-08-03 04:51:59,280 - INFO - Processing kin
2025-08-03 04:52:00,994 - INFO - Processing lug
2025-08-03 04:52:02,664 - INFO - Processing luo
2025-08-03 04:52:04,358 - INFO - Processing mos
2025-08-03 04:52:06,067 - INFO - Processing nya
2025-08-03 04:52:07,777 - INFO - Processing pcm
2025-08-03 04:52:09,441 - INFO - Processing sna
2025-08-03 04:52:11,146 - INFO - Processing swa
2025-08-03 04:52:12,828 - INFO - Processing tsn
2025-08-03 04:52:14,496 - INFO - Processing twi
2025-08-03 04:52:16,181 - INFO - Processing wol
2025-08-03 04:52:17,881 - INFO - Processing xho
2025-08-03 04:52:19,568 - INFO - Processing yor
2025-08-03 04:52:21,305 - INFO - Processing zul
2025-08-03 04:52:23,441 - INFO - Top 5 languages most similar to Runyankore:
2025-08-03 04:52:23,441 - INFO - 1. luo - Mean Similarity: 0.9969
2025-08-03 04:52:23,441 - INFO - 2. twi - Mean Similarity: 0.9969
2025-08-03 04:52:23,442 - INFO - 3. ibo - Mean Similarity: 0.9966
2025-08-03 04:52:23,442 - INFO - 4. ewe - Mean Similarity: 0.9966
2025-08-03 04:52:23,442 - INFO - 5. tsn - Mean Similarity: 0.9966
2025-08-03 04:52:23,442 - INFO - Experiment finished successfully.
