2025-08-27 09:38:46,836 - INFO - Start: model_type=xlmr, use_cls=False, use_context=False, context_window=1, max_tokens_per_type=200, batch_size=64, output_dir=rq2_train_scripts/Embeddings/CLEAN/outputs/salt/xlmr/config_0_clsfalse_ctxfalse/tokens_200_ctx1/core, save_prototypes=False, seed=42, fp16=True, max_length=96, langs=all, layers=all, span_mode=bio, pool=mean, entity_tags={'PER', 'ORG', 'LOC', 'DATE'}, title_suffix='L=all, tokens=200, ctx=1, cls=false, fp16=true'
2025-08-27 09:38:49,011 - INFO - Processing run
2025-08-27 09:38:49,493 - INFO - Processing bam
2025-08-27 09:38:49,580 - INFO - Processing bbj
2025-08-27 09:38:49,657 - INFO - Processing ewe
2025-08-27 09:38:49,735 - INFO - Processing fon
2025-08-27 09:38:49,831 - INFO - Processing hau
2025-08-27 09:38:49,927 - INFO - Processing ibo
2025-08-27 09:38:50,046 - INFO - Processing kin
2025-08-27 09:38:50,145 - INFO - Processing lug
20252025-08-27 09:38:50,330 - INFO - Processing 20252025-08-27 09:38:50,731 - INFO - Processing mos
2025-08-27 09:38:51,129 - INFO - Processing nya
2025-08-27 09:38:51,441 - INFO - Processing pcm
2025-08-27 09:38:51,781 - INFO - Processing sna
2025-08-27 09:38:52,158 - INFO - Processing swa
2025-08-27 09:38:52,508 - INFO - Processing tsn
2025-08-27 09:38:52,827 - INFO - Processing twi
2025-08-27 09:38:53,167 - INFO - Processing wol
2025-08-27 09:38:53,529 - INFO - Processing xho
2025-08-27 09:38:53,878 - INFO - Processing yor
2025-08-27 09:38:54,201 - INFO - Processing zul
2025-08-27 09:38:54,783 - INFO - === Layer 1 (xlmr) — Top 5 (cosine) ===
2025-08-27 09:38:54,783 - INFO - 1. kin: cos=0.9686
2025-08-27 09:38:54,783 - INFO - 2. twi: cos=0.9643
2025-08-27 09:38:54,783 - INFO - 3. ibo: cos=0.9599
2025-08-27 09:38:54,783 - INFO - 4. luo: cos=0.9582
2025-08-27 09:38:54,783 - INFO - 5. tsn: cos=0.9550
2025-08-27 09:38:54,783 - INFO - === Layer 1 (xlmr) — Worst 5 (cosine) ===
2025-08-27 09:38:54,783 - INFO - 1. hau: cos=0.9107
2025-08-27 09:38:54,783 - INFO - 2. fon: cos=0.9124
2025-08-27 09:38:54,783 - INFO - 3. mos: cos=0.9149
2025-08-27 09:38:54,783 - INFO - 4. yor: cos=0.9187
2025-08-27 09:38:54,783 - INFO - 5. bbj: cos=0.9260
2025-08-27 09:38:54,910 - INFO - === Layer 2 (xlmr) — Top 5 (cosine) ===
2025-08-27 09:38:54,910 - INFO - 1. kin: cos=0.9869
2025-08-27 09:38:54,910 - INFO - 2. twi: cos=0.9845
2025-08-27 09:38:54,910 - INFO - 3. ibo: cos=0.9829
2025-08-27 09:38:54,910 - INFO - 4. luo: cos=0.9826
2025-08-27 09:38:54,910 - INFO - 5. tsn: cos=0.9799
2025-08-27 09:38:54,910 - INFO - === Layer 2 (xlmr) — Worst 5 (cosine) ===
2025-08-27 09:38:54,910 - INFO - 1. hau: cos=0.9608
2025-08-27 09:38:54,910 - INFO - 2. mos: cos=0.9624
2025-08-27 09:38:54,910 - INFO - 3. fon: cos=0.9627
2025-08-27 09:38:54,910 - INFO - 4. yor: cos=0.9649
2025-08-27 09:38:54,910 - INFO - 5. pcm: cos=0.9678
2025-08-27 09:38:55,033 - INFO - === Layer 3 (xlmr) — Top 5 (cosine) ===
2025-08-27 09:38:55,033 - INFO - 1. kin: cos=0.9905
2025-08-27 09:38:55,033 - INFO - 2. twi: cos=0.9879
2025-08-27 09:38:55,033 - INFO - 3. luo: cos=0.9872
2025-08-27 09:38:55,033 - INFO - 4. tsn: cos=0.9850
2025-08-27 09:38:55,033 - INFO - 5. ibo: cos=0.9849
2025-08-27 09:38:55,033 - INFO - === Layer 3 (xlmr) — Worst 5 (cosine) ===
2025-08-27 09:38:55,033 - INFO - 1. hau: cos=0.9694
2025-08-27 09:38:55,033 - INFO - 2. mos: cos=0.9736
2025-08-27 09:38:55,033 - INFO - 3. pcm: cos=0.9748
2025-08-27 09:38:55,033 - INFO - 4. fon: cos=0.9757
2025-08-27 09:38:55,033 - INFO - 5. yor: cos=0.9769
2025-08-27 09:38:55,162 - INFO - === Layer 4 (xlmr) — Top 5 (cosine) ===
2025-08-27 09:38:55,162 - INFO - 1. kin: cos=0.9895
2025-08-27 09:38:55,162 - INFO - 2. twi: cos=0.9870
2025-08-27 09:38:55,162 - INFO - 3. luo: cos=0.9859
2025-08-27 09:38:55,162 - INFO - 4. ibo: cos=0.9829
2025-08-27 09:38:55,162 - INFO - 5. tsn: cos=0.9827
2025-08-27 09:38:55,162 - INFO - === Layer 4 (xlmr) — Worst 5 (cosine) ===
2025-08-27 09:38:55,162 - INFO - 1. hau: cos=0.9646
2025-08-27 09:38:55,162 - INFO - 2. pcm: cos=0.9733
2025-08-27 09:38:55,162 - INFO - 3. fon: cos=0.9733
2025-08-27 09:38:55,162 - INFO - 4. mos: cos=0.9734
2025-08-27 09:38:55,162 - INFO - 5. bbj: cos=0.9751
2025-08-27 09:38:55,294 - INFO - === Layer 5 (xlmr) — Top 5 (cosine) ===
2025-08-27 09:38:55,294 - INFO - 1. kin: cos=0.9906
2025-08-27 09:38:55,294 - INFO - 2. twi: cos=0.9883
2025-08-27 09:38:55,294 - INFO - 3. luo: cos=0.9878
2025-08-27 09:38:55,294 - INFO - 4. ibo: cos=0.9847
2025-08-27 09:38:55,294 - INFO - 5. tsn: cos=0.9846
2025-08-27 09:38:55,294 - INFO - === Layer 5 (xlmr) — Worst 5 (cosine) ===
2025-08-27 09:38:55,294 - INFO - 1. hau: cos=0.9674
2025-08-27 09:38:55,294 - INFO - 2. fon: cos=0.9752
2025-08-27 09:38:55,294 - INFO - 3. bbj: cos=0.9763
2025-08-27 09:38:55,294 - INFO - 4. pcm: cos=0.9777
2025-08-27 09:38:55,294 - INFO - 5. yor: cos=0.9782
2025-08-27 09:38:55,454 - INFO - === Layer 6 (xlmr) — Top 5 (cosine) ===
2025-08-27 09:38:55,454 - INFO - 1. kin: cos=0.9870
2025-08-27 09:38:55,454 - INFO - 2. twi: cos=0.9841
2025-08-27 09:38:55,454 - INFO - 3. luo: cos=0.9836
2025-08-27 09:38:55,454 - INFO - 4. ibo: cos=0.9794
2025-08-27 09:38:55,454 - INFO - 5. tsn: cos=0.9779
2025-08-27 09:38:55,454 - INFO - === Layer 6 (xlmr) — Worst 5 (cosine) ===
2025-08-27 09:38:55,454 - INFO - 1. hau: cos=0.9627
2025-08-27 09:38:55,454 - INFO - 2. pcm: cos=0.9655
2025-08-27 09:38:55,454 - INFO - 3. bbj: cos=0.9660
2025-08-27 09:38:55,454 - INFO - 4. fon: cos=0.9683
2025-08-27 09:38:55,454 - INFO - 5. swa: cos=0.9684
2025-08-27 09:38:55,585 - INFO - === Layer 7 (xlmr) — Top 5 (cosine) ===
2025-08-27 09:38:55,585 - INFO - 1. kin: cos=0.9894
2025-08-27 09:38:55,585 - INFO - 2. twi: cos=0.9882
2025-08-27 09:38:55,585 - INFO - 3. luo: cos=0.9862
2025-08-27 09:38:55,585 - INFO - 4. ibo: cos=0.9835
2025-08-27 09:38:55,585 - INFO - 5. tsn: cos=0.9834
2025-08-27 09:38:55,585 - INFO - === Layer 7 (xlmr) — Worst 5 (cosine) ===
2025-08-27 09:38:55,585 - INFO - 1. hau: cos=0.9720
2025-08-27 09:38:55,585 - INFO - 2. bbj: cos=0.9740
2025-08-27 09:38:55,585 - INFO - 3. fon: cos=0.9749
2025-08-27 09:38:55,585 - INFO - 4. pcm: cos=0.9755
2025-08-27 09:38:55,585 - INFO - 5. mos: cos=0.9765
2025-08-27 09:38:55,727 - INFO - === Layer 8 (xlmr) — Top 5 (cosine) ===
2025-08-27 09:38:55,727 - INFO - 1. kin: cos=0.9884
2025-08-27 09:38:55,727 - INFO - 2. twi: cos=0.9876
2025-08-27 09:38:55,727 - INFO - 3. luo: cos=0.9854
2025-08-27 09:38:55,727 - INFO - 4. ibo: cos=0.9825
2025-08-27 09:38:55,727 - INFO - 5. tsn: cos=0.9824
2025-08-27 09:38:55,727 - INFO - === Layer 8 (xlmr) — Worst 5 (cosine) ===
2025-08-27 09:38:55,727 - INFO - 1. hau: cos=0.9686
2025-08-27 09:38:55,727 - INFO - 2. bbj: cos=0.9721
2025-08-27 09:38:55,727 - INFO - 3. bam: cos=0.9721
2025-08-27 09:38:55,727 - INFO - 4. pcm: cos=0.9727
2025-08-27 09:38:55,727 - INFO - 5. fon: cos=0.9734
2025-08-27 09:38:55,935 - INFO - === Layer 9 (xlmr) — Top 5 (cosine) ===
2025-08-27 09:38:55,935 - INFO - 1. twi: cos=0.9882
2025-08-27 09:38:55,935 - INFO - 2. kin: cos=0.9879
2025-08-27 09:38:55,935 - INFO - 3. luo: cos=0.9847
2025-08-27 09:38:55,935 - INFO - 4. ibo: cos=0.9830
2025-08-27 09:38:55,935 - INFO - 5. tsn: cos=0.9818
2025-08-27 09:38:55,935 - INFO - === Layer 9 (xlmr) — Worst 5 (cosine) ===
2025-08-27 09:38:55,935 - INFO - 1. hau: cos=0.9683
2025-08-27 09:38:55,935 - INFO - 2. pcm: cos=0.9697
2025-08-27 09:38:55,935 - INFO - 3. bam: cos=0.9733
2025-08-27 09:38:55,935 - INFO - 4. swa: cos=0.9738
2025-08-27 09:38:55,935 - INFO - 5. bbj: cos=0.9739
2025-08-27 09:38:56,062 - INFO - === Layer 10 (xlmr) — Top 5 (cosine) ===
2025-08-27 09:38:56,062 - INFO - 1. twi: cos=0.9901
2025-08-27 09:38:56,062 - INFO - 2. kin: cos=0.9882
2025-08-27 09:38:56,063 - INFO - 3. swa: cos=0.9847
2025-08-27 09:38:56,063 - INFO - 4. ewe: cos=0.9833
2025-08-27 09:38:56,063 - INFO - 5. luo: cos=0.9831
2025-08-27 09:38:56,063 - INFO - === Layer 10 (xlmr) — Worst 5 (cosine) ===
2025-08-27 09:38:56,063 - INFO - 1. hau: cos=0.9694
2025-08-27 09:38:56,063 - INFO - 2. bam: cos=0.9723
2025-08-27 09:38:56,063 - INFO - 3. xho: cos=0.9725
2025-08-27 09:38:56,063 - INFO - 4. bbj: cos=0.9741
2025-08-27 09:38:56,063 - INFO - 5. yor: cos=0.9759
2025-08-27 09:38:56,190 - INFO - === Layer 11 (xlmr) — Top 5 (cosine) ===
2025-08-27 09:38:56,190 - INFO - 1. twi: cos=0.9907
2025-08-27 09:38:56,190 - INFO - 2. kin: cos=0.9889
2025-08-27 09:38:56,190 - INFO - 3. swa: cos=0.9863
2025-08-27 09:38:56,190 - INFO - 4. ewe: cos=0.9862
2025-08-27 09:38:56,190 - INFO - 5. luo: cos=0.9859
2025-08-27 09:38:56,190 - INFO - === Layer 11 (xlmr) — Worst 5 (cosine) ===
2025-08-27 09:38:56,190 - INFO - 1. xho: cos=0.9753
2025-08-27 09:38:56,190 - INFO - 2. hau: cos=0.9759
2025-08-27 09:38:56,191 - INFO - 3. bam: cos=0.9780
2025-08-27 09:38:56,191 - INFO - 4. bbj: cos=0.9785
2025-08-27 09:38:56,191 - INFO - 5. yor: cos=0.9795
2025-08-27 09:38:56,312 - INFO - === Layer 12 (xlmr) — Top 5 (cosine) ===
2025-08-27 09:38:56,312 - INFO - 1. twi: cos=0.9991
2025-08-27 09:38:56,312 - INFO - 2. kin: cos=0.9990
2025-08-27 09:38:56,312 - INFO - 3. luo: cos=0.9988
2025-08-27 09:38:56,312 - INFO - 4. ewe: cos=0.9987
2025-08-27 09:38:56,312 - INFO - 5. swa: cos=0.9986
2025-08-27 09:38:56,312 - INFO - === Layer 12 (xlmr) — Worst 5 (cosine) ===
2025-08-27 09:38:56,312 - INFO - 1. hau: cos=0.9976
2025-08-27 09:38:56,312 - INFO - 2. bam: cos=0.9979
2025-08-27 09:38:56,312 - INFO - 3. xho: cos=0.9980
2025-08-27 09:38:56,312 - INFO - 4. bbj: cos=0.9980
2025-08-27 09:38:56,312 - INFO - 5. yor: cos=0.9981
2025-08-27 09:38:56,313 - INFO - Experiment finished successfully.
