2025-08-24 11:20:32,627 - INFO - Start: model_type=xlmr, run_both=False, use_cls=True, use_context=True, context_window=0, max_tokens_per_type=300, batch_size=32, seed=1, num_middle_layers=3, output_dir=rq2_train_scripts/Embeddings/EXTENDED/outputs/salt_extended/xlmr/config_4_clstrue_ctxtrue_hybfalse/tokens_300_ctx0
2025-08-24 11:20:33,180 - INFO - xlmr: selected layer indices (hidden_states) = [2, 3, 10, 12]
2025-08-24 11:20:35,062 - INFO - Processing run
2025-08-24 11:20:35,632 - INFO - Processing bam
2025-08-24 11:20:35,847 - INFO - Processing bbj
2025-08-24 11:20:36,039 - INFO - Processing ewe
2025-08-24 11:20:36,241 - INFO - Processing fon
2025-08-24 11:20:36,456 - INFO - Processing hau
2025-08-24 11:20:36,645 - INFO - Processing ibo
2025-08-24 11:20:36,883 - INFO - Processing kin
2025-08-24 11:20:37,105 - INFO - Processing lug
2025-08-24 11:20:37,297 - INFO - Processing luo
2025-08-24 11:20:37,484 - INFO - Processing mos
2025-08-24 11:20:37,690 - INFO - Processing nya
2025-08-24 11:20:37,894 - INFO - Processing pcm
2025-08-24 11:20:38,079 - INFO - Processing sna
2025-08-24 11:20:38,295 - INFO - Processing swa
2025-08-24 11:20:38,486 - INFO - Processing tsn
2025-08-24 11:20:38,662 - INFO - Processing twi
2025-08-24 11:20:38,858 - INFO - Processing wol
2025-08-24 11:20:39,070 - INFO - Processing xho
2025-08-24 11:20:39,276 - INFO - Processing yor
2025-08-24 11:20:39,484 - INFO - Processing zul
2025-08-24 11:20:40,012 - INFO - Layer 2 (xlmr) — Top 5
2025-08-24 11:20:40,012 - INFO - 1. kin: r=1.0000
2025-08-24 11:20:40,012 - INFO - 2. twi: r=1.0000
2025-08-24 11:20:40,012 - INFO - 3. luo: r=1.0000
2025-08-24 11:20:40,012 - INFO - 4. tsn: r=1.0000
2025-08-24 11:20:40,012 - INFO - 5. ewe: r=1.0000
2025-08-24 11:20:40,012 - INFO - Layer 2 (xlmr) — Worst 5
2025-08-24 11:20:40,012 - INFO - 1. bam: r=0.9999
2025-08-24 11:20:40,012 - INFO - 2. fon: r=0.9999
2025-08-24 11:20:40,012 - INFO - 3. bbj: r=0.9999
2025-08-24 11:20:40,012 - INFO - 4. mos: r=1.0000
2025-08-24 11:20:40,012 - INFO - 5. pcm: r=1.0000
2025-08-24 11:20:40,130 - INFO - Layer 3 (xlmr) — Top 5
2025-08-24 11:20:40,130 - INFO - 1. kin: r=1.0000
2025-08-24 11:20:40,130 - INFO - 2. twi: r=1.0000
2025-08-24 11:20:40,130 - INFO - 3. tsn: r=1.0000
2025-08-24 11:20:40,130 - INFO - 4. ewe: r=1.0000
2025-08-24 11:20:40,130 - INFO - 5. luo: r=1.0000
2025-08-24 11:20:40,130 - INFO - Layer 3 (xlmr) — Worst 5
2025-08-24 11:20:40,130 - INFO - 1. bbj: r=1.0000
2025-08-24 11:20:40,130 - INFO - 2. fon: r=1.0000
2025-08-24 11:20:40,130 - INFO - 3. bam: r=1.0000
2025-08-24 11:20:40,130 - INFO - 4. pcm: r=1.0000
2025-08-24 11:20:40,130 - INFO - 5. mos: r=1.0000
2025-08-24 11:20:40,247 - INFO - Layer 10 (xlmr) — Top 5
2025-08-24 11:20:40,247 - INFO - 1. swa: r=1.0000
2025-08-24 11:20:40,247 - INFO - 2. kin: r=1.0000
2025-08-24 11:20:40,247 - INFO - 3. tsn: r=1.0000
2025-08-24 11:20:40,247 - INFO - 4. luo: r=1.0000
2025-08-24 11:20:40,247 - INFO - 5. zul: r=1.0000
2025-08-24 11:20:40,247 - INFO - Layer 10 (xlmr) — Worst 5
2025-08-24 11:20:40,247 - INFO - 1. fon: r=1.0000
2025-08-24 11:20:40,247 - INFO - 2. hau: r=1.0000
2025-08-24 11:20:40,247 - INFO - 3. pcm: r=1.0000
2025-08-24 11:20:40,247 - INFO - 4. ibo: r=1.0000
2025-08-24 11:20:40,247 - INFO - 5. bbj: r=1.0000
2025-08-24 11:20:40,363 - INFO - Layer 12 (xlmr) — Top 5
2025-08-24 11:20:40,363 - INFO - 1. lug: r=0.9999
2025-08-24 11:20:40,363 - INFO - 2. twi: r=0.9999
2025-08-24 11:20:40,363 - INFO - 3. mos: r=0.9998
2025-08-24 11:20:40,363 - INFO - 4. nya: r=0.9998
2025-08-24 11:20:40,363 - INFO - 5. zul: r=0.9998
2025-08-24 11:20:40,363 - INFO - Layer 12 (xlmr) — Worst 5
2025-08-24 11:20:40,363 - INFO - 1. hau: r=0.9974
2025-08-24 11:20:40,363 - INFO - 2. fon: r=0.9992
2025-08-24 11:20:40,363 - INFO - 3. pcm: r=0.9994
2025-08-24 11:20:40,363 - INFO - 4. ibo: r=0.9996
2025-08-24 11:20:40,363 - INFO - 5. swa: r=0.9997
2025-08-24 11:20:40,364 - INFO - Experiment finished successfully.
