2025-08-02 19:49:18,717 - INFO - Experiment started with model_type=xlmr, use_cls=False, use_context=True, context_window=2, use_hybrid=True, max_tokens_per_type=400, output_dir=rq2_train_scripts/Embeddings/MEXA_inspired_strategy/outputs/salt/xlmr/config_6_clsfalse_ctxtrue_hybtrue/tokens_400_ctx2
2025-08-02 19:49:20,602 - INFO - Processing run
2025-08-02 19:49:31,541 - INFO - Processing bam
2025-08-02 19:49:42,090 - INFO - Processing bbj
2025-08-02 19:49:53,970 - INFO - Processing ewe
2025-08-02 19:50:05,379 - INFO - Processing fon
2025-08-02 19:50:17,160 - INFO - Processing hau
2025-08-02 19:50:28,661 - INFO - Processing ibo
2025-08-02 19:50:40,153 - INFO - Processing kin
2025-08-02 19:50:51,185 - INFO - Processing lug
2025-08-02 19:51:03,093 - INFO - Processing luo
2025-08-02 19:51:14,138 - INFO - Processing mos
2025-08-02 19:51:26,238 - INFO - Processing nya
2025-08-02 19:51:37,835 - INFO - Processing pcm
2025-08-02 19:51:48,837 - INFO - Processing sna
2025-08-02 19:51:59,825 - INFO - Processing swa
2025-08-02 19:52:11,035 - INFO - Processing tsn
2025-08-02 19:52:22,103 - INFO - Processing twi
2025-08-02 19:52:33,083 - INFO - Processing wol
2025-08-02 19:52:44,082 - INFO - Processing xho
2025-08-02 19:52:55,754 - INFO - Processing yor
2025-08-02 19:53:06,739 - INFO - Processing zul
2025-08-02 19:53:18,314 - INFO - Top 5 languages most similar to Runyankore:
2025-08-02 19:53:18,314 - INFO - 1. lug - Mean Similarity: 0.8409
2025-08-02 19:53:18,314 - INFO - 2. kin - Mean Similarity: 0.8160
2025-08-02 19:53:18,314 - INFO - 3. nya - Mean Similarity: 0.8070
2025-08-02 19:53:18,314 - INFO - 4. luo - Mean Similarity: 0.8011
2025-08-02 19:53:18,314 - INFO - 5. sna - Mean Similarity: 0.7987
2025-08-02 19:53:18,314 - INFO - Experiment finished successfully.
