2025-08-27 18:36:10,218 - INFO - Start: model_type=mbert, use_cls=True, use_context=True, context_window=3, max_tokens_per_type=400, batch_size=64, output_dir=rq2_train_scripts/Embeddings/CLEAN/outputs/salt/mbert/config_3_clstrue_ctxtrue/tokens_400_ctx3/core, save_prototypes=False, seed=42, fp16=True, max_length=96, langs=all, layers=all, span_mode=bio, pool=mean, entity_tags={'ORG', 'PER', 'LOC', 'DATE'}, title_suffix='L=all, tokens=400, ctx=3, cls=true, fp16=true'
2025-08-27 18:36:11,583 - INFO - Processing run
2025-08-27 18:36:12,064 - INFO - Processing bam
2025-08-27 18:36:12,120 - INFO - Processing bbj
2025-08-27 18:36:12,165 - INFO - Processing ewe
2025-08-27 18:36:12,209 - INFO - Processing fon
2025-08-27 18:36:12,269 - INFO - Processing hau
2025-08-27 18:36:12,333 - INFO - Processing ibo
2025-08-27 18:36:12,422 - INFO - Processing kin
2025-08-27 18:36:12,489 - INFO - Processing lug
2025-08-27 18:36:12,548 - INFO - Processing luo
2025-08-27 18:36:12,612 - INFO - Processing mos
2025-08-27 18:36:12,681 - INFO - Processing nya
2025-08-27 18:36:12,758 - INFO - Processing pcm
2025-08-27 18:36:12,812 - INFO - Processing sna
2025-08-27 18:36:12,873 - INFO - Processing swa
2025-08-27 18:36:12,936 - INFO - Processing tsn
2025-08-27 18:36:12,983 - INFO - Processing twi
2025-08-27 18:36:13,041 - INFO - Processing wol
2025-08-27 18:36:13,108 - INFO - Processing xho
2025-08-27 18:36:13,163 - INFO - Processing yor
2025-08-27 18:36:13,251 - INFO - Processing zul
2025-08-27 18:36:13,634 - INFO - === Layer 1 (mbert) — Top 5 (cosine) ===
2025-08-27 18:36:13,634 - INFO - 1. hau: cos=0.9997
2025-08-27 18:36:13,634 - INFO - 2. lug: cos=0.9997
2025-08-27 18:36:13,634 - INFO - 3. nya: cos=0.9996
2025-08-27 18:36:13,634 - INFO - 4. kin: cos=0.9996
2025-08-27 18:36:13,634 - INFO - 5. ibo: cos=0.9996
2025-08-27 18:36:13,634 - INFO - === Layer 1 (mbert) — Worst 5 (cosine) ===
2025-08-27 18:36:13,634 - INFO - 1. yor: cos=0.9986
2025-08-27 18:36:13,634 - INFO - 2. pcm: cos=0.9987
2025-08-27 18:36:13,634 - INFO - 3. fon: cos=0.9989
2025-08-27 18:36:13,634 - INFO - 4. bbj: cos=0.9989
2025-08-27 18:36:13,634 - INFO - 5. ewe: cos=0.9993
2025-08-27 18:36:13,754 - INFO - === Layer 2 (mbert) — Top 5 (cosine) ===
2025-08-27 18:36:13,754 - INFO - 1. hau: cos=1.0000
2025-08-27 18:36:13,754 - INFO - 2. lug: cos=0.9999
2025-08-27 18:36:13,754 - INFO - 3. nya: cos=0.9999
2025-08-27 18:36:13,754 - INFO - 4. xho: cos=0.9999
2025-08-27 18:36:13,754 - INFO - 5. kin: cos=0.9999
2025-08-27 18:36:13,754 - INFO - === Layer 2 (mbert) — Worst 5 (cosine) ===
2025-08-27 18:36:13,754 - INFO - 1. yor: cos=0.9998
2025-08-27 18:36:13,754 - INFO - 2. fon: cos=0.9998
2025-08-27 18:36:13,754 - INFO - 3. pcm: cos=0.9998
2025-08-27 18:36:13,754 - INFO - 4. bbj: cos=0.9998
2025-08-27 18:36:13,754 - INFO - 5. ewe: cos=0.9999
2025-08-27 18:36:13,886 - INFO - === Layer 3 (mbert) — Top 5 (cosine) ===
2025-08-27 18:36:13,886 - INFO - 1. lug: cos=1.0000
2025-08-27 18:36:13,886 - INFO - 2. hau: cos=1.0000
2025-08-27 18:36:13,886 - INFO - 3. nya: cos=1.0000
2025-08-27 18:36:13,886 - INFO - 4. kin: cos=1.0000
2025-08-27 18:36:13,886 - INFO - 5. xho: cos=1.0000
2025-08-27 18:36:13,886 - INFO - === Layer 3 (mbert) — Worst 5 (cosine) ===
2025-08-27 18:36:13,886 - INFO - 1. yor: cos=0.9999
2025-08-27 18:36:13,886 - INFO - 2. pcm: cos=0.9999
2025-08-27 18:36:13,886 - INFO - 3. bbj: cos=0.9999
2025-08-27 18:36:13,886 - INFO - 4. fon: cos=0.9999
2025-08-27 18:36:13,886 - INFO - 5. swa: cos=0.9999
2025-08-27 18:36:14,008 - INFO - === Layer 4 (mbert) — Top 5 (cosine) ===
2025-08-27 18:36:14,008 - INFO - 1. kin: cos=0.9999
2025-08-27 18:36:14,008 - INFO - 2. lug: cos=0.9999
2025-08-27 18:36:14,008 - INFO - 3. nya: cos=0.9999
2025-08-27 18:36:14,008 - INFO - 4. sna: cos=0.9999
2025-08-27 18:36:14,008 - INFO - 5. zul: cos=0.9999
2025-08-27 18:36:14,008 - INFO - === Layer 4 (mbert) — Worst 5 (cosine) ===
2025-08-27 18:36:14,008 - INFO - 1. pcm: cos=0.9996
2025-08-27 18:36:14,008 - INFO - 2. yor: cos=0.9996
2025-08-27 18:36:14,008 - INFO - 3. bbj: cos=0.9997
2025-08-27 18:36:14,008 - INFO - 4. fon: cos=0.9997
2025-08-27 18:36:14,008 - INFO - 5. ewe: cos=0.9998
2025-08-27 18:36:14,132 - INFO - === Layer 5 (mbert) — Top 5 (cosine) ===
2025-08-27 18:36:14,132 - INFO - 1. lug: cos=0.9926
2025-08-27 18:36:14,132 - INFO - 2. nya: cos=0.9926
2025-08-27 18:36:14,132 - INFO - 3. kin: cos=0.9923
2025-08-27 18:36:14,132 - INFO - 4. luo: cos=0.9913
2025-08-27 18:36:14,132 - INFO - 5. xho: cos=0.9910
2025-08-27 18:36:14,132 - INFO - === Layer 5 (mbert) — Worst 5 (cosine) ===
2025-08-27 18:36:14,132 - INFO - 1. bbj: cos=0.9699
2025-08-27 18:36:14,132 - INFO - 2. yor: cos=0.9735
2025-08-27 18:36:14,132 - INFO - 3. fon: cos=0.9753
2025-08-27 18:36:14,132 - INFO - 4. swa: cos=0.9771
2025-08-27 18:36:14,132 - INFO - 5. pcm: cos=0.9796
2025-08-27 18:36:14,319 - INFO - === Layer 6 (mbert) — Top 5 (cosine) ===
2025-08-27 18:36:14,319 - INFO - 1. kin: cos=0.9879
2025-08-27 18:36:14,319 - INFO - 2. lug: cos=0.9877
2025-08-27 18:36:14,319 - INFO - 3. hau: cos=0.9863
2025-08-27 18:36:14,319 - INFO - 4. ibo: cos=0.9861
2025-08-27 18:36:14,319 - INFO - 5. xho: cos=0.9848
2025-08-27 18:36:14,319 - INFO - === Layer 6 (mbert) — Worst 5 (cosine) ===
2025-08-27 18:36:14,319 - INFO - 1. bbj: cos=0.9572
2025-08-27 18:36:14,319 - INFO - 2. yor: cos=0.9587
2025-08-27 18:36:14,319 - INFO - 3. swa: cos=0.9596
2025-08-27 18:36:14,319 - INFO - 4. fon: cos=0.9619
2025-08-27 18:36:14,319 - INFO - 5. pcm: cos=0.9650
2025-08-27 18:36:14,442 - INFO - === Layer 7 (mbert) — Top 5 (cosine) ===
2025-08-27 18:36:14,442 - INFO - 1. kin: cos=0.9846
2025-08-27 18:36:14,442 - INFO - 2. lug: cos=0.9837
2025-08-27 18:36:14,442 - INFO - 3. hau: cos=0.9834
2025-08-27 18:36:14,442 - INFO - 4. ibo: cos=0.9827
2025-08-27 18:36:14,442 - INFO - 5. luo: cos=0.9805
2025-08-27 18:36:14,442 - INFO - === Layer 7 (mbert) — Worst 5 (cosine) ===
2025-08-27 18:36:14,442 - INFO - 1. swa: cos=0.9491
2025-08-27 18:36:14,442 - INFO - 2. pcm: cos=0.9560
2025-08-27 18:36:14,442 - INFO - 3. yor: cos=0.9566
2025-08-27 18:36:14,442 - INFO - 4. bbj: cos=0.9584
2025-08-27 18:36:14,442 - INFO - 5. fon: cos=0.9603
2025-08-27 18:36:14,567 - INFO - === Layer 8 (mbert) — Top 5 (cosine) ===
2025-08-27 18:36:14,568 - INFO - 1. kin: cos=0.9862
2025-08-27 18:36:14,568 - INFO - 2. sna: cos=0.9861
2025-08-27 18:36:14,568 - INFO - 3. lug: cos=0.9845
2025-08-27 18:36:14,568 - INFO - 4. hau: cos=0.9826
2025-08-27 18:36:14,568 - INFO - 5. nya: cos=0.9793
2025-08-27 18:36:14,568 - INFO - === Layer 8 (mbert) — Worst 5 (cosine) ===
2025-08-27 18:36:14,568 - INFO - 1. swa: cos=0.9325
2025-08-27 18:36:14,568 - INFO - 2. yor: cos=0.9462
2025-08-27 18:36:14,568 - INFO - 3. bbj: cos=0.9499
2025-08-27 18:36:14,568 - INFO - 4. pcm: cos=0.9513
2025-08-27 18:36:14,568 - INFO - 5. fon: cos=0.9565
2025-08-27 18:36:14,700 - INFO - === Layer 9 (mbert) — Top 5 (cosine) ===
2025-08-27 18:36:14,701 - INFO - 1. sna: cos=0.9893
2025-08-27 18:36:14,701 - INFO - 2. kin: cos=0.9890
2025-08-27 18:36:14,701 - INFO - 3. lug: cos=0.9879
2025-08-27 18:36:14,701 - INFO - 4. hau: cos=0.9853
2025-08-27 18:36:14,701 - INFO - 5. ibo: cos=0.9833
2025-08-27 18:36:14,701 - INFO - === Layer 9 (mbert) — Worst 5 (cosine) ===
2025-08-27 18:36:14,701 - INFO - 1. swa: cos=0.9463
2025-08-27 18:36:14,701 - INFO - 2. pcm: cos=0.9539
2025-08-27 18:36:14,701 - INFO - 3. yor: cos=0.9552
2025-08-27 18:36:14,701 - INFO - 4. bbj: cos=0.9615
2025-08-27 18:36:14,701 - INFO - 5. fon: cos=0.9653
2025-08-27 18:36:14,827 - INFO - === Layer 10 (mbert) — Top 5 (cosine) ===
2025-08-27 18:36:14,827 - INFO - 1. sna: cos=0.9896
2025-08-27 18:36:14,827 - INFO - 2. kin: cos=0.9893
2025-08-27 18:36:14,827 - INFO - 3. lug: cos=0.9887
2025-08-27 18:36:14,827 - INFO - 4. hau: cos=0.9858
2025-08-27 18:36:14,827 - INFO - 5. ibo: cos=0.9855
2025-08-27 18:36:14,827 - INFO - === Layer 10 (mbert) — Worst 5 (cosine) ===
2025-08-27 18:36:14,827 - INFO - 1. yor: cos=0.9516
2025-08-27 18:36:14,827 - INFO - 2. swa: cos=0.9564
2025-08-27 18:36:14,827 - INFO - 3. pcm: cos=0.9570
2025-08-27 18:36:14,827 - INFO - 4. bbj: cos=0.9658
2025-08-27 18:36:14,827 - INFO - 5. fon: cos=0.9690
2025-08-27 18:36:14,953 - INFO - === Layer 11 (mbert) — Top 5 (cosine) ===
2025-08-27 18:36:14,953 - INFO - 1. lug: cos=0.9874
2025-08-27 18:36:14,953 - INFO - 2. kin: cos=0.9866
2025-08-27 18:36:14,953 - INFO - 3. sna: cos=0.9861
2025-08-27 18:36:14,953 - INFO - 4. nya: cos=0.9842
2025-08-27 18:36:14,953 - INFO - 5. hau: cos=0.9819
2025-08-27 18:36:14,953 - INFO - === Layer 11 (mbert) — Worst 5 (cosine) ===
2025-08-27 18:36:14,953 - INFO - 1. yor: cos=0.9456
2025-08-27 18:36:14,953 - INFO - 2. pcm: cos=0.9552
2025-08-27 18:36:14,953 - INFO - 3. bbj: cos=0.9614
2025-08-27 18:36:14,953 - INFO - 4. swa: cos=0.9652
2025-08-27 18:36:14,953 - INFO - 5. fon: cos=0.9668
2025-08-27 18:36:15,080 - INFO - === Layer 12 (mbert) — Top 5 (cosine) ===
2025-08-27 18:36:15,080 - INFO - 1. lug: cos=0.9748
2025-08-27 18:36:15,080 - INFO - 2. kin: cos=0.9692
2025-08-27 18:36:15,080 - INFO - 3. sna: cos=0.9683
2025-08-27 18:36:15,080 - INFO - 4. nya: cos=0.9668
2025-08-27 18:36:15,080 - INFO - 5. hau: cos=0.9636
2025-08-27 18:36:15,080 - INFO - === Layer 12 (mbert) — Worst 5 (cosine) ===
2025-08-27 18:36:15,080 - INFO - 1. bbj: cos=0.9065
2025-08-27 18:36:15,080 - INFO - 2. yor: cos=0.9161
2025-08-27 18:36:15,080 - INFO - 3. pcm: cos=0.9182
2025-08-27 18:36:15,080 - INFO - 4. fon: cos=0.9288
2025-08-27 18:36:15,080 - INFO - 5. swa: cos=0.9426
2025-08-27 18:36:15,081 - INFO - Experiment finished successfully.
