2025-08-27 09:46:17,119 - INFO - Start: model_type=xlmr, use_cls=True, use_context=False, context_window=0, max_tokens_per_type=200, batch_size=64, output_dir=rq2_train_scripts/Embeddings/CLEAN/outputs/salt/xlmr/config_1_clstrue_ctxfalse/tokens_200_ctx0/core, save_prototypes=False, seed=42, fp16=True, max_length=96, langs=all, layers=all, span_mode=bio, pool=mean, entity_tags={'ORG', 'LOC', 'DATE', 'PER'}, title_suffix='L=all, tokens=200, ctx=0, cls=true, fp16=true'
2025-08-27 09:46:18,996 - INFO - Processing run
2025-08-27 09:46:19,420 - INFO - Processing bam
2025-08-27 09:46:19,462 - INFO - Processing bbj
2025-08-27 09:46:19,493 - INFO - Processing ewe
2025-08-27 09:46:19,530 - INFO - Processing fon
2025-08-27 09:46:19,579 - INFO - Processing hau
2025-08-27 09:46:19,634 - INFO - Processing ibo
2025-08-27 09:46:19,708 - INFO - Processing kin
2025-08-27 09:46:19,765 - INFO - Processing lug
2025-08-27 09:46:19,808 - INFO - Processing luo
2025-08-27 09:46:19,860 - INFO - Processing mos
2025-08-27 09:46:19,907 - INFO - Processing nya
2025-08-27 09:46:19,969 - INFO - Processing pcm
2025-08-27 09:46:20,014 - INFO - Processing sna
2025-08-27 09:46:20,061 - INFO - Processing swa
2025-08-27 09:46:20,114 - INFO - Processing tsn
2025-08-27 09:46:20,157 - INFO - Processing twi
2025-08-27 09:46:20,237 - INFO - Processing wol
2025-08-27 09:46:20,285 - INFO - Processing xho
2025-08-27 09:46:20,327 - INFO - Processing yor
2025-08-27 09:46:20,406 - INFO - Processing zul
2025-08-27 09:46:20,922 - INFO - === Layer 1 (xlmr) — Top 5 (cosine) ===
2025-08-27 09:46:20,922 - INFO - 1. twi: cos=0.9999
2025-08-27 09:46:20,922 - INFO - 2. luo: cos=0.9999
2025-08-27 09:46:20,923 - INFO - 3. kin: cos=0.9999
2025-08-27 09:46:20,923 - INFO - 4. ewe: cos=0.9998
2025-08-27 09:46:20,923 - INFO - 5. ibo: cos=0.9998
2025-08-27 09:46:20,923 - INFO - === Layer 1 (xlmr) — Worst 5 (cosine) ===
2025-08-27 09:46:20,923 - INFO - 1. hau: cos=0.9992
2025-08-27 09:46:20,923 - INFO - 2. pcm: cos=0.9994
2025-08-27 09:46:20,923 - INFO - 3. bbj: cos=0.9995
2025-08-27 09:46:20,923 - INFO - 4. bam: cos=0.9996
2025-08-27 09:46:20,923 - INFO - 5. swa: cos=0.9996
2025-08-27 09:46:21,061 - INFO - === Layer 2 (xlmr) — Top 5 (cosine) ===
2025-08-27 09:46:21,062 - INFO - 1. kin: cos=1.0000
2025-08-27 09:46:21,062 - INFO - 2. twi: cos=1.0000
2025-08-27 09:46:21,062 - INFO - 3. luo: cos=1.0000
2025-08-27 09:46:21,062 - INFO - 4. zul: cos=1.0000
2025-08-27 09:46:21,062 - INFO - 5. ewe: cos=1.0000
2025-08-27 09:46:21,062 - INFO - === Layer 2 (xlmr) — Worst 5 (cosine) ===
2025-08-27 09:46:21,062 - INFO - 1. pcm: cos=0.9999
2025-08-27 09:46:21,062 - INFO - 2. hau: cos=0.9999
2025-08-27 09:46:21,062 - INFO - 3. swa: cos=0.9999
2025-08-27 09:46:21,062 - INFO - 4. bbj: cos=0.9999
2025-08-27 09:46:21,062 - INFO - 5. xho: cos=0.9999
2025-08-27 09:46:21,189 - INFO - === Layer 3 (xlmr) — Top 5 (cosine) ===
2025-08-27 09:46:21,189 - INFO - 1. kin: cos=1.0000
2025-08-27 09:46:21,189 - INFO - 2. twi: cos=1.0000
2025-08-27 09:46:21,189 - INFO - 3. luo: cos=1.0000
2025-08-27 09:46:21,189 - INFO - 4. lug: cos=1.0000
2025-08-27 09:46:21,189 - INFO - 5. zul: cos=1.0000
2025-08-27 09:46:21,189 - INFO - === Layer 3 (xlmr) — Worst 5 (cosine) ===
2025-08-27 09:46:21,189 - INFO - 1. pcm: cos=1.0000
2025-08-27 09:46:21,189 - INFO - 2. swa: cos=1.0000
2025-08-27 09:46:21,189 - INFO - 3. yor: cos=1.0000
2025-08-27 09:46:21,189 - INFO - 4. xho: cos=1.0000
2025-08-27 09:46:21,189 - INFO - 5. sna: cos=1.0000
2025-08-27 09:46:21,324 - INFO - === Layer 4 (xlmr) — Top 5 (cosine) ===
2025-08-27 09:46:21,325 - INFO - 1. kin: cos=1.0000
2025-08-27 09:46:21,325 - INFO - 2. twi: cos=1.0000
2025-08-27 09:46:21,325 - INFO - 3. tsn: cos=1.0000
2025-08-27 09:46:21,325 - INFO - 4. bbj: cos=1.0000
2025-08-27 09:46:21,325 - INFO - 5. zul: cos=1.0000
2025-08-27 09:46:21,325 - INFO - === Layer 4 (xlmr) — Worst 5 (cosine) ===
2025-08-27 09:46:21,325 - INFO - 1. pcm: cos=1.0000
2025-08-27 09:46:21,325 - INFO - 2. yor: cos=1.0000
2025-08-27 09:46:21,325 - INFO - 3. hau: cos=1.0000
2025-08-27 09:46:21,325 - INFO - 4. bam: cos=1.0000
2025-08-27 09:46:21,325 - INFO - 5. nya: cos=1.0000
2025-08-27 09:46:21,461 - INFO - === Layer 5 (xlmr) — Top 5 (cosine) ===
2025-08-27 09:46:21,461 - INFO - 1. mos: cos=1.0000
2025-08-27 09:46:21,461 - INFO - 2. ewe: cos=1.0000
2025-08-27 09:46:21,462 - INFO - 3. bbj: cos=1.0000
2025-08-27 09:46:21,462 - INFO - 4. twi: cos=1.0000
2025-08-27 09:46:21,462 - INFO - 5. zul: cos=1.0000
2025-08-27 09:46:21,462 - INFO - === Layer 5 (xlmr) — Worst 5 (cosine) ===
2025-08-27 09:46:21,462 - INFO - 1. yor: cos=1.0000
2025-08-27 09:46:21,462 - INFO - 2. hau: cos=1.0000
2025-08-27 09:46:21,462 - INFO - 3. pcm: cos=1.0000
2025-08-27 09:46:21,462 - INFO - 4. swa: cos=1.0000
2025-08-27 09:46:21,462 - INFO - 5. kin: cos=1.0000
2025-08-27 09:46:21,590 - INFO - === Layer 6 (xlmr) — Top 5 (cosine) ===
2025-08-27 09:46:21,590 - INFO - 1. mos: cos=1.0000
2025-08-27 09:46:21,590 - INFO - 2. nya: cos=1.0000
2025-08-27 09:46:21,590 - INFO - 3. bbj: cos=1.0000
2025-08-27 09:46:21,590 - INFO - 4. twi: cos=1.0000
2025-08-27 09:46:21,590 - INFO - 5. ewe: cos=1.0000
2025-08-27 09:46:21,590 - INFO - === Layer 6 (xlmr) — Worst 5 (cosine) ===
2025-08-27 09:46:21,590 - INFO - 1. yor: cos=1.0000
2025-08-27 09:46:21,590 - INFO - 2. hau: cos=1.0000
2025-08-27 09:46:21,590 - INFO - 3. luo: cos=1.0000
2025-08-27 09:46:21,590 - INFO - 4. swa: cos=1.0000
2025-08-27 09:46:21,590 - INFO - 5. pcm: cos=1.0000
2025-08-27 09:46:21,718 - INFO - === Layer 7 (xlmr) — Top 5 (cosine) ===
2025-08-27 09:46:21,718 - INFO - 1. lug: cos=1.0000
2025-08-27 09:46:21,718 - INFO - 2. twi: cos=1.0000
2025-08-27 09:46:21,718 - INFO - 3. bbj: cos=1.0000
2025-08-27 09:46:21,718 - INFO - 4. swa: cos=1.0000
2025-08-27 09:46:21,718 - INFO - 5. ibo: cos=1.0000
2025-08-27 09:46:21,718 - INFO - === Layer 7 (xlmr) — Worst 5 (cosine) ===
2025-08-27 09:46:21,718 - INFO - 1. luo: cos=1.0000
2025-08-27 09:46:21,719 - INFO - 2. pcm: cos=1.0000
2025-08-27 09:46:21,719 - INFO - 3. tsn: cos=1.0000
2025-08-27 09:46:21,719 - INFO - 4. hau: cos=1.0000
2025-08-27 09:46:21,719 - INFO - 5. sna: cos=1.0000
2025-08-27 09:46:21,918 - INFO - === Layer 8 (xlmr) — Top 5 (cosine) ===
2025-08-27 09:46:21,918 - INFO - 1. zul: cos=1.0000
2025-08-27 09:46:21,918 - INFO - 2. ewe: cos=1.0000
2025-08-27 09:46:21,918 - INFO - 3. tsn: cos=1.0000
2025-08-27 09:46:21,918 - INFO - 4. lug: cos=1.0000
2025-08-27 09:46:21,918 - INFO - 5. nya: cos=1.0000
2025-08-27 09:46:21,918 - INFO - === Layer 8 (xlmr) — Worst 5 (cosine) ===
2025-08-27 09:46:21,918 - INFO - 1. pcm: cos=0.9998
2025-08-27 09:46:21,918 - INFO - 2. bbj: cos=0.9999
2025-08-27 09:46:21,918 - INFO - 3. fon: cos=0.9999
2025-08-27 09:46:21,918 - INFO - 4. ibo: cos=0.9999
2025-08-27 09:46:21,918 - INFO - 5. hau: cos=0.9999
2025-08-27 09:46:22,039 - INFO - === Layer 9 (xlmr) — Top 5 (cosine) ===
2025-08-27 09:46:22,039 - INFO - 1. zul: cos=1.0000
2025-08-27 09:46:22,039 - INFO - 2. ewe: cos=1.0000
2025-08-27 09:46:22,039 - INFO - 3. bam: cos=1.0000
2025-08-27 09:46:22,039 - INFO - 4. lug: cos=1.0000
2025-08-27 09:46:22,039 - INFO - 5. wol: cos=1.0000
2025-08-27 09:46:22,039 - INFO - === Layer 9 (xlmr) — Worst 5 (cosine) ===
2025-08-27 09:46:22,039 - INFO - 1. pcm: cos=0.9999
2025-08-27 09:46:22,039 - INFO - 2. ibo: cos=1.0000
2025-08-27 09:46:22,039 - INFO - 3. hau: cos=1.0000
2025-08-27 09:46:22,039 - INFO - 4. luo: cos=1.0000
2025-08-27 09:46:22,039 - INFO - 5. sna: cos=1.0000
2025-08-27 09:46:22,168 - INFO - === Layer 10 (xlmr) — Top 5 (cosine) ===
2025-08-27 09:46:22,168 - INFO - 1. swa: cos=1.0000
2025-08-27 09:46:22,168 - INFO - 2. ewe: cos=1.0000
2025-08-27 09:46:22,168 - INFO - 3. zul: cos=1.0000
2025-08-27 09:46:22,168 - INFO - 4. hau: cos=1.0000
2025-08-27 09:46:22,168 - INFO - 5. tsn: cos=1.0000
2025-08-27 09:46:22,168 - INFO - === Layer 10 (xlmr) — Worst 5 (cosine) ===
2025-08-27 09:46:22,168 - INFO - 1. bam: cos=0.9999
2025-08-27 09:46:22,168 - INFO - 2. pcm: cos=1.0000
2025-08-27 09:46:22,168 - INFO - 3. ibo: cos=1.0000
2025-08-27 09:46:22,168 - INFO - 4. yor: cos=1.0000
2025-08-27 09:46:22,168 - INFO - 5. fon: cos=1.0000
2025-08-27 09:46:22,316 - INFO - === Layer 11 (xlmr) — Top 5 (cosine) ===
2025-08-27 09:46:22,316 - INFO - 1. nya: cos=1.0000
2025-08-27 09:46:22,316 - INFO - 2. hau: cos=1.0000
2025-08-27 09:46:22,316 - INFO - 3. zul: cos=1.0000
2025-08-27 09:46:22,316 - INFO - 4. pcm: cos=1.0000
2025-08-27 09:46:22,316 - INFO - 5. yor: cos=1.0000
2025-08-27 09:46:22,316 - INFO - === Layer 11 (xlmr) — Worst 5 (cosine) ===
2025-08-27 09:46:22,316 - INFO - 1. kin: cos=0.9998
2025-08-27 09:46:22,316 - INFO - 2. luo: cos=0.9998
2025-08-27 09:46:22,316 - INFO - 3. mos: cos=0.9999
2025-08-27 09:46:22,316 - INFO - 4. bam: cos=0.9999
2025-08-27 09:46:22,316 - INFO - 5. lug: cos=0.9999
2025-08-27 09:46:22,447 - INFO - === Layer 12 (xlmr) — Top 5 (cosine) ===
2025-08-27 09:46:22,447 - INFO - 1. nya: cos=0.9999
2025-08-27 09:46:22,447 - INFO - 2. wol: cos=0.9999
2025-08-27 09:46:22,447 - INFO - 3. tsn: cos=0.9998
2025-08-27 09:46:22,447 - INFO - 4. ewe: cos=0.9998
2025-08-27 09:46:22,447 - INFO - 5. fon: cos=0.9998
2025-08-27 09:46:22,447 - INFO - === Layer 12 (xlmr) — Worst 5 (cosine) ===
2025-08-27 09:46:22,447 - INFO - 1. hau: cos=0.9676
2025-08-27 09:46:22,447 - INFO - 2. bam: cos=0.9970
2025-08-27 09:46:22,447 - INFO - 3. twi: cos=0.9984
2025-08-27 09:46:22,447 - INFO - 4. pcm: cos=0.9995
2025-08-27 09:46:22,447 - INFO - 5. kin: cos=0.9996
2025-08-27 09:46:22,448 - INFO - Experiment finished successfully.
