2025-08-03 07:44:14,484 - INFO - Experiment started with model_type=mbert, use_cls=False, use_context=True, context_window=1, use_hybrid=False, max_tokens_per_type=500, output_dir=rq2_train_scripts/Embeddings/MEXA_inspired_strategy/outputs/mptc/mbert/config_2_clsfalse_ctxtrue_hybfalse/tokens_500_ctx1
2025-08-03 07:44:15,513 - INFO - Processing run
2025-08-03 07:44:17,178 - INFO - Processing bam
2025-08-03 07:44:20,270 - INFO - Processing bbj
2025-08-03 07:44:23,733 - INFO - Processing ewe
2025-08-03 07:44:27,186 - INFO - Processing fon
2025-08-03 07:44:30,673 - INFO - Processing hau
2025-08-03 07:44:34,154 - INFO - Processing ibo
2025-08-03 07:44:37,661 - INFO - Processing kin
2025-08-03 07:44:41,151 - INFO - Processing lug
2025-08-03 07:44:44,610 - INFO - Processing luo
2025-08-03 07:44:48,052 - INFO - Processing mos
2025-08-03 07:44:51,484 - INFO - Processing nya
2025-08-03 07:44:54,927 - INFO - Processing pcm
2025-08-03 07:44:58,457 - INFO - Processing sna
2025-08-03 07:45:01,951 - INFO - Processing swa
2025-08-03 07:45:05,437 - INFO - Processing tsn
2025-08-03 07:45:08,884 - INFO - Processing twi
2025-08-03 07:45:12,346 - INFO - Processing wol
2025-08-03 07:45:15,785 - INFO - Processing xho
2025-08-03 07:45:19,225 - INFO - Processing yor
2025-08-03 07:45:22,704 - INFO - Processing zul
2025-08-03 07:45:26,544 - INFO - Top 5 languages most similar to Runyankore:
2025-08-03 07:45:26,545 - INFO - 1. kin - Mean Similarity: 0.8561
2025-08-03 07:45:26,545 - INFO - 2. lug - Mean Similarity: 0.8526
2025-08-03 07:45:26,545 - INFO - 3. sna - Mean Similarity: 0.8325
2025-08-03 07:45:26,545 - INFO - 4. xho - Mean Similarity: 0.8300
2025-08-03 07:45:26,545 - INFO - 5. nya - Mean Similarity: 0.8227
2025-08-03 07:45:26,545 - INFO - Experiment finished successfully.
