2025-08-24 11:33:59,814 - INFO - Start: model_type=mbert, run_both=False, use_cls=False, use_context=False, context_window=1, max_tokens_per_type=500, batch_size=32, seed=1, num_middle_layers=3, output_dir=rq2_train_scripts/Embeddings/EXTENDED/outputs/salt_extended/mbert/config_0_clsfalse_ctxfalse_hybfalse/tokens_500_ctx122025-08-24 11:34:00,339 - INFO - mbert: selected layer indices (hidden_states) = [2, 3, 1020252025-08-24 11:34:01,649 - INFO - Processing 2025202025-08-24 11:34:02,776 - INFO - Processing ba202025-08-24 11:34:03,636 - INFO - Processing bb202025-08-24 11:34:04,161 - INFO - Processing ew202025-08-24 11:34:04,693 - INFO - Processing fo202025-08-24 11:34:05,080 - INFO - Processing ha202025-08-24 11:34:05,547 - INFO - Processing ib202025-08-24 11:34:06,038 - INFO - Processing kin
2025-08-24 11:34:06,524 - INFO - Processing lug
2025-08-24 11:34:06,935 - INFO - Processing luo
2025-08-24 11:34:07,412 - INFO - Processing mos
2025-08-24 11:34:07,916 - INFO - Processing nya
2025-08-24 11:34:08,845 - INFO - Processing pcm
2025-08-24 11:34:09,710 - INFO - Processing sna
2025-08-24 11:34:10,416 - INFO - Processing swa
2025-08-24 11:34:10,867 - INFO - Processing tsn
2025-08-24 11:34:11,328 - INFO - Processing twi
2025-08-24 11:34:11,763 - INFO - Processing wol
2025-08-24 11:34:12,069 - INFO - Processing xho
2025-08-24 11:34:12,213 - INFO - Processing yor
2025-08-24 11:34:12,401 - INFO - Processing zul
2025-08-24 11:34:12,810 - INFO - Layer 2 (mbert) — Top 5
2025-08-24 11:34:12,810 - INFO - 1. luo: r=0.9433
2025-08-24 11:34:12,810 - INFO - 2. lug: r=0.9422
2025-08-24 11:34:12,810 - INFO - 3. twi: r=0.9391
2025-08-24 11:34:12,810 - INFO - 4. kin: r=0.9376
2025-08-24 11:34:12,810 - INFO - 5. ibo: r=0.9365
2025-08-24 11:34:12,810 - INFO - Layer 2 (mbert) — Worst 5
2025-08-24 11:34:12,810 - INFO - 1. bbj: r=0.7882
2025-08-24 11:34:12,810 - INFO - 2. yor: r=0.7965
2025-08-24 11:34:12,810 - INFO - 3. fon: r=0.8534
2025-08-24 11:34:12,810 - INFO - 4. mos: r=0.8748
2025-08-24 11:34:12,810 - INFO - 5. bam: r=0.8755
2025-08-24 11:34:12,948 - INFO - Layer 3 (mbert) — Top 5
2025-08-24 11:34:12,948 - INFO - 1. lug: r=0.9598
2025-08-24 11:34:12,948 - INFO - 2. kin: r=0.9592
2025-08-24 11:34:12,948 - INFO - 3. luo: r=0.9582
2025-08-24 11:34:12,948 - INFO - 4. swa: r=0.9575
2025-08-24 11:34:12,948 - INFO - 5. twi: r=0.9561
2025-08-24 11:34:12,948 - INFO - Layer 3 (mbert) — Worst 5
2025-08-24 11:34:12,948 - INFO - 1. bbj: r=0.8561
2025-08-24 11:34:12,948 - INFO - 2. yor: r=0.8621
2025-08-24 11:34:12,948 - INFO - 3. fon: r=0.9029
2025-08-24 11:34:12,948 - INFO - 4. bam: r=0.9161
2025-08-24 11:34:12,948 - INFO - 5. mos: r=0.9161
2025-08-24 11:34:13,073 - INFO - Layer 10 (mbert) — Top 5
2025-08-24 11:34:13,073 - INFO - 1. lug: r=0.9864
2025-08-24 11:34:13,073 - INFO - 2. kin: r=0.9859
2025-08-24 11:34:13,073 - INFO - 3. luo: r=0.9858
2025-08-24 11:34:13,073 - INFO - 4. swa: r=0.9853
2025-08-24 11:34:13,073 - INFO - 5. twi: r=0.9847
2025-08-24 11:34:13,073 - INFO - Layer 10 (mbert) — Worst 5
2025-08-24 11:34:13,073 - INFO - 1. yor: r=0.9499
2025-08-24 11:34:13,073 - INFO - 2. bbj: r=0.9519
2025-08-24 11:34:13,073 - INFO - 3. mos: r=0.9650
2025-08-24 11:34:13,073 - INFO - 4. fon: r=0.9687
2025-08-24 11:34:13,073 - INFO - 5. xho: r=0.9689
2025-08-24 11:34:13,271 - INFO - Layer 12 (mbert) — Top 5
2025-08-24 11:34:13,271 - INFO - 1. lug: r=0.9486
2025-08-24 11:34:13,271 - INFO - 2. luo: r=0.9434
2025-08-24 11:34:13,271 - INFO - 3. kin: r=0.9421
2025-08-24 11:34:13,271 - INFO - 4. twi: r=0.9389
2025-08-24 11:34:13,271 - INFO - 5. ibo: r=0.9365
2025-08-24 11:34:13,271 - INFO - Layer 12 (mbert) — Worst 5
2025-08-24 11:34:13,271 - INFO - 1. yor: r=0.8020
2025-08-24 11:34:13,272 - INFO - 2. bbj: r=0.8237
2025-08-24 11:34:13,272 - INFO - 3. mos: r=0.8731
2025-08-24 11:34:13,272 - INFO - 4. fon: r=0.8856
2025-08-24 11:34:13,272 - INFO - 5. xho: r=0.8873
2025-08-24 11:34:13,272 - INFO - Experiment finished successfully.
