2025-08-02 19:10:18,838 - INFO - Experiment started with model_type=xlmr, use_cls=False, use_context=False, context_window=0, use_hybrid=False, max_tokens_per_type=400, output_dir=rq2_train_scripts/Embeddings/MEXA_inspired_strategy/outputs/combined/xlmr/config_0_clsfalse_ctxfalse_hybfalse/tokens_400_ctx0
2025-08-02 19:10:20,624 - INFO - Processing run
2025-08-02 19:10:24,417 - INFO - Processing bam
2025-08-02 19:10:27,733 - INFO - Processing bbj
2025-08-02 19:10:31,321 - INFO - Processing ewe
2025-08-02 19:10:34,887 - INFO - Processing fon
2025-08-02 19:10:38,501 - INFO - Processing hau
2025-08-02 19:10:42,074 - INFO - Processing ibo
2025-08-02 19:10:45,710 - INFO - Processing kin
2025-08-02 19:10:49,297 - INFO - Processing lug
2025-08-02 19:10:52,854 - INFO - Processing luo
2025-08-02 19:10:56,453 - INFO - Processing mos
2025-08-02 19:11:00,053 - INFO - Processing nya
2025-08-02 19:11:03,650 - INFO - Processing pcm
2025-08-02 19:11:07,204 - INFO - Processing sna
2025-08-02 19:11:10,805 - INFO - Processing swa
2025-08-02 19:11:14,363 - INFO - Processing tsn
2025-08-02 19:11:17,927 - INFO - Processing twi
2025-08-02 19:11:21,505 - INFO - Processing wol
2025-08-02 19:11:25,103 - INFO - Processing xho
2025-08-02 19:11:28,676 - INFO - Processing yor
2025-08-02 19:11:32,301 - INFO - Processing zul
2025-08-02 19:11:36,368 - INFO - Top 5 languages most similar to Runyankore:
2025-08-02 19:11:36,369 - INFO - 1. lug - Mean Similarity: 0.9996
2025-08-02 19:11:36,369 - INFO - 2. kin - Mean Similarity: 0.9994
2025-08-02 19:11:36,369 - INFO - 3. luo - Mean Similarity: 0.9994
2025-08-02 19:11:36,369 - INFO - 4. twi - Mean Similarity: 0.9993
2025-08-02 19:11:36,369 - INFO - 5. ibo - Mean Similarity: 0.9993
2025-08-02 19:11:36,369 - INFO - Experiment finished successfully.
