2025-08-24 11:30:48,227 - INFO - Start: model_type=xlmr, run_both=False, use_cls=True, use_context=True, context_window=0, max_tokens_per_type=400, batch_size=32, seed=1, num_middle_layers=3, output_dir=rq2_train_scripts/Embeddings/EXTENDED/outputs/mptc_extended/xlmr/config_4_clstrue_ctxtrue_hybfalse/tokens_400_ctx0
2025-08-24 11:30:48,810 - INFO - xlmr: selected layer indices (hidden_states) = [2, 3, 10, 12]
2025-08-24 11:30:50,226 - INFO - Processing run
2025-08-24 11:30:50,620 - INFO - Processing bam
2025-08-24 11:30:50,737 - INFO - Processing bbj
2025-08-24 11:30:50,827 - INFO - Processing ewe
2025-08-24 11:30:50,913 - INFO - Processing fon
2025-08-24 11:30:51,003 - INFO - Processing hau
2025-08-24 11:30:51,110 - INFO - Processing ibo
2025-08-24 11:30:51,254 - INFO - Processing kin
2025-08-24 11:30:51,347 - INFO - Processing lug
2025-08-24 11:30:51,419 - INFO - Processing luo
2025-08-24 11:30:51,515 - INFO - Processing mos
2025-08-24 11:30:51,597 - INFO - Processing nya
2025-08-24 11:30:51,686 - INFO - Processing pcm
2025-08-24 11:30:51,770 - INFO - Processing sna
2025-08-24 11:30:51,859 - INFO - Processing swa
2025-08-24 11:30:51,949 - INFO - Processing tsn
2025-08-24 11:30:52,024 - INFO - Processing twi
2025-08-24 11:30:52,105 - INFO - Processing wol
2025-08-24 11:30:52,207 - INFO - Processing xho
2025-08-24 11:30:52,309 - INFO - Processing yor
2025-08-24 11:30:52,417 - INFO - Processing zul
2025-08-24 11:30:52,872 - INFO - Layer 2 (xlmr) — Top 5
2025-08-24 11:30:52,872 - INFO - 1. kin: r=1.0000
2025-08-24 11:30:52,872 - INFO - 2. tsn: r=1.0000
2025-08-24 11:30:52,872 - INFO - 3. twi: r=1.0000
2025-08-24 11:30:52,872 - INFO - 4. ibo: r=1.0000
2025-08-24 11:30:52,872 - INFO - 5. zul: r=1.0000
2025-08-24 11:30:52,872 - INFO - Layer 2 (xlmr) — Worst 5
2025-08-24 11:30:52,872 - INFO - 1. bam: r=0.9999
2025-08-24 11:30:52,872 - INFO - 2. bbj: r=0.9999
2025-08-24 11:30:52,872 - INFO - 3. fon: r=0.9999
2025-08-24 11:30:52,872 - INFO - 4. hau: r=0.9999
2025-08-24 11:30:52,872 - INFO - 5. pcm: r=0.9999
2025-08-24 11:30:52,992 - INFO - Layer 3 (xlmr) — Top 5
2025-08-24 11:30:52,992 - INFO - 1. kin: r=1.0000
2025-08-24 11:30:52,992 - INFO - 2. twi: r=1.0000
2025-08-24 11:30:52,992 - INFO - 3. tsn: r=1.0000
2025-08-24 11:30:52,992 - INFO - 4. ewe: r=1.0000
2025-08-24 11:30:52,992 - INFO - 5. luo: r=1.0000
2025-08-24 11:30:52,992 - INFO - Layer 3 (xlmr) — Worst 5
2025-08-24 11:30:52,992 - INFO - 1. bbj: r=1.0000
2025-08-24 11:30:52,992 - INFO - 2. bam: r=1.0000
2025-08-24 11:30:52,992 - INFO - 3. fon: r=1.0000
2025-08-24 11:30:52,992 - INFO - 4. pcm: r=1.0000
2025-08-24 11:30:52,992 - INFO - 5. wol: r=1.0000
2025-08-24 11:30:53,113 - INFO - Layer 10 (xlmr) — Top 5
2025-08-24 11:30:53,113 - INFO - 1. tsn: r=1.0000
2025-08-24 11:30:53,113 - INFO - 2. luo: r=1.0000
2025-08-24 11:30:53,113 - INFO - 3. twi: r=1.0000
2025-08-24 11:30:53,113 - INFO - 4. kin: r=1.0000
2025-08-24 11:30:53,113 - INFO - 5. swa: r=1.0000
2025-08-24 11:30:53,113 - INFO - Layer 10 (xlmr) — Worst 5
2025-08-24 11:30:53,113 - INFO - 1. fon: r=1.0000
2025-08-24 11:30:53,113 - INFO - 2. hau: r=1.0000
2025-08-24 11:30:53,113 - INFO - 3. pcm: r=1.0000
2025-08-24 11:30:53,113 - INFO - 4. ibo: r=1.0000
2025-08-24 11:30:53,113 - INFO - 5. mos: r=1.0000
2025-08-24 11:30:53,232 - INFO - Layer 12 (xlmr) — Top 5
2025-08-24 11:30:53,232 - INFO - 1. nya: r=0.9999
2025-08-24 11:30:53,232 - INFO - 2. luo: r=0.9999
2025-08-24 11:30:53,232 - INFO - 3. tsn: r=0.9999
2025-08-24 11:30:53,232 - INFO - 4. kin: r=0.9999
2025-08-24 11:30:53,232 - INFO - 5. lug: r=0.9999
2025-08-24 11:30:53,232 - INFO - Layer 12 (xlmr) — Worst 5
2025-08-24 11:30:53,232 - INFO - 1. hau: r=0.9959
2025-08-24 11:30:53,232 - INFO - 2. fon: r=0.9993
2025-08-24 11:30:53,232 - INFO - 3. pcm: r=0.9994
2025-08-24 11:30:53,232 - INFO - 4. bbj: r=0.9997
2025-08-24 11:30:53,232 - INFO - 5. ibo: r=0.9997
2025-08-24 11:30:53,233 - INFO - Experiment finished successfully.
