2025-08-24 10:12:49,100 - INFO - Start: model_type=xlmr, run_both=False, use_cls=False, use_context=False, context_window=0, max_tokens_per_type=500, batch_size=32, seed=1, num_middle_layers=3, output_dir=rq2_train_scripts/Embeddings/EXTENDED/outputs/combined_extended/xlmr/config_0_clsfalse_ctxfalse_hybfalse/tokens_500_ctx0
2025-08-24 10:12:49,657 - INFO - xlmr: selected layer indices (hidden_states) = [2, 3, 10, 12]
2025-08-24 10:12:51,342 - INFO - Processing run
2025-08-24 10:12:59,480 - INFO - Processing bam
2025-08-24 10:13:06,498 - INFO - Processing bbj
2025-08-24 10:13:13,836 - INFO - Processing ewe
2025-08-24 10:13:21,458 - INFO - Processing fon
2025-08-24 10:13:28,782 - INFO - Processing hau
2025-08-24 10:13:36,440 - INFO - Processing ibo
2025-08-24 10:13:44,007 - INFO - Processing kin
2025-08-24 10:13:51,211 - INFO - Processing lug
2025-08-24 10:13:58,900 - INFO - Processing luo
2025-08-24 10:14:06,114 - INFO - Processing mos
2025-08-24 10:14:13,293 - INFO - Processing nya
2025-08-24 10:14:20,626 - INFO - Processing pcm
2025-08-24 10:14:28,166 - INFO - Processing sna
2025-08-24 10:14:35,537 - INFO - Processing swa
2025-08-24 10:14:43,223 - INFO - Processing tsn
2025-08-24 10:14:50,560 - INFO - Processing twi
2025-08-24 10:14:57,735 - INFO - Processing wol
2025-08-24 10:15:04,393 - INFO - Processing xho
2025-08-24 10:15:10,983 - INFO - Processing yor
2025-08-24 10:15:17,196 - INFO - Processing zul
2025-08-24 10:15:24,315 - INFO - Layer 2 (xlmr) — Top 5
2025-08-24 10:15:24,315 - INFO - 1. kin: r=0.9904
2025-08-24 10:15:24,315 - INFO - 2. twi: r=0.9901
2025-08-24 10:15:24,315 - INFO - 3. luo: r=0.9901
2025-08-24 10:15:24,315 - INFO - 4. ibo: r=0.9889
2025-08-24 10:15:24,315 - INFO - 5. tsn: r=0.9882
2025-08-24 10:15:24,315 - INFO - Layer 2 (xlmr) — Worst 5
2025-08-24 10:15:24,315 - INFO - 1. hau: r=0.9738
2025-08-24 10:15:24,315 - INFO - 2. fon: r=0.9757
2025-08-24 10:15:24,315 - INFO - 3. bbj: r=0.9769
2025-08-24 10:15:24,315 - INFO - 4. yor: r=0.9784
2025-08-24 10:15:24,315 - INFO - 5. bam: r=0.9790
2025-08-24 10:15:24,434 - INFO - Layer 3 (xlmr) — Top 5
2025-08-24 10:15:24,434 - INFO - 1. kin: r=0.9925
2025-08-24 10:15:24,434 - INFO - 2. twi: r=0.9916
2025-08-24 10:15:24,434 - INFO - 3. luo: r=0.9913
2025-08-24 10:15:24,434 - INFO - 4. ibo: r=0.9911
2025-08-24 10:15:24,434 - INFO - 5. tsn: r=0.9906
2025-08-24 10:15:24,434 - INFO - Layer 3 (xlmr) — Worst 5
2025-08-24 10:15:24,434 - INFO - 1. hau: r=0.9793
2025-08-24 10:15:24,434 - INFO - 2. fon: r=0.9818
2025-08-24 10:15:24,434 - INFO - 3. bbj: r=0.9823
2025-08-24 10:15:24,434 - INFO - 4. bam: r=0.9838
2025-08-24 10:15:24,434 - INFO - 5. pcm: r=0.9840
2025-08-24 10:15:24,552 - INFO - Layer 10 (xlmr) — Top 5
2025-08-24 10:15:24,552 - INFO - 1. twi: r=0.9927
2025-08-24 10:15:24,552 - INFO - 2. kin: r=0.9926
2025-08-24 10:15:24,552 - INFO - 3. lug: r=0.9912
2025-08-24 10:15:24,552 - INFO - 4. ibo: r=0.9911
2025-08-24 10:15:24,552 - INFO - 5. luo: r=0.9906
2025-08-24 10:15:24,552 - INFO - Layer 10 (xlmr) — Worst 5
2025-08-24 10:15:24,552 - INFO - 1. bbj: r=0.9800
2025-08-24 10:15:24,552 - INFO - 2. bam: r=0.9807
2025-08-24 10:15:24,552 - INFO - 3. yor: r=0.9815
2025-08-24 10:15:24,552 - INFO - 4. hau: r=0.9819
2025-08-24 10:15:24,552 - INFO - 5. fon: r=0.9830
2025-08-24 10:15:24,671 - INFO - Layer 12 (xlmr) — Top 5
2025-08-24 10:15:24,671 - INFO - 1. kin: r=0.9994
2025-08-24 10:15:24,671 - INFO - 2. twi: r=0.9994
2025-08-24 10:15:24,671 - INFO - 3. ibo: r=0.9994
2025-08-24 10:15:24,671 - INFO - 4. luo: r=0.9993
2025-08-24 10:15:24,671 - INFO - 5. lug: r=0.9993
2025-08-24 10:15:24,671 - INFO - Layer 12 (xlmr) — Worst 5
2025-08-24 10:15:24,671 - INFO - 1. yor: r=0.9986
2025-08-24 10:15:24,671 - INFO - 2. bbj: r=0.9987
2025-08-24 10:15:24,671 - INFO - 3. fon: r=0.9987
2025-08-24 10:15:24,671 - INFO - 4. bam: r=0.9988
2025-08-24 10:15:24,671 - INFO - 5. hau: r=0.9989
2025-08-24 10:15:24,672 - INFO - Experiment finished successfully.
