2025-08-27 07:43:41,135 - INFO - Start: model_type=xlmr, use_cls=True, use_context=False, context_window=1, max_tokens_per_type=200, batch_size=64, output_dir=rq2_train_scripts/Embeddings/CLEAN/outputs/mptc/xlmr/config_1_clstrue_ctxfalse/tokens_200_ctx1, save_prototypes=False, seed=42, fp16=True, max_length=96, langs=all, layers=all, span_mode=bio, pool=mean, entity_tags={'PER', 'LOC', 'DATE', 'ORG'}, title_suffix='L=all, tokens=200, ctx=1, cls=true, fp16=true'
2025-08-27 07:43:43,359 - INFO - Processing run
2025-08-27 07:43:43,750 - INFO - Processing bam
2025-08-27 07:43:43,794 - INFO - Processing bbj
2025-08-27 07:43:43,825 - INFO - Processing ewe
2025-08-27 07:43:43,865 - INFO - Processing fon
2025-08-27 07:43:43,915 - INFO - Processing hau
2025-08-27 07:43:43,968 - INFO - Processing ibo
2025-08-27 07:43:44,045 - INFO - Processing kin
2025-08-27 07:43:44,115 - INFO - Processing lug
2025-08-27 07:43:44,163 - INFO - Processing luo
2025-08-27 07:43:44,216 - INFO - Processing mos
2025-08-27 07:43:44,264 - INFO - Processing nya
2025-08-27 07:43:44,321 - INFO - Processing pcm
2025-08-27 07:43:44,367 - INFO - Processing sna
2025-08-27 07:43:44,415 - INFO - Processing swa
2025-08-27 07:43:44,473 - INFO - Processing tsn
2025-08-27 07:43:44,512 - INFO - Processing twi
2025-08-27 07:43:44,560 - INFO - Processing wol
2025-08-27 07:43:44,615 - INFO - Processing xho
2025-08-27 07:43:44,690 - INFO - Processing yor
2025-08-27 07:43:44,766 - INFO - Processing zul
2025-08-27 07:43:45,242 - INFO - === Layer 1 (xlmr) — Top 5 (cosine) ===
2025-08-27 07:43:45,242 - INFO - 1. kin: cos=0.9999
2025-08-27 07:43:45,242 - INFO - 2. luo: cos=0.9999
2025-08-27 07:43:45,242 - INFO - 3. twi: cos=0.9999
2025-08-27 07:43:45,242 - INFO - 4. zul: cos=0.9998
2025-08-27 07:43:45,242 - INFO - 5. ewe: cos=0.9998
2025-08-27 07:43:45,242 - INFO - === Layer 1 (xlmr) — Worst 5 (cosine) ===
2025-08-27 07:43:45,242 - INFO - 1. hau: cos=0.9990
2025-08-27 07:43:45,242 - INFO - 2. bbj: cos=0.9994
2025-08-27 07:43:45,242 - INFO - 3. pcm: cos=0.9995
2025-08-27 07:43:45,242 - INFO - 4. bam: cos=0.9995
2025-08-27 07:43:45,242 - INFO - 5. fon: cos=0.9995
2025-08-27 07:43:45,371 - INFO - === Layer 2 (xlmr) — Top 5 (cosine) ===
2025-08-27 07:43:45,371 - INFO - 1. kin: cos=1.0000
2025-08-27 07:43:45,371 - INFO - 2. luo: cos=1.0000
2025-08-27 07:43:45,371 - INFO - 3. twi: cos=1.0000
2025-08-27 07:43:45,371 - INFO - 4. zul: cos=1.0000
2025-08-27 07:43:45,371 - INFO - 5. ewe: cos=1.0000
2025-08-27 07:43:45,371 - INFO - === Layer 2 (xlmr) — Worst 5 (cosine) ===
2025-08-27 07:43:45,371 - INFO - 1. hau: cos=0.9999
2025-08-27 07:43:45,371 - INFO - 2. pcm: cos=0.9999
2025-08-27 07:43:45,371 - INFO - 3. bbj: cos=0.9999
2025-08-27 07:43:45,371 - INFO - 4. ibo: cos=0.9999
2025-08-27 07:43:45,371 - INFO - 5. bam: cos=0.9999
2025-08-27 07:43:45,499 - INFO - === Layer 3 (xlmr) — Top 5 (cosine) ===
2025-08-27 07:43:45,499 - INFO - 1. kin: cos=1.0000
2025-08-27 07:43:45,499 - INFO - 2. twi: cos=1.0000
2025-08-27 07:43:45,499 - INFO - 3. luo: cos=1.0000
2025-08-27 07:43:45,499 - INFO - 4. zul: cos=1.0000
2025-08-27 07:43:45,499 - INFO - 5. ewe: cos=1.0000
2025-08-27 07:43:45,499 - INFO - === Layer 3 (xlmr) — Worst 5 (cosine) ===
2025-08-27 07:43:45,499 - INFO - 1. pcm: cos=0.9999
2025-08-27 07:43:45,499 - INFO - 2. swa: cos=1.0000
2025-08-27 07:43:45,499 - INFO - 3. yor: cos=1.0000
2025-08-27 07:43:45,499 - INFO - 4. xho: cos=1.0000
2025-08-27 07:43:45,499 - INFO - 5. nya: cos=1.0000
2025-08-27 07:43:45,620 - INFO - === Layer 4 (xlmr) — Top 5 (cosine) ===
2025-08-27 07:43:45,620 - INFO - 1. kin: cos=1.0000
2025-08-27 07:43:45,620 - INFO - 2. bbj: cos=1.0000
2025-08-27 07:43:45,620 - INFO - 3. tsn: cos=1.0000
2025-08-27 07:43:45,620 - INFO - 4. twi: cos=1.0000
2025-08-27 07:43:45,620 - INFO - 5. zul: cos=1.0000
2025-08-27 07:43:45,620 - INFO - === Layer 4 (xlmr) — Worst 5 (cosine) ===
2025-08-27 07:43:45,620 - INFO - 1. hau: cos=1.0000
2025-08-27 07:43:45,620 - INFO - 2. pcm: cos=1.0000
2025-08-27 07:43:45,620 - INFO - 3. yor: cos=1.0000
2025-08-27 07:43:45,620 - INFO - 4. wol: cos=1.0000
2025-08-27 07:43:45,620 - INFO - 5. mos: cos=1.0000
2025-08-27 07:43:45,776 - INFO - === Layer 5 (xlmr) — Top 5 (cosine) ===
2025-08-27 07:43:45,776 - INFO - 1. bbj: cos=1.0000
2025-08-27 07:43:45,776 - INFO - 2. sna: cos=1.0000
2025-08-27 07:43:45,776 - INFO - 3. ibo: cos=1.0000
2025-08-27 07:43:45,776 - INFO - 4. tsn: cos=1.0000
2025-08-27 07:43:45,776 - INFO - 5. nya: cos=1.0000
2025-08-27 07:43:45,776 - INFO - === Layer 5 (xlmr) — Worst 5 (cosine) ===
2025-08-27 07:43:45,776 - INFO - 1. hau: cos=1.0000
2025-08-27 07:43:45,776 - INFO - 2. swa: cos=1.0000
2025-08-27 07:43:45,776 - INFO - 3. luo: cos=1.0000
2025-08-27 07:43:45,776 - INFO - 4. lug: cos=1.0000
2025-08-27 07:43:45,776 - INFO - 5. wol: cos=1.0000
2025-08-27 07:43:45,906 - INFO - === Layer 6 (xlmr) — Top 5 (cosine) ===
2025-08-27 07:43:45,906 - INFO - 1. ibo: cos=1.0000
2025-08-27 07:43:45,906 - INFO - 2. bbj: cos=1.0000
2025-08-27 07:43:45,906 - INFO - 3. sna: cos=1.0000
2025-08-27 07:43:45,906 - INFO - 4. tsn: cos=1.0000
2025-08-27 07:43:45,906 - INFO - 5. nya: cos=1.0000
2025-08-27 07:43:45,906 - INFO - === Layer 6 (xlmr) — Worst 5 (cosine) ===
2025-08-27 07:43:45,906 - INFO - 1. hau: cos=1.0000
2025-08-27 07:43:45,906 - INFO - 2. swa: cos=1.0000
2025-08-27 07:43:45,906 - INFO - 3. lug: cos=1.0000
2025-08-27 07:43:45,906 - INFO - 4. luo: cos=1.0000
2025-08-27 07:43:45,906 - INFO - 5. wol: cos=1.0000
2025-08-27 07:43:46,037 - INFO - === Layer 7 (xlmr) — Top 5 (cosine) ===
2025-08-27 07:43:46,037 - INFO - 1. twi: cos=1.0000
2025-08-27 07:43:46,037 - INFO - 2. yor: cos=1.0000
2025-08-27 07:43:46,037 - INFO - 3. sna: cos=1.0000
2025-08-27 07:43:46,037 - INFO - 4. ibo: cos=1.0000
2025-08-27 07:43:46,037 - INFO - 5. fon: cos=1.0000
2025-08-27 07:43:46,037 - INFO - === Layer 7 (xlmr) — Worst 5 (cosine) ===
2025-08-27 07:43:46,037 - INFO - 1. tsn: cos=1.0000
2025-08-27 07:43:46,037 - INFO - 2. hau: cos=1.0000
2025-08-27 07:43:46,037 - INFO - 3. lug: cos=1.0000
2025-08-27 07:43:46,037 - INFO - 4. ewe: cos=1.0000
2025-08-27 07:43:46,037 - INFO - 5. nya: cos=1.0000
2025-08-27 07:43:46,235 - INFO - === Layer 8 (xlmr) — Top 5 (cosine) ===
2025-08-27 07:43:46,235 - INFO - 1. luo: cos=1.0000
2025-08-27 07:43:46,235 - INFO - 2. ewe: cos=1.0000
2025-08-27 07:43:46,235 - INFO - 3. kin: cos=1.0000
2025-08-27 07:43:46,235 - INFO - 4. yor: cos=1.0000
2025-08-27 07:43:46,235 - INFO - 5. bam: cos=1.0000
2025-08-27 07:43:46,235 - INFO - === Layer 8 (xlmr) — Worst 5 (cosine) ===
2025-08-27 07:43:46,235 - INFO - 1. bbj: cos=0.9999
2025-08-27 07:43:46,235 - INFO - 2. fon: cos=0.9999
2025-08-27 07:43:46,235 - INFO - 3. ibo: cos=0.9999
2025-08-27 07:43:46,235 - INFO - 4. xho: cos=0.9999
2025-08-27 07:43:46,235 - INFO - 5. pcm: cos=1.0000
2025-08-27 07:43:46,363 - INFO - === Layer 9 (xlmr) — Top 5 (cosine) ===
2025-08-27 07:43:46,363 - INFO - 1. kin: cos=1.0000
2025-08-27 07:43:46,363 - INFO - 2. bam: cos=1.0000
2025-08-27 07:43:46,363 - INFO - 3. yor: cos=1.0000
2025-08-27 07:43:46,363 - INFO - 4. sna: cos=1.0000
2025-08-27 07:43:46,363 - INFO - 5. mos: cos=1.0000
2025-08-27 07:43:46,363 - INFO - === Layer 9 (xlmr) — Worst 5 (cosine) ===
2025-08-27 07:43:46,363 - INFO - 1. ibo: cos=1.0000
2025-08-27 07:43:46,363 - INFO - 2. hau: cos=1.0000
2025-08-27 07:43:46,363 - INFO - 3. swa: cos=1.0000
2025-08-27 07:43:46,363 - INFO - 4. bbj: cos=1.0000
2025-08-27 07:43:46,363 - INFO - 5. lug: cos=1.0000
2025-08-27 07:43:46,493 - INFO - === Layer 10 (xlmr) — Top 5 (cosine) ===
2025-08-27 07:43:46,493 - INFO - 1. zul: cos=1.0000
2025-08-27 07:43:46,493 - INFO - 2. hau: cos=1.0000
2025-08-27 07:43:46,493 - INFO - 3. ewe: cos=1.0000
2025-08-27 07:43:46,493 - INFO - 4. mos: cos=1.0000
2025-08-27 07:43:46,493 - INFO - 5. swa: cos=1.0000
2025-08-27 07:43:46,493 - INFO - === Layer 10 (xlmr) — Worst 5 (cosine) ===
2025-08-27 07:43:46,493 - INFO - 1. bam: cos=0.9999
2025-08-27 07:43:46,493 - INFO - 2. pcm: cos=1.0000
2025-08-27 07:43:46,493 - INFO - 3. ibo: cos=1.0000
2025-08-27 07:43:46,493 - INFO - 4. yor: cos=1.0000
2025-08-27 07:43:46,493 - INFO - 5. fon: cos=1.0000
2025-08-27 07:43:46,624 - INFO - === Layer 11 (xlmr) — Top 5 (cosine) ===
2025-08-27 07:43:46,624 - INFO - 1. nya: cos=1.0000
2025-08-27 07:43:46,624 - INFO - 2. zul: cos=1.0000
2025-08-27 07:43:46,624 - INFO - 3. swa: cos=1.0000
2025-08-27 07:43:46,624 - INFO - 4. pcm: cos=1.0000
2025-08-27 07:43:46,624 - INFO - 5. lug: cos=1.0000
2025-08-27 07:43:46,624 - INFO - === Layer 11 (xlmr) — Worst 5 (cosine) ===
2025-08-27 07:43:46,624 - INFO - 1. kin: cos=0.9997
2025-08-27 07:43:46,625 - INFO - 2. luo: cos=0.9997
2025-08-27 07:43:46,625 - INFO - 3. xho: cos=0.9998
2025-08-27 07:43:46,625 - INFO - 4. bbj: cos=0.9999
2025-08-27 07:43:46,625 - INFO - 5. wol: cos=0.9999
2025-08-27 07:43:46,756 - INFO - === Layer 12 (xlmr) — Top 5 (cosine) ===
2025-08-27 07:43:46,756 - INFO - 1. nya: cos=0.9999
2025-08-27 07:43:46,756 - INFO - 2. wol: cos=0.9998
2025-08-27 07:43:46,756 - INFO - 3. tsn: cos=0.9998
2025-08-27 07:43:46,756 - INFO - 4. bbj: cos=0.9998
2025-08-27 07:43:46,756 - INFO - 5. ewe: cos=0.9998
2025-08-27 07:43:46,756 - INFO - === Layer 12 (xlmr) — Worst 5 (cosine) ===
2025-08-27 07:43:46,756 - INFO - 1. hau: cos=0.9450
2025-08-27 07:43:46,756 - INFO - 2. bam: cos=0.9972
2025-08-27 07:43:46,756 - INFO - 3. twi: cos=0.9983
2025-08-27 07:43:46,756 - INFO - 4. fon: cos=0.9994
2025-08-27 07:43:46,756 - INFO - 5. swa: cos=0.9995
2025-08-27 07:43:46,757 - INFO - Experiment finished successfully.
