2025-08-27 18:34:09,939 - INFO - Start: model_type=mbert, use_cls=True, use_context=True, context_window=1, max_tokens_per_type=500, batch_size=64, output_dir=rq2_train_scripts/Embeddings/CLEAN/outputs/combined/mbert/config_3_clstrue_ctxtrue/tokens_500_ctx1/core, save_prototypes=False, seed=42, fp16=True, max_length=96, langs=all, layers=all, span_mode=bio, pool=mean, entity_tags={'LOC', 'ORG', 'PER', 'DATE'}, title_suffix='L=all, tokens=500, ctx=1, cls=true, fp16=true'
2025-08-27 18:34:11,273 - INFO - Processing run
2025-08-27 18:34:11,743 - INFO - Processing bam
2025-08-27 18:34:11,809 - INFO - Processing bbj
2025-08-27 18:34:11,853 - INFO - Processing ewe
2025-08-27 18:34:11,900 - INFO - Processing fon
2025-08-27 18:34:11,966 - INFO - Processing hau
2025-08-27 18:34:12,030 - INFO - Processing ibo
2025-08-27 18:34:12,125 - INFO - Processing kin
2025-08-27 18:34:12,195 - INFO - Processing lug
2025-08-27 18:34:12,259 - INFO - Processing luo
2025-08-27 18:34:12,325 - INFO - Processing mos
2025-08-27 18:34:12,397 - INFO - Processing nya
2025-08-27 18:34:12,489 - INFO - Processing pcm
2025-08-27 18:34:12,541 - INFO - Processing sna
2025-08-27 18:34:12,595 - INFO - Processing swa
2025-08-27 18:34:12,663 - INFO - Processing tsn
2025-08-27 18:34:12,717 - INFO - Processing twi
2025-08-27 18:34:12,780 - INFO - Processing wol
2025-08-27 18:34:12,848 - INFO - Processing xho
2025-08-27 18:34:12,905 - INFO - Processing yor
2025-08-27 18:34:12,992 - INFO - Processing zul
2025-08-27 18:34:13,415 - INFO - === Layer 1 (mbert) — Top 5 (cosine) ===
2025-08-27 18:34:13,415 - INFO - 1. lug: cos=0.9997
2025-08-27 18:34:13,415 - INFO - 2. hau: cos=0.9997
2025-08-27 18:34:13,415 - INFO - 3. nya: cos=0.9996
2025-08-27 18:34:13,415 - INFO - 4. sna: cos=0.9996
2025-08-27 18:34:13,415 - INFO - 5. zul: cos=0.9996
2025-08-27 18:34:13,415 - INFO - === Layer 1 (mbert) — Worst 5 (cosine) ===
2025-08-27 18:34:13,415 - INFO - 1. fon: cos=0.9988
2025-08-27 18:34:13,415 - INFO - 2. yor: cos=0.9989
2025-08-27 18:34:13,415 - INFO - 3. pcm: cos=0.9989
2025-08-27 18:34:13,415 - INFO - 4. bbj: cos=0.9991
2025-08-27 18:34:13,415 - INFO - 5. ewe: cos=0.9992
2025-08-27 18:34:13,545 - INFO - === Layer 2 (mbert) — Top 5 (cosine) ===
2025-08-27 18:34:13,545 - INFO - 1. hau: cos=1.0000
2025-08-27 18:34:13,545 - INFO - 2. lug: cos=0.9999
2025-08-27 18:34:13,545 - INFO - 3. sna: cos=0.9999
2025-08-27 18:34:13,545 - INFO - 4. xho: cos=0.9999
2025-08-27 18:34:13,545 - INFO - 5. nya: cos=0.9999
2025-08-27 18:34:13,545 - INFO - === Layer 2 (mbert) — Worst 5 (cosine) ===
2025-08-27 18:34:13,545 - INFO - 1. fon: cos=0.9998
2025-08-27 18:34:13,545 - INFO - 2. yor: cos=0.9998
2025-08-27 18:34:13,545 - INFO - 3. pcm: cos=0.9998
2025-08-27 18:34:13,545 - INFO - 4. bbj: cos=0.9999
2025-08-27 18:34:13,545 - INFO - 5. ewe: cos=0.9999
2025-08-27 18:34:13,674 - INFO - === Layer 3 (mbert) — Top 5 (cosine) ===
2025-08-27 18:34:13,674 - INFO - 1. hau: cos=1.0000
2025-08-27 18:34:13,674 - INFO - 2. lug: cos=1.0000
2025-08-27 18:34:13,674 - INFO - 3. sna: cos=1.0000
2025-08-27 18:34:13,674 - INFO - 4. xho: cos=1.0000
2025-08-27 18:34:13,674 - INFO - 5. zul: cos=1.0000
2025-08-27 18:34:13,674 - INFO - === Layer 3 (mbert) — Worst 5 (cosine) ===
2025-08-27 18:34:13,674 - INFO - 1. fon: cos=0.9999
2025-08-27 18:34:13,674 - INFO - 2. pcm: cos=0.9999
2025-08-27 18:34:13,674 - INFO - 3. yor: cos=0.9999
2025-08-27 18:34:13,674 - INFO - 4. bbj: cos=0.9999
2025-08-27 18:34:13,674 - INFO - 5. ewe: cos=1.0000
2025-08-27 18:34:13,807 - INFO - === Layer 4 (mbert) — Top 5 (cosine) ===
2025-08-27 18:34:13,807 - INFO - 1. kin: cos=0.9999
2025-08-27 18:34:13,807 - INFO - 2. sna: cos=0.9999
2025-08-27 18:34:13,807 - INFO - 3. zul: cos=0.9999
2025-08-27 18:34:13,807 - INFO - 4. hau: cos=0.9999
2025-08-27 18:34:13,808 - INFO - 5. xho: cos=0.9999
2025-08-27 18:34:13,808 - INFO - === Layer 4 (mbert) — Worst 5 (cosine) ===
2025-08-27 18:34:13,808 - INFO - 1. pcm: cos=0.9997
2025-08-27 18:34:13,808 - INFO - 2. ewe: cos=0.9997
2025-08-27 18:34:13,808 - INFO - 3. yor: cos=0.9998
2025-08-27 18:34:13,808 - INFO - 4. bbj: cos=0.9998
2025-08-27 18:34:13,808 - INFO - 5. tsn: cos=0.9998
2025-08-27 18:34:13,942 - INFO - === Layer 5 (mbert) — Top 5 (cosine) ===
2025-08-27 18:34:13,942 - INFO - 1. kin: cos=0.9938
2025-08-27 18:34:13,942 - INFO - 2. lug: cos=0.9928
2025-08-27 18:34:13,942 - INFO - 3. nya: cos=0.9927
2025-08-27 18:34:13,942 - INFO - 4. luo: cos=0.9922
2025-08-27 18:34:13,942 - INFO - 5. sna: cos=0.9921
2025-08-27 18:34:13,942 - INFO - === Layer 5 (mbert) — Worst 5 (cosine) ===
2025-08-27 18:34:13,942 - INFO - 1. yor: cos=0.9755
2025-08-27 18:34:13,942 - INFO - 2. bbj: cos=0.9779
2025-08-27 18:34:13,942 - INFO - 3. fon: cos=0.9808
2025-08-27 18:34:13,942 - INFO - 4. pcm: cos=0.9845
2025-08-27 18:34:13,942 - INFO - 5. wol: cos=0.9872
2025-08-27 18:34:14,164 - INFO - === Layer 6 (mbert) — Top 5 (cosine) ===
2025-08-27 18:34:14,164 - INFO - 1. kin: cos=0.9887
2025-08-27 18:34:14,164 - INFO - 2. lug: cos=0.9880
2025-08-27 18:34:14,164 - INFO - 3. nya: cos=0.9864
2025-08-27 18:34:14,164 - INFO - 4. xho: cos=0.9858
2025-08-27 18:34:14,164 - INFO - 5. sna: cos=0.9858
2025-08-27 18:34:14,164 - INFO - === Layer 6 (mbert) — Worst 5 (cosine) ===
2025-08-27 18:34:14,164 - INFO - 1. yor: cos=0.9617
2025-08-27 18:34:14,164 - INFO - 2. bbj: cos=0.9646
2025-08-27 18:34:14,164 - INFO - 3. fon: cos=0.9654
2025-08-27 18:34:14,164 - INFO - 4. pcm: cos=0.9693
2025-08-27 18:34:14,164 - INFO - 5. ewe: cos=0.9769
2025-08-27 18:34:14,294 - INFO - === Layer 7 (mbert) — Top 5 (cosine) ===
2025-08-27 18:34:14,294 - INFO - 1. kin: cos=0.9851
2025-08-27 18:34:14,294 - INFO - 2. sna: cos=0.9837
2025-08-27 18:34:14,294 - INFO - 3. nya: cos=0.9828
2025-08-27 18:34:14,294 - INFO - 4. lug: cos=0.9827
2025-08-27 18:34:14,294 - INFO - 5. xho: cos=0.9818
2025-08-27 18:34:14,294 - INFO - === Layer 7 (mbert) — Worst 5 (cosine) ===
2025-08-27 18:34:14,294 - INFO - 1. pcm: cos=0.9588
2025-08-27 18:34:14,294 - INFO - 2. yor: cos=0.9602
2025-08-27 18:34:14,294 - INFO - 3. bbj: cos=0.9617
2025-08-27 18:34:14,294 - INFO - 4. fon: cos=0.9620
2025-08-27 18:34:14,294 - INFO - 5. tsn: cos=0.9696
2025-08-27 18:34:14,425 - INFO - === Layer 8 (mbert) — Top 5 (cosine) ===
2025-08-27 18:34:14,426 - INFO - 1. kin: cos=0.9831
2025-08-27 18:34:14,426 - INFO - 2. sna: cos=0.9809
2025-08-27 18:34:14,426 - INFO - 3. nya: cos=0.9800
2025-08-27 18:34:14,426 - INFO - 4. lug: cos=0.9786
2025-08-27 18:34:14,426 - INFO - 5. twi: cos=0.9782
2025-08-27 18:34:14,426 - INFO - === Layer 8 (mbert) — Worst 5 (cosine) ===
2025-08-27 18:34:14,426 - INFO - 1. pcm: cos=0.9433
2025-08-27 18:34:14,426 - INFO - 2. yor: cos=0.9554
2025-08-27 18:34:14,426 - INFO - 3. fon: cos=0.9555
2025-08-27 18:34:14,426 - INFO - 4. bbj: cos=0.9566
2025-08-27 18:34:14,426 - INFO - 5. ewe: cos=0.9618
2025-08-27 18:34:14,558 - INFO - === Layer 9 (mbert) — Top 5 (cosine) ===
2025-08-27 18:34:14,559 - INFO - 1. sna: cos=0.9859
2025-08-27 18:34:14,559 - INFO - 2. kin: cos=0.9857
2025-08-27 18:34:14,559 - INFO - 3. twi: cos=0.9825
2025-08-27 18:34:14,559 - INFO - 4. ibo: cos=0.9818
2025-08-27 18:34:14,559 - INFO - 5. lug: cos=0.9814
2025-08-27 18:34:14,559 - INFO - === Layer 9 (mbert) — Worst 5 (cosine) ===
2025-08-27 18:34:14,559 - INFO - 1. pcm: cos=0.9465
2025-08-27 18:34:14,559 - INFO - 2. yor: cos=0.9634
2025-08-27 18:34:14,559 - INFO - 3. fon: cos=0.9634
2025-08-27 18:34:14,559 - INFO - 4. bbj: cos=0.9637
2025-08-27 18:34:14,559 - INFO - 5. ewe: cos=0.9652
2025-08-27 18:34:14,691 - INFO - === Layer 10 (mbert) — Top 5 (cosine) ===
2025-08-27 18:34:14,691 - INFO - 1. sna: cos=0.9888
2025-08-27 18:34:14,691 - INFO - 2. kin: cos=0.9876
2025-08-27 18:34:14,691 - INFO - 3. lug: cos=0.9871
2025-08-27 18:34:14,691 - INFO - 4. nya: cos=0.9861
2025-08-27 18:34:14,691 - INFO - 5. twi: cos=0.9856
2025-08-27 18:34:14,691 - INFO - === Layer 10 (mbert) — Worst 5 (cosine) ===
2025-08-27 18:34:14,691 - INFO - 1. pcm: cos=0.9643
2025-08-27 18:34:14,691 - INFO - 2. yor: cos=0.9658
2025-08-27 18:34:14,691 - INFO - 3. bbj: cos=0.9684
2025-08-27 18:34:14,691 - INFO - 4. fon: cos=0.9713
2025-08-27 18:34:14,691 - INFO - 5. tsn: cos=0.9730
2025-08-27 18:34:14,822 - INFO - === Layer 11 (mbert) — Top 5 (cosine) ===
2025-08-27 18:34:14,822 - INFO - 1. sna: cos=0.9898
2025-08-27 18:34:14,822 - INFO - 2. nya: cos=0.9896
2025-08-27 18:34:14,822 - INFO - 3. lug: cos=0.9894
2025-08-27 18:34:14,822 - INFO - 4. kin: cos=0.9893
2025-08-27 18:34:14,822 - INFO - 5. twi: cos=0.9880
2025-08-27 18:34:14,822 - INFO - === Layer 11 (mbert) — Worst 5 (cosine) ===
2025-08-27 18:34:14,822 - INFO - 1. pcm: cos=0.9668
2025-08-27 18:34:14,822 - INFO - 2. yor: cos=0.9680
2025-08-27 18:34:14,822 - INFO - 3. bbj: cos=0.9693
2025-08-27 18:34:14,822 - INFO - 4. fon: cos=0.9747
2025-08-27 18:34:14,822 - INFO - 5. ewe: cos=0.9777
2025-08-27 18:34:14,953 - INFO - === Layer 12 (mbert) — Top 5 (cosine) ===
2025-08-27 18:34:14,953 - INFO - 1. nya: cos=0.9869
2025-08-27 18:34:14,953 - INFO - 2. sna: cos=0.9860
2025-08-27 18:34:14,953 - INFO - 3. kin: cos=0.9832
2025-08-27 18:34:14,953 - INFO - 4. zul: cos=0.9823
2025-08-27 18:34:14,953 - INFO - 5. lug: cos=0.9797
2025-08-27 18:34:14,953 - INFO - === Layer 12 (mbert) — Worst 5 (cosine) ===
2025-08-27 18:34:14,953 - INFO - 1. bbj: cos=0.9294
2025-08-27 18:34:14,953 - INFO - 2. pcm: cos=0.9396
2025-08-27 18:34:14,953 - INFO - 3. fon: cos=0.9478
2025-08-27 18:34:14,953 - INFO - 4. bam: cos=0.9569
2025-08-27 18:34:14,953 - INFO - 5. yor: cos=0.9574
2025-08-27 18:34:14,954 - INFO - Experiment finished successfully.
