2025-08-03 05:50:28,559 - INFO - Experiment started with model_type=xlmr, use_cls=False, use_context=False, context_window=1, use_hybrid=True, max_tokens_per_type=500, output_dir=rq2_train_scripts/Embeddings/MEXA_inspired_strategy/outputs/mptc/xlmr/config_3_clsfalse_ctxfalse_hybtrue/tokens_500_ctx1
2025-08-03 05:50:30,022 - INFO - Processing run
2025-08-03 05:50:32,064 - INFO - Processing bam
2025-08-03 05:50:35,881 - INFO - Processing bbj
2025-08-03 05:50:40,181 - INFO - Processing ewe
2025-08-03 05:50:44,449 - INFO - Processing fon
2025-08-03 05:50:48,715 - INFO - Processing hau
2025-08-03 05:50:52,974 - INFO - Processing ibo
2025-08-03 05:50:57,307 - INFO - Processing kin
2025-08-03 05:51:01,584 - INFO - Processing lug
2025-08-03 05:51:05,785 - INFO - Processing luo
2025-08-03 05:51:10,013 - INFO - Processing mos
2025-08-03 05:51:14,268 - INFO - Processing nya
2025-08-03 05:51:18,530 - INFO - Processing pcm
2025-08-03 05:51:22,741 - INFO - Processing sna
2025-08-03 05:51:27,008 - INFO - Processing swa
2025-08-03 05:51:31,219 - INFO - Processing tsn
2025-08-03 05:51:35,417 - INFO - Processing twi
2025-08-03 05:51:39,645 - INFO - Processing wol
2025-08-03 05:51:43,918 - INFO - Processing xho
2025-08-03 05:51:48,187 - INFO - Processing yor
2025-08-03 05:51:52,507 - INFO - Processing zul
2025-08-03 05:51:57,277 - INFO - Top 5 languages most similar to Runyankore:
2025-08-03 05:51:57,278 - INFO - 1. lug - Mean Similarity: 0.7671
2025-08-03 05:51:57,278 - INFO - 2. kin - Mean Similarity: 0.7548
2025-08-03 05:51:57,278 - INFO - 3. luo - Mean Similarity: 0.7526
2025-08-03 05:51:57,278 - INFO - 4. twi - Mean Similarity: 0.7519
2025-08-03 05:51:57,278 - INFO - 5. ibo - Mean Similarity: 0.7478
2025-08-03 05:51:57,278 - INFO - Experiment finished successfully.
