2025-08-03 01:05:13,361 - INFO - Experiment started with model_type=mbert, use_cls=False, use_context=False, context_window=0, use_hybrid=True, max_tokens_per_type=200, output_dir=rq2_train_scripts/Embeddings/MEXA_inspired_strategy/outputs/salt/mbert/config_3_clsfalse_ctxfalse_hybtrue/tokens_200_ctx0
2025-08-03 01:05:14,895 - INFO - Processing run
2025-08-03 01:05:22,937 - INFO - Processing bam
2025-08-03 01:05:30,930 - INFO - Processing bbj
2025-08-03 01:05:38,860 - INFO - Processing ewe
2025-08-03 01:05:46,854 - INFO - Processing fon
2025-08-03 01:05:54,997 - INFO - Processing hau
2025-08-03 01:06:03,449 - INFO - Processing ibo
2025-08-03 01:06:11,464 - INFO - Processing kin
2025-08-03 01:06:19,336 - INFO - Processing lug
2025-08-03 01:06:26,848 - INFO - Processing luo
2025-08-03 01:06:34,447 - INFO - Processing mos
2025-08-03 01:06:41,963 - INFO - Processing nya
2025-08-03 01:06:49,970 - INFO - Processing pcm
2025-08-03 01:06:57,379 - INFO - Processing sna
2025-08-03 01:07:05,374 - INFO - Processing swa
2025-08-03 01:07:12,992 - INFO - Processing tsn
2025-08-03 01:07:20,591 - INFO - Processing twi
2025-08-03 01:07:28,814 - INFO - Processing wol
2025-08-03 01:07:36,868 - INFO - Processing xho
2025-08-03 01:07:44,312 - INFO - Processing yor
2025-08-03 01:07:52,046 - INFO - Processing zul
2025-08-03 01:08:00,353 - INFO - Top 5 languages most similar to Runyankore:
2025-08-03 01:08:00,353 - INFO - 1. lug - Mean Similarity: 0.6279
2025-08-03 01:08:00,353 - INFO - 2. luo - Mean Similarity: 0.6102
2025-08-03 01:08:00,353 - INFO - 3. kin - Mean Similarity: 0.6010
2025-08-03 01:08:00,353 - INFO - 4. ibo - Mean Similarity: 0.5982
2025-08-03 01:08:00,353 - INFO - 5. twi - Mean Similarity: 0.5949
2025-08-03 01:08:00,353 - INFO - Experiment finished successfully.
