2025-08-27 18:28:53,598 - INFO - Start: model_type=mbert, use_cls=True, use_context=True, context_window=0, max_tokens_per_type=300, batch_size=64, output_dir=rq2_train_scripts/Embeddings/CLEAN/outputs/mptc/mbert/config_3_clstrue_ctxtrue/tokens_300_ctx0/core, save_prototypes=False, seed=42, fp16=True, max_length=96, langs=all, layers=all, span_mode=bio, pool=mean, entity_tags={'PER', 'LOC', 'DATE', 'ORG'}, title_suffix='L=all, tokens=300, ctx=0, cls=true, fp16=true'
2025-08-27 18:28:55,155 - INFO - Processing run
2025-08-27 18:28:55,606 - INFO - Processing bam
2025-08-27 18:28:55,655 - INFO - Processing bbj
2025-08-27 18:28:55,690 - INFO - Processing ewe
2025-08-27 18:28:55,722 - INFO - Processing fon
2025-08-27 18:28:55,772 - INFO - Processing hau
2025-08-27 18:28:55,830 - INFO - Processing ibo
2025-08-27 18:28:55,915 - INFO - Processing kin
2025-08-27 18:28:55,985 - INFO - Processing lug
2025-08-27 18:28:56,036 - INFO - Processing luo
2025-08-27 18:28:56,094 - INFO - Processing mos
2025-08-27 18:28:56,182 - INFO - Processing nya
2025-08-27 18:28:56,249 - INFO - Processing pcm
2025-08-27 18:28:56,302 - INFO - Processing sna
2025-08-27 18:28:56,365 - INFO - Processing swa
2025-08-27 18:28:56,429 - INFO - Processing tsn
2025-08-27 18:28:56,473 - INFO - Processing twi
2025-08-27 18:28:56,526 - INFO - Processing wol
2025-08-27 18:28:56,581 - INFO - Processing xho
2025-08-27 18:28:56,657 - INFO - Processing yor
2025-08-27 18:28:56,738 - INFO - Processing zul
2025-08-27 18:28:57,142 - INFO - === Layer 1 (mbert) — Top 5 (cosine) ===
2025-08-27 18:28:57,142 - INFO - 1. kin: cos=0.9994
2025-08-27 18:28:57,142 - INFO - 2. luo: cos=0.9993
2025-08-27 18:28:57,142 - INFO - 3. nya: cos=0.9992
2025-08-27 18:28:57,142 - INFO - 4. tsn: cos=0.9992
2025-08-27 18:28:57,142 - INFO - 5. swa: cos=0.9992
2025-08-27 18:28:57,142 - INFO - === Layer 1 (mbert) — Worst 5 (cosine) ===
2025-08-27 18:28:57,142 - INFO - 1. ewe: cos=0.9917
2025-08-27 18:28:57,142 - INFO - 2. bbj: cos=0.9971
2025-08-27 18:28:57,142 - INFO - 3. xho: cos=0.9976
2025-08-27 18:28:57,142 - INFO - 4. pcm: cos=0.9976
2025-08-27 18:28:57,142 - INFO - 5. sna: cos=0.9978
2025-08-27 18:28:57,272 - INFO - === Layer 2 (mbert) — Top 5 (cosine) ===
2025-08-27 18:28:57,272 - INFO - 1. kin: cos=0.9999
2025-08-27 18:28:57,272 - INFO - 2. luo: cos=0.9999
2025-08-27 18:28:57,272 - INFO - 3. nya: cos=0.9999
2025-08-27 18:28:57,272 - INFO - 4. bam: cos=0.9999
2025-08-27 18:28:57,272 - INFO - 5. ibo: cos=0.9999
2025-08-27 18:28:57,272 - INFO - === Layer 2 (mbert) — Worst 5 (cosine) ===
2025-08-27 18:28:57,272 - INFO - 1. ewe: cos=0.9986
2025-08-27 18:28:57,272 - INFO - 2. bbj: cos=0.9995
2025-08-27 18:28:57,272 - INFO - 3. pcm: cos=0.9996
2025-08-27 18:28:57,272 - INFO - 4. xho: cos=0.9996
2025-08-27 18:28:57,272 - INFO - 5. sna: cos=0.9996
2025-08-27 18:28:57,401 - INFO - === Layer 3 (mbert) — Top 5 (cosine) ===
2025-08-27 18:28:57,401 - INFO - 1. kin: cos=1.0000
2025-08-27 18:28:57,401 - INFO - 2. luo: cos=1.0000
2025-08-27 18:28:57,401 - INFO - 3. ibo: cos=1.0000
2025-08-27 18:28:57,401 - INFO - 4. bam: cos=1.0000
2025-08-27 18:28:57,401 - INFO - 5. zul: cos=1.0000
2025-08-27 18:28:57,401 - INFO - === Layer 3 (mbert) — Worst 5 (cosine) ===
2025-08-27 18:28:57,401 - INFO - 1. ewe: cos=0.9997
2025-08-27 18:28:57,401 - INFO - 2. bbj: cos=0.9999
2025-08-27 18:28:57,401 - INFO - 3. pcm: cos=0.9999
2025-08-27 18:28:57,401 - INFO - 4. sna: cos=0.9999
2025-08-27 18:28:57,401 - INFO - 5. xho: cos=0.9999
2025-08-27 18:28:57,527 - INFO - === Layer 4 (mbert) — Top 5 (cosine) ===
2025-08-27 18:28:57,527 - INFO - 1. kin: cos=0.9999
2025-08-27 18:28:57,527 - INFO - 2. hau: cos=0.9999
2025-08-27 18:28:57,527 - INFO - 3. zul: cos=0.9999
2025-08-27 18:28:57,527 - INFO - 4. twi: cos=0.9998
2025-08-27 18:28:57,527 - INFO - 5. luo: cos=0.9998
2025-08-27 18:28:57,527 - INFO - === Layer 4 (mbert) — Worst 5 (cosine) ===
2025-08-27 18:28:57,527 - INFO - 1. pcm: cos=0.9995
2025-08-27 18:28:57,527 - INFO - 2. ewe: cos=0.9996
2025-08-27 18:28:57,527 - INFO - 3. swa: cos=0.9997
2025-08-27 18:28:57,527 - INFO - 4. xho: cos=0.9997
2025-08-27 18:28:57,527 - INFO - 5. bbj: cos=0.9997
2025-08-27 18:28:57,657 - INFO - === Layer 5 (mbert) — Top 5 (cosine) ===
2025-08-27 18:28:57,657 - INFO - 1. ibo: cos=0.9940
2025-08-27 18:28:57,657 - INFO - 2. hau: cos=0.9932
2025-08-27 18:28:57,657 - INFO - 3. luo: cos=0.9931
2025-08-27 18:28:57,657 - INFO - 4. tsn: cos=0.9929
2025-08-27 18:28:57,657 - INFO - 5. sna: cos=0.9927
2025-08-27 18:28:57,657 - INFO - === Layer 5 (mbert) — Worst 5 (cosine) ===
2025-08-27 18:28:57,657 - INFO - 1. bbj: cos=0.9780
2025-08-27 18:28:57,657 - INFO - 2. pcm: cos=0.9797
2025-08-27 18:28:57,657 - INFO - 3. mos: cos=0.9823
2025-08-27 18:28:57,657 - INFO - 4. yor: cos=0.9827
2025-08-27 18:28:57,657 - INFO - 5. wol: cos=0.9830
2025-08-27 18:28:57,847 - INFO - === Layer 6 (mbert) — Top 5 (cosine) ===
2025-08-27 18:28:57,847 - INFO - 1. ibo: cos=0.9869
2025-08-27 18:28:57,847 - INFO - 2. tsn: cos=0.9866
2025-08-27 18:28:57,847 - INFO - 3. sna: cos=0.9852
2025-08-27 18:28:57,847 - INFO - 4. hau: cos=0.9848
2025-08-27 18:28:57,847 - INFO - 5. zul: cos=0.9845
2025-08-27 18:28:57,847 - INFO - === Layer 6 (mbert) — Worst 5 (cosine) ===
2025-08-27 18:28:57,847 - INFO - 1. yor: cos=0.9563
2025-08-27 18:28:57,847 - INFO - 2. bbj: cos=0.9597
2025-08-27 18:28:57,847 - INFO - 3. pcm: cos=0.9599
2025-08-27 18:28:57,847 - INFO - 4. mos: cos=0.9686
2025-08-27 18:28:57,847 - INFO - 5. ewe: cos=0.9687
2025-08-27 18:28:57,975 - INFO - === Layer 7 (mbert) — Top 5 (cosine) ===
2025-08-27 18:28:57,975 - INFO - 1. zul: cos=0.9813
2025-08-27 18:28:57,975 - INFO - 2. kin: cos=0.9802
2025-08-27 18:28:57,975 - INFO - 3. tsn: cos=0.9798
2025-08-27 18:28:57,975 - INFO - 4. twi: cos=0.9794
2025-08-27 18:28:57,975 - INFO - 5. ewe: cos=0.9779
2025-08-27 18:28:57,975 - INFO - === Layer 7 (mbert) — Worst 5 (cosine) ===
2025-08-27 18:28:57,975 - INFO - 1. yor: cos=0.9484
2025-08-27 18:28:57,975 - INFO - 2. bbj: cos=0.9592
2025-08-27 18:28:57,975 - INFO - 3. nya: cos=0.9682
2025-08-27 18:28:57,975 - INFO - 4. swa: cos=0.9701
2025-08-27 18:28:57,975 - INFO - 5. bam: cos=0.9709
2025-08-27 18:28:58,103 - INFO - === Layer 8 (mbert) — Top 5 (cosine) ===
2025-08-27 18:28:58,103 - INFO - 1. kin: cos=0.9694
2025-08-27 18:28:58,103 - INFO - 2. twi: cos=0.9693
2025-08-27 18:28:58,103 - INFO - 3. ibo: cos=0.9667
2025-08-27 18:28:58,103 - INFO - 4. tsn: cos=0.9661
2025-08-27 18:28:58,103 - INFO - 5. ewe: cos=0.9656
2025-08-27 18:28:58,103 - INFO - === Layer 8 (mbert) — Worst 5 (cosine) ===
2025-08-27 18:28:58,103 - INFO - 1. yor: cos=0.9338
2025-08-27 18:28:58,103 - INFO - 2. bbj: cos=0.9474
2025-08-27 18:28:58,103 - INFO - 3. nya: cos=0.9513
2025-08-27 18:28:58,103 - INFO - 4. bam: cos=0.9533
2025-08-27 18:28:58,103 - INFO - 5. wol: cos=0.9564
2025-08-27 18:28:58,231 - INFO - === Layer 9 (mbert) — Top 5 (cosine) ===
2025-08-27 18:28:58,231 - INFO - 1. twi: cos=0.9739
2025-08-27 18:28:58,231 - INFO - 2. kin: cos=0.9716
2025-08-27 18:28:58,231 - INFO - 3. ibo: cos=0.9697
2025-08-27 18:28:58,231 - INFO - 4. luo: cos=0.9683
2025-08-27 18:28:58,231 - INFO - 5. zul: cos=0.9674
2025-08-27 18:28:58,231 - INFO - === Layer 9 (mbert) — Worst 5 (cosine) ===
2025-08-27 18:28:58,231 - INFO - 1. yor: cos=0.9414
2025-08-27 18:28:58,231 - INFO - 2. bbj: cos=0.9546
2025-08-27 18:28:58,231 - INFO - 3. nya: cos=0.9564
2025-08-27 18:28:58,231 - INFO - 4. bam: cos=0.9597
2025-08-27 18:28:58,231 - INFO - 5. pcm: cos=0.9598
2025-08-27 18:28:58,358 - INFO - === Layer 10 (mbert) — Top 5 (cosine) ===
2025-08-27 18:28:58,358 - INFO - 1. lug: cos=0.9751
2025-08-27 18:28:58,358 - INFO - 2. twi: cos=0.9734
2025-08-27 18:28:58,358 - INFO - 3. ibo: cos=0.9715
2025-08-27 18:28:58,358 - INFO - 4. kin: cos=0.9709
2025-08-27 18:28:58,358 - INFO - 5. luo: cos=0.9684
2025-08-27 18:28:58,358 - INFO - === Layer 10 (mbert) — Worst 5 (cosine) ===
2025-08-27 18:28:58,358 - INFO - 1. yor: cos=0.9388
2025-08-27 18:28:58,358 - INFO - 2. bbj: cos=0.9558
2025-08-27 18:28:58,358 - INFO - 3. wol: cos=0.9578
2025-08-27 18:28:58,358 - INFO - 4. nya: cos=0.9590
2025-08-27 18:28:58,358 - INFO - 5. xho: cos=0.9603
2025-08-27 18:28:58,486 - INFO - === Layer 11 (mbert) — Top 5 (cosine) ===
2025-08-27 18:28:58,486 - INFO - 1. ewe: cos=0.9760
2025-08-27 18:28:58,486 - INFO - 2. lug: cos=0.9748
2025-08-27 18:28:58,486 - INFO - 3. twi: cos=0.9745
2025-08-27 18:28:58,486 - INFO - 4. ibo: cos=0.9728
2025-08-27 18:28:58,486 - INFO - 5. fon: cos=0.9714
2025-08-27 18:28:58,486 - INFO - === Layer 11 (mbert) — Worst 5 (cosine) ===
2025-08-27 18:28:58,486 - INFO - 1. yor: cos=0.9444
2025-08-27 18:28:58,486 - INFO - 2. pcm: cos=0.9509
2025-08-27 18:28:58,486 - INFO - 3. zul: cos=0.9510
2025-08-27 18:28:58,486 - INFO - 4. xho: cos=0.9520
2025-08-27 18:28:58,486 - INFO - 5. bbj: cos=0.9532
2025-08-27 18:28:58,612 - INFO - === Layer 12 (mbert) — Top 5 (cosine) ===
2025-08-27 18:28:58,612 - INFO - 1. mos: cos=0.9514
2025-08-27 18:28:58,612 - INFO - 2. pcm: cos=0.9502
2025-08-27 18:28:58,612 - INFO - 3. ewe: cos=0.9474
2025-08-27 18:28:58,612 - INFO - 4. lug: cos=0.9409
2025-08-27 18:28:58,612 - INFO - 5. luo: cos=0.9382
2025-08-27 18:28:58,613 - INFO - === Layer 12 (mbert) — Worst 5 (cosine) ===
2025-08-27 18:28:58,613 - INFO - 1. yor: cos=0.8462
2025-08-27 18:28:58,613 - INFO - 2. xho: cos=0.8576
2025-08-27 18:28:58,613 - INFO - 3. zul: cos=0.8669
2025-08-27 18:28:58,613 - INFO - 4. bbj: cos=0.8850
2025-08-27 18:28:58,613 - INFO - 5. nya: cos=0.8927
2025-08-27 18:28:58,613 - INFO - Experiment finished successfully.
