2025-08-02 20:38:37,103 - INFO - Experiment started with model_type=xlmr, use_cls=True, use_context=True, context_window=3, use_hybrid=False, max_tokens_per_type=300, output_dir=rq2_train_scripts/Embeddings/MEXA_inspired_strategy/outputs/combined/xlmr/config_4_clstrue_ctxtrue_hybfalse/tokens_300_ctx3
2025-08-02 20:38:38,809 - INFO - Processing run
2025-08-02 20:38:42,029 - INFO - Processing bam
2025-08-02 20:38:44,778 - INFO - Processing bbj
2025-08-02 20:38:47,529 - INFO - Processing ewe
2025-08-02 20:38:50,285 - INFO - Processing fon
2025-08-02 20:38:53,099 - INFO - Processing hau
2025-08-02 20:38:55,896 - INFO - Processing ibo
2025-08-02 20:38:58,739 - INFO - Processing kin
2025-08-02 20:39:01,531 - INFO - Processing lug
2025-08-02 20:39:04,302 - INFO - Processing luo
2025-08-02 20:39:07,102 - INFO - Processing mos
2025-08-02 20:39:09,887 - INFO - Processing nya
2025-08-02 20:39:12,705 - INFO - Processing pcm
2025-08-02 20:39:15,514 - INFO - Processing sna
2025-08-02 20:39:18,335 - INFO - Processing swa
2025-08-02 20:39:21,132 - INFO - Processing tsn
2025-08-02 20:39:23,899 - INFO - Processing twi
2025-08-02 20:39:26,676 - INFO - Processing wol
2025-08-02 20:39:29,454 - INFO - Processing xho
2025-08-02 20:39:32,234 - INFO - Processing yor
2025-08-02 20:39:35,046 - INFO - Processing zul
2025-08-02 20:39:38,321 - INFO - Top 5 languages most similar to Runyankore:
2025-08-02 20:39:38,322 - INFO - 1. ewe - Mean Similarity: 0.9982
2025-08-02 20:39:38,322 - INFO - 2. tsn - Mean Similarity: 0.9980
2025-08-02 20:39:38,322 - INFO - 3. bam - Mean Similarity: 0.9980
2025-08-02 20:39:38,322 - INFO - 4. hau - Mean Similarity: 0.9979
2025-08-02 20:39:38,322 - INFO - 5. luo - Mean Similarity: 0.9975
2025-08-02 20:39:38,322 - INFO - Experiment finished successfully.
