2025-08-03 08:11:40,684 - INFO - Experiment started with model_type=mbert, use_cls=True, use_context=True, context_window=1, use_hybrid=False, max_tokens_per_type=400, output_dir=rq2_train_scripts/Embeddings/MEXA_inspired_strategy/outputs/mptc/mbert/config_4_clstrue_ctxtrue_hybfalse/tokens_400_ctx1
2025-08-03 08:11:41,716 - INFO - Processing run
2025-08-03 08:11:43,410 - INFO - Processing bam
2025-08-03 08:11:46,040 - INFO - Processing bbj
2025-08-03 08:11:48,872 - INFO - Processing ewe
2025-08-03 08:11:51,716 - INFO - Processing fon
2025-08-03 08:11:54,589 - INFO - Processing hau
2025-08-03 08:11:57,440 - INFO - Processing ibo
2025-08-03 08:12:00,342 - INFO - Processing kin
2025-08-03 08:12:03,194 - INFO - Processing lug
2025-08-03 08:12:06,000 - INFO - Processing luo
2025-08-03 08:12:08,833 - INFO - Processing mos
2025-08-03 08:12:11,677 - INFO - Processing nya
2025-08-03 08:12:14,507 - INFO - Processing pcm
2025-08-03 08:12:17,319 - INFO - Processing sna
2025-08-03 08:12:20,179 - INFO - Processing swa
2025-08-03 08:12:23,027 - INFO - Processing tsn
2025-08-03 08:12:25,853 - INFO - Processing twi
2025-08-03 08:12:28,703 - INFO - Processing wol
2025-08-03 08:12:31,554 - INFO - Processing xho
2025-08-03 08:12:34,402 - INFO - Processing yor
2025-08-03 08:12:37,287 - INFO - Processing zul
2025-08-03 08:12:40,563 - INFO - Top 5 languages most similar to Runyankore:
2025-08-03 08:12:40,564 - INFO - 1. kin - Mean Similarity: 0.9774
2025-08-03 08:12:40,564 - INFO - 2. lug - Mean Similarity: 0.9763
2025-08-03 08:12:40,564 - INFO - 3. nya - Mean Similarity: 0.9758
2025-08-03 08:12:40,564 - INFO - 4. sna - Mean Similarity: 0.9753
2025-08-03 08:12:40,564 - INFO - 5. luo - Mean Similarity: 0.9705
2025-08-03 08:12:40,564 - INFO - Experiment finished successfully.
