2025-08-02 20:17:13,290 - INFO - Experiment started with model_type=xlmr, use_cls=False, use_context=False, context_window=2, use_hybrid=True, max_tokens_per_type=500, output_dir=rq2_train_scripts/Embeddings/MEXA_inspired_strategy/outputs/combined/xlmr/config_3_clsfalse_ctxfalse_hybtrue/tokens_500_ctx2
2025-08-02 20:17:15,037 - INFO - Processing run
2025-08-02 20:17:19,547 - INFO - Processing bam
2025-08-02 20:17:23,604 - INFO - Processing bbj
2025-08-02 20:17:28,121 - INFO - Processing ewe
2025-08-02 20:17:32,597 - INFO - Processing fon
2025-08-02 20:17:37,149 - INFO - Processing hau
2025-08-02 20:17:41,626 - INFO - Processing ibo
2025-08-02 20:17:46,176 - INFO - Processing kin
2025-08-02 20:17:50,687 - INFO - Processing lug
2025-08-02 20:17:55,158 - INFO - Processing luo
2025-08-02 20:17:59,648 - INFO - Processing mos
2025-08-02 20:18:04,175 - INFO - Processing nya
2025-08-02 20:18:08,698 - INFO - Processing pcm
2025-08-02 20:18:13,160 - INFO - Processing sna
2025-08-02 20:18:17,655 - INFO - Processing swa
2025-08-02 20:18:22,072 - INFO - Processing tsn
2025-08-02 20:18:26,494 - INFO - Processing twi
2025-08-02 20:18:30,927 - INFO - Processing wol
2025-08-02 20:18:35,430 - INFO - Processing xho
2025-08-02 20:18:39,964 - INFO - Processing yor
2025-08-02 20:18:44,584 - INFO - Processing zul
2025-08-02 20:18:49,589 - INFO - Top 5 languages most similar to Runyankore:
2025-08-02 20:18:49,589 - INFO - 1. lug - Mean Similarity: 0.8366
2025-08-02 20:18:49,590 - INFO - 2. kin - Mean Similarity: 0.8149
2025-08-02 20:18:49,590 - INFO - 3. luo - Mean Similarity: 0.8126
2025-08-02 20:18:49,590 - INFO - 4. twi - Mean Similarity: 0.8040
2025-08-02 20:18:49,590 - INFO - 5. ibo - Mean Similarity: 0.8040
2025-08-02 20:18:49,590 - INFO - Experiment finished successfully.
