2025-08-27 17:51:56,874 - INFO - Start: model_type=xlmr, use_cls=False, use_context=True, context_window=2, max_tokens_per_type=500, batch_size=64, output_dir=rq2_train_scripts/Embeddings/CLEAN/outputs/mptc/xlmr/config_2_clsfalse_ctxtrue/tokens_500_ctx2/core, save_prototypes=False, seed=42, fp16=True, max_length=96, langs=all, layers=all, span_mode=bio, pool=mean, entity_tags={'DATE', 'ORG', 'PER', 'LOC'}, title_suffix='L=all, tokens=500, ctx=2, cls=false, fp16=true'
2025-08-27 17:51:59,108 - INFO - Processing run
2025-08-27 17:51:59,595 - INFO - Processing bam
2025-08-27 17:51:59,769 - INFO - Processing bbj
2025-08-27 17:51:59,929 - INFO - Processing ewe
2025-08-27 17:52:00,124 - INFO - Processing fon
2025-08-27 17:52:00,313 - INFO - Processing hau
2025-08-27 17:52:00,492 - INFO - Processing ibo
2025-08-27 17:52:00,710 - INFO - Processing kin
2025-08-27 17:52:00,891 - INFO - Processing lug
2025-08-27 17:52:01,056 - INFO - Processing luo
2025-08-27 17:52:01,227 - INFO - Processing mos
2025-08-27 17:52:01,409 - INFO - Processing nya
2025-08-27 17:52:01,592 - INFO - Processing pcm
2025-08-27 17:52:01,753 - INFO - Processing sna
2025-08-27 17:52:01,919 - INFO - Processing swa
2025-08-27 17:52:02,097 - INFO - Processing tsn
2025-08-27 17:52:02,260 - INFO - Processing twi
2025-08-27 17:52:02,449 - INFO - Processing wol
2025-08-27 17:52:02,628 - INFO - Processing xho
2025-08-27 17:52:02,792 - INFO - Processing yor
2025-08-27 17:52:03,004 - INFO - Processing zul
2025-08-27 17:52:03,615 - INFO - === Layer 1 (xlmr) — Top 5 (cosine) ===
2025-08-27 17:52:03,615 - INFO - 1. kin: cos=0.9319
2025-08-27 17:52:03,615 - INFO - 2. twi: cos=0.9182
2025-08-27 17:52:03,615 - INFO - 3. ibo: cos=0.9173
2025-08-27 17:52:03,615 - INFO - 4. sna: cos=0.9132
2025-08-27 17:52:03,615 - INFO - 5. luo: cos=0.9130
2025-08-27 17:52:03,615 - INFO - === Layer 1 (xlmr) — Worst 5 (cosine) ===
2025-08-27 17:52:03,615 - INFO - 1. hau: cos=0.8376
2025-08-27 17:52:03,615 - INFO - 2. fon: cos=0.8385
2025-08-27 17:52:03,615 - INFO - 3. pcm: cos=0.8423
2025-08-27 17:52:03,615 - INFO - 4. mos: cos=0.8483
2025-08-27 17:52:03,615 - INFO - 5. bbj: cos=0.8490
2025-08-27 17:52:03,748 - INFO - === Layer 2 (xlmr) — Top 5 (cosine) ===
2025-08-27 17:52:03,748 - INFO - 1. kin: cos=0.9720
2025-08-27 17:52:03,748 - INFO - 2. twi: cos=0.9676
2025-08-27 17:52:03,748 - INFO - 3. ibo: cos=0.9671
2025-08-27 17:52:03,748 - INFO - 4. sna: cos=0.9656
2025-08-27 17:52:03,748 - INFO - 5. luo: cos=0.9655
2025-08-27 17:52:03,748 - INFO - === Layer 2 (xlmr) — Worst 5 (cosine) ===
2025-08-27 17:52:03,748 - INFO - 1. pcm: cos=0.9331
2025-08-27 17:52:03,748 - INFO - 2. hau: cos=0.9334
2025-08-27 17:52:03,748 - INFO - 3. fon: cos=0.9354
2025-08-27 17:52:03,748 - INFO - 4. swa: cos=0.9382
2025-08-27 17:52:03,748 - INFO - 5. mos: cos=0.9384
2025-08-27 17:52:03,890 - INFO - === Layer 3 (xlmr) — Top 5 (cosine) ===
2025-08-27 17:52:03,890 - INFO - 1. kin: cos=0.9802
2025-08-27 17:52:03,890 - INFO - 2. twi: cos=0.9765
2025-08-27 17:52:03,890 - INFO - 3. sna: cos=0.9759
2025-08-27 17:52:03,890 - INFO - 4. luo: cos=0.9755
2025-08-27 17:52:03,890 - INFO - 5. zul: cos=0.9739
2025-08-27 17:52:03,890 - INFO - === Layer 3 (xlmr) — Worst 5 (cosine) ===
2025-08-27 17:52:03,890 - INFO - 1. pcm: cos=0.9523
2025-08-27 17:52:03,890 - INFO - 2. hau: cos=0.9525
2025-08-27 17:52:03,890 - INFO - 3. swa: cos=0.9555
2025-08-27 17:52:03,890 - INFO - 4. mos: cos=0.9573
2025-08-27 17:52:03,890 - INFO - 5. fon: cos=0.9583
2025-08-27 17:52:04,028 - INFO - === Layer 4 (xlmr) — Top 5 (cosine) ===
2025-08-27 17:52:04,028 - INFO - 1. kin: cos=0.9792
2025-08-27 17:52:04,028 - INFO - 2. twi: cos=0.9772
2025-08-27 17:52:04,028 - INFO - 3. luo: cos=0.9752
2025-08-27 17:52:04,028 - INFO - 4. sna: cos=0.9747
2025-08-27 17:52:04,029 - INFO - 5. zul: cos=0.9720
2025-08-27 17:52:04,029 - INFO - === Layer 4 (xlmr) — Worst 5 (cosine) ===
2025-08-27 17:52:04,029 - INFO - 1. pcm: cos=0.9468
2025-08-27 17:52:04,029 - INFO - 2. hau: cos=0.9484
2025-08-27 17:52:04,029 - INFO - 3. swa: cos=0.9507
2025-08-27 17:52:04,029 - INFO - 4. bbj: cos=0.9551
2025-08-27 17:52:04,029 - INFO - 5. fon: cos=0.9559
2025-08-27 17:52:04,159 - INFO - === Layer 5 (xlmr) — Top 5 (cosine) ===
2025-08-27 17:52:04,159 - INFO - 1. kin: cos=0.9807
2025-08-27 17:52:04,159 - INFO - 2. twi: cos=0.9788
2025-08-27 17:52:04,159 - INFO - 3. sna: cos=0.9778
2025-08-27 17:52:04,159 - INFO - 4. luo: cos=0.9775
2025-08-27 17:52:04,159 - INFO - 5. zul: cos=0.9741
2025-08-27 17:52:04,159 - INFO - === Layer 5 (xlmr) — Worst 5 (cosine) ===
2025-08-27 17:52:04,159 - INFO - 1. pcm: cos=0.9486
2025-08-27 17:52:04,159 - INFO - 2. hau: cos=0.9512
2025-08-27 17:52:04,159 - INFO - 3. swa: cos=0.9524
2025-08-27 17:52:04,159 - INFO - 4. bbj: cos=0.9555
2025-08-27 17:52:04,159 - INFO - 5. fon: cos=0.9576
2025-08-27 17:52:04,288 - INFO - === Layer 6 (xlmr) — Top 5 (cosine) ===
2025-08-27 17:52:04,288 - INFO - 1. kin: cos=0.9788
2025-08-27 17:52:04,288 - INFO - 2. twi: cos=0.9764
2025-08-27 17:52:04,288 - INFO - 3. luo: cos=0.9754
2025-08-27 17:52:04,288 - INFO - 4. sna: cos=0.9716
2025-08-27 17:52:04,288 - INFO - 5. zul: cos=0.9698
2025-08-27 17:52:04,288 - INFO - === Layer 6 (xlmr) — Worst 5 (cosine) ===
2025-08-27 17:52:04,288 - INFO - 1. pcm: cos=0.9405
2025-08-27 17:52:04,288 - INFO - 2. swa: cos=0.9435
2025-08-27 17:52:04,288 - INFO - 3. hau: cos=0.9449
2025-08-27 17:52:04,288 - INFO - 4. bbj: cos=0.9474
2025-08-27 17:52:04,288 - INFO - 5. fon: cos=0.9533
2025-08-27 17:52:04,416 - INFO - === Layer 7 (xlmr) — Top 5 (cosine) ===
2025-08-27 17:52:04,416 - INFO - 1. kin: cos=0.9829
2025-08-27 17:52:04,416 - INFO - 2. twi: cos=0.9810
2025-08-27 17:52:04,416 - INFO - 3. luo: cos=0.9798
2025-08-27 17:52:04,416 - INFO - 4. sna: cos=0.9776
2025-08-27 17:52:04,416 - INFO - 5. zul: cos=0.9762
2025-08-27 17:52:04,416 - INFO - === Layer 7 (xlmr) — Worst 5 (cosine) ===
2025-08-27 17:52:04,416 - INFO - 1. pcm: cos=0.9522
2025-08-27 17:52:04,416 - INFO - 2. hau: cos=0.9548
2025-08-27 17:52:04,416 - INFO - 3. swa: cos=0.9548
2025-08-27 17:52:04,416 - INFO - 4. bbj: cos=0.9587
2025-08-27 17:52:04,416 - INFO - 5. fon: cos=0.9627
2025-08-27 17:52:04,545 - INFO - === Layer 8 (xlmr) — Top 5 (cosine) ===
2025-08-27 17:52:04,545 - INFO - 1. kin: cos=0.9834
2025-08-27 17:52:04,545 - INFO - 2. twi: cos=0.9810
2025-08-27 17:52:04,545 - INFO - 3. luo: cos=0.9803
2025-08-27 17:52:04,545 - INFO - 4. sna: cos=0.9786
2025-08-27 17:52:04,545 - INFO - 5. tsn: cos=0.9760
2025-08-27 17:52:04,545 - INFO - === Layer 8 (xlmr) — Worst 5 (cosine) ===
2025-08-27 17:52:04,545 - INFO - 1. pcm: cos=0.9494
2025-08-27 17:52:04,545 - INFO - 2. hau: cos=0.9525
2025-08-27 17:52:04,545 - INFO - 3. swa: cos=0.9533
2025-08-27 17:52:04,545 - INFO - 4. bbj: cos=0.9576
2025-08-27 17:52:04,545 - INFO - 5. fon: cos=0.9624
2025-08-27 17:52:04,746 - INFO - === Layer 9 (xlmr) — Top 5 (cosine) ===
2025-08-27 17:52:04,746 - INFO - 1. sna: cos=0.9852
2025-08-27 17:52:04,746 - INFO - 2. twi: cos=0.9834
2025-08-27 17:52:04,746 - INFO - 3. kin: cos=0.9831
2025-08-27 17:52:04,746 - INFO - 4. zul: cos=0.9820
2025-08-27 17:52:04,746 - INFO - 5. ibo: cos=0.9819
2025-08-27 17:52:04,746 - INFO - === Layer 9 (xlmr) — Worst 5 (cosine) ===
2025-08-27 17:52:04,746 - INFO - 1. pcm: cos=0.9509
2025-08-27 17:52:04,746 - INFO - 2. swa: cos=0.9556
2025-08-27 17:52:04,746 - INFO - 3. hau: cos=0.9595
2025-08-27 17:52:04,746 - INFO - 4. lug: cos=0.9659
2025-08-27 17:52:04,746 - INFO - 5. bbj: cos=0.9673
2025-08-27 17:52:04,876 - INFO - === Layer 10 (xlmr) — Top 5 (cosine) ===
2025-08-27 17:52:04,876 - INFO - 1. sna: cos=0.9821
2025-08-27 17:52:04,876 - INFO - 2. twi: cos=0.9817
2025-08-27 17:52:04,876 - INFO - 3. kin: cos=0.9815
2025-08-27 17:52:04,876 - INFO - 4. luo: cos=0.9789
2025-08-27 17:52:04,876 - INFO - 5. nya: cos=0.9788
2025-08-27 17:52:04,876 - INFO - === Layer 10 (xlmr) — Worst 5 (cosine) ===
2025-08-27 17:52:04,876 - INFO - 1. hau: cos=0.9604
2025-08-27 17:52:04,876 - INFO - 2. pcm: cos=0.9619
2025-08-27 17:52:04,876 - INFO - 3. bbj: cos=0.9648
2025-08-27 17:52:04,876 - INFO - 4. bam: cos=0.9655
2025-08-27 17:52:04,876 - INFO - 5. swa: cos=0.9659
2025-08-27 17:52:05,000 - INFO - === Layer 11 (xlmr) — Top 5 (cosine) ===
2025-08-27 17:52:05,000 - INFO - 1. kin: cos=0.9849
2025-08-27 17:52:05,000 - INFO - 2. sna: cos=0.9843
2025-08-27 17:52:05,000 - INFO - 3. luo: cos=0.9830
2025-08-27 17:52:05,000 - INFO - 4. twi: cos=0.9828
2025-08-27 17:52:05,000 - INFO - 5. nya: cos=0.9827
2025-08-27 17:52:05,000 - INFO - === Layer 11 (xlmr) — Worst 5 (cosine) ===
2025-08-27 17:52:05,000 - INFO - 1. hau: cos=0.9650
2025-08-27 17:52:05,000 - INFO - 2. bbj: cos=0.9661
2025-08-27 17:52:05,000 - INFO - 3. pcm: cos=0.9671
2025-08-27 17:52:05,000 - INFO - 4. bam: cos=0.9703
2025-08-27 17:52:05,000 - INFO - 5. swa: cos=0.9708
2025-08-27 17:52:05,121 - INFO - === Layer 12 (xlmr) — Top 5 (cosine) ===
2025-08-27 17:52:05,121 - INFO - 1. kin: cos=0.9988
2025-08-27 17:52:05,121 - INFO - 2. sna: cos=0.9986
2025-08-27 17:52:05,121 - INFO - 3. luo: cos=0.9985
2025-08-27 17:52:05,121 - INFO - 4. twi: cos=0.9985
2025-08-27 17:52:05,121 - INFO - 5. nya: cos=0.9985
2025-08-27 17:52:05,121 - INFO - === Layer 12 (xlmr) — Worst 5 (cosine) ===
2025-08-27 17:52:05,121 - INFO - 1. hau: cos=0.9963
2025-08-27 17:52:05,121 - INFO - 2. bbj: cos=0.9966
2025-08-27 17:52:05,121 - INFO - 3. pcm: cos=0.9967
2025-08-27 17:52:05,121 - INFO - 4. swa: cos=0.9970
2025-08-27 17:52:05,121 - INFO - 5. lug: cos=0.9972
2025-08-27 17:52:05,122 - INFO - Experiment finished successfully.
