2025-08-27 17:39:50,409 - INFO - Start: model_type=xlmr, use_cls=True, use_context=False, context_window=1, max_tokens_per_type=300, batch_size=64, output_dir=rq2_train_scripts/Embeddings/CLEAN/outputs/mptc/xlmr/config_1_clstrue_ctxfalse/tokens_300_ctx1/core, save_prototypes=False, seed=42, fp16=True, max_length=96, langs=all, layers=all, span_mode=bio, pool=mean, entity_tags={'LOC', 'ORG', 'PER', 'DATE'}, title_suffix='L=all, tokens=300, ctx=1, cls=true, fp16=true'
2025-08-27 17:39:52,575 - INFO - Processing run
2025-08-27 17:39:52,952 - INFO - Processing bam
2025-08-27 17:39:53,003 - INFO - Processing bbj
2025-08-27 17:39:53,042 - INFO - Processing ewe
2025-08-27 17:39:53,078 - INFO - Processing fon
2025-08-27 17:39:53,128 - INFO - Processing hau
2025-08-27 17:39:53,191 - INFO - Processing ibo
2025-08-27 17:39:53,279 - INFO - Processing kin
2025-08-27 17:39:53,345 - INFO - Processing lug
2025-08-27 17:39:53,392 - INFO - Processing luo
2025-08-27 17:39:53,451 - INFO - Processing mos
2025-08-27 17:39:53,508 - INFO - Processing nya
2025-08-27 17:39:53,568 - INFO - Processing pcm
2025-08-27 17:39:53,621 - INFO - Processing sna
2025-08-27 17:39:53,674 - INFO - Processing swa
2025-08-27 17:39:53,747 - INFO - Processing tsn
2025-08-27 17:39:53,793 - INFO - Processing twi
2025-08-27 17:39:53,850 - INFO - Processing wol
2025-08-27 17:39:53,912 - INFO - Processing xho
2025-08-27 17:39:53,985 - INFO - Processing yor
2025-08-27 17:39:54,071 - INFO - Processing zul
2025-08-27 17:39:54,529 - INFO - === Layer 1 (xlmr) — Top 5 (cosine) ===
2025-08-27 17:39:54,529 - INFO - 1. kin: cos=0.9999
2025-08-27 17:39:54,529 - INFO - 2. luo: cos=0.9999
2025-08-27 17:39:54,529 - INFO - 3. twi: cos=0.9999
2025-08-27 17:39:54,529 - INFO - 4. zul: cos=0.9998
2025-08-27 17:39:54,529 - INFO - 5. nya: cos=0.9998
2025-08-27 17:39:54,529 - INFO - === Layer 1 (xlmr) — Worst 5 (cosine) ===
2025-08-27 17:39:54,529 - INFO - 1. hau: cos=0.9992
2025-08-27 17:39:54,529 - INFO - 2. bbj: cos=0.9994
2025-08-27 17:39:54,530 - INFO - 3. fon: cos=0.9994
2025-08-27 17:39:54,530 - INFO - 4. pcm: cos=0.9994
2025-08-27 17:39:54,530 - INFO - 5. bam: cos=0.9994
2025-08-27 17:39:54,658 - INFO - === Layer 2 (xlmr) — Top 5 (cosine) ===
2025-08-27 17:39:54,658 - INFO - 1. kin: cos=1.0000
2025-08-27 17:39:54,658 - INFO - 2. twi: cos=1.0000
2025-08-27 17:39:54,658 - INFO - 3. luo: cos=1.0000
2025-08-27 17:39:54,658 - INFO - 4. zul: cos=1.0000
2025-08-27 17:39:54,658 - INFO - 5. nya: cos=1.0000
2025-08-27 17:39:54,658 - INFO - === Layer 2 (xlmr) — Worst 5 (cosine) ===
2025-08-27 17:39:54,658 - INFO - 1. hau: cos=0.9999
2025-08-27 17:39:54,658 - INFO - 2. pcm: cos=0.9999
2025-08-27 17:39:54,658 - INFO - 3. bam: cos=0.9999
2025-08-27 17:39:54,658 - INFO - 4. bbj: cos=0.9999
2025-08-27 17:39:54,658 - INFO - 5. fon: cos=0.9999
2025-08-27 17:39:54,789 - INFO - === Layer 3 (xlmr) — Top 5 (cosine) ===
2025-08-27 17:39:54,789 - INFO - 1. kin: cos=1.0000
2025-08-27 17:39:54,789 - INFO - 2. twi: cos=1.0000
2025-08-27 17:39:54,789 - INFO - 3. luo: cos=1.0000
2025-08-27 17:39:54,789 - INFO - 4. zul: cos=1.0000
2025-08-27 17:39:54,789 - INFO - 5. ewe: cos=1.0000
2025-08-27 17:39:54,789 - INFO - === Layer 3 (xlmr) — Worst 5 (cosine) ===
2025-08-27 17:39:54,789 - INFO - 1. pcm: cos=1.0000
2025-08-27 17:39:54,789 - INFO - 2. swa: cos=1.0000
2025-08-27 17:39:54,789 - INFO - 3. nya: cos=1.0000
2025-08-27 17:39:54,789 - INFO - 4. sna: cos=1.0000
2025-08-27 17:39:54,789 - INFO - 5. bbj: cos=1.0000
2025-08-27 17:39:54,915 - INFO - === Layer 4 (xlmr) — Top 5 (cosine) ===
2025-08-27 17:39:54,916 - INFO - 1. kin: cos=1.0000
2025-08-27 17:39:54,916 - INFO - 2. twi: cos=1.0000
2025-08-27 17:39:54,916 - INFO - 3. luo: cos=1.0000
2025-08-27 17:39:54,916 - INFO - 4. tsn: cos=1.0000
2025-08-27 17:39:54,916 - INFO - 5. zul: cos=1.0000
2025-08-27 17:39:54,916 - INFO - === Layer 4 (xlmr) — Worst 5 (cosine) ===
2025-08-27 17:39:54,916 - INFO - 1. yor: cos=1.0000
2025-08-27 17:39:54,916 - INFO - 2. hau: cos=1.0000
2025-08-27 17:39:54,916 - INFO - 3. pcm: cos=1.0000
2025-08-27 17:39:54,916 - INFO - 4. bam: cos=1.0000
2025-08-27 17:39:54,916 - INFO - 5. wol: cos=1.0000
2025-08-27 17:39:55,041 - INFO - === Layer 5 (xlmr) — Top 5 (cosine) ===
2025-08-27 17:39:55,042 - INFO - 1. twi: cos=1.0000
2025-08-27 17:39:55,042 - INFO - 2. luo: cos=1.0000
2025-08-27 17:39:55,042 - INFO - 3. tsn: cos=1.0000
2025-08-27 17:39:55,042 - INFO - 4. sna: cos=1.0000
2025-08-27 17:39:55,042 - INFO - 5. kin: cos=1.0000
2025-08-27 17:39:55,042 - INFO - === Layer 5 (xlmr) — Worst 5 (cosine) ===
2025-08-27 17:39:55,042 - INFO - 1. hau: cos=1.0000
2025-08-27 17:39:55,042 - INFO - 2. pcm: cos=1.0000
2025-08-27 17:39:55,042 - INFO - 3. swa: cos=1.0000
2025-08-27 17:39:55,042 - INFO - 4. wol: cos=1.0000
2025-08-27 17:39:55,042 - INFO - 5. mos: cos=1.0000
2025-08-27 17:39:55,211 - INFO - === Layer 6 (xlmr) — Top 5 (cosine) ===
2025-08-27 17:39:55,211 - INFO - 1. ibo: cos=1.0000
2025-08-27 17:39:55,211 - INFO - 2. sna: cos=1.0000
2025-08-27 17:39:55,211 - INFO - 3. twi: cos=1.0000
2025-08-27 17:39:55,211 - INFO - 4. luo: cos=1.0000
2025-08-27 17:39:55,211 - INFO - 5. ewe: cos=1.0000
2025-08-27 17:39:55,211 - INFO - === Layer 6 (xlmr) — Worst 5 (cosine) ===
2025-08-27 17:39:55,211 - INFO - 1. hau: cos=1.0000
2025-08-27 17:39:55,211 - INFO - 2. swa: cos=1.0000
2025-08-27 17:39:55,211 - INFO - 3. pcm: cos=1.0000
2025-08-27 17:39:55,211 - INFO - 4. lug: cos=1.0000
2025-08-27 17:39:55,211 - INFO - 5. mos: cos=1.0000
2025-08-27 17:39:55,349 - INFO - === Layer 7 (xlmr) — Top 5 (cosine) ===
2025-08-27 17:39:55,349 - INFO - 1. twi: cos=1.0000
2025-08-27 17:39:55,349 - INFO - 2. fon: cos=1.0000
2025-08-27 17:39:55,349 - INFO - 3. yor: cos=1.0000
2025-08-27 17:39:55,349 - INFO - 4. kin: cos=1.0000
2025-08-27 17:39:55,349 - INFO - 5. sna: cos=1.0000
2025-08-27 17:39:55,349 - INFO - === Layer 7 (xlmr) — Worst 5 (cosine) ===
2025-08-27 17:39:55,349 - INFO - 1. hau: cos=1.0000
2025-08-27 17:39:55,349 - INFO - 2. tsn: cos=1.0000
2025-08-27 17:39:55,349 - INFO - 3. nya: cos=1.0000
2025-08-27 17:39:55,349 - INFO - 4. mos: cos=1.0000
2025-08-27 17:39:55,349 - INFO - 5. wol: cos=1.0000
2025-08-27 17:39:55,556 - INFO - === Layer 8 (xlmr) — Top 5 (cosine) ===
2025-08-27 17:39:55,556 - INFO - 1. kin: cos=1.0000
2025-08-27 17:39:55,556 - INFO - 2. ewe: cos=1.0000
2025-08-27 17:39:55,556 - INFO - 3. yor: cos=1.0000
2025-08-27 17:39:55,556 - INFO - 4. luo: cos=1.0000
2025-08-27 17:39:55,556 - INFO - 5. tsn: cos=1.0000
2025-08-27 17:39:55,556 - INFO - === Layer 8 (xlmr) — Worst 5 (cosine) ===
2025-08-27 17:39:55,556 - INFO - 1. bbj: cos=0.9999
2025-08-27 17:39:55,556 - INFO - 2. fon: cos=0.9999
2025-08-27 17:39:55,556 - INFO - 3. xho: cos=1.0000
2025-08-27 17:39:55,556 - INFO - 4. ibo: cos=1.0000
2025-08-27 17:39:55,556 - INFO - 5. pcm: cos=1.0000
2025-08-27 17:39:55,682 - INFO - === Layer 9 (xlmr) — Top 5 (cosine) ===
2025-08-27 17:39:55,682 - INFO - 1. kin: cos=1.0000
2025-08-27 17:39:55,682 - INFO - 2. ewe: cos=1.0000
2025-08-27 17:39:55,682 - INFO - 3. yor: cos=1.0000
2025-08-27 17:39:55,682 - INFO - 4. bam: cos=1.0000
2025-08-27 17:39:55,682 - INFO - 5. twi: cos=1.0000
2025-08-27 17:39:55,682 - INFO - === Layer 9 (xlmr) — Worst 5 (cosine) ===
2025-08-27 17:39:55,682 - INFO - 1. bbj: cos=1.0000
2025-08-27 17:39:55,682 - INFO - 2. hau: cos=1.0000
2025-08-27 17:39:55,682 - INFO - 3. tsn: cos=1.0000
2025-08-27 17:39:55,682 - INFO - 4. wol: cos=1.0000
2025-08-27 17:39:55,682 - INFO - 5. fon: cos=1.0000
2025-08-27 17:39:55,812 - INFO - === Layer 10 (xlmr) — Top 5 (cosine) ===
2025-08-27 17:39:55,812 - INFO - 1. ewe: cos=1.0000
2025-08-27 17:39:55,812 - INFO - 2. twi: cos=1.0000
2025-08-27 17:39:55,812 - INFO - 3. bam: cos=1.0000
2025-08-27 17:39:55,812 - INFO - 4. zul: cos=1.0000
2025-08-27 17:39:55,812 - INFO - 5. mos: cos=1.0000
2025-08-27 17:39:55,812 - INFO - === Layer 10 (xlmr) — Worst 5 (cosine) ===
2025-08-27 17:39:55,812 - INFO - 1. yor: cos=1.0000
2025-08-27 17:39:55,812 - INFO - 2. pcm: cos=1.0000
2025-08-27 17:39:55,812 - INFO - 3. ibo: cos=1.0000
2025-08-27 17:39:55,812 - INFO - 4. fon: cos=1.0000
2025-08-27 17:39:55,812 - INFO - 5. lug: cos=1.0000
2025-08-27 17:39:55,941 - INFO - === Layer 11 (xlmr) — Top 5 (cosine) ===
2025-08-27 17:39:55,941 - INFO - 1. lug: cos=1.0000
2025-08-27 17:39:55,941 - INFO - 2. twi: cos=1.0000
2025-08-27 17:39:55,941 - INFO - 3. zul: cos=1.0000
2025-08-27 17:39:55,941 - INFO - 4. pcm: cos=1.0000
2025-08-27 17:39:55,941 - INFO - 5. swa: cos=1.0000
2025-08-27 17:39:55,941 - INFO - === Layer 11 (xlmr) — Worst 5 (cosine) ===
2025-08-27 17:39:55,941 - INFO - 1. luo: cos=0.9997
2025-08-27 17:39:55,941 - INFO - 2. bam: cos=0.9998
2025-08-27 17:39:55,941 - INFO - 3. xho: cos=0.9998
2025-08-27 17:39:55,941 - INFO - 4. bbj: cos=0.9999
2025-08-27 17:39:55,941 - INFO - 5. nya: cos=0.9999
2025-08-27 17:39:56,070 - INFO - === Layer 12 (xlmr) — Top 5 (cosine) ===
2025-08-27 17:39:56,070 - INFO - 1. tsn: cos=0.9999
2025-08-27 17:39:56,070 - INFO - 2. kin: cos=0.9999
2025-08-27 17:39:56,070 - INFO - 3. sna: cos=0.9998
2025-08-27 17:39:56,070 - INFO - 4. wol: cos=0.9998
2025-08-27 17:39:56,070 - INFO - 5. nya: cos=0.9998
2025-08-27 17:39:56,070 - INFO - === Layer 12 (xlmr) — Worst 5 (cosine) ===
2025-08-27 17:39:56,070 - INFO - 1. fon: cos=0.9976
2025-08-27 17:39:56,070 - INFO - 2. pcm: cos=0.9994
2025-08-27 17:39:56,070 - INFO - 3. hau: cos=0.9995
2025-08-27 17:39:56,070 - INFO - 4. swa: cos=0.9996
2025-08-27 17:39:56,070 - INFO - 5. luo: cos=0.9997
2025-08-27 17:39:56,071 - INFO - Experiment finished successfully.
