2025-08-02 23:31:04,749 - INFO - Experiment started with model_type=mbert, use_cls=True, use_context=True, context_window=0, use_hybrid=True, max_tokens_per_type=500, output_dir=rq2_train_scripts/Embeddings/MEXA_inspired_strategy/outputs/combined/mbert/config_7_clstrue_ctxtrue_hybtrue/tokens_500_ctx0
2025-08-02 23:31:05,967 - INFO - Processing run
2025-08-02 23:31:09,657 - INFO - Processing bam
2025-08-02 23:31:12,964 - INFO - Processing bbj
2025-08-02 23:31:16,656 - INFO - Processing ewe
2025-08-02 23:31:20,326 - INFO - Processing fon
2025-08-02 23:31:24,039 - INFO - Processing hau
2025-08-02 23:31:27,762 - INFO - Processing ibo
2025-08-02 23:31:31,502 - INFO - Processing kin
2025-08-02 23:31:35,220 - INFO - Processing lug
2025-08-02 23:31:38,894 - INFO - Processing luo
2025-08-02 23:31:42,596 - INFO - Processing mos
2025-08-02 23:31:46,301 - INFO - Processing nya
2025-08-02 23:31:50,023 - INFO - Processing pcm
2025-08-02 23:31:53,695 - INFO - Processing sna
2025-08-02 23:31:57,423 - INFO - Processing swa
2025-08-02 23:32:01,107 - INFO - Processing tsn
2025-08-02 23:32:04,773 - INFO - Processing twi
2025-08-02 23:32:08,472 - INFO - Processing wol
2025-08-02 23:32:12,194 - INFO - Processing xho
2025-08-02 23:32:15,914 - INFO - Processing yor
2025-08-02 23:32:19,765 - INFO - Processing zul
2025-08-02 23:32:23,891 - INFO - Top 5 languages most similar to Runyankore:
2025-08-02 23:32:23,891 - INFO - 1. lug - Mean Similarity: 0.6860
2025-08-02 23:32:23,891 - INFO - 2. twi - Mean Similarity: 0.6533
2025-08-02 23:32:23,891 - INFO - 3. luo - Mean Similarity: 0.6517
2025-08-02 23:32:23,891 - INFO - 4. ibo - Mean Similarity: 0.6385
2025-08-02 23:32:23,891 - INFO - 5. swa - Mean Similarity: 0.6381
2025-08-02 23:32:23,891 - INFO - Experiment finished successfully.
