2025-08-27 10:03:29,229 - INFO - Start: model_type=xlmr, use_cls=False, use_context=True, context_window=3, max_tokens_per_type=300, batch_size=64, output_dir=rq2_train_scripts/Embeddings/CLEAN/outputs/combined/xlmr/config_2_clsfalse_ctxtrue/tokens_300_ctx3/core, save_prototypes=False, seed=42, fp16=True, max_length=96, langs=all, layers=all, span_mode=bio, pool=mean, entity_tags={'LOC', 'DATE', 'PER', 'ORG'}, title_suffix='L=all, tokens=300, ctx=3, cls=false, fp16=true'
2025-08-27 10:03:31,126 - INFO - Processing run
2025-08-27 10:03:31,612 - INFO - Processing bam
2025-08-27 10:03:31,721 - INFO - Processing bbj
2025-08-27 10:03:31,825 - INFO - Processing ewe
2025-08-27 10:03:31,924 - INFO - Processing fon
2025-08-27 10:03:32,029 - INFO - Processing hau
2025-08-27 10:03:32,143 - INFO - Processing ibo
2025-08-27 10:03:32,283 - INFO - Processing kin
2025-08-27 10:03:32,400 - INFO - Processing lug
2025-08-27 10:03:32,500 - INFO - Processing luo
2025-08-27 10:03:32,611 - INFO - Processing mos
2025-08-27 10:03:32,723 - INFO - Processing nya
2025-08-27 10:03:32,832 - INFO - Processing pcm
2025-08-27 10:03:32,930 - INFO - Processing sna
2025-08-27 10:03:33,042 - INFO - Processing swa
2025-08-27 10:03:33,161 - INFO - Processing tsn
2025-08-27 10:03:33,285 - INFO - Processing twi
2025-08-27 10:03:33,394 - INFO - Processing wol
2025-08-27 10:03:33,502 - INFO - Processing xho
2025-08-27 10:03:33,604 - INFO - Processing yor
2025-08-27 10:03:33,743 - INFO - Processing zul
2025-08-27 10:03:34,300 - INFO - === Layer 1 (xlmr) — Top 5 (cosine) ===
2025-08-27 10:03:34,300 - INFO - 1. kin: cos=0.9221
2025-08-27 10:03:34,300 - INFO - 2. twi: cos=0.9203
2025-08-27 10:03:34,300 - INFO - 3. tsn: cos=0.9092
2025-08-27 10:03:34,300 - INFO - 4. nya: cos=0.9064
2025-08-27 10:03:34,300 - INFO - 5. ibo: cos=0.9042
2025-08-27 10:03:34,300 - INFO - === Layer 1 (xlmr) — Worst 5 (cosine) ===
2025-08-27 10:03:34,300 - INFO - 1. pcm: cos=0.8334
2025-08-27 10:03:34,300 - INFO - 2. hau: cos=0.8368
2025-08-27 10:03:34,300 - INFO - 3. bam: cos=0.8509
2025-08-27 10:03:34,300 - INFO - 4. swa: cos=0.8513
2025-08-27 10:03:34,300 - INFO - 5. bbj: cos=0.8516
2025-08-27 10:03:34,453 - INFO - === Layer 2 (xlmr) — Top 5 (cosine) ===
2025-08-27 10:03:34,453 - INFO - 1. kin: cos=0.9707
2025-08-27 10:03:34,453 - INFO - 2. twi: cos=0.9686
2025-08-27 10:03:34,453 - INFO - 3. nya: cos=0.9654
2025-08-27 10:03:34,453 - INFO - 4. tsn: cos=0.9650
2025-08-27 10:03:34,453 - INFO - 5. luo: cos=0.9630
2025-08-27 10:03:34,453 - INFO - === Layer 2 (xlmr) — Worst 5 (cosine) ===
2025-08-27 10:03:34,453 - INFO - 1. pcm: cos=0.9259
2025-08-27 10:03:34,453 - INFO - 2. swa: cos=0.9354
2025-08-27 10:03:34,453 - INFO - 3. hau: cos=0.9357
2025-08-27 10:03:34,453 - INFO - 4. yor: cos=0.9419
2025-08-27 10:03:34,453 - INFO - 5. bbj: cos=0.9444
2025-08-27 10:03:34,584 - INFO - === Layer 3 (xlmr) — Top 5 (cosine) ===
2025-08-27 10:03:34,584 - INFO - 1. twi: cos=0.9795
2025-08-27 10:03:34,584 - INFO - 2. kin: cos=0.9775
2025-08-27 10:03:34,584 - INFO - 3. tsn: cos=0.9747
2025-08-27 10:03:34,584 - INFO - 4. ibo: cos=0.9738
2025-08-27 10:03:34,584 - INFO - 5. luo: cos=0.9730
2025-08-27 10:03:34,584 - INFO - === Layer 3 (xlmr) — Worst 5 (cosine) ===
2025-08-27 10:03:34,584 - INFO - 1. pcm: cos=0.9473
2025-08-27 10:03:34,584 - INFO - 2. swa: cos=0.9498
2025-08-27 10:03:34,584 - INFO - 3. hau: cos=0.9538
2025-08-27 10:03:34,584 - INFO - 4. bam: cos=0.9593
2025-08-27 10:03:34,584 - INFO - 5. yor: cos=0.9595
2025-08-27 10:03:34,713 - INFO - === Layer 4 (xlmr) — Top 5 (cosine) ===
2025-08-27 10:03:34,713 - INFO - 1. twi: cos=0.9788
2025-08-27 10:03:34,713 - INFO - 2. kin: cos=0.9777
2025-08-27 10:03:34,713 - INFO - 3. tsn: cos=0.9736
2025-08-27 10:03:34,713 - INFO - 4. luo: cos=0.9723
2025-08-27 10:03:34,713 - INFO - 5. zul: cos=0.9710
2025-08-27 10:03:34,713 - INFO - === Layer 4 (xlmr) — Worst 5 (cosine) ===
2025-08-27 10:03:34,713 - INFO - 1. pcm: cos=0.9397
2025-08-27 10:03:34,713 - INFO - 2. swa: cos=0.9413
2025-08-27 10:03:34,713 - INFO - 3. hau: cos=0.9518
2025-08-27 10:03:34,713 - INFO - 4. bam: cos=0.9578
2025-08-27 10:03:34,713 - INFO - 5. yor: cos=0.9587
2025-08-27 10:03:34,841 - INFO - === Layer 5 (xlmr) — Top 5 (cosine) ===
2025-08-27 10:03:34,841 - INFO - 1. twi: cos=0.9791
2025-08-27 10:03:34,841 - INFO - 2. kin: cos=0.9772
2025-08-27 10:03:34,841 - INFO - 3. tsn: cos=0.9749
2025-08-27 10:03:34,841 - INFO - 4. luo: cos=0.9743
2025-08-27 10:03:34,841 - INFO - 5. zul: cos=0.9726
2025-08-27 10:03:34,841 - INFO - === Layer 5 (xlmr) — Worst 5 (cosine) ===
2025-08-27 10:03:34,841 - INFO - 1. pcm: cos=0.9412
2025-08-27 10:03:34,841 - INFO - 2. swa: cos=0.9423
2025-08-27 10:03:34,841 - INFO - 3. hau: cos=0.9548
2025-08-27 10:03:34,841 - INFO - 4. bbj: cos=0.9586
2025-08-27 10:03:34,841 - INFO - 5. yor: cos=0.9590
2025-08-27 10:03:34,970 - INFO - === Layer 6 (xlmr) — Top 5 (cosine) ===
2025-08-27 10:03:34,971 - INFO - 1. twi: cos=0.9749
2025-08-27 10:03:34,971 - INFO - 2. kin: cos=0.9741
2025-08-27 10:03:34,971 - INFO - 3. luo: cos=0.9704
2025-08-27 10:03:34,971 - INFO - 4. tsn: cos=0.9700
2025-08-27 10:03:34,971 - INFO - 5. lug: cos=0.9692
2025-08-27 10:03:34,971 - INFO - === Layer 6 (xlmr) — Worst 5 (cosine) ===
2025-08-27 10:03:34,971 - INFO - 1. pcm: cos=0.9319
2025-08-27 10:03:34,971 - INFO - 2. swa: cos=0.9330
2025-08-27 10:03:34,971 - INFO - 3. yor: cos=0.9464
2025-08-27 10:03:34,971 - INFO - 4. hau: cos=0.9469
2025-08-27 10:03:34,971 - INFO - 5. bbj: cos=0.9502
2025-08-27 10:03:35,104 - INFO - === Layer 7 (xlmr) — Top 5 (cosine) ===
2025-08-27 10:03:35,104 - INFO - 1. twi: cos=0.9831
2025-08-27 10:03:35,104 - INFO - 2. kin: cos=0.9785
2025-08-27 10:03:35,104 - INFO - 3. lug: cos=0.9769
2025-08-27 10:03:35,104 - INFO - 4. zul: cos=0.9762
2025-08-27 10:03:35,104 - INFO - 5. tsn: cos=0.9754
2025-08-27 10:03:35,104 - INFO - === Layer 7 (xlmr) — Worst 5 (cosine) ===
2025-08-27 10:03:35,104 - INFO - 1. yor: cos=0.9543
2025-08-27 10:03:35,104 - INFO - 2. swa: cos=0.9586
2025-08-27 10:03:35,104 - INFO - 3. bbj: cos=0.9618
2025-08-27 10:03:35,104 - INFO - 4. pcm: cos=0.9634
2025-08-27 10:03:35,104 - INFO - 5. xho: cos=0.9646
2025-08-27 10:03:35,303 - INFO - === Layer 8 (xlmr) — Top 5 (cosine) ===
2025-08-27 10:03:35,303 - INFO - 1. twi: cos=0.9781
2025-08-27 10:03:35,303 - INFO - 2. nya: cos=0.9727
2025-08-27 10:03:35,303 - INFO - 3. mos: cos=0.9724
2025-08-27 10:03:35,303 - INFO - 4. kin: cos=0.9710
2025-08-27 10:03:35,303 - INFO - 5. sna: cos=0.9704
2025-08-27 10:03:35,303 - INFO - === Layer 8 (xlmr) — Worst 5 (cosine) ===
2025-08-27 10:03:35,304 - INFO - 1. swa: cos=0.9471
2025-08-27 10:03:35,304 - INFO - 2. pcm: cos=0.9537
2025-08-27 10:03:35,304 - INFO - 3. yor: cos=0.9544
2025-08-27 10:03:35,304 - INFO - 4. hau: cos=0.9573
2025-08-27 10:03:35,304 - INFO - 5. xho: cos=0.9595
2025-08-27 10:03:35,432 - INFO - === Layer 9 (xlmr) — Top 5 (cosine) ===
2025-08-27 10:03:35,432 - INFO - 1. twi: cos=0.9813
2025-08-27 10:03:35,432 - INFO - 2. mos: cos=0.9769
2025-08-27 10:03:35,432 - INFO - 3. nya: cos=0.9765
2025-08-27 10:03:35,432 - INFO - 4. wol: cos=0.9741
2025-08-27 10:03:35,432 - INFO - 5. fon: cos=0.9739
2025-08-27 10:03:35,432 - INFO - === Layer 9 (xlmr) — Worst 5 (cosine) ===
2025-08-27 10:03:35,432 - INFO - 1. swa: cos=0.9537
2025-08-27 10:03:35,432 - INFO - 2. yor: cos=0.9544
2025-08-27 10:03:35,432 - INFO - 3. pcm: cos=0.9614
2025-08-27 10:03:35,432 - INFO - 4. hau: cos=0.9633
2025-08-27 10:03:35,432 - INFO - 5. xho: cos=0.9654
2025-08-27 10:03:35,556 - INFO - === Layer 10 (xlmr) — Top 5 (cosine) ===
2025-08-27 10:03:35,556 - INFO - 1. twi: cos=0.9796
2025-08-27 10:03:35,556 - INFO - 2. nya: cos=0.9768
2025-08-27 10:03:35,556 - INFO - 3. mos: cos=0.9742
2025-08-27 10:03:35,556 - INFO - 4. kin: cos=0.9731
2025-08-27 10:03:35,556 - INFO - 5. sna: cos=0.9725
2025-08-27 10:03:35,556 - INFO - === Layer 10 (xlmr) — Worst 5 (cosine) ===
2025-08-27 10:03:35,556 - INFO - 1. yor: cos=0.9509
2025-08-27 10:03:35,556 - INFO - 2. swa: cos=0.9542
2025-08-27 10:03:35,556 - INFO - 3. xho: cos=0.9570
2025-08-27 10:03:35,556 - INFO - 4. pcm: cos=0.9597
2025-08-27 10:03:35,556 - INFO - 5. bbj: cos=0.9619
2025-08-27 10:03:35,680 - INFO - === Layer 11 (xlmr) — Top 5 (cosine) ===
2025-08-27 10:03:35,680 - INFO - 1. nya: cos=0.9814
2025-08-27 10:03:35,681 - INFO - 2. twi: cos=0.9801
2025-08-27 10:03:35,681 - INFO - 3. ewe: cos=0.9791
2025-08-27 10:03:35,681 - INFO - 4. kin: cos=0.9774
2025-08-27 10:03:35,681 - INFO - 5. sna: cos=0.9768
2025-08-27 10:03:35,681 - INFO - === Layer 11 (xlmr) — Worst 5 (cosine) ===
2025-08-27 10:03:35,681 - INFO - 1. yor: cos=0.9570
2025-08-27 10:03:35,681 - INFO - 2. bbj: cos=0.9597
2025-08-27 10:03:35,681 - INFO - 3. pcm: cos=0.9601
2025-08-27 10:03:35,681 - INFO - 4. xho: cos=0.9601
2025-08-27 10:03:35,681 - INFO - 5. bam: cos=0.9605
2025-08-27 10:03:35,811 - INFO - === Layer 12 (xlmr) — Top 5 (cosine) ===
2025-08-27 10:03:35,811 - INFO - 1. nya: cos=0.9985
2025-08-27 10:03:35,811 - INFO - 2. mos: cos=0.9983
2025-08-27 10:03:35,811 - INFO - 3. kin: cos=0.9983
2025-08-27 10:03:35,811 - INFO - 4. twi: cos=0.9982
2025-08-27 10:03:35,811 - INFO - 5. sna: cos=0.9981
2025-08-27 10:03:35,811 - INFO - === Layer 12 (xlmr) — Worst 5 (cosine) ===
2025-08-27 10:03:35,811 - INFO - 1. bbj: cos=0.9954
2025-08-27 10:03:35,811 - INFO - 2. yor: cos=0.9960
2025-08-27 10:03:35,811 - INFO - 3. bam: cos=0.9964
2025-08-27 10:03:35,811 - INFO - 4. swa: cos=0.9965
2025-08-27 10:03:35,811 - INFO - 5. hau: cos=0.9966
2025-08-27 10:03:35,812 - INFO - Experiment finished successfully.
