2025-08-02 20:30:01,072 - INFO - Experiment started with model_type=xlmr, use_cls=True, use_context=True, context_window=1, use_hybrid=False, max_tokens_per_type=400, output_dir=rq2_train_scripts/Embeddings/MEXA_inspired_strategy/outputs/combined/xlmr/config_4_clstrue_ctxtrue_hybfalse/tokens_400_ctx1
2025-08-02 20:30:02,794 - INFO - Processing run
2025-08-02 20:30:06,765 - INFO - Processing bam
2025-08-02 20:30:10,252 - INFO - Processing bbj
2025-08-02 20:30:13,999 - INFO - Processing ewe
2025-08-02 20:30:17,721 - INFO - Processing fon
2025-08-02 20:30:21,455 - INFO - Processing hau
2025-08-02 20:30:25,203 - INFO - Processing ibo
2025-08-02 20:30:29,024 - INFO - Processing kin
2025-08-02 20:30:32,816 - INFO - Processing lug
2025-08-02 20:30:36,574 - INFO - Processing luo
2025-08-02 20:30:40,355 - INFO - Processing mos
2025-08-02 20:30:44,120 - INFO - Processing nya
2025-08-02 20:30:47,901 - INFO - Processing pcm
2025-08-02 20:30:51,709 - INFO - Processing sna
2025-08-02 20:30:55,519 - INFO - Processing swa
2025-08-02 20:30:59,348 - INFO - Processing tsn
2025-08-02 20:31:03,117 - INFO - Processing twi
2025-08-02 20:31:06,914 - INFO - Processing wol
2025-08-02 20:31:10,705 - INFO - Processing xho
2025-08-02 20:31:14,494 - INFO - Processing yor
2025-08-02 20:31:18,333 - INFO - Processing zul
2025-08-02 20:31:22,636 - INFO - Top 5 languages most similar to Runyankore:
2025-08-02 20:31:22,636 - INFO - 1. swa - Mean Similarity: 0.9996
2025-08-02 20:31:22,636 - INFO - 2. lug - Mean Similarity: 0.9994
2025-08-02 20:31:22,636 - INFO - 3. sna - Mean Similarity: 0.9994
2025-08-02 20:31:22,636 - INFO - 4. hau - Mean Similarity: 0.9993
2025-08-02 20:31:22,636 - INFO - 5. xho - Mean Similarity: 0.9993
2025-08-02 20:31:22,636 - INFO - Experiment finished successfully.
