2025-08-27 09:53:08,398 - INFO - Start: model_type=xlmr, use_cls=True, use_context=False, context_window=3, max_tokens_per_type=400, batch_size=64, output_dir=rq2_train_scripts/Embeddings/CLEAN/outputs/salt/xlmr/config_1_clstrue_ctxfalse/tokens_400_ctx3/core, save_prototypes=False, seed=42, fp16=True, max_length=96, langs=all, layers=all, span_mode=bio, pool=mean, entity_tags={'LOC', 'DATE', 'ORG', 'PER'}, title_suffix='L=all, tokens=400, ctx=3, cls=true, fp16=true'
2025-08-27 09:53:10,615 - INFO - Processing run
2025-08-27 09:53:11,054 - INFO - Processing bam
2025-08-27 09:53:11,107 - INFO - Processing bbj
2025-08-27 09:53:11,157 - INFO - Processing ewe
2025-08-27 09:53:11,203 - INFO - Processing fon
2025-08-27 09:53:11,261 - INFO - Processing hau
2025-08-27 09:53:11,332 - INFO - Processing ibo
2025-08-27 09:53:11,421 - INFO - Processing kin
2025-08-27 09:53:11,487 - INFO - Processing lug
2025-08-27 09:53:11,541 - INFO - Processing luo
2025-08-27 09:53:11,610 - INFO - Processing mos
2025-08-27 09:53:11,683 - INFO - Processing nya
2025-08-27 09:53:11,746 - INFO - Processing pcm
2025-08-27 09:53:11,801 - INFO - Processing sna
2025-08-27 09:53:11,916 - INFO - Processing swa
2025-08-27 09:53:11,981 - INFO - Processing tsn
2025-08-27 09:53:12,030 - INFO - Processing twi
2025-08-27 09:53:12,090 - INFO - Processing wol
2025-08-27 09:53:12,156 - INFO - Processing xho
2025-08-27 09:53:12,204 - INFO - Processing yor
2025-08-27 09:53:12,284 - INFO - Processing zul
2025-08-27 09:53:12,778 - INFO - === Layer 1 (xlmr) — Top 5 (cosine) ===
2025-08-27 09:53:12,778 - INFO - 1. kin: cos=0.9999
2025-08-27 09:53:12,778 - INFO - 2. luo: cos=0.9999
2025-08-27 09:53:12,778 - INFO - 3. twi: cos=0.9999
2025-08-27 09:53:12,778 - INFO - 4. nya: cos=0.9998
2025-08-27 09:53:12,778 - INFO - 5. ewe: cos=0.9998
2025-08-27 09:53:12,778 - INFO - === Layer 1 (xlmr) — Worst 5 (cosine) ===
2025-08-27 09:53:12,778 - INFO - 1. hau: cos=0.9994
2025-08-27 09:53:12,778 - INFO - 2. pcm: cos=0.9995
2025-08-27 09:53:12,778 - INFO - 3. fon: cos=0.9995
2025-08-27 09:53:12,778 - INFO - 4. bam: cos=0.9995
2025-08-27 09:53:12,778 - INFO - 5. bbj: cos=0.9996
2025-08-27 09:53:12,907 - INFO - === Layer 2 (xlmr) — Top 5 (cosine) ===
2025-08-27 09:53:12,907 - INFO - 1. kin: cos=1.0000
2025-08-27 09:53:12,907 - INFO - 2. luo: cos=1.0000
2025-08-27 09:53:12,907 - INFO - 3. twi: cos=1.0000
2025-08-27 09:53:12,907 - INFO - 4. ewe: cos=1.0000
2025-08-27 09:53:12,907 - INFO - 5. nya: cos=1.0000
2025-08-27 09:53:12,907 - INFO - === Layer 2 (xlmr) — Worst 5 (cosine) ===
2025-08-27 09:53:12,907 - INFO - 1. pcm: cos=0.9999
2025-08-27 09:53:12,907 - INFO - 2. hau: cos=0.9999
2025-08-27 09:53:12,907 - INFO - 3. bam: cos=0.9999
2025-08-27 09:53:12,907 - INFO - 4. bbj: cos=0.9999
2025-08-27 09:53:12,907 - INFO - 5. swa: cos=0.9999
2025-08-27 09:53:13,037 - INFO - === Layer 3 (xlmr) — Top 5 (cosine) ===
2025-08-27 09:53:13,037 - INFO - 1. kin: cos=1.0000
2025-08-27 09:53:13,037 - INFO - 2. luo: cos=1.0000
2025-08-27 09:53:13,037 - INFO - 3. twi: cos=1.0000
2025-08-27 09:53:13,037 - INFO - 4. hau: cos=1.0000
2025-08-27 09:53:13,037 - INFO - 5. ibo: cos=1.0000
2025-08-27 09:53:13,037 - INFO - === Layer 3 (xlmr) — Worst 5 (cosine) ===
2025-08-27 09:53:13,037 - INFO - 1. swa: cos=1.0000
2025-08-27 09:53:13,037 - INFO - 2. pcm: cos=1.0000
2025-08-27 09:53:13,037 - INFO - 3. sna: cos=1.0000
2025-08-27 09:53:13,037 - INFO - 4. bbj: cos=1.0000
2025-08-27 09:53:13,037 - INFO - 5. fon: cos=1.0000
2025-08-27 09:53:13,167 - INFO - === Layer 4 (xlmr) — Top 5 (cosine) ===
2025-08-27 09:53:13,167 - INFO - 1. kin: cos=1.0000
2025-08-27 09:53:13,167 - INFO - 2. twi: cos=1.0000
2025-08-27 09:53:13,167 - INFO - 3. luo: cos=1.0000
2025-08-27 09:53:13,167 - INFO - 4. lug: cos=1.0000
2025-08-27 09:53:13,167 - INFO - 5. zul: cos=1.0000
2025-08-27 09:53:13,167 - INFO - === Layer 4 (xlmr) — Worst 5 (cosine) ===
2025-08-27 09:53:13,167 - INFO - 1. bam: cos=1.0000
2025-08-27 09:53:13,167 - INFO - 2. yor: cos=1.0000
2025-08-27 09:53:13,167 - INFO - 3. hau: cos=1.0000
2025-08-27 09:53:13,167 - INFO - 4. pcm: cos=1.0000
2025-08-27 09:53:13,167 - INFO - 5. wol: cos=1.0000
2025-08-27 09:53:13,296 - INFO - === Layer 5 (xlmr) — Top 5 (cosine) ===
2025-08-27 09:53:13,296 - INFO - 1. twi: cos=1.0000
2025-08-27 09:53:13,296 - INFO - 2. luo: cos=1.0000
2025-08-27 09:53:13,296 - INFO - 3. kin: cos=1.0000
2025-08-27 09:53:13,296 - INFO - 4. zul: cos=1.0000
2025-08-27 09:53:13,296 - INFO - 5. ewe: cos=1.0000
2025-08-27 09:53:13,296 - INFO - === Layer 5 (xlmr) — Worst 5 (cosine) ===
2025-08-27 09:53:13,296 - INFO - 1. hau: cos=1.0000
2025-08-27 09:53:13,296 - INFO - 2. pcm: cos=1.0000
2025-08-27 09:53:13,296 - INFO - 3. fon: cos=1.0000
2025-08-27 09:53:13,296 - INFO - 4. mos: cos=1.0000
2025-08-27 09:53:13,296 - INFO - 5. wol: cos=1.0000
2025-08-27 09:53:13,425 - INFO - === Layer 6 (xlmr) — Top 5 (cosine) ===
2025-08-27 09:53:13,425 - INFO - 1. twi: cos=1.0000
2025-08-27 09:53:13,425 - INFO - 2. ewe: cos=1.0000
2025-08-27 09:53:13,425 - INFO - 3. luo: cos=1.0000
2025-08-27 09:53:13,425 - INFO - 4. kin: cos=1.0000
2025-08-27 09:53:13,425 - INFO - 5. ibo: cos=1.0000
2025-08-27 09:53:13,425 - INFO - === Layer 6 (xlmr) — Worst 5 (cosine) ===
2025-08-27 09:53:13,425 - INFO - 1. pcm: cos=1.0000
2025-08-27 09:53:13,425 - INFO - 2. hau: cos=1.0000
2025-08-27 09:53:13,425 - INFO - 3. nya: cos=1.0000
2025-08-27 09:53:13,425 - INFO - 4. swa: cos=1.0000
2025-08-27 09:53:13,425 - INFO - 5. wol: cos=1.0000
2025-08-27 09:53:13,551 - INFO - === Layer 7 (xlmr) — Top 5 (cosine) ===
2025-08-27 09:53:13,551 - INFO - 1. twi: cos=1.0000
2025-08-27 09:53:13,551 - INFO - 2. kin: cos=1.0000
2025-08-27 09:53:13,551 - INFO - 3. bbj: cos=1.0000
2025-08-27 09:53:13,551 - INFO - 4. fon: cos=1.0000
2025-08-27 09:53:13,552 - INFO - 5. sna: cos=1.0000
2025-08-27 09:53:13,552 - INFO - === Layer 7 (xlmr) — Worst 5 (cosine) ===
2025-08-27 09:53:13,552 - INFO - 1. hau: cos=1.0000
2025-08-27 09:53:13,552 - INFO - 2. pcm: cos=1.0000
2025-08-27 09:53:13,552 - INFO - 3. zul: cos=1.0000
2025-08-27 09:53:13,552 - INFO - 4. nya: cos=1.0000
2025-08-27 09:53:13,552 - INFO - 5. tsn: cos=1.0000
2025-08-27 09:53:13,753 - INFO - === Layer 8 (xlmr) — Top 5 (cosine) ===
2025-08-27 09:53:13,753 - INFO - 1. kin: cos=1.0000
2025-08-27 09:53:13,753 - INFO - 2. ewe: cos=1.0000
2025-08-27 09:53:13,753 - INFO - 3. lug: cos=1.0000
2025-08-27 09:53:13,753 - INFO - 4. luo: cos=1.0000
2025-08-27 09:53:13,753 - INFO - 5. twi: cos=1.0000
2025-08-27 09:53:13,753 - INFO - === Layer 8 (xlmr) — Worst 5 (cosine) ===
2025-08-27 09:53:13,753 - INFO - 1. pcm: cos=0.9999
2025-08-27 09:53:13,753 - INFO - 2. fon: cos=1.0000
2025-08-27 09:53:13,753 - INFO - 3. hau: cos=1.0000
2025-08-27 09:53:13,753 - INFO - 4. sna: cos=1.0000
2025-08-27 09:53:13,753 - INFO - 5. bbj: cos=1.0000
2025-08-27 09:53:13,882 - INFO - === Layer 9 (xlmr) — Top 5 (cosine) ===
2025-08-27 09:53:13,882 - INFO - 1. kin: cos=1.0000
2025-08-27 09:53:13,882 - INFO - 2. ewe: cos=1.0000
2025-08-27 09:53:13,882 - INFO - 3. twi: cos=1.0000
2025-08-27 09:53:13,882 - INFO - 4. luo: cos=1.0000
2025-08-27 09:53:13,882 - INFO - 5. bam: cos=1.0000
2025-08-27 09:53:13,882 - INFO - === Layer 9 (xlmr) — Worst 5 (cosine) ===
2025-08-27 09:53:13,882 - INFO - 1. pcm: cos=1.0000
2025-08-27 09:53:13,882 - INFO - 2. hau: cos=1.0000
2025-08-27 09:53:13,882 - INFO - 3. sna: cos=1.0000
2025-08-27 09:53:13,882 - INFO - 4. nya: cos=1.0000
2025-08-27 09:53:13,882 - INFO - 5. wol: cos=1.0000
2025-08-27 09:53:14,050 - INFO - === Layer 10 (xlmr) — Top 5 (cosine) ===
2025-08-27 09:53:14,050 - INFO - 1. bam: cos=1.0000
2025-08-27 09:53:14,050 - INFO - 2. luo: cos=1.0000
2025-08-27 09:53:14,050 - INFO - 3. twi: cos=1.0000
2025-08-27 09:53:14,050 - INFO - 4. zul: cos=1.0000
2025-08-27 09:53:14,050 - INFO - 5. ewe: cos=1.0000
2025-08-27 09:53:14,050 - INFO - === Layer 10 (xlmr) — Worst 5 (cosine) ===
2025-08-27 09:53:14,050 - INFO - 1. pcm: cos=1.0000
2025-08-27 09:53:14,050 - INFO - 2. yor: cos=1.0000
2025-08-27 09:53:14,050 - INFO - 3. ibo: cos=1.0000
2025-08-27 09:53:14,050 - INFO - 4. fon: cos=1.0000
2025-08-27 09:53:14,050 - INFO - 5. xho: cos=1.0000
2025-08-27 09:53:14,173 - INFO - === Layer 11 (xlmr) — Top 5 (cosine) ===
2025-08-27 09:53:14,173 - INFO - 1. hau: cos=1.0000
2025-08-27 09:53:14,173 - INFO - 2. pcm: cos=1.0000
2025-08-27 09:53:14,173 - INFO - 3. ibo: cos=1.0000
2025-08-27 09:53:14,173 - INFO - 4. twi: cos=1.0000
2025-08-27 09:53:14,173 - INFO - 5. lug: cos=1.0000
2025-08-27 09:53:14,173 - INFO - === Layer 11 (xlmr) — Worst 5 (cosine) ===
2025-08-27 09:53:14,173 - INFO - 1. luo: cos=0.9999
2025-08-27 09:53:14,173 - INFO - 2. bam: cos=0.9999
2025-08-27 09:53:14,173 - INFO - 3. bbj: cos=0.9999
2025-08-27 09:53:14,173 - INFO - 4. sna: cos=1.0000
2025-08-27 09:53:14,173 - INFO - 5. zul: cos=1.0000
2025-08-27 09:53:14,299 - INFO - === Layer 12 (xlmr) — Top 5 (cosine) ===
2025-08-27 09:53:14,299 - INFO - 1. kin: cos=0.9999
2025-08-27 09:53:14,299 - INFO - 2. nya: cos=0.9999
2025-08-27 09:53:14,299 - INFO - 3. ewe: cos=0.9999
2025-08-27 09:53:14,299 - INFO - 4. wol: cos=0.9999
2025-08-27 09:53:14,299 - INFO - 5. luo: cos=0.9999
2025-08-27 09:53:14,299 - INFO - === Layer 12 (xlmr) — Worst 5 (cosine) ===
2025-08-27 09:53:14,299 - INFO - 1. fon: cos=0.9982
2025-08-27 09:53:14,299 - INFO - 2. hau: cos=0.9987
2025-08-27 09:53:14,299 - INFO - 3. pcm: cos=0.9990
2025-08-27 09:53:14,299 - INFO - 4. twi: cos=0.9995
2025-08-27 09:53:14,299 - INFO - 5. tsn: cos=0.9996
2025-08-27 09:53:14,300 - INFO - Experiment finished successfully.
