2025-12-15 09:47:32,293 - INFO - Start: model_type=afroxlmr, use_cls=True, use_context=True, context_window=2, max_tokens_per_type=300, batch_size=64, output_dir=rq2_train_scripts/Embeddings/CLEAN/outputs/combined/afroxlmr/config_3_clstrue_ctxtrue/tokens_300_ctx2/core, save_prototypes=False, seed=42, fp16=True, max_length=96, langs=all, layers=all, span_mode=bio, pool=mean, entity_tags={'LOC', 'ORG', 'DATE', 'PER'}, title_suffix='L=all, tokens=300, ctx=2, cls=true, fp16=true'
2025-12-15 09:47:34,210 - INFO - Processing run
2025-12-15 09:47:34,590 - INFO - Processing bam
2025-12-15 09:47:34,659 - INFO - Processing bbj
2025-12-15 09:47:34,704 - INFO - Processing ewe
2025-12-15 09:47:34,739 - INFO - Processing fon
2025-12-15 09:47:34,791 - INFO - Processing hau
2025-12-15 09:47:34,849 - INFO - Processing ibo
2025-12-15 09:47:34,935 - INFO - Processing kin
2025-12-15 09:47:34,998 - INFO - Processing lug
2025-12-15 09:47:35,044 - INFO - Processing luo
2025-12-15 09:47:35,109 - INFO - Processing mos
2025-12-15 09:47:35,176 - INFO - Processing nya
2025-12-15 09:47:35,250 - INFO - Processing pcm
2025-12-15 09:47:35,302 - INFO - Processing sna
2025-12-15 09:47:35,363 - INFO - Processing swa
2025-12-15 09:47:35,427 - INFO - Processing tsn
2025-12-15 09:47:35,483 - INFO - Processing twi
2025-12-15 09:47:35,549 - INFO - Processing wol
2025-12-15 09:47:35,607 - INFO - Processing xho
2025-12-15 09:47:35,655 - INFO - Processing yor
2025-12-15 09:47:35,742 - INFO - Processing zul
2025-12-15 09:47:36,185 - INFO - === Layer 1 (afroxlmr) — Top 5 (cosine) ===
2025-12-15 09:47:36,185 - INFO - 1. sna: cos=0.9982
2025-12-15 09:47:36,185 - INFO - 2. xho: cos=0.9980
2025-12-15 09:47:36,185 - INFO - 3. ibo: cos=0.9980
2025-12-15 09:47:36,185 - INFO - 4. yor: cos=0.9980
2025-12-15 09:47:36,185 - INFO - 5. zul: cos=0.9979
2025-12-15 09:47:36,185 - INFO - === Layer 1 (afroxlmr) — Worst 5 (cosine) ===
2025-12-15 09:47:36,185 - INFO - 1. swa: cos=0.9871
2025-12-15 09:47:36,185 - INFO - 2. pcm: cos=0.9895
2025-12-15 09:47:36,185 - INFO - 3. hau: cos=0.9932
2025-12-15 09:47:36,185 - INFO - 4. fon: cos=0.9961
2025-12-15 09:47:36,185 - INFO - 5. ewe: cos=0.9964
2025-12-15 09:47:36,304 - INFO - === Layer 2 (afroxlmr) — Top 5 (cosine) ===
2025-12-15 09:47:36,304 - INFO - 1. sna: cos=1.0000
2025-12-15 09:47:36,304 - INFO - 2. ibo: cos=1.0000
2025-12-15 09:47:36,304 - INFO - 3. zul: cos=1.0000
2025-12-15 09:47:36,304 - INFO - 4. xho: cos=1.0000
2025-12-15 09:47:36,304 - INFO - 5. wol: cos=1.0000
2025-12-15 09:47:36,304 - INFO - === Layer 2 (afroxlmr) — Worst 5 (cosine) ===
2025-12-15 09:47:36,304 - INFO - 1. swa: cos=0.9998
2025-12-15 09:47:36,304 - INFO - 2. pcm: cos=0.9998
2025-12-15 09:47:36,304 - INFO - 3. hau: cos=0.9999
2025-12-15 09:47:36,304 - INFO - 4. fon: cos=1.0000
2025-12-15 09:47:36,304 - INFO - 5. ewe: cos=1.0000
2025-12-15 09:47:36,423 - INFO - === Layer 3 (afroxlmr) — Top 5 (cosine) ===
2025-12-15 09:47:36,423 - INFO - 1. ibo: cos=1.0000
2025-12-15 09:47:36,423 - INFO - 2. sna: cos=1.0000
2025-12-15 09:47:36,423 - INFO - 3. xho: cos=1.0000
2025-12-15 09:47:36,423 - INFO - 4. zul: cos=1.0000
2025-12-15 09:47:36,423 - INFO - 5. yor: cos=1.0000
2025-12-15 09:47:36,423 - INFO - === Layer 3 (afroxlmr) — Worst 5 (cosine) ===
2025-12-15 09:47:36,423 - INFO - 1. pcm: cos=1.0000
2025-12-15 09:47:36,423 - INFO - 2. swa: cos=1.0000
2025-12-15 09:47:36,423 - INFO - 3. hau: cos=1.0000
2025-12-15 09:47:36,423 - INFO - 4. tsn: cos=1.0000
2025-12-15 09:47:36,423 - INFO - 5. bbj: cos=1.0000
2025-12-15 09:47:36,541 - INFO - === Layer 4 (afroxlmr) — Top 5 (cosine) ===
2025-12-15 09:47:36,541 - INFO - 1. ibo: cos=1.0000
2025-12-15 09:47:36,541 - INFO - 2. bam: cos=1.0000
2025-12-15 09:47:36,541 - INFO - 3. twi: cos=1.0000
2025-12-15 09:47:36,541 - INFO - 4. sna: cos=1.0000
2025-12-15 09:47:36,541 - INFO - 5. lug: cos=1.0000
2025-12-15 09:47:36,541 - INFO - === Layer 4 (afroxlmr) — Worst 5 (cosine) ===
2025-12-15 09:47:36,541 - INFO - 1. pcm: cos=1.0000
2025-12-15 09:47:36,541 - INFO - 2. swa: cos=1.0000
2025-12-15 09:47:36,541 - INFO - 3. hau: cos=1.0000
2025-12-15 09:47:36,541 - INFO - 4. tsn: cos=1.0000
2025-12-15 09:47:36,541 - INFO - 5. ewe: cos=1.0000
2025-12-15 09:47:36,659 - INFO - === Layer 5 (afroxlmr) — Top 5 (cosine) ===
2025-12-15 09:47:36,659 - INFO - 1. nya: cos=1.0000
2025-12-15 09:47:36,659 - INFO - 2. twi: cos=1.0000
2025-12-15 09:47:36,659 - INFO - 3. ibo: cos=1.0000
2025-12-15 09:47:36,659 - INFO - 4. tsn: cos=1.0000
2025-12-15 09:47:36,659 - INFO - 5. lug: cos=1.0000
2025-12-15 09:47:36,659 - INFO - === Layer 5 (afroxlmr) — Worst 5 (cosine) ===
2025-12-15 09:47:36,659 - INFO - 1. pcm: cos=1.0000
2025-12-15 09:47:36,659 - INFO - 2. swa: cos=1.0000
2025-12-15 09:47:36,659 - INFO - 3. bbj: cos=1.0000
2025-12-15 09:47:36,659 - INFO - 4. fon: cos=1.0000
2025-12-15 09:47:36,659 - INFO - 5. mos: cos=1.0000
2025-12-15 09:47:36,778 - INFO - === Layer 6 (afroxlmr) — Top 5 (cosine) ===
2025-12-15 09:47:36,778 - INFO - 1. ibo: cos=1.0000
2025-12-15 09:47:36,778 - INFO - 2. nya: cos=1.0000
2025-12-15 09:47:36,778 - INFO - 3. twi: cos=1.0000
2025-12-15 09:47:36,778 - INFO - 4. lug: cos=1.0000
2025-12-15 09:47:36,778 - INFO - 5. sna: cos=1.0000
2025-12-15 09:47:36,778 - INFO - === Layer 6 (afroxlmr) — Worst 5 (cosine) ===
2025-12-15 09:47:36,778 - INFO - 1. pcm: cos=1.0000
2025-12-15 09:47:36,778 - INFO - 2. swa: cos=1.0000
2025-12-15 09:47:36,778 - INFO - 3. bbj: cos=1.0000
2025-12-15 09:47:36,778 - INFO - 4. yor: cos=1.0000
2025-12-15 09:47:36,778 - INFO - 5. fon: cos=1.0000
2025-12-15 09:47:36,896 - INFO - === Layer 7 (afroxlmr) — Top 5 (cosine) ===
2025-12-15 09:47:36,896 - INFO - 1. lug: cos=1.0000
2025-12-15 09:47:36,896 - INFO - 2. kin: cos=1.0000
2025-12-15 09:47:36,896 - INFO - 3. ibo: cos=1.0000
2025-12-15 09:47:36,896 - INFO - 4. bam: cos=1.0000
2025-12-15 09:47:36,896 - INFO - 5. ewe: cos=1.0000
2025-12-15 09:47:36,896 - INFO - === Layer 7 (afroxlmr) — Worst 5 (cosine) ===
2025-12-15 09:47:36,896 - INFO - 1. pcm: cos=1.0000
2025-12-15 09:47:36,896 - INFO - 2. luo: cos=1.0000
2025-12-15 09:47:36,896 - INFO - 3. swa: cos=1.0000
2025-12-15 09:47:36,896 - INFO - 4. bbj: cos=1.0000
2025-12-15 09:47:36,896 - INFO - 5. mos: cos=1.0000
2025-12-15 09:47:37,016 - INFO - === Layer 8 (afroxlmr) — Top 5 (cosine) ===
2025-12-15 09:47:37,016 - INFO - 1. lug: cos=0.9999
2025-12-15 09:47:37,016 - INFO - 2. zul: cos=0.9998
2025-12-15 09:47:37,016 - INFO - 3. nya: cos=0.9998
2025-12-15 09:47:37,016 - INFO - 4. kin: cos=0.9998
2025-12-15 09:47:37,016 - INFO - 5. twi: cos=0.9998
2025-12-15 09:47:37,016 - INFO - === Layer 8 (afroxlmr) — Worst 5 (cosine) ===
2025-12-15 09:47:37,016 - INFO - 1. pcm: cos=0.9997
2025-12-15 09:47:37,016 - INFO - 2. swa: cos=0.9997
2025-12-15 09:47:37,016 - INFO - 3. hau: cos=0.9997
2025-12-15 09:47:37,016 - INFO - 4. luo: cos=0.9998
2025-12-15 09:47:37,016 - INFO - 5. wol: cos=0.9998
2025-12-15 09:47:37,197 - INFO - === Layer 9 (afroxlmr) — Top 5 (cosine) ===
2025-12-15 09:47:37,197 - INFO - 1. twi: cos=0.9997
2025-12-15 09:47:37,197 - INFO - 2. lug: cos=0.9996
2025-12-15 09:47:37,197 - INFO - 3. mos: cos=0.9995
2025-12-15 09:47:37,197 - INFO - 4. luo: cos=0.9991
2025-12-15 09:47:37,197 - INFO - 5. bam: cos=0.9990
2025-12-15 09:47:37,197 - INFO - === Layer 9 (afroxlmr) — Worst 5 (cosine) ===
2025-12-15 09:47:37,197 - INFO - 1. ewe: cos=0.9978
2025-12-15 09:47:37,197 - INFO - 2. tsn: cos=0.9978
2025-12-15 09:47:37,197 - INFO - 3. xho: cos=0.9980
2025-12-15 09:47:37,198 - INFO - 4. yor: cos=0.9980
2025-12-15 09:47:37,198 - INFO - 5. pcm: cos=0.9981
2025-12-15 09:47:37,316 - INFO - === Layer 10 (afroxlmr) — Top 5 (cosine) ===
2025-12-15 09:47:37,316 - INFO - 1. twi: cos=0.9992
2025-12-15 09:47:37,316 - INFO - 2. lug: cos=0.9991
2025-12-15 09:47:37,316 - INFO - 3. mos: cos=0.9990
2025-12-15 09:47:37,316 - INFO - 4. ibo: cos=0.9988
2025-12-15 09:47:37,316 - INFO - 5. pcm: cos=0.9988
2025-12-15 09:47:37,316 - INFO - === Layer 10 (afroxlmr) — Worst 5 (cosine) ===
2025-12-15 09:47:37,316 - INFO - 1. tsn: cos=0.9949
2025-12-15 09:47:37,316 - INFO - 2. bbj: cos=0.9974
2025-12-15 09:47:37,316 - INFO - 3. ewe: cos=0.9975
2025-12-15 09:47:37,316 - INFO - 4. wol: cos=0.9976
2025-12-15 09:47:37,316 - INFO - 5. zul: cos=0.9980
2025-12-15 09:47:37,435 - INFO - === Layer 11 (afroxlmr) — Top 5 (cosine) ===
2025-12-15 09:47:37,435 - INFO - 1. lug: cos=0.9956
2025-12-15 09:47:37,435 - INFO - 2. twi: cos=0.9924
2025-12-15 09:47:37,435 - INFO - 3. ewe: cos=0.9917
2025-12-15 09:47:37,435 - INFO - 4. wol: cos=0.9906
2025-12-15 09:47:37,435 - INFO - 5. pcm: cos=0.9906
2025-12-15 09:47:37,435 - INFO - === Layer 11 (afroxlmr) — Worst 5 (cosine) ===
2025-12-15 09:47:37,435 - INFO - 1. yor: cos=0.9859
2025-12-15 09:47:37,435 - INFO - 2. bam: cos=0.9860
2025-12-15 09:47:37,435 - INFO - 3. swa: cos=0.9862
2025-12-15 09:47:37,435 - INFO - 4. bbj: cos=0.9875
2025-12-15 09:47:37,435 - INFO - 5. xho: cos=0.9875
2025-12-15 09:47:37,552 - INFO - === Layer 12 (afroxlmr) — Top 5 (cosine) ===
2025-12-15 09:47:37,552 - INFO - 1. lug: cos=0.9502
2025-12-15 09:47:37,552 - INFO - 2. kin: cos=0.9109
2025-12-15 09:47:37,552 - INFO - 3. pcm: cos=0.8780
2025-12-15 09:47:37,552 - INFO - 4. luo: cos=0.8779
2025-12-15 09:47:37,552 - INFO - 5. nya: cos=0.8769
2025-12-15 09:47:37,552 - INFO - === Layer 12 (afroxlmr) — Worst 5 (cosine) ===
2025-12-15 09:47:37,552 - INFO - 1. bbj: cos=0.6785
2025-12-15 09:47:37,552 - INFO - 2. yor: cos=0.7097
2025-12-15 09:47:37,552 - INFO - 3. fon: cos=0.7923
2025-12-15 09:47:37,552 - INFO - 4. bam: cos=0.8058
2025-12-15 09:47:37,552 - INFO - 5. hau: cos=0.8253
2025-12-15 09:47:37,553 - INFO - Experiment finished successfully.
