2025-08-27 10:07:47,168 - INFO - Start: model_type=xlmr, use_cls=True, use_context=True, context_window=1, max_tokens_per_type=500, batch_size=64, output_dir=rq2_train_scripts/Embeddings/CLEAN/outputs/salt/xlmr/config_3_clstrue_ctxtrue/tokens_500_ctx1/core, save_prototypes=False, seed=42, fp16=True, max_length=96, langs=all, layers=all, span_mode=bio, pool=mean, entity_tags={'LOC', 'PER', 'DATE', 'ORG'}, title_suffix='L=all, tokens=500, ctx=1, cls=true, fp16=true'
2025-08-27 10:07:49,396 - INFO - Processing run
2025-08-27 10:07:49,858 - INFO - Processing bam
2025-08-27 10:07:49,919 - INFO - Processing bbj
2025-08-27 10:07:49,972 - INFO - Processing ewe
2025-08-27 10:07:50,023 - INFO - Processing fon
2025-08-27 10:07:50,095 - INFO - Processing hau
2025-08-27 10:07:50,172 - INFO - Processing ibo
2025-08-27 10:07:50,270 - INFO - Processing kin
2025-08-27 10:07:50,383 - INFO - Processing lug
2025-08-27 10:07:50,512 - INFO - Processing luo
2025-08-27 10:07:50,624 - INFO - Processing mos
2025-08-27 10:07:50,729 - INFO - Processing nya
2025-08-27 10:07:50,814 - INFO - Processing pcm
2025-08-27 10:07:50,872 - INFO - Processing sna
2025-08-27 10:07:50,935 - INFO - Processing swa
2025-08-27 10:07:51,055 - INFO - Processing tsn
2025-08-27 10:07:51,121 - INFO - Processing twi
2025-08-27 10:07:51,189 - INFO - Processing wol
2025-08-27 10:07:51,259 - INFO - Processing xho
2025-08-27 10:07:51,317 - INFO - Processing yor
2025-08-27 10:07:51,445 - INFO - Processing zul
2025-08-27 10:07:51,949 - INFO - === Layer 1 (xlmr) — Top 5 (cosine) ===
2025-08-27 10:07:51,949 - INFO - 1. kin: cos=1.0000
2025-08-27 10:07:51,949 - INFO - 2. lug: cos=1.0000
2025-08-27 10:07:51,949 - INFO - 3. nya: cos=1.0000
2025-08-27 10:07:51,949 - INFO - 4. sna: cos=1.0000
2025-08-27 10:07:51,949 - INFO - 5. tsn: cos=1.0000
2025-08-27 10:07:51,949 - INFO - === Layer 1 (xlmr) — Worst 5 (cosine) ===
2025-08-27 10:07:51,949 - INFO - 1. fon: cos=0.9997
2025-08-27 10:07:51,949 - INFO - 2. bam: cos=0.9998
2025-08-27 10:07:51,949 - INFO - 3. hau: cos=0.9999
2025-08-27 10:07:51,949 - INFO - 4. wol: cos=0.9999
2025-08-27 10:07:51,949 - INFO - 5. ibo: cos=0.9999
2025-08-27 10:07:52,080 - INFO - === Layer 2 (xlmr) — Top 5 (cosine) ===
2025-08-27 10:07:52,080 - INFO - 1. kin: cos=1.0000
2025-08-27 10:07:52,080 - INFO - 2. sna: cos=1.0000
2025-08-27 10:07:52,080 - INFO - 3. nya: cos=1.0000
2025-08-27 10:07:52,080 - INFO - 4. luo: cos=1.0000
2025-08-27 10:07:52,080 - INFO - 5. zul: cos=1.0000
2025-08-27 10:07:52,080 - INFO - === Layer 2 (xlmr) — Worst 5 (cosine) ===
2025-08-27 10:07:52,080 - INFO - 1. fon: cos=1.0000
2025-08-27 10:07:52,080 - INFO - 2. bam: cos=1.0000
2025-08-27 10:07:52,080 - INFO - 3. swa: cos=1.0000
2025-08-27 10:07:52,080 - INFO - 4. hau: cos=1.0000
2025-08-27 10:07:52,080 - INFO - 5. pcm: cos=1.0000
2025-08-27 10:07:52,207 - INFO - === Layer 3 (xlmr) — Top 5 (cosine) ===
2025-08-27 10:07:52,207 - INFO - 1. sna: cos=1.0000
2025-08-27 10:07:52,207 - INFO - 2. zul: cos=1.0000
2025-08-27 10:07:52,207 - INFO - 3. kin: cos=1.0000
2025-08-27 10:07:52,207 - INFO - 4. xho: cos=1.0000
2025-08-27 10:07:52,207 - INFO - 5. wol: cos=1.0000
2025-08-27 10:07:52,207 - INFO - === Layer 3 (xlmr) — Worst 5 (cosine) ===
2025-08-27 10:07:52,207 - INFO - 1. pcm: cos=1.0000
2025-08-27 10:07:52,207 - INFO - 2. swa: cos=1.0000
2025-08-27 10:07:52,207 - INFO - 3. tsn: cos=1.0000
2025-08-27 10:07:52,207 - INFO - 4. ewe: cos=1.0000
2025-08-27 10:07:52,207 - INFO - 5. luo: cos=1.0000
2025-08-27 10:07:52,335 - INFO - === Layer 4 (xlmr) — Top 5 (cosine) ===
2025-08-27 10:07:52,335 - INFO - 1. kin: cos=1.0000
2025-08-27 10:07:52,335 - INFO - 2. zul: cos=1.0000
2025-08-27 10:07:52,335 - INFO - 3. sna: cos=1.0000
2025-08-27 10:07:52,335 - INFO - 4. lug: cos=1.0000
2025-08-27 10:07:52,335 - INFO - 5. xho: cos=1.0000
2025-08-27 10:07:52,335 - INFO - === Layer 4 (xlmr) — Worst 5 (cosine) ===
2025-08-27 10:07:52,335 - INFO - 1. pcm: cos=1.0000
2025-08-27 10:07:52,335 - INFO - 2. swa: cos=1.0000
2025-08-27 10:07:52,335 - INFO - 3. ewe: cos=1.0000
2025-08-27 10:07:52,335 - INFO - 4. wol: cos=1.0000
2025-08-27 10:07:52,335 - INFO - 5. twi: cos=1.0000
2025-08-27 10:07:52,458 - INFO - === Layer 5 (xlmr) — Top 5 (cosine) ===
2025-08-27 10:07:52,458 - INFO - 1. nya: cos=1.0000
2025-08-27 10:07:52,458 - INFO - 2. kin: cos=1.0000
2025-08-27 10:07:52,458 - INFO - 3. sna: cos=1.0000
2025-08-27 10:07:52,458 - INFO - 4. lug: cos=1.0000
2025-08-27 10:07:52,458 - INFO - 5. luo: cos=1.0000
2025-08-27 10:07:52,459 - INFO - === Layer 5 (xlmr) — Worst 5 (cosine) ===
2025-08-27 10:07:52,459 - INFO - 1. fon: cos=1.0000
2025-08-27 10:07:52,459 - INFO - 2. hau: cos=1.0000
2025-08-27 10:07:52,459 - INFO - 3. swa: cos=1.0000
2025-08-27 10:07:52,459 - INFO - 4. pcm: cos=1.0000
2025-08-27 10:07:52,459 - INFO - 5. twi: cos=1.0000
2025-08-27 10:07:52,582 - INFO - === Layer 6 (xlmr) — Top 5 (cosine) ===
2025-08-27 10:07:52,582 - INFO - 1. kin: cos=1.0000
2025-08-27 10:07:52,582 - INFO - 2. nya: cos=1.0000
2025-08-27 10:07:52,582 - INFO - 3. sna: cos=1.0000
2025-08-27 10:07:52,582 - INFO - 4. lug: cos=1.0000
2025-08-27 10:07:52,582 - INFO - 5. wol: cos=1.0000
2025-08-27 10:07:52,582 - INFO - === Layer 6 (xlmr) — Worst 5 (cosine) ===
2025-08-27 10:07:52,582 - INFO - 1. fon: cos=1.0000
2025-08-27 10:07:52,582 - INFO - 2. hau: cos=1.0000
2025-08-27 10:07:52,582 - INFO - 3. swa: cos=1.0000
2025-08-27 10:07:52,582 - INFO - 4. pcm: cos=1.0000
2025-08-27 10:07:52,582 - INFO - 5. bbj: cos=1.0000
2025-08-27 10:07:52,704 - INFO - === Layer 7 (xlmr) — Top 5 (cosine) ===
2025-08-27 10:07:52,705 - INFO - 1. zul: cos=1.0000
2025-08-27 10:07:52,705 - INFO - 2. luo: cos=1.0000
2025-08-27 10:07:52,705 - INFO - 3. xho: cos=1.0000
2025-08-27 10:07:52,705 - INFO - 4. ibo: cos=1.0000
2025-08-27 10:07:52,705 - INFO - 5. pcm: cos=1.0000
2025-08-27 10:07:52,705 - INFO - === Layer 7 (xlmr) — Worst 5 (cosine) ===
2025-08-27 10:07:52,705 - INFO - 1. hau: cos=1.0000
2025-08-27 10:07:52,705 - INFO - 2. fon: cos=1.0000
2025-08-27 10:07:52,705 - INFO - 3. ewe: cos=1.0000
2025-08-27 10:07:52,705 - INFO - 4. mos: cos=1.0000
2025-08-27 10:07:52,705 - INFO - 5. bbj: cos=1.0000
2025-08-27 10:07:52,829 - INFO - === Layer 8 (xlmr) — Top 5 (cosine) ===
2025-08-27 10:07:52,829 - INFO - 1. zul: cos=1.0000
2025-08-27 10:07:52,829 - INFO - 2. xho: cos=1.0000
2025-08-27 10:07:52,829 - INFO - 3. kin: cos=1.0000
2025-08-27 10:07:52,829 - INFO - 4. luo: cos=1.0000
2025-08-27 10:07:52,829 - INFO - 5. nya: cos=1.0000
2025-08-27 10:07:52,829 - INFO - === Layer 8 (xlmr) — Worst 5 (cosine) ===
2025-08-27 10:07:52,829 - INFO - 1. hau: cos=0.9999
2025-08-27 10:07:52,829 - INFO - 2. bam: cos=1.0000
2025-08-27 10:07:52,829 - INFO - 3. pcm: cos=1.0000
2025-08-27 10:07:52,829 - INFO - 4. ewe: cos=1.0000
2025-08-27 10:07:52,829 - INFO - 5. lug: cos=1.0000
2025-08-27 10:07:53,027 - INFO - === Layer 9 (xlmr) — Top 5 (cosine) ===
2025-08-27 10:07:53,027 - INFO - 1. zul: cos=1.0000
2025-08-27 10:07:53,027 - INFO - 2. luo: cos=1.0000
2025-08-27 10:07:53,027 - INFO - 3. xho: cos=1.0000
2025-08-27 10:07:53,027 - INFO - 4. ibo: cos=1.0000
2025-08-27 10:07:53,027 - INFO - 5. tsn: cos=1.0000
2025-08-27 10:07:53,027 - INFO - === Layer 9 (xlmr) — Worst 5 (cosine) ===
2025-08-27 10:07:53,027 - INFO - 1. hau: cos=1.0000
2025-08-27 10:07:53,027 - INFO - 2. bam: cos=1.0000
2025-08-27 10:07:53,027 - INFO - 3. ewe: cos=1.0000
2025-08-27 10:07:53,027 - INFO - 4. bbj: cos=1.0000
2025-08-27 10:07:53,027 - INFO - 5. fon: cos=1.0000
2025-08-27 10:07:53,167 - INFO - === Layer 10 (xlmr) — Top 5 (cosine) ===
2025-08-27 10:07:53,167 - INFO - 1. ibo: cos=1.0000
2025-08-27 10:07:53,167 - INFO - 2. sna: cos=1.0000
2025-08-27 10:07:53,167 - INFO - 3. nya: cos=1.0000
2025-08-27 10:07:53,167 - INFO - 4. wol: cos=1.0000
2025-08-27 10:07:53,167 - INFO - 5. twi: cos=1.0000
2025-08-27 10:07:53,167 - INFO - === Layer 10 (xlmr) — Worst 5 (cosine) ===
2025-08-27 10:07:53,167 - INFO - 1. hau: cos=1.0000
2025-08-27 10:07:53,167 - INFO - 2. bam: cos=1.0000
2025-08-27 10:07:53,167 - INFO - 3. bbj: cos=1.0000
2025-08-27 10:07:53,167 - INFO - 4. ewe: cos=1.0000
2025-08-27 10:07:53,167 - INFO - 5. tsn: cos=1.0000
2025-08-27 10:07:53,290 - INFO - === Layer 11 (xlmr) — Top 5 (cosine) ===
2025-08-27 10:07:53,290 - INFO - 1. zul: cos=1.0000
2025-08-27 10:07:53,291 - INFO - 2. ewe: cos=1.0000
2025-08-27 10:07:53,291 - INFO - 3. twi: cos=1.0000
2025-08-27 10:07:53,291 - INFO - 4. tsn: cos=1.0000
2025-08-27 10:07:53,291 - INFO - 5. bam: cos=1.0000
2025-08-27 10:07:53,291 - INFO - === Layer 11 (xlmr) — Worst 5 (cosine) ===
2025-08-27 10:07:53,291 - INFO - 1. yor: cos=1.0000
2025-08-27 10:07:53,291 - INFO - 2. swa: cos=1.0000
2025-08-27 10:07:53,291 - INFO - 3. pcm: cos=1.0000
2025-08-27 10:07:53,291 - INFO - 4. luo: cos=1.0000
2025-08-27 10:07:53,291 - INFO - 5. lug: cos=1.0000
2025-08-27 10:07:53,410 - INFO - === Layer 12 (xlmr) — Top 5 (cosine) ===
2025-08-27 10:07:53,411 - INFO - 1. nya: cos=0.9999
2025-08-27 10:07:53,411 - INFO - 2. sna: cos=0.9998
2025-08-27 10:07:53,411 - INFO - 3. pcm: cos=0.9998
2025-08-27 10:07:53,411 - INFO - 4. swa: cos=0.9998
2025-08-27 10:07:53,411 - INFO - 5. twi: cos=0.9998
2025-08-27 10:07:53,411 - INFO - === Layer 12 (xlmr) — Worst 5 (cosine) ===
2025-08-27 10:07:53,411 - INFO - 1. zul: cos=0.9930
2025-08-27 10:07:53,411 - INFO - 2. xho: cos=0.9974
2025-08-27 10:07:53,411 - INFO - 3. tsn: cos=0.9980
2025-08-27 10:07:53,411 - INFO - 4. fon: cos=0.9987
2025-08-27 10:07:53,411 - INFO - 5. kin: cos=0.9990
2025-08-27 10:07:53,411 - INFO - Experiment finished successfully.
