2025-08-27 07:43:33,652 - INFO - Start: model_type=xlmr, use_cls=True, use_context=False, context_window=0, max_tokens_per_type=500, batch_size=64, output_dir=rq2_train_scripts/Embeddings/CLEAN/outputs/mptc/xlmr/config_1_clstrue_ctxfalse/tokens_500_ctx0, save_prototypes=False, seed=42, fp16=True, max_length=96, langs=all, layers=all, span_mode=bio, pool=mean, entity_tags={'LOC', 'ORG', 'DATE', 'PER'}, title_suffix='L=all, tokens=500, ctx=0, cls=true, fp16=true'
2025-08-27 07:43:35,916 - INFO - Processing run
2025-08-27 07:43:36,324 - INFO - Processing bam
2025-08-27 07:43:36,383 - INFO - Processing bbj
2025-08-27 07:43:36,433 - INFO - Processing ewe
2025-08-27 07:43:36,487 - INFO - Processing fon
2025-08-27 07:43:36,552 - INFO - Processing hau
2025-08-27 07:43:36,620 - INFO - Processing ibo
2025-08-27 07:43:36,741 - INFO - Processing kin
2025-08-27 07:43:36,817 - INFO - Processing lug
2025-08-27 07:43:36,876 - INFO - Processing luo
2025-08-27 07:43:36,945 - INFO - Processing mos
2025-08-27 07:43:37,019 - INFO - Processing nya
2025-08-27 07:43:37,090 - INFO - Processing pcm
2025-08-27 07:43:37,147 - INFO - Processing sna
2025-08-27 07:43:37,205 - INFO - Processing swa
2025-08-27 07:43:37,287 - INFO - Processing tsn
2025-08-27 07:43:37,344 - INFO - Processing twi
2025-08-27 07:43:37,415 - INFO - Processing wol
2025-08-27 07:43:37,484 - INFO - Processing xho
2025-08-27 07:43:37,546 - INFO - Processing yor
2025-08-27 07:43:37,632 - INFO - Processing zul
2025-08-27 07:43:38,123 - INFO - === Layer 1 (xlmr) — Top 5 (cosine) ===
2025-08-27 07:43:38,123 - INFO - 1. kin: cos=1.0000
2025-08-27 07:43:38,123 - INFO - 2. twi: cos=0.9999
2025-08-27 07:43:38,123 - INFO - 3. luo: cos=0.9999
2025-08-27 07:43:38,123 - INFO - 4. ibo: cos=0.9998
2025-08-27 07:43:38,123 - INFO - 5. sna: cos=0.9998
2025-08-27 07:43:38,123 - INFO - === Layer 1 (xlmr) — Worst 5 (cosine) ===
2025-08-27 07:43:38,123 - INFO - 1. hau: cos=0.9993
2025-08-27 07:43:38,123 - INFO - 2. fon: cos=0.9994
2025-08-27 07:43:38,123 - INFO - 3. bbj: cos=0.9994
2025-08-27 07:43:38,123 - INFO - 4. bam: cos=0.9994
2025-08-27 07:43:38,123 - INFO - 5. xho: cos=0.9994
2025-08-27 07:43:38,252 - INFO - === Layer 2 (xlmr) — Top 5 (cosine) ===
2025-08-27 07:43:38,252 - INFO - 1. kin: cos=1.0000
2025-08-27 07:43:38,252 - INFO - 2. luo: cos=1.0000
2025-08-27 07:43:38,252 - INFO - 3. twi: cos=1.0000
2025-08-27 07:43:38,252 - INFO - 4. ibo: cos=1.0000
2025-08-27 07:43:38,252 - INFO - 5. zul: cos=1.0000
2025-08-27 07:43:38,252 - INFO - === Layer 2 (xlmr) — Worst 5 (cosine) ===
2025-08-27 07:43:38,253 - INFO - 1. hau: cos=0.9999
2025-08-27 07:43:38,253 - INFO - 2. bam: cos=0.9999
2025-08-27 07:43:38,253 - INFO - 3. bbj: cos=0.9999
2025-08-27 07:43:38,253 - INFO - 4. pcm: cos=0.9999
2025-08-27 07:43:38,253 - INFO - 5. fon: cos=0.9999
2025-08-27 07:43:38,382 - INFO - === Layer 3 (xlmr) — Top 5 (cosine) ===
2025-08-27 07:43:38,382 - INFO - 1. kin: cos=1.0000
2025-08-27 07:43:38,382 - INFO - 2. luo: cos=1.0000
2025-08-27 07:43:38,382 - INFO - 3. twi: cos=1.0000
2025-08-27 07:43:38,382 - INFO - 4. zul: cos=1.0000
2025-08-27 07:43:38,382 - INFO - 5. ewe: cos=1.0000
2025-08-27 07:43:38,382 - INFO - === Layer 3 (xlmr) — Worst 5 (cosine) ===
2025-08-27 07:43:38,382 - INFO - 1. pcm: cos=1.0000
2025-08-27 07:43:38,382 - INFO - 2. swa: cos=1.0000
2025-08-27 07:43:38,382 - INFO - 3. bbj: cos=1.0000
2025-08-27 07:43:38,382 - INFO - 4. fon: cos=1.0000
2025-08-27 07:43:38,382 - INFO - 5. nya: cos=1.0000
2025-08-27 07:43:38,511 - INFO - === Layer 4 (xlmr) — Top 5 (cosine) ===
2025-08-27 07:43:38,511 - INFO - 1. kin: cos=1.0000
2025-08-27 07:43:38,511 - INFO - 2. luo: cos=1.0000
2025-08-27 07:43:38,511 - INFO - 3. twi: cos=1.0000
2025-08-27 07:43:38,511 - INFO - 4. sna: cos=1.0000
2025-08-27 07:43:38,511 - INFO - 5. zul: cos=1.0000
2025-08-27 07:43:38,511 - INFO - === Layer 4 (xlmr) — Worst 5 (cosine) ===
2025-08-27 07:43:38,511 - INFO - 1. hau: cos=1.0000
2025-08-27 07:43:38,511 - INFO - 2. bam: cos=1.0000
2025-08-27 07:43:38,511 - INFO - 3. yor: cos=1.0000
2025-08-27 07:43:38,511 - INFO - 4. wol: cos=1.0000
2025-08-27 07:43:38,511 - INFO - 5. pcm: cos=1.0000
2025-08-27 07:43:38,642 - INFO - === Layer 5 (xlmr) — Top 5 (cosine) ===
2025-08-27 07:43:38,642 - INFO - 1. twi: cos=1.0000
2025-08-27 07:43:38,642 - INFO - 2. kin: cos=1.0000
2025-08-27 07:43:38,642 - INFO - 3. luo: cos=1.0000
2025-08-27 07:43:38,642 - INFO - 4. tsn: cos=1.0000
2025-08-27 07:43:38,642 - INFO - 5. zul: cos=1.0000
2025-08-27 07:43:38,642 - INFO - === Layer 5 (xlmr) — Worst 5 (cosine) ===
2025-08-27 07:43:38,642 - INFO - 1. hau: cos=1.0000
2025-08-27 07:43:38,642 - INFO - 2. pcm: cos=1.0000
2025-08-27 07:43:38,642 - INFO - 3. fon: cos=1.0000
2025-08-27 07:43:38,642 - INFO - 4. mos: cos=1.0000
2025-08-27 07:43:38,642 - INFO - 5. wol: cos=1.0000
2025-08-27 07:43:38,771 - INFO - === Layer 6 (xlmr) — Top 5 (cosine) ===
2025-08-27 07:43:38,771 - INFO - 1. kin: cos=1.0000
2025-08-27 07:43:38,771 - INFO - 2. twi: cos=1.0000
2025-08-27 07:43:38,771 - INFO - 3. luo: cos=1.0000
2025-08-27 07:43:38,771 - INFO - 4. tsn: cos=1.0000
2025-08-27 07:43:38,771 - INFO - 5. ewe: cos=1.0000
2025-08-27 07:43:38,771 - INFO - === Layer 6 (xlmr) — Worst 5 (cosine) ===
2025-08-27 07:43:38,771 - INFO - 1. hau: cos=1.0000
2025-08-27 07:43:38,771 - INFO - 2. pcm: cos=1.0000
2025-08-27 07:43:38,771 - INFO - 3. fon: cos=1.0000
2025-08-27 07:43:38,771 - INFO - 4. mos: cos=1.0000
2025-08-27 07:43:38,771 - INFO - 5. bbj: cos=1.0000
2025-08-27 07:43:38,900 - INFO - === Layer 7 (xlmr) — Top 5 (cosine) ===
2025-08-27 07:43:38,900 - INFO - 1. kin: cos=1.0000
2025-08-27 07:43:38,900 - INFO - 2. swa: cos=1.0000
2025-08-27 07:43:38,900 - INFO - 3. sna: cos=1.0000
2025-08-27 07:43:38,900 - INFO - 4. fon: cos=1.0000
2025-08-27 07:43:38,900 - INFO - 5. yor: cos=1.0000
2025-08-27 07:43:38,900 - INFO - === Layer 7 (xlmr) — Worst 5 (cosine) ===
2025-08-27 07:43:38,900 - INFO - 1. hau: cos=1.0000
2025-08-27 07:43:38,900 - INFO - 2. tsn: cos=1.0000
2025-08-27 07:43:38,900 - INFO - 3. mos: cos=1.0000
2025-08-27 07:43:38,900 - INFO - 4. zul: cos=1.0000
2025-08-27 07:43:38,900 - INFO - 5. wol: cos=1.0000
2025-08-27 07:43:39,028 - INFO - === Layer 8 (xlmr) — Top 5 (cosine) ===
2025-08-27 07:43:39,028 - INFO - 1. kin: cos=1.0000
2025-08-27 07:43:39,028 - INFO - 2. lug: cos=1.0000
2025-08-27 07:43:39,028 - INFO - 3. sna: cos=1.0000
2025-08-27 07:43:39,028 - INFO - 4. xho: cos=1.0000
2025-08-27 07:43:39,028 - INFO - 5. tsn: cos=1.0000
2025-08-27 07:43:39,028 - INFO - === Layer 8 (xlmr) — Worst 5 (cosine) ===
2025-08-27 07:43:39,028 - INFO - 1. ewe: cos=0.9999
2025-08-27 07:43:39,028 - INFO - 2. bbj: cos=1.0000
2025-08-27 07:43:39,028 - INFO - 3. swa: cos=1.0000
2025-08-27 07:43:39,028 - INFO - 4. fon: cos=1.0000
2025-08-27 07:43:39,028 - INFO - 5. hau: cos=1.0000
2025-08-27 07:43:39,224 - INFO - === Layer 9 (xlmr) — Top 5 (cosine) ===
2025-08-27 07:43:39,224 - INFO - 1. kin: cos=1.0000
2025-08-27 07:43:39,224 - INFO - 2. sna: cos=1.0000
2025-08-27 07:43:39,224 - INFO - 3. yor: cos=1.0000
2025-08-27 07:43:39,225 - INFO - 4. bam: cos=1.0000
2025-08-27 07:43:39,225 - INFO - 5. twi: cos=1.0000
2025-08-27 07:43:39,225 - INFO - === Layer 9 (xlmr) — Worst 5 (cosine) ===
2025-08-27 07:43:39,225 - INFO - 1. ewe: cos=1.0000
2025-08-27 07:43:39,225 - INFO - 2. bbj: cos=1.0000
2025-08-27 07:43:39,225 - INFO - 3. hau: cos=1.0000
2025-08-27 07:43:39,225 - INFO - 4. nya: cos=1.0000
2025-08-27 07:43:39,225 - INFO - 5. swa: cos=1.0000
2025-08-27 07:43:39,355 - INFO - === Layer 10 (xlmr) — Top 5 (cosine) ===
2025-08-27 07:43:39,355 - INFO - 1. twi: cos=1.0000
2025-08-27 07:43:39,355 - INFO - 2. bam: cos=1.0000
2025-08-27 07:43:39,355 - INFO - 3. zul: cos=1.0000
2025-08-27 07:43:39,356 - INFO - 4. kin: cos=1.0000
2025-08-27 07:43:39,356 - INFO - 5. ewe: cos=1.0000
2025-08-27 07:43:39,356 - INFO - === Layer 10 (xlmr) — Worst 5 (cosine) ===
2025-08-27 07:43:39,356 - INFO - 1. pcm: cos=1.0000
2025-08-27 07:43:39,356 - INFO - 2. fon: cos=1.0000
2025-08-27 07:43:39,356 - INFO - 3. xho: cos=1.0000
2025-08-27 07:43:39,356 - INFO - 4. ibo: cos=1.0000
2025-08-27 07:43:39,356 - INFO - 5. bbj: cos=1.0000
2025-08-27 07:43:39,488 - INFO - === Layer 11 (xlmr) — Top 5 (cosine) ===
2025-08-27 07:43:39,488 - INFO - 1. pcm: cos=1.0000
2025-08-27 07:43:39,488 - INFO - 2. twi: cos=1.0000
2025-08-27 07:43:39,488 - INFO - 3. lug: cos=1.0000
2025-08-27 07:43:39,488 - INFO - 4. swa: cos=1.0000
2025-08-27 07:43:39,488 - INFO - 5. hau: cos=1.0000
2025-08-27 07:43:39,488 - INFO - === Layer 11 (xlmr) — Worst 5 (cosine) ===
2025-08-27 07:43:39,488 - INFO - 1. bam: cos=0.9998
2025-08-27 07:43:39,488 - INFO - 2. sna: cos=0.9999
2025-08-27 07:43:39,488 - INFO - 3. yor: cos=0.9999
2025-08-27 07:43:39,488 - INFO - 4. bbj: cos=0.9999
2025-08-27 07:43:39,488 - INFO - 5. zul: cos=0.9999
2025-08-27 07:43:39,619 - INFO - === Layer 12 (xlmr) — Top 5 (cosine) ===
2025-08-27 07:43:39,619 - INFO - 1. kin: cos=0.9999
2025-08-27 07:43:39,619 - INFO - 2. twi: cos=0.9999
2025-08-27 07:43:39,619 - INFO - 3. luo: cos=0.9999
2025-08-27 07:43:39,619 - INFO - 4. wol: cos=0.9999
2025-08-27 07:43:39,619 - INFO - 5. ewe: cos=0.9999
2025-08-27 07:43:39,619 - INFO - === Layer 12 (xlmr) — Worst 5 (cosine) ===
2025-08-27 07:43:39,619 - INFO - 1. pcm: cos=0.9978
2025-08-27 07:43:39,619 - INFO - 2. fon: cos=0.9986
2025-08-27 07:43:39,619 - INFO - 3. hau: cos=0.9992
2025-08-27 07:43:39,619 - INFO - 4. tsn: cos=0.9995
2025-08-27 07:43:39,619 - INFO - 5. xho: cos=0.9997
2025-08-27 07:43:39,620 - INFO - Experiment finished successfully.
