2025-08-03 08:35:19,727 - INFO - Experiment started with model_type=mbert, use_cls=False, use_context=True, context_window=0, use_hybrid=True, max_tokens_per_type=200, output_dir=rq2_train_scripts/Embeddings/MEXA_inspired_strategy/outputs/mptc/mbert/config_6_clsfalse_ctxtrue_hybtrue/tokens_200_ctx0
2025-08-03 08:35:20,757 - INFO - Processing run
2025-08-03 08:35:22,001 - INFO - Processing bam
2025-08-03 08:35:23,413 - INFO - Processing bbj
2025-08-03 08:35:24,792 - INFO - Processing ewe
2025-08-03 08:35:26,167 - INFO - Processing fon
2025-08-03 08:35:27,584 - INFO - Processing hau
2025-08-03 08:35:29,003 - INFO - Processing ibo
2025-08-03 08:35:30,457 - INFO - Processing kin
2025-08-03 08:35:31,869 - INFO - Processing lug
2025-08-03 08:35:33,255 - INFO - Processing luo
2025-08-03 08:35:34,672 - INFO - Processing mos
2025-08-03 08:35:36,078 - INFO - Processing nya
2025-08-03 08:35:37,504 - INFO - Processing pcm
2025-08-03 08:35:38,897 - INFO - Processing sna
2025-08-03 08:35:40,327 - INFO - Processing swa
2025-08-03 08:35:41,735 - INFO - Processing tsn
2025-08-03 08:35:43,116 - INFO - Processing twi
2025-08-03 08:35:44,514 - INFO - Processing wol
2025-08-03 08:35:45,921 - INFO - Processing xho
2025-08-03 08:35:47,327 - INFO - Processing yor
2025-08-03 08:35:48,769 - INFO - Processing zul
2025-08-03 08:35:50,602 - INFO - Top 5 languages most similar to Runyankore:
2025-08-03 08:35:50,602 - INFO - 1. kin - Mean Similarity: 0.5502
2025-08-03 08:35:50,602 - INFO - 2. lug - Mean Similarity: 0.5458
2025-08-03 08:35:50,602 - INFO - 3. luo - Mean Similarity: 0.5447
2025-08-03 08:35:50,602 - INFO - 4. ibo - Mean Similarity: 0.5380
2025-08-03 08:35:50,602 - INFO - 5. swa - Mean Similarity: 0.5377
2025-08-03 08:35:50,602 - INFO - Experiment finished successfully.
