2025-08-27 17:58:43,356 - INFO - Start: model_type=xlmr, use_cls=True, use_context=True, context_window=1, max_tokens_per_type=300, batch_size=64, output_dir=rq2_train_scripts/Embeddings/CLEAN/outputs/combined/xlmr/config_3_clstrue_ctxtrue/tokens_300_ctx1/core, save_prototypes=False, seed=42, fp16=True, max_length=96, langs=all, layers=all, span_mode=bio, pool=mean, entity_tags={'LOC', 'ORG', 'PER', 'DATE'}, title_suffix='L=all, tokens=300, ctx=1, cls=true, fp16=true'
2025-08-27 17:58:47,917 - INFO - Processing run
2025-08-27 17:58:48,340 - INFO - Processing bam
2025-08-27 17:58:48,392 - INFO - Processing bbj
2025-08-27 17:58:48,431 - INFO - Processing ewe
2025-08-27 17:58:48,478 - INFO - Processing fon
2025-08-27 17:58:48,549 - INFO - Processing hau
2025-08-27 17:58:48,607 - INFO - Processing ibo
2025-08-27 17:58:48,692 - INFO - Processing kin
2025-08-27 17:58:48,766 - INFO - Processing lug
2025-08-27 17:58:48,811 - INFO - Processing luo
2025-08-27 17:58:48,873 - INFO - Processing mos
2025-08-27 17:58:48,930 - INFO - Processing nya
2025-08-27 17:58:48,994 - INFO - Processing pcm
2025-08-27 17:58:49,048 - INFO - Processing sna
2025-08-27 17:58:49,104 - INFO - Processing swa
2025-08-27 17:58:49,167 - INFO - Processing tsn
2025-08-27 17:58:49,213 - INFO - Processing twi
2025-08-27 17:58:49,272 - INFO - Processing wol
2025-08-27 17:58:49,331 - INFO - Processing xho
2025-08-27 17:58:49,376 - INFO - Processing yor
2025-08-27 17:58:49,454 - INFO - Processing zul
2025-08-27 17:58:50,008 - INFO - === Layer 1 (xlmr) — Top 5 (cosine) ===
2025-08-27 17:58:50,008 - INFO - 1. kin: cos=1.0000
2025-08-27 17:58:50,008 - INFO - 2. lug: cos=1.0000
2025-08-27 17:58:50,008 - INFO - 3. sna: cos=1.0000
2025-08-27 17:58:50,008 - INFO - 4. nya: cos=1.0000
2025-08-27 17:58:50,008 - INFO - 5. tsn: cos=1.0000
2025-08-27 17:58:50,008 - INFO - === Layer 1 (xlmr) — Worst 5 (cosine) ===
2025-08-27 17:58:50,008 - INFO - 1. fon: cos=0.9997
2025-08-27 17:58:50,008 - INFO - 2. bam: cos=0.9998
2025-08-27 17:58:50,008 - INFO - 3. wol: cos=0.9998
2025-08-27 17:58:50,008 - INFO - 4. hau: cos=0.9998
2025-08-27 17:58:50,008 - INFO - 5. yor: cos=0.9998
2025-08-27 17:58:50,138 - INFO - === Layer 2 (xlmr) — Top 5 (cosine) ===
2025-08-27 17:58:50,138 - INFO - 1. kin: cos=1.0000
2025-08-27 17:58:50,138 - INFO - 2. sna: cos=1.0000
2025-08-27 17:58:50,138 - INFO - 3. nya: cos=1.0000
2025-08-27 17:58:50,138 - INFO - 4. xho: cos=1.0000
2025-08-27 17:58:50,138 - INFO - 5. zul: cos=1.0000
2025-08-27 17:58:50,138 - INFO - === Layer 2 (xlmr) — Worst 5 (cosine) ===
2025-08-27 17:58:50,138 - INFO - 1. fon: cos=1.0000
2025-08-27 17:58:50,138 - INFO - 2. bam: cos=1.0000
2025-08-27 17:58:50,138 - INFO - 3. swa: cos=1.0000
2025-08-27 17:58:50,138 - INFO - 4. hau: cos=1.0000
2025-08-27 17:58:50,139 - INFO - 5. pcm: cos=1.0000
2025-08-27 17:58:50,267 - INFO - === Layer 3 (xlmr) — Top 5 (cosine) ===
2025-08-27 17:58:50,267 - INFO - 1. sna: cos=1.0000
2025-08-27 17:58:50,267 - INFO - 2. kin: cos=1.0000
2025-08-27 17:58:50,267 - INFO - 3. zul: cos=1.0000
2025-08-27 17:58:50,267 - INFO - 4. xho: cos=1.0000
2025-08-27 17:58:50,267 - INFO - 5. twi: cos=1.0000
2025-08-27 17:58:50,267 - INFO - === Layer 3 (xlmr) — Worst 5 (cosine) ===
2025-08-27 17:58:50,267 - INFO - 1. pcm: cos=1.0000
2025-08-27 17:58:50,267 - INFO - 2. swa: cos=1.0000
2025-08-27 17:58:50,267 - INFO - 3. ewe: cos=1.0000
2025-08-27 17:58:50,267 - INFO - 4. tsn: cos=1.0000
2025-08-27 17:58:50,267 - INFO - 5. luo: cos=1.0000
2025-08-27 17:58:50,396 - INFO - === Layer 4 (xlmr) — Top 5 (cosine) ===
2025-08-27 17:58:50,396 - INFO - 1. kin: cos=1.0000
2025-08-27 17:58:50,396 - INFO - 2. lug: cos=1.0000
2025-08-27 17:58:50,396 - INFO - 3. sna: cos=1.0000
2025-08-27 17:58:50,396 - INFO - 4. zul: cos=1.0000
2025-08-27 17:58:50,396 - INFO - 5. mos: cos=1.0000
2025-08-27 17:58:50,396 - INFO - === Layer 4 (xlmr) — Worst 5 (cosine) ===
2025-08-27 17:58:50,396 - INFO - 1. swa: cos=1.0000
2025-08-27 17:58:50,396 - INFO - 2. pcm: cos=1.0000
2025-08-27 17:58:50,396 - INFO - 3. wol: cos=1.0000
2025-08-27 17:58:50,396 - INFO - 4. ewe: cos=1.0000
2025-08-27 17:58:50,396 - INFO - 5. twi: cos=1.0000
2025-08-27 17:58:50,525 - INFO - === Layer 5 (xlmr) — Top 5 (cosine) ===
2025-08-27 17:58:50,525 - INFO - 1. lug: cos=1.0000
2025-08-27 17:58:50,525 - INFO - 2. kin: cos=1.0000
2025-08-27 17:58:50,525 - INFO - 3. sna: cos=1.0000
2025-08-27 17:58:50,525 - INFO - 4. nya: cos=1.0000
2025-08-27 17:58:50,525 - INFO - 5. luo: cos=1.0000
2025-08-27 17:58:50,525 - INFO - === Layer 5 (xlmr) — Worst 5 (cosine) ===
2025-08-27 17:58:50,525 - INFO - 1. fon: cos=1.0000
2025-08-27 17:58:50,525 - INFO - 2. pcm: cos=1.0000
2025-08-27 17:58:50,525 - INFO - 3. swa: cos=1.0000
2025-08-27 17:58:50,525 - INFO - 4. hau: cos=1.0000
2025-08-27 17:58:50,525 - INFO - 5. bbj: cos=1.0000
2025-08-27 17:58:50,655 - INFO - === Layer 6 (xlmr) — Top 5 (cosine) ===
2025-08-27 17:58:50,655 - INFO - 1. lug: cos=1.0000
2025-08-27 17:58:50,655 - INFO - 2. sna: cos=1.0000
2025-08-27 17:58:50,655 - INFO - 3. luo: cos=1.0000
2025-08-27 17:58:50,655 - INFO - 4. wol: cos=1.0000
2025-08-27 17:58:50,655 - INFO - 5. nya: cos=1.0000
2025-08-27 17:58:50,655 - INFO - === Layer 6 (xlmr) — Worst 5 (cosine) ===
2025-08-27 17:58:50,655 - INFO - 1. pcm: cos=1.0000
2025-08-27 17:58:50,655 - INFO - 2. fon: cos=1.0000
2025-08-27 17:58:50,655 - INFO - 3. swa: cos=1.0000
2025-08-27 17:58:50,655 - INFO - 4. hau: cos=1.0000
2025-08-27 17:58:50,655 - INFO - 5. bbj: cos=1.0000
2025-08-27 17:58:50,781 - INFO - === Layer 7 (xlmr) — Top 5 (cosine) ===
2025-08-27 17:58:50,781 - INFO - 1. sna: cos=1.0000
2025-08-27 17:58:50,781 - INFO - 2. mos: cos=1.0000
2025-08-27 17:58:50,781 - INFO - 3. ewe: cos=1.0000
2025-08-27 17:58:50,781 - INFO - 4. twi: cos=1.0000
2025-08-27 17:58:50,781 - INFO - 5. xho: cos=1.0000
2025-08-27 17:58:50,781 - INFO - === Layer 7 (xlmr) — Worst 5 (cosine) ===
2025-08-27 17:58:50,781 - INFO - 1. wol: cos=1.0000
2025-08-27 17:58:50,781 - INFO - 2. hau: cos=1.0000
2025-08-27 17:58:50,781 - INFO - 3. bbj: cos=1.0000
2025-08-27 17:58:50,781 - INFO - 4. lug: cos=1.0000
2025-08-27 17:58:50,781 - INFO - 5. yor: cos=1.0000
2025-08-27 17:58:50,903 - INFO - === Layer 8 (xlmr) — Top 5 (cosine) ===
2025-08-27 17:58:50,903 - INFO - 1. nya: cos=1.0000
2025-08-27 17:58:50,903 - INFO - 2. kin: cos=1.0000
2025-08-27 17:58:50,903 - INFO - 3. lug: cos=1.0000
2025-08-27 17:58:50,903 - INFO - 4. sna: cos=1.0000
2025-08-27 17:58:50,903 - INFO - 5. wol: cos=1.0000
2025-08-27 17:58:50,903 - INFO - === Layer 8 (xlmr) — Worst 5 (cosine) ===
2025-08-27 17:58:50,903 - INFO - 1. hau: cos=0.9999
2025-08-27 17:58:50,903 - INFO - 2. zul: cos=1.0000
2025-08-27 17:58:50,904 - INFO - 3. pcm: cos=1.0000
2025-08-27 17:58:50,904 - INFO - 4. bam: cos=1.0000
2025-08-27 17:58:50,904 - INFO - 5. twi: cos=1.0000
2025-08-27 17:58:51,102 - INFO - === Layer 9 (xlmr) — Top 5 (cosine) ===
2025-08-27 17:58:51,102 - INFO - 1. xho: cos=1.0000
2025-08-27 17:58:51,102 - INFO - 2. sna: cos=1.0000
2025-08-27 17:58:51,102 - INFO - 3. yor: cos=1.0000
2025-08-27 17:58:51,102 - INFO - 4. lug: cos=1.0000
2025-08-27 17:58:51,102 - INFO - 5. nya: cos=1.0000
2025-08-27 17:58:51,102 - INFO - === Layer 9 (xlmr) — Worst 5 (cosine) ===
2025-08-27 17:58:51,102 - INFO - 1. hau: cos=1.0000
2025-08-27 17:58:51,102 - INFO - 2. pcm: cos=1.0000
2025-08-27 17:58:51,102 - INFO - 3. zul: cos=1.0000
2025-08-27 17:58:51,102 - INFO - 4. bam: cos=1.0000
2025-08-27 17:58:51,102 - INFO - 5. bbj: cos=1.0000
2025-08-27 17:58:51,243 - INFO - === Layer 10 (xlmr) — Top 5 (cosine) ===
2025-08-27 17:58:51,243 - INFO - 1. sna: cos=1.0000
2025-08-27 17:58:51,243 - INFO - 2. fon: cos=1.0000
2025-08-27 17:58:51,243 - INFO - 3. nya: cos=1.0000
2025-08-27 17:58:51,243 - INFO - 4. luo: cos=1.0000
2025-08-27 17:58:51,243 - INFO - 5. wol: cos=1.0000
2025-08-27 17:58:51,243 - INFO - === Layer 10 (xlmr) — Worst 5 (cosine) ===
2025-08-27 17:58:51,243 - INFO - 1. bam: cos=1.0000
2025-08-27 17:58:51,243 - INFO - 2. hau: cos=1.0000
2025-08-27 17:58:51,243 - INFO - 3. tsn: cos=1.0000
2025-08-27 17:58:51,243 - INFO - 4. bbj: cos=1.0000
2025-08-27 17:58:51,243 - INFO - 5. ewe: cos=1.0000
2025-08-27 17:58:51,366 - INFO - === Layer 11 (xlmr) — Top 5 (cosine) ===
2025-08-27 17:58:51,366 - INFO - 1. ewe: cos=1.0000
2025-08-27 17:58:51,367 - INFO - 2. lug: cos=1.0000
2025-08-27 17:58:51,367 - INFO - 3. xho: cos=1.0000
2025-08-27 17:58:51,367 - INFO - 4. tsn: cos=1.0000
2025-08-27 17:58:51,367 - INFO - 5. sna: cos=1.0000
2025-08-27 17:58:51,367 - INFO - === Layer 11 (xlmr) — Worst 5 (cosine) ===
2025-08-27 17:58:51,367 - INFO - 1. yor: cos=0.9999
2025-08-27 17:58:51,367 - INFO - 2. swa: cos=0.9999
2025-08-27 17:58:51,367 - INFO - 3. pcm: cos=0.9999
2025-08-27 17:58:51,367 - INFO - 4. kin: cos=0.9999
2025-08-27 17:58:51,367 - INFO - 5. luo: cos=0.9999
2025-08-27 17:58:51,496 - INFO - === Layer 12 (xlmr) — Top 5 (cosine) ===
2025-08-27 17:58:51,496 - INFO - 1. pcm: cos=0.9996
2025-08-27 17:58:51,496 - INFO - 2. mos: cos=0.9994
2025-08-27 17:58:51,496 - INFO - 3. sna: cos=0.9993
2025-08-27 17:58:51,496 - INFO - 4. lug: cos=0.9990
2025-08-27 17:58:51,496 - INFO - 5. wol: cos=0.9986
2025-08-27 17:58:51,496 - INFO - === Layer 12 (xlmr) — Worst 5 (cosine) ===
2025-08-27 17:58:51,496 - INFO - 1. zul: cos=0.9877
2025-08-27 17:58:51,496 - INFO - 2. xho: cos=0.9950
2025-08-27 17:58:51,496 - INFO - 3. fon: cos=0.9959
2025-08-27 17:58:51,496 - INFO - 4. kin: cos=0.9962
2025-08-27 17:58:51,496 - INFO - 5. tsn: cos=0.9965
2025-08-27 17:58:51,497 - INFO - Experiment finished successfully.
