2025-08-03 03:38:24,747 - INFO - Experiment started with model_type=mbert, use_cls=True, use_context=True, context_window=2, use_hybrid=True, max_tokens_per_type=500, output_dir=rq2_train_scripts/Embeddings/MEXA_inspired_strategy/outputs/salt/mbert/config_7_clstrue_ctxtrue_hybtrue/tokens_500_ctx2
2025-08-03 03:38:25,778 - INFO - Processing run
2025-08-03 03:38:29,297 - INFO - Processing bam
2025-08-03 03:38:32,450 - INFO - Processing bbj
2025-08-03 03:38:35,982 - INFO - Processing ewe
2025-08-03 03:38:39,504 - INFO - Processing fon
2025-08-03 03:38:43,072 - INFO - Processing hau
2025-08-03 03:38:46,623 - INFO - Processing ibo
2025-08-03 03:38:50,223 - INFO - Processing kin
2025-08-03 03:38:53,788 - INFO - Processing lug
2025-08-03 03:38:57,331 - INFO - Processing luo
2025-08-03 03:39:00,892 - INFO - Processing mos
2025-08-03 03:39:04,439 - INFO - Processing nya
2025-08-03 03:39:08,077 - INFO - Processing pcm
2025-08-03 03:39:11,634 - INFO - Processing sna
2025-08-03 03:39:15,207 - INFO - Processing swa
2025-08-03 03:39:18,783 - INFO - Processing tsn
2025-08-03 03:39:22,327 - INFO - Processing twi
2025-08-03 03:39:25,882 - INFO - Processing wol
2025-08-03 03:39:29,434 - INFO - Processing xho
2025-08-03 03:39:32,990 - INFO - Processing yor
2025-08-03 03:39:36,591 - INFO - Processing zul
2025-08-03 03:39:40,536 - INFO - Top 5 languages most similar to Runyankore:
2025-08-03 03:39:40,536 - INFO - 1. lug - Mean Similarity: 0.7472
2025-08-03 03:39:40,536 - INFO - 2. kin - Mean Similarity: 0.7111
2025-08-03 03:39:40,536 - INFO - 3. nya - Mean Similarity: 0.7064
2025-08-03 03:39:40,536 - INFO - 4. sna - Mean Similarity: 0.6934
2025-08-03 03:39:40,536 - INFO - 5. luo - Mean Similarity: 0.6749
2025-08-03 03:39:40,536 - INFO - Experiment finished successfully.
