2025-08-27 07:46:07,501 - INFO - Start: model_type=xlmr, use_cls=False, use_context=True, context_window=0, max_tokens_per_type=500, batch_size=64, output_dir=rq2_train_scripts/Embeddings/CLEAN/outputs/combined/xlmr/config_2_clsfalse_ctxtrue/tokens_500_ctx0, save_prototypes=False, seed=42, fp16=True, max_length=96, langs=all, layers=all, span_mode=bio, pool=mean, entity_tags={'ORG', 'LOC', 'PER', 'DATE'}, title_suffix='L=all, tokens=500, ctx=0, cls=false, fp16=true'
2025-08-27 07:46:09,402 - INFO - Processing run
2025-08-27 07:46:10,148 - INFO - Processing bam
2025-08-27 07:46:10,545 - INFO - Processing bbj
2025-08-27 07:46:10,972 - INFO - Processing ewe
2025-08-27 07:46:11,360 - INFO - Processing fon
2025-08-27 07:46:11,765 - INFO - Processing hau
2025-08-27 07:46:12,208 - INFO - Processing ibo
2025-08-27 07:46:12,663 - INFO - Processing kin
2025-08-27 07:46:13,108 - INFO - Processing lug
2025-08-27 07:46:13,495 - INFO - Processing luo
2025-08-27 07:46:13,827 - INFO - Processing mos
2025-08-27 07:46:13,979 - INFO - Processing nya
2025-08-27 07:46:14,136 - INFO - Processing pcm
2025-08-27 07:46:14,287 - INFO - Processing sna
2025-08-27 07:46:14,427 - INFO - Processing swa
2025-08-27 07:46:14,578 - INFO - Processing tsn
2025-08-27 07:46:14,716 - INFO - Processing twi
2025-08-27 07:46:14,870 - INFO - Processing wol
2025-08-27 07:46:15,024 - INFO - Processing xho
2025-08-27 07:46:15,160 - INFO - Processing yor
2025-08-27 07:46:15,336 - INFO - Processing zul
2025-08-27 07:46:15,917 - INFO - === Layer 1 (xlmr) — Top 5 (cosine) ===
2025-08-27 07:46:15,917 - INFO - 1. kin: cos=0.9686
2025-08-27 07:46:15,917 - INFO - 2. twi: cos=0.9643
2025-08-27 07:46:15,917 - INFO - 3. ibo: cos=0.9599
2025-08-27 07:46:15,917 - INFO - 4. luo: cos=0.9582
2025-08-27 07:46:15,917 - INFO - 5. tsn: cos=0.9550
2025-08-27 07:46:15,918 - INFO - === Layer 1 (xlmr) — Worst 5 (cosine) ===
2025-08-27 07:46:15,918 - INFO - 1. hau: cos=0.9107
2025-08-27 07:46:15,918 - INFO - 2. fon: cos=0.9124
2025-08-27 07:46:15,918 - INFO - 3. mos: cos=0.9149
2025-08-27 07:46:15,918 - INFO - 4. yor: cos=0.9187
2025-08-27 07:46:15,918 - INFO - 5. bbj: cos=0.9260
2025-08-27 07:46:16,051 - INFO - === Layer 2 (xlmr) — Top 5 (cosine) ===
2025-08-27 07:46:16,051 - INFO - 1. kin: cos=0.9869
2025-08-27 07:46:16,051 - INFO - 2. twi: cos=0.9845
2025-08-27 07:46:16,051 - INFO - 3. ibo: cos=0.9829
2025-08-27 07:46:16,051 - INFO - 4. luo: cos=0.9826
2025-08-27 07:46:16,051 - INFO - 5. tsn: cos=0.9799
2025-08-27 07:46:16,051 - INFO - === Layer 2 (xlmr) — Worst 5 (cosine) ===
2025-08-27 07:46:16,051 - INFO - 1. hau: cos=0.9608
2025-08-27 07:46:16,052 - INFO - 2. mos: cos=0.9624
2025-08-27 07:46:16,052 - INFO - 3. fon: cos=0.9627
2025-08-27 07:46:16,052 - INFO - 4. yor: cos=0.9649
2025-08-27 07:46:16,052 - INFO - 5. pcm: cos=0.9678
2025-08-27 07:46:16,187 - INFO - === Layer 3 (xlmr) — Top 5 (cosine) ===
2025-08-27 07:46:16,187 - INFO - 1. kin: cos=0.9905
2025-08-27 07:46:16,187 - INFO - 2. twi: cos=0.9879
2025-08-27 07:46:16,187 - INFO - 3. luo: cos=0.9872
2025-08-27 07:46:16,187 - INFO - 4. tsn: cos=0.9850
2025-08-27 07:46:16,187 - INFO - 5. ibo: cos=0.9849
2025-08-27 07:46:16,187 - INFO - === Layer 3 (xlmr) — Worst 5 (cosine) ===
2025-08-27 07:46:16,187 - INFO - 1. hau: cos=0.9694
2025-08-27 07:46:16,187 - INFO - 2. mos: cos=0.9736
2025-08-27 07:46:16,187 - INFO - 3. pcm: cos=0.9748
2025-08-27 07:46:16,188 - INFO - 4. fon: cos=0.9757
2025-08-27 07:46:16,188 - INFO - 5. yor: cos=0.9769
2025-08-27 07:46:16,332 - INFO - === Layer 4 (xlmr) — Top 5 (cosine) ===
2025-08-27 07:46:16,332 - INFO - 1. kin: cos=0.9895
2025-08-27 07:46:16,332 - INFO - 2. twi: cos=0.9870
2025-08-27 07:46:16,332 - INFO - 3. luo: cos=0.9859
2025-08-27 07:46:16,332 - INFO - 4. ibo: cos=0.9829
2025-08-27 07:46:16,332 - INFO - 5. tsn: cos=0.9827
2025-08-27 07:46:16,332 - INFO - === Layer 4 (xlmr) — Worst 5 (cosine) ===
2025-08-27 07:46:16,333 - INFO - 1. hau: cos=0.9646
2025-08-27 07:46:16,333 - INFO - 2. pcm: cos=0.9733
2025-08-27 07:46:16,333 - INFO - 3. fon: cos=0.9733
2025-08-27 07:46:16,333 - INFO - 4. mos: cos=0.9734
2025-08-27 07:46:16,333 - INFO - 5. bbj: cos=0.9751
2025-08-27 07:46:16,463 - INFO - === Layer 5 (xlmr) — Top 5 (cosine) ===
2025-08-27 07:46:16,463 - INFO - 1. kin: cos=0.9906
2025-08-27 07:46:16,463 - INFO - 2. twi: cos=0.9883
2025-08-27 07:46:16,463 - INFO - 3. luo: cos=0.9878
2025-08-27 07:46:16,463 - INFO - 4. ibo: cos=0.9847
2025-08-27 07:46:16,463 - INFO - 5. tsn: cos=0.9846
2025-08-27 07:46:16,463 - INFO - === Layer 5 (xlmr) — Worst 5 (cosine) ===
2025-08-27 07:46:16,463 - INFO - 1. hau: cos=0.9674
2025-08-27 07:46:16,463 - INFO - 2. fon: cos=0.9752
2025-08-27 07:46:16,463 - INFO - 3. bbj: cos=0.9763
2025-08-27 07:46:16,463 - INFO - 4. pcm: cos=0.9777
2025-08-27 07:46:16,463 - INFO - 5. yor: cos=0.9782
2025-08-27 07:46:16,593 - INFO - === Layer 6 (xlmr) — Top 5 (cosine) ===
2025-08-27 07:46:16,593 - INFO - 1. kin: cos=0.9870
2025-08-27 07:46:16,594 - INFO - 2. twi: cos=0.9841
2025-08-27 07:46:16,594 - INFO - 3. luo: cos=0.9836
2025-08-27 07:46:16,594 - INFO - 4. ibo: cos=0.9794
2025-08-27 07:46:16,594 - INFO - 5. tsn: cos=0.9779
2025-08-27 07:46:16,594 - INFO - === Layer 6 (xlmr) — Worst 5 (cosine) ===
2025-08-27 07:46:16,594 - INFO - 1. hau: cos=0.9627
2025-08-27 07:46:16,594 - INFO - 2. pcm: cos=0.9655
2025-08-27 07:46:16,594 - INFO - 3. bbj: cos=0.9660
2025-08-27 07:46:16,594 - INFO - 4. fon: cos=0.9683
2025-08-27 07:46:16,594 - INFO - 5. swa: cos=0.9684
2025-08-27 07:46:16,722 - INFO - === Layer 7 (xlmr) — Top 5 (cosine) ===
2025-08-27 07:46:16,722 - INFO - 1. kin: cos=0.9894
2025-08-27 07:46:16,722 - INFO - 2. twi: cos=0.9882
2025-08-27 07:46:16,722 - INFO - 3. luo: cos=0.9862
2025-08-27 07:46:16,722 - INFO - 4. ibo: cos=0.9835
2025-08-27 07:46:16,722 - INFO - 5. tsn: cos=0.9834
2025-08-27 07:46:16,722 - INFO - === Layer 7 (xlmr) — Worst 5 (cosine) ===
2025-08-27 07:46:16,722 - INFO - 1. hau: cos=0.9720
2025-08-27 07:46:16,722 - INFO - 2. bbj: cos=0.9740
2025-08-27 07:46:16,723 - INFO - 3. fon: cos=0.9749
2025-08-27 07:46:16,723 - INFO - 4. pcm: cos=0.9755
2025-08-27 07:46:16,723 - INFO - 5. mos: cos=0.9765
2025-08-27 07:46:16,852 - INFO - === Layer 8 (xlmr) — Top 5 (cosine) ===
2025-08-27 07:46:16,852 - INFO - 1. kin: cos=0.9884
2025-08-27 07:46:16,852 - INFO - 2. twi: cos=0.9876
2025-08-27 07:46:16,852 - INFO - 3. luo: cos=0.9854
2025-08-27 07:46:16,852 - INFO - 4. ibo: cos=0.9825
2025-08-27 07:46:16,852 - INFO - 5. tsn: cos=0.9824
2025-08-27 07:46:16,852 - INFO - === Layer 8 (xlmr) — Worst 5 (cosine) ===
2025-08-27 07:46:16,852 - INFO - 1. hau: cos=0.9686
2025-08-27 07:46:16,852 - INFO - 2. bbj: cos=0.9721
2025-08-27 07:46:16,852 - INFO - 3. bam: cos=0.9721
2025-08-27 07:46:16,852 - INFO - 4. pcm: cos=0.9727
2025-08-27 07:46:16,852 - INFO - 5. fon: cos=0.9734
2025-08-27 07:46:17,056 - INFO - === Layer 9 (xlmr) — Top 5 (cosine) ===
2025-08-27 07:46:17,056 - INFO - 1. twi: cos=0.9882
2025-08-27 07:46:17,056 - INFO - 2. kin: cos=0.9879
2025-08-27 07:46:17,056 - INFO - 3. luo: cos=0.9847
2025-08-27 07:46:17,056 - INFO - 4. ibo: cos=0.9830
2025-08-27 07:46:17,056 - INFO - 5. tsn: cos=0.9818
2025-08-27 07:46:17,056 - INFO - === Layer 9 (xlmr) — Worst 5 (cosine) ===
2025-08-27 07:46:17,056 - INFO - 1. hau: cos=0.9683
2025-08-27 07:46:17,056 - INFO - 2. pcm: cos=0.9697
2025-08-27 07:46:17,056 - INFO - 3. bam: cos=0.9733
2025-08-27 07:46:17,056 - INFO - 4. swa: cos=0.9738
2025-08-27 07:46:17,056 - INFO - 5. bbj: cos=0.9739
2025-08-27 07:46:17,187 - INFO - === Layer 10 (xlmr) — Top 5 (cosine) ===
2025-08-27 07:46:17,187 - INFO - 1. twi: cos=0.9901
2025-08-27 07:46:17,187 - INFO - 2. kin: cos=0.9882
2025-08-27 07:46:17,187 - INFO - 3. swa: cos=0.9847
2025-08-27 07:46:17,187 - INFO - 4. ewe: cos=0.9833
2025-08-27 07:46:17,187 - INFO - 5. luo: cos=0.9831
2025-08-27 07:46:17,187 - INFO - === Layer 10 (xlmr) — Worst 5 (cosine) ===
2025-08-27 07:46:17,187 - INFO - 1. hau: cos=0.9694
2025-08-27 07:46:17,187 - INFO - 2. bam: cos=0.9723
2025-08-27 07:46:17,187 - INFO - 3. xho: cos=0.9725
2025-08-27 07:46:17,187 - INFO - 4. bbj: cos=0.9741
2025-08-27 07:46:17,187 - INFO - 5. yor: cos=0.9759
2025-08-27 07:46:17,314 - INFO - === Layer 11 (xlmr) — Top 5 (cosine) ===
2025-08-27 07:46:17,314 - INFO - 1. twi: cos=0.9907
2025-08-27 07:46:17,315 - INFO - 2. kin: cos=0.9889
2025-08-27 07:46:17,315 - INFO - 3. swa: cos=0.9863
2025-08-27 07:46:17,315 - INFO - 4. ewe: cos=0.9862
2025-08-27 07:46:17,315 - INFO - 5. luo: cos=0.9859
2025-08-27 07:46:17,315 - INFO - === Layer 11 (xlmr) — Worst 5 (cosine) ===
2025-08-27 07:46:17,315 - INFO - 1. xho: cos=0.9753
2025-08-27 07:46:17,315 - INFO - 2. hau: cos=0.9759
2025-08-27 07:46:17,315 - INFO - 3. bam: cos=0.9780
2025-08-27 07:46:17,315 - INFO - 4. bbj: cos=0.9785
2025-08-27 07:46:17,315 - INFO - 5. yor: cos=0.9795
2025-08-27 07:46:17,438 - INFO - === Layer 12 (xlmr) — Top 5 (cosine) ===
2025-08-27 07:46:17,438 - INFO - 1. twi: cos=0.9991
2025-08-27 07:46:17,438 - INFO - 2. kin: cos=0.9990
2025-08-27 07:46:17,438 - INFO - 3. luo: cos=0.9988
2025-08-27 07:46:17,438 - INFO - 4. ewe: cos=0.9987
2025-08-27 07:46:17,438 - INFO - 5. swa: cos=0.9986
2025-08-27 07:46:17,438 - INFO - === Layer 12 (xlmr) — Worst 5 (cosine) ===
2025-08-27 07:46:17,438 - INFO - 1. hau: cos=0.9976
2025-08-27 07:46:17,438 - INFO - 2. bam: cos=0.9979
2025-08-27 07:46:17,438 - INFO - 3. xho: cos=0.9980
2025-08-27 07:46:17,438 - INFO - 4. bbj: cos=0.9980
2025-08-27 07:46:17,438 - INFO - 5. yor: cos=0.9981
2025-08-27 07:46:17,439 - INFO - Experiment finished successfully.
