2025-08-02 20:33:03,871 - INFO - Experiment started with model_type=xlmr, use_cls=True, use_context=True, context_window=2, use_hybrid=False, max_tokens_per_type=200, output_dir=rq2_train_scripts/Embeddings/MEXA_inspired_strategy/outputs/combined/xlmr/config_4_clstrue_ctxtrue_hybfalse/tokens_200_ctx2
2025-08-02 20:33:05,604 - INFO - Processing run
2025-08-02 20:33:07,913 - INFO - Processing bam
2025-08-02 20:33:09,790 - INFO - Processing bbj
2025-08-02 20:33:11,652 - INFO - Processing ewe
2025-08-02 20:33:13,512 - INFO - Processing fon
2025-08-02 20:33:15,395 - INFO - Processing hau
2025-08-02 20:33:17,257 - INFO - Processing ibo
2025-08-02 20:33:19,177 - INFO - Processing kin
2025-08-02 20:33:21,073 - INFO - Processing lug
2025-08-02 20:33:22,935 - INFO - Processing luo
2025-08-02 20:33:24,819 - INFO - Processing mos
2025-08-02 20:33:26,700 - INFO - Processing nya
2025-08-02 20:33:28,600 - INFO - Processing pcm
2025-08-02 20:33:30,486 - INFO - Processing sna
2025-08-02 20:33:32,375 - INFO - Processing swa
2025-08-02 20:33:34,271 - INFO - Processing tsn
2025-08-02 20:33:36,140 - INFO - Processing twi
2025-08-02 20:33:38,026 - INFO - Processing wol
2025-08-02 20:33:39,909 - INFO - Processing xho
2025-08-02 20:33:41,789 - INFO - Processing yor
2025-08-02 20:33:43,710 - INFO - Processing zul
2025-08-02 20:33:46,055 - INFO - Top 5 languages most similar to Runyankore:
2025-08-02 20:33:46,055 - INFO - 1. hau - Mean Similarity: 0.9979
2025-08-02 20:33:46,055 - INFO - 2. ewe - Mean Similarity: 0.9975
2025-08-02 20:33:46,055 - INFO - 3. zul - Mean Similarity: 0.9969
2025-08-02 20:33:46,055 - INFO - 4. xho - Mean Similarity: 0.9968
2025-08-02 20:33:46,055 - INFO - 5. tsn - Mean Similarity: 0.9966
2025-08-02 20:33:46,056 - INFO - Experiment finished successfully.
