2025-08-27 17:58:34,218 - INFO - Start: model_type=xlmr, use_cls=True, use_context=True, context_window=1, max_tokens_per_type=500, batch_size=64, output_dir=rq2_train_scripts/Embeddings/CLEAN/outputs/salt/xlmr/config_3_clstrue_ctxtrue/tokens_500_ctx1/core, save_prototypes=False, seed=42, fp16=True, max_length=96, langs=all, layers=all, span_mode=bio, pool=mean, entity_tags={'LOC', 'PER', 'ORG', 'DATE'}, title_suffix='L=all, tokens=500, ctx=1, cls=true, fp16=true'
2025-08-27 17:58:36,170 - INFO - Processing run
2025-08-27 17:58:36,617 - INFO - Processing bam
2025-08-27 17:58:36,681 - INFO - Processing bbj
2025-08-27 17:58:36,728 - INFO - Processing ewe
2025-08-27 17:58:36,778 - INFO - Processing fon
2025-08-27 17:58:36,849 - INFO - Processing hau
2025-08-27 17:58:36,923 - INFO - Processing ibo
2025-08-27 17:58:37,018 - INFO - Processing kin
2025-08-27 17:58:37,093 - INFO - Processing lug
2025-08-27 17:58:37,152 - INFO - Processing luo
2025-08-27 17:58:37,227 - INFO - Processing mos
2025-08-27 17:58:37,295 - INFO - Processing nya
2025-08-27 17:58:37,370 - INFO - Processing pcm
2025-08-27 17:58:37,428 - INFO - Processing sna
2025-08-27 17:58:37,491 - INFO - Processing swa
2025-08-27 17:58:37,567 - INFO - Processing tsn
2025-08-27 17:58:37,631 - INFO - Processing twi
2025-08-27 17:58:37,704 - INFO - Processing wol
2025-08-27 17:58:37,769 - INFO - Processing xho
2025-08-27 17:58:37,829 - INFO - Processing yor
2025-08-27 17:58:37,941 - INFO - Processing zul
2025-08-27 17:58:38,431 - INFO - === Layer 1 (xlmr) — Top 5 (cosine) ===
2025-08-27 17:58:38,431 - INFO - 1. kin: cos=1.0000
2025-08-27 17:58:38,431 - INFO - 2. lug: cos=1.0000
2025-08-27 17:58:38,431 - INFO - 3. nya: cos=1.0000
2025-08-27 17:58:38,431 - INFO - 4. sna: cos=1.0000
2025-08-27 17:58:38,431 - INFO - 5. tsn: cos=1.0000
2025-08-27 17:58:38,431 - INFO - === Layer 1 (xlmr) — Worst 5 (cosine) ===
2025-08-27 17:58:38,431 - INFO - 1. fon: cos=0.9997
2025-08-27 17:58:38,431 - INFO - 2. bam: cos=0.9998
2025-08-27 17:58:38,431 - INFO - 3. hau: cos=0.9999
2025-08-27 17:58:38,431 - INFO - 4. wol: cos=0.9999
2025-08-27 17:58:38,431 - INFO - 5. ibo: cos=0.9999
2025-08-27 17:58:38,559 - INFO - === Layer 2 (xlmr) — Top 5 (cosine) ===
2025-08-27 17:58:38,559 - INFO - 1. kin: cos=1.0000
2025-08-27 17:58:38,559 - INFO - 2. sna: cos=1.0000
2025-08-27 17:58:38,559 - INFO - 3. nya: cos=1.0000
2025-08-27 17:58:38,559 - INFO - 4. luo: cos=1.0000
2025-08-27 17:58:38,559 - INFO - 5. zul: cos=1.0000
2025-08-27 17:58:38,559 - INFO - === Layer 2 (xlmr) — Worst 5 (cosine) ===
2025-08-27 17:58:38,559 - INFO - 1. fon: cos=1.0000
2025-08-27 17:58:38,559 - INFO - 2. bam: cos=1.0000
2025-08-27 17:58:38,559 - INFO - 3. swa: cos=1.0000
2025-08-27 17:58:38,559 - INFO - 4. hau: cos=1.0000
2025-08-27 17:58:38,559 - INFO - 5. pcm: cos=1.0000
2025-08-27 17:58:38,688 - INFO - === Layer 3 (xlmr) — Top 5 (cosine) ===
2025-08-27 17:58:38,688 - INFO - 1. sna: cos=1.0000
2025-08-27 17:58:38,688 - INFO - 2. zul: cos=1.0000
2025-08-27 17:58:38,688 - INFO - 3. kin: cos=1.0000
2025-08-27 17:58:38,688 - INFO - 4. xho: cos=1.0000
2025-08-27 17:58:38,688 - INFO - 5. wol: cos=1.0000
2025-08-27 17:58:38,688 - INFO - === Layer 3 (xlmr) — Worst 5 (cosine) ===
2025-08-27 17:58:38,688 - INFO - 1. pcm: cos=1.0000
2025-08-27 17:58:38,688 - INFO - 2. swa: cos=1.0000
2025-08-27 17:58:38,688 - INFO - 3. tsn: cos=1.0000
2025-08-27 17:58:38,688 - INFO - 4. ewe: cos=1.0000
2025-08-27 17:58:38,688 - INFO - 5. luo: cos=1.0000
2025-08-27 17:58:38,815 - INFO - === Layer 4 (xlmr) — Top 5 (cosine) ===
2025-08-27 17:58:38,815 - INFO - 1. kin: cos=1.0000
2025-08-27 17:58:38,815 - INFO - 2. zul: cos=1.0000
2025-08-27 17:58:38,815 - INFO - 3. sna: cos=1.0000
2025-08-27 17:58:38,815 - INFO - 4. lug: cos=1.0000
2025-08-27 17:58:38,815 - INFO - 5. xho: cos=1.0000
2025-08-27 17:58:38,815 - INFO - === Layer 4 (xlmr) — Worst 5 (cosine) ===
2025-08-27 17:58:38,815 - INFO - 1. pcm: cos=1.0000
2025-08-27 17:58:38,815 - INFO - 2. swa: cos=1.0000
2025-08-27 17:58:38,815 - INFO - 3. ewe: cos=1.0000
2025-08-27 17:58:38,815 - INFO - 4. wol: cos=1.0000
2025-08-27 17:58:38,815 - INFO - 5. twi: cos=1.0000
2025-08-27 17:58:38,937 - INFO - === Layer 5 (xlmr) — Top 5 (cosine) ===
2025-08-27 17:58:38,937 - INFO - 1. nya: cos=1.0000
2025-08-27 17:58:38,937 - INFO - 2. kin: cos=1.0000
2025-08-27 17:58:38,937 - INFO - 3. sna: cos=1.0000
2025-08-27 17:58:38,937 - INFO - 4. lug: cos=1.0000
2025-08-27 17:58:38,937 - INFO - 5. luo: cos=1.0000
2025-08-27 17:58:38,937 - INFO - === Layer 5 (xlmr) — Worst 5 (cosine) ===
2025-08-27 17:58:38,937 - INFO - 1. fon: cos=1.0000
2025-08-27 17:58:38,937 - INFO - 2. hau: cos=1.0000
2025-08-27 17:58:38,937 - INFO - 3. swa: cos=1.0000
2025-08-27 17:58:38,937 - INFO - 4. pcm: cos=1.0000
2025-08-27 17:58:38,937 - INFO - 5. twi: cos=1.0000
2025-08-27 17:58:39,058 - INFO - === Layer 6 (xlmr) — Top 5 (cosine) ===
2025-08-27 17:58:39,058 - INFO - 1. kin: cos=1.0000
2025-08-27 17:58:39,058 - INFO - 2. nya: cos=1.0000
2025-08-27 17:58:39,058 - INFO - 3. sna: cos=1.0000
2025-08-27 17:58:39,058 - INFO - 4. lug: cos=1.0000
2025-08-27 17:58:39,058 - INFO - 5. wol: cos=1.0000
2025-08-27 17:58:39,058 - INFO - === Layer 6 (xlmr) — Worst 5 (cosine) ===
2025-08-27 17:58:39,058 - INFO - 1. fon: cos=1.0000
2025-08-27 17:58:39,058 - INFO - 2. hau: cos=1.0000
2025-08-27 17:58:39,058 - INFO - 3. swa: cos=1.0000
2025-08-27 17:58:39,058 - INFO - 4. pcm: cos=1.0000
2025-08-27 17:58:39,058 - INFO - 5. bbj: cos=1.0000
2025-08-27 17:58:39,188 - INFO - === Layer 7 (xlmr) — Top 5 (cosine) ===
2025-08-27 17:58:39,188 - INFO - 1. zul: cos=1.0000
2025-08-27 17:58:39,188 - INFO - 2. luo: cos=1.0000
2025-08-27 17:58:39,188 - INFO - 3. xho: cos=1.0000
2025-08-27 17:58:39,188 - INFO - 4. ibo: cos=1.0000
2025-08-27 17:58:39,188 - INFO - 5. pcm: cos=1.0000
2025-08-27 17:58:39,188 - INFO - === Layer 7 (xlmr) — Worst 5 (cosine) ===
2025-08-27 17:58:39,188 - INFO - 1. hau: cos=1.0000
2025-08-27 17:58:39,188 - INFO - 2. fon: cos=1.0000
2025-08-27 17:58:39,188 - INFO - 3. ewe: cos=1.0000
2025-08-27 17:58:39,188 - INFO - 4. mos: cos=1.0000
2025-08-27 17:58:39,188 - INFO - 5. bbj: cos=1.0000
2025-08-27 17:58:39,327 - INFO - === Layer 8 (xlmr) — Top 5 (cosine) ===
2025-08-27 17:58:39,327 - INFO - 1. zul: cos=1.0000
2025-08-27 17:58:39,327 - INFO - 2. xho: cos=1.0000
2025-08-27 17:58:39,327 - INFO - 3. kin: cos=1.0000
2025-08-27 17:58:39,327 - INFO - 4. luo: cos=1.0000
2025-08-27 17:58:39,327 - INFO - 5. nya: cos=1.0000
2025-08-27 17:58:39,327 - INFO - === Layer 8 (xlmr) — Worst 5 (cosine) ===
2025-08-27 17:58:39,327 - INFO - 1. hau: cos=0.9999
2025-08-27 17:58:39,327 - INFO - 2. bam: cos=1.0000
2025-08-27 17:58:39,327 - INFO - 3. pcm: cos=1.0000
2025-08-27 17:58:39,327 - INFO - 4. ewe: cos=1.0000
2025-08-27 17:58:39,327 - INFO - 5. lug: cos=1.0000
2025-08-27 17:58:39,513 - INFO - === Layer 9 (xlmr) — Top 5 (cosine) ===
2025-08-27 17:58:39,513 - INFO - 1. zul: cos=1.0000
2025-08-27 17:58:39,513 - INFO - 2. luo: cos=1.0000
2025-08-27 17:58:39,513 - INFO - 3. xho: cos=1.0000
2025-08-27 17:58:39,513 - INFO - 4. ibo: cos=1.0000
2025-08-27 17:58:39,513 - INFO - 5. tsn: cos=1.0000
2025-08-27 17:58:39,513 - INFO - === Layer 9 (xlmr) — Worst 5 (cosine) ===
2025-08-27 17:58:39,513 - INFO - 1. hau: cos=1.0000
2025-08-27 17:58:39,513 - INFO - 2. bam: cos=1.0000
2025-08-27 17:58:39,513 - INFO - 3. ewe: cos=1.0000
2025-08-27 17:58:39,513 - INFO - 4. bbj: cos=1.0000
2025-08-27 17:58:39,513 - INFO - 5. fon: cos=1.0000
2025-08-27 17:58:39,632 - INFO - === Layer 10 (xlmr) — Top 5 (cosine) ===
2025-08-27 17:58:39,632 - INFO - 1. ibo: cos=1.0000
2025-08-27 17:58:39,632 - INFO - 2. sna: cos=1.0000
2025-08-27 17:58:39,632 - INFO - 3. nya: cos=1.0000
2025-08-27 17:58:39,632 - INFO - 4. wol: cos=1.0000
2025-08-27 17:58:39,632 - INFO - 5. twi: cos=1.0000
2025-08-27 17:58:39,632 - INFO - === Layer 10 (xlmr) — Worst 5 (cosine) ===
2025-08-27 17:58:39,632 - INFO - 1. hau: cos=1.0000
2025-08-27 17:58:39,632 - INFO - 2. bam: cos=1.0000
2025-08-27 17:58:39,632 - INFO - 3. bbj: cos=1.0000
2025-08-27 17:58:39,632 - INFO - 4. ewe: cos=1.0000
2025-08-27 17:58:39,632 - INFO - 5. tsn: cos=1.0000
2025-08-27 17:58:39,761 - INFO - === Layer 11 (xlmr) — Top 5 (cosine) ===
2025-08-27 17:58:39,762 - INFO - 1. zul: cos=1.0000
2025-08-27 17:58:39,762 - INFO - 2. ewe: cos=1.0000
2025-08-27 17:58:39,762 - INFO - 3. twi: cos=1.0000
2025-08-27 17:58:39,762 - INFO - 4. tsn: cos=1.0000
2025-08-27 17:58:39,762 - INFO - 5. bam: cos=1.0000
2025-08-27 17:58:39,762 - INFO - === Layer 11 (xlmr) — Worst 5 (cosine) ===
2025-08-27 17:58:39,762 - INFO - 1. yor: cos=1.0000
2025-08-27 17:58:39,762 - INFO - 2. swa: cos=1.0000
2025-08-27 17:58:39,762 - INFO - 3. pcm: cos=1.0000
2025-08-27 17:58:39,762 - INFO - 4. luo: cos=1.0000
2025-08-27 17:58:39,762 - INFO - 5. lug: cos=1.0000
2025-08-27 17:58:39,891 - INFO - === Layer 12 (xlmr) — Top 5 (cosine) ===
2025-08-27 17:58:39,891 - INFO - 1. nya: cos=0.9999
2025-08-27 17:58:39,891 - INFO - 2. sna: cos=0.9998
2025-08-27 17:58:39,891 - INFO - 3. pcm: cos=0.9998
2025-08-27 17:58:39,891 - INFO - 4. swa: cos=0.9998
2025-08-27 17:58:39,891 - INFO - 5. twi: cos=0.9998
2025-08-27 17:58:39,891 - INFO - === Layer 12 (xlmr) — Worst 5 (cosine) ===
2025-08-27 17:58:39,891 - INFO - 1. zul: cos=0.9930
2025-08-27 17:58:39,891 - INFO - 2. xho: cos=0.9974
2025-08-27 17:58:39,891 - INFO - 3. tsn: cos=0.9980
2025-08-27 17:58:39,891 - INFO - 4. fon: cos=0.9987
2025-08-27 17:58:39,891 - INFO - 5. kin: cos=0.9990
2025-08-27 17:58:39,892 - INFO - Experiment finished successfully.
