2025-08-27 18:35:38,735 - INFO - Start: model_type=mbert, use_cls=True, use_context=True, context_window=2, max_tokens_per_type=400, batch_size=64, output_dir=rq2_train_scripts/Embeddings/CLEAN/outputs/combined/mbert/config_3_clstrue_ctxtrue/tokens_400_ctx2/core, save_prototypes=False, seed=42, fp16=True, max_length=96, langs=all, layers=all, span_mode=bio, pool=mean, entity_tags={'DATE', 'PER', 'ORG', 'LOC'}, title_suffix='L=all, tokens=400, ctx=2, cls=true, fp16=true'
2025-08-27 18:35:40,185 - INFO - Processing run
2025-08-27 18:35:40,641 - INFO - Processing bam
2025-08-27 18:35:40,700 - INFO - Processing bbj
2025-08-27 18:35:40,744 - INFO - Processing ewe
2025-08-27 18:35:40,786 - INFO - Processing fon
2025-08-27 18:35:40,844 - INFO - Processing hau
2025-08-27 18:35:40,908 - INFO - Processing ibo
2025-08-27 18:35:40,997 - INFO - Processing kin
2025-08-27 18:35:41,063 - INFO - Processing lug
2025-08-27 18:35:41,118 - INFO - Processing luo
2025-08-27 18:35:41,176 - INFO - Processing mos
2025-08-27 18:35:41,242 - INFO - Processing nya
2025-08-27 18:35:41,308 - INFO - Processing pcm
2025-08-27 18:35:41,373 - INFO - Processing sna
2025-08-27 18:35:41,432 - INFO - Processing swa
2025-08-27 18:35:41,498 - INFO - Processing tsn
2025-08-27 18:35:41,543 - INFO - Processing twi
2025-08-27 18:35:41,601 - INFO - Processing wol
2025-08-27 18:35:41,665 - INFO - Processing xho
2025-08-27 18:35:41,716 - INFO - Processing yor
2025-08-27 18:35:41,794 - INFO - Processing zul
2025-08-27 18:35:42,187 - INFO - === Layer 1 (mbert) — Top 5 (cosine) ===
2025-08-27 18:35:42,187 - INFO - 1. hau: cos=0.9997
2025-08-27 18:35:42,187 - INFO - 2. lug: cos=0.9997
2025-08-27 18:35:42,187 - INFO - 3. nya: cos=0.9997
2025-08-27 18:35:42,187 - INFO - 4. kin: cos=0.9996
2025-08-27 18:35:42,188 - INFO - 5. xho: cos=0.9995
2025-08-27 18:35:42,188 - INFO - === Layer 1 (mbert) — Worst 5 (cosine) ===
2025-08-27 18:35:42,188 - INFO - 1. pcm: cos=0.9987
2025-08-27 18:35:42,188 - INFO - 2. yor: cos=0.9987
2025-08-27 18:35:42,188 - INFO - 3. fon: cos=0.9988
2025-08-27 18:35:42,188 - INFO - 4. bbj: cos=0.9990
2025-08-27 18:35:42,188 - INFO - 5. ewe: cos=0.9992
2025-08-27 18:35:42,313 - INFO - === Layer 2 (mbert) — Top 5 (cosine) ===
2025-08-27 18:35:42,313 - INFO - 1. hau: cos=1.0000
2025-08-27 18:35:42,313 - INFO - 2. lug: cos=1.0000
2025-08-27 18:35:42,313 - INFO - 3. nya: cos=0.9999
2025-08-27 18:35:42,313 - INFO - 4. xho: cos=0.9999
2025-08-27 18:35:42,313 - INFO - 5. sna: cos=0.9999
2025-08-27 18:35:42,313 - INFO - === Layer 2 (mbert) — Worst 5 (cosine) ===
2025-08-27 18:35:42,313 - INFO - 1. fon: cos=0.9998
2025-08-27 18:35:42,313 - INFO - 2. yor: cos=0.9998
2025-08-27 18:35:42,313 - INFO - 3. pcm: cos=0.9998
2025-08-27 18:35:42,313 - INFO - 4. bbj: cos=0.9998
2025-08-27 18:35:42,313 - INFO - 5. ewe: cos=0.9999
2025-08-27 18:35:42,440 - INFO - === Layer 3 (mbert) — Top 5 (cosine) ===
2025-08-27 18:35:42,440 - INFO - 1. lug: cos=1.0000
2025-08-27 18:35:42,440 - INFO - 2. hau: cos=1.0000
2025-08-27 18:35:42,440 - INFO - 3. nya: cos=1.0000
2025-08-27 18:35:42,440 - INFO - 4. xho: cos=1.0000
2025-08-27 18:35:42,440 - INFO - 5. kin: cos=1.0000
2025-08-27 18:35:42,440 - INFO - === Layer 3 (mbert) — Worst 5 (cosine) ===
2025-08-27 18:35:42,440 - INFO - 1. pcm: cos=0.9999
2025-08-27 18:35:42,440 - INFO - 2. fon: cos=0.9999
2025-08-27 18:35:42,440 - INFO - 3. yor: cos=0.9999
2025-08-27 18:35:42,440 - INFO - 4. bbj: cos=0.9999
2025-08-27 18:35:42,440 - INFO - 5. ewe: cos=0.9999
2025-08-27 18:35:42,569 - INFO - === Layer 4 (mbert) — Top 5 (cosine) ===
2025-08-27 18:35:42,569 - INFO - 1. kin: cos=0.9999
2025-08-27 18:35:42,569 - INFO - 2. sna: cos=0.9999
2025-08-27 18:35:42,569 - INFO - 3. lug: cos=0.9999
2025-08-27 18:35:42,569 - INFO - 4. nya: cos=0.9999
2025-08-27 18:35:42,569 - INFO - 5. xho: cos=0.9999
2025-08-27 18:35:42,569 - INFO - === Layer 4 (mbert) — Worst 5 (cosine) ===
2025-08-27 18:35:42,569 - INFO - 1. pcm: cos=0.9996
2025-08-27 18:35:42,569 - INFO - 2. yor: cos=0.9997
2025-08-27 18:35:42,569 - INFO - 3. bbj: cos=0.9997
2025-08-27 18:35:42,569 - INFO - 4. ewe: cos=0.9998
2025-08-27 18:35:42,569 - INFO - 5. fon: cos=0.9998
2025-08-27 18:35:42,701 - INFO - === Layer 5 (mbert) — Top 5 (cosine) ===
2025-08-27 18:35:42,701 - INFO - 1. nya: cos=0.9933
2025-08-27 18:35:42,701 - INFO - 2. lug: cos=0.9929
2025-08-27 18:35:42,701 - INFO - 3. kin: cos=0.9928
2025-08-27 18:35:42,701 - INFO - 4. luo: cos=0.9918
2025-08-27 18:35:42,701 - INFO - 5. xho: cos=0.9916
2025-08-27 18:35:42,701 - INFO - === Layer 5 (mbert) — Worst 5 (cosine) ===
2025-08-27 18:35:42,701 - INFO - 1. bbj: cos=0.9725
2025-08-27 18:35:42,701 - INFO - 2. yor: cos=0.9751
2025-08-27 18:35:42,701 - INFO - 3. fon: cos=0.9767
2025-08-27 18:35:42,701 - INFO - 4. pcm: cos=0.9811
2025-08-27 18:35:42,701 - INFO - 5. swa: cos=0.9832
2025-08-27 18:35:42,903 - INFO - === Layer 6 (mbert) — Top 5 (cosine) ===
2025-08-27 18:35:42,903 - INFO - 1. kin: cos=0.9889
2025-08-27 18:35:42,903 - INFO - 2. lug: cos=0.9886
2025-08-27 18:35:42,903 - INFO - 3. nya: cos=0.9869
2025-08-27 18:35:42,904 - INFO - 4. hau: cos=0.9858
2025-08-27 18:35:42,904 - INFO - 5. luo: cos=0.9852
2025-08-27 18:35:42,904 - INFO - === Layer 6 (mbert) — Worst 5 (cosine) ===
2025-08-27 18:35:42,904 - INFO - 1. bbj: cos=0.9595
2025-08-27 18:35:42,904 - INFO - 2. yor: cos=0.9606
2025-08-27 18:35:42,904 - INFO - 3. fon: cos=0.9607
2025-08-27 18:35:42,904 - INFO - 4. pcm: cos=0.9680
2025-08-27 18:35:42,904 - INFO - 5. swa: cos=0.9696
2025-08-27 18:35:43,052 - INFO - === Layer 7 (mbert) — Top 5 (cosine) ===
2025-08-27 18:35:43,052 - INFO - 1. kin: cos=0.9859
2025-08-27 18:35:43,052 - INFO - 2. lug: cos=0.9835
2025-08-27 18:35:43,052 - INFO - 3. hau: cos=0.9831
2025-08-27 18:35:43,052 - INFO - 4. luo: cos=0.9813
2025-08-27 18:35:43,052 - INFO - 5. sna: cos=0.9812
2025-08-27 18:35:43,052 - INFO - === Layer 7 (mbert) — Worst 5 (cosine) ===
2025-08-27 18:35:43,052 - INFO - 1. fon: cos=0.9582
2025-08-27 18:35:43,052 - INFO - 2. bbj: cos=0.9590
2025-08-27 18:35:43,052 - INFO - 3. yor: cos=0.9593
2025-08-27 18:35:43,052 - INFO - 4. pcm: cos=0.9602
2025-08-27 18:35:43,052 - INFO - 5. swa: cos=0.9603
2025-08-27 18:35:43,181 - INFO - === Layer 8 (mbert) — Top 5 (cosine) ===
2025-08-27 18:35:43,181 - INFO - 1. kin: cos=0.9862
2025-08-27 18:35:43,181 - INFO - 2. sna: cos=0.9835
2025-08-27 18:35:43,181 - INFO - 3. lug: cos=0.9834
2025-08-27 18:35:43,181 - INFO - 4. hau: cos=0.9815
2025-08-27 18:35:43,181 - INFO - 5. nya: cos=0.9808
2025-08-27 18:35:43,181 - INFO - === Layer 8 (mbert) — Worst 5 (cosine) ===
2025-08-27 18:35:43,181 - INFO - 1. bbj: cos=0.9497
2025-08-27 18:35:43,181 - INFO - 2. swa: cos=0.9499
2025-08-27 18:35:43,181 - INFO - 3. yor: cos=0.9501
2025-08-27 18:35:43,181 - INFO - 4. pcm: cos=0.9550
2025-08-27 18:35:43,181 - INFO - 5. fon: cos=0.9571
2025-08-27 18:35:43,309 - INFO - === Layer 9 (mbert) — Top 5 (cosine) ===
2025-08-27 18:35:43,309 - INFO - 1. kin: cos=0.9889
2025-08-27 18:35:43,309 - INFO - 2. sna: cos=0.9875
2025-08-27 18:35:43,309 - INFO - 3. lug: cos=0.9871
2025-08-27 18:35:43,309 - INFO - 4. hau: cos=0.9853
2025-08-27 18:35:43,310 - INFO - 5. nya: cos=0.9850
2025-08-27 18:35:43,310 - INFO - === Layer 9 (mbert) — Worst 5 (cosine) ===
2025-08-27 18:35:43,310 - INFO - 1. pcm: cos=0.9563
2025-08-27 18:35:43,310 - INFO - 2. swa: cos=0.9586
2025-08-27 18:35:43,310 - INFO - 3. yor: cos=0.9602
2025-08-27 18:35:43,310 - INFO - 4. bbj: cos=0.9611
2025-08-27 18:35:43,310 - INFO - 5. bam: cos=0.9638
2025-08-27 18:35:43,436 - INFO - === Layer 10 (mbert) — Top 5 (cosine) ===
2025-08-27 18:35:43,436 - INFO - 1. kin: cos=0.9893
2025-08-27 18:35:43,436 - INFO - 2. sna: cos=0.9884
2025-08-27 18:35:43,436 - INFO - 3. lug: cos=0.9875
2025-08-27 18:35:43,436 - INFO - 4. nya: cos=0.9867
2025-08-27 18:35:43,436 - INFO - 5. hau: cos=0.9856
2025-08-27 18:35:43,436 - INFO - === Layer 10 (mbert) — Worst 5 (cosine) ===
2025-08-27 18:35:43,436 - INFO - 1. yor: cos=0.9579
2025-08-27 18:35:43,436 - INFO - 2. pcm: cos=0.9608
2025-08-27 18:35:43,436 - INFO - 3. bbj: cos=0.9637
2025-08-27 18:35:43,436 - INFO - 4. swa: cos=0.9642
2025-08-27 18:35:43,436 - INFO - 5. bam: cos=0.9681
2025-08-27 18:35:43,564 - INFO - === Layer 11 (mbert) — Top 5 (cosine) ===
2025-08-27 18:35:43,564 - INFO - 1. kin: cos=0.9880
2025-08-27 18:35:43,564 - INFO - 2. sna: cos=0.9869
2025-08-27 18:35:43,564 - INFO - 3. nya: cos=0.9863
2025-08-27 18:35:43,564 - INFO - 4. lug: cos=0.9861
2025-08-27 18:35:43,564 - INFO - 5. hau: cos=0.9847
2025-08-27 18:35:43,564 - INFO - === Layer 11 (mbert) — Worst 5 (cosine) ===
2025-08-27 18:35:43,564 - INFO - 1. yor: cos=0.9553
2025-08-27 18:35:43,564 - INFO - 2. pcm: cos=0.9599
2025-08-27 18:35:43,564 - INFO - 3. bbj: cos=0.9629
2025-08-27 18:35:43,564 - INFO - 4. swa: cos=0.9681
2025-08-27 18:35:43,564 - INFO - 5. fon: cos=0.9704
2025-08-27 18:35:43,696 - INFO - === Layer 12 (mbert) — Top 5 (cosine) ===
2025-08-27 18:35:43,696 - INFO - 1. kin: cos=0.9780
2025-08-27 18:35:43,696 - INFO - 2. sna: cos=0.9774
2025-08-27 18:35:43,696 - INFO - 3. lug: cos=0.9768
2025-08-27 18:35:43,696 - INFO - 4. nya: cos=0.9761
2025-08-27 18:35:43,696 - INFO - 5. hau: cos=0.9746
2025-08-27 18:35:43,696 - INFO - === Layer 12 (mbert) — Worst 5 (cosine) ===
2025-08-27 18:35:43,696 - INFO - 1. bbj: cos=0.9060
2025-08-27 18:35:43,696 - INFO - 2. pcm: cos=0.9286
2025-08-27 18:35:43,696 - INFO - 3. fon: cos=0.9331
2025-08-27 18:35:43,696 - INFO - 4. yor: cos=0.9414
2025-08-27 18:35:43,696 - INFO - 5. bam: cos=0.9480
2025-08-27 18:35:43,697 - INFO - Experiment finished successfully.
