2025-08-27 07:49:16,400 - INFO - Start: model_type=xlmr, use_cls=True, use_context=True, context_window=2, max_tokens_per_type=200, batch_size=64, output_dir=rq2_train_scripts/Embeddings/CLEAN/outputs/combined/xlmr/config_3_clstrue_ctxtrue/tokens_200_ctx2, save_prototypes=False, seed=42, fp16=True, max_length=96, langs=all, layers=all, span_mode=bio, pool=mean, entity_tags={'ORG', 'PER', 'DATE', 'LOC'}, title_suffix='L=all, tokens=200, ctx=2, cls=true, fp16=true'
2025-08-27 07:49:18,382 - INFO - Processing run
2025-08-27 07:49:18,813 - INFO - Processing bam
2025-08-27 07:49:18,859 - INFO - Processing bbj
2025-08-27 07:49:18,891 - INFO - Processing ewe
2025-08-27 07:49:18,930 - INFO - Processing fon
2025-08-27 07:49:18,984 - INFO - Processing hau
2025-08-27 07:49:19,041 - INFO - Processing ibo
2025-08-27 07:49:19,119 - INFO - Processing kin
2025-08-27 07:49:19,183 - INFO - Processing lug
2025-08-27 07:49:19,232 - INFO - Processing luo
2025-08-27 07:49:19,283 - INFO - Processing mos
2025-08-27 07:49:19,333 - INFO - Processing nya
2025-08-27 07:49:19,391 - INFO - Processing pcm
2025-08-27 07:49:19,438 - INFO - Processing sna
2025-08-27 07:49:19,494 - INFO - Processing swa
2025-08-27 07:49:19,550 - INFO - Processing tsn
2025-08-27 07:49:19,590 - INFO - Processing twi
2025-08-27 07:49:19,639 - INFO - Processing wol
2025-08-27 07:49:19,694 - INFO - Processing xho
2025-08-27 07:49:19,786 - INFO - Processing yor
2025-08-27 07:49:19,862 - INFO - Processing zul
2025-08-27 07:49:20,329 - INFO - === Layer 1 (xlmr) — Top 5 (cosine) ===
2025-08-27 07:49:20,329 - INFO - 1. sna: cos=1.0000
2025-08-27 07:49:20,330 - INFO - 2. kin: cos=1.0000
2025-08-27 07:49:20,330 - INFO - 3. lug: cos=1.0000
2025-08-27 07:49:20,330 - INFO - 4. nya: cos=1.0000
2025-08-27 07:49:20,330 - INFO - 5. tsn: cos=1.0000
2025-08-27 07:49:20,330 - INFO - === Layer 1 (xlmr) — Worst 5 (cosine) ===
2025-08-27 07:49:20,330 - INFO - 1. fon: cos=0.9997
2025-08-27 07:49:20,330 - INFO - 2. bam: cos=0.9997
2025-08-27 07:49:20,330 - INFO - 3. hau: cos=0.9999
2025-08-27 07:49:20,330 - INFO - 4. ibo: cos=0.9999
2025-08-27 07:49:20,330 - INFO - 5. ewe: cos=0.9999
2025-08-27 07:49:20,459 - INFO - === Layer 2 (xlmr) — Top 5 (cosine) ===
2025-08-27 07:49:20,459 - INFO - 1. sna: cos=1.0000
2025-08-27 07:49:20,459 - INFO - 2. kin: cos=1.0000
2025-08-27 07:49:20,459 - INFO - 3. nya: cos=1.0000
2025-08-27 07:49:20,459 - INFO - 4. tsn: cos=1.0000
2025-08-27 07:49:20,459 - INFO - 5. luo: cos=1.0000
2025-08-27 07:49:20,459 - INFO - === Layer 2 (xlmr) — Worst 5 (cosine) ===
2025-08-27 07:49:20,459 - INFO - 1. fon: cos=1.0000
2025-08-27 07:49:20,459 - INFO - 2. bam: cos=1.0000
2025-08-27 07:49:20,459 - INFO - 3. hau: cos=1.0000
2025-08-27 07:49:20,459 - INFO - 4. swa: cos=1.0000
2025-08-27 07:49:20,459 - INFO - 5. pcm: cos=1.0000
2025-08-27 07:49:20,586 - INFO - === Layer 3 (xlmr) — Top 5 (cosine) ===
2025-08-27 07:49:20,586 - INFO - 1. sna: cos=1.0000
2025-08-27 07:49:20,586 - INFO - 2. lug: cos=1.0000
2025-08-27 07:49:20,586 - INFO - 3. kin: cos=1.0000
2025-08-27 07:49:20,586 - INFO - 4. xho: cos=1.0000
2025-08-27 07:49:20,586 - INFO - 5. zul: cos=1.0000
2025-08-27 07:49:20,586 - INFO - === Layer 3 (xlmr) — Worst 5 (cosine) ===
2025-08-27 07:49:20,586 - INFO - 1. pcm: cos=1.0000
2025-08-27 07:49:20,586 - INFO - 2. swa: cos=1.0000
2025-08-27 07:49:20,586 - INFO - 3. fon: cos=1.0000
2025-08-27 07:49:20,586 - INFO - 4. ewe: cos=1.0000
2025-08-27 07:49:20,586 - INFO - 5. bam: cos=1.0000
2025-08-27 07:49:20,706 - INFO - === Layer 4 (xlmr) — Top 5 (cosine) ===
2025-08-27 07:49:20,707 - INFO - 1. mos: cos=1.0000
2025-08-27 07:49:20,707 - INFO - 2. sna: cos=1.0000
2025-08-27 07:49:20,707 - INFO - 3. nya: cos=1.0000
2025-08-27 07:49:20,707 - INFO - 4. bam: cos=1.0000
2025-08-27 07:49:20,707 - INFO - 5. lug: cos=1.0000
2025-08-27 07:49:20,707 - INFO - === Layer 4 (xlmr) — Worst 5 (cosine) ===
2025-08-27 07:49:20,707 - INFO - 1. pcm: cos=1.0000
2025-08-27 07:49:20,707 - INFO - 2. swa: cos=1.0000
2025-08-27 07:49:20,707 - INFO - 3. twi: cos=1.0000
2025-08-27 07:49:20,707 - INFO - 4. hau: cos=1.0000
2025-08-27 07:49:20,707 - INFO - 5. kin: cos=1.0000
2025-08-27 07:49:20,847 - INFO - === Layer 5 (xlmr) — Top 5 (cosine) ===
2025-08-27 07:49:20,847 - INFO - 1. sna: cos=1.0000
2025-08-27 07:49:20,847 - INFO - 2. lug: cos=1.0000
2025-08-27 07:49:20,847 - INFO - 3. mos: cos=1.0000
2025-08-27 07:49:20,847 - INFO - 4. ibo: cos=1.0000
2025-08-27 07:49:20,847 - INFO - 5. hau: cos=1.0000
2025-08-27 07:49:20,847 - INFO - === Layer 5 (xlmr) — Worst 5 (cosine) ===
2025-08-27 07:49:20,847 - INFO - 1. fon: cos=1.0000
2025-08-27 07:49:20,847 - INFO - 2. swa: cos=1.0000
2025-08-27 07:49:20,847 - INFO - 3. pcm: cos=1.0000
2025-08-27 07:49:20,847 - INFO - 4. bam: cos=1.0000
2025-08-27 07:49:20,847 - INFO - 5. zul: cos=1.0000
2025-08-27 07:49:20,980 - INFO - === Layer 6 (xlmr) — Top 5 (cosine) ===
2025-08-27 07:49:20,981 - INFO - 1. sna: cos=1.0000
2025-08-27 07:49:20,981 - INFO - 2. lug: cos=1.0000
2025-08-27 07:49:20,981 - INFO - 3. hau: cos=1.0000
2025-08-27 07:49:20,981 - INFO - 4. xho: cos=1.0000
2025-08-27 07:49:20,981 - INFO - 5. tsn: cos=1.0000
2025-08-27 07:49:20,981 - INFO - === Layer 6 (xlmr) — Worst 5 (cosine) ===
2025-08-27 07:49:20,981 - INFO - 1. fon: cos=1.0000
2025-08-27 07:49:20,981 - INFO - 2. bam: cos=1.0000
2025-08-27 07:49:20,981 - INFO - 3. swa: cos=1.0000
2025-08-27 07:49:20,981 - INFO - 4. kin: cos=1.0000
2025-08-27 07:49:20,981 - INFO - 5. pcm: cos=1.0000
2025-08-27 07:49:21,111 - INFO - === Layer 7 (xlmr) — Top 5 (cosine) ===
2025-08-27 07:49:21,111 - INFO - 1. lug: cos=1.0000
2025-08-27 07:49:21,112 - INFO - 2. twi: cos=1.0000
2025-08-27 07:49:21,112 - INFO - 3. ewe: cos=1.0000
2025-08-27 07:49:21,112 - INFO - 4. sna: cos=1.0000
2025-08-27 07:49:21,112 - INFO - 5. hau: cos=1.0000
2025-08-27 07:49:21,112 - INFO - === Layer 7 (xlmr) — Worst 5 (cosine) ===
2025-08-27 07:49:21,112 - INFO - 1. yor: cos=1.0000
2025-08-27 07:49:21,112 - INFO - 2. zul: cos=1.0000
2025-08-27 07:49:21,112 - INFO - 3. ibo: cos=1.0000
2025-08-27 07:49:21,112 - INFO - 4. tsn: cos=1.0000
2025-08-27 07:49:21,112 - INFO - 5. kin: cos=1.0000
2025-08-27 07:49:21,312 - INFO - === Layer 8 (xlmr) — Top 5 (cosine) ===
2025-08-27 07:49:21,312 - INFO - 1. lug: cos=1.0000
2025-08-27 07:49:21,312 - INFO - 2. sna: cos=1.0000
2025-08-27 07:49:21,312 - INFO - 3. xho: cos=1.0000
2025-08-27 07:49:21,312 - INFO - 4. ewe: cos=1.0000
2025-08-27 07:49:21,312 - INFO - 5. fon: cos=1.0000
2025-08-27 07:49:21,312 - INFO - === Layer 8 (xlmr) — Worst 5 (cosine) ===
2025-08-27 07:49:21,312 - INFO - 1. mos: cos=1.0000
2025-08-27 07:49:21,312 - INFO - 2. yor: cos=1.0000
2025-08-27 07:49:21,312 - INFO - 3. bbj: cos=1.0000
2025-08-27 07:49:21,312 - INFO - 4. twi: cos=1.0000
2025-08-27 07:49:21,312 - INFO - 5. bam: cos=1.0000
2025-08-27 07:49:21,463 - INFO - === Layer 9 (xlmr) — Top 5 (cosine) ===
2025-08-27 07:49:21,463 - INFO - 1. lug: cos=1.0000
2025-08-27 07:49:21,463 - INFO - 2. pcm: cos=1.0000
2025-08-27 07:49:21,463 - INFO - 3. bbj: cos=1.0000
2025-08-27 07:49:21,463 - INFO - 4. twi: cos=1.0000
2025-08-27 07:49:21,463 - INFO - 5. sna: cos=1.0000
2025-08-27 07:49:21,463 - INFO - === Layer 9 (xlmr) — Worst 5 (cosine) ===
2025-08-27 07:49:21,463 - INFO - 1. yor: cos=1.0000
2025-08-27 07:49:21,463 - INFO - 2. zul: cos=1.0000
2025-08-27 07:49:21,463 - INFO - 3. luo: cos=1.0000
2025-08-27 07:49:21,463 - INFO - 4. mos: cos=1.0000
2025-08-27 07:49:21,464 - INFO - 5. ibo: cos=1.0000
2025-08-27 07:49:21,591 - INFO - === Layer 10 (xlmr) — Top 5 (cosine) ===
2025-08-27 07:49:21,591 - INFO - 1. sna: cos=1.0000
2025-08-27 07:49:21,591 - INFO - 2. xho: cos=1.0000
2025-08-27 07:49:21,591 - INFO - 3. twi: cos=1.0000
2025-08-27 07:49:21,591 - INFO - 4. hau: cos=1.0000
2025-08-27 07:49:21,591 - INFO - 5. ibo: cos=1.0000
2025-08-27 07:49:21,591 - INFO - === Layer 10 (xlmr) — Worst 5 (cosine) ===
2025-08-27 07:49:21,591 - INFO - 1. pcm: cos=1.0000
2025-08-27 07:49:21,591 - INFO - 2. bam: cos=1.0000
2025-08-27 07:49:21,591 - INFO - 3. tsn: cos=1.0000
2025-08-27 07:49:21,591 - INFO - 4. kin: cos=1.0000
2025-08-27 07:49:21,591 - INFO - 5. luo: cos=1.0000
2025-08-27 07:49:21,717 - INFO - === Layer 11 (xlmr) — Top 5 (cosine) ===
2025-08-27 07:49:21,717 - INFO - 1. kin: cos=1.0000
2025-08-27 07:49:21,717 - INFO - 2. twi: cos=1.0000
2025-08-27 07:49:21,717 - INFO - 3. lug: cos=1.0000
2025-08-27 07:49:21,717 - INFO - 4. xho: cos=1.0000
2025-08-27 07:49:21,717 - INFO - 5. hau: cos=1.0000
2025-08-27 07:49:21,717 - INFO - === Layer 11 (xlmr) — Worst 5 (cosine) ===
2025-08-27 07:49:21,717 - INFO - 1. swa: cos=0.9999
2025-08-27 07:49:21,717 - INFO - 2. yor: cos=0.9999
2025-08-27 07:49:21,717 - INFO - 3. luo: cos=0.9999
2025-08-27 07:49:21,717 - INFO - 4. ibo: cos=0.9999
2025-08-27 07:49:21,717 - INFO - 5. nya: cos=0.9999
2025-08-27 07:49:21,850 - INFO - === Layer 12 (xlmr) — Top 5 (cosine) ===
2025-08-27 07:49:21,850 - INFO - 1. hau: cos=0.9996
2025-08-27 07:49:21,850 - INFO - 2. pcm: cos=0.9996
2025-08-27 07:49:21,850 - INFO - 3. tsn: cos=0.9989
2025-08-27 07:49:21,850 - INFO - 4. swa: cos=0.9985
2025-08-27 07:49:21,850 - INFO - 5. nya: cos=0.9985
2025-08-27 07:49:21,850 - INFO - === Layer 12 (xlmr) — Worst 5 (cosine) ===
2025-08-27 07:49:21,850 - INFO - 1. fon: cos=0.9695
2025-08-27 07:49:21,850 - INFO - 2. bam: cos=0.9803
2025-08-27 07:49:21,850 - INFO - 3. ewe: cos=0.9909
2025-08-27 07:49:21,850 - INFO - 4. xho: cos=0.9937
2025-08-27 07:49:21,850 - INFO - 5. yor: cos=0.9954
2025-08-27 07:49:21,851 - INFO - Experiment finished successfully.
