2025-08-27 07:56:42,270 - INFO - Start: model_type=mbert, use_cls=True, use_context=True, context_window=3, max_tokens_per_type=300, batch_size=64, output_dir=rq2_train_scripts/Embeddings/CLEAN/outputs/salt/mbert/config_3_clstrue_ctxtrue/tokens_300_ctx3, save_prototypes=False, seed=42, fp16=True, max_length=96, langs=all, layers=all, span_mode=bio, pool=mean, entity_tags={'LOC', 'PER', 'ORG', 'DATE'}, title_suffix='L=all, tokens=300, ctx=3, cls=true, fp16=true'
2025-08-27 07:56:44,075 - INFO - Processing run
2025-08-27 07:56:44,531 - INFO - Processing bam
2025-08-27 07:56:44,588 - INFO - Processing bbj
2025-08-27 07:56:44,626 - INFO - Processing ewe
2025-08-27 07:56:44,665 - INFO - Processing fon
2025-08-27 07:56:44,718 - INFO - Processing hau
2025-08-27 07:56:44,783 - INFO - Processing ibo
2025-08-27 07:56:44,871 - INFO - Processing kin
2025-08-27 07:56:44,938 - INFO - Processing lug
2025-08-27 07:56:44,987 - INFO - Processing luo
2025-08-27 07:56:45,046 - INFO - Processing mos
2025-08-27 07:56:45,106 - INFO - Processing nya
2025-08-27 07:56:45,173 - INFO - Processing pcm
2025-08-27 07:56:45,229 - INFO - Processing sna
2025-08-27 07:56:45,290 - INFO - Processing swa
2025-08-27 07:56:45,356 - INFO - Processing tsn
2025-08-27 07:56:45,403 - INFO - Processing twi
2025-08-27 07:56:45,464 - INFO - Processing wol
2025-08-27 07:56:45,523 - INFO - Processing xho
2025-08-27 07:56:45,579 - INFO - Processing yor
2025-08-27 07:56:45,662 - INFO - Processing zul
2025-08-27 07:56:46,077 - INFO - === Layer 1 (mbert) — Top 5 (cosine) ===
2025-08-27 07:56:46,077 - INFO - 1. hau: cos=0.9997
2025-08-27 07:56:46,077 - INFO - 2. lug: cos=0.9997
2025-08-27 07:56:46,077 - INFO - 3. kin: cos=0.9996
2025-08-27 07:56:46,077 - INFO - 4. sna: cos=0.9996
2025-08-27 07:56:46,077 - INFO - 5. xho: cos=0.9996
2025-08-27 07:56:46,077 - INFO - === Layer 1 (mbert) — Worst 5 (cosine) ===
2025-08-27 07:56:46,077 - INFO - 1. yor: cos=0.9987
2025-08-27 07:56:46,077 - INFO - 2. pcm: cos=0.9987
2025-08-27 07:56:46,077 - INFO - 3. fon: cos=0.9988
2025-08-27 07:56:46,077 - INFO - 4. bbj: cos=0.9989
2025-08-27 07:56:46,077 - INFO - 5. ewe: cos=0.9992
2025-08-27 07:56:46,204 - INFO - === Layer 2 (mbert) — Top 5 (cosine) ===
2025-08-27 07:56:46,204 - INFO - 1. hau: cos=1.0000
2025-08-27 07:56:46,204 - INFO - 2. lug: cos=0.9999
2025-08-27 07:56:46,204 - INFO - 3. kin: cos=0.9999
2025-08-27 07:56:46,204 - INFO - 4. xho: cos=0.9999
2025-08-27 07:56:46,204 - INFO - 5. twi: cos=0.9999
2025-08-27 07:56:46,204 - INFO - === Layer 2 (mbert) — Worst 5 (cosine) ===
2025-08-27 07:56:46,204 - INFO - 1. yor: cos=0.9998
2025-08-27 07:56:46,204 - INFO - 2. fon: cos=0.9998
2025-08-27 07:56:46,204 - INFO - 3. pcm: cos=0.9998
2025-08-27 07:56:46,204 - INFO - 4. bbj: cos=0.9998
2025-08-27 07:56:46,204 - INFO - 5. ewe: cos=0.9999
2025-08-27 07:56:46,334 - INFO - === Layer 3 (mbert) — Top 5 (cosine) ===
2025-08-27 07:56:46,334 - INFO - 1. hau: cos=1.0000
2025-08-27 07:56:46,334 - INFO - 2. kin: cos=1.0000
2025-08-27 07:56:46,334 - INFO - 3. lug: cos=1.0000
2025-08-27 07:56:46,334 - INFO - 4. sna: cos=1.0000
2025-08-27 07:56:46,334 - INFO - 5. ibo: cos=1.0000
2025-08-27 07:56:46,335 - INFO - === Layer 3 (mbert) — Worst 5 (cosine) ===
2025-08-27 07:56:46,335 - INFO - 1. yor: cos=0.9999
2025-08-27 07:56:46,335 - INFO - 2. pcm: cos=0.9999
2025-08-27 07:56:46,335 - INFO - 3. fon: cos=0.9999
2025-08-27 07:56:46,335 - INFO - 4. bbj: cos=0.9999
2025-08-27 07:56:46,335 - INFO - 5. swa: cos=0.9999
2025-08-27 07:56:46,463 - INFO - === Layer 4 (mbert) — Top 5 (cosine) ===
2025-08-27 07:56:46,463 - INFO - 1. kin: cos=0.9999
2025-08-27 07:56:46,463 - INFO - 2. lug: cos=0.9999
2025-08-27 07:56:46,463 - INFO - 3. sna: cos=0.9999
2025-08-27 07:56:46,463 - INFO - 4. nya: cos=0.9999
2025-08-27 07:56:46,463 - INFO - 5. zul: cos=0.9999
2025-08-27 07:56:46,463 - INFO - === Layer 4 (mbert) — Worst 5 (cosine) ===
2025-08-27 07:56:46,463 - INFO - 1. pcm: cos=0.9996
2025-08-27 07:56:46,463 - INFO - 2. yor: cos=0.9996
2025-08-27 07:56:46,463 - INFO - 3. bbj: cos=0.9997
2025-08-27 07:56:46,463 - INFO - 4. fon: cos=0.9997
2025-08-27 07:56:46,463 - INFO - 5. ewe: cos=0.9998
2025-08-27 07:56:46,592 - INFO - === Layer 5 (mbert) — Top 5 (cosine) ===
2025-08-27 07:56:46,592 - INFO - 1. kin: cos=0.9924
2025-08-27 07:56:46,592 - INFO - 2. lug: cos=0.9923
2025-08-27 07:56:46,592 - INFO - 3. luo: cos=0.9910
2025-08-27 07:56:46,592 - INFO - 4. hau: cos=0.9900
2025-08-27 07:56:46,592 - INFO - 5. tsn: cos=0.9895
2025-08-27 07:56:46,592 - INFO - === Layer 5 (mbert) — Worst 5 (cosine) ===
2025-08-27 07:56:46,592 - INFO - 1. bbj: cos=0.9683
2025-08-27 07:56:46,592 - INFO - 2. yor: cos=0.9724
2025-08-27 07:56:46,592 - INFO - 3. fon: cos=0.9747
2025-08-27 07:56:46,592 - INFO - 4. pcm: cos=0.9758
2025-08-27 07:56:46,592 - INFO - 5. swa: cos=0.9763
2025-08-27 07:56:46,789 - INFO - === Layer 6 (mbert) — Top 5 (cosine) ===
2025-08-27 07:56:46,789 - INFO - 1. kin: cos=0.9880
2025-08-27 07:56:46,789 - INFO - 2. lug: cos=0.9878
2025-08-27 07:56:46,789 - INFO - 3. hau: cos=0.9852
2025-08-27 07:56:46,789 - INFO - 4. sna: cos=0.9845
2025-08-27 07:56:46,789 - INFO - 5. ibo: cos=0.9841
2025-08-27 07:56:46,789 - INFO - === Layer 6 (mbert) — Worst 5 (cosine) ===
2025-08-27 07:56:46,789 - INFO - 1. yor: cos=0.9551
2025-08-27 07:56:46,789 - INFO - 2. bbj: cos=0.9554
2025-08-27 07:56:46,789 - INFO - 3. swa: cos=0.9593
2025-08-27 07:56:46,789 - INFO - 4. pcm: cos=0.9599
2025-08-27 07:56:46,789 - INFO - 5. fon: cos=0.9624
2025-08-27 07:56:46,914 - INFO - === Layer 7 (mbert) — Top 5 (cosine) ===
2025-08-27 07:56:46,914 - INFO - 1. sna: cos=0.9896
2025-08-27 07:56:46,914 - INFO - 2. kin: cos=0.9884
2025-08-27 07:56:46,914 - INFO - 3. lug: cos=0.9863
2025-08-27 07:56:46,914 - INFO - 4. hau: cos=0.9851
2025-08-27 07:56:46,914 - INFO - 5. mos: cos=0.9837
2025-08-27 07:56:46,914 - INFO - === Layer 7 (mbert) — Worst 5 (cosine) ===
2025-08-27 07:56:46,914 - INFO - 1. swa: cos=0.9472
2025-08-27 07:56:46,914 - INFO - 2. yor: cos=0.9519
2025-08-27 07:56:46,914 - INFO - 3. bbj: cos=0.9579
2025-08-27 07:56:46,914 - INFO - 4. pcm: cos=0.9606
2025-08-27 07:56:46,914 - INFO - 5. bam: cos=0.9619
2025-08-27 07:56:47,040 - INFO - === Layer 8 (mbert) — Top 5 (cosine) ===
2025-08-27 07:56:47,040 - INFO - 1. sna: cos=0.9793
2025-08-27 07:56:47,040 - INFO - 2. hau: cos=0.9762
2025-08-27 07:56:47,040 - INFO - 3. kin: cos=0.9739
2025-08-27 07:56:47,040 - INFO - 4. lug: cos=0.9736
2025-08-27 07:56:47,040 - INFO - 5. twi: cos=0.9719
2025-08-27 07:56:47,040 - INFO - === Layer 8 (mbert) — Worst 5 (cosine) ===
2025-08-27 07:56:47,040 - INFO - 1. swa: cos=0.9151
2025-08-27 07:56:47,040 - INFO - 2. yor: cos=0.9260
2025-08-27 07:56:47,040 - INFO - 3. pcm: cos=0.9352
2025-08-27 07:56:47,040 - INFO - 4. bbj: cos=0.9367
2025-08-27 07:56:47,040 - INFO - 5. fon: cos=0.9487
2025-08-27 07:56:47,172 - INFO - === Layer 9 (mbert) — Top 5 (cosine) ===
2025-08-27 07:56:47,172 - INFO - 1. sna: cos=0.9842
2025-08-27 07:56:47,172 - INFO - 2. hau: cos=0.9810
2025-08-27 07:56:47,172 - INFO - 3. kin: cos=0.9804
2025-08-27 07:56:47,172 - INFO - 4. lug: cos=0.9803
2025-08-27 07:56:47,172 - INFO - 5. zul: cos=0.9786
2025-08-27 07:56:47,172 - INFO - === Layer 9 (mbert) — Worst 5 (cosine) ===
2025-08-27 07:56:47,172 - INFO - 1. swa: cos=0.9338
2025-08-27 07:56:47,172 - INFO - 2. yor: cos=0.9394
2025-08-27 07:56:47,172 - INFO - 3. pcm: cos=0.9451
2025-08-27 07:56:47,172 - INFO - 4. bbj: cos=0.9523
2025-08-27 07:56:47,172 - INFO - 5. fon: cos=0.9594
2025-08-27 07:56:47,311 - INFO - === Layer 10 (mbert) — Top 5 (cosine) ===
2025-08-27 07:56:47,312 - INFO - 1. lug: cos=0.9889
2025-08-27 07:56:47,312 - INFO - 2. sna: cos=0.9833
2025-08-27 07:56:47,312 - INFO - 3. kin: cos=0.9807
2025-08-27 07:56:47,312 - INFO - 4. hau: cos=0.9803
2025-08-27 07:56:47,312 - INFO - 5. twi: cos=0.9793
2025-08-27 07:56:47,312 - INFO - === Layer 10 (mbert) — Worst 5 (cosine) ===
2025-08-27 07:56:47,312 - INFO - 1. yor: cos=0.9381
2025-08-27 07:56:47,312 - INFO - 2. swa: cos=0.9452
2025-08-27 07:56:47,312 - INFO - 3. pcm: cos=0.9493
2025-08-27 07:56:47,312 - INFO - 4. bbj: cos=0.9571
2025-08-27 07:56:47,312 - INFO - 5. bam: cos=0.9621
2025-08-27 07:56:47,465 - INFO - === Layer 11 (mbert) — Top 5 (cosine) ===
2025-08-27 07:56:47,465 - INFO - 1. lug: cos=0.9923
2025-08-27 07:56:47,465 - INFO - 2. kin: cos=0.9844
2025-08-27 07:56:47,465 - INFO - 3. sna: cos=0.9843
2025-08-27 07:56:47,465 - INFO - 4. luo: cos=0.9835
2025-08-27 07:56:47,465 - INFO - 5. nya: cos=0.9832
2025-08-27 07:56:47,465 - INFO - === Layer 11 (mbert) — Worst 5 (cosine) ===
2025-08-27 07:56:47,465 - INFO - 1. yor: cos=0.9422
2025-08-27 07:56:47,465 - INFO - 2. pcm: cos=0.9521
2025-08-27 07:56:47,465 - INFO - 3. bbj: cos=0.9590
2025-08-27 07:56:47,465 - INFO - 4. swa: cos=0.9610
2025-08-27 07:56:47,465 - INFO - 5. bam: cos=0.9664
2025-08-27 07:56:47,589 - INFO - === Layer 12 (mbert) — Top 5 (cosine) ===
2025-08-27 07:56:47,589 - INFO - 1. lug: cos=0.9884
2025-08-27 07:56:47,589 - INFO - 2. kin: cos=0.9685
2025-08-27 07:56:47,589 - INFO - 3. luo: cos=0.9682
2025-08-27 07:56:47,589 - INFO - 4. nya: cos=0.9671
2025-08-27 07:56:47,589 - INFO - 5. sna: cos=0.9659
2025-08-27 07:56:47,589 - INFO - === Layer 12 (mbert) — Worst 5 (cosine) ===
2025-08-27 07:56:47,589 - INFO - 1. bbj: cos=0.8775
2025-08-27 07:56:47,589 - INFO - 2. yor: cos=0.9161
2025-08-27 07:56:47,589 - INFO - 3. pcm: cos=0.9165
2025-08-27 07:56:47,589 - INFO - 4. fon: cos=0.9274
2025-08-27 07:56:47,589 - INFO - 5. bam: cos=0.9317
2025-08-27 07:56:47,590 - INFO - Experiment finished successfully.
