2025-12-15 09:59:22,867 - INFO - Start: model_type=xlmr, use_cls=True, use_context=False, context_window=0, max_tokens_per_type=400, batch_size=64, output_dir=rq2_train_scripts/Embeddings/CLEAN/outputs/combined/xlmr/config_1_clstrue_ctxfalse/tokens_400_ctx0/core, save_prototypes=False, seed=42, fp16=True, max_length=96, langs=all, layers=all, span_mode=bio, pool=mean, entity_tags={'PER', 'LOC', 'DATE', 'ORG'}, title_suffix='L=all, tokens=400, ctx=0, cls=true, fp16=true'
2025-12-15 09:59:24,736 - INFO - Processing run
2025-12-15 09:59:25,118 - INFO - Processing bam
2025-12-15 09:59:25,176 - INFO - Processing bbj
2025-12-15 09:59:25,221 - INFO - Processing ewe
2025-12-15 09:59:25,275 - INFO - Processing fon
2025-12-15 09:59:25,329 - INFO - Processing hau
2025-12-15 09:59:25,396 - INFO - Processing ibo
2025-12-15 09:59:25,478 - INFO - Processing kin
2025-12-15 09:59:25,538 - INFO - Processing lug
2025-12-15 09:59:25,600 - INFO - Processing luo
2025-12-15 09:59:25,658 - INFO - Processing mos
2025-12-15 09:59:25,717 - INFO - Processing nya
2025-12-15 09:59:25,776 - INFO - Processing pcm
2025-12-15 09:59:25,826 - INFO - Processing sna
2025-12-15 09:59:25,881 - INFO - Processing swa
2025-12-15 09:59:25,959 - INFO - Processing tsn
2025-12-15 09:59:26,002 - INFO - Processing twi
2025-12-15 09:59:26,060 - INFO - Processing wol
2025-12-15 09:59:26,123 - INFO - Processing xho
2025-12-15 09:59:26,175 - INFO - Processing yor
2025-12-15 09:59:26,263 - INFO - Processing zul
2025-12-15 09:59:26,711 - INFO - === Layer 1 (xlmr) — Top 5 (cosine) ===
2025-12-15 09:59:26,711 - INFO - 1. kin: cos=0.9999
2025-12-15 09:59:26,711 - INFO - 2. luo: cos=0.9999
2025-12-15 09:59:26,711 - INFO - 3. twi: cos=0.9999
2025-12-15 09:59:26,711 - INFO - 4. nya: cos=0.9998
2025-12-15 09:59:26,711 - INFO - 5. ewe: cos=0.9998
2025-12-15 09:59:26,711 - INFO - === Layer 1 (xlmr) — Worst 5 (cosine) ===
2025-12-15 09:59:26,711 - INFO - 1. hau: cos=0.9994
2025-12-15 09:59:26,711 - INFO - 2. pcm: cos=0.9995
2025-12-15 09:59:26,711 - INFO - 3. fon: cos=0.9995
2025-12-15 09:59:26,711 - INFO - 4. bam: cos=0.9995
2025-12-15 09:59:26,711 - INFO - 5. bbj: cos=0.9996
2025-12-15 09:59:26,829 - INFO - === Layer 2 (xlmr) — Top 5 (cosine) ===
2025-12-15 09:59:26,829 - INFO - 1. kin: cos=1.0000
2025-12-15 09:59:26,829 - INFO - 2. luo: cos=1.0000
2025-12-15 09:59:26,830 - INFO - 3. twi: cos=1.0000
2025-12-15 09:59:26,830 - INFO - 4. ewe: cos=1.0000
2025-12-15 09:59:26,830 - INFO - 5. nya: cos=1.0000
2025-12-15 09:59:26,830 - INFO - === Layer 2 (xlmr) — Worst 5 (cosine) ===
2025-12-15 09:59:26,830 - INFO - 1. pcm: cos=0.9999
2025-12-15 09:59:26,830 - INFO - 2. hau: cos=0.9999
2025-12-15 09:59:26,830 - INFO - 3. bam: cos=0.9999
2025-12-15 09:59:26,830 - INFO - 4. bbj: cos=0.9999
2025-12-15 09:59:26,830 - INFO - 5. swa: cos=0.9999
2025-12-15 09:59:26,948 - INFO - === Layer 3 (xlmr) — Top 5 (cosine) ===
2025-12-15 09:59:26,948 - INFO - 1. kin: cos=1.0000
2025-12-15 09:59:26,948 - INFO - 2. luo: cos=1.0000
2025-12-15 09:59:26,948 - INFO - 3. twi: cos=1.0000
2025-12-15 09:59:26,948 - INFO - 4. hau: cos=1.0000
2025-12-15 09:59:26,948 - INFO - 5. ibo: cos=1.0000
2025-12-15 09:59:26,948 - INFO - === Layer 3 (xlmr) — Worst 5 (cosine) ===
2025-12-15 09:59:26,948 - INFO - 1. swa: cos=1.0000
2025-12-15 09:59:26,948 - INFO - 2. pcm: cos=1.0000
2025-12-15 09:59:26,948 - INFO - 3. sna: cos=1.0000
2025-12-15 09:59:26,948 - INFO - 4. bbj: cos=1.0000
2025-12-15 09:59:26,948 - INFO - 5. fon: cos=1.0000
2025-12-15 09:59:27,066 - INFO - === Layer 4 (xlmr) — Top 5 (cosine) ===
2025-12-15 09:59:27,066 - INFO - 1. kin: cos=1.0000
2025-12-15 09:59:27,066 - INFO - 2. twi: cos=1.0000
2025-12-15 09:59:27,066 - INFO - 3. luo: cos=1.0000
2025-12-15 09:59:27,066 - INFO - 4. lug: cos=1.0000
2025-12-15 09:59:27,066 - INFO - 5. zul: cos=1.0000
2025-12-15 09:59:27,066 - INFO - === Layer 4 (xlmr) — Worst 5 (cosine) ===
2025-12-15 09:59:27,066 - INFO - 1. bam: cos=1.0000
2025-12-15 09:59:27,066 - INFO - 2. yor: cos=1.0000
2025-12-15 09:59:27,066 - INFO - 3. hau: cos=1.0000
2025-12-15 09:59:27,066 - INFO - 4. pcm: cos=1.0000
2025-12-15 09:59:27,066 - INFO - 5. wol: cos=1.0000
2025-12-15 09:59:27,183 - INFO - === Layer 5 (xlmr) — Top 5 (cosine) ===
2025-12-15 09:59:27,184 - INFO - 1. twi: cos=1.0000
2025-12-15 09:59:27,184 - INFO - 2. luo: cos=1.0000
2025-12-15 09:59:27,184 - INFO - 3. kin: cos=1.0000
2025-12-15 09:59:27,184 - INFO - 4. zul: cos=1.0000
2025-12-15 09:59:27,184 - INFO - 5. ewe: cos=1.0000
2025-12-15 09:59:27,184 - INFO - === Layer 5 (xlmr) — Worst 5 (cosine) ===
2025-12-15 09:59:27,184 - INFO - 1. hau: cos=1.0000
2025-12-15 09:59:27,184 - INFO - 2. pcm: cos=1.0000
2025-12-15 09:59:27,184 - INFO - 3. fon: cos=1.0000
2025-12-15 09:59:27,184 - INFO - 4. mos: cos=1.0000
2025-12-15 09:59:27,184 - INFO - 5. wol: cos=1.0000
2025-12-15 09:59:27,301 - INFO - === Layer 6 (xlmr) — Top 5 (cosine) ===
2025-12-15 09:59:27,301 - INFO - 1. twi: cos=1.0000
2025-12-15 09:59:27,301 - INFO - 2. ewe: cos=1.0000
2025-12-15 09:59:27,301 - INFO - 3. luo: cos=1.0000
2025-12-15 09:59:27,301 - INFO - 4. kin: cos=1.0000
2025-12-15 09:59:27,301 - INFO - 5. ibo: cos=1.0000
2025-12-15 09:59:27,301 - INFO - === Layer 6 (xlmr) — Worst 5 (cosine) ===
2025-12-15 09:59:27,301 - INFO - 1. pcm: cos=1.0000
2025-12-15 09:59:27,301 - INFO - 2. hau: cos=1.0000
2025-12-15 09:59:27,301 - INFO - 3. nya: cos=1.0000
2025-12-15 09:59:27,302 - INFO - 4. swa: cos=1.0000
2025-12-15 09:59:27,302 - INFO - 5. wol: cos=1.0000
2025-12-15 09:59:27,419 - INFO - === Layer 7 (xlmr) — Top 5 (cosine) ===
2025-12-15 09:59:27,419 - INFO - 1. twi: cos=1.0000
2025-12-15 09:59:27,419 - INFO - 2. kin: cos=1.0000
2025-12-15 09:59:27,419 - INFO - 3. bbj: cos=1.0000
2025-12-15 09:59:27,419 - INFO - 4. fon: cos=1.0000
2025-12-15 09:59:27,419 - INFO - 5. sna: cos=1.0000
2025-12-15 09:59:27,419 - INFO - === Layer 7 (xlmr) — Worst 5 (cosine) ===
2025-12-15 09:59:27,419 - INFO - 1. hau: cos=1.0000
2025-12-15 09:59:27,419 - INFO - 2. pcm: cos=1.0000
2025-12-15 09:59:27,419 - INFO - 3. zul: cos=1.0000
2025-12-15 09:59:27,419 - INFO - 4. nya: cos=1.0000
2025-12-15 09:59:27,419 - INFO - 5. tsn: cos=1.0000
2025-12-15 09:59:27,599 - INFO - === Layer 8 (xlmr) — Top 5 (cosine) ===
2025-12-15 09:59:27,599 - INFO - 1. kin: cos=1.0000
2025-12-15 09:59:27,599 - INFO - 2. ewe: cos=1.0000
2025-12-15 09:59:27,599 - INFO - 3. lug: cos=1.0000
2025-12-15 09:59:27,599 - INFO - 4. luo: cos=1.0000
2025-12-15 09:59:27,599 - INFO - 5. twi: cos=1.0000
2025-12-15 09:59:27,599 - INFO - === Layer 8 (xlmr) — Worst 5 (cosine) ===
2025-12-15 09:59:27,599 - INFO - 1. pcm: cos=0.9999
2025-12-15 09:59:27,599 - INFO - 2. fon: cos=1.0000
2025-12-15 09:59:27,599 - INFO - 3. hau: cos=1.0000
2025-12-15 09:59:27,599 - INFO - 4. sna: cos=1.0000
2025-12-15 09:59:27,599 - INFO - 5. bbj: cos=1.0000
2025-12-15 09:59:27,717 - INFO - === Layer 9 (xlmr) — Top 5 (cosine) ===
2025-12-15 09:59:27,717 - INFO - 1. kin: cos=1.0000
2025-12-15 09:59:27,717 - INFO - 2. ewe: cos=1.0000
2025-12-15 09:59:27,717 - INFO - 3. twi: cos=1.0000
2025-12-15 09:59:27,717 - INFO - 4. luo: cos=1.0000
2025-12-15 09:59:27,717 - INFO - 5. bam: cos=1.0000
2025-12-15 09:59:27,717 - INFO - === Layer 9 (xlmr) — Worst 5 (cosine) ===
2025-12-15 09:59:27,717 - INFO - 1. pcm: cos=1.0000
2025-12-15 09:59:27,717 - INFO - 2. hau: cos=1.0000
2025-12-15 09:59:27,717 - INFO - 3. sna: cos=1.0000
2025-12-15 09:59:27,717 - INFO - 4. nya: cos=1.0000
2025-12-15 09:59:27,717 - INFO - 5. wol: cos=1.0000
2025-12-15 09:59:27,834 - INFO - === Layer 10 (xlmr) — Top 5 (cosine) ===
2025-12-15 09:59:27,834 - INFO - 1. bam: cos=1.0000
2025-12-15 09:59:27,835 - INFO - 2. luo: cos=1.0000
2025-12-15 09:59:27,835 - INFO - 3. twi: cos=1.0000
2025-12-15 09:59:27,835 - INFO - 4. zul: cos=1.0000
2025-12-15 09:59:27,835 - INFO - 5. ewe: cos=1.0000
2025-12-15 09:59:27,835 - INFO - === Layer 10 (xlmr) — Worst 5 (cosine) ===
2025-12-15 09:59:27,835 - INFO - 1. pcm: cos=1.0000
2025-12-15 09:59:27,835 - INFO - 2. yor: cos=1.0000
2025-12-15 09:59:27,835 - INFO - 3. ibo: cos=1.0000
2025-12-15 09:59:27,835 - INFO - 4. fon: cos=1.0000
2025-12-15 09:59:27,835 - INFO - 5. xho: cos=1.0000
2025-12-15 09:59:27,952 - INFO - === Layer 11 (xlmr) — Top 5 (cosine) ===
2025-12-15 09:59:27,952 - INFO - 1. hau: cos=1.0000
2025-12-15 09:59:27,952 - INFO - 2. pcm: cos=1.0000
2025-12-15 09:59:27,952 - INFO - 3. ibo: cos=1.0000
2025-12-15 09:59:27,952 - INFO - 4. twi: cos=1.0000
2025-12-15 09:59:27,952 - INFO - 5. lug: cos=1.0000
2025-12-15 09:59:27,952 - INFO - === Layer 11 (xlmr) — Worst 5 (cosine) ===
2025-12-15 09:59:27,952 - INFO - 1. luo: cos=0.9999
2025-12-15 09:59:27,952 - INFO - 2. bam: cos=0.9999
2025-12-15 09:59:27,952 - INFO - 3. bbj: cos=0.9999
2025-12-15 09:59:27,952 - INFO - 4. sna: cos=1.0000
2025-12-15 09:59:27,952 - INFO - 5. zul: cos=1.0000
2025-12-15 09:59:28,070 - INFO - === Layer 12 (xlmr) — Top 5 (cosine) ===
2025-12-15 09:59:28,070 - INFO - 1. kin: cos=0.9999
2025-12-15 09:59:28,070 - INFO - 2. nya: cos=0.9999
2025-12-15 09:59:28,070 - INFO - 3. ewe: cos=0.9999
2025-12-15 09:59:28,070 - INFO - 4. wol: cos=0.9999
2025-12-15 09:59:28,070 - INFO - 5. luo: cos=0.9999
2025-12-15 09:59:28,070 - INFO - === Layer 12 (xlmr) — Worst 5 (cosine) ===
2025-12-15 09:59:28,070 - INFO - 1. fon: cos=0.9982
2025-12-15 09:59:28,070 - INFO - 2. hau: cos=0.9987
2025-12-15 09:59:28,070 - INFO - 3. pcm: cos=0.9990
2025-12-15 09:59:28,070 - INFO - 4. twi: cos=0.9995
2025-12-15 09:59:28,070 - INFO - 5. tsn: cos=0.9996
2025-12-15 09:59:28,071 - INFO - Experiment finished successfully.
