2025-08-02 23:05:04,793 - INFO - Experiment started with model_type=mbert, use_cls=True, use_context=False, context_window=2, use_hybrid=True, max_tokens_per_type=200, output_dir=rq2_train_scripts/Embeddings/MEXA_inspired_strategy/outputs/combined/mbert/config_5_clstrue_ctxfalse_hybtrue/tokens_200_ctx2
2025-08-02 23:05:06,012 - INFO - Processing run
2025-08-02 23:05:07,842 - INFO - Processing bam
2025-08-02 23:05:09,329 - INFO - Processing bbj
2025-08-02 23:05:10,792 - INFO - Processing ewe
2025-08-02 23:05:12,254 - INFO - Processing fon
2025-08-02 23:05:13,752 - INFO - Processing hau
2025-08-02 23:05:15,252 - INFO - Processing ibo
2025-08-02 23:05:16,789 - INFO - Processing kin
2025-08-02 23:05:18,281 - INFO - Processing lug
2025-08-02 23:05:19,750 - INFO - Processing luo
2025-08-02 23:05:21,241 - INFO - Processing mos
2025-08-02 23:05:22,735 - INFO - Processing nya
2025-08-02 23:05:24,239 - INFO - Processing pcm
2025-08-02 23:05:25,716 - INFO - Processing sna
2025-08-02 23:05:27,212 - INFO - Processing swa
2025-08-02 23:05:28,702 - INFO - Processing tsn
2025-08-02 23:05:30,176 - INFO - Processing twi
2025-08-02 23:05:31,659 - INFO - Processing wol
2025-08-02 23:05:33,155 - INFO - Processing xho
2025-08-02 23:05:34,639 - INFO - Processing yor
2025-08-02 23:05:36,167 - INFO - Processing zul
2025-08-02 23:05:38,124 - INFO - Top 5 languages most similar to Runyankore:
2025-08-02 23:05:38,124 - INFO - 1. lug - Mean Similarity: 0.6825
2025-08-02 23:05:38,124 - INFO - 2. twi - Mean Similarity: 0.6580
2025-08-02 23:05:38,124 - INFO - 3. luo - Mean Similarity: 0.6498
2025-08-02 23:05:38,124 - INFO - 4. ibo - Mean Similarity: 0.6476
2025-08-02 23:05:38,124 - INFO - 5. kin - Mean Similarity: 0.6443
2025-08-02 23:05:38,124 - INFO - Experiment finished successfully.
