2025-08-24 10:54:00,032 - INFO - Start: model_type=xlmr, run_both=False, use_cls=False, use_context=False, context_window=3, max_tokens_per_type=200, batch_size=32, seed=1, num_middle_layers=3, output_dir=rq2_train_scripts/Embeddings/EXTENDED/outputs/mptc_extended/xlmr/config_0_clsfalse_ctxfalse_hybfalse/tokens_200_ctx3
2025-08-24 10:54:00,594 - INFO - xlmr: selected layer indices (hidden_states) = [2, 3, 10, 12]
2025-08-24 10:54:02,245 - INFO - Processing run
2025-08-24 10:54:05,087 - INFO - Processing bam
2025-08-24 10:54:08,287 - INFO - Processing bbj
2025-08-24 10:54:11,437 - INFO - Processing ewe
2025-08-24 10:54:14,670 - INFO - Processing fon
2025-08-24 10:54:17,907 - INFO - Processing hau
2025-08-24 10:54:21,049 - INFO - Processing ibo
2025-08-24 10:54:24,283 - INFO - Processing kin
2025-08-24 10:54:27,526 - INFO - Processing lug
2025-08-24 10:54:30,703 - INFO - Processing luo
2025-08-24 10:54:33,913 - INFO - Processing mos
2025-08-24 10:54:37,101 - INFO - Processing nya
2025-08-24 10:54:40,427 - INFO - Processing pcm
2025-08-24 10:54:43,689 - INFO - Processing sna
2025-08-24 10:54:46,916 - INFO - Processing swa
2025-08-24 10:54:50,188 - INFO - Processing tsn
2025-08-24 10:54:53,408 - INFO - Processing twi
2025-08-24 10:54:56,564 - INFO - Processing wol
2025-08-24 10:54:59,703 - INFO - Processing xho
2025-08-24 10:55:02,817 - INFO - Processing yor
2025-08-24 10:55:05,957 - INFO - Processing zul
2025-08-24 10:55:09,475 - INFO - Layer 2 (xlmr) — Top 5
2025-08-24 10:55:09,475 - INFO - 1. luo: r=0.9603
2025-08-24 10:55:09,475 - INFO - 2. twi: r=0.9578
2025-08-24 10:55:09,475 - INFO - 3. ewe: r=0.9569
2025-08-24 10:55:09,475 - INFO - 4. tsn: r=0.9552
2025-08-24 10:55:09,475 - INFO - 5. sna: r=0.9549
2025-08-24 10:55:09,475 - INFO - Layer 2 (xlmr) — Worst 5
2025-08-24 10:55:09,475 - INFO - 1. hau: r=0.9395
2025-08-24 10:55:09,475 - INFO - 2. fon: r=0.9427
2025-08-24 10:55:09,475 - INFO - 3. bam: r=0.9433
2025-08-24 10:55:09,475 - INFO - 4. pcm: r=0.9454
2025-08-24 10:55:09,475 - INFO - 5. bbj: r=0.9464
2025-08-24 10:55:09,592 - INFO - Layer 3 (xlmr) — Top 5
2025-08-24 10:55:09,592 - INFO - 1. luo: r=0.9709
2025-08-24 10:55:09,592 - INFO - 2. ewe: r=0.9686
2025-08-24 10:55:09,592 - INFO - 3. twi: r=0.9680
2025-08-24 10:55:09,592 - INFO - 4. sna: r=0.9680
2025-08-24 10:55:09,592 - INFO - 5. tsn: r=0.9672
2025-08-24 10:55:09,592 - INFO - Layer 3 (xlmr) — Worst 5
2025-08-24 10:55:09,592 - INFO - 1. hau: r=0.9573
2025-08-24 10:55:09,592 - INFO - 2. pcm: r=0.9592
2025-08-24 10:55:09,592 - INFO - 3. bam: r=0.9593
2025-08-24 10:55:09,592 - INFO - 4. fon: r=0.9610
2025-08-24 10:55:09,592 - INFO - 5. swa: r=0.9619
2025-08-24 10:55:09,709 - INFO - Layer 10 (xlmr) — Top 5
2025-08-24 10:55:09,709 - INFO - 1. twi: r=0.9751
2025-08-24 10:55:09,709 - INFO - 2. luo: r=0.9745
2025-08-24 10:55:09,709 - INFO - 3. ewe: r=0.9737
2025-08-24 10:55:09,709 - INFO - 4. xho: r=0.9731
2025-08-24 10:55:09,709 - INFO - 5. sna: r=0.9729
2025-08-24 10:55:09,710 - INFO - Layer 10 (xlmr) — Worst 5
2025-08-24 10:55:09,710 - INFO - 1. pcm: r=0.9610
2025-08-24 10:55:09,710 - INFO - 2. bam: r=0.9630
2025-08-24 10:55:09,710 - INFO - 3. swa: r=0.9666
2025-08-24 10:55:09,710 - INFO - 4. bbj: r=0.9678
2025-08-24 10:55:09,710 - INFO - 5. lug: r=0.9681
2025-08-24 10:55:09,825 - INFO - Layer 12 (xlmr) — Top 5
2025-08-24 10:55:09,825 - INFO - 1. luo: r=0.9975
2025-08-24 10:55:09,825 - INFO - 2. twi: r=0.9975
2025-08-24 10:55:09,825 - INFO - 3. sna: r=0.9975
2025-08-24 10:55:09,825 - INFO - 4. xho: r=0.9974
2025-08-24 10:55:09,825 - INFO - 5. yor: r=0.9974
2025-08-24 10:55:09,825 - INFO - Layer 12 (xlmr) — Worst 5
2025-08-24 10:55:09,825 - INFO - 1. pcm: r=0.9966
2025-08-24 10:55:09,825 - INFO - 2. bam: r=0.9966
2025-08-24 10:55:09,825 - INFO - 3. kin: r=0.9969
2025-08-24 10:55:09,825 - INFO - 4. lug: r=0.9969
2025-08-24 10:55:09,825 - INFO - 5. tsn: r=0.9970
2025-08-24 10:55:09,826 - INFO - Experiment finished successfully.
