2025-08-03 07:37:08,114 - INFO - Experiment started with model_type=mbert, use_cls=True, use_context=False, context_window=3, use_hybrid=False, max_tokens_per_type=500, output_dir=rq2_train_scripts/Embeddings/MEXA_inspired_strategy/outputs/mptc/mbert/config_1_clstrue_ctxfalse_hybfalse/tokens_500_ctx3
2025-08-03 07:37:09,143 - INFO - Processing run
2025-08-03 07:37:10,800 - INFO - Processing bam
2025-08-03 07:37:13,861 - INFO - Processing bbj
2025-08-03 07:37:17,274 - INFO - Processing ewe
2025-08-03 07:37:20,691 - INFO - Processing fon
2025-08-03 07:37:24,151 - INFO - Processing hau
2025-08-03 07:37:27,606 - INFO - Processing ibo
2025-08-03 07:37:31,097 - INFO - Processing kin
2025-08-03 07:37:34,542 - INFO - Processing lug
2025-08-03 07:37:37,957 - INFO - Processing luo
2025-08-03 07:37:41,407 - INFO - Processing mos
2025-08-03 07:37:44,834 - INFO - Processing nya
2025-08-03 07:37:48,295 - INFO - Processing pcm
2025-08-03 07:37:51,728 - INFO - Processing sna
2025-08-03 07:37:55,195 - INFO - Processing swa
2025-08-03 07:37:58,621 - INFO - Processing tsn
2025-08-03 07:38:02,100 - INFO - Processing twi
2025-08-03 07:38:05,542 - INFO - Processing wol
2025-08-03 07:38:09,004 - INFO - Processing xho
2025-08-03 07:38:12,485 - INFO - Processing yor
2025-08-03 07:38:15,985 - INFO - Processing zul
2025-08-03 07:38:19,813 - INFO - Top 5 languages most similar to Runyankore:
2025-08-03 07:38:19,813 - INFO - 1. lug - Mean Similarity: 0.9645
2025-08-03 07:38:19,813 - INFO - 2. swa - Mean Similarity: 0.9577
2025-08-03 07:38:19,813 - INFO - 3. luo - Mean Similarity: 0.9566
2025-08-03 07:38:19,813 - INFO - 4. kin - Mean Similarity: 0.9558
2025-08-03 07:38:19,813 - INFO - 5. twi - Mean Similarity: 0.9556
2025-08-03 07:38:19,813 - INFO - Experiment finished successfully.
