2025-08-02 17:04:44,928 - INFO - Experiment started with model_type=xlmr, use_cls=False, use_context=False, context_window=2, use_hybrid=True, max_tokens_per_type=500, output_dir=rq2_train_scripts/Embeddings/MEXA_inspired_strategy/outputs/salt/xlmr/config_3_clsfalse_ctxfalse_hybtrue/tokens_500_ctx2
2025-08-02 17:04:46,723 - INFO - Processing run
2025-08-02 17:04:59,414 - INFO - Processing bam
2025-08-02 17:05:11,808 - INFO - Processing bbj
2025-08-02 17:05:25,631 - INFO - Processing ewe
2025-08-02 17:05:39,929 - INFO - Processing fon
2025-08-02 17:05:53,936 - INFO - Processing hau
2025-08-02 17:06:08,084 - INFO - Processing ibo
2025-08-02 17:06:22,010 - INFO - Processing kin
2025-08-02 17:06:35,408 - INFO - Processing lug
2025-08-02 17:06:49,649 - INFO - Processing luo
2025-08-02 17:07:03,021 - INFO - Processing mos
2025-08-02 17:07:17,267 - INFO - Processing nya
2025-08-02 17:07:31,559 - INFO - Processing pcm
2025-08-02 17:07:45,150 - INFO - Processing sna
2025-08-02 17:07:59,556 - INFO - Processing swa
2025-08-02 17:08:13,591 - INFO - Processing tsn
2025-08-02 17:08:27,084 - INFO - Processing twi
2025-08-02 17:08:41,731 - INFO - Processing wol
2025-08-02 17:08:55,188 - INFO - Processing xho
2025-08-02 17:09:09,054 - INFO - Processing yor
2025-08-02 17:09:22,821 - INFO - Processing zul
2025-08-02 17:09:37,723 - INFO - Top 5 languages most similar to Runyankore:
2025-08-02 17:09:37,723 - INFO - 1. lug - Mean Similarity: 0.8371
2025-08-02 17:09:37,723 - INFO - 2. kin - Mean Similarity: 0.8150
2025-08-02 17:09:37,723 - INFO - 3. luo - Mean Similarity: 0.8123
2025-08-02 17:09:37,723 - INFO - 4. ibo - Mean Similarity: 0.8041
2025-08-02 17:09:37,723 - INFO - 5. twi - Mean Similarity: 0.8039
2025-08-02 17:09:37,723 - INFO - Experiment finished successfully.
