2025-12-15 10:45:37,018 - INFO - Start: model_type=mbert, use_cls=True, use_context=True, context_window=2, max_tokens_per_type=500, batch_size=64, output_dir=rq2_train_scripts/Embeddings/CLEAN/outputs/combined/mbert/config_3_clstrue_ctxtrue/tokens_500_ctx2/core, save_prototypes=False, seed=42, fp16=True, max_length=96, langs=all, layers=all, span_mode=bio, pool=mean, entity_tags={'DATE', 'PER', 'ORG', 'LOC'}, title_suffix='L=all, tokens=500, ctx=2, cls=true, fp16=true'
2025-12-15 10:45:38,437 - INFO - Processing run
2025-12-15 10:45:38,878 - INFO - Processing bam
2025-12-15 10:45:38,938 - INFO - Processing bbj
2025-12-15 10:45:38,981 - INFO - Processing ewe
2025-12-15 10:45:39,030 - INFO - Processing fon
2025-12-15 10:45:39,104 - INFO - Processing hau
2025-12-15 10:45:39,170 - INFO - Processing ibo
2025-12-15 10:45:39,272 - INFO - Processing kin
2025-12-15 10:45:39,353 - INFO - Processing lug
2025-12-15 10:45:39,418 - INFO - Processing luo
2025-12-15 10:45:39,480 - INFO - Processing mos
2025-12-15 10:45:39,553 - INFO - Processing nya
2025-12-15 10:45:39,628 - INFO - Processing pcm
2025-12-15 10:45:39,680 - INFO - Processing sna
2025-12-15 10:45:39,745 - INFO - Processing swa
2025-12-15 10:45:39,814 - INFO - Processing tsn
2025-12-15 10:45:39,867 - INFO - Processing twi
2025-12-15 10:45:39,934 - INFO - Processing wol
2025-12-15 10:45:40,010 - INFO - Processing xho
2025-12-15 10:45:40,064 - INFO - Processing yor
2025-12-15 10:45:40,157 - INFO - Processing zul
2025-12-15 10:45:40,554 - INFO - === Layer 1 (mbert) — Top 5 (cosine) ===
2025-12-15 10:45:40,554 - INFO - 1. lug: cos=0.9998
2025-12-15 10:45:40,554 - INFO - 2. hau: cos=0.9997
2025-12-15 10:45:40,554 - INFO - 3. nya: cos=0.9997
2025-12-15 10:45:40,554 - INFO - 4. kin: cos=0.9996
2025-12-15 10:45:40,554 - INFO - 5. twi: cos=0.9996
2025-12-15 10:45:40,554 - INFO - === Layer 1 (mbert) — Worst 5 (cosine) ===
2025-12-15 10:45:40,554 - INFO - 1. yor: cos=0.9987
2025-12-15 10:45:40,554 - INFO - 2. pcm: cos=0.9988
2025-12-15 10:45:40,554 - INFO - 3. fon: cos=0.9989
2025-12-15 10:45:40,554 - INFO - 4. bbj: cos=0.9990
2025-12-15 10:45:40,554 - INFO - 5. ewe: cos=0.9993
2025-12-15 10:45:40,673 - INFO - === Layer 2 (mbert) — Top 5 (cosine) ===
2025-12-15 10:45:40,673 - INFO - 1. lug: cos=1.0000
2025-12-15 10:45:40,673 - INFO - 2. hau: cos=1.0000
2025-12-15 10:45:40,673 - INFO - 3. nya: cos=0.9999
2025-12-15 10:45:40,673 - INFO - 4. kin: cos=0.9999
2025-12-15 10:45:40,673 - INFO - 5. xho: cos=0.9999
2025-12-15 10:45:40,673 - INFO - === Layer 2 (mbert) — Worst 5 (cosine) ===
2025-12-15 10:45:40,673 - INFO - 1. yor: cos=0.9998
2025-12-15 10:45:40,673 - INFO - 2. fon: cos=0.9998
2025-12-15 10:45:40,673 - INFO - 3. pcm: cos=0.9998
2025-12-15 10:45:40,673 - INFO - 4. bbj: cos=0.9998
2025-12-15 10:45:40,673 - INFO - 5. ewe: cos=0.9999
2025-12-15 10:45:40,792 - INFO - === Layer 3 (mbert) — Top 5 (cosine) ===
2025-12-15 10:45:40,792 - INFO - 1. hau: cos=1.0000
2025-12-15 10:45:40,792 - INFO - 2. lug: cos=1.0000
2025-12-15 10:45:40,792 - INFO - 3. kin: cos=1.0000
2025-12-15 10:45:40,792 - INFO - 4. nya: cos=1.0000
2025-12-15 10:45:40,792 - INFO - 5. xho: cos=1.0000
2025-12-15 10:45:40,792 - INFO - === Layer 3 (mbert) — Worst 5 (cosine) ===
2025-12-15 10:45:40,792 - INFO - 1. pcm: cos=0.9999
2025-12-15 10:45:40,792 - INFO - 2. yor: cos=0.9999
2025-12-15 10:45:40,792 - INFO - 3. fon: cos=0.9999
2025-12-15 10:45:40,792 - INFO - 4. bbj: cos=0.9999
2025-12-15 10:45:40,792 - INFO - 5. ewe: cos=0.9999
2025-12-15 10:45:40,911 - INFO - === Layer 4 (mbert) — Top 5 (cosine) ===
2025-12-15 10:45:40,911 - INFO - 1. sna: cos=0.9999
2025-12-15 10:45:40,911 - INFO - 2. kin: cos=0.9999
2025-12-15 10:45:40,911 - INFO - 3. lug: cos=0.9999
2025-12-15 10:45:40,911 - INFO - 4. xho: cos=0.9999
2025-12-15 10:45:40,911 - INFO - 5. nya: cos=0.9999
2025-12-15 10:45:40,911 - INFO - === Layer 4 (mbert) — Worst 5 (cosine) ===
2025-12-15 10:45:40,911 - INFO - 1. pcm: cos=0.9996
2025-12-15 10:45:40,911 - INFO - 2. yor: cos=0.9997
2025-12-15 10:45:40,911 - INFO - 3. bbj: cos=0.9997
2025-12-15 10:45:40,911 - INFO - 4. ewe: cos=0.9998
2025-12-15 10:45:40,911 - INFO - 5. fon: cos=0.9998
2025-12-15 10:45:41,031 - INFO - === Layer 5 (mbert) — Top 5 (cosine) ===
2025-12-15 10:45:41,031 - INFO - 1. nya: cos=0.9937
2025-12-15 10:45:41,031 - INFO - 2. kin: cos=0.9935
2025-12-15 10:45:41,031 - INFO - 3. lug: cos=0.9928
2025-12-15 10:45:41,031 - INFO - 4. luo: cos=0.9925
2025-12-15 10:45:41,031 - INFO - 5. xho: cos=0.9919
2025-12-15 10:45:41,031 - INFO - === Layer 5 (mbert) — Worst 5 (cosine) ===
2025-12-15 10:45:41,031 - INFO - 1. bbj: cos=0.9722
2025-12-15 10:45:41,031 - INFO - 2. yor: cos=0.9748
2025-12-15 10:45:41,031 - INFO - 3. fon: cos=0.9763
2025-12-15 10:45:41,031 - INFO - 4. pcm: cos=0.9821
2025-12-15 10:45:41,031 - INFO - 5. swa: cos=0.9834
2025-12-15 10:45:41,210 - INFO - === Layer 6 (mbert) — Top 5 (cosine) ===
2025-12-15 10:45:41,211 - INFO - 1. kin: cos=0.9902
2025-12-15 10:45:41,211 - INFO - 2. lug: cos=0.9896
2025-12-15 10:45:41,211 - INFO - 3. nya: cos=0.9894
2025-12-15 10:45:41,211 - INFO - 4. xho: cos=0.9874
2025-12-15 10:45:41,211 - INFO - 5. luo: cos=0.9873
2025-12-15 10:45:41,211 - INFO - === Layer 6 (mbert) — Worst 5 (cosine) ===
2025-12-15 10:45:41,211 - INFO - 1. bbj: cos=0.9596
2025-12-15 10:45:41,211 - INFO - 2. yor: cos=0.9619
2025-12-15 10:45:41,211 - INFO - 3. fon: cos=0.9622
2025-12-15 10:45:41,211 - INFO - 4. pcm: cos=0.9698
2025-12-15 10:45:41,211 - INFO - 5. swa: cos=0.9728
2025-12-15 10:45:41,329 - INFO - === Layer 7 (mbert) — Top 5 (cosine) ===
2025-12-15 10:45:41,329 - INFO - 1. kin: cos=0.9875
2025-12-15 10:45:41,329 - INFO - 2. nya: cos=0.9859
2025-12-15 10:45:41,329 - INFO - 3. lug: cos=0.9855
2025-12-15 10:45:41,329 - INFO - 4. luo: cos=0.9851
2025-12-15 10:45:41,329 - INFO - 5. xho: cos=0.9845
2025-12-15 10:45:41,329 - INFO - === Layer 7 (mbert) — Worst 5 (cosine) ===
2025-12-15 10:45:41,329 - INFO - 1. bbj: cos=0.9591
2025-12-15 10:45:41,329 - INFO - 2. fon: cos=0.9604
2025-12-15 10:45:41,330 - INFO - 3. yor: cos=0.9607
2025-12-15 10:45:41,330 - INFO - 4. swa: cos=0.9639
2025-12-15 10:45:41,330 - INFO - 5. pcm: cos=0.9651
2025-12-15 10:45:41,448 - INFO - === Layer 8 (mbert) — Top 5 (cosine) ===
2025-12-15 10:45:41,448 - INFO - 1. kin: cos=0.9860
2025-12-15 10:45:41,448 - INFO - 2. nya: cos=0.9835
2025-12-15 10:45:41,448 - INFO - 3. sna: cos=0.9825
2025-12-15 10:45:41,448 - INFO - 4. lug: cos=0.9820
2025-12-15 10:45:41,448 - INFO - 5. xho: cos=0.9806
2025-12-15 10:45:41,449 - INFO - === Layer 8 (mbert) — Worst 5 (cosine) ===
2025-12-15 10:45:41,449 - INFO - 1. pcm: cos=0.9476
2025-12-15 10:45:41,449 - INFO - 2. bbj: cos=0.9511
2025-12-15 10:45:41,449 - INFO - 3. swa: cos=0.9514
2025-12-15 10:45:41,449 - INFO - 4. fon: cos=0.9539
2025-12-15 10:45:41,449 - INFO - 5. yor: cos=0.9548
2025-12-15 10:45:41,568 - INFO - === Layer 9 (mbert) — Top 5 (cosine) ===
2025-12-15 10:45:41,568 - INFO - 1. kin: cos=0.9876
2025-12-15 10:45:41,568 - INFO - 2. sna: cos=0.9856
2025-12-15 10:45:41,568 - INFO - 3. nya: cos=0.9840
2025-12-15 10:45:41,568 - INFO - 4. lug: cos=0.9839
2025-12-15 10:45:41,568 - INFO - 5. ibo: cos=0.9837
2025-12-15 10:45:41,568 - INFO - === Layer 9 (mbert) — Worst 5 (cosine) ===
2025-12-15 10:45:41,568 - INFO - 1. pcm: cos=0.9506
2025-12-15 10:45:41,568 - INFO - 2. swa: cos=0.9567
2025-12-15 10:45:41,568 - INFO - 3. bbj: cos=0.9606
2025-12-15 10:45:41,568 - INFO - 4. yor: cos=0.9621
2025-12-15 10:45:41,568 - INFO - 5. fon: cos=0.9626
2025-12-15 10:45:41,687 - INFO - === Layer 10 (mbert) — Top 5 (cosine) ===
2025-12-15 10:45:41,687 - INFO - 1. sna: cos=0.9908
2025-12-15 10:45:41,687 - INFO - 2. kin: cos=0.9906
2025-12-15 10:45:41,687 - INFO - 3. nya: cos=0.9897
2025-12-15 10:45:41,687 - INFO - 4. lug: cos=0.9892
2025-12-15 10:45:41,687 - INFO - 5. zul: cos=0.9870
2025-12-15 10:45:41,687 - INFO - === Layer 10 (mbert) — Worst 5 (cosine) ===
2025-12-15 10:45:41,687 - INFO - 1. yor: cos=0.9633
2025-12-15 10:45:41,687 - INFO - 2. bbj: cos=0.9654
2025-12-15 10:45:41,687 - INFO - 3. pcm: cos=0.9654
2025-12-15 10:45:41,687 - INFO - 4. swa: cos=0.9682
2025-12-15 10:45:41,687 - INFO - 5. bam: cos=0.9698
2025-12-15 10:45:41,805 - INFO - === Layer 11 (mbert) — Top 5 (cosine) ===
2025-12-15 10:45:41,805 - INFO - 1. kin: cos=0.9925
2025-12-15 10:45:41,805 - INFO - 2. nya: cos=0.9917
2025-12-15 10:45:41,805 - INFO - 3. lug: cos=0.9915
2025-12-15 10:45:41,805 - INFO - 4. sna: cos=0.9913
2025-12-15 10:45:41,805 - INFO - 5. hau: cos=0.9882
2025-12-15 10:45:41,805 - INFO - === Layer 11 (mbert) — Worst 5 (cosine) ===
2025-12-15 10:45:41,805 - INFO - 1. yor: cos=0.9648
2025-12-15 10:45:41,805 - INFO - 2. bbj: cos=0.9677
2025-12-15 10:45:41,805 - INFO - 3. pcm: cos=0.9680
2025-12-15 10:45:41,805 - INFO - 4. fon: cos=0.9730
2025-12-15 10:45:41,805 - INFO - 5. swa: cos=0.9757
2025-12-15 10:45:41,924 - INFO - === Layer 12 (mbert) — Top 5 (cosine) ===
2025-12-15 10:45:41,925 - INFO - 1. kin: cos=0.9880
2025-12-15 10:45:41,925 - INFO - 2. nya: cos=0.9865
2025-12-15 10:45:41,925 - INFO - 3. lug: cos=0.9859
2025-12-15 10:45:41,925 - INFO - 4. sna: cos=0.9858
2025-12-15 10:45:41,925 - INFO - 5. hau: cos=0.9811
2025-12-15 10:45:41,925 - INFO - === Layer 12 (mbert) — Worst 5 (cosine) ===
2025-12-15 10:45:41,925 - INFO - 1. bbj: cos=0.9186
2025-12-15 10:45:41,925 - INFO - 2. fon: cos=0.9379
2025-12-15 10:45:41,925 - INFO - 3. pcm: cos=0.9439
2025-12-15 10:45:41,925 - INFO - 4. yor: cos=0.9529
2025-12-15 10:45:41,925 - INFO - 5. bam: cos=0.9568
2025-12-15 10:45:41,925 - INFO - Experiment finished successfully.
