2025-08-27 07:46:58,330 - INFO - Start: model_type=xlmr, use_cls=False, use_context=True, context_window=3, max_tokens_per_type=200, batch_size=64, output_dir=rq2_train_scripts/Embeddings/CLEAN/outputs/mptc/xlmr/config_2_clsfalse_ctxtrue/tokens_200_ctx3, save_prototypes=False, seed=42, fp16=True, max_length=96, langs=all, layers=all, span_mode=bio, pool=mean, entity_tags={'PER', 'DATE', 'ORG', 'LOC'}, title_suffix='L=all, tokens=200, ctx=3, cls=false, fp16=true'
2025-08-27 07:47:00,946 - INFO - Processing run
2025-08-27 07:47:01,440 - INFO - Processing bam
2025-08-27 07:47:01,531 - INFO - Processing bbj
2025-08-27 07:47:01,614 - INFO - Processing ewe
2025-08-27 07:47:01,695 - INFO - Processing fon
2025-08-27 07:47:01,795 - INFO - Processing hau
2025-08-27 07:47:01,895 - INFO - Processing ibo
2025-08-27 07:47:02,051 - INFO - Processing kin
2025-08-27 07:47:02,154 - INFO - Processing lug
2025-08-27 07:47:02,243 - INFO - Processing luo
2025-08-27 07:47:02,335 - INFO - Processing mos
2025-08-27 07:47:02,433 - INFO - Processing nya
2025-08-27 07:47:02,536 - INFO - Processing pcm
2025-08-27 07:47:02,651 - INFO - Processing sna
2025-08-27 07:47:02,744 - INFO - Processing swa
2025-08-27 07:47:02,838 - INFO - Processing tsn
2025-08-27 07:47:02,920 - INFO - Processing twi
2025-08-27 07:47:03,015 - INFO - Processing wol
2025-08-27 07:47:03,109 - INFO - Processing xho
2025-08-27 07:47:03,209 - INFO - Processing yor
2025-08-27 07:47:03,336 - INFO - Processing zul
2025-08-27 07:47:03,940 - INFO - === Layer 1 (xlmr) — Top 5 (cosine) ===
2025-08-27 07:47:03,940 - INFO - 1. twi: cos=0.8995
2025-08-27 07:47:03,940 - INFO - 2. luo: cos=0.8966
2025-08-27 07:47:03,940 - INFO - 3. kin: cos=0.8957
2025-08-27 07:47:03,940 - INFO - 4. tsn: cos=0.8941
2025-08-27 07:47:03,940 - INFO - 5. ibo: cos=0.8835
2025-08-27 07:47:03,940 - INFO - === Layer 1 (xlmr) — Worst 5 (cosine) ===
2025-08-27 07:47:03,940 - INFO - 1. pcm: cos=0.7931
2025-08-27 07:47:03,940 - INFO - 2. swa: cos=0.8036
2025-08-27 07:47:03,940 - INFO - 3. hau: cos=0.8161
2025-08-27 07:47:03,940 - INFO - 4. bbj: cos=0.8316
2025-08-27 07:47:03,940 - INFO - 5. yor: cos=0.8363
2025-08-27 07:47:04,071 - INFO - === Layer 2 (xlmr) — Top 5 (cosine) ===
2025-08-27 07:47:04,071 - INFO - 1. twi: cos=0.9596
2025-08-27 07:47:04,071 - INFO - 2. lug: cos=0.9588
2025-08-27 07:47:04,071 - INFO - 3. luo: cos=0.9586
2025-08-27 07:47:04,071 - INFO - 4. kin: cos=0.9569
2025-08-27 07:47:04,071 - INFO - 5. tsn: cos=0.9559
2025-08-27 07:47:04,071 - INFO - === Layer 2 (xlmr) — Worst 5 (cosine) ===
2025-08-27 07:47:04,071 - INFO - 1. pcm: cos=0.9091
2025-08-27 07:47:04,071 - INFO - 2. swa: cos=0.9165
2025-08-27 07:47:04,071 - INFO - 3. hau: cos=0.9246
2025-08-27 07:47:04,071 - INFO - 4. yor: cos=0.9276
2025-08-27 07:47:04,071 - INFO - 5. bbj: cos=0.9333
2025-08-27 07:47:04,201 - INFO - === Layer 3 (xlmr) — Top 5 (cosine) ===
2025-08-27 07:47:04,202 - INFO - 1. kin: cos=0.9723
2025-08-27 07:47:04,202 - INFO - 2. twi: cos=0.9717
2025-08-27 07:47:04,202 - INFO - 3. luo: cos=0.9703
2025-08-27 07:47:04,202 - INFO - 4. zul: cos=0.9697
2025-08-27 07:47:04,202 - INFO - 5. tsn: cos=0.9695
2025-08-27 07:47:04,202 - INFO - === Layer 3 (xlmr) — Worst 5 (cosine) ===
2025-08-27 07:47:04,202 - INFO - 1. pcm: cos=0.9326
2025-08-27 07:47:04,202 - INFO - 2. swa: cos=0.9388
2025-08-27 07:47:04,202 - INFO - 3. hau: cos=0.9400
2025-08-27 07:47:04,202 - INFO - 4. yor: cos=0.9519
2025-08-27 07:47:04,202 - INFO - 5. bam: cos=0.9575
2025-08-27 07:47:04,330 - INFO - === Layer 4 (xlmr) — Top 5 (cosine) ===
2025-08-27 07:47:04,330 - INFO - 1. zul: cos=0.9717
2025-08-27 07:47:04,330 - INFO - 2. ibo: cos=0.9706
2025-08-27 07:47:04,330 - INFO - 3. sna: cos=0.9705
2025-08-27 07:47:04,330 - INFO - 4. twi: cos=0.9703
2025-08-27 07:47:04,330 - INFO - 5. tsn: cos=0.9694
2025-08-27 07:47:04,330 - INFO - === Layer 4 (xlmr) — Worst 5 (cosine) ===
2025-08-27 07:47:04,330 - INFO - 1. pcm: cos=0.9260
2025-08-27 07:47:04,330 - INFO - 2. swa: cos=0.9286
2025-08-27 07:47:04,330 - INFO - 3. hau: cos=0.9432
2025-08-27 07:47:04,330 - INFO - 4. yor: cos=0.9577
2025-08-27 07:47:04,330 - INFO - 5. lug: cos=0.9602
2025-08-27 07:47:04,453 - INFO - === Layer 5 (xlmr) — Top 5 (cosine) ===
2025-08-27 07:47:04,453 - INFO - 1. twi: cos=0.9707
2025-08-27 07:47:04,453 - INFO - 2. mos: cos=0.9691
2025-08-27 07:47:04,453 - INFO - 3. zul: cos=0.9690
2025-08-27 07:47:04,453 - INFO - 4. ewe: cos=0.9684
2025-08-27 07:47:04,453 - INFO - 5. fon: cos=0.9660
2025-08-27 07:47:04,453 - INFO - === Layer 5 (xlmr) — Worst 5 (cosine) ===
2025-08-27 07:47:04,453 - INFO - 1. swa: cos=0.9345
2025-08-27 07:47:04,453 - INFO - 2. pcm: cos=0.9413
2025-08-27 07:47:04,453 - INFO - 3. lug: cos=0.9505
2025-08-27 07:47:04,453 - INFO - 4. hau: cos=0.9508
2025-08-27 07:47:04,453 - INFO - 5. yor: cos=0.9529
2025-08-27 07:47:04,597 - INFO - === Layer 6 (xlmr) — Top 5 (cosine) ===
2025-08-27 07:47:04,597 - INFO - 1. twi: cos=0.9679
2025-08-27 07:47:04,597 - INFO - 2. sna: cos=0.9644
2025-08-27 07:47:04,597 - INFO - 3. mos: cos=0.9634
2025-08-27 07:47:04,597 - INFO - 4. zul: cos=0.9634
2025-08-27 07:47:04,597 - INFO - 5. fon: cos=0.9618
2025-08-27 07:47:04,597 - INFO - === Layer 6 (xlmr) — Worst 5 (cosine) ===
2025-08-27 07:47:04,597 - INFO - 1. swa: cos=0.9289
2025-08-27 07:47:04,597 - INFO - 2. pcm: cos=0.9338
2025-08-27 07:47:04,597 - INFO - 3. hau: cos=0.9457
2025-08-27 07:47:04,597 - INFO - 4. lug: cos=0.9470
2025-08-27 07:47:04,597 - INFO - 5. yor: cos=0.9471
2025-08-27 07:47:04,729 - INFO - === Layer 7 (xlmr) — Top 5 (cosine) ===
2025-08-27 07:47:04,729 - INFO - 1. twi: cos=0.9735
2025-08-27 07:47:04,729 - INFO - 2. ibo: cos=0.9713
2025-08-27 07:47:04,729 - INFO - 3. sna: cos=0.9711
2025-08-27 07:47:04,729 - INFO - 4. zul: cos=0.9698
2025-08-27 07:47:04,729 - INFO - 5. fon: cos=0.9693
2025-08-27 07:47:04,729 - INFO - === Layer 7 (xlmr) — Worst 5 (cosine) ===
2025-08-27 07:47:04,729 - INFO - 1. swa: cos=0.9420
2025-08-27 07:47:04,729 - INFO - 2. pcm: cos=0.9469
2025-08-27 07:47:04,729 - INFO - 3. lug: cos=0.9536
2025-08-27 07:47:04,729 - INFO - 4. hau: cos=0.9557
2025-08-27 07:47:04,729 - INFO - 5. luo: cos=0.9573
2025-08-27 07:47:04,935 - INFO - === Layer 8 (xlmr) — Top 5 (cosine) ===
2025-08-27 07:47:04,935 - INFO - 1. twi: cos=0.9726
2025-08-27 07:47:04,935 - INFO - 2. mos: cos=0.9691
2025-08-27 07:47:04,935 - INFO - 3. bam: cos=0.9690
2025-08-27 07:47:04,935 - INFO - 4. fon: cos=0.9690
2025-08-27 07:47:04,935 - INFO - 5. sna: cos=0.9682
2025-08-27 07:47:04,935 - INFO - === Layer 8 (xlmr) — Worst 5 (cosine) ===
2025-08-27 07:47:04,935 - INFO - 1. pcm: cos=0.9396
2025-08-27 07:47:04,935 - INFO - 2. swa: cos=0.9412
2025-08-27 07:47:04,936 - INFO - 3. lug: cos=0.9504
2025-08-27 07:47:04,936 - INFO - 4. xho: cos=0.9545
2025-08-27 07:47:04,936 - INFO - 5. hau: cos=0.9555
2025-08-27 07:47:05,064 - INFO - === Layer 9 (xlmr) — Top 5 (cosine) ===
2025-08-27 07:47:05,064 - INFO - 1. twi: cos=0.9775
2025-08-27 07:47:05,064 - INFO - 2. bam: cos=0.9762
2025-08-27 07:47:05,064 - INFO - 3. nya: cos=0.9759
2025-08-27 07:47:05,064 - INFO - 4. mos: cos=0.9749
2025-08-27 07:47:05,064 - INFO - 5. fon: cos=0.9745
2025-08-27 07:47:05,064 - INFO - === Layer 9 (xlmr) — Worst 5 (cosine) ===
2025-08-27 07:47:05,064 - INFO - 1. swa: cos=0.9363
2025-08-27 07:47:05,064 - INFO - 2. pcm: cos=0.9582
2025-08-27 07:47:05,064 - INFO - 3. luo: cos=0.9591
2025-08-27 07:47:05,064 - INFO - 4. lug: cos=0.9596
2025-08-27 07:47:05,064 - INFO - 5. hau: cos=0.9601
2025-08-27 07:47:05,193 - INFO - === Layer 10 (xlmr) — Top 5 (cosine) ===
2025-08-27 07:47:05,193 - INFO - 1. nya: cos=0.9760
2025-08-27 07:47:05,193 - INFO - 2. twi: cos=0.9755
2025-08-27 07:47:05,193 - INFO - 3. mos: cos=0.9744
2025-08-27 07:47:05,193 - INFO - 4. bam: cos=0.9737
2025-08-27 07:47:05,193 - INFO - 5. tsn: cos=0.9728
2025-08-27 07:47:05,193 - INFO - === Layer 10 (xlmr) — Worst 5 (cosine) ===
2025-08-27 07:47:05,193 - INFO - 1. kin: cos=0.9422
2025-08-27 07:47:05,193 - INFO - 2. swa: cos=0.9467
2025-08-27 07:47:05,193 - INFO - 3. xho: cos=0.9540
2025-08-27 07:47:05,193 - INFO - 4. pcm: cos=0.9583
2025-08-27 07:47:05,193 - INFO - 5. lug: cos=0.9605
2025-08-27 07:47:05,324 - INFO - === Layer 11 (xlmr) — Top 5 (cosine) ===
2025-08-27 07:47:05,324 - INFO - 1. nya: cos=0.9802
2025-08-27 07:47:05,324 - INFO - 2. wol: cos=0.9779
2025-08-27 07:47:05,324 - INFO - 3. mos: cos=0.9774
2025-08-27 07:47:05,324 - INFO - 4. tsn: cos=0.9770
2025-08-27 07:47:05,324 - INFO - 5. sna: cos=0.9769
2025-08-27 07:47:05,324 - INFO - === Layer 11 (xlmr) — Worst 5 (cosine) ===
2025-08-27 07:47:05,324 - INFO - 1. fon: cos=0.9172
2025-08-27 07:47:05,324 - INFO - 2. twi: cos=0.9267
2025-08-27 07:47:05,324 - INFO - 3. swa: cos=0.9270
2025-08-27 07:47:05,324 - INFO - 4. bbj: cos=0.9588
2025-08-27 07:47:05,324 - INFO - 5. xho: cos=0.9608
2025-08-27 07:47:05,451 - INFO - === Layer 12 (xlmr) — Top 5 (cosine) ===
2025-08-27 07:47:05,451 - INFO - 1. nya: cos=0.9984
2025-08-27 07:47:05,451 - INFO - 2. wol: cos=0.9981
2025-08-27 07:47:05,451 - INFO - 3. kin: cos=0.9981
2025-08-27 07:47:05,451 - INFO - 4. tsn: cos=0.9981
2025-08-27 07:47:05,451 - INFO - 5. ibo: cos=0.9977
2025-08-27 07:47:05,451 - INFO - === Layer 12 (xlmr) — Worst 5 (cosine) ===
2025-08-27 07:47:05,451 - INFO - 1. hau: cos=0.9870
2025-08-27 07:47:05,451 - INFO - 2. fon: cos=0.9910
2025-08-27 07:47:05,451 - INFO - 3. swa: cos=0.9924
2025-08-27 07:47:05,451 - INFO - 4. twi: cos=0.9927
2025-08-27 07:47:05,451 - INFO - 5. lug: cos=0.9959
2025-08-27 07:47:05,452 - INFO - Experiment finished successfully.
