2025-08-27 10:10:12,070 - INFO - Start: model_type=xlmr, use_cls=True, use_context=True, context_window=2, max_tokens_per_type=400, batch_size=64, output_dir=rq2_train_scripts/Embeddings/CLEAN/outputs/combined/xlmr/config_3_clstrue_ctxtrue/tokens_400_ctx2/core, save_prototypes=False, seed=42, fp16=True, max_length=96, langs=all, layers=all, span_mode=bio, pool=mean, entity_tags={'LOC', 'DATE', 'PER', 'ORG'}, title_suffix='L=all, tokens=400, ctx=2, cls=true, fp16=true'
2025-08-27 10:10:14,022 - INFO - Processing run
2025-08-27 10:10:14,579 - INFO - Processing bam
2025-08-27 10:10:14,638 - INFO - Processing bbj
2025-08-27 10:10:14,688 - INFO - Processing ewe
2025-08-27 10:10:14,739 - INFO - Processing fon
2025-08-27 10:10:14,800 - INFO - Processing hau
2025-08-27 10:10:14,862 - INFO - Processing ibo
2025-08-27 10:10:14,954 - INFO - Processing kin
2025-08-27 10:10:15,033 - INFO - Processing lug
2025-08-27 10:10:15,123 - INFO - Processing luo
2025-08-27 10:10:15,184 - INFO - Processing mos
2025-08-27 10:10:15,249 - INFO - Processing nya
2025-08-27 10:10:15,316 - INFO - Processing pcm
2025-08-27 10:10:15,370 - INFO - Processing sna
2025-08-27 10:10:15,429 - INFO - Processing swa
2025-08-27 10:10:15,493 - INFO - Processing tsn
2025-08-27 10:10:15,542 - INFO - Processing twi
2025-08-27 10:10:15,602 - INFO - Processing wol
2025-08-27 10:10:15,672 - INFO - Processing xho
2025-08-27 10:10:15,718 - INFO - Processing yor
2025-08-27 10:10:15,799 - INFO - Processing zul
2025-08-27 10:10:16,264 - INFO - === Layer 1 (xlmr) — Top 5 (cosine) ===
2025-08-27 10:10:16,264 - INFO - 1. kin: cos=1.0000
2025-08-27 10:10:16,264 - INFO - 2. lug: cos=1.0000
2025-08-27 10:10:16,264 - INFO - 3. nya: cos=1.0000
2025-08-27 10:10:16,264 - INFO - 4. sna: cos=1.0000
2025-08-27 10:10:16,264 - INFO - 5. tsn: cos=1.0000
2025-08-27 10:10:16,264 - INFO - === Layer 1 (xlmr) — Worst 5 (cosine) ===
2025-08-27 10:10:16,264 - INFO - 1. fon: cos=0.9997
2025-08-27 10:10:16,264 - INFO - 2. bam: cos=0.9998
2025-08-27 10:10:16,264 - INFO - 3. hau: cos=0.9999
2025-08-27 10:10:16,264 - INFO - 4. ewe: cos=0.9999
2025-08-27 10:10:16,264 - INFO - 5. ibo: cos=0.9999
2025-08-27 10:10:16,408 - INFO - === Layer 2 (xlmr) — Top 5 (cosine) ===
2025-08-27 10:10:16,408 - INFO - 1. kin: cos=1.0000
2025-08-27 10:10:16,408 - INFO - 2. nya: cos=1.0000
2025-08-27 10:10:16,408 - INFO - 3. sna: cos=1.0000
2025-08-27 10:10:16,408 - INFO - 4. lug: cos=1.0000
2025-08-27 10:10:16,408 - INFO - 5. tsn: cos=1.0000
2025-08-27 10:10:16,408 - INFO - === Layer 2 (xlmr) — Worst 5 (cosine) ===
2025-08-27 10:10:16,408 - INFO - 1. fon: cos=1.0000
2025-08-27 10:10:16,408 - INFO - 2. bam: cos=1.0000
2025-08-27 10:10:16,408 - INFO - 3. hau: cos=1.0000
2025-08-27 10:10:16,408 - INFO - 4. swa: cos=1.0000
2025-08-27 10:10:16,408 - INFO - 5. pcm: cos=1.0000
2025-08-27 10:10:16,553 - INFO - === Layer 3 (xlmr) — Top 5 (cosine) ===
2025-08-27 10:10:16,553 - INFO - 1. sna: cos=1.0000
2025-08-27 10:10:16,553 - INFO - 2. xho: cos=1.0000
2025-08-27 10:10:16,553 - INFO - 3. kin: cos=1.0000
2025-08-27 10:10:16,553 - INFO - 4. nya: cos=1.0000
2025-08-27 10:10:16,553 - INFO - 5. lug: cos=1.0000
2025-08-27 10:10:16,553 - INFO - === Layer 3 (xlmr) — Worst 5 (cosine) ===
2025-08-27 10:10:16,553 - INFO - 1. pcm: cos=1.0000
2025-08-27 10:10:16,553 - INFO - 2. swa: cos=1.0000
2025-08-27 10:10:16,553 - INFO - 3. fon: cos=1.0000
2025-08-27 10:10:16,553 - INFO - 4. ewe: cos=1.0000
2025-08-27 10:10:16,553 - INFO - 5. luo: cos=1.0000
2025-08-27 10:10:16,671 - INFO - === Layer 4 (xlmr) — Top 5 (cosine) ===
2025-08-27 10:10:16,671 - INFO - 1. nya: cos=1.0000
2025-08-27 10:10:16,671 - INFO - 2. lug: cos=1.0000
2025-08-27 10:10:16,671 - INFO - 3. zul: cos=1.0000
2025-08-27 10:10:16,671 - INFO - 4. kin: cos=1.0000
2025-08-27 10:10:16,671 - INFO - 5. sna: cos=1.0000
2025-08-27 10:10:16,671 - INFO - === Layer 4 (xlmr) — Worst 5 (cosine) ===
2025-08-27 10:10:16,671 - INFO - 1. pcm: cos=1.0000
2025-08-27 10:10:16,671 - INFO - 2. swa: cos=1.0000
2025-08-27 10:10:16,671 - INFO - 3. hau: cos=1.0000
2025-08-27 10:10:16,671 - INFO - 4. ewe: cos=1.0000
2025-08-27 10:10:16,672 - INFO - 5. twi: cos=1.0000
2025-08-27 10:10:16,795 - INFO - === Layer 5 (xlmr) — Top 5 (cosine) ===
2025-08-27 10:10:16,795 - INFO - 1. lug: cos=1.0000
2025-08-27 10:10:16,796 - INFO - 2. sna: cos=1.0000
2025-08-27 10:10:16,796 - INFO - 3. nya: cos=1.0000
2025-08-27 10:10:16,796 - INFO - 4. kin: cos=1.0000
2025-08-27 10:10:16,796 - INFO - 5. xho: cos=1.0000
2025-08-27 10:10:16,796 - INFO - === Layer 5 (xlmr) — Worst 5 (cosine) ===
2025-08-27 10:10:16,796 - INFO - 1. fon: cos=1.0000
2025-08-27 10:10:16,796 - INFO - 2. bam: cos=1.0000
2025-08-27 10:10:16,796 - INFO - 3. pcm: cos=1.0000
2025-08-27 10:10:16,796 - INFO - 4. twi: cos=1.0000
2025-08-27 10:10:16,796 - INFO - 5. swa: cos=1.0000
2025-08-27 10:10:16,926 - INFO - === Layer 6 (xlmr) — Top 5 (cosine) ===
2025-08-27 10:10:16,926 - INFO - 1. sna: cos=1.0000
2025-08-27 10:10:16,926 - INFO - 2. lug: cos=1.0000
2025-08-27 10:10:16,926 - INFO - 3. nya: cos=1.0000
2025-08-27 10:10:16,926 - INFO - 4. xho: cos=1.0000
2025-08-27 10:10:16,926 - INFO - 5. tsn: cos=1.0000
2025-08-27 10:10:16,926 - INFO - === Layer 6 (xlmr) — Worst 5 (cosine) ===
2025-08-27 10:10:16,926 - INFO - 1. fon: cos=1.0000
2025-08-27 10:10:16,926 - INFO - 2. bam: cos=1.0000
2025-08-27 10:10:16,926 - INFO - 3. pcm: cos=1.0000
2025-08-27 10:10:16,926 - INFO - 4. twi: cos=1.0000
2025-08-27 10:10:16,926 - INFO - 5. swa: cos=1.0000
2025-08-27 10:10:17,054 - INFO - === Layer 7 (xlmr) — Top 5 (cosine) ===
2025-08-27 10:10:17,054 - INFO - 1. ibo: cos=1.0000
2025-08-27 10:10:17,054 - INFO - 2. xho: cos=1.0000
2025-08-27 10:10:17,054 - INFO - 3. lug: cos=1.0000
2025-08-27 10:10:17,054 - INFO - 4. pcm: cos=1.0000
2025-08-27 10:10:17,054 - INFO - 5. bam: cos=1.0000
2025-08-27 10:10:17,054 - INFO - === Layer 7 (xlmr) — Worst 5 (cosine) ===
2025-08-27 10:10:17,054 - INFO - 1. hau: cos=1.0000
2025-08-27 10:10:17,054 - INFO - 2. ewe: cos=1.0000
2025-08-27 10:10:17,054 - INFO - 3. twi: cos=1.0000
2025-08-27 10:10:17,054 - INFO - 4. swa: cos=1.0000
2025-08-27 10:10:17,054 - INFO - 5. nya: cos=1.0000
2025-08-27 10:10:17,245 - INFO - === Layer 8 (xlmr) — Top 5 (cosine) ===
2025-08-27 10:10:17,245 - INFO - 1. kin: cos=1.0000
2025-08-27 10:10:17,245 - INFO - 2. nya: cos=1.0000
2025-08-27 10:10:17,245 - INFO - 3. xho: cos=1.0000
2025-08-27 10:10:17,245 - INFO - 4. lug: cos=1.0000
2025-08-27 10:10:17,245 - INFO - 5. sna: cos=1.0000
2025-08-27 10:10:17,245 - INFO - === Layer 8 (xlmr) — Worst 5 (cosine) ===
2025-08-27 10:10:17,245 - INFO - 1. yor: cos=1.0000
2025-08-27 10:10:17,245 - INFO - 2. mos: cos=1.0000
2025-08-27 10:10:17,245 - INFO - 3. bbj: cos=1.0000
2025-08-27 10:10:17,245 - INFO - 4. hau: cos=1.0000
2025-08-27 10:10:17,245 - INFO - 5. bam: cos=1.0000
2025-08-27 10:10:17,364 - INFO - === Layer 9 (xlmr) — Top 5 (cosine) ===
2025-08-27 10:10:17,364 - INFO - 1. fon: cos=1.0000
2025-08-27 10:10:17,364 - INFO - 2. nya: cos=1.0000
2025-08-27 10:10:17,364 - INFO - 3. tsn: cos=1.0000
2025-08-27 10:10:17,364 - INFO - 4. swa: cos=1.0000
2025-08-27 10:10:17,364 - INFO - 5. hau: cos=1.0000
2025-08-27 10:10:17,364 - INFO - === Layer 9 (xlmr) — Worst 5 (cosine) ===
2025-08-27 10:10:17,364 - INFO - 1. bam: cos=1.0000
2025-08-27 10:10:17,364 - INFO - 2. yor: cos=1.0000
2025-08-27 10:10:17,364 - INFO - 3. luo: cos=1.0000
2025-08-27 10:10:17,364 - INFO - 4. zul: cos=1.0000
2025-08-27 10:10:17,364 - INFO - 5. mos: cos=1.0000
2025-08-27 10:10:17,503 - INFO - === Layer 10 (xlmr) — Top 5 (cosine) ===
2025-08-27 10:10:17,504 - INFO - 1. ibo: cos=1.0000
2025-08-27 10:10:17,504 - INFO - 2. fon: cos=1.0000
2025-08-27 10:10:17,504 - INFO - 3. wol: cos=1.0000
2025-08-27 10:10:17,504 - INFO - 4. kin: cos=1.0000
2025-08-27 10:10:17,504 - INFO - 5. ewe: cos=1.0000
2025-08-27 10:10:17,504 - INFO - === Layer 10 (xlmr) — Worst 5 (cosine) ===
2025-08-27 10:10:17,504 - INFO - 1. pcm: cos=1.0000
2025-08-27 10:10:17,504 - INFO - 2. swa: cos=1.0000
2025-08-27 10:10:17,504 - INFO - 3. tsn: cos=1.0000
2025-08-27 10:10:17,504 - INFO - 4. lug: cos=1.0000
2025-08-27 10:10:17,504 - INFO - 5. bbj: cos=1.0000
2025-08-27 10:10:17,629 - INFO - === Layer 11 (xlmr) — Top 5 (cosine) ===
2025-08-27 10:10:17,630 - INFO - 1. xho: cos=1.0000
2025-08-27 10:10:17,630 - INFO - 2. ewe: cos=1.0000
2025-08-27 10:10:17,630 - INFO - 3. sna: cos=1.0000
2025-08-27 10:10:17,630 - INFO - 4. twi: cos=1.0000
2025-08-27 10:10:17,630 - INFO - 5. zul: cos=1.0000
2025-08-27 10:10:17,630 - INFO - === Layer 11 (xlmr) — Worst 5 (cosine) ===
2025-08-27 10:10:17,630 - INFO - 1. yor: cos=0.9999
2025-08-27 10:10:17,630 - INFO - 2. nya: cos=0.9999
2025-08-27 10:10:17,630 - INFO - 3. swa: cos=0.9999
2025-08-27 10:10:17,630 - INFO - 4. luo: cos=0.9999
2025-08-27 10:10:17,630 - INFO - 5. tsn: cos=0.9999
2025-08-27 10:10:17,757 - INFO - === Layer 12 (xlmr) — Top 5 (cosine) ===
2025-08-27 10:10:17,757 - INFO - 1. pcm: cos=0.9995
2025-08-27 10:10:17,757 - INFO - 2. sna: cos=0.9992
2025-08-27 10:10:17,757 - INFO - 3. mos: cos=0.9990
2025-08-27 10:10:17,757 - INFO - 4. lug: cos=0.9989
2025-08-27 10:10:17,757 - INFO - 5. swa: cos=0.9984
2025-08-27 10:10:17,758 - INFO - === Layer 12 (xlmr) — Worst 5 (cosine) ===
2025-08-27 10:10:17,758 - INFO - 1. zul: cos=0.9816
2025-08-27 10:10:17,758 - INFO - 2. fon: cos=0.9911
2025-08-27 10:10:17,758 - INFO - 3. xho: cos=0.9923
2025-08-27 10:10:17,758 - INFO - 4. yor: cos=0.9954
2025-08-27 10:10:17,758 - INFO - 5. ewe: cos=0.9954
2025-08-27 10:10:17,758 - INFO - Experiment finished successfully.
