2025-08-03 07:34:49,645 - INFO - Experiment started with model_type=mbert, use_cls=True, use_context=False, context_window=3, use_hybrid=False, max_tokens_per_type=200, output_dir=rq2_train_scripts/Embeddings/MEXA_inspired_strategy/outputs/mptc/mbert/config_1_clstrue_ctxfalse_hybfalse/tokens_200_ctx3
2025-08-03 07:34:50,683 - INFO - Processing run
2025-08-03 07:34:51,922 - INFO - Processing bam
2025-08-03 07:34:53,317 - INFO - Processing bbj
2025-08-03 07:34:54,693 - INFO - Processing ewe
2025-08-03 07:34:56,064 - INFO - Processing fon
2025-08-03 07:34:57,470 - INFO - Processing hau
2025-08-03 07:34:58,879 - INFO - Processing ibo
2025-08-03 07:35:00,327 - INFO - Processing kin
2025-08-03 07:35:01,723 - INFO - Processing lug
2025-08-03 07:35:03,102 - INFO - Processing luo
2025-08-03 07:35:04,505 - INFO - Processing mos
2025-08-03 07:35:05,902 - INFO - Processing nya
2025-08-03 07:35:07,313 - INFO - Processing pcm
2025-08-03 07:35:08,707 - INFO - Processing sna
2025-08-03 07:35:10,118 - INFO - Processing swa
2025-08-03 07:35:11,511 - INFO - Processing tsn
2025-08-03 07:35:12,872 - INFO - Processing twi
2025-08-03 07:35:14,245 - INFO - Processing wol
2025-08-03 07:35:15,632 - INFO - Processing xho
2025-08-03 07:35:17,012 - INFO - Processing yor
2025-08-03 07:35:18,436 - INFO - Processing zul
2025-08-03 07:35:20,268 - INFO - Top 5 languages most similar to Runyankore:
2025-08-03 07:35:20,268 - INFO - 1. lug - Mean Similarity: 0.9632
2025-08-03 07:35:20,268 - INFO - 2. kin - Mean Similarity: 0.9615
2025-08-03 07:35:20,268 - INFO - 3. twi - Mean Similarity: 0.9582
2025-08-03 07:35:20,268 - INFO - 4. swa - Mean Similarity: 0.9569
2025-08-03 07:35:20,268 - INFO - 5. luo - Mean Similarity: 0.9566
2025-08-03 07:35:20,268 - INFO - Experiment finished successfully.
