2025-08-27 07:43:01,934 - INFO - Start: model_type=xlmr, use_cls=False, use_context=False, context_window=3, max_tokens_per_type=500, batch_size=64, output_dir=rq2_train_scripts/Embeddings/CLEAN/outputs/mptc/xlmr/config_0_clsfalse_ctxfalse/tokens_500_ctx3, save_prototypes=False, seed=42, fp16=True, max_length=96, langs=all, layers=all, span_mode=bio, pool=mean, entity_tags={'LOC', 'DATE', 'ORG', 'PER'}, title_suffix='L=all, tokens=500, ctx=3, cls=false, fp16=true'
2025-08-27 07:43:04,093 - INFO - Processing run
2025-08-27 07:43:04,614 - INFO - Processing bam
2025-08-27 07:43:04,780 - INFO - Processing bbj
2025-08-27 07:43:04,941 - INFO - Processing ewe
2025-08-27 07:43:05,106 - INFO - Processing fon
2025-08-27 07:43:05,284 - INFO - Processing hau
2025-08-27 07:43:05,459 - INFO - Processing ibo
2025-08-27 07:43:05,663 - INFO - Processing kin
2025-08-27 07:43:05,844 - INFO - Processing lug
2025-08-27 07:43:06,044 - INFO - Processing luo
2025-08-27 07:43:06,216 - INFO - Processing mos
2025-08-27 07:43:06,394 - INFO - Processing nya
2025-08-27 07:43:06,569 - INFO - Processing pcm
2025-08-27 07:43:06,731 - INFO - Processing sna
2025-08-27 07:43:06,889 - INFO - Processing swa
2025-08-27 07:43:07,071 - INFO - Processing tsn
2025-08-27 07:43:07,237 - INFO - Processing twi
2025-08-27 07:43:07,413 - INFO - Processing wol
2025-08-27 07:43:07,588 - INFO - Processing xho
2025-08-27 07:43:07,751 - INFO - Processing yor
2025-08-27 07:43:07,957 - INFO - Processing zul
2025-08-27 07:43:08,557 - INFO - === Layer 1 (xlmr) — Top 5 (cosine) ===
2025-08-27 07:43:08,557 - INFO - 1. kin: cos=0.9615
2025-08-27 07:43:08,557 - INFO - 2. twi: cos=0.9532
2025-08-27 07:43:08,557 - INFO - 3. ibo: cos=0.9516
2025-08-27 07:43:08,557 - INFO - 4. luo: cos=0.9505
2025-08-27 07:43:08,557 - INFO - 5. sna: cos=0.9472
2025-08-27 07:43:08,557 - INFO - === Layer 1 (xlmr) — Worst 5 (cosine) ===
2025-08-27 07:43:08,557 - INFO - 1. hau: cos=0.8871
2025-08-27 07:43:08,557 - INFO - 2. fon: cos=0.8915
2025-08-27 07:43:08,557 - INFO - 3. mos: cos=0.8940
2025-08-27 07:43:08,557 - INFO - 4. bbj: cos=0.9096
2025-08-27 07:43:08,557 - INFO - 5. yor: cos=0.9096
2025-08-27 07:43:08,690 - INFO - === Layer 2 (xlmr) — Top 5 (cosine) ===
2025-08-27 07:43:08,690 - INFO - 1. kin: cos=0.9835
2025-08-27 07:43:08,690 - INFO - 2. twi: cos=0.9801
2025-08-27 07:43:08,690 - INFO - 3. ibo: cos=0.9800
2025-08-27 07:43:08,690 - INFO - 4. luo: cos=0.9794
2025-08-27 07:43:08,690 - INFO - 5. tsn: cos=0.9763
2025-08-27 07:43:08,690 - INFO - === Layer 2 (xlmr) — Worst 5 (cosine) ===
2025-08-27 07:43:08,690 - INFO - 1. hau: cos=0.9501
2025-08-27 07:43:08,690 - INFO - 2. mos: cos=0.9530
2025-08-27 07:43:08,690 - INFO - 3. fon: cos=0.9534
2025-08-27 07:43:08,690 - INFO - 4. pcm: cos=0.9604
2025-08-27 07:43:08,690 - INFO - 5. yor: cos=0.9612
2025-08-27 07:43:08,835 - INFO - === Layer 3 (xlmr) — Top 5 (cosine) ===
2025-08-27 07:43:08,835 - INFO - 1. kin: cos=0.9880
2025-08-27 07:43:08,835 - INFO - 2. twi: cos=0.9842
2025-08-27 07:43:08,835 - INFO - 3. luo: cos=0.9840
2025-08-27 07:43:08,835 - INFO - 4. ibo: cos=0.9824
2025-08-27 07:43:08,835 - INFO - 5. tsn: cos=0.9822
2025-08-27 07:43:08,835 - INFO - === Layer 3 (xlmr) — Worst 5 (cosine) ===
2025-08-27 07:43:08,835 - INFO - 1. hau: cos=0.9604
2025-08-27 07:43:08,835 - INFO - 2. mos: cos=0.9671
2025-08-27 07:43:08,835 - INFO - 3. pcm: cos=0.9690
2025-08-27 07:43:08,835 - INFO - 4. fon: cos=0.9696
2025-08-27 07:43:08,835 - INFO - 5. bbj: cos=0.9724
2025-08-27 07:43:08,974 - INFO - === Layer 4 (xlmr) — Top 5 (cosine) ===
2025-08-27 07:43:08,974 - INFO - 1. kin: cos=0.9869
2025-08-27 07:43:08,974 - INFO - 2. twi: cos=0.9836
2025-08-27 07:43:08,974 - INFO - 3. luo: cos=0.9831
2025-08-27 07:43:08,974 - INFO - 4. tsn: cos=0.9803
2025-08-27 07:43:08,974 - INFO - 5. zul: cos=0.9801
2025-08-27 07:43:08,974 - INFO - === Layer 4 (xlmr) — Worst 5 (cosine) ===
2025-08-27 07:43:08,974 - INFO - 1. hau: cos=0.9543
2025-08-27 07:43:08,974 - INFO - 2. fon: cos=0.9670
2025-08-27 07:43:08,974 - INFO - 3. pcm: cos=0.9675
2025-08-27 07:43:08,974 - INFO - 4. mos: cos=0.9684
2025-08-27 07:43:08,974 - INFO - 5. bbj: cos=0.9693
2025-08-27 07:43:09,105 - INFO - === Layer 5 (xlmr) — Top 5 (cosine) ===
2025-08-27 07:43:09,105 - INFO - 1. kin: cos=0.9881
2025-08-27 07:43:09,105 - INFO - 2. twi: cos=0.9857
2025-08-27 07:43:09,105 - INFO - 3. luo: cos=0.9846
2025-08-27 07:43:09,105 - INFO - 4. tsn: cos=0.9822
2025-08-27 07:43:09,105 - INFO - 5. zul: cos=0.9821
2025-08-27 07:43:09,105 - INFO - === Layer 5 (xlmr) — Worst 5 (cosine) ===
2025-08-27 07:43:09,105 - INFO - 1. hau: cos=0.9580
2025-08-27 07:43:09,105 - INFO - 2. fon: cos=0.9693
2025-08-27 07:43:09,105 - INFO - 3. bbj: cos=0.9703
2025-08-27 07:43:09,105 - INFO - 4. pcm: cos=0.9727
2025-08-27 07:43:09,105 - INFO - 5. bam: cos=0.9741
2025-08-27 07:43:09,235 - INFO - === Layer 6 (xlmr) — Top 5 (cosine) ===
2025-08-27 07:43:09,235 - INFO - 1. kin: cos=0.9838
2025-08-27 07:43:09,235 - INFO - 2. twi: cos=0.9812
2025-08-27 07:43:09,235 - INFO - 3. luo: cos=0.9797
2025-08-27 07:43:09,235 - INFO - 4. ibo: cos=0.9747
2025-08-27 07:43:09,235 - INFO - 5. tsn: cos=0.9742
2025-08-27 07:43:09,235 - INFO - === Layer 6 (xlmr) — Worst 5 (cosine) ===
2025-08-27 07:43:09,235 - INFO - 1. hau: cos=0.9525
2025-08-27 07:43:09,235 - INFO - 2. bbj: cos=0.9580
2025-08-27 07:43:09,235 - INFO - 3. pcm: cos=0.9585
2025-08-27 07:43:09,235 - INFO - 4. fon: cos=0.9609
2025-08-27 07:43:09,235 - INFO - 5. bam: cos=0.9641
2025-08-27 07:43:09,364 - INFO - === Layer 7 (xlmr) — Top 5 (cosine) ===
2025-08-27 07:43:09,364 - INFO - 1. kin: cos=0.9872
2025-08-27 07:43:09,364 - INFO - 2. twi: cos=0.9862
2025-08-27 07:43:09,364 - INFO - 3. luo: cos=0.9837
2025-08-27 07:43:09,364 - INFO - 4. tsn: cos=0.9808
2025-08-27 07:43:09,364 - INFO - 5. zul: cos=0.9801
2025-08-27 07:43:09,364 - INFO - === Layer 7 (xlmr) — Worst 5 (cosine) ===
2025-08-27 07:43:09,364 - INFO - 1. hau: cos=0.9635
2025-08-27 07:43:09,364 - INFO - 2. bbj: cos=0.9677
2025-08-27 07:43:09,364 - INFO - 3. fon: cos=0.9688
2025-08-27 07:43:09,364 - INFO - 4. pcm: cos=0.9705
2025-08-27 07:43:09,364 - INFO - 5. mos: cos=0.9726
2025-08-27 07:43:09,493 - INFO - === Layer 8 (xlmr) — Top 5 (cosine) ===
2025-08-27 07:43:09,493 - INFO - 1. kin: cos=0.9864
2025-08-27 07:43:09,493 - INFO - 2. twi: cos=0.9853
2025-08-27 07:43:09,493 - INFO - 3. luo: cos=0.9830
2025-08-27 07:43:09,493 - INFO - 4. tsn: cos=0.9804
2025-08-27 07:43:09,493 - INFO - 5. ibo: cos=0.9795
2025-08-27 07:43:09,493 - INFO - === Layer 8 (xlmr) — Worst 5 (cosine) ===
2025-08-27 07:43:09,493 - INFO - 1. hau: cos=0.9603
2025-08-27 07:43:09,493 - INFO - 2. bbj: cos=0.9662
2025-08-27 07:43:09,493 - INFO - 3. bam: cos=0.9666
2025-08-27 07:43:09,493 - INFO - 4. pcm: cos=0.9673
2025-08-27 07:43:09,493 - INFO - 5. fon: cos=0.9677
2025-08-27 07:43:09,691 - INFO - === Layer 9 (xlmr) — Top 5 (cosine) ===
2025-08-27 07:43:09,691 - INFO - 1. ibo: cos=0.9858
2025-08-27 07:43:09,691 - INFO - 2. kin: cos=0.9856
2025-08-27 07:43:09,691 - INFO - 3. twi: cos=0.9839
2025-08-27 07:43:09,691 - INFO - 4. zul: cos=0.9838
2025-08-27 07:43:09,691 - INFO - 5. luo: cos=0.9829
2025-08-27 07:43:09,691 - INFO - === Layer 9 (xlmr) — Worst 5 (cosine) ===
2025-08-27 07:43:09,691 - INFO - 1. pcm: cos=0.9623
2025-08-27 07:43:09,691 - INFO - 2. hau: cos=0.9654
2025-08-27 07:43:09,691 - INFO - 3. swa: cos=0.9679
2025-08-27 07:43:09,691 - INFO - 4. lug: cos=0.9698
2025-08-27 07:43:09,691 - INFO - 5. bam: cos=0.9716
2025-08-27 07:43:09,818 - INFO - === Layer 10 (xlmr) — Top 5 (cosine) ===
2025-08-27 07:43:09,818 - INFO - 1. ewe: cos=0.9840
2025-08-27 07:43:09,818 - INFO - 2. kin: cos=0.9822
2025-08-27 07:43:09,818 - INFO - 3. twi: cos=0.9819
2025-08-27 07:43:09,818 - INFO - 4. ibo: cos=0.9819
2025-08-27 07:43:09,818 - INFO - 5. mos: cos=0.9805
2025-08-27 07:43:09,818 - INFO - === Layer 10 (xlmr) — Worst 5 (cosine) ===
2025-08-27 07:43:09,818 - INFO - 1. hau: cos=0.9643
2025-08-27 07:43:09,818 - INFO - 2. bam: cos=0.9663
2025-08-27 07:43:09,818 - INFO - 3. pcm: cos=0.9686
2025-08-27 07:43:09,818 - INFO - 4. lug: cos=0.9695
2025-08-27 07:43:09,818 - INFO - 5. bbj: cos=0.9756
2025-08-27 07:43:09,940 - INFO - === Layer 11 (xlmr) — Top 5 (cosine) ===
2025-08-27 07:43:09,940 - INFO - 1. ewe: cos=0.9863
2025-08-27 07:43:09,940 - INFO - 2. twi: cos=0.9842
2025-08-27 07:43:09,940 - INFO - 3. ibo: cos=0.9842
2025-08-27 07:43:09,940 - INFO - 4. kin: cos=0.9832
2025-08-27 07:43:09,940 - INFO - 5. mos: cos=0.9821
2025-08-27 07:43:09,940 - INFO - === Layer 11 (xlmr) — Worst 5 (cosine) ===
2025-08-27 07:43:09,940 - INFO - 1. hau: cos=0.9688
2025-08-27 07:43:09,940 - INFO - 2. lug: cos=0.9695
2025-08-27 07:43:09,940 - INFO - 3. bam: cos=0.9705
2025-08-27 07:43:09,940 - INFO - 4. pcm: cos=0.9754
2025-08-27 07:43:09,940 - INFO - 5. wol: cos=0.9778
2025-08-27 07:43:10,063 - INFO - === Layer 12 (xlmr) — Top 5 (cosine) ===
2025-08-27 07:43:10,063 - INFO - 1. ewe: cos=0.9986
2025-08-27 07:43:10,063 - INFO - 2. twi: cos=0.9985
2025-08-27 07:43:10,063 - INFO - 3. ibo: cos=0.9984
2025-08-27 07:43:10,063 - INFO - 4. kin: cos=0.9983
2025-08-27 07:43:10,063 - INFO - 5. zul: cos=0.9983
2025-08-27 07:43:10,063 - INFO - === Layer 12 (xlmr) — Worst 5 (cosine) ===
2025-08-27 07:43:10,063 - INFO - 1. hau: cos=0.9969
2025-08-27 07:43:10,063 - INFO - 2. bam: cos=0.9969
2025-08-27 07:43:10,063 - INFO - 3. lug: cos=0.9970
2025-08-27 07:43:10,063 - INFO - 4. pcm: cos=0.9972
2025-08-27 07:43:10,063 - INFO - 5. swa: cos=0.9977
2025-08-27 07:43:10,064 - INFO - Experiment finished successfully.
ly.
