2025-08-03 06:22:19,855 - INFO - Experiment started with model_type=xlmr, use_cls=True, use_context=False, context_window=1, use_hybrid=True, max_tokens_per_type=200, output_dir=rq2_train_scripts/Embeddings/MEXA_inspired_strategy/outputs/mptc/xlmr/config_5_clstrue_ctxfalse_hybtrue/tokens_200_ctx1
2025-08-03 06:22:21,309 - INFO - Processing run
2025-08-03 06:22:22,824 - INFO - Processing bam
2025-08-03 06:22:24,534 - INFO - Processing bbj
2025-08-03 06:22:26,223 - INFO - Processing ewe
2025-08-03 06:22:27,899 - INFO - Processing fon
2025-08-03 06:22:29,603 - INFO - Processing hau
2025-08-03 06:22:31,307 - INFO - Processing ibo
2025-08-03 06:22:33,045 - INFO - Processing kin
2025-08-03 06:22:34,752 - INFO - Processing lug
2025-08-03 06:22:36,435 - INFO - Processing luo
2025-08-03 06:22:38,136 - INFO - Processing mos
2025-08-03 06:22:39,841 - INFO - Processing nya
2025-08-03 06:22:41,561 - INFO - Processing pcm
2025-08-03 06:22:43,244 - INFO - Processing sna
2025-08-03 06:22:44,954 - INFO - Processing swa
2025-08-03 06:22:46,650 - INFO - Processing tsn
2025-08-03 06:22:48,331 - INFO - Processing twi
2025-08-03 06:22:50,023 - INFO - Processing wol
2025-08-03 06:22:51,739 - INFO - Processing xho
2025-08-03 06:22:53,434 - INFO - Processing yor
2025-08-03 06:22:55,172 - INFO - Processing zul
2025-08-03 06:22:57,323 - INFO - Top 5 languages most similar to Runyankore:
2025-08-03 06:22:57,323 - INFO - 1. lug - Mean Similarity: 0.9198
2025-08-03 06:22:57,323 - INFO - 2. luo - Mean Similarity: 0.9123
2025-08-03 06:22:57,323 - INFO - 3. tsn - Mean Similarity: 0.9074
2025-08-03 06:22:57,323 - INFO - 4. nya - Mean Similarity: 0.9062
2025-08-03 06:22:57,323 - INFO - 5. kin - Mean Similarity: 0.9060
2025-08-03 06:22:57,323 - INFO - Experiment finished successfully.
