2025-08-03 06:15:16,886 - INFO - Experiment started with model_type=xlmr, use_cls=True, use_context=True, context_window=3, use_hybrid=False, max_tokens_per_type=400, output_dir=rq2_train_scripts/Embeddings/MEXA_inspired_strategy/outputs/mptc/xlmr/config_4_clstrue_ctxtrue_hybfalse/tokens_400_ctx3
2025-08-03 06:15:18,391 - INFO - Processing run
2025-08-03 06:15:20,471 - INFO - Processing bam
2025-08-03 06:15:23,688 - INFO - Processing bbj
2025-08-03 06:15:27,116 - INFO - Processing ewe
2025-08-03 06:15:30,549 - INFO - Processing fon
2025-08-03 06:15:34,012 - INFO - Processing hau
2025-08-03 06:15:37,498 - INFO - Processing ibo
2025-08-03 06:15:41,006 - INFO - Processing kin
2025-08-03 06:15:44,517 - INFO - Processing lug
2025-08-03 06:15:48,005 - INFO - Processing luo
2025-08-03 06:15:51,493 - INFO - Processing mos
2025-08-03 06:15:54,998 - INFO - Processing nya
2025-08-03 06:15:58,485 - INFO - Processing pcm
2025-08-03 06:16:01,956 - INFO - Processing sna
2025-08-03 06:16:05,446 - INFO - Processing swa
2025-08-03 06:16:08,924 - INFO - Processing tsn
2025-08-03 06:16:12,384 - INFO - Processing twi
2025-08-03 06:16:15,844 - INFO - Processing wol
2025-08-03 06:16:19,305 - INFO - Processing xho
2025-08-03 06:16:22,776 - INFO - Processing yor
2025-08-03 06:16:26,282 - INFO - Processing zul
2025-08-03 06:16:30,229 - INFO - Top 5 languages most similar to Runyankore:
2025-08-03 06:16:30,229 - INFO - 1. tsn - Mean Similarity: 0.9972
2025-08-03 06:16:30,229 - INFO - 2. xho - Mean Similarity: 0.9971
2025-08-03 06:16:30,229 - INFO - 3. zul - Mean Similarity: 0.9971
2025-08-03 06:16:30,229 - INFO - 4. ewe - Mean Similarity: 0.9966
2025-08-03 06:16:30,229 - INFO - 5. bam - Mean Similarity: 0.9964
2025-08-03 06:16:30,229 - INFO - Experiment finished successfully.
