2025-08-03 08:03:18,689 - INFO - Experiment started with model_type=mbert, use_cls=False, use_context=False, context_window=3, use_hybrid=True, max_tokens_per_type=200, output_dir=rq2_train_scripts/Embeddings/MEXA_inspired_strategy/outputs/mptc/mbert/config_3_clsfalse_ctxfalse_hybtrue/tokens_200_ctx3
2025-08-03 08:03:19,721 - INFO - Processing run
2025-08-03 08:03:20,975 - INFO - Processing bam
2025-08-03 08:03:22,376 - INFO - Processing bbj
2025-08-03 08:03:23,758 - INFO - Processing ewe
2025-08-03 08:03:25,129 - INFO - Processing fon
2025-08-03 08:03:26,532 - INFO - Processing hau
2025-08-03 08:03:27,947 - INFO - Processing ibo
2025-08-03 08:03:29,396 - INFO - Processing kin
2025-08-03 08:03:30,804 - INFO - Processing lug
2025-08-03 08:03:32,166 - INFO - Processing luo
2025-08-03 08:03:33,554 - INFO - Processing mos
2025-08-03 08:03:34,937 - INFO - Processing nya
2025-08-03 08:03:36,333 - INFO - Processing pcm
2025-08-03 08:03:37,712 - INFO - Processing sna
2025-08-03 08:03:39,109 - INFO - Processing swa
2025-08-03 08:03:40,511 - INFO - Processing tsn
2025-08-03 08:03:41,887 - INFO - Processing twi
2025-08-03 08:03:43,270 - INFO - Processing wol
2025-08-03 08:03:44,675 - INFO - Processing xho
2025-08-03 08:03:46,062 - INFO - Processing yor
2025-08-03 08:03:47,490 - INFO - Processing zul
2025-08-03 08:03:49,317 - INFO - Top 5 languages most similar to Runyankore:
2025-08-03 08:03:49,317 - INFO - 1. kin - Mean Similarity: 0.5502
2025-08-03 08:03:49,317 - INFO - 2. lug - Mean Similarity: 0.5458
2025-08-03 08:03:49,317 - INFO - 3. luo - Mean Similarity: 0.5447
2025-08-03 08:03:49,317 - INFO - 4. ibo - Mean Similarity: 0.5380
2025-08-03 08:03:49,317 - INFO - 5. swa - Mean Similarity: 0.5377
2025-08-03 08:03:49,318 - INFO - Experiment finished successfully.
