2025-08-24 11:37:22,089 - INFO - Start: model_type=mbert, run_both=False, use_cls=True, use_context=False, context_window=3, max_tokens_per_type=500, batch_size=32, seed=1, num_middle_layers=3, output_dir=rq2_train_scripts/Embeddings/EXTENDED/outputs/salt_extended/mbert/config_1_clstrue_ctxfalse_hybfalse/tokens_500_ctx3
2025-08-24 11:37:22,639 - INFO - mbert: selected layer indices (hidden_states) = [2, 3, 10, 12]
2025-08-24 11:37:23,564 - INFO - Processing run
2025-08-24 11:37:24,118 - INFO - Processing bam
2025-08-24 11:37:24,292 - INFO - Processing bbj
2025-08-24 11:37:24,452 - INFO - Processing ewe
2025-08-24 11:37:24,596 - INFO - Processing fon
2025-08-24 11:37:24,730 - INFO - Processing hau
2025-08-24 11:37:24,907 - INFO - Processing ibo
2025-08-24 11:37:25,094 - INFO - Processing kin
2025-08-24 11:37:25,266 - INFO - Processing lug
2025-08-24 11:37:25,428 - INFO - Processing luo
2025-08-24 11:37:25,611 - INFO - Processing mos
2025-08-24 11:37:25,769 - INFO - Processing nya
2025-08-24 11:37:25,883 - INFO - Processing pcm
2025-08-24 11:37:25,965 - INFO - Processing sna
2025-08-24 11:37:26,057 - INFO - Processing swa
2025-08-24 11:37:26,152 - INFO - Processing tsn
2025-08-24 11:37:26,238 - INFO - Processing twi
2025-08-24 11:37:26,328 - INFO - Processing wol
2025-08-24 11:37:26,419 - INFO - Processing xho
2025-08-24 11:37:26,509 - INFO - Processing yor
2025-08-24 11:37:26,642 - INFO - Processing zul
2025-08-24 11:37:27,026 - INFO - Layer 2 (mbert) — Top 5
2025-08-24 11:37:27,026 - INFO - 1. luo: r=0.9999
2025-08-24 11:37:27,026 - INFO - 2. ibo: r=0.9999
2025-08-24 11:37:27,026 - INFO - 3. kin: r=0.9999
2025-08-24 11:37:27,026 - INFO - 4. twi: r=0.9999
2025-08-24 11:37:27,026 - INFO - 5. tsn: r=0.9999
2025-08-24 11:37:27,026 - INFO - Layer 2 (mbert) — Worst 5
2025-08-24 11:37:27,026 - INFO - 1. ewe: r=0.9993
2025-08-24 11:37:27,026 - INFO - 2. bbj: r=0.9994
2025-08-24 11:37:27,026 - INFO - 3. xho: r=0.9997
2025-08-24 11:37:27,026 - INFO - 4. mos: r=0.9997
2025-08-24 11:37:27,026 - INFO - 5. pcm: r=0.9998
2025-08-24 11:37:27,163 - INFO - Layer 3 (mbert) — Top 5
2025-08-24 11:37:27,163 - INFO - 1. luo: r=1.0000
2025-08-24 11:37:27,163 - INFO - 2. kin: r=1.0000
2025-08-24 11:37:27,163 - INFO - 3. lug: r=1.0000
2025-08-24 11:37:27,163 - INFO - 4. ibo: r=1.0000
2025-08-24 11:37:27,163 - INFO - 5. twi: r=1.0000
2025-08-24 11:37:27,163 - INFO - Layer 3 (mbert) — Worst 5
2025-08-24 11:37:27,163 - INFO - 1. bbj: r=0.9999
2025-08-24 11:37:27,163 - INFO - 2. ewe: r=0.9999
2025-08-24 11:37:27,163 - INFO - 3. mos: r=0.9999
2025-08-24 11:37:27,163 - INFO - 4. xho: r=0.9999
2025-08-24 11:37:27,164 - INFO - 5. pcm: r=1.0000
2025-08-24 11:37:27,285 - INFO - Layer 10 (mbert) — Top 5
2025-08-24 11:37:27,285 - INFO - 1. luo: r=0.9903
2025-08-24 11:37:27,285 - INFO - 2. swa: r=0.9901
2025-08-24 11:37:27,285 - INFO - 3. kin: r=0.9900
2025-08-24 11:37:27,285 - INFO - 4. lug: r=0.9899
2025-08-24 11:37:27,285 - INFO - 5. twi: r=0.9896
2025-08-24 11:37:27,285 - INFO - Layer 10 (mbert) — Worst 5
2025-08-24 11:37:27,285 - INFO - 1. yor: r=0.9643
2025-08-24 11:37:27,285 - INFO - 2. bbj: r=0.9678
2025-08-24 11:37:27,285 - INFO - 3. mos: r=0.9753
2025-08-24 11:37:27,285 - INFO - 4. fon: r=0.9773
2025-08-24 11:37:27,285 - INFO - 5. pcm: r=0.9787
2025-08-24 11:37:27,402 - INFO - Layer 12 (mbert) — Top 5
2025-08-24 11:37:27,403 - INFO - 1. lug: r=0.9736
2025-08-24 11:37:27,403 - INFO - 2. twi: r=0.9716
2025-08-24 11:37:27,403 - INFO - 3. kin: r=0.9695
2025-08-24 11:37:27,403 - INFO - 4. swa: r=0.9662
2025-08-24 11:37:27,403 - INFO - 5. luo: r=0.9655
2025-08-24 11:37:27,403 - INFO - Layer 12 (mbert) — Worst 5
2025-08-24 11:37:27,403 - INFO - 1. yor: r=0.8994
2025-08-24 11:37:27,403 - INFO - 2. bbj: r=0.8999
2025-08-24 11:37:27,403 - INFO - 3. xho: r=0.9182
2025-08-24 11:37:27,403 - INFO - 4. mos: r=0.9252
2025-08-24 11:37:27,403 - INFO - 5. wol: r=0.9257
2025-08-24 11:37:27,404 - INFO - Experiment finished successfully.
