2025-08-03 05:04:33,298 - INFO - Experiment started with model_type=xlmr, use_cls=False, use_context=False, context_window=3, use_hybrid=False, max_tokens_per_type=200, output_dir=rq2_train_scripts/Embeddings/MEXA_inspired_strategy/outputs/mptc/xlmr/config_0_clsfalse_ctxfalse_hybfalse/tokens_200_ctx3
2025-08-03 05:04:34,767 - INFO - Processing run
2025-08-03 05:04:36,269 - INFO - Processing bam
2025-08-03 05:04:37,958 - INFO - Processing bbj
2025-08-03 05:04:39,633 - INFO - Processing ewe
2025-08-03 05:04:41,302 - INFO - Processing fon
2025-08-03 05:04:42,981 - INFO - Processing hau
2025-08-03 05:04:44,665 - INFO - Processing ibo
2025-08-03 05:04:46,374 - INFO - Processing kin
2025-08-03 05:04:48,075 - INFO - Processing lug
2025-08-03 05:04:49,742 - INFO - Processing luo
2025-08-03 05:04:51,444 - INFO - Processing mos
2025-08-03 05:04:53,137 - INFO - Processing nya
2025-08-03 05:04:54,839 - INFO - Processing pcm
2025-08-03 05:04:56,500 - INFO - Processing sna
2025-08-03 05:04:58,197 - INFO - Processing swa
2025-08-03 05:04:59,878 - INFO - Processing tsn
2025-08-03 05:05:01,560 - INFO - Processing twi
2025-08-03 05:05:03,237 - INFO - Processing wol
2025-08-03 05:05:04,933 - INFO - Processing xho
2025-08-03 05:05:06,601 - INFO - Processing yor
2025-08-03 05:05:08,312 - INFO - Processing zul
2025-08-03 05:05:10,455 - INFO - Top 5 languages most similar to Runyankore:
2025-08-03 05:05:10,456 - INFO - 1. luo - Mean Similarity: 0.9969
2025-08-03 05:05:10,456 - INFO - 2. twi - Mean Similarity: 0.9969
2025-08-03 05:05:10,456 - INFO - 3. ibo - Mean Similarity: 0.9966
2025-08-03 05:05:10,456 - INFO - 4. ewe - Mean Similarity: 0.9966
2025-08-03 05:05:10,456 - INFO - 5. tsn - Mean Similarity: 0.9966
2025-08-03 05:05:10,456 - INFO - Experiment finished successfully.
