2025-08-03 00:19:24,815 - INFO - Experiment started with model_type=mbert, use_cls=False, use_context=True, context_window=1, use_hybrid=False, max_tokens_per_type=500, output_dir=rq2_train_scripts/Embeddings/MEXA_inspired_strategy/outputs/salt/mbert/config_2_clsfalse_ctxtrue_hybfalse/tokens_500_ctx1
2025-08-03 00:19:26,200 - INFO - Processing run
2025-08-03 00:19:45,232 - INFO - Processing bam
2025-08-03 00:20:02,197 - INFO - Processing bbj
2025-08-03 00:20:22,543 - INFO - Processing ewe
2025-08-03 00:20:41,727 - INFO - Processing fon
2025-08-03 00:21:00,821 - INFO - Processing hau
2025-08-03 00:21:20,322 - INFO - Processing ibo
2025-08-03 00:21:40,491 - INFO - Processing kin
2025-08-03 00:22:00,090 - INFO - Processing lug
2025-08-03 00:22:19,642 - INFO - Processing luo
2025-08-03 00:22:39,944 - INFO - Processing mos
2025-08-03 00:23:00,091 - INFO - Processing nya
2025-08-03 00:23:19,798 - INFO - Processing pcm
2025-08-03 00:23:39,702 - INFO - Processing sna
2025-08-03 00:23:58,700 - INFO - Processing swa
2025-08-03 00:24:17,804 - INFO - Processing tsn
2025-08-03 00:24:37,449 - INFO - Processing twi
2025-08-03 00:24:57,423 - INFO - Processing wol
2025-08-03 00:25:16,854 - INFO - Processing xho
2025-08-03 00:25:36,127 - INFO - Processing yor
2025-08-03 00:25:55,516 - INFO - Processing zul
2025-08-03 00:26:16,052 - INFO - Top 5 languages most similar to Runyankore:
2025-08-03 00:26:16,052 - INFO - 1. lug - Mean Similarity: 0.9425
2025-08-03 00:26:16,052 - INFO - 2. kin - Mean Similarity: 0.9343
2025-08-03 00:26:16,052 - INFO - 3. luo - Mean Similarity: 0.9084
2025-08-03 00:26:16,052 - INFO - 4. sna - Mean Similarity: 0.9032
2025-08-03 00:26:16,052 - INFO - 5. nya - Mean Similarity: 0.9029
2025-08-03 00:26:16,052 - INFO - Experiment finished successfully.
