2025-08-03 03:33:40,375 - INFO - Experiment started with model_type=mbert, use_cls=True, use_context=True, context_window=1, use_hybrid=True, max_tokens_per_type=400, output_dir=rq2_train_scripts/Embeddings/MEXA_inspired_strategy/outputs/salt/mbert/config_7_clstrue_ctxtrue_hybtrue/tokens_400_ctx1
2025-08-03 03:33:41,389 - INFO - Processing run
2025-08-03 03:33:44,388 - INFO - Processing bam
2025-08-03 03:33:47,012 - INFO - Processing bbj
2025-08-03 03:33:49,842 - INFO - Processing ewe
2025-08-03 03:33:52,670 - INFO - Processing fon
2025-08-03 03:33:55,531 - INFO - Processing hau
2025-08-03 03:33:58,387 - INFO - Processing ibo
2025-08-03 03:34:01,284 - INFO - Processing kin
2025-08-03 03:34:04,143 - INFO - Processing lug
2025-08-03 03:34:06,978 - INFO - Processing luo
2025-08-03 03:34:09,826 - INFO - Processing mos
2025-08-03 03:34:12,681 - INFO - Processing nya
2025-08-03 03:34:15,537 - INFO - Processing pcm
2025-08-03 03:34:18,369 - INFO - Processing sna
2025-08-03 03:34:21,225 - INFO - Processing swa
2025-08-03 03:34:24,081 - INFO - Processing tsn
2025-08-03 03:34:26,914 - INFO - Processing twi
2025-08-03 03:34:29,754 - INFO - Processing wol
2025-08-03 03:34:32,604 - INFO - Processing xho
2025-08-03 03:34:35,447 - INFO - Processing yor
2025-08-03 03:34:38,337 - INFO - Processing zul
2025-08-03 03:34:41,620 - INFO - Top 5 languages most similar to Runyankore:
2025-08-03 03:34:41,620 - INFO - 1. lug - Mean Similarity: 0.7243
2025-08-03 03:34:41,620 - INFO - 2. nya - Mean Similarity: 0.7062
2025-08-03 03:34:41,620 - INFO - 3. kin - Mean Similarity: 0.7039
2025-08-03 03:34:41,620 - INFO - 4. sna - Mean Similarity: 0.6886
2025-08-03 03:34:41,620 - INFO - 5. luo - Mean Similarity: 0.6814
2025-08-03 03:34:41,620 - INFO - Experiment finished successfully.
