2025-08-02 20:03:12,599 - INFO - Experiment started with model_type=xlmr, use_cls=False, use_context=True, context_window=3, use_hybrid=False, max_tokens_per_type=500, output_dir=rq2_train_scripts/Embeddings/MEXA_inspired_strategy/outputs/combined/xlmr/config_2_clsfalse_ctxtrue_hybfalse/tokens_500_ctx3
2025-08-02 20:03:14,332 - INFO - Processing run
2025-08-02 20:03:18,970 - INFO - Processing bam
2025-08-02 20:03:23,102 - INFO - Processing bbj
2025-08-02 20:03:27,746 - INFO - Processing ewe
2025-08-02 20:03:32,340 - INFO - Processing fon
2025-08-02 20:03:36,939 - INFO - Processing hau
2025-08-02 20:03:41,581 - INFO - Processing ibo
2025-08-02 20:03:46,285 - INFO - Processing kin
2025-08-02 20:03:51,044 - INFO - Processing lug
2025-08-02 20:03:55,759 - INFO - Processing luo
2025-08-02 20:04:00,450 - INFO - Processing mos
2025-08-02 20:04:05,192 - INFO - Processing nya
2025-08-02 20:04:09,855 - INFO - Processing pcm
2025-08-02 20:04:14,508 - INFO - Processing sna
2025-08-02 20:04:19,234 - INFO - Processing swa
2025-08-02 20:04:23,927 - INFO - Processing tsn
2025-08-02 20:04:28,588 - INFO - Processing twi
2025-08-02 20:04:33,201 - INFO - Processing wol
2025-08-02 20:04:37,826 - INFO - Processing xho
2025-08-02 20:04:42,454 - INFO - Processing yor
2025-08-02 20:04:47,116 - INFO - Processing zul
2025-08-02 20:04:52,242 - INFO - Top 5 languages most similar to Runyankore:
2025-08-02 20:04:52,242 - INFO - 1. lug - Mean Similarity: 0.9996
2025-08-02 20:04:52,242 - INFO - 2. kin - Mean Similarity: 0.9995
2025-08-02 20:04:52,242 - INFO - 3. nya - Mean Similarity: 0.9994
2025-08-02 20:04:52,242 - INFO - 4. luo - Mean Similarity: 0.9993
2025-08-02 20:04:52,242 - INFO - 5. sna - Mean Similarity: 0.9993
2025-08-02 20:04:52,242 - INFO - Experiment finished successfully.
