2025-08-27 17:43:38,023 - INFO - Start: model_type=xlmr, use_cls=True, use_context=False, context_window=3, max_tokens_per_type=200, batch_size=64, output_dir=rq2_train_scripts/Embeddings/CLEAN/outputs/mptc/xlmr/config_1_clstrue_ctxfalse/tokens_200_ctx3/core, save_prototypes=False, seed=42, fp16=True, max_length=96, langs=all, layers=all, span_mode=bio, pool=mean, entity_tags={'PER', 'LOC', 'ORG', 'DATE'}, title_suffix='L=all, tokens=200, ctx=3, cls=true, fp16=true'
2025-08-27 17:43:40,214 - INFO - Processing run
2025-08-27 17:43:40,611 - INFO - Processing bam
2025-08-27 17:43:40,654 - INFO - Processing bbj
2025-08-27 17:43:40,685 - INFO - Processing ewe
2025-08-27 17:43:40,720 - INFO - Processing fon
2025-08-27 17:43:40,768 - INFO - Processing hau
2025-08-27 17:43:40,820 - INFO - Processing ibo
2025-08-27 17:43:40,891 - INFO - Processing kin
2025-08-27 17:43:40,946 - INFO - Processing lug
2025-08-27 17:43:40,988 - INFO - Processing luo
2025-08-27 17:43:41,039 - INFO - Processing mos
2025-08-27 17:43:41,090 - INFO - Processing nya
2025-08-27 17:43:41,148 - INFO - Processing pcm
2025-08-27 17:43:41,194 - INFO - Processing sna
2025-08-27 17:43:41,251 - INFO - Processing swa
2025-08-27 17:43:41,329 - INFO - Processing tsn
2025-08-27 17:43:41,368 - INFO - Processing twi
2025-08-27 17:43:41,415 - INFO - Processing wol
2025-08-27 17:43:41,459 - INFO - Processing xho
2025-08-27 17:43:41,501 - INFO - Processing yor
2025-08-27 17:43:41,574 - INFO - Processing zul
2025-08-27 17:43:42,058 - INFO - === Layer 1 (xlmr) — Top 5 (cosine) ===
2025-08-27 17:43:42,058 - INFO - 1. kin: cos=0.9999
2025-08-27 17:43:42,058 - INFO - 2. luo: cos=0.9999
2025-08-27 17:43:42,058 - INFO - 3. twi: cos=0.9999
2025-08-27 17:43:42,058 - INFO - 4. zul: cos=0.9998
2025-08-27 17:43:42,058 - INFO - 5. ewe: cos=0.9998
2025-08-27 17:43:42,058 - INFO - === Layer 1 (xlmr) — Worst 5 (cosine) ===
2025-08-27 17:43:42,058 - INFO - 1. hau: cos=0.9990
2025-08-27 17:43:42,058 - INFO - 2. bbj: cos=0.9994
2025-08-27 17:43:42,058 - INFO - 3. pcm: cos=0.9995
2025-08-27 17:43:42,058 - INFO - 4. bam: cos=0.9995
2025-08-27 17:43:42,058 - INFO - 5. fon: cos=0.9995
2025-08-27 17:43:42,178 - INFO - === Layer 2 (xlmr) — Top 5 (cosine) ===
2025-08-27 17:43:42,178 - INFO - 1. kin: cos=1.0000
2025-08-27 17:43:42,178 - INFO - 2. luo: cos=1.0000
2025-08-27 17:43:42,178 - INFO - 3. twi: cos=1.0000
2025-08-27 17:43:42,178 - INFO - 4. zul: cos=1.0000
2025-08-27 17:43:42,178 - INFO - 5. ewe: cos=1.0000
2025-08-27 17:43:42,179 - INFO - === Layer 2 (xlmr) — Worst 5 (cosine) ===
2025-08-27 17:43:42,179 - INFO - 1. hau: cos=0.9999
2025-08-27 17:43:42,179 - INFO - 2. pcm: cos=0.9999
2025-08-27 17:43:42,179 - INFO - 3. bbj: cos=0.9999
2025-08-27 17:43:42,179 - INFO - 4. ibo: cos=0.9999
2025-08-27 17:43:42,179 - INFO - 5. bam: cos=0.9999
2025-08-27 17:43:42,300 - INFO - === Layer 3 (xlmr) — Top 5 (cosine) ===
2025-08-27 17:43:42,300 - INFO - 1. kin: cos=1.0000
2025-08-27 17:43:42,300 - INFO - 2. twi: cos=1.0000
2025-08-27 17:43:42,300 - INFO - 3. luo: cos=1.0000
2025-08-27 17:43:42,300 - INFO - 4. zul: cos=1.0000
2025-08-27 17:43:42,300 - INFO - 5. ewe: cos=1.0000
2025-08-27 17:43:42,300 - INFO - === Layer 3 (xlmr) — Worst 5 (cosine) ===
2025-08-27 17:43:42,300 - INFO - 1. pcm: cos=0.9999
2025-08-27 17:43:42,300 - INFO - 2. swa: cos=1.0000
2025-08-27 17:43:42,300 - INFO - 3. yor: cos=1.0000
2025-08-27 17:43:42,300 - INFO - 4. xho: cos=1.0000
2025-08-27 17:43:42,300 - INFO - 5. nya: cos=1.0000
2025-08-27 17:43:42,455 - INFO - === Layer 4 (xlmr) — Top 5 (cosine) ===
2025-08-27 17:43:42,455 - INFO - 1. kin: cos=1.0000
2025-08-27 17:43:42,456 - INFO - 2. bbj: cos=1.0000
2025-08-27 17:43:42,456 - INFO - 3. tsn: cos=1.0000
2025-08-27 17:43:42,456 - INFO - 4. twi: cos=1.0000
2025-08-27 17:43:42,456 - INFO - 5. zul: cos=1.0000
2025-08-27 17:43:42,456 - INFO - === Layer 4 (xlmr) — Worst 5 (cosine) ===
2025-08-27 17:43:42,456 - INFO - 1. hau: cos=1.0000
2025-08-27 17:43:42,456 - INFO - 2. pcm: cos=1.0000
2025-08-27 17:43:42,456 - INFO - 3. yor: cos=1.0000
2025-08-27 17:43:42,456 - INFO - 4. wol: cos=1.0000
2025-08-27 17:43:42,456 - INFO - 5. mos: cos=1.0000
2025-08-27 17:43:42,583 - INFO - === Layer 5 (xlmr) — Top 5 (cosine) ===
2025-08-27 17:43:42,583 - INFO - 1. bbj: cos=1.0000
2025-08-27 17:43:42,583 - INFO - 2. sna: cos=1.0000
2025-08-27 17:43:42,583 - INFO - 3. ibo: cos=1.0000
2025-08-27 17:43:42,583 - INFO - 4. tsn: cos=1.0000
2025-08-27 17:43:42,583 - INFO - 5. nya: cos=1.0000
2025-08-27 17:43:42,583 - INFO - === Layer 5 (xlmr) — Worst 5 (cosine) ===
2025-08-27 17:43:42,583 - INFO - 1. hau: cos=1.0000
2025-08-27 17:43:42,583 - INFO - 2. swa: cos=1.0000
2025-08-27 17:43:42,583 - INFO - 3. luo: cos=1.0000
2025-08-27 17:43:42,583 - INFO - 4. lug: cos=1.0000
2025-08-27 17:43:42,583 - INFO - 5. wol: cos=1.0000
2025-08-27 17:43:42,711 - INFO - === Layer 6 (xlmr) — Top 5 (cosine) ===
2025-08-27 17:43:42,711 - INFO - 1. ibo: cos=1.0000
2025-08-27 17:43:42,711 - INFO - 2. bbj: cos=1.0000
2025-08-27 17:43:42,711 - INFO - 3. sna: cos=1.0000
2025-08-27 17:43:42,711 - INFO - 4. tsn: cos=1.0000
2025-08-27 17:43:42,711 - INFO - 5. nya: cos=1.0000
2025-08-27 17:43:42,711 - INFO - === Layer 6 (xlmr) — Worst 5 (cosine) ===
2025-08-27 17:43:42,711 - INFO - 1. hau: cos=1.0000
2025-08-27 17:43:42,711 - INFO - 2. swa: cos=1.0000
2025-08-27 17:43:42,711 - INFO - 3. lug: cos=1.0000
2025-08-27 17:43:42,711 - INFO - 4. luo: cos=1.0000
2025-08-27 17:43:42,711 - INFO - 5. wol: cos=1.0000
2025-08-27 17:43:42,838 - INFO - === Layer 7 (xlmr) — Top 5 (cosine) ===
2025-08-27 17:43:42,839 - INFO - 1. twi: cos=1.0000
2025-08-27 17:43:42,839 - INFO - 2. yor: cos=1.0000
2025-08-27 17:43:42,839 - INFO - 3. sna: cos=1.0000
2025-08-27 17:43:42,839 - INFO - 4. ibo: cos=1.0000
2025-08-27 17:43:42,839 - INFO - 5. fon: cos=1.0000
2025-08-27 17:43:42,839 - INFO - === Layer 7 (xlmr) — Worst 5 (cosine) ===
2025-08-27 17:43:42,839 - INFO - 1. tsn: cos=1.0000
2025-08-27 17:43:42,839 - INFO - 2. hau: cos=1.0000
2025-08-27 17:43:42,839 - INFO - 3. lug: cos=1.0000
2025-08-27 17:43:42,839 - INFO - 4. ewe: cos=1.0000
2025-08-27 17:43:42,839 - INFO - 5. nya: cos=1.0000
2025-08-27 17:43:43,036 - INFO - === Layer 8 (xlmr) — Top 5 (cosine) ===
2025-08-27 17:43:43,036 - INFO - 1. luo: cos=1.0000
2025-08-27 17:43:43,036 - INFO - 2. ewe: cos=1.0000
2025-08-27 17:43:43,036 - INFO - 3. kin: cos=1.0000
2025-08-27 17:43:43,036 - INFO - 4. yor: cos=1.0000
2025-08-27 17:43:43,036 - INFO - 5. bam: cos=1.0000
2025-08-27 17:43:43,036 - INFO - === Layer 8 (xlmr) — Worst 5 (cosine) ===
2025-08-27 17:43:43,036 - INFO - 1. bbj: cos=0.9999
2025-08-27 17:43:43,036 - INFO - 2. fon: cos=0.9999
2025-08-27 17:43:43,036 - INFO - 3. ibo: cos=0.9999
2025-08-27 17:43:43,036 - INFO - 4. xho: cos=0.9999
2025-08-27 17:43:43,036 - INFO - 5. pcm: cos=1.0000
2025-08-27 17:43:43,164 - INFO - === Layer 9 (xlmr) — Top 5 (cosine) ===
2025-08-27 17:43:43,164 - INFO - 1. kin: cos=1.0000
2025-08-27 17:43:43,164 - INFO - 2. bam: cos=1.0000
2025-08-27 17:43:43,164 - INFO - 3. yor: cos=1.0000
2025-08-27 17:43:43,164 - INFO - 4. sna: cos=1.0000
2025-08-27 17:43:43,164 - INFO - 5. mos: cos=1.0000
2025-08-27 17:43:43,164 - INFO - === Layer 9 (xlmr) — Worst 5 (cosine) ===
2025-08-27 17:43:43,164 - INFO - 1. ibo: cos=1.0000
2025-08-27 17:43:43,164 - INFO - 2. hau: cos=1.0000
2025-08-27 17:43:43,164 - INFO - 3. swa: cos=1.0000
2025-08-27 17:43:43,164 - INFO - 4. bbj: cos=1.0000
2025-08-27 17:43:43,165 - INFO - 5. lug: cos=1.0000
2025-08-27 17:43:43,293 - INFO - === Layer 10 (xlmr) — Top 5 (cosine) ===
2025-08-27 17:43:43,293 - INFO - 1. zul: cos=1.0000
2025-08-27 17:43:43,293 - INFO - 2. hau: cos=1.0000
2025-08-27 17:43:43,293 - INFO - 3. ewe: cos=1.0000
2025-08-27 17:43:43,293 - INFO - 4. mos: cos=1.0000
2025-08-27 17:43:43,293 - INFO - 5. swa: cos=1.0000
2025-08-27 17:43:43,293 - INFO - === Layer 10 (xlmr) — Worst 5 (cosine) ===
2025-08-27 17:43:43,293 - INFO - 1. bam: cos=0.9999
2025-08-27 17:43:43,293 - INFO - 2. pcm: cos=1.0000
2025-08-27 17:43:43,293 - INFO - 3. ibo: cos=1.0000
2025-08-27 17:43:43,293 - INFO - 4. yor: cos=1.0000
2025-08-27 17:43:43,293 - INFO - 5. fon: cos=1.0000
2025-08-27 17:43:43,420 - INFO - === Layer 11 (xlmr) — Top 5 (cosine) ===
2025-08-27 17:43:43,421 - INFO - 1. nya: cos=1.0000
2025-08-27 17:43:43,421 - INFO - 2. zul: cos=1.0000
2025-08-27 17:43:43,421 - INFO - 3. swa: cos=1.0000
2025-08-27 17:43:43,421 - INFO - 4. pcm: cos=1.0000
2025-08-27 17:43:43,421 - INFO - 5. lug: cos=1.0000
2025-08-27 17:43:43,421 - INFO - === Layer 11 (xlmr) — Worst 5 (cosine) ===
2025-08-27 17:43:43,421 - INFO - 1. kin: cos=0.9997
2025-08-27 17:43:43,421 - INFO - 2. luo: cos=0.9997
2025-08-27 17:43:43,421 - INFO - 3. xho: cos=0.9998
2025-08-27 17:43:43,421 - INFO - 4. bbj: cos=0.9999
2025-08-27 17:43:43,421 - INFO - 5. wol: cos=0.9999
2025-08-27 17:43:43,548 - INFO - === Layer 12 (xlmr) — Top 5 (cosine) ===
2025-08-27 17:43:43,549 - INFO - 1. nya: cos=0.9999
2025-08-27 17:43:43,549 - INFO - 2. wol: cos=0.9998
2025-08-27 17:43:43,549 - INFO - 3. tsn: cos=0.9998
2025-08-27 17:43:43,549 - INFO - 4. bbj: cos=0.9998
2025-08-27 17:43:43,549 - INFO - 5. ewe: cos=0.9998
2025-08-27 17:43:43,549 - INFO - === Layer 12 (xlmr) — Worst 5 (cosine) ===
2025-08-27 17:43:43,549 - INFO - 1. hau: cos=0.9450
2025-08-27 17:43:43,549 - INFO - 2. bam: cos=0.9972
2025-08-27 17:43:43,549 - INFO - 3. twi: cos=0.9983
2025-08-27 17:43:43,549 - INFO - 4. fon: cos=0.9994
2025-08-27 17:43:43,549 - INFO - 5. swa: cos=0.9995
2025-08-27 17:43:43,549 - INFO - Experiment finished successfully.
