2025-08-24 10:17:24,917 - INFO - Start: model_type=xlmr, run_both=False, use_cls=True, use_context=False, context_window=3, max_tokens_per_type=500, batch_size=32, seed=1, num_middle_layers=3, output_dir=rq2_train_scripts/Embeddings/EXTENDED/outputs/salt_extended/xlmr/config_1_clstrue_ctxfalse_hybfalse/tokens_500_ctx3
2025-08-24 10:17:25,473 - INFO - xlmr: selected layer indices (hidden_states) = [2, 3, 10, 12]
2025-08-24 10:17:27,602 - INFO - Processing run
2025-08-24 10:17:28,230 - INFO - Processing bam
2025-08-24 10:17:28,537 - INFO - Processing bbj
2025-08-24 10:17:28,839 - INFO - Processing ewe
2025-08-24 10:17:29,134 - INFO - Processing fon
2025-08-24 10:17:29,429 - INFO - Processing hau
2025-08-24 10:17:29,721 - INFO - Processing ibo
2025-08-24 10:17:30,060 - INFO - Processing kin
2025-08-24 10:17:30,370 - INFO - Processing lug
2025-08-24 10:17:30,657 - INFO - Processing luo
2025-08-24 10:17:30,943 - INFO - Processing mos
2025-08-24 10:17:31,240 - INFO - Processing nya
2025-08-24 10:17:31,549 - INFO - Processing pcm
2025-08-24 10:17:31,810 - INFO - Processing sna
2025-08-24 10:17:32,112 - INFO - Processing swa
2025-08-24 10:17:32,370 - INFO - Processing tsn
2025-08-24 10:17:32,673 - INFO - Processing twi
2025-08-24 10:17:32,975 - INFO - Processing wol
2025-08-24 10:17:33,266 - INFO - Processing xho
2025-08-24 10:17:33,544 - INFO - Processing yor
2025-08-24 10:17:33,858 - INFO - Processing zul
2025-08-24 10:17:34,477 - INFO - Layer 2 (xlmr) — Top 5
2025-08-24 10:17:34,477 - INFO - 1. kin: r=1.0000
2025-08-24 10:17:34,477 - INFO - 2. luo: r=1.0000
2025-08-24 10:17:34,477 - INFO - 3. twi: r=1.0000
2025-08-24 10:17:34,477 - INFO - 4. tsn: r=1.0000
2025-08-24 10:17:34,477 - INFO - 5. ewe: r=1.0000
2025-08-24 10:17:34,477 - INFO - Layer 2 (xlmr) — Worst 5
2025-08-24 10:17:34,477 - INFO - 1. bam: r=0.9999
2025-08-24 10:17:34,477 - INFO - 2. fon: r=0.9999
2025-08-24 10:17:34,477 - INFO - 3. bbj: r=0.9999
2025-08-24 10:17:34,477 - INFO - 4. mos: r=1.0000
2025-08-24 10:17:34,477 - INFO - 5. pcm: r=1.0000
2025-08-24 10:17:34,593 - INFO - Layer 3 (xlmr) — Top 5
2025-08-24 10:17:34,593 - INFO - 1. kin: r=1.0000
2025-08-24 10:17:34,593 - INFO - 2. twi: r=1.0000
2025-08-24 10:17:34,593 - INFO - 3. luo: r=1.0000
2025-08-24 10:17:34,593 - INFO - 4. tsn: r=1.0000
2025-08-24 10:17:34,593 - INFO - 5. ewe: r=1.0000
2025-08-24 10:17:34,593 - INFO - Layer 3 (xlmr) — Worst 5
2025-08-24 10:17:34,593 - INFO - 1. bbj: r=1.0000
2025-08-24 10:17:34,593 - INFO - 2. fon: r=1.0000
2025-08-24 10:17:34,593 - INFO - 3. bam: r=1.0000
2025-08-24 10:17:34,593 - INFO - 4. mos: r=1.0000
2025-08-24 10:17:34,593 - INFO - 5. yor: r=1.0000
2025-08-24 10:17:34,710 - INFO - Layer 10 (xlmr) — Top 5
2025-08-24 10:17:34,710 - INFO - 1. swa: r=1.0000
2025-08-24 10:17:34,710 - INFO - 2. lug: r=1.0000
2025-08-24 10:17:34,710 - INFO - 3. kin: r=1.0000
2025-08-24 10:17:34,710 - INFO - 4. luo: r=1.0000
2025-08-24 10:17:34,710 - INFO - 5. twi: r=1.0000
2025-08-24 10:17:34,710 - INFO - Layer 10 (xlmr) — Worst 5
2025-08-24 10:17:34,710 - INFO - 1. fon: r=1.0000
2025-08-24 10:17:34,710 - INFO - 2. hau: r=1.0000
2025-08-24 10:17:34,710 - INFO - 3. pcm: r=1.0000
2025-08-24 10:17:34,710 - INFO - 4. ibo: r=1.0000
2025-08-24 10:17:34,710 - INFO - 5. bam: r=1.0000
2025-08-24 10:17:34,827 - INFO - Layer 12 (xlmr) — Top 5
2025-08-24 10:17:34,827 - INFO - 1. lug: r=1.0000
2025-08-24 10:17:34,827 - INFO - 2. twi: r=0.9999
2025-08-24 10:17:34,827 - INFO - 3. nya: r=0.9999
2025-08-24 10:17:34,827 - INFO - 4. kin: r=0.9999
2025-08-24 10:17:34,827 - INFO - 5. mos: r=0.9999
2025-08-24 10:17:34,827 - INFO - Layer 12 (xlmr) — Worst 5
2025-08-24 10:17:34,827 - INFO - 1. hau: r=0.9964
2025-08-24 10:17:34,827 - INFO - 2. fon: r=0.9994
2025-08-24 10:17:34,827 - INFO - 3. pcm: r=0.9995
2025-08-24 10:17:34,827 - INFO - 4. ibo: r=0.9997
2025-08-24 10:17:34,827 - INFO - 5. yor: r=0.9998
2025-08-24 10:17:34,828 - INFO - Experiment finished successfully.
