2025-08-02 20:07:55,440 - INFO - Experiment started with model_type=xlmr, use_cls=False, use_context=False, context_window=0, use_hybrid=True, max_tokens_per_type=500, output_dir=rq2_train_scripts/Embeddings/MEXA_inspired_strategy/outputs/combined/xlmr/config_3_clsfalse_ctxfalse_hybtrue/tokens_500_ctx0
2025-08-02 20:07:57,338 - INFO - Processing run
2025-08-02 20:08:01,796 - INFO - Processing bam
2025-08-02 20:08:05,760 - INFO - Processing bbj
2025-08-02 20:08:10,185 - INFO - Processing ewe
2025-08-02 20:08:14,579 - INFO - Processing fon
2025-08-02 20:08:19,015 - INFO - Processing hau
2025-08-02 20:08:23,455 - INFO - Processing ibo
2025-08-02 20:08:27,883 - INFO - Processing kin
2025-08-02 20:08:32,310 - INFO - Processing lug
2025-08-02 20:08:36,694 - INFO - Processing luo
2025-08-02 20:08:41,073 - INFO - Processing mos
2025-08-02 20:08:45,453 - INFO - Processing nya
2025-08-02 20:08:49,851 - INFO - Processing pcm
2025-08-02 20:08:54,194 - INFO - Processing sna
2025-08-02 20:08:58,595 - INFO - Processing swa
2025-08-02 20:09:02,924 - INFO - Processing tsn
2025-08-02 20:09:07,260 - INFO - Processing twi
2025-08-02 20:09:11,614 - INFO - Processing wol
2025-08-02 20:09:16,030 - INFO - Processing xho
2025-08-02 20:09:20,522 - INFO - Processing yor
2025-08-02 20:09:25,040 - INFO - Processing zul
2025-08-02 20:09:29,967 - INFO - Top 5 languages most similar to Runyankore:
2025-08-02 20:09:29,967 - INFO - 1. lug - Mean Similarity: 0.8366
2025-08-02 20:09:29,967 - INFO - 2. kin - Mean Similarity: 0.8149
2025-08-02 20:09:29,967 - INFO - 3. luo - Mean Similarity: 0.8126
2025-08-02 20:09:29,967 - INFO - 4. twi - Mean Similarity: 0.8040
2025-08-02 20:09:29,967 - INFO - 5. ibo - Mean Similarity: 0.8040
2025-08-02 20:09:29,968 - INFO - Experiment finished successfully.
