2025-08-03 08:44:50,526 - INFO - Experiment started with model_type=mbert, use_cls=False, use_context=True, context_window=2, use_hybrid=True, max_tokens_per_type=500, output_dir=rq2_train_scripts/Embeddings/MEXA_inspired_strategy/outputs/mptc/mbert/config_6_clsfalse_ctxtrue_hybtrue/tokens_500_ctx2
2025-08-03 08:44:51,549 - INFO - Processing run
2025-08-03 08:44:53,249 - INFO - Processing bam
2025-08-03 08:44:56,404 - INFO - Processing bbj
2025-08-03 08:44:59,966 - INFO - Processing ewe
2025-08-03 08:45:03,524 - INFO - Processing fon
2025-08-03 08:45:07,098 - INFO - Processing hau
2025-08-03 08:45:10,686 - INFO - Processing ibo
2025-08-03 08:45:14,294 - INFO - Processing kin
2025-08-03 08:45:17,887 - INFO - Processing lug
2025-08-03 08:45:21,462 - INFO - Processing luo
2025-08-03 08:45:25,035 - INFO - Processing mos
2025-08-03 08:45:28,602 - INFO - Processing nya
2025-08-03 08:45:32,197 - INFO - Processing pcm
2025-08-03 08:45:35,823 - INFO - Processing sna
2025-08-03 08:45:39,412 - INFO - Processing swa
2025-08-03 08:45:43,011 - INFO - Processing tsn
2025-08-03 08:45:46,560 - INFO - Processing twi
2025-08-03 08:45:50,135 - INFO - Processing wol
2025-08-03 08:45:53,704 - INFO - Processing xho
2025-08-03 08:45:57,272 - INFO - Processing yor
2025-08-03 08:46:00,903 - INFO - Processing zul
2025-08-03 08:46:04,853 - INFO - Top 5 languages most similar to Runyankore:
2025-08-03 08:46:04,853 - INFO - 1. lug - Mean Similarity: 0.5575
2025-08-03 08:46:04,853 - INFO - 2. kin - Mean Similarity: 0.5419
2025-08-03 08:46:04,853 - INFO - 3. nya - Mean Similarity: 0.5234
2025-08-03 08:46:04,853 - INFO - 4. xho - Mean Similarity: 0.5200
2025-08-03 08:46:04,853 - INFO - 5. sna - Mean Similarity: 0.5199
2025-08-03 08:46:04,853 - INFO - Experiment finished successfully.
