2025-08-24 11:50:33,844 - INFO - Start: model_type=mbert, run_both=False, use_cls=True, use_context=True, context_window=2, max_tokens_per_type=300, batch_size=32, seed=1, num_middle_layers=3, output_dir=rq2_train_scripts/Embeddings/EXTENDED/outputs/salt_extended/mbert/config_7_clstrue_ctxtrue_hybtrue/tokens_300_ctx2
2025-08-24 11:50:34,401 - INFO - mbert: selected layer indices (hidden_states) = [2, 3, 10, 12]
2025-08-24 11:50:35,208 - INFO - Processing run
2025-08-24 11:50:35,703 - INFO - Processing bam
2025-08-24 11:50:35,799 - INFO - Processing bbj
2025-08-24 11:50:35,890 - INFO - Processing ewe
2025-08-24 11:50:35,967 - INFO - Processing fon
2025-08-24 11:50:36,067 - INFO - Processing hau
2025-08-24 11:50:36,156 - INFO - Processing ibo
2025-08-24 11:50:36,278 - INFO - Processing kin
2025-08-24 11:50:36,404 - INFO - Processing lug
2025-08-24 11:50:36,498 - INFO - Processing luo
2025-08-24 11:50:36,592 - INFO - Processing mos
2025-08-24 11:50:36,693 - INFO - Processing nya
2025-08-24 11:50:36,793 - INFO - Processing pcm
2025-08-24 11:50:36,878 - INFO - Processing sna
2025-08-24 11:50:36,985 - INFO - Processing swa
2025-08-24 11:50:37,134 - INFO - Processing tsn
2025-08-24 11:50:37,273 - INFO - Processing twi
2025-08-24 11:50:37,416 - INFO - Processing wol
2025-08-24 11:50:37,544 - INFO - Processing xho
2025-08-24 11:50:37,679 - INFO - Processing yor
2025-08-24 11:50:37,856 - INFO - Processing zul
2025-08-24 11:50:38,254 - INFO - Layer 2 (mbert) — Top 5
2025-08-24 11:50:38,254 - INFO - 1. lug: r=1.0000
2025-08-24 11:50:38,254 - INFO - 2. hau: r=1.0000
2025-08-24 11:50:38,254 - INFO - 3. nya: r=1.0000
2025-08-24 11:50:38,254 - INFO - 4. sna: r=1.0000
2025-08-24 11:50:38,254 - INFO - 5. kin: r=1.0000
2025-08-24 11:50:38,254 - INFO - Layer 2 (mbert) — Worst 5
2025-08-24 11:50:38,254 - INFO - 1. pcm: r=0.9998
2025-08-24 11:50:38,254 - INFO - 2. yor: r=0.9998
2025-08-24 11:50:38,254 - INFO - 3. fon: r=0.9998
2025-08-24 11:50:38,254 - INFO - 4. bbj: r=0.9999
2025-08-24 11:50:38,254 - INFO - 5. ewe: r=0.9999
2025-08-24 11:50:38,376 - INFO - Layer 3 (mbert) — Top 5
2025-08-24 11:50:38,376 - INFO - 1. lug: r=1.0000
2025-08-24 11:50:38,376 - INFO - 2. hau: r=1.0000
2025-08-24 11:50:38,376 - INFO - 3. nya: r=1.0000
2025-08-24 11:50:38,376 - INFO - 4. kin: r=1.0000
2025-08-24 11:50:38,376 - INFO - 5. sna: r=1.0000
2025-08-24 11:50:38,376 - INFO - Layer 3 (mbert) — Worst 5
2025-08-24 11:50:38,376 - INFO - 1. pcm: r=0.9999
2025-08-24 11:50:38,376 - INFO - 2. bbj: r=0.9999
2025-08-24 11:50:38,376 - INFO - 3. yor: r=0.9999
2025-08-24 11:50:38,376 - INFO - 4. fon: r=1.0000
2025-08-24 11:50:38,376 - INFO - 5. ewe: r=1.0000
2025-08-24 11:50:38,497 - INFO - Layer 10 (mbert) — Top 5
2025-08-24 11:50:38,497 - INFO - 1. lug: r=0.9924
2025-08-24 11:50:38,497 - INFO - 2. kin: r=0.9917
2025-08-24 11:50:38,497 - INFO - 3. nya: r=0.9911
2025-08-24 11:50:38,497 - INFO - 4. sna: r=0.9904
2025-08-24 11:50:38,497 - INFO - 5. twi: r=0.9862
2025-08-24 11:50:38,497 - INFO - Layer 10 (mbert) — Worst 5
2025-08-24 11:50:38,497 - INFO - 1. pcm: r=0.9634
2025-08-24 11:50:38,497 - INFO - 2. bbj: r=0.9671
2025-08-24 11:50:38,497 - INFO - 3. fon: r=0.9673
2025-08-24 11:50:38,497 - INFO - 4. yor: r=0.9677
2025-08-24 11:50:38,497 - INFO - 5. swa: r=0.9719
2025-08-24 11:50:38,619 - INFO - Layer 12 (mbert) — Top 5
2025-08-24 11:50:38,619 - INFO - 1. kin: r=0.9905
2025-08-24 11:50:38,619 - INFO - 2. nya: r=0.9898
2025-08-24 11:50:38,619 - INFO - 3. lug: r=0.9893
2025-08-24 11:50:38,619 - INFO - 4. sna: r=0.9884
2025-08-24 11:50:38,619 - INFO - 5. xho: r=0.9833
2025-08-24 11:50:38,619 - INFO - Layer 12 (mbert) — Worst 5
2025-08-24 11:50:38,619 - INFO - 1. fon: r=0.9198
2025-08-24 11:50:38,619 - INFO - 2. bbj: r=0.9245
2025-08-24 11:50:38,619 - INFO - 3. pcm: r=0.9459
2025-08-24 11:50:38,619 - INFO - 4. yor: r=0.9573
2025-08-24 11:50:38,619 - INFO - 5. ewe: r=0.9690
2025-08-24 11:50:38,620 - INFO - Experiment finished successfully.
