2025-08-24 11:44:17,528 - INFO - Start: model_type=mbert, run_both=False, use_cls=False, use_context=True, context_window=1, max_tokens_per_type=500, batch_size=32, seed=1, num_middle_layers=3, output_dir=rq2_train_scripts/Embeddings/EXTENDED/outputs/mptc_extended/mbert/config_2_clsfalse_ctxtrue_hybfalse/tokens_500_ctx202025-08-24 11:44:18,039 - INFO - mbert: selected layer indices (hidden_states) = [2, 3, 10, 12202025-08-24 11:44:18,888 - INFO - Processing ru202025-08-24 11:44:20,238 - INFO - Processing bam
2025-08-24 11:44:21,407 - INFO - Processing bbj
2025-08-24 11:44:22,448 - INFO - Processing ewe
2025-08-24 11:44:22,902 - INFO - Processing fon
2025-08-24 11:44:23,073 - INFO - Processing hau
2025-08-24 11:44:23,245 - INFO - Processing ibo
2025-08-24 11:44:23,492 - INFO - Processing kin
2025-08-24 11:44:23,684 - INFO - Processing lug
2025-08-24 11:44:23,848 - INFO - Processing luo
2025-08-24 11:44:24,066 - INFO - Processing mos
2025-08-24 11:44:24,248 - INFO - Processing nya
2025-08-24 11:44:24,429 - INFO - Processing pcm
2025-08-24 11:44:24,584 - INFO - Processing sna
2025-08-24 11:44:24,758 - INFO - Processing swa
2025-08-24 11:44:24,951 - INFO - Processing tsn
2025-08-24 11:44:25,148 - INFO - Processing twi
2025-08-24 11:44:25,339 - INFO - Processing wol
2025-08-24 11:44:25,565 - INFO - Processing xho
2025-08-24 11:44:25,762 - INFO - Processing yor
2025-08-24 11:44:25,968 - INFO - Processing zul
2025-08-24 11:44:26,428 - INFO - Layer 2 (mbert) — Top 5
2025-08-24 11:44:26,428 - INFO - 1. luo: r=0.8464
2025-08-24 11:44:26,428 - INFO - 2. lug: r=0.8449
2025-08-24 11:44:26,428 - INFO - 3. kin: r=0.8388
2025-08-24 11:44:26,428 - INFO - 4. twi: r=0.8376
2025-08-24 11:44:26,428 - INFO - 5. ibo: r=0.8305
2025-08-24 11:44:26,428 - INFO - Layer 2 (mbert) — Worst 5
2025-08-24 11:44:26,428 - INFO - 1. bbj: r=0.6533
2025-08-24 11:44:26,428 - INFO - 2. yor: r=0.6767
2025-08-24 11:44:26,428 - INFO - 3. fon: r=0.7300
2025-08-24 11:44:26,428 - INFO - 4. ewe: r=0.7494
2025-08-24 11:44:26,428 - INFO - 5. mos: r=0.7509
2025-08-24 11:44:26,548 - INFO - Layer 3 (mbert) — Top 5
2025-08-24 11:44:26,548 - INFO - 1. kin: r=0.9023
2025-08-24 11:44:26,548 - INFO - 2. lug: r=0.9017
2025-08-24 11:44:26,548 - INFO - 3. luo: r=0.8986
2025-08-24 11:44:26,548 - INFO - 4. twi: r=0.8979
2025-08-24 11:44:26,548 - INFO - 5. ibo: r=0.8937
2025-08-24 11:44:26,548 - INFO - Layer 3 (mbert) — Worst 5
2025-08-24 11:44:26,548 - INFO - 1. bbj: r=0.7772
2025-08-24 11:44:26,548 - INFO - 2. yor: r=0.7965
2025-08-24 11:44:26,548 - INFO - 3. fon: r=0.8301
2025-08-24 11:44:26,548 - INFO - 4. ewe: r=0.8429
2025-08-24 11:44:26,548 - INFO - 5. pcm: r=0.8432
2025-08-24 11:44:26,731 - INFO - Layer 10 (mbert) — Top 5
2025-08-24 11:44:26,731 - INFO - 1. kin: r=0.9647
2025-08-24 11:44:26,731 - INFO - 2. lug: r=0.9614
2025-08-24 11:44:26,731 - INFO - 3. nya: r=0.9608
2025-08-24 11:44:26,731 - INFO - 4. twi: r=0.9592
2025-08-24 11:44:26,731 - INFO - 5. sna: r=0.9587
2025-08-24 11:44:26,731 - INFO - Layer 10 (mbert) — Worst 5
2025-08-24 11:44:26,731 - INFO - 1. bbj: r=0.9171
2025-08-24 11:44:26,731 - INFO - 2. yor: r=0.9261
2025-08-24 11:44:26,731 - INFO - 3. fon: r=0.9312
2025-08-24 11:44:26,731 - INFO - 4. ewe: r=0.9358
2025-08-24 11:44:26,731 - INFO - 5. pcm: r=0.9382
2025-08-24 11:44:26,859 - INFO - Layer 12 (mbert) — Top 5
2025-08-24 11:44:26,859 - INFO - 1. lug: r=0.8478
2025-08-24 11:44:26,859 - INFO - 2. kin: r=0.8472
2025-08-24 11:44:26,859 - INFO - 3. nya: r=0.8382
2025-08-24 11:44:26,859 - INFO - 4. sna: r=0.8274
2025-08-24 11:44:26,859 - INFO - 5. twi: r=0.8159
2025-08-24 11:44:26,859 - INFO - Layer 12 (mbert) — Worst 5
2025-08-24 11:44:26,859 - INFO - 1. bbj: r=0.6557
2025-08-24 11:44:26,859 - INFO - 2. yor: r=0.6629
2025-08-24 11:44:26,859 - INFO - 3. fon: r=0.7001
2025-08-24 11:44:26,859 - INFO - 4. mos: r=0.7269
2025-08-24 11:44:26,859 - INFO - 5. ewe: r=0.7320
2025-08-24 11:44:26,860 - INFO - Experiment finished successfully.
