2025-08-02 20:52:00,033 - INFO - Experiment started with model_type=xlmr, use_cls=True, use_context=False, context_window=2, use_hybrid=True, max_tokens_per_type=200, output_dir=rq2_train_scripts/Embeddings/MEXA_inspired_strategy/outputs/combined/xlmr/config_5_clstrue_ctxfalse_hybtrue/tokens_200_ctx2
2025-08-02 20:52:01,803 - INFO - Processing run
2025-08-02 20:52:04,054 - INFO - Processing bam
2025-08-02 20:52:05,886 - INFO - Processing bbj
2025-08-02 20:52:07,713 - INFO - Processing ewe
2025-08-02 20:52:09,515 - INFO - Processing fon
2025-08-02 20:52:11,352 - INFO - Processing hau
2025-08-02 20:52:13,167 - INFO - Processing ibo
2025-08-02 20:52:15,039 - INFO - Processing kin
2025-08-02 20:52:16,877 - INFO - Processing lug
2025-08-02 20:52:18,682 - INFO - Processing luo
2025-08-02 20:52:20,511 - INFO - Processing mos
2025-08-02 20:52:22,349 - INFO - Processing nya
2025-08-02 20:52:24,176 - INFO - Processing pcm
2025-08-02 20:52:25,986 - INFO - Processing sna
2025-08-02 20:52:27,828 - INFO - Processing swa
2025-08-02 20:52:29,648 - INFO - Processing tsn
2025-08-02 20:52:31,454 - INFO - Processing twi
2025-08-02 20:52:33,270 - INFO - Processing wol
2025-08-02 20:52:35,092 - INFO - Processing xho
2025-08-02 20:52:36,909 - INFO - Processing yor
2025-08-02 20:52:38,782 - INFO - Processing zul
2025-08-02 20:52:41,068 - INFO - Top 5 languages most similar to Runyankore:
2025-08-02 20:52:41,069 - INFO - 1. lug - Mean Similarity: 0.9431
2025-08-02 20:52:41,069 - INFO - 2. tsn - Mean Similarity: 0.9219
2025-08-02 20:52:41,069 - INFO - 3. nya - Mean Similarity: 0.9203
2025-08-02 20:52:41,069 - INFO - 4. luo - Mean Similarity: 0.9195
2025-08-02 20:52:41,069 - INFO - 5. twi - Mean Similarity: 0.9194
2025-08-02 20:52:41,069 - INFO - Experiment finished successfully.
