2025-08-24 11:39:34,190 - INFO - Start: model_type=mbert, run_both=False, use_cls=False, use_context=False, context_window=1, max_tokens_per_type=300, batch_size=32, seed=1, num_middle_layers=3, output_dir=rq2_train_scripts/Embeddings/EXTENDED/outputs/combined_extended/mbert/config_0_clsfalse_ctxfalse_hybfalse/tokens_300_ctx1
2025-08-24 11:39:34,715 - INFO - mbert: selected layer indices (hidden_states) = [2, 3, 10, 12]
2025-08-24 11:39:35,595 - INFO - Processing run
2025-08-24 11:39:36,509 - INFO - Processing bam
2025-08-24 11:39:37,083 - INFO - Processing bbj
2025-08-24 11:39:37,600 - INFO - Processing ewe
2025-08-24 11:39:38,119 - INFO - Processing fon
2025-08-24 11:39:38,694 - INFO - Processing hau
2025-08-24 11:39:39,127 - INFO - Processing ibo
2025-08-24 11:39:39,527 - INFO - Processing kin
2025-08-24 11:39:39,872 - INFO - Processing lug
2025-08-24 11:39:40,171 - INFO - Processing luo
2025-08-24 11:39:40,273 - INFO - Processing mos
2025-08-24 11:39:40,383 - INFO - Processing nya
2025-08-24 11:39:40,494 - INFO - Processing pcm
2025-08-24 11:39:40,620 - INFO - Processing sna
2025-08-24 11:39:40,739 - INFO - Processing swa
2025-08-24 11:39:40,855 - INFO - Processing tsn
2025-08-24 11:39:40,947 - INFO - Processing twi
2025-08-24 11:39:41,057 - INFO - Processing wol
2025-08-24 11:39:41,165 - INFO - Processing xho
2025-08-24 11:39:41,318 - INFO - Processing yor
2025-08-24 11:39:41,460 - INFO - Processing zul
2025-08-24 11:39:41,823 - INFO - Layer 2 (mbert) — Top 5
2025-08-24 11:39:41,823 - INFO - 1. lug: r=0.9324
2025-08-24 11:39:41,823 - INFO - 2. twi: r=0.9304
2025-08-24 11:39:41,823 - INFO - 3. kin: r=0.9301
2025-08-24 11:39:41,823 - INFO - 4. luo: r=0.9284
2025-08-24 11:39:41,823 - INFO - 5. swa: r=0.9228
2025-08-24 11:39:41,823 - INFO - Layer 2 (mbert) — Worst 5
2025-08-24 11:39:41,823 - INFO - 1. bbj: r=0.7705
2025-08-24 11:39:41,823 - INFO - 2. yor: r=0.7946
2025-08-24 11:39:41,823 - INFO - 3. fon: r=0.8291
2025-08-24 11:39:41,823 - INFO - 4. bam: r=0.8574
2025-08-24 11:39:41,823 - INFO - 5. mos: r=0.8717
2025-08-24 11:39:41,942 - INFO - Layer 3 (mbert) — Top 5
2025-08-24 11:39:41,942 - INFO - 1. kin: r=0.9575
2025-08-24 11:39:41,942 - INFO - 2. lug: r=0.9554
2025-08-24 11:39:41,942 - INFO - 3. luo: r=0.9533
2025-08-24 11:39:41,942 - INFO - 4. twi: r=0.9530
2025-08-24 11:39:41,942 - INFO - 5. swa: r=0.9470
2025-08-24 11:39:41,942 - INFO - Layer 3 (mbert) — Worst 5
2025-08-24 11:39:41,942 - INFO - 1. bbj: r=0.8519
2025-08-24 11:39:41,942 - INFO - 2. yor: r=0.8662
2025-08-24 11:39:41,942 - INFO - 3. fon: r=0.8868
2025-08-24 11:39:41,942 - INFO - 4. bam: r=0.9086
2025-08-24 11:39:41,942 - INFO - 5. mos: r=0.9200
2025-08-24 11:39:42,054 - INFO - Layer 10 (mbert) — Top 5
2025-08-24 11:39:42,054 - INFO - 1. lug: r=0.9852
2025-08-24 11:39:42,054 - INFO - 2. kin: r=0.9852
2025-08-24 11:39:42,054 - INFO - 3. twi: r=0.9843
2025-08-24 11:39:42,054 - INFO - 4. luo: r=0.9833
2025-08-24 11:39:42,054 - INFO - 5. swa: r=0.9829
2025-08-24 11:39:42,054 - INFO - Layer 10 (mbert) — Worst 5
2025-08-24 11:39:42,054 - INFO - 1. bbj: r=0.9493
2025-08-24 11:39:42,054 - INFO - 2. yor: r=0.9516
2025-08-24 11:39:42,054 - INFO - 3. fon: r=0.9625
2025-08-24 11:39:42,054 - INFO - 4. mos: r=0.9645
2025-08-24 11:39:42,054 - INFO - 5. pcm: r=0.9688
2025-08-24 11:39:42,184 - INFO - Layer 12 (mbert) — Top 5
2025-08-24 11:39:42,185 - INFO - 1. lug: r=0.9428
2025-08-24 11:39:42,185 - INFO - 2. kin: r=0.9376
2025-08-24 11:39:42,185 - INFO - 3. luo: r=0.9331
2025-08-24 11:39:42,185 - INFO - 4. twi: r=0.9324
2025-08-24 11:39:42,185 - INFO - 5. ibo: r=0.9214
2025-08-24 11:39:42,185 - INFO - Layer 12 (mbert) — Worst 5
2025-08-24 11:39:42,185 - INFO - 1. bbj: r=0.8037
2025-08-24 11:39:42,185 - INFO - 2. yor: r=0.8069
2025-08-24 11:39:42,185 - INFO - 3. fon: r=0.8645
2025-08-24 11:39:42,185 - INFO - 4. mos: r=0.8684
2025-08-24 11:39:42,185 - INFO - 5. pcm: r=0.8711
2025-08-24 11:39:42,187 - INFO - Experiment finished successfully.
