2025-08-27 10:47:33,994 - INFO - Start: model_type=mbert, use_cls=True, use_context=True, context_window=3, max_tokens_per_type=400, batch_size=64, output_dir=rq2_train_scripts/Embeddings/CLEAN/outputs/combined/mbert/config_3_clstrue_ctxtrue/tokens_400_ctx3/core, save_prototypes=False, seed=42, fp16=True, max_length=96, langs=all, layers=all, span_mode=bio, pool=mean, entity_tags={'LOC', 'PER', 'ORG', 'DATE'}, title_suffix='L=all, tokens=400, ctx=3, cls=true, fp16=true'
2025-08-27 10:47:36,068 - INFO - Processing run
2025-08-27 10:47:36,506 - INFO - Processing bam
2025-08-27 10:47:36,562 - INFO - Processing bbj
2025-08-27 10:47:36,613 - INFO - Processing ewe
2025-08-27 10:47:36,666 - INFO - Processing fon
2025-08-27 10:47:36,729 - INFO - Processing hau
2025-08-27 10:47:36,792 - INFO - Processing ibo
2025-08-27 10:47:36,882 - INFO - Processing kin
2025-08-27 10:47:36,961 - INFO - Processing lug
2025-08-27 10:47:37,031 - INFO - Processing luo
2025-08-27 10:47:37,108 - INFO - Processing mos
2025-08-27 10:47:37,178 - INFO - Processing nya
2025-08-27 10:47:37,245 - INFO - Processing pcm
2025-08-27 10:47:37,303 - INFO - Processing sna
2025-08-27 10:47:37,380 - INFO - Processing swa
2025-08-27 10:47:37,442 - INFO - Processing tsn
2025-08-27 10:47:37,488 - INFO - Processing twi
2025-08-27 10:47:37,572 - INFO - Processing wol
2025-08-27 10:47:37,638 - INFO - Processing xho
2025-08-27 10:47:37,686 - INFO - Processing yor
2025-08-27 10:47:37,769 - INFO - Processing zul
2025-08-27 10:47:38,156 - INFO - === Layer 1 (mbert) — Top 5 (cosine) ===
2025-08-27 10:47:38,156 - INFO - 1. hau: cos=0.9997
2025-08-27 10:47:38,156 - INFO - 2. lug: cos=0.9997
2025-08-27 10:47:38,156 - INFO - 3. nya: cos=0.9996
2025-08-27 10:47:38,156 - INFO - 4. kin: cos=0.9996
2025-08-27 10:47:38,156 - INFO - 5. ibo: cos=0.9996
2025-08-27 10:47:38,156 - INFO - === Layer 1 (mbert) — Worst 5 (cosine) ===
2025-08-27 10:47:38,156 - INFO - 1. yor: cos=0.9986
2025-08-27 10:47:38,156 - INFO - 2. pcm: cos=0.9987
2025-08-27 10:47:38,156 - INFO - 3. fon: cos=0.9989
2025-08-27 10:47:38,156 - INFO - 4. bbj: cos=0.9989
2025-08-27 10:47:38,156 - INFO - 5. ewe: cos=0.9993
2025-08-27 10:47:38,279 - INFO - === Layer 2 (mbert) — Top 5 (cosine) ===
2025-08-27 10:47:38,279 - INFO - 1. hau: cos=1.0000
2025-08-27 10:47:38,279 - INFO - 2. lug: cos=0.9999
2025-08-27 10:47:38,279 - INFO - 3. nya: cos=0.9999
2025-08-27 10:47:38,279 - INFO - 4. xho: cos=0.9999
2025-08-27 10:47:38,279 - INFO - 5. kin: cos=0.9999
2025-08-27 10:47:38,280 - INFO - === Layer 2 (mbert) — Worst 5 (cosine) ===
2025-08-27 10:47:38,280 - INFO - 1. yor: cos=0.9998
2025-08-27 10:47:38,280 - INFO - 2. fon: cos=0.9998
2025-08-27 10:47:38,280 - INFO - 3. pcm: cos=0.9998
2025-08-27 10:47:38,280 - INFO - 4. bbj: cos=0.9998
2025-08-27 10:47:38,280 - INFO - 5. ewe: cos=0.9999
2025-08-27 10:47:38,402 - INFO - === Layer 3 (mbert) — Top 5 (cosine) ===
2025-08-27 10:47:38,402 - INFO - 1. lug: cos=1.0000
2025-08-27 10:47:38,402 - INFO - 2. hau: cos=1.0000
2025-08-27 10:47:38,402 - INFO - 3. nya: cos=1.0000
2025-08-27 10:47:38,402 - INFO - 4. kin: cos=1.0000
2025-08-27 10:47:38,402 - INFO - 5. xho: cos=1.0000
2025-08-27 10:47:38,402 - INFO - === Layer 3 (mbert) — Worst 5 (cosine) ===
2025-08-27 10:47:38,402 - INFO - 1. yor: cos=0.9999
2025-08-27 10:47:38,402 - INFO - 2. pcm: cos=0.9999
2025-08-27 10:47:38,402 - INFO - 3. bbj: cos=0.9999
2025-08-27 10:47:38,402 - INFO - 4. fon: cos=0.9999
2025-08-27 10:47:38,402 - INFO - 5. swa: cos=0.9999
2025-08-27 10:47:38,524 - INFO - === Layer 4 (mbert) — Top 5 (cosine) ===
2025-08-27 10:47:38,524 - INFO - 1. kin: cos=0.9999
2025-08-27 10:47:38,524 - INFO - 2. lug: cos=0.9999
2025-08-27 10:47:38,525 - INFO - 3. nya: cos=0.9999
2025-08-27 10:47:38,525 - INFO - 4. sna: cos=0.9999
2025-08-27 10:47:38,525 - INFO - 5. zul: cos=0.9999
2025-08-27 10:47:38,525 - INFO - === Layer 4 (mbert) — Worst 5 (cosine) ===
2025-08-27 10:47:38,525 - INFO - 1. pcm: cos=0.9996
2025-08-27 10:47:38,525 - INFO - 2. yor: cos=0.9996
2025-08-27 10:47:38,525 - INFO - 3. bbj: cos=0.9997
2025-08-27 10:47:38,525 - INFO - 4. fon: cos=0.9997
2025-08-27 10:47:38,525 - INFO - 5. ewe: cos=0.9998
2025-08-27 10:47:38,646 - INFO - === Layer 5 (mbert) — Top 5 (cosine) ===
2025-08-27 10:47:38,646 - INFO - 1. lug: cos=0.9926
2025-08-27 10:47:38,646 - INFO - 2. nya: cos=0.9926
2025-08-27 10:47:38,647 - INFO - 3. kin: cos=0.9923
2025-08-27 10:47:38,647 - INFO - 4. luo: cos=0.9913
2025-08-27 10:47:38,647 - INFO - 5. xho: cos=0.9910
2025-08-27 10:47:38,647 - INFO - === Layer 5 (mbert) — Worst 5 (cosine) ===
2025-08-27 10:47:38,647 - INFO - 1. bbj: cos=0.9699
2025-08-27 10:47:38,647 - INFO - 2. yor: cos=0.9735
2025-08-27 10:47:38,647 - INFO - 3. fon: cos=0.9753
2025-08-27 10:47:38,647 - INFO - 4. swa: cos=0.9771
2025-08-27 10:47:38,647 - INFO - 5. pcm: cos=0.9796
2025-08-27 10:47:38,833 - INFO - === Layer 6 (mbert) — Top 5 (cosine) ===
2025-08-27 10:47:38,833 - INFO - 1. kin: cos=0.9879
2025-08-27 10:47:38,834 - INFO - 2. lug: cos=0.9877
2025-08-27 10:47:38,834 - INFO - 3. hau: cos=0.9863
2025-08-27 10:47:38,834 - INFO - 4. ibo: cos=0.9861
2025-08-27 10:47:38,834 - INFO - 5. xho: cos=0.9848
2025-08-27 10:47:38,834 - INFO - === Layer 6 (mbert) — Worst 5 (cosine) ===
2025-08-27 10:47:38,834 - INFO - 1. bbj: cos=0.9572
2025-08-27 10:47:38,834 - INFO - 2. yor: cos=0.9587
2025-08-27 10:47:38,834 - INFO - 3. swa: cos=0.9596
2025-08-27 10:47:38,834 - INFO - 4. fon: cos=0.9619
2025-08-27 10:47:38,834 - INFO - 5. pcm: cos=0.9650
2025-08-27 10:47:38,956 - INFO - === Layer 7 (mbert) — Top 5 (cosine) ===
2025-08-27 10:47:38,956 - INFO - 1. kin: cos=0.9846
2025-08-27 10:47:38,956 - INFO - 2. lug: cos=0.9837
2025-08-27 10:47:38,956 - INFO - 3. hau: cos=0.9834
2025-08-27 10:47:38,956 - INFO - 4. ibo: cos=0.9827
2025-08-27 10:47:38,956 - INFO - 5. luo: cos=0.9805
2025-08-27 10:47:38,956 - INFO - === Layer 7 (mbert) — Worst 5 (cosine) ===
2025-08-27 10:47:38,956 - INFO - 1. swa: cos=0.9491
2025-08-27 10:47:38,956 - INFO - 2. pcm: cos=0.9560
2025-08-27 10:47:38,956 - INFO - 3. yor: cos=0.9566
2025-08-27 10:47:38,956 - INFO - 4. bbj: cos=0.9584
2025-08-27 10:47:38,956 - INFO - 5. fon: cos=0.9603
2025-08-27 10:47:39,078 - INFO - === Layer 8 (mbert) — Top 5 (cosine) ===
2025-08-27 10:47:39,078 - INFO - 1. kin: cos=0.9862
2025-08-27 10:47:39,078 - INFO - 2. sna: cos=0.9861
2025-08-27 10:47:39,078 - INFO - 3. lug: cos=0.9845
2025-08-27 10:47:39,078 - INFO - 4. hau: cos=0.9826
2025-08-27 10:47:39,078 - INFO - 5. nya: cos=0.9793
2025-08-27 10:47:39,078 - INFO - === Layer 8 (mbert) — Worst 5 (cosine) ===
2025-08-27 10:47:39,078 - INFO - 1. swa: cos=0.9325
2025-08-27 10:47:39,078 - INFO - 2. yor: cos=0.9462
2025-08-27 10:47:39,078 - INFO - 3. bbj: cos=0.9499
2025-08-27 10:47:39,078 - INFO - 4. pcm: cos=0.9513
2025-08-27 10:47:39,078 - INFO - 5. fon: cos=0.9565
2025-08-27 10:47:39,199 - INFO - === Layer 9 (mbert) — Top 5 (cosine) ===
2025-08-27 10:47:39,199 - INFO - 1. sna: cos=0.9893
2025-08-27 10:47:39,200 - INFO - 2. kin: cos=0.9890
2025-08-27 10:47:39,200 - INFO - 3. lug: cos=0.9879
2025-08-27 10:47:39,200 - INFO - 4. hau: cos=0.9853
2025-08-27 10:47:39,200 - INFO - 5. ibo: cos=0.9833
2025-08-27 10:47:39,200 - INFO - === Layer 9 (mbert) — Worst 5 (cosine) ===
2025-08-27 10:47:39,200 - INFO - 1. swa: cos=0.9463
2025-08-27 10:47:39,200 - INFO - 2. pcm: cos=0.9539
2025-08-27 10:47:39,200 - INFO - 3. yor: cos=0.9552
2025-08-27 10:47:39,200 - INFO - 4. bbj: cos=0.9615
2025-08-27 10:47:39,200 - INFO - 5. fon: cos=0.9653
2025-08-27 10:47:39,324 - INFO - === Layer 10 (mbert) — Top 5 (cosine) ===
2025-08-27 10:47:39,324 - INFO - 1. sna: cos=0.9896
2025-08-27 10:47:39,324 - INFO - 2. kin: cos=0.9893
2025-08-27 10:47:39,324 - INFO - 3. lug: cos=0.9887
2025-08-27 10:47:39,324 - INFO - 4. hau: cos=0.9858
2025-08-27 10:47:39,324 - INFO - 5. ibo: cos=0.9855
2025-08-27 10:47:39,324 - INFO - === Layer 10 (mbert) — Worst 5 (cosine) ===
2025-08-27 10:47:39,324 - INFO - 1. yor: cos=0.9516
2025-08-27 10:47:39,324 - INFO - 2. swa: cos=0.9564
2025-08-27 10:47:39,324 - INFO - 3. pcm: cos=0.9570
2025-08-27 10:47:39,324 - INFO - 4. bbj: cos=0.9658
2025-08-27 10:47:39,324 - INFO - 5. fon: cos=0.9690
2025-08-27 10:47:39,447 - INFO - === Layer 11 (mbert) — Top 5 (cosine) ===
2025-08-27 10:47:39,447 - INFO - 1. lug: cos=0.9874
2025-08-27 10:47:39,447 - INFO - 2. kin: cos=0.9866
2025-08-27 10:47:39,447 - INFO - 3. sna: cos=0.9861
2025-08-27 10:47:39,447 - INFO - 4. nya: cos=0.9842
2025-08-27 10:47:39,447 - INFO - 5. hau: cos=0.9819
2025-08-27 10:47:39,447 - INFO - === Layer 11 (mbert) — Worst 5 (cosine) ===
2025-08-27 10:47:39,447 - INFO - 1. yor: cos=0.9456
2025-08-27 10:47:39,447 - INFO - 2. pcm: cos=0.9552
2025-08-27 10:47:39,447 - INFO - 3. bbj: cos=0.9614
2025-08-27 10:47:39,447 - INFO - 4. swa: cos=0.9652
2025-08-27 10:47:39,447 - INFO - 5. fon: cos=0.9668
2025-08-27 10:47:39,570 - INFO - === Layer 12 (mbert) — Top 5 (cosine) ===
2025-08-27 10:47:39,570 - INFO - 1. lug: cos=0.9748
2025-08-27 10:47:39,570 - INFO - 2. kin: cos=0.9692
2025-08-27 10:47:39,570 - INFO - 3. sna: cos=0.9683
2025-08-27 10:47:39,570 - INFO - 4. nya: cos=0.9668
2025-08-27 10:47:39,570 - INFO - 5. hau: cos=0.9636
2025-08-27 10:47:39,570 - INFO - === Layer 12 (mbert) — Worst 5 (cosine) ===
2025-08-27 10:47:39,570 - INFO - 1. bbj: cos=0.9065
2025-08-27 10:47:39,570 - INFO - 2. yor: cos=0.9161
2025-08-27 10:47:39,570 - INFO - 3. pcm: cos=0.9182
2025-08-27 10:47:39,570 - INFO - 4. fon: cos=0.9288
2025-08-27 10:47:39,570 - INFO - 5. swa: cos=0.9426
2025-08-27 10:47:39,570 - INFO - Experiment finished successfully.
