2025-08-27 18:04:52,630 - INFO - Start: model_type=mbert, use_cls=False, use_context=False, context_window=0, max_tokens_per_type=500, batch_size=64, output_dir=rq2_train_scripts/Embeddings/CLEAN/outputs/mptc/mbert/config_0_clsfalse_ctxfalse/tokens_500_ctx0/core, save_prototypes=False, seed=42, fp16=True, max_length=96, langs=all, layers=all, span_mode=bio, pool=mean, entity_tags={'DATE', 'ORG', 'LOC', 'PER'}, title_suffix='L=all, tokens=500, ctx=0, cls=false, fp16=true'
2025-08-27 18:04:54,437 - INFO - Processing run
2025-08-27 18:04:54,983 - INFO - Processing bam
2025-08-27 18:04:55,144 - INFO - Processing bbj
2025-08-27 18:04:55,322 - INFO - Processing ewe
2025-08-27 18:04:55,479 - INFO - Processing fon
2025-08-27 18:04:55,689 - INFO - Processing hau
2025-08-27 18:04:55,871 - INFO - Processing ibo
2025-08-27 18:04:56,079 - INFO - Processing kin
2025-08-27 18:04:56,258 - INFO - Processing lug
2025-08-27 18:04:56,419 - INFO - Processing luo
2025-08-27 18:04:56,592 - INFO - Processing mos
2025-08-27 18:04:56,767 - INFO - Processing nya
2025-08-27 18:04:56,934 - INFO - Processing pcm
2025-08-27 18:04:57,091 - INFO - Processing sna
2025-08-27 18:04:57,282 - INFO - Processing swa
2025-08-27 18:04:57,449 - INFO - Processing tsn
2025-08-27 18:04:57,609 - INFO - Processing twi
2025-08-27 18:04:57,785 - INFO - Processing wol
2025-08-27 18:04:57,965 - INFO - Processing xho
2025-08-27 18:04:58,130 - INFO - Processing yor
2025-08-27 18:04:58,342 - INFO - Processing zul
2025-08-27 18:04:58,867 - INFO - === Layer 1 (mbert) — Top 5 (cosine) ===
2025-08-27 18:04:58,867 - INFO - 1. kin: cos=0.8948
2025-08-27 18:04:58,867 - INFO - 2. luo: cos=0.8755
2025-08-27 18:04:58,867 - INFO - 3. twi: cos=0.8713
2025-08-27 18:04:58,867 - INFO - 4. ibo: cos=0.8691
2025-08-27 18:04:58,867 - INFO - 5. nya: cos=0.8681
2025-08-27 18:04:58,867 - INFO - === Layer 1 (mbert) — Worst 5 (cosine) ===
2025-08-27 18:04:58,867 - INFO - 1. yor: cos=0.6778
2025-08-27 18:04:58,867 - INFO - 2. bbj: cos=0.6807
2025-08-27 18:04:58,867 - INFO - 3. mos: cos=0.7376
2025-08-27 18:04:58,867 - INFO - 4. fon: cos=0.7482
2025-08-27 18:04:58,867 - INFO - 5. pcm: cos=0.7812
2025-08-27 18:04:58,995 - INFO - === Layer 2 (mbert) — Top 5 (cosine) ===
2025-08-27 18:04:58,995 - INFO - 1. kin: cos=0.9062
2025-08-27 18:04:58,995 - INFO - 2. luo: cos=0.8910
2025-08-27 18:04:58,995 - INFO - 3. twi: cos=0.8865
2025-08-27 18:04:58,995 - INFO - 4. ibo: cos=0.8858
2025-08-27 18:04:58,995 - INFO - 5. nya: cos=0.8804
2025-08-27 18:04:58,995 - INFO - === Layer 2 (mbert) — Worst 5 (cosine) ===
2025-08-27 18:04:58,995 - INFO - 1. yor: cos=0.7092
2025-08-27 18:04:58,995 - INFO - 2. bbj: cos=0.7140
2025-08-27 18:04:58,995 - INFO - 3. mos: cos=0.7627
2025-08-27 18:04:58,995 - INFO - 4. fon: cos=0.7730
2025-08-27 18:04:58,995 - INFO - 5. ewe: cos=0.7872
2025-08-27 18:04:59,125 - INFO - === Layer 3 (mbert) — Top 5 (cosine) ===
2025-08-27 18:04:59,125 - INFO - 1. kin: cos=0.9406
2025-08-27 18:04:59,125 - INFO - 2. luo: cos=0.9285
2025-08-27 18:04:59,125 - INFO - 3. twi: cos=0.9229
2025-08-27 18:04:59,125 - INFO - 4. nya: cos=0.9194
2025-08-27 18:04:59,125 - INFO - 5. swa: cos=0.9152
2025-08-27 18:04:59,125 - INFO - === Layer 3 (mbert) — Worst 5 (cosine) ===
2025-08-27 18:04:59,125 - INFO - 1. yor: cos=0.8099
2025-08-27 18:04:59,125 - INFO - 2. bbj: cos=0.8133
2025-08-27 18:04:59,125 - INFO - 3. mos: cos=0.8429
2025-08-27 18:04:59,125 - INFO - 4. ewe: cos=0.8540
2025-08-27 18:04:59,125 - INFO - 5. fon: cos=0.8587
2025-08-27 18:04:59,255 - INFO - === Layer 4 (mbert) — Top 5 (cosine) ===
2025-08-27 18:04:59,256 - INFO - 1. kin: cos=0.9537
2025-08-27 18:04:59,256 - INFO - 2. luo: cos=0.9448
2025-08-27 18:04:59,256 - INFO - 3. twi: cos=0.9417
2025-08-27 18:04:59,256 - INFO - 4. nya: cos=0.9368
2025-08-27 18:04:59,256 - INFO - 5. sna: cos=0.9312
2025-08-27 18:04:59,256 - INFO - === Layer 4 (mbert) — Worst 5 (cosine) ===
2025-08-27 18:04:59,256 - INFO - 1. yor: cos=0.8448
2025-08-27 18:04:59,256 - INFO - 2. bbj: cos=0.8474
2025-08-27 18:04:59,256 - INFO - 3. ewe: cos=0.8708
2025-08-27 18:04:59,256 - INFO - 4. mos: cos=0.8724
2025-08-27 18:04:59,256 - INFO - 5. fon: cos=0.8866
2025-08-27 18:04:59,385 - INFO - === Layer 5 (mbert) — Top 5 (cosine) ===
2025-08-27 18:04:59,385 - INFO - 1. kin: cos=0.9661
2025-08-27 18:04:59,385 - INFO - 2. luo: cos=0.9602
2025-08-27 18:04:59,385 - INFO - 3. twi: cos=0.9570
2025-08-27 18:04:59,385 - INFO - 4. nya: cos=0.9524
2025-08-27 18:04:59,385 - INFO - 5. sna: cos=0.9478
2025-08-27 18:04:59,385 - INFO - === Layer 5 (mbert) — Worst 5 (cosine) ===
2025-08-27 18:04:59,385 - INFO - 1. yor: cos=0.8850
2025-08-27 18:04:59,385 - INFO - 2. bbj: cos=0.8859
2025-08-27 18:04:59,385 - INFO - 3. ewe: cos=0.8962
2025-08-27 18:04:59,385 - INFO - 4. mos: cos=0.9104
2025-08-27 18:04:59,385 - INFO - 5. pcm: cos=0.9116
2025-08-27 18:04:59,579 - INFO - === Layer 6 (mbert) — Top 5 (cosine) ===
2025-08-27 18:04:59,579 - INFO - 1. kin: cos=0.9715
2025-08-27 18:04:59,579 - INFO - 2. luo: cos=0.9696
2025-08-27 18:04:59,579 - INFO - 3. twi: cos=0.9674
2025-08-27 18:04:59,579 - INFO - 4. nya: cos=0.9596
2025-08-27 18:04:59,579 - INFO - 5. tsn: cos=0.9568
2025-08-27 18:04:59,579 - INFO - === Layer 6 (mbert) — Worst 5 (cosine) ===
2025-08-27 18:04:59,579 - INFO - 1. bbj: cos=0.9009
2025-08-27 18:04:59,579 - INFO - 2. yor: cos=0.9060
2025-08-27 18:04:59,579 - INFO - 3. ewe: cos=0.9168
2025-08-27 18:04:59,579 - INFO - 4. pcm: cos=0.9243
2025-08-27 18:04:59,579 - INFO - 5. mos: cos=0.9277
2025-08-27 18:04:59,708 - INFO - === Layer 7 (mbert) — Top 5 (cosine) ===
2025-08-27 18:04:59,708 - INFO - 1. kin: cos=0.9599
2025-08-27 18:04:59,709 - INFO - 2. twi: cos=0.9564
2025-08-27 18:04:59,709 - INFO - 3. luo: cos=0.9562
2025-08-27 18:04:59,709 - INFO - 4. nya: cos=0.9471
2025-08-27 18:04:59,709 - INFO - 5. tsn: cos=0.9439
2025-08-27 18:04:59,709 - INFO - === Layer 7 (mbert) — Worst 5 (cosine) ===
2025-08-27 18:04:59,709 - INFO - 1. bbj: cos=0.8720
2025-08-27 18:04:59,709 - INFO - 2. yor: cos=0.8764
2025-08-27 18:04:59,709 - INFO - 3. ewe: cos=0.8960
2025-08-27 18:04:59,709 - INFO - 4. pcm: cos=0.8985
2025-08-27 18:04:59,709 - INFO - 5. mos: cos=0.9037
2025-08-27 18:04:59,838 - INFO - === Layer 8 (mbert) — Top 5 (cosine) ===
2025-08-27 18:04:59,838 - INFO - 1. twi: cos=0.9563
2025-08-27 18:04:59,838 - INFO - 2. kin: cos=0.9561
2025-08-27 18:04:59,838 - INFO - 3. luo: cos=0.9527
2025-08-27 18:04:59,838 - INFO - 4. nya: cos=0.9453
2025-08-27 18:04:59,838 - INFO - 5. tsn: cos=0.9418
2025-08-27 18:04:59,838 - INFO - === Layer 8 (mbert) — Worst 5 (cosine) ===
2025-08-27 18:04:59,838 - INFO - 1. yor: cos=0.8706
2025-08-27 18:04:59,838 - INFO - 2. bbj: cos=0.8707
2025-08-27 18:04:59,838 - INFO - 3. pcm: cos=0.8939
2025-08-27 18:04:59,838 - INFO - 4. ewe: cos=0.8965
2025-08-27 18:04:59,838 - INFO - 5. mos: cos=0.8967
2025-08-27 18:04:59,966 - INFO - === Layer 9 (mbert) — Top 5 (cosine) ===
2025-08-27 18:04:59,966 - INFO - 1. ibo: cos=0.9637
2025-08-27 18:04:59,966 - INFO - 2. kin: cos=0.9629
2025-08-27 18:04:59,966 - INFO - 3. luo: cos=0.9626
2025-08-27 18:04:59,966 - INFO - 4. zul: cos=0.9601
2025-08-27 18:04:59,966 - INFO - 5. twi: cos=0.9599
2025-08-27 18:04:59,966 - INFO - === Layer 9 (mbert) — Worst 5 (cosine) ===
2025-08-27 18:04:59,966 - INFO - 1. pcm: cos=0.9091
2025-08-27 18:04:59,966 - INFO - 2. bbj: cos=0.9104
2025-08-27 18:04:59,966 - INFO - 3. ewe: cos=0.9153
2025-08-27 18:04:59,966 - INFO - 4. yor: cos=0.9180
2025-08-27 18:04:59,966 - INFO - 5. mos: cos=0.9285
2025-08-27 18:05:00,097 - INFO - === Layer 10 (mbert) — Top 5 (cosine) ===
2025-08-27 18:05:00,097 - INFO - 1. luo: cos=0.9698
2025-08-27 18:05:00,097 - INFO - 2. kin: cos=0.9690
2025-08-27 18:05:00,097 - INFO - 3. twi: cos=0.9681
2025-08-27 18:05:00,098 - INFO - 4. ibo: cos=0.9659
2025-08-27 18:05:00,098 - INFO - 5. zul: cos=0.9620
2025-08-27 18:05:00,098 - INFO - === Layer 10 (mbert) — Worst 5 (cosine) ===
2025-08-27 18:05:00,098 - INFO - 1. bbj: cos=0.9361
2025-08-27 18:05:00,098 - INFO - 2. yor: cos=0.9365
2025-08-27 18:05:00,098 - INFO - 3. bam: cos=0.9397
2025-08-27 18:05:00,098 - INFO - 4. xho: cos=0.9407
2025-08-27 18:05:00,098 - INFO - 5. pcm: cos=0.9419
2025-08-27 18:05:00,230 - INFO - === Layer 11 (mbert) — Top 5 (cosine) ===
2025-08-27 18:05:00,230 - INFO - 1. luo: cos=0.9728
2025-08-27 18:05:00,230 - INFO - 2. twi: cos=0.9701
2025-08-27 18:05:00,230 - INFO - 3. kin: cos=0.9692
2025-08-27 18:05:00,230 - INFO - 4. ibo: cos=0.9673
2025-08-27 18:05:00,230 - INFO - 5. zul: cos=0.9604
2025-08-27 18:05:00,230 - INFO - === Layer 11 (mbert) — Worst 5 (cosine) ===
2025-08-27 18:05:00,230 - INFO - 1. bbj: cos=0.9337
2025-08-27 18:05:00,230 - INFO - 2. yor: cos=0.9403
2025-08-27 18:05:00,230 - INFO - 3. xho: cos=0.9448
2025-08-27 18:05:00,230 - INFO - 4. bam: cos=0.9456
2025-08-27 18:05:00,230 - INFO - 5. pcm: cos=0.9476
2025-08-27 18:05:00,361 - INFO - === Layer 12 (mbert) — Top 5 (cosine) ===
2025-08-27 18:05:00,361 - INFO - 1. kin: cos=0.8646
2025-08-27 18:05:00,361 - INFO - 2. twi: cos=0.8617
2025-08-27 18:05:00,361 - INFO - 3. luo: cos=0.8571
2025-08-27 18:05:00,361 - INFO - 4. lug: cos=0.8437
2025-08-27 18:05:00,361 - INFO - 5. ibo: cos=0.8368
2025-08-27 18:05:00,361 - INFO - === Layer 12 (mbert) — Worst 5 (cosine) ===
2025-08-27 18:05:00,361 - INFO - 1. yor: cos=0.7397
2025-08-27 18:05:00,361 - INFO - 2. bbj: cos=0.7413
2025-08-27 18:05:00,361 - INFO - 3. xho: cos=0.7522
2025-08-27 18:05:00,361 - INFO - 4. wol: cos=0.7651
2025-08-27 18:05:00,361 - INFO - 5. pcm: cos=0.7850
2025-08-27 18:05:00,362 - INFO - Experiment finished successfully.
