2025-08-03 07:25:35,071 - INFO - Experiment started with model_type=mbert, use_cls=True, use_context=False, context_window=0, use_hybrid=False, max_tokens_per_type=400, output_dir=rq2_train_scripts/Embeddings/MEXA_inspired_strategy/outputs/mptc/mbert/config_1_clstrue_ctxfalse_hybfalse/tokens_400_ctx0
2025-08-03 07:25:36,093 - INFO - Processing run
2025-08-03 07:25:37,756 - INFO - Processing bam
2025-08-03 07:25:40,341 - INFO - Processing bbj
2025-08-03 07:25:43,105 - INFO - Processing ewe
2025-08-03 07:25:45,866 - INFO - Processing fon
2025-08-03 07:25:48,672 - INFO - Processing hau
2025-08-03 07:25:51,497 - INFO - Processing ibo
2025-08-03 07:25:54,328 - INFO - Processing kin
2025-08-03 07:25:57,128 - INFO - Processing lug
2025-08-03 07:25:59,886 - INFO - Processing luo
2025-08-03 07:26:02,689 - INFO - Processing mos
2025-08-03 07:26:05,470 - INFO - Processing nya
2025-08-03 07:26:08,252 - INFO - Processing pcm
2025-08-03 07:26:11,024 - INFO - Processing sna
2025-08-03 07:26:13,832 - INFO - Processing swa
2025-08-03 07:26:16,607 - INFO - Processing tsn
2025-08-03 07:26:19,342 - INFO - Processing twi
2025-08-03 07:26:22,128 - INFO - Processing wol
2025-08-03 07:26:24,927 - INFO - Processing xho
2025-08-03 07:26:27,703 - INFO - Processing yor
2025-08-03 07:26:30,547 - INFO - Processing zul
2025-08-03 07:26:33,764 - INFO - Top 5 languages most similar to Runyankore:
2025-08-03 07:26:33,764 - INFO - 1. lug - Mean Similarity: 0.9650
2025-08-03 07:26:33,764 - INFO - 2. luo - Mean Similarity: 0.9576
2025-08-03 07:26:33,764 - INFO - 3. kin - Mean Similarity: 0.9559
2025-08-03 07:26:33,764 - INFO - 4. twi - Mean Similarity: 0.9555
2025-08-03 07:26:33,764 - INFO - 5. swa - Mean Similarity: 0.9554
2025-08-03 07:26:33,764 - INFO - Experiment finished successfully.
