2025-08-27 18:26:57,701 - INFO - Start: model_type=mbert, use_cls=False, use_context=True, context_window=3, max_tokens_per_type=200, batch_size=64, output_dir=rq2_train_scripts/Embeddings/CLEAN/outputs/salt/mbert/config_2_clsfalse_ctxtrue/tokens_200_ctx3/core, save_prototypes=False, seed=42, fp16=True, max_length=96, langs=all, layers=all, span_mode=bio, pool=mean, entity_tags={'LOC', 'ORG', 'DATE', 'PER'}, title_suffix='L=all, tokens=200, ctx=3, cls=false, fp16=true'
2025-08-27 18:26:59,449 - INFO - Processing run
2025-08-27 18:26:59,965 - INFO - Processing bam
2025-08-27 18:27:00,045 - INFO - Processing bbj
2025-08-27 18:27:00,109 - INFO - Processing ewe
2025-08-27 18:27:00,176 - INFO - Processing fon
2025-08-27 18:27:00,273 - INFO - Processing hau
2025-08-27 18:27:00,363 - INFO - Processing ibo
2025-08-27 18:27:00,471 - INFO - Processing kin
2025-08-27 18:27:00,560 - INFO - Processing lug
2025-08-27 18:27:00,637 - INFO - Processing luo
2025-08-27 18:27:00,720 - INFO - Processing mos
2025-08-27 18:27:00,807 - INFO - Processing nya
2025-08-27 18:27:00,899 - INFO - Processing pcm
2025-08-27 18:27:00,983 - INFO - Processing sna
2025-08-27 18:27:01,073 - INFO - Processing swa
2025-08-27 18:27:01,158 - INFO - Processing tsn
2025-08-27 18:27:01,230 - INFO - Processing twi
2025-08-27 18:27:01,309 - INFO - Processing wol
2025-08-27 18:27:01,393 - INFO - Processing xho
2025-08-27 18:27:01,475 - INFO - Processing yor
2025-08-27 18:27:01,588 - INFO - Processing zul
2025-08-27 18:27:02,070 - INFO - === Layer 1 (mbert) — Top 5 (cosine) ===
2025-08-27 18:27:02,070 - INFO - 1. kin: cos=0.8410
2025-08-27 18:27:02,070 - INFO - 2. twi: cos=0.8265
2025-08-27 18:27:02,070 - INFO - 3. lug: cos=0.8238
2025-08-27 18:27:02,070 - INFO - 4. luo: cos=0.8188
2025-08-27 18:27:02,070 - INFO - 5. tsn: cos=0.8108
2025-08-27 18:27:02,070 - INFO - === Layer 1 (mbert) — Worst 5 (cosine) ===
2025-08-27 18:27:02,070 - INFO - 1. yor: cos=0.6340
2025-08-27 18:27:02,070 - INFO - 2. bbj: cos=0.6430
2025-08-27 18:27:02,070 - INFO - 3. pcm: cos=0.7003
2025-08-27 18:27:02,070 - INFO - 4. ewe: cos=0.7122
2025-08-27 18:27:02,070 - INFO - 5. mos: cos=0.7215
2025-08-27 18:27:02,201 - INFO - === Layer 2 (mbert) — Top 5 (cosine) ===
2025-08-27 18:27:02,201 - INFO - 1. lug: cos=0.8793
2025-08-27 18:27:02,201 - INFO - 2. kin: cos=0.8632
2025-08-27 18:27:02,201 - INFO - 3. twi: cos=0.8501
2025-08-27 18:27:02,201 - INFO - 4. luo: cos=0.8375
2025-08-27 18:27:02,201 - INFO - 5. tsn: cos=0.8336
2025-08-27 18:27:02,201 - INFO - === Layer 2 (mbert) — Worst 5 (cosine) ===
2025-08-27 18:27:02,201 - INFO - 1. yor: cos=0.6678
2025-08-27 18:27:02,201 - INFO - 2. bbj: cos=0.6893
2025-08-27 18:27:02,201 - INFO - 3. pcm: cos=0.7129
2025-08-27 18:27:02,201 - INFO - 4. ewe: cos=0.7320
2025-08-27 18:27:02,201 - INFO - 5. mos: cos=0.7380
2025-08-27 18:27:02,332 - INFO - === Layer 3 (mbert) — Top 5 (cosine) ===
2025-08-27 18:27:02,333 - INFO - 1. lug: cos=0.9168
2025-08-27 18:27:02,333 - INFO - 2. kin: cos=0.9144
2025-08-27 18:27:02,333 - INFO - 3. twi: cos=0.9060
2025-08-27 18:27:02,333 - INFO - 4. luo: cos=0.8976
2025-08-27 18:27:02,333 - INFO - 5. tsn: cos=0.8930
2025-08-27 18:27:02,333 - INFO - === Layer 3 (mbert) — Worst 5 (cosine) ===
2025-08-27 18:27:02,333 - INFO - 1. yor: cos=0.7748
2025-08-27 18:27:02,333 - INFO - 2. bbj: cos=0.7968
2025-08-27 18:27:02,333 - INFO - 3. pcm: cos=0.8070
2025-08-27 18:27:02,333 - INFO - 4. ewe: cos=0.8197
2025-08-27 18:27:02,333 - INFO - 5. mos: cos=0.8376
2025-08-27 18:27:02,465 - INFO - === Layer 4 (mbert) — Top 5 (cosine) ===
2025-08-27 18:27:02,465 - INFO - 1. lug: cos=0.9338
2025-08-27 18:27:02,465 - INFO - 2. twi: cos=0.9260
2025-08-27 18:27:02,465 - INFO - 3. tsn: cos=0.9141
2025-08-27 18:27:02,465 - INFO - 4. kin: cos=0.9105
2025-08-27 18:27:02,465 - INFO - 5. ibo: cos=0.9100
2025-08-27 18:27:02,465 - INFO - === Layer 4 (mbert) — Worst 5 (cosine) ===
2025-08-27 18:27:02,465 - INFO - 1. yor: cos=0.8179
2025-08-27 18:27:02,465 - INFO - 2. bbj: cos=0.8364
2025-08-27 18:27:02,465 - INFO - 3. ewe: cos=0.8417
2025-08-27 18:27:02,465 - INFO - 4. pcm: cos=0.8428
2025-08-27 18:27:02,465 - INFO - 5. xho: cos=0.8718
2025-08-27 18:27:02,596 - INFO - === Layer 5 (mbert) — Top 5 (cosine) ===
2025-08-27 18:27:02,596 - INFO - 1. twi: cos=0.9445
2025-08-27 18:27:02,596 - INFO - 2. lug: cos=0.9353
2025-08-27 18:27:02,596 - INFO - 3. nya: cos=0.9282
2025-08-27 18:27:02,596 - INFO - 4. ibo: cos=0.9268
2025-08-27 18:27:02,596 - INFO - 5. mos: cos=0.9237
2025-08-27 18:27:02,596 - INFO - === Layer 5 (mbert) — Worst 5 (cosine) ===
2025-08-27 18:27:02,596 - INFO - 1. yor: cos=0.8571
2025-08-27 18:27:02,596 - INFO - 2. bbj: cos=0.8842
2025-08-27 18:27:02,596 - INFO - 3. xho: cos=0.8991
2025-08-27 18:27:02,596 - INFO - 4. swa: cos=0.9066
2025-08-27 18:27:02,596 - INFO - 5. pcm: cos=0.9079
2025-08-27 18:27:02,806 - INFO - === Layer 6 (mbert) — Top 5 (cosine) ===
2025-08-27 18:27:02,806 - INFO - 1. twi: cos=0.9574
2025-08-27 18:27:02,806 - INFO - 2. lug: cos=0.9480
2025-08-27 18:27:02,806 - INFO - 3. ibo: cos=0.9424
2025-08-27 18:27:02,806 - INFO - 4. kin: cos=0.9398
2025-08-27 18:27:02,806 - INFO - 5. hau: cos=0.9388
2025-08-27 18:27:02,806 - INFO - === Layer 6 (mbert) — Worst 5 (cosine) ===
2025-08-27 18:27:02,806 - INFO - 1. yor: cos=0.8733
2025-08-27 18:27:02,806 - INFO - 2. bbj: cos=0.9040
2025-08-27 18:27:02,806 - INFO - 3. swa: cos=0.9185
2025-08-27 18:27:02,806 - INFO - 4. xho: cos=0.9194
2025-08-27 18:27:02,806 - INFO - 5. pcm: cos=0.9243
2025-08-27 18:27:02,934 - INFO - === Layer 7 (mbert) — Top 5 (cosine) ===
2025-08-27 18:27:02,934 - INFO - 1. lug: cos=0.9378
2025-08-27 18:27:02,934 - INFO - 2. twi: cos=0.9365
2025-08-27 18:27:02,934 - INFO - 3. hau: cos=0.9141
2025-08-27 18:27:02,934 - INFO - 4. kin: cos=0.9129
2025-08-27 18:27:02,934 - INFO - 5. sna: cos=0.9129
2025-08-27 18:27:02,934 - INFO - === Layer 7 (mbert) — Worst 5 (cosine) ===
2025-08-27 18:27:02,934 - INFO - 1. yor: cos=0.8147
2025-08-27 18:27:02,934 - INFO - 2. bbj: cos=0.8669
2025-08-27 18:27:02,934 - INFO - 3. xho: cos=0.8694
2025-08-27 18:27:02,934 - INFO - 4. swa: cos=0.8750
2025-08-27 18:27:02,934 - INFO - 5. bam: cos=0.8886
2025-08-27 18:27:03,063 - INFO - === Layer 8 (mbert) — Top 5 (cosine) ===
2025-08-27 18:27:03,063 - INFO - 1. twi: cos=0.9270
2025-08-27 18:27:03,063 - INFO - 2. lug: cos=0.9264
2025-08-27 18:27:03,063 - INFO - 3. mos: cos=0.9068
2025-08-27 18:27:03,063 - INFO - 4. hau: cos=0.9053
2025-08-27 18:27:03,063 - INFO - 5. kin: cos=0.9010
2025-08-27 18:27:03,063 - INFO - === Layer 8 (mbert) — Worst 5 (cosine) ===
2025-08-27 18:27:03,063 - INFO - 1. yor: cos=0.7884
2025-08-27 18:27:03,063 - INFO - 2. bbj: cos=0.8095
2025-08-27 18:27:03,063 - INFO - 3. xho: cos=0.8238
2025-08-27 18:27:03,063 - INFO - 4. swa: cos=0.8498
2025-08-27 18:27:03,063 - INFO - 5. zul: cos=0.8565
2025-08-27 18:27:03,188 - INFO - === Layer 9 (mbert) — Top 5 (cosine) ===
2025-08-27 18:27:03,188 - INFO - 1. lug: cos=0.9473
2025-08-27 18:27:03,188 - INFO - 2. twi: cos=0.9463
2025-08-27 18:27:03,188 - INFO - 3. mos: cos=0.9338
2025-08-27 18:27:03,188 - INFO - 4. hau: cos=0.9260
2025-08-27 18:27:03,188 - INFO - 5. ewe: cos=0.9221
2025-08-27 18:27:03,188 - INFO - === Layer 9 (mbert) — Worst 5 (cosine) ===
2025-08-27 18:27:03,188 - INFO - 1. yor: cos=0.8477
2025-08-27 18:27:03,188 - INFO - 2. bbj: cos=0.8682
2025-08-27 18:27:03,188 - INFO - 3. zul: cos=0.8757
2025-08-27 18:27:03,188 - INFO - 4. xho: cos=0.8776
2025-08-27 18:27:03,188 - INFO - 5. swa: cos=0.8854
2025-08-27 18:27:03,318 - INFO - === Layer 10 (mbert) — Top 5 (cosine) ===
2025-08-27 18:27:03,318 - INFO - 1. hau: cos=0.9662
2025-08-27 18:27:03,318 - INFO - 2. lug: cos=0.9582
2025-08-27 18:27:03,318 - INFO - 3. twi: cos=0.9509
2025-08-27 18:27:03,318 - INFO - 4. mos: cos=0.9466
2025-08-27 18:27:03,318 - INFO - 5. luo: cos=0.9418
2025-08-27 18:27:03,318 - INFO - === Layer 10 (mbert) — Worst 5 (cosine) ===
2025-08-27 18:27:03,318 - INFO - 1. kin: cos=0.8587
2025-08-27 18:27:03,318 - INFO - 2. yor: cos=0.8760
2025-08-27 18:27:03,318 - INFO - 3. bbj: cos=0.8951
2025-08-27 18:27:03,318 - INFO - 4. zul: cos=0.8955
2025-08-27 18:27:03,318 - INFO - 5. xho: cos=0.9005
2025-08-27 18:27:03,448 - INFO - === Layer 11 (mbert) — Top 5 (cosine) ===
2025-08-27 18:27:03,448 - INFO - 1. hau: cos=0.9669
2025-08-27 18:27:03,448 - INFO - 2. twi: cos=0.9653
2025-08-27 18:27:03,448 - INFO - 3. nya: cos=0.9535
2025-08-27 18:27:03,448 - INFO - 4. lug: cos=0.9496
2025-08-27 18:27:03,448 - INFO - 5. wol: cos=0.9485
2025-08-27 18:27:03,448 - INFO - === Layer 11 (mbert) — Worst 5 (cosine) ===
2025-08-27 18:27:03,448 - INFO - 1. yor: cos=0.8884
2025-08-27 18:27:03,448 - INFO - 2. bbj: cos=0.8919
2025-08-27 18:27:03,448 - INFO - 3. zul: cos=0.9092
2025-08-27 18:27:03,448 - INFO - 4. xho: cos=0.9129
2025-08-27 18:27:03,448 - INFO - 5. pcm: cos=0.9291
2025-08-27 18:27:03,585 - INFO - === Layer 12 (mbert) — Top 5 (cosine) ===
2025-08-27 18:27:03,585 - INFO - 1. nya: cos=0.7867
2025-08-27 18:27:03,585 - INFO - 2. kin: cos=0.7836
2025-08-27 18:27:03,585 - INFO - 3. wol: cos=0.7585
2025-08-27 18:27:03,585 - INFO - 4. bam: cos=0.7534
2025-08-27 18:27:03,585 - INFO - 5. ibo: cos=0.7334
2025-08-27 18:27:03,585 - INFO - === Layer 12 (mbert) — Worst 5 (cosine) ===
2025-08-27 18:27:03,585 - INFO - 1. yor: cos=0.5871
2025-08-27 18:27:03,585 - INFO - 2. swa: cos=0.5935
2025-08-27 18:27:03,585 - INFO - 3. xho: cos=0.5959
2025-08-27 18:27:03,585 - INFO - 4. sna: cos=0.6026
2025-08-27 18:27:03,585 - INFO - 5. pcm: cos=0.6045
2025-08-27 18:27:03,586 - INFO - Experiment finished successfully.
