2025-08-27 07:51:47,875 - INFO - Start: model_type=mbert, use_cls=True, use_context=False, context_window=0, max_tokens_per_type=500, batch_size=64, output_dir=rq2_train_scripts/Embeddings/CLEAN/outputs/salt/mbert/config_1_clstrue_ctxfalse/tokens_500_ctx0, save_prototypes=False, seed=42, fp16=True, max_length=96, langs=all, layers=all, span_mode=bio, pool=mean, entity_tags={'LOC', 'DATE', 'PER', 'ORG'}, title_suffix='L=all, tokens=500, ctx=0, cls=true, fp16=true'
2025-082025-08-27 07:51:49,805 - INFO - Processi2025-082025-08-27 07:51:50,350 - INFO - Processi2025-082025-08-27 07:51:50,464 - INFO - Processing bbj
2025-08-27 07:51:50,536 - INFO - Processing ewe
2025-08-27 07:51:50,653 - INFO - Processing fon
2025-08-27 07:51:50,739 - INFO - Processing hau
2025-08-27 07:51:50,846 - INFO - Processing ibo
2025-08-27 07:51:50,956 - INFO - Processing kin
2025-08-27 07:51:51,063 - INFO - Processing lug
2025-08-27 07:51:51,158 - INFO - Processing luo
2025-08-27 07:51:51,252 - INFO - Processing mos
2025-08-27 07:51:51,354 - INFO - Processing nya
2025-08-27 07:51:51,459 - INFO - Processing pcm
2025-08-27 07:51:51,561 - INFO - Processing sna
2025-08-27 07:51:51,652 - INFO - Processing swa
2025-08-27 07:51:51,737 - INFO - Processing tsn
2025-08-27 07:51:51,806 - INFO - Processing twi
2025-08-27 07:51:51,882 - INFO - Processing wol
2025-08-27 07:51:51,960 - INFO - Processing xho
2025-08-27 07:51:52,032 - INFO - Processing yor
2025-08-27 07:51:52,144 - INFO - Processing zul
2025-08-27 07:51:52,571 - INFO - === Layer 1 (mbert) — Top 5 (cosine) ===
2025-08-27 07:51:52,571 - INFO - 1. kin: cos=0.8807
2025-08-27 07:51:52,571 - INFO - 2. twi: cos=0.8797
2025-08-27 07:51:52,571 - INFO - 3. luo: cos=0.8729
2025-08-27 07:51:52,571 - INFO - 4. lug: cos=0.8636
2025-08-27 07:51:52,571 - INFO - 5. nya: cos=0.8624
2025-08-27 07:51:52,571 - INFO - === Layer 1 (mbert) — Worst 5 (cosine) ===
2025-08-27 07:51:52,571 - INFO - 1. yor: cos=0.7055
2025-08-27 07:51:52,571 - INFO - 2. bbj: cos=0.7292
2025-08-27 07:51:52,571 - INFO - 3. ewe: cos=0.7817
2025-08-27 07:51:52,571 - INFO - 4. mos: cos=0.7822
2025-08-27 07:51:52,571 - INFO - 5. pcm: cos=0.7946
2025-08-27 07:51:52,699 - INFO - === Layer 2 (mbert) — Top 5 (cosine) ===
2025-08-27 07:51:52,699 - INFO - 1. lug: cos=0.9059
2025-08-27 07:51:52,699 - INFO - 2. kin: cos=0.8961
2025-08-27 07:51:52,699 - INFO - 3. twi: cos=0.8937
2025-08-27 07:51:52,699 - INFO - 4. luo: cos=0.8863
2025-08-27 07:51:52,699 - INFO - 5. tsn: cos=0.8767
2025-08-27 07:51:52,699 - INFO - === Layer 2 (mbert) — Worst 5 (cosine) ===
2025-08-27 07:51:52,699 - INFO - 1. yor: cos=0.7326
2025-08-27 07:51:52,699 - INFO - 2. bbj: cos=0.7648
2025-08-27 07:51:52,699 - INFO - 3. mos: cos=0.7953
2025-08-27 07:51:52,699 - INFO - 4. ewe: cos=0.7964
2025-08-27 07:51:52,699 - INFO - 5. pcm: cos=0.8025
2025-08-27 07:51:52,827 - INFO - === Layer 3 (mbert) — Top 5 (cosine) ===
2025-08-27 07:51:52,827 - INFO - 1. twi: cos=0.9342
2025-08-27 07:51:52,827 - INFO - 2. lug: cos=0.9337
2025-08-27 07:51:52,827 - INFO - 3. kin: cos=0.9322
2025-08-27 07:51:52,827 - INFO - 4. luo: cos=0.9250
2025-08-27 07:51:52,827 - INFO - 5. tsn: cos=0.9190
2025-08-27 07:51:52,827 - INFO - === Layer 3 (mbert) — Worst 5 (cosine) ===
2025-08-27 07:51:52,827 - INFO - 1. yor: cos=0.7993
2025-08-27 07:51:52,827 - INFO - 2. bbj: cos=0.8450
2025-08-27 07:51:52,827 - INFO - 3. ewe: cos=0.8557
2025-08-27 07:51:52,827 - INFO - 4. pcm: cos=0.8611
2025-08-27 07:51:52,827 - INFO - 5. mos: cos=0.8652
2025-08-27 07:51:52,953 - INFO - === Layer 4 (mbert) — Top 5 (cosine) ===
2025-08-27 07:51:52,953 - INFO - 1. twi: cos=0.9488
2025-08-27 07:51:52,953 - INFO - 2. lug: cos=0.9487
2025-08-27 07:51:52,953 - INFO - 3. tsn: cos=0.9368
2025-08-27 07:51:52,953 - INFO - 4. ibo: cos=0.9267
2025-08-27 07:51:52,953 - INFO - 5. luo: cos=0.9258
2025-08-27 07:51:52,953 - INFO - === Layer 4 (mbert) — Worst 5 (cosine) ===
2025-08-27 07:51:52,953 - INFO - 1. yor: cos=0.8349
2025-08-27 07:51:52,953 - INFO - 2. ewe: cos=0.8633
2025-08-27 07:51:52,953 - INFO - 3. bbj: cos=0.8707
2025-08-27 07:51:52,953 - INFO - 4. pcm: cos=0.8817
2025-08-27 07:51:52,953 - INFO - 5. xho: cos=0.8857
2025-08-27 07:51:53,081 - INFO - === Layer 5 (mbert) — Top 5 (cosine) ===
2025-08-27 07:51:53,081 - INFO - 1. twi: cos=0.9641
2025-08-27 07:51:53,081 - INFO - 2. lug: cos=0.9517
2025-08-27 07:51:53,081 - INFO - 3. nya: cos=0.9487
2025-08-27 07:51:53,081 - INFO - 4. ewe: cos=0.9466
2025-08-27 07:51:53,081 - INFO - 5. pcm: cos=0.9448
2025-08-27 07:51:53,081 - INFO - === Layer 5 (mbert) — Worst 5 (cosine) ===
2025-08-27 07:51:53,081 - INFO - 1. yor: cos=0.8643
2025-08-27 07:51:53,081 - INFO - 2. xho: cos=0.9077
2025-08-27 07:51:53,081 - INFO - 3. bbj: cos=0.9085
2025-08-27 07:51:53,081 - INFO - 4. sna: cos=0.9283
2025-08-27 07:51:53,081 - INFO - 5. wol: cos=0.9297
2025-08-27 07:51:53,276 - INFO - === Layer 6 (mbert) — Top 5 (cosine) ===
2025-08-27 07:51:53,276 - INFO - 1. twi: cos=0.9759
2025-08-27 07:51:53,276 - INFO - 2. lug: cos=0.9639
2025-08-27 07:51:53,276 - INFO - 3. pcm: cos=0.9601
2025-08-27 07:51:53,276 - INFO - 4. ewe: cos=0.9578
2025-08-27 07:51:53,276 - INFO - 5. nya: cos=0.9573
2025-08-27 07:51:53,276 - INFO - === Layer 6 (mbert) — Worst 5 (cosine) ===
2025-08-27 07:51:53,276 - INFO - 1. yor: cos=0.8797
2025-08-27 07:51:53,276 - INFO - 2. xho: cos=0.9200
2025-08-27 07:51:53,276 - INFO - 3. bbj: cos=0.9260
2025-08-27 07:51:53,276 - INFO - 4. zul: cos=0.9357
2025-08-27 07:51:53,276 - INFO - 5. sna: cos=0.9421
2025-08-27 07:51:53,407 - INFO - === Layer 7 (mbert) — Top 5 (cosine) ===
2025-08-27 07:51:53,407 - INFO - 1. twi: cos=0.9666
2025-08-27 07:51:53,407 - INFO - 2. lug: cos=0.9488
2025-08-27 07:51:53,407 - INFO - 3. pcm: cos=0.9461
2025-08-27 07:51:53,407 - INFO - 4. swa: cos=0.9428
2025-08-27 07:51:53,407 - INFO - 5. nya: cos=0.9412
2025-08-27 07:51:53,407 - INFO - === Layer 7 (mbert) — Worst 5 (cosine) ===
2025-08-27 07:51:53,407 - INFO - 1. yor: cos=0.8262
2025-08-27 07:51:53,407 - INFO - 2. xho: cos=0.8968
2025-08-27 07:51:53,407 - INFO - 3. bbj: cos=0.9051
2025-08-27 07:51:53,407 - INFO - 4. ibo: cos=0.9125
2025-08-27 07:51:53,407 - INFO - 5. tsn: cos=0.9130
2025-08-27 07:51:53,535 - INFO - === Layer 8 (mbert) — Top 5 (cosine) ===
2025-08-27 07:51:53,536 - INFO - 1. twi: cos=0.9641
2025-08-27 07:51:53,536 - INFO - 2. mos: cos=0.9421
2025-08-27 07:51:53,536 - INFO - 3. swa: cos=0.9415
2025-08-27 07:51:53,536 - INFO - 4. lug: cos=0.9409
2025-08-27 07:51:53,536 - INFO - 5. ewe: cos=0.9351
2025-08-27 07:51:53,536 - INFO - === Layer 8 (mbert) — Worst 5 (cosine) ===
2025-08-27 07:51:53,536 - INFO - 1. yor: cos=0.8136
2025-08-27 07:51:53,536 - INFO - 2. xho: cos=0.8651
2025-08-27 07:51:53,536 - INFO - 3. bbj: cos=0.8670
2025-08-27 07:51:53,536 - INFO - 4. zul: cos=0.8944
2025-08-27 07:51:53,536 - INFO - 5. bam: cos=0.9058
2025-08-27 07:51:53,669 - INFO - === Layer 9 (mbert) — Top 5 (cosine) ===
2025-08-27 07:51:53,669 - INFO - 1. twi: cos=0.9740
2025-08-27 07:51:53,669 - INFO - 2. pcm: cos=0.9659
2025-08-27 07:51:53,669 - INFO - 3. mos: cos=0.9577
2025-08-27 07:51:53,669 - INFO - 4. lug: cos=0.9575
2025-08-27 07:51:53,669 - INFO - 5. luo: cos=0.9539
2025-08-27 07:51:53,669 - INFO - === Layer 9 (mbert) — Worst 5 (cosine) ===
2025-08-27 07:51:53,669 - INFO - 1. yor: cos=0.8688
2025-08-27 07:51:53,669 - INFO - 2. zul: cos=0.8921
2025-08-27 07:51:53,669 - INFO - 3. xho: cos=0.9018
2025-08-27 07:51:53,669 - INFO - 4. bbj: cos=0.9076
2025-08-27 07:51:53,669 - INFO - 5. tsn: cos=0.9319
2025-08-27 07:51:53,801 - INFO - === Layer 10 (mbert) — Top 5 (cosine) ===
2025-08-27 07:51:53,801 - INFO - 1. hau: cos=0.9767
2025-08-27 07:51:53,801 - INFO - 2. twi: cos=0.9738
2025-08-27 07:51:53,801 - INFO - 3. pcm: cos=0.9707
2025-08-27 07:51:53,801 - INFO - 4. lug: cos=0.9680
2025-08-27 07:51:53,801 - INFO - 5. luo: cos=0.9679
2025-08-27 07:51:53,801 - INFO - === Layer 10 (mbert) — Worst 5 (cosine) ===
2025-08-27 07:51:53,801 - INFO - 1. yor: cos=0.8834
2025-08-27 07:51:53,801 - INFO - 2. zul: cos=0.8969
2025-08-27 07:51:53,801 - INFO - 3. kin: cos=0.9113
2025-08-27 07:51:53,801 - INFO - 4. xho: cos=0.9125
2025-08-27 07:51:53,801 - INFO - 5. bbj: cos=0.9194
2025-08-27 07:51:53,936 - INFO - === Layer 11 (mbert) — Top 5 (cosine) ===
2025-08-27 07:51:53,936 - INFO - 1. twi: cos=0.9789
2025-08-27 07:51:53,936 - INFO - 2. hau: cos=0.9751
2025-08-27 07:51:53,936 - INFO - 3. swa: cos=0.9717
2025-08-27 07:51:53,936 - INFO - 4. pcm: cos=0.9678
2025-08-27 07:51:53,936 - INFO - 5. nya: cos=0.9667
2025-08-27 07:51:53,936 - INFO - === Layer 11 (mbert) — Worst 5 (cosine) ===
2025-08-27 07:51:53,936 - INFO - 1. yor: cos=0.8954
2025-08-27 07:51:53,936 - INFO - 2. zul: cos=0.8997
2025-08-27 07:51:53,936 - INFO - 3. bbj: cos=0.9084
2025-08-27 07:51:53,936 - INFO - 4. xho: cos=0.9146
2025-08-27 07:51:53,936 - INFO - 5. tsn: cos=0.9412
2025-08-27 07:51:54,084 - INFO - === Layer 12 (mbert) — Top 5 (cosine) ===
2025-08-27 07:51:54,084 - INFO - 1. bbj: cos=0.8060
2025-08-27 07:51:54,085 - INFO - 2. nya: cos=0.8013
2025-08-27 07:51:54,085 - INFO - 3. pcm: cos=0.7926
2025-08-27 07:51:54,085 - INFO - 4. wol: cos=0.7922
2025-08-27 07:51:54,085 - INFO - 5. ibo: cos=0.7906
2025-08-27 07:51:54,085 - INFO - === Layer 12 (mbert) — Worst 5 (cosine) ===
2025-08-27 07:51:54,085 - INFO - 1. xho: cos=0.5830
2025-08-27 07:51:54,085 - INFO - 2. sna: cos=0.6301
2025-08-27 07:51:54,085 - INFO - 3. yor: cos=0.6340
2025-08-27 07:51:54,085 - INFO - 4. fon: cos=0.6534
2025-08-27 07:51:54,085 - INFO - 5. zul: cos=0.6742
2025-08-27 07:51:54,085 - INFO - Experiment finished successfully.
