2025-08-24 11:33:10,191 - INFO - Start: model_type=xlmr, run_both=False, use_cls=True, use_context=False, context_window=3, max_tokens_per_type=200, batch_size=32, seed=1, num_middle_layers=3, output_dir=rq2_train_scripts/Embeddings/EXTENDED/outputs/combined_extended/xlmr/config_5_clstrue_ctxfalse_hybtrue/tokens_200_ctx3
2025-08-24 11:33:10,765 - INFO - xlmr: selected layer indices (hidden_states) = [2, 3, 10, 12]
2025-08-24 11:33:12,107 - INFO - Processing run
2025-08-24 11:33:12,535 - INFO - Processing bam
2025-08-24 11:33:12,597 - INFO - Processing bbj
2025-08-24 11:33:12,684 - INFO - Processing ewe
2025-08-24 11:33:12,729 - INFO - Processing fon
2025-08-24 11:33:12,794 - INFO - Processing hau
2025-08-24 11:33:12,864 - INFO - Processing ibo
2025-08-24 11:33:12,956 - INFO - Processing kin
2025-08-24 11:33:13,019 - INFO - Processing lug
2025-08-24 11:33:13,064 - INFO - Processing luo
2025-08-24 11:33:13,140 - INFO - Processing mos
2025-08-24 11:33:13,203 - INFO - Processing nya
2025-08-24 11:33:13,270 - INFO - Processing pcm
2025-08-24 11:33:13,327 - INFO - Processing sna
2025-08-24 11:33:13,391 - INFO - Processing swa
2025-08-24 11:33:13,454 - INFO - Processing tsn
2025-08-24 11:33:13,510 - INFO - Processing twi
2025-08-24 11:33:13,568 - INFO - Processing wol
2025-08-24 11:33:13,638 - INFO - Processing xho
2025-08-24 11:33:13,693 - INFO - Processing yor
2025-08-24 11:33:13,796 - INFO - Processing zul
2025-08-24 11:33:14,221 - INFO - Layer 2 (xlmr) — Top 5
2025-08-24 11:33:14,221 - INFO - 1. kin: r=1.0000
2025-08-24 11:33:14,221 - INFO - 2. twi: r=1.0000
2025-08-24 11:33:14,221 - INFO - 3. luo: r=1.0000
2025-08-24 11:33:14,221 - INFO - 4. ewe: r=1.0000
2025-08-24 11:33:14,221 - INFO - 5. nya: r=1.0000
2025-08-24 11:33:14,221 - INFO - Layer 2 (xlmr) — Worst 5
2025-08-24 11:33:14,221 - INFO - 1. fon: r=0.9999
2025-08-24 11:33:14,221 - INFO - 2. bam: r=0.9999
2025-08-24 11:33:14,221 - INFO - 3. bbj: r=0.9999
2025-08-24 11:33:14,221 - INFO - 4. hau: r=1.0000
2025-08-24 11:33:14,221 - INFO - 5. pcm: r=1.0000
2025-08-24 11:33:14,332 - INFO - Layer 3 (xlmr) — Top 5
2025-08-24 11:33:14,332 - INFO - 1. kin: r=1.0000
2025-08-24 11:33:14,332 - INFO - 2. twi: r=1.0000
2025-08-24 11:33:14,332 - INFO - 3. ewe: r=1.0000
2025-08-24 11:33:14,332 - INFO - 4. tsn: r=1.0000
2025-08-24 11:33:14,332 - INFO - 5. zul: r=1.0000
2025-08-24 11:33:14,332 - INFO - Layer 3 (xlmr) — Worst 5
2025-08-24 11:33:14,332 - INFO - 1. bbj: r=1.0000
2025-08-24 11:33:14,332 - INFO - 2. fon: r=1.0000
2025-08-24 11:33:14,332 - INFO - 3. pcm: r=1.0000
2025-08-24 11:33:14,332 - INFO - 4. bam: r=1.0000
2025-08-24 11:33:14,332 - INFO - 5. swa: r=1.0000
2025-08-24 11:33:14,466 - INFO - Layer 10 (xlmr) — Top 5
2025-08-24 11:33:14,466 - INFO - 1. kin: r=1.0000
2025-08-24 11:33:14,466 - INFO - 2. swa: r=1.0000
2025-08-24 11:33:14,466 - INFO - 3. tsn: r=1.0000
2025-08-24 11:33:14,466 - INFO - 4. zul: r=1.0000
2025-08-24 11:33:14,466 - INFO - 5. twi: r=1.0000
2025-08-24 11:33:14,466 - INFO - Layer 10 (xlmr) — Worst 5
2025-08-24 11:33:14,466 - INFO - 1. fon: r=1.0000
2025-08-24 11:33:14,466 - INFO - 2. pcm: r=1.0000
2025-08-24 11:33:14,466 - INFO - 3. hau: r=1.0000
2025-08-24 11:33:14,466 - INFO - 4. xho: r=1.0000
2025-08-24 11:33:14,466 - INFO - 5. ibo: r=1.0000
2025-08-24 11:33:14,586 - INFO - Layer 12 (xlmr) — Top 5
2025-08-24 11:33:14,586 - INFO - 1. lug: r=0.9999
2025-08-24 11:33:14,586 - INFO - 2. nya: r=0.9999
2025-08-24 11:33:14,586 - INFO - 3. mos: r=0.9999
2025-08-24 11:33:14,586 - INFO - 4. luo: r=0.9999
2025-08-24 11:33:14,586 - INFO - 5. twi: r=0.9998
2025-08-24 11:33:14,586 - INFO - Layer 12 (xlmr) — Worst 5
2025-08-24 11:33:14,586 - INFO - 1. hau: r=0.9965
2025-08-24 11:33:14,586 - INFO - 2. fon: r=0.9993
2025-08-24 11:33:14,586 - INFO - 3. pcm: r=0.9996
2025-08-24 11:33:14,586 - INFO - 4. yor: r=0.9998
2025-08-24 11:33:14,586 - INFO - 5. ibo: r=0.9998
2025-08-24 11:33:14,587 - INFO - Experiment finished successfully.
