2025-08-03 06:35:47,747 - INFO - Experiment started with model_type=xlmr, use_cls=False, use_context=True, context_window=0, use_hybrid=True, max_tokens_per_type=300, output_dir=rq2_train_scripts/Embeddings/MEXA_inspired_strategy/outputs/mptc/xlmr/config_6_clsfalse_ctxtrue_hybtrue/tokens_300_ctx0
2025-08-03 06:35:49,215 - INFO - Processing run
2025-08-03 06:35:51,041 - INFO - Processing bam
2025-08-03 06:35:53,553 - INFO - Processing bbj
2025-08-03 06:35:56,111 - INFO - Processing ewe
2025-08-03 06:35:58,663 - INFO - Processing fon
2025-08-03 06:36:01,259 - INFO - Processing hau
2025-08-03 06:36:03,822 - INFO - Processing ibo
2025-08-03 06:36:06,434 - INFO - Processing kin
2025-08-03 06:36:09,006 - INFO - Processing lug
2025-08-03 06:36:11,563 - INFO - Processing luo
2025-08-03 06:36:14,129 - INFO - Processing mos
2025-08-03 06:36:16,709 - INFO - Processing nya
2025-08-03 06:36:19,291 - INFO - Processing pcm
2025-08-03 06:36:21,852 - INFO - Processing sna
2025-08-03 06:36:24,435 - INFO - Processing swa
2025-08-03 06:36:26,986 - INFO - Processing tsn
2025-08-03 06:36:29,526 - INFO - Processing twi
2025-08-03 06:36:32,093 - INFO - Processing wol
2025-08-03 06:36:34,674 - INFO - Processing xho
2025-08-03 06:36:37,250 - INFO - Processing yor
2025-08-03 06:36:39,867 - INFO - Processing zul
2025-08-03 06:36:42,908 - INFO - Top 5 languages most similar to Runyankore:
2025-08-03 06:36:42,909 - INFO - 1. lug - Mean Similarity: 0.7635
2025-08-03 06:36:42,909 - INFO - 2. kin - Mean Similarity: 0.7557
2025-08-03 06:36:42,909 - INFO - 3. twi - Mean Similarity: 0.7541
2025-08-03 06:36:42,909 - INFO - 4. luo - Mean Similarity: 0.7519
2025-08-03 06:36:42,909 - INFO - 5. ibo - Mean Similarity: 0.7491
2025-08-03 06:36:42,909 - INFO - Experiment finished successfully.
