2025-08-03 03:29:16,107 - INFO - Experiment started with model_type=mbert, use_cls=True, use_context=True, context_window=0, use_hybrid=True, max_tokens_per_type=300, output_dir=rq2_train_scripts/Embeddings/MEXA_inspired_strategy/outputs/salt/mbert/config_7_clstrue_ctxtrue_hybtrue/tokens_300_ctx0
2025-08-03 03:29:17,123 - INFO - Processing run
2025-08-03 03:29:19,519 - INFO - Processing bam
2025-08-03 03:29:21,562 - INFO - Processing bbj
2025-08-03 03:29:23,629 - INFO - Processing ewe
2025-08-03 03:29:25,684 - INFO - Processing fon
2025-08-03 03:29:27,780 - INFO - Processing hau
2025-08-03 03:29:29,876 - INFO - Processing ibo
2025-08-03 03:29:32,010 - INFO - Processing kin
2025-08-03 03:29:34,110 - INFO - Processing lug
2025-08-03 03:29:36,171 - INFO - Processing luo
2025-08-03 03:29:38,242 - INFO - Processing mos
2025-08-03 03:29:40,306 - INFO - Processing nya
2025-08-03 03:29:42,379 - INFO - Processing pcm
2025-08-03 03:29:44,443 - INFO - Processing sna
2025-08-03 03:29:46,538 - INFO - Processing swa
2025-08-03 03:29:48,599 - INFO - Processing tsn
2025-08-03 03:29:50,642 - INFO - Processing twi
2025-08-03 03:29:52,690 - INFO - Processing wol
2025-08-03 03:29:54,763 - INFO - Processing xho
2025-08-03 03:29:56,832 - INFO - Processing yor
2025-08-03 03:29:58,950 - INFO - Processing zul
2025-08-03 03:30:01,485 - INFO - Top 5 languages most similar to Runyankore:
2025-08-03 03:30:01,485 - INFO - 1. lug - Mean Similarity: 0.6873
2025-08-03 03:30:01,485 - INFO - 2. twi - Mean Similarity: 0.6605
2025-08-03 03:30:01,485 - INFO - 3. luo - Mean Similarity: 0.6497
2025-08-03 03:30:01,485 - INFO - 4. ibo - Mean Similarity: 0.6453
2025-08-03 03:30:01,485 - INFO - 5. swa - Mean Similarity: 0.6425
2025-08-03 03:30:01,485 - INFO - Experiment finished successfully.
