2025-08-27 07:47:33,969 - INFO - Start: model_type=xlmr, use_cls=True, use_context=True, context_window=0, max_tokens_per_type=300, batch_size=64, output_dir=rq2_train_scripts/Embeddings/CLEAN/outputs/salt/xlmr/config_3_clstrue_ctxtrue/tokens_300_ctx0, save_prototypes=False, seed=42, fp16=True, max_length=96, langs=all, layers=all, span_mode=bio, pool=mean, entity_tags={'DATE', 'ORG', 'PER', 'LOC'}, title_suffix='L=all, tokens=300, ctx=0, cls=true, fp16=true'
2025-08-27 07:47:36,224 - INFO - Processing run
2025-08-27 07:47:36,714 - INFO - Processing bam
2025-08-27 07:47:36,769 - INFO - Processing bbj
2025-08-27 07:47:36,806 - INFO - Processing ewe
2025-08-27 07:47:36,840 - INFO - Processing fon
2025-08-27 07:47:36,886 - INFO - Processing hau
2025-08-27 07:47:36,947 - INFO - Processing ibo
2025-08-27 07:47:37,030 - INFO - Processing kin
2025-08-27 07:47:37,139 - INFO - Processing lug
2025-08-27 07:47:37,183 - INFO - Processing luo
2025-08-27 07:47:37,245 - INFO - Processing mos
2025-08-27 07:47:37,303 - INFO - Processing nya
2025-08-27 07:47:37,365 - INFO - Processing pcm
2025-08-27 07:47:37,424 - INFO - Processing sna
2025-08-27 07:47:37,480 - INFO - Processing swa
2025-08-27 07:47:37,541 - INFO - Processing tsn
2025-08-27 07:47:37,593 - INFO - Processing twi
2025-08-27 07:47:37,649 - INFO - Processing wol
2025-08-27 07:47:37,706 - INFO - Processing xho
2025-08-27 07:47:37,754 - INFO - Processing yor
2025-08-27 07:47:37,837 - INFO - Processing zul
2025-08-27 07:47:38,316 - INFO - === Layer 1 (xlmr) — Top 5 (cosine) ===
2025-08-27 07:47:38,316 - INFO - 1. kin: cos=0.9999
2025-08-27 07:47:38,316 - INFO - 2. twi: cos=0.9999
2025-08-27 07:47:38,316 - INFO - 3. luo: cos=0.9999
2025-08-27 07:47:38,316 - INFO - 4. ewe: cos=0.9998
2025-08-27 07:47:38,316 - INFO - 5. nya: cos=0.9998
2025-08-27 07:47:38,316 - INFO - === Layer 1 (xlmr) — Worst 5 (cosine) ===
2025-08-27 07:47:38,317 - INFO - 1. pcm: cos=0.9994
2025-08-27 07:47:38,317 - INFO - 2. hau: cos=0.9994
2025-08-27 07:47:38,317 - INFO - 3. fon: cos=0.9995
2025-08-27 07:47:38,317 - INFO - 4. bbj: cos=0.9995
2025-08-27 07:47:38,317 - INFO - 5. bam: cos=0.9995
2025-08-27 07:47:38,446 - INFO - === Layer 2 (xlmr) — Top 5 (cosine) ===
2025-08-27 07:47:38,446 - INFO - 1. kin: cos=1.0000
2025-08-27 07:47:38,446 - INFO - 2. twi: cos=1.0000
2025-08-27 07:47:38,446 - INFO - 3. luo: cos=1.0000
2025-08-27 07:47:38,446 - INFO - 4. ewe: cos=1.0000
2025-08-27 07:47:38,446 - INFO - 5. nya: cos=1.0000
2025-08-27 07:47:38,446 - INFO - === Layer 2 (xlmr) — Worst 5 (cosine) ===
2025-08-27 07:47:38,446 - INFO - 1. pcm: cos=0.9999
2025-08-27 07:47:38,446 - INFO - 2. swa: cos=0.9999
2025-08-27 07:47:38,446 - INFO - 3. hau: cos=0.9999
2025-08-27 07:47:38,446 - INFO - 4. bbj: cos=0.9999
2025-08-27 07:47:38,446 - INFO - 5. sna: cos=0.9999
2025-08-27 07:47:38,581 - INFO - === Layer 3 (xlmr) — Top 5 (cosine) ===
2025-08-27 07:47:38,581 - INFO - 1. twi: cos=1.0000
2025-08-27 07:47:38,581 - INFO - 2. kin: cos=1.0000
2025-08-27 07:47:38,581 - INFO - 3. luo: cos=1.0000
2025-08-27 07:47:38,581 - INFO - 4. ibo: cos=1.0000
2025-08-27 07:47:38,581 - INFO - 5. zul: cos=1.0000
2025-08-27 07:47:38,581 - INFO - === Layer 3 (xlmr) — Worst 5 (cosine) ===
2025-08-27 07:47:38,581 - INFO - 1. pcm: cos=1.0000
2025-08-27 07:47:38,581 - INFO - 2. swa: cos=1.0000
2025-08-27 07:47:38,581 - INFO - 3. sna: cos=1.0000
2025-08-27 07:47:38,581 - INFO - 4. nya: cos=1.0000
2025-08-27 07:47:38,581 - INFO - 5. bbj: cos=1.0000
2025-08-27 07:47:38,711 - INFO - === Layer 4 (xlmr) — Top 5 (cosine) ===
2025-08-27 07:47:38,711 - INFO - 1. kin: cos=1.0000
2025-08-27 07:47:38,711 - INFO - 2. twi: cos=1.0000
2025-08-27 07:47:38,711 - INFO - 3. luo: cos=1.0000
2025-08-27 07:47:38,711 - INFO - 4. bbj: cos=1.0000
2025-08-27 07:47:38,711 - INFO - 5. tsn: cos=1.0000
2025-08-27 07:47:38,711 - INFO - === Layer 4 (xlmr) — Worst 5 (cosine) ===
2025-08-27 07:47:38,711 - INFO - 1. pcm: cos=1.0000
2025-08-27 07:47:38,711 - INFO - 2. bam: cos=1.0000
2025-08-27 07:47:38,711 - INFO - 3. yor: cos=1.0000
2025-08-27 07:47:38,711 - INFO - 4. hau: cos=1.0000
2025-08-27 07:47:38,711 - INFO - 5. nya: cos=1.0000
2025-08-27 07:47:38,840 - INFO - === Layer 5 (xlmr) — Top 5 (cosine) ===
2025-08-27 07:47:38,841 - INFO - 1. twi: cos=1.0000
2025-08-27 07:47:38,841 - INFO - 2. luo: cos=1.0000
2025-08-27 07:47:38,841 - INFO - 3. tsn: cos=1.0000
2025-08-27 07:47:38,841 - INFO - 4. kin: cos=1.0000
2025-08-27 07:47:38,841 - INFO - 5. ewe: cos=1.0000
2025-08-27 07:47:38,841 - INFO - === Layer 5 (xlmr) — Worst 5 (cosine) ===
2025-08-27 07:47:38,841 - INFO - 1. pcm: cos=1.0000
2025-08-27 07:47:38,841 - INFO - 2. hau: cos=1.0000
2025-08-27 07:47:38,841 - INFO - 3. swa: cos=1.0000
2025-08-27 07:47:38,841 - INFO - 4. xho: cos=1.0000
2025-08-27 07:47:38,841 - INFO - 5. wol: cos=1.0000
2025-08-27 07:47:38,970 - INFO - === Layer 6 (xlmr) — Top 5 (cosine) ===
2025-08-27 07:47:38,970 - INFO - 1. twi: cos=1.0000
2025-08-27 07:47:38,970 - INFO - 2. kin: cos=1.0000
2025-08-27 07:47:38,970 - INFO - 3. luo: cos=1.0000
2025-08-27 07:47:38,970 - INFO - 4. tsn: cos=1.0000
2025-08-27 07:47:38,970 - INFO - 5. zul: cos=1.0000
2025-08-27 07:47:38,970 - INFO - === Layer 6 (xlmr) — Worst 5 (cosine) ===
2025-08-27 07:47:38,970 - INFO - 1. yor: cos=1.0000
2025-08-27 07:47:38,970 - INFO - 2. hau: cos=1.0000
2025-08-27 07:47:38,970 - INFO - 3. pcm: cos=1.0000
2025-08-27 07:47:38,970 - INFO - 4. swa: cos=1.0000
2025-08-27 07:47:38,970 - INFO - 5. xho: cos=1.0000
2025-08-27 07:47:39,100 - INFO - === Layer 7 (xlmr) — Top 5 (cosine) ===
2025-08-27 07:47:39,100 - INFO - 1. twi: cos=1.0000
2025-08-27 07:47:39,100 - INFO - 2. kin: cos=1.0000
2025-08-27 07:47:39,100 - INFO - 3. fon: cos=1.0000
2025-08-27 07:47:39,100 - INFO - 4. bbj: cos=1.0000
2025-08-27 07:47:39,100 - INFO - 5. swa: cos=1.0000
2025-08-27 07:47:39,100 - INFO - === Layer 7 (xlmr) — Worst 5 (cosine) ===
2025-08-27 07:47:39,100 - INFO - 1. pcm: cos=1.0000
2025-08-27 07:47:39,100 - INFO - 2. hau: cos=1.0000
2025-08-27 07:47:39,100 - INFO - 3. zul: cos=1.0000
2025-08-27 07:47:39,100 - INFO - 4. sna: cos=1.0000
2025-08-27 07:47:39,100 - INFO - 5. nya: cos=1.0000
2025-08-27 07:47:39,300 - INFO - === Layer 8 (xlmr) — Top 5 (cosine) ===
2025-08-27 07:47:39,301 - INFO - 1. ewe: cos=1.0000
2025-08-27 07:47:39,301 - INFO - 2. tsn: cos=1.0000
2025-08-27 07:47:39,301 - INFO - 3. luo: cos=1.0000
2025-08-27 07:47:39,301 - INFO - 4. zul: cos=1.0000
2025-08-27 07:47:39,301 - INFO - 5. bam: cos=1.0000
2025-08-27 07:47:39,301 - INFO - === Layer 8 (xlmr) — Worst 5 (cosine) ===
2025-08-27 07:47:39,301 - INFO - 1. pcm: cos=0.9999
2025-08-27 07:47:39,301 - INFO - 2. fon: cos=0.9999
2025-08-27 07:47:39,301 - INFO - 3. hau: cos=0.9999
2025-08-27 07:47:39,301 - INFO - 4. bbj: cos=1.0000
2025-08-27 07:47:39,301 - INFO - 5. xho: cos=1.0000
2025-08-27 07:47:39,429 - INFO - === Layer 9 (xlmr) — Top 5 (cosine) ===
2025-08-27 07:47:39,429 - INFO - 1. mos: cos=1.0000
2025-08-27 07:47:39,429 - INFO - 2. zul: cos=1.0000
2025-08-27 07:47:39,429 - INFO - 3. ewe: cos=1.0000
2025-08-27 07:47:39,429 - INFO - 4. luo: cos=1.0000
2025-08-27 07:47:39,429 - INFO - 5. swa: cos=1.0000
2025-08-27 07:47:39,429 - INFO - === Layer 9 (xlmr) — Worst 5 (cosine) ===
2025-08-27 07:47:39,429 - INFO - 1. pcm: cos=1.0000
2025-08-27 07:47:39,429 - INFO - 2. hau: cos=1.0000
2025-08-27 07:47:39,429 - INFO - 3. fon: cos=1.0000
2025-08-27 07:47:39,429 - INFO - 4. sna: cos=1.0000
2025-08-27 07:47:39,429 - INFO - 5. bbj: cos=1.0000
2025-08-27 07:47:39,556 - INFO - === Layer 10 (xlmr) — Top 5 (cosine) ===
2025-08-27 07:47:39,557 - INFO - 1. zul: cos=1.0000
2025-08-27 07:47:39,557 - INFO - 2. ewe: cos=1.0000
2025-08-27 07:47:39,557 - INFO - 3. luo: cos=1.0000
2025-08-27 07:47:39,557 - INFO - 4. kin: cos=1.0000
2025-08-27 07:47:39,557 - INFO - 5. nya: cos=1.0000
2025-08-27 07:47:39,557 - INFO - === Layer 10 (xlmr) — Worst 5 (cosine) ===
2025-08-27 07:47:39,557 - INFO - 1. pcm: cos=1.0000
2025-08-27 07:47:39,557 - INFO - 2. yor: cos=1.0000
2025-08-27 07:47:39,557 - INFO - 3. ibo: cos=1.0000
2025-08-27 07:47:39,557 - INFO - 4. fon: cos=1.0000
2025-08-27 07:47:39,557 - INFO - 5. xho: cos=1.0000
2025-08-27 07:47:39,685 - INFO - === Layer 11 (xlmr) — Top 5 (cosine) ===
2025-08-27 07:47:39,685 - INFO - 1. tsn: cos=1.0000
2025-08-27 07:47:39,685 - INFO - 2. zul: cos=1.0000
2025-08-27 07:47:39,685 - INFO - 3. hau: cos=1.0000
2025-08-27 07:47:39,685 - INFO - 4. pcm: cos=1.0000
2025-08-27 07:47:39,685 - INFO - 5. ibo: cos=1.0000
2025-08-27 07:47:39,685 - INFO - === Layer 11 (xlmr) — Worst 5 (cosine) ===
2025-08-27 07:47:39,685 - INFO - 1. luo: cos=0.9999
2025-08-27 07:47:39,685 - INFO - 2. bam: cos=0.9999
2025-08-27 07:47:39,685 - INFO - 3. bbj: cos=0.9999
2025-08-27 07:47:39,685 - INFO - 4. xho: cos=1.0000
2025-08-27 07:47:39,685 - INFO - 5. mos: cos=1.0000
2025-08-27 07:47:39,813 - INFO - === Layer 12 (xlmr) — Top 5 (cosine) ===
2025-08-27 07:47:39,813 - INFO - 1. kin: cos=0.9999
2025-08-27 07:47:39,813 - INFO - 2. nya: cos=0.9999
2025-08-27 07:47:39,813 - INFO - 3. wol: cos=0.9999
2025-08-27 07:47:39,813 - INFO - 4. ewe: cos=0.9999
2025-08-27 07:47:39,813 - INFO - 5. tsn: cos=0.9999
2025-08-27 07:47:39,813 - INFO - === Layer 12 (xlmr) — Worst 5 (cosine) ===
2025-08-27 07:47:39,813 - INFO - 1. fon: cos=0.9982
2025-08-27 07:47:39,813 - INFO - 2. hau: cos=0.9987
2025-08-27 07:47:39,813 - INFO - 3. pcm: cos=0.9989
2025-08-27 07:47:39,813 - INFO - 4. twi: cos=0.9995
2025-08-27 07:47:39,813 - INFO - 5. ibo: cos=0.9996
2025-08-27 07:47:39,814 - INFO - Experiment finished successfully.
