2025-08-24 11:50:27,499 - INFO - Start: model_type=mbert, run_both=False, use_cls=True, use_context=True, context_window=2, max_tokens_per_type=200, batch_size=32, seed=1, num_middle_layers=3, output_dir=rq2_train_scripts/Embeddings/EXTENDED/outputs/salt_extended/mbert/config_7_clstrue_ctxtrue_hybtrue/tokens_200_ctx2
22025-08-24 11:50:28,272 - INFO - mbert: selected layer indices (hidden_states) = [2, 3, 10, 12]22025-08-24 11:50:29,224 - INFO - Processing run22025-08-24 11:50:29,729 - INFO - Processing bam
2025-08-24 11:50:29,909 - INFO - Processing bbj
2025-08-24 11:50:30,054 - INFO - Processing ewe
2025-08-24 11:50:30,196 - INFO - Processing fon
2025-08-24 11:50:30,358 - INFO - Processing hau
2025-08-24 11:50:30,534 - INFO - Processing ibo
2025-08-24 11:50:30,711 - INFO - Processing kin
2025-08-24 11:50:30,863 - INFO - Processing lug
2025-08-24 11:50:31,031 - INFO - Processing luo
2025-08-24 11:50:31,215 - INFO - Processing mos
2025-08-24 11:50:31,363 - INFO - Processing nya
2025-08-24 11:50:31,561 - INFO - Processing pcm
2025-08-24 11:50:31,703 - INFO - Processing sna
2025-08-24 11:50:31,837 - INFO - Processing swa
2025-08-24 11:50:31,991 - INFO - Processing tsn
2025-08-24 11:50:32,137 - INFO - Processing twi
2025-08-24 11:50:32,284 - INFO - Processing wol
2025-08-24 11:50:32,449 - INFO - Processing xho
2025-08-24 11:50:32,629 - INFO - Processing yor
2025-08-24 11:50:32,846 - INFO - Processing zul
2025-08-24 11:50:33,270 - INFO - Layer 2 (mbert) — Top 5
2025-08-24 11:50:33,270 - INFO - 1. xho: r=0.9999
2025-08-24 11:50:33,270 - INFO - 2. nya: r=0.9999
2025-08-24 11:50:33,270 - INFO - 3. lug: r=0.9999
2025-08-24 11:50:33,270 - INFO - 4. zul: r=0.9999
2025-08-24 11:50:33,270 - INFO - 5. tsn: r=0.9999
2025-08-24 11:50:33,270 - INFO - Layer 2 (mbert) — Worst 5
2025-08-24 11:50:33,270 - INFO - 1. yor: r=0.9997
2025-08-24 11:50:33,270 - INFO - 2. fon: r=0.9998
2025-08-24 11:50:33,270 - INFO - 3. bbj: r=0.9998
2025-08-24 11:50:33,270 - INFO - 4. pcm: r=0.9999
2025-08-24 11:50:33,270 - INFO - 5. mos: r=0.9999
2025-08-24 11:50:33,390 - INFO - Layer 3 (mbert) — Top 5
2025-08-24 11:50:33,390 - INFO - 1. zul: r=1.0000
2025-08-24 11:50:33,390 - INFO - 2. lug: r=1.0000
2025-08-24 11:50:33,390 - INFO - 3. xho: r=1.0000
2025-08-24 11:50:33,390 - INFO - 4. nya: r=1.0000
2025-08-24 11:50:33,390 - INFO - 5. kin: r=1.0000
2025-08-24 11:50:33,390 - INFO - Layer 3 (mbert) — Worst 5
2025-08-24 11:50:33,390 - INFO - 1. yor: r=0.9999
2025-08-24 11:50:33,390 - INFO - 2. bbj: r=0.9999
2025-08-24 11:50:33,390 - INFO - 3. pcm: r=0.9999
2025-08-24 11:50:33,390 - INFO - 4. fon: r=0.9999
2025-08-24 11:50:33,390 - INFO - 5. swa: r=0.9999
2025-08-24 11:50:33,511 - INFO - Layer 10 (mbert) — Top 5
2025-08-24 11:50:33,511 - INFO - 1. lug: r=0.9846
2025-08-24 11:50:33,511 - INFO - 2. nya: r=0.9833
2025-08-24 11:50:33,511 - INFO - 3. kin: r=0.9827
2025-08-24 11:50:33,511 - INFO - 4. sna: r=0.9817
2025-08-24 11:50:33,511 - INFO - 5. xho: r=0.9804
2025-08-24 11:50:33,511 - INFO - Layer 10 (mbert) — Worst 5
2025-08-24 11:50:33,511 - INFO - 1. pcm: r=0.9562
2025-08-24 11:50:33,511 - INFO - 2. fon: r=0.9587
2025-08-24 11:50:33,511 - INFO - 3. bbj: r=0.9607
2025-08-24 11:50:33,511 - INFO - 4. swa: r=0.9628
2025-08-24 11:50:33,511 - INFO - 5. yor: r=0.9647
2025-08-24 11:50:33,631 - INFO - Layer 12 (mbert) — Top 5
2025-08-24 11:50:33,631 - INFO - 1. nya: r=0.9861
2025-08-24 11:50:33,631 - INFO - 2. lug: r=0.9859
2025-08-24 11:50:33,631 - INFO - 3. kin: r=0.9850
2025-08-24 11:50:33,631 - INFO - 4. sna: r=0.9846
2025-08-24 11:50:33,631 - INFO - 5. xho: r=0.9815
2025-08-24 11:50:33,631 - INFO - Layer 12 (mbert) — Worst 5
2025-08-24 11:50:33,631 - INFO - 1. bbj: r=0.9107
2025-08-24 11:50:33,631 - INFO - 2. fon: r=0.9172
2025-08-24 11:50:33,631 - INFO - 3. pcm: r=0.9430
2025-08-24 11:50:33,631 - INFO - 4. yor: r=0.9517
2025-08-24 11:50:33,631 - INFO - 5. mos: r=0.9621
2025-08-24 11:50:33,632 - INFO - Experiment finished successfully.
