2025-08-02 18:57:01,667 - INFO - Experiment started with model_type=xlmr, use_cls=True, use_context=False, context_window=2, use_hybrid=True, max_tokens_per_type=500, output_dir=rq2_train_scripts/Embeddings/MEXA_inspired_strategy/outputs/salt/xlmr/config_5_clstrue_ctxfalse_hybtrue/tokens_500_ctx2
2025-08-02 18:57:03,491 - INFO - Processing run
2025-08-02 18:57:16,954 - INFO - Processing bam
2025-08-02 18:57:28,916 - INFO - Processing bbj
2025-08-02 18:57:42,334 - INFO - Processing ewe
2025-08-02 18:57:56,274 - INFO - Processing fon
2025-08-02 18:58:10,113 - INFO - Processing hau
2025-08-02 18:58:24,362 - INFO - Processing ibo
2025-08-02 18:58:38,362 - INFO - Processing kin
2025-08-02 18:58:51,581 - INFO - Processing lug
2025-08-02 18:59:05,681 - INFO - Processing luo
2025-08-02 18:59:19,656 - INFO - Processing mos
2025-08-02 18:59:33,813 - INFO - Processing nya
2025-08-02 18:59:47,629 - INFO - Processing pcm
2025-08-02 19:00:01,186 - INFO - Processing sna
2025-08-02 19:00:15,305 - INFO - Processing swa
2025-08-02 19:00:29,618 - INFO - Processing tsn
2025-08-02 19:00:43,107 - INFO - Processing twi
2025-08-02 19:00:56,957 - INFO - Processing wol
2025-08-02 19:01:11,147 - INFO - Processing xho
2025-08-02 19:01:25,134 - INFO - Processing yor
2025-08-02 19:01:39,317 - INFO - Processing zul
2025-08-02 19:01:53,669 - INFO - Top 5 languages most similar to Runyankore:
2025-08-02 19:01:53,669 - INFO - 1. lug - Mean Similarity: 0.9463
2025-08-02 19:01:53,669 - INFO - 2. luo - Mean Similarity: 0.9322
2025-08-02 19:01:53,669 - INFO - 3. twi - Mean Similarity: 0.9243
2025-08-02 19:01:53,669 - INFO - 4. kin - Mean Similarity: 0.9220
2025-08-02 19:01:53,669 - INFO - 5. nya - Mean Similarity: 0.9196
2025-08-02 19:01:53,669 - INFO - Experiment finished successfully.
