2025-12-15 10:04:35,843 - INFO - Start: model_type=xlmr, use_cls=True, use_context=False, context_window=3, max_tokens_per_type=400, batch_size=64, output_dir=rq2_train_scripts/Embeddings/CLEAN/outputs/combined/xlmr/config_1_clstrue_ctxfalse/tokens_400_ctx3/core, save_prototypes=False, seed=42, fp16=True, max_length=96, langs=all, layers=all, span_mode=bio, pool=mean, entity_tags={'ORG', 'DATE', 'PER', 'LOC'}, title_suffix='L=all, tokens=400, ctx=3, cls=true, fp16=true'
2025-12-15 10:04:37,694 - INFO - Processing run
2025-12-15 10:04:38,087 - INFO - Processing bam
2025-12-15 10:04:38,148 - INFO - Processing bbj
2025-12-15 10:04:38,192 - INFO - Processing ewe
2025-12-15 10:04:38,232 - INFO - Processing fon
2025-12-15 10:04:38,285 - INFO - Processing hau
2025-12-15 10:04:38,342 - INFO - Processing ibo
2025-12-15 10:04:38,424 - INFO - Processing kin
2025-12-15 10:04:38,486 - INFO - Processing lug
2025-12-15 10:04:38,558 - INFO - Processing luo
2025-12-15 10:04:38,616 - INFO - Processing mos
2025-12-15 10:04:38,687 - INFO - Processing nya
2025-12-15 10:04:38,745 - INFO - Processing pcm
2025-12-15 10:04:38,796 - INFO - Processing sna
2025-12-15 10:04:38,855 - INFO - Processing swa
2025-12-15 10:04:38,914 - INFO - Processing tsn
2025-12-15 10:04:38,960 - INFO - Processing twi
2025-12-15 10:04:39,043 - INFO - Processing wol
2025-12-15 10:04:39,112 - INFO - Processing xho
2025-12-15 10:04:39,154 - INFO - Processing yor
2025-12-15 10:04:39,228 - INFO - Processing zul
2025-12-15 10:04:39,680 - INFO - === Layer 1 (xlmr) — Top 5 (cosine) ===
2025-12-15 10:04:39,680 - INFO - 1. kin: cos=0.9999
2025-12-15 10:04:39,680 - INFO - 2. luo: cos=0.9999
2025-12-15 10:04:39,680 - INFO - 3. twi: cos=0.9999
2025-12-15 10:04:39,680 - INFO - 4. nya: cos=0.9998
2025-12-15 10:04:39,680 - INFO - 5. ewe: cos=0.9998
2025-12-15 10:04:39,680 - INFO - === Layer 1 (xlmr) — Worst 5 (cosine) ===
2025-12-15 10:04:39,680 - INFO - 1. hau: cos=0.9994
2025-12-15 10:04:39,680 - INFO - 2. pcm: cos=0.9995
2025-12-15 10:04:39,680 - INFO - 3. fon: cos=0.9995
2025-12-15 10:04:39,680 - INFO - 4. bam: cos=0.9995
2025-12-15 10:04:39,680 - INFO - 5. bbj: cos=0.9996
2025-12-15 10:04:39,799 - INFO - === Layer 2 (xlmr) — Top 5 (cosine) ===
2025-12-15 10:04:39,799 - INFO - 1. kin: cos=1.0000
2025-12-15 10:04:39,799 - INFO - 2. luo: cos=1.0000
2025-12-15 10:04:39,799 - INFO - 3. twi: cos=1.0000
2025-12-15 10:04:39,799 - INFO - 4. ewe: cos=1.0000
2025-12-15 10:04:39,799 - INFO - 5. nya: cos=1.0000
2025-12-15 10:04:39,799 - INFO - === Layer 2 (xlmr) — Worst 5 (cosine) ===
2025-12-15 10:04:39,799 - INFO - 1. pcm: cos=0.9999
2025-12-15 10:04:39,799 - INFO - 2. hau: cos=0.9999
2025-12-15 10:04:39,799 - INFO - 3. bam: cos=0.9999
2025-12-15 10:04:39,799 - INFO - 4. bbj: cos=0.9999
2025-12-15 10:04:39,799 - INFO - 5. swa: cos=0.9999
2025-12-15 10:04:39,918 - INFO - === Layer 3 (xlmr) — Top 5 (cosine) ===
2025-12-15 10:04:39,918 - INFO - 1. kin: cos=1.0000
2025-12-15 10:04:39,918 - INFO - 2. luo: cos=1.0000
2025-12-15 10:04:39,918 - INFO - 3. twi: cos=1.0000
2025-12-15 10:04:39,918 - INFO - 4. hau: cos=1.0000
2025-12-15 10:04:39,918 - INFO - 5. ibo: cos=1.0000
2025-12-15 10:04:39,918 - INFO - === Layer 3 (xlmr) — Worst 5 (cosine) ===
2025-12-15 10:04:39,918 - INFO - 1. swa: cos=1.0000
2025-12-15 10:04:39,918 - INFO - 2. pcm: cos=1.0000
2025-12-15 10:04:39,918 - INFO - 3. sna: cos=1.0000
2025-12-15 10:04:39,918 - INFO - 4. bbj: cos=1.0000
2025-12-15 10:04:39,918 - INFO - 5. fon: cos=1.0000
2025-12-15 10:04:40,037 - INFO - === Layer 4 (xlmr) — Top 5 (cosine) ===
2025-12-15 10:04:40,037 - INFO - 1. kin: cos=1.0000
2025-12-15 10:04:40,037 - INFO - 2. twi: cos=1.0000
2025-12-15 10:04:40,037 - INFO - 3. luo: cos=1.0000
2025-12-15 10:04:40,037 - INFO - 4. lug: cos=1.0000
2025-12-15 10:04:40,037 - INFO - 5. zul: cos=1.0000
2025-12-15 10:04:40,037 - INFO - === Layer 4 (xlmr) — Worst 5 (cosine) ===
2025-12-15 10:04:40,037 - INFO - 1. bam: cos=1.0000
2025-12-15 10:04:40,037 - INFO - 2. yor: cos=1.0000
2025-12-15 10:04:40,037 - INFO - 3. hau: cos=1.0000
2025-12-15 10:04:40,037 - INFO - 4. pcm: cos=1.0000
2025-12-15 10:04:40,037 - INFO - 5. wol: cos=1.0000
2025-12-15 10:04:40,160 - INFO - === Layer 5 (xlmr) — Top 5 (cosine) ===
2025-12-15 10:04:40,160 - INFO - 1. twi: cos=1.0000
2025-12-15 10:04:40,160 - INFO - 2. luo: cos=1.0000
2025-12-15 10:04:40,160 - INFO - 3. kin: cos=1.0000
2025-12-15 10:04:40,160 - INFO - 4. zul: cos=1.0000
2025-12-15 10:04:40,160 - INFO - 5. ewe: cos=1.0000
2025-12-15 10:04:40,160 - INFO - === Layer 5 (xlmr) — Worst 5 (cosine) ===
2025-12-15 10:04:40,160 - INFO - 1. hau: cos=1.0000
2025-12-15 10:04:40,160 - INFO - 2. pcm: cos=1.0000
2025-12-15 10:04:40,160 - INFO - 3. fon: cos=1.0000
2025-12-15 10:04:40,160 - INFO - 4. mos: cos=1.0000
2025-12-15 10:04:40,160 - INFO - 5. wol: cos=1.0000
2025-12-15 10:04:40,281 - INFO - === Layer 6 (xlmr) — Top 5 (cosine) ===
2025-12-15 10:04:40,281 - INFO - 1. twi: cos=1.0000
2025-12-15 10:04:40,281 - INFO - 2. ewe: cos=1.0000
2025-12-15 10:04:40,281 - INFO - 3. luo: cos=1.0000
2025-12-15 10:04:40,281 - INFO - 4. kin: cos=1.0000
2025-12-15 10:04:40,281 - INFO - 5. ibo: cos=1.0000
2025-12-15 10:04:40,281 - INFO - === Layer 6 (xlmr) — Worst 5 (cosine) ===
2025-12-15 10:04:40,281 - INFO - 1. pcm: cos=1.0000
2025-12-15 10:04:40,281 - INFO - 2. hau: cos=1.0000
2025-12-15 10:04:40,281 - INFO - 3. nya: cos=1.0000
2025-12-15 10:04:40,281 - INFO - 4. swa: cos=1.0000
2025-12-15 10:04:40,281 - INFO - 5. wol: cos=1.0000
2025-12-15 10:04:40,400 - INFO - === Layer 7 (xlmr) — Top 5 (cosine) ===
2025-12-15 10:04:40,400 - INFO - 1. twi: cos=1.0000
2025-12-15 10:04:40,400 - INFO - 2. kin: cos=1.0000
2025-12-15 10:04:40,400 - INFO - 3. bbj: cos=1.0000
2025-12-15 10:04:40,400 - INFO - 4. fon: cos=1.0000
2025-12-15 10:04:40,400 - INFO - 5. sna: cos=1.0000
2025-12-15 10:04:40,400 - INFO - === Layer 7 (xlmr) — Worst 5 (cosine) ===
2025-12-15 10:04:40,400 - INFO - 1. hau: cos=1.0000
2025-12-15 10:04:40,400 - INFO - 2. pcm: cos=1.0000
2025-12-15 10:04:40,400 - INFO - 3. zul: cos=1.0000
2025-12-15 10:04:40,400 - INFO - 4. nya: cos=1.0000
2025-12-15 10:04:40,400 - INFO - 5. tsn: cos=1.0000
2025-12-15 10:04:40,580 - INFO - === Layer 8 (xlmr) — Top 5 (cosine) ===
2025-12-15 10:04:40,580 - INFO - 1. kin: cos=1.0000
2025-12-15 10:04:40,580 - INFO - 2. ewe: cos=1.0000
2025-12-15 10:04:40,580 - INFO - 3. lug: cos=1.0000
2025-12-15 10:04:40,580 - INFO - 4. luo: cos=1.0000
2025-12-15 10:04:40,580 - INFO - 5. twi: cos=1.0000
2025-12-15 10:04:40,580 - INFO - === Layer 8 (xlmr) — Worst 5 (cosine) ===
2025-12-15 10:04:40,580 - INFO - 1. pcm: cos=0.9999
2025-12-15 10:04:40,580 - INFO - 2. fon: cos=1.0000
2025-12-15 10:04:40,580 - INFO - 3. hau: cos=1.0000
2025-12-15 10:04:40,580 - INFO - 4. sna: cos=1.0000
2025-12-15 10:04:40,580 - INFO - 5. bbj: cos=1.0000
2025-12-15 10:04:40,698 - INFO - === Layer 9 (xlmr) — Top 5 (cosine) ===
2025-12-15 10:04:40,698 - INFO - 1. kin: cos=1.0000
2025-12-15 10:04:40,698 - INFO - 2. ewe: cos=1.0000
2025-12-15 10:04:40,698 - INFO - 3. twi: cos=1.0000
2025-12-15 10:04:40,698 - INFO - 4. luo: cos=1.0000
2025-12-15 10:04:40,698 - INFO - 5. bam: cos=1.0000
2025-12-15 10:04:40,698 - INFO - === Layer 9 (xlmr) — Worst 5 (cosine) ===
2025-12-15 10:04:40,698 - INFO - 1. pcm: cos=1.0000
2025-12-15 10:04:40,698 - INFO - 2. hau: cos=1.0000
2025-12-15 10:04:40,698 - INFO - 3. sna: cos=1.0000
2025-12-15 10:04:40,698 - INFO - 4. nya: cos=1.0000
2025-12-15 10:04:40,698 - INFO - 5. wol: cos=1.0000
2025-12-15 10:04:40,817 - INFO - === Layer 10 (xlmr) — Top 5 (cosine) ===
2025-12-15 10:04:40,817 - INFO - 1. bam: cos=1.0000
2025-12-15 10:04:40,817 - INFO - 2. luo: cos=1.0000
2025-12-15 10:04:40,817 - INFO - 3. twi: cos=1.0000
2025-12-15 10:04:40,817 - INFO - 4. zul: cos=1.0000
2025-12-15 10:04:40,817 - INFO - 5. ewe: cos=1.0000
2025-12-15 10:04:40,817 - INFO - === Layer 10 (xlmr) — Worst 5 (cosine) ===
2025-12-15 10:04:40,817 - INFO - 1. pcm: cos=1.0000
2025-12-15 10:04:40,817 - INFO - 2. yor: cos=1.0000
2025-12-15 10:04:40,817 - INFO - 3. ibo: cos=1.0000
2025-12-15 10:04:40,817 - INFO - 4. fon: cos=1.0000
2025-12-15 10:04:40,817 - INFO - 5. xho: cos=1.0000
2025-12-15 10:04:40,935 - INFO - === Layer 11 (xlmr) — Top 5 (cosine) ===
2025-12-15 10:04:40,935 - INFO - 1. hau: cos=1.0000
2025-12-15 10:04:40,935 - INFO - 2. pcm: cos=1.0000
2025-12-15 10:04:40,935 - INFO - 3. ibo: cos=1.0000
2025-12-15 10:04:40,935 - INFO - 4. twi: cos=1.0000
2025-12-15 10:04:40,935 - INFO - 5. lug: cos=1.0000
2025-12-15 10:04:40,935 - INFO - === Layer 11 (xlmr) — Worst 5 (cosine) ===
2025-12-15 10:04:40,935 - INFO - 1. luo: cos=0.9999
2025-12-15 10:04:40,935 - INFO - 2. bam: cos=0.9999
2025-12-15 10:04:40,935 - INFO - 3. bbj: cos=0.9999
2025-12-15 10:04:40,935 - INFO - 4. sna: cos=1.0000
2025-12-15 10:04:40,935 - INFO - 5. zul: cos=1.0000
2025-12-15 10:04:41,054 - INFO - === Layer 12 (xlmr) — Top 5 (cosine) ===
2025-12-15 10:04:41,054 - INFO - 1. kin: cos=0.9999
2025-12-15 10:04:41,054 - INFO - 2. nya: cos=0.9999
2025-12-15 10:04:41,054 - INFO - 3. ewe: cos=0.9999
2025-12-15 10:04:41,054 - INFO - 4. wol: cos=0.9999
2025-12-15 10:04:41,054 - INFO - 5. luo: cos=0.9999
2025-12-15 10:04:41,054 - INFO - === Layer 12 (xlmr) — Worst 5 (cosine) ===
2025-12-15 10:04:41,054 - INFO - 1. fon: cos=0.9982
2025-12-15 10:04:41,054 - INFO - 2. hau: cos=0.9987
2025-12-15 10:04:41,054 - INFO - 3. pcm: cos=0.9990
2025-12-15 10:04:41,054 - INFO - 4. twi: cos=0.9995
2025-12-15 10:04:41,054 - INFO - 5. tsn: cos=0.9996
2025-12-15 10:04:41,055 - INFO - Experiment finished successfully.
