2025-08-27 18:02:28,798 - INFO - Start: model_type=xlmr, use_cls=True, use_context=True, context_window=3, max_tokens_per_type=500, batch_size=64, output_dir=rq2_train_scripts/Embeddings/CLEAN/outputs/salt/xlmr/config_3_clstrue_ctxtrue/tokens_500_ctx3/core, save_prototypes=False, seed=42, fp16=True, max_length=96, langs=all, layers=all, span_mode=bio, pool=mean, entity_tags={'DATE', 'LOC', 'PER', 'ORG'}, title_suffix='L=all, tokens=500, ctx=3, cls=true, fp16=true'
2025-08-27 18:02:30,724 - INFO - Processing run
2025-08-27 18:02:31,137 - INFO - Processing bam
2025-08-27 18:02:31,204 - INFO - Processing bbj
2025-08-27 18:02:31,265 - INFO - Processing ewe
2025-08-27 18:02:31,329 - INFO - Processing fon
2025-08-27 18:02:31,413 - INFO - Processing hau
2025-08-27 18:02:31,489 - INFO - Processing ibo
2025-08-27 18:02:31,593 - INFO - Processing kin
2025-08-27 18:02:31,686 - INFO - Processing lug
2025-08-27 18:02:31,755 - INFO - Processing luo
2025-08-27 18:02:31,831 - INFO - Processing mos
2025-08-27 18:02:31,914 - INFO - Processing nya
2025-08-27 18:02:32,017 - INFO - Processing pcm
2025-08-27 18:02:32,074 - INFO - Processing sna
2025-08-27 18:02:32,142 - INFO - Processing swa
2025-08-27 18:02:32,215 - INFO - Processing tsn
2025-08-27 18:02:32,279 - INFO - Processing twi
2025-08-27 18:02:32,353 - INFO - Processing wol
2025-08-27 18:02:32,424 - INFO - Processing xho
2025-08-27 18:02:32,486 - INFO - Processing yor
2025-08-27 18:02:32,588 - INFO - Processing zul
2025-08-27 18:02:33,098 - INFO - === Layer 1 (xlmr) — Top 5 (cosine) ===
2025-08-27 18:02:33,098 - INFO - 1. lug: cos=1.0000
2025-08-27 18:02:33,098 - INFO - 2. kin: cos=1.0000
2025-08-27 18:02:33,098 - INFO - 3. sna: cos=1.0000
2025-08-27 18:02:33,098 - INFO - 4. nya: cos=1.0000
2025-08-27 18:02:33,098 - INFO - 5. tsn: cos=1.0000
2025-08-27 18:02:33,098 - INFO - === Layer 1 (xlmr) — Worst 5 (cosine) ===
2025-08-27 18:02:33,098 - INFO - 1. bam: cos=0.9997
2025-08-27 18:02:33,098 - INFO - 2. fon: cos=0.9998
2025-08-27 18:02:33,098 - INFO - 3. ewe: cos=0.9999
2025-08-27 18:02:33,098 - INFO - 4. yor: cos=0.9999
2025-08-27 18:02:33,098 - INFO - 5. mos: cos=0.9999
2025-08-27 18:02:33,226 - INFO - === Layer 2 (xlmr) — Top 5 (cosine) ===
2025-08-27 18:02:33,226 - INFO - 1. kin: cos=1.0000
2025-08-27 18:02:33,226 - INFO - 2. lug: cos=1.0000
2025-08-27 18:02:33,226 - INFO - 3. nya: cos=1.0000
2025-08-27 18:02:33,226 - INFO - 4. sna: cos=1.0000
2025-08-27 18:02:33,226 - INFO - 5. luo: cos=1.0000
2025-08-27 18:02:33,226 - INFO - === Layer 2 (xlmr) — Worst 5 (cosine) ===
2025-08-27 18:02:33,226 - INFO - 1. bam: cos=1.0000
2025-08-27 18:02:33,226 - INFO - 2. fon: cos=1.0000
2025-08-27 18:02:33,226 - INFO - 3. hau: cos=1.0000
2025-08-27 18:02:33,226 - INFO - 4. yor: cos=1.0000
2025-08-27 18:02:33,226 - INFO - 5. swa: cos=1.0000
2025-08-27 18:02:33,355 - INFO - === Layer 3 (xlmr) — Top 5 (cosine) ===
2025-08-27 18:02:33,355 - INFO - 1. kin: cos=1.0000
2025-08-27 18:02:33,355 - INFO - 2. sna: cos=1.0000
2025-08-27 18:02:33,355 - INFO - 3. lug: cos=1.0000
2025-08-27 18:02:33,355 - INFO - 4. nya: cos=1.0000
2025-08-27 18:02:33,355 - INFO - 5. xho: cos=1.0000
2025-08-27 18:02:33,355 - INFO - === Layer 3 (xlmr) — Worst 5 (cosine) ===
2025-08-27 18:02:33,355 - INFO - 1. pcm: cos=1.0000
2025-08-27 18:02:33,355 - INFO - 2. swa: cos=1.0000
2025-08-27 18:02:33,355 - INFO - 3. fon: cos=1.0000
2025-08-27 18:02:33,355 - INFO - 4. ewe: cos=1.0000
2025-08-27 18:02:33,355 - INFO - 5. yor: cos=1.0000
2025-08-27 18:02:33,483 - INFO - === Layer 4 (xlmr) — Top 5 (cosine) ===
2025-08-27 18:02:33,483 - INFO - 1. zul: cos=1.0000
2025-08-27 18:02:33,483 - INFO - 2. ibo: cos=1.0000
2025-08-27 18:02:33,483 - INFO - 3. lug: cos=1.0000
2025-08-27 18:02:33,483 - INFO - 4. wol: cos=1.0000
2025-08-27 18:02:33,483 - INFO - 5. mos: cos=1.0000
2025-08-27 18:02:33,483 - INFO - === Layer 4 (xlmr) — Worst 5 (cosine) ===
2025-08-27 18:02:33,483 - INFO - 1. pcm: cos=1.0000
2025-08-27 18:02:33,483 - INFO - 2. hau: cos=1.0000
2025-08-27 18:02:33,483 - INFO - 3. swa: cos=1.0000
2025-08-27 18:02:33,483 - INFO - 4. sna: cos=1.0000
2025-08-27 18:02:33,483 - INFO - 5. fon: cos=1.0000
2025-08-27 18:02:33,610 - INFO - === Layer 5 (xlmr) — Top 5 (cosine) ===
2025-08-27 18:02:33,610 - INFO - 1. lug: cos=1.0000
2025-08-27 18:02:33,610 - INFO - 2. kin: cos=1.0000
2025-08-27 18:02:33,610 - INFO - 3. sna: cos=1.0000
2025-08-27 18:02:33,610 - INFO - 4. nya: cos=1.0000
2025-08-27 18:02:33,611 - INFO - 5. xho: cos=1.0000
2025-08-27 18:02:33,611 - INFO - === Layer 5 (xlmr) — Worst 5 (cosine) ===
2025-08-27 18:02:33,611 - INFO - 1. bam: cos=1.0000
2025-08-27 18:02:33,611 - INFO - 2. fon: cos=1.0000
2025-08-27 18:02:33,611 - INFO - 3. twi: cos=1.0000
2025-08-27 18:02:33,611 - INFO - 4. bbj: cos=1.0000
2025-08-27 18:02:33,611 - INFO - 5. swa: cos=1.0000
2025-08-27 18:02:33,738 - INFO - === Layer 6 (xlmr) — Top 5 (cosine) ===
2025-08-27 18:02:33,738 - INFO - 1. lug: cos=1.0000
2025-08-27 18:02:33,738 - INFO - 2. kin: cos=1.0000
2025-08-27 18:02:33,738 - INFO - 3. sna: cos=1.0000
2025-08-27 18:02:33,738 - INFO - 4. nya: cos=1.0000
2025-08-27 18:02:33,738 - INFO - 5. zul: cos=1.0000
2025-08-27 18:02:33,738 - INFO - === Layer 6 (xlmr) — Worst 5 (cosine) ===
2025-08-27 18:02:33,738 - INFO - 1. bam: cos=1.0000
2025-08-27 18:02:33,738 - INFO - 2. fon: cos=1.0000
2025-08-27 18:02:33,738 - INFO - 3. twi: cos=1.0000
2025-08-27 18:02:33,738 - INFO - 4. bbj: cos=1.0000
2025-08-27 18:02:33,738 - INFO - 5. swa: cos=1.0000
2025-08-27 18:02:33,866 - INFO - === Layer 7 (xlmr) — Top 5 (cosine) ===
2025-08-27 18:02:33,866 - INFO - 1. ibo: cos=1.0000
2025-08-27 18:02:33,866 - INFO - 2. lug: cos=1.0000
2025-08-27 18:02:33,866 - INFO - 3. luo: cos=1.0000
2025-08-27 18:02:33,866 - INFO - 4. xho: cos=1.0000
2025-08-27 18:02:33,866 - INFO - 5. fon: cos=1.0000
2025-08-27 18:02:33,866 - INFO - === Layer 7 (xlmr) — Worst 5 (cosine) ===
2025-08-27 18:02:33,866 - INFO - 1. yor: cos=1.0000
2025-08-27 18:02:33,866 - INFO - 2. hau: cos=1.0000
2025-08-27 18:02:33,866 - INFO - 3. sna: cos=1.0000
2025-08-27 18:02:33,866 - INFO - 4. bam: cos=1.0000
2025-08-27 18:02:33,866 - INFO - 5. ewe: cos=1.0000
2025-08-27 18:02:33,994 - INFO - === Layer 8 (xlmr) — Top 5 (cosine) ===
2025-08-27 18:02:33,994 - INFO - 1. luo: cos=1.0000
2025-08-27 18:02:33,994 - INFO - 2. sna: cos=1.0000
2025-08-27 18:02:33,994 - INFO - 3. lug: cos=1.0000
2025-08-27 18:02:33,994 - INFO - 4. xho: cos=1.0000
2025-08-27 18:02:33,994 - INFO - 5. ibo: cos=1.0000
2025-08-27 18:02:33,995 - INFO - === Layer 8 (xlmr) — Worst 5 (cosine) ===
2025-08-27 18:02:33,995 - INFO - 1. bbj: cos=1.0000
2025-08-27 18:02:33,995 - INFO - 2. swa: cos=1.0000
2025-08-27 18:02:33,995 - INFO - 3. hau: cos=1.0000
2025-08-27 18:02:33,995 - INFO - 4. mos: cos=1.0000
2025-08-27 18:02:33,995 - INFO - 5. pcm: cos=1.0000
2025-08-27 18:02:34,193 - INFO - === Layer 9 (xlmr) — Top 5 (cosine) ===
2025-08-27 18:02:34,193 - INFO - 1. ibo: cos=1.0000
2025-08-27 18:02:34,193 - INFO - 2. twi: cos=1.0000
2025-08-27 18:02:34,193 - INFO - 3. lug: cos=1.0000
2025-08-27 18:02:34,193 - INFO - 4. xho: cos=1.0000
2025-08-27 18:02:34,193 - INFO - 5. luo: cos=1.0000
2025-08-27 18:02:34,193 - INFO - === Layer 9 (xlmr) — Worst 5 (cosine) ===
2025-08-27 18:02:34,193 - INFO - 1. ewe: cos=1.0000
2025-08-27 18:02:34,193 - INFO - 2. yor: cos=1.0000
2025-08-27 18:02:34,193 - INFO - 3. zul: cos=1.0000
2025-08-27 18:02:34,193 - INFO - 4. nya: cos=1.0000
2025-08-27 18:02:34,193 - INFO - 5. mos: cos=1.0000
2025-08-27 18:02:34,318 - INFO - === Layer 10 (xlmr) — Top 5 (cosine) ===
2025-08-27 18:02:34,318 - INFO - 1. ibo: cos=1.0000
2025-08-27 18:02:34,318 - INFO - 2. kin: cos=1.0000
2025-08-27 18:02:34,318 - INFO - 3. twi: cos=1.0000
2025-08-27 18:02:34,318 - INFO - 4. sna: cos=1.0000
2025-08-27 18:02:34,318 - INFO - 5. hau: cos=1.0000
2025-08-27 18:02:34,318 - INFO - === Layer 10 (xlmr) — Worst 5 (cosine) ===
2025-08-27 18:02:34,318 - INFO - 1. pcm: cos=1.0000
2025-08-27 18:02:34,318 - INFO - 2. luo: cos=1.0000
2025-08-27 18:02:34,318 - INFO - 3. tsn: cos=1.0000
2025-08-27 18:02:34,318 - INFO - 4. swa: cos=1.0000
2025-08-27 18:02:34,318 - INFO - 5. xho: cos=1.0000
2025-08-27 18:02:34,447 - INFO - === Layer 11 (xlmr) — Top 5 (cosine) ===
2025-08-27 18:02:34,447 - INFO - 1. kin: cos=1.0000
2025-08-27 18:02:34,447 - INFO - 2. nya: cos=1.0000
2025-08-27 18:02:34,447 - INFO - 3. sna: cos=1.0000
2025-08-27 18:02:34,447 - INFO - 4. tsn: cos=1.0000
2025-08-27 18:02:34,447 - INFO - 5. zul: cos=1.0000
2025-08-27 18:02:34,447 - INFO - === Layer 11 (xlmr) — Worst 5 (cosine) ===
2025-08-27 18:02:34,447 - INFO - 1. yor: cos=0.9999
2025-08-27 18:02:34,447 - INFO - 2. fon: cos=1.0000
2025-08-27 18:02:34,447 - INFO - 3. mos: cos=1.0000
2025-08-27 18:02:34,447 - INFO - 4. bbj: cos=1.0000
2025-08-27 18:02:34,447 - INFO - 5. pcm: cos=1.0000
2025-08-27 18:02:34,577 - INFO - === Layer 12 (xlmr) — Top 5 (cosine) ===
2025-08-27 18:02:34,577 - INFO - 1. sna: cos=0.9997
2025-08-27 18:02:34,577 - INFO - 2. pcm: cos=0.9995
2025-08-27 18:02:34,577 - INFO - 3. kin: cos=0.9994
2025-08-27 18:02:34,577 - INFO - 4. mos: cos=0.9991
2025-08-27 18:02:34,577 - INFO - 5. twi: cos=0.9989
2025-08-27 18:02:34,577 - INFO - === Layer 12 (xlmr) — Worst 5 (cosine) ===
2025-08-27 18:02:34,577 - INFO - 1. zul: cos=0.9835
2025-08-27 18:02:34,577 - INFO - 2. xho: cos=0.9888
2025-08-27 18:02:34,577 - INFO - 3. fon: cos=0.9941
2025-08-27 18:02:34,577 - INFO - 4. nya: cos=0.9961
2025-08-27 18:02:34,577 - INFO - 5. lug: cos=0.9968
2025-08-27 18:02:34,578 - INFO - Experiment finished successfully.
