2025-08-24 10:30:16,847 - INFO - Start: model_type=xlmr, run_both=False, use_cls=False, use_context=False, context_window=3, max_tokens_per_type=200, batch_size=32, seed=1, num_middle_layers=3, output_dir=rq2_train_scripts/Embeddings/EXTENDED/outputs/combined_extended/xlmr/config_0_clsfalse_ctxfalse_hybfalse/tokens_200_ctx3
2025-08-24 10:30:17,406 - INFO - xlmr: selected layer indices (hidden_states) = [2, 3, 10, 12]
2025-08-24 10:30:19,015 - INFO - Processing run
2025-08-24 10:30:22,280 - INFO - Processing bam
2025-08-24 10:30:25,192 - INFO - Processing bbj
2025-08-24 10:30:28,255 - INFO - Processing ewe
2025-08-24 10:30:31,352 - INFO - Processing fon
2025-08-24 10:30:34,330 - INFO - Processing hau
2025-08-24 10:30:37,346 - INFO - Processing ibo
2025-08-24 10:30:40,324 - INFO - Processing kin
2025-08-24 10:30:43,273 - INFO - Processing lug
2025-08-24 10:30:46,177 - INFO - Processing luo
2025-08-24 10:30:49,191 - INFO - Processing mos
2025-08-24 10:30:52,251 - INFO - Processing nya
2025-08-24 10:30:55,301 - INFO - Processing pcm
2025-08-24 10:30:58,340 - INFO - Processing sna
2025-08-24 10:31:01,393 - INFO - Processing swa
2025-08-24 10:31:04,491 - INFO - Processing tsn
2025-08-24 10:31:07,334 - INFO - Processing twi
2025-08-24 10:31:10,243 - INFO - Processing wol
2025-08-24 10:31:13,281 - INFO - Processing xho
2025-08-24 10:31:16,247 - INFO - Processing yor
2025-08-24 10:31:19,125 - INFO - Processing zul
2025-08-24 10:31:22,414 - INFO - Layer 2 (xlmr) — Top 5
2025-08-24 10:31:22,414 - INFO - 1. twi: r=0.9875
2025-08-24 10:31:22,414 - INFO - 2. kin: r=0.9860
2025-08-24 10:31:22,414 - INFO - 3. lug: r=0.9857
2025-08-24 10:31:22,414 - INFO - 4. luo: r=0.9855
2025-08-24 10:31:22,414 - INFO - 5. tsn: r=0.9835
2025-08-24 10:31:22,414 - INFO - Layer 2 (xlmr) — Worst 5
2025-08-24 10:31:22,414 - INFO - 1. fon: r=0.9707
2025-08-24 10:31:22,414 - INFO - 2. hau: r=0.9714
2025-08-24 10:31:22,414 - INFO - 3. yor: r=0.9741
2025-08-24 10:31:22,414 - INFO - 4. bbj: r=0.9745
2025-08-24 10:31:22,414 - INFO - 5. pcm: r=0.9750
2025-08-24 10:31:22,530 - INFO - Layer 3 (xlmr) — Top 5
2025-08-24 10:31:22,530 - INFO - 1. kin: r=0.9901
2025-08-24 10:31:22,530 - INFO - 2. twi: r=0.9899
2025-08-24 10:31:22,530 - INFO - 3. lug: r=0.9889
2025-08-24 10:31:22,530 - INFO - 4. luo: r=0.9889
2025-08-24 10:31:22,530 - INFO - 5. nya: r=0.9877
2025-08-24 10:31:22,530 - INFO - Layer 3 (xlmr) — Worst 5
2025-08-24 10:31:22,530 - INFO - 1. fon: r=0.9794
2025-08-24 10:31:22,530 - INFO - 2. hau: r=0.9799
2025-08-24 10:31:22,530 - INFO - 3. pcm: r=0.9805
2025-08-24 10:31:22,530 - INFO - 4. bam: r=0.9809
2025-08-24 10:31:22,530 - INFO - 5. bbj: r=0.9811
2025-08-24 10:31:22,646 - INFO - Layer 10 (xlmr) — Top 5
2025-08-24 10:31:22,646 - INFO - 1. twi: r=0.9913
2025-08-24 10:31:22,646 - INFO - 2. kin: r=0.9907
2025-08-24 10:31:22,646 - INFO - 3. lug: r=0.9898
2025-08-24 10:31:22,646 - INFO - 4. luo: r=0.9884
2025-08-24 10:31:22,646 - INFO - 5. nya: r=0.9878
2025-08-24 10:31:22,646 - INFO - Layer 10 (xlmr) — Worst 5
2025-08-24 10:31:22,646 - INFO - 1. pcm: r=0.9772
2025-08-24 10:31:22,646 - INFO - 2. bbj: r=0.9776
2025-08-24 10:31:22,646 - INFO - 3. bam: r=0.9786
2025-08-24 10:31:22,646 - INFO - 4. yor: r=0.9820
2025-08-24 10:31:22,646 - INFO - 5. fon: r=0.9822
2025-08-24 10:31:22,762 - INFO - Layer 12 (xlmr) — Top 5
2025-08-24 10:31:22,762 - INFO - 1. kin: r=0.9992
2025-08-24 10:31:22,762 - INFO - 2. luo: r=0.9992
2025-08-24 10:31:22,762 - INFO - 3. lug: r=0.9992
2025-08-24 10:31:22,762 - INFO - 4. nya: r=0.9991
2025-08-24 10:31:22,762 - INFO - 5. twi: r=0.9991
2025-08-24 10:31:22,762 - INFO - Layer 12 (xlmr) — Worst 5
2025-08-24 10:31:22,762 - INFO - 1. pcm: r=0.9983
2025-08-24 10:31:22,762 - INFO - 2. bbj: r=0.9985
2025-08-24 10:31:22,762 - INFO - 3. fon: r=0.9986
2025-08-24 10:31:22,762 - INFO - 4. bam: r=0.9986
2025-08-24 10:31:22,762 - INFO - 5. yor: r=0.9987
2025-08-24 10:31:22,763 - INFO - Experiment finished successfully.
