2025-08-27 17:44:42,981 - INFO - Start: model_type=xlmr, use_cls=True, use_context=False, context_window=3, max_tokens_per_type=300, batch_size=64, output_dir=rq2_train_scripts/Embeddings/CLEAN/outputs/combined/xlmr/config_1_clstrue_ctxfalse/tokens_300_ctx3/core, save_prototypes=False, seed=42, fp16=True, max_length=96, langs=all, layers=all, span_mode=bio, pool=mean, entity_tags={'ORG', 'DATE', 'LOC', 'PER'}, title_suffix='L=all, tokens=300, ctx=3, cls=true, fp16=true'
2025-08-27 17:44:44,901 - INFO - Processing run
2025-08-27 17:44:45,314 - INFO - Processing bam
2025-08-27 17:44:45,363 - INFO - Processing bbj
2025-08-27 17:44:45,400 - INFO - Processing ewe
2025-08-27 17:44:45,439 - INFO - Processing fon
2025-08-27 17:44:45,486 - INFO - Processing hau
2025-08-27 17:44:45,562 - INFO - Processing ibo
2025-08-27 17:44:45,667 - INFO - Processing kin
2025-08-27 17:44:45,729 - INFO - Processing lug
2025-08-27 17:44:45,774 - INFO - Processing luo
2025-08-27 17:44:45,838 - INFO - Processing mos
2025-08-27 17:44:45,896 - INFO - Processing nya
2025-08-27 17:44:45,958 - INFO - Processing pcm
2025-08-27 17:44:46,018 - INFO - Processing sna
2025-08-27 17:44:46,071 - INFO - Processing swa
2025-08-27 17:44:46,138 - INFO - Processing tsn
2025-08-27 17:44:46,183 - INFO - Processing twi
2025-08-27 17:44:46,246 - INFO - Processing wol
2025-08-27 17:44:46,305 - INFO - Processing xho
2025-08-27 17:44:46,359 - INFO - Processing yor
2025-08-27 17:44:46,446 - INFO - Processing zul
2025-08-27 17:44:46,938 - INFO - === Layer 1 (xlmr) — Top 5 (cosine) ===
2025-08-27 17:44:46,938 - INFO - 1. kin: cos=0.9999
2025-08-27 17:44:46,938 - INFO - 2. twi: cos=0.9999
2025-08-27 17:44:46,938 - INFO - 3. luo: cos=0.9999
2025-08-27 17:44:46,938 - INFO - 4. ewe: cos=0.9998
2025-08-27 17:44:46,938 - INFO - 5. nya: cos=0.9998
2025-08-27 17:44:46,938 - INFO - === Layer 1 (xlmr) — Worst 5 (cosine) ===
2025-08-27 17:44:46,938 - INFO - 1. pcm: cos=0.9994
2025-08-27 17:44:46,938 - INFO - 2. hau: cos=0.9994
2025-08-27 17:44:46,938 - INFO - 3. fon: cos=0.9995
2025-08-27 17:44:46,938 - INFO - 4. bbj: cos=0.9995
2025-08-27 17:44:46,938 - INFO - 5. bam: cos=0.9995
2025-08-27 17:44:47,069 - INFO - === Layer 2 (xlmr) — Top 5 (cosine) ===
2025-08-27 17:44:47,069 - INFO - 1. kin: cos=1.0000
2025-08-27 17:44:47,069 - INFO - 2. twi: cos=1.0000
2025-08-27 17:44:47,069 - INFO - 3. luo: cos=1.0000
2025-08-27 17:44:47,069 - INFO - 4. ewe: cos=1.0000
2025-08-27 17:44:47,069 - INFO - 5. nya: cos=1.0000
2025-08-27 17:44:47,069 - INFO - === Layer 2 (xlmr) — Worst 5 (cosine) ===
2025-08-27 17:44:47,069 - INFO - 1. pcm: cos=0.9999
2025-08-27 17:44:47,069 - INFO - 2. swa: cos=0.9999
2025-08-27 17:44:47,069 - INFO - 3. hau: cos=0.9999
2025-08-27 17:44:47,069 - INFO - 4. bbj: cos=0.9999
2025-08-27 17:44:47,069 - INFO - 5. sna: cos=0.9999
2025-08-27 17:44:47,200 - INFO - === Layer 3 (xlmr) — Top 5 (cosine) ===
2025-08-27 17:44:47,200 - INFO - 1. twi: cos=1.0000
2025-08-27 17:44:47,200 - INFO - 2. kin: cos=1.0000
2025-08-27 17:44:47,200 - INFO - 3. luo: cos=1.0000
2025-08-27 17:44:47,200 - INFO - 4. ibo: cos=1.0000
2025-08-27 17:44:47,200 - INFO - 5. zul: cos=1.0000
2025-08-27 17:44:47,200 - INFO - === Layer 3 (xlmr) — Worst 5 (cosine) ===
2025-08-27 17:44:47,200 - INFO - 1. pcm: cos=1.0000
2025-08-27 17:44:47,200 - INFO - 2. swa: cos=1.0000
2025-08-27 17:44:47,200 - INFO - 3. sna: cos=1.0000
2025-08-27 17:44:47,200 - INFO - 4. nya: cos=1.0000
2025-08-27 17:44:47,200 - INFO - 5. bbj: cos=1.0000
2025-08-27 17:44:47,330 - INFO - === Layer 4 (xlmr) — Top 5 (cosine) ===
2025-08-27 17:44:47,330 - INFO - 1. kin: cos=1.0000
2025-08-27 17:44:47,330 - INFO - 2. twi: cos=1.0000
2025-08-27 17:44:47,330 - INFO - 3. luo: cos=1.0000
2025-08-27 17:44:47,330 - INFO - 4. bbj: cos=1.0000
2025-08-27 17:44:47,330 - INFO - 5. tsn: cos=1.0000
2025-08-27 17:44:47,330 - INFO - === Layer 4 (xlmr) — Worst 5 (cosine) ===
2025-08-27 17:44:47,330 - INFO - 1. pcm: cos=1.0000
2025-08-27 17:44:47,330 - INFO - 2. bam: cos=1.0000
2025-08-27 17:44:47,331 - INFO - 3. yor: cos=1.0000
2025-08-27 17:44:47,331 - INFO - 4. hau: cos=1.0000
2025-08-27 17:44:47,331 - INFO - 5. nya: cos=1.0000
2025-08-27 17:44:47,463 - INFO - === Layer 5 (xlmr) — Top 5 (cosine) ===
2025-08-27 17:44:47,463 - INFO - 1. twi: cos=1.0000
2025-08-27 17:44:47,463 - INFO - 2. luo: cos=1.0000
2025-08-27 17:44:47,463 - INFO - 3. tsn: cos=1.0000
2025-08-27 17:44:47,463 - INFO - 4. kin: cos=1.0000
2025-08-27 17:44:47,463 - INFO - 5. ewe: cos=1.0000
2025-08-27 17:44:47,463 - INFO - === Layer 5 (xlmr) — Worst 5 (cosine) ===
2025-08-27 17:44:47,463 - INFO - 1. pcm: cos=1.0000
2025-08-27 17:44:47,463 - INFO - 2. hau: cos=1.0000
2025-08-27 17:44:47,463 - INFO - 3. swa: cos=1.0000
2025-08-27 17:44:47,463 - INFO - 4. xho: cos=1.0000
2025-08-27 17:44:47,463 - INFO - 5. wol: cos=1.0000
2025-08-27 17:44:47,595 - INFO - === Layer 6 (xlmr) — Top 5 (cosine) ===
2025-08-27 17:44:47,595 - INFO - 1. twi: cos=1.0000
2025-08-27 17:44:47,595 - INFO - 2. kin: cos=1.0000
2025-08-27 17:44:47,595 - INFO - 3. luo: cos=1.0000
2025-08-27 17:44:47,595 - INFO - 4. tsn: cos=1.0000
2025-08-27 17:44:47,595 - INFO - 5. zul: cos=1.0000
2025-08-27 17:44:47,595 - INFO - === Layer 6 (xlmr) — Worst 5 (cosine) ===
2025-08-27 17:44:47,595 - INFO - 1. yor: cos=1.0000
2025-08-27 17:44:47,595 - INFO - 2. hau: cos=1.0000
2025-08-27 17:44:47,595 - INFO - 3. pcm: cos=1.0000
2025-08-27 17:44:47,595 - INFO - 4. swa: cos=1.0000
2025-08-27 17:44:47,595 - INFO - 5. xho: cos=1.0000
2025-08-27 17:44:47,743 - INFO - === Layer 7 (xlmr) — Top 5 (cosine) ===
2025-08-27 17:44:47,743 - INFO - 1. twi: cos=1.0000
2025-08-27 17:44:47,743 - INFO - 2. kin: cos=1.0000
2025-08-27 17:44:47,743 - INFO - 3. fon: cos=1.0000
2025-08-27 17:44:47,743 - INFO - 4. bbj: cos=1.0000
2025-08-27 17:44:47,743 - INFO - 5. swa: cos=1.0000
2025-08-27 17:44:47,743 - INFO - === Layer 7 (xlmr) — Worst 5 (cosine) ===
2025-08-27 17:44:47,743 - INFO - 1. pcm: cos=1.0000
2025-08-27 17:44:47,744 - INFO - 2. hau: cos=1.0000
2025-08-27 17:44:47,744 - INFO - 3. zul: cos=1.0000
2025-08-27 17:44:47,744 - INFO - 4. sna: cos=1.0000
2025-08-27 17:44:47,744 - INFO - 5. nya: cos=1.0000
2025-08-27 17:44:47,990 - INFO - === Layer 8 (xlmr) — Top 5 (cosine) ===
2025-08-27 17:44:47,990 - INFO - 1. ewe: cos=1.0000
2025-08-27 17:44:47,990 - INFO - 2. tsn: cos=1.0000
2025-08-27 17:44:47,990 - INFO - 3. luo: cos=1.0000
2025-08-27 17:44:47,990 - INFO - 4. zul: cos=1.0000
2025-08-27 17:44:47,990 - INFO - 5. bam: cos=1.0000
2025-08-27 17:44:47,990 - INFO - === Layer 8 (xlmr) — Worst 5 (cosine) ===
2025-08-27 17:44:47,990 - INFO - 1. pcm: cos=0.9999
2025-08-27 17:44:47,990 - INFO - 2. fon: cos=0.9999
2025-08-27 17:44:47,990 - INFO - 3. hau: cos=0.9999
2025-08-27 17:44:47,990 - INFO - 4. bbj: cos=1.0000
2025-08-27 17:44:47,990 - INFO - 5. xho: cos=1.0000
2025-08-27 17:44:48,161 - INFO - === Layer 9 (xlmr) — Top 5 (cosine) ===
2025-08-27 17:44:48,161 - INFO - 1. mos: cos=1.0000
2025-08-27 17:44:48,161 - INFO - 2. zul: cos=1.0000
2025-08-27 17:44:48,161 - INFO - 3. ewe: cos=1.0000
2025-08-27 17:44:48,161 - INFO - 4. luo: cos=1.0000
2025-08-27 17:44:48,161 - INFO - 5. swa: cos=1.0000
2025-08-27 17:44:48,161 - INFO - === Layer 9 (xlmr) — Worst 5 (cosine) ===
2025-08-27 17:44:48,161 - INFO - 1. pcm: cos=1.0000
2025-08-27 17:44:48,161 - INFO - 2. hau: cos=1.0000
2025-08-27 17:44:48,161 - INFO - 3. fon: cos=1.0000
2025-08-27 17:44:48,161 - INFO - 4. sna: cos=1.0000
2025-08-27 17:44:48,161 - INFO - 5. bbj: cos=1.0000
2025-08-27 17:44:48,332 - INFO - === Layer 10 (xlmr) — Top 5 (cosine) ===
2025-08-27 17:44:48,332 - INFO - 1. zul: cos=1.0000
2025-08-27 17:44:48,332 - INFO - 2. ewe: cos=1.0000
2025-08-27 17:44:48,332 - INFO - 3. luo: cos=1.0000
2025-08-27 17:44:48,332 - INFO - 4. kin: cos=1.0000
2025-08-27 17:44:48,332 - INFO - 5. nya: cos=1.0000
2025-08-27 17:44:48,332 - INFO - === Layer 10 (xlmr) — Worst 5 (cosine) ===
2025-08-27 17:44:48,332 - INFO - 1. pcm: cos=1.0000
2025-08-27 17:44:48,332 - INFO - 2. yor: cos=1.0000
2025-08-27 17:44:48,332 - INFO - 3. ibo: cos=1.0000
2025-08-27 17:44:48,332 - INFO - 4. fon: cos=1.0000
2025-08-27 17:44:48,332 - INFO - 5. xho: cos=1.0000
2025-08-27 17:44:48,464 - INFO - === Layer 11 (xlmr) — Top 5 (cosine) ===
2025-08-27 17:44:48,464 - INFO - 1. tsn: cos=1.0000
2025-08-27 17:44:48,464 - INFO - 2. zul: cos=1.0000
2025-08-27 17:44:48,464 - INFO - 3. hau: cos=1.0000
2025-08-27 17:44:48,464 - INFO - 4. pcm: cos=1.0000
2025-08-27 17:44:48,464 - INFO - 5. ibo: cos=1.0000
2025-08-27 17:44:48,464 - INFO - === Layer 11 (xlmr) — Worst 5 (cosine) ===
2025-08-27 17:44:48,464 - INFO - 1. luo: cos=0.9999
2025-08-27 17:44:48,464 - INFO - 2. bam: cos=0.9999
2025-08-27 17:44:48,464 - INFO - 3. bbj: cos=0.9999
2025-08-27 17:44:48,464 - INFO - 4. xho: cos=1.0000
2025-08-27 17:44:48,464 - INFO - 5. mos: cos=1.0000
2025-08-27 17:44:48,594 - INFO - === Layer 12 (xlmr) — Top 5 (cosine) ===
2025-08-27 17:44:48,594 - INFO - 1. kin: cos=0.9999
2025-08-27 17:44:48,594 - INFO - 2. nya: cos=0.9999
2025-08-27 17:44:48,594 - INFO - 3. wol: cos=0.9999
2025-08-27 17:44:48,594 - INFO - 4. ewe: cos=0.9999
2025-08-27 17:44:48,594 - INFO - 5. tsn: cos=0.9999
2025-08-27 17:44:48,594 - INFO - === Layer 12 (xlmr) — Worst 5 (cosine) ===
2025-08-27 17:44:48,594 - INFO - 1. fon: cos=0.9982
2025-08-27 17:44:48,594 - INFO - 2. hau: cos=0.9987
2025-08-27 17:44:48,594 - INFO - 3. pcm: cos=0.9989
2025-08-27 17:44:48,594 - INFO - 4. twi: cos=0.9995
2025-08-27 17:44:48,594 - INFO - 5. ibo: cos=0.9996
2025-08-27 17:44:48,595 - INFO - Experiment finished successfully.
