2025-08-02 21:23:34,919 - INFO - Experiment started with model_type=xlmr, use_cls=True, use_context=True, context_window=0, use_hybrid=True, max_tokens_per_type=500, output_dir=rq2_train_scripts/Embeddings/MEXA_inspired_strategy/outputs/combined/xlmr/config_7_clstrue_ctxtrue_hybtrue/tokens_500_ctx0
2025-08-02 21:23:36,672 - INFO - Processing run
2025-08-02 21:23:41,124 - INFO - Processing bam
2025-08-02 21:23:45,108 - INFO - Processing bbj
2025-08-02 21:23:49,555 - INFO - Processing ewe
2025-08-02 21:23:53,956 - INFO - Processing fon
2025-08-02 21:23:58,396 - INFO - Processing hau
2025-08-02 21:24:02,844 - INFO - Processing ibo
2025-08-02 21:24:07,349 - INFO - Processing kin
2025-08-02 21:24:11,815 - INFO - Processing lug
2025-08-02 21:24:16,241 - INFO - Processing luo
2025-08-02 21:24:20,696 - INFO - Processing mos
2025-08-02 21:24:25,162 - INFO - Processing nya
2025-08-02 21:24:29,584 - INFO - Processing pcm
2025-08-02 21:24:33,957 - INFO - Processing sna
2025-08-02 21:24:38,381 - INFO - Processing swa
2025-08-02 21:24:42,753 - INFO - Processing tsn
2025-08-02 21:24:47,123 - INFO - Processing twi
2025-08-02 21:24:51,518 - INFO - Processing wol
2025-08-02 21:24:55,948 - INFO - Processing xho
2025-08-02 21:25:00,391 - INFO - Processing yor
2025-08-02 21:25:04,883 - INFO - Processing zul
2025-08-02 21:25:09,836 - INFO - Top 5 languages most similar to Runyankore:
2025-08-02 21:25:09,836 - INFO - 1. lug - Mean Similarity: 0.9461
2025-08-02 21:25:09,836 - INFO - 2. luo - Mean Similarity: 0.9321
2025-08-02 21:25:09,836 - INFO - 3. twi - Mean Similarity: 0.9242
2025-08-02 21:25:09,836 - INFO - 4. kin - Mean Similarity: 0.9220
2025-08-02 21:25:09,836 - INFO - 5. nya - Mean Similarity: 0.9195
2025-08-02 21:25:09,836 - INFO - Experiment finished successfully.
