2025-08-27 17:37:48,985 - INFO - Start: model_type=xlmr, use_cls=True, use_context=False, context_window=0, max_tokens_per_type=300, batch_size=64, output_dir=rq2_train_scripts/Embeddings/CLEAN/outputs/mptc/xlmr/config_1_clstrue_ctxfalse/tokens_300_ctx0/core, save_prototypes=False, seed=42, fp16=True, max_length=96, langs=all, layers=all, span_mode=bio, pool=mean, entity_tags={'PER', 'ORG', 'DATE', 'LOC'}, title_suffix='L=all, tokens=300, ctx=0, cls=true, fp16=true'
2025-08-27 17:37:51,240 - INFO - Processing run
2025-08-27 17:37:51,640 - INFO - Processing bam
2025-08-27 17:37:51,690 - INFO - Processing bbj
2025-08-27 17:37:51,730 - INFO - Processing ewe
2025-08-27 17:37:51,765 - INFO - Processing fon
2025-08-27 17:37:51,813 - INFO - Processing hau
2025-08-27 17:37:51,879 - INFO - Processing ibo
2025-08-27 17:37:51,965 - INFO - Processing kin
2025-08-27 17:37:52,030 - INFO - Processing lug
2025-08-27 17:37:52,076 - INFO - Processing luo
2025-08-27 17:37:52,139 - INFO - Processing mos
2025-08-27 17:37:52,201 - INFO - Processing nya
2025-08-27 17:37:52,304 - INFO - Processing pcm
2025-08-27 17:37:52,357 - INFO - Processing sna
2025-08-27 17:37:52,414 - INFO - Processing swa
2025-08-27 17:37:52,475 - INFO - Processing tsn
2025-08-27 17:37:52,520 - INFO - Processing twi
2025-08-27 17:37:52,577 - INFO - Processing wol
2025-08-27 17:37:52,636 - INFO - Processing xho
2025-08-27 17:37:52,685 - INFO - Processing yor
2025-08-27 17:37:52,764 - INFO - Processing zul
2025-08-27 17:37:53,267 - INFO - === Layer 1 (xlmr) — Top 5 (cosine) ===
2025-08-27 17:37:53,267 - INFO - 1. kin: cos=0.9999
2025-08-27 17:37:53,267 - INFO - 2. luo: cos=0.9999
2025-08-27 17:37:53,267 - INFO - 3. twi: cos=0.9999
2025-08-27 17:37:53,267 - INFO - 4. zul: cos=0.9998
2025-08-27 17:37:53,267 - INFO - 5. nya: cos=0.9998
2025-08-27 17:37:53,267 - INFO - === Layer 1 (xlmr) — Worst 5 (cosine) ===
2025-08-27 17:37:53,267 - INFO - 1. hau: cos=0.9992
2025-08-27 17:37:53,267 - INFO - 2. bbj: cos=0.9994
2025-08-27 17:37:53,267 - INFO - 3. fon: cos=0.9994
2025-08-27 17:37:53,267 - INFO - 4. pcm: cos=0.9994
2025-08-27 17:37:53,267 - INFO - 5. bam: cos=0.9994
2025-08-27 17:37:53,437 - INFO - === Layer 2 (xlmr) — Top 5 (cosine) ===
2025-08-27 17:37:53,437 - INFO - 1. kin: cos=1.0000
2025-08-27 17:37:53,437 - INFO - 2. twi: cos=1.0000
2025-08-27 17:37:53,437 - INFO - 3. luo: cos=1.0000
2025-08-27 17:37:53,437 - INFO - 4. zul: cos=1.0000
2025-08-27 17:37:53,437 - INFO - 5. nya: cos=1.0000
2025-08-27 17:37:53,437 - INFO - === Layer 2 (xlmr) — Worst 5 (cosine) ===
2025-08-27 17:37:53,437 - INFO - 1. hau: cos=0.9999
2025-08-27 17:37:53,437 - INFO - 2. pcm: cos=0.9999
2025-08-27 17:37:53,437 - INFO - 3. bam: cos=0.9999
2025-08-27 17:37:53,437 - INFO - 4. bbj: cos=0.9999
2025-08-27 17:37:53,437 - INFO - 5. fon: cos=0.9999
2025-08-27 17:37:53,565 - INFO - === Layer 3 (xlmr) — Top 5 (cosine) ===
2025-08-27 17:37:53,565 - INFO - 1. kin: cos=1.0000
2025-08-27 17:37:53,565 - INFO - 2. twi: cos=1.0000
2025-08-27 17:37:53,565 - INFO - 3. luo: cos=1.0000
2025-08-27 17:37:53,565 - INFO - 4. zul: cos=1.0000
2025-08-27 17:37:53,566 - INFO - 5. ewe: cos=1.0000
2025-08-27 17:37:53,566 - INFO - === Layer 3 (xlmr) — Worst 5 (cosine) ===
2025-08-27 17:37:53,566 - INFO - 1. pcm: cos=1.0000
2025-08-27 17:37:53,566 - INFO - 2. swa: cos=1.0000
2025-08-27 17:37:53,566 - INFO - 3. nya: cos=1.0000
2025-08-27 17:37:53,566 - INFO - 4. sna: cos=1.0000
2025-08-27 17:37:53,566 - INFO - 5. bbj: cos=1.0000
2025-08-27 17:37:53,692 - INFO - === Layer 4 (xlmr) — Top 5 (cosine) ===
2025-08-27 17:37:53,692 - INFO - 1. kin: cos=1.0000
2025-08-27 17:37:53,692 - INFO - 2. twi: cos=1.0000
2025-08-27 17:37:53,692 - INFO - 3. luo: cos=1.0000
2025-08-27 17:37:53,692 - INFO - 4. tsn: cos=1.0000
2025-08-27 17:37:53,692 - INFO - 5. zul: cos=1.0000
2025-08-27 17:37:53,692 - INFO - === Layer 4 (xlmr) — Worst 5 (cosine) ===
2025-08-27 17:37:53,692 - INFO - 1. yor: cos=1.0000
2025-08-27 17:37:53,692 - INFO - 2. hau: cos=1.0000
2025-08-27 17:37:53,692 - INFO - 3. pcm: cos=1.0000
2025-08-27 17:37:53,692 - INFO - 4. bam: cos=1.0000
2025-08-27 17:37:53,692 - INFO - 5. wol: cos=1.0000
2025-08-27 17:37:53,821 - INFO - === Layer 5 (xlmr) — Top 5 (cosine) ===
2025-08-27 17:37:53,821 - INFO - 1. twi: cos=1.0000
2025-08-27 17:37:53,821 - INFO - 2. luo: cos=1.0000
2025-08-27 17:37:53,821 - INFO - 3. tsn: cos=1.0000
2025-08-27 17:37:53,821 - INFO - 4. sna: cos=1.0000
2025-08-27 17:37:53,821 - INFO - 5. kin: cos=1.0000
2025-08-27 17:37:53,821 - INFO - === Layer 5 (xlmr) — Worst 5 (cosine) ===
2025-08-27 17:37:53,821 - INFO - 1. hau: cos=1.0000
2025-08-27 17:37:53,821 - INFO - 2. pcm: cos=1.0000
2025-08-27 17:37:53,821 - INFO - 3. swa: cos=1.0000
2025-08-27 17:37:53,821 - INFO - 4. wol: cos=1.0000
2025-08-27 17:37:53,821 - INFO - 5. mos: cos=1.0000
2025-08-27 17:37:53,949 - INFO - === Layer 6 (xlmr) — Top 5 (cosine) ===
2025-08-27 17:37:53,949 - INFO - 1. ibo: cos=1.0000
2025-08-27 17:37:53,949 - INFO - 2. sna: cos=1.0000
2025-08-27 17:37:53,949 - INFO - 3. twi: cos=1.0000
2025-08-27 17:37:53,949 - INFO - 4. luo: cos=1.0000
2025-08-27 17:37:53,949 - INFO - 5. ewe: cos=1.0000
2025-08-27 17:37:53,949 - INFO - === Layer 6 (xlmr) — Worst 5 (cosine) ===
2025-08-27 17:37:53,949 - INFO - 1. hau: cos=1.0000
2025-08-27 17:37:53,949 - INFO - 2. swa: cos=1.0000
2025-08-27 17:37:53,949 - INFO - 3. pcm: cos=1.0000
2025-08-27 17:37:53,949 - INFO - 4. lug: cos=1.0000
2025-08-27 17:37:53,949 - INFO - 5. mos: cos=1.0000
2025-08-27 17:37:54,079 - INFO - === Layer 7 (xlmr) — Top 5 (cosine) ===
2025-08-27 17:37:54,079 - INFO - 1. twi: cos=1.0000
2025-08-27 17:37:54,079 - INFO - 2. fon: cos=1.0000
2025-08-27 17:37:54,079 - INFO - 3. yor: cos=1.0000
2025-08-27 17:37:54,079 - INFO - 4. kin: cos=1.0000
2025-08-27 17:37:54,079 - INFO - 5. sna: cos=1.0000
2025-08-27 17:37:54,079 - INFO - === Layer 7 (xlmr) — Worst 5 (cosine) ===
2025-08-27 17:37:54,079 - INFO - 1. hau: cos=1.0000
2025-08-27 17:37:54,079 - INFO - 2. tsn: cos=1.0000
2025-08-27 17:37:54,079 - INFO - 3. nya: cos=1.0000
2025-08-27 17:37:54,079 - INFO - 4. mos: cos=1.0000
2025-08-27 17:37:54,079 - INFO - 5. wol: cos=1.0000
2025-08-27 17:37:54,274 - INFO - === Layer 8 (xlmr) — Top 5 (cosine) ===
2025-08-27 17:37:54,274 - INFO - 1. kin: cos=1.0000
2025-08-27 17:37:54,274 - INFO - 2. ewe: cos=1.0000
2025-08-27 17:37:54,274 - INFO - 3. yor: cos=1.0000
2025-08-27 17:37:54,274 - INFO - 4. luo: cos=1.0000
2025-08-27 17:37:54,274 - INFO - 5. tsn: cos=1.0000
2025-08-27 17:37:54,274 - INFO - === Layer 8 (xlmr) — Worst 5 (cosine) ===
2025-08-27 17:37:54,274 - INFO - 1. bbj: cos=0.9999
2025-08-27 17:37:54,274 - INFO - 2. fon: cos=0.9999
2025-08-27 17:37:54,274 - INFO - 3. xho: cos=1.0000
2025-08-27 17:37:54,274 - INFO - 4. ibo: cos=1.0000
2025-08-27 17:37:54,274 - INFO - 5. pcm: cos=1.0000
2025-08-27 17:37:54,397 - INFO - === Layer 9 (xlmr) — Top 5 (cosine) ===
2025-08-27 17:37:54,397 - INFO - 1. kin: cos=1.0000
2025-08-27 17:37:54,397 - INFO - 2. ewe: cos=1.0000
2025-08-27 17:37:54,397 - INFO - 3. yor: cos=1.0000
2025-08-27 17:37:54,397 - INFO - 4. bam: cos=1.0000
2025-08-27 17:37:54,397 - INFO - 5. twi: cos=1.0000
2025-08-27 17:37:54,397 - INFO - === Layer 9 (xlmr) — Worst 5 (cosine) ===
2025-08-27 17:37:54,397 - INFO - 1. bbj: cos=1.0000
2025-08-27 17:37:54,397 - INFO - 2. hau: cos=1.0000
2025-08-27 17:37:54,397 - INFO - 3. tsn: cos=1.0000
2025-08-27 17:37:54,397 - INFO - 4. wol: cos=1.0000
2025-08-27 17:37:54,397 - INFO - 5. fon: cos=1.0000
2025-08-27 17:37:54,517 - INFO - === Layer 10 (xlmr) — Top 5 (cosine) ===
2025-08-27 17:37:54,517 - INFO - 1. ewe: cos=1.0000
2025-08-27 17:37:54,517 - INFO - 2. twi: cos=1.0000
2025-08-27 17:37:54,517 - INFO - 3. bam: cos=1.0000
2025-08-27 17:37:54,517 - INFO - 4. zul: cos=1.0000
2025-08-27 17:37:54,517 - INFO - 5. mos: cos=1.0000
2025-08-27 17:37:54,517 - INFO - === Layer 10 (xlmr) — Worst 5 (cosine) ===
2025-08-27 17:37:54,517 - INFO - 1. yor: cos=1.0000
2025-08-27 17:37:54,517 - INFO - 2. pcm: cos=1.0000
2025-08-27 17:37:54,517 - INFO - 3. ibo: cos=1.0000
2025-08-27 17:37:54,517 - INFO - 4. fon: cos=1.0000
2025-08-27 17:37:54,518 - INFO - 5. lug: cos=1.0000
2025-08-27 17:37:54,643 - INFO - === Layer 11 (xlmr) — Top 5 (cosine) ===
2025-08-27 17:37:54,643 - INFO - 1. lug: cos=1.0000
2025-08-27 17:37:54,643 - INFO - 2. twi: cos=1.0000
2025-08-27 17:37:54,643 - INFO - 3. zul: cos=1.0000
2025-08-27 17:37:54,643 - INFO - 4. pcm: cos=1.0000
2025-08-27 17:37:54,643 - INFO - 5. swa: cos=1.0000
2025-08-27 17:37:54,643 - INFO - === Layer 11 (xlmr) — Worst 5 (cosine) ===
2025-08-27 17:37:54,643 - INFO - 1. luo: cos=0.9997
2025-08-27 17:37:54,643 - INFO - 2. bam: cos=0.9998
2025-08-27 17:37:54,643 - INFO - 3. xho: cos=0.9998
2025-08-27 17:37:54,643 - INFO - 4. bbj: cos=0.9999
2025-08-27 17:37:54,643 - INFO - 5. nya: cos=0.9999
2025-08-27 17:37:54,770 - INFO - === Layer 12 (xlmr) — Top 5 (cosine) ===
2025-08-27 17:37:54,770 - INFO - 1. tsn: cos=0.9999
2025-08-27 17:37:54,770 - INFO - 2. kin: cos=0.9999
2025-08-27 17:37:54,770 - INFO - 3. sna: cos=0.9998
2025-08-27 17:37:54,770 - INFO - 4. wol: cos=0.9998
2025-08-27 17:37:54,770 - INFO - 5. nya: cos=0.9998
2025-08-27 17:37:54,770 - INFO - === Layer 12 (xlmr) — Worst 5 (cosine) ===
2025-08-27 17:37:54,770 - INFO - 1. fon: cos=0.9976
2025-08-27 17:37:54,770 - INFO - 2. pcm: cos=0.9994
2025-08-27 17:37:54,770 - INFO - 3. hau: cos=0.9995
2025-08-27 17:37:54,770 - INFO - 4. swa: cos=0.9996
2025-08-27 17:37:54,770 - INFO - 5. luo: cos=0.9997
2025-08-27 17:37:54,771 - INFO - Experiment finished successfully.
