2025-08-03 07:38:53,961 - INFO - Experiment started with model_type=mbert, use_cls=False, use_context=True, context_window=0, use_hybrid=False, max_tokens_per_type=300, output_dir=rq2_train_scripts/Embeddings/MEXA_inspired_strategy/outputs/mptc/mbert/config_2_clsfalse_ctxtrue_hybfalse/tokens_300_ctx0
2025-08-03 07:38:54,971 - INFO - Processing run
2025-08-03 07:38:56,469 - INFO - Processing bam
2025-08-03 07:38:58,537 - INFO - Processing bbj
2025-08-03 07:39:00,635 - INFO - Processing ewe
2025-08-03 07:39:02,716 - INFO - Processing fon
2025-08-03 07:39:04,842 - INFO - Processing hau
2025-08-03 07:39:06,947 - INFO - Processing ibo
2025-08-03 07:39:09,100 - INFO - Processing kin
2025-08-03 07:39:11,225 - INFO - Processing lug
2025-08-03 07:39:13,314 - INFO - Processing luo
2025-08-03 07:39:15,420 - INFO - Processing mos
2025-08-03 07:39:17,500 - INFO - Processing nya
2025-08-03 07:39:19,604 - INFO - Processing pcm
2025-08-03 07:39:21,683 - INFO - Processing sna
2025-08-03 07:39:23,781 - INFO - Processing swa
2025-08-03 07:39:25,864 - INFO - Processing tsn
2025-08-03 07:39:27,936 - INFO - Processing twi
2025-08-03 07:39:30,026 - INFO - Processing wol
2025-08-03 07:39:32,136 - INFO - Processing xho
2025-08-03 07:39:34,240 - INFO - Processing yor
2025-08-03 07:39:36,380 - INFO - Processing zul
2025-08-03 07:39:38,918 - INFO - Top 5 languages most similar to Runyankore:
2025-08-03 07:39:38,918 - INFO - 1. kin - Mean Similarity: 0.8966
2025-08-03 07:39:38,918 - INFO - 2. lug - Mean Similarity: 0.8887
2025-08-03 07:39:38,918 - INFO - 3. luo - Mean Similarity: 0.8863
2025-08-03 07:39:38,918 - INFO - 4. twi - Mean Similarity: 0.8800
2025-08-03 07:39:38,918 - INFO - 5. swa - Mean Similarity: 0.8753
2025-08-03 07:39:38,918 - INFO - Experiment finished successfully.
