2025-08-27 10:07:31,456 - INFO - Start: model_type=xlmr, use_cls=True, use_context=True, context_window=1, max_tokens_per_type=400, batch_size=64, output_dir=rq2_train_scripts/Embeddings/CLEAN/outputs/salt/xlmr/config_3_clstrue_ctxtrue/tokens_400_ctx1/core, save_prototypes=False, seed=42, fp16=True, max_length=96, langs=all, layers=all, span_mode=bio, pool=mean, entity_tags={'ORG', 'DATE', 'PER', 'LOC'}, title_suffix='L=all, tokens=400, ctx=1, cls=true, fp16=true'
2025-08-27 10:07:35,265 - INFO - Processing run
2025-08-27 10:07:35,750 - INFO - Processing bam
2025-08-27 10:07:35,807 - INFO - Processing bbj
2025-08-27 10:07:35,854 - INFO - Processing ewe
2025-08-27 10:07:35,896 - INFO - Processing fon
2025-08-27 10:07:35,959 - INFO - Processing hau
2025-08-27 10:07:36,017 - INFO - Processing ibo
2025-08-27 10:07:36,105 - INFO - Processing kin
2025-08-27 10:07:36,176 - INFO - Processing lug
2025-08-27 10:07:36,258 - INFO - Processing luo
2025-08-27 10:07:36,314 - INFO - Processing mos
2025-08-27 10:07:36,379 - INFO - Processing nya
2025-08-27 10:07:36,441 - INFO - Processing pcm
2025-08-27 10:07:36,493 - INFO - Processing sna
2025-08-27 10:07:36,548 - INFO - Processing swa
2025-08-27 10:07:36,609 - INFO - Processing tsn
2025-08-27 10:07:36,656 - INFO - Processing twi
2025-08-27 10:07:36,713 - INFO - Processing wol
2025-08-27 10:07:36,777 - INFO - Processing xho
2025-08-27 10:07:36,825 - INFO - Processing yor
2025-08-27 10:07:36,904 - INFO - Processing zul
2025-08-27 10:07:37,444 - INFO - === Layer 1 (xlmr) — Top 5 (cosine) ===
2025-08-27 10:07:37,444 - INFO - 1. kin: cos=1.0000
2025-08-27 10:07:37,444 - INFO - 2. lug: cos=1.0000
2025-08-27 10:07:37,444 - INFO - 3. tsn: cos=1.0000
2025-08-27 10:07:37,444 - INFO - 4. nya: cos=1.0000
2025-08-27 10:07:37,444 - INFO - 5. sna: cos=1.0000
2025-08-27 10:07:37,444 - INFO - === Layer 1 (xlmr) — Worst 5 (cosine) ===
2025-08-27 10:07:37,444 - INFO - 1. fon: cos=0.9997
2025-08-27 10:07:37,444 - INFO - 2. bam: cos=0.9998
2025-08-27 10:07:37,444 - INFO - 3. hau: cos=0.9998
2025-08-27 10:07:37,444 - INFO - 4. wol: cos=0.9998
2025-08-27 10:07:37,444 - INFO - 5. yor: cos=0.9999
2025-08-27 10:07:37,577 - INFO - === Layer 2 (xlmr) — Top 5 (cosine) ===
2025-08-27 10:07:37,577 - INFO - 1. nya: cos=1.0000
2025-08-27 10:07:37,577 - INFO - 2. kin: cos=1.0000
2025-08-27 10:07:37,577 - INFO - 3. sna: cos=1.0000
2025-08-27 10:07:37,577 - INFO - 4. luo: cos=1.0000
2025-08-27 10:07:37,577 - INFO - 5. xho: cos=1.0000
2025-08-27 10:07:37,577 - INFO - === Layer 2 (xlmr) — Worst 5 (cosine) ===
2025-08-27 10:07:37,577 - INFO - 1. fon: cos=1.0000
2025-08-27 10:07:37,577 - INFO - 2. bam: cos=1.0000
2025-08-27 10:07:37,577 - INFO - 3. hau: cos=1.0000
2025-08-27 10:07:37,577 - INFO - 4. swa: cos=1.0000
2025-08-27 10:07:37,577 - INFO - 5. pcm: cos=1.0000
2025-08-27 10:07:37,706 - INFO - === Layer 3 (xlmr) — Top 5 (cosine) ===
2025-08-27 10:07:37,706 - INFO - 1. xho: cos=1.0000
2025-08-27 10:07:37,706 - INFO - 2. zul: cos=1.0000
2025-08-27 10:07:37,706 - INFO - 3. sna: cos=1.0000
2025-08-27 10:07:37,706 - INFO - 4. kin: cos=1.0000
2025-08-27 10:07:37,706 - INFO - 5. yor: cos=1.0000
2025-08-27 10:07:37,706 - INFO - === Layer 3 (xlmr) — Worst 5 (cosine) ===
2025-08-27 10:07:37,706 - INFO - 1. pcm: cos=1.0000
2025-08-27 10:07:37,706 - INFO - 2. swa: cos=1.0000
2025-08-27 10:07:37,706 - INFO - 3. ewe: cos=1.0000
2025-08-27 10:07:37,706 - INFO - 4. tsn: cos=1.0000
2025-08-27 10:07:37,706 - INFO - 5. luo: cos=1.0000
2025-08-27 10:07:37,835 - INFO - === Layer 4 (xlmr) — Top 5 (cosine) ===
2025-08-27 10:07:37,835 - INFO - 1. lug: cos=1.0000
2025-08-27 10:07:37,835 - INFO - 2. kin: cos=1.0000
2025-08-27 10:07:37,835 - INFO - 3. zul: cos=1.0000
2025-08-27 10:07:37,835 - INFO - 4. sna: cos=1.0000
2025-08-27 10:07:37,835 - INFO - 5. xho: cos=1.0000
2025-08-27 10:07:37,835 - INFO - === Layer 4 (xlmr) — Worst 5 (cosine) ===
2025-08-27 10:07:37,835 - INFO - 1. swa: cos=1.0000
2025-08-27 10:07:37,835 - INFO - 2. pcm: cos=1.0000
2025-08-27 10:07:37,835 - INFO - 3. ewe: cos=1.0000
2025-08-27 10:07:37,835 - INFO - 4. wol: cos=1.0000
2025-08-27 10:07:37,835 - INFO - 5. twi: cos=1.0000
2025-08-27 10:07:37,958 - INFO - === Layer 5 (xlmr) — Top 5 (cosine) ===
2025-08-27 10:07:37,958 - INFO - 1. nya: cos=1.0000
2025-08-27 10:07:37,958 - INFO - 2. lug: cos=1.0000
2025-08-27 10:07:37,958 - INFO - 3. kin: cos=1.0000
2025-08-27 10:07:37,958 - INFO - 4. luo: cos=1.0000
2025-08-27 10:07:37,958 - INFO - 5. sna: cos=1.0000
2025-08-27 10:07:37,958 - INFO - === Layer 5 (xlmr) — Worst 5 (cosine) ===
2025-08-27 10:07:37,958 - INFO - 1. fon: cos=1.0000
2025-08-27 10:07:37,958 - INFO - 2. hau: cos=1.0000
2025-08-27 10:07:37,958 - INFO - 3. pcm: cos=1.0000
2025-08-27 10:07:37,958 - INFO - 4. swa: cos=1.0000
2025-08-27 10:07:37,958 - INFO - 5. twi: cos=1.0000
2025-08-27 10:07:38,105 - INFO - === Layer 6 (xlmr) — Top 5 (cosine) ===
2025-08-27 10:07:38,105 - INFO - 1. nya: cos=1.0000
2025-08-27 10:07:38,105 - INFO - 2. lug: cos=1.0000
2025-08-27 10:07:38,105 - INFO - 3. luo: cos=1.0000
2025-08-27 10:07:38,105 - INFO - 4. wol: cos=1.0000
2025-08-27 10:07:38,105 - INFO - 5. sna: cos=1.0000
2025-08-27 10:07:38,105 - INFO - === Layer 6 (xlmr) — Worst 5 (cosine) ===
2025-08-27 10:07:38,105 - INFO - 1. fon: cos=1.0000
2025-08-27 10:07:38,105 - INFO - 2. hau: cos=1.0000
2025-08-27 10:07:38,105 - INFO - 3. pcm: cos=1.0000
2025-08-27 10:07:38,105 - INFO - 4. swa: cos=1.0000
2025-08-27 10:07:38,105 - INFO - 5. bbj: cos=1.0000
2025-08-27 10:07:38,257 - INFO - === Layer 7 (xlmr) — Top 5 (cosine) ===
2025-08-27 10:07:38,257 - INFO - 1. luo: cos=1.0000
2025-08-27 10:07:38,257 - INFO - 2. bam: cos=1.0000
2025-08-27 10:07:38,257 - INFO - 3. zul: cos=1.0000
2025-08-27 10:07:38,257 - INFO - 4. xho: cos=1.0000
2025-08-27 10:07:38,257 - INFO - 5. ibo: cos=1.0000
2025-08-27 10:07:38,257 - INFO - === Layer 7 (xlmr) — Worst 5 (cosine) ===
2025-08-27 10:07:38,257 - INFO - 1. hau: cos=1.0000
2025-08-27 10:07:38,257 - INFO - 2. fon: cos=1.0000
2025-08-27 10:07:38,257 - INFO - 3. bbj: cos=1.0000
2025-08-27 10:07:38,257 - INFO - 4. twi: cos=1.0000
2025-08-27 10:07:38,257 - INFO - 5. ewe: cos=1.0000
2025-08-27 10:07:38,385 - INFO - === Layer 8 (xlmr) — Top 5 (cosine) ===
2025-08-27 10:07:38,385 - INFO - 1. nya: cos=1.0000
2025-08-27 10:07:38,385 - INFO - 2. kin: cos=1.0000
2025-08-27 10:07:38,385 - INFO - 3. xho: cos=1.0000
2025-08-27 10:07:38,385 - INFO - 4. mos: cos=1.0000
2025-08-27 10:07:38,385 - INFO - 5. sna: cos=1.0000
2025-08-27 10:07:38,385 - INFO - === Layer 8 (xlmr) — Worst 5 (cosine) ===
2025-08-27 10:07:38,385 - INFO - 1. hau: cos=0.9999
2025-08-27 10:07:38,385 - INFO - 2. pcm: cos=1.0000
2025-08-27 10:07:38,385 - INFO - 3. bam: cos=1.0000
2025-08-27 10:07:38,385 - INFO - 4. bbj: cos=1.0000
2025-08-27 10:07:38,385 - INFO - 5. twi: cos=1.0000
2025-08-27 10:07:38,586 - INFO - === Layer 9 (xlmr) — Top 5 (cosine) ===
2025-08-27 10:07:38,586 - INFO - 1. mos: cos=1.0000
2025-08-27 10:07:38,586 - INFO - 2. ewe: cos=1.0000
2025-08-27 10:07:38,586 - INFO - 3. luo: cos=1.0000
2025-08-27 10:07:38,586 - INFO - 4. kin: cos=1.0000
2025-08-27 10:07:38,586 - INFO - 5. sna: cos=1.0000
2025-08-27 10:07:38,586 - INFO - === Layer 9 (xlmr) — Worst 5 (cosine) ===
2025-08-27 10:07:38,586 - INFO - 1. hau: cos=1.0000
2025-08-27 10:07:38,586 - INFO - 2. pcm: cos=1.0000
2025-08-27 10:07:38,586 - INFO - 3. bam: cos=1.0000
2025-08-27 10:07:38,586 - INFO - 4. lug: cos=1.0000
2025-08-27 10:07:38,586 - INFO - 5. bbj: cos=1.0000
2025-08-27 10:07:38,715 - INFO - === Layer 10 (xlmr) — Top 5 (cosine) ===
2025-08-27 10:07:38,715 - INFO - 1. fon: cos=1.0000
2025-08-27 10:07:38,715 - INFO - 2. twi: cos=1.0000
2025-08-27 10:07:38,715 - INFO - 3. sna: cos=1.0000
2025-08-27 10:07:38,715 - INFO - 4. yor: cos=1.0000
2025-08-27 10:07:38,715 - INFO - 5. ibo: cos=1.0000
2025-08-27 10:07:38,715 - INFO - === Layer 10 (xlmr) — Worst 5 (cosine) ===
2025-08-27 10:07:38,715 - INFO - 1. hau: cos=1.0000
2025-08-27 10:07:38,715 - INFO - 2. lug: cos=1.0000
2025-08-27 10:07:38,715 - INFO - 3. bbj: cos=1.0000
2025-08-27 10:07:38,715 - INFO - 4. bam: cos=1.0000
2025-08-27 10:07:38,715 - INFO - 5. swa: cos=1.0000
2025-08-27 10:07:38,843 - INFO - === Layer 11 (xlmr) — Top 5 (cosine) ===
2025-08-27 10:07:38,843 - INFO - 1. ewe: cos=1.0000
2025-08-27 10:07:38,843 - INFO - 2. mos: cos=1.0000
2025-08-27 10:07:38,843 - INFO - 3. bam: cos=1.0000
2025-08-27 10:07:38,843 - INFO - 4. zul: cos=1.0000
2025-08-27 10:07:38,843 - INFO - 5. xho: cos=1.0000
2025-08-27 10:07:38,843 - INFO - === Layer 11 (xlmr) — Worst 5 (cosine) ===
2025-08-27 10:07:38,843 - INFO - 1. luo: cos=0.9999
2025-08-27 10:07:38,843 - INFO - 2. yor: cos=0.9999
2025-08-27 10:07:38,843 - INFO - 3. swa: cos=0.9999
2025-08-27 10:07:38,843 - INFO - 4. lug: cos=1.0000
2025-08-27 10:07:38,843 - INFO - 5. nya: cos=1.0000
2025-08-27 10:07:38,972 - INFO - === Layer 12 (xlmr) — Top 5 (cosine) ===
2025-08-27 10:07:38,972 - INFO - 1. mos: cos=0.9995
2025-08-27 10:07:38,972 - INFO - 2. pcm: cos=0.9993
2025-08-27 10:07:38,972 - INFO - 3. lug: cos=0.9990
2025-08-27 10:07:38,972 - INFO - 4. sna: cos=0.9989
2025-08-27 10:07:38,972 - INFO - 5. luo: cos=0.9987
2025-08-27 10:07:38,972 - INFO - === Layer 12 (xlmr) — Worst 5 (cosine) ===
2025-08-27 10:07:38,972 - INFO - 1. zul: cos=0.9880
2025-08-27 10:07:38,972 - INFO - 2. xho: cos=0.9938
2025-08-27 10:07:38,972 - INFO - 3. tsn: cos=0.9951
2025-08-27 10:07:38,972 - INFO - 4. fon: cos=0.9960
2025-08-27 10:07:38,972 - INFO - 5. kin: cos=0.9967
2025-08-27 10:07:38,973 - INFO - Experiment finished successfully.
