2025-08-03 08:09:07,128 - INFO - Experiment started with model_type=mbert, use_cls=True, use_context=True, context_window=0, use_hybrid=False, max_tokens_per_type=500, output_dir=rq2_train_scripts/Embeddings/MEXA_inspired_strategy/outputs/mptc/mbert/config_4_clstrue_ctxtrue_hybfalse/tokens_500_ctx0
2025-08-03 08:09:08,142 - INFO - Processing run
2025-08-03 08:09:09,821 - INFO - Processing bam
2025-08-03 08:09:12,942 - INFO - Processing bbj
2025-08-03 08:09:16,440 - INFO - Processing ewe
2025-08-03 08:09:19,898 - INFO - Processing fon
2025-08-03 08:09:23,397 - INFO - Processing hau
2025-08-03 08:09:26,925 - INFO - Processing ibo
2025-08-03 08:09:30,466 - INFO - Processing kin
2025-08-03 08:09:33,988 - INFO - Processing lug
2025-08-03 08:09:37,471 - INFO - Processing luo
2025-08-03 08:09:40,956 - INFO - Processing mos
2025-08-03 08:09:44,413 - INFO - Processing nya
2025-08-03 08:09:47,897 - INFO - Processing pcm
2025-08-03 08:09:51,347 - INFO - Processing sna
2025-08-03 08:09:54,838 - INFO - Processing swa
2025-08-03 08:09:58,285 - INFO - Processing tsn
2025-08-03 08:10:01,792 - INFO - Processing twi
2025-08-03 08:10:05,256 - INFO - Processing wol
2025-08-03 08:10:08,747 - INFO - Processing xho
2025-08-03 08:10:12,255 - INFO - Processing yor
2025-08-03 08:10:15,792 - INFO - Processing zul
2025-08-03 08:10:19,685 - INFO - Top 5 languages most similar to Runyankore:
2025-08-03 08:10:19,685 - INFO - 1. lug - Mean Similarity: 0.9645
2025-08-03 08:10:19,685 - INFO - 2. swa - Mean Similarity: 0.9577
2025-08-03 08:10:19,685 - INFO - 3. luo - Mean Similarity: 0.9566
2025-08-03 08:10:19,685 - INFO - 4. kin - Mean Similarity: 0.9558
2025-08-03 08:10:19,685 - INFO - 5. twi - Mean Similarity: 0.9556
2025-08-03 08:10:19,685 - INFO - Experiment finished successfully.
