2025-08-02 14:37:20,618 - INFO - Experiment started with model_type=xlmr, use_cls=True, use_context=False, context_window=0, use_hybrid=False, max_tokens_per_type=300, output_dir=rq2_train_scripts/Embeddings/MEXA_inspired_strategy/outputs/salt/xlmr/config_1_clstrue_ctxfalse_hybfalse/tokens_300_ctx0
2025-08-02 14:37:22,424 - INFO - Processing run
2025-08-02 14:37:31,115 - INFO - Processing bam
2025-08-02 14:37:39,103 - INFO - Processing bbj
2025-08-02 14:37:47,132 - INFO - Processing ewe
2025-08-02 14:37:55,696 - INFO - Processing fon
2025-08-02 14:38:03,692 - INFO - Processing hau
2025-08-02 14:38:11,830 - INFO - Processing ibo
2025-08-02 14:38:20,052 - INFO - Processing kin
2025-08-02 14:38:28,052 - INFO - Processing lug
2025-08-02 14:38:36,858 - INFO - Processing luo
2025-08-02 14:38:44,980 - INFO - Processing mos
2025-08-02 14:38:53,057 - INFO - Processing nya
2025-08-02 14:39:01,411 - INFO - Processing pcm
2025-08-02 14:39:09,448 - INFO - Processing sna
2025-08-02 14:39:17,934 - INFO - Processing swa
2025-08-02 14:39:26,771 - INFO - Processing tsn
2025-08-02 14:39:34,791 - INFO - Processing twi
2025-08-02 14:39:43,406 - INFO - Processing wol
2025-08-02 14:39:51,888 - INFO - Processing xho
2025-08-02 14:39:59,931 - INFO - Processing yor
2025-08-02 14:40:08,589 - INFO - Processing zul
2025-08-02 14:40:17,345 - INFO - Top 5 languages most similar to Runyankore:
2025-08-02 14:40:17,346 - INFO - 1. lug - Mean Similarity: 1.0000
2025-08-02 14:40:17,346 - INFO - 2. twi - Mean Similarity: 0.9999
2025-08-02 14:40:17,346 - INFO - 3. tsn - Mean Similarity: 0.9999
2025-08-02 14:40:17,346 - INFO - 4. luo - Mean Similarity: 0.9999
2025-08-02 14:40:17,346 - INFO - 5. nya - Mean Similarity: 0.9999
2025-08-02 14:40:17,346 - INFO - Experiment finished successfully.
