2025-08-24 11:35:42,656 - INFO - Start: model_type=xlmr, run_both=False, use_cls=False, use_context=True, context_window=2, max_tokens_per_type=400, batch_size=32, seed=1, num_middle_layers=3, output_dir=rq2_train_scripts/Embeddings/EXTENDED/outputs/combined_extended/xlmr/config_6_clsfalse_ctxtrue_hybtrue/tokens_400_ctx2
2025-08-24 11:35:43,206 - INFO - xlmr: selected layer indices (hidden_states) = [2, 3, 10, 12]
2025-08-24 11:35:44,567 - INFO - Processing run
2025-08-24 11:35:45,645 - INFO - Processing bam
2025-08-24 11:35:46,394 - INFO - Processing bbj
2025-08-24 11:35:47,125 - INFO - Processing ewe
2025-08-24 11:35:47,896 - INFO - Processing fon
2025-08-24 11:35:48,336 - INFO - Processing hau
2025-08-24 11:35:48,719 - INFO - Processing ibo
2025-08-24 11:35:49,209 - INFO - Processing kin
2025-08-24 11:35:49,625 - INFO - Processing lug
2025-08-24 11:35:50,057 - INFO - Processing luo
2025-08-24 11:35:50,492 - INFO - Processing mos
2025-08-24 11:35:51,014 - INFO - Processing nya
2025-08-24 11:35:51,181 - INFO - Processing pcm
2025-08-24 11:35:51,326 - INFO - Processing sna
2025-08-24 11:35:51,486 - INFO - Processing swa
2025-08-24 11:35:51,644 - INFO - Processing tsn
2025-08-24 11:35:51,808 - INFO - Processing twi
2025-08-24 11:35:51,995 - INFO - Processing wol
2025-08-24 11:35:52,167 - INFO - Processing xho
2025-08-24 11:35:52,356 - INFO - Processing yor
2025-08-24 11:35:52,548 - INFO - Processing zul
2025-08-24 11:35:53,329 - INFO - Layer 2 (xlmr) — Top 5
2025-08-24 11:35:53,330 - INFO - 1. kin: r=0.9778
2025-08-24 11:35:53,330 - INFO - 2. twi: r=0.9774
2025-08-24 11:35:53,330 - INFO - 3. sna: r=0.9754
2025-08-24 11:35:53,330 - INFO - 4. ibo: r=0.9745
2025-08-24 11:35:53,330 - INFO - 5. lug: r=0.9727
2025-08-24 11:35:53,330 - INFO - Layer 2 (xlmr) — Worst 5
2025-08-24 11:35:53,330 - INFO - 1. hau: r=0.9500
2025-08-24 11:35:53,330 - INFO - 2. pcm: r=0.9525
2025-08-24 11:35:53,330 - INFO - 3. fon: r=0.9527
2025-08-24 11:35:53,330 - INFO - 4. bbj: r=0.9550
2025-08-24 11:35:53,330 - INFO - 5. yor: r=0.9551
2025-08-24 11:35:53,446 - INFO - Layer 3 (xlmr) — Top 5
2025-08-24 11:35:53,446 - INFO - 1. kin: r=0.9849
2025-08-24 11:35:53,446 - INFO - 2. twi: r=0.9846
2025-08-24 11:35:53,446 - INFO - 3. sna: r=0.9834
2025-08-24 11:35:53,446 - INFO - 4. ibo: r=0.9821
2025-08-24 11:35:53,446 - INFO - 5. lug: r=0.9811
2025-08-24 11:35:53,446 - INFO - Layer 3 (xlmr) — Worst 5
2025-08-24 11:35:53,446 - INFO - 1. hau: r=0.9644
2025-08-24 11:35:53,446 - INFO - 2. pcm: r=0.9655
2025-08-24 11:35:53,446 - INFO - 3. fon: r=0.9675
2025-08-24 11:35:53,446 - INFO - 4. bbj: r=0.9684
2025-08-24 11:35:53,446 - INFO - 5. yor: r=0.9707
2025-08-24 11:35:53,564 - INFO - Layer 10 (xlmr) — Top 5
2025-08-24 11:35:53,564 - INFO - 1. kin: r=0.9882
2025-08-24 11:35:53,564 - INFO - 2. sna: r=0.9870
2025-08-24 11:35:53,564 - INFO - 3. twi: r=0.9867
2025-08-24 11:35:53,564 - INFO - 4. nya: r=0.9859
2025-08-24 11:35:53,564 - INFO - 5. lug: r=0.9857
2025-08-24 11:35:53,564 - INFO - Layer 10 (xlmr) — Worst 5
2025-08-24 11:35:53,564 - INFO - 1. bbj: r=0.9646
2025-08-24 11:35:53,564 - INFO - 2. fon: r=0.9683
2025-08-24 11:35:53,564 - INFO - 3. hau: r=0.9690
2025-08-24 11:35:53,564 - INFO - 4. pcm: r=0.9704
2025-08-24 11:35:53,564 - INFO - 5. yor: r=0.9718
2025-08-24 11:35:53,685 - INFO - Layer 12 (xlmr) — Top 5
2025-08-24 11:35:53,685 - INFO - 1. kin: r=0.9992
2025-08-24 11:35:53,685 - INFO - 2. sna: r=0.9991
2025-08-24 11:35:53,685 - INFO - 3. nya: r=0.9991
2025-08-24 11:35:53,685 - INFO - 4. luo: r=0.9990
2025-08-24 11:35:53,685 - INFO - 5. lug: r=0.9988
2025-08-24 11:35:53,685 - INFO - Layer 12 (xlmr) — Worst 5
2025-08-24 11:35:53,685 - INFO - 1. bbj: r=0.9966
2025-08-24 11:35:53,685 - INFO - 2. fon: r=0.9968
2025-08-24 11:35:53,685 - INFO - 3. hau: r=0.9974
2025-08-24 11:35:53,685 - INFO - 4. yor: r=0.9976
2025-08-24 11:35:53,685 - INFO - 5. pcm: r=0.9979
2025-08-24 11:35:53,686 - INFO - Experiment finished successfully.
