2025-08-27 10:10:19,623 - INFO - Start: model_type=xlmr, use_cls=True, use_context=True, context_window=3, max_tokens_per_type=200, batch_size=64, output_dir=rq2_train_scripts/Embeddings/CLEAN/outputs/salt/xlmr/config_3_clstrue_ctxtrue/tokens_200_ctx3/core, save_prototypes=False, seed=42, fp16=True, max_length=96, langs=all, layers=all, span_mode=bio, pool=mean, entity_tags={'DATE', 'LOC', 'ORG', 'PER'}, title_suffix='L=all, tokens=200, ctx=3, cls=true, fp16=true'
2025-08-27 10:10:21,792 - INFO - Processing run
2025-08-27 10:10:22,212 - INFO - Processing bam
2025-08-27 10:10:22,260 - INFO - Processing bbj
2025-08-27 10:10:22,294 - INFO - Processing ewe
2025-08-27 10:10:22,332 - INFO - Processing fon
2025-08-27 10:10:22,385 - INFO - Processing hau
2025-08-27 10:10:22,441 - INFO - Processing ibo
2025-08-27 10:10:22,522 - INFO - Processing kin
2025-08-27 10:10:22,582 - INFO - Processing lug
2025-08-27 10:10:22,634 - INFO - Processing luo
2025-08-27 10:10:22,688 - INFO - Processing mos
2025-08-27 10:10:22,742 - INFO - Processing nya
2025-08-27 10:10:22,802 - INFO - Processing pcm
2025-08-27 10:10:22,851 - INFO - Processing sna
2025-08-27 10:10:22,907 - INFO - Processing swa
2025-08-27 10:10:22,964 - INFO - Processing tsn
2025-08-27 10:10:23,008 - INFO - Processing twi
2025-08-27 10:10:23,062 - INFO - Processing wol
2025-08-27 10:10:23,113 - INFO - Processing xho
2025-08-27 10:10:23,162 - INFO - Processing yor
2025-08-27 10:10:23,243 - INFO - Processing zul
2025-08-27 10:10:23,730 - INFO - === Layer 1 (xlmr) — Top 5 (cosine) ===
2025-08-27 10:10:23,730 - INFO - 1. lug: cos=1.0000
2025-08-27 10:10:23,730 - INFO - 2. sna: cos=1.0000
2025-08-27 10:10:23,730 - INFO - 3. kin: cos=1.0000
2025-08-27 10:10:23,730 - INFO - 4. tsn: cos=1.0000
2025-08-27 10:10:23,730 - INFO - 5. nya: cos=1.0000
2025-08-27 10:10:23,730 - INFO - === Layer 1 (xlmr) — Worst 5 (cosine) ===
2025-08-27 10:10:23,730 - INFO - 1. bam: cos=0.9997
2025-08-27 10:10:23,730 - INFO - 2. fon: cos=0.9997
2025-08-27 10:10:23,730 - INFO - 3. ewe: cos=0.9999
2025-08-27 10:10:23,730 - INFO - 4. yor: cos=0.9999
2025-08-27 10:10:23,730 - INFO - 5. hau: cos=0.9999
2025-08-27 10:10:23,861 - INFO - === Layer 2 (xlmr) — Top 5 (cosine) ===
2025-08-27 10:10:23,861 - INFO - 1. kin: cos=1.0000
2025-08-27 10:10:23,861 - INFO - 2. sna: cos=1.0000
2025-08-27 10:10:23,861 - INFO - 3. nya: cos=1.0000
2025-08-27 10:10:23,861 - INFO - 4. lug: cos=1.0000
2025-08-27 10:10:23,861 - INFO - 5. tsn: cos=1.0000
2025-08-27 10:10:23,861 - INFO - === Layer 2 (xlmr) — Worst 5 (cosine) ===
2025-08-27 10:10:23,861 - INFO - 1. bam: cos=1.0000
2025-08-27 10:10:23,861 - INFO - 2. fon: cos=1.0000
2025-08-27 10:10:23,861 - INFO - 3. hau: cos=1.0000
2025-08-27 10:10:23,861 - INFO - 4. yor: cos=1.0000
2025-08-27 10:10:23,861 - INFO - 5. swa: cos=1.0000
2025-08-27 10:10:23,992 - INFO - === Layer 3 (xlmr) — Top 5 (cosine) ===
2025-08-27 10:10:23,992 - INFO - 1. sna: cos=1.0000
2025-08-27 10:10:23,992 - INFO - 2. lug: cos=1.0000
2025-08-27 10:10:23,992 - INFO - 3. kin: cos=1.0000
2025-08-27 10:10:23,992 - INFO - 4. xho: cos=1.0000
2025-08-27 10:10:23,992 - INFO - 5. zul: cos=1.0000
2025-08-27 10:10:23,992 - INFO - === Layer 3 (xlmr) — Worst 5 (cosine) ===
2025-08-27 10:10:23,992 - INFO - 1. pcm: cos=1.0000
2025-08-27 10:10:23,992 - INFO - 2. swa: cos=1.0000
2025-08-27 10:10:23,992 - INFO - 3. fon: cos=1.0000
2025-08-27 10:10:23,992 - INFO - 4. ewe: cos=1.0000
2025-08-27 10:10:23,992 - INFO - 5. bam: cos=1.0000
2025-08-27 10:10:24,125 - INFO - === Layer 4 (xlmr) — Top 5 (cosine) ===
2025-08-27 10:10:24,125 - INFO - 1. mos: cos=1.0000
2025-08-27 10:10:24,125 - INFO - 2. zul: cos=1.0000
2025-08-27 10:10:24,125 - INFO - 3. ibo: cos=1.0000
2025-08-27 10:10:24,125 - INFO - 4. lug: cos=1.0000
2025-08-27 10:10:24,125 - INFO - 5. wol: cos=1.0000
2025-08-27 10:10:24,125 - INFO - === Layer 4 (xlmr) — Worst 5 (cosine) ===
2025-08-27 10:10:24,125 - INFO - 1. pcm: cos=1.0000
2025-08-27 10:10:24,125 - INFO - 2. hau: cos=1.0000
2025-08-27 10:10:24,125 - INFO - 3. twi: cos=1.0000
2025-08-27 10:10:24,125 - INFO - 4. swa: cos=1.0000
2025-08-27 10:10:24,125 - INFO - 5. ewe: cos=1.0000
2025-08-27 10:10:24,264 - INFO - === Layer 5 (xlmr) — Top 5 (cosine) ===
2025-08-27 10:10:24,264 - INFO - 1. sna: cos=1.0000
2025-08-27 10:10:24,264 - INFO - 2. lug: cos=1.0000
2025-08-27 10:10:24,264 - INFO - 3. mos: cos=1.0000
2025-08-27 10:10:24,264 - INFO - 4. kin: cos=1.0000
2025-08-27 10:10:24,264 - INFO - 5. tsn: cos=1.0000
2025-08-27 10:10:24,265 - INFO - === Layer 5 (xlmr) — Worst 5 (cosine) ===
2025-08-27 10:10:24,265 - INFO - 1. fon: cos=1.0000
2025-08-27 10:10:24,265 - INFO - 2. bam: cos=1.0000
2025-08-27 10:10:24,265 - INFO - 3. swa: cos=1.0000
2025-08-27 10:10:24,265 - INFO - 4. yor: cos=1.0000
2025-08-27 10:10:24,265 - INFO - 5. pcm: cos=1.0000
2025-08-27 10:10:24,402 - INFO - === Layer 6 (xlmr) — Top 5 (cosine) ===
2025-08-27 10:10:24,402 - INFO - 1. sna: cos=1.0000
2025-08-27 10:10:24,402 - INFO - 2. mos: cos=1.0000
2025-08-27 10:10:24,402 - INFO - 3. tsn: cos=1.0000
2025-08-27 10:10:24,402 - INFO - 4. lug: cos=1.0000
2025-08-27 10:10:24,402 - INFO - 5. wol: cos=1.0000
2025-08-27 10:10:24,402 - INFO - === Layer 6 (xlmr) — Worst 5 (cosine) ===
2025-08-27 10:10:24,402 - INFO - 1. bam: cos=1.0000
2025-08-27 10:10:24,402 - INFO - 2. fon: cos=1.0000
2025-08-27 10:10:24,402 - INFO - 3. swa: cos=1.0000
2025-08-27 10:10:24,402 - INFO - 4. yor: cos=1.0000
2025-08-27 10:10:24,402 - INFO - 5. pcm: cos=1.0000
2025-08-27 10:10:24,530 - INFO - === Layer 7 (xlmr) — Top 5 (cosine) ===
2025-08-27 10:10:24,530 - INFO - 1. hau: cos=1.0000
2025-08-27 10:10:24,530 - INFO - 2. twi: cos=1.0000
2025-08-27 10:10:24,530 - INFO - 3. mos: cos=1.0000
2025-08-27 10:10:24,530 - INFO - 4. tsn: cos=1.0000
2025-08-27 10:10:24,530 - INFO - 5. sna: cos=1.0000
2025-08-27 10:10:24,530 - INFO - === Layer 7 (xlmr) — Worst 5 (cosine) ===
2025-08-27 10:10:24,530 - INFO - 1. yor: cos=1.0000
2025-08-27 10:10:24,530 - INFO - 2. fon: cos=1.0000
2025-08-27 10:10:24,530 - INFO - 3. luo: cos=1.0000
2025-08-27 10:10:24,530 - INFO - 4. ibo: cos=1.0000
2025-08-27 10:10:24,530 - INFO - 5. ewe: cos=1.0000
2025-08-27 10:10:24,721 - INFO - === Layer 8 (xlmr) — Top 5 (cosine) ===
2025-08-27 10:10:24,721 - INFO - 1. kin: cos=1.0000
2025-08-27 10:10:24,721 - INFO - 2. lug: cos=1.0000
2025-08-27 10:10:24,721 - INFO - 3. nya: cos=1.0000
2025-08-27 10:10:24,721 - INFO - 4. twi: cos=1.0000
2025-08-27 10:10:24,721 - INFO - 5. sna: cos=1.0000
2025-08-27 10:10:24,721 - INFO - === Layer 8 (xlmr) — Worst 5 (cosine) ===
2025-08-27 10:10:24,721 - INFO - 1. swa: cos=1.0000
2025-08-27 10:10:24,721 - INFO - 2. mos: cos=1.0000
2025-08-27 10:10:24,721 - INFO - 3. tsn: cos=1.0000
2025-08-27 10:10:24,721 - INFO - 4. hau: cos=1.0000
2025-08-27 10:10:24,721 - INFO - 5. bbj: cos=1.0000
2025-08-27 10:10:24,849 - INFO - === Layer 9 (xlmr) — Top 5 (cosine) ===
2025-08-27 10:10:24,849 - INFO - 1. bbj: cos=1.0000
2025-08-27 10:10:24,849 - INFO - 2. lug: cos=1.0000
2025-08-27 10:10:24,849 - INFO - 3. mos: cos=1.0000
2025-08-27 10:10:24,849 - INFO - 4. twi: cos=1.0000
2025-08-27 10:10:24,849 - INFO - 5. tsn: cos=1.0000
2025-08-27 10:10:24,849 - INFO - === Layer 9 (xlmr) — Worst 5 (cosine) ===
2025-08-27 10:10:24,849 - INFO - 1. yor: cos=1.0000
2025-08-27 10:10:24,849 - INFO - 2. ewe: cos=1.0000
2025-08-27 10:10:24,849 - INFO - 3. zul: cos=1.0000
2025-08-27 10:10:24,849 - INFO - 4. luo: cos=1.0000
2025-08-27 10:10:24,849 - INFO - 5. fon: cos=1.0000
2025-08-27 10:10:24,976 - INFO - === Layer 10 (xlmr) — Top 5 (cosine) ===
2025-08-27 10:10:24,976 - INFO - 1. hau: cos=1.0000
2025-08-27 10:10:24,976 - INFO - 2. sna: cos=1.0000
2025-08-27 10:10:24,976 - INFO - 3. twi: cos=1.0000
2025-08-27 10:10:24,976 - INFO - 4. ibo: cos=1.0000
2025-08-27 10:10:24,976 - INFO - 5. bbj: cos=1.0000
2025-08-27 10:10:24,976 - INFO - === Layer 10 (xlmr) — Worst 5 (cosine) ===
2025-08-27 10:10:24,976 - INFO - 1. tsn: cos=1.0000
2025-08-27 10:10:24,976 - INFO - 2. zul: cos=1.0000
2025-08-27 10:10:24,976 - INFO - 3. kin: cos=1.0000
2025-08-27 10:10:24,976 - INFO - 4. pcm: cos=1.0000
2025-08-27 10:10:24,976 - INFO - 5. bam: cos=1.0000
2025-08-27 10:10:25,108 - INFO - === Layer 11 (xlmr) — Top 5 (cosine) ===
2025-08-27 10:10:25,109 - INFO - 1. twi: cos=1.0000
2025-08-27 10:10:25,109 - INFO - 2. lug: cos=1.0000
2025-08-27 10:10:25,109 - INFO - 3. kin: cos=1.0000
2025-08-27 10:10:25,109 - INFO - 4. sna: cos=1.0000
2025-08-27 10:10:25,109 - INFO - 5. nya: cos=1.0000
2025-08-27 10:10:25,109 - INFO - === Layer 11 (xlmr) — Worst 5 (cosine) ===
2025-08-27 10:10:25,109 - INFO - 1. yor: cos=0.9999
2025-08-27 10:10:25,109 - INFO - 2. ibo: cos=0.9999
2025-08-27 10:10:25,109 - INFO - 3. pcm: cos=0.9999
2025-08-27 10:10:25,109 - INFO - 4. bbj: cos=0.9999
2025-08-27 10:10:25,109 - INFO - 5. luo: cos=0.9999
2025-08-27 10:10:25,236 - INFO - === Layer 12 (xlmr) — Top 5 (cosine) ===
2025-08-27 10:10:25,237 - INFO - 1. hau: cos=0.9995
2025-08-27 10:10:25,237 - INFO - 2. pcm: cos=0.9994
2025-08-27 10:10:25,237 - INFO - 3. tsn: cos=0.9989
2025-08-27 10:10:25,237 - INFO - 4. luo: cos=0.9988
2025-08-27 10:10:25,237 - INFO - 5. kin: cos=0.9988
2025-08-27 10:10:25,237 - INFO - === Layer 12 (xlmr) — Worst 5 (cosine) ===
2025-08-27 10:10:25,237 - INFO - 1. fon: cos=0.9754
2025-08-27 10:10:25,237 - INFO - 2. zul: cos=0.9895
2025-08-27 10:10:25,237 - INFO - 3. xho: cos=0.9914
2025-08-27 10:10:25,237 - INFO - 4. bam: cos=0.9915
2025-08-27 10:10:25,237 - INFO - 5. ewe: cos=0.9922
2025-08-27 10:10:25,237 - INFO - Experiment finished successfully.
