2025-08-24 11:41:17,603 - INFO - Start: model_type=mbert, run_both=False, use_cls=False, use_context=False, context_window=3, max_tokens_per_type=200, batch_size=32, seed=1, num_middle_layers=3, output_dir=rq2_train_scripts/Embeddings/EXTENDED/outputs/mptc_extended/mbert/config_0_clsfalse_ctxfalse_hybfalse/tokens_200_ctx3
2025-08-24 11:41:18,133 - INFO - mbert: selected layer indices (hidden_states) = [2, 3, 10, 12]22025-08-24 11:41:19,002 - INFO - Processing run22025-08-24 11:41:19,666 - INFO - Processing bam22025-08-24 11:41:20,013 - INFO - Processing bbj2025-08-24 11:41:20,441 - INFO - Processing ewe
2025-08-24 11:41:21,128 - INFO - Processing fon
2025-08-24 11:41:21,803 - INFO - Processing hau
2025-08-24 11:41:22,510 - INFO - Processing ibo
2025-08-24 11:41:23,175 - INFO - Processing kin
2025-08-24 11:41:23,505 - INFO - Processing lug
2025-08-24 11:41:23,911 - INFO - Processing luo
2025-08-24 11:41:24,161 - INFO - Processing mos
2025-08-24 11:41:24,516 - INFO - Processing nya
2025-08-24 11:41:24,851 - INFO - Processing pcm
2025-08-24 11:41:25,131 - INFO - Processing sna
2025-08-24 11:41:25,262 - INFO - Processing swa
2025-08-24 11:41:25,390 - INFO - Processing tsn
2025-08-24 11:41:25,518 - INFO - Processing twi
2025-08-24 11:41:25,669 - INFO - Processing wol
2025-08-24 11:41:25,799 - INFO - Processing xho
2025-08-24 11:41:25,922 - INFO - Processing yor
2025-08-24 11:41:26,074 - INFO - Processing zul
2025-08-24 11:41:26,531 - INFO - Layer 2 (mbert) — Top 5
2025-08-24 11:41:26,531 - INFO - 1. twi: r=0.9369
2025-08-24 11:41:26,531 - INFO - 2. lug: r=0.9364
2025-08-24 11:41:26,531 - INFO - 3. kin: r=0.9360
2025-08-24 11:41:26,531 - INFO - 4. luo: r=0.9343
2025-08-24 11:41:26,531 - INFO - 5. swa: r=0.9317
2025-08-24 11:41:26,531 - INFO - Layer 2 (mbert) — Worst 5
2025-08-24 11:41:26,531 - INFO - 1. bbj: r=0.7751
2025-08-24 11:41:26,531 - INFO - 2. yor: r=0.7916
2025-08-24 11:41:26,531 - INFO - 3. fon: r=0.8497
2025-08-24 11:41:26,531 - INFO - 4. bam: r=0.8635
2025-08-24 11:41:26,531 - INFO - 5. mos: r=0.8721
2025-08-24 11:41:26,651 - INFO - Layer 3 (mbert) — Top 5
2025-08-24 11:41:26,651 - INFO - 1. kin: r=0.9576
2025-08-24 11:41:26,651 - INFO - 2. lug: r=0.9553
2025-08-24 11:41:26,651 - INFO - 3. twi: r=0.9552
2025-08-24 11:41:26,651 - INFO - 4. swa: r=0.9536
2025-08-24 11:41:26,651 - INFO - 5. luo: r=0.9534
2025-08-24 11:41:26,651 - INFO - Layer 3 (mbert) — Worst 5
2025-08-24 11:41:26,651 - INFO - 1. bbj: r=0.8492
2025-08-24 11:41:26,651 - INFO - 2. yor: r=0.8610
2025-08-24 11:41:26,651 - INFO - 3. fon: r=0.8984
2025-08-24 11:41:26,651 - INFO - 4. bam: r=0.9119
2025-08-24 11:41:26,651 - INFO - 5. mos: r=0.9151
2025-08-24 11:41:26,770 - INFO - Layer 10 (mbert) — Top 5
2025-08-24 11:41:26,770 - INFO - 1. kin: r=0.9857
2025-08-24 11:41:26,770 - INFO - 2. twi: r=0.9854
2025-08-24 11:41:26,770 - INFO - 3. swa: r=0.9848
2025-08-24 11:41:26,770 - INFO - 4. luo: r=0.9842
2025-08-24 11:41:26,770 - INFO - 5. lug: r=0.9841
2025-08-24 11:41:26,770 - INFO - Layer 10 (mbert) — Worst 5
2025-08-24 11:41:26,770 - INFO - 1. bbj: r=0.9498
2025-08-24 11:41:26,770 - INFO - 2. yor: r=0.9508
2025-08-24 11:41:26,770 - INFO - 3. mos: r=0.9655
2025-08-24 11:41:26,770 - INFO - 4. fon: r=0.9669
2025-08-24 11:41:26,770 - INFO - 5. xho: r=0.9688
2025-08-24 11:41:26,887 - INFO - Layer 12 (mbert) — Top 5
2025-08-24 11:41:26,887 - INFO - 1. kin: r=0.9415
2025-08-24 11:41:26,887 - INFO - 2. lug: r=0.9401
2025-08-24 11:41:26,887 - INFO - 3. luo: r=0.9376
2025-08-24 11:41:26,887 - INFO - 4. twi: r=0.9373
2025-08-24 11:41:26,887 - INFO - 5. swa: r=0.9335
2025-08-24 11:41:26,887 - INFO - Layer 12 (mbert) — Worst 5
2025-08-24 11:41:26,887 - INFO - 1. yor: r=0.8118
2025-08-24 11:41:26,887 - INFO - 2. bbj: r=0.8192
2025-08-24 11:41:26,887 - INFO - 3. mos: r=0.8774
2025-08-24 11:41:26,887 - INFO - 4. fon: r=0.8800
2025-08-24 11:41:26,887 - INFO - 5. pcm: r=0.8836
2025-08-24 11:41:26,888 - INFO - Experiment finished successfully.

