2025-08-02 22:20:49,361 - INFO - Experiment started with model_type=mbert, use_cls=False, use_context=True, context_window=2, use_hybrid=False, max_tokens_per_type=500, output_dir=rq2_train_scripts/Embeddings/MEXA_inspired_strategy/outputs/combined/mbert/config_2_clsfalse_ctxtrue_hybfalse/tokens_500_ctx2
2025-08-02 22:20:50,573 - INFO - Processing run
2025-08-02 22:20:54,408 - INFO - Processing bam
2025-08-02 22:20:57,868 - INFO - Processing bbj
2025-08-02 22:21:01,744 - INFO - Processing ewe
2025-08-02 22:21:05,591 - INFO - Processing fon
2025-08-02 22:21:09,457 - INFO - Processing hau
2025-08-02 22:21:13,371 - INFO - Processing ibo
2025-08-02 22:21:17,331 - INFO - Processing kin
2025-08-02 22:21:21,249 - INFO - Processing lug
2025-08-02 22:21:25,096 - INFO - Processing luo
2025-08-02 22:21:29,002 - INFO - Processing mos
2025-08-02 22:21:32,883 - INFO - Processing nya
2025-08-02 22:21:36,842 - INFO - Processing pcm
2025-08-02 22:21:40,701 - INFO - Processing sna
2025-08-02 22:21:44,597 - INFO - Processing swa
2025-08-02 22:21:48,480 - INFO - Processing tsn
2025-08-02 22:21:52,327 - INFO - Processing twi
2025-08-02 22:21:56,186 - INFO - Processing wol
2025-08-02 22:22:00,040 - INFO - Processing xho
2025-08-02 22:22:03,910 - INFO - Processing yor
2025-08-02 22:22:07,833 - INFO - Processing zul
2025-08-02 22:22:12,124 - INFO - Top 5 languages most similar to Runyankore:
2025-08-02 22:22:12,124 - INFO - 1. lug - Mean Similarity: 0.9605
2025-08-02 22:22:12,124 - INFO - 2. kin - Mean Similarity: 0.9443
2025-08-02 22:22:12,125 - INFO - 3. nya - Mean Similarity: 0.9202
2025-08-02 22:22:12,125 - INFO - 4. sna - Mean Similarity: 0.9156
2025-08-02 22:22:12,125 - INFO - 5. xho - Mean Similarity: 0.9145
2025-08-02 22:22:12,125 - INFO - Experiment finished successfully.
