2025-08-27 09:49:53,423 - INFO - Start: model_type=xlmr, use_cls=True, use_context=False, context_window=1, max_tokens_per_type=400, batch_size=64, output_dir=rq2_train_scripts/Embeddings/CLEAN/outputs/combined/xlmr/config_1_clstrue_ctxfalse/tokens_400_ctx1/core, save_prototypes=False, seed=42, fp16=True, max_length=96, langs=all, layers=all, span_mode=bio, pool=mean, entity_tags={'LOC', 'DATE', 'ORG', 'PER'}, title_suffix='L=all, tokens=400, ctx=1, cls=true, fp16=true'
2025-08-27 09:49:55,495 - INFO - Processing run
2025-08-27 09:49:55,990 - INFO - Processing bam
2025-08-27 09:49:56,047 - INFO - Processing bbj
2025-08-27 09:49:56,092 - INFO - Processing ewe
2025-08-27 09:49:56,132 - INFO - Processing fon
2025-08-27 09:49:56,187 - INFO - Processing hau
2025-08-27 09:49:56,246 - INFO - Processing ibo
2025-08-27 09:49:56,334 - INFO - Processing kin
2025-08-27 09:49:56,399 - INFO - Processing lug
2025-08-27 09:49:56,458 - INFO - Processing luo
2025-08-27 09:49:56,518 - INFO - Processing mos
2025-08-27 09:49:56,581 - INFO - Processing nya
2025-08-27 09:49:56,644 - INFO - Processing pcm
2025-08-27 09:49:56,697 - INFO - Processing sna
2025-08-27 09:49:56,753 - INFO - Processing swa
2025-08-27 09:49:56,813 - INFO - Processing tsn
2025-08-27 09:49:56,859 - INFO - Processing twi
2025-08-27 09:49:56,913 - INFO - Processing wol
2025-08-27 09:49:56,993 - INFO - Processing xho
2025-08-27 09:49:57,055 - INFO - Processing yor
2025-08-27 09:49:57,135 - INFO - Processing zul
2025-08-27 09:49:57,642 - INFO - === Layer 1 (xlmr) — Top 5 (cosine) ===
2025-08-27 09:49:57,642 - INFO - 1. kin: cos=0.9999
2025-08-27 09:49:57,642 - INFO - 2. luo: cos=0.9999
2025-08-27 09:49:57,642 - INFO - 3. twi: cos=0.9999
2025-08-27 09:49:57,642 - INFO - 4. nya: cos=0.9998
2025-08-27 09:49:57,642 - INFO - 5. ewe: cos=0.9998
2025-08-27 09:49:57,642 - INFO - === Layer 1 (xlmr) — Worst 5 (cosine) ===
2025-08-27 09:49:57,642 - INFO - 1. hau: cos=0.9994
2025-08-27 09:49:57,642 - INFO - 2. pcm: cos=0.9995
2025-08-27 09:49:57,642 - INFO - 3. fon: cos=0.9995
2025-08-27 09:49:57,642 - INFO - 4. bam: cos=0.9995
2025-08-27 09:49:57,642 - INFO - 5. bbj: cos=0.9996
2025-08-27 09:49:57,772 - INFO - === Layer 2 (xlmr) — Top 5 (cosine) ===
2025-08-27 09:49:57,772 - INFO - 1. kin: cos=1.0000
2025-08-27 09:49:57,772 - INFO - 2. luo: cos=1.0000
2025-08-27 09:49:57,772 - INFO - 3. twi: cos=1.0000
2025-08-27 09:49:57,772 - INFO - 4. ewe: cos=1.0000
2025-08-27 09:49:57,772 - INFO - 5. nya: cos=1.0000
2025-08-27 09:49:57,772 - INFO - === Layer 2 (xlmr) — Worst 5 (cosine) ===
2025-08-27 09:49:57,772 - INFO - 1. pcm: cos=0.9999
2025-08-27 09:49:57,772 - INFO - 2. hau: cos=0.9999
2025-08-27 09:49:57,772 - INFO - 3. bam: cos=0.9999
2025-08-27 09:49:57,772 - INFO - 4. bbj: cos=0.9999
2025-08-27 09:49:57,772 - INFO - 5. swa: cos=0.9999
2025-08-27 09:49:57,903 - INFO - === Layer 3 (xlmr) — Top 5 (cosine) ===
2025-08-27 09:49:57,903 - INFO - 1. kin: cos=1.0000
2025-08-27 09:49:57,903 - INFO - 2. luo: cos=1.0000
2025-08-27 09:49:57,903 - INFO - 3. twi: cos=1.0000
2025-08-27 09:49:57,903 - INFO - 4. hau: cos=1.0000
2025-08-27 09:49:57,903 - INFO - 5. ibo: cos=1.0000
2025-08-27 09:49:57,903 - INFO - === Layer 3 (xlmr) — Worst 5 (cosine) ===
2025-08-27 09:49:57,903 - INFO - 1. swa: cos=1.0000
2025-08-27 09:49:57,903 - INFO - 2. pcm: cos=1.0000
2025-08-27 09:49:57,903 - INFO - 3. sna: cos=1.0000
2025-08-27 09:49:57,903 - INFO - 4. bbj: cos=1.0000
2025-08-27 09:49:57,903 - INFO - 5. fon: cos=1.0000
2025-08-27 09:49:58,034 - INFO - === Layer 4 (xlmr) — Top 5 (cosine) ===
2025-08-27 09:49:58,034 - INFO - 1. kin: cos=1.0000
2025-08-27 09:49:58,034 - INFO - 2. twi: cos=1.0000
2025-08-27 09:49:58,034 - INFO - 3. luo: cos=1.0000
2025-08-27 09:49:58,034 - INFO - 4. lug: cos=1.0000
2025-08-27 09:49:58,034 - INFO - 5. zul: cos=1.0000
2025-08-27 09:49:58,034 - INFO - === Layer 4 (xlmr) — Worst 5 (cosine) ===
2025-08-27 09:49:58,034 - INFO - 1. bam: cos=1.0000
2025-08-27 09:49:58,034 - INFO - 2. yor: cos=1.0000
2025-08-27 09:49:58,034 - INFO - 3. hau: cos=1.0000
2025-08-27 09:49:58,034 - INFO - 4. pcm: cos=1.0000
2025-08-27 09:49:58,034 - INFO - 5. wol: cos=1.0000
2025-08-27 09:49:58,162 - INFO - === Layer 5 (xlmr) — Top 5 (cosine) ===
2025-08-27 09:49:58,162 - INFO - 1. twi: cos=1.0000
2025-08-27 09:49:58,162 - INFO - 2. luo: cos=1.0000
2025-08-27 09:49:58,162 - INFO - 3. kin: cos=1.0000
2025-08-27 09:49:58,162 - INFO - 4. zul: cos=1.0000
2025-08-27 09:49:58,162 - INFO - 5. ewe: cos=1.0000
2025-08-27 09:49:58,162 - INFO - === Layer 5 (xlmr) — Worst 5 (cosine) ===
2025-08-27 09:49:58,162 - INFO - 1. hau: cos=1.0000
2025-08-27 09:49:58,162 - INFO - 2. pcm: cos=1.0000
2025-08-27 09:49:58,162 - INFO - 3. fon: cos=1.0000
2025-08-27 09:49:58,162 - INFO - 4. mos: cos=1.0000
2025-08-27 09:49:58,162 - INFO - 5. wol: cos=1.0000
2025-08-27 09:49:58,290 - INFO - === Layer 6 (xlmr) — Top 5 (cosine) ===
2025-08-27 09:49:58,290 - INFO - 1. twi: cos=1.0000
2025-08-27 09:49:58,290 - INFO - 2. ewe: cos=1.0000
2025-08-27 09:49:58,290 - INFO - 3. luo: cos=1.0000
2025-08-27 09:49:58,290 - INFO - 4. kin: cos=1.0000
2025-08-27 09:49:58,291 - INFO - 5. ibo: cos=1.0000
2025-08-27 09:49:58,291 - INFO - === Layer 6 (xlmr) — Worst 5 (cosine) ===
2025-08-27 09:49:58,291 - INFO - 1. pcm: cos=1.0000
2025-08-27 09:49:58,291 - INFO - 2. hau: cos=1.0000
2025-08-27 09:49:58,291 - INFO - 3. nya: cos=1.0000
2025-08-27 09:49:58,291 - INFO - 4. swa: cos=1.0000
2025-08-27 09:49:58,291 - INFO - 5. wol: cos=1.0000
2025-08-27 09:49:58,418 - INFO - === Layer 7 (xlmr) — Top 5 (cosine) ===
2025-08-27 09:49:58,418 - INFO - 1. twi: cos=1.0000
2025-08-27 09:49:58,418 - INFO - 2. kin: cos=1.0000
2025-08-27 09:49:58,418 - INFO - 3. bbj: cos=1.0000
2025-08-27 09:49:58,418 - INFO - 4. fon: cos=1.0000
2025-08-27 09:49:58,418 - INFO - 5. sna: cos=1.0000
2025-08-27 09:49:58,418 - INFO - === Layer 7 (xlmr) — Worst 5 (cosine) ===
2025-08-27 09:49:58,418 - INFO - 1. hau: cos=1.0000
2025-08-27 09:49:58,418 - INFO - 2. pcm: cos=1.0000
2025-08-27 09:49:58,418 - INFO - 3. zul: cos=1.0000
2025-08-27 09:49:58,418 - INFO - 4. nya: cos=1.0000
2025-08-27 09:49:58,418 - INFO - 5. tsn: cos=1.0000
2025-08-27 09:49:58,615 - INFO - === Layer 8 (xlmr) — Top 5 (cosine) ===
2025-08-27 09:49:58,615 - INFO - 1. kin: cos=1.0000
2025-08-27 09:49:58,615 - INFO - 2. ewe: cos=1.0000
2025-08-27 09:49:58,615 - INFO - 3. lug: cos=1.0000
2025-08-27 09:49:58,615 - INFO - 4. luo: cos=1.0000
2025-08-27 09:49:58,615 - INFO - 5. twi: cos=1.0000
2025-08-27 09:49:58,615 - INFO - === Layer 8 (xlmr) — Worst 5 (cosine) ===
2025-08-27 09:49:58,615 - INFO - 1. pcm: cos=0.9999
2025-08-27 09:49:58,615 - INFO - 2. fon: cos=1.0000
2025-08-27 09:49:58,615 - INFO - 3. hau: cos=1.0000
2025-08-27 09:49:58,615 - INFO - 4. sna: cos=1.0000
2025-08-27 09:49:58,615 - INFO - 5. bbj: cos=1.0000
2025-08-27 09:49:58,742 - INFO - === Layer 9 (xlmr) — Top 5 (cosine) ===
2025-08-27 09:49:58,742 - INFO - 1. kin: cos=1.0000
2025-08-27 09:49:58,742 - INFO - 2. ewe: cos=1.0000
2025-08-27 09:49:58,742 - INFO - 3. twi: cos=1.0000
2025-08-27 09:49:58,742 - INFO - 4. luo: cos=1.0000
2025-08-27 09:49:58,742 - INFO - 5. bam: cos=1.0000
2025-08-27 09:49:58,742 - INFO - === Layer 9 (xlmr) — Worst 5 (cosine) ===
2025-08-27 09:49:58,742 - INFO - 1. pcm: cos=1.0000
2025-08-27 09:49:58,742 - INFO - 2. hau: cos=1.0000
2025-08-27 09:49:58,742 - INFO - 3. sna: cos=1.0000
2025-08-27 09:49:58,742 - INFO - 4. nya: cos=1.0000
2025-08-27 09:49:58,742 - INFO - 5. wol: cos=1.0000
2025-08-27 09:49:58,870 - INFO - === Layer 10 (xlmr) — Top 5 (cosine) ===
2025-08-27 09:49:58,870 - INFO - 1. bam: cos=1.0000
2025-08-27 09:49:58,870 - INFO - 2. luo: cos=1.0000
2025-08-27 09:49:58,870 - INFO - 3. twi: cos=1.0000
2025-08-27 09:49:58,870 - INFO - 4. zul: cos=1.0000
2025-08-27 09:49:58,870 - INFO - 5. ewe: cos=1.0000
2025-08-27 09:49:58,870 - INFO - === Layer 10 (xlmr) — Worst 5 (cosine) ===
2025-08-27 09:49:58,870 - INFO - 1. pcm: cos=1.0000
2025-08-27 09:49:58,870 - INFO - 2. yor: cos=1.0000
2025-08-27 09:49:58,870 - INFO - 3. ibo: cos=1.0000
2025-08-27 09:49:58,870 - INFO - 4. fon: cos=1.0000
2025-08-27 09:49:58,870 - INFO - 5. xho: cos=1.0000
2025-08-27 09:49:58,998 - INFO - === Layer 11 (xlmr) — Top 5 (cosine) ===
2025-08-27 09:49:58,998 - INFO - 1. hau: cos=1.0000
2025-08-27 09:49:58,998 - INFO - 2. pcm: cos=1.0000
2025-08-27 09:49:58,998 - INFO - 3. ibo: cos=1.0000
2025-08-27 09:49:58,998 - INFO - 4. twi: cos=1.0000
2025-08-27 09:49:58,998 - INFO - 5. lug: cos=1.0000
2025-08-27 09:49:58,998 - INFO - === Layer 11 (xlmr) — Worst 5 (cosine) ===
2025-08-27 09:49:58,998 - INFO - 1. luo: cos=0.9999
2025-08-27 09:49:58,998 - INFO - 2. bam: cos=0.9999
2025-08-27 09:49:58,998 - INFO - 3. bbj: cos=0.9999
2025-08-27 09:49:58,998 - INFO - 4. sna: cos=1.0000
2025-08-27 09:49:58,998 - INFO - 5. zul: cos=1.0000
2025-08-27 09:49:59,126 - INFO - === Layer 12 (xlmr) — Top 5 (cosine) ===
2025-08-27 09:49:59,127 - INFO - 1. kin: cos=0.9999
2025-08-27 09:49:59,127 - INFO - 2. nya: cos=0.9999
2025-08-27 09:49:59,127 - INFO - 3. ewe: cos=0.9999
2025-08-27 09:49:59,127 - INFO - 4. wol: cos=0.9999
2025-08-27 09:49:59,127 - INFO - 5. luo: cos=0.9999
2025-08-27 09:49:59,127 - INFO - === Layer 12 (xlmr) — Worst 5 (cosine) ===
2025-08-27 09:49:59,127 - INFO - 1. fon: cos=0.9982
2025-08-27 09:49:59,127 - INFO - 2. hau: cos=0.9987
2025-08-27 09:49:59,127 - INFO - 3. pcm: cos=0.9990
2025-08-27 09:49:59,127 - INFO - 4. twi: cos=0.9995
2025-08-27 09:49:59,127 - INFO - 5. tsn: cos=0.9996
2025-08-27 09:49:59,127 - INFO - Experiment finished successfully.
