2025-08-27 17:58:05,430 - INFO - Start: model_type=xlmr, use_cls=True, use_context=True, context_window=1, max_tokens_per_type=400, batch_size=64, output_dir=rq2_train_scripts/Embeddings/CLEAN/outputs/salt/xlmr/config_3_clstrue_ctxtrue/tokens_400_ctx1/core, save_prototypes=False, seed=42, fp16=True, max_length=96, langs=all, layers=all, span_mode=bio, pool=mean, entity_tags={'PER', 'LOC', 'DATE', 'ORG'}, title_suffix='L=all, tokens=400, ctx=1, cls=true, fp16=true'
2025-08-27 17:58:07,340 - INFO - Processing run
2025-08-27 17:58:07,792 - INFO - Processing bam
2025-08-27 17:58:07,844 - INFO - Processing bbj
2025-08-27 17:58:07,889 - INFO - Processing ewe
2025-08-27 17:58:07,945 - INFO - Processing fon
2025-08-27 17:58:08,013 - INFO - Processing hau
2025-08-27 17:58:08,080 - INFO - Processing ibo
2025-08-27 17:58:08,170 - INFO - Processing kin
2025-08-27 17:58:08,235 - INFO - Processing lug
2025-08-27 17:58:08,290 - INFO - Processing luo
2025-08-27 17:58:08,352 - INFO - Processing mos
2025-08-27 17:58:08,413 - INFO - Processing nya
2025-08-27 17:58:08,482 - INFO - Processing pcm
2025-08-27 17:58:08,535 - INFO - Processing sna
2025-08-27 17:58:08,593 - INFO - Processing swa
2025-08-27 17:58:08,657 - INFO - Processing tsn
2025-08-27 17:58:08,703 - INFO - Processing twi
2025-08-27 17:58:08,777 - INFO - Processing wol
2025-08-27 17:58:08,861 - INFO - Processing xho
2025-08-27 17:58:08,914 - INFO - Processing yor
2025-08-27 17:58:08,997 - INFO - Processing zul
2025-08-27 17:58:09,491 - INFO - === Layer 1 (xlmr) — Top 5 (cosine) ===
2025-08-27 17:58:09,491 - INFO - 1. kin: cos=1.0000
2025-08-27 17:58:09,491 - INFO - 2. lug: cos=1.0000
2025-08-27 17:58:09,491 - INFO - 3. tsn: cos=1.0000
2025-08-27 17:58:09,491 - INFO - 4. nya: cos=1.0000
2025-08-27 17:58:09,491 - INFO - 5. sna: cos=1.0000
2025-08-27 17:58:09,491 - INFO - === Layer 1 (xlmr) — Worst 5 (cosine) ===
2025-08-27 17:58:09,491 - INFO - 1. fon: cos=0.9997
2025-08-27 17:58:09,491 - INFO - 2. bam: cos=0.9998
2025-08-27 17:58:09,491 - INFO - 3. hau: cos=0.9998
2025-08-27 17:58:09,491 - INFO - 4. wol: cos=0.9998
2025-08-27 17:58:09,491 - INFO - 5. yor: cos=0.9999
2025-08-27 17:58:09,620 - INFO - === Layer 2 (xlmr) — Top 5 (cosine) ===
2025-08-27 17:58:09,620 - INFO - 1. nya: cos=1.0000
2025-08-27 17:58:09,620 - INFO - 2. kin: cos=1.0000
2025-08-27 17:58:09,620 - INFO - 3. sna: cos=1.0000
2025-08-27 17:58:09,620 - INFO - 4. luo: cos=1.0000
2025-08-27 17:58:09,620 - INFO - 5. xho: cos=1.0000
2025-08-27 17:58:09,620 - INFO - === Layer 2 (xlmr) — Worst 5 (cosine) ===
2025-08-27 17:58:09,620 - INFO - 1. fon: cos=1.0000
2025-08-27 17:58:09,620 - INFO - 2. bam: cos=1.0000
2025-08-27 17:58:09,620 - INFO - 3. hau: cos=1.0000
2025-08-27 17:58:09,620 - INFO - 4. swa: cos=1.0000
2025-08-27 17:58:09,620 - INFO - 5. pcm: cos=1.0000
2025-08-27 17:58:09,742 - INFO - === Layer 3 (xlmr) — Top 5 (cosine) ===
2025-08-27 17:58:09,742 - INFO - 1. xho: cos=1.0000
2025-08-27 17:58:09,742 - INFO - 2. zul: cos=1.0000
2025-08-27 17:58:09,742 - INFO - 3. sna: cos=1.0000
2025-08-27 17:58:09,742 - INFO - 4. kin: cos=1.0000
2025-08-27 17:58:09,742 - INFO - 5. yor: cos=1.0000
2025-08-27 17:58:09,742 - INFO - === Layer 3 (xlmr) — Worst 5 (cosine) ===
2025-08-27 17:58:09,742 - INFO - 1. pcm: cos=1.0000
2025-08-27 17:58:09,742 - INFO - 2. swa: cos=1.0000
2025-08-27 17:58:09,742 - INFO - 3. ewe: cos=1.0000
2025-08-27 17:58:09,742 - INFO - 4. tsn: cos=1.0000
2025-08-27 17:58:09,742 - INFO - 5. luo: cos=1.0000
2025-08-27 17:58:09,883 - INFO - === Layer 4 (xlmr) — Top 5 (cosine) ===
2025-08-27 17:58:09,883 - INFO - 1. lug: cos=1.0000
2025-08-27 17:58:09,883 - INFO - 2. kin: cos=1.0000
2025-08-27 17:58:09,883 - INFO - 3. zul: cos=1.0000
2025-08-27 17:58:09,883 - INFO - 4. sna: cos=1.0000
2025-08-27 17:58:09,883 - INFO - 5. xho: cos=1.0000
2025-08-27 17:58:09,883 - INFO - === Layer 4 (xlmr) — Worst 5 (cosine) ===
2025-08-27 17:58:09,883 - INFO - 1. swa: cos=1.0000
2025-08-27 17:58:09,883 - INFO - 2. pcm: cos=1.0000
2025-08-27 17:58:09,883 - INFO - 3. ewe: cos=1.0000
2025-08-27 17:58:09,883 - INFO - 4. wol: cos=1.0000
2025-08-27 17:58:09,883 - INFO - 5. twi: cos=1.0000
2025-08-27 17:58:10,014 - INFO - === Layer 5 (xlmr) — Top 5 (cosine) ===
2025-08-27 17:58:10,014 - INFO - 1. nya: cos=1.0000
2025-08-27 17:58:10,014 - INFO - 2. lug: cos=1.0000
2025-08-27 17:58:10,014 - INFO - 3. kin: cos=1.0000
2025-08-27 17:58:10,014 - INFO - 4. luo: cos=1.0000
2025-08-27 17:58:10,014 - INFO - 5. sna: cos=1.0000
2025-08-27 17:58:10,014 - INFO - === Layer 5 (xlmr) — Worst 5 (cosine) ===
2025-08-27 17:58:10,014 - INFO - 1. fon: cos=1.0000
2025-08-27 17:58:10,014 - INFO - 2. hau: cos=1.0000
2025-08-27 17:58:10,014 - INFO - 3. pcm: cos=1.0000
2025-08-27 17:58:10,014 - INFO - 4. swa: cos=1.0000
2025-08-27 17:58:10,014 - INFO - 5. twi: cos=1.0000
2025-08-27 17:58:10,143 - INFO - === Layer 6 (xlmr) — Top 5 (cosine) ===
2025-08-27 17:58:10,143 - INFO - 1. nya: cos=1.0000
2025-08-27 17:58:10,143 - INFO - 2. lug: cos=1.0000
2025-08-27 17:58:10,143 - INFO - 3. luo: cos=1.0000
2025-08-27 17:58:10,143 - INFO - 4. wol: cos=1.0000
2025-08-27 17:58:10,143 - INFO - 5. sna: cos=1.0000
2025-08-27 17:58:10,143 - INFO - === Layer 6 (xlmr) — Worst 5 (cosine) ===
2025-08-27 17:58:10,143 - INFO - 1. fon: cos=1.0000
2025-08-27 17:58:10,143 - INFO - 2. hau: cos=1.0000
2025-08-27 17:58:10,143 - INFO - 3. pcm: cos=1.0000
2025-08-27 17:58:10,143 - INFO - 4. swa: cos=1.0000
2025-08-27 17:58:10,143 - INFO - 5. bbj: cos=1.0000
2025-08-27 17:58:10,271 - INFO - === Layer 7 (xlmr) — Top 5 (cosine) ===
2025-08-27 17:58:10,271 - INFO - 1. luo: cos=1.0000
2025-08-27 17:58:10,271 - INFO - 2. bam: cos=1.0000
2025-08-27 17:58:10,271 - INFO - 3. zul: cos=1.0000
2025-08-27 17:58:10,271 - INFO - 4. xho: cos=1.0000
2025-08-27 17:58:10,271 - INFO - 5. ibo: cos=1.0000
2025-08-27 17:58:10,271 - INFO - === Layer 7 (xlmr) — Worst 5 (cosine) ===
2025-08-27 17:58:10,271 - INFO - 1. hau: cos=1.0000
2025-08-27 17:58:10,271 - INFO - 2. fon: cos=1.0000
2025-08-27 17:58:10,271 - INFO - 3. bbj: cos=1.0000
2025-08-27 17:58:10,271 - INFO - 4. twi: cos=1.0000
2025-08-27 17:58:10,271 - INFO - 5. ewe: cos=1.0000
2025-08-27 17:58:10,399 - INFO - === Layer 8 (xlmr) — Top 5 (cosine) ===
2025-08-27 17:58:10,400 - INFO - 1. nya: cos=1.0000
2025-08-27 17:58:10,400 - INFO - 2. kin: cos=1.0000
2025-08-27 17:58:10,400 - INFO - 3. xho: cos=1.0000
2025-08-27 17:58:10,400 - INFO - 4. mos: cos=1.0000
2025-08-27 17:58:10,400 - INFO - 5. sna: cos=1.0000
2025-08-27 17:58:10,400 - INFO - === Layer 8 (xlmr) — Worst 5 (cosine) ===
2025-08-27 17:58:10,400 - INFO - 1. hau: cos=0.9999
2025-08-27 17:58:10,400 - INFO - 2. pcm: cos=1.0000
2025-08-27 17:58:10,400 - INFO - 3. bam: cos=1.0000
2025-08-27 17:58:10,400 - INFO - 4. bbj: cos=1.0000
2025-08-27 17:58:10,400 - INFO - 5. twi: cos=1.0000
2025-08-27 17:58:10,598 - INFO - === Layer 9 (xlmr) — Top 5 (cosine) ===
2025-08-27 17:58:10,598 - INFO - 1. mos: cos=1.0000
2025-08-27 17:58:10,598 - INFO - 2. ewe: cos=1.0000
2025-08-27 17:58:10,598 - INFO - 3. luo: cos=1.0000
2025-08-27 17:58:10,598 - INFO - 4. kin: cos=1.0000
2025-08-27 17:58:10,598 - INFO - 5. sna: cos=1.0000
2025-08-27 17:58:10,598 - INFO - === Layer 9 (xlmr) — Worst 5 (cosine) ===
2025-08-27 17:58:10,598 - INFO - 1. hau: cos=1.0000
2025-08-27 17:58:10,598 - INFO - 2. pcm: cos=1.0000
2025-08-27 17:58:10,598 - INFO - 3. bam: cos=1.0000
2025-08-27 17:58:10,598 - INFO - 4. lug: cos=1.0000
2025-08-27 17:58:10,598 - INFO - 5. bbj: cos=1.0000
2025-08-27 17:58:10,726 - INFO - === Layer 10 (xlmr) — Top 5 (cosine) ===
2025-08-27 17:58:10,726 - INFO - 1. fon: cos=1.0000
2025-08-27 17:58:10,727 - INFO - 2. twi: cos=1.0000
2025-08-27 17:58:10,727 - INFO - 3. sna: cos=1.0000
2025-08-27 17:58:10,727 - INFO - 4. yor: cos=1.0000
2025-08-27 17:58:10,727 - INFO - 5. ibo: cos=1.0000
2025-08-27 17:58:10,727 - INFO - === Layer 10 (xlmr) — Worst 5 (cosine) ===
2025-08-27 17:58:10,727 - INFO - 1. hau: cos=1.0000
2025-08-27 17:58:10,727 - INFO - 2. lug: cos=1.0000
2025-08-27 17:58:10,727 - INFO - 3. bbj: cos=1.0000
2025-08-27 17:58:10,727 - INFO - 4. bam: cos=1.0000
2025-08-27 17:58:10,727 - INFO - 5. swa: cos=1.0000
2025-08-27 17:58:10,857 - INFO - === Layer 11 (xlmr) — Top 5 (cosine) ===
2025-08-27 17:58:10,857 - INFO - 1. ewe: cos=1.0000
2025-08-27 17:58:10,857 - INFO - 2. mos: cos=1.0000
2025-08-27 17:58:10,857 - INFO - 3. bam: cos=1.0000
2025-08-27 17:58:10,857 - INFO - 4. zul: cos=1.0000
2025-08-27 17:58:10,857 - INFO - 5. xho: cos=1.0000
2025-08-27 17:58:10,857 - INFO - === Layer 11 (xlmr) — Worst 5 (cosine) ===
2025-08-27 17:58:10,857 - INFO - 1. luo: cos=0.9999
2025-08-27 17:58:10,857 - INFO - 2. yor: cos=0.9999
2025-08-27 17:58:10,857 - INFO - 3. swa: cos=0.9999
2025-08-27 17:58:10,857 - INFO - 4. lug: cos=1.0000
2025-08-27 17:58:10,857 - INFO - 5. nya: cos=1.0000
2025-08-27 17:58:10,986 - INFO - === Layer 12 (xlmr) — Top 5 (cosine) ===
2025-08-27 17:58:10,986 - INFO - 1. mos: cos=0.9995
2025-08-27 17:58:10,986 - INFO - 2. pcm: cos=0.9993
2025-08-27 17:58:10,986 - INFO - 3. lug: cos=0.9990
2025-08-27 17:58:10,986 - INFO - 4. sna: cos=0.9989
2025-08-27 17:58:10,986 - INFO - 5. luo: cos=0.9987
2025-08-27 17:58:10,986 - INFO - === Layer 12 (xlmr) — Worst 5 (cosine) ===
2025-08-27 17:58:10,986 - INFO - 1. zul: cos=0.9880
2025-08-27 17:58:10,986 - INFO - 2. xho: cos=0.9938
2025-08-27 17:58:10,986 - INFO - 3. tsn: cos=0.9951
2025-08-27 17:58:10,986 - INFO - 4. fon: cos=0.9960
2025-08-27 17:58:10,986 - INFO - 5. kin: cos=0.9967
2025-08-27 17:58:10,987 - INFO - Experiment finished successfully.
