2025-08-24 10:23:52,052 - INFO - Start: model_type=xlmr, run_both=False, use_cls=False, use_context=False, context_window=2, max_tokens_per_type=300, batch_size=32, seed=1, num_middle_layers=3, output_dir=rq2_train_scripts/Embeddings/EXTENDED/outputs/combined_extended/xlmr/config_0_clsfalse_ctxfalse_hybfalse/tokens_300_ctx2
2025-08-24 10:23:52,605 - INFO - xlmr: selected layer indices (hidden_states) = [2, 3, 10, 12]
2025-08-24 10:23:54,302 - INFO - Processing run
2025-08-24 10:23:59,183 - INFO - Processing bam
2025-08-24 10:24:03,690 - INFO - Processing bbj
2025-08-24 10:24:08,270 - INFO - Processing ewe
2025-08-24 10:24:12,547 - INFO - Processing fon
2025-08-24 10:24:16,953 - INFO - Processing hau
2025-08-24 10:24:21,459 - INFO - Processing ibo
2025-08-24 10:24:26,117 - INFO - Processing kin
2025-08-24 10:24:30,695 - INFO - Processing lug
2025-08-24 10:24:35,280 - INFO - Processing luo
2025-08-24 10:24:39,855 - INFO - Processing mos
2025-08-24 10:24:44,587 - INFO - Processing nya
2025-08-24 10:24:49,138 - INFO - Processing pcm
2025-08-24 10:24:53,662 - INFO - Processing sna
2025-08-24 10:24:58,184 - INFO - Processing swa
2025-08-24 10:25:02,833 - INFO - Processing tsn
2025-08-24 10:25:07,038 - INFO - Processing twi
2025-08-24 10:25:10,308 - INFO - Processing wol
2025-08-24 10:25:14,723 - INFO - Processing xho
2025-08-24 10:25:19,200 - INFO - Processing yor
2025-08-24 10:25:23,815 - INFO - Processing zul
2025-08-24 10:25:28,654 - INFO - Layer 2 (xlmr) — Top 5
2025-08-24 10:25:28,654 - INFO - 1. kin: r=0.9884
2025-08-24 10:25:28,654 - INFO - 2. twi: r=0.9881
2025-08-24 10:25:28,654 - INFO - 3. luo: r=0.9860
2025-08-24 10:25:28,654 - INFO - 4. tsn: r=0.9854
2025-08-24 10:25:28,654 - INFO - 5. ibo: r=0.9853
2025-08-24 10:25:28,654 - INFO - Layer 2 (xlmr) — Worst 5
2025-08-24 10:25:28,654 - INFO - 1. fon: r=0.9712
2025-08-24 10:25:28,654 - INFO - 2. hau: r=0.9724
2025-08-24 10:25:28,654 - INFO - 3. bbj: r=0.9736
2025-08-24 10:25:28,655 - INFO - 4. bam: r=0.9747
2025-08-24 10:25:28,655 - INFO - 5. yor: r=0.9751
2025-08-24 10:25:28,771 - INFO - Layer 3 (xlmr) — Top 5
2025-08-24 10:25:28,771 - INFO - 1. kin: r=0.9920
2025-08-24 10:25:28,771 - INFO - 2. twi: r=0.9909
2025-08-24 10:25:28,771 - INFO - 3. luo: r=0.9899
2025-08-24 10:25:28,771 - INFO - 4. tsn: r=0.9896
2025-08-24 10:25:28,771 - INFO - 5. lug: r=0.9888
2025-08-24 10:25:28,771 - INFO - Layer 3 (xlmr) — Worst 5
2025-08-24 10:25:28,771 - INFO - 1. hau: r=0.9793
2025-08-24 10:25:28,771 - INFO - 2. fon: r=0.9794
2025-08-24 10:25:28,771 - INFO - 3. bbj: r=0.9810
2025-08-24 10:25:28,771 - INFO - 4. bam: r=0.9821
2025-08-24 10:25:28,771 - INFO - 5. yor: r=0.9834
2025-08-24 10:25:28,888 - INFO - Layer 10 (xlmr) — Top 5
2025-08-24 10:25:28,888 - INFO - 1. kin: r=0.9925
2025-08-24 10:25:28,888 - INFO - 2. twi: r=0.9919
2025-08-24 10:25:28,888 - INFO - 3. lug: r=0.9895
2025-08-24 10:25:28,888 - INFO - 4. luo: r=0.9891
2025-08-24 10:25:28,888 - INFO - 5. sna: r=0.9887
2025-08-24 10:25:28,888 - INFO - Layer 10 (xlmr) — Worst 5
2025-08-24 10:25:28,888 - INFO - 1. bbj: r=0.9785
2025-08-24 10:25:28,888 - INFO - 2. bam: r=0.9798
2025-08-24 10:25:28,888 - INFO - 3. pcm: r=0.9810
2025-08-24 10:25:28,888 - INFO - 4. hau: r=0.9815
2025-08-24 10:25:28,888 - INFO - 5. nya: r=0.9817
2025-08-24 10:25:29,004 - INFO - Layer 12 (xlmr) — Top 5
2025-08-24 10:25:29,004 - INFO - 1. kin: r=0.9994
2025-08-24 10:25:29,004 - INFO - 2. luo: r=0.9993
2025-08-24 10:25:29,004 - INFO - 3. twi: r=0.9993
2025-08-24 10:25:29,004 - INFO - 4. lug: r=0.9992
2025-08-24 10:25:29,004 - INFO - 5. ibo: r=0.9992
2025-08-24 10:25:29,004 - INFO - Layer 12 (xlmr) — Worst 5
2025-08-24 10:25:29,004 - INFO - 1. nya: r=0.9985
2025-08-24 10:25:29,005 - INFO - 2. fon: r=0.9986
2025-08-24 10:25:29,005 - INFO - 3. bbj: r=0.9986
2025-08-24 10:25:29,005 - INFO - 4. yor: r=0.9987
2025-08-24 10:25:29,005 - INFO - 5. bam: r=0.9987
2025-08-24 10:25:29,005 - INFO - Experiment finished successfully.
