2025-08-02 20:14:32,773 - INFO - Experiment started with model_type=xlmr, use_cls=True, use_context=True, context_window=0, use_hybrid=True, max_tokens_per_type=300, output_dir=rq2_train_scripts/Embeddings/MEXA_inspired_strategy/outputs/salt/xlmr/config_7_clstrue_ctxtrue_hybtrue/tokens_300_ctx0
2025-08-02 20:14:34,630 - INFO - Processing run
2025-08-02 20:14:43,808 - INFO - Processing bam
2025-08-02 20:14:52,125 - INFO - Processing bbj
2025-08-02 20:15:00,400 - INFO - Processing ewe
2025-08-02 20:15:08,561 - INFO - Processing fon
2025-08-02 20:15:17,094 - INFO - Processing hau
2025-08-02 20:15:25,072 - INFO - Processing ibo
2025-08-02 20:15:33,512 - INFO - Processing kin
2025-08-02 20:15:42,367 - INFO - Processing lug
2025-08-02 20:15:51,674 - INFO - Processing luo
2025-08-02 20:15:59,905 - INFO - Processing mos
2025-08-02 20:16:08,100 - INFO - Processing nya
2025-08-02 20:16:16,696 - INFO - Processing pcm
2025-08-02 20:16:25,438 - INFO - Processing sna
2025-08-02 20:16:34,380 - INFO - Processing swa
2025-08-02 20:16:43,590 - INFO - Processing tsn
2025-08-02 20:16:52,374 - INFO - Processing twi
2025-08-02 20:17:01,274 - INFO - Processing wol
2025-08-02 20:17:09,548 - INFO - Processing xho
2025-08-02 20:17:18,579 - INFO - Processing yor
2025-08-02 20:17:26,616 - INFO - Processing zul
2025-08-02 20:17:35,416 - INFO - Top 5 languages most similar to Runyankore:
2025-08-02 20:17:35,416 - INFO - 1. lug - Mean Similarity: 0.9420
2025-08-02 20:17:35,416 - INFO - 2. tsn - Mean Similarity: 0.9204
2025-08-02 20:17:35,416 - INFO - 3. luo - Mean Similarity: 0.9204
2025-08-02 20:17:35,416 - INFO - 4. nya - Mean Similarity: 0.9177
2025-08-02 20:17:35,416 - INFO - 5. kin - Mean Similarity: 0.9160
2025-08-02 20:17:35,416 - INFO - Experiment finished successfully.
