2025-08-27 10:09:17,187 - INFO - Start: model_type=xlmr, use_cls=True, use_context=True, context_window=2, max_tokens_per_type=400, batch_size=64, output_dir=rq2_train_scripts/Embeddings/CLEAN/outputs/salt/xlmr/config_3_clstrue_ctxtrue/tokens_400_ctx2/core, save_prototypes=False, seed=42, fp16=True, max_length=96, langs=all, layers=all, span_mode=bio, pool=mean, entity_tags={'PER', 'ORG', 'LOC', 'DATE'}, title_suffix='L=all, tokens=400, ctx=2, cls=true, fp16=true'
2025-08-27 10:09:19,464 - INFO - Processing run
2025-08-27 10:09:19,890 - INFO - Processing bam
2025-08-27 10:09:19,945 - INFO - Processing bbj
2025-08-27 10:09:20,001 - INFO - Processing ewe
2025-08-27 10:09:20,082 - INFO - Processing fon
2025-08-27 10:09:20,147 - INFO - Processing hau
2025-08-27 10:09:20,207 - INFO - Processing ibo
2025-08-27 10:09:20,303 - INFO - Processing kin
2025-08-27 10:09:20,370 - INFO - Processing lug
2025-08-27 10:09:20,427 - INFO - Processing luo
2025-08-27 10:09:20,487 - INFO - Processing mos
2025-08-27 10:09:20,553 - INFO - Processing nya
2025-08-27 10:09:20,618 - INFO - Processing pcm
2025-08-27 10:09:20,684 - INFO - Processing sna
2025-08-27 10:09:20,744 - INFO - Processing swa
2025-08-27 10:09:20,809 - INFO - Processing tsn
2025-08-27 10:09:20,856 - INFO - Processing twi
2025-08-27 10:09:20,927 - INFO - Processing wol
2025-08-27 10:09:20,992 - INFO - Processing xho
2025-08-27 10:09:21,038 - INFO - Processing yor
2025-08-27 10:09:21,122 - INFO - Processing zul
2025-08-27 10:09:21,603 - INFO - === Layer 1 (xlmr) — Top 5 (cosine) ===
2025-08-27 10:09:21,603 - INFO - 1. kin: cos=1.0000
2025-08-27 10:09:21,603 - INFO - 2. lug: cos=1.0000
2025-08-27 10:09:21,603 - INFO - 3. nya: cos=1.0000
2025-08-27 10:09:21,603 - INFO - 4. sna: cos=1.0000
2025-08-27 10:09:21,603 - INFO - 5. tsn: cos=1.0000
2025-08-27 10:09:21,603 - INFO - === Layer 1 (xlmr) — Worst 5 (cosine) ===
2025-08-27 10:09:21,603 - INFO - 1. fon: cos=0.9997
2025-08-27 10:09:21,603 - INFO - 2. bam: cos=0.9998
2025-08-27 10:09:21,603 - INFO - 3. hau: cos=0.9999
2025-08-27 10:09:21,603 - INFO - 4. ewe: cos=0.9999
2025-08-27 10:09:21,603 - INFO - 5. ibo: cos=0.9999
2025-08-27 10:09:21,730 - INFO - === Layer 2 (xlmr) — Top 5 (cosine) ===
2025-08-27 10:09:21,730 - INFO - 1. kin: cos=1.0000
2025-08-27 10:09:21,730 - INFO - 2. nya: cos=1.0000
2025-08-27 10:09:21,730 - INFO - 3. sna: cos=1.0000
2025-08-27 10:09:21,730 - INFO - 4. lug: cos=1.0000
2025-08-27 10:09:21,730 - INFO - 5. tsn: cos=1.0000
2025-08-27 10:09:21,730 - INFO - === Layer 2 (xlmr) — Worst 5 (cosine) ===
2025-08-27 10:09:21,730 - INFO - 1. fon: cos=1.0000
2025-08-27 10:09:21,730 - INFO - 2. bam: cos=1.0000
2025-08-27 10:09:21,730 - INFO - 3. hau: cos=1.0000
2025-08-27 10:09:21,730 - INFO - 4. swa: cos=1.0000
2025-08-27 10:09:21,730 - INFO - 5. pcm: cos=1.0000
2025-08-27 10:09:21,859 - INFO - === Layer 3 (xlmr) — Top 5 (cosine) ===
2025-08-27 10:09:21,859 - INFO - 1. sna: cos=1.0000
2025-08-27 10:09:21,859 - INFO - 2. xho: cos=1.0000
2025-08-27 10:09:21,859 - INFO - 3. kin: cos=1.0000
2025-08-27 10:09:21,859 - INFO - 4. nya: cos=1.0000
2025-08-27 10:09:21,859 - INFO - 5. lug: cos=1.0000
2025-08-27 10:09:21,859 - INFO - === Layer 3 (xlmr) — Worst 5 (cosine) ===
2025-08-27 10:09:21,859 - INFO - 1. pcm: cos=1.0000
2025-08-27 10:09:21,859 - INFO - 2. swa: cos=1.0000
2025-08-27 10:09:21,859 - INFO - 3. fon: cos=1.0000
2025-08-27 10:09:21,859 - INFO - 4. ewe: cos=1.0000
2025-08-27 10:09:21,859 - INFO - 5. luo: cos=1.0000
2025-08-27 10:09:21,988 - INFO - === Layer 4 (xlmr) — Top 5 (cosine) ===
2025-08-27 10:09:21,988 - INFO - 1. nya: cos=1.0000
2025-08-27 10:09:21,988 - INFO - 2. lug: cos=1.0000
2025-08-27 10:09:21,988 - INFO - 3. zul: cos=1.0000
2025-08-27 10:09:21,988 - INFO - 4. kin: cos=1.0000
2025-08-27 10:09:21,988 - INFO - 5. sna: cos=1.0000
2025-08-27 10:09:21,988 - INFO - === Layer 4 (xlmr) — Worst 5 (cosine) ===
2025-08-27 10:09:21,988 - INFO - 1. pcm: cos=1.0000
2025-08-27 10:09:21,988 - INFO - 2. swa: cos=1.0000
2025-08-27 10:09:21,988 - INFO - 3. hau: cos=1.0000
2025-08-27 10:09:21,988 - INFO - 4. ewe: cos=1.0000
2025-08-27 10:09:21,988 - INFO - 5. twi: cos=1.0000
2025-08-27 10:09:22,115 - INFO - === Layer 5 (xlmr) — Top 5 (cosine) ===
2025-08-27 10:09:22,115 - INFO - 1. lug: cos=1.0000
2025-08-27 10:09:22,115 - INFO - 2. sna: cos=1.0000
2025-08-27 10:09:22,115 - INFO - 3. nya: cos=1.0000
2025-08-27 10:09:22,115 - INFO - 4. kin: cos=1.0000
2025-08-27 10:09:22,115 - INFO - 5. xho: cos=1.0000
2025-08-27 10:09:22,115 - INFO - === Layer 5 (xlmr) — Worst 5 (cosine) ===
2025-08-27 10:09:22,115 - INFO - 1. fon: cos=1.0000
2025-08-27 10:09:22,115 - INFO - 2. bam: cos=1.0000
2025-08-27 10:09:22,115 - INFO - 3. pcm: cos=1.0000
2025-08-27 10:09:22,115 - INFO - 4. twi: cos=1.0000
2025-08-27 10:09:22,115 - INFO - 5. swa: cos=1.0000
2025-08-27 10:09:22,244 - INFO - === Layer 6 (xlmr) — Top 5 (cosine) ===
2025-08-27 10:09:22,244 - INFO - 1. sna: cos=1.0000
2025-08-27 10:09:22,244 - INFO - 2. lug: cos=1.0000
2025-08-27 10:09:22,244 - INFO - 3. nya: cos=1.0000
2025-08-27 10:09:22,244 - INFO - 4. xho: cos=1.0000
2025-08-27 10:09:22,244 - INFO - 5. tsn: cos=1.0000
2025-08-27 10:09:22,244 - INFO - === Layer 6 (xlmr) — Worst 5 (cosine) ===
2025-08-27 10:09:22,244 - INFO - 1. fon: cos=1.0000
2025-08-27 10:09:22,244 - INFO - 2. bam: cos=1.0000
2025-08-27 10:09:22,244 - INFO - 3. pcm: cos=1.0000
2025-08-27 10:09:22,244 - INFO - 4. twi: cos=1.0000
2025-08-27 10:09:22,244 - INFO - 5. swa: cos=1.0000
2025-08-27 10:09:22,372 - INFO - === Layer 7 (xlmr) — Top 5 (cosine) ===
2025-08-27 10:09:22,372 - INFO - 1. ibo: cos=1.0000
2025-08-27 10:09:22,372 - INFO - 2. xho: cos=1.0000
2025-08-27 10:09:22,372 - INFO - 3. lug: cos=1.0000
2025-08-27 10:09:22,372 - INFO - 4. pcm: cos=1.0000
2025-08-27 10:09:22,372 - INFO - 5. bam: cos=1.0000
2025-08-27 10:09:22,372 - INFO - === Layer 7 (xlmr) — Worst 5 (cosine) ===
2025-08-27 10:09:22,372 - INFO - 1. hau: cos=1.0000
2025-08-27 10:09:22,372 - INFO - 2. ewe: cos=1.0000
2025-08-27 10:09:22,372 - INFO - 3. twi: cos=1.0000
2025-08-27 10:09:22,372 - INFO - 4. swa: cos=1.0000
2025-08-27 10:09:22,372 - INFO - 5. nya: cos=1.0000
2025-08-27 10:09:22,570 - INFO - === Layer 8 (xlmr) — Top 5 (cosine) ===
2025-08-27 10:09:22,570 - INFO - 1. kin: cos=1.0000
2025-08-27 10:09:22,570 - INFO - 2. nya: cos=1.0000
2025-08-27 10:09:22,570 - INFO - 3. xho: cos=1.0000
2025-08-27 10:09:22,570 - INFO - 4. lug: cos=1.0000
2025-08-27 10:09:22,570 - INFO - 5. sna: cos=1.0000
2025-08-27 10:09:22,570 - INFO - === Layer 8 (xlmr) — Worst 5 (cosine) ===
2025-08-27 10:09:22,570 - INFO - 1. yor: cos=1.0000
2025-08-27 10:09:22,570 - INFO - 2. mos: cos=1.0000
2025-08-27 10:09:22,570 - INFO - 3. bbj: cos=1.0000
2025-08-27 10:09:22,570 - INFO - 4. hau: cos=1.0000
2025-08-27 10:09:22,570 - INFO - 5. bam: cos=1.0000
2025-08-27 10:09:22,702 - INFO - === Layer 9 (xlmr) — Top 5 (cosine) ===
2025-08-27 10:09:22,702 - INFO - 1. fon: cos=1.0000
2025-08-27 10:09:22,702 - INFO - 2. nya: cos=1.0000
2025-08-27 10:09:22,702 - INFO - 3. tsn: cos=1.0000
2025-08-27 10:09:22,702 - INFO - 4. swa: cos=1.0000
2025-08-27 10:09:22,702 - INFO - 5. hau: cos=1.0000
2025-08-27 10:09:22,702 - INFO - === Layer 9 (xlmr) — Worst 5 (cosine) ===
2025-08-27 10:09:22,702 - INFO - 1. bam: cos=1.0000
2025-08-27 10:09:22,702 - INFO - 2. yor: cos=1.0000
2025-08-27 10:09:22,702 - INFO - 3. luo: cos=1.0000
2025-08-27 10:09:22,702 - INFO - 4. zul: cos=1.0000
2025-08-27 10:09:22,702 - INFO - 5. mos: cos=1.0000
2025-08-27 10:09:22,834 - INFO - === Layer 10 (xlmr) — Top 5 (cosine) ===
2025-08-27 10:09:22,834 - INFO - 1. ibo: cos=1.0000
2025-08-27 10:09:22,834 - INFO - 2. fon: cos=1.0000
2025-08-27 10:09:22,834 - INFO - 3. wol: cos=1.0000
2025-08-27 10:09:22,834 - INFO - 4. kin: cos=1.0000
2025-08-27 10:09:22,834 - INFO - 5. ewe: cos=1.0000
2025-08-27 10:09:22,834 - INFO - === Layer 10 (xlmr) — Worst 5 (cosine) ===
2025-08-27 10:09:22,834 - INFO - 1. pcm: cos=1.0000
2025-08-27 10:09:22,834 - INFO - 2. swa: cos=1.0000
2025-08-27 10:09:22,834 - INFO - 3. tsn: cos=1.0000
2025-08-27 10:09:22,834 - INFO - 4. lug: cos=1.0000
2025-08-27 10:09:22,834 - INFO - 5. bbj: cos=1.0000
2025-08-27 10:09:22,967 - INFO - === Layer 11 (xlmr) — Top 5 (cosine) ===
2025-08-27 10:09:22,967 - INFO - 1. xho: cos=1.0000
2025-08-27 10:09:22,967 - INFO - 2. ewe: cos=1.0000
2025-08-27 10:09:22,967 - INFO - 3. sna: cos=1.0000
2025-08-27 10:09:22,967 - INFO - 4. twi: cos=1.0000
2025-08-27 10:09:22,967 - INFO - 5. zul: cos=1.0000
2025-08-27 10:09:22,967 - INFO - === Layer 11 (xlmr) — Worst 5 (cosine) ===
2025-08-27 10:09:22,967 - INFO - 1. yor: cos=0.9999
2025-08-27 10:09:22,967 - INFO - 2. nya: cos=0.9999
2025-08-27 10:09:22,967 - INFO - 3. swa: cos=0.9999
2025-08-27 10:09:22,968 - INFO - 4. luo: cos=0.9999
2025-08-27 10:09:22,968 - INFO - 5. tsn: cos=0.9999
2025-08-27 10:09:23,108 - INFO - === Layer 12 (xlmr) — Top 5 (cosine) ===
2025-08-27 10:09:23,108 - INFO - 1. pcm: cos=0.9995
2025-08-27 10:09:23,108 - INFO - 2. sna: cos=0.9992
2025-08-27 10:09:23,108 - INFO - 3. mos: cos=0.9990
2025-08-27 10:09:23,108 - INFO - 4. lug: cos=0.9989
2025-08-27 10:09:23,108 - INFO - 5. swa: cos=0.9984
2025-08-27 10:09:23,108 - INFO - === Layer 12 (xlmr) — Worst 5 (cosine) ===
2025-08-27 10:09:23,108 - INFO - 1. zul: cos=0.9816
2025-08-27 10:09:23,108 - INFO - 2. fon: cos=0.9911
2025-08-27 10:09:23,108 - INFO - 3. xho: cos=0.9923
2025-08-27 10:09:23,108 - INFO - 4. yor: cos=0.9954
2025-08-27 10:09:23,108 - INFO - 5. ewe: cos=0.9954
2025-08-27 10:09:23,109 - INFO - Experiment finished successfully.
ly.
