2025-08-02 23:22:03,738 - INFO - Experiment started with model_type=mbert, use_cls=False, use_context=True, context_window=2, use_hybrid=True, max_tokens_per_type=400, output_dir=rq2_train_scripts/Embeddings/MEXA_inspired_strategy/outputs/combined/mbert/config_6_clsfalse_ctxtrue_hybtrue/tokens_400_ctx2
2025-08-02 23:22:04,938 - INFO - Processing run
2025-08-02 23:22:08,179 - INFO - Processing bam
2025-08-02 23:22:11,009 - INFO - Processing bbj
2025-08-02 23:22:14,068 - INFO - Processing ewe
2025-08-02 23:22:17,118 - INFO - Processing fon
2025-08-02 23:22:20,206 - INFO - Processing hau
2025-08-02 23:22:23,282 - INFO - Processing ibo
2025-08-02 23:22:26,401 - INFO - Processing kin
2025-08-02 23:22:29,489 - INFO - Processing lug
2025-08-02 23:22:32,552 - INFO - Processing luo
2025-08-02 23:22:35,634 - INFO - Processing mos
2025-08-02 23:22:38,706 - INFO - Processing nya
2025-08-02 23:22:41,795 - INFO - Processing pcm
2025-08-02 23:22:44,862 - INFO - Processing sna
2025-08-02 23:22:47,949 - INFO - Processing swa
2025-08-02 23:22:51,040 - INFO - Processing tsn
2025-08-02 23:22:54,102 - INFO - Processing twi
2025-08-02 23:22:57,169 - INFO - Processing wol
2025-08-02 23:23:00,244 - INFO - Processing xho
2025-08-02 23:23:03,311 - INFO - Processing yor
2025-08-02 23:23:06,424 - INFO - Processing zul
2025-08-02 23:23:09,958 - INFO - Top 5 languages most similar to Runyankore:
2025-08-02 23:23:09,958 - INFO - 1. lug - Mean Similarity: 0.6378
2025-08-02 23:23:09,958 - INFO - 2. kin - Mean Similarity: 0.6032
2025-08-02 23:23:09,958 - INFO - 3. nya - Mean Similarity: 0.5766
2025-08-02 23:23:09,958 - INFO - 4. xho - Mean Similarity: 0.5715
2025-08-02 23:23:09,958 - INFO - 5. sna - Mean Similarity: 0.5696
2025-08-02 23:23:09,958 - INFO - Experiment finished successfully.
