2025-08-02 17:09:39,383 - INFO - Experiment started with model_type=xlmr, use_cls=False, use_context=False, context_window=3, use_hybrid=True, max_tokens_per_type=200, output_dir=rq2_train_scripts/Embeddings/MEXA_inspired_strategy/outputs/salt/xlmr/config_3_clsfalse_ctxfalse_hybtrue/tokens_200_ctx3
2025-08-02 17:09:41,229 - INFO - Processing run
2025-08-02 17:09:47,185 - INFO - Processing bam
2025-08-02 17:09:52,873 - INFO - Processing bbj
2025-08-02 17:09:58,198 - INFO - Processing ewe
2025-08-02 17:10:03,947 - INFO - Processing fon
2025-08-02 17:10:09,754 - INFO - Processing hau
2025-08-02 17:10:15,081 - INFO - Processing ibo
2025-08-02 17:10:20,450 - INFO - Processing kin
2025-08-02 17:10:26,007 - INFO - Processing lug
2025-08-02 17:10:31,534 - INFO - Processing luo
2025-08-02 17:10:36,875 - INFO - Processing mos
2025-08-02 17:10:42,429 - INFO - Processing nya
2025-08-02 17:10:48,055 - INFO - Processing pcm
2025-08-02 17:10:53,881 - INFO - Processing sna
2025-08-02 17:10:59,424 - INFO - Processing swa
2025-08-02 17:11:04,921 - INFO - Processing tsn
2025-08-02 17:11:10,601 - INFO - Processing twi
2025-08-02 17:11:16,268 - INFO - Processing wol
2025-08-02 17:11:22,165 - INFO - Processing xho
2025-08-02 17:11:28,376 - INFO - Processing yor
2025-08-02 17:11:33,975 - INFO - Processing zul
2025-08-02 17:11:39,978 - INFO - Top 5 languages most similar to Runyankore:
2025-08-02 17:11:39,978 - INFO - 1. lug - Mean Similarity: 0.8234
2025-08-02 17:11:39,978 - INFO - 2. kin - Mean Similarity: 0.8123
2025-08-02 17:11:39,978 - INFO - 3. luo - Mean Similarity: 0.8096
2025-08-02 17:11:39,978 - INFO - 4. ibo - Mean Similarity: 0.8055
2025-08-02 17:11:39,978 - INFO - 5. twi - Mean Similarity: 0.8024
2025-08-02 17:11:39,978 - INFO - Experiment finished successfully.
