2025-08-24 11:50:00,940 - INFO - Start: model_type=mbert, run_both=False, use_cls=True, use_context=True, context_window=2, max_tokens_per_type=400, batch_size=32, seed=1, num_middle_layers=3, output_dir=rq2_train_scripts/Embeddings/EXTENDED/outputs/mptc_extended/mbert/config_4_clstrue_ctxtrue_hybfalse/tokens_400_ctx2
2025-08-24 11:50:01,455 - INFO - mbert: selected layer indices (hidden_states) = [2, 3, 10, 12]
2025-08-24 11:50:02,339 - INFO - Processing run
2025-08-24 11:50:02,859 - INFO - Processing bam
2025-08-24 11:50:02,975 - INFO - Processing bbj
2025-08-24 11:50:03,075 - INFO - Processing ewe
2025-08-24 11:50:03,199 - INFO - Processing fon
2025-08-24 11:50:03,348 - INFO - Processing hau
2025-08-24 11:50:03,493 - INFO - Processing ibo
2025-08-24 11:50:03,662 - INFO - Processing kin
2025-08-24 11:50:03,833 - INFO - Processing lug
2025-08-24 11:50:03,978 - INFO - Processing luo
2025-08-24 11:50:04,112 - INFO - Processing mos
2025-08-24 11:50:04,245 - INFO - Processing nya
2025-08-24 11:50:04,398 - INFO - Processing pcm
2025-08-24 11:50:04,522 - INFO - Processing sna
2025-08-24 11:50:04,669 - INFO - Processing swa
2025-08-24 11:50:04,807 - INFO - Processing tsn
2025-08-24 11:50:04,937 - INFO - Processing twi
2025-08-24 11:50:05,069 - INFO - Processing wol
2025-08-24 11:50:05,173 - INFO - Processing xho
2025-08-24 11:50:05,305 - INFO - Processing yor
2025-08-24 11:50:05,452 - INFO - Processing zul
2025-08-24 11:50:05,799 - INFO - Layer 2 (mbert) — Top 5
2025-08-24 11:50:05,799 - INFO - 1. lug: r=0.9999
2025-08-24 11:50:05,799 - INFO - 2. hau: r=0.9999
2025-08-24 11:50:05,799 - INFO - 3. nya: r=0.9999
2025-08-24 11:50:05,799 - INFO - 4. zul: r=0.9999
2025-08-24 11:50:05,799 - INFO - 5. sna: r=0.9999
2025-08-24 11:50:05,799 - INFO - Layer 2 (mbert) — Worst 5
2025-08-24 11:50:05,799 - INFO - 1. yor: r=0.9998
2025-08-24 11:50:05,799 - INFO - 2. fon: r=0.9998
2025-08-24 11:50:05,799 - INFO - 3. pcm: r=0.9998
2025-08-24 11:50:05,799 - INFO - 4. bbj: r=0.9999
2025-08-24 11:50:05,799 - INFO - 5. ewe: r=0.9999
2025-08-24 11:50:05,946 - INFO - Layer 3 (mbert) — Top 5
2025-08-24 11:50:05,946 - INFO - 1. lug: r=1.0000
2025-08-24 11:50:05,946 - INFO - 2. zul: r=1.0000
2025-08-24 11:50:05,946 - INFO - 3. nya: r=1.0000
2025-08-24 11:50:05,946 - INFO - 4. hau: r=1.0000
2025-08-24 11:50:05,946 - INFO - 5. sna: r=1.0000
2025-08-24 11:50:05,946 - INFO - Layer 3 (mbert) — Worst 5
2025-08-24 11:50:05,946 - INFO - 1. pcm: r=0.9999
2025-08-24 11:50:05,946 - INFO - 2. yor: r=0.9999
2025-08-24 11:50:05,946 - INFO - 3. fon: r=0.9999
2025-08-24 11:50:05,946 - INFO - 4. bbj: r=0.9999
2025-08-24 11:50:05,946 - INFO - 5. ewe: r=1.0000
2025-08-24 11:50:06,067 - INFO - Layer 10 (mbert) — Top 5
2025-08-24 11:50:06,068 - INFO - 1. lug: r=0.9838
2025-08-24 11:50:06,068 - INFO - 2. nya: r=0.9817
2025-08-24 11:50:06,068 - INFO - 3. sna: r=0.9812
2025-08-24 11:50:06,068 - INFO - 4. kin: r=0.9808
2025-08-24 11:50:06,068 - INFO - 5. hau: r=0.9766
2025-08-24 11:50:06,068 - INFO - Layer 10 (mbert) — Worst 5
2025-08-24 11:50:06,068 - INFO - 1. pcm: r=0.9551
2025-08-24 11:50:06,068 - INFO - 2. fon: r=0.9562
2025-08-24 11:50:06,068 - INFO - 3. bbj: r=0.9586
2025-08-24 11:50:06,068 - INFO - 4. yor: r=0.9617
2025-08-24 11:50:06,068 - INFO - 5. swa: r=0.9676
2025-08-24 11:50:06,212 - INFO - Layer 12 (mbert) — Top 5
2025-08-24 11:50:06,212 - INFO - 1. lug: r=0.9832
2025-08-24 11:50:06,212 - INFO - 2. nya: r=0.9831
2025-08-24 11:50:06,212 - INFO - 3. kin: r=0.9824
2025-08-24 11:50:06,212 - INFO - 4. sna: r=0.9817
2025-08-24 11:50:06,212 - INFO - 5. xho: r=0.9764
2025-08-24 11:50:06,212 - INFO - Layer 12 (mbert) — Worst 5
2025-08-24 11:50:06,212 - INFO - 1. bbj: r=0.9115
2025-08-24 11:50:06,212 - INFO - 2. fon: r=0.9145
2025-08-24 11:50:06,212 - INFO - 3. pcm: r=0.9401
2025-08-24 11:50:06,212 - INFO - 4. yor: r=0.9508
2025-08-24 11:50:06,212 - INFO - 5. mos: r=0.9618
2025-08-24 11:50:06,213 - INFO - Experiment finished successfully.
