2025-08-27 10:08:59,201 - INFO - Start: model_type=xlmr, use_cls=True, use_context=True, context_window=2, max_tokens_per_type=300, batch_size=64, output_dir=rq2_train_scripts/Embeddings/CLEAN/outputs/salt/xlmr/config_3_clstrue_ctxtrue/tokens_300_ctx2/core, save_prototypes=False, seed=42, fp16=True, max_length=96, langs=all, layers=all, span_mode=bio, pool=mean, entity_tags={'PER', 'LOC', 'DATE', 'ORG'}, title_suffix='L=all, tokens=300, ctx=2, cls=true, fp16=true'
2025-08-27 10:09:01,283 - INFO - Processing run
2025-08-27 10:09:01,694 - INFO - Processing bam
2025-08-27 10:09:01,782 - INFO - Processing bbj
2025-08-27 10:09:01,825 - INFO - Processing ewe
2025-08-27 10:09:01,871 - INFO - Processing fon
2025-08-27 10:09:01,929 - INFO - Processing hau
2025-08-27 10:09:01,997 - INFO - Processing ibo
2025-08-27 10:09:02,093 - INFO - Processing kin
2025-08-27 10:09:02,163 - INFO - Processing lug
2025-08-27 10:09:02,213 - INFO - Processing luo
2025-08-27 10:09:02,276 - INFO - Processing mos
2025-08-27 10:09:02,338 - INFO - Processing nya
2025-08-27 10:09:02,407 - INFO - Processing pcm
2025-08-27 10:09:02,463 - INFO - Processing sna
2025-08-27 10:09:02,520 - INFO - Processing swa
2025-08-27 10:09:02,585 - INFO - Processing tsn
2025-08-27 10:09:02,630 - INFO - Processing twi
2025-08-27 10:09:02,687 - INFO - Processing wol
2025-08-27 10:09:02,745 - INFO - Processing xho
2025-08-27 10:09:02,791 - INFO - Processing yor
2025-08-27 10:09:02,921 - INFO - Processing zul
2025-08-27 10:09:03,416 - INFO - === Layer 1 (xlmr) — Top 5 (cosine) ===
2025-08-27 10:09:03,416 - INFO - 1. lug: cos=1.0000
2025-08-27 10:09:03,416 - INFO - 2. kin: cos=1.0000
2025-08-27 10:09:03,416 - INFO - 3. nya: cos=1.0000
2025-08-27 10:09:03,416 - INFO - 4. sna: cos=1.0000
2025-08-27 10:09:03,416 - INFO - 5. tsn: cos=1.0000
2025-08-27 10:09:03,416 - INFO - === Layer 1 (xlmr) — Worst 5 (cosine) ===
2025-08-27 10:09:03,416 - INFO - 1. fon: cos=0.9997
2025-08-27 10:09:03,416 - INFO - 2. bam: cos=0.9998
2025-08-27 10:09:03,416 - INFO - 3. ewe: cos=0.9999
2025-08-27 10:09:03,416 - INFO - 4. hau: cos=0.9999
2025-08-27 10:09:03,416 - INFO - 5. ibo: cos=0.9999
2025-08-27 10:09:03,545 - INFO - === Layer 2 (xlmr) — Top 5 (cosine) ===
2025-08-27 10:09:03,545 - INFO - 1. kin: cos=1.0000
2025-08-27 10:09:03,545 - INFO - 2. sna: cos=1.0000
2025-08-27 10:09:03,545 - INFO - 3. nya: cos=1.0000
2025-08-27 10:09:03,545 - INFO - 4. lug: cos=1.0000
2025-08-27 10:09:03,545 - INFO - 5. tsn: cos=1.0000
2025-08-27 10:09:03,545 - INFO - === Layer 2 (xlmr) — Worst 5 (cosine) ===
2025-08-27 10:09:03,545 - INFO - 1. fon: cos=1.0000
2025-08-27 10:09:03,545 - INFO - 2. bam: cos=1.0000
2025-08-27 10:09:03,545 - INFO - 3. hau: cos=1.0000
2025-08-27 10:09:03,545 - INFO - 4. swa: cos=1.0000
2025-08-27 10:09:03,545 - INFO - 5. pcm: cos=1.0000
2025-08-27 10:09:03,675 - INFO - === Layer 3 (xlmr) — Top 5 (cosine) ===
2025-08-27 10:09:03,675 - INFO - 1. sna: cos=1.0000
2025-08-27 10:09:03,675 - INFO - 2. kin: cos=1.0000
2025-08-27 10:09:03,675 - INFO - 3. xho: cos=1.0000
2025-08-27 10:09:03,675 - INFO - 4. lug: cos=1.0000
2025-08-27 10:09:03,675 - INFO - 5. zul: cos=1.0000
2025-08-27 10:09:03,675 - INFO - === Layer 3 (xlmr) — Worst 5 (cosine) ===
2025-08-27 10:09:03,675 - INFO - 1. pcm: cos=1.0000
2025-08-27 10:09:03,675 - INFO - 2. swa: cos=1.0000
2025-08-27 10:09:03,675 - INFO - 3. fon: cos=1.0000
2025-08-27 10:09:03,675 - INFO - 4. ewe: cos=1.0000
2025-08-27 10:09:03,675 - INFO - 5. bam: cos=1.0000
2025-08-27 10:09:03,817 - INFO - === Layer 4 (xlmr) — Top 5 (cosine) ===
2025-08-27 10:09:03,817 - INFO - 1. sna: cos=1.0000
2025-08-27 10:09:03,817 - INFO - 2. nya: cos=1.0000
2025-08-27 10:09:03,817 - INFO - 3. mos: cos=1.0000
2025-08-27 10:09:03,817 - INFO - 4. zul: cos=1.0000
2025-08-27 10:09:03,817 - INFO - 5. lug: cos=1.0000
2025-08-27 10:09:03,817 - INFO - === Layer 4 (xlmr) — Worst 5 (cosine) ===
2025-08-27 10:09:03,817 - INFO - 1. pcm: cos=1.0000
2025-08-27 10:09:03,817 - INFO - 2. swa: cos=1.0000
2025-08-27 10:09:03,817 - INFO - 3. wol: cos=1.0000
2025-08-27 10:09:03,817 - INFO - 4. ewe: cos=1.0000
2025-08-27 10:09:03,817 - INFO - 5. twi: cos=1.0000
2025-08-27 10:09:03,948 - INFO - === Layer 5 (xlmr) — Top 5 (cosine) ===
2025-08-27 10:09:03,948 - INFO - 1. lug: cos=1.0000
2025-08-27 10:09:03,948 - INFO - 2. sna: cos=1.0000
2025-08-27 10:09:03,948 - INFO - 3. nya: cos=1.0000
2025-08-27 10:09:03,948 - INFO - 4. kin: cos=1.0000
2025-08-27 10:09:03,948 - INFO - 5. xho: cos=1.0000
2025-08-27 10:09:03,948 - INFO - === Layer 5 (xlmr) — Worst 5 (cosine) ===
2025-08-27 10:09:03,948 - INFO - 1. fon: cos=1.0000
2025-08-27 10:09:03,948 - INFO - 2. bam: cos=1.0000
2025-08-27 10:09:03,948 - INFO - 3. pcm: cos=1.0000
2025-08-27 10:09:03,948 - INFO - 4. swa: cos=1.0000
2025-08-27 10:09:03,948 - INFO - 5. twi: cos=1.0000
2025-08-27 10:09:04,078 - INFO - === Layer 6 (xlmr) — Top 5 (cosine) ===
2025-08-27 10:09:04,078 - INFO - 1. lug: cos=1.0000
2025-08-27 10:09:04,078 - INFO - 2. sna: cos=1.0000
2025-08-27 10:09:04,078 - INFO - 3. xho: cos=1.0000
2025-08-27 10:09:04,078 - INFO - 4. nya: cos=1.0000
2025-08-27 10:09:04,078 - INFO - 5. ibo: cos=1.0000
2025-08-27 10:09:04,078 - INFO - === Layer 6 (xlmr) — Worst 5 (cosine) ===
2025-08-27 10:09:04,078 - INFO - 1. fon: cos=1.0000
2025-08-27 10:09:04,078 - INFO - 2. bam: cos=1.0000
2025-08-27 10:09:04,078 - INFO - 3. twi: cos=1.0000
2025-08-27 10:09:04,078 - INFO - 4. pcm: cos=1.0000
2025-08-27 10:09:04,078 - INFO - 5. swa: cos=1.0000
2025-08-27 10:09:04,210 - INFO - === Layer 7 (xlmr) — Top 5 (cosine) ===
2025-08-27 10:09:04,210 - INFO - 1. hau: cos=1.0000
2025-08-27 10:09:04,210 - INFO - 2. twi: cos=1.0000
2025-08-27 10:09:04,210 - INFO - 3. pcm: cos=1.0000
2025-08-27 10:09:04,210 - INFO - 4. sna: cos=1.0000
2025-08-27 10:09:04,210 - INFO - 5. ewe: cos=1.0000
2025-08-27 10:09:04,210 - INFO - === Layer 7 (xlmr) — Worst 5 (cosine) ===
2025-08-27 10:09:04,210 - INFO - 1. yor: cos=1.0000
2025-08-27 10:09:04,210 - INFO - 2. luo: cos=1.0000
2025-08-27 10:09:04,211 - INFO - 3. zul: cos=1.0000
2025-08-27 10:09:04,211 - INFO - 4. kin: cos=1.0000
2025-08-27 10:09:04,211 - INFO - 5. swa: cos=1.0000
2025-08-27 10:09:04,484 - INFO - === Layer 8 (xlmr) — Top 5 (cosine) ===
2025-08-27 10:09:04,484 - INFO - 1. sna: cos=1.0000
2025-08-27 10:09:04,484 - INFO - 2. lug: cos=1.0000
2025-08-27 10:09:04,484 - INFO - 3. hau: cos=1.0000
2025-08-27 10:09:04,484 - INFO - 4. nya: cos=1.0000
2025-08-27 10:09:04,484 - INFO - 5. xho: cos=1.0000
2025-08-27 10:09:04,484 - INFO - === Layer 8 (xlmr) — Worst 5 (cosine) ===
2025-08-27 10:09:04,484 - INFO - 1. mos: cos=1.0000
2025-08-27 10:09:04,484 - INFO - 2. yor: cos=1.0000
2025-08-27 10:09:04,485 - INFO - 3. bbj: cos=1.0000
2025-08-27 10:09:04,485 - INFO - 4. twi: cos=1.0000
2025-08-27 10:09:04,485 - INFO - 5. bam: cos=1.0000
2025-08-27 10:09:04,616 - INFO - === Layer 9 (xlmr) — Top 5 (cosine) ===
2025-08-27 10:09:04,616 - INFO - 1. sna: cos=1.0000
2025-08-27 10:09:04,616 - INFO - 2. lug: cos=1.0000
2025-08-27 10:09:04,616 - INFO - 3. pcm: cos=1.0000
2025-08-27 10:09:04,616 - INFO - 4. fon: cos=1.0000
2025-08-27 10:09:04,616 - INFO - 5. bbj: cos=1.0000
2025-08-27 10:09:04,616 - INFO - === Layer 9 (xlmr) — Worst 5 (cosine) ===
2025-08-27 10:09:04,616 - INFO - 1. yor: cos=1.0000
2025-08-27 10:09:04,616 - INFO - 2. bam: cos=1.0000
2025-08-27 10:09:04,616 - INFO - 3. zul: cos=1.0000
2025-08-27 10:09:04,616 - INFO - 4. luo: cos=1.0000
2025-08-27 10:09:04,616 - INFO - 5. kin: cos=1.0000
2025-08-27 10:09:04,769 - INFO - === Layer 10 (xlmr) — Top 5 (cosine) ===
2025-08-27 10:09:04,769 - INFO - 1. fon: cos=1.0000
2025-08-27 10:09:04,769 - INFO - 2. twi: cos=1.0000
2025-08-27 10:09:04,769 - INFO - 3. ewe: cos=1.0000
2025-08-27 10:09:04,769 - INFO - 4. hau: cos=1.0000
2025-08-27 10:09:04,769 - INFO - 5. kin: cos=1.0000
2025-08-27 10:09:04,769 - INFO - === Layer 10 (xlmr) — Worst 5 (cosine) ===
2025-08-27 10:09:04,769 - INFO - 1. pcm: cos=1.0000
2025-08-27 10:09:04,769 - INFO - 2. tsn: cos=1.0000
2025-08-27 10:09:04,769 - INFO - 3. swa: cos=1.0000
2025-08-27 10:09:04,769 - INFO - 4. bam: cos=1.0000
2025-08-27 10:09:04,769 - INFO - 5. lug: cos=1.0000
2025-08-27 10:09:04,906 - INFO - === Layer 11 (xlmr) — Top 5 (cosine) ===
2025-08-27 10:09:04,906 - INFO - 1. lug: cos=1.0000
2025-08-27 10:09:04,906 - INFO - 2. zul: cos=1.0000
2025-08-27 10:09:04,906 - INFO - 3. xho: cos=1.0000
2025-08-27 10:09:04,906 - INFO - 4. ewe: cos=1.0000
2025-08-27 10:09:04,906 - INFO - 5. sna: cos=1.0000
2025-08-27 10:09:04,906 - INFO - === Layer 11 (xlmr) — Worst 5 (cosine) ===
2025-08-27 10:09:04,906 - INFO - 1. yor: cos=0.9999
2025-08-27 10:09:04,906 - INFO - 2. swa: cos=0.9999
2025-08-27 10:09:04,906 - INFO - 3. ibo: cos=0.9999
2025-08-27 10:09:04,906 - INFO - 4. tsn: cos=0.9999
2025-08-27 10:09:04,906 - INFO - 5. fon: cos=0.9999
2025-08-27 10:09:05,038 - INFO - === Layer 12 (xlmr) — Top 5 (cosine) ===
2025-08-27 10:09:05,038 - INFO - 1. pcm: cos=0.9997
2025-08-27 10:09:05,038 - INFO - 2. sna: cos=0.9994
2025-08-27 10:09:05,038 - INFO - 3. lug: cos=0.9987
2025-08-27 10:09:05,038 - INFO - 4. luo: cos=0.9986
2025-08-27 10:09:05,038 - INFO - 5. swa: cos=0.9984
2025-08-27 10:09:05,038 - INFO - === Layer 12 (xlmr) — Worst 5 (cosine) ===
2025-08-27 10:09:05,038 - INFO - 1. fon: cos=0.9910
2025-08-27 10:09:05,038 - INFO - 2. xho: cos=0.9949
2025-08-27 10:09:05,038 - INFO - 3. yor: cos=0.9954
2025-08-27 10:09:05,038 - INFO - 4. bam: cos=0.9958
2025-08-27 10:09:05,038 - INFO - 5. ibo: cos=0.9959
2025-08-27 10:09:05,039 - INFO - Experiment finished successfully.
