2025-08-27 07:56:41,540 - INFO - Start: model_type=mbert, use_cls=True, use_context=True, context_window=2, max_tokens_per_type=200, batch_size=64, output_dir=rq2_train_scripts/Embeddings/CLEAN/outputs/mptc/mbert/config_3_clstrue_ctxtrue/tokens_200_ctx2, save_prototypes=False, seed=42, fp16=True, max_length=96, langs=all, layers=all, span_mode=bio, pool=mean, entity_tags={'LOC', 'PER', 'ORG', 'DATE'}, title_suffix='L=all, tokens=200, ctx=2, cls=true, fp16=true'
2025-08-27 07:56:43,483 - INFO - Processing run
2025-08-27 07:56:43,931 - INFO - Processing bam
2025-08-27 07:56:43,977 - INFO - Processing bbj
2025-08-27 07:56:44,007 - INFO - Processing ewe
2025-08-27 07:56:44,043 - INFO - Processing fon
2025-08-27 07:56:44,097 - INFO - Processing hau
2025-08-27 07:56:44,151 - INFO - Processing ibo
2025-08-27 07:56:44,228 - INFO - Processing kin
2025-08-27 07:56:44,287 - INFO - Processing lug
2025-08-27 07:56:44,336 - INFO - Processing luo
2025-08-27 07:56:44,390 - INFO - Processing mos
2025-08-27 07:56:44,441 - INFO - Processing nya
2025-08-27 07:56:44,500 - INFO - Processing pcm
2025-08-27 07:56:44,549 - INFO - Processing sna
2025-08-27 07:56:44,598 - INFO - Processing swa
2025-08-27 07:56:44,654 - INFO - Processing tsn
2025-08-27 07:56:44,694 - INFO - Processing twi
2025-08-27 07:56:44,742 - INFO - Processing wol
2025-08-27 07:56:44,790 - INFO - Processing xho
2025-08-27 07:56:44,836 - INFO - Processing yor
2025-08-27 07:56:44,923 - INFO - Processing zul
2025-08-27 07:56:45,315 - INFO - === Layer 1 (mbert) — Top 5 (cosine) ===
2025-08-27 07:56:45,315 - INFO - 1. xho: cos=0.9997
2025-08-27 07:56:45,316 - INFO - 2. lug: cos=0.9997
2025-08-27 07:56:45,316 - INFO - 3. zul: cos=0.9997
2025-08-27 07:56:45,316 - INFO - 4. hau: cos=0.9996
2025-08-27 07:56:45,316 - INFO - 5. tsn: cos=0.9996
2025-08-27 07:56:45,316 - INFO - === Layer 1 (mbert) — Worst 5 (cosine) ===
2025-08-27 07:56:45,316 - INFO - 1. yor: cos=0.9987
2025-08-27 07:56:45,316 - INFO - 2. pcm: cos=0.9987
2025-08-27 07:56:45,316 - INFO - 3. fon: cos=0.9990
2025-08-27 07:56:45,316 - INFO - 4. bbj: cos=0.9990
2025-08-27 07:56:45,316 - INFO - 5. bam: cos=0.9994
2025-08-27 07:56:45,448 - INFO - === Layer 2 (mbert) — Top 5 (cosine) ===
2025-08-27 07:56:45,448 - INFO - 1. lug: cos=0.9999
2025-08-27 07:56:45,448 - INFO - 2. zul: cos=0.9999
2025-08-27 07:56:45,448 - INFO - 3. hau: cos=0.9999
2025-08-27 07:56:45,448 - INFO - 4. nya: cos=0.9999
2025-08-27 07:56:45,448 - INFO - 5. xho: cos=0.9999
2025-08-27 07:56:45,448 - INFO - === Layer 2 (mbert) — Worst 5 (cosine) ===
2025-08-27 07:56:45,448 - INFO - 1. yor: cos=0.9998
2025-08-27 07:56:45,448 - INFO - 2. fon: cos=0.9998
2025-08-27 07:56:45,448 - INFO - 3. pcm: cos=0.9998
2025-08-27 07:56:45,448 - INFO - 4. bbj: cos=0.9998
2025-08-27 07:56:45,448 - INFO - 5. tsn: cos=0.9999
2025-08-27 07:56:45,582 - INFO - === Layer 3 (mbert) — Top 5 (cosine) ===
2025-08-27 07:56:45,582 - INFO - 1. hau: cos=1.0000
2025-08-27 07:56:45,582 - INFO - 2. nya: cos=1.0000
2025-08-27 07:56:45,582 - INFO - 3. xho: cos=1.0000
2025-08-27 07:56:45,582 - INFO - 4. lug: cos=1.0000
2025-08-27 07:56:45,582 - INFO - 5. zul: cos=1.0000
2025-08-27 07:56:45,582 - INFO - === Layer 3 (mbert) — Worst 5 (cosine) ===
2025-08-27 07:56:45,582 - INFO - 1. pcm: cos=0.9999
2025-08-27 07:56:45,582 - INFO - 2. bbj: cos=0.9999
2025-08-27 07:56:45,582 - INFO - 3. yor: cos=0.9999
2025-08-27 07:56:45,582 - INFO - 4. fon: cos=0.9999
2025-08-27 07:56:45,582 - INFO - 5. ewe: cos=0.9999
2025-08-27 07:56:45,712 - INFO - === Layer 4 (mbert) — Top 5 (cosine) ===
2025-08-27 07:56:45,712 - INFO - 1. sna: cos=0.9999
2025-08-27 07:56:45,713 - INFO - 2. xho: cos=0.9999
2025-08-27 07:56:45,713 - INFO - 3. kin: cos=0.9999
2025-08-27 07:56:45,713 - INFO - 4. zul: cos=0.9999
2025-08-27 07:56:45,713 - INFO - 5. hau: cos=0.9999
2025-08-27 07:56:45,713 - INFO - === Layer 4 (mbert) — Worst 5 (cosine) ===
2025-08-27 07:56:45,713 - INFO - 1. pcm: cos=0.9994
2025-08-27 07:56:45,713 - INFO - 2. yor: cos=0.9996
2025-08-27 07:56:45,713 - INFO - 3. bbj: cos=0.9997
2025-08-27 07:56:45,713 - INFO - 4. ewe: cos=0.9997
2025-08-27 07:56:45,713 - INFO - 5. swa: cos=0.9997
2025-08-27 07:56:45,865 - INFO - === Layer 5 (mbert) — Top 5 (cosine) ===
2025-08-27 07:56:45,866 - INFO - 1. sna: cos=0.9916
2025-08-27 07:56:45,866 - INFO - 2. hau: cos=0.9898
2025-08-27 07:56:45,866 - INFO - 3. twi: cos=0.9876
2025-08-27 07:56:45,866 - INFO - 4. xho: cos=0.9874
2025-08-27 07:56:45,866 - INFO - 5. lug: cos=0.9869
2025-08-27 07:56:45,866 - INFO - === Layer 5 (mbert) — Worst 5 (cosine) ===
2025-08-27 07:56:45,866 - INFO - 1. bbj: cos=0.9654
2025-08-27 07:56:45,866 - INFO - 2. swa: cos=0.9720
2025-08-27 07:56:45,866 - INFO - 3. yor: cos=0.9737
2025-08-27 07:56:45,866 - INFO - 4. pcm: cos=0.9775
2025-08-27 07:56:45,866 - INFO - 5. bam: cos=0.9793
2025-08-27 07:56:46,063 - INFO - === Layer 6 (mbert) — Top 5 (cosine) ===
2025-08-27 07:56:46,063 - INFO - 1. sna: cos=0.9868
2025-08-27 07:56:46,063 - INFO - 2. hau: cos=0.9858
2025-08-27 07:56:46,063 - INFO - 3. xho: cos=0.9823
2025-08-27 07:56:46,063 - INFO - 4. lug: cos=0.9815
2025-08-27 07:56:46,063 - INFO - 5. mos: cos=0.9808
2025-08-27 07:56:46,063 - INFO - === Layer 6 (mbert) — Worst 5 (cosine) ===
2025-08-27 07:56:46,063 - INFO - 1. bbj: cos=0.9508
2025-08-27 07:56:46,063 - INFO - 2. swa: cos=0.9591
2025-08-27 07:56:46,063 - INFO - 3. pcm: cos=0.9604
2025-08-27 07:56:46,063 - INFO - 4. yor: cos=0.9607
2025-08-27 07:56:46,063 - INFO - 5. ewe: cos=0.9639
2025-08-27 07:56:46,191 - INFO - === Layer 7 (mbert) — Top 5 (cosine) ===
2025-08-27 07:56:46,191 - INFO - 1. hau: cos=0.9829
2025-08-27 07:56:46,191 - INFO - 2. sna: cos=0.9816
2025-08-27 07:56:46,191 - INFO - 3. lug: cos=0.9810
2025-08-27 07:56:46,191 - INFO - 4. twi: cos=0.9776
2025-08-27 07:56:46,191 - INFO - 5. mos: cos=0.9764
2025-08-27 07:56:46,191 - INFO - === Layer 7 (mbert) — Worst 5 (cosine) ===
2025-08-27 07:56:46,191 - INFO - 1. bam: cos=0.9429
2025-08-27 07:56:46,191 - INFO - 2. swa: cos=0.9467
2025-08-27 07:56:46,191 - INFO - 3. bbj: cos=0.9510
2025-08-27 07:56:46,191 - INFO - 4. pcm: cos=0.9520
2025-08-27 07:56:46,191 - INFO - 5. luo: cos=0.9571
2025-08-27 07:56:46,320 - INFO - === Layer 8 (mbert) — Top 5 (cosine) ===
2025-08-27 07:56:46,320 - INFO - 1. hau: cos=0.9768
2025-08-27 07:56:46,320 - INFO - 2. lug: cos=0.9745
2025-08-27 07:56:46,320 - INFO - 3. sna: cos=0.9728
2025-08-27 07:56:46,320 - INFO - 4. twi: cos=0.9713
2025-08-27 07:56:46,320 - INFO - 5. nya: cos=0.9675
2025-08-27 07:56:46,320 - INFO - === Layer 8 (mbert) — Worst 5 (cosine) ===
2025-08-27 07:56:46,320 - INFO - 1. swa: cos=0.9277
2025-08-27 07:56:46,320 - INFO - 2. bam: cos=0.9298
2025-08-27 07:56:46,320 - INFO - 3. ewe: cos=0.9345
2025-08-27 07:56:46,320 - INFO - 4. pcm: cos=0.9357
2025-08-27 07:56:46,320 - INFO - 5. bbj: cos=0.9408
2025-08-27 07:56:46,448 - INFO - === Layer 9 (mbert) — Top 5 (cosine) ===
2025-08-27 07:56:46,448 - INFO - 1. lug: cos=0.9795
2025-08-27 07:56:46,448 - INFO - 2. hau: cos=0.9773
2025-08-27 07:56:46,448 - INFO - 3. ibo: cos=0.9764
2025-08-27 07:56:46,448 - INFO - 4. sna: cos=0.9763
2025-08-27 07:56:46,448 - INFO - 5. twi: cos=0.9756
2025-08-27 07:56:46,448 - INFO - === Layer 9 (mbert) — Worst 5 (cosine) ===
2025-08-27 07:56:46,448 - INFO - 1. pcm: cos=0.9314
2025-08-27 07:56:46,448 - INFO - 2. bam: cos=0.9366
2025-08-27 07:56:46,448 - INFO - 3. swa: cos=0.9394
2025-08-27 07:56:46,448 - INFO - 4. ewe: cos=0.9461
2025-08-27 07:56:46,448 - INFO - 5. bbj: cos=0.9507
2025-08-27 07:56:46,577 - INFO - === Layer 10 (mbert) — Top 5 (cosine) ===
2025-08-27 07:56:46,578 - INFO - 1. lug: cos=0.9827
2025-08-27 07:56:46,578 - INFO - 2. ibo: cos=0.9790
2025-08-27 07:56:46,578 - INFO - 3. nya: cos=0.9784
2025-08-27 07:56:46,578 - INFO - 4. sna: cos=0.9779
2025-08-27 07:56:46,578 - INFO - 5. hau: cos=0.9775
2025-08-27 07:56:46,578 - INFO - === Layer 10 (mbert) — Worst 5 (cosine) ===
2025-08-27 07:56:46,578 - INFO - 1. pcm: cos=0.9385
2025-08-27 07:56:46,578 - INFO - 2. bam: cos=0.9443
2025-08-27 07:56:46,578 - INFO - 3. kin: cos=0.9518
2025-08-27 07:56:46,578 - INFO - 4. ewe: cos=0.9539
2025-08-27 07:56:46,578 - INFO - 5. bbj: cos=0.9545
2025-08-27 07:56:46,708 - INFO - === Layer 11 (mbert) — Top 5 (cosine) ===
2025-08-27 07:56:46,708 - INFO - 1. lug: cos=0.9880
2025-08-27 07:56:46,708 - INFO - 2. sna: cos=0.9828
2025-08-27 07:56:46,708 - INFO - 3. kin: cos=0.9824
2025-08-27 07:56:46,708 - INFO - 4. hau: cos=0.9817
2025-08-27 07:56:46,708 - INFO - 5. ibo: cos=0.9804
2025-08-27 07:56:46,708 - INFO - === Layer 11 (mbert) — Worst 5 (cosine) ===
2025-08-27 07:56:46,708 - INFO - 1. fon: cos=0.9368
2025-08-27 07:56:46,708 - INFO - 2. bam: cos=0.9392
2025-08-27 07:56:46,708 - INFO - 3. pcm: cos=0.9460
2025-08-27 07:56:46,708 - INFO - 4. twi: cos=0.9508
2025-08-27 07:56:46,708 - INFO - 5. bbj: cos=0.9510
2025-08-27 07:56:46,836 - INFO - === Layer 12 (mbert) — Top 5 (cosine) ===
2025-08-27 07:56:46,836 - INFO - 1. lug: cos=0.9848
2025-08-27 07:56:46,836 - INFO - 2. kin: cos=0.9788
2025-08-27 07:56:46,836 - INFO - 3. sna: cos=0.9721
2025-08-27 07:56:46,836 - INFO - 4. xho: cos=0.9674
2025-08-27 07:56:46,836 - INFO - 5. nya: cos=0.9674
2025-08-27 07:56:46,836 - INFO - === Layer 12 (mbert) — Worst 5 (cosine) ===
2025-08-27 07:56:46,836 - INFO - 1. fon: cos=0.9099
2025-08-27 07:56:46,836 - INFO - 2. bbj: cos=0.9121
2025-08-27 07:56:46,836 - INFO - 3. pcm: cos=0.9138
2025-08-27 07:56:46,836 - INFO - 4. bam: cos=0.9355
2025-08-27 07:56:46,836 - INFO - 5. twi: cos=0.9397
2025-08-27 07:56:46,837 - INFO - Experiment finished successfully.
