2025-08-02 19:41:50,171 - INFO - Experiment started with model_type=xlmr, use_cls=True, use_context=False, context_window=3, use_hybrid=False, max_tokens_per_type=300, output_dir=rq2_train_scripts/Embeddings/MEXA_inspired_strategy/outputs/combined/xlmr/config_1_clstrue_ctxfalse_hybfalse/tokens_300_ctx3
2025-08-02 19:41:51,909 - INFO - Processing run
2025-08-02 19:41:55,040 - INFO - Processing bam
2025-08-02 19:41:57,699 - INFO - Processing bbj
2025-08-02 19:42:00,409 - INFO - Processing ewe
2025-08-02 19:42:03,114 - INFO - Processing fon
2025-08-02 19:42:05,846 - INFO - Processing hau
2025-08-02 19:42:08,552 - INFO - Processing ibo
2025-08-02 19:42:11,324 - INFO - Processing kin
2025-08-02 19:42:14,043 - INFO - Processing lug
2025-08-02 19:42:16,733 - INFO - Processing luo
2025-08-02 19:42:19,451 - INFO - Processing mos
2025-08-02 19:42:22,179 - INFO - Processing nya
2025-08-02 19:42:24,912 - INFO - Processing pcm
2025-08-02 19:42:27,608 - INFO - Processing sna
2025-08-02 19:42:30,345 - INFO - Processing swa
2025-08-02 19:42:33,045 - INFO - Processing tsn
2025-08-02 19:42:35,738 - INFO - Processing twi
2025-08-02 19:42:38,438 - INFO - Processing wol
2025-08-02 19:42:41,166 - INFO - Processing xho
2025-08-02 19:42:43,872 - INFO - Processing yor
2025-08-02 19:42:46,600 - INFO - Processing zul
2025-08-02 19:42:49,765 - INFO - Top 5 languages most similar to Runyankore:
2025-08-02 19:42:49,765 - INFO - 1. lug - Mean Similarity: 1.0000
2025-08-02 19:42:49,765 - INFO - 2. twi - Mean Similarity: 0.9999
2025-08-02 19:42:49,765 - INFO - 3. tsn - Mean Similarity: 0.9999
2025-08-02 19:42:49,766 - INFO - 4. luo - Mean Similarity: 0.9999
2025-08-02 19:42:49,766 - INFO - 5. nya - Mean Similarity: 0.9999
2025-08-02 19:42:49,766 - INFO - Experiment finished successfully.
