2025-08-27 09:59:38,806 - INFO - Start: model_type=xlmr, use_cls=False, use_context=True, context_window=2, max_tokens_per_type=200, batch_size=64, output_dir=rq2_train_scripts/Embeddings/CLEAN/outputs/salt/xlmr/config_2_clsfalse_ctxtrue/tokens_200_ctx2/core, save_prototypes=False, seed=42, fp16=True, max_length=96, langs=all, layers=all, span_mode=bio, pool=mean, entity_tags={'PER', 'LOC', 'ORG', 'DATE'}, title_suffix='L=all, tokens=200, ctx=2, cls=false, fp16=true'
2025-08-27 09:59:40,723 - INFO - Processing run
2025-08-27 09:59:41,330 - INFO - Processing bam
2025-08-27 09:59:41,502 - INFO - Processing bbj
2025-08-27 09:59:41,718 - INFO - Processing ewe
2025-08-27 09:59:41,923 - INFO - Processing fon
2025-08-27 09:59:42,122 - INFO - Processing hau
2025-08-27 09:59:42,362 - INFO - Processing ibo
2025-08-27 09:59:42,539 - INFO - Processing kin
2025-08-27 09:59:42,713 - INFO - Processing lug
2025-08-27 09:59:42,931 - INFO - Processing luo
2025-08-27 09:59:43,187 - INFO - Processing mos
2025-08-27 09:59:43,281 - INFO - Processing nya
2025-08-27 09:59:43,370 - INFO - Processing pcm
2025-08-27 09:59:43,446 - INFO - Processing sna
2025-08-27 09:59:43,527 - INFO - Processing swa
2025-08-27 09:59:43,612 - INFO - Processing tsn
2025-08-27 09:59:43,683 - INFO - Processing twi
2025-08-27 09:59:43,763 - INFO - Processing wol
2025-08-27 09:59:43,845 - INFO - Processing xho
2025-08-27 09:59:43,923 - INFO - Processing yor
2025-08-27 09:59:44,032 - INFO - Processing zul
2025-08-27 09:59:44,530 - INFO - === Layer 1 (xlmr) — Top 5 (cosine) ===
2025-08-27 09:59:44,530 - INFO - 1. twi: cos=0.9217
2025-08-27 09:59:44,530 - INFO - 2. kin: cos=0.9196
2025-08-27 09:59:44,530 - INFO - 3. tsn: cos=0.9141
2025-08-27 09:59:44,530 - INFO - 4. ibo: cos=0.9066
2025-08-27 09:59:44,530 - INFO - 5. luo: cos=0.9042
2025-08-27 09:59:44,530 - INFO - === Layer 1 (xlmr) — Worst 5 (cosine) ===
2025-08-27 09:59:44,530 - INFO - 1. swa: cos=0.8404
2025-08-27 09:59:44,530 - INFO - 2. pcm: cos=0.8422
2025-08-27 09:59:44,530 - INFO - 3. hau: cos=0.8482
2025-08-27 09:59:44,530 - INFO - 4. yor: cos=0.8605
2025-08-27 09:59:44,530 - INFO - 5. bbj: cos=0.8613
2025-08-27 09:59:44,659 - INFO - === Layer 2 (xlmr) — Top 5 (cosine) ===
2025-08-27 09:59:44,659 - INFO - 1. twi: cos=0.9695
2025-08-27 09:59:44,659 - INFO - 2. kin: cos=0.9684
2025-08-27 09:59:44,659 - INFO - 3. tsn: cos=0.9655
2025-08-27 09:59:44,659 - INFO - 4. lug: cos=0.9648
2025-08-27 09:59:44,659 - INFO - 5. zul: cos=0.9631
2025-08-27 09:59:44,659 - INFO - === Layer 2 (xlmr) — Worst 5 (cosine) ===
2025-08-27 09:59:44,659 - INFO - 1. pcm: cos=0.9313
2025-08-27 09:59:44,659 - INFO - 2. swa: cos=0.9350
2025-08-27 09:59:44,659 - INFO - 3. hau: cos=0.9396
2025-08-27 09:59:44,659 - INFO - 4. yor: cos=0.9413
2025-08-27 09:59:44,659 - INFO - 5. bbj: cos=0.9485
2025-08-27 09:59:44,787 - INFO - === Layer 3 (xlmr) — Top 5 (cosine) ===
2025-08-27 09:59:44,787 - INFO - 1. twi: cos=0.9778
2025-08-27 09:59:44,787 - INFO - 2. kin: cos=0.9774
2025-08-27 09:59:44,787 - INFO - 3. tsn: cos=0.9743
2025-08-27 09:59:44,787 - INFO - 4. lug: cos=0.9737
2025-08-27 09:59:44,787 - INFO - 5. zul: cos=0.9731
2025-08-27 09:59:44,787 - INFO - === Layer 3 (xlmr) — Worst 5 (cosine) ===
2025-08-27 09:59:44,787 - INFO - 1. pcm: cos=0.9471
2025-08-27 09:59:44,787 - INFO - 2. swa: cos=0.9506
2025-08-27 09:59:44,787 - INFO - 3. hau: cos=0.9510
2025-08-27 09:59:44,787 - INFO - 4. yor: cos=0.9579
2025-08-27 09:59:44,787 - INFO - 5. bam: cos=0.9637
2025-08-27 09:59:44,916 - INFO - === Layer 4 (xlmr) — Top 5 (cosine) ===
2025-08-27 09:59:44,916 - INFO - 1. twi: cos=0.9762
2025-08-27 09:59:44,916 - INFO - 2. tsn: cos=0.9725
2025-08-27 09:59:44,916 - INFO - 3. lug: cos=0.9724
2025-08-27 09:59:44,916 - INFO - 4. zul: cos=0.9704
2025-08-27 09:59:44,916 - INFO - 5. kin: cos=0.9683
2025-08-27 09:59:44,916 - INFO - === Layer 4 (xlmr) — Worst 5 (cosine) ===
2025-08-27 09:59:44,916 - INFO - 1. pcm: cos=0.9403
2025-08-27 09:59:44,916 - INFO - 2. swa: cos=0.9455
2025-08-27 09:59:44,916 - INFO - 3. hau: cos=0.9513
2025-08-27 09:59:44,916 - INFO - 4. yor: cos=0.9549
2025-08-27 09:59:44,916 - INFO - 5. bbj: cos=0.9601
2025-08-27 09:59:45,044 - INFO - === Layer 5 (xlmr) — Top 5 (cosine) ===
2025-08-27 09:59:45,044 - INFO - 1. twi: cos=0.9794
2025-08-27 09:59:45,044 - INFO - 2. mos: cos=0.9737
2025-08-27 09:59:45,044 - INFO - 3. zul: cos=0.9733
2025-08-27 09:59:45,044 - INFO - 4. ewe: cos=0.9722
2025-08-27 09:59:45,044 - INFO - 5. tsn: cos=0.9709
2025-08-27 09:59:45,045 - INFO - === Layer 5 (xlmr) — Worst 5 (cosine) ===
2025-08-27 09:59:45,045 - INFO - 1. swa: cos=0.9542
2025-08-27 09:59:45,045 - INFO - 2. yor: cos=0.9565
2025-08-27 09:59:45,045 - INFO - 3. pcm: cos=0.9579
2025-08-27 09:59:45,045 - INFO - 4. hau: cos=0.9591
2025-08-27 09:59:45,045 - INFO - 5. kin: cos=0.9632
2025-08-27 09:59:45,172 - INFO - === Layer 6 (xlmr) — Top 5 (cosine) ===
2025-08-27 09:59:45,172 - INFO - 1. twi: cos=0.9735
2025-08-27 09:59:45,172 - INFO - 2. mos: cos=0.9659
2025-08-27 09:59:45,172 - INFO - 3. sna: cos=0.9645
2025-08-27 09:59:45,172 - INFO - 4. nya: cos=0.9639
2025-08-27 09:59:45,172 - INFO - 5. tsn: cos=0.9639
2025-08-27 09:59:45,172 - INFO - === Layer 6 (xlmr) — Worst 5 (cosine) ===
2025-08-27 09:59:45,172 - INFO - 1. yor: cos=0.9402
2025-08-27 09:59:45,172 - INFO - 2. swa: cos=0.9409
2025-08-27 09:59:45,172 - INFO - 3. pcm: cos=0.9494
2025-08-27 09:59:45,172 - INFO - 4. luo: cos=0.9501
2025-08-27 09:59:45,172 - INFO - 5. hau: cos=0.9503
2025-08-27 09:59:45,300 - INFO - === Layer 7 (xlmr) — Top 5 (cosine) ===
2025-08-27 09:59:45,300 - INFO - 1. twi: cos=0.9782
2025-08-27 09:59:45,300 - INFO - 2. lug: cos=0.9722
2025-08-27 09:59:45,300 - INFO - 3. sna: cos=0.9716
2025-08-27 09:59:45,300 - INFO - 4. mos: cos=0.9715
2025-08-27 09:59:45,300 - INFO - 5. nya: cos=0.9708
2025-08-27 09:59:45,300 - INFO - === Layer 7 (xlmr) — Worst 5 (cosine) ===
2025-08-27 09:59:45,300 - INFO - 1. yor: cos=0.9488
2025-08-27 09:59:45,300 - INFO - 2. swa: cos=0.9510
2025-08-27 09:59:45,300 - INFO - 3. luo: cos=0.9551
2025-08-27 09:59:45,300 - INFO - 4. pcm: cos=0.9594
2025-08-27 09:59:45,300 - INFO - 5. hau: cos=0.9596
2025-08-27 09:59:45,495 - INFO - === Layer 8 (xlmr) — Top 5 (cosine) ===
2025-08-27 09:59:45,495 - INFO - 1. twi: cos=0.9776
2025-08-27 09:59:45,495 - INFO - 2. mos: cos=0.9747
2025-08-27 09:59:45,495 - INFO - 3. ewe: cos=0.9704
2025-08-27 09:59:45,495 - INFO - 4. nya: cos=0.9704
2025-08-27 09:59:45,495 - INFO - 5. sna: cos=0.9698
2025-08-27 09:59:45,495 - INFO - === Layer 8 (xlmr) — Worst 5 (cosine) ===
2025-08-27 09:59:45,495 - INFO - 1. yor: cos=0.9475
2025-08-27 09:59:45,495 - INFO - 2. swa: cos=0.9479
2025-08-27 09:59:45,495 - INFO - 3. pcm: cos=0.9528
2025-08-27 09:59:45,495 - INFO - 4. luo: cos=0.9540
2025-08-27 09:59:45,495 - INFO - 5. hau: cos=0.9573
2025-08-27 09:59:45,623 - INFO - === Layer 9 (xlmr) — Top 5 (cosine) ===
2025-08-27 09:59:45,623 - INFO - 1. twi: cos=0.9805
2025-08-27 09:59:45,623 - INFO - 2. mos: cos=0.9795
2025-08-27 09:59:45,623 - INFO - 3. ewe: cos=0.9761
2025-08-27 09:59:45,623 - INFO - 4. fon: cos=0.9749
2025-08-27 09:59:45,623 - INFO - 5. lug: cos=0.9747
2025-08-27 09:59:45,623 - INFO - === Layer 9 (xlmr) — Worst 5 (cosine) ===
2025-08-27 09:59:45,623 - INFO - 1. swa: cos=0.9460
2025-08-27 09:59:45,623 - INFO - 2. zul: cos=0.9553
2025-08-27 09:59:45,623 - INFO - 3. yor: cos=0.9572
2025-08-27 09:59:45,623 - INFO - 4. luo: cos=0.9598
2025-08-27 09:59:45,623 - INFO - 5. hau: cos=0.9607
2025-08-27 09:59:45,750 - INFO - === Layer 10 (xlmr) — Top 5 (cosine) ===
2025-08-27 09:59:45,750 - INFO - 1. twi: cos=0.9773
2025-08-27 09:59:45,750 - INFO - 2. mos: cos=0.9771
2025-08-27 09:59:45,750 - INFO - 3. hau: cos=0.9754
2025-08-27 09:59:45,750 - INFO - 4. lug: cos=0.9751
2025-08-27 09:59:45,750 - INFO - 5. ewe: cos=0.9749
2025-08-27 09:59:45,750 - INFO - === Layer 10 (xlmr) — Worst 5 (cosine) ===
2025-08-27 09:59:45,750 - INFO - 1. kin: cos=0.9214
2025-08-27 09:59:45,750 - INFO - 2. yor: cos=0.9542
2025-08-27 09:59:45,750 - INFO - 3. zul: cos=0.9553
2025-08-27 09:59:45,750 - INFO - 4. swa: cos=0.9589
2025-08-27 09:59:45,750 - INFO - 5. bbj: cos=0.9602
2025-08-27 09:59:45,879 - INFO - === Layer 11 (xlmr) — Top 5 (cosine) ===
2025-08-27 09:59:45,879 - INFO - 1. twi: cos=0.9832
2025-08-27 09:59:45,879 - INFO - 2. mos: cos=0.9785
2025-08-27 09:59:45,879 - INFO - 3. nya: cos=0.9762
2025-08-27 09:59:45,879 - INFO - 4. swa: cos=0.9756
2025-08-27 09:59:45,879 - INFO - 5. hau: cos=0.9745
2025-08-27 09:59:45,879 - INFO - === Layer 11 (xlmr) — Worst 5 (cosine) ===
2025-08-27 09:59:45,879 - INFO - 1. bbj: cos=0.9510
2025-08-27 09:59:45,879 - INFO - 2. zul: cos=0.9602
2025-08-27 09:59:45,879 - INFO - 3. yor: cos=0.9603
2025-08-27 09:59:45,879 - INFO - 4. luo: cos=0.9639
2025-08-27 09:59:45,879 - INFO - 5. xho: cos=0.9654
2025-08-27 09:59:46,008 - INFO - === Layer 12 (xlmr) — Top 5 (cosine) ===
2025-08-27 09:59:46,008 - INFO - 1. nya: cos=0.9979
2025-08-27 09:59:46,008 - INFO - 2. tsn: cos=0.9978
2025-08-27 09:59:46,008 - INFO - 3. kin: cos=0.9976
2025-08-27 09:59:46,008 - INFO - 4. wol: cos=0.9976
2025-08-27 09:59:46,008 - INFO - 5. ibo: cos=0.9974
2025-08-27 09:59:46,008 - INFO - === Layer 12 (xlmr) — Worst 5 (cosine) ===
2025-08-27 09:59:46,008 - INFO - 1. hau: cos=0.9917
2025-08-27 09:59:46,008 - INFO - 2. swa: cos=0.9945
2025-08-27 09:59:46,008 - INFO - 3. sna: cos=0.9953
2025-08-27 09:59:46,008 - INFO - 4. lug: cos=0.9953
2025-08-27 09:59:46,008 - INFO - 5. fon: cos=0.9954
2025-08-27 09:59:46,009 - INFO - Experiment finished successfully.
