2025-08-02 22:57:21,338 - INFO - Experiment started with model_type=mbert, use_cls=True, use_context=False, context_window=0, use_hybrid=True, max_tokens_per_type=200, output_dir=rq2_train_scripts/Embeddings/MEXA_inspired_strategy/outputs/combined/mbert/config_5_clstrue_ctxfalse_hybtrue/tokens_200_ctx0
2025-08-02 22:57:22,525 - INFO - Processing run
2025-08-02 22:57:24,410 - INFO - Processing bam
2025-08-02 22:57:25,940 - INFO - Processing bbj
2025-08-02 22:57:27,448 - INFO - Processing ewe
2025-08-02 22:57:28,931 - INFO - Processing fon
2025-08-02 22:57:30,454 - INFO - Processing hau
2025-08-02 22:57:31,992 - INFO - Processing ibo
2025-08-02 22:57:33,561 - INFO - Processing kin
2025-08-02 22:57:35,093 - INFO - Processing lug
2025-08-02 22:57:36,599 - INFO - Processing luo
2025-08-02 22:57:38,125 - INFO - Processing mos
2025-08-02 22:57:39,654 - INFO - Processing nya
2025-08-02 22:57:41,194 - INFO - Processing pcm
2025-08-02 22:57:42,712 - INFO - Processing sna
2025-08-02 22:57:44,251 - INFO - Processing swa
2025-08-02 22:57:45,785 - INFO - Processing tsn
2025-08-02 22:57:47,291 - INFO - Processing twi
2025-08-02 22:57:48,813 - INFO - Processing wol
2025-08-02 22:57:50,346 - INFO - Processing xho
2025-08-02 22:57:51,873 - INFO - Processing yor
2025-08-02 22:57:53,439 - INFO - Processing zul
2025-08-02 22:57:55,440 - INFO - Top 5 languages most similar to Runyankore:
2025-08-02 22:57:55,440 - INFO - 1. lug - Mean Similarity: 0.6825
2025-08-02 22:57:55,440 - INFO - 2. twi - Mean Similarity: 0.6580
2025-08-02 22:57:55,440 - INFO - 3. luo - Mean Similarity: 0.6498
2025-08-02 22:57:55,440 - INFO - 4. ibo - Mean Similarity: 0.6476
2025-08-02 22:57:55,440 - INFO - 5. kin - Mean Similarity: 0.6443
2025-08-02 22:57:55,440 - INFO - Experiment finished successfully.
