2025-08-27 07:48:38,433 - INFO - Start: model_type=xlmr, use_cls=True, use_context=True, context_window=2, max_tokens_per_type=400, batch_size=64, output_dir=rq2_train_scripts/Embeddings/CLEAN/outputs/salt/xlmr/config_3_clstrue_ctxtrue/tokens_400_ctx2, save_prototypes=False, seed=42, fp16=True, max_length=96, langs=all, layers=all, span_mode=bio, pool=mean, entity_tags={'PER', 'LOC', 'ORG', 'DATE'}, title_suffix='L=all, tokens=400, ctx=2, cls=true, fp16=true'
2025-08-27 07:48:40,814 - INFO - Processing run
2025-08-27 07:48:41,270 - INFO - Processing bam
2025-08-27 07:48:41,337 - INFO - Processing bbj
2025-08-27 07:48:41,391 - INFO - Processing ewe
2025-08-27 07:48:41,439 - INFO - Processing fon
2025-08-27 07:48:41,503 - INFO - Processing hau
2025-08-27 07:48:41,566 - INFO - Processing ibo
2025-08-27 07:48:41,659 - INFO - Processing kin
2025-08-27 07:48:41,727 - INFO - Processing lug
2025-08-27 07:48:41,784 - INFO - Processing luo
2025-08-27 07:48:41,856 - INFO - Processing mos
2025-08-27 07:48:41,927 - INFO - Processing nya
2025-08-27 07:48:41,991 - INFO - Processing pcm
2025-08-27 07:48:42,045 - INFO - Processing sna
2025-08-27 07:48:42,103 - INFO - Processing swa
2025-08-27 07:48:42,165 - INFO - Processing tsn
2025-08-27 07:48:42,212 - INFO - Processing twi
2025-08-27 07:48:42,270 - INFO - Processing wol
2025-08-27 07:48:42,380 - INFO - Processing xho
2025-08-27 07:48:42,435 - INFO - Processing yor
2025-08-27 07:48:42,537 - INFO - Processing zul
2025-08-27 07:48:43,031 - INFO - === Layer 1 (xlmr) — Top 5 (cosine) ===
2025-08-27 07:48:43,031 - INFO - 1. kin: cos=1.0000
2025-08-27 07:48:43,031 - INFO - 2. lug: cos=1.0000
2025-08-27 07:48:43,031 - INFO - 3. nya: cos=1.0000
2025-08-27 07:48:43,031 - INFO - 4. sna: cos=1.0000
2025-08-27 07:48:43,031 - INFO - 5. tsn: cos=1.0000
2025-08-27 07:48:43,031 - INFO - === Layer 1 (xlmr) — Worst 5 (cosine) ===
2025-08-27 07:48:43,031 - INFO - 1. fon: cos=0.9997
2025-08-27 07:48:43,031 - INFO - 2. bam: cos=0.9998
2025-08-27 07:48:43,031 - INFO - 3. hau: cos=0.9999
2025-08-27 07:48:43,031 - INFO - 4. ewe: cos=0.9999
2025-08-27 07:48:43,031 - INFO - 5. ibo: cos=0.9999
2025-08-27 07:48:43,164 - INFO - === Layer 2 (xlmr) — Top 5 (cosine) ===
2025-08-27 07:48:43,164 - INFO - 1. kin: cos=1.0000
2025-08-27 07:48:43,164 - INFO - 2. nya: cos=1.0000
2025-08-27 07:48:43,164 - INFO - 3. sna: cos=1.0000
2025-08-27 07:48:43,164 - INFO - 4. lug: cos=1.0000
2025-08-27 07:48:43,164 - INFO - 5. tsn: cos=1.0000
2025-08-27 07:48:43,164 - INFO - === Layer 2 (xlmr) — Worst 5 (cosine) ===
2025-08-27 07:48:43,164 - INFO - 1. fon: cos=1.0000
2025-08-27 07:48:43,164 - INFO - 2. bam: cos=1.0000
2025-08-27 07:48:43,164 - INFO - 3. hau: cos=1.0000
2025-08-27 07:48:43,164 - INFO - 4. swa: cos=1.0000
2025-08-27 07:48:43,164 - INFO - 5. pcm: cos=1.0000
2025-08-27 07:48:43,294 - INFO - === Layer 3 (xlmr) — Top 5 (cosine) ===
2025-08-27 07:48:43,294 - INFO - 1. sna: cos=1.0000
2025-08-27 07:48:43,294 - INFO - 2. xho: cos=1.0000
2025-08-27 07:48:43,294 - INFO - 3. kin: cos=1.0000
2025-08-27 07:48:43,294 - INFO - 4. nya: cos=1.0000
2025-08-27 07:48:43,294 - INFO - 5. lug: cos=1.0000
2025-08-27 07:48:43,294 - INFO - === Layer 3 (xlmr) — Worst 5 (cosine) ===
2025-08-27 07:48:43,294 - INFO - 1. pcm: cos=1.0000
2025-08-27 07:48:43,294 - INFO - 2. swa: cos=1.0000
2025-08-27 07:48:43,294 - INFO - 3. fon: cos=1.0000
2025-08-27 07:48:43,294 - INFO - 4. ewe: cos=1.0000
2025-08-27 07:48:43,294 - INFO - 5. luo: cos=1.0000
2025-08-27 07:48:43,421 - INFO - === Layer 4 (xlmr) — Top 5 (cosine) ===
2025-08-27 07:48:43,421 - INFO - 1. nya: cos=1.0000
2025-08-27 07:48:43,421 - INFO - 2. lug: cos=1.0000
2025-08-27 07:48:43,421 - INFO - 3. zul: cos=1.0000
2025-08-27 07:48:43,421 - INFO - 4. kin: cos=1.0000
2025-08-27 07:48:43,421 - INFO - 5. sna: cos=1.0000
2025-08-27 07:48:43,421 - INFO - === Layer 4 (xlmr) — Worst 5 (cosine) ===
2025-08-27 07:48:43,421 - INFO - 1. pcm: cos=1.0000
2025-08-27 07:48:43,421 - INFO - 2. swa: cos=1.0000
2025-08-27 07:48:43,421 - INFO - 3. hau: cos=1.0000
2025-08-27 07:48:43,421 - INFO - 4. ewe: cos=1.0000
2025-08-27 07:48:43,421 - INFO - 5. twi: cos=1.0000
2025-08-27 07:48:43,573 - INFO - === Layer 5 (xlmr) — Top 5 (cosine) ===
2025-08-27 07:48:43,573 - INFO - 1. lug: cos=1.0000
2025-08-27 07:48:43,573 - INFO - 2. sna: cos=1.0000
2025-08-27 07:48:43,573 - INFO - 3. nya: cos=1.0000
2025-08-27 07:48:43,573 - INFO - 4. kin: cos=1.0000
2025-08-27 07:48:43,573 - INFO - 5. xho: cos=1.0000
2025-08-27 07:48:43,573 - INFO - === Layer 5 (xlmr) — Worst 5 (cosine) ===
2025-08-27 07:48:43,573 - INFO - 1. fon: cos=1.0000
2025-08-27 07:48:43,573 - INFO - 2. bam: cos=1.0000
2025-08-27 07:48:43,573 - INFO - 3. pcm: cos=1.0000
2025-08-27 07:48:43,573 - INFO - 4. twi: cos=1.0000
2025-08-27 07:48:43,573 - INFO - 5. swa: cos=1.0000
2025-08-27 07:48:43,707 - INFO - === Layer 6 (xlmr) — Top 5 (cosine) ===
2025-08-27 07:48:43,707 - INFO - 1. sna: cos=1.0000
2025-08-27 07:48:43,707 - INFO - 2. lug: cos=1.0000
2025-08-27 07:48:43,707 - INFO - 3. nya: cos=1.0000
2025-08-27 07:48:43,707 - INFO - 4. xho: cos=1.0000
2025-08-27 07:48:43,707 - INFO - 5. tsn: cos=1.0000
2025-08-27 07:48:43,707 - INFO - === Layer 6 (xlmr) — Worst 5 (cosine) ===
2025-08-27 07:48:43,707 - INFO - 1. fon: cos=1.0000
2025-08-27 07:48:43,708 - INFO - 2. bam: cos=1.0000
2025-08-27 07:48:43,708 - INFO - 3. pcm: cos=1.0000
2025-08-27 07:48:43,708 - INFO - 4. twi: cos=1.0000
2025-08-27 07:48:43,708 - INFO - 5. swa: cos=1.0000
2025-08-27 07:48:43,837 - INFO - === Layer 7 (xlmr) — Top 5 (cosine) ===
2025-08-27 07:48:43,837 - INFO - 1. ibo: cos=1.0000
2025-08-27 07:48:43,837 - INFO - 2. xho: cos=1.0000
2025-08-27 07:48:43,837 - INFO - 3. lug: cos=1.0000
2025-08-27 07:48:43,837 - INFO - 4. pcm: cos=1.0000
2025-08-27 07:48:43,837 - INFO - 5. bam: cos=1.0000
2025-08-27 07:48:43,837 - INFO - === Layer 7 (xlmr) — Worst 5 (cosine) ===
2025-08-27 07:48:43,837 - INFO - 1. hau: cos=1.0000
2025-08-27 07:48:43,838 - INFO - 2. ewe: cos=1.0000
2025-08-27 07:48:43,838 - INFO - 3. twi: cos=1.0000
2025-08-27 07:48:43,838 - INFO - 4. swa: cos=1.0000
2025-08-27 07:48:43,838 - INFO - 5. nya: cos=1.0000
2025-08-27 07:48:44,039 - INFO - === Layer 8 (xlmr) — Top 5 (cosine) ===
2025-08-27 07:48:44,040 - INFO - 1. kin: cos=1.0000
2025-08-27 07:48:44,040 - INFO - 2. nya: cos=1.0000
2025-08-27 07:48:44,040 - INFO - 3. xho: cos=1.0000
2025-08-27 07:48:44,040 - INFO - 4. lug: cos=1.0000
2025-08-27 07:48:44,040 - INFO - 5. sna: cos=1.0000
2025-08-27 07:48:44,040 - INFO - === Layer 8 (xlmr) — Worst 5 (cosine) ===
2025-08-27 07:48:44,040 - INFO - 1. yor: cos=1.0000
2025-08-27 07:48:44,040 - INFO - 2. mos: cos=1.0000
2025-08-27 07:48:44,040 - INFO - 3. bbj: cos=1.0000
2025-08-27 07:48:44,040 - INFO - 4. hau: cos=1.0000
2025-08-27 07:48:44,040 - INFO - 5. bam: cos=1.0000
2025-08-27 07:48:44,170 - INFO - === Layer 9 (xlmr) — Top 5 (cosine) ===
2025-08-27 07:48:44,170 - INFO - 1. fon: cos=1.0000
2025-08-27 07:48:44,170 - INFO - 2. nya: cos=1.0000
2025-08-27 07:48:44,170 - INFO - 3. tsn: cos=1.0000
2025-08-27 07:48:44,170 - INFO - 4. swa: cos=1.0000
2025-08-27 07:48:44,170 - INFO - 5. hau: cos=1.0000
2025-08-27 07:48:44,170 - INFO - === Layer 9 (xlmr) — Worst 5 (cosine) ===
2025-08-27 07:48:44,170 - INFO - 1. bam: cos=1.0000
2025-08-27 07:48:44,170 - INFO - 2. yor: cos=1.0000
2025-08-27 07:48:44,170 - INFO - 3. luo: cos=1.0000
2025-08-27 07:48:44,170 - INFO - 4. zul: cos=1.0000
2025-08-27 07:48:44,170 - INFO - 5. mos: cos=1.0000
2025-08-27 07:48:44,299 - INFO - === Layer 10 (xlmr) — Top 5 (cosine) ===
2025-08-27 07:48:44,299 - INFO - 1. ibo: cos=1.0000
2025-08-27 07:48:44,299 - INFO - 2. fon: cos=1.0000
2025-08-27 07:48:44,299 - INFO - 3. wol: cos=1.0000
2025-08-27 07:48:44,299 - INFO - 4. kin: cos=1.0000
2025-08-27 07:48:44,299 - INFO - 5. ewe: cos=1.0000
2025-08-27 07:48:44,300 - INFO - === Layer 10 (xlmr) — Worst 5 (cosine) ===
2025-08-27 07:48:44,300 - INFO - 1. pcm: cos=1.0000
2025-08-27 07:48:44,300 - INFO - 2. swa: cos=1.0000
2025-08-27 07:48:44,300 - INFO - 3. tsn: cos=1.0000
2025-08-27 07:48:44,300 - INFO - 4. lug: cos=1.0000
2025-08-27 07:48:44,300 - INFO - 5. bbj: cos=1.0000
2025-08-27 07:48:44,430 - INFO - === Layer 11 (xlmr) — Top 5 (cosine) ===
2025-08-27 07:48:44,430 - INFO - 1. xho: cos=1.0000
2025-08-27 07:48:44,430 - INFO - 2. ewe: cos=1.0000
2025-08-27 07:48:44,430 - INFO - 3. sna: cos=1.0000
2025-08-27 07:48:44,430 - INFO - 4. twi: cos=1.0000
2025-08-27 07:48:44,430 - INFO - 5. zul: cos=1.0000
2025-08-27 07:48:44,430 - INFO - === Layer 11 (xlmr) — Worst 5 (cosine) ===
2025-08-27 07:48:44,430 - INFO - 1. yor: cos=0.9999
2025-08-27 07:48:44,430 - INFO - 2. nya: cos=0.9999
2025-08-27 07:48:44,430 - INFO - 3. swa: cos=0.9999
2025-08-27 07:48:44,430 - INFO - 4. luo: cos=0.9999
2025-08-27 07:48:44,430 - INFO - 5. tsn: cos=0.9999
2025-08-27 07:48:44,564 - INFO - === Layer 12 (xlmr) — Top 5 (cosine) ===
2025-08-27 07:48:44,565 - INFO - 1. pcm: cos=0.9995
2025-08-27 07:48:44,565 - INFO - 2. sna: cos=0.9992
2025-08-27 07:48:44,565 - INFO - 3. mos: cos=0.9990
2025-08-27 07:48:44,565 - INFO - 4. lug: cos=0.9989
2025-08-27 07:48:44,565 - INFO - 5. swa: cos=0.9984
2025-08-27 07:48:44,565 - INFO - === Layer 12 (xlmr) — Worst 5 (cosine) ===
2025-08-27 07:48:44,565 - INFO - 1. zul: cos=0.9816
2025-08-27 07:48:44,565 - INFO - 2. fon: cos=0.9911
2025-08-27 07:48:44,565 - INFO - 3. xho: cos=0.9923
2025-08-27 07:48:44,565 - INFO - 4. yor: cos=0.9954
2025-08-27 07:48:44,565 - INFO - 5. ewe: cos=0.9954
2025-08-27 07:48:44,566 - INFO - Experiment finished successfully.
