2025-08-24 11:28:38,387 - INFO - Start: model_type=xlmr, run_both=False, use_cls=False, use_context=False, context_window=0, max_tokens_per_type=300, batch_size=32, seed=1, num_middle_layers=3, output_dir=rq2_train_scripts/Embeddings/EXTENDED/outputs/mptc_extended/xlmr/config_3_clsfalse_ctxfalse_hybtrue/tokens_300_ctx202025-08-24 11:28:38,937 - INFO - xlmr: selected layer indices (hidden_states) = [2, 3, 10, 122025-08-24 11:28:40,516 - INFO - Processing run
2025-08-24 11:28:41,304 - INFO - Processing bam
2025-08-24 11:28:41,849 - INFO - Processing bbj
2025-08-24 11:28:42,238 - INFO - Processing ewe
2025-08-24 11:28:42,633 - INFO - Processing fon
2025-08-24 11:28:43,088 - INFO - Processing hau
2025-08-24 11:28:43,571 - INFO - Processing ibo
2025-08-24 11:28:44,429 - INFO - Processing kin
2025-08-24 11:28:45,276 - INFO - Processing lug
2025-08-24 11:28:46,122 - INFO - Processing luo
2025-08-24 11:28:46,961 - INFO - Processing mos
2025-08-24 11:28:47,751 - INFO - Processing nya
2025-08-24 11:28:48,617 - INFO - Processing pcm
2025-08-24 11:28:49,447 - INFO - Processing sna
2025-08-24 11:28:49,936 - INFO - Processing swa
2025-08-24 11:28:50,433 - INFO - Processing tsn
2025-08-24 11:28:50,953 - INFO - Processing twi
2025-08-24 11:28:51,437 - INFO - Processing wol
2025-08-24 11:28:51,918 - INFO - Processing xho
2025-08-24 11:28:52,428 - INFO - Processing yor
2025-08-24 11:28:52,995 - INFO - Processing zul
2025-08-24 11:28:53,816 - INFO - Layer 2 (xlmr) — Top 5
2025-08-24 11:28:53,816 - INFO - 1. kin: r=0.9904
2025-08-24 11:28:53,816 - INFO - 2. twi: r=0.9901
2025-08-24 11:28:53,816 - INFO - 3. luo: r=0.9901
2025-08-24 11:28:53,816 - INFO - 4. ibo: r=0.9889
2025-08-24 11:28:53,816 - INFO - 5. tsn: r=0.9882
2025-08-24 11:28:53,816 - INFO - Layer 2 (xlmr) — Worst 5
2025-08-24 11:28:53,816 - INFO - 1. hau: r=0.9738
2025-08-24 11:28:53,816 - INFO - 2. fon: r=0.9757
2025-08-24 11:28:53,816 - INFO - 3. bbj: r=0.9769
2025-08-24 11:28:53,816 - INFO - 4. yor: r=0.9784
2025-08-24 11:28:53,816 - INFO - 5. bam: r=0.9790
2025-08-24 11:28:53,938 - INFO - Layer 3 (xlmr) — Top 5
2025-08-24 11:28:53,939 - INFO - 1. kin: r=0.9925
2025-08-24 11:28:53,939 - INFO - 2. twi: r=0.9916
2025-08-24 11:28:53,939 - INFO - 3. luo: r=0.9913
2025-08-24 11:28:53,939 - INFO - 4. ibo: r=0.9911
2025-08-24 11:28:53,939 - INFO - 5. tsn: r=0.9906
2025-08-24 11:28:53,939 - INFO - Layer 3 (xlmr) — Worst 5
2025-08-24 11:28:53,939 - INFO - 1. hau: r=0.9793
2025-08-24 11:28:53,939 - INFO - 2. fon: r=0.9818
2025-08-24 11:28:53,939 - INFO - 3. bbj: r=0.9823
2025-08-24 11:28:53,939 - INFO - 4. bam: r=0.9838
2025-08-24 11:28:53,939 - INFO - 5. pcm: r=0.9840
2025-08-24 11:28:54,059 - INFO - Layer 10 (xlmr) — Top 5
2025-08-24 11:28:54,059 - INFO - 1. twi: r=0.9927
2025-08-24 11:28:54,059 - INFO - 2. kin: r=0.9926
2025-08-24 11:28:54,059 - INFO - 3. lug: r=0.9912
2025-08-24 11:28:54,059 - INFO - 4. ibo: r=0.9911
2025-08-24 11:28:54,059 - INFO - 5. luo: r=0.9906
2025-08-24 11:28:54,059 - INFO - Layer 10 (xlmr) — Worst 5
2025-08-24 11:28:54,059 - INFO - 1. bbj: r=0.9800
2025-08-24 11:28:54,059 - INFO - 2. bam: r=0.9807
2025-08-24 11:28:54,059 - INFO - 3. yor: r=0.9815
2025-08-24 11:28:54,059 - INFO - 4. hau: r=0.9819
2025-08-24 11:28:54,059 - INFO - 5. fon: r=0.9830
2025-08-24 11:28:54,179 - INFO - Layer 12 (xlmr) — Top 5
2025-08-24 11:28:54,179 - INFO - 1. kin: r=0.9994
2025-08-24 11:28:54,179 - INFO - 2. twi: r=0.9994
2025-08-24 11:28:54,179 - INFO - 3. ibo: r=0.9994
2025-08-24 11:28:54,179 - INFO - 4. luo: r=0.9993
2025-08-24 11:28:54,179 - INFO - 5. lug: r=0.9993
2025-08-24 11:28:54,179 - INFO - Layer 12 (xlmr) — Worst 5
2025-08-24 11:28:54,179 - INFO - 1. yor: r=0.9986
2025-08-24 11:28:54,179 - INFO - 2. bbj: r=0.9987
2025-08-24 11:28:54,179 - INFO - 3. fon: r=0.9987
2025-08-24 11:28:54,179 - INFO - 4. bam: r=0.9988
2025-08-24 11:28:54,179 - INFO - 5. hau: r=0.9989
2025-08-24 11:28:54,180 - INFO - Experiment finished successfully.
.
