2025-08-24 11:50:46,669 - INFO - Start: model_type=mbert, run_both=False, use_cls=True, use_context=True, context_window=2, max_tokens_per_type=500, batch_size=32, seed=1, num_middle_layers=3, output_dir=rq2_train_scripts/Embeddings/EXTENDED/outputs/salt_extended/mbert/config_7_clstrue_ctxtrue_hybtrue/tokens_500_ctx2
2025-08-24 11:50:47,213 - INFO - mbert: selected layer indices (hidden_states) = [2, 3, 10, 12]
2025-08-24 11:50:48,124 - INFO - Processing run
2025-08-24 11:50:48,632 - INFO - Processing bam
2025-08-24 11:50:48,764 - INFO - Processing bbj
2025-08-24 11:50:48,886 - INFO - Processing ewe
2025-08-24 11:50:49,001 - INFO - Processing fon
2025-08-24 11:50:49,150 - INFO - Processing hau
2025-08-24 11:50:49,276 - INFO - Processing ibo
2025-08-24 11:50:49,439 - INFO - Processing kin
2025-08-24 11:50:49,575 - INFO - Processing lug
2025-08-24 11:50:49,705 - INFO - Processing luo
2025-08-24 11:50:49,842 - INFO - Processing mos
2025-08-24 11:50:49,972 - INFO - Processing nya
2025-08-24 11:50:50,110 - INFO - Processing pcm
2025-08-24 11:50:50,267 - INFO - Processing sna
2025-08-24 11:50:50,407 - INFO - Processing swa
2025-08-24 11:50:50,561 - INFO - Processing tsn
2025-08-24 11:50:50,707 - INFO - Processing twi
2025-08-24 11:50:50,869 - INFO - Processing wol
2025-08-24 11:50:51,027 - INFO - Processing xho
2025-08-24 11:50:51,177 - INFO - Processing yor
2025-08-24 11:50:51,390 - INFO - Processing zul
2025-08-24 11:50:51,823 - INFO - Layer 2 (mbert) — Top 5
2025-08-24 11:50:51,823 - INFO - 1. lug: r=1.0000
2025-08-24 11:50:51,823 - INFO - 2. sna: r=1.0000
2025-08-24 11:50:51,823 - INFO - 3. hau: r=1.0000
2025-08-24 11:50:51,823 - INFO - 4. nya: r=1.0000
2025-08-24 11:50:51,823 - INFO - 5. kin: r=0.9999
2025-08-24 11:50:51,823 - INFO - Layer 2 (mbert) — Worst 5
2025-08-24 11:50:51,823 - INFO - 1. yor: r=0.9998
2025-08-24 11:50:51,823 - INFO - 2. pcm: r=0.9998
2025-08-24 11:50:51,823 - INFO - 3. fon: r=0.9999
2025-08-24 11:50:51,823 - INFO - 4. bbj: r=0.9999
2025-08-24 11:50:51,823 - INFO - 5. ewe: r=0.9999
2025-08-24 11:50:51,943 - INFO - Layer 3 (mbert) — Top 5
2025-08-24 11:50:51,943 - INFO - 1. lug: r=1.0000
2025-08-24 11:50:51,943 - INFO - 2. sna: r=1.0000
2025-08-24 11:50:51,943 - INFO - 3. nya: r=1.0000
2025-08-24 11:50:51,943 - INFO - 4. hau: r=1.0000
2025-08-24 11:50:51,943 - INFO - 5. kin: r=1.0000
2025-08-24 11:50:51,943 - INFO - Layer 3 (mbert) — Worst 5
2025-08-24 11:50:51,943 - INFO - 1. pcm: r=0.9999
2025-08-24 11:50:51,943 - INFO - 2. yor: r=0.9999
2025-08-24 11:50:51,943 - INFO - 3. bbj: r=0.9999
2025-08-24 11:50:51,943 - INFO - 4. fon: r=1.0000
2025-08-24 11:50:51,943 - INFO - 5. ewe: r=1.0000
2025-08-24 11:50:52,065 - INFO - Layer 10 (mbert) — Top 5
2025-08-24 11:50:52,065 - INFO - 1. lug: r=0.9944
2025-08-24 11:50:52,065 - INFO - 2. kin: r=0.9921
2025-08-24 11:50:52,065 - INFO - 3. sna: r=0.9919
2025-08-24 11:50:52,065 - INFO - 4. nya: r=0.9910
2025-08-24 11:50:52,065 - INFO - 5. xho: r=0.9885
2025-08-24 11:50:52,065 - INFO - Layer 10 (mbert) — Worst 5
2025-08-24 11:50:52,066 - INFO - 1. pcm: r=0.9669
2025-08-24 11:50:52,066 - INFO - 2. yor: r=0.9679
2025-08-24 11:50:52,066 - INFO - 3. bbj: r=0.9695
2025-08-24 11:50:52,066 - INFO - 4. fon: r=0.9716
2025-08-24 11:50:52,066 - INFO - 5. swa: r=0.9760
2025-08-24 11:50:52,189 - INFO - Layer 12 (mbert) — Top 5
2025-08-24 11:50:52,189 - INFO - 1. lug: r=0.9930
2025-08-24 11:50:52,189 - INFO - 2. kin: r=0.9912
2025-08-24 11:50:52,189 - INFO - 3. nya: r=0.9908
2025-08-24 11:50:52,189 - INFO - 4. sna: r=0.9902
2025-08-24 11:50:52,189 - INFO - 5. xho: r=0.9869
2025-08-24 11:50:52,189 - INFO - Layer 12 (mbert) — Worst 5
2025-08-24 11:50:52,189 - INFO - 1. bbj: r=0.9245
2025-08-24 11:50:52,189 - INFO - 2. fon: r=0.9344
2025-08-24 11:50:52,189 - INFO - 3. pcm: r=0.9528
2025-08-24 11:50:52,189 - INFO - 4. yor: r=0.9561
2025-08-24 11:50:52,189 - INFO - 5. mos: r=0.9715
2025-08-24 11:50:52,190 - INFO - Experiment finished successfully.
