2025-08-03 08:18:08,665 - INFO - Experiment started with model_type=mbert, use_cls=True, use_context=True, context_window=3, use_hybrid=False, max_tokens_per_type=300, output_dir=rq2_train_scripts/Embeddings/MEXA_inspired_strategy/outputs/mptc/mbert/config_4_clstrue_ctxtrue_hybfalse/tokens_300_ctx3
2025-08-03 08:18:09,671 - INFO - Processing run
2025-08-03 08:18:11,211 - INFO - Processing bam
2025-08-03 08:18:13,340 - INFO - Processing bbj
2025-08-03 08:18:15,502 - INFO - Processing ewe
2025-08-03 08:18:17,642 - INFO - Processing fon
2025-08-03 08:18:19,819 - INFO - Processing hau
2025-08-03 08:18:22,011 - INFO - Processing ibo
2025-08-03 08:18:24,227 - INFO - Processing kin
2025-08-03 08:18:26,418 - INFO - Processing lug
2025-08-03 08:18:28,584 - INFO - Processing luo
2025-08-03 08:18:30,754 - INFO - Processing mos
2025-08-03 08:18:32,931 - INFO - Processing nya
2025-08-03 08:18:35,118 - INFO - Processing pcm
2025-08-03 08:18:37,284 - INFO - Processing sna
2025-08-03 08:18:39,462 - INFO - Processing swa
2025-08-03 08:18:41,627 - INFO - Processing tsn
2025-08-03 08:18:43,759 - INFO - Processing twi
2025-08-03 08:18:45,906 - INFO - Processing wol
2025-08-03 08:18:48,055 - INFO - Processing xho
2025-08-03 08:18:50,198 - INFO - Processing yor
2025-08-03 08:18:52,390 - INFO - Processing zul
2025-08-03 08:18:54,986 - INFO - Top 5 languages most similar to Runyankore:
2025-08-03 08:18:54,987 - INFO - 1. lug - Mean Similarity: 0.9884
2025-08-03 08:18:54,987 - INFO - 2. kin - Mean Similarity: 0.9860
2025-08-03 08:18:54,987 - INFO - 3. nya - Mean Similarity: 0.9858
2025-08-03 08:18:54,987 - INFO - 4. sna - Mean Similarity: 0.9850
2025-08-03 08:18:54,987 - INFO - 5. tsn - Mean Similarity: 0.9811
2025-08-03 08:18:54,987 - INFO - Experiment finished successfully.
