2025-12-15 09:49:45,938 - INFO - Start: model_type=afroxlmr, use_cls=True, use_context=True, context_window=3, max_tokens_per_type=400, batch_size=64, output_dir=rq2_train_scripts/Embeddings/CLEAN/outputs/combined/afroxlmr/config_3_clstrue_ctxtrue/tokens_400_ctx3/core, save_prototypes=False, seed=42, fp16=True, max_length=96, langs=all, layers=all, span_mode=bio, pool=mean, entity_tags={'LOC', 'DATE', 'ORG', 'PER'}, title_suffix='L=all, tokens=400, ctx=3, cls=true, fp16=true'
2025-12-15 09:49:47,870 - INFO - Processing run
2025-12-15 09:49:48,260 - INFO - Processing bam
2025-12-15 09:49:48,316 - INFO - Processing bbj
2025-12-15 09:49:48,371 - INFO - Processing ewe
2025-12-15 09:49:48,427 - INFO - Processing fon
2025-12-15 09:49:48,487 - INFO - Processing hau
2025-12-15 09:49:48,549 - INFO - Processing ibo
2025-12-15 09:49:48,638 - INFO - Processing kin
2025-12-15 09:49:48,703 - INFO - Processing lug
2025-12-15 09:49:48,764 - INFO - Processing luo
2025-12-15 09:49:48,834 - INFO - Processing mos
2025-12-15 09:49:48,904 - INFO - Processing nya
2025-12-15 09:49:48,969 - INFO - Processing pcm
2025-12-15 09:49:49,023 - INFO - Processing sna
2025-12-15 09:49:49,082 - INFO - Processing swa
2025-12-15 09:49:49,144 - INFO - Processing tsn
2025-12-15 09:49:49,190 - INFO - Processing twi
2025-12-15 09:49:49,251 - INFO - Processing wol
2025-12-15 09:49:49,320 - INFO - Processing xho
2025-12-15 09:49:49,381 - INFO - Processing yor
2025-12-15 09:49:49,461 - INFO - Processing zul
2025-12-15 09:49:49,908 - INFO - === Layer 1 (afroxlmr) — Top 5 (cosine) ===
2025-12-15 09:49:49,908 - INFO - 1. sna: cos=0.9992
2025-12-15 09:49:49,908 - INFO - 2. wol: cos=0.9989
2025-12-15 09:49:49,908 - INFO - 3. nya: cos=0.9988
2025-12-15 09:49:49,908 - INFO - 4. zul: cos=0.9987
2025-12-15 09:49:49,908 - INFO - 5. kin: cos=0.9986
2025-12-15 09:49:49,908 - INFO - === Layer 1 (afroxlmr) — Worst 5 (cosine) ===
2025-12-15 09:49:49,908 - INFO - 1. swa: cos=0.9897
2025-12-15 09:49:49,908 - INFO - 2. pcm: cos=0.9919
2025-12-15 09:49:49,908 - INFO - 3. hau: cos=0.9950
2025-12-15 09:49:49,908 - INFO - 4. fon: cos=0.9970
2025-12-15 09:49:49,908 - INFO - 5. bam: cos=0.9978
2025-12-15 09:49:50,029 - INFO - === Layer 2 (afroxlmr) — Top 5 (cosine) ===
2025-12-15 09:49:50,029 - INFO - 1. sna: cos=1.0000
2025-12-15 09:49:50,029 - INFO - 2. wol: cos=1.0000
2025-12-15 09:49:50,029 - INFO - 3. zul: cos=1.0000
2025-12-15 09:49:50,029 - INFO - 4. ibo: cos=1.0000
2025-12-15 09:49:50,029 - INFO - 5. kin: cos=1.0000
2025-12-15 09:49:50,029 - INFO - === Layer 2 (afroxlmr) — Worst 5 (cosine) ===
2025-12-15 09:49:50,029 - INFO - 1. swa: cos=0.9999
2025-12-15 09:49:50,029 - INFO - 2. pcm: cos=0.9999
2025-12-15 09:49:50,029 - INFO - 3. hau: cos=0.9999
2025-12-15 09:49:50,029 - INFO - 4. bbj: cos=1.0000
2025-12-15 09:49:50,029 - INFO - 5. fon: cos=1.0000
2025-12-15 09:49:50,153 - INFO - === Layer 3 (afroxlmr) — Top 5 (cosine) ===
2025-12-15 09:49:50,153 - INFO - 1. lug: cos=1.0000
2025-12-15 09:49:50,153 - INFO - 2. sna: cos=1.0000
2025-12-15 09:49:50,153 - INFO - 3. ibo: cos=1.0000
2025-12-15 09:49:50,153 - INFO - 4. zul: cos=1.0000
2025-12-15 09:49:50,153 - INFO - 5. xho: cos=1.0000
2025-12-15 09:49:50,153 - INFO - === Layer 3 (afroxlmr) — Worst 5 (cosine) ===
2025-12-15 09:49:50,153 - INFO - 1. pcm: cos=1.0000
2025-12-15 09:49:50,153 - INFO - 2. swa: cos=1.0000
2025-12-15 09:49:50,153 - INFO - 3. hau: cos=1.0000
2025-12-15 09:49:50,153 - INFO - 4. bbj: cos=1.0000
2025-12-15 09:49:50,153 - INFO - 5. tsn: cos=1.0000
2025-12-15 09:49:50,273 - INFO - === Layer 4 (afroxlmr) — Top 5 (cosine) ===
2025-12-15 09:49:50,273 - INFO - 1. lug: cos=1.0000
2025-12-15 09:49:50,273 - INFO - 2. ibo: cos=1.0000
2025-12-15 09:49:50,273 - INFO - 3. zul: cos=1.0000
2025-12-15 09:49:50,273 - INFO - 4. twi: cos=1.0000
2025-12-15 09:49:50,273 - INFO - 5. xho: cos=1.0000
2025-12-15 09:49:50,274 - INFO - === Layer 4 (afroxlmr) — Worst 5 (cosine) ===
2025-12-15 09:49:50,274 - INFO - 1. pcm: cos=1.0000
2025-12-15 09:49:50,274 - INFO - 2. swa: cos=1.0000
2025-12-15 09:49:50,274 - INFO - 3. hau: cos=1.0000
2025-12-15 09:49:50,274 - INFO - 4. tsn: cos=1.0000
2025-12-15 09:49:50,274 - INFO - 5. bbj: cos=1.0000
2025-12-15 09:49:50,392 - INFO - === Layer 5 (afroxlmr) — Top 5 (cosine) ===
2025-12-15 09:49:50,392 - INFO - 1. lug: cos=1.0000
2025-12-15 09:49:50,392 - INFO - 2. nya: cos=1.0000
2025-12-15 09:49:50,392 - INFO - 3. tsn: cos=1.0000
2025-12-15 09:49:50,392 - INFO - 4. twi: cos=1.0000
2025-12-15 09:49:50,392 - INFO - 5. ibo: cos=1.0000
2025-12-15 09:49:50,392 - INFO - === Layer 5 (afroxlmr) — Worst 5 (cosine) ===
2025-12-15 09:49:50,392 - INFO - 1. pcm: cos=1.0000
2025-12-15 09:49:50,392 - INFO - 2. bbj: cos=1.0000
2025-12-15 09:49:50,392 - INFO - 3. mos: cos=1.0000
2025-12-15 09:49:50,392 - INFO - 4. swa: cos=1.0000
2025-12-15 09:49:50,392 - INFO - 5. fon: cos=1.0000
2025-12-15 09:49:50,511 - INFO - === Layer 6 (afroxlmr) — Top 5 (cosine) ===
2025-12-15 09:49:50,511 - INFO - 1. nya: cos=1.0000
2025-12-15 09:49:50,511 - INFO - 2. ibo: cos=1.0000
2025-12-15 09:49:50,511 - INFO - 3. lug: cos=1.0000
2025-12-15 09:49:50,511 - INFO - 4. twi: cos=1.0000
2025-12-15 09:49:50,511 - INFO - 5. sna: cos=1.0000
2025-12-15 09:49:50,511 - INFO - === Layer 6 (afroxlmr) — Worst 5 (cosine) ===
2025-12-15 09:49:50,511 - INFO - 1. pcm: cos=1.0000
2025-12-15 09:49:50,511 - INFO - 2. bbj: cos=1.0000
2025-12-15 09:49:50,511 - INFO - 3. fon: cos=1.0000
2025-12-15 09:49:50,511 - INFO - 4. swa: cos=1.0000
2025-12-15 09:49:50,511 - INFO - 5. yor: cos=1.0000
2025-12-15 09:49:50,629 - INFO - === Layer 7 (afroxlmr) — Top 5 (cosine) ===
2025-12-15 09:49:50,629 - INFO - 1. lug: cos=1.0000
2025-12-15 09:49:50,629 - INFO - 2. xho: cos=1.0000
2025-12-15 09:49:50,629 - INFO - 3. ibo: cos=1.0000
2025-12-15 09:49:50,629 - INFO - 4. yor: cos=1.0000
2025-12-15 09:49:50,629 - INFO - 5. nya: cos=1.0000
2025-12-15 09:49:50,629 - INFO - === Layer 7 (afroxlmr) — Worst 5 (cosine) ===
2025-12-15 09:49:50,629 - INFO - 1. pcm: cos=1.0000
2025-12-15 09:49:50,629 - INFO - 2. swa: cos=1.0000
2025-12-15 09:49:50,629 - INFO - 3. twi: cos=1.0000
2025-12-15 09:49:50,629 - INFO - 4. ewe: cos=1.0000
2025-12-15 09:49:50,629 - INFO - 5. hau: cos=1.0000
2025-12-15 09:49:50,747 - INFO - === Layer 8 (afroxlmr) — Top 5 (cosine) ===
2025-12-15 09:49:50,747 - INFO - 1. zul: cos=1.0000
2025-12-15 09:49:50,747 - INFO - 2. nya: cos=1.0000
2025-12-15 09:49:50,747 - INFO - 3. lug: cos=1.0000
2025-12-15 09:49:50,747 - INFO - 4. ibo: cos=1.0000
2025-12-15 09:49:50,747 - INFO - 5. xho: cos=0.9999
2025-12-15 09:49:50,747 - INFO - === Layer 8 (afroxlmr) — Worst 5 (cosine) ===
2025-12-15 09:49:50,747 - INFO - 1. pcm: cos=0.9997
2025-12-15 09:49:50,747 - INFO - 2. swa: cos=0.9998
2025-12-15 09:49:50,747 - INFO - 3. hau: cos=0.9999
2025-12-15 09:49:50,747 - INFO - 4. fon: cos=0.9999
2025-12-15 09:49:50,747 - INFO - 5. twi: cos=0.9999
2025-12-15 09:49:50,928 - INFO - === Layer 9 (afroxlmr) — Top 5 (cosine) ===
2025-12-15 09:49:50,928 - INFO - 1. mos: cos=0.9999
2025-12-15 09:49:50,928 - INFO - 2. twi: cos=0.9999
2025-12-15 09:49:50,928 - INFO - 3. ibo: cos=0.9998
2025-12-15 09:49:50,928 - INFO - 4. sna: cos=0.9998
2025-12-15 09:49:50,928 - INFO - 5. zul: cos=0.9998
2025-12-15 09:49:50,928 - INFO - === Layer 9 (afroxlmr) — Worst 5 (cosine) ===
2025-12-15 09:49:50,928 - INFO - 1. pcm: cos=0.9994
2025-12-15 09:49:50,928 - INFO - 2. swa: cos=0.9994
2025-12-15 09:49:50,928 - INFO - 3. tsn: cos=0.9996
2025-12-15 09:49:50,928 - INFO - 4. wol: cos=0.9997
2025-12-15 09:49:50,928 - INFO - 5. hau: cos=0.9997
2025-12-15 09:49:51,046 - INFO - === Layer 10 (afroxlmr) — Top 5 (cosine) ===
2025-12-15 09:49:51,046 - INFO - 1. lug: cos=0.9996
2025-12-15 09:49:51,047 - INFO - 2. twi: cos=0.9994
2025-12-15 09:49:51,047 - INFO - 3. ibo: cos=0.9994
2025-12-15 09:49:51,047 - INFO - 4. bam: cos=0.9992
2025-12-15 09:49:51,047 - INFO - 5. luo: cos=0.9992
2025-12-15 09:49:51,047 - INFO - === Layer 10 (afroxlmr) — Worst 5 (cosine) ===
2025-12-15 09:49:51,047 - INFO - 1. pcm: cos=0.9976
2025-12-15 09:49:51,047 - INFO - 2. bbj: cos=0.9981
2025-12-15 09:49:51,047 - INFO - 3. yor: cos=0.9983
2025-12-15 09:49:51,047 - INFO - 4. swa: cos=0.9984
2025-12-15 09:49:51,047 - INFO - 5. sna: cos=0.9985
2025-12-15 09:49:51,164 - INFO - === Layer 11 (afroxlmr) — Top 5 (cosine) ===
2025-12-15 09:49:51,165 - INFO - 1. lug: cos=0.9942
2025-12-15 09:49:51,165 - INFO - 2. twi: cos=0.9913
2025-12-15 09:49:51,165 - INFO - 3. ewe: cos=0.9912
2025-12-15 09:49:51,165 - INFO - 4. mos: cos=0.9910
2025-12-15 09:49:51,165 - INFO - 5. luo: cos=0.9909
2025-12-15 09:49:51,165 - INFO - === Layer 11 (afroxlmr) — Worst 5 (cosine) ===
2025-12-15 09:49:51,165 - INFO - 1. yor: cos=0.9810
2025-12-15 09:49:51,165 - INFO - 2. zul: cos=0.9818
2025-12-15 09:49:51,165 - INFO - 3. nya: cos=0.9846
2025-12-15 09:49:51,165 - INFO - 4. swa: cos=0.9856
2025-12-15 09:49:51,165 - INFO - 5. hau: cos=0.9861
2025-12-15 09:49:51,282 - INFO - === Layer 12 (afroxlmr) — Top 5 (cosine) ===
2025-12-15 09:49:51,282 - INFO - 1. lug: cos=0.9493
2025-12-15 09:49:51,282 - INFO - 2. kin: cos=0.8833
2025-12-15 09:49:51,282 - INFO - 3. luo: cos=0.8581
2025-12-15 09:49:51,282 - INFO - 4. nya: cos=0.8515
2025-12-15 09:49:51,282 - INFO - 5. ibo: cos=0.8482
2025-12-15 09:49:51,282 - INFO - === Layer 12 (afroxlmr) — Worst 5 (cosine) ===
2025-12-15 09:49:51,282 - INFO - 1. yor: cos=0.6808
2025-12-15 09:49:51,282 - INFO - 2. bbj: cos=0.6895
2025-12-15 09:49:51,282 - INFO - 3. fon: cos=0.7574
2025-12-15 09:49:51,282 - INFO - 4. mos: cos=0.7882
2025-12-15 09:49:51,282 - INFO - 5. hau: cos=0.7965
2025-12-15 09:49:51,283 - INFO - Experiment finished successfully.
