2025-08-03 07:49:05,382 - INFO - Experiment started with model_type=mbert, use_cls=False, use_context=True, context_window=3, use_hybrid=False, max_tokens_per_type=200, output_dir=rq2_train_scripts/Embeddings/MEXA_inspired_strategy/outputs/mptc/mbert/config_2_clsfalse_ctxtrue_hybfalse/tokens_200_ctx3
2025-08-03 07:49:06,434 - INFO - Processing run
2025-08-03 07:49:07,715 - INFO - Processing bam
2025-08-03 07:49:09,175 - INFO - Processing bbj
2025-08-03 07:49:10,620 - INFO - Processing ewe
2025-08-03 07:49:12,060 - INFO - Processing fon
2025-08-03 07:49:13,523 - INFO - Processing hau
2025-08-03 07:49:14,983 - INFO - Processing ibo
2025-08-03 07:49:16,481 - INFO - Processing kin
2025-08-03 07:49:17,955 - INFO - Processing lug
2025-08-03 07:49:19,401 - INFO - Processing luo
2025-08-03 07:49:20,873 - INFO - Processing mos
2025-08-03 07:49:22,332 - INFO - Processing nya
2025-08-03 07:49:23,804 - INFO - Processing pcm
2025-08-03 07:49:25,254 - INFO - Processing sna
2025-08-03 07:49:26,716 - INFO - Processing swa
2025-08-03 07:49:28,180 - INFO - Processing tsn
2025-08-03 07:49:29,621 - INFO - Processing twi
2025-08-03 07:49:31,082 - INFO - Processing wol
2025-08-03 07:49:32,538 - INFO - Processing xho
2025-08-03 07:49:33,985 - INFO - Processing yor
2025-08-03 07:49:35,469 - INFO - Processing zul
2025-08-03 07:49:37,343 - INFO - Top 5 languages most similar to Runyankore:
2025-08-03 07:49:37,344 - INFO - 1. lug - Mean Similarity: 0.8765
2025-08-03 07:49:37,344 - INFO - 2. kin - Mean Similarity: 0.8601
2025-08-03 07:49:37,344 - INFO - 3. nya - Mean Similarity: 0.8513
2025-08-03 07:49:37,344 - INFO - 4. xho - Mean Similarity: 0.8476
2025-08-03 07:49:37,344 - INFO - 5. zul - Mean Similarity: 0.8416
2025-08-03 07:49:37,344 - INFO - Experiment finished successfully.
