2025-08-02 14:58:20,994 - INFO - Experiment started with model_type=xlmr, use_cls=True, use_context=False, context_window=1, use_hybrid=False, max_tokens_per_type=500, output_dir=rq2_train_scripts/Embeddings/MEXA_inspired_strategy/outputs/salt/xlmr/config_1_clstrue_ctxfalse_hybfalse/tokens_500_ctx1
2025-08-02 14:58:22,828 - INFO - Processing run
2025-08-02 14:58:35,979 - INFO - Processing bam
2025-08-02 14:58:48,691 - INFO - Processing bbj
2025-08-02 14:59:02,374 - INFO - Processing ewe
2025-08-02 14:59:16,373 - INFO - Processing fon
2025-08-02 14:59:29,994 - INFO - Processing hau
2025-08-02 14:59:44,665 - INFO - Processing ibo
2025-08-02 14:59:58,253 - INFO - Processing kin
2025-08-02 15:00:12,002 - INFO - Processing lug
2025-08-02 15:00:25,775 - INFO - Processing luo
2025-08-02 15:00:39,278 - INFO - Processing mos
2025-08-02 15:00:53,402 - INFO - Processing nya
2025-08-02 15:01:07,528 - INFO - Processing pcm
2025-08-02 15:01:21,087 - INFO - Processing sna
2025-08-02 15:01:34,644 - INFO - Processing swa
2025-08-02 15:01:48,987 - INFO - Processing tsn
2025-08-02 15:02:02,737 - INFO - Processing twi
2025-08-02 15:02:16,657 - INFO - Processing wol
2025-08-02 15:02:30,327 - INFO - Processing xho
2025-08-02 15:02:44,860 - INFO - Processing yor
2025-08-02 15:02:58,355 - INFO - Processing zul
2025-08-02 15:03:12,963 - INFO - Top 5 languages most similar to Runyankore:
2025-08-02 15:03:12,964 - INFO - 1. lug - Mean Similarity: 1.0000
2025-08-02 15:03:12,964 - INFO - 2. luo - Mean Similarity: 0.9999
2025-08-02 15:03:12,964 - INFO - 3. twi - Mean Similarity: 0.9999
2025-08-02 15:03:12,964 - INFO - 4. nya - Mean Similarity: 0.9999
2025-08-02 15:03:12,964 - INFO - 5. kin - Mean Similarity: 0.9999
2025-08-02 15:03:12,964 - INFO - Experiment finished successfully.
