2025-08-02 22:14:52,850 - INFO - Experiment started with model_type=mbert, use_cls=False, use_context=True, context_window=1, use_hybrid=False, max_tokens_per_type=300, output_dir=rq2_train_scripts/Embeddings/MEXA_inspired_strategy/outputs/combined/mbert/config_2_clsfalse_ctxtrue_hybfalse/tokens_300_ctx1
2025-08-02 22:14:54,031 - INFO - Processing run
2025-08-02 22:14:56,645 - INFO - Processing bam
2025-08-02 22:14:58,857 - INFO - Processing bbj
2025-08-02 22:15:01,106 - INFO - Processing ewe
2025-08-02 22:15:03,348 - INFO - Processing fon
2025-08-02 22:15:05,606 - INFO - Processing hau
2025-08-02 22:15:07,880 - INFO - Processing ibo
2025-08-02 22:15:10,192 - INFO - Processing kin
2025-08-02 22:15:12,470 - INFO - Processing lug
2025-08-02 22:15:14,711 - INFO - Processing luo
2025-08-02 22:15:16,951 - INFO - Processing mos
2025-08-02 22:15:19,195 - INFO - Processing nya
2025-08-02 22:15:21,446 - INFO - Processing pcm
2025-08-02 22:15:23,699 - INFO - Processing sna
2025-08-02 22:15:25,952 - INFO - Processing swa
2025-08-02 22:15:28,200 - INFO - Processing tsn
2025-08-02 22:15:30,420 - INFO - Processing twi
2025-08-02 22:15:32,655 - INFO - Processing wol
2025-08-02 22:15:34,894 - INFO - Processing xho
2025-08-02 22:15:37,127 - INFO - Processing yor
2025-08-02 22:15:39,404 - INFO - Processing zul
2025-08-02 22:15:42,104 - INFO - Top 5 languages most similar to Runyankore:
2025-08-02 22:15:42,105 - INFO - 1. lug - Mean Similarity: 0.9393
2025-08-02 22:15:42,105 - INFO - 2. kin - Mean Similarity: 0.9307
2025-08-02 22:15:42,105 - INFO - 3. nya - Mean Similarity: 0.9028
2025-08-02 22:15:42,105 - INFO - 4. xho - Mean Similarity: 0.8985
2025-08-02 22:15:42,105 - INFO - 5. luo - Mean Similarity: 0.8973
2025-08-02 22:15:42,105 - INFO - Experiment finished successfully.
