2025-08-02 19:48:48,833 - INFO - Experiment started with model_type=xlmr, use_cls=False, use_context=True, context_window=0, use_hybrid=False, max_tokens_per_type=500, output_dir=rq2_train_scripts/Embeddings/MEXA_inspired_strategy/outputs/combined/xlmr/config_2_clsfalse_ctxtrue_hybfalse/tokens_500_ctx0
2025-08-02 19:48:50,598 - INFO - Processing run
2025-08-02 19:48:55,127 - INFO - Processing bam
2025-08-02 19:48:59,162 - INFO - Processing bbj
2025-08-02 19:49:03,708 - INFO - Processing ewe
2025-08-02 19:49:08,226 - INFO - Processing fon
2025-08-02 19:49:12,776 - INFO - Processing hau
2025-08-02 19:49:17,308 - INFO - Processing ibo
2025-08-02 19:49:21,880 - INFO - Processing kin
2025-08-02 19:49:26,392 - INFO - Processing lug
2025-08-02 19:49:30,866 - INFO - Processing luo
2025-08-02 19:49:35,364 - INFO - Processing mos
2025-08-02 19:49:39,882 - INFO - Processing nya
2025-08-02 19:49:44,411 - INFO - Processing pcm
2025-08-02 19:49:48,880 - INFO - Processing sna
2025-08-02 19:49:53,407 - INFO - Processing swa
2025-08-02 19:49:57,879 - INFO - Processing tsn
2025-08-02 19:50:02,356 - INFO - Processing twi
2025-08-02 19:50:06,852 - INFO - Processing wol
2025-08-02 19:50:11,398 - INFO - Processing xho
2025-08-02 19:50:15,968 - INFO - Processing yor
2025-08-02 19:50:20,608 - INFO - Processing zul
2025-08-02 19:50:25,585 - INFO - Top 5 languages most similar to Runyankore:
2025-08-02 19:50:25,585 - INFO - 1. lug - Mean Similarity: 0.9996
2025-08-02 19:50:25,585 - INFO - 2. kin - Mean Similarity: 0.9994
2025-08-02 19:50:25,585 - INFO - 3. luo - Mean Similarity: 0.9994
2025-08-02 19:50:25,585 - INFO - 4. twi - Mean Similarity: 0.9993
2025-08-02 19:50:25,585 - INFO - 5. ibo - Mean Similarity: 0.9993
2025-08-02 19:50:25,585 - INFO - Experiment finished successfully.
