2025-08-24 11:00:28,656 - INFO - Start: model_type=xlmr, run_both=False, use_cls=True, use_context=False, context_window=2, max_tokens_per_type=200, batch_size=32, seed=1, num_middle_layers=3, output_dir=rq2_train_scripts/Embeddings/EXTENDED/outputs/mptc_extended/xlmr/config_1_clstrue_ctxfalse_hybfalse/tokens_200_ctx2
2025-08-24 11:00:29,208 - INFO - xlmr: selected layer indices (hidden_states) = [2, 3, 10, 12]
2025-08-24 11:00:30,900 - INFO - Processing run
2025-08-24 11:00:31,363 - INFO - Processing bam
2025-08-24 11:00:31,506 - INFO - Processing bbj
2025-08-24 11:00:31,656 - INFO - Processing ewe
2025-08-24 11:00:31,796 - INFO - Processing fon
2025-08-24 11:00:31,971 - INFO - Processing hau
2025-08-24 11:00:32,117 - INFO - Processing ibo
2025-08-24 11:00:32,316 - INFO - Processing kin
2025-08-24 11:00:32,470 - INFO - Processing lug
2025-08-24 11:00:32,610 - INFO - Processing luo
2025-08-24 11:00:32,775 - INFO - Processing mos
2025-08-24 11:00:32,920 - INFO - Processing nya
2025-08-24 11:00:33,089 - INFO - Processing pcm
2025-08-24 11:00:33,222 - INFO - Processing sna
2025-08-24 11:00:33,386 - INFO - Processing swa
2025-08-24 11:00:33,524 - INFO - Processing tsn
2025-08-24 11:00:33,675 - INFO - Processing twi
2025-08-24 11:00:33,821 - INFO - Processing wol
2025-08-24 11:00:33,981 - INFO - Processing xho
2025-08-24 11:00:34,136 - INFO - Processing yor
2025-08-24 11:00:34,319 - INFO - Processing zul
2025-08-24 11:00:34,814 - INFO - Layer 2 (xlmr) — Top 5
2025-08-24 11:00:34,814 - INFO - 1. tsn: r=1.0000
2025-08-24 11:00:34,814 - INFO - 2. nya: r=1.0000
2025-08-24 11:00:34,814 - INFO - 3. zul: r=1.0000
2025-08-24 11:00:34,814 - INFO - 4. kin: r=1.0000
2025-08-24 11:00:34,814 - INFO - 5. twi: r=1.0000
2025-08-24 11:00:34,814 - INFO - Layer 2 (xlmr) — Worst 5
2025-08-24 11:00:34,814 - INFO - 1. hau: r=0.9999
2025-08-24 11:00:34,814 - INFO - 2. bam: r=0.9999
2025-08-24 11:00:34,814 - INFO - 3. pcm: r=0.9999
2025-08-24 11:00:34,814 - INFO - 4. bbj: r=0.9999
2025-08-24 11:00:34,814 - INFO - 5. fon: r=0.9999
2025-08-24 11:00:34,931 - INFO - Layer 3 (xlmr) — Top 5
2025-08-24 11:00:34,931 - INFO - 1. twi: r=1.0000
2025-08-24 11:00:34,931 - INFO - 2. ewe: r=1.0000
2025-08-24 11:00:34,931 - INFO - 3. luo: r=1.0000
2025-08-24 11:00:34,931 - INFO - 4. kin: r=1.0000
2025-08-24 11:00:34,931 - INFO - 5. zul: r=1.0000
2025-08-24 11:00:34,931 - INFO - Layer 3 (xlmr) — Worst 5
2025-08-24 11:00:34,931 - INFO - 1. pcm: r=1.0000
2025-08-24 11:00:34,931 - INFO - 2. bbj: r=1.0000
2025-08-24 11:00:34,931 - INFO - 3. fon: r=1.0000
2025-08-24 11:00:34,931 - INFO - 4. bam: r=1.0000
2025-08-24 11:00:34,931 - INFO - 5. swa: r=1.0000
2025-08-24 11:00:35,047 - INFO - Layer 10 (xlmr) — Top 5
2025-08-24 11:00:35,047 - INFO - 1. tsn: r=1.0000
2025-08-24 11:00:35,047 - INFO - 2. kin: r=1.0000
2025-08-24 11:00:35,047 - INFO - 3. nya: r=1.0000
2025-08-24 11:00:35,047 - INFO - 4. zul: r=1.0000
2025-08-24 11:00:35,047 - INFO - 5. luo: r=1.0000
2025-08-24 11:00:35,047 - INFO - Layer 10 (xlmr) — Worst 5
2025-08-24 11:00:35,047 - INFO - 1. fon: r=1.0000
2025-08-24 11:00:35,047 - INFO - 2. hau: r=1.0000
2025-08-24 11:00:35,047 - INFO - 3. pcm: r=1.0000
2025-08-24 11:00:35,047 - INFO - 4. bbj: r=1.0000
2025-08-24 11:00:35,047 - INFO - 5. ibo: r=1.0000
2025-08-24 11:00:35,163 - INFO - Layer 12 (xlmr) — Top 5
2025-08-24 11:00:35,163 - INFO - 1. luo: r=0.9999
2025-08-24 11:00:35,163 - INFO - 2. wol: r=0.9999
2025-08-24 11:00:35,163 - INFO - 3. sna: r=0.9999
2025-08-24 11:00:35,163 - INFO - 4. kin: r=0.9999
2025-08-24 11:00:35,163 - INFO - 5. ibo: r=0.9999
2025-08-24 11:00:35,163 - INFO - Layer 12 (xlmr) — Worst 5
2025-08-24 11:00:35,163 - INFO - 1. hau: r=0.9950
2025-08-24 11:00:35,163 - INFO - 2. fon: r=0.9991
2025-08-24 11:00:35,163 - INFO - 3. pcm: r=0.9995
2025-08-24 11:00:35,163 - INFO - 4. twi: r=0.9996
2025-08-24 11:00:35,163 - INFO - 5. bbj: r=0.9996
2025-08-24 11:00:35,164 - INFO - Experiment finished successfully.
