2025-08-27 07:49:59,467 - INFO - Start: model_type=xlmr, use_cls=True, use_context=True, context_window=3, max_tokens_per_type=400, batch_size=64, output_dir=rq2_train_scripts/Embeddings/CLEAN/outputs/combined/xlmr/config_3_clstrue_ctxtrue/tokens_400_ctx3, save_prototypes=False, seed=42, fp16=True, max_length=96, langs=all, layers=all, span_mode=bio, pool=mean, entity_tags={'DATE', 'LOC', 'ORG', 'PER'}, title_suffix='L=all, tokens=400, ctx=3, cls=true, fp16=true'
2025-08-27 07:50:01,370 - INFO - Processing run
2025-08-27 07:50:01,837 - INFO - Processing bam
2025-08-27 07:50:01,901 - INFO - Processing bbj
2025-08-27 07:50:01,953 - INFO - Processing ewe
2025-08-27 07:50:02,000 - INFO - Processing fon
2025-08-27 07:50:02,063 - INFO - Processing hau
2025-08-27 07:50:02,127 - INFO - Processing ibo
2025-08-27 07:50:02,223 - INFO - Processing kin
2025-08-27 07:50:02,291 - INFO - Processing lug
2025-08-27 07:50:02,352 - INFO - Processing luo
2025-08-27 07:50:02,414 - INFO - Processing mos
2025-08-27 07:50:02,490 - INFO - Processing nya
2025-08-27 07:50:02,561 - INFO - Processing pcm
2025-08-27 07:50:02,618 - INFO - Processing sna
2025-08-27 07:50:02,678 - INFO - Processing swa
2025-08-27 07:50:02,753 - INFO - Processing tsn
2025-08-27 07:50:02,801 - INFO - Processing twi
2025-08-27 07:50:02,862 - INFO - Processing wol
2025-08-27 07:50:02,931 - INFO - Processing xho
2025-08-27 07:50:02,982 - INFO - Processing yor
2025-08-27 07:50:03,069 - INFO - Processing zul
2025-08-27 07:50:03,576 - INFO - === Layer 1 (xlmr) — Top 5 (cosine) ===
2025-08-27 07:50:03,576 - INFO - 1. lug: cos=1.0000
2025-08-27 07:50:03,576 - INFO - 2. kin: cos=1.0000
2025-08-27 07:50:03,576 - INFO - 3. sna: cos=1.0000
2025-08-27 07:50:03,576 - INFO - 4. nya: cos=1.0000
2025-08-27 07:50:03,576 - INFO - 5. tsn: cos=1.0000
2025-08-27 07:50:03,576 - INFO - === Layer 1 (xlmr) — Worst 5 (cosine) ===
2025-08-27 07:50:03,576 - INFO - 1. bam: cos=0.9997
2025-08-27 07:50:03,576 - INFO - 2. fon: cos=0.9997
2025-08-27 07:50:03,576 - INFO - 3. ewe: cos=0.9999
2025-08-27 07:50:03,576 - INFO - 4. yor: cos=0.9999
2025-08-27 07:50:03,576 - INFO - 5. hau: cos=0.9999
2025-08-27 07:50:03,698 - INFO - === Layer 2 (xlmr) — Top 5 (cosine) ===
2025-08-27 07:50:03,698 - INFO - 1. kin: cos=1.0000
2025-08-27 07:50:03,698 - INFO - 2. nya: cos=1.0000
2025-08-27 07:50:03,698 - INFO - 3. sna: cos=1.0000
2025-08-27 07:50:03,698 - INFO - 4. lug: cos=1.0000
2025-08-27 07:50:03,698 - INFO - 5. tsn: cos=1.0000
2025-08-27 07:50:03,698 - INFO - === Layer 2 (xlmr) — Worst 5 (cosine) ===
2025-08-27 07:50:03,699 - INFO - 1. bam: cos=1.0000
2025-08-27 07:50:03,699 - INFO - 2. fon: cos=1.0000
2025-08-27 07:50:03,699 - INFO - 3. hau: cos=1.0000
2025-08-27 07:50:03,699 - INFO - 4. yor: cos=1.0000
2025-08-27 07:50:03,699 - INFO - 5. swa: cos=1.0000
2025-08-27 07:50:03,828 - INFO - === Layer 3 (xlmr) — Top 5 (cosine) ===
2025-08-27 07:50:03,828 - INFO - 1. kin: cos=1.0000
2025-08-27 07:50:03,828 - INFO - 2. sna: cos=1.0000
2025-08-27 07:50:03,828 - INFO - 3. nya: cos=1.0000
2025-08-27 07:50:03,828 - INFO - 4. lug: cos=1.0000
2025-08-27 07:50:03,828 - INFO - 5. xho: cos=1.0000
2025-08-27 07:50:03,828 - INFO - === Layer 3 (xlmr) — Worst 5 (cosine) ===
2025-08-27 07:50:03,829 - INFO - 1. pcm: cos=1.0000
2025-08-27 07:50:03,829 - INFO - 2. swa: cos=1.0000
2025-08-27 07:50:03,829 - INFO - 3. fon: cos=1.0000
2025-08-27 07:50:03,829 - INFO - 4. ewe: cos=1.0000
2025-08-27 07:50:03,829 - INFO - 5. bbj: cos=1.0000
2025-08-27 07:50:03,957 - INFO - === Layer 4 (xlmr) — Top 5 (cosine) ===
2025-08-27 07:50:03,957 - INFO - 1. zul: cos=1.0000
2025-08-27 07:50:03,957 - INFO - 2. lug: cos=1.0000
2025-08-27 07:50:03,957 - INFO - 3. wol: cos=1.0000
2025-08-27 07:50:03,957 - INFO - 4. ibo: cos=1.0000
2025-08-27 07:50:03,957 - INFO - 5. nya: cos=1.0000
2025-08-27 07:50:03,957 - INFO - === Layer 4 (xlmr) — Worst 5 (cosine) ===
2025-08-27 07:50:03,957 - INFO - 1. pcm: cos=1.0000
2025-08-27 07:50:03,957 - INFO - 2. hau: cos=1.0000
2025-08-27 07:50:03,957 - INFO - 3. swa: cos=1.0000
2025-08-27 07:50:03,957 - INFO - 4. fon: cos=1.0000
2025-08-27 07:50:03,957 - INFO - 5. sna: cos=1.0000
2025-08-27 07:50:04,087 - INFO - === Layer 5 (xlmr) — Top 5 (cosine) ===
2025-08-27 07:50:04,087 - INFO - 1. lug: cos=1.0000
2025-08-27 07:50:04,087 - INFO - 2. sna: cos=1.0000
2025-08-27 07:50:04,087 - INFO - 3. kin: cos=1.0000
2025-08-27 07:50:04,087 - INFO - 4. nya: cos=1.0000
2025-08-27 07:50:04,087 - INFO - 5. zul: cos=1.0000
2025-08-27 07:50:04,087 - INFO - === Layer 5 (xlmr) — Worst 5 (cosine) ===
2025-08-27 07:50:04,087 - INFO - 1. bam: cos=1.0000
2025-08-27 07:50:04,087 - INFO - 2. fon: cos=1.0000
2025-08-27 07:50:04,087 - INFO - 3. twi: cos=1.0000
2025-08-27 07:50:04,087 - INFO - 4. bbj: cos=1.0000
2025-08-27 07:50:04,087 - INFO - 5. swa: cos=1.0000
2025-08-27 07:50:04,216 - INFO - === Layer 6 (xlmr) — Top 5 (cosine) ===
2025-08-27 07:50:04,216 - INFO - 1. lug: cos=1.0000
2025-08-27 07:50:04,216 - INFO - 2. sna: cos=1.0000
2025-08-27 07:50:04,216 - INFO - 3. nya: cos=1.0000
2025-08-27 07:50:04,216 - INFO - 4. tsn: cos=1.0000
2025-08-27 07:50:04,216 - INFO - 5. kin: cos=1.0000
2025-08-27 07:50:04,216 - INFO - === Layer 6 (xlmr) — Worst 5 (cosine) ===
2025-08-27 07:50:04,216 - INFO - 1. bam: cos=1.0000
2025-08-27 07:50:04,216 - INFO - 2. fon: cos=1.0000
2025-08-27 07:50:04,216 - INFO - 3. twi: cos=1.0000
2025-08-27 07:50:04,216 - INFO - 4. bbj: cos=1.0000
2025-08-27 07:50:04,216 - INFO - 5. swa: cos=1.0000
2025-08-27 07:50:04,344 - INFO - === Layer 7 (xlmr) — Top 5 (cosine) ===
2025-08-27 07:50:04,344 - INFO - 1. lug: cos=1.0000
2025-08-27 07:50:04,344 - INFO - 2. ibo: cos=1.0000
2025-08-27 07:50:04,344 - INFO - 3. tsn: cos=1.0000
2025-08-27 07:50:04,344 - INFO - 4. kin: cos=1.0000
2025-08-27 07:50:04,344 - INFO - 5. bam: cos=1.0000
2025-08-27 07:50:04,344 - INFO - === Layer 7 (xlmr) — Worst 5 (cosine) ===
2025-08-27 07:50:04,344 - INFO - 1. yor: cos=1.0000
2025-08-27 07:50:04,344 - INFO - 2. pcm: cos=1.0000
2025-08-27 07:50:04,344 - INFO - 3. ewe: cos=1.0000
2025-08-27 07:50:04,344 - INFO - 4. bbj: cos=1.0000
2025-08-27 07:50:04,344 - INFO - 5. sna: cos=1.0000
2025-08-27 07:50:04,546 - INFO - === Layer 8 (xlmr) — Top 5 (cosine) ===
2025-08-27 07:50:04,547 - INFO - 1. kin: cos=1.0000
2025-08-27 07:50:04,547 - INFO - 2. sna: cos=1.0000
2025-08-27 07:50:04,547 - INFO - 3. nya: cos=1.0000
2025-08-27 07:50:04,547 - INFO - 4. lug: cos=1.0000
2025-08-27 07:50:04,547 - INFO - 5. wol: cos=1.0000
2025-08-27 07:50:04,547 - INFO - === Layer 8 (xlmr) — Worst 5 (cosine) ===
2025-08-27 07:50:04,547 - INFO - 1. swa: cos=1.0000
2025-08-27 07:50:04,547 - INFO - 2. hau: cos=1.0000
2025-08-27 07:50:04,547 - INFO - 3. bbj: cos=1.0000
2025-08-27 07:50:04,547 - INFO - 4. pcm: cos=1.0000
2025-08-27 07:50:04,547 - INFO - 5. yor: cos=1.0000
2025-08-27 07:50:04,674 - INFO - === Layer 9 (xlmr) — Top 5 (cosine) ===
2025-08-27 07:50:04,674 - INFO - 1. kin: cos=1.0000
2025-08-27 07:50:04,674 - INFO - 2. hau: cos=1.0000
2025-08-27 07:50:04,674 - INFO - 3. bbj: cos=1.0000
2025-08-27 07:50:04,674 - INFO - 4. twi: cos=1.0000
2025-08-27 07:50:04,674 - INFO - 5. mos: cos=1.0000
2025-08-27 07:50:04,674 - INFO - === Layer 9 (xlmr) — Worst 5 (cosine) ===
2025-08-27 07:50:04,674 - INFO - 1. yor: cos=1.0000
2025-08-27 07:50:04,674 - INFO - 2. zul: cos=1.0000
2025-08-27 07:50:04,674 - INFO - 3. ewe: cos=1.0000
2025-08-27 07:50:04,674 - INFO - 4. luo: cos=1.0000
2025-08-27 07:50:04,674 - INFO - 5. xho: cos=1.0000
2025-08-27 07:50:04,802 - INFO - === Layer 10 (xlmr) — Top 5 (cosine) ===
2025-08-27 07:50:04,802 - INFO - 1. ibo: cos=1.0000
2025-08-27 07:50:04,802 - INFO - 2. twi: cos=1.0000
2025-08-27 07:50:04,802 - INFO - 3. kin: cos=1.0000
2025-08-27 07:50:04,802 - INFO - 4. hau: cos=1.0000
2025-08-27 07:50:04,802 - INFO - 5. sna: cos=1.0000
2025-08-27 07:50:04,802 - INFO - === Layer 10 (xlmr) — Worst 5 (cosine) ===
2025-08-27 07:50:04,802 - INFO - 1. pcm: cos=1.0000
2025-08-27 07:50:04,802 - INFO - 2. tsn: cos=1.0000
2025-08-27 07:50:04,802 - INFO - 3. luo: cos=1.0000
2025-08-27 07:50:04,802 - INFO - 4. swa: cos=1.0000
2025-08-27 07:50:04,802 - INFO - 5. lug: cos=1.0000
2025-08-27 07:50:04,930 - INFO - === Layer 11 (xlmr) — Top 5 (cosine) ===
2025-08-27 07:50:04,930 - INFO - 1. kin: cos=1.0000
2025-08-27 07:50:04,930 - INFO - 2. xho: cos=1.0000
2025-08-27 07:50:04,930 - INFO - 3. sna: cos=1.0000
2025-08-27 07:50:04,930 - INFO - 4. zul: cos=1.0000
2025-08-27 07:50:04,930 - INFO - 5. nya: cos=1.0000
2025-08-27 07:50:04,930 - INFO - === Layer 11 (xlmr) — Worst 5 (cosine) ===
2025-08-27 07:50:04,930 - INFO - 1. yor: cos=0.9999
2025-08-27 07:50:04,930 - INFO - 2. fon: cos=0.9999
2025-08-27 07:50:04,930 - INFO - 3. pcm: cos=0.9999
2025-08-27 07:50:04,930 - INFO - 4. mos: cos=0.9999
2025-08-27 07:50:04,930 - INFO - 5. bbj: cos=0.9999
2025-08-27 07:50:05,058 - INFO - === Layer 12 (xlmr) — Top 5 (cosine) ===
2025-08-27 07:50:05,058 - INFO - 1. pcm: cos=0.9995
2025-08-27 07:50:05,058 - INFO - 2. sna: cos=0.9993
2025-08-27 07:50:05,058 - INFO - 3. mos: cos=0.9984
2025-08-27 07:50:05,058 - INFO - 4. kin: cos=0.9983
2025-08-27 07:50:05,058 - INFO - 5. bbj: cos=0.9981
2025-08-27 07:50:05,058 - INFO - === Layer 12 (xlmr) — Worst 5 (cosine) ===
2025-08-27 07:50:05,058 - INFO - 1. zul: cos=0.9785
2025-08-27 07:50:05,058 - INFO - 2. fon: cos=0.9843
2025-08-27 07:50:05,058 - INFO - 3. xho: cos=0.9874
2025-08-27 07:50:05,058 - INFO - 4. nya: cos=0.9923
2025-08-27 07:50:05,058 - INFO - 5. lug: cos=0.9948
2025-08-27 07:50:05,059 - INFO - Experiment finished successfully.
