2025-08-03 08:31:47,821 - INFO - Experiment started with model_type=mbert, use_cls=True, use_context=False, context_window=3, use_hybrid=True, max_tokens_per_type=200, output_dir=rq2_train_scripts/Embeddings/MEXA_inspired_strategy/outputs/mptc/mbert/config_5_clstrue_ctxfalse_hybtrue/tokens_200_ctx3
2025-08-03 08:31:48,960 - INFO - Processing run
2025-08-03 08:31:50,211 - INFO - Processing bam
2025-08-03 08:31:51,616 - INFO - Processing bbj
2025-08-03 08:31:53,007 - INFO - Processing ewe
2025-08-03 08:31:54,374 - INFO - Processing fon
2025-08-03 08:31:55,788 - INFO - Processing hau
2025-08-03 08:31:57,204 - INFO - Processing ibo
2025-08-03 08:31:58,657 - INFO - Processing kin
2025-08-03 08:32:00,054 - INFO - Processing lug
2025-08-03 08:32:01,439 - INFO - Processing luo
2025-08-03 08:32:02,846 - INFO - Processing mos
2025-08-03 08:32:04,260 - INFO - Processing nya
2025-08-03 08:32:05,673 - INFO - Processing pcm
2025-08-03 08:32:07,070 - INFO - Processing sna
2025-08-03 08:32:08,481 - INFO - Processing swa
2025-08-03 08:32:09,880 - INFO - Processing tsn
2025-08-03 08:32:11,264 - INFO - Processing twi
2025-08-03 08:32:12,660 - INFO - Processing wol
2025-08-03 08:32:14,063 - INFO - Processing xho
2025-08-03 08:32:15,471 - INFO - Processing yor
2025-08-03 08:32:16,916 - INFO - Processing zul
2025-08-03 08:32:18,772 - INFO - Top 5 languages most similar to Runyankore:
2025-08-03 08:32:18,772 - INFO - 1. lug - Mean Similarity: 0.6191
2025-08-03 08:32:18,772 - INFO - 2. kin - Mean Similarity: 0.6132
2025-08-03 08:32:18,772 - INFO - 3. luo - Mean Similarity: 0.6115
2025-08-03 08:32:18,772 - INFO - 4. twi - Mean Similarity: 0.6093
2025-08-03 08:32:18,772 - INFO - 5. swa - Mean Similarity: 0.6078
2025-08-03 08:32:18,772 - INFO - Experiment finished successfully.
