2025-12-15 09:41:37,018 - INFO - Start: model_type=afroxlmr, use_cls=False, use_context=True, context_window=3, max_tokens_per_type=200, batch_size=64, output_dir=rq2_train_scripts/Embeddings/CLEAN/outputs/combined/afroxlmr/config_2_clsfalse_ctxtrue/tokens_200_ctx3/core, save_prototypes=False, seed=42, fp16=True, max_length=96, langs=all, layers=all, span_mode=bio, pool=mean, entity_tags={'ORG', 'LOC', 'DATE', 'PER'}, title_suffix='L=all, tokens=200, ctx=3, cls=false, fp16=true'
2025-12-15 09:41:38,927 - INFO - Processing run
2025-12-15 09:41:39,357 - INFO - Processing bam
2025-12-15 09:41:39,433 - INFO - Processing bbj
2025-12-15 09:41:39,497 - INFO - Processing ewe
2025-12-15 09:41:39,563 - INFO - Processing fon
2025-12-15 09:41:39,647 - INFO - Processing hau
2025-12-15 09:41:39,732 - INFO - Processing ibo
2025-12-15 09:41:39,838 - INFO - Processing kin
2025-12-15 09:41:39,923 - INFO - Processing lug
2025-12-15 09:41:39,999 - INFO - Processing luo
2025-12-15 09:41:40,082 - INFO - Processing mos
2025-12-15 09:41:40,166 - INFO - Processing nya
2025-12-15 09:41:40,254 - INFO - Processing pcm
2025-12-15 09:41:40,328 - INFO - Processing sna
2025-12-15 09:41:40,411 - INFO - Processing swa
2025-12-15 09:41:40,493 - INFO - Processing tsn
2025-12-15 09:41:40,562 - INFO - Processing twi
2025-12-15 09:41:40,639 - INFO - Processing wol
2025-12-15 09:41:40,725 - INFO - Processing xho
2025-12-15 09:41:40,803 - INFO - Processing yor
2025-12-15 09:41:40,914 - INFO - Processing zul
2025-12-15 09:41:41,391 - INFO - === Layer 1 (afroxlmr) — Top 5 (cosine) ===
2025-12-15 09:41:41,391 - INFO - 1. kin: cos=0.8951
2025-12-15 09:41:41,391 - INFO - 2. twi: cos=0.8911
2025-12-15 09:41:41,391 - INFO - 3. tsn: cos=0.8827
2025-12-15 09:41:41,391 - INFO - 4. zul: cos=0.8789
2025-12-15 09:41:41,391 - INFO - 5. ibo: cos=0.8786
2025-12-15 09:41:41,391 - INFO - === Layer 1 (afroxlmr) — Worst 5 (cosine) ===
2025-12-15 09:41:41,391 - INFO - 1. pcm: cos=0.8102
2025-12-15 09:41:41,391 - INFO - 2. bam: cos=0.8134
2025-12-15 09:41:41,391 - INFO - 3. hau: cos=0.8152
2025-12-15 09:41:41,391 - INFO - 4. swa: cos=0.8173
2025-12-15 09:41:41,391 - INFO - 5. yor: cos=0.8176
2025-12-15 09:41:41,511 - INFO - === Layer 2 (afroxlmr) — Top 5 (cosine) ===
2025-12-15 09:41:41,511 - INFO - 1. twi: cos=0.9630
2025-12-15 09:41:41,511 - INFO - 2. kin: cos=0.9619
2025-12-15 09:41:41,511 - INFO - 3. lug: cos=0.9617
2025-12-15 09:41:41,511 - INFO - 4. tsn: cos=0.9599
2025-12-15 09:41:41,511 - INFO - 5. zul: cos=0.9591
2025-12-15 09:41:41,511 - INFO - === Layer 2 (afroxlmr) — Worst 5 (cosine) ===
2025-12-15 09:41:41,512 - INFO - 1. pcm: cos=0.9267
2025-12-15 09:41:41,512 - INFO - 2. swa: cos=0.9294
2025-12-15 09:41:41,512 - INFO - 3. hau: cos=0.9319
2025-12-15 09:41:41,512 - INFO - 4. yor: cos=0.9360
2025-12-15 09:41:41,512 - INFO - 5. bam: cos=0.9369
2025-12-15 09:41:41,632 - INFO - === Layer 3 (afroxlmr) — Top 5 (cosine) ===
2025-12-15 09:41:41,632 - INFO - 1. twi: cos=0.9713
2025-12-15 09:41:41,632 - INFO - 2. kin: cos=0.9691
2025-12-15 09:41:41,632 - INFO - 3. tsn: cos=0.9673
2025-12-15 09:41:41,632 - INFO - 4. lug: cos=0.9666
2025-12-15 09:41:41,632 - INFO - 5. zul: cos=0.9655
2025-12-15 09:41:41,632 - INFO - === Layer 3 (afroxlmr) — Worst 5 (cosine) ===
2025-12-15 09:41:41,632 - INFO - 1. hau: cos=0.9375
2025-12-15 09:41:41,632 - INFO - 2. swa: cos=0.9390
2025-12-15 09:41:41,632 - INFO - 3. pcm: cos=0.9396
2025-12-15 09:41:41,632 - INFO - 4. yor: cos=0.9444
2025-12-15 09:41:41,632 - INFO - 5. bam: cos=0.9518
2025-12-15 09:41:41,752 - INFO - === Layer 4 (afroxlmr) — Top 5 (cosine) ===
2025-12-15 09:41:41,752 - INFO - 1. twi: cos=0.9671
2025-12-15 09:41:41,752 - INFO - 2. tsn: cos=0.9629
2025-12-15 09:41:41,752 - INFO - 3. lug: cos=0.9622
2025-12-15 09:41:41,752 - INFO - 4. zul: cos=0.9574
2025-12-15 09:41:41,752 - INFO - 5. ibo: cos=0.9574
2025-12-15 09:41:41,752 - INFO - === Layer 4 (afroxlmr) — Worst 5 (cosine) ===
2025-12-15 09:41:41,752 - INFO - 1. hau: cos=0.9298
2025-12-15 09:41:41,752 - INFO - 2. pcm: cos=0.9305
2025-12-15 09:41:41,752 - INFO - 3. swa: cos=0.9309
2025-12-15 09:41:41,752 - INFO - 4. yor: cos=0.9351
2025-12-15 09:41:41,752 - INFO - 5. bbj: cos=0.9436
2025-12-15 09:41:41,872 - INFO - === Layer 5 (afroxlmr) — Top 5 (cosine) ===
2025-12-15 09:41:41,872 - INFO - 1. twi: cos=0.9665
2025-12-15 09:41:41,872 - INFO - 2. ewe: cos=0.9613
2025-12-15 09:41:41,872 - INFO - 3. tsn: cos=0.9586
2025-12-15 09:41:41,872 - INFO - 4. sna: cos=0.9581
2025-12-15 09:41:41,872 - INFO - 5. lug: cos=0.9579
2025-12-15 09:41:41,872 - INFO - === Layer 5 (afroxlmr) — Worst 5 (cosine) ===
2025-12-15 09:41:41,872 - INFO - 1. yor: cos=0.9300
2025-12-15 09:41:41,872 - INFO - 2. bam: cos=0.9423
2025-12-15 09:41:41,872 - INFO - 3. bbj: cos=0.9424
2025-12-15 09:41:41,872 - INFO - 4. hau: cos=0.9439
2025-12-15 09:41:41,872 - INFO - 5. swa: cos=0.9455
2025-12-15 09:41:41,992 - INFO - === Layer 6 (afroxlmr) — Top 5 (cosine) ===
2025-12-15 09:41:41,992 - INFO - 1. twi: cos=0.9687
2025-12-15 09:41:41,992 - INFO - 2. lug: cos=0.9631
2025-12-15 09:41:41,992 - INFO - 3. ewe: cos=0.9629
2025-12-15 09:41:41,992 - INFO - 4. tsn: cos=0.9613
2025-12-15 09:41:41,992 - INFO - 5. nya: cos=0.9610
2025-12-15 09:41:41,992 - INFO - === Layer 6 (afroxlmr) — Worst 5 (cosine) ===
2025-12-15 09:41:41,992 - INFO - 1. yor: cos=0.9371
2025-12-15 09:41:41,992 - INFO - 2. bbj: cos=0.9466
2025-12-15 09:41:41,992 - INFO - 3. swa: cos=0.9476
2025-12-15 09:41:41,992 - INFO - 4. hau: cos=0.9492
2025-12-15 09:41:41,992 - INFO - 5. bam: cos=0.9505
2025-12-15 09:41:42,112 - INFO - === Layer 7 (afroxlmr) — Top 5 (cosine) ===
2025-12-15 09:41:42,112 - INFO - 1. lug: cos=0.9745
2025-12-15 09:41:42,112 - INFO - 2. twi: cos=0.9743
2025-12-15 09:41:42,112 - INFO - 3. nya: cos=0.9697
2025-12-15 09:41:42,112 - INFO - 4. sna: cos=0.9685
2025-12-15 09:41:42,112 - INFO - 5. pcm: cos=0.9670
2025-12-15 09:41:42,112 - INFO - === Layer 7 (afroxlmr) — Worst 5 (cosine) ===
2025-12-15 09:41:42,112 - INFO - 1. yor: cos=0.9453
2025-12-15 09:41:42,112 - INFO - 2. bbj: cos=0.9559
2025-12-15 09:41:42,112 - INFO - 3. bam: cos=0.9585
2025-12-15 09:41:42,112 - INFO - 4. mos: cos=0.9602
2025-12-15 09:41:42,112 - INFO - 5. swa: cos=0.9606
2025-12-15 09:41:42,294 - INFO - === Layer 8 (afroxlmr) — Top 5 (cosine) ===
2025-12-15 09:41:42,294 - INFO - 1. lug: cos=0.9735
2025-12-15 09:41:42,294 - INFO - 2. twi: cos=0.9723
2025-12-15 09:41:42,294 - INFO - 3. ewe: cos=0.9708
2025-12-15 09:41:42,294 - INFO - 4. mos: cos=0.9701
2025-12-15 09:41:42,294 - INFO - 5. sna: cos=0.9679
2025-12-15 09:41:42,294 - INFO - === Layer 8 (afroxlmr) — Worst 5 (cosine) ===
2025-12-15 09:41:42,294 - INFO - 1. bbj: cos=0.9428
2025-12-15 09:41:42,294 - INFO - 2. yor: cos=0.9468
2025-12-15 09:41:42,294 - INFO - 3. xho: cos=0.9570
2025-12-15 09:41:42,295 - INFO - 4. bam: cos=0.9579
2025-12-15 09:41:42,295 - INFO - 5. zul: cos=0.9607
2025-12-15 09:41:42,414 - INFO - === Layer 9 (afroxlmr) — Top 5 (cosine) ===
2025-12-15 09:41:42,414 - INFO - 1. lug: cos=0.9775
2025-12-15 09:41:42,414 - INFO - 2. ewe: cos=0.9743
2025-12-15 09:41:42,414 - INFO - 3. twi: cos=0.9743
2025-12-15 09:41:42,414 - INFO - 4. mos: cos=0.9723
2025-12-15 09:41:42,414 - INFO - 5. pcm: cos=0.9710
2025-12-15 09:41:42,414 - INFO - === Layer 9 (afroxlmr) — Worst 5 (cosine) ===
2025-12-15 09:41:42,414 - INFO - 1. bbj: cos=0.9441
2025-12-15 09:41:42,414 - INFO - 2. yor: cos=0.9495
2025-12-15 09:41:42,414 - INFO - 3. zul: cos=0.9498
2025-12-15 09:41:42,414 - INFO - 4. swa: cos=0.9578
2025-12-15 09:41:42,414 - INFO - 5. xho: cos=0.9595
2025-12-15 09:41:42,533 - INFO - === Layer 10 (afroxlmr) — Top 5 (cosine) ===
2025-12-15 09:41:42,533 - INFO - 1. lug: cos=0.9784
2025-12-15 09:41:42,533 - INFO - 2. twi: cos=0.9724
2025-12-15 09:41:42,533 - INFO - 3. ewe: cos=0.9717
2025-12-15 09:41:42,533 - INFO - 4. mos: cos=0.9676
2025-12-15 09:41:42,533 - INFO - 5. pcm: cos=0.9670
2025-12-15 09:41:42,533 - INFO - === Layer 10 (afroxlmr) — Worst 5 (cosine) ===
2025-12-15 09:41:42,533 - INFO - 1. kin: cos=0.9273
2025-12-15 09:41:42,533 - INFO - 2. zul: cos=0.9343
2025-12-15 09:41:42,533 - INFO - 3. bbj: cos=0.9393
2025-12-15 09:41:42,533 - INFO - 4. yor: cos=0.9399
2025-12-15 09:41:42,533 - INFO - 5. xho: cos=0.9457
2025-12-15 09:41:42,652 - INFO - === Layer 11 (afroxlmr) — Top 5 (cosine) ===
2025-12-15 09:41:42,652 - INFO - 1. lug: cos=0.9746
2025-12-15 09:41:42,652 - INFO - 2. swa: cos=0.9694
2025-12-15 09:41:42,652 - INFO - 3. tsn: cos=0.9678
2025-12-15 09:41:42,652 - INFO - 4. nya: cos=0.9674
2025-12-15 09:41:42,652 - INFO - 5. pcm: cos=0.9669
2025-12-15 09:41:42,652 - INFO - === Layer 11 (afroxlmr) — Worst 5 (cosine) ===
2025-12-15 09:41:42,652 - INFO - 1. bbj: cos=0.9397
2025-12-15 09:41:42,652 - INFO - 2. xho: cos=0.9503
2025-12-15 09:41:42,652 - INFO - 3. yor: cos=0.9506
2025-12-15 09:41:42,652 - INFO - 4. zul: cos=0.9510
2025-12-15 09:41:42,652 - INFO - 5. kin: cos=0.9530
2025-12-15 09:41:42,771 - INFO - === Layer 12 (afroxlmr) — Top 5 (cosine) ===
2025-12-15 09:41:42,771 - INFO - 1. nya: cos=0.9589
2025-12-15 09:41:42,771 - INFO - 2. tsn: cos=0.9587
2025-12-15 09:41:42,771 - INFO - 3. wol: cos=0.9583
2025-12-15 09:41:42,771 - INFO - 4. ibo: cos=0.9507
2025-12-15 09:41:42,771 - INFO - 5. bam: cos=0.9474
2025-12-15 09:41:42,771 - INFO - === Layer 12 (afroxlmr) — Worst 5 (cosine) ===
2025-12-15 09:41:42,771 - INFO - 1. swa: cos=0.8770
2025-12-15 09:41:42,771 - INFO - 2. hau: cos=0.8786
2025-12-15 09:41:42,771 - INFO - 3. fon: cos=0.8812
2025-12-15 09:41:42,771 - INFO - 4. twi: cos=0.8900
2025-12-15 09:41:42,771 - INFO - 5. sna: cos=0.8926
2025-12-15 09:41:42,772 - INFO - Experiment finished successfully.
