2025-08-03 03:26:20,863 - INFO - Experiment started with model_type=mbert, use_cls=False, use_context=True, context_window=3, use_hybrid=True, max_tokens_per_type=400, output_dir=rq2_train_scripts/Embeddings/MEXA_inspired_strategy/outputs/salt/mbert/config_6_clsfalse_ctxtrue_hybtrue/tokens_400_ctx3
2025-08-03 03:26:21,885 - INFO - Processing run
2025-08-03 03:26:24,921 - INFO - Processing bam
2025-08-03 03:26:27,596 - INFO - Processing bbj
2025-08-03 03:26:30,470 - INFO - Processing ewe
2025-08-03 03:26:33,344 - INFO - Processing fon
2025-08-03 03:26:36,242 - INFO - Processing hau
2025-08-03 03:26:39,140 - INFO - Processing ibo
2025-08-03 03:26:42,080 - INFO - Processing kin
2025-08-03 03:26:45,001 - INFO - Processing lug
2025-08-03 03:26:47,886 - INFO - Processing luo
2025-08-03 03:26:50,793 - INFO - Processing mos
2025-08-03 03:26:53,691 - INFO - Processing nya
2025-08-03 03:26:56,614 - INFO - Processing pcm
2025-08-03 03:26:59,507 - INFO - Processing sna
2025-08-03 03:27:02,421 - INFO - Processing swa
2025-08-03 03:27:05,296 - INFO - Processing tsn
2025-08-03 03:27:08,138 - INFO - Processing twi
2025-08-03 03:27:11,003 - INFO - Processing wol
2025-08-03 03:27:13,867 - INFO - Processing xho
2025-08-03 03:27:16,719 - INFO - Processing yor
2025-08-03 03:27:19,619 - INFO - Processing zul
2025-08-03 03:27:22,956 - INFO - Top 5 languages most similar to Runyankore:
2025-08-03 03:27:22,956 - INFO - 1. lug - Mean Similarity: 0.6317
2025-08-03 03:27:22,956 - INFO - 2. kin - Mean Similarity: 0.5944
2025-08-03 03:27:22,956 - INFO - 3. nya - Mean Similarity: 0.5752
2025-08-03 03:27:22,956 - INFO - 4. xho - Mean Similarity: 0.5703
2025-08-03 03:27:22,956 - INFO - 5. sna - Mean Similarity: 0.5657
2025-08-03 03:27:22,956 - INFO - Experiment finished successfully.
