2025-08-24 11:51:13,307 - INFO - Start: model_type=mbert, run_both=False, use_cls=True, use_context=True, context_window=3, max_tokens_per_type=500, batch_size=32, seed=1, num_middle_layers=3, output_dir=rq2_train_scripts/Embeddings/EXTENDED/outputs/salt_extended/mbert/config_7_clstrue_ctxtrue_hybtrue/tokens_500_ctx3
2025-08-24 11:51:13,914 - INFO - mbert: selected layer indices (hidden_states) = [2, 3, 10, 12]
2025-08-24 11:51:14,771 - INFO - Processing run
2025-08-24 11:51:15,352 - INFO - Processing bam
2025-08-24 11:51:15,538 - INFO - Processing bbj
2025-08-24 11:51:15,697 - INFO - Processing ewe
2025-08-24 11:51:15,850 - INFO - Processing fon
2025-08-24 11:51:16,016 - INFO - Processing hau
2025-08-24 11:51:16,176 - INFO - Processing ibo
2025-08-24 11:51:16,382 - INFO - Processing kin
2025-08-24 11:51:16,574 - INFO - Processing lug
2025-08-24 11:51:16,759 - INFO - Processing luo
2025-08-24 11:51:16,926 - INFO - Processing mos
2025-08-24 11:51:17,082 - INFO - Processing nya
2025-08-24 11:51:17,253 - INFO - Processing pcm
2025-08-24 11:51:17,368 - INFO - Processing sna
2025-08-24 11:51:17,536 - INFO - Processing swa
2025-08-24 11:51:17,672 - INFO - Processing tsn
2025-08-24 11:51:17,799 - INFO - Processing twi
2025-08-24 11:51:17,953 - INFO - Processing wol
2025-08-24 11:51:18,173 - INFO - Processing xho
2025-08-24 11:51:18,361 - INFO - Processing yor
2025-08-24 11:51:18,602 - INFO - Processing zul
2025-08-24 11:51:19,040 - INFO - Layer 2 (mbert) — Top 5
2025-08-24 11:51:19,040 - INFO - 1. lug: r=1.0000
2025-08-24 11:51:19,040 - INFO - 2. nya: r=1.0000
2025-08-24 11:51:19,040 - INFO - 3. sna: r=1.0000
2025-08-24 11:51:19,040 - INFO - 4. hau: r=1.0000
2025-08-24 11:51:19,040 - INFO - 5. xho: r=0.9999
2025-08-24 11:51:19,040 - INFO - Layer 2 (mbert) — Worst 5
2025-08-24 11:51:19,040 - INFO - 1. yor: r=0.9998
2025-08-24 11:51:19,040 - INFO - 2. fon: r=0.9998
2025-08-24 11:51:19,040 - INFO - 3. pcm: r=0.9998
2025-08-24 11:51:19,040 - INFO - 4. bbj: r=0.9999
2025-08-24 11:51:19,040 - INFO - 5. ewe: r=0.9999
2025-08-24 11:51:19,162 - INFO - Layer 3 (mbert) — Top 5
2025-08-24 11:51:19,162 - INFO - 1. lug: r=1.0000
2025-08-24 11:51:19,162 - INFO - 2. nya: r=1.0000
2025-08-24 11:51:19,162 - INFO - 3. sna: r=1.0000
2025-08-24 11:51:19,162 - INFO - 4. kin: r=1.0000
2025-08-24 11:51:19,162 - INFO - 5. hau: r=1.0000
2025-08-24 11:51:19,162 - INFO - Layer 3 (mbert) — Worst 5
2025-08-24 11:51:19,162 - INFO - 1. yor: r=0.9999
2025-08-24 11:51:19,162 - INFO - 2. pcm: r=0.9999
2025-08-24 11:51:19,162 - INFO - 3. bbj: r=0.9999
2025-08-24 11:51:19,162 - INFO - 4. fon: r=0.9999
2025-08-24 11:51:19,162 - INFO - 5. swa: r=1.0000
2025-08-24 11:51:19,284 - INFO - Layer 10 (mbert) — Top 5
2025-08-24 11:51:19,284 - INFO - 1. lug: r=0.9939
2025-08-24 11:51:19,284 - INFO - 2. kin: r=0.9913
2025-08-24 11:51:19,284 - INFO - 3. sna: r=0.9911
2025-08-24 11:51:19,284 - INFO - 4. nya: r=0.9905
2025-08-24 11:51:19,284 - INFO - 5. xho: r=0.9896
2025-08-24 11:51:19,284 - INFO - Layer 10 (mbert) — Worst 5
2025-08-24 11:51:19,284 - INFO - 1. yor: r=0.9637
2025-08-24 11:51:19,284 - INFO - 2. pcm: r=0.9637
2025-08-24 11:51:19,284 - INFO - 3. bbj: r=0.9672
2025-08-24 11:51:19,284 - INFO - 4. swa: r=0.9680
2025-08-24 11:51:19,284 - INFO - 5. fon: r=0.9692
2025-08-24 11:51:19,405 - INFO - Layer 12 (mbert) — Top 5
2025-08-24 11:51:19,406 - INFO - 1. lug: r=0.9935
2025-08-24 11:51:19,406 - INFO - 2. nya: r=0.9917
2025-08-24 11:51:19,406 - INFO - 3. kin: r=0.9912
2025-08-24 11:51:19,406 - INFO - 4. sna: r=0.9910
2025-08-24 11:51:19,406 - INFO - 5. xho: r=0.9885
2025-08-24 11:51:19,406 - INFO - Layer 12 (mbert) — Worst 5
2025-08-24 11:51:19,406 - INFO - 1. bbj: r=0.9189
2025-08-24 11:51:19,406 - INFO - 2. fon: r=0.9306
2025-08-24 11:51:19,406 - INFO - 3. pcm: r=0.9522
2025-08-24 11:51:19,406 - INFO - 4. yor: r=0.9534
2025-08-24 11:51:19,406 - INFO - 5. mos: r=0.9700
2025-08-24 11:51:19,407 - INFO - Experiment finished successfully.
