2025-08-03 06:44:27,653 - INFO - Experiment started with model_type=xlmr, use_cls=False, use_context=True, context_window=2, use_hybrid=True, max_tokens_per_type=300, output_dir=rq2_train_scripts/Embeddings/MEXA_inspired_strategy/outputs/mptc/xlmr/config_6_clsfalse_ctxtrue_hybtrue/tokens_300_ctx2
2025-08-03 06:44:29,142 - INFO - Processing run
2025-08-03 06:44:31,007 - INFO - Processing bam
2025-08-03 06:44:33,593 - INFO - Processing bbj
2025-08-03 06:44:36,210 - INFO - Processing ewe
2025-08-03 06:44:38,825 - INFO - Processing fon
2025-08-03 06:44:41,446 - INFO - Processing hau
2025-08-03 06:44:44,089 - INFO - Processing ibo
2025-08-03 06:44:46,758 - INFO - Processing kin
2025-08-03 06:44:49,410 - INFO - Processing lug
2025-08-03 06:44:52,018 - INFO - Processing luo
2025-08-03 06:44:54,651 - INFO - Processing mos
2025-08-03 06:44:57,279 - INFO - Processing nya
2025-08-03 06:44:59,942 - INFO - Processing pcm
2025-08-03 06:45:02,557 - INFO - Processing sna
2025-08-03 06:45:05,219 - INFO - Processing swa
2025-08-03 06:45:07,840 - INFO - Processing tsn
2025-08-03 06:45:10,454 - INFO - Processing twi
2025-08-03 06:45:13,087 - INFO - Processing wol
2025-08-03 06:45:15,732 - INFO - Processing xho
2025-08-03 06:45:18,374 - INFO - Processing yor
2025-08-03 06:45:21,046 - INFO - Processing zul
2025-08-03 06:45:24,152 - INFO - Top 5 languages most similar to Runyankore:
2025-08-03 06:45:24,152 - INFO - 1. lug - Mean Similarity: 0.7882
2025-08-03 06:45:24,152 - INFO - 2. kin - Mean Similarity: 0.7705
2025-08-03 06:45:24,152 - INFO - 3. nya - Mean Similarity: 0.7643
2025-08-03 06:45:24,152 - INFO - 4. sna - Mean Similarity: 0.7635
2025-08-03 06:45:24,152 - INFO - 5. luo - Mean Similarity: 0.7619
2025-08-03 06:45:24,152 - INFO - Experiment finished successfully.
