2025-08-27 17:40:55,893 - INFO - Start: model_type=xlmr, use_cls=True, use_context=False, context_window=2, max_tokens_per_type=200, batch_size=64, output_dir=rq2_train_scripts/Embeddings/CLEAN/outputs/salt/xlmr/config_1_clstrue_ctxfalse/tokens_200_ctx2/core, save_prototypes=False, seed=42, fp16=True, max_length=96, langs=all, layers=all, span_mode=bio, pool=mean, entity_tags={'DATE', 'PER', 'ORG', 'LOC'}, title_suffix='L=all, tokens=200, ctx=2, cls=true, fp16=true'
2025-08-27 17:40:57,982 - INFO - Processing run
2025-08-27 17:40:58,389 - INFO - Processing bam
2025-08-27 17:40:58,443 - INFO - Processing bbj
2025-08-27 17:40:58,474 - INFO - Processing ewe
2025-08-27 17:40:58,509 - INFO - Processing fon
2025-08-27 17:40:58,559 - INFO - Processing hau
2025-08-27 17:40:58,617 - INFO - Processing ibo
2025-08-27 17:40:58,693 - INFO - Processing kin
2025-08-27 17:40:58,758 - INFO - Processing lug
2025-08-27 17:40:58,808 - INFO - Processing luo
2025-08-27 17:40:58,858 - INFO - Processing mos
2025-08-27 17:40:58,914 - INFO - Processing nya
2025-08-27 17:40:58,993 - INFO - Processing pcm
2025-08-27 17:40:59,060 - INFO - Processing sna
2025-08-27 17:40:59,108 - INFO - Processing swa
2025-08-27 17:40:59,175 - INFO - Processing tsn
2025-08-27 17:40:59,211 - INFO - Processing twi
2025-08-27 17:40:59,267 - INFO - Processing wol
2025-08-27 17:40:59,321 - INFO - Processing xho
2025-08-27 17:40:59,364 - INFO - Processing yor
2025-08-27 17:40:59,439 - INFO - Processing zul
2025-08-27 17:40:59,919 - INFO - === Layer 1 (xlmr) — Top 5 (cosine) ===
2025-08-27 17:40:59,919 - INFO - 1. twi: cos=0.9999
2025-08-27 17:40:59,919 - INFO - 2. luo: cos=0.9999
2025-08-27 17:40:59,919 - INFO - 3. kin: cos=0.9999
2025-08-27 17:40:59,919 - INFO - 4. ewe: cos=0.9998
2025-08-27 17:40:59,919 - INFO - 5. ibo: cos=0.9998
2025-08-27 17:40:59,919 - INFO - === Layer 1 (xlmr) — Worst 5 (cosine) ===
2025-08-27 17:40:59,919 - INFO - 1. hau: cos=0.9992
2025-08-27 17:40:59,919 - INFO - 2. pcm: cos=0.9994
2025-08-27 17:40:59,919 - INFO - 3. bbj: cos=0.9995
2025-08-27 17:40:59,919 - INFO - 4. bam: cos=0.9996
2025-08-27 17:40:59,919 - INFO - 5. swa: cos=0.9996
2025-08-27 17:41:00,094 - INFO - === Layer 2 (xlmr) — Top 5 (cosine) ===
2025-08-27 17:41:00,094 - INFO - 1. kin: cos=1.0000
2025-08-27 17:41:00,094 - INFO - 2. twi: cos=1.0000
2025-08-27 17:41:00,094 - INFO - 3. luo: cos=1.0000
2025-08-27 17:41:00,094 - INFO - 4. zul: cos=1.0000
2025-08-27 17:41:00,094 - INFO - 5. ewe: cos=1.0000
2025-08-27 17:41:00,094 - INFO - === Layer 2 (xlmr) — Worst 5 (cosine) ===
2025-08-27 17:41:00,094 - INFO - 1. pcm: cos=0.9999
2025-08-27 17:41:00,094 - INFO - 2. hau: cos=0.9999
2025-08-27 17:41:00,094 - INFO - 3. swa: cos=0.9999
2025-08-27 17:41:00,094 - INFO - 4. bbj: cos=0.9999
2025-08-27 17:41:00,094 - INFO - 5. xho: cos=0.9999
2025-08-27 17:41:00,230 - INFO - === Layer 3 (xlmr) — Top 5 (cosine) ===
2025-08-27 17:41:00,230 - INFO - 1. kin: cos=1.0000
2025-08-27 17:41:00,230 - INFO - 2. twi: cos=1.0000
2025-08-27 17:41:00,230 - INFO - 3. luo: cos=1.0000
2025-08-27 17:41:00,230 - INFO - 4. lug: cos=1.0000
2025-08-27 17:41:00,230 - INFO - 5. zul: cos=1.0000
2025-08-27 17:41:00,230 - INFO - === Layer 3 (xlmr) — Worst 5 (cosine) ===
2025-08-27 17:41:00,230 - INFO - 1. pcm: cos=1.0000
2025-08-27 17:41:00,230 - INFO - 2. swa: cos=1.0000
2025-08-27 17:41:00,230 - INFO - 3. yor: cos=1.0000
2025-08-27 17:41:00,230 - INFO - 4. xho: cos=1.0000
2025-08-27 17:41:00,230 - INFO - 5. sna: cos=1.0000
2025-08-27 17:41:00,364 - INFO - === Layer 4 (xlmr) — Top 5 (cosine) ===
2025-08-27 17:41:00,364 - INFO - 1. kin: cos=1.0000
2025-08-27 17:41:00,364 - INFO - 2. twi: cos=1.0000
2025-08-27 17:41:00,364 - INFO - 3. tsn: cos=1.0000
2025-08-27 17:41:00,364 - INFO - 4. bbj: cos=1.0000
2025-08-27 17:41:00,364 - INFO - 5. zul: cos=1.0000
2025-08-27 17:41:00,364 - INFO - === Layer 4 (xlmr) — Worst 5 (cosine) ===
2025-08-27 17:41:00,364 - INFO - 1. pcm: cos=1.0000
2025-08-27 17:41:00,364 - INFO - 2. yor: cos=1.0000
2025-08-27 17:41:00,364 - INFO - 3. hau: cos=1.0000
2025-08-27 17:41:00,364 - INFO - 4. bam: cos=1.0000
2025-08-27 17:41:00,364 - INFO - 5. nya: cos=1.0000
2025-08-27 17:41:00,498 - INFO - === Layer 5 (xlmr) — Top 5 (cosine) ===
2025-08-27 17:41:00,498 - INFO - 1. mos: cos=1.0000
2025-08-27 17:41:00,498 - INFO - 2. ewe: cos=1.0000
2025-08-27 17:41:00,498 - INFO - 3. bbj: cos=1.0000
2025-08-27 17:41:00,498 - INFO - 4. twi: cos=1.0000
2025-08-27 17:41:00,498 - INFO - 5. zul: cos=1.0000
2025-08-27 17:41:00,498 - INFO - === Layer 5 (xlmr) — Worst 5 (cosine) ===
2025-08-27 17:41:00,498 - INFO - 1. yor: cos=1.0000
2025-08-27 17:41:00,498 - INFO - 2. hau: cos=1.0000
2025-08-27 17:41:00,498 - INFO - 3. pcm: cos=1.0000
2025-08-27 17:41:00,498 - INFO - 4. swa: cos=1.0000
2025-08-27 17:41:00,498 - INFO - 5. kin: cos=1.0000
2025-08-27 17:41:00,631 - INFO - === Layer 6 (xlmr) — Top 5 (cosine) ===
2025-08-27 17:41:00,631 - INFO - 1. mos: cos=1.0000
2025-08-27 17:41:00,631 - INFO - 2. nya: cos=1.0000
2025-08-27 17:41:00,631 - INFO - 3. bbj: cos=1.0000
2025-08-27 17:41:00,631 - INFO - 4. twi: cos=1.0000
2025-08-27 17:41:00,631 - INFO - 5. ewe: cos=1.0000
2025-08-27 17:41:00,631 - INFO - === Layer 6 (xlmr) — Worst 5 (cosine) ===
2025-08-27 17:41:00,631 - INFO - 1. yor: cos=1.0000
2025-08-27 17:41:00,631 - INFO - 2. hau: cos=1.0000
2025-08-27 17:41:00,631 - INFO - 3. luo: cos=1.0000
2025-08-27 17:41:00,632 - INFO - 4. swa: cos=1.0000
2025-08-27 17:41:00,632 - INFO - 5. pcm: cos=1.0000
2025-08-27 17:41:00,781 - INFO - === Layer 7 (xlmr) — Top 5 (cosine) ===
2025-08-27 17:41:00,781 - INFO - 1. lug: cos=1.0000
2025-08-27 17:41:00,781 - INFO - 2. twi: cos=1.0000
2025-08-27 17:41:00,781 - INFO - 3. bbj: cos=1.0000
2025-08-27 17:41:00,781 - INFO - 4. swa: cos=1.0000
2025-08-27 17:41:00,781 - INFO - 5. ibo: cos=1.0000
2025-08-27 17:41:00,781 - INFO - === Layer 7 (xlmr) — Worst 5 (cosine) ===
2025-08-27 17:41:00,781 - INFO - 1. luo: cos=1.0000
2025-08-27 17:41:00,781 - INFO - 2. pcm: cos=1.0000
2025-08-27 17:41:00,781 - INFO - 3. tsn: cos=1.0000
2025-08-27 17:41:00,781 - INFO - 4. hau: cos=1.0000
2025-08-27 17:41:00,781 - INFO - 5. sna: cos=1.0000
2025-08-27 17:41:00,984 - INFO - === Layer 8 (xlmr) — Top 5 (cosine) ===
2025-08-27 17:41:00,984 - INFO - 1. zul: cos=1.0000
2025-08-27 17:41:00,984 - INFO - 2. ewe: cos=1.0000
2025-08-27 17:41:00,984 - INFO - 3. tsn: cos=1.0000
2025-08-27 17:41:00,984 - INFO - 4. lug: cos=1.0000
2025-08-27 17:41:00,984 - INFO - 5. nya: cos=1.0000
2025-08-27 17:41:00,984 - INFO - === Layer 8 (xlmr) — Worst 5 (cosine) ===
2025-08-27 17:41:00,984 - INFO - 1. pcm: cos=0.9998
2025-08-27 17:41:00,984 - INFO - 2. bbj: cos=0.9999
2025-08-27 17:41:00,984 - INFO - 3. fon: cos=0.9999
2025-08-27 17:41:00,984 - INFO - 4. ibo: cos=0.9999
2025-08-27 17:41:00,984 - INFO - 5. hau: cos=0.9999
2025-08-27 17:41:01,114 - INFO - === Layer 9 (xlmr) — Top 5 (cosine) ===
2025-08-27 17:41:01,114 - INFO - 1. zul: cos=1.0000
2025-08-27 17:41:01,114 - INFO - 2. ewe: cos=1.0000
2025-08-27 17:41:01,114 - INFO - 3. bam: cos=1.0000
2025-08-27 17:41:01,114 - INFO - 4. lug: cos=1.0000
2025-08-27 17:41:01,114 - INFO - 5. wol: cos=1.0000
2025-08-27 17:41:01,114 - INFO - === Layer 9 (xlmr) — Worst 5 (cosine) ===
2025-08-27 17:41:01,114 - INFO - 1. pcm: cos=0.9999
2025-08-27 17:41:01,114 - INFO - 2. ibo: cos=1.0000
2025-08-27 17:41:01,114 - INFO - 3. hau: cos=1.0000
2025-08-27 17:41:01,114 - INFO - 4. luo: cos=1.0000
2025-08-27 17:41:01,114 - INFO - 5. sna: cos=1.0000
2025-08-27 17:41:01,245 - INFO - === Layer 10 (xlmr) — Top 5 (cosine) ===
2025-08-27 17:41:01,245 - INFO - 1. swa: cos=1.0000
2025-08-27 17:41:01,246 - INFO - 2. ewe: cos=1.0000
2025-08-27 17:41:01,246 - INFO - 3. zul: cos=1.0000
2025-08-27 17:41:01,246 - INFO - 4. hau: cos=1.0000
2025-08-27 17:41:01,246 - INFO - 5. tsn: cos=1.0000
2025-08-27 17:41:01,246 - INFO - === Layer 10 (xlmr) — Worst 5 (cosine) ===
2025-08-27 17:41:01,246 - INFO - 1. bam: cos=0.9999
2025-08-27 17:41:01,246 - INFO - 2. pcm: cos=1.0000
2025-08-27 17:41:01,246 - INFO - 3. ibo: cos=1.0000
2025-08-27 17:41:01,246 - INFO - 4. yor: cos=1.0000
2025-08-27 17:41:01,246 - INFO - 5. fon: cos=1.0000
2025-08-27 17:41:01,377 - INFO - === Layer 11 (xlmr) — Top 5 (cosine) ===
2025-08-27 17:41:01,377 - INFO - 1. nya: cos=1.0000
2025-08-27 17:41:01,377 - INFO - 2. hau: cos=1.0000
2025-08-27 17:41:01,377 - INFO - 3. zul: cos=1.0000
2025-08-27 17:41:01,377 - INFO - 4. pcm: cos=1.0000
2025-08-27 17:41:01,377 - INFO - 5. yor: cos=1.0000
2025-08-27 17:41:01,377 - INFO - === Layer 11 (xlmr) — Worst 5 (cosine) ===
2025-08-27 17:41:01,377 - INFO - 1. kin: cos=0.9998
2025-08-27 17:41:01,377 - INFO - 2. luo: cos=0.9998
2025-08-27 17:41:01,377 - INFO - 3. mos: cos=0.9999
2025-08-27 17:41:01,377 - INFO - 4. bam: cos=0.9999
2025-08-27 17:41:01,377 - INFO - 5. lug: cos=0.9999
2025-08-27 17:41:01,507 - INFO - === Layer 12 (xlmr) — Top 5 (cosine) ===
2025-08-27 17:41:01,507 - INFO - 1. nya: cos=0.9999
2025-08-27 17:41:01,507 - INFO - 2. wol: cos=0.9999
2025-08-27 17:41:01,507 - INFO - 3. tsn: cos=0.9998
2025-08-27 17:41:01,507 - INFO - 4. ewe: cos=0.9998
2025-08-27 17:41:01,507 - INFO - 5. fon: cos=0.9998
2025-08-27 17:41:01,507 - INFO - === Layer 12 (xlmr) — Worst 5 (cosine) ===
2025-08-27 17:41:01,507 - INFO - 1. hau: cos=0.9676
2025-08-27 17:41:01,507 - INFO - 2. bam: cos=0.9970
2025-08-27 17:41:01,507 - INFO - 3. twi: cos=0.9984
2025-08-27 17:41:01,507 - INFO - 4. pcm: cos=0.9995
2025-08-27 17:41:01,507 - INFO - 5. kin: cos=0.9996
2025-08-27 17:41:01,508 - INFO - Experiment finished successfully.
