2025-08-24 11:52:52,572 - INFO - Start: model_type=mbert, run_both=False, use_cls=False, use_context=True, context_window=0, max_tokens_per_type=300, batch_size=32, seed=1, num_middle_layers=3, output_dir=rq2_train_scripts/Embeddings/EXTENDED/outputs/combined_extended/mbert/config_6_clsfalse_ctxtrue_hybtrue/tokens_300_ctx0
2025-08-24 11:52:53,088 - INFO - mbert: selected layer indices (hidden_states) = [2, 3, 10, 12]
2025-08-24 11:52:53,905 - INFO - Processing run
2025-08-24 11:52:54,432 - INFO - Processing bam
2025-08-24 11:52:54,535 - INFO - Processing bbj
2025-08-24 11:52:54,628 - INFO - Processing ewe
2025-08-24 11:52:54,715 - INFO - Processing fon
2025-08-24 11:52:54,824 - INFO - Processing hau
2025-08-24 11:52:54,927 - INFO - Processing ibo
2025-08-24 11:52:55,063 - INFO - Processing kin
2025-08-24 11:52:55,185 - INFO - Processing lug
2025-08-24 11:52:55,282 - INFO - Processing luo
2025-08-24 11:52:55,416 - INFO - Processing mos
2025-08-24 11:52:55,533 - INFO - Processing nya
2025-08-24 11:52:55,652 - INFO - Processing pcm
2025-08-24 11:52:55,779 - INFO - Processing sna
2025-08-24 11:52:55,915 - INFO - Processing swa
2025-08-24 11:52:56,041 - INFO - Processing tsn
2025-08-24 11:52:56,147 - INFO - Processing twi
2025-08-24 11:52:56,271 - INFO - Processing wol
2025-08-24 11:52:56,406 - INFO - Processing xho
2025-08-24 11:52:56,508 - INFO - Processing yor
2025-08-24 11:52:56,663 - INFO - Processing zul
2025-08-24 11:52:56,999 - INFO - Layer 2 (mbert) — Top 5
2025-08-24 11:52:56,999 - INFO - 1. lug: r=0.9324
2025-08-24 11:52:56,999 - INFO - 2. twi: r=0.9304
2025-08-24 11:52:56,999 - INFO - 3. kin: r=0.9301
2025-08-24 11:52:56,999 - INFO - 4. luo: r=0.9284
2025-08-24 11:52:56,999 - INFO - 5. swa: r=0.9228
2025-08-24 11:52:56,999 - INFO - Layer 2 (mbert) — Worst 5
2025-08-24 11:52:56,999 - INFO - 1. bbj: r=0.7705
2025-08-24 11:52:56,999 - INFO - 2. yor: r=0.7946
2025-08-24 11:52:56,999 - INFO - 3. fon: r=0.8291
2025-08-24 11:52:56,999 - INFO - 4. bam: r=0.8574
2025-08-24 11:52:56,999 - INFO - 5. mos: r=0.8717
2025-08-24 11:52:57,114 - INFO - Layer 3 (mbert) — Top 5
2025-08-24 11:52:57,114 - INFO - 1. kin: r=0.9575
2025-08-24 11:52:57,114 - INFO - 2. lug: r=0.9554
2025-08-24 11:52:57,114 - INFO - 3. luo: r=0.9533
2025-08-24 11:52:57,114 - INFO - 4. twi: r=0.9530
2025-08-24 11:52:57,114 - INFO - 5. swa: r=0.9470
2025-08-24 11:52:57,114 - INFO - Layer 3 (mbert) — Worst 5
2025-08-24 11:52:57,114 - INFO - 1. bbj: r=0.8519
2025-08-24 11:52:57,114 - INFO - 2. yor: r=0.8662
2025-08-24 11:52:57,114 - INFO - 3. fon: r=0.8868
2025-08-24 11:52:57,114 - INFO - 4. bam: r=0.9086
2025-08-24 11:52:57,114 - INFO - 5. mos: r=0.9200
2025-08-24 11:52:57,229 - INFO - Layer 10 (mbert) — Top 5
2025-08-24 11:52:57,230 - INFO - 1. lug: r=0.9852
2025-08-24 11:52:57,230 - INFO - 2. kin: r=0.9852
2025-08-24 11:52:57,230 - INFO - 3. twi: r=0.9843
2025-08-24 11:52:57,230 - INFO - 4. luo: r=0.9833
2025-08-24 11:52:57,230 - INFO - 5. swa: r=0.9829
2025-08-24 11:52:57,230 - INFO - Layer 10 (mbert) — Worst 5
2025-08-24 11:52:57,230 - INFO - 1. bbj: r=0.9493
2025-08-24 11:52:57,230 - INFO - 2. yor: r=0.9516
2025-08-24 11:52:57,230 - INFO - 3. fon: r=0.9625
2025-08-24 11:52:57,230 - INFO - 4. mos: r=0.9645
2025-08-24 11:52:57,230 - INFO - 5. pcm: r=0.9688
2025-08-24 11:52:57,347 - INFO - Layer 12 (mbert) — Top 5
2025-08-24 11:52:57,347 - INFO - 1. lug: r=0.9428
2025-08-24 11:52:57,347 - INFO - 2. kin: r=0.9376
2025-08-24 11:52:57,347 - INFO - 3. luo: r=0.9331
2025-08-24 11:52:57,347 - INFO - 4. twi: r=0.9324
2025-08-24 11:52:57,347 - INFO - 5. ibo: r=0.9214
2025-08-24 11:52:57,347 - INFO - Layer 12 (mbert) — Worst 5
2025-08-24 11:52:57,347 - INFO - 1. bbj: r=0.8037
2025-08-24 11:52:57,347 - INFO - 2. yor: r=0.8069
2025-08-24 11:52:57,347 - INFO - 3. fon: r=0.8645
2025-08-24 11:52:57,347 - INFO - 4. mos: r=0.8684
2025-08-24 11:52:57,347 - INFO - 5. pcm: r=0.8711
2025-08-24 11:52:57,348 - INFO - Experiment finished successfully.
