2025-08-02 14:07:20,650 - INFO - Experiment started with model_type=xlmr, use_cls=False, use_context=False, context_window=2, use_hybrid=False, max_tokens_per_type=200, output_dir=rq2_train_scripts/Embeddings/MEXA_inspired_strategy/outputs/salt/xlmr/config_0_clsfalse_ctxfalse_hybfalse/tokens_200_ctx2
2025-08-02 14:07:22,463 - INFO - Processing run
2025-08-02 14:07:28,419 - INFO - Processing bam
2025-08-02 14:07:34,174 - INFO - Processing bbj
2025-08-02 14:07:40,173 - INFO - Processing ewe
2025-08-02 14:07:45,572 - INFO - Processing fon
2025-08-02 14:07:50,988 - INFO - Processing hau
2025-08-02 14:07:56,413 - INFO - Processing ibo
2025-08-02 14:08:01,828 - INFO - Processing kin
2025-08-02 14:08:07,205 - INFO - Processing lug
2025-08-02 14:08:12,799 - INFO - Processing luo
2025-08-02 14:08:18,120 - INFO - Processing mos
2025-08-02 14:08:23,576 - INFO - Processing nya
2025-08-02 14:08:29,107 - INFO - Processing pcm
2025-08-02 14:08:34,491 - INFO - Processing sna
2025-08-02 14:08:40,176 - INFO - Processing swa
2025-08-02 14:08:46,129 - INFO - Processing tsn
2025-08-02 14:08:51,413 - INFO - Processing twi
2025-08-02 14:08:57,073 - INFO - Processing wol
2025-08-02 14:09:03,045 - INFO - Processing xho
2025-08-02 14:09:09,168 - INFO - Processing yor
2025-08-02 14:09:14,690 - INFO - Processing zul
2025-08-02 14:09:20,869 - INFO - Top 5 languages most similar to Runyankore:
2025-08-02 14:09:20,870 - INFO - 1. lug - Mean Similarity: 0.9995
2025-08-02 14:09:20,870 - INFO - 2. kin - Mean Similarity: 0.9994
2025-08-02 14:09:20,870 - INFO - 3. luo - Mean Similarity: 0.9994
2025-08-02 14:09:20,870 - INFO - 4. ibo - Mean Similarity: 0.9993
2025-08-02 14:09:20,870 - INFO - 5. twi - Mean Similarity: 0.9993
2025-08-02 14:09:20,870 - INFO - Experiment finished successfully.
