2025-08-02 21:51:44,278 - INFO - Experiment started with model_type=mbert, use_cls=False, use_context=False, context_window=3, use_hybrid=False, max_tokens_per_type=300, output_dir=rq2_train_scripts/Embeddings/MEXA_inspired_strategy/outputs/combined/mbert/config_0_clsfalse_ctxfalse_hybfalse/tokens_300_ctx3
2025-08-02 21:51:45,440 - INFO - Processing run
2025-08-02 21:51:48,027 - INFO - Processing bam
2025-08-02 21:51:50,218 - INFO - Processing bbj
2025-08-02 21:51:52,430 - INFO - Processing ewe
2025-08-02 21:51:54,637 - INFO - Processing fon
2025-08-02 21:51:56,875 - INFO - Processing hau
2025-08-02 21:51:59,126 - INFO - Processing ibo
2025-08-02 21:52:01,392 - INFO - Processing kin
2025-08-02 21:52:03,638 - INFO - Processing lug
2025-08-02 21:52:05,847 - INFO - Processing luo
2025-08-02 21:52:08,063 - INFO - Processing mos
2025-08-02 21:52:10,282 - INFO - Processing nya
2025-08-02 21:52:12,512 - INFO - Processing pcm
2025-08-02 21:52:14,711 - INFO - Processing sna
2025-08-02 21:52:16,947 - INFO - Processing swa
2025-08-02 21:52:19,163 - INFO - Processing tsn
2025-08-02 21:52:21,361 - INFO - Processing twi
2025-08-02 21:52:23,572 - INFO - Processing wol
2025-08-02 21:52:25,803 - INFO - Processing xho
2025-08-02 21:52:28,026 - INFO - Processing yor
2025-08-02 21:52:30,300 - INFO - Processing zul
2025-08-02 21:52:32,967 - INFO - Top 5 languages most similar to Runyankore:
2025-08-02 21:52:32,967 - INFO - 1. lug - Mean Similarity: 0.9566
2025-08-02 21:52:32,967 - INFO - 2. kin - Mean Similarity: 0.9485
2025-08-02 21:52:32,967 - INFO - 3. luo - Mean Similarity: 0.9456
2025-08-02 21:52:32,967 - INFO - 4. twi - Mean Similarity: 0.9391
2025-08-02 21:52:32,967 - INFO - 5. ibo - Mean Similarity: 0.9389
2025-08-02 21:52:32,967 - INFO - Experiment finished successfully.
