2025-08-24 11:20:53,055 - INFO - Start: model_type=xlmr, run_both=False, use_cls=True, use_context=True, context_window=0, max_tokens_per_type=500, batch_size=32, seed=1, num_middle_layers=3, output_dir=rq2_train_scripts/Embeddings/EXTENDED/outputs/salt_extended/xlmr/config_4_clstrue_ctxtrue_hybfalse/tokens_500_ctx0
2025-08-24 11:20:53,612 - INFO - xlmr: selected layer indices (hidden_states) = [2, 3, 10, 12]
2025-08-24 11:20:55,373 - INFO - Processing run
2025-08-24 11:20:56,029 - INFO - Processing bam
2025-08-24 11:20:56,346 - INFO - Processing bbj
2025-08-24 11:20:56,654 - INFO - Processing ewe
2025-08-24 11:20:56,959 - INFO - Processing fon
2025-08-24 11:20:57,262 - INFO - Processing hau
2025-08-24 11:20:57,564 - INFO - Processing ibo
2025-08-24 11:20:57,901 - INFO - Processing kin
2025-08-24 11:20:58,210 - INFO - Processing lug
2025-08-24 11:20:58,504 - INFO - Processing luo
2025-08-24 11:20:58,801 - INFO - Processing mos
2025-08-24 11:20:59,122 - INFO - Processing nya
2025-08-24 11:20:59,443 - INFO - Processing pcm
2025-08-24 11:20:59,722 - INFO - Processing sna
2025-08-24 11:21:00,035 - INFO - Processing swa
2025-08-24 11:21:00,321 - INFO - Processing tsn
2025-08-24 11:21:00,613 - INFO - Processing twi
2025-08-24 11:21:00,928 - INFO - Processing wol
2025-08-24 11:21:01,236 - INFO - Processing xho
2025-08-24 11:21:01,525 - INFO - Processing yor
2025-08-24 11:21:01,872 - INFO - Processing zul
2025-08-24 11:21:02,508 - INFO - Layer 2 (xlmr) — Top 5
2025-08-24 11:21:02,508 - INFO - 1. kin: r=1.0000
2025-08-24 11:21:02,508 - INFO - 2. luo: r=1.0000
2025-08-24 11:21:02,508 - INFO - 3. twi: r=1.0000
2025-08-24 11:21:02,508 - INFO - 4. tsn: r=1.0000
2025-08-24 11:21:02,508 - INFO - 5. ewe: r=1.0000
2025-08-24 11:21:02,508 - INFO - Layer 2 (xlmr) — Worst 5
2025-08-24 11:21:02,508 - INFO - 1. bam: r=0.9999
2025-08-24 11:21:02,508 - INFO - 2. fon: r=0.9999
2025-08-24 11:21:02,508 - INFO - 3. bbj: r=0.9999
2025-08-24 11:21:02,508 - INFO - 4. mos: r=1.0000
2025-08-24 11:21:02,508 - INFO - 5. pcm: r=1.0000
2025-08-24 11:21:02,625 - INFO - Layer 3 (xlmr) — Top 5
2025-08-24 11:21:02,625 - INFO - 1. kin: r=1.0000
2025-08-24 11:21:02,625 - INFO - 2. twi: r=1.0000
2025-08-24 11:21:02,625 - INFO - 3. luo: r=1.0000
2025-08-24 11:21:02,625 - INFO - 4. tsn: r=1.0000
2025-08-24 11:21:02,625 - INFO - 5. ewe: r=1.0000
2025-08-24 11:21:02,625 - INFO - Layer 3 (xlmr) — Worst 5
2025-08-24 11:21:02,625 - INFO - 1. bbj: r=1.0000
2025-08-24 11:21:02,625 - INFO - 2. fon: r=1.0000
2025-08-24 11:21:02,625 - INFO - 3. bam: r=1.0000
2025-08-24 11:21:02,625 - INFO - 4. mos: r=1.0000
2025-08-24 11:21:02,625 - INFO - 5. yor: r=1.0000
2025-08-24 11:21:02,742 - INFO - Layer 10 (xlmr) — Top 5
2025-08-24 11:21:02,742 - INFO - 1. swa: r=1.0000
2025-08-24 11:21:02,742 - INFO - 2. lug: r=1.0000
2025-08-24 11:21:02,742 - INFO - 3. kin: r=1.0000
2025-08-24 11:21:02,742 - INFO - 4. luo: r=1.0000
2025-08-24 11:21:02,742 - INFO - 5. twi: r=1.0000
2025-08-24 11:21:02,742 - INFO - Layer 10 (xlmr) — Worst 5
2025-08-24 11:21:02,742 - INFO - 1. fon: r=1.0000
2025-08-24 11:21:02,742 - INFO - 2. hau: r=1.0000
2025-08-24 11:21:02,742 - INFO - 3. pcm: r=1.0000
2025-08-24 11:21:02,742 - INFO - 4. ibo: r=1.0000
2025-08-24 11:21:02,742 - INFO - 5. bam: r=1.0000
2025-08-24 11:21:02,858 - INFO - Layer 12 (xlmr) — Top 5
2025-08-24 11:21:02,858 - INFO - 1. lug: r=1.0000
2025-08-24 11:21:02,858 - INFO - 2. twi: r=0.9999
2025-08-24 11:21:02,858 - INFO - 3. nya: r=0.9999
2025-08-24 11:21:02,858 - INFO - 4. kin: r=0.9999
2025-08-24 11:21:02,858 - INFO - 5. mos: r=0.9999
2025-08-24 11:21:02,858 - INFO - Layer 12 (xlmr) — Worst 5
2025-08-24 11:21:02,858 - INFO - 1. hau: r=0.9964
2025-08-24 11:21:02,858 - INFO - 2. fon: r=0.9994
2025-08-24 11:21:02,858 - INFO - 3. pcm: r=0.9995
2025-08-24 11:21:02,858 - INFO - 4. ibo: r=0.9997
2025-08-24 11:21:02,858 - INFO - 5. yor: r=0.9998
2025-08-24 11:21:02,859 - INFO - Experiment finished successfully.
