2025-08-24 11:54:47,262 - INFO - Start: model_type=mbert, run_both=False, use_cls=True, use_context=True, context_window=0, max_tokens_per_type=200, batch_size=32, seed=1, num_middle_layers=3, output_dir=rq2_train_scripts/Embeddings/EXTENDED/outputs/combined_extended/mbert/config_7_clstrue_ctxtrue_hybtrue/tokens_200_ctx0
2025-08-24 11:54:47,761 - INFO - mbert: selected layer indices (hidden_states) = [2, 3, 10, 12]
2025-08-24 11:54:48,691 - INFO - Processing run
2025-08-24 11:54:49,170 - INFO - Processing bam
2025-08-24 11:54:49,250 - INFO - Processing bbj
2025-08-24 11:54:49,295 - INFO - Processing ewe
2025-08-24 11:54:49,368 - INFO - Processing fon
2025-08-24 11:54:49,438 - INFO - Processing hau
2025-08-24 11:54:49,529 - INFO - Processing ibo
2025-08-24 11:54:49,629 - INFO - Processing kin
2025-08-24 11:54:49,691 - INFO - Processing lug
2025-08-24 11:54:49,763 - INFO - Processing luo
2025-08-24 11:54:49,849 - INFO - Processing mos
2025-08-24 11:54:49,913 - INFO - Processing nya
2025-08-24 11:54:50,014 - INFO - Processing pcm
2025-08-24 11:54:50,094 - INFO - Processing sna
2025-08-24 11:54:50,172 - INFO - Processing swa
2025-08-24 11:54:50,274 - INFO - Processing tsn
2025-08-24 11:54:50,324 - INFO - Processing twi
2025-08-24 11:54:50,409 - INFO - Processing wol
2025-08-24 11:54:50,467 - INFO - Processing xho
2025-08-24 11:54:50,518 - INFO - Processing yor
2025-08-24 11:54:50,603 - INFO - Processing zul
2025-08-24 11:54:50,898 - INFO - Layer 2 (mbert) — Top 5
2025-08-24 11:54:50,898 - INFO - 1. lug: r=0.9999
2025-08-24 11:54:50,898 - INFO - 2. kin: r=0.9999
2025-08-24 11:54:50,898 - INFO - 3. nya: r=0.9999
2025-08-24 11:54:50,898 - INFO - 4. twi: r=0.9999
2025-08-24 11:54:50,898 - INFO - 5. swa: r=0.9999
2025-08-24 11:54:50,898 - INFO - Layer 2 (mbert) — Worst 5
2025-08-24 11:54:50,898 - INFO - 1. ewe: r=0.9994
2025-08-24 11:54:50,898 - INFO - 2. bbj: r=0.9995
2025-08-24 11:54:50,898 - INFO - 3. xho: r=0.9997
2025-08-24 11:54:50,898 - INFO - 4. sna: r=0.9997
2025-08-24 11:54:50,898 - INFO - 5. hau: r=0.9997
2025-08-24 11:54:51,011 - INFO - Layer 3 (mbert) — Top 5
2025-08-24 11:54:51,011 - INFO - 1. lug: r=1.0000
2025-08-24 11:54:51,011 - INFO - 2. kin: r=1.0000
2025-08-24 11:54:51,011 - INFO - 3. nya: r=1.0000
2025-08-24 11:54:51,011 - INFO - 4. swa: r=1.0000
2025-08-24 11:54:51,011 - INFO - 5. twi: r=1.0000
2025-08-24 11:54:51,011 - INFO - Layer 3 (mbert) — Worst 5
2025-08-24 11:54:51,011 - INFO - 1. ewe: r=0.9998
2025-08-24 11:54:51,011 - INFO - 2. bbj: r=0.9999
2025-08-24 11:54:51,011 - INFO - 3. xho: r=0.9999
2025-08-24 11:54:51,011 - INFO - 4. hau: r=0.9999
2025-08-24 11:54:51,011 - INFO - 5. sna: r=0.9999
2025-08-24 11:54:51,127 - INFO - Layer 10 (mbert) — Top 5
2025-08-24 11:54:51,127 - INFO - 1. lug: r=0.9908
2025-08-24 11:54:51,127 - INFO - 2. luo: r=0.9895
2025-08-24 11:54:51,127 - INFO - 3. twi: r=0.9890
2025-08-24 11:54:51,127 - INFO - 4. kin: r=0.9878
2025-08-24 11:54:51,127 - INFO - 5. swa: r=0.9872
2025-08-24 11:54:51,127 - INFO - Layer 10 (mbert) — Worst 5
2025-08-24 11:54:51,127 - INFO - 1. bbj: r=0.9622
2025-08-24 11:54:51,127 - INFO - 2. yor: r=0.9661
2025-08-24 11:54:51,127 - INFO - 3. pcm: r=0.9687
2025-08-24 11:54:51,127 - INFO - 4. fon: r=0.9736
2025-08-24 11:54:51,127 - INFO - 5. mos: r=0.9766
2025-08-24 11:54:51,244 - INFO - Layer 12 (mbert) — Top 5
2025-08-24 11:54:51,244 - INFO - 1. lug: r=0.9709
2025-08-24 11:54:51,244 - INFO - 2. kin: r=0.9660
2025-08-24 11:54:51,244 - INFO - 3. twi: r=0.9642
2025-08-24 11:54:51,244 - INFO - 4. swa: r=0.9621
2025-08-24 11:54:51,244 - INFO - 5. luo: r=0.9618
2025-08-24 11:54:51,244 - INFO - Layer 12 (mbert) — Worst 5
2025-08-24 11:54:51,244 - INFO - 1. bbj: r=0.9014
2025-08-24 11:54:51,244 - INFO - 2. pcm: r=0.9046
2025-08-24 11:54:51,244 - INFO - 3. yor: r=0.9061
2025-08-24 11:54:51,244 - INFO - 4. xho: r=0.9184
2025-08-24 11:54:51,244 - INFO - 5. wol: r=0.9271
2025-08-24 11:54:51,246 - INFO - Experiment finished successfully.
