2025-08-27 10:18:27,653 - INFO - Start: model_type=mbert, use_cls=False, use_context=False, context_window=2, max_tokens_per_type=300, batch_size=64, output_dir=rq2_train_scripts/Embeddings/CLEAN/outputs/combined/mbert/config_0_clsfalse_ctxfalse/tokens_300_ctx2/core, save_prototypes=False, seed=42, fp16=True, max_length=96, langs=all, layers=all, span_mode=bio, pool=mean, entity_tags={'DATE', 'LOC', 'PER', 'ORG'}, title_suffix='L=all, tokens=300, ctx=2, cls=false, fp16=true'
2025-08-27 10:18:29,018 - INFO - Processing run
2025-08-27 10:18:29,662 - INFO - Processing bam
2025-08-27 10:18:29,919 - INFO - Processing bbj
2025-08-27 10:18:30,237 - INFO - Processing ewe
2025-08-27 10:18:30,356 - INFO - Processing fon
2025-08-27 10:18:30,623 - INFO - Processing hau
2025-08-27 10:18:30,958 - INFO - Processing ibo
2025-08-27 10:18:31,325 - INFO - Processing kin
2025-08-27 10:18:31,691 - INFO - Processing lug
2025-08-27 10:18:32,020 - INFO - Processing luo
2025-08-27 10:18:32,206 - INFO - Processing mos
2025-08-27 10:18:32,434 - INFO - Processing nya
2025-08-27 10:18:32,656 - INFO - Processing pcm
2025-08-27 10:18:32,892 - INFO - Processing sna
2025-08-27 10:18:33,203 - INFO - Processing swa
2025-08-27 10:18:33,549 - INFO - Processing tsn
2025-08-27 10:18:33,880 - INFO - Processing twi
2025-08-27 10:18:34,220 - INFO - Processing wol
2025-08-27 10:18:34,521 - INFO - Processing xho
2025-08-27 10:18:34,681 - INFO - Processing yor
2025-08-27 10:18:34,946 - INFO - Processing zul
2025-08-27 10:18:35,396 - INFO - === Layer 1 (mbert) — Top 5 (cosine) ===
2025-08-27 10:18:35,396 - INFO - 1. lug: cos=0.8987
2025-08-27 10:18:35,396 - INFO - 2. nya: cos=0.8934
2025-08-27 10:18:35,396 - INFO - 3. kin: cos=0.8916
2025-08-27 10:18:35,396 - INFO - 4. twi: cos=0.8852
2025-08-27 10:18:35,396 - INFO - 5. luo: cos=0.8731
2025-08-27 10:18:35,396 - INFO - === Layer 1 (mbert) — Worst 5 (cosine) ===
2025-08-27 10:18:35,396 - INFO - 1. yor: cos=0.7114
2025-08-27 10:18:35,396 - INFO - 2. bbj: cos=0.7464
2025-08-27 10:18:35,396 - INFO - 3. mos: cos=0.7810
2025-08-27 10:18:35,396 - INFO - 4. bam: cos=0.7969
2025-08-27 10:18:35,396 - INFO - 5. fon: cos=0.7971
2025-08-27 10:18:35,525 - INFO - === Layer 2 (mbert) — Top 5 (cosine) ===
2025-08-27 10:18:35,525 - INFO - 1. lug: cos=0.9095
2025-08-27 10:18:35,525 - INFO - 2. kin: cos=0.9075
2025-08-27 10:18:35,525 - INFO - 3. nya: cos=0.9007
2025-08-27 10:18:35,525 - INFO - 4. twi: cos=0.8985
2025-08-27 10:18:35,525 - INFO - 5. luo: cos=0.8890
2025-08-27 10:18:35,525 - INFO - === Layer 2 (mbert) — Worst 5 (cosine) ===
2025-08-27 10:18:35,525 - INFO - 1. yor: cos=0.7405
2025-08-27 10:18:35,525 - INFO - 2. bbj: cos=0.7732
2025-08-27 10:18:35,525 - INFO - 3. mos: cos=0.8008
2025-08-27 10:18:35,525 - INFO - 4. pcm: cos=0.8076
2025-08-27 10:18:35,525 - INFO - 5. ewe: cos=0.8089
2025-08-27 10:18:35,654 - INFO - === Layer 3 (mbert) — Top 5 (cosine) ===
2025-08-27 10:18:35,654 - INFO - 1. twi: cos=0.9378
2025-08-27 10:18:35,654 - INFO - 2. kin: cos=0.9352
2025-08-27 10:18:35,654 - INFO - 3. luo: cos=0.9278
2025-08-27 10:18:35,654 - INFO - 4. ibo: cos=0.9263
2025-08-27 10:18:35,654 - INFO - 5. tsn: cos=0.9202
2025-08-27 10:18:35,654 - INFO - === Layer 3 (mbert) — Worst 5 (cosine) ===
2025-08-27 10:18:35,654 - INFO - 1. yor: cos=0.8254
2025-08-27 10:18:35,654 - INFO - 2. bbj: cos=0.8483
2025-08-27 10:18:35,654 - INFO - 3. ewe: cos=0.8664
2025-08-27 10:18:35,654 - INFO - 4. pcm: cos=0.8705
2025-08-27 10:18:35,655 - INFO - 5. mos: cos=0.8708
2025-08-27 10:18:35,787 - INFO - === Layer 4 (mbert) — Top 5 (cosine) ===
2025-08-27 10:18:35,787 - INFO - 1. kin: cos=0.9534
2025-08-27 10:18:35,787 - INFO - 2. twi: cos=0.9530
2025-08-27 10:18:35,787 - INFO - 3. luo: cos=0.9458
2025-08-27 10:18:35,787 - INFO - 4. lug: cos=0.9404
2025-08-27 10:18:35,787 - INFO - 5. tsn: cos=0.9398
2025-08-27 10:18:35,787 - INFO - === Layer 4 (mbert) — Worst 5 (cosine) ===
2025-08-27 10:18:35,787 - INFO - 1. yor: cos=0.8582
2025-08-27 10:18:35,787 - INFO - 2. bbj: cos=0.8710
2025-08-27 10:18:35,787 - INFO - 3. pcm: cos=0.8848
2025-08-27 10:18:35,787 - INFO - 4. ewe: cos=0.8895
2025-08-27 10:18:35,787 - INFO - 5. xho: cos=0.8919
2025-08-27 10:18:35,920 - INFO - === Layer 5 (mbert) — Top 5 (cosine) ===
2025-08-27 10:18:35,921 - INFO - 1. twi: cos=0.9658
2025-08-27 10:18:35,921 - INFO - 2. kin: cos=0.9641
2025-08-27 10:18:35,921 - INFO - 3. luo: cos=0.9615
2025-08-27 10:18:35,921 - INFO - 4. tsn: cos=0.9562
2025-08-27 10:18:35,921 - INFO - 5. lug: cos=0.9544
2025-08-27 10:18:35,921 - INFO - === Layer 5 (mbert) — Worst 5 (cosine) ===
2025-08-27 10:18:35,921 - INFO - 1. yor: cos=0.8909
2025-08-27 10:18:35,921 - INFO - 2. bbj: cos=0.9044
2025-08-27 10:18:35,921 - INFO - 3. pcm: cos=0.9105
2025-08-27 10:18:35,921 - INFO - 4. ewe: cos=0.9121
2025-08-27 10:18:35,921 - INFO - 5. xho: cos=0.9139
2025-08-27 10:18:36,127 - INFO - === Layer 6 (mbert) — Top 5 (cosine) ===
2025-08-27 10:18:36,127 - INFO - 1. twi: cos=0.9702
2025-08-27 10:18:36,127 - INFO - 2. kin: cos=0.9682
2025-08-27 10:18:36,127 - INFO - 3. luo: cos=0.9676
2025-08-27 10:18:36,127 - INFO - 4. tsn: cos=0.9642
2025-08-27 10:18:36,127 - INFO - 5. lug: cos=0.9574
2025-08-27 10:18:36,127 - INFO - === Layer 6 (mbert) — Worst 5 (cosine) ===
2025-08-27 10:18:36,127 - INFO - 1. yor: cos=0.8860
2025-08-27 10:18:36,127 - INFO - 2. pcm: cos=0.9153
2025-08-27 10:18:36,127 - INFO - 3. bbj: cos=0.9176
2025-08-27 10:18:36,127 - INFO - 4. xho: cos=0.9204
2025-08-27 10:18:36,127 - INFO - 5. ewe: cos=0.9223
2025-08-27 10:18:36,265 - INFO - === Layer 7 (mbert) — Top 5 (cosine) ===
2025-08-27 10:18:36,266 - INFO - 1. twi: cos=0.9733
2025-08-27 10:18:36,266 - INFO - 2. kin: cos=0.9625
2025-08-27 10:18:36,266 - INFO - 3. lug: cos=0.9592
2025-08-27 10:18:36,266 - INFO - 4. pcm: cos=0.9552
2025-08-27 10:18:36,266 - INFO - 5. ewe: cos=0.9546
2025-08-27 10:18:36,266 - INFO - === Layer 7 (mbert) — Worst 5 (cosine) ===
2025-08-27 10:18:36,266 - INFO - 1. yor: cos=0.8544
2025-08-27 10:18:36,266 - INFO - 2. xho: cos=0.9032
2025-08-27 10:18:36,266 - INFO - 3. bbj: cos=0.9103
2025-08-27 10:18:36,266 - INFO - 4. sna: cos=0.9271
2025-08-27 10:18:36,266 - INFO - 5. bam: cos=0.9286
2025-08-27 10:18:36,406 - INFO - === Layer 8 (mbert) — Top 5 (cosine) ===
2025-08-27 10:18:36,406 - INFO - 1. twi: cos=0.9654
2025-08-27 10:18:36,407 - INFO - 2. lug: cos=0.9475
2025-08-27 10:18:36,407 - INFO - 3. ewe: cos=0.9467
2025-08-27 10:18:36,407 - INFO - 4. swa: cos=0.9456
2025-08-27 10:18:36,407 - INFO - 5. kin: cos=0.9452
2025-08-27 10:18:36,407 - INFO - === Layer 8 (mbert) — Worst 5 (cosine) ===
2025-08-27 10:18:36,407 - INFO - 1. yor: cos=0.8511
2025-08-27 10:18:36,407 - INFO - 2. xho: cos=0.8874
2025-08-27 10:18:36,407 - INFO - 3. bbj: cos=0.9011
2025-08-27 10:18:36,407 - INFO - 4. zul: cos=0.9109
2025-08-27 10:18:36,407 - INFO - 5. sna: cos=0.9175
2025-08-27 10:18:36,537 - INFO - === Layer 9 (mbert) — Top 5 (cosine) ===
2025-08-27 10:18:36,537 - INFO - 1. twi: cos=0.9740
2025-08-27 10:18:36,537 - INFO - 2. ewe: cos=0.9602
2025-08-27 10:18:36,537 - INFO - 3. swa: cos=0.9602
2025-08-27 10:18:36,537 - INFO - 4. kin: cos=0.9589
2025-08-27 10:18:36,537 - INFO - 5. lug: cos=0.9580
2025-08-27 10:18:36,537 - INFO - === Layer 9 (mbert) — Worst 5 (cosine) ===
2025-08-27 10:18:36,537 - INFO - 1. yor: cos=0.8688
2025-08-27 10:18:36,537 - INFO - 2. xho: cos=0.9197
2025-08-27 10:18:36,537 - INFO - 3. bbj: cos=0.9306
2025-08-27 10:18:36,537 - INFO - 4. zul: cos=0.9342
2025-08-27 10:18:36,537 - INFO - 5. sna: cos=0.9372
2025-08-27 10:18:36,665 - INFO - === Layer 10 (mbert) — Top 5 (cosine) ===
2025-08-27 10:18:36,665 - INFO - 1. twi: cos=0.9771
2025-08-27 10:18:36,665 - INFO - 2. luo: cos=0.9690
2025-08-27 10:18:36,665 - INFO - 3. swa: cos=0.9685
2025-08-27 10:18:36,665 - INFO - 4. lug: cos=0.9680
2025-08-27 10:18:36,665 - INFO - 5. kin: cos=0.9637
2025-08-27 10:18:36,665 - INFO - === Layer 10 (mbert) — Worst 5 (cosine) ===
2025-08-27 10:18:36,665 - INFO - 1. yor: cos=0.8834
2025-08-27 10:18:36,665 - INFO - 2. xho: cos=0.9301
2025-08-27 10:18:36,665 - INFO - 3. tsn: cos=0.9365
2025-08-27 10:18:36,665 - INFO - 4. bbj: cos=0.9407
2025-08-27 10:18:36,665 - INFO - 5. bam: cos=0.9424
2025-08-27 10:18:36,794 - INFO - === Layer 11 (mbert) — Top 5 (cosine) ===
2025-08-27 10:18:36,794 - INFO - 1. twi: cos=0.9765
2025-08-27 10:18:36,794 - INFO - 2. luo: cos=0.9707
2025-08-27 10:18:36,794 - INFO - 3. ewe: cos=0.9706
2025-08-27 10:18:36,794 - INFO - 4. lug: cos=0.9689
2025-08-27 10:18:36,794 - INFO - 5. swa: cos=0.9679
2025-08-27 10:18:36,794 - INFO - === Layer 11 (mbert) — Worst 5 (cosine) ===
2025-08-27 10:18:36,794 - INFO - 1. yor: cos=0.8954
2025-08-27 10:18:36,794 - INFO - 2. xho: cos=0.9177
2025-08-27 10:18:36,794 - INFO - 3. zul: cos=0.9345
2025-08-27 10:18:36,794 - INFO - 4. bbj: cos=0.9362
2025-08-27 10:18:36,794 - INFO - 5. bam: cos=0.9435
2025-08-27 10:18:36,921 - INFO - === Layer 12 (mbert) — Top 5 (cosine) ===
2025-08-27 10:18:36,921 - INFO - 1. pcm: cos=0.8914
2025-08-27 10:18:36,922 - INFO - 2. twi: cos=0.8903
2025-08-27 10:18:36,922 - INFO - 3. lug: cos=0.8685
2025-08-27 10:18:36,922 - INFO - 4. swa: cos=0.8579
2025-08-27 10:18:36,922 - INFO - 5. ewe: cos=0.8445
2025-08-27 10:18:36,922 - INFO - === Layer 12 (mbert) — Worst 5 (cosine) ===
2025-08-27 10:18:36,922 - INFO - 1. yor: cos=0.6340
2025-08-27 10:18:36,922 - INFO - 2. xho: cos=0.6908
2025-08-27 10:18:36,922 - INFO - 3. bbj: cos=0.7017
2025-08-27 10:18:36,922 - INFO - 4. zul: cos=0.7515
2025-08-27 10:18:36,922 - INFO - 5. sna: cos=0.7830
2025-08-27 10:18:36,922 - INFO - Experiment finished successfully.
