2025-08-27 18:25:13,290 - INFO - Start: model_type=mbert, use_cls=False, use_context=True, context_window=2, max_tokens_per_type=400, batch_size=64, output_dir=rq2_train_scripts/Embeddings/CLEAN/outputs/mptc/mbert/config_2_clsfalse_ctxtrue/tokens_400_ctx2/core, save_prototypes=False, seed=42, fp16=True, max_length=96, langs=all, layers=all, span_mode=bio, pool=mean, entity_tags={'ORG', 'PER', 'LOC', 'DATE'}, title_suffix='L=all, tokens=400, ctx=2, cls=false, fp16=true'
2025-08-27 18:25:14,865 - INFO - Processing run
2025-08-27 18:25:15,376 - INFO - Processing bam
2025-08-27 18:25:15,522 - INFO - Processing bbj
2025-08-27 18:25:15,656 - INFO - Processing ewe
2025-08-27 18:25:15,799 - INFO - Processing fon
2025-08-27 18:25:15,958 - INFO - Processing hau
2025-08-27 18:25:16,114 - INFO - Processing ibo
2025-08-27 18:25:16,311 - INFO - Processing kin
2025-08-27 18:25:16,461 - INFO - Processing lug
2025-08-27 18:25:16,601 - INFO - Processing luo
2025-08-27 18:25:16,745 - INFO - Processing mos
2025-08-27 18:25:16,920 - INFO - Processing nya
2025-08-27 18:25:17,071 - INFO - Processing pcm
2025-08-27 18:25:17,209 - INFO - Processing sna
2025-08-27 18:25:17,375 - INFO - Processing swa
2025-08-27 18:25:17,526 - INFO - Processing tsn
2025-08-27 18:25:17,659 - INFO - Processing twi
2025-08-27 18:25:17,801 - INFO - Processing wol
2025-08-27 18:25:17,983 - INFO - Processing xho
2025-08-27 18:25:18,121 - INFO - Processing yor
2025-08-27 18:25:18,298 - INFO - Processing zul
2025-08-27 18:25:18,805 - INFO - === Layer 1 (mbert) — Top 5 (cosine) ===
2025-08-27 18:25:18,805 - INFO - 1. kin: cos=0.8566
2025-08-27 18:25:18,805 - INFO - 2. nya: cos=0.8244
2025-08-27 18:25:18,805 - INFO - 3. luo: cos=0.8206
2025-08-27 18:25:18,805 - INFO - 4. lug: cos=0.8129
2025-08-27 18:25:18,805 - INFO - 5. sna: cos=0.8124
2025-08-27 18:25:18,805 - INFO - === Layer 1 (mbert) — Worst 5 (cosine) ===
2025-08-27 18:25:18,805 - INFO - 1. bbj: cos=0.5946
2025-08-27 18:25:18,806 - INFO - 2. yor: cos=0.6264
2025-08-27 18:25:18,806 - INFO - 3. mos: cos=0.6665
2025-08-27 18:25:18,806 - INFO - 4. pcm: cos=0.6848
2025-08-27 18:25:18,806 - INFO - 5. ewe: cos=0.6915
2025-08-27 18:25:18,932 - INFO - === Layer 2 (mbert) — Top 5 (cosine) ===
2025-08-27 18:25:18,932 - INFO - 1. kin: cos=0.8626
2025-08-27 18:25:18,932 - INFO - 2. lug: cos=0.8456
2025-08-27 18:25:18,932 - INFO - 3. nya: cos=0.8440
2025-08-27 18:25:18,932 - INFO - 4. luo: cos=0.8400
2025-08-27 18:25:18,932 - INFO - 5. sna: cos=0.8393
2025-08-27 18:25:18,932 - INFO - === Layer 2 (mbert) — Worst 5 (cosine) ===
2025-08-27 18:25:18,932 - INFO - 1. bbj: cos=0.6398
2025-08-27 18:25:18,932 - INFO - 2. yor: cos=0.6714
2025-08-27 18:25:18,932 - INFO - 3. pcm: cos=0.7007
2025-08-27 18:25:18,932 - INFO - 4. ewe: cos=0.7043
2025-08-27 18:25:18,932 - INFO - 5. mos: cos=0.7261
2025-08-27 18:25:19,059 - INFO - === Layer 3 (mbert) — Top 5 (cosine) ===
2025-08-27 18:25:19,059 - INFO - 1. kin: cos=0.9160
2025-08-27 18:25:19,059 - INFO - 2. nya: cos=0.9058
2025-08-27 18:25:19,059 - INFO - 3. luo: cos=0.9024
2025-08-27 18:25:19,059 - INFO - 4. lug: cos=0.9011
2025-08-27 18:25:19,059 - INFO - 5. twi: cos=0.8976
2025-08-27 18:25:19,059 - INFO - === Layer 3 (mbert) — Worst 5 (cosine) ===
2025-08-27 18:25:19,059 - INFO - 1. bbj: cos=0.7712
2025-08-27 18:25:19,059 - INFO - 2. yor: cos=0.7959
2025-08-27 18:25:19,059 - INFO - 3. ewe: cos=0.8085
2025-08-27 18:25:19,059 - INFO - 4. pcm: cos=0.8110
2025-08-27 18:25:19,059 - INFO - 5. mos: cos=0.8319
2025-08-27 18:25:19,187 - INFO - === Layer 4 (mbert) — Top 5 (cosine) ===
2025-08-27 18:25:19,187 - INFO - 1. kin: cos=0.9334
2025-08-27 18:25:19,187 - INFO - 2. nya: cos=0.9250
2025-08-27 18:25:19,187 - INFO - 3. luo: cos=0.9220
2025-08-27 18:25:19,187 - INFO - 4. lug: cos=0.9208
2025-08-27 18:25:19,187 - INFO - 5. twi: cos=0.9189
2025-08-27 18:25:19,187 - INFO - === Layer 4 (mbert) — Worst 5 (cosine) ===
2025-08-27 18:25:19,187 - INFO - 1. bbj: cos=0.8185
2025-08-27 18:25:19,187 - INFO - 2. yor: cos=0.8349
2025-08-27 18:25:19,187 - INFO - 3. pcm: cos=0.8419
2025-08-27 18:25:19,187 - INFO - 4. ewe: cos=0.8470
2025-08-27 18:25:19,187 - INFO - 5. mos: cos=0.8619
2025-08-27 18:25:19,313 - INFO - === Layer 5 (mbert) — Top 5 (cosine) ===
2025-08-27 18:25:19,314 - INFO - 1. kin: cos=0.9519
2025-08-27 18:25:19,314 - INFO - 2. nya: cos=0.9465
2025-08-27 18:25:19,314 - INFO - 3. luo: cos=0.9447
2025-08-27 18:25:19,314 - INFO - 4. lug: cos=0.9410
2025-08-27 18:25:19,314 - INFO - 5. twi: cos=0.9406
2025-08-27 18:25:19,314 - INFO - === Layer 5 (mbert) — Worst 5 (cosine) ===
2025-08-27 18:25:19,314 - INFO - 1. bbj: cos=0.8684
2025-08-27 18:25:19,314 - INFO - 2. yor: cos=0.8801
2025-08-27 18:25:19,314 - INFO - 3. pcm: cos=0.8820
2025-08-27 18:25:19,314 - INFO - 4. ewe: cos=0.8908
2025-08-27 18:25:19,314 - INFO - 5. mos: cos=0.8979
2025-08-27 18:25:19,506 - INFO - === Layer 6 (mbert) — Top 5 (cosine) ===
2025-08-27 18:25:19,506 - INFO - 1. kin: cos=0.9637
2025-08-27 18:25:19,506 - INFO - 2. luo: cos=0.9596
2025-08-27 18:25:19,506 - INFO - 3. lug: cos=0.9572
2025-08-27 18:25:19,506 - INFO - 4. twi: cos=0.9538
2025-08-27 18:25:19,506 - INFO - 5. ibo: cos=0.9536
2025-08-27 18:25:19,506 - INFO - === Layer 6 (mbert) — Worst 5 (cosine) ===
2025-08-27 18:25:19,506 - INFO - 1. bbj: cos=0.8965
2025-08-27 18:25:19,506 - INFO - 2. yor: cos=0.9075
2025-08-27 18:25:19,506 - INFO - 3. pcm: cos=0.9112
2025-08-27 18:25:19,506 - INFO - 4. fon: cos=0.9172
2025-08-27 18:25:19,506 - INFO - 5. ewe: cos=0.9199
2025-08-27 18:25:19,633 - INFO - === Layer 7 (mbert) — Top 5 (cosine) ===
2025-08-27 18:25:19,633 - INFO - 1. kin: cos=0.9484
2025-08-27 18:25:19,633 - INFO - 2. luo: cos=0.9396
2025-08-27 18:25:19,633 - INFO - 3. twi: cos=0.9382
2025-08-27 18:25:19,633 - INFO - 4. ibo: cos=0.9371
2025-08-27 18:25:19,633 - INFO - 5. nya: cos=0.9324
2025-08-27 18:25:19,633 - INFO - === Layer 7 (mbert) — Worst 5 (cosine) ===
2025-08-27 18:25:19,633 - INFO - 1. pcm: cos=0.8714
2025-08-27 18:25:19,633 - INFO - 2. bbj: cos=0.8720
2025-08-27 18:25:19,633 - INFO - 3. yor: cos=0.8795
2025-08-27 18:25:19,633 - INFO - 4. ewe: cos=0.8838
2025-08-27 18:25:19,633 - INFO - 5. swa: cos=0.8947
2025-08-27 18:25:19,759 - INFO - === Layer 8 (mbert) — Top 5 (cosine) ===
2025-08-27 18:25:19,759 - INFO - 1. kin: cos=0.8885
2025-08-27 18:25:19,759 - INFO - 2. luo: cos=0.8844
2025-08-27 18:25:19,759 - INFO - 3. hau: cos=0.8804
2025-08-27 18:25:19,759 - INFO - 4. ibo: cos=0.8785
2025-08-27 18:25:19,759 - INFO - 5. twi: cos=0.8780
2025-08-27 18:25:19,759 - INFO - === Layer 8 (mbert) — Worst 5 (cosine) ===
2025-08-27 18:25:19,759 - INFO - 1. bbj: cos=0.7975
2025-08-27 18:25:19,759 - INFO - 2. yor: cos=0.8159
2025-08-27 18:25:19,759 - INFO - 3. ewe: cos=0.8233
2025-08-27 18:25:19,759 - INFO - 4. fon: cos=0.8263
2025-08-27 18:25:19,759 - INFO - 5. pcm: cos=0.8316
2025-08-27 18:25:19,886 - INFO - === Layer 9 (mbert) — Top 5 (cosine) ===
2025-08-27 18:25:19,886 - INFO - 1. twi: cos=0.9484
2025-08-27 18:25:19,886 - INFO - 2. kin: cos=0.9438
2025-08-27 18:25:19,886 - INFO - 3. luo: cos=0.9384
2025-08-27 18:25:19,886 - INFO - 4. ibo: cos=0.9384
2025-08-27 18:25:19,886 - INFO - 5. mos: cos=0.9347
2025-08-27 18:25:19,886 - INFO - === Layer 9 (mbert) — Worst 5 (cosine) ===
2025-08-27 18:25:19,886 - INFO - 1. bbj: cos=0.8880
2025-08-27 18:25:19,886 - INFO - 2. yor: cos=0.8932
2025-08-27 18:25:19,886 - INFO - 3. swa: cos=0.8985
2025-08-27 18:25:19,886 - INFO - 4. bam: cos=0.8998
2025-08-27 18:25:19,886 - INFO - 5. pcm: cos=0.9057
2025-08-27 18:25:20,014 - INFO - === Layer 10 (mbert) — Top 5 (cosine) ===
2025-08-27 18:25:20,014 - INFO - 1. twi: cos=0.9543
2025-08-27 18:25:20,014 - INFO - 2. kin: cos=0.9521
2025-08-27 18:25:20,014 - INFO - 3. ibo: cos=0.9508
2025-08-27 18:25:20,014 - INFO - 4. nya: cos=0.9478
2025-08-27 18:25:20,014 - INFO - 5. lug: cos=0.9470
2025-08-27 18:25:20,014 - INFO - === Layer 10 (mbert) — Worst 5 (cosine) ===
2025-08-27 18:25:20,014 - INFO - 1. yor: cos=0.9018
2025-08-27 18:25:20,014 - INFO - 2. bbj: cos=0.9095
2025-08-27 18:25:20,014 - INFO - 3. bam: cos=0.9134
2025-08-27 18:25:20,014 - INFO - 4. swa: cos=0.9235
2025-08-27 18:25:20,014 - INFO - 5. pcm: cos=0.9243
2025-08-27 18:25:20,142 - INFO - === Layer 11 (mbert) — Top 5 (cosine) ===
2025-08-27 18:25:20,142 - INFO - 1. twi: cos=0.9607
2025-08-27 18:25:20,142 - INFO - 2. lug: cos=0.9588
2025-08-27 18:25:20,142 - INFO - 3. kin: cos=0.9583
2025-08-27 18:25:20,142 - INFO - 4. nya: cos=0.9573
2025-08-27 18:25:20,142 - INFO - 5. ibo: cos=0.9564
2025-08-27 18:25:20,142 - INFO - === Layer 11 (mbert) — Worst 5 (cosine) ===
2025-08-27 18:25:20,142 - INFO - 1. yor: cos=0.9081
2025-08-27 18:25:20,142 - INFO - 2. bbj: cos=0.9150
2025-08-27 18:25:20,142 - INFO - 3. bam: cos=0.9213
2025-08-27 18:25:20,142 - INFO - 4. pcm: cos=0.9315
2025-08-27 18:25:20,142 - INFO - 5. wol: cos=0.9359
2025-08-27 18:25:20,283 - INFO - === Layer 12 (mbert) — Top 5 (cosine) ===
2025-08-27 18:25:20,283 - INFO - 1. lug: cos=0.8335
2025-08-27 18:25:20,283 - INFO - 2. twi: cos=0.8331
2025-08-27 18:25:20,283 - INFO - 3. kin: cos=0.8324
2025-08-27 18:25:20,283 - INFO - 4. nya: cos=0.8144
2025-08-27 18:25:20,283 - INFO - 5. sna: cos=0.8100
2025-08-27 18:25:20,283 - INFO - === Layer 12 (mbert) — Worst 5 (cosine) ===
2025-08-27 18:25:20,283 - INFO - 1. yor: cos=0.6457
2025-08-27 18:25:20,283 - INFO - 2. bbj: cos=0.6815
2025-08-27 18:25:20,283 - INFO - 3. pcm: cos=0.7165
2025-08-27 18:25:20,283 - INFO - 4. wol: cos=0.7324
2025-08-27 18:25:20,283 - INFO - 5. luo: cos=0.7468
2025-08-27 18:25:20,284 - INFO - Experiment finished successfully.
