2025-08-27 07:52:09,095 - INFO - Start: model_type=mbert, use_cls=True, use_context=False, context_window=0, max_tokens_per_type=500, batch_size=64, output_dir=rq2_train_scripts/Embeddings/CLEAN/outputs/mptc/mbert/config_1_clstrue_ctxfalse/tokens_500_ctx0, save_prototypes=False, seed=42, fp16=True, max_length=96, langs=all, layers=all, span_mode=bio, pool=mean, entity_tags={'ORG', 'LOC', 'PER', 'DATE'}, title_suffix='L=all, tokens=500, ctx=0, cls=true, fp16=true'
2025-08-27 07:52:11,057 - INFO - Processing run
2025-08-27 07:52:11,502 - INFO - Processing bam
2025-08-27 07:52:11,563 - INFO - Processing bbj
2025-08-27 07:52:11,609 - INFO - Processing ewe
2025-08-27 07:52:11,659 - INFO - Processing fon
2025-08-27 07:52:11,725 - INFO - Processing hau
2025-08-27 07:52:11,809 - INFO - Processing ibo
2025-08-27 07:52:11,908 - INFO - Processing kin
2025-08-27 07:52:11,978 - INFO - Processing lug
2025-08-27 07:52:12,036 - INFO - Processing luo
2025-08-27 07:52:12,116 - INFO - Processing mos
2025-08-27 07:52:12,195 - INFO - Processing nya
2025-08-27 07:52:12,272 - INFO - Processing pcm
2025-08-27 07:52:12,328 - INFO - Processing sna
2025-08-27 07:52:12,386 - INFO - Processing swa
2025-08-27 07:52:12,460 - INFO - Processing tsn
2025-08-27 07:52:12,517 - INFO - Processing twi
2025-08-27 07:52:12,582 - INFO - Processing wol
2025-08-27 07:52:12,645 - INFO - Processing xho
2025-08-27 07:52:12,699 - INFO - Processing yor
2025-08-27 07:52:12,791 - INFO - Processing zul
2025-08-27 07:52:13,229 - INFO - === Layer 1 (mbert) — Top 5 (cosine) ===
2025-08-27 07:52:13,229 - INFO - 1. ibo: cos=0.9995
2025-08-27 07:52:13,229 - INFO - 2. kin: cos=0.9995
2025-08-27 07:52:13,229 - INFO - 3. luo: cos=0.9995
2025-08-27 07:52:13,229 - INFO - 4. swa: cos=0.9992
2025-08-27 07:52:13,229 - INFO - 5. lug: cos=0.9991
2025-08-27 07:52:13,229 - INFO - === Layer 1 (mbert) — Worst 5 (cosine) ===
2025-08-27 07:52:13,229 - INFO - 1. ewe: cos=0.9927
2025-08-27 07:52:13,229 - INFO - 2. bbj: cos=0.9961
2025-08-27 07:52:13,229 - INFO - 3. xho: cos=0.9975
2025-08-27 07:52:13,229 - INFO - 4. pcm: cos=0.9976
2025-08-27 07:52:13,229 - INFO - 5. mos: cos=0.9981
2025-08-27 07:52:13,359 - INFO - === Layer 2 (mbert) — Top 5 (cosine) ===
2025-08-27 07:52:13,360 - INFO - 1. ibo: cos=0.9999
2025-08-27 07:52:13,360 - INFO - 2. luo: cos=0.9999
2025-08-27 07:52:13,360 - INFO - 3. kin: cos=0.9999
2025-08-27 07:52:13,360 - INFO - 4. swa: cos=0.9999
2025-08-27 07:52:13,360 - INFO - 5. nya: cos=0.9999
2025-08-27 07:52:13,360 - INFO - === Layer 2 (mbert) — Worst 5 (cosine) ===
2025-08-27 07:52:13,360 - INFO - 1. ewe: cos=0.9986
2025-08-27 07:52:13,360 - INFO - 2. bbj: cos=0.9994
2025-08-27 07:52:13,360 - INFO - 3. pcm: cos=0.9996
2025-08-27 07:52:13,360 - INFO - 4. xho: cos=0.9996
2025-08-27 07:52:13,360 - INFO - 5. yor: cos=0.9997
2025-08-27 07:52:13,489 - INFO - === Layer 3 (mbert) — Top 5 (cosine) ===
2025-08-27 07:52:13,489 - INFO - 1. kin: cos=1.0000
2025-08-27 07:52:13,489 - INFO - 2. luo: cos=1.0000
2025-08-27 07:52:13,489 - INFO - 3. swa: cos=1.0000
2025-08-27 07:52:13,489 - INFO - 4. ibo: cos=1.0000
2025-08-27 07:52:13,489 - INFO - 5. nya: cos=1.0000
2025-08-27 07:52:13,489 - INFO - === Layer 3 (mbert) — Worst 5 (cosine) ===
2025-08-27 07:52:13,489 - INFO - 1. ewe: cos=0.9997
2025-08-27 07:52:13,489 - INFO - 2. bbj: cos=0.9998
2025-08-27 07:52:13,490 - INFO - 3. pcm: cos=0.9999
2025-08-27 07:52:13,490 - INFO - 4. xho: cos=0.9999
2025-08-27 07:52:13,490 - INFO - 5. yor: cos=0.9999
2025-08-27 07:52:13,617 - INFO - === Layer 4 (mbert) — Top 5 (cosine) ===
2025-08-27 07:52:13,617 - INFO - 1. kin: cos=0.9999
2025-08-27 07:52:13,617 - INFO - 2. hau: cos=0.9999
2025-08-27 07:52:13,617 - INFO - 3. twi: cos=0.9999
2025-08-27 07:52:13,617 - INFO - 4. zul: cos=0.9999
2025-08-27 07:52:13,617 - INFO - 5. luo: cos=0.9999
2025-08-27 07:52:13,617 - INFO - === Layer 4 (mbert) — Worst 5 (cosine) ===
2025-08-27 07:52:13,617 - INFO - 1. ewe: cos=0.9996
2025-08-27 07:52:13,617 - INFO - 2. pcm: cos=0.9996
2025-08-27 07:52:13,617 - INFO - 3. bbj: cos=0.9997
2025-08-27 07:52:13,617 - INFO - 4. swa: cos=0.9997
2025-08-27 07:52:13,617 - INFO - 5. yor: cos=0.9997
2025-08-27 07:52:13,748 - INFO - === Layer 5 (mbert) — Top 5 (cosine) ===
2025-08-27 07:52:13,748 - INFO - 1. luo: cos=0.9951
2025-08-27 07:52:13,748 - INFO - 2. twi: cos=0.9937
2025-08-27 07:52:13,748 - INFO - 3. hau: cos=0.9934
2025-08-27 07:52:13,748 - INFO - 4. sna: cos=0.9933
2025-08-27 07:52:13,748 - INFO - 5. tsn: cos=0.9931
2025-08-27 07:52:13,748 - INFO - === Layer 5 (mbert) — Worst 5 (cosine) ===
2025-08-27 07:52:13,748 - INFO - 1. yor: cos=0.9806
2025-08-27 07:52:13,748 - INFO - 2. bbj: cos=0.9808
2025-08-27 07:52:13,748 - INFO - 3. mos: cos=0.9817
2025-08-27 07:52:13,748 - INFO - 4. pcm: cos=0.9850
2025-08-27 07:52:13,748 - INFO - 5. ewe: cos=0.9859
2025-08-27 07:52:13,943 - INFO - === Layer 6 (mbert) — Top 5 (cosine) ===
2025-08-27 07:52:13,943 - INFO - 1. luo: cos=0.9904
2025-08-27 07:52:13,944 - INFO - 2. twi: cos=0.9885
2025-08-27 07:52:13,944 - INFO - 3. kin: cos=0.9881
2025-08-27 07:52:13,944 - INFO - 4. tsn: cos=0.9880
2025-08-27 07:52:13,944 - INFO - 5. zul: cos=0.9873
2025-08-27 07:52:13,944 - INFO - === Layer 6 (mbert) — Worst 5 (cosine) ===
2025-08-27 07:52:13,944 - INFO - 1. bbj: cos=0.9596
2025-08-27 07:52:13,944 - INFO - 2. yor: cos=0.9659
2025-08-27 07:52:13,944 - INFO - 3. mos: cos=0.9697
2025-08-27 07:52:13,944 - INFO - 4. fon: cos=0.9719
2025-08-27 07:52:13,944 - INFO - 5. pcm: cos=0.9720
2025-08-27 07:52:14,074 - INFO - === Layer 7 (mbert) — Top 5 (cosine) ===
2025-08-27 07:52:14,074 - INFO - 1. luo: cos=0.9863
2025-08-27 07:52:14,074 - INFO - 2. twi: cos=0.9862
2025-08-27 07:52:14,074 - INFO - 3. tsn: cos=0.9850
2025-08-27 07:52:14,074 - INFO - 4. kin: cos=0.9841
2025-08-27 07:52:14,074 - INFO - 5. zul: cos=0.9828
2025-08-27 07:52:14,074 - INFO - === Layer 7 (mbert) — Worst 5 (cosine) ===
2025-08-27 07:52:14,074 - INFO - 1. bbj: cos=0.9503
2025-08-27 07:52:14,074 - INFO - 2. yor: cos=0.9572
2025-08-27 07:52:14,074 - INFO - 3. mos: cos=0.9611
2025-08-27 07:52:14,074 - INFO - 4. pcm: cos=0.9630
2025-08-27 07:52:14,074 - INFO - 5. fon: cos=0.9639
2025-08-27 07:52:14,202 - INFO - === Layer 8 (mbert) — Top 5 (cosine) ===
2025-08-27 07:52:14,202 - INFO - 1. twi: cos=0.9804
2025-08-27 07:52:14,202 - INFO - 2. luo: cos=0.9803
2025-08-27 07:52:14,202 - INFO - 3. kin: cos=0.9765
2025-08-27 07:52:14,202 - INFO - 4. tsn: cos=0.9750
2025-08-27 07:52:14,202 - INFO - 5. zul: cos=0.9740
2025-08-27 07:52:14,202 - INFO - === Layer 8 (mbert) — Worst 5 (cosine) ===
2025-08-27 07:52:14,202 - INFO - 1. bbj: cos=0.9401
2025-08-27 07:52:14,202 - INFO - 2. yor: cos=0.9459
2025-08-27 07:52:14,202 - INFO - 3. pcm: cos=0.9470
2025-08-27 07:52:14,202 - INFO - 4. mos: cos=0.9483
2025-08-27 07:52:14,202 - INFO - 5. bam: cos=0.9497
2025-08-27 07:52:14,326 - INFO - === Layer 9 (mbert) — Top 5 (cosine) ===
2025-08-27 07:52:14,326 - INFO - 1. ibo: cos=0.9799
2025-08-27 07:52:14,326 - INFO - 2. sna: cos=0.9794
2025-08-27 07:52:14,326 - INFO - 3. luo: cos=0.9789
2025-08-27 07:52:14,326 - INFO - 4. zul: cos=0.9782
2025-08-27 07:52:14,326 - INFO - 5. twi: cos=0.9767
2025-08-27 07:52:14,326 - INFO - === Layer 9 (mbert) — Worst 5 (cosine) ===
2025-08-27 07:52:14,326 - INFO - 1. pcm: cos=0.9410
2025-08-27 07:52:14,326 - INFO - 2. bbj: cos=0.9512
2025-08-27 07:52:14,326 - INFO - 3. lug: cos=0.9548
2025-08-27 07:52:14,326 - INFO - 4. ewe: cos=0.9554
2025-08-27 07:52:14,326 - INFO - 5. mos: cos=0.9571
2025-08-27 07:52:14,449 - INFO - === Layer 10 (mbert) — Top 5 (cosine) ===
2025-08-27 07:52:14,449 - INFO - 1. luo: cos=0.9797
2025-08-27 07:52:14,449 - INFO - 2. kin: cos=0.9790
2025-08-27 07:52:14,449 - INFO - 3. twi: cos=0.9784
2025-08-27 07:52:14,449 - INFO - 4. ibo: cos=0.9761
2025-08-27 07:52:14,449 - INFO - 5. swa: cos=0.9748
2025-08-27 07:52:14,449 - INFO - === Layer 10 (mbert) — Worst 5 (cosine) ===
2025-08-27 07:52:14,449 - INFO - 1. bbj: cos=0.9573
2025-08-27 07:52:14,449 - INFO - 2. yor: cos=0.9578
2025-08-27 07:52:14,449 - INFO - 3. bam: cos=0.9586
2025-08-27 07:52:14,449 - INFO - 4. pcm: cos=0.9603
2025-08-27 07:52:14,449 - INFO - 5. xho: cos=0.9615
2025-08-27 07:52:14,577 - INFO - === Layer 11 (mbert) — Top 5 (cosine) ===
2025-08-27 07:52:14,578 - INFO - 1. luo: cos=0.9812
2025-08-27 07:52:14,578 - INFO - 2. twi: cos=0.9790
2025-08-27 07:52:14,578 - INFO - 3. kin: cos=0.9789
2025-08-27 07:52:14,578 - INFO - 4. ibo: cos=0.9767
2025-08-27 07:52:14,578 - INFO - 5. mos: cos=0.9731
2025-08-27 07:52:14,578 - INFO - === Layer 11 (mbert) — Worst 5 (cosine) ===
2025-08-27 07:52:14,578 - INFO - 1. bbj: cos=0.9552
2025-08-27 07:52:14,578 - INFO - 2. pcm: cos=0.9612
2025-08-27 07:52:14,578 - INFO - 3. yor: cos=0.9616
2025-08-27 07:52:14,578 - INFO - 4. wol: cos=0.9634
2025-08-27 07:52:14,578 - INFO - 5. xho: cos=0.9645
2025-08-27 07:52:14,709 - INFO - === Layer 12 (mbert) — Top 5 (cosine) ===
2025-08-27 07:52:14,709 - INFO - 1. luo: cos=0.9603
2025-08-27 07:52:14,710 - INFO - 2. kin: cos=0.9487
2025-08-27 07:52:14,710 - INFO - 3. ewe: cos=0.9390
2025-08-27 07:52:14,710 - INFO - 4. ibo: cos=0.9348
2025-08-27 07:52:14,710 - INFO - 5. mos: cos=0.9345
2025-08-27 07:52:14,710 - INFO - === Layer 12 (mbert) — Worst 5 (cosine) ===
2025-08-27 07:52:14,710 - INFO - 1. yor: cos=0.8912
2025-08-27 07:52:14,710 - INFO - 2. bbj: cos=0.8929
2025-08-27 07:52:14,710 - INFO - 3. pcm: cos=0.8934
2025-08-27 07:52:14,710 - INFO - 4. nya: cos=0.9078
2025-08-27 07:52:14,710 - INFO - 5. xho: cos=0.9089
2025-08-27 07:52:14,710 - INFO - Experiment finished successfully.
