2025-08-27 07:55:22,491 - INFO - Start: model_type=mbert, use_cls=False, use_context=True, context_window=3, max_tokens_per_type=300, batch_size=64, output_dir=rq2_train_scripts/Embeddings/CLEAN/outputs/mptc/mbert/config_2_clsfalse_ctxtrue/tokens_300_ctx3, save_prototypes=False, seed=42, fp16=True, max_length=96, langs=all, layers=all, span_mode=bio, pool=mean, entity_tags={'ORG', 'LOC', 'DATE', 'PER'}, title_suffix='L=all, tokens=300, ctx=3, cls=false, fp16=true'
2025-08-27 07:55:24,048 - INFO - Processing run
2025-08-27 07:55:24,566 - INFO - Processing bam
2025-08-27 07:55:24,685 - INFO - Processing bbj
2025-08-27 07:55:24,785 - INFO - Processing ewe
2025-08-27 07:55:24,881 - INFO - Processing fon
2025-08-27 07:55:25,003 - INFO - Processing hau
2025-08-27 07:55:25,140 - INFO - Processing ibo
2025-08-27 07:55:25,293 - INFO - Processing kin
2025-08-27 07:55:25,424 - INFO - Processing lug
2025-08-27 07:55:25,533 - INFO - Processing luo
2025-08-27 07:55:25,657 - INFO - Processing mos
2025-08-27 07:55:25,781 - INFO - Processing nya
2025-08-27 07:55:25,906 - INFO - Processing pcm
2025-08-27 07:55:26,025 - INFO - Processing sna
2025-08-27 07:55:26,152 - INFO - Processing swa
2025-08-27 07:55:26,278 - INFO - Processing tsn
2025-08-27 07:55:26,404 - INFO - Processing twi
2025-08-27 07:55:26,527 - INFO - Processing wol
2025-08-27 07:55:26,652 - INFO - Processing xho
2025-08-27 07:55:26,766 - INFO - Processing yor
2025-08-27 07:55:26,922 - INFO - Processing zul
2025-08-27 07:55:27,397 - INFO - === Layer 1 (mbert) — Top 5 (cosine) ===
2025-08-27 07:55:27,397 - INFO - 1. kin: cos=0.8365
2025-08-27 07:55:27,397 - INFO - 2. nya: cos=0.8224
2025-08-27 07:55:27,397 - INFO - 3. lug: cos=0.8220
2025-08-27 07:55:27,397 - INFO - 4. luo: cos=0.8130
2025-08-27 07:55:27,397 - INFO - 5. twi: cos=0.8021
2025-08-27 07:55:27,397 - INFO - === Layer 1 (mbert) — Worst 5 (cosine) ===
2025-08-27 07:55:27,397 - INFO - 1. bbj: cos=0.5973
2025-08-27 07:55:27,397 - INFO - 2. yor: cos=0.6214
2025-08-27 07:55:27,397 - INFO - 3. pcm: cos=0.6461
2025-08-27 07:55:27,397 - INFO - 4. mos: cos=0.6708
2025-08-27 07:55:27,397 - INFO - 5. ewe: cos=0.6782
2025-08-27 07:55:27,519 - INFO - === Layer 2 (mbert) — Top 5 (cosine) ===
2025-08-27 07:55:27,519 - INFO - 1. kin: cos=0.8584
2025-08-27 07:55:27,519 - INFO - 2. lug: cos=0.8446
2025-08-27 07:55:27,519 - INFO - 3. nya: cos=0.8408
2025-08-27 07:55:27,519 - INFO - 4. luo: cos=0.8333
2025-08-27 07:55:27,519 - INFO - 5. twi: cos=0.8247
2025-08-27 07:55:27,519 - INFO - === Layer 2 (mbert) — Worst 5 (cosine) ===
2025-08-27 07:55:27,519 - INFO - 1. bbj: cos=0.6391
2025-08-27 07:55:27,519 - INFO - 2. pcm: cos=0.6622
2025-08-27 07:55:27,519 - INFO - 3. yor: cos=0.6636
2025-08-27 07:55:27,519 - INFO - 4. ewe: cos=0.7003
2025-08-27 07:55:27,519 - INFO - 5. mos: cos=0.7056
2025-08-27 07:55:27,644 - INFO - === Layer 3 (mbert) — Top 5 (cosine) ===
2025-08-27 07:55:27,644 - INFO - 1. kin: cos=0.9063
2025-08-27 07:55:27,644 - INFO - 2. lug: cos=0.9012
2025-08-27 07:55:27,644 - INFO - 3. luo: cos=0.8975
2025-08-27 07:55:27,644 - INFO - 4. ibo: cos=0.8921
2025-08-27 07:55:27,644 - INFO - 5. twi: cos=0.8915
2025-08-27 07:55:27,644 - INFO - === Layer 3 (mbert) — Worst 5 (cosine) ===
2025-08-27 07:55:27,644 - INFO - 1. bbj: cos=0.7641
2025-08-27 07:55:27,644 - INFO - 2. pcm: cos=0.7832
2025-08-27 07:55:27,644 - INFO - 3. yor: cos=0.7834
2025-08-27 07:55:27,644 - INFO - 4. ewe: cos=0.8047
2025-08-27 07:55:27,644 - INFO - 5. bam: cos=0.8167
2025-08-27 07:55:27,773 - INFO - === Layer 4 (mbert) — Top 5 (cosine) ===
2025-08-27 07:55:27,773 - INFO - 1. kin: cos=0.9275
2025-08-27 07:55:27,773 - INFO - 2. lug: cos=0.9248
2025-08-27 07:55:27,773 - INFO - 3. luo: cos=0.9188
2025-08-27 07:55:27,773 - INFO - 4. twi: cos=0.9101
2025-08-27 07:55:27,773 - INFO - 5. zul: cos=0.9054
2025-08-27 07:55:27,773 - INFO - === Layer 4 (mbert) — Worst 5 (cosine) ===
2025-08-27 07:55:27,774 - INFO - 1. bbj: cos=0.8036
2025-08-27 07:55:27,774 - INFO - 2. pcm: cos=0.8117
2025-08-27 07:55:27,774 - INFO - 3. yor: cos=0.8263
2025-08-27 07:55:27,774 - INFO - 4. ewe: cos=0.8437
2025-08-27 07:55:27,774 - INFO - 5. mos: cos=0.8501
2025-08-27 07:55:27,915 - INFO - === Layer 5 (mbert) — Top 5 (cosine) ===
2025-08-27 07:55:27,916 - INFO - 1. luo: cos=0.9440
2025-08-27 07:55:27,916 - INFO - 2. ibo: cos=0.9439
2025-08-27 07:55:27,916 - INFO - 3. zul: cos=0.9433
2025-08-27 07:55:27,916 - INFO - 4. kin: cos=0.9429
2025-08-27 07:55:27,916 - INFO - 5. sna: cos=0.9376
2025-08-27 07:55:27,916 - INFO - === Layer 5 (mbert) — Worst 5 (cosine) ===
2025-08-27 07:55:27,916 - INFO - 1. pcm: cos=0.8686
2025-08-27 07:55:27,916 - INFO - 2. bbj: cos=0.8751
2025-08-27 07:55:27,916 - INFO - 3. yor: cos=0.8902
2025-08-27 07:55:27,916 - INFO - 4. ewe: cos=0.8907
2025-08-27 07:55:27,916 - INFO - 5. swa: cos=0.8978
2025-08-27 07:55:28,103 - INFO - === Layer 6 (mbert) — Top 5 (cosine) ===
2025-08-27 07:55:28,104 - INFO - 1. ibo: cos=0.9571
2025-08-27 07:55:28,104 - INFO - 2. luo: cos=0.9563
2025-08-27 07:55:28,104 - INFO - 3. zul: cos=0.9552
2025-08-27 07:55:28,104 - INFO - 4. kin: cos=0.9545
2025-08-27 07:55:28,104 - INFO - 5. hau: cos=0.9516
2025-08-27 07:55:28,104 - INFO - === Layer 6 (mbert) — Worst 5 (cosine) ===
2025-08-27 07:55:28,104 - INFO - 1. pcm: cos=0.8940
2025-08-27 07:55:28,104 - INFO - 2. yor: cos=0.9029
2025-08-27 07:55:28,104 - INFO - 3. bbj: cos=0.9055
2025-08-27 07:55:28,104 - INFO - 4. swa: cos=0.9110
2025-08-27 07:55:28,104 - INFO - 5. ewe: cos=0.9166
2025-08-27 07:55:28,227 - INFO - === Layer 7 (mbert) — Top 5 (cosine) ===
2025-08-27 07:55:28,227 - INFO - 1. twi: cos=0.9275
2025-08-27 07:55:28,227 - INFO - 2. zul: cos=0.9258
2025-08-27 07:55:28,227 - INFO - 3. kin: cos=0.9251
2025-08-27 07:55:28,227 - INFO - 4. ibo: cos=0.9236
2025-08-27 07:55:28,227 - INFO - 5. hau: cos=0.9219
2025-08-27 07:55:28,227 - INFO - === Layer 7 (mbert) — Worst 5 (cosine) ===
2025-08-27 07:55:28,227 - INFO - 1. yor: cos=0.8559
2025-08-27 07:55:28,227 - INFO - 2. swa: cos=0.8651
2025-08-27 07:55:28,227 - INFO - 3. bbj: cos=0.8684
2025-08-27 07:55:28,227 - INFO - 4. pcm: cos=0.8857
2025-08-27 07:55:28,227 - INFO - 5. bam: cos=0.8858
2025-08-27 07:55:28,353 - INFO - === Layer 8 (mbert) — Top 5 (cosine) ===
2025-08-27 07:55:28,353 - INFO - 1. twi: cos=0.9178
2025-08-27 07:55:28,353 - INFO - 2. ibo: cos=0.9120
2025-08-27 07:55:28,353 - INFO - 3. kin: cos=0.9090
2025-08-27 07:55:28,353 - INFO - 4. hau: cos=0.9084
2025-08-27 07:55:28,353 - INFO - 5. nya: cos=0.9082
2025-08-27 07:55:28,353 - INFO - === Layer 8 (mbert) — Worst 5 (cosine) ===
2025-08-27 07:55:28,353 - INFO - 1. yor: cos=0.8308
2025-08-27 07:55:28,353 - INFO - 2. swa: cos=0.8403
2025-08-27 07:55:28,353 - INFO - 3. bbj: cos=0.8449
2025-08-27 07:55:28,353 - INFO - 4. pcm: cos=0.8618
2025-08-27 07:55:28,353 - INFO - 5. bam: cos=0.8683
2025-08-27 07:55:28,473 - INFO - === Layer 9 (mbert) — Top 5 (cosine) ===
2025-08-27 07:55:28,473 - INFO - 1. twi: cos=0.9403
2025-08-27 07:55:28,473 - INFO - 2. nya: cos=0.9368
2025-08-27 07:55:28,473 - INFO - 3. ibo: cos=0.9367
2025-08-27 07:55:28,473 - INFO - 4. kin: cos=0.9342
2025-08-27 07:55:28,473 - INFO - 5. hau: cos=0.9313
2025-08-27 07:55:28,473 - INFO - === Layer 9 (mbert) — Worst 5 (cosine) ===
2025-08-27 07:55:28,473 - INFO - 1. yor: cos=0.8822
2025-08-27 07:55:28,474 - INFO - 2. bbj: cos=0.8875
2025-08-27 07:55:28,474 - INFO - 3. bam: cos=0.8937
2025-08-27 07:55:28,474 - INFO - 4. swa: cos=0.8955
2025-08-27 07:55:28,474 - INFO - 5. pcm: cos=0.9042
2025-08-27 07:55:28,604 - INFO - === Layer 10 (mbert) — Top 5 (cosine) ===
2025-08-27 07:55:28,604 - INFO - 1. ibo: cos=0.9532
2025-08-27 07:55:28,604 - INFO - 2. lug: cos=0.9529
2025-08-27 07:55:28,604 - INFO - 3. twi: cos=0.9503
2025-08-27 07:55:28,604 - INFO - 4. nya: cos=0.9501
2025-08-27 07:55:28,604 - INFO - 5. tsn: cos=0.9466
2025-08-27 07:55:28,604 - INFO - === Layer 10 (mbert) — Worst 5 (cosine) ===
2025-08-27 07:55:28,604 - INFO - 1. yor: cos=0.9084
2025-08-27 07:55:28,604 - INFO - 2. bbj: cos=0.9089
2025-08-27 07:55:28,604 - INFO - 3. bam: cos=0.9089
2025-08-27 07:55:28,604 - INFO - 4. ewe: cos=0.9162
2025-08-27 07:55:28,604 - INFO - 5. xho: cos=0.9231
2025-08-27 07:55:28,735 - INFO - === Layer 11 (mbert) — Top 5 (cosine) ===
2025-08-27 07:55:28,735 - INFO - 1. lug: cos=0.9609
2025-08-27 07:55:28,735 - INFO - 2. nya: cos=0.9587
2025-08-27 07:55:28,735 - INFO - 3. tsn: cos=0.9578
2025-08-27 07:55:28,735 - INFO - 4. twi: cos=0.9573
2025-08-27 07:55:28,735 - INFO - 5. ibo: cos=0.9562
2025-08-27 07:55:28,735 - INFO - === Layer 11 (mbert) — Worst 5 (cosine) ===
2025-08-27 07:55:28,735 - INFO - 1. yor: cos=0.9099
2025-08-27 07:55:28,735 - INFO - 2. bbj: cos=0.9123
2025-08-27 07:55:28,735 - INFO - 3. pcm: cos=0.9137
2025-08-27 07:55:28,735 - INFO - 4. bam: cos=0.9202
2025-08-27 07:55:28,735 - INFO - 5. xho: cos=0.9271
2025-08-27 07:55:28,875 - INFO - === Layer 12 (mbert) — Top 5 (cosine) ===
2025-08-27 07:55:28,875 - INFO - 1. lug: cos=0.8381
2025-08-27 07:55:28,875 - INFO - 2. tsn: cos=0.8271
2025-08-27 07:55:28,875 - INFO - 3. nya: cos=0.8178
2025-08-27 07:55:28,875 - INFO - 4. kin: cos=0.8148
2025-08-27 07:55:28,875 - INFO - 5. twi: cos=0.8115
2025-08-27 07:55:28,875 - INFO - === Layer 12 (mbert) — Worst 5 (cosine) ===
2025-08-27 07:55:28,875 - INFO - 1. yor: cos=0.6437
2025-08-27 07:55:28,875 - INFO - 2. bbj: cos=0.6640
2025-08-27 07:55:28,876 - INFO - 3. luo: cos=0.7017
2025-08-27 07:55:28,876 - INFO - 4. zul: cos=0.7030
2025-08-27 07:55:28,876 - INFO - 5. pcm: cos=0.7043
2025-08-27 07:55:28,876 - INFO - Experiment finished successfully.
