2025-08-27 07:55:54,850 - INFO - Start: model_type=mbert, use_cls=True, use_context=True, context_window=0, max_tokens_per_type=300, batch_size=64, output_dir=rq2_train_scripts/Embeddings/CLEAN/outputs/mptc/mbert/config_3_clstrue_ctxtrue/tokens_300_ctx0, save_prototypes=False, seed=42, fp16=True, max_length=96, langs=all, layers=all, span_mode=bio, pool=mean, entity_tags={'LOC', 'PER', 'DATE', 'ORG'}, title_suffix='L=all, tokens=300, ctx=0, cls=true, fp16=true'
2025-08-27 07:55:56,350 - INFO - Processing run
2025-08-27 07:55:56,803 - INFO - Processing bam
2025-08-27 07:55:56,860 - INFO - Processing bbj
2025-08-27 07:55:56,897 - INFO - Processing ewe
2025-08-27 07:55:56,935 - INFO - Processing fon
2025-08-27 07:55:56,990 - INFO - Processing hau
2025-08-27 07:55:57,053 - INFO - Processing ibo
2025-08-27 07:55:57,134 - INFO - Processing kin
2025-08-27 07:55:57,227 - INFO - Processing lug
2025-08-27 07:55:57,271 - INFO - Processing luo
2025-08-27 07:55:57,332 - INFO - Processing mos
2025-08-27 07:55:57,390 - INFO - Processing nya
2025-08-27 07:55:57,453 - INFO - Processing pcm
2025-08-27 07:55:57,509 - INFO - Processing sna
2025-08-27 07:55:57,565 - INFO - Processing swa
2025-08-27 07:55:57,639 - INFO - Processing tsn
2025-08-27 07:55:57,685 - INFO - Processing twi
2025-08-27 07:55:57,742 - INFO - Processing wol
2025-08-27 07:55:57,799 - INFO - Processing xho
2025-08-27 07:55:57,845 - INFO - Processing yor
2025-08-27 07:55:57,927 - INFO - Processing zul
2025-08-27 07:55:58,347 - INFO - === Layer 1 (mbert) — Top 5 (cosine) ===
2025-08-27 07:55:58,347 - INFO - 1. kin: cos=0.9994
2025-08-27 07:55:58,347 - INFO - 2. luo: cos=0.9993
2025-08-27 07:55:58,347 - INFO - 3. nya: cos=0.9992
2025-08-27 07:55:58,347 - INFO - 4. tsn: cos=0.9992
2025-08-27 07:55:58,347 - INFO - 5. swa: cos=0.9992
2025-08-27 07:55:58,347 - INFO - === Layer 1 (mbert) — Worst 5 (cosine) ===
2025-08-27 07:55:58,347 - INFO - 1. ewe: cos=0.9917
2025-08-27 07:55:58,347 - INFO - 2. bbj: cos=0.9971
2025-08-27 07:55:58,347 - INFO - 3. xho: cos=0.9976
2025-08-27 07:55:58,347 - INFO - 4. pcm: cos=0.9976
2025-08-27 07:55:58,347 - INFO - 5. sna: cos=0.9978
2025-08-27 07:55:58,505 - INFO - === Layer 2 (mbert) — Top 5 (cosine) ===
2025-08-27 07:55:58,505 - INFO - 1. kin: cos=0.9999
2025-08-27 07:55:58,505 - INFO - 2. luo: cos=0.9999
2025-08-27 07:55:58,505 - INFO - 3. nya: cos=0.9999
2025-08-27 07:55:58,505 - INFO - 4. bam: cos=0.9999
2025-08-27 07:55:58,505 - INFO - 5. ibo: cos=0.9999
2025-08-27 07:55:58,505 - INFO - === Layer 2 (mbert) — Worst 5 (cosine) ===
2025-08-27 07:55:58,505 - INFO - 1. ewe: cos=0.9986
2025-08-27 07:55:58,505 - INFO - 2. bbj: cos=0.9995
2025-08-27 07:55:58,505 - INFO - 3. pcm: cos=0.9996
2025-08-27 07:55:58,505 - INFO - 4. xho: cos=0.9996
2025-08-27 07:55:58,505 - INFO - 5. sna: cos=0.9996
2025-08-27 07:55:58,637 - INFO - === Layer 3 (mbert) — Top 5 (cosine) ===
2025-08-27 07:55:58,638 - INFO - 1. kin: cos=1.0000
2025-08-27 07:55:58,638 - INFO - 2. luo: cos=1.0000
2025-08-27 07:55:58,638 - INFO - 3. ibo: cos=1.0000
2025-08-27 07:55:58,638 - INFO - 4. bam: cos=1.0000
2025-08-27 07:55:58,638 - INFO - 5. zul: cos=1.0000
2025-08-27 07:55:58,638 - INFO - === Layer 3 (mbert) — Worst 5 (cosine) ===
2025-08-27 07:55:58,638 - INFO - 1. ewe: cos=0.9997
2025-08-27 07:55:58,638 - INFO - 2. bbj: cos=0.9999
2025-08-27 07:55:58,638 - INFO - 3. pcm: cos=0.9999
2025-08-27 07:55:58,638 - INFO - 4. sna: cos=0.9999
2025-08-27 07:55:58,638 - INFO - 5. xho: cos=0.9999
2025-08-27 07:55:58,771 - INFO - === Layer 4 (mbert) — Top 5 (cosine) ===
2025-08-27 07:55:58,772 - INFO - 1. kin: cos=0.9999
2025-08-27 07:55:58,772 - INFO - 2. hau: cos=0.9999
2025-08-27 07:55:58,772 - INFO - 3. zul: cos=0.9999
2025-08-27 07:55:58,772 - INFO - 4. twi: cos=0.9998
2025-08-27 07:55:58,772 - INFO - 5. luo: cos=0.9998
2025-08-27 07:55:58,772 - INFO - === Layer 4 (mbert) — Worst 5 (cosine) ===
2025-08-27 07:55:58,772 - INFO - 1. pcm: cos=0.9995
2025-08-27 07:55:58,772 - INFO - 2. ewe: cos=0.9996
2025-08-27 07:55:58,772 - INFO - 3. swa: cos=0.9997
2025-08-27 07:55:58,772 - INFO - 4. xho: cos=0.9997
2025-08-27 07:55:58,772 - INFO - 5. bbj: cos=0.9997
2025-08-27 07:55:58,904 - INFO - === Layer 5 (mbert) — Top 5 (cosine) ===
2025-08-27 07:55:58,905 - INFO - 1. ibo: cos=0.9940
2025-08-27 07:55:58,905 - INFO - 2. hau: cos=0.9932
2025-08-27 07:55:58,905 - INFO - 3. luo: cos=0.9931
2025-08-27 07:55:58,905 - INFO - 4. tsn: cos=0.9929
2025-08-27 07:55:58,905 - INFO - 5. sna: cos=0.9927
2025-08-27 07:55:58,905 - INFO - === Layer 5 (mbert) — Worst 5 (cosine) ===
2025-08-27 07:55:58,905 - INFO - 1. bbj: cos=0.9780
2025-08-27 07:55:58,905 - INFO - 2. pcm: cos=0.9797
2025-08-27 07:55:58,905 - INFO - 3. mos: cos=0.9823
2025-08-27 07:55:58,905 - INFO - 4. yor: cos=0.9827
2025-08-27 07:55:58,905 - INFO - 5. wol: cos=0.9830
2025-08-27 07:55:59,105 - INFO - === Layer 6 (mbert) — Top 5 (cosine) ===
2025-08-27 07:55:59,105 - INFO - 1. ibo: cos=0.9869
2025-08-27 07:55:59,105 - INFO - 2. tsn: cos=0.9866
2025-08-27 07:55:59,105 - INFO - 3. sna: cos=0.9852
2025-08-27 07:55:59,105 - INFO - 4. hau: cos=0.9848
2025-08-27 07:55:59,105 - INFO - 5. zul: cos=0.9845
2025-08-27 07:55:59,105 - INFO - === Layer 6 (mbert) — Worst 5 (cosine) ===
2025-08-27 07:55:59,105 - INFO - 1. yor: cos=0.9563
2025-08-27 07:55:59,105 - INFO - 2. bbj: cos=0.9597
2025-08-27 07:55:59,105 - INFO - 3. pcm: cos=0.9599
2025-08-27 07:55:59,105 - INFO - 4. mos: cos=0.9686
2025-08-27 07:55:59,105 - INFO - 5. ewe: cos=0.9687
2025-08-27 07:55:59,240 - INFO - === Layer 7 (mbert) — Top 5 (cosine) ===
2025-08-27 07:55:59,240 - INFO - 1. zul: cos=0.9813
2025-08-27 07:55:59,240 - INFO - 2. kin: cos=0.9802
2025-08-27 07:55:59,240 - INFO - 3. tsn: cos=0.9798
2025-08-27 07:55:59,240 - INFO - 4. twi: cos=0.9794
2025-08-27 07:55:59,240 - INFO - 5. ewe: cos=0.9779
2025-08-27 07:55:59,240 - INFO - === Layer 7 (mbert) — Worst 5 (cosine) ===
2025-08-27 07:55:59,240 - INFO - 1. yor: cos=0.9484
2025-08-27 07:55:59,240 - INFO - 2. bbj: cos=0.9592
2025-08-27 07:55:59,240 - INFO - 3. nya: cos=0.9682
2025-08-27 07:55:59,240 - INFO - 4. swa: cos=0.9701
2025-08-27 07:55:59,240 - INFO - 5. bam: cos=0.9709
2025-08-27 07:55:59,372 - INFO - === Layer 8 (mbert) — Top 5 (cosine) ===
2025-08-27 07:55:59,372 - INFO - 1. kin: cos=0.9694
2025-08-27 07:55:59,372 - INFO - 2. twi: cos=0.9693
2025-08-27 07:55:59,372 - INFO - 3. ibo: cos=0.9667
2025-08-27 07:55:59,372 - INFO - 4. tsn: cos=0.9661
2025-08-27 07:55:59,372 - INFO - 5. ewe: cos=0.9656
2025-08-27 07:55:59,372 - INFO - === Layer 8 (mbert) — Worst 5 (cosine) ===
2025-08-27 07:55:59,372 - INFO - 1. yor: cos=0.9338
2025-08-27 07:55:59,372 - INFO - 2. bbj: cos=0.9474
2025-08-27 07:55:59,372 - INFO - 3. nya: cos=0.9513
2025-08-27 07:55:59,372 - INFO - 4. bam: cos=0.9533
2025-08-27 07:55:59,372 - INFO - 5. wol: cos=0.9564
2025-08-27 07:55:59,502 - INFO - === Layer 9 (mbert) — Top 5 (cosine) ===
2025-08-27 07:55:59,502 - INFO - 1. twi: cos=0.9739
2025-08-27 07:55:59,502 - INFO - 2. kin: cos=0.9716
2025-08-27 07:55:59,502 - INFO - 3. ibo: cos=0.9697
2025-08-27 07:55:59,502 - INFO - 4. luo: cos=0.9683
2025-08-27 07:55:59,502 - INFO - 5. zul: cos=0.9674
2025-08-27 07:55:59,502 - INFO - === Layer 9 (mbert) — Worst 5 (cosine) ===
2025-08-27 07:55:59,502 - INFO - 1. yor: cos=0.9414
2025-08-27 07:55:59,502 - INFO - 2. bbj: cos=0.9546
2025-08-27 07:55:59,502 - INFO - 3. nya: cos=0.9564
2025-08-27 07:55:59,502 - INFO - 4. bam: cos=0.9597
2025-08-27 07:55:59,502 - INFO - 5. pcm: cos=0.9598
2025-08-27 07:55:59,626 - INFO - === Layer 10 (mbert) — Top 5 (cosine) ===
2025-08-27 07:55:59,626 - INFO - 1. lug: cos=0.9751
2025-08-27 07:55:59,627 - INFO - 2. twi: cos=0.9734
2025-08-27 07:55:59,627 - INFO - 3. ibo: cos=0.9715
2025-08-27 07:55:59,627 - INFO - 4. kin: cos=0.9709
2025-08-27 07:55:59,627 - INFO - 5. luo: cos=0.9684
2025-08-27 07:55:59,627 - INFO - === Layer 10 (mbert) — Worst 5 (cosine) ===
2025-08-27 07:55:59,627 - INFO - 1. yor: cos=0.9388
2025-08-27 07:55:59,627 - INFO - 2. bbj: cos=0.9558
2025-08-27 07:55:59,627 - INFO - 3. wol: cos=0.9578
2025-08-27 07:55:59,627 - INFO - 4. nya: cos=0.9590
2025-08-27 07:55:59,627 - INFO - 5. xho: cos=0.9603
2025-08-27 07:55:59,752 - INFO - === Layer 11 (mbert) — Top 5 (cosine) ===
2025-08-27 07:55:59,752 - INFO - 1. ewe: cos=0.9760
2025-08-27 07:55:59,752 - INFO - 2. lug: cos=0.9748
2025-08-27 07:55:59,752 - INFO - 3. twi: cos=0.9745
2025-08-27 07:55:59,752 - INFO - 4. ibo: cos=0.9728
2025-08-27 07:55:59,752 - INFO - 5. fon: cos=0.9714
2025-08-27 07:55:59,752 - INFO - === Layer 11 (mbert) — Worst 5 (cosine) ===
2025-08-27 07:55:59,752 - INFO - 1. yor: cos=0.9444
2025-08-27 07:55:59,752 - INFO - 2. pcm: cos=0.9509
2025-08-27 07:55:59,752 - INFO - 3. zul: cos=0.9510
2025-08-27 07:55:59,752 - INFO - 4. xho: cos=0.9520
2025-08-27 07:55:59,752 - INFO - 5. bbj: cos=0.9532
2025-08-27 07:55:59,883 - INFO - === Layer 12 (mbert) — Top 5 (cosine) ===
2025-08-27 07:55:59,883 - INFO - 1. mos: cos=0.9514
2025-08-27 07:55:59,883 - INFO - 2. pcm: cos=0.9502
2025-08-27 07:55:59,883 - INFO - 3. ewe: cos=0.9474
2025-08-27 07:55:59,883 - INFO - 4. lug: cos=0.9409
2025-08-27 07:55:59,883 - INFO - 5. luo: cos=0.9382
2025-08-27 07:55:59,883 - INFO - === Layer 12 (mbert) — Worst 5 (cosine) ===
2025-08-27 07:55:59,883 - INFO - 1. yor: cos=0.8462
2025-08-27 07:55:59,883 - INFO - 2. xho: cos=0.8576
2025-08-27 07:55:59,883 - INFO - 3. zul: cos=0.8669
2025-08-27 07:55:59,883 - INFO - 4. bbj: cos=0.8850
2025-08-27 07:55:59,883 - INFO - 5. nya: cos=0.8927
2025-08-27 07:55:59,884 - INFO - Experiment finished successfully.
