2025-08-03 06:13:38,133 - INFO - Experiment started with model_type=xlmr, use_cls=True, use_context=True, context_window=3, use_hybrid=False, max_tokens_per_type=200, output_dir=rq2_train_scripts/Embeddings/MEXA_inspired_strategy/outputs/mptc/xlmr/config_4_clstrue_ctxtrue_hybfalse/tokens_200_ctx3
2025-08-03 06:13:39,631 - INFO - Processing run
2025-08-03 06:13:41,207 - INFO - Processing bam
2025-08-03 06:13:42,972 - INFO - Processing bbj
2025-08-03 06:13:44,718 - INFO - Processing ewe
2025-08-03 06:13:46,468 - INFO - Processing fon
2025-08-03 06:13:48,233 - INFO - Processing hau
2025-08-03 06:13:50,001 - INFO - Processing ibo
2025-08-03 06:13:51,819 - INFO - Processing kin
2025-08-03 06:13:53,604 - INFO - Processing lug
2025-08-03 06:13:55,361 - INFO - Processing luo
2025-08-03 06:13:57,145 - INFO - Processing mos
2025-08-03 06:13:58,914 - INFO - Processing nya
2025-08-03 06:14:00,698 - INFO - Processing pcm
2025-08-03 06:14:02,463 - INFO - Processing sna
2025-08-03 06:14:04,248 - INFO - Processing swa
2025-08-03 06:14:06,034 - INFO - Processing tsn
2025-08-03 06:14:07,789 - INFO - Processing twi
2025-08-03 06:14:09,554 - INFO - Processing wol
2025-08-03 06:14:11,316 - INFO - Processing xho
2025-08-03 06:14:13,071 - INFO - Processing yor
2025-08-03 06:14:14,868 - INFO - Processing zul
2025-08-03 06:14:17,078 - INFO - Top 5 languages most similar to Runyankore:
2025-08-03 06:14:17,078 - INFO - 1. tsn - Mean Similarity: 0.9976
2025-08-03 06:14:17,078 - INFO - 2. zul - Mean Similarity: 0.9974
2025-08-03 06:14:17,078 - INFO - 3. ewe - Mean Similarity: 0.9973
2025-08-03 06:14:17,078 - INFO - 4. sna - Mean Similarity: 0.9970
2025-08-03 06:14:17,078 - INFO - 5. nya - Mean Similarity: 0.9967
2025-08-03 06:14:17,078 - INFO - Experiment finished successfully.
