2025-08-24 11:53:17,624 - INFO - Start: model_type=mbert, run_both=False, use_cls=False, use_context=True, context_window=3, max_tokens_per_type=200, batch_size=32, seed=1, num_middle_layers=3, output_dir=rq2_train_scripts/Embeddings/EXTENDED/outputs/mptc_extended/mbert/config_6_clsfalse_ctxtrue_hybtrue/tokens_200_ctx3
2025-08-24 11:53:18,129 - INFO - mbert: selected layer indices (hidden_states) = [2, 3, 10, 12]
2025-08-24 11:53:18,937 - INFO - Processing run
2025-08-24 11:53:19,364 - INFO - Processing bam
2025-08-24 11:53:19,467 - INFO - Processing bbj
2025-08-24 11:53:19,556 - INFO - Processing ewe
2025-08-24 11:53:19,676 - INFO - Processing fon
2025-08-24 11:53:19,785 - INFO - Processing hau
2025-08-24 11:53:19,879 - INFO - Processing ibo
2025-08-24 11:53:20,015 - INFO - Processing kin
2025-08-24 11:53:20,119 - INFO - Processing lug
2025-08-24 11:53:20,226 - INFO - Processing luo
2025-08-24 11:53:20,340 - INFO - Processing mos
2025-08-24 11:53:20,433 - INFO - Processing nya
2025-08-24 11:53:20,568 - INFO - Processing pcm
2025-08-24 11:53:20,655 - INFO - Processing sna
2025-08-24 11:53:20,769 - INFO - Processing swa
2025-08-24 11:53:20,869 - INFO - Processing tsn
2025-08-24 11:53:21,057 - INFO - Processing twi
2025-08-24 11:53:21,250 - INFO - Processing wol
2025-08-24 11:53:21,552 - INFO - Processing xho
2025-08-24 11:53:21,859 - INFO - Processing yor
2025-08-24 11:53:22,132 - INFO - Processing zul
2025-08-24 11:53:22,638 - INFO - Layer 2 (mbert) — Top 5
2025-08-24 11:53:22,638 - INFO - 1. lug: r=0.7989
2025-08-24 11:53:22,638 - INFO - 2. luo: r=0.7954
2025-08-24 11:53:22,638 - INFO - 3. nya: r=0.7948
2025-08-24 11:53:22,638 - INFO - 4. twi: r=0.7888
2025-08-24 11:53:22,638 - INFO - 5. sna: r=0.7872
2025-08-24 11:53:22,638 - INFO - Layer 2 (mbert) — Worst 5
2025-08-24 11:53:22,638 - INFO - 1. bbj: r=0.6041
2025-08-24 11:53:22,638 - INFO - 2. pcm: r=0.6507
2025-08-24 11:53:22,638 - INFO - 3. yor: r=0.6593
2025-08-24 11:53:22,638 - INFO - 4. fon: r=0.6802
2025-08-24 11:53:22,638 - INFO - 5. ewe: r=0.6930
2025-08-24 11:53:22,751 - INFO - Layer 3 (mbert) — Top 5
2025-08-24 11:53:22,751 - INFO - 1. nya: r=0.8768
2025-08-24 11:53:22,751 - INFO - 2. sna: r=0.8759
2025-08-24 11:53:22,751 - INFO - 3. zul: r=0.8727
2025-08-24 11:53:22,751 - INFO - 4. kin: r=0.8714
2025-08-24 11:53:22,751 - INFO - 5. luo: r=0.8708
2025-08-24 11:53:22,751 - INFO - Layer 3 (mbert) — Worst 5
2025-08-24 11:53:22,751 - INFO - 1. bbj: r=0.7547
2025-08-24 11:53:22,751 - INFO - 2. pcm: r=0.7758
2025-08-24 11:53:22,751 - INFO - 3. ewe: r=0.7998
2025-08-24 11:53:22,751 - INFO - 4. yor: r=0.7998
2025-08-24 11:53:22,751 - INFO - 5. fon: r=0.8103
2025-08-24 11:53:22,865 - INFO - Layer 10 (mbert) — Top 5
2025-08-24 11:53:22,865 - INFO - 1. nya: r=0.9435
2025-08-24 11:53:22,865 - INFO - 2. kin: r=0.9415
2025-08-24 11:53:22,865 - INFO - 3. luo: r=0.9408
2025-08-24 11:53:22,865 - INFO - 4. lug: r=0.9391
2025-08-24 11:53:22,865 - INFO - 5. zul: r=0.9387
2025-08-24 11:53:22,865 - INFO - Layer 10 (mbert) — Worst 5
2025-08-24 11:53:22,865 - INFO - 1. bbj: r=0.8980
2025-08-24 11:53:22,865 - INFO - 2. ewe: r=0.9067
2025-08-24 11:53:22,865 - INFO - 3. pcm: r=0.9071
2025-08-24 11:53:22,865 - INFO - 4. yor: r=0.9073
2025-08-24 11:53:22,865 - INFO - 5. fon: r=0.9075
2025-08-24 11:53:22,991 - INFO - Layer 12 (mbert) — Top 5
2025-08-24 11:53:22,991 - INFO - 1. lug: r=0.8209
2025-08-24 11:53:22,991 - INFO - 2. nya: r=0.8201
2025-08-24 11:53:22,991 - INFO - 3. kin: r=0.8081
2025-08-24 11:53:22,991 - INFO - 4. sna: r=0.8031
2025-08-24 11:53:22,991 - INFO - 5. luo: r=0.7994
2025-08-24 11:53:22,991 - INFO - Layer 12 (mbert) — Worst 5
2025-08-24 11:53:22,991 - INFO - 1. yor: r=0.6301
2025-08-24 11:53:22,991 - INFO - 2. bbj: r=0.6408
2025-08-24 11:53:22,991 - INFO - 3. fon: r=0.6704
2025-08-24 11:53:22,991 - INFO - 4. pcm: r=0.6726
2025-08-24 11:53:22,991 - INFO - 5. ewe: r=0.6851
2025-08-24 11:53:22,992 - INFO - Experiment finished successfully.
