2025-08-27 17:48:44,271 - INFO - Start: model_type=xlmr, use_cls=False, use_context=True, context_window=1, max_tokens_per_type=400, batch_size=64, output_dir=rq2_train_scripts/Embeddings/CLEAN/outputs/salt/xlmr/config_2_clsfalse_ctxtrue/tokens_400_ctx1/core, save_prototypes=False, seed=42, fp16=True, max_length=96, langs=all, layers=all, span_mode=bio, pool=mean, entity_tags={'ORG', 'DATE', 'PER', 'LOC'}, title_suffix='L=all, tokens=400, ctx=1, cls=false, fp16=true'
2025-08-27 17:48:46,226 - INFO - Processing run
2025-08-27 17:48:46,936 - INFO - Processing bam
2025-08-27 17:48:47,233 - INFO - Processing bbj
2025-08-27 17:48:47,563 - INFO - Processing ewe
2025-08-27 17:48:47,988 - INFO - Processing fon
2025-08-27 17:48:48,379 - INFO - Processing hau
2025-08-27 17:48:48,650 - INFO - Processing ibo
2025-08-27 17:48:49,027 - INFO - Processing kin
2025-08-27 17:48:49,364 - INFO - Processing lug
2025-08-27 17:48:49,681 - INFO - Processing luo
2025-08-27 17:48:50,036 - INFO - Processing mos
2025-08-27 17:48:50,402 - INFO - Processing nya
2025-08-27 17:48:50,840 - INFO - Processing pcm
2025-08-27 17:48:50,952 - INFO - Processing sna
2025-08-27 17:48:51,069 - INFO - Processing swa
2025-08-27 17:48:51,189 - INFO - Processing tsn
2025-08-27 17:48:51,295 - INFO - Processing twi
2025-08-27 17:48:51,415 - INFO - Processing wol
2025-08-27 17:48:51,541 - INFO - Processing xho
2025-08-27 17:48:51,649 - INFO - Processing yor
2025-08-27 17:48:51,793 - INFO - Processing zul
2025-08-27 17:48:52,327 - INFO - === Layer 1 (xlmr) — Top 5 (cosine) ===
2025-08-27 17:48:52,327 - INFO - 1. kin: cos=0.9514
2025-08-27 17:48:52,327 - INFO - 2. twi: cos=0.9417
2025-08-27 17:48:52,327 - INFO - 3. luo: cos=0.9370
2025-08-27 17:48:52,327 - INFO - 4. nya: cos=0.9339
2025-08-27 17:48:52,327 - INFO - 5. tsn: cos=0.9304
2025-08-27 17:48:52,327 - INFO - === Layer 1 (xlmr) — Worst 5 (cosine) ===
2025-08-27 17:48:52,327 - INFO - 1. hau: cos=0.8784
2025-08-27 17:48:52,327 - INFO - 2. fon: cos=0.8836
2025-08-27 17:48:52,327 - INFO - 3. yor: cos=0.8846
2025-08-27 17:48:52,327 - INFO - 4. mos: cos=0.8911
2025-08-27 17:48:52,327 - INFO - 5. bbj: cos=0.8912
2025-08-27 17:48:52,455 - INFO - === Layer 2 (xlmr) — Top 5 (cosine) ===
2025-08-27 17:48:52,456 - INFO - 1. kin: cos=0.9801
2025-08-27 17:48:52,456 - INFO - 2. twi: cos=0.9778
2025-08-27 17:48:52,456 - INFO - 3. luo: cos=0.9760
2025-08-27 17:48:52,456 - INFO - 4. nya: cos=0.9750
2025-08-27 17:48:52,456 - INFO - 5. sna: cos=0.9732
2025-08-27 17:48:52,456 - INFO - === Layer 2 (xlmr) — Worst 5 (cosine) ===
2025-08-27 17:48:52,456 - INFO - 1. hau: cos=0.9517
2025-08-27 17:48:52,456 - INFO - 2. yor: cos=0.9561
2025-08-27 17:48:52,456 - INFO - 3. fon: cos=0.9563
2025-08-27 17:48:52,456 - INFO - 4. pcm: cos=0.9586
2025-08-27 17:48:52,456 - INFO - 5. bbj: cos=0.9605
2025-08-27 17:48:52,584 - INFO - === Layer 3 (xlmr) — Top 5 (cosine) ===
2025-08-27 17:48:52,584 - INFO - 1. kin: cos=0.9859
2025-08-27 17:48:52,584 - INFO - 2. twi: cos=0.9845
2025-08-27 17:48:52,584 - INFO - 3. nya: cos=0.9828
2025-08-27 17:48:52,584 - INFO - 4. luo: cos=0.9822
2025-08-27 17:48:52,584 - INFO - 5. tsn: cos=0.9809
2025-08-27 17:48:52,584 - INFO - === Layer 3 (xlmr) — Worst 5 (cosine) ===
2025-08-27 17:48:52,584 - INFO - 1. hau: cos=0.9651
2025-08-27 17:48:52,584 - INFO - 2. pcm: cos=0.9693
2025-08-27 17:48:52,584 - INFO - 3. fon: cos=0.9701
2025-08-27 17:48:52,584 - INFO - 4. swa: cos=0.9709
2025-08-27 17:48:52,584 - INFO - 5. yor: cos=0.9714
2025-08-27 17:48:52,754 - INFO - === Layer 4 (xlmr) — Top 5 (cosine) ===
2025-08-27 17:48:52,754 - INFO - 1. twi: cos=0.9843
2025-08-27 17:48:52,754 - INFO - 2. kin: cos=0.9836
2025-08-27 17:48:52,754 - INFO - 3. nya: cos=0.9814
2025-08-27 17:48:52,754 - INFO - 4. luo: cos=0.9808
2025-08-27 17:48:52,754 - INFO - 5. tsn: cos=0.9786
2025-08-27 17:48:52,754 - INFO - === Layer 4 (xlmr) — Worst 5 (cosine) ===
2025-08-27 17:48:52,754 - INFO - 1. pcm: cos=0.9635
2025-08-27 17:48:52,754 - INFO - 2. hau: cos=0.9648
2025-08-27 17:48:52,755 - INFO - 3. bbj: cos=0.9670
2025-08-27 17:48:52,755 - INFO - 4. swa: cos=0.9673
2025-08-27 17:48:52,755 - INFO - 5. fon: cos=0.9678
2025-08-27 17:48:52,925 - INFO - === Layer 5 (xlmr) — Top 5 (cosine) ===
2025-08-27 17:48:52,925 - INFO - 1. twi: cos=0.9855
2025-08-27 17:48:52,925 - INFO - 2. kin: cos=0.9844
2025-08-27 17:48:52,925 - INFO - 3. luo: cos=0.9827
2025-08-27 17:48:52,925 - INFO - 4. nya: cos=0.9822
2025-08-27 17:48:52,925 - INFO - 5. tsn: cos=0.9806
2025-08-27 17:48:52,925 - INFO - === Layer 5 (xlmr) — Worst 5 (cosine) ===
2025-08-27 17:48:52,925 - INFO - 1. pcm: cos=0.9637
2025-08-27 17:48:52,925 - INFO - 2. hau: cos=0.9651
2025-08-27 17:48:52,925 - INFO - 3. bbj: cos=0.9662
2025-08-27 17:48:52,925 - INFO - 4. fon: cos=0.9682
2025-08-27 17:48:52,925 - INFO - 5. swa: cos=0.9694
2025-08-27 17:48:53,068 - INFO - === Layer 6 (xlmr) — Top 5 (cosine) ===
2025-08-27 17:48:53,068 - INFO - 1. twi: cos=0.9804
2025-08-27 17:48:53,068 - INFO - 2. kin: cos=0.9792
2025-08-27 17:48:53,068 - INFO - 3. luo: cos=0.9764
2025-08-27 17:48:53,068 - INFO - 4. tsn: cos=0.9730
2025-08-27 17:48:53,068 - INFO - 5. zul: cos=0.9720
2025-08-27 17:48:53,068 - INFO - === Layer 6 (xlmr) — Worst 5 (cosine) ===
2025-08-27 17:48:53,068 - INFO - 1. pcm: cos=0.9505
2025-08-27 17:48:53,068 - INFO - 2. bbj: cos=0.9550
2025-08-27 17:48:53,068 - INFO - 3. hau: cos=0.9576
2025-08-27 17:48:53,068 - INFO - 4. swa: cos=0.9593
2025-08-27 17:48:53,068 - INFO - 5. fon: cos=0.9605
2025-08-27 17:48:53,200 - INFO - === Layer 7 (xlmr) — Top 5 (cosine) ===
2025-08-27 17:48:53,200 - INFO - 1. twi: cos=0.9844
2025-08-27 17:48:53,200 - INFO - 2. kin: cos=0.9835
2025-08-27 17:48:53,200 - INFO - 3. luo: cos=0.9807
2025-08-27 17:48:53,200 - INFO - 4. tsn: cos=0.9782
2025-08-27 17:48:53,200 - INFO - 5. zul: cos=0.9773
2025-08-27 17:48:53,200 - INFO - === Layer 7 (xlmr) — Worst 5 (cosine) ===
2025-08-27 17:48:53,200 - INFO - 1. pcm: cos=0.9596
2025-08-27 17:48:53,200 - INFO - 2. bbj: cos=0.9648
2025-08-27 17:48:53,200 - INFO - 3. hau: cos=0.9659
2025-08-27 17:48:53,201 - INFO - 4. swa: cos=0.9664
2025-08-27 17:48:53,201 - INFO - 5. yor: cos=0.9676
2025-08-27 17:48:53,333 - INFO - === Layer 8 (xlmr) — Top 5 (cosine) ===
2025-08-27 17:48:53,333 - INFO - 1. twi: cos=0.9864
2025-08-27 17:48:53,333 - INFO - 2. kin: cos=0.9837
2025-08-27 17:48:53,333 - INFO - 3. luo: cos=0.9799
2025-08-27 17:48:53,333 - INFO - 4. lug: cos=0.9788
2025-08-27 17:48:53,333 - INFO - 5. ewe: cos=0.9780
2025-08-27 17:48:53,333 - INFO - === Layer 8 (xlmr) — Worst 5 (cosine) ===
2025-08-27 17:48:53,333 - INFO - 1. bbj: cos=0.9655
2025-08-27 17:48:53,333 - INFO - 2. yor: cos=0.9661
2025-08-27 17:48:53,333 - INFO - 3. xho: cos=0.9661
2025-08-27 17:48:53,333 - INFO - 4. ibo: cos=0.9684
2025-08-27 17:48:53,333 - INFO - 5. fon: cos=0.9710
2025-08-27 17:48:53,550 - INFO - === Layer 9 (xlmr) — Top 5 (cosine) ===
2025-08-27 17:48:53,551 - INFO - 1. twi: cos=0.9888
2025-08-27 17:48:53,551 - INFO - 2. kin: cos=0.9835
2025-08-27 17:48:53,551 - INFO - 3. zul: cos=0.9818
2025-08-27 17:48:53,551 - INFO - 4. ewe: cos=0.9814
2025-08-27 17:48:53,551 - INFO - 5. luo: cos=0.9809
2025-08-27 17:48:53,551 - INFO - === Layer 9 (xlmr) — Worst 5 (cosine) ===
2025-08-27 17:48:53,551 - INFO - 1. bbj: cos=0.9692
2025-08-27 17:48:53,551 - INFO - 2. xho: cos=0.9706
2025-08-27 17:48:53,551 - INFO - 3. yor: cos=0.9710
2025-08-27 17:48:53,551 - INFO - 4. ibo: cos=0.9734
2025-08-27 17:48:53,551 - INFO - 5. bam: cos=0.9741
2025-08-27 17:48:53,679 - INFO - === Layer 10 (xlmr) — Top 5 (cosine) ===
2025-08-27 17:48:53,679 - INFO - 1. twi: cos=0.9859
2025-08-27 17:48:53,679 - INFO - 2. kin: cos=0.9823
2025-08-27 17:48:53,679 - INFO - 3. lug: cos=0.9811
2025-08-27 17:48:53,679 - INFO - 4. nya: cos=0.9808
2025-08-27 17:48:53,679 - INFO - 5. mos: cos=0.9801
2025-08-27 17:48:53,679 - INFO - === Layer 10 (xlmr) — Worst 5 (cosine) ===
2025-08-27 17:48:53,679 - INFO - 1. yor: cos=0.9635
2025-08-27 17:48:53,679 - INFO - 2. bbj: cos=0.9683
2025-08-27 17:48:53,679 - INFO - 3. xho: cos=0.9691
2025-08-27 17:48:53,679 - INFO - 4. pcm: cos=0.9732
2025-08-27 17:48:53,679 - INFO - 5. ibo: cos=0.9732
2025-08-27 17:48:53,807 - INFO - === Layer 11 (xlmr) — Top 5 (cosine) ===
2025-08-27 17:48:53,807 - INFO - 1. nya: cos=0.9850
2025-08-27 17:48:53,807 - INFO - 2. twi: cos=0.9834
2025-08-27 17:48:53,807 - INFO - 3. mos: cos=0.9821
2025-08-27 17:48:53,807 - INFO - 4. sna: cos=0.9810
2025-08-27 17:48:53,807 - INFO - 5. wol: cos=0.9806
2025-08-27 17:48:53,807 - INFO - === Layer 11 (xlmr) — Worst 5 (cosine) ===
2025-08-27 17:48:53,807 - INFO - 1. yor: cos=0.9682
2025-08-27 17:48:53,807 - INFO - 2. bbj: cos=0.9692
2025-08-27 17:48:53,807 - INFO - 3. swa: cos=0.9739
2025-08-27 17:48:53,807 - INFO - 4. xho: cos=0.9740
2025-08-27 17:48:53,807 - INFO - 5. hau: cos=0.9744
2025-08-27 17:48:53,932 - INFO - === Layer 12 (xlmr) — Top 5 (cosine) ===
2025-08-27 17:48:53,932 - INFO - 1. nya: cos=0.9987
2025-08-27 17:48:53,932 - INFO - 2. twi: cos=0.9985
2025-08-27 17:48:53,932 - INFO - 3. sna: cos=0.9984
2025-08-27 17:48:53,932 - INFO - 4. kin: cos=0.9983
2025-08-27 17:48:53,933 - INFO - 5. mos: cos=0.9983
2025-08-27 17:48:53,933 - INFO - === Layer 12 (xlmr) — Worst 5 (cosine) ===
2025-08-27 17:48:53,933 - INFO - 1. yor: cos=0.9964
2025-08-27 17:48:53,933 - INFO - 2. bbj: cos=0.9971
2025-08-27 17:48:53,933 - INFO - 3. hau: cos=0.9974
2025-08-27 17:48:53,933 - INFO - 4. pcm: cos=0.9975
2025-08-27 17:48:53,933 - INFO - 5. swa: cos=0.9975
2025-08-27 17:48:53,933 - INFO - Experiment finished successfully.
