2025-08-27 18:34:11,920 - INFO - Start: model_type=mbert, use_cls=True, use_context=True, context_window=2, max_tokens_per_type=400, batch_size=64, output_dir=rq2_train_scripts/Embeddings/CLEAN/outputs/salt/mbert/config_3_clstrue_ctxtrue/tokens_400_ctx2/core, save_prototypes=False, seed=42, fp16=True, max_length=96, langs=all, layers=all, span_mode=bio, pool=mean, entity_tags={'LOC', 'PER', 'DATE', 'ORG'}, title_suffix='L=all, tokens=400, ctx=2, cls=true, fp16=true'
2025-08-27 18:34:13,283 - INFO - Processing run
2025-08-27 18:34:13,741 - INFO - Processing bam
2025-08-27 18:34:13,798 - INFO - Processing bbj
2025-08-27 18:34:13,849 - INFO - Processing ewe
2025-08-27 18:34:13,897 - INFO - Processing fon
2025-08-27 18:34:13,956 - INFO - Processing hau
2025-08-27 18:34:14,021 - INFO - Processing ibo
2025-08-27 18:34:14,156 - INFO - Processing kin
2025-08-27 18:34:14,223 - INFO - Processing lug
2025-08-27 18:34:14,283 - INFO - Processing luo
2025-08-27 18:34:14,343 - INFO - Processing mos
2025-08-27 18:34:14,413 - INFO - Processing nya
2025-08-27 18:34:14,479 - INFO - Processing pcm
2025-08-27 18:34:14,532 - INFO - Processing sna
2025-08-27 18:34:14,591 - INFO - Processing swa
2025-08-27 18:34:14,656 - INFO - Processing tsn
2025-08-27 18:34:14,701 - INFO - Processing twi
2025-08-27 18:34:14,762 - INFO - Processing wol
2025-08-27 18:34:14,828 - INFO - Processing xho
2025-08-27 18:34:14,880 - INFO - Processing yor
2025-08-27 18:34:14,963 - INFO - Processing zul
2025-08-27 18:34:15,364 - INFO - === Layer 1 (mbert) — Top 5 (cosine) ===
2025-08-27 18:34:15,364 - INFO - 1. hau: cos=0.9997
2025-08-27 18:34:15,364 - INFO - 2. lug: cos=0.9997
2025-08-27 18:34:15,364 - INFO - 3. nya: cos=0.9997
2025-08-27 18:34:15,364 - INFO - 4. kin: cos=0.9996
2025-08-27 18:34:15,364 - INFO - 5. xho: cos=0.9995
2025-08-27 18:34:15,364 - INFO - === Layer 1 (mbert) — Worst 5 (cosine) ===
2025-08-27 18:34:15,364 - INFO - 1. pcm: cos=0.9987
2025-08-27 18:34:15,364 - INFO - 2. yor: cos=0.9987
2025-08-27 18:34:15,364 - INFO - 3. fon: cos=0.9988
2025-08-27 18:34:15,364 - INFO - 4. bbj: cos=0.9990
2025-08-27 18:34:15,364 - INFO - 5. ewe: cos=0.9992
2025-08-27 18:34:15,516 - INFO - === Layer 2 (mbert) — Top 5 (cosine) ===
2025-08-27 18:34:15,516 - INFO - 1. hau: cos=1.0000
2025-08-27 18:34:15,516 - INFO - 2. lug: cos=1.0000
2025-08-27 18:34:15,516 - INFO - 3. nya: cos=0.9999
2025-08-27 18:34:15,516 - INFO - 4. xho: cos=0.9999
2025-08-27 18:34:15,516 - INFO - 5. sna: cos=0.9999
2025-08-27 18:34:15,516 - INFO - === Layer 2 (mbert) — Worst 5 (cosine) ===
2025-08-27 18:34:15,516 - INFO - 1. fon: cos=0.9998
2025-08-27 18:34:15,516 - INFO - 2. yor: cos=0.9998
2025-08-27 18:34:15,516 - INFO - 3. pcm: cos=0.9998
2025-08-27 18:34:15,516 - INFO - 4. bbj: cos=0.9998
2025-08-27 18:34:15,516 - INFO - 5. ewe: cos=0.9999
2025-08-27 18:34:15,646 - INFO - === Layer 3 (mbert) — Top 5 (cosine) ===
2025-08-27 18:34:15,646 - INFO - 1. lug: cos=1.0000
2025-08-27 18:34:15,646 - INFO - 2. hau: cos=1.0000
2025-08-27 18:34:15,646 - INFO - 3. nya: cos=1.0000
2025-08-27 18:34:15,646 - INFO - 4. xho: cos=1.0000
2025-08-27 18:34:15,646 - INFO - 5. kin: cos=1.0000
2025-08-27 18:34:15,646 - INFO - === Layer 3 (mbert) — Worst 5 (cosine) ===
2025-08-27 18:34:15,646 - INFO - 1. pcm: cos=0.9999
2025-08-27 18:34:15,646 - INFO - 2. fon: cos=0.9999
2025-08-27 18:34:15,646 - INFO - 3. yor: cos=0.9999
2025-08-27 18:34:15,646 - INFO - 4. bbj: cos=0.9999
2025-08-27 18:34:15,646 - INFO - 5. ewe: cos=0.9999
2025-08-27 18:34:15,790 - INFO - === Layer 4 (mbert) — Top 5 (cosine) ===
2025-08-27 18:34:15,790 - INFO - 1. kin: cos=0.9999
2025-08-27 18:34:15,790 - INFO - 2. sna: cos=0.9999
2025-08-27 18:34:15,790 - INFO - 3. lug: cos=0.9999
2025-08-27 18:34:15,790 - INFO - 4. nya: cos=0.9999
2025-08-27 18:34:15,790 - INFO - 5. xho: cos=0.9999
2025-08-27 18:34:15,790 - INFO - === Layer 4 (mbert) — Worst 5 (cosine) ===
2025-08-27 18:34:15,790 - INFO - 1. pcm: cos=0.9996
2025-08-27 18:34:15,790 - INFO - 2. yor: cos=0.9997
2025-08-27 18:34:15,790 - INFO - 3. bbj: cos=0.9997
2025-08-27 18:34:15,790 - INFO - 4. ewe: cos=0.9998
2025-08-27 18:34:15,790 - INFO - 5. fon: cos=0.9998
2025-08-27 18:34:15,912 - INFO - === Layer 5 (mbert) — Top 5 (cosine) ===
2025-08-27 18:34:15,912 - INFO - 1. nya: cos=0.9933
2025-08-27 18:34:15,912 - INFO - 2. lug: cos=0.9929
2025-08-27 18:34:15,912 - INFO - 3. kin: cos=0.9928
2025-08-27 18:34:15,912 - INFO - 4. luo: cos=0.9918
2025-08-27 18:34:15,912 - INFO - 5. xho: cos=0.9916
2025-08-27 18:34:15,912 - INFO - === Layer 5 (mbert) — Worst 5 (cosine) ===
2025-08-27 18:34:15,912 - INFO - 1. bbj: cos=0.9725
2025-08-27 18:34:15,912 - INFO - 2. yor: cos=0.9751
2025-08-27 18:34:15,912 - INFO - 3. fon: cos=0.9767
2025-08-27 18:34:15,912 - INFO - 4. pcm: cos=0.9811
2025-08-27 18:34:15,912 - INFO - 5. swa: cos=0.9832
2025-08-27 18:34:16,104 - INFO - === Layer 6 (mbert) — Top 5 (cosine) ===
2025-08-27 18:34:16,104 - INFO - 1. kin: cos=0.9889
2025-08-27 18:34:16,104 - INFO - 2. lug: cos=0.9886
2025-08-27 18:34:16,104 - INFO - 3. nya: cos=0.9869
2025-08-27 18:34:16,104 - INFO - 4. hau: cos=0.9858
2025-08-27 18:34:16,104 - INFO - 5. luo: cos=0.9852
2025-08-27 18:34:16,104 - INFO - === Layer 6 (mbert) — Worst 5 (cosine) ===
2025-08-27 18:34:16,104 - INFO - 1. bbj: cos=0.9595
2025-08-27 18:34:16,104 - INFO - 2. yor: cos=0.9606
2025-08-27 18:34:16,104 - INFO - 3. fon: cos=0.9607
2025-08-27 18:34:16,104 - INFO - 4. pcm: cos=0.9680
2025-08-27 18:34:16,104 - INFO - 5. swa: cos=0.9696
2025-08-27 18:34:16,228 - INFO - === Layer 7 (mbert) — Top 5 (cosine) ===
2025-08-27 18:34:16,228 - INFO - 1. kin: cos=0.9859
2025-08-27 18:34:16,228 - INFO - 2. lug: cos=0.9835
2025-08-27 18:34:16,228 - INFO - 3. hau: cos=0.9831
2025-08-27 18:34:16,228 - INFO - 4. luo: cos=0.9813
2025-08-27 18:34:16,228 - INFO - 5. sna: cos=0.9812
2025-08-27 18:34:16,228 - INFO - === Layer 7 (mbert) — Worst 5 (cosine) ===
2025-08-27 18:34:16,228 - INFO - 1. fon: cos=0.9582
2025-08-27 18:34:16,228 - INFO - 2. bbj: cos=0.9590
2025-08-27 18:34:16,228 - INFO - 3. yor: cos=0.9593
2025-08-27 18:34:16,228 - INFO - 4. pcm: cos=0.9602
2025-08-27 18:34:16,228 - INFO - 5. swa: cos=0.9603
2025-08-27 18:34:16,364 - INFO - === Layer 8 (mbert) — Top 5 (cosine) ===
2025-08-27 18:34:16,365 - INFO - 1. kin: cos=0.9862
2025-08-27 18:34:16,365 - INFO - 2. sna: cos=0.9835
2025-08-27 18:34:16,365 - INFO - 3. lug: cos=0.9834
2025-08-27 18:34:16,365 - INFO - 4. hau: cos=0.9815
2025-08-27 18:34:16,365 - INFO - 5. nya: cos=0.9808
2025-08-27 18:34:16,365 - INFO - === Layer 8 (mbert) — Worst 5 (cosine) ===
2025-08-27 18:34:16,365 - INFO - 1. bbj: cos=0.9497
2025-08-27 18:34:16,365 - INFO - 2. swa: cos=0.9499
2025-08-27 18:34:16,365 - INFO - 3. yor: cos=0.9501
2025-08-27 18:34:16,365 - INFO - 4. pcm: cos=0.9550
2025-08-27 18:34:16,365 - INFO - 5. fon: cos=0.9571
2025-08-27 18:34:16,492 - INFO - === Layer 9 (mbert) — Top 5 (cosine) ===
2025-08-27 18:34:16,492 - INFO - 1. kin: cos=0.9889
2025-08-27 18:34:16,492 - INFO - 2. sna: cos=0.9875
2025-08-27 18:34:16,492 - INFO - 3. lug: cos=0.9871
2025-08-27 18:34:16,492 - INFO - 4. hau: cos=0.9853
2025-08-27 18:34:16,492 - INFO - 5. nya: cos=0.9850
2025-08-27 18:34:16,492 - INFO - === Layer 9 (mbert) — Worst 5 (cosine) ===
2025-08-27 18:34:16,492 - INFO - 1. pcm: cos=0.9563
2025-08-27 18:34:16,492 - INFO - 2. swa: cos=0.9586
2025-08-27 18:34:16,492 - INFO - 3. yor: cos=0.9602
2025-08-27 18:34:16,492 - INFO - 4. bbj: cos=0.9611
2025-08-27 18:34:16,492 - INFO - 5. bam: cos=0.9638
2025-08-27 18:34:16,615 - INFO - === Layer 10 (mbert) — Top 5 (cosine) ===
2025-08-27 18:34:16,615 - INFO - 1. kin: cos=0.9893
2025-08-27 18:34:16,615 - INFO - 2. sna: cos=0.9884
2025-08-27 18:34:16,615 - INFO - 3. lug: cos=0.9875
2025-08-27 18:34:16,615 - INFO - 4. nya: cos=0.9867
2025-08-27 18:34:16,615 - INFO - 5. hau: cos=0.9856
2025-08-27 18:34:16,615 - INFO - === Layer 10 (mbert) — Worst 5 (cosine) ===
2025-08-27 18:34:16,615 - INFO - 1. yor: cos=0.9579
2025-08-27 18:34:16,615 - INFO - 2. pcm: cos=0.9608
2025-08-27 18:34:16,615 - INFO - 3. bbj: cos=0.9637
2025-08-27 18:34:16,615 - INFO - 4. swa: cos=0.9642
2025-08-27 18:34:16,615 - INFO - 5. bam: cos=0.9681
2025-08-27 18:34:16,736 - INFO - === Layer 11 (mbert) — Top 5 (cosine) ===
2025-08-27 18:34:16,736 - INFO - 1. kin: cos=0.9880
2025-08-27 18:34:16,736 - INFO - 2. sna: cos=0.9869
2025-08-27 18:34:16,736 - INFO - 3. nya: cos=0.9863
2025-08-27 18:34:16,736 - INFO - 4. lug: cos=0.9861
2025-08-27 18:34:16,736 - INFO - 5. hau: cos=0.9847
2025-08-27 18:34:16,736 - INFO - === Layer 11 (mbert) — Worst 5 (cosine) ===
2025-08-27 18:34:16,736 - INFO - 1. yor: cos=0.9553
2025-08-27 18:34:16,737 - INFO - 2. pcm: cos=0.9599
2025-08-27 18:34:16,737 - INFO - 3. bbj: cos=0.9629
2025-08-27 18:34:16,737 - INFO - 4. swa: cos=0.9681
2025-08-27 18:34:16,737 - INFO - 5. fon: cos=0.9704
2025-08-27 18:34:16,865 - INFO - === Layer 12 (mbert) — Top 5 (cosine) ===
2025-08-27 18:34:16,865 - INFO - 1. kin: cos=0.9780
2025-08-27 18:34:16,865 - INFO - 2. sna: cos=0.9774
2025-08-27 18:34:16,865 - INFO - 3. lug: cos=0.9768
2025-08-27 18:34:16,865 - INFO - 4. nya: cos=0.9761
2025-08-27 18:34:16,865 - INFO - 5. hau: cos=0.9746
2025-08-27 18:34:16,865 - INFO - === Layer 12 (mbert) — Worst 5 (cosine) ===
2025-08-27 18:34:16,865 - INFO - 1. bbj: cos=0.9060
2025-08-27 18:34:16,865 - INFO - 2. pcm: cos=0.9286
2025-08-27 18:34:16,865 - INFO - 3. fon: cos=0.9331
2025-08-27 18:34:16,865 - INFO - 4. yor: cos=0.9414
2025-08-27 18:34:16,865 - INFO - 5. bam: cos=0.9480
2025-08-27 18:34:16,866 - INFO - Experiment finished successfully.
