2025-08-24 11:54:23,166 - INFO - Start: model_type=mbert, run_both=False, use_cls=False, use_context=True, context_window=3, max_tokens_per_type=300, batch_size=32, seed=1, num_middle_layers=3, output_dir=rq2_train_scripts/Embeddings/EXTENDED/outputs/combined_extended/mbert/config_6_clsfalse_ctxtrue_hybtrue/tokens_300_ctx3
2025-08-24 11:54:23,715 - INFO - mbert: selected layer indices (hidden_states) = [2, 3, 10, 12]
2025-08-24 11:54:24,627 - INFO - Processing run
2025-08-24 11:54:25,276 - INFO - Processing bam
2025-08-24 11:54:25,548 - INFO - Processing bbj
2025-08-24 11:54:25,716 - INFO - Processing ewe
2025-08-24 11:54:25,836 - INFO - Processing fon
2025-08-24 11:54:25,973 - INFO - Processing hau
2025-08-24 11:54:26,103 - INFO - Processing ibo
2025-08-24 11:54:26,266 - INFO - Processing kin
2025-08-24 11:54:26,423 - INFO - Processing lug
2025-08-24 11:54:26,558 - INFO - Processing luo
2025-08-24 11:54:26,711 - INFO - Processing mos
2025-08-24 11:54:26,850 - INFO - Processing nya
2025-08-24 11:54:26,982 - INFO - Processing pcm
2025-08-24 11:54:27,098 - INFO - Processing sna
2025-08-24 11:54:27,240 - INFO - Processing swa
2025-08-24 11:54:27,374 - INFO - Processing tsn
2025-08-24 11:54:27,484 - INFO - Processing twi
2025-08-24 11:54:27,608 - INFO - Processing wol
2025-08-24 11:54:27,743 - INFO - Processing xho
2025-08-24 11:54:27,930 - INFO - Processing yor
2025-08-24 11:54:28,090 - INFO - Processing zul
2025-08-24 11:54:28,471 - INFO - Layer 2 (mbert) — Top 5
2025-08-24 11:54:28,471 - INFO - 1. lug: r=0.8924
2025-08-24 11:54:28,471 - INFO - 2. kin: r=0.8817
2025-08-24 11:54:28,471 - INFO - 3. twi: r=0.8696
2025-08-24 11:54:28,471 - INFO - 4. sna: r=0.8677
2025-08-24 11:54:28,471 - INFO - 5. luo: r=0.8615
2025-08-24 11:54:28,471 - INFO - Layer 2 (mbert) — Worst 5
2025-08-24 11:54:28,472 - INFO - 1. bbj: r=0.6608
2025-08-24 11:54:28,472 - INFO - 2. yor: r=0.7020
2025-08-24 11:54:28,472 - INFO - 3. fon: r=0.7481
2025-08-24 11:54:28,472 - INFO - 4. pcm: r=0.7560
2025-08-24 11:54:28,472 - INFO - 5. bam: r=0.7787
2025-08-24 11:54:28,580 - INFO - Layer 3 (mbert) — Top 5
2025-08-24 11:54:28,580 - INFO - 1. lug: r=0.9378
2025-08-24 11:54:28,580 - INFO - 2. kin: r=0.9349
2025-08-24 11:54:28,580 - INFO - 3. sna: r=0.9241
2025-08-24 11:54:28,580 - INFO - 4. twi: r=0.9231
2025-08-24 11:54:28,580 - INFO - 5. nya: r=0.9197
2025-08-24 11:54:28,580 - INFO - Layer 3 (mbert) — Worst 5
2025-08-24 11:54:28,580 - INFO - 1. bbj: r=0.7907
2025-08-24 11:54:28,580 - INFO - 2. yor: r=0.8211
2025-08-24 11:54:28,580 - INFO - 3. fon: r=0.8428
2025-08-24 11:54:28,580 - INFO - 4. pcm: r=0.8489
2025-08-24 11:54:28,580 - INFO - 5. bam: r=0.8696
2025-08-24 11:54:28,690 - INFO - Layer 10 (mbert) — Top 5
2025-08-24 11:54:28,690 - INFO - 1. lug: r=0.9786
2025-08-24 11:54:28,690 - INFO - 2. kin: r=0.9770
2025-08-24 11:54:28,690 - INFO - 3. twi: r=0.9717
2025-08-24 11:54:28,690 - INFO - 4. luo: r=0.9713
2025-08-24 11:54:28,690 - INFO - 5. nya: r=0.9712
2025-08-24 11:54:28,690 - INFO - Layer 10 (mbert) — Worst 5
2025-08-24 11:54:28,690 - INFO - 1. bbj: r=0.9252
2025-08-24 11:54:28,690 - INFO - 2. yor: r=0.9313
2025-08-24 11:54:28,690 - INFO - 3. fon: r=0.9334
2025-08-24 11:54:28,690 - INFO - 4. pcm: r=0.9461
2025-08-24 11:54:28,690 - INFO - 5. ewe: r=0.9476
2025-08-24 11:54:28,798 - INFO - Layer 12 (mbert) — Top 5
2025-08-24 11:54:28,799 - INFO - 1. lug: r=0.9207
2025-08-24 11:54:28,799 - INFO - 2. kin: r=0.9048
2025-08-24 11:54:28,799 - INFO - 3. nya: r=0.8901
2025-08-24 11:54:28,799 - INFO - 4. sna: r=0.8784
2025-08-24 11:54:28,799 - INFO - 5. luo: r=0.8737
2025-08-24 11:54:28,799 - INFO - Layer 12 (mbert) — Worst 5
2025-08-24 11:54:28,799 - INFO - 1. yor: r=0.6907
2025-08-24 11:54:28,799 - INFO - 2. bbj: r=0.6945
2025-08-24 11:54:28,799 - INFO - 3. fon: r=0.7221
2025-08-24 11:54:28,799 - INFO - 4. pcm: r=0.7669
2025-08-24 11:54:28,799 - INFO - 5. ewe: r=0.7852
2025-08-24 11:54:28,800 - INFO - Experiment finished successfully.
