2025-08-27 10:10:53,403 - INFO - Start: model_type=xlmr, use_cls=True, use_context=True, context_window=3, max_tokens_per_type=300, batch_size=64, output_dir=rq2_train_scripts/Embeddings/CLEAN/outputs/salt/xlmr/config_3_clstrue_ctxtrue/tokens_300_ctx3/core, save_prototypes=False, seed=42, fp16=True, max_length=96, langs=all, layers=all, span_mode=bio, pool=mean, entity_tags={'DATE', 'ORG', 'PER', 'LOC'}, title_suffix='L=all, tokens=300, ctx=3, cls=true, fp16=true'
2025-08-27 10:10:55,330 - INFO - Processing run
2025-08-27 10:10:55,796 - INFO - Processing bam
2025-08-27 10:10:55,849 - INFO - Processing bbj
2025-08-27 10:10:55,892 - INFO - Processing ewe
2025-08-27 10:10:55,929 - INFO - Processing fon
2025-08-27 10:10:55,981 - INFO - Processing hau
2025-08-27 10:10:56,042 - INFO - Processing ibo
2025-08-27 10:10:56,130 - INFO - Processing kin
2025-08-27 10:10:56,204 - INFO - Processing lug
2025-08-27 10:10:56,254 - INFO - Processing luo
2025-08-27 10:10:56,316 - INFO - Processing mos
2025-08-27 10:10:56,384 - INFO - Processing nya
2025-08-27 10:10:56,452 - INFO - Processing pcm
2025-08-27 10:10:56,505 - INFO - Processing sna
2025-08-27 10:10:56,565 - INFO - Processing swa
2025-08-27 10:10:56,629 - INFO - Processing tsn
2025-08-27 10:10:56,679 - INFO - Processing twi
2025-08-27 10:10:56,743 - INFO - Processing wol
2025-08-27 10:10:56,803 - INFO - Processing xho
2025-08-27 10:10:56,855 - INFO - Processing yor
2025-08-27 10:10:56,970 - INFO - Processing zul
2025-08-27 10:10:57,480 - INFO - === Layer 1 (xlmr) — Top 5 (cosine) ===
2025-08-27 10:10:57,480 - INFO - 1. lug: cos=1.0000
2025-08-27 10:10:57,480 - INFO - 2. kin: cos=1.0000
2025-08-27 10:10:57,480 - INFO - 3. sna: cos=1.0000
2025-08-27 10:10:57,480 - INFO - 4. nya: cos=1.0000
2025-08-27 10:10:57,480 - INFO - 5. tsn: cos=1.0000
2025-08-27 10:10:57,480 - INFO - === Layer 1 (xlmr) — Worst 5 (cosine) ===
2025-08-27 10:10:57,480 - INFO - 1. bam: cos=0.9997
2025-08-27 10:10:57,480 - INFO - 2. fon: cos=0.9997
2025-08-27 10:10:57,480 - INFO - 3. ewe: cos=0.9998
2025-08-27 10:10:57,480 - INFO - 4. yor: cos=0.9999
2025-08-27 10:10:57,480 - INFO - 5. hau: cos=0.9999
2025-08-27 10:10:57,612 - INFO - === Layer 2 (xlmr) — Top 5 (cosine) ===
2025-08-27 10:10:57,612 - INFO - 1. kin: cos=1.0000
2025-08-27 10:10:57,612 - INFO - 2. lug: cos=1.0000
2025-08-27 10:10:57,612 - INFO - 3. sna: cos=1.0000
2025-08-27 10:10:57,612 - INFO - 4. nya: cos=1.0000
2025-08-27 10:10:57,612 - INFO - 5. tsn: cos=1.0000
2025-08-27 10:10:57,612 - INFO - === Layer 2 (xlmr) — Worst 5 (cosine) ===
2025-08-27 10:10:57,612 - INFO - 1. bam: cos=1.0000
2025-08-27 10:10:57,612 - INFO - 2. fon: cos=1.0000
2025-08-27 10:10:57,612 - INFO - 3. hau: cos=1.0000
2025-08-27 10:10:57,612 - INFO - 4. swa: cos=1.0000
2025-08-27 10:10:57,612 - INFO - 5. yor: cos=1.0000
2025-08-27 10:10:57,741 - INFO - === Layer 3 (xlmr) — Top 5 (cosine) ===
2025-08-27 10:10:57,741 - INFO - 1. kin: cos=1.0000
2025-08-27 10:10:57,741 - INFO - 2. lug: cos=1.0000
2025-08-27 10:10:57,742 - INFO - 3. sna: cos=1.0000
2025-08-27 10:10:57,742 - INFO - 4. xho: cos=1.0000
2025-08-27 10:10:57,742 - INFO - 5. zul: cos=1.0000
2025-08-27 10:10:57,742 - INFO - === Layer 3 (xlmr) — Worst 5 (cosine) ===
2025-08-27 10:10:57,742 - INFO - 1. pcm: cos=1.0000
2025-08-27 10:10:57,742 - INFO - 2. swa: cos=1.0000
2025-08-27 10:10:57,742 - INFO - 3. fon: cos=1.0000
2025-08-27 10:10:57,742 - INFO - 4. yor: cos=1.0000
2025-08-27 10:10:57,742 - INFO - 5. ewe: cos=1.0000
2025-08-27 10:10:57,870 - INFO - === Layer 4 (xlmr) — Top 5 (cosine) ===
2025-08-27 10:10:57,870 - INFO - 1. zul: cos=1.0000
2025-08-27 10:10:57,870 - INFO - 2. ibo: cos=1.0000
2025-08-27 10:10:57,870 - INFO - 3. mos: cos=1.0000
2025-08-27 10:10:57,870 - INFO - 4. lug: cos=1.0000
2025-08-27 10:10:57,870 - INFO - 5. xho: cos=1.0000
2025-08-27 10:10:57,870 - INFO - === Layer 4 (xlmr) — Worst 5 (cosine) ===
2025-08-27 10:10:57,870 - INFO - 1. pcm: cos=1.0000
2025-08-27 10:10:57,870 - INFO - 2. hau: cos=1.0000
2025-08-27 10:10:57,870 - INFO - 3. sna: cos=1.0000
2025-08-27 10:10:57,870 - INFO - 4. swa: cos=1.0000
2025-08-27 10:10:57,870 - INFO - 5. bbj: cos=1.0000
2025-08-27 10:10:58,026 - INFO - === Layer 5 (xlmr) — Top 5 (cosine) ===
2025-08-27 10:10:58,026 - INFO - 1. sna: cos=1.0000
2025-08-27 10:10:58,026 - INFO - 2. lug: cos=1.0000
2025-08-27 10:10:58,026 - INFO - 3. kin: cos=1.0000
2025-08-27 10:10:58,026 - INFO - 4. ibo: cos=1.0000
2025-08-27 10:10:58,026 - INFO - 5. nya: cos=1.0000
2025-08-27 10:10:58,026 - INFO - === Layer 5 (xlmr) — Worst 5 (cosine) ===
2025-08-27 10:10:58,026 - INFO - 1. bam: cos=1.0000
2025-08-27 10:10:58,026 - INFO - 2. fon: cos=1.0000
2025-08-27 10:10:58,026 - INFO - 3. twi: cos=1.0000
2025-08-27 10:10:58,026 - INFO - 4. swa: cos=1.0000
2025-08-27 10:10:58,026 - INFO - 5. bbj: cos=1.0000
2025-08-27 10:10:58,157 - INFO - === Layer 6 (xlmr) — Top 5 (cosine) ===
2025-08-27 10:10:58,157 - INFO - 1. sna: cos=1.0000
2025-08-27 10:10:58,157 - INFO - 2. lug: cos=1.0000
2025-08-27 10:10:58,157 - INFO - 3. kin: cos=1.0000
2025-08-27 10:10:58,157 - INFO - 4. nya: cos=1.0000
2025-08-27 10:10:58,157 - INFO - 5. ibo: cos=1.0000
2025-08-27 10:10:58,157 - INFO - === Layer 6 (xlmr) — Worst 5 (cosine) ===
2025-08-27 10:10:58,157 - INFO - 1. bam: cos=1.0000
2025-08-27 10:10:58,157 - INFO - 2. fon: cos=1.0000
2025-08-27 10:10:58,157 - INFO - 3. twi: cos=1.0000
2025-08-27 10:10:58,157 - INFO - 4. swa: cos=1.0000
2025-08-27 10:10:58,157 - INFO - 5. bbj: cos=1.0000
2025-08-27 10:10:58,287 - INFO - === Layer 7 (xlmr) — Top 5 (cosine) ===
2025-08-27 10:10:58,287 - INFO - 1. hau: cos=1.0000
2025-08-27 10:10:58,287 - INFO - 2. kin: cos=1.0000
2025-08-27 10:10:58,287 - INFO - 3. sna: cos=1.0000
2025-08-27 10:10:58,287 - INFO - 4. twi: cos=1.0000
2025-08-27 10:10:58,287 - INFO - 5. tsn: cos=1.0000
2025-08-27 10:10:58,287 - INFO - === Layer 7 (xlmr) — Worst 5 (cosine) ===
2025-08-27 10:10:58,287 - INFO - 1. yor: cos=1.0000
2025-08-27 10:10:58,287 - INFO - 2. fon: cos=1.0000
2025-08-27 10:10:58,287 - INFO - 3. luo: cos=1.0000
2025-08-27 10:10:58,287 - INFO - 4. pcm: cos=1.0000
2025-08-27 10:10:58,287 - INFO - 5. bbj: cos=1.0000
2025-08-27 10:10:58,487 - INFO - === Layer 8 (xlmr) — Top 5 (cosine) ===
2025-08-27 10:10:58,488 - INFO - 1. kin: cos=1.0000
2025-08-27 10:10:58,488 - INFO - 2. sna: cos=1.0000
2025-08-27 10:10:58,488 - INFO - 3. lug: cos=1.0000
2025-08-27 10:10:58,488 - INFO - 4. wol: cos=1.0000
2025-08-27 10:10:58,488 - INFO - 5. nya: cos=1.0000
2025-08-27 10:10:58,488 - INFO - === Layer 8 (xlmr) — Worst 5 (cosine) ===
2025-08-27 10:10:58,488 - INFO - 1. swa: cos=1.0000
2025-08-27 10:10:58,488 - INFO - 2. bbj: cos=1.0000
2025-08-27 10:10:58,488 - INFO - 3. tsn: cos=1.0000
2025-08-27 10:10:58,488 - INFO - 4. hau: cos=1.0000
2025-08-27 10:10:58,488 - INFO - 5. yor: cos=1.0000
2025-08-27 10:10:58,617 - INFO - === Layer 9 (xlmr) — Top 5 (cosine) ===
2025-08-27 10:10:58,618 - INFO - 1. mos: cos=1.0000
2025-08-27 10:10:58,618 - INFO - 2. bbj: cos=1.0000
2025-08-27 10:10:58,618 - INFO - 3. lug: cos=1.0000
2025-08-27 10:10:58,618 - INFO - 4. twi: cos=1.0000
2025-08-27 10:10:58,618 - INFO - 5. sna: cos=1.0000
2025-08-27 10:10:58,618 - INFO - === Layer 9 (xlmr) — Worst 5 (cosine) ===
2025-08-27 10:10:58,618 - INFO - 1. yor: cos=1.0000
2025-08-27 10:10:58,618 - INFO - 2. ewe: cos=1.0000
2025-08-27 10:10:58,618 - INFO - 3. zul: cos=1.0000
2025-08-27 10:10:58,618 - INFO - 4. fon: cos=1.0000
2025-08-27 10:10:58,618 - INFO - 5. luo: cos=1.0000
2025-08-27 10:10:58,747 - INFO - === Layer 10 (xlmr) — Top 5 (cosine) ===
2025-08-27 10:10:58,747 - INFO - 1. twi: cos=1.0000
2025-08-27 10:10:58,747 - INFO - 2. hau: cos=1.0000
2025-08-27 10:10:58,747 - INFO - 3. kin: cos=1.0000
2025-08-27 10:10:58,747 - INFO - 4. bbj: cos=1.0000
2025-08-27 10:10:58,747 - INFO - 5. ibo: cos=1.0000
2025-08-27 10:10:58,747 - INFO - === Layer 10 (xlmr) — Worst 5 (cosine) ===
2025-08-27 10:10:58,747 - INFO - 1. pcm: cos=1.0000
2025-08-27 10:10:58,747 - INFO - 2. tsn: cos=1.0000
2025-08-27 10:10:58,747 - INFO - 3. yor: cos=1.0000
2025-08-27 10:10:58,747 - INFO - 4. luo: cos=1.0000
2025-08-27 10:10:58,747 - INFO - 5. zul: cos=1.0000
2025-08-27 10:10:58,878 - INFO - === Layer 11 (xlmr) — Top 5 (cosine) ===
2025-08-27 10:10:58,878 - INFO - 1. lug: cos=1.0000
2025-08-27 10:10:58,878 - INFO - 2. xho: cos=1.0000
2025-08-27 10:10:58,878 - INFO - 3. ewe: cos=1.0000
2025-08-27 10:10:58,878 - INFO - 4. kin: cos=1.0000
2025-08-27 10:10:58,878 - INFO - 5. zul: cos=1.0000
2025-08-27 10:10:58,878 - INFO - === Layer 11 (xlmr) — Worst 5 (cosine) ===
2025-08-27 10:10:58,878 - INFO - 1. yor: cos=0.9999
2025-08-27 10:10:58,878 - INFO - 2. fon: cos=0.9999
2025-08-27 10:10:58,878 - INFO - 3. pcm: cos=0.9999
2025-08-27 10:10:58,878 - INFO - 4. ibo: cos=0.9999
2025-08-27 10:10:58,878 - INFO - 5. mos: cos=0.9999
2025-08-27 10:10:59,010 - INFO - === Layer 12 (xlmr) — Top 5 (cosine) ===
2025-08-27 10:10:59,011 - INFO - 1. pcm: cos=0.9995
2025-08-27 10:10:59,011 - INFO - 2. sna: cos=0.9994
2025-08-27 10:10:59,011 - INFO - 3. luo: cos=0.9992
2025-08-27 10:10:59,011 - INFO - 4. tsn: cos=0.9986
2025-08-27 10:10:59,011 - INFO - 5. lug: cos=0.9980
2025-08-27 10:10:59,011 - INFO - === Layer 12 (xlmr) — Worst 5 (cosine) ===
2025-08-27 10:10:59,011 - INFO - 1. fon: cos=0.9844
2025-08-27 10:10:59,011 - INFO - 2. zul: cos=0.9898
2025-08-27 10:10:59,011 - INFO - 3. xho: cos=0.9931
2025-08-27 10:10:59,011 - INFO - 4. nya: cos=0.9933
2025-08-27 10:10:59,011 - INFO - 5. bam: cos=0.9935
2025-08-27 10:10:59,011 - INFO - Experiment finished successfully.
