2025-08-24 11:45:54,185 - INFO - Start: model_type=mbert, run_both=False, use_cls=False, use_context=True, context_window=3, max_tokens_per_type=500, batch_size=32, seed=1, num_middle_layers=3, output_dir=rq2_train_scripts/Embeddings/EXTENDED/outputs/combined_extended/mbert/config_2_clsfalse_ctxtrue_hybfalse/tokens_500_ctx3
2025-08-24 11:45:54,715 - INFO - mbert: selected layer indices (hidden_states) = [2, 3, 10, 12]
2025-08-24 11:45:55,588 - INFO - Processing run
2025-08-24 11:45:56,162 - INFO - Processing bam
2025-08-24 11:45:56,398 - INFO - Processing bbj
2025-08-24 11:45:56,606 - INFO - Processing ewe
2025-08-24 11:45:56,793 - INFO - Processing fon
2025-08-24 11:45:57,063 - INFO - Processing hau
2025-08-24 11:45:57,408 - INFO - Processing ibo
2025-08-24 11:45:57,755 - INFO - Processing kin
2025-08-24 11:45:58,080 - INFO - Processing lug
2025-08-24 11:45:58,423 - INFO - Processing luo
2025-08-24 11:45:58,792 - INFO - Processing mos
2025-08-24 11:45:59,104 - INFO - Processing nya
2025-08-24 11:45:59,331 - INFO - Processing pcm
2025-08-24 11:45:59,530 - INFO - Processing sna
2025-08-24 11:45:59,750 - INFO - Processing swa
2025-08-24 11:46:00,170 - INFO - Processing tsn
2025-08-24 11:46:00,563 - INFO - Processing twi
2025-08-24 11:46:01,095 - INFO - Processing wol
2025-08-24 11:46:01,634 - INFO - Processing xho
2025-08-24 11:46:02,091 - INFO - Processing yor
2025-08-24 11:46:02,696 - INFO - Processing zul
2025-08-24 11:46:03,812 - INFO - Layer 2 (mbert) — Top 5
2025-08-24 11:46:03,812 - INFO - 1. lug: r=0.9084
2025-08-24 11:46:03,812 - INFO - 2. kin: r=0.8895
2025-08-24 11:46:03,812 - INFO - 3. twi: r=0.8820
2025-08-24 11:46:03,812 - INFO - 4. ibo: r=0.8807
2025-08-24 11:46:03,812 - INFO - 5. luo: r=0.8757
2025-08-24 11:46:03,812 - INFO - Layer 2 (mbert) — Worst 5
2025-08-24 11:46:03,812 - INFO - 1. bbj: r=0.6821
2025-08-24 11:46:03,812 - INFO - 2. yor: r=0.7086
2025-08-24 11:46:03,812 - INFO - 3. pcm: r=0.7725
2025-08-24 11:46:03,812 - INFO - 4. fon: r=0.7779
2025-08-24 11:46:03,812 - INFO - 5. mos: r=0.7893
2025-08-24 11:46:03,930 - INFO - Layer 3 (mbert) — Top 5
2025-08-24 11:46:03,930 - INFO - 1. lug: r=0.9438
2025-08-24 11:46:03,930 - INFO - 2. kin: r=0.9358
2025-08-24 11:46:03,931 - INFO - 3. ibo: r=0.9264
2025-08-24 11:46:03,931 - INFO - 4. twi: r=0.9261
2025-08-24 11:46:03,931 - INFO - 5. sna: r=0.9240
2025-08-24 11:46:03,931 - INFO - Layer 3 (mbert) — Worst 5
2025-08-24 11:46:03,931 - INFO - 1. bbj: r=0.7964
2025-08-24 11:46:03,931 - INFO - 2. yor: r=0.8190
2025-08-24 11:46:03,931 - INFO - 3. pcm: r=0.8557
2025-08-24 11:46:03,931 - INFO - 4. fon: r=0.8605
2025-08-24 11:46:03,931 - INFO - 5. ewe: r=0.8737
2025-08-24 11:46:04,051 - INFO - Layer 10 (mbert) — Top 5
2025-08-24 11:46:04,051 - INFO - 1. lug: r=0.9819
2025-08-24 11:46:04,051 - INFO - 2. kin: r=0.9790
2025-08-24 11:46:04,051 - INFO - 3. luo: r=0.9756
2025-08-24 11:46:04,051 - INFO - 4. twi: r=0.9744
2025-08-24 11:46:04,051 - INFO - 5. ibo: r=0.9742
2025-08-24 11:46:04,051 - INFO - Layer 10 (mbert) — Worst 5
2025-08-24 11:46:04,052 - INFO - 1. bbj: r=0.9288
2025-08-24 11:46:04,052 - INFO - 2. yor: r=0.9323
2025-08-24 11:46:04,052 - INFO - 3. fon: r=0.9440
2025-08-24 11:46:04,052 - INFO - 4. pcm: r=0.9516
2025-08-24 11:46:04,052 - INFO - 5. ewe: r=0.9551
2025-08-24 11:46:04,232 - INFO - Layer 12 (mbert) — Top 5
2025-08-24 11:46:04,232 - INFO - 1. lug: r=0.9396
2025-08-24 11:46:04,232 - INFO - 2. kin: r=0.9139
2025-08-24 11:46:04,232 - INFO - 3. nya: r=0.8983
2025-08-24 11:46:04,232 - INFO - 4. sna: r=0.8908
2025-08-24 11:46:04,232 - INFO - 5. luo: r=0.8885
2025-08-24 11:46:04,232 - INFO - Layer 12 (mbert) — Worst 5
2025-08-24 11:46:04,232 - INFO - 1. yor: r=0.6958
2025-08-24 11:46:04,232 - INFO - 2. bbj: r=0.7093
2025-08-24 11:46:04,232 - INFO - 3. fon: r=0.7456
2025-08-24 11:46:04,232 - INFO - 4. pcm: r=0.7917
2025-08-24 11:46:04,232 - INFO - 5. mos: r=0.7955
2025-08-24 11:46:04,233 - INFO - Experiment finished successfully.
