2025-08-24 11:46:55,027 - INFO - Start: model_type=mbert, run_both=False, use_cls=False, use_context=True, context_window=1, max_tokens_per_type=200, batch_size=32, seed=1, num_middle_layers=3, output_dir=rq2_train_scripts/Embeddings/EXTENDED/outputs/salt_extended/mbert/config_6_clsfalse_ctxtrue_hybtrue/tokens_200_ctx1
2025-08-24 11:46:59,941 - INFO - mbert: selected layer indices (hidden_states) = [2, 3, 10, 12]
2025-08-24 11:47:00,981 - INFO - Processing run
2025-08-24 11:47:01,764 - INFO - Processing bam
2025-08-24 11:47:02,160 - INFO - Processing bbj
2025-08-24 11:47:02,547 - INFO - Processing ewe
2025-08-24 11:47:02,928 - INFO - Processing fon
2025-08-24 11:47:03,328 - INFO - Processing hau
2025-08-24 11:47:03,722 - INFO - Processing ibo
2025-08-24 11:47:04,137 - INFO - Processing kin
2025-08-24 11:47:04,523 - INFO - Processing lug
2025-08-24 11:47:04,883 - INFO - Processing luo
2025-08-24 11:47:05,267 - INFO - Processing mos
2025-08-24 11:47:05,659 - INFO - Processing nya
2025-08-24 11:47:06,066 - INFO - Processing pcm
2025-08-24 11:47:06,430 - INFO - Processing sna
2025-08-24 11:47:06,821 - INFO - Processing swa
2025-08-24 11:47:07,203 - INFO - Processing tsn
2025-08-24 11:47:07,586 - INFO - Processing twi
2025-08-24 11:47:07,968 - INFO - Processing wol
2025-08-24 11:47:08,346 - INFO - Processing xho
2025-08-24 11:47:08,735 - INFO - Processing yor
2025-08-24 11:47:09,165 - INFO - Processing zul
2025-08-24 11:47:09,803 - INFO - Layer 2 (mbert) — Top 5
2025-08-24 11:47:09,803 - INFO - 1. lug: r=0.8958
2025-08-24 11:47:09,803 - INFO - 2. luo: r=0.8875
2025-08-24 11:47:09,803 - INFO - 3. twi: r=0.8836
2025-08-24 11:47:09,803 - INFO - 4. kin: r=0.8783
2025-08-24 11:47:09,803 - INFO - 5. nya: r=0.8749
2025-08-24 11:47:09,803 - INFO - Layer 2 (mbert) — Worst 5
2025-08-24 11:47:09,803 - INFO - 1. bbj: r=0.7013
2025-08-24 11:47:09,803 - INFO - 2. yor: r=0.7222
2025-08-24 11:47:09,803 - INFO - 3. fon: r=0.7755
2025-08-24 11:47:09,803 - INFO - 4. pcm: r=0.7861
2025-08-24 11:47:09,803 - INFO - 5. ewe: r=0.8000
2025-08-24 11:47:09,921 - INFO - Layer 3 (mbert) — Top 5
2025-08-24 11:47:09,922 - INFO - 1. lug: r=0.9333
2025-08-24 11:47:09,922 - INFO - 2. luo: r=0.9290
2025-08-24 11:47:09,922 - INFO - 3. kin: r=0.9283
2025-08-24 11:47:09,922 - INFO - 4. twi: r=0.9279
2025-08-24 11:47:09,922 - INFO - 5. nya: r=0.9247
2025-08-24 11:47:09,922 - INFO - Layer 3 (mbert) — Worst 5
2025-08-24 11:47:09,922 - INFO - 1. bbj: r=0.8105
2025-08-24 11:47:09,922 - INFO - 2. yor: r=0.8310
2025-08-24 11:47:09,922 - INFO - 3. pcm: r=0.8593
2025-08-24 11:47:09,922 - INFO - 4. fon: r=0.8630
2025-08-24 11:47:09,922 - INFO - 5. ewe: r=0.8667
2025-08-24 11:47:10,041 - INFO - Layer 10 (mbert) — Top 5
2025-08-24 11:47:10,041 - INFO - 1. lug: r=0.9801
2025-08-24 11:47:10,041 - INFO - 2. kin: r=0.9784
2025-08-24 11:47:10,041 - INFO - 3. nya: r=0.9768
2025-08-24 11:47:10,041 - INFO - 4. twi: r=0.9767
2025-08-24 11:47:10,041 - INFO - 5. luo: r=0.9743
2025-08-24 11:47:10,041 - INFO - Layer 10 (mbert) — Worst 5
2025-08-24 11:47:10,041 - INFO - 1. bbj: r=0.9327
2025-08-24 11:47:10,041 - INFO - 2. yor: r=0.9430
2025-08-24 11:47:10,041 - INFO - 3. pcm: r=0.9446
2025-08-24 11:47:10,041 - INFO - 4. fon: r=0.9473
2025-08-24 11:47:10,041 - INFO - 5. ewe: r=0.9496
2025-08-24 11:47:10,162 - INFO - Layer 12 (mbert) — Top 5
2025-08-24 11:47:10,162 - INFO - 1. lug: r=0.9038
2025-08-24 11:47:10,162 - INFO - 2. nya: r=0.8841
2025-08-24 11:47:10,162 - INFO - 3. kin: r=0.8803
2025-08-24 11:47:10,162 - INFO - 4. twi: r=0.8663
2025-08-24 11:47:10,162 - INFO - 5. sna: r=0.8610
2025-08-24 11:47:10,162 - INFO - Layer 12 (mbert) — Worst 5
2025-08-24 11:47:10,162 - INFO - 1. yor: r=0.7185
2025-08-24 11:47:10,162 - INFO - 2. bbj: r=0.7246
2025-08-24 11:47:10,162 - INFO - 3. pcm: r=0.7422
2025-08-24 11:47:10,162 - INFO - 4. ewe: r=0.7674
2025-08-24 11:47:10,162 - INFO - 5. fon: r=0.7685
2025-08-24 11:47:10,163 - INFO - Experiment finished successfully.
