2025-08-24 10:39:46,916 - INFO - Start: model_type=xlmr, run_both=False, use_cls=False, use_context=False, context_window=0, max_tokens_per_type=300, batch_size=32, seed=1, num_middle_layers=3, output_dir=rq2_train_scripts/Embeddings/EXTENDED/outputs/mptc_extended/xlmr/config_0_clsfalse_ctxfalse_hybfalse/tokens_300_ctx0
2025-08-24 10:39:47,476 - INFO - xlmr: selected layer indices (hidden_states) = [2, 3, 10, 12]
2025-08-24 10:39:49,229 - INFO - Processing run
2025-08-24 10:39:53,050 - INFO - Processing bam
2025-08-24 10:39:57,657 - INFO - Processing bbj
2025-08-24 10:40:02,468 - INFO - Processing ewe
2025-08-24 10:40:07,018 - INFO - Processing fon
2025-08-24 10:40:11,841 - INFO - Processing hau
2025-08-24 10:40:15,087 - INFO - Processing ibo
2025-08-24 10:40:19,738 - INFO - Processing kin
2025-08-24 10:40:24,408 - INFO - Processing lug
2025-08-24 10:40:28,995 - INFO - Processing luo
2025-08-24 10:40:33,757 - INFO - Processing mos
2025-08-24 10:40:38,573 - INFO - Processing nya
2025-08-24 10:40:43,349 - INFO - Processing pcm
2025-08-24 10:40:48,296 - INFO - Processing sna
2025-08-24 10:40:53,084 - INFO - Processing swa
2025-08-24 10:40:57,836 - INFO - Processing tsn
2025-08-24 10:41:02,706 - INFO - Processing twi
2025-08-24 10:41:07,602 - INFO - Processing wol
2025-08-24 10:41:12,497 - INFO - Processing xho
2025-08-24 10:41:17,269 - INFO - Processing yor
2025-08-24 10:41:22,160 - INFO - Processing zul
2025-08-24 10:41:27,111 - INFO - Layer 2 (xlmr) — Top 5
2025-08-24 10:41:27,111 - INFO - 1. luo: r=0.9593
2025-08-24 10:41:27,111 - INFO - 2. ewe: r=0.9571
2025-08-24 10:41:27,111 - INFO - 3. twi: r=0.9560
2025-08-24 10:41:27,111 - INFO - 4. tsn: r=0.9554
2025-08-24 10:41:27,111 - INFO - 5. sna: r=0.9553
2025-08-24 10:41:27,111 - INFO - Layer 2 (xlmr) — Worst 5
2025-08-24 10:41:27,111 - INFO - 1. hau: r=0.9408
2025-08-24 10:41:27,111 - INFO - 2. bam: r=0.9418
2025-08-24 10:41:27,111 - INFO - 3. fon: r=0.9436
2025-08-24 10:41:27,111 - INFO - 4. bbj: r=0.9448
2025-08-24 10:41:27,111 - INFO - 5. mos: r=0.9468
2025-08-24 10:41:27,230 - INFO - Layer 3 (xlmr) — Top 5
2025-08-24 10:41:27,230 - INFO - 1. luo: r=0.9697
2025-08-24 10:41:27,230 - INFO - 2. ewe: r=0.9689
2025-08-24 10:41:27,230 - INFO - 3. twi: r=0.9674
2025-08-24 10:41:27,230 - INFO - 4. tsn: r=0.9671
2025-08-24 10:41:27,230 - INFO - 5. sna: r=0.9666
2025-08-24 10:41:27,230 - INFO - Layer 3 (xlmr) — Worst 5
2025-08-24 10:41:27,230 - INFO - 1. hau: r=0.9550
2025-08-24 10:41:27,230 - INFO - 2. bam: r=0.9578
2025-08-24 10:41:27,230 - INFO - 3. fon: r=0.9585
2025-08-24 10:41:27,230 - INFO - 4. bbj: r=0.9595
2025-08-24 10:41:27,230 - INFO - 5. pcm: r=0.9611
2025-08-24 10:41:27,348 - INFO - Layer 10 (xlmr) — Top 5
2025-08-24 10:41:27,348 - INFO - 1. twi: r=0.9757
2025-08-24 10:41:27,348 - INFO - 2. luo: r=0.9739
2025-08-24 10:41:27,348 - INFO - 3. ewe: r=0.9726
2025-08-24 10:41:27,348 - INFO - 4. sna: r=0.9722
2025-08-24 10:41:27,348 - INFO - 5. ibo: r=0.9717
2025-08-24 10:41:27,348 - INFO - Layer 10 (xlmr) — Worst 5
2025-08-24 10:41:27,348 - INFO - 1. bam: r=0.9623
2025-08-24 10:41:27,348 - INFO - 2. pcm: r=0.9637
2025-08-24 10:41:27,348 - INFO - 3. hau: r=0.9643
2025-08-24 10:41:27,348 - INFO - 4. bbj: r=0.9648
2025-08-24 10:41:27,348 - INFO - 5. nya: r=0.9654
2025-08-24 10:41:27,465 - INFO - Layer 12 (xlmr) — Top 5
2025-08-24 10:41:27,465 - INFO - 1. twi: r=0.9976
2025-08-24 10:41:27,465 - INFO - 2. luo: r=0.9975
2025-08-24 10:41:27,465 - INFO - 3. sna: r=0.9974
2025-08-24 10:41:27,465 - INFO - 4. xho: r=0.9973
2025-08-24 10:41:27,465 - INFO - 5. yor: r=0.9973
2025-08-24 10:41:27,465 - INFO - Layer 12 (xlmr) — Worst 5
2025-08-24 10:41:27,465 - INFO - 1. nya: r=0.9965
2025-08-24 10:41:27,465 - INFO - 2. bam: r=0.9967
2025-08-24 10:41:27,465 - INFO - 3. pcm: r=0.9969
2025-08-24 10:41:27,465 - INFO - 4. hau: r=0.9969
2025-08-24 10:41:27,465 - INFO - 5. zul: r=0.9970
2025-08-24 10:41:27,466 - INFO - Experiment finished successfully.
