2025-08-27 10:37:28,228 - INFO - Start: model_type=mbert, use_cls=False, use_context=True, context_window=3, max_tokens_per_type=300, batch_size=64, output_dir=rq2_train_scripts/Embeddings/CLEAN/outputs/salt/mbert/config_2_clsfalse_ctxtrue/tokens_300_ctx3/core, save_prototypes=False, seed=42, fp16=True, max_length=96, langs=all, layers=all, span_mode=bio, pool=mean, entity_tags={'PER', 'ORG', 'LOC', 'DATE'}, title_suffix='L=all, tokens=300, ctx=3, cls=false, fp16=true'
2025-08-27 10:37:29,614 - INFO - Processing run
2025-08-27 10:37:30,179 - INFO - Processing bam
2025-08-27 10:37:30,282 - INFO - Processing bbj
2025-08-27 10:37:30,366 - INFO - Processing ewe
2025-08-27 10:37:30,455 - INFO - Processing fon
2025-08-27 10:37:30,755 - INFO - Processing hau
2025-08-27 10:37:30,999 - INFO - Processing ibo
2025-08-27 10:37:31,328 - INFO - Processing kin
2025-08-27 10:37:31,628 - INFO - Processing lug
2025-08-27 10:37:31,921 - INFO - Processing luo
2025-08-27 10:37:32,256 - INFO - Processing mos
2025-08-27 10:37:32,603 - INFO - Processing nya
2025-08-27 10:37:32,811 - INFO - Processing pcm
2025-08-27 10:37:33,077 - INFO - Processing sna
2025-08-27 10:37:33,401 - INFO - Processing swa
2025-08-27 10:37:33,574 - INFO - Processing tsn
2025-08-27 10:37:33,870 - INFO - Processing twi
2025-08-27 10:37:34,209 - INFO - Processing wol
2025-08-27 10:37:34,417 - INFO - Processing xho
2025-08-27 10:37:34,678 - INFO - Processing yor
2025-08-27 10:37:35,029 - INFO - Processing zul
2025-08-27 10:37:35,643 - INFO - === Layer 1 (mbert) — Top 5 (cosine) ===
2025-08-27 10:37:35,643 - INFO - 1. lug: cos=0.8717
2025-08-27 10:37:35,643 - INFO - 2. kin: cos=0.8552
2025-08-27 10:37:35,643 - INFO - 3. nya: cos=0.8500
2025-08-27 10:37:35,643 - INFO - 4. twi: cos=0.8343
2025-08-27 10:37:35,643 - INFO - 5. luo: cos=0.8226
2025-08-27 10:37:35,643 - INFO - === Layer 1 (mbert) — Worst 5 (cosine) ===
2025-08-27 10:37:35,643 - INFO - 1. yor: cos=0.6419
2025-08-27 10:37:35,643 - INFO - 2. bbj: cos=0.6628
2025-08-27 10:37:35,643 - INFO - 3. pcm: cos=0.7136
2025-08-27 10:37:35,643 - INFO - 4. mos: cos=0.7218
2025-08-27 10:37:35,643 - INFO - 5. bam: cos=0.7283
2025-08-27 10:37:35,772 - INFO - === Layer 2 (mbert) — Top 5 (cosine) ===
2025-08-27 10:37:35,772 - INFO - 1. lug: cos=0.8869
2025-08-27 10:37:35,772 - INFO - 2. kin: cos=0.8798
2025-08-27 10:37:35,772 - INFO - 3. nya: cos=0.8681
2025-08-27 10:37:35,772 - INFO - 4. twi: cos=0.8574
2025-08-27 10:37:35,772 - INFO - 5. luo: cos=0.8468
2025-08-27 10:37:35,772 - INFO - === Layer 2 (mbert) — Worst 5 (cosine) ===
2025-08-27 10:37:35,772 - INFO - 1. yor: cos=0.6814
2025-08-27 10:37:35,772 - INFO - 2. bbj: cos=0.6996
2025-08-27 10:37:35,772 - INFO - 3. pcm: cos=0.7239
2025-08-27 10:37:35,772 - INFO - 4. mos: cos=0.7514
2025-08-27 10:37:35,772 - INFO - 5. ewe: cos=0.7521
2025-08-27 10:37:35,900 - INFO - === Layer 3 (mbert) — Top 5 (cosine) ===
2025-08-27 10:37:35,900 - INFO - 1. kin: cos=0.9199
2025-08-27 10:37:35,900 - INFO - 2. twi: cos=0.9080
2025-08-27 10:37:35,900 - INFO - 3. lug: cos=0.9053
2025-08-27 10:37:35,900 - INFO - 4. ibo: cos=0.9039
2025-08-27 10:37:35,900 - INFO - 5. luo: cos=0.9010
2025-08-27 10:37:35,900 - INFO - === Layer 3 (mbert) — Worst 5 (cosine) ===
2025-08-27 10:37:35,900 - INFO - 1. yor: cos=0.7962
2025-08-27 10:37:35,900 - INFO - 2. bbj: cos=0.8004
2025-08-27 10:37:35,900 - INFO - 3. pcm: cos=0.8213
2025-08-27 10:37:35,900 - INFO - 4. ewe: cos=0.8335
2025-08-27 10:37:35,900 - INFO - 5. bam: cos=0.8398
2025-08-27 10:37:36,030 - INFO - === Layer 4 (mbert) — Top 5 (cosine) ===
2025-08-27 10:37:36,030 - INFO - 1. kin: cos=0.9400
2025-08-27 10:37:36,030 - INFO - 2. lug: cos=0.9288
2025-08-27 10:37:36,030 - INFO - 3. twi: cos=0.9274
2025-08-27 10:37:36,030 - INFO - 4. luo: cos=0.9231
2025-08-27 10:37:36,030 - INFO - 5. tsn: cos=0.9184
2025-08-27 10:37:36,030 - INFO - === Layer 4 (mbert) — Worst 5 (cosine) ===
2025-08-27 10:37:36,030 - INFO - 1. bbj: cos=0.8356
2025-08-27 10:37:36,030 - INFO - 2. yor: cos=0.8377
2025-08-27 10:37:36,030 - INFO - 3. pcm: cos=0.8464
2025-08-27 10:37:36,030 - INFO - 4. ewe: cos=0.8687
2025-08-27 10:37:36,030 - INFO - 5. mos: cos=0.8760
2025-08-27 10:37:36,155 - INFO - === Layer 5 (mbert) — Top 5 (cosine) ===
2025-08-27 10:37:36,155 - INFO - 1. kin: cos=0.9535
2025-08-27 10:37:36,155 - INFO - 2. lug: cos=0.9478
2025-08-27 10:37:36,155 - INFO - 3. twi: cos=0.9475
2025-08-27 10:37:36,155 - INFO - 4. luo: cos=0.9472
2025-08-27 10:37:36,155 - INFO - 5. tsn: cos=0.9420
2025-08-27 10:37:36,155 - INFO - === Layer 5 (mbert) — Worst 5 (cosine) ===
2025-08-27 10:37:36,155 - INFO - 1. bbj: cos=0.8824
2025-08-27 10:37:36,155 - INFO - 2. yor: cos=0.8833
2025-08-27 10:37:36,155 - INFO - 3. pcm: cos=0.8896
2025-08-27 10:37:36,155 - INFO - 4. ewe: cos=0.9055
2025-08-27 10:37:36,155 - INFO - 5. swa: cos=0.9121
2025-08-27 10:37:36,350 - INFO - === Layer 6 (mbert) — Top 5 (cosine) ===
2025-08-27 10:37:36,350 - INFO - 1. kin: cos=0.9632
2025-08-27 10:37:36,350 - INFO - 2. twi: cos=0.9586
2025-08-27 10:37:36,350 - INFO - 3. luo: cos=0.9586
2025-08-27 10:37:36,350 - INFO - 4. lug: cos=0.9570
2025-08-27 10:37:36,350 - INFO - 5. tsn: cos=0.9549
2025-08-27 10:37:36,350 - INFO - === Layer 6 (mbert) — Worst 5 (cosine) ===
2025-08-27 10:37:36,350 - INFO - 1. yor: cos=0.8937
2025-08-27 10:37:36,350 - INFO - 2. bbj: cos=0.9046
2025-08-27 10:37:36,350 - INFO - 3. pcm: cos=0.9101
2025-08-27 10:37:36,350 - INFO - 4. swa: cos=0.9210
2025-08-27 10:37:36,350 - INFO - 5. ewe: cos=0.9270
2025-08-27 10:37:36,478 - INFO - === Layer 7 (mbert) — Top 5 (cosine) ===
2025-08-27 10:37:36,478 - INFO - 1. twi: cos=0.9500
2025-08-27 10:37:36,478 - INFO - 2. kin: cos=0.9492
2025-08-27 10:37:36,478 - INFO - 3. lug: cos=0.9420
2025-08-27 10:37:36,478 - INFO - 4. ibo: cos=0.9308
2025-08-27 10:37:36,478 - INFO - 5. tsn: cos=0.9304
2025-08-27 10:37:36,478 - INFO - === Layer 7 (mbert) — Worst 5 (cosine) ===
2025-08-27 10:37:36,478 - INFO - 1. yor: cos=0.8493
2025-08-27 10:37:36,478 - INFO - 2. bbj: cos=0.8790
2025-08-27 10:37:36,478 - INFO - 3. swa: cos=0.8915
2025-08-27 10:37:36,478 - INFO - 4. xho: cos=0.8931
2025-08-27 10:37:36,478 - INFO - 5. bam: cos=0.8962
2025-08-27 10:37:36,623 - INFO - === Layer 8 (mbert) — Top 5 (cosine) ===
2025-08-27 10:37:36,623 - INFO - 1. twi: cos=0.9278
2025-08-27 10:37:36,623 - INFO - 2. kin: cos=0.9166
2025-08-27 10:37:36,623 - INFO - 3. lug: cos=0.9160
2025-08-27 10:37:36,623 - INFO - 4. ibo: cos=0.9097
2025-08-27 10:37:36,623 - INFO - 5. hau: cos=0.9048
2025-08-27 10:37:36,623 - INFO - === Layer 8 (mbert) — Worst 5 (cosine) ===
2025-08-27 10:37:36,623 - INFO - 1. yor: cos=0.8170
2025-08-27 10:37:36,623 - INFO - 2. bbj: cos=0.8448
2025-08-27 10:37:36,623 - INFO - 3. swa: cos=0.8517
2025-08-27 10:37:36,623 - INFO - 4. xho: cos=0.8526
2025-08-27 10:37:36,623 - INFO - 5. bam: cos=0.8684
2025-08-27 10:37:36,753 - INFO - === Layer 9 (mbert) — Top 5 (cosine) ===
2025-08-27 10:37:36,753 - INFO - 1. twi: cos=0.9463
2025-08-27 10:37:36,753 - INFO - 2. kin: cos=0.9401
2025-08-27 10:37:36,753 - INFO - 3. lug: cos=0.9360
2025-08-27 10:37:36,753 - INFO - 4. ibo: cos=0.9320
2025-08-27 10:37:36,753 - INFO - 5. hau: cos=0.9313
2025-08-27 10:37:36,753 - INFO - === Layer 9 (mbert) — Worst 5 (cosine) ===
2025-08-27 10:37:36,753 - INFO - 1. yor: cos=0.8477
2025-08-27 10:37:36,753 - INFO - 2. bbj: cos=0.8921
2025-08-27 10:37:36,753 - INFO - 3. xho: cos=0.8994
2025-08-27 10:37:36,753 - INFO - 4. bam: cos=0.9012
2025-08-27 10:37:36,753 - INFO - 5. swa: cos=0.9026
2025-08-27 10:37:36,880 - INFO - === Layer 10 (mbert) — Top 5 (cosine) ===
2025-08-27 10:37:36,880 - INFO - 1. lug: cos=0.9582
2025-08-27 10:37:36,880 - INFO - 2. twi: cos=0.9554
2025-08-27 10:37:36,880 - INFO - 3. kin: cos=0.9502
2025-08-27 10:37:36,880 - INFO - 4. luo: cos=0.9460
2025-08-27 10:37:36,880 - INFO - 5. hau: cos=0.9451
2025-08-27 10:37:36,880 - INFO - === Layer 10 (mbert) — Worst 5 (cosine) ===
2025-08-27 10:37:36,880 - INFO - 1. yor: cos=0.8760
2025-08-27 10:37:36,880 - INFO - 2. bam: cos=0.9113
2025-08-27 10:37:36,880 - INFO - 3. xho: cos=0.9125
2025-08-27 10:37:36,880 - INFO - 4. bbj: cos=0.9150
2025-08-27 10:37:36,880 - INFO - 5. tsn: cos=0.9264
2025-08-27 10:37:37,005 - INFO - === Layer 11 (mbert) — Top 5 (cosine) ===
2025-08-27 10:37:37,005 - INFO - 1. lug: cos=0.9634
2025-08-27 10:37:37,005 - INFO - 2. twi: cos=0.9605
2025-08-27 10:37:37,005 - INFO - 3. kin: cos=0.9567
2025-08-27 10:37:37,005 - INFO - 4. nya: cos=0.9565
2025-08-27 10:37:37,005 - INFO - 5. ewe: cos=0.9546
2025-08-27 10:37:37,005 - INFO - === Layer 11 (mbert) — Worst 5 (cosine) ===
2025-08-27 10:37:37,005 - INFO - 1. yor: cos=0.8884
2025-08-27 10:37:37,005 - INFO - 2. bam: cos=0.9064
2025-08-27 10:37:37,005 - INFO - 3. bbj: cos=0.9166
2025-08-27 10:37:37,005 - INFO - 4. xho: cos=0.9182
2025-08-27 10:37:37,005 - INFO - 5. pcm: cos=0.9243
2025-08-27 10:37:37,135 - INFO - === Layer 12 (mbert) — Top 5 (cosine) ===
2025-08-27 10:37:37,135 - INFO - 1. lug: cos=0.8431
2025-08-27 10:37:37,135 - INFO - 2. kin: cos=0.8198
2025-08-27 10:37:37,135 - INFO - 3. twi: cos=0.8182
2025-08-27 10:37:37,135 - INFO - 4. nya: cos=0.8019
2025-08-27 10:37:37,135 - INFO - 5. sna: cos=0.7955
2025-08-27 10:37:37,135 - INFO - === Layer 12 (mbert) — Worst 5 (cosine) ===
2025-08-27 10:37:37,135 - INFO - 1. yor: cos=0.5871
2025-08-27 10:37:37,135 - INFO - 2. bbj: cos=0.6079
2025-08-27 10:37:37,135 - INFO - 3. xho: cos=0.6958
2025-08-27 10:37:37,135 - INFO - 4. bam: cos=0.7104
2025-08-27 10:37:37,135 - INFO - 5. fon: cos=0.7158
2025-08-27 10:37:37,136 - INFO - Experiment finished successfully.
