2025-08-27 10:11:21,586 - INFO - Start: model_type=xlmr, use_cls=True, use_context=True, context_window=3, max_tokens_per_type=400, batch_size=64, output_dir=rq2_train_scripts/Embeddings/CLEAN/outputs/salt/xlmr/config_3_clstrue_ctxtrue/tokens_400_ctx3/core, save_prototypes=False, seed=42, fp16=True, max_length=96, langs=all, layers=all, span_mode=bio, pool=mean, entity_tags={'PER', 'DATE', 'LOC', 'ORG'}, title_suffix='L=all, tokens=400, ctx=3, cls=true, fp16=true'
2025-08-27 10:11:23,536 - INFO - Processing run
2025-08-27 10:11:24,041 - INFO - Processing bam
2025-08-27 10:11:24,097 - INFO - Processing bbj
2025-08-27 10:11:24,151 - INFO - Processing ewe
2025-08-27 10:11:24,197 - INFO - Processing fon
2025-08-27 10:11:24,260 - INFO - Processing hau
2025-08-27 10:11:24,322 - INFO - Processing ibo
2025-08-27 10:11:24,413 - INFO - Processing kin
2025-08-27 10:11:24,481 - INFO - Processing lug
2025-08-27 10:11:24,540 - INFO - Processing luo
2025-08-27 10:11:24,602 - INFO - Processing mos
2025-08-27 10:11:24,675 - INFO - Processing nya
2025-08-27 10:11:24,745 - INFO - Processing pcm
2025-08-27 10:11:24,801 - INFO - Processing sna
2025-08-27 10:11:24,863 - INFO - Processing swa
2025-08-27 10:11:24,927 - INFO - Processing tsn
2025-08-27 10:11:24,994 - INFO - Processing twi
2025-08-27 10:11:25,060 - INFO - Processing wol
2025-08-27 10:11:25,127 - INFO - Processing xho
2025-08-27 10:11:25,176 - INFO - Processing yor
2025-08-27 10:11:25,263 - INFO - Processing zul
2025-08-27 10:11:25,790 - INFO - === Layer 1 (xlmr) — Top 5 (cosine) ===
2025-08-27 10:11:25,790 - INFO - 1. lug: cos=1.0000
2025-08-27 10:11:25,790 - INFO - 2. kin: cos=1.0000
2025-08-27 10:11:25,790 - INFO - 3. sna: cos=1.0000
2025-08-27 10:11:25,790 - INFO - 4. nya: cos=1.0000
2025-08-27 10:11:25,790 - INFO - 5. tsn: cos=1.0000
2025-08-27 10:11:25,790 - INFO - === Layer 1 (xlmr) — Worst 5 (cosine) ===
2025-08-27 10:11:25,790 - INFO - 1. bam: cos=0.9997
2025-08-27 10:11:25,790 - INFO - 2. fon: cos=0.9997
2025-08-27 10:11:25,790 - INFO - 3. ewe: cos=0.9999
2025-08-27 10:11:25,790 - INFO - 4. yor: cos=0.9999
2025-08-27 10:11:25,790 - INFO - 5. hau: cos=0.9999
2025-08-27 10:11:25,922 - INFO - === Layer 2 (xlmr) — Top 5 (cosine) ===
2025-08-27 10:11:25,922 - INFO - 1. kin: cos=1.0000
2025-08-27 10:11:25,922 - INFO - 2. nya: cos=1.0000
2025-08-27 10:11:25,922 - INFO - 3. sna: cos=1.0000
2025-08-27 10:11:25,922 - INFO - 4. lug: cos=1.0000
2025-08-27 10:11:25,922 - INFO - 5. tsn: cos=1.0000
2025-08-27 10:11:25,922 - INFO - === Layer 2 (xlmr) — Worst 5 (cosine) ===
2025-08-27 10:11:25,922 - INFO - 1. bam: cos=1.0000
2025-08-27 10:11:25,922 - INFO - 2. fon: cos=1.0000
2025-08-27 10:11:25,922 - INFO - 3. hau: cos=1.0000
2025-08-27 10:11:25,922 - INFO - 4. yor: cos=1.0000
2025-08-27 10:11:25,922 - INFO - 5. swa: cos=1.0000
2025-08-27 10:11:26,053 - INFO - === Layer 3 (xlmr) — Top 5 (cosine) ===
2025-08-27 10:11:26,053 - INFO - 1. kin: cos=1.0000
2025-08-27 10:11:26,053 - INFO - 2. sna: cos=1.0000
2025-08-27 10:11:26,053 - INFO - 3. nya: cos=1.0000
2025-08-27 10:11:26,053 - INFO - 4. lug: cos=1.0000
2025-08-27 10:11:26,053 - INFO - 5. xho: cos=1.0000
2025-08-27 10:11:26,053 - INFO - === Layer 3 (xlmr) — Worst 5 (cosine) ===
2025-08-27 10:11:26,053 - INFO - 1. pcm: cos=1.0000
2025-08-27 10:11:26,053 - INFO - 2. swa: cos=1.0000
2025-08-27 10:11:26,054 - INFO - 3. fon: cos=1.0000
2025-08-27 10:11:26,054 - INFO - 4. ewe: cos=1.0000
2025-08-27 10:11:26,054 - INFO - 5. bbj: cos=1.0000
2025-08-27 10:11:26,179 - INFO - === Layer 4 (xlmr) — Top 5 (cosine) ===
2025-08-27 10:11:26,179 - INFO - 1. zul: cos=1.0000
2025-08-27 10:11:26,179 - INFO - 2. lug: cos=1.0000
2025-08-27 10:11:26,179 - INFO - 3. wol: cos=1.0000
2025-08-27 10:11:26,179 - INFO - 4. ibo: cos=1.0000
2025-08-27 10:11:26,179 - INFO - 5. nya: cos=1.0000
2025-08-27 10:11:26,179 - INFO - === Layer 4 (xlmr) — Worst 5 (cosine) ===
2025-08-27 10:11:26,179 - INFO - 1. pcm: cos=1.0000
2025-08-27 10:11:26,179 - INFO - 2. hau: cos=1.0000
2025-08-27 10:11:26,179 - INFO - 3. swa: cos=1.0000
2025-08-27 10:11:26,179 - INFO - 4. fon: cos=1.0000
2025-08-27 10:11:26,179 - INFO - 5. sna: cos=1.0000
2025-08-27 10:11:26,299 - INFO - === Layer 5 (xlmr) — Top 5 (cosine) ===
2025-08-27 10:11:26,299 - INFO - 1. lug: cos=1.0000
2025-08-27 10:11:26,299 - INFO - 2. sna: cos=1.0000
2025-08-27 10:11:26,299 - INFO - 3. kin: cos=1.0000
2025-08-27 10:11:26,299 - INFO - 4. nya: cos=1.0000
2025-08-27 10:11:26,299 - INFO - 5. zul: cos=1.0000
2025-08-27 10:11:26,299 - INFO - === Layer 5 (xlmr) — Worst 5 (cosine) ===
2025-08-27 10:11:26,299 - INFO - 1. bam: cos=1.0000
2025-08-27 10:11:26,299 - INFO - 2. fon: cos=1.0000
2025-08-27 10:11:26,299 - INFO - 3. twi: cos=1.0000
2025-08-27 10:11:26,299 - INFO - 4. bbj: cos=1.0000
2025-08-27 10:11:26,299 - INFO - 5. swa: cos=1.0000
2025-08-27 10:11:26,455 - INFO - === Layer 6 (xlmr) — Top 5 (cosine) ===
2025-08-27 10:11:26,455 - INFO - 1. lug: cos=1.0000
2025-08-27 10:11:26,455 - INFO - 2. sna: cos=1.0000
2025-08-27 10:11:26,455 - INFO - 3. nya: cos=1.0000
2025-08-27 10:11:26,455 - INFO - 4. tsn: cos=1.0000
2025-08-27 10:11:26,455 - INFO - 5. kin: cos=1.0000
2025-08-27 10:11:26,455 - INFO - === Layer 6 (xlmr) — Worst 5 (cosine) ===
2025-08-27 10:11:26,455 - INFO - 1. bam: cos=1.0000
2025-08-27 10:11:26,455 - INFO - 2. fon: cos=1.0000
2025-08-27 10:11:26,455 - INFO - 3. twi: cos=1.0000
2025-08-27 10:11:26,455 - INFO - 4. bbj: cos=1.0000
2025-08-27 10:11:26,455 - INFO - 5. swa: cos=1.0000
2025-08-27 10:11:26,585 - INFO - === Layer 7 (xlmr) — Top 5 (cosine) ===
2025-08-27 10:11:26,585 - INFO - 1. lug: cos=1.0000
2025-08-27 10:11:26,585 - INFO - 2. ibo: cos=1.0000
2025-08-27 10:11:26,585 - INFO - 3. tsn: cos=1.0000
2025-08-27 10:11:26,585 - INFO - 4. kin: cos=1.0000
2025-08-27 10:11:26,585 - INFO - 5. bam: cos=1.0000
2025-08-27 10:11:26,585 - INFO - === Layer 7 (xlmr) — Worst 5 (cosine) ===
2025-08-27 10:11:26,585 - INFO - 1. yor: cos=1.0000
2025-08-27 10:11:26,585 - INFO - 2. pcm: cos=1.0000
2025-08-27 10:11:26,585 - INFO - 3. ewe: cos=1.0000
2025-08-27 10:11:26,585 - INFO - 4. bbj: cos=1.0000
2025-08-27 10:11:26,586 - INFO - 5. sna: cos=1.0000
2025-08-27 10:11:26,854 - INFO - === Layer 8 (xlmr) — Top 5 (cosine) ===
2025-08-27 10:11:26,854 - INFO - 1. kin: cos=1.0000
2025-08-27 10:11:26,855 - INFO - 2. sna: cos=1.0000
2025-08-27 10:11:26,855 - INFO - 3. nya: cos=1.0000
2025-08-27 10:11:26,855 - INFO - 4. lug: cos=1.0000
2025-08-27 10:11:26,855 - INFO - 5. wol: cos=1.0000
2025-08-27 10:11:26,855 - INFO - === Layer 8 (xlmr) — Worst 5 (cosine) ===
2025-08-27 10:11:26,855 - INFO - 1. swa: cos=1.0000
2025-08-27 10:11:26,855 - INFO - 2. hau: cos=1.0000
2025-08-27 10:11:26,855 - INFO - 3. bbj: cos=1.0000
2025-08-27 10:11:26,855 - INFO - 4. pcm: cos=1.0000
2025-08-27 10:11:26,855 - INFO - 5. yor: cos=1.0000
2025-08-27 10:11:26,977 - INFO - === Layer 9 (xlmr) — Top 5 (cosine) ===
2025-08-27 10:11:26,977 - INFO - 1. kin: cos=1.0000
2025-08-27 10:11:26,977 - INFO - 2. hau: cos=1.0000
2025-08-27 10:11:26,977 - INFO - 3. bbj: cos=1.0000
2025-08-27 10:11:26,977 - INFO - 4. twi: cos=1.0000
2025-08-27 10:11:26,977 - INFO - 5. mos: cos=1.0000
2025-08-27 10:11:26,978 - INFO - === Layer 9 (xlmr) — Worst 5 (cosine) ===
2025-08-27 10:11:26,978 - INFO - 1. yor: cos=1.0000
2025-08-27 10:11:26,978 - INFO - 2. zul: cos=1.0000
2025-08-27 10:11:26,978 - INFO - 3. ewe: cos=1.0000
2025-08-27 10:11:26,978 - INFO - 4. luo: cos=1.0000
2025-08-27 10:11:26,978 - INFO - 5. xho: cos=1.0000
2025-08-27 10:11:27,109 - INFO - === Layer 10 (xlmr) — Top 5 (cosine) ===
2025-08-27 10:11:27,110 - INFO - 1. ibo: cos=1.0000
2025-08-27 10:11:27,110 - INFO - 2. twi: cos=1.0000
2025-08-27 10:11:27,110 - INFO - 3. kin: cos=1.0000
2025-08-27 10:11:27,110 - INFO - 4. hau: cos=1.0000
2025-08-27 10:11:27,110 - INFO - 5. sna: cos=1.0000
2025-08-27 10:11:27,110 - INFO - === Layer 10 (xlmr) — Worst 5 (cosine) ===
2025-08-27 10:11:27,110 - INFO - 1. pcm: cos=1.0000
2025-08-27 10:11:27,110 - INFO - 2. tsn: cos=1.0000
2025-08-27 10:11:27,110 - INFO - 3. luo: cos=1.0000
2025-08-27 10:11:27,110 - INFO - 4. swa: cos=1.0000
2025-08-27 10:11:27,110 - INFO - 5. lug: cos=1.0000
2025-08-27 10:11:27,242 - INFO - === Layer 11 (xlmr) — Top 5 (cosine) ===
2025-08-27 10:11:27,242 - INFO - 1. kin: cos=1.0000
2025-08-27 10:11:27,242 - INFO - 2. xho: cos=1.0000
2025-08-27 10:11:27,242 - INFO - 3. sna: cos=1.0000
2025-08-27 10:11:27,242 - INFO - 4. zul: cos=1.0000
2025-08-27 10:11:27,242 - INFO - 5. nya: cos=1.0000
2025-08-27 10:11:27,242 - INFO - === Layer 11 (xlmr) — Worst 5 (cosine) ===
2025-08-27 10:11:27,242 - INFO - 1. yor: cos=0.9999
2025-08-27 10:11:27,242 - INFO - 2. fon: cos=0.9999
2025-08-27 10:11:27,242 - INFO - 3. pcm: cos=0.9999
2025-08-27 10:11:27,242 - INFO - 4. mos: cos=0.9999
2025-08-27 10:11:27,242 - INFO - 5. bbj: cos=0.9999
2025-08-27 10:11:27,373 - INFO - === Layer 12 (xlmr) — Top 5 (cosine) ===
2025-08-27 10:11:27,373 - INFO - 1. pcm: cos=0.9995
2025-08-27 10:11:27,373 - INFO - 2. sna: cos=0.9993
2025-08-27 10:11:27,373 - INFO - 3. mos: cos=0.9984
2025-08-27 10:11:27,373 - INFO - 4. kin: cos=0.9983
2025-08-27 10:11:27,373 - INFO - 5. bbj: cos=0.9981
2025-08-27 10:11:27,373 - INFO - === Layer 12 (xlmr) — Worst 5 (cosine) ===
2025-08-27 10:11:27,373 - INFO - 1. zul: cos=0.9785
2025-08-27 10:11:27,373 - INFO - 2. fon: cos=0.9843
2025-08-27 10:11:27,373 - INFO - 3. xho: cos=0.9874
2025-08-27 10:11:27,373 - INFO - 4. nya: cos=0.9923
2025-08-27 10:11:27,373 - INFO - 5. lug: cos=0.9948
2025-08-27 10:11:27,374 - INFO - Experiment finished successfully.
