2025-08-02 15:31:12,208 - INFO - Experiment started with model_type=xlmr, use_cls=False, use_context=True, context_window=0, use_hybrid=False, max_tokens_per_type=200, output_dir=rq2_train_scripts/Embeddings/MEXA_inspired_strategy/outputs/salt/xlmr/config_2_clsfalse_ctxtrue_hybfalse/tokens_200_ctx0
2025-08-02 15:31:14,040 - INFO - Processing run
2025-08-02 15:31:19,808 - INFO - Processing bam
2025-08-02 15:31:25,382 - INFO - Processing bbj
2025-08-02 15:31:30,893 - INFO - Processing ewe
2025-08-02 15:31:36,272 - INFO - Processing fon
2025-08-02 15:31:41,951 - INFO - Processing hau
2025-08-02 15:31:47,412 - INFO - Processing ibo
2025-08-02 15:31:53,176 - INFO - Processing kin
2025-08-02 15:31:58,871 - INFO - Processing lug
2025-08-02 15:32:04,541 - INFO - Processing luo
2025-08-02 15:32:10,440 - INFO - Processing mos
2025-08-02 15:32:16,077 - INFO - Processing nya
2025-08-02 15:32:21,450 - INFO - Processing pcm
2025-08-02 15:32:27,463 - INFO - Processing sna
2025-08-02 15:32:32,769 - INFO - Processing swa
2025-08-02 15:32:38,225 - INFO - Processing tsn
2025-08-02 15:32:43,903 - INFO - Processing twi
2025-08-02 15:32:49,824 - INFO - Processing wol
2025-08-02 15:32:56,090 - INFO - Processing xho
2025-08-02 15:33:01,431 - INFO - Processing yor
2025-08-02 15:33:07,080 - INFO - Processing zul
2025-08-02 15:33:13,416 - INFO - Top 5 languages most similar to Runyankore:
2025-08-02 15:33:13,416 - INFO - 1. lug - Mean Similarity: 0.9995
2025-08-02 15:33:13,416 - INFO - 2. kin - Mean Similarity: 0.9994
2025-08-02 15:33:13,416 - INFO - 3. luo - Mean Similarity: 0.9994
2025-08-02 15:33:13,416 - INFO - 4. ibo - Mean Similarity: 0.9993
2025-08-02 15:33:13,416 - INFO - 5. twi - Mean Similarity: 0.9993
2025-08-02 15:33:13,416 - INFO - Experiment finished successfully.
