2025-08-24 11:31:50,531 - INFO - Start: model_type=xlmr, run_both=False, use_cls=True, use_context=True, context_window=2, max_tokens_per_type=500, batch_size=32, seed=1, num_middle_layers=3, output_dir=rq2_train_scripts/Embeddings/EXTENDED/outputs/mptc_extended/xlmr/config_4_clstrue_ctxtrue_hybfalse/tokens_500_ctx2
2025-08-24 11:31:51,090 - INFO - xlmr: selected layer indices (hidden_states) = [2, 3, 10, 12]
2025-08-24 11:31:52,926 - INFO - Processing run
2025-08-24 11:31:53,369 - INFO - Processing bam
2025-08-24 11:31:53,533 - INFO - Processing bbj
2025-08-24 11:31:53,679 - INFO - Processing ewe
2025-08-24 11:31:53,828 - INFO - Processing fon
2025-08-24 11:31:54,014 - INFO - Processing hau
2025-08-24 11:31:54,141 - INFO - Processing ibo
2025-08-24 11:31:54,311 - INFO - Processing kin
2025-08-24 11:31:54,444 - INFO - Processing lug
2025-08-24 11:31:54,567 - INFO - Processing luo
2025-08-24 11:31:54,701 - INFO - Processing mos
2025-08-24 11:31:54,878 - INFO - Processing nya
2025-08-24 11:31:55,056 - INFO - Processing pcm
2025-08-24 11:31:55,264 - INFO - Processing sna
2025-08-24 11:31:55,458 - INFO - Processing swa
2025-08-24 11:31:55,620 - INFO - Processing tsn
2025-08-24 11:31:55,791 - INFO - Processing twi
2025-08-24 11:31:55,951 - INFO - Processing wol
2025-08-24 11:31:56,107 - INFO - Processing xho
2025-08-24 11:31:56,275 - INFO - Processing yor
2025-08-24 11:31:56,505 - INFO - Processing zul
2025-08-24 11:31:57,065 - INFO - Layer 2 (xlmr) — Top 5
2025-08-24 11:31:57,066 - INFO - 1. nya: r=1.0000
2025-08-24 11:31:57,066 - INFO - 2. kin: r=1.0000
2025-08-24 11:31:57,066 - INFO - 3. lug: r=1.0000
2025-08-24 11:31:57,066 - INFO - 4. tsn: r=1.0000
2025-08-24 11:31:57,066 - INFO - 5. luo: r=1.0000
2025-08-24 11:31:57,066 - INFO - Layer 2 (xlmr) — Worst 5
2025-08-24 11:31:57,066 - INFO - 1. bam: r=1.0000
2025-08-24 11:31:57,066 - INFO - 2. fon: r=1.0000
2025-08-24 11:31:57,066 - INFO - 3. yor: r=1.0000
2025-08-24 11:31:57,066 - INFO - 4. ibo: r=1.0000
2025-08-24 11:31:57,066 - INFO - 5. mos: r=1.0000
2025-08-24 11:31:57,188 - INFO - Layer 3 (xlmr) — Top 5
2025-08-24 11:31:57,188 - INFO - 1. lug: r=1.0000
2025-08-24 11:31:57,188 - INFO - 2. nya: r=1.0000
2025-08-24 11:31:57,188 - INFO - 3. kin: r=1.0000
2025-08-24 11:31:57,188 - INFO - 4. sna: r=1.0000
2025-08-24 11:31:57,188 - INFO - 5. xho: r=1.0000
2025-08-24 11:31:57,188 - INFO - Layer 3 (xlmr) — Worst 5
2025-08-24 11:31:57,188 - INFO - 1. pcm: r=1.0000
2025-08-24 11:31:57,188 - INFO - 2. fon: r=1.0000
2025-08-24 11:31:57,188 - INFO - 3. swa: r=1.0000
2025-08-24 11:31:57,188 - INFO - 4. bam: r=1.0000
2025-08-24 11:31:57,188 - INFO - 5. tsn: r=1.0000
2025-08-24 11:31:57,313 - INFO - Layer 10 (xlmr) — Top 5
2025-08-24 11:31:57,313 - INFO - 1. zul: r=1.0000
2025-08-24 11:31:57,313 - INFO - 2. lug: r=1.0000
2025-08-24 11:31:57,313 - INFO - 3. ibo: r=1.0000
2025-08-24 11:31:57,313 - INFO - 4. xho: r=1.0000
2025-08-24 11:31:57,313 - INFO - 5. yor: r=1.0000
2025-08-24 11:31:57,313 - INFO - Layer 10 (xlmr) — Worst 5
2025-08-24 11:31:57,313 - INFO - 1. pcm: r=1.0000
2025-08-24 11:31:57,313 - INFO - 2. bam: r=1.0000
2025-08-24 11:31:57,313 - INFO - 3. fon: r=1.0000
2025-08-24 11:31:57,313 - INFO - 4. wol: r=1.0000
2025-08-24 11:31:57,313 - INFO - 5. mos: r=1.0000
2025-08-24 11:31:57,436 - INFO - Layer 12 (xlmr) — Top 5
2025-08-24 11:31:57,436 - INFO - 1. hau: r=0.9979
2025-08-24 11:31:57,436 - INFO - 2. ewe: r=0.9976
2025-08-24 11:31:57,436 - INFO - 3. zul: r=0.9974
2025-08-24 11:31:57,436 - INFO - 4. xho: r=0.9969
2025-08-24 11:31:57,436 - INFO - 5. bam: r=0.9966
2025-08-24 11:31:57,436 - INFO - Layer 12 (xlmr) — Worst 5
2025-08-24 11:31:57,436 - INFO - 1. fon: r=0.9940
2025-08-24 11:31:57,436 - INFO - 2. kin: r=0.9945
2025-08-24 11:31:57,436 - INFO - 3. mos: r=0.9950
2025-08-24 11:31:57,436 - INFO - 4. bbj: r=0.9951
2025-08-24 11:31:57,436 - INFO - 5. ibo: r=0.9952
2025-08-24 11:31:57,437 - INFO - Experiment finished successfully.
