2025-08-27 09:47:54,180 - INFO - Start: model_type=xlmr, use_cls=True, use_context=False, context_window=1, max_tokens_per_type=200, batch_size=64, output_dir=rq2_train_scripts/Embeddings/CLEAN/outputs/salt/xlmr/config_1_clstrue_ctxfalse/tokens_200_ctx1/core, save_prototypes=False, seed=42, fp16=True, max_length=96, langs=all, layers=all, span_mode=bio, pool=mean, entity_tags={'ORG', 'LOC', 'DATE', 'PER'}, title_suffix='L=all, tokens=200, ctx=1, cls=true, fp16=true'
2025-08-27 09:47:56,496 - INFO - Processing run
2025-08-27 09:47:56,916 - INFO - Processing bam
2025-08-27 09:47:56,963 - INFO - Processing bbj
2025-08-27 09:47:56,994 - INFO - Processing ewe
2025-08-27 09:47:57,032 - INFO - Processing fon
2025-08-27 09:47:57,127 - INFO - Processing hau
2025-08-27 09:47:57,181 - INFO - Processing ibo
2025-08-27 09:47:57,257 - INFO - Processing kin
2025-08-27 09:47:57,317 - INFO - Processing lug
2025-08-27 09:47:57,364 - INFO - Processing luo
2025-08-27 09:47:57,416 - INFO - Processing mos
2025-08-27 09:47:57,467 - INFO - Processing nya
2025-08-27 09:47:57,525 - INFO - Processing pcm
2025-08-27 09:47:57,574 - INFO - Processing sna
2025-08-27 09:47:57,623 - INFO - Processing swa
2025-08-27 09:47:57,679 - INFO - Processing tsn
2025-08-27 09:47:57,719 - INFO - Processing twi
2025-08-27 09:47:57,768 - INFO - Processing wol
2025-08-27 09:47:57,818 - INFO - Processing xho
2025-08-27 09:47:57,865 - INFO - Processing yor
2025-08-27 09:47:57,945 - INFO - Processing zul
2025-08-27 09:47:58,445 - INFO - === Layer 1 (xlmr) — Top 5 (cosine) ===
2025-08-27 09:47:58,445 - INFO - 1. twi: cos=0.9999
2025-08-27 09:47:58,445 - INFO - 2. luo: cos=0.9999
2025-08-27 09:47:58,445 - INFO - 3. kin: cos=0.9999
2025-08-27 09:47:58,446 - INFO - 4. ewe: cos=0.9998
2025-08-27 09:47:58,446 - INFO - 5. ibo: cos=0.9998
2025-08-27 09:47:58,446 - INFO - === Layer 1 (xlmr) — Worst 5 (cosine) ===
2025-08-27 09:47:58,446 - INFO - 1. hau: cos=0.9992
2025-08-27 09:47:58,446 - INFO - 2. pcm: cos=0.9994
2025-08-27 09:47:58,446 - INFO - 3. bbj: cos=0.9995
2025-08-27 09:47:58,446 - INFO - 4. bam: cos=0.9996
2025-08-27 09:47:58,446 - INFO - 5. swa: cos=0.9996
2025-08-27 09:47:58,575 - INFO - === Layer 2 (xlmr) — Top 5 (cosine) ===
2025-08-27 09:47:58,575 - INFO - 1. kin: cos=1.0000
2025-08-27 09:47:58,575 - INFO - 2. twi: cos=1.0000
2025-08-27 09:47:58,575 - INFO - 3. luo: cos=1.0000
2025-08-27 09:47:58,575 - INFO - 4. zul: cos=1.0000
2025-08-27 09:47:58,575 - INFO - 5. ewe: cos=1.0000
2025-08-27 09:47:58,575 - INFO - === Layer 2 (xlmr) — Worst 5 (cosine) ===
2025-08-27 09:47:58,575 - INFO - 1. pcm: cos=0.9999
2025-08-27 09:47:58,575 - INFO - 2. hau: cos=0.9999
2025-08-27 09:47:58,575 - INFO - 3. swa: cos=0.9999
2025-08-27 09:47:58,575 - INFO - 4. bbj: cos=0.9999
2025-08-27 09:47:58,575 - INFO - 5. xho: cos=0.9999
2025-08-27 09:47:58,703 - INFO - === Layer 3 (xlmr) — Top 5 (cosine) ===
2025-08-27 09:47:58,703 - INFO - 1. kin: cos=1.0000
2025-08-27 09:47:58,703 - INFO - 2. twi: cos=1.0000
2025-08-27 09:47:58,703 - INFO - 3. luo: cos=1.0000
2025-08-27 09:47:58,703 - INFO - 4. lug: cos=1.0000
2025-08-27 09:47:58,703 - INFO - 5. zul: cos=1.0000
2025-08-27 09:47:58,703 - INFO - === Layer 3 (xlmr) — Worst 5 (cosine) ===
2025-08-27 09:47:58,703 - INFO - 1. pcm: cos=1.0000
2025-08-27 09:47:58,703 - INFO - 2. swa: cos=1.0000
2025-08-27 09:47:58,703 - INFO - 3. yor: cos=1.0000
2025-08-27 09:47:58,703 - INFO - 4. xho: cos=1.0000
2025-08-27 09:47:58,703 - INFO - 5. sna: cos=1.0000
2025-08-27 09:47:58,834 - INFO - === Layer 4 (xlmr) — Top 5 (cosine) ===
2025-08-27 09:47:58,834 - INFO - 1. kin: cos=1.0000
2025-08-27 09:47:58,834 - INFO - 2. twi: cos=1.0000
2025-08-27 09:47:58,834 - INFO - 3. tsn: cos=1.0000
2025-08-27 09:47:58,834 - INFO - 4. bbj: cos=1.0000
2025-08-27 09:47:58,834 - INFO - 5. zul: cos=1.0000
2025-08-27 09:47:58,834 - INFO - === Layer 4 (xlmr) — Worst 5 (cosine) ===
2025-08-27 09:47:58,834 - INFO - 1. pcm: cos=1.0000
2025-08-27 09:47:58,834 - INFO - 2. yor: cos=1.0000
2025-08-27 09:47:58,834 - INFO - 3. hau: cos=1.0000
2025-08-27 09:47:58,834 - INFO - 4. bam: cos=1.0000
2025-08-27 09:47:58,834 - INFO - 5. nya: cos=1.0000
2025-08-27 09:47:58,964 - INFO - === Layer 5 (xlmr) — Top 5 (cosine) ===
2025-08-27 09:47:58,964 - INFO - 1. mos: cos=1.0000
2025-08-27 09:47:58,964 - INFO - 2. ewe: cos=1.0000
2025-08-27 09:47:58,964 - INFO - 3. bbj: cos=1.0000
2025-08-27 09:47:58,964 - INFO - 4. twi: cos=1.0000
2025-08-27 09:47:58,964 - INFO - 5. zul: cos=1.0000
2025-08-27 09:47:58,964 - INFO - === Layer 5 (xlmr) — Worst 5 (cosine) ===
2025-08-27 09:47:58,964 - INFO - 1. yor: cos=1.0000
2025-08-27 09:47:58,964 - INFO - 2. hau: cos=1.0000
2025-08-27 09:47:58,964 - INFO - 3. pcm: cos=1.0000
2025-08-27 09:47:58,964 - INFO - 4. swa: cos=1.0000
2025-08-27 09:47:58,964 - INFO - 5. kin: cos=1.0000
2025-08-27 09:47:59,093 - INFO - === Layer 6 (xlmr) — Top 5 (cosine) ===
2025-08-27 09:47:59,093 - INFO - 1. mos: cos=1.0000
2025-08-27 09:47:59,093 - INFO - 2. nya: cos=1.0000
2025-08-27 09:47:59,093 - INFO - 3. bbj: cos=1.0000
2025-08-27 09:47:59,093 - INFO - 4. twi: cos=1.0000
2025-08-27 09:47:59,093 - INFO - 5. ewe: cos=1.0000
2025-08-27 09:47:59,093 - INFO - === Layer 6 (xlmr) — Worst 5 (cosine) ===
2025-08-27 09:47:59,093 - INFO - 1. yor: cos=1.0000
2025-08-27 09:47:59,093 - INFO - 2. hau: cos=1.0000
2025-08-27 09:47:59,093 - INFO - 3. luo: cos=1.0000
2025-08-27 09:47:59,093 - INFO - 4. swa: cos=1.0000
2025-08-27 09:47:59,093 - INFO - 5. pcm: cos=1.0000
2025-08-27 09:47:59,251 - INFO - === Layer 7 (xlmr) — Top 5 (cosine) ===
2025-08-27 09:47:59,251 - INFO - 1. lug: cos=1.0000
2025-08-27 09:47:59,251 - INFO - 2. twi: cos=1.0000
2025-08-27 09:47:59,251 - INFO - 3. bbj: cos=1.0000
2025-08-27 09:47:59,251 - INFO - 4. swa: cos=1.0000
2025-08-27 09:47:59,251 - INFO - 5. ibo: cos=1.0000
2025-08-27 09:47:59,251 - INFO - === Layer 7 (xlmr) — Worst 5 (cosine) ===
2025-08-27 09:47:59,251 - INFO - 1. luo: cos=1.0000
2025-08-27 09:47:59,251 - INFO - 2. pcm: cos=1.0000
2025-08-27 09:47:59,251 - INFO - 3. tsn: cos=1.0000
2025-08-27 09:47:59,251 - INFO - 4. hau: cos=1.0000
2025-08-27 09:47:59,251 - INFO - 5. sna: cos=1.0000
2025-08-27 09:47:59,497 - INFO - === Layer 8 (xlmr) — Top 5 (cosine) ===
2025-08-27 09:47:59,497 - INFO - 1. zul: cos=1.0000
2025-08-27 09:47:59,497 - INFO - 2. ewe: cos=1.0000
2025-08-27 09:47:59,497 - INFO - 3. tsn: cos=1.0000
2025-08-27 09:47:59,497 - INFO - 4. lug: cos=1.0000
2025-08-27 09:47:59,497 - INFO - 5. nya: cos=1.0000
2025-08-27 09:47:59,497 - INFO - === Layer 8 (xlmr) — Worst 5 (cosine) ===
2025-08-27 09:47:59,497 - INFO - 1. pcm: cos=0.9998
2025-08-27 09:47:59,497 - INFO - 2. bbj: cos=0.9999
2025-08-27 09:47:59,497 - INFO - 3. fon: cos=0.9999
2025-08-27 09:47:59,497 - INFO - 4. ibo: cos=0.9999
2025-08-27 09:47:59,497 - INFO - 5. hau: cos=0.9999
2025-08-27 09:47:59,670 - INFO - === Layer 9 (xlmr) — Top 5 (cosine) ===
2025-08-27 09:47:59,670 - INFO - 1. zul: cos=1.0000
2025-08-27 09:47:59,670 - INFO - 2. ewe: cos=1.0000
2025-08-27 09:47:59,670 - INFO - 3. bam: cos=1.0000
2025-08-27 09:47:59,670 - INFO - 4. lug: cos=1.0000
2025-08-27 09:47:59,670 - INFO - 5. wol: cos=1.0000
2025-08-27 09:47:59,670 - INFO - === Layer 9 (xlmr) — Worst 5 (cosine) ===
2025-08-27 09:47:59,670 - INFO - 1. pcm: cos=0.9999
2025-08-27 09:47:59,670 - INFO - 2. ibo: cos=1.0000
2025-08-27 09:47:59,670 - INFO - 3. hau: cos=1.0000
2025-08-27 09:47:59,670 - INFO - 4. luo: cos=1.0000
2025-08-27 09:47:59,670 - INFO - 5. sna: cos=1.0000
2025-08-27 09:47:59,824 - INFO - === Layer 10 (xlmr) — Top 5 (cosine) ===
2025-08-27 09:47:59,824 - INFO - 1. swa: cos=1.0000
2025-08-27 09:47:59,824 - INFO - 2. ewe: cos=1.0000
2025-08-27 09:47:59,824 - INFO - 3. zul: cos=1.0000
2025-08-27 09:47:59,824 - INFO - 4. hau: cos=1.0000
2025-08-27 09:47:59,824 - INFO - 5. tsn: cos=1.0000
2025-08-27 09:47:59,824 - INFO - === Layer 10 (xlmr) — Worst 5 (cosine) ===
2025-08-27 09:47:59,824 - INFO - 1. bam: cos=0.9999
2025-08-27 09:47:59,824 - INFO - 2. pcm: cos=1.0000
2025-08-27 09:47:59,824 - INFO - 3. ibo: cos=1.0000
2025-08-27 09:47:59,824 - INFO - 4. yor: cos=1.0000
2025-08-27 09:47:59,824 - INFO - 5. fon: cos=1.0000
2025-08-27 09:47:59,948 - INFO - === Layer 11 (xlmr) — Top 5 (cosine) ===
2025-08-27 09:47:59,948 - INFO - 1. nya: cos=1.0000
2025-08-27 09:47:59,948 - INFO - 2. hau: cos=1.0000
2025-08-27 09:47:59,948 - INFO - 3. zul: cos=1.0000
2025-08-27 09:47:59,948 - INFO - 4. pcm: cos=1.0000
2025-08-27 09:47:59,948 - INFO - 5. yor: cos=1.0000
2025-08-27 09:47:59,948 - INFO - === Layer 11 (xlmr) — Worst 5 (cosine) ===
2025-08-27 09:47:59,948 - INFO - 1. kin: cos=0.9998
2025-08-27 09:47:59,948 - INFO - 2. luo: cos=0.9998
2025-08-27 09:47:59,948 - INFO - 3. mos: cos=0.9999
2025-08-27 09:47:59,948 - INFO - 4. bam: cos=0.9999
2025-08-27 09:47:59,948 - INFO - 5. lug: cos=0.9999
2025-08-27 09:48:00,075 - INFO - === Layer 12 (xlmr) — Top 5 (cosine) ===
2025-08-27 09:48:00,075 - INFO - 1. nya: cos=0.9999
2025-08-27 09:48:00,075 - INFO - 2. wol: cos=0.9999
2025-08-27 09:48:00,075 - INFO - 3. tsn: cos=0.9998
2025-08-27 09:48:00,075 - INFO - 4. ewe: cos=0.9998
2025-08-27 09:48:00,075 - INFO - 5. fon: cos=0.9998
2025-08-27 09:48:00,075 - INFO - === Layer 12 (xlmr) — Worst 5 (cosine) ===
2025-08-27 09:48:00,075 - INFO - 1. hau: cos=0.9676
2025-08-27 09:48:00,075 - INFO - 2. bam: cos=0.9970
2025-08-27 09:48:00,075 - INFO - 3. twi: cos=0.9984
2025-08-27 09:48:00,075 - INFO - 4. pcm: cos=0.9995
2025-08-27 09:48:00,075 - INFO - 5. kin: cos=0.9996
2025-08-27 09:48:00,076 - INFO - Experiment finished successfully.
