2025-08-03 07:55:02,488 - INFO - Experiment started with model_type=mbert, use_cls=False, use_context=False, context_window=0, use_hybrid=True, max_tokens_per_type=500, output_dir=rq2_train_scripts/Embeddings/MEXA_inspired_strategy/outputs/mptc/mbert/config_3_clsfalse_ctxfalse_hybtrue/tokens_500_ctx0
2025-08-03 07:55:03,495 - INFO - Processing run
2025-08-03 07:55:05,145 - INFO - Processing bam
2025-08-03 07:55:08,196 - INFO - Processing bbj
2025-08-03 07:55:11,619 - INFO - Processing ewe
2025-08-03 07:55:15,026 - INFO - Processing fon
2025-08-03 07:55:18,486 - INFO - Processing hau
2025-08-03 07:55:21,954 - INFO - Processing ibo
2025-08-03 07:55:25,430 - INFO - Processing kin
2025-08-03 07:55:28,863 - INFO - Processing lug
2025-08-03 07:55:32,279 - INFO - Processing luo
2025-08-03 07:55:35,721 - INFO - Processing mos
2025-08-03 07:55:39,153 - INFO - Processing nya
2025-08-03 07:55:42,629 - INFO - Processing pcm
2025-08-03 07:55:46,118 - INFO - Processing sna
2025-08-03 07:55:49,588 - INFO - Processing swa
2025-08-03 07:55:53,025 - INFO - Processing tsn
2025-08-03 07:55:56,430 - INFO - Processing twi
2025-08-03 07:55:59,863 - INFO - Processing wol
2025-08-03 07:56:03,334 - INFO - Processing xho
2025-08-03 07:56:06,805 - INFO - Processing yor
2025-08-03 07:56:10,316 - INFO - Processing zul
2025-08-03 07:56:14,130 - INFO - Top 5 languages most similar to Runyankore:
2025-08-03 07:56:14,131 - INFO - 1. lug - Mean Similarity: 0.5601
2025-08-03 07:56:14,131 - INFO - 2. kin - Mean Similarity: 0.5541
2025-08-03 07:56:14,131 - INFO - 3. luo - Mean Similarity: 0.5451
2025-08-03 07:56:14,131 - INFO - 4. swa - Mean Similarity: 0.5404
2025-08-03 07:56:14,131 - INFO - 5. twi - Mean Similarity: 0.5344
2025-08-03 07:56:14,131 - INFO - Experiment finished successfully.
