2025-08-02 20:41:02,299 - INFO - Experiment started with model_type=xlmr, use_cls=True, use_context=True, context_window=3, use_hybrid=False, max_tokens_per_type=500, output_dir=rq2_train_scripts/Embeddings/MEXA_inspired_strategy/outputs/combined/xlmr/config_4_clstrue_ctxtrue_hybfalse/tokens_500_ctx3
2025-08-02 20:41:04,014 - INFO - Processing run
2025-08-02 20:41:08,644 - INFO - Processing bam
2025-08-02 20:41:12,767 - INFO - Processing bbj
2025-08-02 20:41:17,414 - INFO - Processing ewe
2025-08-02 20:41:22,049 - INFO - Processing fon
2025-08-02 20:41:26,734 - INFO - Processing hau
2025-08-02 20:41:31,394 - INFO - Processing ibo
2025-08-02 20:41:36,136 - INFO - Processing kin
2025-08-02 20:41:40,864 - INFO - Processing lug
2025-08-02 20:41:45,589 - INFO - Processing luo
2025-08-02 20:41:50,341 - INFO - Processing mos
2025-08-02 20:41:55,095 - INFO - Processing nya
2025-08-02 20:41:59,812 - INFO - Processing pcm
2025-08-02 20:42:04,524 - INFO - Processing sna
2025-08-02 20:42:09,293 - INFO - Processing swa
2025-08-02 20:42:14,014 - INFO - Processing tsn
2025-08-02 20:42:18,711 - INFO - Processing twi
2025-08-02 20:42:23,454 - INFO - Processing wol
2025-08-02 20:42:28,163 - INFO - Processing xho
2025-08-02 20:42:32,860 - INFO - Processing yor
2025-08-02 20:42:37,523 - INFO - Processing zul
2025-08-02 20:42:42,665 - INFO - Top 5 languages most similar to Runyankore:
2025-08-02 20:42:42,665 - INFO - 1. ewe - Mean Similarity: 0.9987
2025-08-02 20:42:42,665 - INFO - 2. tsn - Mean Similarity: 0.9986
2025-08-02 20:42:42,665 - INFO - 3. hau - Mean Similarity: 0.9985
2025-08-02 20:42:42,665 - INFO - 4. wol - Mean Similarity: 0.9983
2025-08-02 20:42:42,665 - INFO - 5. luo - Mean Similarity: 0.9983
2025-08-02 20:42:42,665 - INFO - Experiment finished successfully.
