2025-08-24 11:21:44,987 - INFO - Start: model_type=xlmr, run_both=False, use_cls=True, use_context=True, context_window=2, max_tokens_per_type=200, batch_size=32, seed=1, num_middle_layers=3, output_dir=rq2_train_scripts/Embeddings/EXTENDED/outputs/salt_extended/xlmr/config_4_clstrue_ctxtrue_hybfalse/tokens_200_ctx2
2025-08-24 11:21:45,560 - INFO - xlmr: selected layer indices (hidden_states) = [2, 3, 10, 12]
2025-08-24 11:21:47,257 - INFO - Processing run
2025-08-24 11:21:47,766 - INFO - Processing bam
2025-08-24 11:21:47,951 - INFO - Processing bbj
2025-08-24 11:21:48,162 - INFO - Processing ewe
2025-08-24 11:21:48,346 - INFO - Processing fon
2025-08-24 11:21:48,547 - INFO - Processing hau
2025-08-24 11:21:48,709 - INFO - Processing ibo
2025-08-24 11:21:48,936 - INFO - Processing kin
2025-08-24 11:21:49,114 - INFO - Processing lug
2025-08-24 11:21:49,281 - INFO - Processing luo
2025-08-24 11:21:49,463 - INFO - Processing mos
2025-08-24 11:21:49,624 - INFO - Processing nya
2025-08-24 11:21:49,840 - INFO - Processing pcm
2025-08-24 11:21:49,992 - INFO - Processing sna
2025-08-24 11:21:50,190 - INFO - Processing swa
2025-08-24 11:21:50,354 - INFO - Processing tsn
2025-08-24 11:21:50,523 - INFO - Processing twi
2025-08-24 11:21:50,695 - INFO - Processing wol
2025-08-24 11:21:50,874 - INFO - Processing xho
2025-08-24 11:21:51,068 - INFO - Processing yor
2025-08-24 11:21:51,296 - INFO - Processing zul
2025-08-24 11:21:51,814 - INFO - Layer 2 (xlmr) — Top 5
2025-08-24 11:21:51,814 - INFO - 1. kin: r=1.0000
2025-08-24 11:21:51,814 - INFO - 2. nya: r=1.0000
2025-08-24 11:21:51,814 - INFO - 3. sna: r=1.0000
2025-08-24 11:21:51,814 - INFO - 4. luo: r=1.0000
2025-08-24 11:21:51,814 - INFO - 5. zul: r=1.0000
2025-08-24 11:21:51,814 - INFO - Layer 2 (xlmr) — Worst 5
2025-08-24 11:21:51,814 - INFO - 1. fon: r=1.0000
2025-08-24 11:21:51,814 - INFO - 2. hau: r=1.0000
2025-08-24 11:21:51,814 - INFO - 3. bam: r=1.0000
2025-08-24 11:21:51,814 - INFO - 4. swa: r=1.0000
2025-08-24 11:21:51,814 - INFO - 5. pcm: r=1.0000
2025-08-24 11:21:51,930 - INFO - Layer 3 (xlmr) — Top 5
2025-08-24 11:21:51,930 - INFO - 1. sna: r=1.0000
2025-08-24 11:21:51,930 - INFO - 2. lug: r=1.0000
2025-08-24 11:21:51,930 - INFO - 3. xho: r=1.0000
2025-08-24 11:21:51,930 - INFO - 4. zul: r=1.0000
2025-08-24 11:21:51,930 - INFO - 5. nya: r=1.0000
2025-08-24 11:21:51,930 - INFO - Layer 3 (xlmr) — Worst 5
2025-08-24 11:21:51,930 - INFO - 1. pcm: r=1.0000
2025-08-24 11:21:51,930 - INFO - 2. swa: r=1.0000
2025-08-24 11:21:51,930 - INFO - 3. fon: r=1.0000
2025-08-24 11:21:51,930 - INFO - 4. ewe: r=1.0000
2025-08-24 11:21:51,930 - INFO - 5. ibo: r=1.0000
2025-08-24 11:21:52,047 - INFO - Layer 10 (xlmr) — Top 5
2025-08-24 11:21:52,047 - INFO - 1. ibo: r=1.0000
2025-08-24 11:21:52,047 - INFO - 2. sna: r=1.0000
2025-08-24 11:21:52,047 - INFO - 3. xho: r=1.0000
2025-08-24 11:21:52,047 - INFO - 4. ewe: r=1.0000
2025-08-24 11:21:52,047 - INFO - 5. twi: r=1.0000
2025-08-24 11:21:52,047 - INFO - Layer 10 (xlmr) — Worst 5
2025-08-24 11:21:52,047 - INFO - 1. pcm: r=1.0000
2025-08-24 11:21:52,047 - INFO - 2. tsn: r=1.0000
2025-08-24 11:21:52,047 - INFO - 3. swa: r=1.0000
2025-08-24 11:21:52,047 - INFO - 4. bam: r=1.0000
2025-08-24 11:21:52,047 - INFO - 5. wol: r=1.0000
2025-08-24 11:21:52,164 - INFO - Layer 12 (xlmr) — Top 5
2025-08-24 11:21:52,164 - INFO - 1. hau: r=0.9975
2025-08-24 11:21:52,164 - INFO - 2. ewe: r=0.9974
2025-08-24 11:21:52,164 - INFO - 3. bam: r=0.9973
2025-08-24 11:21:52,164 - INFO - 4. ibo: r=0.9971
2025-08-24 11:21:52,164 - INFO - 5. swa: r=0.9970
2025-08-24 11:21:52,164 - INFO - Layer 12 (xlmr) — Worst 5
2025-08-24 11:21:52,164 - INFO - 1. zul: r=0.9916
2025-08-24 11:21:52,164 - INFO - 2. fon: r=0.9916
2025-08-24 11:21:52,164 - INFO - 3. wol: r=0.9935
2025-08-24 11:21:52,164 - INFO - 4. tsn: r=0.9946
2025-08-24 11:21:52,164 - INFO - 5. kin: r=0.9947
2025-08-24 11:21:52,165 - INFO - Experiment finished successfully.
