2025-08-27 18:01:02,608 - INFO - Start: model_type=xlmr, use_cls=True, use_context=True, context_window=3, max_tokens_per_type=200, batch_size=64, output_dir=rq2_train_scripts/Embeddings/CLEAN/outputs/mptc/xlmr/config_3_clstrue_ctxtrue/tokens_200_ctx3/core, save_prototypes=False, seed=42, fp16=True, max_length=96, langs=all, layers=all, span_mode=bio, pool=mean, entity_tags={'DATE', 'LOC', 'PER', 'ORG'}, title_suffix='L=all, tokens=200, ctx=3, cls=true, fp16=true'
2025-08-27 18:01:04,788 - INFO - Processing run
2025-08-27 18:01:05,204 - INFO - Processing bam
2025-08-27 18:01:05,252 - INFO - Processing bbj
2025-08-27 18:01:05,289 - INFO - Processing ewe
2025-08-27 18:01:05,325 - INFO - Processing fon
2025-08-27 18:01:05,381 - INFO - Processing hau
2025-08-27 18:01:05,438 - INFO - Processing ibo
2025-08-27 18:01:05,517 - INFO - Processing kin
2025-08-27 18:01:05,578 - INFO - Processing lug
2025-08-27 18:01:05,635 - INFO - Processing luo
2025-08-27 18:01:05,696 - INFO - Processing mos
2025-08-27 18:01:05,759 - INFO - Processing nya
2025-08-27 18:01:05,820 - INFO - Processing pcm
2025-08-27 18:01:05,871 - INFO - Processing sna
2025-08-27 18:01:05,923 - INFO - Processing swa
2025-08-27 18:01:05,979 - INFO - Processing tsn
2025-08-27 18:01:06,019 - INFO - Processing twi
2025-08-27 18:01:06,097 - INFO - Processing wol
2025-08-27 18:01:06,152 - INFO - Processing xho
2025-08-27 18:01:06,206 - INFO - Processing yor
2025-08-27 18:01:06,287 - INFO - Processing zul
2025-08-27 18:01:06,761 - INFO - === Layer 1 (xlmr) — Top 5 (cosine) ===
2025-08-27 18:01:06,761 - INFO - 1. sna: cos=1.0000
2025-08-27 18:01:06,761 - INFO - 2. lug: cos=1.0000
2025-08-27 18:01:06,761 - INFO - 3. kin: cos=0.9999
2025-08-27 18:01:06,761 - INFO - 4. pcm: cos=0.9999
2025-08-27 18:01:06,761 - INFO - 5. xho: cos=0.9999
2025-08-27 18:01:06,761 - INFO - === Layer 1 (xlmr) — Worst 5 (cosine) ===
2025-08-27 18:01:06,761 - INFO - 1. bam: cos=0.9995
2025-08-27 18:01:06,761 - INFO - 2. fon: cos=0.9996
2025-08-27 18:01:06,761 - INFO - 3. yor: cos=0.9998
2025-08-27 18:01:06,761 - INFO - 4. ewe: cos=0.9998
2025-08-27 18:01:06,761 - INFO - 5. ibo: cos=0.9998
2025-08-27 18:01:06,890 - INFO - === Layer 2 (xlmr) — Top 5 (cosine) ===
2025-08-27 18:01:06,890 - INFO - 1. kin: cos=1.0000
2025-08-27 18:01:06,890 - INFO - 2. nya: cos=1.0000
2025-08-27 18:01:06,890 - INFO - 3. lug: cos=1.0000
2025-08-27 18:01:06,890 - INFO - 4. tsn: cos=1.0000
2025-08-27 18:01:06,890 - INFO - 5. luo: cos=1.0000
2025-08-27 18:01:06,890 - INFO - === Layer 2 (xlmr) — Worst 5 (cosine) ===
2025-08-27 18:01:06,890 - INFO - 1. bam: cos=1.0000
2025-08-27 18:01:06,890 - INFO - 2. fon: cos=1.0000
2025-08-27 18:01:06,890 - INFO - 3. yor: cos=1.0000
2025-08-27 18:01:06,890 - INFO - 4. mos: cos=1.0000
2025-08-27 18:01:06,890 - INFO - 5. bbj: cos=1.0000
2025-08-27 18:01:07,021 - INFO - === Layer 3 (xlmr) — Top 5 (cosine) ===
2025-08-27 18:01:07,021 - INFO - 1. lug: cos=1.0000
2025-08-27 18:01:07,021 - INFO - 2. kin: cos=1.0000
2025-08-27 18:01:07,021 - INFO - 3. xho: cos=1.0000
2025-08-27 18:01:07,021 - INFO - 4. zul: cos=1.0000
2025-08-27 18:01:07,021 - INFO - 5. sna: cos=1.0000
2025-08-27 18:01:07,021 - INFO - === Layer 3 (xlmr) — Worst 5 (cosine) ===
2025-08-27 18:01:07,021 - INFO - 1. pcm: cos=1.0000
2025-08-27 18:01:07,021 - INFO - 2. swa: cos=1.0000
2025-08-27 18:01:07,021 - INFO - 3. fon: cos=1.0000
2025-08-27 18:01:07,021 - INFO - 4. yor: cos=1.0000
2025-08-27 18:01:07,021 - INFO - 5. bam: cos=1.0000
2025-08-27 18:01:07,148 - INFO - === Layer 4 (xlmr) — Top 5 (cosine) ===
2025-08-27 18:01:07,148 - INFO - 1. xho: cos=1.0000
2025-08-27 18:01:07,148 - INFO - 2. zul: cos=1.0000
2025-08-27 18:01:07,148 - INFO - 3. wol: cos=1.0000
2025-08-27 18:01:07,148 - INFO - 4. mos: cos=1.0000
2025-08-27 18:01:07,148 - INFO - 5. twi: cos=1.0000
2025-08-27 18:01:07,148 - INFO - === Layer 4 (xlmr) — Worst 5 (cosine) ===
2025-08-27 18:01:07,148 - INFO - 1. nya: cos=1.0000
2025-08-27 18:01:07,148 - INFO - 2. kin: cos=1.0000
2025-08-27 18:01:07,148 - INFO - 3. bbj: cos=1.0000
2025-08-27 18:01:07,148 - INFO - 4. pcm: cos=1.0000
2025-08-27 18:01:07,148 - INFO - 5. sna: cos=1.0000
2025-08-27 18:01:07,276 - INFO - === Layer 5 (xlmr) — Top 5 (cosine) ===
2025-08-27 18:01:07,276 - INFO - 1. lug: cos=1.0000
2025-08-27 18:01:07,276 - INFO - 2. sna: cos=1.0000
2025-08-27 18:01:07,276 - INFO - 3. kin: cos=1.0000
2025-08-27 18:01:07,276 - INFO - 4. xho: cos=1.0000
2025-08-27 18:01:07,276 - INFO - 5. zul: cos=1.0000
2025-08-27 18:01:07,276 - INFO - === Layer 5 (xlmr) — Worst 5 (cosine) ===
2025-08-27 18:01:07,276 - INFO - 1. bam: cos=1.0000
2025-08-27 18:01:07,276 - INFO - 2. fon: cos=1.0000
2025-08-27 18:01:07,276 - INFO - 3. pcm: cos=1.0000
2025-08-27 18:01:07,276 - INFO - 4. swa: cos=1.0000
2025-08-27 18:01:07,276 - INFO - 5. bbj: cos=1.0000
2025-08-27 18:01:07,404 - INFO - === Layer 6 (xlmr) — Top 5 (cosine) ===
2025-08-27 18:01:07,404 - INFO - 1. lug: cos=1.0000
2025-08-27 18:01:07,404 - INFO - 2. sna: cos=1.0000
2025-08-27 18:01:07,404 - INFO - 3. kin: cos=1.0000
2025-08-27 18:01:07,404 - INFO - 4. xho: cos=1.0000
2025-08-27 18:01:07,404 - INFO - 5. zul: cos=1.0000
2025-08-27 18:01:07,404 - INFO - === Layer 6 (xlmr) — Worst 5 (cosine) ===
2025-08-27 18:01:07,404 - INFO - 1. bam: cos=1.0000
2025-08-27 18:01:07,404 - INFO - 2. fon: cos=1.0000
2025-08-27 18:01:07,404 - INFO - 3. pcm: cos=1.0000
2025-08-27 18:01:07,404 - INFO - 4. swa: cos=1.0000
2025-08-27 18:01:07,404 - INFO - 5. bbj: cos=1.0000
2025-08-27 18:01:07,532 - INFO - === Layer 7 (xlmr) — Top 5 (cosine) ===
2025-08-27 18:01:07,532 - INFO - 1. ibo: cos=1.0000
2025-08-27 18:01:07,532 - INFO - 2. yor: cos=1.0000
2025-08-27 18:01:07,532 - INFO - 3. nya: cos=1.0000
2025-08-27 18:01:07,532 - INFO - 4. fon: cos=1.0000
2025-08-27 18:01:07,532 - INFO - 5. kin: cos=1.0000
2025-08-27 18:01:07,532 - INFO - === Layer 7 (xlmr) — Worst 5 (cosine) ===
2025-08-27 18:01:07,532 - INFO - 1. bam: cos=1.0000
2025-08-27 18:01:07,532 - INFO - 2. twi: cos=1.0000
2025-08-27 18:01:07,532 - INFO - 3. mos: cos=1.0000
2025-08-27 18:01:07,532 - INFO - 4. swa: cos=1.0000
2025-08-27 18:01:07,532 - INFO - 5. hau: cos=1.0000
2025-08-27 18:01:07,727 - INFO - === Layer 8 (xlmr) — Top 5 (cosine) ===
2025-08-27 18:01:07,727 - INFO - 1. kin: cos=1.0000
2025-08-27 18:01:07,727 - INFO - 2. sna: cos=1.0000
2025-08-27 18:01:07,727 - INFO - 3. nya: cos=1.0000
2025-08-27 18:01:07,727 - INFO - 4. wol: cos=1.0000
2025-08-27 18:01:07,727 - INFO - 5. fon: cos=1.0000
2025-08-27 18:01:07,728 - INFO - === Layer 8 (xlmr) — Worst 5 (cosine) ===
2025-08-27 18:01:07,728 - INFO - 1. swa: cos=1.0000
2025-08-27 18:01:07,728 - INFO - 2. tsn: cos=1.0000
2025-08-27 18:01:07,728 - INFO - 3. mos: cos=1.0000
2025-08-27 18:01:07,728 - INFO - 4. pcm: cos=1.0000
2025-08-27 18:01:07,728 - INFO - 5. hau: cos=1.0000
2025-08-27 18:01:07,857 - INFO - === Layer 9 (xlmr) — Top 5 (cosine) ===
2025-08-27 18:01:07,857 - INFO - 1. zul: cos=1.0000
2025-08-27 18:01:07,857 - INFO - 2. nya: cos=1.0000
2025-08-27 18:01:07,857 - INFO - 3. ibo: cos=1.0000
2025-08-27 18:01:07,857 - INFO - 4. fon: cos=1.0000
2025-08-27 18:01:07,857 - INFO - 5. yor: cos=1.0000
2025-08-27 18:01:07,857 - INFO - === Layer 9 (xlmr) — Worst 5 (cosine) ===
2025-08-27 18:01:07,857 - INFO - 1. ewe: cos=1.0000
2025-08-27 18:01:07,857 - INFO - 2. swa: cos=1.0000
2025-08-27 18:01:07,857 - INFO - 3. mos: cos=1.0000
2025-08-27 18:01:07,857 - INFO - 4. pcm: cos=1.0000
2025-08-27 18:01:07,857 - INFO - 5. tsn: cos=1.0000
2025-08-27 18:01:07,986 - INFO - === Layer 10 (xlmr) — Top 5 (cosine) ===
2025-08-27 18:01:07,986 - INFO - 1. nya: cos=1.0000
2025-08-27 18:01:07,986 - INFO - 2. zul: cos=1.0000
2025-08-27 18:01:07,986 - INFO - 3. yor: cos=1.0000
2025-08-27 18:01:07,986 - INFO - 4. ibo: cos=1.0000
2025-08-27 18:01:07,986 - INFO - 5. fon: cos=1.0000
2025-08-27 18:01:07,986 - INFO - === Layer 10 (xlmr) — Worst 5 (cosine) ===
2025-08-27 18:01:07,986 - INFO - 1. pcm: cos=0.9999
2025-08-27 18:01:07,986 - INFO - 2. tsn: cos=1.0000
2025-08-27 18:01:07,986 - INFO - 3. luo: cos=1.0000
2025-08-27 18:01:07,986 - INFO - 4. lug: cos=1.0000
2025-08-27 18:01:07,986 - INFO - 5. mos: cos=1.0000
2025-08-27 18:01:08,116 - INFO - === Layer 11 (xlmr) — Top 5 (cosine) ===
2025-08-27 18:01:08,116 - INFO - 1. swa: cos=1.0000
2025-08-27 18:01:08,116 - INFO - 2. sna: cos=1.0000
2025-08-27 18:01:08,116 - INFO - 3. kin: cos=1.0000
2025-08-27 18:01:08,116 - INFO - 4. nya: cos=1.0000
2025-08-27 18:01:08,116 - INFO - 5. fon: cos=1.0000
2025-08-27 18:01:08,116 - INFO - === Layer 11 (xlmr) — Worst 5 (cosine) ===
2025-08-27 18:01:08,116 - INFO - 1. ibo: cos=0.9999
2025-08-27 18:01:08,116 - INFO - 2. luo: cos=0.9999
2025-08-27 18:01:08,116 - INFO - 3. mos: cos=0.9999
2025-08-27 18:01:08,116 - INFO - 4. yor: cos=0.9999
2025-08-27 18:01:08,116 - INFO - 5. tsn: cos=1.0000
2025-08-27 18:01:08,242 - INFO - === Layer 12 (xlmr) — Top 5 (cosine) ===
2025-08-27 18:01:08,242 - INFO - 1. ibo: cos=0.9992
2025-08-27 18:01:08,242 - INFO - 2. tsn: cos=0.9990
2025-08-27 18:01:08,242 - INFO - 3. kin: cos=0.9990
2025-08-27 18:01:08,242 - INFO - 4. wol: cos=0.9988
2025-08-27 18:01:08,242 - INFO - 5. yor: cos=0.9987
2025-08-27 18:01:08,242 - INFO - === Layer 12 (xlmr) — Worst 5 (cosine) ===
2025-08-27 18:01:08,243 - INFO - 1. twi: cos=0.9854
2025-08-27 18:01:08,243 - INFO - 2. swa: cos=0.9893
2025-08-27 18:01:08,243 - INFO - 3. bam: cos=0.9921
2025-08-27 18:01:08,243 - INFO - 4. ewe: cos=0.9944
2025-08-27 18:01:08,243 - INFO - 5. pcm: cos=0.9948
2025-08-27 18:01:08,243 - INFO - Experiment finished successfully.
