2025-08-02 22:03:17,448 - INFO - Experiment started with model_type=mbert, use_cls=True, use_context=False, context_window=2, use_hybrid=False, max_tokens_per_type=300, output_dir=rq2_train_scripts/Embeddings/MEXA_inspired_strategy/outputs/combined/mbert/config_1_clstrue_ctxfalse_hybfalse/tokens_300_ctx2
2025-08-02 22:03:18,632 - INFO - Processing run
2025-08-02 22:03:21,206 - INFO - Processing bam
2025-08-02 22:03:23,399 - INFO - Processing bbj
2025-08-02 22:03:25,615 - INFO - Processing ewe
2025-08-02 22:03:27,824 - INFO - Processing fon
2025-08-02 22:03:30,063 - INFO - Processing hau
2025-08-02 22:03:32,315 - INFO - Processing ibo
2025-08-02 22:03:34,594 - INFO - Processing kin
2025-08-02 22:03:36,844 - INFO - Processing lug
2025-08-02 22:03:39,061 - INFO - Processing luo
2025-08-02 22:03:41,284 - INFO - Processing mos
2025-08-02 22:03:43,507 - INFO - Processing nya
2025-08-02 22:03:45,743 - INFO - Processing pcm
2025-08-02 22:03:47,944 - INFO - Processing sna
2025-08-02 22:03:50,185 - INFO - Processing swa
2025-08-02 22:03:52,406 - INFO - Processing tsn
2025-08-02 22:03:54,604 - INFO - Processing twi
2025-08-02 22:03:56,817 - INFO - Processing wol
2025-08-02 22:03:59,052 - INFO - Processing xho
2025-08-02 22:04:01,286 - INFO - Processing yor
2025-08-02 22:04:03,569 - INFO - Processing zul
2025-08-02 22:04:06,261 - INFO - Top 5 languages most similar to Runyankore:
2025-08-02 22:04:06,261 - INFO - 1. lug - Mean Similarity: 0.9816
2025-08-02 22:04:06,262 - INFO - 2. twi - Mean Similarity: 0.9754
2025-08-02 22:04:06,262 - INFO - 3. luo - Mean Similarity: 0.9719
2025-08-02 22:04:06,262 - INFO - 4. swa - Mean Similarity: 0.9710
2025-08-02 22:04:06,262 - INFO - 5. kin - Mean Similarity: 0.9707
2025-08-02 22:04:06,262 - INFO - Experiment finished successfully.
