2025-08-27 07:44:09,399 - INFO - Start: model_type=xlmr, use_cls=True, use_context=False, context_window=2, max_tokens_per_type=500, batch_size=64, output_dir=rq2_train_scripts/Embeddings/CLEAN/outputs/salt/xlmr/config_1_clstrue_ctxfalse/tokens_500_ctx2, save_prototypes=False, seed=42, fp16=True, max_length=96, langs=all, layers=all, span_mode=bio, pool=mean, entity_tags={'ORG', 'DATE', 'LOC', 'PER'}, title_suffix='L=all, tokens=500, ctx=2, cls=true, fp16=true'
2025-08-27 07:44:11,310 - INFO - Processing run
2025-08-27 07:44:11,768 - INFO - Processing bam
2025-08-27 07:44:11,828 - INFO - Processing bbj
2025-08-27 07:44:11,874 - INFO - Processing ewe
2025-08-27 07:44:11,930 - INFO - Processing fon
2025-08-27 07:44:11,994 - INFO - Processing hau
2025-08-27 07:44:12,059 - INFO - Processing ibo
2025-08-27 07:44:12,152 - INFO - Processing kin
2025-08-27 07:44:12,220 - INFO - Processing lug
2025-08-27 07:44:12,288 - INFO - Processing luo
2025-08-27 07:44:12,379 - INFO - Processing mos
2025-08-27 07:44:12,443 - INFO - Processing nya
2025-08-27 07:44:12,511 - INFO - Processing pcm
2025-08-27 07:44:12,562 - INFO - Processing sna
2025-08-27 07:44:12,615 - INFO - Processing swa
2025-08-27 07:44:12,681 - INFO - Processing tsn
2025-08-27 07:44:12,735 - INFO - Processing twi
2025-08-27 07:44:12,796 - INFO - Processing wol
2025-08-27 07:44:12,860 - INFO - Processing xho
2025-08-27 07:44:12,914 - INFO - Processing yor
2025-08-27 07:44:13,000 - INFO - Processing zul
2025-08-27 07:44:13,534 - INFO - === Layer 1 (xlmr) — Top 5 (cosine) ===
2025-08-27 07:44:13,534 - INFO - 1. kin: cos=0.9999
2025-08-27 07:44:13,534 - INFO - 2. twi: cos=0.9999
2025-08-27 07:44:13,534 - INFO - 3. luo: cos=0.9999
2025-08-27 07:44:13,534 - INFO - 4. ibo: cos=0.9999
2025-08-27 07:44:13,534 - INFO - 5. nya: cos=0.9998
2025-08-27 07:44:13,534 - INFO - === Layer 1 (xlmr) — Worst 5 (cosine) ===
2025-08-27 07:44:13,534 - INFO - 1. hau: cos=0.9995
2025-08-27 07:44:13,534 - INFO - 2. bam: cos=0.9995
2025-08-27 07:44:13,534 - INFO - 3. xho: cos=0.9995
2025-08-27 07:44:13,534 - INFO - 4. fon: cos=0.9995
2025-08-27 07:44:13,534 - INFO - 5. pcm: cos=0.9995
2025-08-27 07:44:13,665 - INFO - === Layer 2 (xlmr) — Top 5 (cosine) ===
2025-08-27 07:44:13,665 - INFO - 1. kin: cos=1.0000
2025-08-27 07:44:13,665 - INFO - 2. luo: cos=1.0000
2025-08-27 07:44:13,665 - INFO - 3. twi: cos=1.0000
2025-08-27 07:44:13,665 - INFO - 4. ibo: cos=1.0000
2025-08-27 07:44:13,665 - INFO - 5. nya: cos=1.0000
2025-08-27 07:44:13,665 - INFO - === Layer 2 (xlmr) — Worst 5 (cosine) ===
2025-08-27 07:44:13,665 - INFO - 1. pcm: cos=0.9999
2025-08-27 07:44:13,665 - INFO - 2. bam: cos=0.9999
2025-08-27 07:44:13,665 - INFO - 3. bbj: cos=0.9999
2025-08-27 07:44:13,665 - INFO - 4. hau: cos=0.9999
2025-08-27 07:44:13,665 - INFO - 5. xho: cos=0.9999
2025-08-27 07:44:13,795 - INFO - === Layer 3 (xlmr) — Top 5 (cosine) ===
2025-08-27 07:44:13,795 - INFO - 1. luo: cos=1.0000
2025-08-27 07:44:13,795 - INFO - 2. kin: cos=1.0000
2025-08-27 07:44:13,795 - INFO - 3. twi: cos=1.0000
2025-08-27 07:44:13,795 - INFO - 4. hau: cos=1.0000
2025-08-27 07:44:13,795 - INFO - 5. zul: cos=1.0000
2025-08-27 07:44:13,795 - INFO - === Layer 3 (xlmr) — Worst 5 (cosine) ===
2025-08-27 07:44:13,795 - INFO - 1. pcm: cos=1.0000
2025-08-27 07:44:13,795 - INFO - 2. swa: cos=1.0000
2025-08-27 07:44:13,795 - INFO - 3. bbj: cos=1.0000
2025-08-27 07:44:13,795 - INFO - 4. nya: cos=1.0000
2025-08-27 07:44:13,795 - INFO - 5. fon: cos=1.0000
2025-08-27 07:44:13,921 - INFO - === Layer 4 (xlmr) — Top 5 (cosine) ===
2025-08-27 07:44:13,921 - INFO - 1. kin: cos=1.0000
2025-08-27 07:44:13,921 - INFO - 2. twi: cos=1.0000
2025-08-27 07:44:13,921 - INFO - 3. luo: cos=1.0000
2025-08-27 07:44:13,921 - INFO - 4. sna: cos=1.0000
2025-08-27 07:44:13,921 - INFO - 5. zul: cos=1.0000
2025-08-27 07:44:13,921 - INFO - === Layer 4 (xlmr) — Worst 5 (cosine) ===
2025-08-27 07:44:13,921 - INFO - 1. yor: cos=1.0000
2025-08-27 07:44:13,921 - INFO - 2. hau: cos=1.0000
2025-08-27 07:44:13,921 - INFO - 3. bam: cos=1.0000
2025-08-27 07:44:13,921 - INFO - 4. pcm: cos=1.0000
2025-08-27 07:44:13,921 - INFO - 5. wol: cos=1.0000
2025-08-27 07:44:14,045 - INFO - === Layer 5 (xlmr) — Top 5 (cosine) ===
2025-08-27 07:44:14,045 - INFO - 1. twi: cos=1.0000
2025-08-27 07:44:14,046 - INFO - 2. kin: cos=1.0000
2025-08-27 07:44:14,046 - INFO - 3. luo: cos=1.0000
2025-08-27 07:44:14,046 - INFO - 4. zul: cos=1.0000
2025-08-27 07:44:14,046 - INFO - 5. ibo: cos=1.0000
2025-08-27 07:44:14,046 - INFO - === Layer 5 (xlmr) — Worst 5 (cosine) ===
2025-08-27 07:44:14,046 - INFO - 1. hau: cos=1.0000
2025-08-27 07:44:14,046 - INFO - 2. pcm: cos=1.0000
2025-08-27 07:44:14,046 - INFO - 3. fon: cos=1.0000
2025-08-27 07:44:14,046 - INFO - 4. nya: cos=1.0000
2025-08-27 07:44:14,046 - INFO - 5. lug: cos=1.0000
2025-08-27 07:44:14,195 - INFO - === Layer 6 (xlmr) — Top 5 (cosine) ===
2025-08-27 07:44:14,195 - INFO - 1. twi: cos=1.0000
2025-08-27 07:44:14,195 - INFO - 2. kin: cos=1.0000
2025-08-27 07:44:14,195 - INFO - 3. luo: cos=1.0000
2025-08-27 07:44:14,195 - INFO - 4. ibo: cos=1.0000
2025-08-27 07:44:14,195 - INFO - 5. ewe: cos=1.0000
2025-08-27 07:44:14,195 - INFO - === Layer 6 (xlmr) — Worst 5 (cosine) ===
2025-08-27 07:44:14,195 - INFO - 1. pcm: cos=1.0000
2025-08-27 07:44:14,195 - INFO - 2. hau: cos=1.0000
2025-08-27 07:44:14,195 - INFO - 3. fon: cos=1.0000
2025-08-27 07:44:14,195 - INFO - 4. nya: cos=1.0000
2025-08-27 07:44:14,195 - INFO - 5. mos: cos=1.0000
2025-08-27 07:44:14,324 - INFO - === Layer 7 (xlmr) — Top 5 (cosine) ===
2025-08-27 07:44:14,324 - INFO - 1. kin: cos=1.0000
2025-08-27 07:44:14,324 - INFO - 2. fon: cos=1.0000
2025-08-27 07:44:14,324 - INFO - 3. sna: cos=1.0000
2025-08-27 07:44:14,324 - INFO - 4. ewe: cos=1.0000
2025-08-27 07:44:14,324 - INFO - 5. bbj: cos=1.0000
2025-08-27 07:44:14,324 - INFO - === Layer 7 (xlmr) — Worst 5 (cosine) ===
2025-08-27 07:44:14,324 - INFO - 1. hau: cos=1.0000
2025-08-27 07:44:14,324 - INFO - 2. tsn: cos=1.0000
2025-08-27 07:44:14,324 - INFO - 3. nya: cos=1.0000
2025-08-27 07:44:14,324 - INFO - 4. zul: cos=1.0000
2025-08-27 07:44:14,324 - INFO - 5. mos: cos=1.0000
2025-08-27 07:44:14,455 - INFO - === Layer 8 (xlmr) — Top 5 (cosine) ===
2025-08-27 07:44:14,455 - INFO - 1. kin: cos=1.0000
2025-08-27 07:44:14,455 - INFO - 2. lug: cos=1.0000
2025-08-27 07:44:14,455 - INFO - 3. xho: cos=1.0000
2025-08-27 07:44:14,455 - INFO - 4. tsn: cos=1.0000
2025-08-27 07:44:14,455 - INFO - 5. nya: cos=1.0000
2025-08-27 07:44:14,455 - INFO - === Layer 8 (xlmr) — Worst 5 (cosine) ===
2025-08-27 07:44:14,455 - INFO - 1. ewe: cos=0.9999
2025-08-27 07:44:14,455 - INFO - 2. bbj: cos=1.0000
2025-08-27 07:44:14,455 - INFO - 3. swa: cos=1.0000
2025-08-27 07:44:14,455 - INFO - 4. pcm: cos=1.0000
2025-08-27 07:44:14,455 - INFO - 5. fon: cos=1.0000
2025-08-27 07:44:14,658 - INFO - === Layer 9 (xlmr) — Top 5 (cosine) ===
2025-08-27 07:44:14,658 - INFO - 1. kin: cos=1.0000
2025-08-27 07:44:14,658 - INFO - 2. sna: cos=1.0000
2025-08-27 07:44:14,658 - INFO - 3. bam: cos=1.0000
2025-08-27 07:44:14,658 - INFO - 4. twi: cos=1.0000
2025-08-27 07:44:14,658 - INFO - 5. lug: cos=1.0000
2025-08-27 07:44:14,658 - INFO - === Layer 9 (xlmr) — Worst 5 (cosine) ===
2025-08-27 07:44:14,658 - INFO - 1. pcm: cos=1.0000
2025-08-27 07:44:14,658 - INFO - 2. hau: cos=1.0000
2025-08-27 07:44:14,658 - INFO - 3. ewe: cos=1.0000
2025-08-27 07:44:14,658 - INFO - 4. swa: cos=1.0000
2025-08-27 07:44:14,658 - INFO - 5. nya: cos=1.0000
2025-08-27 07:44:14,786 - INFO - === Layer 10 (xlmr) — Top 5 (cosine) ===
2025-08-27 07:44:14,787 - INFO - 1. kin: cos=1.0000
2025-08-27 07:44:14,787 - INFO - 2. luo: cos=1.0000
2025-08-27 07:44:14,787 - INFO - 3. zul: cos=1.0000
2025-08-27 07:44:14,787 - INFO - 4. twi: cos=1.0000
2025-08-27 07:44:14,787 - INFO - 5. bam: cos=1.0000
2025-08-27 07:44:14,787 - INFO - === Layer 10 (xlmr) — Worst 5 (cosine) ===
2025-08-27 07:44:14,787 - INFO - 1. pcm: cos=1.0000
2025-08-27 07:44:14,787 - INFO - 2. fon: cos=1.0000
2025-08-27 07:44:14,787 - INFO - 3. xho: cos=1.0000
2025-08-27 07:44:14,787 - INFO - 4. mos: cos=1.0000
2025-08-27 07:44:14,787 - INFO - 5. hau: cos=1.0000
2025-08-27 07:44:14,915 - INFO - === Layer 11 (xlmr) — Top 5 (cosine) ===
2025-08-27 07:44:14,915 - INFO - 1. ibo: cos=1.0000
2025-08-27 07:44:14,915 - INFO - 2. kin: cos=1.0000
2025-08-27 07:44:14,915 - INFO - 3. ewe: cos=1.0000
2025-08-27 07:44:14,915 - INFO - 4. hau: cos=1.0000
2025-08-27 07:44:14,915 - INFO - 5. twi: cos=1.0000
2025-08-27 07:44:14,915 - INFO - === Layer 11 (xlmr) — Worst 5 (cosine) ===
2025-08-27 07:44:14,915 - INFO - 1. bam: cos=0.9999
2025-08-27 07:44:14,915 - INFO - 2. bbj: cos=0.9999
2025-08-27 07:44:14,915 - INFO - 3. sna: cos=1.0000
2025-08-27 07:44:14,915 - INFO - 4. yor: cos=1.0000
2025-08-27 07:44:14,915 - INFO - 5. zul: cos=1.0000
2025-08-27 07:44:15,043 - INFO - === Layer 12 (xlmr) — Top 5 (cosine) ===
2025-08-27 07:44:15,043 - INFO - 1. kin: cos=0.9999
2025-08-27 07:44:15,043 - INFO - 2. luo: cos=0.9999
2025-08-27 07:44:15,043 - INFO - 3. nya: cos=0.9999
2025-08-27 07:44:15,043 - INFO - 4. lug: cos=0.9999
2025-08-27 07:44:15,043 - INFO - 5. wol: cos=0.9999
2025-08-27 07:44:15,043 - INFO - === Layer 12 (xlmr) — Worst 5 (cosine) ===
2025-08-27 07:44:15,043 - INFO - 1. pcm: cos=0.9981
2025-08-27 07:44:15,043 - INFO - 2. fon: cos=0.9990
2025-08-27 07:44:15,043 - INFO - 3. hau: cos=0.9991
2025-08-27 07:44:15,043 - INFO - 4. tsn: cos=0.9997
2025-08-27 07:44:15,043 - INFO - 5. xho: cos=0.9997
2025-08-27 07:44:15,044 - INFO - Experiment finished successfully.
