2025-08-27 09:38:40,476 - INFO - Start: model_type=xlmr, use_cls=False, use_context=False, context_window=1, max_tokens_per_type=200, batch_size=64, output_dir=rq2_train_scripts/Embeddings/CLEAN/outputs/salt/xlmr/config_0_clsfalse_ctxfalse/tokens_200_ctx1/core, save_prototypes=False, seed=42, fp16=True, max_length=96, langs=all, layers=all, span_mode=bio, pool=mean, entity_tags={'PER', 'ORG', 'LOC', 'DATE'}, title_suffix='L=all, tokens=200, ctx=1, cls=false, fp16=true'
2025-08-27 09:38:42,314 - INFO - Processing run
2025-08-27 09:38:42,751 - INFO - Processing bam
2025-08-27 09:38:42,823 - INFO - Processing bbj
2025-08-27 09:38:42,884 - INFO - Processing ewe
2025-08-27 09:38:42,950 - INFO - Processing fon
2025-08-27 09:38:43,028 - INFO - Processing hau
2025-08-27 09:38:43,110 - INFO - Processing ibo
2025-08-27 09:38:43,217 - INFO - Processing kin
2025-08-27 09:38:43,303 - INFO - Processing lug
2025-08-27 09:38:43,375 - INFO - Processing luo
2025-08-27 09:38:43,456 - INFO - Processing mos
2025-08-27 09:38:43,537 - INFO - Processing nya
2025-08-27 09:38:43,624 - INFO - Processing pcm
2025-08-27 09:38:43,701 - INFO - Processing sna
2025-08-27 09:38:43,778 - INFO - Processing swa
2025-08-27 09:38:43,860 - INFO - Processing tsn
2025-08-27 09:38:43,934 - INFO - Processing twi
2025-08-27 09:38:44,011 - INFO - Processing wol
2025-08-27 09:38:44,088 - INFO - Processing xho
2025-08-27 09:38:44,158 - INFO - Processing yor
2025-08-27 09:38:44,264 - INFO - Processing zul
2025-08-27 09:38:44,747 - INFO - === Layer 1 (xlmr) — Top 5 (cosine) ===
2025-08-27 09:38:44,747 - INFO - 1. twi: cos=0.9591
2025-08-27 09:38:44,747 - INFO - 2. kin: cos=0.9560
2025-08-27 09:38:44,747 - INFO - 3. tsn: cos=0.9509
2025-08-27 09:38:44,747 - INFO - 4. luo: cos=0.9469
2025-08-27 09:38:44,747 - INFO - 5. ibo: cos=0.9469
2025-08-27 09:38:44,747 - INFO - === Layer 1 (xlmr) — Worst 5 (cosine) ===
2025-08-27 09:38:44,747 - INFO - 1. hau: cos=0.9021
2025-08-27 09:38:44,747 - INFO - 2. yor: cos=0.9160
2025-08-27 09:38:44,747 - INFO - 3. pcm: cos=0.9163
2025-08-27 09:38:44,747 - INFO - 4. fon: cos=0.9198
2025-08-27 09:38:44,747 - INFO - 5. mos: cos=0.9207
2025-08-27 09:38:44,877 - INFO - === Layer 2 (xlmr) — Top 5 (cosine) ===
2025-08-27 09:38:44,877 - INFO - 1. twi: cos=0.9828
2025-08-27 09:38:44,877 - INFO - 2. kin: cos=0.9820
2025-08-27 09:38:44,877 - INFO - 3. lug: cos=0.9790
2025-08-27 09:38:44,877 - INFO - 4. tsn: cos=0.9786
2025-08-27 09:38:44,877 - INFO - 5. luo: cos=0.9779
2025-08-27 09:38:44,877 - INFO - === Layer 2 (xlmr) — Worst 5 (cosine) ===
2025-08-27 09:38:44,877 - INFO - 1. hau: cos=0.9566
2025-08-27 09:38:44,877 - INFO - 2. pcm: cos=0.9585
2025-08-27 09:38:44,877 - INFO - 3. yor: cos=0.9604
2025-08-27 09:38:44,877 - INFO - 4. swa: cos=0.9633
2025-08-27 09:38:44,877 - INFO - 5. mos: cos=0.9653
2025-08-27 09:38:45,009 - INFO - === Layer 3 (xlmr) — Top 5 (cosine) ===
2025-08-27 09:38:45,009 - INFO - 1. kin: cos=0.9865
2025-08-27 09:38:45,009 - INFO - 2. twi: cos=0.9862
2025-08-27 09:38:45,009 - INFO - 3. tsn: cos=0.9833
2025-08-27 09:38:45,009 - INFO - 4. lug: cos=0.9829
2025-08-27 09:38:45,009 - INFO - 5. luo: cos=0.9829
2025-08-27 09:38:45,009 - INFO - === Layer 3 (xlmr) — Worst 5 (cosine) ===
2025-08-27 09:38:45,009 - INFO - 1. hau: cos=0.9616
2025-08-27 09:38:45,009 - INFO - 2. pcm: cos=0.9652
2025-08-27 09:38:45,009 - INFO - 3. yor: cos=0.9683
2025-08-27 09:38:45,009 - INFO - 4. swa: cos=0.9699
2025-08-27 09:38:45,009 - INFO - 5. xho: cos=0.9728
2025-08-27 09:38:45,141 - INFO - === Layer 4 (xlmr) — Top 5 (cosine) ===
2025-08-27 09:38:45,141 - INFO - 1. twi: cos=0.9834
2025-08-27 09:38:45,141 - INFO - 2. tsn: cos=0.9809
2025-08-27 09:38:45,141 - INFO - 3. kin: cos=0.9794
2025-08-27 09:38:45,141 - INFO - 4. zul: cos=0.9794
2025-08-27 09:38:45,141 - INFO - 5. lug: cos=0.9788
2025-08-27 09:38:45,141 - INFO - === Layer 4 (xlmr) — Worst 5 (cosine) ===
2025-08-27 09:38:45,141 - INFO - 1. hau: cos=0.9620
2025-08-27 09:38:45,141 - INFO - 2. pcm: cos=0.9624
2025-08-27 09:38:45,141 - INFO - 3. yor: cos=0.9662
2025-08-27 09:38:45,141 - INFO - 4. swa: cos=0.9684
2025-08-27 09:38:45,141 - INFO - 5. xho: cos=0.9717
2025-08-27 09:38:45,287 - INFO - === Layer 5 (xlmr) — Top 5 (cosine) ===
2025-08-27 09:38:45,287 - INFO - 1. nya: cos=0.9855
2025-08-27 09:38:45,287 - INFO - 2. twi: cos=0.9845
2025-08-27 09:38:45,287 - INFO - 3. ewe: cos=0.9843
2025-08-27 09:38:45,287 - INFO - 4. mos: cos=0.9833
2025-08-27 09:38:45,287 - INFO - 5. zul: cos=0.9823
2025-08-27 09:38:45,287 - INFO - === Layer 5 (xlmr) — Worst 5 (cosine) ===
2025-08-27 09:38:45,287 - INFO - 1. hau: cos=0.9642
2025-08-27 09:38:45,287 - INFO - 2. yor: cos=0.9719
2025-08-27 09:38:45,287 - INFO - 3. xho: cos=0.9757
2025-08-27 09:38:45,287 - INFO - 4. sna: cos=0.9764
2025-08-27 09:38:45,287 - INFO - 5. lug: cos=0.9769
2025-08-27 09:38:45,426 - INFO - === Layer 6 (xlmr) — Top 5 (cosine) ===
2025-08-27 09:38:45,426 - INFO - 1. nya: cos=0.9796
2025-08-27 09:38:45,426 - INFO - 2. twi: cos=0.9792
2025-08-27 09:38:45,426 - INFO - 3. ewe: cos=0.9768
2025-08-27 09:38:45,426 - INFO - 4. mos: cos=0.9760
2025-08-27 09:38:45,426 - INFO - 5. bam: cos=0.9759
2025-08-27 09:38:45,426 - INFO - === Layer 6 (xlmr) — Worst 5 (cosine) ===
2025-08-27 09:38:45,426 - INFO - 1. yor: cos=0.9553
2025-08-27 09:38:45,426 - INFO - 2. hau: cos=0.9588
2025-08-27 09:38:45,426 - INFO - 3. luo: cos=0.9614
2025-08-27 09:38:45,426 - INFO - 4. xho: cos=0.9662
2025-08-27 09:38:45,426 - INFO - 5. swa: cos=0.9683
2025-08-27 09:38:45,558 - INFO - === Layer 7 (xlmr) — Top 5 (cosine) ===
2025-08-27 09:38:45,559 - INFO - 1. nya: cos=0.9840
2025-08-27 09:38:45,559 - INFO - 2. twi: cos=0.9827
2025-08-27 09:38:45,559 - INFO - 3. fon: cos=0.9808
2025-08-27 09:38:45,559 - INFO - 4. ewe: cos=0.9797
2025-08-27 09:38:45,559 - INFO - 5. mos: cos=0.9786
2025-08-27 09:38:45,559 - INFO - === Layer 7 (xlmr) — Worst 5 (cosine) ===
2025-08-27 09:38:45,559 - INFO - 1. yor: cos=0.9597
2025-08-27 09:38:45,559 - INFO - 2. luo: cos=0.9652
2025-08-27 09:38:45,559 - INFO - 3. bam: cos=0.9692
2025-08-27 09:38:45,559 - INFO - 4. hau: cos=0.9699
2025-08-27 09:38:45,559 - INFO - 5. xho: cos=0.9719
2025-08-27 09:38:45,769 - INFO - === Layer 8 (xlmr) — Top 5 (cosine) ===
2025-08-27 09:38:45,769 - INFO - 1. ewe: cos=0.9826
2025-08-27 09:38:45,769 - INFO - 2. nya: cos=0.9824
2025-08-27 09:38:45,769 - INFO - 3. twi: cos=0.9817
2025-08-27 09:38:45,769 - INFO - 4. fon: cos=0.9802
2025-08-27 09:38:45,770 - INFO - 5. mos: cos=0.9775
2025-08-27 09:38:45,770 - INFO - === Layer 8 (xlmr) — Worst 5 (cosine) ===
2025-08-27 09:38:45,770 - INFO - 1. yor: cos=0.9573
2025-08-27 09:38:45,770 - INFO - 2. luo: cos=0.9646
2025-08-27 09:38:45,770 - INFO - 3. hau: cos=0.9676
2025-08-27 09:38:45,770 - INFO - 4. xho: cos=0.9684
2025-08-27 09:38:45,770 - INFO - 5. ibo: cos=0.9690
2025-08-27 09:38:45,907 - INFO - === Layer 9 (xlmr) — Top 5 (cosine) ===
2025-08-27 09:38:45,907 - INFO - 1. ewe: cos=0.9847
2025-08-27 09:38:45,907 - INFO - 2. twi: cos=0.9842
2025-08-27 09:38:45,907 - INFO - 3. fon: cos=0.9826
2025-08-27 09:38:45,907 - INFO - 4. pcm: cos=0.9805
2025-08-27 09:38:45,907 - INFO - 5. mos: cos=0.9805
2025-08-27 09:38:45,907 - INFO - === Layer 9 (xlmr) — Worst 5 (cosine) ===
2025-08-27 09:38:45,907 - INFO - 1. yor: cos=0.9608
2025-08-27 09:38:45,907 - INFO - 2. swa: cos=0.9631
2025-08-27 09:38:45,907 - INFO - 3. hau: cos=0.9642
2025-08-27 09:38:45,907 - INFO - 4. luo: cos=0.9680
2025-08-27 09:38:45,907 - INFO - 5. zul: cos=0.9696
2025-08-27 09:38:46,035 - INFO - === Layer 10 (xlmr) — Top 5 (cosine) ===
2025-08-27 09:38:46,035 - INFO - 1. ewe: cos=0.9841
2025-08-27 09:38:46,035 - INFO - 2. swa: cos=0.9816
2025-08-27 09:38:46,035 - INFO - 3. fon: cos=0.9811
2025-08-27 09:38:46,035 - INFO - 4. twi: cos=0.9809
2025-08-27 09:38:46,036 - INFO - 5. mos: cos=0.9805
2025-08-27 09:38:46,036 - INFO - === Layer 10 (xlmr) — Worst 5 (cosine) ===
2025-08-27 09:38:46,036 - INFO - 1. kin: cos=0.9442
2025-08-27 09:38:46,036 - INFO - 2. yor: cos=0.9600
2025-08-27 09:38:46,036 - INFO - 3. luo: cos=0.9673
2025-08-27 09:38:46,036 - INFO - 4. zul: cos=0.9688
2025-08-27 09:38:46,036 - INFO - 5. ibo: cos=0.9692
2025-08-27 09:38:46,178 - INFO - === Layer 11 (xlmr) — Top 5 (cosine) ===
2025-08-27 09:38:46,179 - INFO - 1. twi: cos=0.9875
2025-08-27 09:38:46,179 - INFO - 2. swa: cos=0.9871
2025-08-27 09:38:46,179 - INFO - 3. ewe: cos=0.9843
2025-08-27 09:38:46,179 - INFO - 4. nya: cos=0.9828
2025-08-27 09:38:46,179 - INFO - 5. wol: cos=0.9811
2025-08-27 09:38:46,179 - INFO - === Layer 11 (xlmr) — Worst 5 (cosine) ===
2025-08-27 09:38:46,179 - INFO - 1. yor: cos=0.9652
2025-08-27 09:38:46,179 - INFO - 2. zul: cos=0.9669
2025-08-27 09:38:46,179 - INFO - 3. bbj: cos=0.9671
2025-08-27 09:38:46,179 - INFO - 4. lug: cos=0.9672
2025-08-27 09:38:46,179 - INFO - 5. kin: cos=0.9686
2025-08-27 09:38:46,308 - INFO - === Layer 12 (xlmr) — Top 5 (cosine) ===
2025-08-27 09:38:46,308 - INFO - 1. bbj: cos=0.9985
2025-08-27 09:38:46,308 - INFO - 2. nya: cos=0.9983
2025-08-27 09:38:46,308 - INFO - 3. wol: cos=0.9982
2025-08-27 09:38:46,308 - INFO - 4. tsn: cos=0.9981
2025-08-27 09:38:46,308 - INFO - 5. ibo: cos=0.9975
2025-08-27 09:38:46,308 - INFO - === Layer 12 (xlmr) — Worst 5 (cosine) ===
2025-08-27 09:38:46,308 - INFO - 1. hau: cos=0.9920
2025-08-27 09:38:46,308 - INFO - 2. lug: cos=0.9934
2025-08-27 09:38:46,308 - INFO - 3. swa: cos=0.9949
2025-08-27 09:38:46,308 - INFO - 4. sna: cos=0.9952
2025-08-27 09:38:46,308 - INFO - 5. twi: cos=0.9954
2025-08-27 09:38:46,309 - INFO - Experiment finished successfully.
