2025-08-24 11:43:39,380 - INFO - Start: model_type=mbert, run_both=False, use_cls=True, use_context=True, context_window=2, max_tokens_per_type=200, batch_size=32, seed=1, num_middle_layers=3, output_dir=rq2_train_scripts/Embeddings/EXTENDED/outputs/salt_extended/mbert/config_4_clstrue_ctxtrue_hybfalse/tokens_200_ctx2
2025-08-24 11:43:39,913 - INFO - mbert: selected layer indices (hidden_states) = [2, 3, 10, 12]
2025-08-24 11:43:40,775 - INFO - Processing run
2025-08-24 11:43:41,227 - INFO - Processing bam
2025-08-24 11:43:41,310 - INFO - Processing bbj
2025-08-24 11:43:41,385 - INFO - Processing ewe
2025-08-24 11:43:41,459 - INFO - Processing fon
2025-08-24 11:43:41,551 - INFO - Processing hau
2025-08-24 11:43:41,631 - INFO - Processing ibo
2025-08-24 11:43:41,781 - INFO - Processing kin
2025-08-24 11:43:41,870 - INFO - Processing lug
2025-08-24 11:43:41,942 - INFO - Processing luo
2025-08-24 11:43:42,026 - INFO - Processing mos
2025-08-24 11:43:42,100 - INFO - Processing nya
2025-08-24 11:43:42,197 - INFO - Processing pcm
2025-08-24 11:43:42,271 - INFO - Processing sna
2025-08-24 11:43:42,361 - INFO - Processing swa
2025-08-24 11:43:42,444 - INFO - Processing tsn
2025-08-24 11:43:42,515 - INFO - Processing twi
2025-08-24 11:43:42,588 - INFO - Processing wol
2025-08-24 11:43:42,670 - INFO - Processing xho
2025-08-24 11:43:42,750 - INFO - Processing yor
2025-08-24 11:43:42,861 - INFO - Processing zul
2025-08-24 11:43:43,192 - INFO - Layer 2 (mbert) — Top 5
2025-08-24 11:43:43,192 - INFO - 1. lug: r=1.0000
2025-08-24 11:43:43,192 - INFO - 2. hau: r=1.0000
2025-08-24 11:43:43,192 - INFO - 3. nya: r=1.0000
2025-08-24 11:43:43,192 - INFO - 4. sna: r=0.9999
2025-08-24 11:43:43,192 - INFO - 5. kin: r=0.9999
2025-08-24 11:43:43,192 - INFO - Layer 2 (mbert) — Worst 5
2025-08-24 11:43:43,192 - INFO - 1. pcm: r=0.9998
2025-08-24 11:43:43,192 - INFO - 2. fon: r=0.9998
2025-08-24 11:43:43,192 - INFO - 3. yor: r=0.9998
2025-08-24 11:43:43,192 - INFO - 4. bbj: r=0.9999
2025-08-24 11:43:43,192 - INFO - 5. ewe: r=0.9999
2025-08-24 11:43:43,326 - INFO - Layer 3 (mbert) — Top 5
2025-08-24 11:43:43,326 - INFO - 1. lug: r=1.0000
2025-08-24 11:43:43,326 - INFO - 2. hau: r=1.0000
2025-08-24 11:43:43,326 - INFO - 3. sna: r=1.0000
2025-08-24 11:43:43,326 - INFO - 4. nya: r=1.0000
2025-08-24 11:43:43,326 - INFO - 5. kin: r=1.0000
2025-08-24 11:43:43,326 - INFO - Layer 3 (mbert) — Worst 5
2025-08-24 11:43:43,326 - INFO - 1. pcm: r=0.9999
2025-08-24 11:43:43,326 - INFO - 2. bbj: r=0.9999
2025-08-24 11:43:43,326 - INFO - 3. yor: r=0.9999
2025-08-24 11:43:43,326 - INFO - 4. fon: r=0.9999
2025-08-24 11:43:43,326 - INFO - 5. ewe: r=1.0000
2025-08-24 11:43:43,443 - INFO - Layer 10 (mbert) — Top 5
2025-08-24 11:43:43,443 - INFO - 1. lug: r=0.9904
2025-08-24 11:43:43,443 - INFO - 2. kin: r=0.9903
2025-08-24 11:43:43,443 - INFO - 3. sna: r=0.9888
2025-08-24 11:43:43,443 - INFO - 4. nya: r=0.9883
2025-08-24 11:43:43,443 - INFO - 5. twi: r=0.9858
2025-08-24 11:43:43,443 - INFO - Layer 10 (mbert) — Worst 5
2025-08-24 11:43:43,443 - INFO - 1. pcm: r=0.9593
2025-08-24 11:43:43,443 - INFO - 2. bbj: r=0.9650
2025-08-24 11:43:43,443 - INFO - 3. yor: r=0.9654
2025-08-24 11:43:43,443 - INFO - 4. fon: r=0.9687
2025-08-24 11:43:43,443 - INFO - 5. swa: r=0.9703
2025-08-24 11:43:43,561 - INFO - Layer 12 (mbert) — Top 5
2025-08-24 11:43:43,561 - INFO - 1. kin: r=0.9851
2025-08-24 11:43:43,561 - INFO - 2. nya: r=0.9843
2025-08-24 11:43:43,561 - INFO - 3. sna: r=0.9834
2025-08-24 11:43:43,561 - INFO - 4. lug: r=0.9832
2025-08-24 11:43:43,561 - INFO - 5. zul: r=0.9785
2025-08-24 11:43:43,561 - INFO - Layer 12 (mbert) — Worst 5
2025-08-24 11:43:43,561 - INFO - 1. bbj: r=0.9200
2025-08-24 11:43:43,561 - INFO - 2. fon: r=0.9241
2025-08-24 11:43:43,561 - INFO - 3. pcm: r=0.9336
2025-08-24 11:43:43,561 - INFO - 4. yor: r=0.9520
2025-08-24 11:43:43,561 - INFO - 5. ewe: r=0.9602
2025-08-24 11:43:43,562 - INFO - Experiment finished successfully.
