2025-08-24 11:44:28,343 - INFO - Start: model_type=mbert, run_both=False, use_cls=False, use_context=True, context_window=2, max_tokens_per_type=200, batch_size=32, seed=1, num_middle_layers=3, output_dir=rq2_train_scripts/Embeddings/EXTENDED/outputs/mptc_extended/mbert/config_2_clsfalse_ctxtrue_hybfalse/tokens_200_ctx2
2025-08-24 11:44:28,866 - INFO - mbert: selected layer indices (hidden_states) = [2, 3, 10, 12]
2025-08-24 11:44:29,765 - INFO - Processing run
2025-08-24 11:44:30,338 - INFO - Processing bam
2025-08-24 11:44:30,503 - INFO - Processing bbj
2025-08-24 11:44:30,778 - INFO - Processing ewe
2025-08-24 11:44:30,999 - INFO - Processing fon
2025-08-24 11:44:31,269 - INFO - Processing hau
2025-08-24 11:44:31,522 - INFO - Processing ibo
2025-08-24 11:44:31,731 - INFO - Processing kin
2025-08-24 11:44:31,931 - INFO - Processing lug
2025-08-24 11:44:32,196 - INFO - Processing luo
2025-08-24 11:44:32,459 - INFO - Processing mos
2025-08-24 11:44:32,646 - INFO - Processing nya
2025-08-24 11:44:32,939 - INFO - Processing pcm
2025-08-24 11:44:33,216 - INFO - Processing sna
2025-08-24 11:44:33,389 - INFO - Processing swa
2025-08-24 11:44:33,769 - INFO - Processing tsn
2025-08-24 11:44:33,883 - INFO - Processing twi
2025-08-24 11:44:34,002 - INFO - Processing wol
2025-08-24 11:44:34,127 - INFO - Processing xho
2025-08-24 11:44:34,259 - INFO - Processing yor
2025-08-24 11:44:34,429 - INFO - Processing zul
2025-08-24 11:44:34,824 - INFO - Layer 2 (mbert) — Top 5
2025-08-24 11:44:34,824 - INFO - 1. luo: r=0.8055
2025-08-24 11:44:34,824 - INFO - 2. lug: r=0.8017
2025-08-24 11:44:34,824 - INFO - 3. nya: r=0.8001
2025-08-24 11:44:34,824 - INFO - 4. twi: r=0.7988
2025-08-24 11:44:34,824 - INFO - 5. sna: r=0.7930
2025-08-24 11:44:34,824 - INFO - Layer 2 (mbert) — Worst 5
2025-08-24 11:44:34,824 - INFO - 1. bbj: r=0.6168
2025-08-24 11:44:34,824 - INFO - 2. pcm: r=0.6688
2025-08-24 11:44:34,824 - INFO - 3. yor: r=0.6692
2025-08-24 11:44:34,824 - INFO - 4. fon: r=0.6921
2025-08-24 11:44:34,824 - INFO - 5. ewe: r=0.6999
2025-08-24 11:44:34,963 - INFO - Layer 3 (mbert) — Top 5
2025-08-24 11:44:34,964 - INFO - 1. nya: r=0.8797
2025-08-24 11:44:34,964 - INFO - 2. sna: r=0.8791
2025-08-24 11:44:34,964 - INFO - 3. luo: r=0.8790
2025-08-24 11:44:34,964 - INFO - 4. kin: r=0.8765
2025-08-24 11:44:34,964 - INFO - 5. twi: r=0.8760
2025-08-24 11:44:34,964 - INFO - Layer 3 (mbert) — Worst 5
2025-08-24 11:44:34,964 - INFO - 1. bbj: r=0.7640
2025-08-24 11:44:34,964 - INFO - 2. pcm: r=0.7876
2025-08-24 11:44:34,964 - INFO - 3. yor: r=0.8043
2025-08-24 11:44:34,964 - INFO - 4. ewe: r=0.8048
2025-08-24 11:44:34,964 - INFO - 5. fon: r=0.8191
2025-08-24 11:44:35,082 - INFO - Layer 10 (mbert) — Top 5
2025-08-24 11:44:35,082 - INFO - 1. nya: r=0.9457
2025-08-24 11:44:35,082 - INFO - 2. kin: r=0.9455
2025-08-24 11:44:35,082 - INFO - 3. lug: r=0.9444
2025-08-24 11:44:35,082 - INFO - 4. luo: r=0.9438
2025-08-24 11:44:35,082 - INFO - 5. twi: r=0.9433
2025-08-24 11:44:35,082 - INFO - Layer 10 (mbert) — Worst 5
2025-08-24 11:44:35,082 - INFO - 1. bbj: r=0.9012
2025-08-24 11:44:35,082 - INFO - 2. pcm: r=0.9115
2025-08-24 11:44:35,082 - INFO - 3. fon: r=0.9119
2025-08-24 11:44:35,082 - INFO - 4. ewe: r=0.9123
2025-08-24 11:44:35,082 - INFO - 5. yor: r=0.9131
2025-08-24 11:44:35,208 - INFO - Layer 12 (mbert) — Top 5
2025-08-24 11:44:35,208 - INFO - 1. lug: r=0.8316
2025-08-24 11:44:35,208 - INFO - 2. nya: r=0.8230
2025-08-24 11:44:35,208 - INFO - 3. kin: r=0.8140
2025-08-24 11:44:35,208 - INFO - 4. luo: r=0.8065
2025-08-24 11:44:35,208 - INFO - 5. sna: r=0.8032
2025-08-24 11:44:35,208 - INFO - Layer 12 (mbert) — Worst 5
2025-08-24 11:44:35,208 - INFO - 1. yor: r=0.6455
2025-08-24 11:44:35,208 - INFO - 2. bbj: r=0.6471
2025-08-24 11:44:35,208 - INFO - 3. fon: r=0.6791
2025-08-24 11:44:35,208 - INFO - 4. pcm: r=0.6811
2025-08-24 11:44:35,208 - INFO - 5. ewe: r=0.6967
2025-08-24 11:44:35,209 - INFO - Experiment finished successfully.
