2025-08-03 05:23:10,552 - INFO - Experiment started with model_type=xlmr, use_cls=True, use_context=False, context_window=3, use_hybrid=False, max_tokens_per_type=400, output_dir=rq2_train_scripts/Embeddings/MEXA_inspired_strategy/outputs/mptc/xlmr/config_1_clstrue_ctxfalse_hybfalse/tokens_400_ctx3
2025-08-03 05:23:11,983 - INFO - Processing run
2025-08-03 05:23:14,004 - INFO - Processing bam
2025-08-03 05:23:17,117 - INFO - Processing bbj
2025-08-03 05:23:20,488 - INFO - Processing ewe
2025-08-03 05:23:23,826 - INFO - Processing fon
2025-08-03 05:23:27,206 - INFO - Processing hau
2025-08-03 05:23:30,567 - INFO - Processing ibo
2025-08-03 05:23:33,959 - INFO - Processing kin
2025-08-03 05:23:37,337 - INFO - Processing lug
2025-08-03 05:23:40,686 - INFO - Processing luo
2025-08-03 05:23:44,035 - INFO - Processing mos
2025-08-03 05:23:47,384 - INFO - Processing nya
2025-08-03 05:23:50,758 - INFO - Processing pcm
2025-08-03 05:23:54,070 - INFO - Processing sna
2025-08-03 05:23:57,432 - INFO - Processing swa
2025-08-03 05:24:00,754 - INFO - Processing tsn
2025-08-03 05:24:04,060 - INFO - Processing twi
2025-08-03 05:24:07,415 - INFO - Processing wol
2025-08-03 05:24:10,808 - INFO - Processing xho
2025-08-03 05:24:14,167 - INFO - Processing yor
2025-08-03 05:24:17,567 - INFO - Processing zul
2025-08-03 05:24:21,405 - INFO - Top 5 languages most similar to Runyankore:
2025-08-03 05:24:21,406 - INFO - 1. lug - Mean Similarity: 0.9999
2025-08-03 05:24:21,406 - INFO - 2. luo - Mean Similarity: 0.9999
2025-08-03 05:24:21,406 - INFO - 3. kin - Mean Similarity: 0.9999
2025-08-03 05:24:21,406 - INFO - 4. twi - Mean Similarity: 0.9999
2025-08-03 05:24:21,406 - INFO - 5. nya - Mean Similarity: 0.9999
2025-08-03 05:24:21,406 - INFO - Experiment finished successfully.
