2025-08-03 05:27:26,065 - INFO - Experiment started with model_type=xlmr, use_cls=False, use_context=True, context_window=0, use_hybrid=False, max_tokens_per_type=400, output_dir=rq2_train_scripts/Embeddings/MEXA_inspired_strategy/outputs/mptc/xlmr/config_2_clsfalse_ctxtrue_hybfalse/tokens_400_ctx0
2025-08-03 05:27:27,516 - INFO - Processing run
2025-08-03 05:27:29,519 - INFO - Processing bam
2025-08-03 05:27:32,627 - INFO - Processing bbj
2025-08-03 05:27:35,977 - INFO - Processing ewe
2025-08-03 05:27:39,312 - INFO - Processing fon
2025-08-03 05:27:42,680 - INFO - Processing hau
2025-08-03 05:27:46,019 - INFO - Processing ibo
2025-08-03 05:27:49,417 - INFO - Processing kin
2025-08-03 05:27:52,783 - INFO - Processing lug
2025-08-03 05:27:56,104 - INFO - Processing luo
2025-08-03 05:27:59,462 - INFO - Processing mos
2025-08-03 05:28:02,825 - INFO - Processing nya
2025-08-03 05:28:06,169 - INFO - Processing pcm
2025-08-03 05:28:09,502 - INFO - Processing sna
2025-08-03 05:28:12,882 - INFO - Processing swa
2025-08-03 05:28:16,216 - INFO - Processing tsn
2025-08-03 05:28:19,547 - INFO - Processing twi
2025-08-03 05:28:22,902 - INFO - Processing wol
2025-08-03 05:28:26,273 - INFO - Processing xho
2025-08-03 05:28:29,634 - INFO - Processing yor
2025-08-03 05:28:33,057 - INFO - Processing zul
2025-08-03 05:28:36,864 - INFO - Top 5 languages most similar to Runyankore:
2025-08-03 05:28:36,864 - INFO - 1. luo - Mean Similarity: 0.9968
2025-08-03 05:28:36,864 - INFO - 2. twi - Mean Similarity: 0.9968
2025-08-03 05:28:36,864 - INFO - 3. kin - Mean Similarity: 0.9967
2025-08-03 05:28:36,864 - INFO - 4. lug - Mean Similarity: 0.9967
2025-08-03 05:28:36,864 - INFO - 5. ewe - Mean Similarity: 0.9966
2025-08-03 05:28:36,864 - INFO - Experiment finished successfully.
