2025-12-15 10:14:12,730 - INFO - Start: model_type=xlmr, use_cls=True, use_context=True, context_window=0, max_tokens_per_type=400, batch_size=64, output_dir=rq2_train_scripts/Embeddings/CLEAN/outputs/combined/xlmr/config_3_clstrue_ctxtrue/tokens_400_ctx0/core, save_prototypes=False, seed=42, fp16=True, max_length=96, langs=all, layers=all, span_mode=bio, pool=mean, entity_tags={'DATE', 'LOC', 'PER', 'ORG'}, title_suffix='L=all, tokens=400, ctx=0, cls=true, fp16=true'
2025-12-15 10:14:14,588 - INFO - Processing run
2025-12-15 10:14:14,982 - INFO - Processing bam
2025-12-15 10:14:15,032 - INFO - Processing bbj
2025-12-15 10:14:15,075 - INFO - Processing ewe
2025-12-15 10:14:15,117 - INFO - Processing fon
2025-12-15 10:14:15,190 - INFO - Processing hau
2025-12-15 10:14:15,248 - INFO - Processing ibo
2025-12-15 10:14:15,331 - INFO - Processing kin
2025-12-15 10:14:15,396 - INFO - Processing lug
2025-12-15 10:14:15,449 - INFO - Processing luo
2025-12-15 10:14:15,506 - INFO - Processing mos
2025-12-15 10:14:15,572 - INFO - Processing nya
2025-12-15 10:14:15,634 - INFO - Processing pcm
2025-12-15 10:14:15,696 - INFO - Processing sna
2025-12-15 10:14:15,760 - INFO - Processing swa
2025-12-15 10:14:15,830 - INFO - Processing tsn
2025-12-15 10:14:15,879 - INFO - Processing twi
2025-12-15 10:14:15,934 - INFO - Processing wol
2025-12-15 10:14:16,002 - INFO - Processing xho
2025-12-15 10:14:16,043 - INFO - Processing yor
2025-12-15 10:14:16,132 - INFO - Processing zul
2025-12-15 10:14:16,579 - INFO - === Layer 1 (xlmr) — Top 5 (cosine) ===
2025-12-15 10:14:16,579 - INFO - 1. kin: cos=0.9999
2025-12-15 10:14:16,579 - INFO - 2. luo: cos=0.9999
2025-12-15 10:14:16,579 - INFO - 3. twi: cos=0.9999
2025-12-15 10:14:16,579 - INFO - 4. nya: cos=0.9998
2025-12-15 10:14:16,580 - INFO - 5. ewe: cos=0.9998
2025-12-15 10:14:16,580 - INFO - === Layer 1 (xlmr) — Worst 5 (cosine) ===
2025-12-15 10:14:16,580 - INFO - 1. hau: cos=0.9994
2025-12-15 10:14:16,580 - INFO - 2. pcm: cos=0.9995
2025-12-15 10:14:16,580 - INFO - 3. fon: cos=0.9995
2025-12-15 10:14:16,580 - INFO - 4. bam: cos=0.9995
2025-12-15 10:14:16,580 - INFO - 5. bbj: cos=0.9996
2025-12-15 10:14:16,699 - INFO - === Layer 2 (xlmr) — Top 5 (cosine) ===
2025-12-15 10:14:16,699 - INFO - 1. kin: cos=1.0000
2025-12-15 10:14:16,699 - INFO - 2. luo: cos=1.0000
2025-12-15 10:14:16,699 - INFO - 3. twi: cos=1.0000
2025-12-15 10:14:16,699 - INFO - 4. ewe: cos=1.0000
2025-12-15 10:14:16,699 - INFO - 5. nya: cos=1.0000
2025-12-15 10:14:16,699 - INFO - === Layer 2 (xlmr) — Worst 5 (cosine) ===
2025-12-15 10:14:16,699 - INFO - 1. pcm: cos=0.9999
2025-12-15 10:14:16,699 - INFO - 2. hau: cos=0.9999
2025-12-15 10:14:16,699 - INFO - 3. bam: cos=0.9999
2025-12-15 10:14:16,699 - INFO - 4. bbj: cos=0.9999
2025-12-15 10:14:16,699 - INFO - 5. swa: cos=0.9999
2025-12-15 10:14:16,817 - INFO - === Layer 3 (xlmr) — Top 5 (cosine) ===
2025-12-15 10:14:16,817 - INFO - 1. kin: cos=1.0000
2025-12-15 10:14:16,817 - INFO - 2. luo: cos=1.0000
2025-12-15 10:14:16,817 - INFO - 3. twi: cos=1.0000
2025-12-15 10:14:16,817 - INFO - 4. hau: cos=1.0000
2025-12-15 10:14:16,817 - INFO - 5. ibo: cos=1.0000
2025-12-15 10:14:16,817 - INFO - === Layer 3 (xlmr) — Worst 5 (cosine) ===
2025-12-15 10:14:16,817 - INFO - 1. swa: cos=1.0000
2025-12-15 10:14:16,817 - INFO - 2. pcm: cos=1.0000
2025-12-15 10:14:16,817 - INFO - 3. sna: cos=1.0000
2025-12-15 10:14:16,817 - INFO - 4. bbj: cos=1.0000
2025-12-15 10:14:16,817 - INFO - 5. fon: cos=1.0000
2025-12-15 10:14:16,935 - INFO - === Layer 4 (xlmr) — Top 5 (cosine) ===
2025-12-15 10:14:16,935 - INFO - 1. kin: cos=1.0000
2025-12-15 10:14:16,935 - INFO - 2. twi: cos=1.0000
2025-12-15 10:14:16,935 - INFO - 3. luo: cos=1.0000
2025-12-15 10:14:16,935 - INFO - 4. lug: cos=1.0000
2025-12-15 10:14:16,935 - INFO - 5. zul: cos=1.0000
2025-12-15 10:14:16,935 - INFO - === Layer 4 (xlmr) — Worst 5 (cosine) ===
2025-12-15 10:14:16,935 - INFO - 1. bam: cos=1.0000
2025-12-15 10:14:16,935 - INFO - 2. yor: cos=1.0000
2025-12-15 10:14:16,935 - INFO - 3. hau: cos=1.0000
2025-12-15 10:14:16,935 - INFO - 4. pcm: cos=1.0000
2025-12-15 10:14:16,935 - INFO - 5. wol: cos=1.0000
2025-12-15 10:14:17,053 - INFO - === Layer 5 (xlmr) — Top 5 (cosine) ===
2025-12-15 10:14:17,053 - INFO - 1. twi: cos=1.0000
2025-12-15 10:14:17,053 - INFO - 2. luo: cos=1.0000
2025-12-15 10:14:17,053 - INFO - 3. kin: cos=1.0000
2025-12-15 10:14:17,053 - INFO - 4. zul: cos=1.0000
2025-12-15 10:14:17,053 - INFO - 5. ewe: cos=1.0000
2025-12-15 10:14:17,053 - INFO - === Layer 5 (xlmr) — Worst 5 (cosine) ===
2025-12-15 10:14:17,053 - INFO - 1. hau: cos=1.0000
2025-12-15 10:14:17,053 - INFO - 2. pcm: cos=1.0000
2025-12-15 10:14:17,053 - INFO - 3. fon: cos=1.0000
2025-12-15 10:14:17,053 - INFO - 4. mos: cos=1.0000
2025-12-15 10:14:17,053 - INFO - 5. wol: cos=1.0000
2025-12-15 10:14:17,171 - INFO - === Layer 6 (xlmr) — Top 5 (cosine) ===
2025-12-15 10:14:17,171 - INFO - 1. twi: cos=1.0000
2025-12-15 10:14:17,171 - INFO - 2. ewe: cos=1.0000
2025-12-15 10:14:17,171 - INFO - 3. luo: cos=1.0000
2025-12-15 10:14:17,171 - INFO - 4. kin: cos=1.0000
2025-12-15 10:14:17,171 - INFO - 5. ibo: cos=1.0000
2025-12-15 10:14:17,171 - INFO - === Layer 6 (xlmr) — Worst 5 (cosine) ===
2025-12-15 10:14:17,171 - INFO - 1. pcm: cos=1.0000
2025-12-15 10:14:17,171 - INFO - 2. hau: cos=1.0000
2025-12-15 10:14:17,171 - INFO - 3. nya: cos=1.0000
2025-12-15 10:14:17,171 - INFO - 4. swa: cos=1.0000
2025-12-15 10:14:17,171 - INFO - 5. wol: cos=1.0000
2025-12-15 10:14:17,288 - INFO - === Layer 7 (xlmr) — Top 5 (cosine) ===
2025-12-15 10:14:17,289 - INFO - 1. twi: cos=1.0000
2025-12-15 10:14:17,289 - INFO - 2. kin: cos=1.0000
2025-12-15 10:14:17,289 - INFO - 3. bbj: cos=1.0000
2025-12-15 10:14:17,289 - INFO - 4. fon: cos=1.0000
2025-12-15 10:14:17,289 - INFO - 5. sna: cos=1.0000
2025-12-15 10:14:17,289 - INFO - === Layer 7 (xlmr) — Worst 5 (cosine) ===
2025-12-15 10:14:17,289 - INFO - 1. hau: cos=1.0000
2025-12-15 10:14:17,289 - INFO - 2. pcm: cos=1.0000
2025-12-15 10:14:17,289 - INFO - 3. zul: cos=1.0000
2025-12-15 10:14:17,289 - INFO - 4. nya: cos=1.0000
2025-12-15 10:14:17,289 - INFO - 5. tsn: cos=1.0000
2025-12-15 10:14:17,469 - INFO - === Layer 8 (xlmr) — Top 5 (cosine) ===
2025-12-15 10:14:17,469 - INFO - 1. kin: cos=1.0000
2025-12-15 10:14:17,469 - INFO - 2. ewe: cos=1.0000
2025-12-15 10:14:17,469 - INFO - 3. lug: cos=1.0000
2025-12-15 10:14:17,469 - INFO - 4. luo: cos=1.0000
2025-12-15 10:14:17,469 - INFO - 5. twi: cos=1.0000
2025-12-15 10:14:17,469 - INFO - === Layer 8 (xlmr) — Worst 5 (cosine) ===
2025-12-15 10:14:17,469 - INFO - 1. pcm: cos=0.9999
2025-12-15 10:14:17,469 - INFO - 2. fon: cos=1.0000
2025-12-15 10:14:17,469 - INFO - 3. hau: cos=1.0000
2025-12-15 10:14:17,469 - INFO - 4. sna: cos=1.0000
2025-12-15 10:14:17,469 - INFO - 5. bbj: cos=1.0000
2025-12-15 10:14:17,586 - INFO - === Layer 9 (xlmr) — Top 5 (cosine) ===
2025-12-15 10:14:17,586 - INFO - 1. kin: cos=1.0000
2025-12-15 10:14:17,586 - INFO - 2. ewe: cos=1.0000
2025-12-15 10:14:17,586 - INFO - 3. twi: cos=1.0000
2025-12-15 10:14:17,586 - INFO - 4. luo: cos=1.0000
2025-12-15 10:14:17,586 - INFO - 5. bam: cos=1.0000
2025-12-15 10:14:17,586 - INFO - === Layer 9 (xlmr) — Worst 5 (cosine) ===
2025-12-15 10:14:17,587 - INFO - 1. pcm: cos=1.0000
2025-12-15 10:14:17,587 - INFO - 2. hau: cos=1.0000
2025-12-15 10:14:17,587 - INFO - 3. sna: cos=1.0000
2025-12-15 10:14:17,587 - INFO - 4. nya: cos=1.0000
2025-12-15 10:14:17,587 - INFO - 5. wol: cos=1.0000
2025-12-15 10:14:17,704 - INFO - === Layer 10 (xlmr) — Top 5 (cosine) ===
2025-12-15 10:14:17,704 - INFO - 1. bam: cos=1.0000
2025-12-15 10:14:17,704 - INFO - 2. luo: cos=1.0000
2025-12-15 10:14:17,704 - INFO - 3. twi: cos=1.0000
2025-12-15 10:14:17,704 - INFO - 4. zul: cos=1.0000
2025-12-15 10:14:17,704 - INFO - 5. ewe: cos=1.0000
2025-12-15 10:14:17,704 - INFO - === Layer 10 (xlmr) — Worst 5 (cosine) ===
2025-12-15 10:14:17,704 - INFO - 1. pcm: cos=1.0000
2025-12-15 10:14:17,704 - INFO - 2. yor: cos=1.0000
2025-12-15 10:14:17,704 - INFO - 3. ibo: cos=1.0000
2025-12-15 10:14:17,704 - INFO - 4. fon: cos=1.0000
2025-12-15 10:14:17,704 - INFO - 5. xho: cos=1.0000
2025-12-15 10:14:17,821 - INFO - === Layer 11 (xlmr) — Top 5 (cosine) ===
2025-12-15 10:14:17,821 - INFO - 1. hau: cos=1.0000
2025-12-15 10:14:17,821 - INFO - 2. pcm: cos=1.0000
2025-12-15 10:14:17,821 - INFO - 3. ibo: cos=1.0000
2025-12-15 10:14:17,821 - INFO - 4. twi: cos=1.0000
2025-12-15 10:14:17,821 - INFO - 5. lug: cos=1.0000
2025-12-15 10:14:17,821 - INFO - === Layer 11 (xlmr) — Worst 5 (cosine) ===
2025-12-15 10:14:17,822 - INFO - 1. luo: cos=0.9999
2025-12-15 10:14:17,822 - INFO - 2. bam: cos=0.9999
2025-12-15 10:14:17,822 - INFO - 3. bbj: cos=0.9999
2025-12-15 10:14:17,822 - INFO - 4. sna: cos=1.0000
2025-12-15 10:14:17,822 - INFO - 5. zul: cos=1.0000
2025-12-15 10:14:17,938 - INFO - === Layer 12 (xlmr) — Top 5 (cosine) ===
2025-12-15 10:14:17,939 - INFO - 1. kin: cos=0.9999
2025-12-15 10:14:17,939 - INFO - 2. nya: cos=0.9999
2025-12-15 10:14:17,939 - INFO - 3. ewe: cos=0.9999
2025-12-15 10:14:17,939 - INFO - 4. wol: cos=0.9999
2025-12-15 10:14:17,939 - INFO - 5. luo: cos=0.9999
2025-12-15 10:14:17,939 - INFO - === Layer 12 (xlmr) — Worst 5 (cosine) ===
2025-12-15 10:14:17,939 - INFO - 1. fon: cos=0.9982
2025-12-15 10:14:17,939 - INFO - 2. hau: cos=0.9987
2025-12-15 10:14:17,939 - INFO - 3. pcm: cos=0.9990
2025-12-15 10:14:17,939 - INFO - 4. twi: cos=0.9995
2025-12-15 10:14:17,939 - INFO - 5. tsn: cos=0.9996
2025-12-15 10:14:17,939 - INFO - Experiment finished successfully.
