2025-08-24 11:54:39,959 - INFO - Start: model_type=mbert, run_both=False, use_cls=True, use_context=True, context_window=2, max_tokens_per_type=300, batch_size=32, seed=1, num_middle_layers=3, output_dir=rq2_train_scripts/Embeddings/EXTENDED/outputs/mptc_extended/mbert/config_7_clstrue_ctxtrue_hybtrue/tokens_300_ctx2
2025-08-24 11:54:40,487 - INFO - mbert: selected layer indices (hidden_states) = [2, 3, 10, 12]
2025-08-24 11:54:41,444 - INFO - Processing run
2025-08-24 11:54:41,900 - INFO - Processing bam
2025-08-24 11:54:42,016 - INFO - Processing bbj
2025-08-24 11:54:42,107 - INFO - Processing ewe
2025-08-24 11:54:42,200 - INFO - Processing fon
2025-08-24 11:54:42,315 - INFO - Processing hau
2025-08-24 11:54:42,430 - INFO - Processing ibo
2025-08-24 11:54:42,573 - INFO - Processing kin
2025-08-24 11:54:42,694 - INFO - Processing lug
2025-08-24 11:54:42,791 - INFO - Processing luo
2025-08-24 11:54:42,885 - INFO - Processing mos
2025-08-24 11:54:42,993 - INFO - Processing nya
2025-08-24 11:54:43,106 - INFO - Processing pcm
2025-08-24 11:54:43,209 - INFO - Processing sna
2025-08-24 11:54:43,332 - INFO - Processing swa
2025-08-24 11:54:43,443 - INFO - Processing tsn
2025-08-24 11:54:43,532 - INFO - Processing twi
2025-08-24 11:54:43,634 - INFO - Processing wol
2025-08-24 11:54:43,740 - INFO - Processing xho
2025-08-24 11:54:43,845 - INFO - Processing yor
2025-08-24 11:54:43,988 - INFO - Processing zul
2025-08-24 11:54:44,329 - INFO - Layer 2 (mbert) — Top 5
2025-08-24 11:54:44,329 - INFO - 1. lug: r=0.9999
2025-08-24 11:54:44,329 - INFO - 2. hau: r=0.9999
2025-08-24 11:54:44,329 - INFO - 3. nya: r=0.9999
2025-08-24 11:54:44,329 - INFO - 4. kin: r=0.9999
2025-08-24 11:54:44,329 - INFO - 5. sna: r=0.9999
2025-08-24 11:54:44,329 - INFO - Layer 2 (mbert) — Worst 5
2025-08-24 11:54:44,329 - INFO - 1. fon: r=0.9998
2025-08-24 11:54:44,329 - INFO - 2. yor: r=0.9998
2025-08-24 11:54:44,329 - INFO - 3. pcm: r=0.9998
2025-08-24 11:54:44,329 - INFO - 4. bbj: r=0.9999
2025-08-24 11:54:44,329 - INFO - 5. wol: r=0.9999
2025-08-24 11:54:44,443 - INFO - Layer 3 (mbert) — Top 5
2025-08-24 11:54:44,443 - INFO - 1. lug: r=1.0000
2025-08-24 11:54:44,443 - INFO - 2. nya: r=1.0000
2025-08-24 11:54:44,443 - INFO - 3. hau: r=1.0000
2025-08-24 11:54:44,443 - INFO - 4. zul: r=1.0000
2025-08-24 11:54:44,443 - INFO - 5. kin: r=1.0000
2025-08-24 11:54:44,443 - INFO - Layer 3 (mbert) — Worst 5
2025-08-24 11:54:44,443 - INFO - 1. pcm: r=0.9999
2025-08-24 11:54:44,443 - INFO - 2. fon: r=0.9999
2025-08-24 11:54:44,443 - INFO - 3. yor: r=0.9999
2025-08-24 11:54:44,443 - INFO - 4. bbj: r=0.9999
2025-08-24 11:54:44,443 - INFO - 5. ewe: r=1.0000
2025-08-24 11:54:44,557 - INFO - Layer 10 (mbert) — Top 5
2025-08-24 11:54:44,557 - INFO - 1. lug: r=0.9835
2025-08-24 11:54:44,557 - INFO - 2. nya: r=0.9820
2025-08-24 11:54:44,557 - INFO - 3. kin: r=0.9804
2025-08-24 11:54:44,557 - INFO - 4. sna: r=0.9795
2025-08-24 11:54:44,557 - INFO - 5. hau: r=0.9764
2025-08-24 11:54:44,557 - INFO - Layer 10 (mbert) — Worst 5
2025-08-24 11:54:44,557 - INFO - 1. fon: r=0.9541
2025-08-24 11:54:44,557 - INFO - 2. pcm: r=0.9547
2025-08-24 11:54:44,557 - INFO - 3. bbj: r=0.9583
2025-08-24 11:54:44,557 - INFO - 4. yor: r=0.9618
2025-08-24 11:54:44,557 - INFO - 5. swa: r=0.9648
2025-08-24 11:54:44,671 - INFO - Layer 12 (mbert) — Top 5
2025-08-24 11:54:44,671 - INFO - 1. nya: r=0.9826
2025-08-24 11:54:44,671 - INFO - 2. kin: r=0.9821
2025-08-24 11:54:44,671 - INFO - 3. lug: r=0.9814
2025-08-24 11:54:44,671 - INFO - 4. sna: r=0.9803
2025-08-24 11:54:44,671 - INFO - 5. xho: r=0.9749
2025-08-24 11:54:44,671 - INFO - Layer 12 (mbert) — Worst 5
2025-08-24 11:54:44,671 - INFO - 1. fon: r=0.9060
2025-08-24 11:54:44,671 - INFO - 2. bbj: r=0.9155
2025-08-24 11:54:44,671 - INFO - 3. pcm: r=0.9378
2025-08-24 11:54:44,671 - INFO - 4. yor: r=0.9511
2025-08-24 11:54:44,671 - INFO - 5. ewe: r=0.9613
2025-08-24 11:54:44,672 - INFO - Experiment finished successfully.
