2025-08-27 17:57:10,772 - INFO - Start: model_type=xlmr, use_cls=True, use_context=True, context_window=1, max_tokens_per_type=200, batch_size=64, output_dir=rq2_train_scripts/Embeddings/CLEAN/outputs/salt/xlmr/config_3_clstrue_ctxtrue/tokens_200_ctx1/core, save_prototypes=False, seed=42, fp16=True, max_length=96, langs=all, layers=all, span_mode=bio, pool=mean, entity_tags={'PER', 'ORG', 'LOC', 'DATE'}, title_suffix='L=all, tokens=200, ctx=1, cls=true, fp16=true'
2025-08-27 17:57:13,323 - INFO - Processing run
2025-08-27 17:57:13,739 - INFO - Processing bam
2025-08-27 17:57:13,785 - INFO - Processing bbj
2025-08-27 17:57:13,816 - INFO - Processing ewe
2025-08-27 17:57:13,849 - INFO - Processing fon
2025-08-27 17:57:13,900 - INFO - Processing hau
2025-08-27 17:57:13,952 - INFO - Processing ibo
2025-08-27 17:57:14,026 - INFO - Processing kin
2025-08-27 17:57:14,082 - INFO - Processing lug
2025-08-27 17:57:14,125 - INFO - Processing luo
2025-08-27 17:57:14,181 - INFO - Processing mos
2025-08-27 17:57:14,238 - INFO - Processing nya
2025-08-27 17:57:14,296 - INFO - Processing pcm
2025-08-27 17:57:14,343 - INFO - Processing sna
2025-08-27 17:57:14,392 - INFO - Processing swa
2025-08-27 17:57:14,446 - INFO - Processing tsn
2025-08-27 17:57:14,485 - INFO - Processing twi
2025-08-27 17:57:14,531 - INFO - Processing wol
2025-08-27 17:57:14,581 - INFO - Processing xho
2025-08-27 17:57:14,627 - INFO - Processing yor
2025-08-27 17:57:14,739 - INFO - Processing zul
2025-08-27 17:57:15,268 - INFO - === Layer 1 (xlmr) — Top 5 (cosine) ===
2025-08-27 17:57:15,268 - INFO - 1. kin: cos=1.0000
2025-08-27 17:57:15,268 - INFO - 2. sna: cos=1.0000
2025-08-27 17:57:15,268 - INFO - 3. nya: cos=1.0000
2025-08-27 17:57:15,268 - INFO - 4. tsn: cos=0.9999
2025-08-27 17:57:15,268 - INFO - 5. lug: cos=0.9999
2025-08-27 17:57:15,268 - INFO - === Layer 1 (xlmr) — Worst 5 (cosine) ===
2025-08-27 17:57:15,268 - INFO - 1. fon: cos=0.9997
2025-08-27 17:57:15,268 - INFO - 2. bam: cos=0.9998
2025-08-27 17:57:15,268 - INFO - 3. hau: cos=0.9998
2025-08-27 17:57:15,268 - INFO - 4. yor: cos=0.9999
2025-08-27 17:57:15,268 - INFO - 5. wol: cos=0.9999
2025-08-27 17:57:15,412 - INFO - === Layer 2 (xlmr) — Top 5 (cosine) ===
2025-08-27 17:57:15,412 - INFO - 1. kin: cos=1.0000
2025-08-27 17:57:15,412 - INFO - 2. nya: cos=1.0000
2025-08-27 17:57:15,412 - INFO - 3. sna: cos=1.0000
2025-08-27 17:57:15,412 - INFO - 4. zul: cos=1.0000
2025-08-27 17:57:15,412 - INFO - 5. luo: cos=1.0000
2025-08-27 17:57:15,412 - INFO - === Layer 2 (xlmr) — Worst 5 (cosine) ===
2025-08-27 17:57:15,412 - INFO - 1. fon: cos=1.0000
2025-08-27 17:57:15,412 - INFO - 2. bam: cos=1.0000
2025-08-27 17:57:15,412 - INFO - 3. swa: cos=1.0000
2025-08-27 17:57:15,412 - INFO - 4. pcm: cos=1.0000
2025-08-27 17:57:15,412 - INFO - 5. hau: cos=1.0000
2025-08-27 17:57:15,540 - INFO - === Layer 3 (xlmr) — Top 5 (cosine) ===
2025-08-27 17:57:15,540 - INFO - 1. sna: cos=1.0000
2025-08-27 17:57:15,540 - INFO - 2. zul: cos=1.0000
2025-08-27 17:57:15,540 - INFO - 3. kin: cos=1.0000
2025-08-27 17:57:15,540 - INFO - 4. lug: cos=1.0000
2025-08-27 17:57:15,540 - INFO - 5. twi: cos=1.0000
2025-08-27 17:57:15,540 - INFO - === Layer 3 (xlmr) — Worst 5 (cosine) ===
2025-08-27 17:57:15,540 - INFO - 1. pcm: cos=1.0000
2025-08-27 17:57:15,540 - INFO - 2. swa: cos=1.0000
2025-08-27 17:57:15,540 - INFO - 3. ewe: cos=1.0000
2025-08-27 17:57:15,540 - INFO - 4. nya: cos=1.0000
2025-08-27 17:57:15,540 - INFO - 5. luo: cos=1.0000
2025-08-27 17:57:15,667 - INFO - === Layer 4 (xlmr) — Top 5 (cosine) ===
2025-08-27 17:57:15,667 - INFO - 1. lug: cos=1.0000
2025-08-27 17:57:15,667 - INFO - 2. sna: cos=1.0000
2025-08-27 17:57:15,667 - INFO - 3. zul: cos=1.0000
2025-08-27 17:57:15,667 - INFO - 4. yor: cos=1.0000
2025-08-27 17:57:15,667 - INFO - 5. mos: cos=1.0000
2025-08-27 17:57:15,667 - INFO - === Layer 4 (xlmr) — Worst 5 (cosine) ===
2025-08-27 17:57:15,667 - INFO - 1. swa: cos=1.0000
2025-08-27 17:57:15,667 - INFO - 2. pcm: cos=1.0000
2025-08-27 17:57:15,667 - INFO - 3. ewe: cos=1.0000
2025-08-27 17:57:15,667 - INFO - 4. hau: cos=1.0000
2025-08-27 17:57:15,667 - INFO - 5. wol: cos=1.0000
2025-08-27 17:57:15,790 - INFO - === Layer 5 (xlmr) — Top 5 (cosine) ===
2025-08-27 17:57:15,791 - INFO - 1. sna: cos=1.0000
2025-08-27 17:57:15,791 - INFO - 2. mos: cos=1.0000
2025-08-27 17:57:15,791 - INFO - 3. lug: cos=1.0000
2025-08-27 17:57:15,791 - INFO - 4. twi: cos=1.0000
2025-08-27 17:57:15,791 - INFO - 5. wol: cos=1.0000
2025-08-27 17:57:15,791 - INFO - === Layer 5 (xlmr) — Worst 5 (cosine) ===
2025-08-27 17:57:15,791 - INFO - 1. swa: cos=1.0000
2025-08-27 17:57:15,791 - INFO - 2. fon: cos=1.0000
2025-08-27 17:57:15,791 - INFO - 3. zul: cos=1.0000
2025-08-27 17:57:15,791 - INFO - 4. xho: cos=1.0000
2025-08-27 17:57:15,791 - INFO - 5. hau: cos=1.0000
2025-08-27 17:57:15,918 - INFO - === Layer 6 (xlmr) — Top 5 (cosine) ===
2025-08-27 17:57:15,918 - INFO - 1. sna: cos=1.0000
2025-08-27 17:57:15,918 - INFO - 2. mos: cos=1.0000
2025-08-27 17:57:15,918 - INFO - 3. yor: cos=1.0000
2025-08-27 17:57:15,918 - INFO - 4. twi: cos=1.0000
2025-08-27 17:57:15,918 - INFO - 5. wol: cos=1.0000
2025-08-27 17:57:15,918 - INFO - === Layer 6 (xlmr) — Worst 5 (cosine) ===
2025-08-27 17:57:15,918 - INFO - 1. swa: cos=1.0000
2025-08-27 17:57:15,918 - INFO - 2. zul: cos=1.0000
2025-08-27 17:57:15,918 - INFO - 3. bam: cos=1.0000
2025-08-27 17:57:15,918 - INFO - 4. fon: cos=1.0000
2025-08-27 17:57:15,918 - INFO - 5. kin: cos=1.0000
2025-08-27 17:57:16,044 - INFO - === Layer 7 (xlmr) — Top 5 (cosine) ===
2025-08-27 17:57:16,044 - INFO - 1. lug: cos=1.0000
2025-08-27 17:57:16,044 - INFO - 2. sna: cos=1.0000
2025-08-27 17:57:16,044 - INFO - 3. twi: cos=1.0000
2025-08-27 17:57:16,044 - INFO - 4. mos: cos=1.0000
2025-08-27 17:57:16,044 - INFO - 5. pcm: cos=1.0000
2025-08-27 17:57:16,044 - INFO - === Layer 7 (xlmr) — Worst 5 (cosine) ===
2025-08-27 17:57:16,044 - INFO - 1. luo: cos=1.0000
2025-08-27 17:57:16,044 - INFO - 2. wol: cos=1.0000
2025-08-27 17:57:16,044 - INFO - 3. ewe: cos=1.0000
2025-08-27 17:57:16,044 - INFO - 4. kin: cos=1.0000
2025-08-27 17:57:16,044 - INFO - 5. ibo: cos=1.0000
2025-08-27 17:57:16,236 - INFO - === Layer 8 (xlmr) — Top 5 (cosine) ===
2025-08-27 17:57:16,237 - INFO - 1. sna: cos=1.0000
2025-08-27 17:57:16,237 - INFO - 2. wol: cos=1.0000
2025-08-27 17:57:16,237 - INFO - 3. nya: cos=1.0000
2025-08-27 17:57:16,237 - INFO - 4. mos: cos=1.0000
2025-08-27 17:57:16,237 - INFO - 5. kin: cos=1.0000
2025-08-27 17:57:16,237 - INFO - === Layer 8 (xlmr) — Worst 5 (cosine) ===
2025-08-27 17:57:16,237 - INFO - 1. hau: cos=0.9999
2025-08-27 17:57:16,237 - INFO - 2. pcm: cos=0.9999
2025-08-27 17:57:16,237 - INFO - 3. zul: cos=0.9999
2025-08-27 17:57:16,237 - INFO - 4. twi: cos=1.0000
2025-08-27 17:57:16,237 - INFO - 5. bam: cos=1.0000
2025-08-27 17:57:16,355 - INFO - === Layer 9 (xlmr) — Top 5 (cosine) ===
2025-08-27 17:57:16,355 - INFO - 1. sna: cos=1.0000
2025-08-27 17:57:16,355 - INFO - 2. mos: cos=1.0000
2025-08-27 17:57:16,355 - INFO - 3. xho: cos=1.0000
2025-08-27 17:57:16,355 - INFO - 4. swa: cos=1.0000
2025-08-27 17:57:16,355 - INFO - 5. yor: cos=1.0000
2025-08-27 17:57:16,355 - INFO - === Layer 9 (xlmr) — Worst 5 (cosine) ===
2025-08-27 17:57:16,355 - INFO - 1. zul: cos=1.0000
2025-08-27 17:57:16,355 - INFO - 2. hau: cos=1.0000
2025-08-27 17:57:16,355 - INFO - 3. pcm: cos=1.0000
2025-08-27 17:57:16,355 - INFO - 4. luo: cos=1.0000
2025-08-27 17:57:16,355 - INFO - 5. kin: cos=1.0000
2025-08-27 17:57:16,475 - INFO - === Layer 10 (xlmr) — Top 5 (cosine) ===
2025-08-27 17:57:16,475 - INFO - 1. sna: cos=1.0000
2025-08-27 17:57:16,475 - INFO - 2. yor: cos=1.0000
2025-08-27 17:57:16,475 - INFO - 3. mos: cos=1.0000
2025-08-27 17:57:16,475 - INFO - 4. ibo: cos=1.0000
2025-08-27 17:57:16,475 - INFO - 5. luo: cos=1.0000
2025-08-27 17:57:16,475 - INFO - === Layer 10 (xlmr) — Worst 5 (cosine) ===
2025-08-27 17:57:16,475 - INFO - 1. bam: cos=1.0000
2025-08-27 17:57:16,475 - INFO - 2. kin: cos=1.0000
2025-08-27 17:57:16,475 - INFO - 3. hau: cos=1.0000
2025-08-27 17:57:16,475 - INFO - 4. tsn: cos=1.0000
2025-08-27 17:57:16,475 - INFO - 5. bbj: cos=1.0000
2025-08-27 17:57:16,605 - INFO - === Layer 11 (xlmr) — Top 5 (cosine) ===
2025-08-27 17:57:16,605 - INFO - 1. lug: cos=1.0000
2025-08-27 17:57:16,605 - INFO - 2. twi: cos=1.0000
2025-08-27 17:57:16,605 - INFO - 3. hau: cos=1.0000
2025-08-27 17:57:16,605 - INFO - 4. kin: cos=1.0000
2025-08-27 17:57:16,605 - INFO - 5. fon: cos=1.0000
2025-08-27 17:57:16,605 - INFO - === Layer 11 (xlmr) — Worst 5 (cosine) ===
2025-08-27 17:57:16,605 - INFO - 1. swa: cos=0.9999
2025-08-27 17:57:16,605 - INFO - 2. bam: cos=0.9999
2025-08-27 17:57:16,605 - INFO - 3. yor: cos=0.9999
2025-08-27 17:57:16,605 - INFO - 4. pcm: cos=0.9999
2025-08-27 17:57:16,605 - INFO - 5. luo: cos=1.0000
2025-08-27 17:57:16,751 - INFO - === Layer 12 (xlmr) — Top 5 (cosine) ===
2025-08-27 17:57:16,751 - INFO - 1. ibo: cos=0.9995
2025-08-27 17:57:16,751 - INFO - 2. pcm: cos=0.9995
2025-08-27 17:57:16,751 - INFO - 3. hau: cos=0.9993
2025-08-27 17:57:16,751 - INFO - 4. sna: cos=0.9990
2025-08-27 17:57:16,751 - INFO - 5. mos: cos=0.9989
2025-08-27 17:57:16,751 - INFO - === Layer 12 (xlmr) — Worst 5 (cosine) ===
2025-08-27 17:57:16,751 - INFO - 1. fon: cos=0.9783
2025-08-27 17:57:16,751 - INFO - 2. zul: cos=0.9819
2025-08-27 17:57:16,751 - INFO - 3. xho: cos=0.9925
2025-08-27 17:57:16,751 - INFO - 4. bam: cos=0.9932
2025-08-27 17:57:16,751 - INFO - 5. kin: cos=0.9963
2025-08-27 17:57:16,752 - INFO - Experiment finished successfully.
