2025-08-02 14:30:22,165 - INFO - Experiment started with model_type=xlmr, use_cls=False, use_context=False, context_window=3, use_hybrid=False, max_tokens_per_type=500, output_dir=rq2_train_scripts/Embeddings/MEXA_inspired_strategy/outputs/salt/xlmr/config_0_clsfalse_ctxfalse_hybfalse/tokens_500_ctx3
2025-08-02 14:30:23,945 - INFO - Processing run
2025-08-02 14:30:36,744 - INFO - Processing bam
2025-08-02 14:30:49,198 - INFO - Processing bbj
2025-08-02 14:31:03,025 - INFO - Processing ewe
2025-08-02 14:31:16,992 - INFO - Processing fon
2025-08-02 14:31:30,750 - INFO - Processing hau
2025-08-02 14:31:44,448 - INFO - Processing ibo
2025-08-02 14:31:58,506 - INFO - Processing kin
2025-08-02 14:32:12,590 - INFO - Processing lug
2025-08-02 14:32:26,308 - INFO - Processing luo
2025-08-02 14:32:40,084 - INFO - Processing mos
2025-08-02 14:32:53,623 - INFO - Processing nya
2025-08-02 14:33:08,432 - INFO - Processing pcm
2025-08-02 14:33:22,371 - INFO - Processing sna
2025-08-02 14:33:36,034 - INFO - Processing swa
2025-08-02 14:33:50,125 - INFO - Processing tsn
2025-08-02 14:34:04,876 - INFO - Processing twi
2025-08-02 14:34:18,460 - INFO - Processing wol
2025-08-02 14:34:33,490 - INFO - Processing xho
2025-08-02 14:34:47,532 - INFO - Processing yor
2025-08-02 14:35:02,166 - INFO - Processing zul
2025-08-02 14:35:16,950 - INFO - Top 5 languages most similar to Runyankore:
2025-08-02 14:35:16,950 - INFO - 1. lug - Mean Similarity: 0.9996
2025-08-02 14:35:16,950 - INFO - 2. kin - Mean Similarity: 0.9994
2025-08-02 14:35:16,950 - INFO - 3. luo - Mean Similarity: 0.9994
2025-08-02 14:35:16,950 - INFO - 4. twi - Mean Similarity: 0.9993
2025-08-02 14:35:16,950 - INFO - 5. ibo - Mean Similarity: 0.9993
2025-08-02 14:35:16,950 - INFO - Experiment finished successfully.
