2025-08-27 07:48:40,743 - INFO - Start: model_type=xlmr, use_cls=True, use_context=True, context_window=0, max_tokens_per_type=500, batch_size=64, output_dir=rq2_train_scripts/Embeddings/CLEAN/outputs/combined/xlmr/config_3_clstrue_ctxtrue/tokens_500_ctx0, save_prototypes=False, seed=42, fp16=True, max_length=96, langs=all, layers=all, span_mode=bio, pool=mean, entity_tags={'ORG', 'LOC', 'PER', 'DATE'}, title_suffix='L=all, tokens=500, ctx=0, cls=true, fp16=true'
2025-08-27 07:48:42,659 - INFO - Processing run
2025-08-27 07:48:43,080 - INFO - Processing bam
2025-08-27 07:48:43,139 - INFO - Processing bbj
2025-08-27 07:48:43,186 - INFO - Processing ewe
2025-08-27 07:48:43,237 - INFO - Processing fon
2025-08-27 07:48:43,301 - INFO - Processing hau
2025-08-27 07:48:43,365 - INFO - Processing ibo
2025-08-27 07:48:43,458 - INFO - Processing kin
2025-08-27 07:48:43,546 - INFO - Processing lug
2025-08-27 07:48:43,626 - INFO - Processing luo
2025-08-27 07:48:43,697 - INFO - Processing mos
2025-08-27 07:48:43,762 - INFO - Processing nya
2025-08-27 07:48:43,830 - INFO - Processing pcm
2025-08-27 07:48:43,886 - INFO - Processing sna
2025-08-27 07:48:43,942 - INFO - Processing swa
2025-08-27 07:48:44,012 - INFO - Processing tsn
2025-08-27 07:48:44,066 - INFO - Processing twi
2025-08-27 07:48:44,129 - INFO - Processing wol
2025-08-27 07:48:44,191 - INFO - Processing xho
2025-08-27 07:48:44,242 - INFO - Processing yor
2025-08-27 07:48:44,329 - INFO - Processing zul
2025-08-27 07:48:44,836 - INFO - === Layer 1 (xlmr) — Top 5 (cosine) ===
2025-08-27 07:48:44,836 - INFO - 1. kin: cos=0.9999
2025-08-27 07:48:44,836 - INFO - 2. twi: cos=0.9999
2025-08-27 07:48:44,836 - INFO - 3. luo: cos=0.9999
2025-08-27 07:48:44,836 - INFO - 4. ibo: cos=0.9999
2025-08-27 07:48:44,836 - INFO - 5. nya: cos=0.9998
2025-08-27 07:48:44,836 - INFO - === Layer 1 (xlmr) — Worst 5 (cosine) ===
2025-08-27 07:48:44,836 - INFO - 1. hau: cos=0.9995
2025-08-27 07:48:44,836 - INFO - 2. bam: cos=0.9995
2025-08-27 07:48:44,836 - INFO - 3. xho: cos=0.9995
2025-08-27 07:48:44,836 - INFO - 4. fon: cos=0.9995
2025-08-27 07:48:44,836 - INFO - 5. pcm: cos=0.9995
2025-08-27 07:48:44,974 - INFO - === Layer 2 (xlmr) — Top 5 (cosine) ===
2025-08-27 07:48:44,974 - INFO - 1. kin: cos=1.0000
2025-08-27 07:48:44,974 - INFO - 2. luo: cos=1.0000
2025-08-27 07:48:44,974 - INFO - 3. twi: cos=1.0000
2025-08-27 07:48:44,974 - INFO - 4. ibo: cos=1.0000
2025-08-27 07:48:44,974 - INFO - 5. nya: cos=1.0000
2025-08-27 07:48:44,974 - INFO - === Layer 2 (xlmr) — Worst 5 (cosine) ===
2025-08-27 07:48:44,974 - INFO - 1. pcm: cos=0.9999
2025-08-27 07:48:44,974 - INFO - 2. bam: cos=0.9999
2025-08-27 07:48:44,974 - INFO - 3. bbj: cos=0.9999
2025-08-27 07:48:44,974 - INFO - 4. hau: cos=0.9999
2025-08-27 07:48:44,974 - INFO - 5. xho: cos=0.9999
2025-08-27 07:48:45,128 - INFO - === Layer 3 (xlmr) — Top 5 (cosine) ===
2025-08-27 07:48:45,128 - INFO - 1. luo: cos=1.0000
2025-08-27 07:48:45,128 - INFO - 2. kin: cos=1.0000
2025-08-27 07:48:45,128 - INFO - 3. twi: cos=1.0000
2025-08-27 07:48:45,128 - INFO - 4. hau: cos=1.0000
2025-08-27 07:48:45,128 - INFO - 5. zul: cos=1.0000
2025-08-27 07:48:45,128 - INFO - === Layer 3 (xlmr) — Worst 5 (cosine) ===
2025-08-27 07:48:45,128 - INFO - 1. pcm: cos=1.0000
2025-08-27 07:48:45,128 - INFO - 2. swa: cos=1.0000
2025-08-27 07:48:45,128 - INFO - 3. bbj: cos=1.0000
2025-08-27 07:48:45,128 - INFO - 4. nya: cos=1.0000
2025-08-27 07:48:45,128 - INFO - 5. fon: cos=1.0000
2025-08-27 07:48:45,259 - INFO - === Layer 4 (xlmr) — Top 5 (cosine) ===
2025-08-27 07:48:45,259 - INFO - 1. kin: cos=1.0000
2025-08-27 07:48:45,259 - INFO - 2. twi: cos=1.0000
2025-08-27 07:48:45,259 - INFO - 3. luo: cos=1.0000
2025-08-27 07:48:45,259 - INFO - 4. sna: cos=1.0000
2025-08-27 07:48:45,259 - INFO - 5. zul: cos=1.0000
2025-08-27 07:48:45,259 - INFO - === Layer 4 (xlmr) — Worst 5 (cosine) ===
2025-08-27 07:48:45,259 - INFO - 1. yor: cos=1.0000
2025-08-27 07:48:45,259 - INFO - 2. hau: cos=1.0000
2025-08-27 07:48:45,259 - INFO - 3. bam: cos=1.0000
2025-08-27 07:48:45,259 - INFO - 4. pcm: cos=1.0000
2025-08-27 07:48:45,259 - INFO - 5. wol: cos=1.0000
2025-08-27 07:48:45,389 - INFO - === Layer 5 (xlmr) — Top 5 (cosine) ===
2025-08-27 07:48:45,389 - INFO - 1. twi: cos=1.0000
2025-08-27 07:48:45,389 - INFO - 2. kin: cos=1.0000
2025-08-27 07:48:45,389 - INFO - 3. luo: cos=1.0000
2025-08-27 07:48:45,389 - INFO - 4. zul: cos=1.0000
2025-08-27 07:48:45,389 - INFO - 5. ibo: cos=1.0000
2025-08-27 07:48:45,389 - INFO - === Layer 5 (xlmr) — Worst 5 (cosine) ===
2025-08-27 07:48:45,389 - INFO - 1. hau: cos=1.0000
2025-08-27 07:48:45,389 - INFO - 2. pcm: cos=1.0000
2025-08-27 07:48:45,389 - INFO - 3. fon: cos=1.0000
2025-08-27 07:48:45,389 - INFO - 4. nya: cos=1.0000
2025-08-27 07:48:45,389 - INFO - 5. lug: cos=1.0000
2025-08-27 07:48:45,517 - INFO - === Layer 6 (xlmr) — Top 5 (cosine) ===
2025-08-27 07:48:45,517 - INFO - 1. twi: cos=1.0000
2025-08-27 07:48:45,517 - INFO - 2. kin: cos=1.0000
2025-08-27 07:48:45,517 - INFO - 3. luo: cos=1.0000
2025-08-27 07:48:45,518 - INFO - 4. ibo: cos=1.0000
2025-08-27 07:48:45,518 - INFO - 5. ewe: cos=1.0000
2025-08-27 07:48:45,518 - INFO - === Layer 6 (xlmr) — Worst 5 (cosine) ===
2025-08-27 07:48:45,518 - INFO - 1. pcm: cos=1.0000
2025-08-27 07:48:45,518 - INFO - 2. hau: cos=1.0000
2025-08-27 07:48:45,518 - INFO - 3. fon: cos=1.0000
2025-08-27 07:48:45,518 - INFO - 4. nya: cos=1.0000
2025-08-27 07:48:45,518 - INFO - 5. mos: cos=1.0000
2025-08-27 07:48:45,649 - INFO - === Layer 7 (xlmr) — Top 5 (cosine) ===
2025-08-27 07:48:45,649 - INFO - 1. kin: cos=1.0000
2025-08-27 07:48:45,649 - INFO - 2. fon: cos=1.0000
2025-08-27 07:48:45,649 - INFO - 3. sna: cos=1.0000
2025-08-27 07:48:45,649 - INFO - 4. ewe: cos=1.0000
2025-08-27 07:48:45,649 - INFO - 5. bbj: cos=1.0000
2025-08-27 07:48:45,649 - INFO - === Layer 7 (xlmr) — Worst 5 (cosine) ===
2025-08-27 07:48:45,649 - INFO - 1. hau: cos=1.0000
2025-08-27 07:48:45,649 - INFO - 2. tsn: cos=1.0000
2025-08-27 07:48:45,649 - INFO - 3. nya: cos=1.0000
2025-08-27 07:48:45,649 - INFO - 4. zul: cos=1.0000
2025-08-27 07:48:45,649 - INFO - 5. mos: cos=1.0000
2025-08-27 07:48:45,777 - INFO - === Layer 8 (xlmr) — Top 5 (cosine) ===
2025-08-27 07:48:45,777 - INFO - 1. kin: cos=1.0000
2025-08-27 07:48:45,777 - INFO - 2. lug: cos=1.0000
2025-08-27 07:48:45,777 - INFO - 3. xho: cos=1.0000
2025-08-27 07:48:45,777 - INFO - 4. tsn: cos=1.0000
2025-08-27 07:48:45,777 - INFO - 5. nya: cos=1.0000
2025-08-27 07:48:45,777 - INFO - === Layer 8 (xlmr) — Worst 5 (cosine) ===
2025-08-27 07:48:45,777 - INFO - 1. ewe: cos=0.9999
2025-08-27 07:48:45,777 - INFO - 2. bbj: cos=1.0000
2025-08-27 07:48:45,777 - INFO - 3. swa: cos=1.0000
2025-08-27 07:48:45,777 - INFO - 4. pcm: cos=1.0000
2025-08-27 07:48:45,777 - INFO - 5. fon: cos=1.0000
2025-08-27 07:48:45,982 - INFO - === Layer 9 (xlmr) — Top 5 (cosine) ===
2025-08-27 07:48:45,982 - INFO - 1. kin: cos=1.0000
2025-08-27 07:48:45,982 - INFO - 2. sna: cos=1.0000
2025-08-27 07:48:45,982 - INFO - 3. bam: cos=1.0000
2025-08-27 07:48:45,982 - INFO - 4. twi: cos=1.0000
2025-08-27 07:48:45,982 - INFO - 5. lug: cos=1.0000
2025-08-27 07:48:45,982 - INFO - === Layer 9 (xlmr) — Worst 5 (cosine) ===
2025-08-27 07:48:45,983 - INFO - 1. pcm: cos=1.0000
2025-08-27 07:48:45,983 - INFO - 2. hau: cos=1.0000
2025-08-27 07:48:45,983 - INFO - 3. ewe: cos=1.0000
2025-08-27 07:48:45,983 - INFO - 4. swa: cos=1.0000
2025-08-27 07:48:45,983 - INFO - 5. nya: cos=1.0000
2025-08-27 07:48:46,109 - INFO - === Layer 10 (xlmr) — Top 5 (cosine) ===
2025-08-27 07:48:46,109 - INFO - 1. kin: cos=1.0000
2025-08-27 07:48:46,109 - INFO - 2. luo: cos=1.0000
2025-08-27 07:48:46,109 - INFO - 3. zul: cos=1.0000
2025-08-27 07:48:46,109 - INFO - 4. twi: cos=1.0000
2025-08-27 07:48:46,109 - INFO - 5. bam: cos=1.0000
2025-08-27 07:48:46,109 - INFO - === Layer 10 (xlmr) — Worst 5 (cosine) ===
2025-08-27 07:48:46,109 - INFO - 1. pcm: cos=1.0000
2025-08-27 07:48:46,109 - INFO - 2. fon: cos=1.0000
2025-08-27 07:48:46,109 - INFO - 3. xho: cos=1.0000
2025-08-27 07:48:46,109 - INFO - 4. mos: cos=1.0000
2025-08-27 07:48:46,109 - INFO - 5. hau: cos=1.0000
2025-08-27 07:48:46,230 - INFO - === Layer 11 (xlmr) — Top 5 (cosine) ===
2025-08-27 07:48:46,230 - INFO - 1. ibo: cos=1.0000
2025-08-27 07:48:46,230 - INFO - 2. kin: cos=1.0000
2025-08-27 07:48:46,230 - INFO - 3. ewe: cos=1.0000
2025-08-27 07:48:46,230 - INFO - 4. hau: cos=1.0000
2025-08-27 07:48:46,230 - INFO - 5. twi: cos=1.0000
2025-08-27 07:48:46,230 - INFO - === Layer 11 (xlmr) — Worst 5 (cosine) ===
2025-08-27 07:48:46,230 - INFO - 1. bam: cos=0.9999
2025-08-27 07:48:46,230 - INFO - 2. bbj: cos=0.9999
2025-08-27 07:48:46,230 - INFO - 3. sna: cos=1.0000
2025-08-27 07:48:46,230 - INFO - 4. yor: cos=1.0000
2025-08-27 07:48:46,230 - INFO - 5. zul: cos=1.0000
2025-08-27 07:48:46,353 - INFO - === Layer 12 (xlmr) — Top 5 (cosine) ===
2025-08-27 07:48:46,353 - INFO - 1. kin: cos=0.9999
2025-08-27 07:48:46,353 - INFO - 2. luo: cos=0.9999
2025-08-27 07:48:46,353 - INFO - 3. nya: cos=0.9999
2025-08-27 07:48:46,353 - INFO - 4. lug: cos=0.9999
2025-08-27 07:48:46,353 - INFO - 5. wol: cos=0.9999
2025-08-27 07:48:46,353 - INFO - === Layer 12 (xlmr) — Worst 5 (cosine) ===
2025-08-27 07:48:46,353 - INFO - 1. pcm: cos=0.9981
2025-08-27 07:48:46,353 - INFO - 2. fon: cos=0.9990
2025-08-27 07:48:46,353 - INFO - 3. hau: cos=0.9991
2025-08-27 07:48:46,353 - INFO - 4. tsn: cos=0.9997
2025-08-27 07:48:46,353 - INFO - 5. xho: cos=0.9997
2025-08-27 07:48:46,354 - INFO - Experiment finished successfully.
