2025-08-02 20:31:43,077 - INFO - Experiment started with model_type=xlmr, use_cls=True, use_context=True, context_window=1, use_hybrid=True, max_tokens_per_type=400, output_dir=rq2_train_scripts/Embeddings/MEXA_inspired_strategy/outputs/salt/xlmr/config_7_clstrue_ctxtrue_hybtrue/tokens_400_ctx1
2025-08-02 20:31:44,880 - INFO - Processing run
2025-08-02 20:31:56,718 - INFO - Processing bam
2025-08-02 20:32:06,705 - INFO - Processing bbj
2025-08-02 20:32:18,399 - INFO - Processing ewe
2025-08-02 20:32:30,485 - INFO - Processing fon
2025-08-02 20:32:41,413 - INFO - Processing hau
2025-08-02 20:32:53,235 - INFO - Processing ibo
2025-08-02 20:33:04,160 - INFO - Processing kin
2025-08-02 20:33:15,903 - INFO - Processing lug
2025-08-02 20:33:27,676 - INFO - Processing luo
2025-08-02 20:33:38,628 - INFO - Processing mos
2025-08-02 20:33:50,317 - INFO - Processing nya
2025-08-02 20:34:01,186 - INFO - Processing pcm
2025-08-02 20:34:12,559 - INFO - Processing sna
2025-08-02 20:34:23,594 - INFO - Processing swa
2025-08-02 20:34:35,133 - INFO - Processing tsn
2025-08-02 20:34:46,773 - INFO - Processing twi
2025-08-02 20:34:58,105 - INFO - Processing wol
2025-08-02 20:35:10,072 - INFO - Processing xho
2025-08-02 20:35:21,081 - INFO - Processing yor
2025-08-02 20:35:32,881 - INFO - Processing zul
2025-08-02 20:35:44,345 - INFO - Top 5 languages most similar to Runyankore:
2025-08-02 20:35:44,346 - INFO - 1. lug - Mean Similarity: 0.8522
2025-08-02 20:35:44,346 - INFO - 2. swa - Mean Similarity: 0.8428
2025-08-02 20:35:44,346 - INFO - 3. kin - Mean Similarity: 0.8332
2025-08-02 20:35:44,346 - INFO - 4. hau - Mean Similarity: 0.8321
2025-08-02 20:35:44,346 - INFO - 5. sna - Mean Similarity: 0.8303
2025-08-02 20:35:44,346 - INFO - Experiment finished successfully.
