2025-08-03 08:15:17,793 - INFO - Experiment started with model_type=mbert, use_cls=True, use_context=True, context_window=2, use_hybrid=False, max_tokens_per_type=400, output_dir=rq2_train_scripts/Embeddings/MEXA_inspired_strategy/outputs/mptc/mbert/config_4_clstrue_ctxtrue_hybfalse/tokens_400_ctx2
2025-08-03 08:15:18,822 - INFO - Processing run
2025-08-03 08:15:20,514 - INFO - Processing bam
2025-08-03 08:15:23,133 - INFO - Processing bbj
2025-08-03 08:15:25,971 - INFO - Processing ewe
2025-08-03 08:15:28,796 - INFO - Processing fon
2025-08-03 08:15:31,677 - INFO - Processing hau
2025-08-03 08:15:34,536 - INFO - Processing ibo
2025-08-03 08:15:37,449 - INFO - Processing kin
2025-08-03 08:15:40,297 - INFO - Processing lug
2025-08-03 08:15:43,141 - INFO - Processing luo
2025-08-03 08:15:45,989 - INFO - Processing mos
2025-08-03 08:15:48,842 - INFO - Processing nya
2025-08-03 08:15:51,712 - INFO - Processing pcm
2025-08-03 08:15:54,571 - INFO - Processing sna
2025-08-03 08:15:57,441 - INFO - Processing swa
2025-08-03 08:16:00,274 - INFO - Processing tsn
2025-08-03 08:16:03,089 - INFO - Processing twi
2025-08-03 08:16:05,902 - INFO - Processing wol
2025-08-03 08:16:08,726 - INFO - Processing xho
2025-08-03 08:16:11,550 - INFO - Processing yor
2025-08-03 08:16:14,442 - INFO - Processing zul
2025-08-03 08:16:17,723 - INFO - Top 5 languages most similar to Runyankore:
2025-08-03 08:16:17,723 - INFO - 1. lug - Mean Similarity: 0.9857
2025-08-03 08:16:17,723 - INFO - 2. kin - Mean Similarity: 0.9835
2025-08-03 08:16:17,723 - INFO - 3. nya - Mean Similarity: 0.9832
2025-08-03 08:16:17,724 - INFO - 4. sna - Mean Similarity: 0.9826
2025-08-03 08:16:17,724 - INFO - 5. xho - Mean Similarity: 0.9776
2025-08-03 08:16:17,724 - INFO - Experiment finished successfully.
