2025-08-02 22:18:13,879 - INFO - Experiment started with model_type=mbert, use_cls=False, use_context=True, context_window=2, use_hybrid=False, max_tokens_per_type=200, output_dir=rq2_train_scripts/Embeddings/MEXA_inspired_strategy/outputs/combined/mbert/config_2_clsfalse_ctxtrue_hybfalse/tokens_200_ctx2
2025-08-02 22:18:15,072 - INFO - Processing run
2025-08-02 22:18:16,973 - INFO - Processing bam
2025-08-02 22:18:18,523 - INFO - Processing bbj
2025-08-02 22:18:20,055 - INFO - Processing ewe
2025-08-02 22:18:21,587 - INFO - Processing fon
2025-08-02 22:18:23,149 - INFO - Processing hau
2025-08-02 22:18:24,713 - INFO - Processing ibo
2025-08-02 22:18:26,302 - INFO - Processing kin
2025-08-02 22:18:27,875 - INFO - Processing lug
2025-08-02 22:18:29,413 - INFO - Processing luo
2025-08-02 22:18:30,976 - INFO - Processing mos
2025-08-02 22:18:32,532 - INFO - Processing nya
2025-08-02 22:18:34,100 - INFO - Processing pcm
2025-08-02 22:18:35,650 - INFO - Processing sna
2025-08-02 22:18:37,197 - INFO - Processing swa
2025-08-02 22:18:38,751 - INFO - Processing tsn
2025-08-02 22:18:40,281 - INFO - Processing twi
2025-08-02 22:18:41,820 - INFO - Processing wol
2025-08-02 22:18:43,358 - INFO - Processing xho
2025-08-02 22:18:44,889 - INFO - Processing yor
2025-08-02 22:18:46,459 - INFO - Processing zul
2025-08-02 22:18:48,456 - INFO - Top 5 languages most similar to Runyankore:
2025-08-02 22:18:48,456 - INFO - 1. lug - Mean Similarity: 0.9626
2025-08-02 22:18:48,457 - INFO - 2. kin - Mean Similarity: 0.9386
2025-08-02 22:18:48,457 - INFO - 3. nya - Mean Similarity: 0.9156
2025-08-02 22:18:48,457 - INFO - 4. xho - Mean Similarity: 0.9140
2025-08-02 22:18:48,457 - INFO - 5. sna - Mean Similarity: 0.9093
2025-08-02 22:18:48,457 - INFO - Experiment finished successfully.
