2025-08-24 11:36:34,472 - INFO - Start: model_type=mbert, run_both=False, use_cls=True, use_context=False, context_window=1, max_tokens_per_type=500, batch_size=32, seed=1, num_middle_layers=3, output_dir=rq2_train_scripts/Embeddings/EXTENDED/outputs/salt_extended/mbert/config_1_clstrue_ctxfalse_hybfalse/tokens_500_ctx1
2025-08-24 11:36:34,994 - INFO - mbert: selected layer indices (hidden_states) = [2, 3, 10, 12]
2025-08-24 11:36:36,177 - INFO - Processing run
2025-08-24 11:36:36,927 - INFO - Processing bam
2025-08-24 11:36:37,329 - INFO - Processing bbj
2025-08-24 11:36:37,662 - INFO - Processing ewe
2025-08-24 11:36:38,005 - INFO - Processing fon
2025-08-24 11:36:38,314 - INFO - Processing hau
2025-08-24 11:36:38,682 - INFO - Processing ibo
2025-08-24 11:36:39,091 - INFO - Processing kin
2025-08-24 11:36:39,340 - INFO - Processing lug
2025-08-24 11:36:39,535 - INFO - Processing luo
2025-08-24 11:36:39,774 - INFO - Processing mos
2025-08-24 11:36:40,018 - INFO - Processing nya
2025-08-24 11:36:40,229 - INFO - Processing pcm
2025-08-24 11:36:40,647 - INFO - Processing sna
2025-08-24 11:36:41,295 - INFO - Processing swa
2025-08-24 11:36:41,962 - INFO - Processing tsn
2025-08-24 11:36:42,551 - INFO - Processing twi
2025-08-24 11:36:43,251 - INFO - Processing wol
2025-08-24 11:36:44,119 - INFO - Processing xho
2025-08-24 11:36:44,847 - INFO - Processing yor
2025-08-24 11:36:45,560 - INFO - Processing zul
2025-08-24 11:36:46,531 - INFO - Layer 2 (xlmr) — Top 5
2025-08-24 11:36:46,531 - INFO - 1. twi: r=0.9764
2025-08-24 11:36:46,531 - INFO - 2. kin: r=0.9762
2025-08-24 11:36:46,531 - INFO - 3. lug: r=0.9740
2025-08-24 11:36:46,531 - INFO - 4. ibo: r=0.9733
2025-08-24 11:36:46,531 - INFO - 5. sna: r=0.9729
2025-08-24 11:36:46,531 - INFO - Layer 2 (xlmr) — Worst 5
2025-08-24 11:36:46,531 - INFO - 1. hau: r=0.9436
2025-08-24 11:36:46,531 - INFO - 2. pcm: r=0.9452
2025-08-24 11:36:46,532 - INFO - 3. bbj: r=0.9509
2025-08-24 11:36:46,532 - INFO - 4. fon: r=0.9510
2025-08-24 11:36:46,532 - INFO - 5. yor: r=0.9514
2025-08-24 11:36:46,653 - INFO - Layer 3 (xlmr) — Top 5
2025-08-24 11:36:46,653 - INFO - 1. kin: r=0.9836
2025-08-24 11:36:46,653 - INFO - 2. twi: r=0.9831
2025-08-24 11:36:46,653 - INFO - 3. lug: r=0.9819
2025-08-24 11:36:46,653 - INFO - 4. ibo: r=0.9814
2025-08-24 11:36:46,653 - INFO - 5. sna: r=0.9810
2025-08-24 11:36:46,653 - INFO - Layer 3 (xlmr) — Worst 5
2025-08-24 11:36:46,653 - INFO - 1. hau: r=0.9600
2025-08-24 11:36:46,653 - INFO - 2. pcm: r=0.9613
2025-08-24 11:36:46,653 - INFO - 3. bbj: r=0.9664
2025-08-24 11:36:46,653 - INFO - 4. fon: r=0.9672
2025-08-24 11:36:46,653 - INFO - 5. swa: r=0.9679
2025-08-24 11:36:46,773 - INFO - Layer 10 (xlmr) — Top 5
2025-08-24 11:36:46,773 - INFO - 1. kin: r=0.9887
2025-08-24 11:36:46,773 - INFO - 2. lug: r=0.9871
2025-08-24 11:36:46,773 - INFO - 3. sna: r=0.9866
2025-08-24 11:36:46,773 - INFO - 4. nya: r=0.9864
2025-08-24 11:36:46,773 - INFO - 5. luo: r=0.9863
2025-08-24 11:36:46,773 - INFO - Layer 10 (xlmr) — Worst 5
2025-08-24 11:36:46,773 - INFO - 1. bbj: r=0.9633
2025-08-24 11:36:46,773 - INFO - 2. hau: r=0.9641
2025-08-24 11:36:46,773 - INFO - 3. pcm: r=0.9684
2025-08-24 11:36:46,773 - INFO - 4. fon: r=0.9692
2025-08-24 11:36:46,773 - INFO - 5. yor: r=0.9692
2025-08-24 11:36:46,888 - INFO - Layer 12 (xlmr) — Top 5
2025-08-24 11:36:46,888 - INFO - 1. kin: r=0.9992
2025-08-24 11:36:46,888 - INFO - 2. nya: r=0.9991
2025-08-24 11:36:46,888 - INFO - 3. luo: r=0.9991
2025-08-24 11:36:46,888 - INFO - 4. sna: r=0.9991
2025-08-24 11:36:46,888 - INFO - 5. lug: r=0.9989
2025-08-24 11:36:46,888 - INFO - Layer 12 (xlmr) — Worst 5
2025-08-24 11:36:46,888 - INFO - 1. bbj: r=0.9963
2025-08-24 11:36:46,888 - INFO - 2. fon: r=0.9967
2025-08-24 11:36:46,888 - INFO - 3. hau: r=0.9968
2025-08-24 11:36:46,888 - INFO - 4. yor: r=0.9972
2025-08-24 11:36:46,888 - INFO - 5. swa: r=0.9977
2025-08-24 11:36:46,889 - INFO - Experiment finished successfully.
sfully.
