2025-08-24 10:15:59,312 - INFO - Start: model_type=xlmr, run_both=False, use_cls=True, use_context=False, context_window=1, max_tokens_per_type=400, batch_size=32, seed=1, num_middle_layers=3, output_dir=rq2_train_scripts/Embeddings/EXTENDED/outputs/salt_extended/xlmr/config_1_clstrue_ctxfalse_hybfalse/tokens_400_ctx1
2025-08-24 10:15:59,862 - INFO - xlmr: selected layer indices (hidden_states) = [2, 3, 10, 12]
2025-08-24 10:16:01,529 - INFO - Processing run
2025-08-24 10:16:02,122 - INFO - Processing bam
2025-08-24 10:16:02,376 - INFO - Processing bbj
2025-08-24 10:16:02,611 - INFO - Processing ewe
2025-08-24 10:16:02,855 - INFO - Processing fon
2025-08-24 10:16:03,117 - INFO - Processing hau
2025-08-24 10:16:03,371 - INFO - Processing ibo
2025-08-24 10:16:03,647 - INFO - Processing kin
2025-08-24 10:16:03,904 - INFO - Processing lug
2025-08-24 10:16:04,139 - INFO - Processing luo
2025-08-24 10:16:04,386 - INFO - Processing mos
2025-08-24 10:16:04,611 - INFO - Processing nya
2025-08-24 10:16:04,864 - INFO - Processing pcm
2025-08-24 10:16:05,087 - INFO - Processing sna
2025-08-24 10:16:05,343 - INFO - Processing swa
2025-08-24 10:16:05,579 - INFO - Processing tsn
2025-08-24 10:16:05,818 - INFO - Processing twi
2025-08-24 10:16:06,048 - INFO - Processing wol
2025-08-24 10:16:06,293 - INFO - Processing xho
2025-08-24 10:16:06,537 - INFO - Processing yor
2025-08-24 10:16:06,796 - INFO - Processing zul
2025-08-24 10:16:07,353 - INFO - Layer 2 (xlmr) — Top 5
2025-08-24 10:16:07,353 - INFO - 1. kin: r=1.0000
2025-08-24 10:16:07,353 - INFO - 2. luo: r=1.0000
2025-08-24 10:16:07,353 - INFO - 3. twi: r=1.0000
2025-08-24 10:16:07,353 - INFO - 4. tsn: r=1.0000
2025-08-24 10:16:07,353 - INFO - 5. swa: r=1.0000
2025-08-24 10:16:07,353 - INFO - Layer 2 (xlmr) — Worst 5
2025-08-24 10:16:07,353 - INFO - 1. bam: r=0.9999
2025-08-24 10:16:07,353 - INFO - 2. fon: r=0.9999
2025-08-24 10:16:07,353 - INFO - 3. bbj: r=0.9999
2025-08-24 10:16:07,353 - INFO - 4. mos: r=1.0000
2025-08-24 10:16:07,353 - INFO - 5. yor: r=1.0000
2025-08-24 10:16:07,469 - INFO - Layer 3 (xlmr) — Top 5
2025-08-24 10:16:07,469 - INFO - 1. kin: r=1.0000
2025-08-24 10:16:07,469 - INFO - 2. twi: r=1.0000
2025-08-24 10:16:07,470 - INFO - 3. tsn: r=1.0000
2025-08-24 10:16:07,470 - INFO - 4. ewe: r=1.0000
2025-08-24 10:16:07,470 - INFO - 5. luo: r=1.0000
2025-08-24 10:16:07,470 - INFO - Layer 3 (xlmr) — Worst 5
2025-08-24 10:16:07,470 - INFO - 1. bbj: r=1.0000
2025-08-24 10:16:07,470 - INFO - 2. fon: r=1.0000
2025-08-24 10:16:07,470 - INFO - 3. bam: r=1.0000
2025-08-24 10:16:07,470 - INFO - 4. yor: r=1.0000
2025-08-24 10:16:07,470 - INFO - 5. mos: r=1.0000
2025-08-24 10:16:07,585 - INFO - Layer 10 (xlmr) — Top 5
2025-08-24 10:16:07,586 - INFO - 1. swa: r=1.0000
2025-08-24 10:16:07,586 - INFO - 2. kin: r=1.0000
2025-08-24 10:16:07,586 - INFO - 3. luo: r=1.0000
2025-08-24 10:16:07,586 - INFO - 4. tsn: r=1.0000
2025-08-24 10:16:07,586 - INFO - 5. twi: r=1.0000
2025-08-24 10:16:07,586 - INFO - Layer 10 (xlmr) — Worst 5
2025-08-24 10:16:07,586 - INFO - 1. fon: r=1.0000
2025-08-24 10:16:07,586 - INFO - 2. hau: r=1.0000
2025-08-24 10:16:07,586 - INFO - 3. pcm: r=1.0000
2025-08-24 10:16:07,586 - INFO - 4. ibo: r=1.0000
2025-08-24 10:16:07,586 - INFO - 5. xho: r=1.0000
2025-08-24 10:16:07,701 - INFO - Layer 12 (xlmr) — Top 5
2025-08-24 10:16:07,701 - INFO - 1. lug: r=0.9999
2025-08-24 10:16:07,701 - INFO - 2. twi: r=0.9999
2025-08-24 10:16:07,701 - INFO - 3. nya: r=0.9999
2025-08-24 10:16:07,701 - INFO - 4. mos: r=0.9999
2025-08-24 10:16:07,701 - INFO - 5. kin: r=0.9999
2025-08-24 10:16:07,701 - INFO - Layer 12 (xlmr) — Worst 5
2025-08-24 10:16:07,701 - INFO - 1. hau: r=0.9969
2025-08-24 10:16:07,701 - INFO - 2. fon: r=0.9994
2025-08-24 10:16:07,701 - INFO - 3. pcm: r=0.9995
2025-08-24 10:16:07,701 - INFO - 4. ibo: r=0.9996
2025-08-24 10:16:07,701 - INFO - 5. yor: r=0.9997
2025-08-24 10:16:07,702 - INFO - Experiment finished successfully.
