2025-08-24 11:42:33,170 - INFO - Start: model_type=mbert, run_both=False, use_cls=False, use_context=False, context_window=3, max_tokens_per_type=400, batch_size=32, seed=1, num_middle_layers=3, output_dir=rq2_train_scripts/Embeddings/EXTENDED/outputs/salt_extended/mbert/config_3_clsfalse_ctxfalse_hybtrue/tokens_400_ctx3
2025-08-24 11:42:33,702 - INFO - mbert: selected layer indices (hidden_states) = [2, 3, 10, 12]
2025-08-24 11:42:34,704 - INFO - Processing run
2025-08-24 11:42:35,291 - INFO - Processing bam
2025-08-24 11:42:35,551 - INFO - Processing bbj
2025-08-24 11:42:35,765 - INFO - Processing ewe
2025-08-24 11:42:35,980 - INFO - Processing fon
2025-08-24 11:42:36,246 - INFO - Processing hau
2025-08-24 11:42:36,448 - INFO - Processing ibo
2025-08-24 11:42:36,702 - INFO - Processing kin
2025-08-24 11:42:36,839 - INFO - Processing lug
2025-08-24 11:42:36,957 - INFO - Processing luo
2025-08-24 11:42:37,104 - INFO - Processing mos
2025-08-24 11:42:37,231 - INFO - Processing nya
2025-08-24 11:42:37,374 - INFO - Processing pcm
2025-08-24 11:42:37,510 - INFO - Processing sna
2025-08-24 11:42:37,680 - INFO - Processing swa
2025-08-24 11:42:37,858 - INFO - Processing tsn
2025-08-24 11:42:37,987 - INFO - Processing twi
2025-08-24 11:42:38,116 - INFO - Processing wol
2025-08-24 11:42:38,243 - INFO - Processing xho
2025-08-24 11:42:38,364 - INFO - Processing yor
2025-08-24 11:42:38,512 - INFO - Processing zul
2025-08-24 11:42:38,894 - INFO - Layer 2 (mbert) — Top 5
2025-08-24 11:42:38,895 - INFO - 1. twi: r=0.9369
2025-08-24 11:42:38,895 - INFO - 2. lug: r=0.9364
2025-08-24 11:42:38,895 - INFO - 3. kin: r=0.9360
2025-08-24 11:42:38,895 - INFO - 4. luo: r=0.9343
2025-08-24 11:42:38,895 - INFO - 5. swa: r=0.9317
2025-08-24 11:42:38,895 - INFO - Layer 2 (mbert) — Worst 5
2025-08-24 11:42:38,895 - INFO - 1. bbj: r=0.7751
2025-08-24 11:42:38,895 - INFO - 2. yor: r=0.7916
2025-08-24 11:42:38,895 - INFO - 3. fon: r=0.8497
2025-08-24 11:42:38,895 - INFO - 4. bam: r=0.8635
2025-08-24 11:42:38,895 - INFO - 5. mos: r=0.8721
2025-08-24 11:42:39,014 - INFO - Layer 3 (mbert) — Top 5
2025-08-24 11:42:39,014 - INFO - 1. kin: r=0.9576
2025-08-24 11:42:39,014 - INFO - 2. lug: r=0.9553
2025-08-24 11:42:39,014 - INFO - 3. twi: r=0.9552
2025-08-24 11:42:39,014 - INFO - 4. swa: r=0.9536
2025-08-24 11:42:39,014 - INFO - 5. luo: r=0.9534
2025-08-24 11:42:39,014 - INFO - Layer 3 (mbert) — Worst 5
2025-08-24 11:42:39,014 - INFO - 1. bbj: r=0.8492
2025-08-24 11:42:39,014 - INFO - 2. yor: r=0.8610
2025-08-24 11:42:39,014 - INFO - 3. fon: r=0.8984
2025-08-24 11:42:39,014 - INFO - 4. bam: r=0.9119
2025-08-24 11:42:39,014 - INFO - 5. mos: r=0.9151
2025-08-24 11:42:39,134 - INFO - Layer 10 (mbert) — Top 5
2025-08-24 11:42:39,134 - INFO - 1. kin: r=0.9857
2025-08-24 11:42:39,134 - INFO - 2. twi: r=0.9854
2025-08-24 11:42:39,134 - INFO - 3. swa: r=0.9848
2025-08-24 11:42:39,134 - INFO - 4. luo: r=0.9842
2025-08-24 11:42:39,134 - INFO - 5. lug: r=0.9841
2025-08-24 11:42:39,134 - INFO - Layer 10 (mbert) — Worst 5
2025-08-24 11:42:39,134 - INFO - 1. bbj: r=0.9498
2025-08-24 11:42:39,134 - INFO - 2. yor: r=0.9508
2025-08-24 11:42:39,134 - INFO - 3. mos: r=0.9655
2025-08-24 11:42:39,134 - INFO - 4. fon: r=0.9669
2025-08-24 11:42:39,134 - INFO - 5. xho: r=0.9688
2025-08-24 11:42:39,271 - INFO - Layer 12 (mbert) — Top 5
2025-08-24 11:42:39,271 - INFO - 1. kin: r=0.9415
2025-08-24 11:42:39,271 - INFO - 2. lug: r=0.9401
2025-08-24 11:42:39,271 - INFO - 3. luo: r=0.9376
2025-08-24 11:42:39,271 - INFO - 4. twi: r=0.9373
2025-08-24 11:42:39,271 - INFO - 5. swa: r=0.9335
2025-08-24 11:42:39,271 - INFO - Layer 12 (mbert) — Worst 5
2025-08-24 11:42:39,271 - INFO - 1. yor: r=0.8118
2025-08-24 11:42:39,271 - INFO - 2. bbj: r=0.8192
2025-08-24 11:42:39,271 - INFO - 3. mos: r=0.8774
2025-08-24 11:42:39,271 - INFO - 4. fon: r=0.8800
2025-08-24 11:42:39,271 - INFO - 5. pcm: r=0.8836
2025-08-24 11:42:39,272 - INFO - Experiment finished successfully.
