2025-08-24 09:51:55,753 - INFO - Start: model_type=xlmr, run_both=False, use_cls=False, use_context=False, context_window=0, max_tokens_per_type=500, batch_size=32, seed=1, num_middle_layers=3, output_dir=rq2_train_scripts/Embeddings/EXTENDED/outputs/salt_extended/xlmr/config_0_clsfalse_ctxfalse_hybfalse/tokens_500_ctx0
2025-08-24 09:51:56,280 - INFO - xlmr: selected layer indices (hidden_states) = [2, 3, 10, 12]
2025-08-24 09:51:57,926 - INFO - Processing run
2025-08-24 09:52:04,618 - INFO - Processing bam
2025-08-24 09:52:11,115 - INFO - Processing bbj
2025-08-24 09:52:17,437 - INFO - Processing ewe
2025-08-24 09:52:24,428 - INFO - Processing fon
2025-08-24 09:52:31,039 - INFO - Processing hau
2025-08-24 09:52:37,380 - INFO - Processing ibo
2025-08-24 09:52:43,607 - INFO - Processing kin
2025-08-24 09:52:50,107 - INFO - Processing lug
2025-08-24 09:52:56,513 - INFO - Processing luo
2025-08-24 09:53:02,922 - INFO - Processing mos
2025-08-24 09:53:09,214 - INFO - Processing nya
2025-08-24 09:53:15,526 - INFO - Processing pcm
2025-08-24 09:53:22,056 - INFO - Processing sna
2025-08-24 09:53:28,587 - INFO - Processing swa
2025-08-24 09:53:35,075 - INFO - Processing tsn
2025-08-24 09:53:41,687 - INFO - Processing twi
2025-08-24 09:53:48,308 - INFO - Processing wol
2025-08-24 09:53:54,735 - INFO - Processing xho
2025-08-24 09:54:01,342 - INFO - Processing yor
2025-08-24 09:54:07,983 - INFO - Processing zul
2025-08-24 09:54:14,529 - INFO - Layer 2 (xlmr) — Top 5
2025-08-24 09:54:14,530 - INFO - 1. kin: r=0.9904
2025-08-24 09:54:14,530 - INFO - 2. twi: r=0.9901
2025-08-24 09:54:14,530 - INFO - 3. luo: r=0.9901
2025-08-24 09:54:14,530 - INFO - 4. ibo: r=0.9889
2025-08-24 09:54:14,530 - INFO - 5. tsn: r=0.9882
2025-08-24 09:54:14,530 - INFO - Layer 2 (xlmr) — Worst 5
2025-08-24 09:54:14,530 - INFO - 1. hau: r=0.9738
2025-08-24 09:54:14,530 - INFO - 2. fon: r=0.9757
2025-08-24 09:54:14,530 - INFO - 3. bbj: r=0.9769
2025-08-24 09:54:14,530 - INFO - 4. yor: r=0.9784
2025-08-24 09:54:14,530 - INFO - 5. bam: r=0.9790
2025-08-24 09:54:14,640 - INFO - Layer 3 (xlmr) — Top 5
2025-08-24 09:54:14,640 - INFO - 1. kin: r=0.9925
2025-08-24 09:54:14,640 - INFO - 2. twi: r=0.9916
2025-08-24 09:54:14,640 - INFO - 3. luo: r=0.9913
2025-08-24 09:54:14,640 - INFO - 4. ibo: r=0.9911
2025-08-24 09:54:14,640 - INFO - 5. tsn: r=0.9906
2025-08-24 09:54:14,640 - INFO - Layer 3 (xlmr) — Worst 5
2025-08-24 09:54:14,640 - INFO - 1. hau: r=0.9793
2025-08-24 09:54:14,640 - INFO - 2. fon: r=0.9818
2025-08-24 09:54:14,640 - INFO - 3. bbj: r=0.9823
2025-08-24 09:54:14,640 - INFO - 4. bam: r=0.9838
2025-08-24 09:54:14,640 - INFO - 5. pcm: r=0.9840
2025-08-24 09:54:14,751 - INFO - Layer 10 (xlmr) — Top 5
2025-08-24 09:54:14,751 - INFO - 1. twi: r=0.9927
2025-08-24 09:54:14,751 - INFO - 2. kin: r=0.9926
2025-08-24 09:54:14,751 - INFO - 3. lug: r=0.9912
2025-08-24 09:54:14,751 - INFO - 4. ibo: r=0.9911
2025-08-24 09:54:14,751 - INFO - 5. luo: r=0.9906
2025-08-24 09:54:14,751 - INFO - Layer 10 (xlmr) — Worst 5
2025-08-24 09:54:14,751 - INFO - 1. bbj: r=0.9800
2025-08-24 09:54:14,751 - INFO - 2. bam: r=0.9807
2025-08-24 09:54:14,751 - INFO - 3. yor: r=0.9815
2025-08-24 09:54:14,751 - INFO - 4. hau: r=0.9819
2025-08-24 09:54:14,751 - INFO - 5. fon: r=0.9830
2025-08-24 09:54:14,861 - INFO - Layer 12 (xlmr) — Top 5
2025-08-24 09:54:14,861 - INFO - 1. kin: r=0.9994
2025-08-24 09:54:14,861 - INFO - 2. twi: r=0.9994
2025-08-24 09:54:14,861 - INFO - 3. ibo: r=0.9994
2025-08-24 09:54:14,861 - INFO - 4. luo: r=0.9993
2025-08-24 09:54:14,861 - INFO - 5. lug: r=0.9993
2025-08-24 09:54:14,861 - INFO - Layer 12 (xlmr) — Worst 5
2025-08-24 09:54:14,861 - INFO - 1. yor: r=0.9986
2025-08-24 09:54:14,861 - INFO - 2. bbj: r=0.9987
2025-08-24 09:54:14,861 - INFO - 3. fon: r=0.9987
2025-08-24 09:54:14,861 - INFO - 4. bam: r=0.9988
2025-08-24 09:54:14,861 - INFO - 5. hau: r=0.9989
2025-08-24 09:54:14,862 - INFO - Experiment finished successfully.
