2025-08-02 19:27:10,386 - INFO - Experiment started with model_type=xlmr, use_cls=True, use_context=False, context_window=0, use_hybrid=False, max_tokens_per_type=200, output_dir=rq2_train_scripts/Embeddings/MEXA_inspired_strategy/outputs/combined/xlmr/config_1_clstrue_ctxfalse_hybfalse/tokens_200_ctx0
2025-08-02 19:27:12,102 - INFO - Processing run
2025-08-02 19:27:14,329 - INFO - Processing bam
2025-08-02 19:27:16,141 - INFO - Processing bbj
2025-08-02 19:27:17,940 - INFO - Processing ewe
2025-08-02 19:27:19,726 - INFO - Processing fon
2025-08-02 19:27:21,545 - INFO - Processing hau
2025-08-02 19:27:23,354 - INFO - Processing ibo
2025-08-02 19:27:25,208 - INFO - Processing kin
2025-08-02 19:27:27,024 - INFO - Processing lug
2025-08-02 19:27:28,812 - INFO - Processing luo
2025-08-02 19:27:30,623 - INFO - Processing mos
2025-08-02 19:27:32,442 - INFO - Processing nya
2025-08-02 19:27:34,263 - INFO - Processing pcm
2025-08-02 19:27:36,054 - INFO - Processing sna
2025-08-02 19:27:37,873 - INFO - Processing swa
2025-08-02 19:27:39,676 - INFO - Processing tsn
2025-08-02 19:27:41,472 - INFO - Processing twi
2025-08-02 19:27:43,279 - INFO - Processing wol
2025-08-02 19:27:45,098 - INFO - Processing xho
2025-08-02 19:27:46,902 - INFO - Processing yor
2025-08-02 19:27:48,752 - INFO - Processing zul
2025-08-02 19:27:51,027 - INFO - Top 5 languages most similar to Runyankore:
2025-08-02 19:27:51,027 - INFO - 1. lug - Mean Similarity: 1.0000
2025-08-02 19:27:51,027 - INFO - 2. twi - Mean Similarity: 0.9999
2025-08-02 19:27:51,027 - INFO - 3. nya - Mean Similarity: 0.9999
2025-08-02 19:27:51,027 - INFO - 4. tsn - Mean Similarity: 0.9999
2025-08-02 19:27:51,027 - INFO - 5. luo - Mean Similarity: 0.9999
2025-08-02 19:27:51,027 - INFO - Experiment finished successfully.
