2025-08-27 10:37:17,971 - INFO - Start: model_type=mbert, use_cls=False, use_context=True, context_window=2, max_tokens_per_type=500, batch_size=64, output_dir=rq2_train_scripts/Embeddings/CLEAN/outputs/combined/mbert/config_2_clsfalse_ctxtrue/tokens_500_ctx2/core, save_prototypes=False, seed=42, fp16=True, max_length=96, langs=all, layers=all, span_mode=bio, pool=mean, entity_tags={'PER', 'DATE', 'ORG', 'LOC'}, title_suffix='L=all, tokens=500, ctx=2, cls=false, fp16=true'
2025-08-27 10:37:19,343 - INFO - Processing run
2025-08-27 10:37:19,911 - INFO - Processing bam
2025-08-27 10:37:20,053 - INFO - Processing bbj
2025-08-27 10:37:20,322 - INFO - Processing ewe
2025-08-27 10:37:20,628 - INFO - Processing fon
2025-08-27 10:37:21,061 - INFO - Processing hau
2025-08-27 10:37:21,422 - INFO - Processing ibo
2025-08-27 10:37:21,747 - INFO - Processing kin
2025-08-27 10:37:22,085 - INFO - Processing lug
2025-08-27 10:37:22,419 - INFO - Processing luo
2025-08-27 10:37:22,819 - INFO - Processing mos
2025-08-27 10:37:23,205 - INFO - Processing nya
2025-08-27 10:37:23,625 - INFO - Processing pcm
2025-08-27 10:37:24,028 - INFO - Processing sna
2025-08-27 10:37:24,324 - INFO - Processing swa
2025-08-27 10:37:24,470 - INFO - Processing tsn
2025-08-27 10:37:24,602 - INFO - Processing twi
2025-08-27 10:37:24,744 - INFO - Processing wol
2025-08-27 10:37:24,890 - INFO - Processing xho
2025-08-27 10:37:25,023 - INFO - Processing yor
2025-08-27 10:37:25,203 - INFO - Processing zul
2025-08-27 10:37:25,693 - INFO - === Layer 1 (mbert) — Top 5 (cosine) ===
2025-08-27 10:37:25,693 - INFO - 1. kin: cos=0.8823
2025-08-27 10:37:25,693 - INFO - 2. lug: cos=0.8820
2025-08-27 10:37:25,693 - INFO - 3. ibo: cos=0.8558
2025-08-27 10:37:25,693 - INFO - 4. twi: cos=0.8540
2025-08-27 10:37:25,693 - INFO - 5. luo: cos=0.8512
2025-08-27 10:37:25,693 - INFO - === Layer 1 (mbert) — Worst 5 (cosine) ===
2025-08-27 10:37:25,693 - INFO - 1. yor: cos=0.6477
2025-08-27 10:37:25,693 - INFO - 2. bbj: cos=0.6714
2025-08-27 10:37:25,693 - INFO - 3. mos: cos=0.7262
2025-08-27 10:37:25,693 - INFO - 4. fon: cos=0.7381
2025-08-27 10:37:25,693 - INFO - 5. pcm: cos=0.7497
2025-08-27 10:37:25,820 - INFO - === Layer 2 (mbert) — Top 5 (cosine) ===
2025-08-27 10:37:25,820 - INFO - 1. kin: cos=0.8941
2025-08-27 10:37:25,820 - INFO - 2. lug: cos=0.8801
2025-08-27 10:37:25,820 - INFO - 3. ibo: cos=0.8694
2025-08-27 10:37:25,820 - INFO - 4. nya: cos=0.8694
2025-08-27 10:37:25,820 - INFO - 5. twi: cos=0.8693
2025-08-27 10:37:25,820 - INFO - === Layer 2 (mbert) — Worst 5 (cosine) ===
2025-08-27 10:37:25,820 - INFO - 1. yor: cos=0.6814
2025-08-27 10:37:25,820 - INFO - 2. bbj: cos=0.7034
2025-08-27 10:37:25,820 - INFO - 3. mos: cos=0.7485
2025-08-27 10:37:25,820 - INFO - 4. pcm: cos=0.7566
2025-08-27 10:37:25,820 - INFO - 5. fon: cos=0.7663
2025-08-27 10:37:25,947 - INFO - === Layer 3 (mbert) — Top 5 (cosine) ===
2025-08-27 10:37:25,947 - INFO - 1. kin: cos=0.9377
2025-08-27 10:37:25,947 - INFO - 2. nya: cos=0.9202
2025-08-27 10:37:25,947 - INFO - 3. lug: cos=0.9196
2025-08-27 10:37:25,947 - INFO - 4. twi: cos=0.9188
2025-08-27 10:37:25,947 - INFO - 5. sna: cos=0.9184
2025-08-27 10:37:25,947 - INFO - === Layer 3 (mbert) — Worst 5 (cosine) ===
2025-08-27 10:37:25,947 - INFO - 1. yor: cos=0.8020
2025-08-27 10:37:25,947 - INFO - 2. bbj: cos=0.8132
2025-08-27 10:37:25,947 - INFO - 3. pcm: cos=0.8470
2025-08-27 10:37:25,947 - INFO - 4. mos: cos=0.8472
2025-08-27 10:37:25,947 - INFO - 5. ewe: cos=0.8556
2025-08-27 10:37:26,074 - INFO - === Layer 4 (mbert) — Top 5 (cosine) ===
2025-08-27 10:37:26,074 - INFO - 1. kin: cos=0.9522
2025-08-27 10:37:26,074 - INFO - 2. luo: cos=0.9386
2025-08-27 10:37:26,074 - INFO - 3. twi: cos=0.9380
2025-08-27 10:37:26,074 - INFO - 4. nya: cos=0.9365
2025-08-27 10:37:26,074 - INFO - 5. lug: cos=0.9355
2025-08-27 10:37:26,074 - INFO - === Layer 4 (mbert) — Worst 5 (cosine) ===
2025-08-27 10:37:26,074 - INFO - 1. yor: cos=0.8433
2025-08-27 10:37:26,074 - INFO - 2. bbj: cos=0.8505
2025-08-27 10:37:26,074 - INFO - 3. pcm: cos=0.8770
2025-08-27 10:37:26,074 - INFO - 4. ewe: cos=0.8808
2025-08-27 10:37:26,074 - INFO - 5. mos: cos=0.8813
2025-08-27 10:37:26,202 - INFO - === Layer 5 (mbert) — Top 5 (cosine) ===
2025-08-27 10:37:26,202 - INFO - 1. kin: cos=0.9655
2025-08-27 10:37:26,202 - INFO - 2. luo: cos=0.9572
2025-08-27 10:37:26,202 - INFO - 3. nya: cos=0.9554
2025-08-27 10:37:26,202 - INFO - 4. twi: cos=0.9546
2025-08-27 10:37:26,202 - INFO - 5. lug: cos=0.9524
2025-08-27 10:37:26,202 - INFO - === Layer 5 (mbert) — Worst 5 (cosine) ===
2025-08-27 10:37:26,202 - INFO - 1. yor: cos=0.8874
2025-08-27 10:37:26,202 - INFO - 2. bbj: cos=0.8908
2025-08-27 10:37:26,202 - INFO - 3. pcm: cos=0.9116
2025-08-27 10:37:26,202 - INFO - 4. ewe: cos=0.9132
2025-08-27 10:37:26,202 - INFO - 5. fon: cos=0.9172
2025-08-27 10:37:26,396 - INFO - === Layer 6 (mbert) — Top 5 (cosine) ===
2025-08-27 10:37:26,396 - INFO - 1. kin: cos=0.9729
2025-08-27 10:37:26,396 - INFO - 2. luo: cos=0.9663
2025-08-27 10:37:26,396 - INFO - 3. twi: cos=0.9648
2025-08-27 10:37:26,396 - INFO - 4. nya: cos=0.9645
2025-08-27 10:37:26,396 - INFO - 5. lug: cos=0.9622
2025-08-27 10:37:26,396 - INFO - === Layer 6 (mbert) — Worst 5 (cosine) ===
2025-08-27 10:37:26,396 - INFO - 1. bbj: cos=0.9082
2025-08-27 10:37:26,396 - INFO - 2. yor: cos=0.9109
2025-08-27 10:37:26,396 - INFO - 3. pcm: cos=0.9310
2025-08-27 10:37:26,396 - INFO - 4. fon: cos=0.9325
2025-08-27 10:37:26,396 - INFO - 5. ewe: cos=0.9349
2025-08-27 10:37:26,526 - INFO - === Layer 7 (mbert) — Top 5 (cosine) ===
2025-08-27 10:37:26,526 - INFO - 1. kin: cos=0.9599
2025-08-27 10:37:26,526 - INFO - 2. twi: cos=0.9489
2025-08-27 10:37:26,526 - INFO - 3. lug: cos=0.9488
2025-08-27 10:37:26,526 - INFO - 4. luo: cos=0.9485
2025-08-27 10:37:26,526 - INFO - 5. nya: cos=0.9468
2025-08-27 10:37:26,526 - INFO - === Layer 7 (mbert) — Worst 5 (cosine) ===
2025-08-27 10:37:26,526 - INFO - 1. bbj: cos=0.8752
2025-08-27 10:37:26,526 - INFO - 2. yor: cos=0.8773
2025-08-27 10:37:26,526 - INFO - 3. fon: cos=0.9047
2025-08-27 10:37:26,526 - INFO - 4. pcm: cos=0.9050
2025-08-27 10:37:26,526 - INFO - 5. ewe: cos=0.9087
2025-08-27 10:37:26,658 - INFO - === Layer 8 (mbert) — Top 5 (cosine) ===
2025-08-27 10:37:26,658 - INFO - 1. kin: cos=0.9548
2025-08-27 10:37:26,658 - INFO - 2. twi: cos=0.9453
2025-08-27 10:37:26,658 - INFO - 3. lug: cos=0.9446
2025-08-27 10:37:26,658 - INFO - 4. nya: cos=0.9406
2025-08-27 10:37:26,658 - INFO - 5. luo: cos=0.9394
2025-08-27 10:37:26,658 - INFO - === Layer 8 (mbert) — Worst 5 (cosine) ===
2025-08-27 10:37:26,658 - INFO - 1. bbj: cos=0.8625
2025-08-27 10:37:26,658 - INFO - 2. yor: cos=0.8641
2025-08-27 10:37:26,658 - INFO - 3. pcm: cos=0.8899
2025-08-27 10:37:26,658 - INFO - 4. fon: cos=0.8923
2025-08-27 10:37:26,658 - INFO - 5. bam: cos=0.8937
2025-08-27 10:37:26,791 - INFO - === Layer 9 (mbert) — Top 5 (cosine) ===
2025-08-27 10:37:26,791 - INFO - 1. kin: cos=0.9665
2025-08-27 10:37:26,791 - INFO - 2. twi: cos=0.9598
2025-08-27 10:37:26,791 - INFO - 3. luo: cos=0.9558
2025-08-27 10:37:26,791 - INFO - 4. lug: cos=0.9547
2025-08-27 10:37:26,791 - INFO - 5. ibo: cos=0.9525
2025-08-27 10:37:26,791 - INFO - === Layer 9 (mbert) — Worst 5 (cosine) ===
2025-08-27 10:37:26,791 - INFO - 1. bbj: cos=0.9023
2025-08-27 10:37:26,791 - INFO - 2. yor: cos=0.9034
2025-08-27 10:37:26,791 - INFO - 3. ewe: cos=0.9181
2025-08-27 10:37:26,791 - INFO - 4. pcm: cos=0.9196
2025-08-27 10:37:26,791 - INFO - 5. fon: cos=0.9199
2025-08-27 10:37:26,925 - INFO - === Layer 10 (mbert) — Top 5 (cosine) ===
2025-08-27 10:37:26,925 - INFO - 1. kin: cos=0.9744
2025-08-27 10:37:26,925 - INFO - 2. twi: cos=0.9723
2025-08-27 10:37:26,925 - INFO - 3. lug: cos=0.9673
2025-08-27 10:37:26,925 - INFO - 4. luo: cos=0.9671
2025-08-27 10:37:26,925 - INFO - 5. nya: cos=0.9638
2025-08-27 10:37:26,925 - INFO - === Layer 10 (mbert) — Worst 5 (cosine) ===
2025-08-27 10:37:26,925 - INFO - 1. yor: cos=0.9242
2025-08-27 10:37:26,925 - INFO - 2. bbj: cos=0.9281
2025-08-27 10:37:26,925 - INFO - 3. bam: cos=0.9292
2025-08-27 10:37:26,925 - INFO - 4. xho: cos=0.9360
2025-08-27 10:37:26,925 - INFO - 5. fon: cos=0.9414
2025-08-27 10:37:27,074 - INFO - === Layer 11 (mbert) — Top 5 (cosine) ===
2025-08-27 10:37:27,074 - INFO - 1. kin: cos=0.9775
2025-08-27 10:37:27,074 - INFO - 2. twi: cos=0.9765
2025-08-27 10:37:27,074 - INFO - 3. luo: cos=0.9732
2025-08-27 10:37:27,074 - INFO - 4. lug: cos=0.9727
2025-08-27 10:37:27,074 - INFO - 5. nya: cos=0.9724
2025-08-27 10:37:27,074 - INFO - === Layer 11 (mbert) — Worst 5 (cosine) ===
2025-08-27 10:37:27,074 - INFO - 1. yor: cos=0.9296
2025-08-27 10:37:27,074 - INFO - 2. bbj: cos=0.9353
2025-08-27 10:37:27,074 - INFO - 3. bam: cos=0.9378
2025-08-27 10:37:27,074 - INFO - 4. fon: cos=0.9474
2025-08-27 10:37:27,074 - INFO - 5. xho: cos=0.9493
2025-08-27 10:37:27,228 - INFO - === Layer 12 (mbert) — Top 5 (cosine) ===
2025-08-27 10:37:27,228 - INFO - 1. lug: cos=0.8912
2025-08-27 10:37:27,228 - INFO - 2. kin: cos=0.8857
2025-08-27 10:37:27,228 - INFO - 3. twi: cos=0.8718
2025-08-27 10:37:27,228 - INFO - 4. nya: cos=0.8669
2025-08-27 10:37:27,228 - INFO - 5. luo: cos=0.8539
2025-08-27 10:37:27,228 - INFO - === Layer 12 (mbert) — Worst 5 (cosine) ===
2025-08-27 10:37:27,228 - INFO - 1. yor: cos=0.6765
2025-08-27 10:37:27,228 - INFO - 2. bbj: cos=0.7109
2025-08-27 10:37:27,228 - INFO - 3. fon: cos=0.7454
2025-08-27 10:37:27,228 - INFO - 4. bam: cos=0.7774
2025-08-27 10:37:27,228 - INFO - 5. xho: cos=0.7781
2025-08-27 10:37:27,229 - INFO - Experiment finished successfully.
