2025-08-02 22:42:14,592 - INFO - Experiment started with model_type=mbert, use_cls=True, use_context=True, context_window=0, use_hybrid=False, max_tokens_per_type=300, output_dir=rq2_train_scripts/Embeddings/MEXA_inspired_strategy/outputs/combined/mbert/config_4_clstrue_ctxtrue_hybfalse/tokens_300_ctx0
2025-08-02 22:42:15,797 - INFO - Processing run
2025-08-02 22:42:18,341 - INFO - Processing bam
2025-08-02 22:42:20,507 - INFO - Processing bbj
2025-08-02 22:42:22,706 - INFO - Processing ewe
2025-08-02 22:42:24,907 - INFO - Processing fon
2025-08-02 22:42:27,144 - INFO - Processing hau
2025-08-02 22:42:29,393 - INFO - Processing ibo
2025-08-02 22:42:31,672 - INFO - Processing kin
2025-08-02 22:42:33,924 - INFO - Processing lug
2025-08-02 22:42:36,132 - INFO - Processing luo
2025-08-02 22:42:38,342 - INFO - Processing mos
2025-08-02 22:42:40,554 - INFO - Processing nya
2025-08-02 22:42:42,779 - INFO - Processing pcm
2025-08-02 22:42:44,974 - INFO - Processing sna
2025-08-02 22:42:47,194 - INFO - Processing swa
2025-08-02 22:42:49,388 - INFO - Processing tsn
2025-08-02 22:42:51,566 - INFO - Processing twi
2025-08-02 22:42:53,758 - INFO - Processing wol
2025-08-02 22:42:55,975 - INFO - Processing xho
2025-08-02 22:42:58,176 - INFO - Processing yor
2025-08-02 22:43:00,427 - INFO - Processing zul
2025-08-02 22:43:03,101 - INFO - Top 5 languages most similar to Runyankore:
2025-08-02 22:43:03,102 - INFO - 1. lug - Mean Similarity: 0.9816
2025-08-02 22:43:03,102 - INFO - 2. twi - Mean Similarity: 0.9754
2025-08-02 22:43:03,102 - INFO - 3. luo - Mean Similarity: 0.9719
2025-08-02 22:43:03,102 - INFO - 4. swa - Mean Similarity: 0.9710
2025-08-02 22:43:03,102 - INFO - 5. kin - Mean Similarity: 0.9707
2025-08-02 22:43:03,102 - INFO - Experiment finished successfully.
