2025-08-24 11:29:12,377 - INFO - Start: model_type=xlmr, run_both=False, use_cls=False, use_context=True, context_window=1, max_tokens_per_type=400, batch_size=32, seed=1, num_middle_layers=3, output_dir=rq2_train_scripts/Embeddings/EXTENDED/outputs/salt_extended/xlmr/config_6_clsfalse_ctxtrue_hybtrue/tokens_400_ctx1
2025-08-24 11:29:12,937 - INFO - xlmr: selected layer indices (hidden_states) = [2, 3, 10, 12]
2025-08-24 11:29:14,262 - INFO - Processing run
2025-08-24 11:29:15,302 - INFO - Processing bam
2025-08-24 11:29:15,977 - INFO - Processing bbj
2025-08-24 11:29:16,658 - INFO - Processing ewe
2025-08-24 11:29:17,096 - INFO - Processing fon
2025-08-24 11:29:17,490 - INFO - Processing hau
2025-08-24 11:29:17,857 - INFO - Processing ibo
2025-08-24 11:29:18,318 - INFO - Processing kin
2025-08-24 11:29:18,672 - INFO - Processing lug
2025-08-24 11:29:18,939 - INFO - Processing luo
2025-08-24 11:29:19,083 - INFO - Processing mos
2025-08-24 11:29:19,222 - INFO - Processing nya
2025-08-24 11:29:19,373 - INFO - Processing pcm
2025-08-24 11:29:19,552 - INFO - Processing sna
2025-08-24 11:29:19,702 - INFO - Processing swa
2025-08-24 11:29:19,847 - INFO - Processing tsn
2025-08-24 11:29:19,990 - INFO - Processing twi
2025-08-24 11:29:20,177 - INFO - Processing wol
2025-08-24 11:29:20,310 - INFO - Processing xho
2025-08-24 11:29:20,441 - INFO - Processing yor
2025-08-24 11:29:20,644 - INFO - Processing zul
2025-08-24 11:29:21,148 - INFO - Layer 2 (xlmr) — Top 5
2025-08-24 11:29:21,148 - INFO - 1. kin: r=0.9841
2025-08-24 11:29:21,148 - INFO - 2. twi: r=0.9833
2025-08-24 11:29:21,148 - INFO - 3. luo: r=0.9812
2025-08-24 11:29:21,148 - INFO - 4. ibo: r=0.9807
2025-08-24 11:29:21,148 - INFO - 5. sna: r=0.9799
2025-08-24 11:29:21,148 - INFO - Layer 2 (xlmr) — Worst 5
2025-08-24 11:29:21,148 - INFO - 1. fon: r=0.9616
2025-08-24 11:29:21,148 - INFO - 2. bbj: r=0.9644
2025-08-24 11:29:21,148 - INFO - 3. hau: r=0.9645
2025-08-24 11:29:21,148 - INFO - 4. yor: r=0.9650
2025-08-24 11:29:21,148 - INFO - 5. pcm: r=0.9678
2025-08-24 11:29:21,267 - INFO - Layer 3 (xlmr) — Top 5
2025-08-24 11:29:21,267 - INFO - 1. kin: r=0.9886
2025-08-24 11:29:21,267 - INFO - 2. twi: r=0.9881
2025-08-24 11:29:21,267 - INFO - 3. luo: r=0.9862
2025-08-24 11:29:21,267 - INFO - 4. ibo: r=0.9857
2025-08-24 11:29:21,267 - INFO - 5. sna: r=0.9856
2025-08-24 11:29:21,267 - INFO - Layer 3 (xlmr) — Worst 5
2025-08-24 11:29:21,267 - INFO - 1. fon: r=0.9722
2025-08-24 11:29:21,267 - INFO - 2. bbj: r=0.9735
2025-08-24 11:29:21,267 - INFO - 3. hau: r=0.9740
2025-08-24 11:29:21,267 - INFO - 4. pcm: r=0.9752
2025-08-24 11:29:21,267 - INFO - 5. yor: r=0.9760
2025-08-24 11:29:21,385 - INFO - Layer 10 (xlmr) — Top 5
2025-08-24 11:29:21,385 - INFO - 1. kin: r=0.9899
2025-08-24 11:29:21,385 - INFO - 2. twi: r=0.9887
2025-08-24 11:29:21,386 - INFO - 3. nya: r=0.9872
2025-08-24 11:29:21,386 - INFO - 4. sna: r=0.9871
2025-08-24 11:29:21,386 - INFO - 5. luo: r=0.9869
2025-08-24 11:29:21,386 - INFO - Layer 10 (xlmr) — Worst 5
2025-08-24 11:29:21,386 - INFO - 1. bbj: r=0.9694
2025-08-24 11:29:21,386 - INFO - 2. fon: r=0.9717
2025-08-24 11:29:21,386 - INFO - 3. yor: r=0.9748
2025-08-24 11:29:21,386 - INFO - 4. pcm: r=0.9752
2025-08-24 11:29:21,386 - INFO - 5. hau: r=0.9763
2025-08-24 11:29:21,506 - INFO - Layer 12 (xlmr) — Top 5
2025-08-24 11:29:21,506 - INFO - 1. kin: r=0.9992
2025-08-24 11:29:21,506 - INFO - 2. nya: r=0.9991
2025-08-24 11:29:21,506 - INFO - 3. sna: r=0.9991
2025-08-24 11:29:21,506 - INFO - 4. luo: r=0.9991
2025-08-24 11:29:21,506 - INFO - 5. twi: r=0.9990
2025-08-24 11:29:21,506 - INFO - Layer 12 (xlmr) — Worst 5
2025-08-24 11:29:21,506 - INFO - 1. bbj: r=0.9974
2025-08-24 11:29:21,506 - INFO - 2. fon: r=0.9974
2025-08-24 11:29:21,506 - INFO - 3. yor: r=0.9980
2025-08-24 11:29:21,506 - INFO - 4. hau: r=0.9981
2025-08-24 11:29:21,506 - INFO - 5. pcm: r=0.9982
2025-08-24 11:29:21,507 - INFO - Experiment finished successfully.
