2025-08-02 23:33:01,592 - INFO - Experiment started with model_type=mbert, use_cls=True, use_context=True, context_window=1, use_hybrid=True, max_tokens_per_type=300, output_dir=rq2_train_scripts/Embeddings/MEXA_inspired_strategy/outputs/combined/mbert/config_7_clstrue_ctxtrue_hybtrue/tokens_300_ctx1
2025-08-02 23:33:02,795 - INFO - Processing run
2025-08-02 23:33:05,430 - INFO - Processing bam
2025-08-02 23:33:07,663 - INFO - Processing bbj
2025-08-02 23:33:09,926 - INFO - Processing ewe
2025-08-02 23:33:12,186 - INFO - Processing fon
2025-08-02 23:33:14,480 - INFO - Processing hau
2025-08-02 23:33:16,774 - INFO - Processing ibo
2025-08-02 23:33:19,102 - INFO - Processing kin
2025-08-02 23:33:21,401 - INFO - Processing lug
2025-08-02 23:33:23,670 - INFO - Processing luo
2025-08-02 23:33:25,948 - INFO - Processing mos
2025-08-02 23:33:28,207 - INFO - Processing nya
2025-08-02 23:33:30,463 - INFO - Processing pcm
2025-08-02 23:33:32,703 - INFO - Processing sna
2025-08-02 23:33:34,952 - INFO - Processing swa
2025-08-02 23:33:37,198 - INFO - Processing tsn
2025-08-02 23:33:39,424 - INFO - Processing twi
2025-08-02 23:33:41,671 - INFO - Processing wol
2025-08-02 23:33:43,913 - INFO - Processing xho
2025-08-02 23:33:46,143 - INFO - Processing yor
2025-08-02 23:33:48,429 - INFO - Processing zul
2025-08-02 23:33:51,158 - INFO - Top 5 languages most similar to Runyankore:
2025-08-02 23:33:51,159 - INFO - 1. lug - Mean Similarity: 0.7174
2025-08-02 23:33:51,159 - INFO - 2. nya - Mean Similarity: 0.7044
2025-08-02 23:33:51,159 - INFO - 3. kin - Mean Similarity: 0.7021
2025-08-02 23:33:51,159 - INFO - 4. sna - Mean Similarity: 0.6816
2025-08-02 23:33:51,159 - INFO - 5. luo - Mean Similarity: 0.6730
2025-08-02 23:33:51,159 - INFO - Experiment finished successfully.
