2025-08-24 11:21:04,410 - INFO - Start: model_type=xlmr, run_both=False, use_cls=True, use_context=True, context_window=1, max_tokens_per_type=200, batch_size=32, seed=1, num_middle_layers=3, output_dir=rq2_train_scripts/Embeddings/EXTENDED/outputs/salt_extended/xlmr/config_4_clstrue_ctxtrue_hybfalse/tokens_200_ctx1
2025-08-24 11:21:04,966 - INFO - xlmr: selected layer indices (hidden_states) = [2, 3, 10, 12]
2025-08-24 11:21:06,629 - INFO - Processing run
2025-08-24 11:21:07,123 - INFO - Processing bam
2025-08-24 11:21:07,286 - INFO - Processing bbj
2025-08-24 11:21:07,456 - INFO - Processing ewe
2025-08-24 11:21:07,620 - INFO - Processing fon
2025-08-24 11:21:07,797 - INFO - Processing hau
2025-08-24 11:21:07,951 - INFO - Processing ibo
2025-08-24 11:21:08,151 - INFO - Processing kin
2025-08-24 11:21:08,308 - INFO - Processing lug
2025-08-24 11:21:08,458 - INFO - Processing luo
2025-08-24 11:21:08,628 - INFO - Processing mos
2025-08-24 11:21:08,788 - INFO - Processing nya
2025-08-24 11:21:08,966 - INFO - Processing pcm
2025-08-24 11:21:09,118 - INFO - Processing sna
2025-08-24 11:21:09,292 - INFO - Processing swa
2025-08-24 11:21:09,453 - INFO - Processing tsn
2025-08-24 11:21:09,622 - INFO - Processing twi
2025-08-24 11:21:09,771 - INFO - Processing wol
2025-08-24 11:21:09,943 - INFO - Processing xho
2025-08-24 11:21:10,111 - INFO - Processing yor
2025-08-24 11:21:10,310 - INFO - Processing zul
2025-08-24 11:21:10,805 - INFO - Layer 2 (xlmr) — Top 5
2025-08-24 11:21:10,805 - INFO - 1. kin: r=1.0000
2025-08-24 11:21:10,805 - INFO - 2. nya: r=1.0000
2025-08-24 11:21:10,805 - INFO - 3. luo: r=1.0000
2025-08-24 11:21:10,805 - INFO - 4. sna: r=1.0000
2025-08-24 11:21:10,805 - INFO - 5. zul: r=1.0000
2025-08-24 11:21:10,805 - INFO - Layer 2 (xlmr) — Worst 5
2025-08-24 11:21:10,805 - INFO - 1. hau: r=1.0000
2025-08-24 11:21:10,805 - INFO - 2. swa: r=1.0000
2025-08-24 11:21:10,805 - INFO - 3. fon: r=1.0000
2025-08-24 11:21:10,805 - INFO - 4. pcm: r=1.0000
2025-08-24 11:21:10,805 - INFO - 5. lug: r=1.0000
2025-08-24 11:21:10,923 - INFO - Layer 3 (xlmr) — Top 5
2025-08-24 11:21:10,923 - INFO - 1. sna: r=1.0000
2025-08-24 11:21:10,923 - INFO - 2. zul: r=1.0000
2025-08-24 11:21:10,923 - INFO - 3. xho: r=1.0000
2025-08-24 11:21:10,923 - INFO - 4. wol: r=1.0000
2025-08-24 11:21:10,923 - INFO - 5. kin: r=1.0000
2025-08-24 11:21:10,923 - INFO - Layer 3 (xlmr) — Worst 5
2025-08-24 11:21:10,923 - INFO - 1. pcm: r=1.0000
2025-08-24 11:21:10,923 - INFO - 2. swa: r=1.0000
2025-08-24 11:21:10,923 - INFO - 3. tsn: r=1.0000
2025-08-24 11:21:10,923 - INFO - 4. fon: r=1.0000
2025-08-24 11:21:10,923 - INFO - 5. ewe: r=1.0000
2025-08-24 11:21:11,039 - INFO - Layer 10 (xlmr) — Top 5
2025-08-24 11:21:11,039 - INFO - 1. ibo: r=1.0000
2025-08-24 11:21:11,040 - INFO - 2. ewe: r=1.0000
2025-08-24 11:21:11,040 - INFO - 3. mos: r=1.0000
2025-08-24 11:21:11,040 - INFO - 4. zul: r=1.0000
2025-08-24 11:21:11,040 - INFO - 5. twi: r=1.0000
2025-08-24 11:21:11,040 - INFO - Layer 10 (xlmr) — Worst 5
2025-08-24 11:21:11,040 - INFO - 1. bam: r=1.0000
2025-08-24 11:21:11,040 - INFO - 2. pcm: r=1.0000
2025-08-24 11:21:11,040 - INFO - 3. kin: r=1.0000
2025-08-24 11:21:11,040 - INFO - 4. tsn: r=1.0000
2025-08-24 11:21:11,040 - INFO - 5. swa: r=1.0000
2025-08-24 11:21:11,156 - INFO - Layer 12 (xlmr) — Top 5
2025-08-24 11:21:11,156 - INFO - 1. swa: r=0.9994
2025-08-24 11:21:11,156 - INFO - 2. bam: r=0.9991
2025-08-24 11:21:11,156 - INFO - 3. ibo: r=0.9991
2025-08-24 11:21:11,156 - INFO - 4. yor: r=0.9991
2025-08-24 11:21:11,156 - INFO - 5. kin: r=0.9990
2025-08-24 11:21:11,156 - INFO - Layer 12 (xlmr) — Worst 5
2025-08-24 11:21:11,156 - INFO - 1. wol: r=0.9977
2025-08-24 11:21:11,156 - INFO - 2. tsn: r=0.9977
2025-08-24 11:21:11,156 - INFO - 3. zul: r=0.9980
2025-08-24 11:21:11,156 - INFO - 4. fon: r=0.9982
2025-08-24 11:21:11,156 - INFO - 5. xho: r=0.9983
2025-08-24 11:21:11,157 - INFO - Experiment finished successfully.
