2025-08-24 10:43:12,397 - INFO - Start: model_type=xlmr, run_both=False, use_cls=False, use_context=True, context_window=3, max_tokens_per_type=400, batch_size=32, seed=1, num_middle_layers=3, output_dir=rq2_train_scripts/Embeddings/EXTENDED/outputs/salt_extended/xlmr/config_2_clsfalse_ctxtrue_hybfalse/tokens_400_ctx3
2025-08-24 10:43:12,936 - INFO - xlmr: selected layer indices (hidden_states) = [2, 3, 10, 12]
2025-08-24 10:43:14,638 - INFO - Processing run
2025-08-24 10:43:20,821 - INFO - Processing bam
2025-08-24 10:43:27,172 - INFO - Processing bbj
2025-08-24 10:43:33,604 - INFO - Processing ewe
2025-08-24 10:43:40,109 - INFO - Processing fon
2025-08-24 10:43:45,829 - INFO - Processing hau
2025-08-24 10:43:52,122 - INFO - Processing ibo
2025-08-24 10:43:58,748 - INFO - Processing kin
2025-08-24 10:44:05,206 - INFO - Processing lug
2025-08-24 10:44:11,532 - INFO - Processing luo
2025-08-24 10:44:17,895 - INFO - Processing mos
2025-08-24 10:44:24,308 - INFO - Processing nya
2025-08-24 10:44:30,760 - INFO - Processing pcm
2025-08-24 10:44:37,048 - INFO - Processing sna
2025-08-24 10:44:43,468 - INFO - Processing swa
2025-08-24 10:44:49,866 - INFO - Processing tsn
2025-08-24 10:44:55,810 - INFO - Processing twi
2025-08-24 10:45:01,933 - INFO - Processing wol
2025-08-24 10:45:08,370 - INFO - Processing xho
2025-08-24 10:45:14,755 - INFO - Processing yor
2025-08-24 10:45:21,249 - INFO - Processing zul
2025-08-24 10:45:28,094 - INFO - Layer 2 (xlmr) — Top 5
2025-08-24 10:45:28,095 - INFO - 1. kin: r=0.9747
2025-08-24 10:45:28,095 - INFO - 2. twi: r=0.9741
2025-08-24 10:45:28,095 - INFO - 3. sna: r=0.9719
2025-08-24 10:45:28,095 - INFO - 4. ibo: r=0.9709
2025-08-24 10:45:28,095 - INFO - 5. lug: r=0.9694
2025-08-24 10:45:28,095 - INFO - Layer 2 (xlmr) — Worst 5
2025-08-24 10:45:28,095 - INFO - 1. hau: r=0.9414
2025-08-24 10:45:28,095 - INFO - 2. pcm: r=0.9437
2025-08-24 10:45:28,095 - INFO - 3. yor: r=0.9479
2025-08-24 10:45:28,095 - INFO - 4. fon: r=0.9486
2025-08-24 10:45:28,095 - INFO - 5. bbj: r=0.9488
2025-08-24 10:45:28,211 - INFO - Layer 3 (xlmr) — Top 5
2025-08-24 10:45:28,211 - INFO - 1. kin: r=0.9832
2025-08-24 10:45:28,211 - INFO - 2. twi: r=0.9827
2025-08-24 10:45:28,211 - INFO - 3. sna: r=0.9812
2025-08-24 10:45:28,211 - INFO - 4. ibo: r=0.9802
2025-08-24 10:45:28,211 - INFO - 5. lug: r=0.9792
2025-08-24 10:45:28,211 - INFO - Layer 3 (xlmr) — Worst 5
2025-08-24 10:45:28,211 - INFO - 1. hau: r=0.9596
2025-08-24 10:45:28,211 - INFO - 2. pcm: r=0.9605
2025-08-24 10:45:28,211 - INFO - 3. bbj: r=0.9650
2025-08-24 10:45:28,211 - INFO - 4. fon: r=0.9660
2025-08-24 10:45:28,211 - INFO - 5. yor: r=0.9669
2025-08-24 10:45:28,328 - INFO - Layer 10 (xlmr) — Top 5
2025-08-24 10:45:28,328 - INFO - 1. kin: r=0.9878
2025-08-24 10:45:28,328 - INFO - 2. sna: r=0.9862
2025-08-24 10:45:28,328 - INFO - 3. nya: r=0.9856
2025-08-24 10:45:28,328 - INFO - 4. twi: r=0.9854
2025-08-24 10:45:28,328 - INFO - 5. lug: r=0.9849
2025-08-24 10:45:28,328 - INFO - Layer 10 (xlmr) — Worst 5
2025-08-24 10:45:28,328 - INFO - 1. bbj: r=0.9623
2025-08-24 10:45:28,328 - INFO - 2. hau: r=0.9649
2025-08-24 10:45:28,328 - INFO - 3. pcm: r=0.9669
2025-08-24 10:45:28,328 - INFO - 4. fon: r=0.9672
2025-08-24 10:45:28,328 - INFO - 5. yor: r=0.9687
2025-08-24 10:45:28,444 - INFO - Layer 12 (xlmr) — Top 5
2025-08-24 10:45:28,444 - INFO - 1. kin: r=0.9992
2025-08-24 10:45:28,444 - INFO - 2. nya: r=0.9991
2025-08-24 10:45:28,444 - INFO - 3. sna: r=0.9991
2025-08-24 10:45:28,444 - INFO - 4. luo: r=0.9990
2025-08-24 10:45:28,444 - INFO - 5. lug: r=0.9987
2025-08-24 10:45:28,444 - INFO - Layer 12 (xlmr) — Worst 5
2025-08-24 10:45:28,444 - INFO - 1. bbj: r=0.9962
2025-08-24 10:45:28,444 - INFO - 2. fon: r=0.9965
2025-08-24 10:45:28,444 - INFO - 3. hau: r=0.9969
2025-08-24 10:45:28,444 - INFO - 4. yor: r=0.9973
2025-08-24 10:45:28,444 - INFO - 5. swa: r=0.9976
2025-08-24 10:45:28,445 - INFO - Experiment finished successfully.
