2025-08-02 23:19:13,423 - INFO - Experiment started with model_type=mbert, use_cls=False, use_context=True, context_window=1, use_hybrid=True, max_tokens_per_type=500, output_dir=rq2_train_scripts/Embeddings/MEXA_inspired_strategy/outputs/combined/mbert/config_6_clsfalse_ctxtrue_hybtrue/tokens_500_ctx1
2025-08-02 23:19:14,613 - INFO - Processing run
2025-08-02 23:19:18,379 - INFO - Processing bam
2025-08-02 23:19:21,743 - INFO - Processing bbj
2025-08-02 23:19:25,514 - INFO - Processing ewe
2025-08-02 23:19:29,286 - INFO - Processing fon
2025-08-02 23:19:33,084 - INFO - Processing hau
2025-08-02 23:19:36,888 - INFO - Processing ibo
2025-08-02 23:19:40,723 - INFO - Processing kin
2025-08-02 23:19:44,522 - INFO - Processing lug
2025-08-02 23:19:48,294 - INFO - Processing luo
2025-08-02 23:19:52,086 - INFO - Processing mos
2025-08-02 23:19:55,873 - INFO - Processing nya
2025-08-02 23:19:59,675 - INFO - Processing pcm
2025-08-02 23:20:03,455 - INFO - Processing sna
2025-08-02 23:20:07,257 - INFO - Processing swa
2025-08-02 23:20:11,051 - INFO - Processing tsn
2025-08-02 23:20:14,825 - INFO - Processing twi
2025-08-02 23:20:18,580 - INFO - Processing wol
2025-08-02 23:20:22,336 - INFO - Processing xho
2025-08-02 23:20:26,080 - INFO - Processing yor
2025-08-02 23:20:29,952 - INFO - Processing zul
2025-08-02 23:20:34,139 - INFO - Top 5 languages most similar to Runyankore:
2025-08-02 23:20:34,139 - INFO - 1. lug - Mean Similarity: 0.6104
2025-08-02 23:20:34,139 - INFO - 2. kin - Mean Similarity: 0.5936
2025-08-02 23:20:34,139 - INFO - 3. luo - Mean Similarity: 0.5721
2025-08-02 23:20:34,139 - INFO - 4. nya - Mean Similarity: 0.5678
2025-08-02 23:20:34,139 - INFO - 5. sna - Mean Similarity: 0.5594
2025-08-02 23:20:34,139 - INFO - Experiment finished successfully.
