2025-08-02 19:45:47,440 - INFO - Experiment started with model_type=xlmr, use_cls=False, use_context=True, context_window=0, use_hybrid=False, max_tokens_per_type=200, output_dir=rq2_train_scripts/Embeddings/MEXA_inspired_strategy/outputs/combined/xlmr/config_2_clsfalse_ctxtrue_hybfalse/tokens_200_ctx0
2025-08-02 19:45:49,143 - INFO - Processing run
2025-08-02 19:45:51,391 - INFO - Processing bam
2025-08-02 19:45:53,219 - INFO - Processing bbj
2025-08-02 19:45:55,032 - INFO - Processing ewe
2025-08-02 19:45:56,837 - INFO - Processing fon
2025-08-02 19:45:58,672 - INFO - Processing hau
2025-08-02 19:46:00,496 - INFO - Processing ibo
2025-08-02 19:46:02,364 - INFO - Processing kin
2025-08-02 19:46:04,199 - INFO - Processing lug
2025-08-02 19:46:06,004 - INFO - Processing luo
2025-08-02 19:46:07,829 - INFO - Processing mos
2025-08-02 19:46:09,664 - INFO - Processing nya
2025-08-02 19:46:11,509 - INFO - Processing pcm
2025-08-02 19:46:13,331 - INFO - Processing sna
2025-08-02 19:46:15,158 - INFO - Processing swa
2025-08-02 19:46:16,982 - INFO - Processing tsn
2025-08-02 19:46:18,753 - INFO - Processing twi
2025-08-02 19:46:20,545 - INFO - Processing wol
2025-08-02 19:46:22,349 - INFO - Processing xho
2025-08-02 19:46:24,148 - INFO - Processing yor
2025-08-02 19:46:25,989 - INFO - Processing zul
2025-08-02 19:46:28,267 - INFO - Top 5 languages most similar to Runyankore:
2025-08-02 19:46:28,268 - INFO - 1. lug - Mean Similarity: 0.9995
2025-08-02 19:46:28,268 - INFO - 2. kin - Mean Similarity: 0.9994
2025-08-02 19:46:28,268 - INFO - 3. luo - Mean Similarity: 0.9994
2025-08-02 19:46:28,268 - INFO - 4. ibo - Mean Similarity: 0.9993
2025-08-02 19:46:28,268 - INFO - 5. twi - Mean Similarity: 0.9993
2025-08-02 19:46:28,268 - INFO - Experiment finished successfully.
