2025-08-02 20:55:02,640 - INFO - Experiment started with model_type=xlmr, use_cls=True, use_context=False, context_window=2, use_hybrid=True, max_tokens_per_type=500, output_dir=rq2_train_scripts/Embeddings/MEXA_inspired_strategy/outputs/combined/xlmr/config_5_clstrue_ctxfalse_hybtrue/tokens_500_ctx2
2025-08-02 20:55:04,389 - INFO - Processing run
2025-08-02 20:55:08,927 - INFO - Processing bam
2025-08-02 20:55:13,002 - INFO - Processing bbj
2025-08-02 20:55:17,579 - INFO - Processing ewe
2025-08-02 20:55:22,133 - INFO - Processing fon
2025-08-02 20:55:26,677 - INFO - Processing hau
2025-08-02 20:55:31,176 - INFO - Processing ibo
2025-08-02 20:55:35,723 - INFO - Processing kin
2025-08-02 20:55:40,264 - INFO - Processing lug
2025-08-02 20:55:44,743 - INFO - Processing luo
2025-08-02 20:55:49,231 - INFO - Processing mos
2025-08-02 20:55:53,753 - INFO - Processing nya
2025-08-02 20:55:58,286 - INFO - Processing pcm
2025-08-02 20:56:02,762 - INFO - Processing sna
2025-08-02 20:56:07,278 - INFO - Processing swa
2025-08-02 20:56:11,727 - INFO - Processing tsn
2025-08-02 20:56:16,177 - INFO - Processing twi
2025-08-02 20:56:20,663 - INFO - Processing wol
2025-08-02 20:56:25,203 - INFO - Processing xho
2025-08-02 20:56:29,809 - INFO - Processing yor
2025-08-02 20:56:34,427 - INFO - Processing zul
2025-08-02 20:56:39,483 - INFO - Top 5 languages most similar to Runyankore:
2025-08-02 20:56:39,484 - INFO - 1. lug - Mean Similarity: 0.9461
2025-08-02 20:56:39,484 - INFO - 2. luo - Mean Similarity: 0.9321
2025-08-02 20:56:39,484 - INFO - 3. twi - Mean Similarity: 0.9242
2025-08-02 20:56:39,484 - INFO - 4. kin - Mean Similarity: 0.9220
2025-08-02 20:56:39,484 - INFO - 5. nya - Mean Similarity: 0.9195
2025-08-02 20:56:39,484 - INFO - Experiment finished successfully.
