2025-08-27 17:40:25,541 - INFO - Start: model_type=xlmr, use_cls=True, use_context=False, context_window=1, max_tokens_per_type=500, batch_size=64, output_dir=rq2_train_scripts/Embeddings/CLEAN/outputs/salt/xlmr/config_1_clstrue_ctxfalse/tokens_500_ctx1/core, save_prototypes=False, seed=42, fp16=True, max_length=96, langs=all, layers=all, span_mode=bio, pool=mean, entity_tags={'ORG', 'PER', 'DATE', 'LOC'}, title_suffix='L=all, tokens=500, ctx=1, cls=true, fp16=true'
2025-08-27 17:40:27,536 - INFO - Processing run
2025-08-27 17:40:27,971 - INFO - Processing bam
2025-08-27 17:40:28,051 - INFO - Processing bbj
2025-08-27 17:40:28,106 - INFO - Processing ewe
2025-08-27 17:40:28,160 - INFO - Processing fon
2025-08-27 17:40:28,225 - INFO - Processing hau
2025-08-27 17:40:28,292 - INFO - Processing ibo
2025-08-27 17:40:28,387 - INFO - Processing kin
2025-08-27 17:40:28,454 - INFO - Processing lug
2025-08-27 17:40:28,521 - INFO - Processing luo
2025-08-27 17:40:28,586 - INFO - Processing mos
2025-08-27 17:40:28,657 - INFO - Processing nya
2025-08-27 17:40:28,748 - INFO - Processing pcm
2025-08-27 17:40:28,803 - INFO - Processing sna
2025-08-27 17:40:28,859 - INFO - Processing swa
2025-08-27 17:40:28,934 - INFO - Processing tsn
2025-08-27 17:40:28,988 - INFO - Processing twi
2025-08-27 17:40:29,048 - INFO - Processing wol
2025-08-27 17:40:29,115 - INFO - Processing xho
2025-08-27 17:40:29,164 - INFO - Processing yor
2025-08-27 17:40:29,249 - INFO - Processing zul
2025-08-27 17:40:29,771 - INFO - === Layer 1 (xlmr) — Top 5 (cosine) ===
2025-08-27 17:40:29,771 - INFO - 1. kin: cos=0.9999
2025-08-27 17:40:29,771 - INFO - 2. twi: cos=0.9999
2025-08-27 17:40:29,771 - INFO - 3. luo: cos=0.9999
2025-08-27 17:40:29,771 - INFO - 4. ibo: cos=0.9999
2025-08-27 17:40:29,771 - INFO - 5. nya: cos=0.9998
2025-08-27 17:40:29,771 - INFO - === Layer 1 (xlmr) — Worst 5 (cosine) ===
2025-08-27 17:40:29,771 - INFO - 1. hau: cos=0.9995
2025-08-27 17:40:29,771 - INFO - 2. bam: cos=0.9995
2025-08-27 17:40:29,771 - INFO - 3. xho: cos=0.9995
2025-08-27 17:40:29,771 - INFO - 4. fon: cos=0.9995
2025-08-27 17:40:29,771 - INFO - 5. pcm: cos=0.9995
2025-08-27 17:40:29,899 - INFO - === Layer 2 (xlmr) — Top 5 (cosine) ===
2025-08-27 17:40:29,899 - INFO - 1. kin: cos=1.0000
2025-08-27 17:40:29,899 - INFO - 2. luo: cos=1.0000
2025-08-27 17:40:29,899 - INFO - 3. twi: cos=1.0000
2025-08-27 17:40:29,899 - INFO - 4. ibo: cos=1.0000
2025-08-27 17:40:29,899 - INFO - 5. nya: cos=1.0000
2025-08-27 17:40:29,899 - INFO - === Layer 2 (xlmr) — Worst 5 (cosine) ===
2025-08-27 17:40:29,899 - INFO - 1. pcm: cos=0.9999
2025-08-27 17:40:29,899 - INFO - 2. bam: cos=0.9999
2025-08-27 17:40:29,899 - INFO - 3. bbj: cos=0.9999
2025-08-27 17:40:29,899 - INFO - 4. hau: cos=0.9999
2025-08-27 17:40:29,899 - INFO - 5. xho: cos=0.9999
2025-08-27 17:40:30,032 - INFO - === Layer 3 (xlmr) — Top 5 (cosine) ===
2025-08-27 17:40:30,032 - INFO - 1. luo: cos=1.0000
2025-08-27 17:40:30,032 - INFO - 2. kin: cos=1.0000
2025-08-27 17:40:30,032 - INFO - 3. twi: cos=1.0000
2025-08-27 17:40:30,032 - INFO - 4. hau: cos=1.0000
2025-08-27 17:40:30,032 - INFO - 5. zul: cos=1.0000
2025-08-27 17:40:30,032 - INFO - === Layer 3 (xlmr) — Worst 5 (cosine) ===
2025-08-27 17:40:30,032 - INFO - 1. pcm: cos=1.0000
2025-08-27 17:40:30,032 - INFO - 2. swa: cos=1.0000
2025-08-27 17:40:30,032 - INFO - 3. bbj: cos=1.0000
2025-08-27 17:40:30,032 - INFO - 4. nya: cos=1.0000
2025-08-27 17:40:30,032 - INFO - 5. fon: cos=1.0000
2025-08-27 17:40:30,164 - INFO - === Layer 4 (xlmr) — Top 5 (cosine) ===
2025-08-27 17:40:30,164 - INFO - 1. kin: cos=1.0000
2025-08-27 17:40:30,164 - INFO - 2. twi: cos=1.0000
2025-08-27 17:40:30,164 - INFO - 3. luo: cos=1.0000
2025-08-27 17:40:30,164 - INFO - 4. sna: cos=1.0000
2025-08-27 17:40:30,164 - INFO - 5. zul: cos=1.0000
2025-08-27 17:40:30,164 - INFO - === Layer 4 (xlmr) — Worst 5 (cosine) ===
2025-08-27 17:40:30,164 - INFO - 1. yor: cos=1.0000
2025-08-27 17:40:30,164 - INFO - 2. hau: cos=1.0000
2025-08-27 17:40:30,164 - INFO - 3. bam: cos=1.0000
2025-08-27 17:40:30,164 - INFO - 4. pcm: cos=1.0000
2025-08-27 17:40:30,164 - INFO - 5. wol: cos=1.0000
2025-08-27 17:40:30,295 - INFO - === Layer 5 (xlmr) — Top 5 (cosine) ===
2025-08-27 17:40:30,295 - INFO - 1. twi: cos=1.0000
2025-08-27 17:40:30,295 - INFO - 2. kin: cos=1.0000
2025-08-27 17:40:30,295 - INFO - 3. luo: cos=1.0000
2025-08-27 17:40:30,295 - INFO - 4. zul: cos=1.0000
2025-08-27 17:40:30,295 - INFO - 5. ibo: cos=1.0000
2025-08-27 17:40:30,295 - INFO - === Layer 5 (xlmr) — Worst 5 (cosine) ===
2025-08-27 17:40:30,295 - INFO - 1. hau: cos=1.0000
2025-08-27 17:40:30,295 - INFO - 2. pcm: cos=1.0000
2025-08-27 17:40:30,295 - INFO - 3. fon: cos=1.0000
2025-08-27 17:40:30,295 - INFO - 4. nya: cos=1.0000
2025-08-27 17:40:30,295 - INFO - 5. lug: cos=1.0000
2025-08-27 17:40:30,423 - INFO - === Layer 6 (xlmr) — Top 5 (cosine) ===
2025-08-27 17:40:30,423 - INFO - 1. twi: cos=1.0000
2025-08-27 17:40:30,423 - INFO - 2. kin: cos=1.0000
2025-08-27 17:40:30,423 - INFO - 3. luo: cos=1.0000
2025-08-27 17:40:30,423 - INFO - 4. ibo: cos=1.0000
2025-08-27 17:40:30,423 - INFO - 5. ewe: cos=1.0000
2025-08-27 17:40:30,423 - INFO - === Layer 6 (xlmr) — Worst 5 (cosine) ===
2025-08-27 17:40:30,423 - INFO - 1. pcm: cos=1.0000
2025-08-27 17:40:30,423 - INFO - 2. hau: cos=1.0000
2025-08-27 17:40:30,423 - INFO - 3. fon: cos=1.0000
2025-08-27 17:40:30,423 - INFO - 4. nya: cos=1.0000
2025-08-27 17:40:30,423 - INFO - 5. mos: cos=1.0000
2025-08-27 17:40:30,549 - INFO - === Layer 7 (xlmr) — Top 5 (cosine) ===
2025-08-27 17:40:30,549 - INFO - 1. kin: cos=1.0000
2025-08-27 17:40:30,549 - INFO - 2. fon: cos=1.0000
2025-08-27 17:40:30,549 - INFO - 3. sna: cos=1.0000
2025-08-27 17:40:30,549 - INFO - 4. ewe: cos=1.0000
2025-08-27 17:40:30,549 - INFO - 5. bbj: cos=1.0000
2025-08-27 17:40:30,549 - INFO - === Layer 7 (xlmr) — Worst 5 (cosine) ===
2025-08-27 17:40:30,549 - INFO - 1. hau: cos=1.0000
2025-08-27 17:40:30,549 - INFO - 2. tsn: cos=1.0000
2025-08-27 17:40:30,549 - INFO - 3. nya: cos=1.0000
2025-08-27 17:40:30,549 - INFO - 4. zul: cos=1.0000
2025-08-27 17:40:30,549 - INFO - 5. mos: cos=1.0000
2025-08-27 17:40:30,703 - INFO - === Layer 8 (xlmr) — Top 5 (cosine) ===
2025-08-27 17:40:30,703 - INFO - 1. kin: cos=1.0000
2025-08-27 17:40:30,703 - INFO - 2. lug: cos=1.0000
2025-08-27 17:40:30,703 - INFO - 3. xho: cos=1.0000
2025-08-27 17:40:30,703 - INFO - 4. tsn: cos=1.0000
2025-08-27 17:40:30,703 - INFO - 5. nya: cos=1.0000
2025-08-27 17:40:30,703 - INFO - === Layer 8 (xlmr) — Worst 5 (cosine) ===
2025-08-27 17:40:30,703 - INFO - 1. ewe: cos=0.9999
2025-08-27 17:40:30,703 - INFO - 2. bbj: cos=1.0000
2025-08-27 17:40:30,703 - INFO - 3. swa: cos=1.0000
2025-08-27 17:40:30,703 - INFO - 4. pcm: cos=1.0000
2025-08-27 17:40:30,703 - INFO - 5. fon: cos=1.0000
2025-08-27 17:40:30,902 - INFO - === Layer 9 (xlmr) — Top 5 (cosine) ===
2025-08-27 17:40:30,902 - INFO - 1. kin: cos=1.0000
2025-08-27 17:40:30,902 - INFO - 2. sna: cos=1.0000
2025-08-27 17:40:30,902 - INFO - 3. bam: cos=1.0000
2025-08-27 17:40:30,902 - INFO - 4. twi: cos=1.0000
2025-08-27 17:40:30,902 - INFO - 5. lug: cos=1.0000
2025-08-27 17:40:30,902 - INFO - === Layer 9 (xlmr) — Worst 5 (cosine) ===
2025-08-27 17:40:30,902 - INFO - 1. pcm: cos=1.0000
2025-08-27 17:40:30,903 - INFO - 2. hau: cos=1.0000
2025-08-27 17:40:30,903 - INFO - 3. ewe: cos=1.0000
2025-08-27 17:40:30,903 - INFO - 4. swa: cos=1.0000
2025-08-27 17:40:30,903 - INFO - 5. nya: cos=1.0000
2025-08-27 17:40:31,031 - INFO - === Layer 10 (xlmr) — Top 5 (cosine) ===
2025-08-27 17:40:31,031 - INFO - 1. kin: cos=1.0000
2025-08-27 17:40:31,031 - INFO - 2. luo: cos=1.0000
2025-08-27 17:40:31,031 - INFO - 3. zul: cos=1.0000
2025-08-27 17:40:31,031 - INFO - 4. twi: cos=1.0000
2025-08-27 17:40:31,031 - INFO - 5. bam: cos=1.0000
2025-08-27 17:40:31,031 - INFO - === Layer 10 (xlmr) — Worst 5 (cosine) ===
2025-08-27 17:40:31,031 - INFO - 1. pcm: cos=1.0000
2025-08-27 17:40:31,031 - INFO - 2. fon: cos=1.0000
2025-08-27 17:40:31,031 - INFO - 3. xho: cos=1.0000
2025-08-27 17:40:31,031 - INFO - 4. mos: cos=1.0000
2025-08-27 17:40:31,031 - INFO - 5. hau: cos=1.0000
2025-08-27 17:40:31,161 - INFO - === Layer 11 (xlmr) — Top 5 (cosine) ===
2025-08-27 17:40:31,162 - INFO - 1. ibo: cos=1.0000
2025-08-27 17:40:31,162 - INFO - 2. kin: cos=1.0000
2025-08-27 17:40:31,162 - INFO - 3. ewe: cos=1.0000
2025-08-27 17:40:31,162 - INFO - 4. hau: cos=1.0000
2025-08-27 17:40:31,162 - INFO - 5. twi: cos=1.0000
2025-08-27 17:40:31,162 - INFO - === Layer 11 (xlmr) — Worst 5 (cosine) ===
2025-08-27 17:40:31,162 - INFO - 1. bam: cos=0.9999
2025-08-27 17:40:31,162 - INFO - 2. bbj: cos=0.9999
2025-08-27 17:40:31,162 - INFO - 3. sna: cos=1.0000
2025-08-27 17:40:31,162 - INFO - 4. yor: cos=1.0000
2025-08-27 17:40:31,162 - INFO - 5. zul: cos=1.0000
2025-08-27 17:40:31,293 - INFO - === Layer 12 (xlmr) — Top 5 (cosine) ===
2025-08-27 17:40:31,293 - INFO - 1. kin: cos=0.9999
2025-08-27 17:40:31,293 - INFO - 2. luo: cos=0.9999
2025-08-27 17:40:31,293 - INFO - 3. nya: cos=0.9999
2025-08-27 17:40:31,293 - INFO - 4. lug: cos=0.9999
2025-08-27 17:40:31,293 - INFO - 5. wol: cos=0.9999
2025-08-27 17:40:31,293 - INFO - === Layer 12 (xlmr) — Worst 5 (cosine) ===
2025-08-27 17:40:31,293 - INFO - 1. pcm: cos=0.9981
2025-08-27 17:40:31,293 - INFO - 2. fon: cos=0.9990
2025-08-27 17:40:31,293 - INFO - 3. hau: cos=0.9991
2025-08-27 17:40:31,293 - INFO - 4. tsn: cos=0.9997
2025-08-27 17:40:31,293 - INFO - 5. xho: cos=0.9997
2025-08-27 17:40:31,294 - INFO - Experiment finished successfully.
