2025-08-27 18:20:19,338 - INFO - Start: model_type=mbert, use_cls=True, use_context=False, context_window=3, max_tokens_per_type=400, batch_size=64, output_dir=rq2_train_scripts/Embeddings/CLEAN/outputs/combined/mbert/config_1_clstrue_ctxfalse/tokens_400_ctx3/core, save_prototypes=False, seed=42, fp16=True, max_length=96, langs=all, layers=all, span_mode=bio, pool=mean, entity_tags={'ORG', 'LOC', 'PER', 'DATE'}, title_suffix='L=all, tokens=400, ctx=3, cls=true, fp16=true'
2025-08-27 18:20:20,712 - INFO - Processing run
2025-08-27 18:20:21,165 - INFO - Processing bam
2025-08-27 18:20:21,226 - INFO - Processing bbj
2025-08-27 18:20:21,269 - INFO - Processing ewe
2025-08-27 18:20:21,311 - INFO - Processing fon
2025-08-27 18:20:21,366 - INFO - Processing hau
2025-08-27 18:20:21,426 - INFO - Processing ibo
2025-08-27 18:20:21,514 - INFO - Processing kin
2025-08-27 18:20:21,576 - INFO - Processing lug
2025-08-27 18:20:21,634 - INFO - Processing luo
2025-08-27 18:20:21,693 - INFO - Processing mos
2025-08-27 18:20:21,754 - INFO - Processing nya
2025-08-27 18:20:21,817 - INFO - Processing pcm
2025-08-27 18:20:21,871 - INFO - Processing sna
2025-08-27 18:20:21,929 - INFO - Processing swa
2025-08-27 18:20:21,996 - INFO - Processing tsn
2025-08-27 18:20:22,041 - INFO - Processing twi
2025-08-27 18:20:22,095 - INFO - Processing wol
2025-08-27 18:20:22,156 - INFO - Processing xho
2025-08-27 18:20:22,199 - INFO - Processing yor
2025-08-27 18:20:22,276 - INFO - Processing zul
2025-08-27 18:20:22,675 - INFO - === Layer 1 (mbert) — Top 5 (cosine) ===
2025-08-27 18:20:22,675 - INFO - 1. lug: cos=0.9993
2025-08-27 18:20:22,675 - INFO - 2. kin: cos=0.9993
2025-08-27 18:20:22,675 - INFO - 3. swa: cos=0.9991
2025-08-27 18:20:22,675 - INFO - 4. luo: cos=0.9990
2025-08-27 18:20:22,675 - INFO - 5. twi: cos=0.9990
2025-08-27 18:20:22,675 - INFO - === Layer 1 (mbert) — Worst 5 (cosine) ===
2025-08-27 18:20:22,675 - INFO - 1. ewe: cos=0.9934
2025-08-27 18:20:22,675 - INFO - 2. xho: cos=0.9970
2025-08-27 18:20:22,675 - INFO - 3. bbj: cos=0.9976
2025-08-27 18:20:22,675 - INFO - 4. mos: cos=0.9978
2025-08-27 18:20:22,675 - INFO - 5. yor: cos=0.9980
2025-08-27 18:20:22,803 - INFO - === Layer 2 (mbert) — Top 5 (cosine) ===
2025-08-27 18:20:22,803 - INFO - 1. lug: cos=0.9999
2025-08-27 18:20:22,803 - INFO - 2. kin: cos=0.9999
2025-08-27 18:20:22,803 - INFO - 3. swa: cos=0.9998
2025-08-27 18:20:22,803 - INFO - 4. luo: cos=0.9998
2025-08-27 18:20:22,803 - INFO - 5. tsn: cos=0.9998
2025-08-27 18:20:22,803 - INFO - === Layer 2 (mbert) — Worst 5 (cosine) ===
2025-08-27 18:20:22,803 - INFO - 1. ewe: cos=0.9989
2025-08-27 18:20:22,803 - INFO - 2. xho: cos=0.9995
2025-08-27 18:20:22,803 - INFO - 3. bbj: cos=0.9996
2025-08-27 18:20:22,803 - INFO - 4. yor: cos=0.9996
2025-08-27 18:20:22,803 - INFO - 5. hau: cos=0.9997
2025-08-27 18:20:22,935 - INFO - === Layer 3 (mbert) — Top 5 (cosine) ===
2025-08-27 18:20:22,935 - INFO - 1. lug: cos=1.0000
2025-08-27 18:20:22,935 - INFO - 2. kin: cos=1.0000
2025-08-27 18:20:22,935 - INFO - 3. tsn: cos=1.0000
2025-08-27 18:20:22,935 - INFO - 4. ibo: cos=1.0000
2025-08-27 18:20:22,935 - INFO - 5. nya: cos=1.0000
2025-08-27 18:20:22,935 - INFO - === Layer 3 (mbert) — Worst 5 (cosine) ===
2025-08-27 18:20:22,935 - INFO - 1. ewe: cos=0.9998
2025-08-27 18:20:22,935 - INFO - 2. bbj: cos=0.9999
2025-08-27 18:20:22,935 - INFO - 3. xho: cos=0.9999
2025-08-27 18:20:22,935 - INFO - 4. sna: cos=0.9999
2025-08-27 18:20:22,935 - INFO - 5. yor: cos=0.9999
2025-08-27 18:20:23,068 - INFO - === Layer 4 (mbert) — Top 5 (cosine) ===
2025-08-27 18:20:23,068 - INFO - 1. kin: cos=0.9999
2025-08-27 18:20:23,068 - INFO - 2. ibo: cos=0.9999
2025-08-27 18:20:23,068 - INFO - 3. hau: cos=0.9999
2025-08-27 18:20:23,068 - INFO - 4. luo: cos=0.9999
2025-08-27 18:20:23,068 - INFO - 5. twi: cos=0.9999
2025-08-27 18:20:23,068 - INFO - === Layer 4 (mbert) — Worst 5 (cosine) ===
2025-08-27 18:20:23,068 - INFO - 1. ewe: cos=0.9996
2025-08-27 18:20:23,068 - INFO - 2. pcm: cos=0.9997
2025-08-27 18:20:23,068 - INFO - 3. xho: cos=0.9997
2025-08-27 18:20:23,068 - INFO - 4. sna: cos=0.9997
2025-08-27 18:20:23,068 - INFO - 5. swa: cos=0.9997
2025-08-27 18:20:23,204 - INFO - === Layer 5 (mbert) — Top 5 (cosine) ===
2025-08-27 18:20:23,204 - INFO - 1. twi: cos=0.9946
2025-08-27 18:20:23,204 - INFO - 2. luo: cos=0.9941
2025-08-27 18:20:23,204 - INFO - 3. tsn: cos=0.9940
2025-08-27 18:20:23,204 - INFO - 4. ibo: cos=0.9938
2025-08-27 18:20:23,204 - INFO - 5. nya: cos=0.9935
2025-08-27 18:20:23,204 - INFO - === Layer 5 (mbert) — Worst 5 (cosine) ===
2025-08-27 18:20:23,204 - INFO - 1. yor: cos=0.9815
2025-08-27 18:20:23,204 - INFO - 2. mos: cos=0.9830
2025-08-27 18:20:23,204 - INFO - 3. bbj: cos=0.9849
2025-08-27 18:20:23,204 - INFO - 4. pcm: cos=0.9869
2025-08-27 18:20:23,204 - INFO - 5. ewe: cos=0.9872
2025-08-27 18:20:23,413 - INFO - === Layer 6 (mbert) — Top 5 (cosine) ===
2025-08-27 18:20:23,413 - INFO - 1. twi: cos=0.9914
2025-08-27 18:20:23,413 - INFO - 2. luo: cos=0.9907
2025-08-27 18:20:23,413 - INFO - 3. tsn: cos=0.9899
2025-08-27 18:20:23,413 - INFO - 4. kin: cos=0.9890
2025-08-27 18:20:23,413 - INFO - 5. ibo: cos=0.9878
2025-08-27 18:20:23,414 - INFO - === Layer 6 (mbert) — Worst 5 (cosine) ===
2025-08-27 18:20:23,414 - INFO - 1. yor: cos=0.9637
2025-08-27 18:20:23,414 - INFO - 2. mos: cos=0.9712
2025-08-27 18:20:23,414 - INFO - 3. bbj: cos=0.9712
2025-08-27 18:20:23,414 - INFO - 4. fon: cos=0.9752
2025-08-27 18:20:23,414 - INFO - 5. pcm: cos=0.9754
2025-08-27 18:20:23,563 - INFO - === Layer 7 (mbert) — Top 5 (cosine) ===
2025-08-27 18:20:23,563 - INFO - 1. twi: cos=0.9891
2025-08-27 18:20:23,563 - INFO - 2. luo: cos=0.9866
2025-08-27 18:20:23,563 - INFO - 3. tsn: cos=0.9857
2025-08-27 18:20:23,563 - INFO - 4. kin: cos=0.9850
2025-08-27 18:20:23,563 - INFO - 5. zul: cos=0.9799
2025-08-27 18:20:23,563 - INFO - === Layer 7 (mbert) — Worst 5 (cosine) ===
2025-08-27 18:20:23,563 - INFO - 1. yor: cos=0.9553
2025-08-27 18:20:23,563 - INFO - 2. mos: cos=0.9626
2025-08-27 18:20:23,563 - INFO - 3. pcm: cos=0.9635
2025-08-27 18:20:23,563 - INFO - 4. bbj: cos=0.9648
2025-08-27 18:20:23,563 - INFO - 5. fon: cos=0.9674
2025-08-27 18:20:23,691 - INFO - === Layer 8 (mbert) — Top 5 (cosine) ===
2025-08-27 18:20:23,691 - INFO - 1. twi: cos=0.9917
2025-08-27 18:20:23,691 - INFO - 2. kin: cos=0.9857
2025-08-27 18:20:23,691 - INFO - 3. luo: cos=0.9836
2025-08-27 18:20:23,691 - INFO - 4. pcm: cos=0.9808
2025-08-27 18:20:23,691 - INFO - 5. ewe: cos=0.9805
2025-08-27 18:20:23,691 - INFO - === Layer 8 (mbert) — Worst 5 (cosine) ===
2025-08-27 18:20:23,691 - INFO - 1. yor: cos=0.9464
2025-08-27 18:20:23,691 - INFO - 2. xho: cos=0.9497
2025-08-27 18:20:23,691 - INFO - 3. fon: cos=0.9537
2025-08-27 18:20:23,691 - INFO - 4. bbj: cos=0.9573
2025-08-27 18:20:23,691 - INFO - 5. mos: cos=0.9622
2025-08-27 18:20:23,821 - INFO - === Layer 9 (mbert) — Top 5 (cosine) ===
2025-08-27 18:20:23,821 - INFO - 1. twi: cos=0.9916
2025-08-27 18:20:23,822 - INFO - 2. luo: cos=0.9861
2025-08-27 18:20:23,822 - INFO - 3. kin: cos=0.9850
2025-08-27 18:20:23,822 - INFO - 4. ewe: cos=0.9828
2025-08-27 18:20:23,822 - INFO - 5. lug: cos=0.9819
2025-08-27 18:20:23,822 - INFO - === Layer 9 (mbert) — Worst 5 (cosine) ===
2025-08-27 18:20:23,822 - INFO - 1. yor: cos=0.9544
2025-08-27 18:20:23,822 - INFO - 2. xho: cos=0.9589
2025-08-27 18:20:23,822 - INFO - 3. fon: cos=0.9621
2025-08-27 18:20:23,822 - INFO - 4. bbj: cos=0.9645
2025-08-27 18:20:23,822 - INFO - 5. hau: cos=0.9660
2025-08-27 18:20:23,949 - INFO - === Layer 10 (mbert) — Top 5 (cosine) ===
2025-08-27 18:20:23,950 - INFO - 1. twi: cos=0.9869
2025-08-27 18:20:23,950 - INFO - 2. lug: cos=0.9824
2025-08-27 18:20:23,950 - INFO - 3. kin: cos=0.9817
2025-08-27 18:20:23,950 - INFO - 4. luo: cos=0.9813
2025-08-27 18:20:23,950 - INFO - 5. ewe: cos=0.9812
2025-08-27 18:20:23,950 - INFO - === Layer 10 (mbert) — Worst 5 (cosine) ===
2025-08-27 18:20:23,950 - INFO - 1. yor: cos=0.9400
2025-08-27 18:20:23,950 - INFO - 2. xho: cos=0.9553
2025-08-27 18:20:23,950 - INFO - 3. bbj: cos=0.9621
2025-08-27 18:20:23,950 - INFO - 4. fon: cos=0.9632
2025-08-27 18:20:23,950 - INFO - 5. mos: cos=0.9642
2025-08-27 18:20:24,078 - INFO - === Layer 11 (mbert) — Top 5 (cosine) ===
2025-08-27 18:20:24,078 - INFO - 1. twi: cos=0.9840
2025-08-27 18:20:24,078 - INFO - 2. lug: cos=0.9823
2025-08-27 18:20:24,078 - INFO - 3. ewe: cos=0.9802
2025-08-27 18:20:24,078 - INFO - 4. luo: cos=0.9795
2025-08-27 18:20:24,078 - INFO - 5. kin: cos=0.9786
2025-08-27 18:20:24,079 - INFO - === Layer 11 (mbert) — Worst 5 (cosine) ===
2025-08-27 18:20:24,079 - INFO - 1. yor: cos=0.9450
2025-08-27 18:20:24,079 - INFO - 2. xho: cos=0.9563
2025-08-27 18:20:24,079 - INFO - 3. bbj: cos=0.9590
2025-08-27 18:20:24,079 - INFO - 4. fon: cos=0.9660
2025-08-27 18:20:24,079 - INFO - 5. mos: cos=0.9661
2025-08-27 18:20:24,208 - INFO - === Layer 12 (mbert) — Top 5 (cosine) ===
2025-08-27 18:20:24,208 - INFO - 1. twi: cos=0.9473
2025-08-27 18:20:24,208 - INFO - 2. lug: cos=0.9463
2025-08-27 18:20:24,208 - INFO - 3. ewe: cos=0.9366
2025-08-27 18:20:24,208 - INFO - 4. kin: cos=0.9331
2025-08-27 18:20:24,208 - INFO - 5. swa: cos=0.9259
2025-08-27 18:20:24,208 - INFO - === Layer 12 (mbert) — Worst 5 (cosine) ===
2025-08-27 18:20:24,208 - INFO - 1. yor: cos=0.7803
2025-08-27 18:20:24,208 - INFO - 2. xho: cos=0.8417
2025-08-27 18:20:24,208 - INFO - 3. bbj: cos=0.8752
2025-08-27 18:20:24,208 - INFO - 4. sna: cos=0.8763
2025-08-27 18:20:24,208 - INFO - 5. wol: cos=0.8796
2025-08-27 18:20:24,209 - INFO - Experiment finished successfully.
