2025-12-15 09:22:10,606 - INFO - Start: model_type=afroxlmr, use_cls=False, use_context=False, context_window=0, max_tokens_per_type=500, batch_size=64, output_dir=rq2_train_scripts/Embeddings/CLEAN/outputs/combined/afroxlmr/config_0_clsfalse_ctxfalse/tokens_500_ctx0/core, save_prototypes=False, seed=42, fp16=True, max_length=96, langs=all, layers=all, span_mode=bio, pool=mean, entity_tags={'DATE', 'ORG', 'PER', 'LOC'}, title_suffix='L=all, tokens=500, ctx=0, cls=false, fp16=true'
2025-12-15 09:22:12,506 - INFO - Processing run
2025-12-15 09:22:12,989 - INFO - Processing bam
2025-12-15 09:22:13,120 - INFO - Processing bbj
2025-12-15 09:22:13,244 - INFO - Processing ewe
2025-12-15 09:22:13,368 - INFO - Processing fon
2025-12-15 09:22:13,509 - INFO - Processing hau
2025-12-15 09:22:13,644 - INFO - Processing ibo
2025-12-15 09:22:13,814 - INFO - Processing kin
2025-12-15 09:22:13,954 - INFO - Processing lug
2025-12-15 09:22:14,084 - INFO - Processing luo
2025-12-15 09:22:14,225 - INFO - Processing mos
2025-12-15 09:22:14,365 - INFO - Processing nya
2025-12-15 09:22:14,501 - INFO - Processing pcm
2025-12-15 09:22:14,624 - INFO - Processing sna
2025-12-15 09:22:14,751 - INFO - Processing swa
2025-12-15 09:22:14,886 - INFO - Processing tsn
2025-12-15 09:22:15,009 - INFO - Processing twi
2025-12-15 09:22:15,151 - INFO - Processing wol
2025-12-15 09:22:15,289 - INFO - Processing xho
2025-12-15 09:22:15,411 - INFO - Processing yor
2025-12-15 09:22:15,575 - INFO - Processing zul
2025-12-15 09:22:16,104 - INFO - === Layer 1 (afroxlmr) — Top 5 (cosine) ===
2025-12-15 09:22:16,104 - INFO - 1. kin: cos=0.9680
2025-12-15 09:22:16,104 - INFO - 2. lug: cos=0.9602
2025-12-15 09:22:16,104 - INFO - 3. twi: cos=0.9594
2025-12-15 09:22:16,104 - INFO - 4. ibo: cos=0.9587
2025-12-15 09:22:16,104 - INFO - 5. luo: cos=0.9582
2025-12-15 09:22:16,105 - INFO - === Layer 1 (afroxlmr) — Worst 5 (cosine) ===
2025-12-15 09:22:16,105 - INFO - 1. fon: cos=0.9169
2025-12-15 09:22:16,105 - INFO - 2. yor: cos=0.9171
2025-12-15 09:22:16,105 - INFO - 3. mos: cos=0.9174
2025-12-15 09:22:16,105 - INFO - 4. bbj: cos=0.9238
2025-12-15 09:22:16,105 - INFO - 5. hau: cos=0.9252
2025-12-15 09:22:16,224 - INFO - === Layer 2 (afroxlmr) — Top 5 (cosine) ===
2025-12-15 09:22:16,224 - INFO - 1. kin: cos=0.9869
2025-12-15 09:22:16,224 - INFO - 2. twi: cos=0.9843
2025-12-15 09:22:16,224 - INFO - 3. ibo: cos=0.9837
2025-12-15 09:22:16,225 - INFO - 4. luo: cos=0.9833
2025-12-15 09:22:16,225 - INFO - 5. nya: cos=0.9811
2025-12-15 09:22:16,225 - INFO - === Layer 2 (afroxlmr) — Worst 5 (cosine) ===
2025-12-15 09:22:16,225 - INFO - 1. fon: cos=0.9667
2025-12-15 09:22:16,225 - INFO - 2. mos: cos=0.9675
2025-12-15 09:22:16,225 - INFO - 3. hau: cos=0.9682
2025-12-15 09:22:16,225 - INFO - 4. yor: cos=0.9682
2025-12-15 09:22:16,225 - INFO - 5. pcm: cos=0.9713
2025-12-15 09:22:16,344 - INFO - === Layer 3 (afroxlmr) — Top 5 (cosine) ===
2025-12-15 09:22:16,344 - INFO - 1. kin: cos=0.9892
2025-12-15 09:22:16,344 - INFO - 2. twi: cos=0.9869
2025-12-15 09:22:16,344 - INFO - 3. luo: cos=0.9864
2025-12-15 09:22:16,344 - INFO - 4. ibo: cos=0.9845
2025-12-15 09:22:16,344 - INFO - 5. tsn: cos=0.9838
2025-12-15 09:22:16,344 - INFO - === Layer 3 (afroxlmr) — Worst 5 (cosine) ===
2025-12-15 09:22:16,344 - INFO - 1. yor: cos=0.9734
2025-12-15 09:22:16,344 - INFO - 2. hau: cos=0.9735
2025-12-15 09:22:16,344 - INFO - 3. mos: cos=0.9738
2025-12-15 09:22:16,344 - INFO - 4. fon: cos=0.9745
2025-12-15 09:22:16,344 - INFO - 5. pcm: cos=0.9753
2025-12-15 09:22:16,463 - INFO - === Layer 4 (afroxlmr) — Top 5 (cosine) ===
2025-12-15 09:22:16,463 - INFO - 1. kin: cos=0.9859
2025-12-15 09:22:16,463 - INFO - 2. twi: cos=0.9851
2025-12-15 09:22:16,463 - INFO - 3. luo: cos=0.9838
2025-12-15 09:22:16,463 - INFO - 4. tsn: cos=0.9803
2025-12-15 09:22:16,463 - INFO - 5. lug: cos=0.9794
2025-12-15 09:22:16,463 - INFO - === Layer 4 (afroxlmr) — Worst 5 (cosine) ===
2025-12-15 09:22:16,463 - INFO - 1. hau: cos=0.9672
2025-12-15 09:22:16,463 - INFO - 2. fon: cos=0.9679
2025-12-15 09:22:16,464 - INFO - 3. mos: cos=0.9680
2025-12-15 09:22:16,464 - INFO - 4. yor: cos=0.9682
2025-12-15 09:22:16,464 - INFO - 5. pcm: cos=0.9699
2025-12-15 09:22:16,583 - INFO - === Layer 5 (afroxlmr) — Top 5 (cosine) ===
2025-12-15 09:22:16,583 - INFO - 1. kin: cos=0.9857
2025-12-15 09:22:16,583 - INFO - 2. twi: cos=0.9844
2025-12-15 09:22:16,583 - INFO - 3. luo: cos=0.9843
2025-12-15 09:22:16,583 - INFO - 4. tsn: cos=0.9816
2025-12-15 09:22:16,583 - INFO - 5. lug: cos=0.9810
2025-12-15 09:22:16,583 - INFO - === Layer 5 (afroxlmr) — Worst 5 (cosine) ===
2025-12-15 09:22:16,583 - INFO - 1. hau: cos=0.9690
2025-12-15 09:22:16,583 - INFO - 2. yor: cos=0.9692
2025-12-15 09:22:16,583 - INFO - 3. fon: cos=0.9704
2025-12-15 09:22:16,583 - INFO - 4. bbj: cos=0.9714
2025-12-15 09:22:16,583 - INFO - 5. pcm: cos=0.9720
2025-12-15 09:22:16,702 - INFO - === Layer 6 (afroxlmr) — Top 5 (cosine) ===
2025-12-15 09:22:16,702 - INFO - 1. kin: cos=0.9868
2025-12-15 09:22:16,702 - INFO - 2. luo: cos=0.9865
2025-12-15 09:22:16,702 - INFO - 3. twi: cos=0.9862
2025-12-15 09:22:16,702 - INFO - 4. tsn: cos=0.9836
2025-12-15 09:22:16,702 - INFO - 5. lug: cos=0.9831
2025-12-15 09:22:16,702 - INFO - === Layer 6 (afroxlmr) — Worst 5 (cosine) ===
2025-12-15 09:22:16,702 - INFO - 1. yor: cos=0.9729
2025-12-15 09:22:16,702 - INFO - 2. bbj: cos=0.9732
2025-12-15 09:22:16,702 - INFO - 3. hau: cos=0.9733
2025-12-15 09:22:16,702 - INFO - 4. fon: cos=0.9736
2025-12-15 09:22:16,702 - INFO - 5. mos: cos=0.9749
2025-12-15 09:22:16,821 - INFO - === Layer 7 (afroxlmr) — Top 5 (cosine) ===
2025-12-15 09:22:16,822 - INFO - 1. kin: cos=0.9892
2025-12-15 09:22:16,822 - INFO - 2. twi: cos=0.9891
2025-12-15 09:22:16,822 - INFO - 3. luo: cos=0.9883
2025-12-15 09:22:16,822 - INFO - 4. tsn: cos=0.9868
2025-12-15 09:22:16,822 - INFO - 5. lug: cos=0.9863
2025-12-15 09:22:16,822 - INFO - === Layer 7 (afroxlmr) — Worst 5 (cosine) ===
2025-12-15 09:22:16,822 - INFO - 1. yor: cos=0.9778
2025-12-15 09:22:16,822 - INFO - 2. bbj: cos=0.9779
2025-12-15 09:22:16,822 - INFO - 3. fon: cos=0.9786
2025-12-15 09:22:16,822 - INFO - 4. hau: cos=0.9790
2025-12-15 09:22:16,822 - INFO - 5. swa: cos=0.9791
2025-12-15 09:22:16,941 - INFO - === Layer 8 (afroxlmr) — Top 5 (cosine) ===
2025-12-15 09:22:16,941 - INFO - 1. luo: cos=0.9870
2025-12-15 09:22:16,941 - INFO - 2. kin: cos=0.9868
2025-12-15 09:22:16,941 - INFO - 3. twi: cos=0.9868
2025-12-15 09:22:16,941 - INFO - 4. tsn: cos=0.9848
2025-12-15 09:22:16,941 - INFO - 5. lug: cos=0.9834
2025-12-15 09:22:16,941 - INFO - === Layer 8 (afroxlmr) — Worst 5 (cosine) ===
2025-12-15 09:22:16,941 - INFO - 1. bbj: cos=0.9739
2025-12-15 09:22:16,941 - INFO - 2. yor: cos=0.9740
2025-12-15 09:22:16,941 - INFO - 3. fon: cos=0.9753
2025-12-15 09:22:16,941 - INFO - 4. swa: cos=0.9755
2025-12-15 09:22:16,941 - INFO - 5. mos: cos=0.9762
2025-12-15 09:22:17,124 - INFO - === Layer 9 (afroxlmr) — Top 5 (cosine) ===
2025-12-15 09:22:17,124 - INFO - 1. twi: cos=0.9863
2025-12-15 09:22:17,124 - INFO - 2. kin: cos=0.9861
2025-12-15 09:22:17,124 - INFO - 3. luo: cos=0.9859
2025-12-15 09:22:17,124 - INFO - 4. tsn: cos=0.9835
2025-12-15 09:22:17,124 - INFO - 5. ibo: cos=0.9828
2025-12-15 09:22:17,124 - INFO - === Layer 9 (afroxlmr) — Worst 5 (cosine) ===
2025-12-15 09:22:17,124 - INFO - 1. bbj: cos=0.9713
2025-12-15 09:22:17,124 - INFO - 2. swa: cos=0.9740
2025-12-15 09:22:17,124 - INFO - 3. yor: cos=0.9744
2025-12-15 09:22:17,124 - INFO - 4. fon: cos=0.9746
2025-12-15 09:22:17,124 - INFO - 5. mos: cos=0.9748
2025-12-15 09:22:17,243 - INFO - === Layer 10 (afroxlmr) — Top 5 (cosine) ===
2025-12-15 09:22:17,243 - INFO - 1. twi: cos=0.9916
2025-12-15 09:22:17,243 - INFO - 2. kin: cos=0.9880
2025-12-15 09:22:17,243 - INFO - 3. pcm: cos=0.9871
2025-12-15 09:22:17,243 - INFO - 4. luo: cos=0.9869
2025-12-15 09:22:17,243 - INFO - 5. swa: cos=0.9863
2025-12-15 09:22:17,243 - INFO - === Layer 10 (afroxlmr) — Worst 5 (cosine) ===
2025-12-15 09:22:17,243 - INFO - 1. xho: cos=0.9684
2025-12-15 09:22:17,243 - INFO - 2. bbj: cos=0.9714
2025-12-15 09:22:17,243 - INFO - 3. yor: cos=0.9742
2025-12-15 09:22:17,243 - INFO - 4. bam: cos=0.9745
2025-12-15 09:22:17,243 - INFO - 5. wol: cos=0.9760
2025-12-15 09:22:17,362 - INFO - === Layer 11 (afroxlmr) — Top 5 (cosine) ===
2025-12-15 09:22:17,362 - INFO - 1. twi: cos=0.9924
2025-12-15 09:22:17,362 - INFO - 2. kin: cos=0.9895
2025-12-15 09:22:17,362 - INFO - 3. pcm: cos=0.9888
2025-12-15 09:22:17,362 - INFO - 4. luo: cos=0.9883
2025-12-15 09:22:17,362 - INFO - 5. swa: cos=0.9878
2025-12-15 09:22:17,362 - INFO - === Layer 11 (afroxlmr) — Worst 5 (cosine) ===
2025-12-15 09:22:17,362 - INFO - 1. xho: cos=0.9718
2025-12-15 09:22:17,362 - INFO - 2. bbj: cos=0.9757
2025-12-15 09:22:17,362 - INFO - 3. bam: cos=0.9772
2025-12-15 09:22:17,362 - INFO - 4. yor: cos=0.9780
2025-12-15 09:22:17,362 - INFO - 5. wol: cos=0.9791
2025-12-15 09:22:17,482 - INFO - === Layer 12 (afroxlmr) — Top 5 (cosine) ===
2025-12-15 09:22:17,482 - INFO - 1. twi: cos=0.9888
2025-12-15 09:22:17,482 - INFO - 2. kin: cos=0.9859
2025-12-15 09:22:17,482 - INFO - 3. luo: cos=0.9839
2025-12-15 09:22:17,482 - INFO - 4. pcm: cos=0.9828
2025-12-15 09:22:17,482 - INFO - 5. tsn: cos=0.9820
2025-12-15 09:22:17,482 - INFO - === Layer 12 (afroxlmr) — Worst 5 (cosine) ===
2025-12-15 09:22:17,482 - INFO - 1. xho: cos=0.9660
2025-12-15 09:22:17,482 - INFO - 2. bam: cos=0.9675
2025-12-15 09:22:17,482 - INFO - 3. yor: cos=0.9678
2025-12-15 09:22:17,482 - INFO - 4. bbj: cos=0.9693
2025-12-15 09:22:17,482 - INFO - 5. sna: cos=0.9716
2025-12-15 09:22:17,483 - INFO - Experiment finished successfully.
