2025-08-24 10:59:27,502 - INFO - Start: model_type=xlmr, run_both=False, use_cls=True, use_context=False, context_window=0, max_tokens_per_type=400, batch_size=32, seed=1, num_middle_layers=3, output_dir=rq2_train_scripts/Embeddings/EXTENDED/outputs/mptc_extended/xlmr/config_1_clstrue_ctxfalse_hybfalse/tokens_400_ctx0
2025-08-24 10:59:28,045 - INFO - xlmr: selected layer indices (hidden_states) = [2, 3, 10, 12]
2025-08-24 10:59:30,202 - INFO - Processing run
2025-08-24 10:59:30,735 - INFO - Processing bam
2025-08-24 10:59:31,012 - INFO - Processing bbj
2025-08-24 10:59:31,266 - INFO - Processing ewe
2025-08-24 10:59:31,518 - INFO - Processing fon
2025-08-24 10:59:31,793 - INFO - Processing hau
2025-08-24 10:59:32,036 - INFO - Processing ibo
2025-08-24 10:59:32,345 - INFO - Processing kin
2025-08-24 10:59:32,615 - INFO - Processing lug
2025-08-24 10:59:32,868 - INFO - Processing luo
2025-08-24 10:59:33,114 - INFO - Processing mos
2025-08-24 10:59:33,364 - INFO - Processing nya
2025-08-24 10:59:33,636 - INFO - Processing pcm
2025-08-24 10:59:33,872 - INFO - Processing sna
2025-08-24 10:59:34,134 - INFO - Processing swa
2025-08-24 10:59:34,384 - INFO - Processing tsn
2025-08-24 10:59:34,632 - INFO - Processing twi
2025-08-24 10:59:34,884 - INFO - Processing wol
2025-08-24 10:59:35,151 - INFO - Processing xho
2025-08-24 10:59:35,406 - INFO - Processing yor
2025-08-24 10:59:35,677 - INFO - Processing zul
2025-08-24 10:59:36,276 - INFO - Layer 2 (xlmr) — Top 5
2025-08-24 10:59:36,277 - INFO - 1. kin: r=1.0000
2025-08-24 10:59:36,277 - INFO - 2. tsn: r=1.0000
2025-08-24 10:59:36,277 - INFO - 3. twi: r=1.0000
2025-08-24 10:59:36,277 - INFO - 4. ibo: r=1.0000
2025-08-24 10:59:36,277 - INFO - 5. zul: r=1.0000
2025-08-24 10:59:36,277 - INFO - Layer 2 (xlmr) — Worst 5
2025-08-24 10:59:36,277 - INFO - 1. bam: r=0.9999
2025-08-24 10:59:36,277 - INFO - 2. bbj: r=0.9999
2025-08-24 10:59:36,277 - INFO - 3. fon: r=0.9999
2025-08-24 10:59:36,277 - INFO - 4. hau: r=0.9999
2025-08-24 10:59:36,277 - INFO - 5. pcm: r=0.9999
2025-08-24 10:59:36,392 - INFO - Layer 3 (xlmr) — Top 5
2025-08-24 10:59:36,392 - INFO - 1. kin: r=1.0000
2025-08-24 10:59:36,392 - INFO - 2. twi: r=1.0000
2025-08-24 10:59:36,392 - INFO - 3. tsn: r=1.0000
2025-08-24 10:59:36,392 - INFO - 4. ewe: r=1.0000
2025-08-24 10:59:36,392 - INFO - 5. luo: r=1.0000
2025-08-24 10:59:36,392 - INFO - Layer 3 (xlmr) — Worst 5
2025-08-24 10:59:36,392 - INFO - 1. bbj: r=1.0000
2025-08-24 10:59:36,392 - INFO - 2. bam: r=1.0000
2025-08-24 10:59:36,392 - INFO - 3. fon: r=1.0000
2025-08-24 10:59:36,392 - INFO - 4. pcm: r=1.0000
2025-08-24 10:59:36,392 - INFO - 5. wol: r=1.0000
2025-08-24 10:59:36,508 - INFO - Layer 10 (xlmr) — Top 5
2025-08-24 10:59:36,508 - INFO - 1. tsn: r=1.0000
2025-08-24 10:59:36,508 - INFO - 2. luo: r=1.0000
2025-08-24 10:59:36,508 - INFO - 3. twi: r=1.0000
2025-08-24 10:59:36,508 - INFO - 4. kin: r=1.0000
2025-08-24 10:59:36,508 - INFO - 5. swa: r=1.0000
2025-08-24 10:59:36,508 - INFO - Layer 10 (xlmr) — Worst 5
2025-08-24 10:59:36,508 - INFO - 1. fon: r=1.0000
2025-08-24 10:59:36,508 - INFO - 2. hau: r=1.0000
2025-08-24 10:59:36,508 - INFO - 3. pcm: r=1.0000
2025-08-24 10:59:36,508 - INFO - 4. ibo: r=1.0000
2025-08-24 10:59:36,508 - INFO - 5. mos: r=1.0000
2025-08-24 10:59:36,624 - INFO - Layer 12 (xlmr) — Top 5
2025-08-24 10:59:36,624 - INFO - 1. nya: r=0.9999
2025-08-24 10:59:36,624 - INFO - 2. luo: r=0.9999
2025-08-24 10:59:36,624 - INFO - 3. tsn: r=0.9999
2025-08-24 10:59:36,624 - INFO - 4. kin: r=0.9999
2025-08-24 10:59:36,624 - INFO - 5. lug: r=0.9999
2025-08-24 10:59:36,624 - INFO - Layer 12 (xlmr) — Worst 5
2025-08-24 10:59:36,624 - INFO - 1. hau: r=0.9959
2025-08-24 10:59:36,624 - INFO - 2. fon: r=0.9993
2025-08-24 10:59:36,624 - INFO - 3. pcm: r=0.9994
2025-08-24 10:59:36,624 - INFO - 4. bbj: r=0.9997
2025-08-24 10:59:36,624 - INFO - 5. ibo: r=0.9997
2025-08-24 10:59:36,625 - INFO - Experiment finished successfully.
