2025-08-27 10:32:52,565 - INFO - Start: model_type=mbert, use_cls=False, use_context=True, context_window=1, max_tokens_per_type=500, batch_size=64, output_dir=rq2_train_scripts/Embeddings/CLEAN/outputs/salt/mbert/config_2_clsfalse_ctxtrue/tokens_500_ctx1/core, save_prototypes=False, seed=42, fp16=True, max_length=96, langs=all, layers=all, span_mode=bio, pool=mean, entity_tags={'ORG', 'PER', 'LOC', 'DATE'}, title_suffix='L=all, tokens=500, ctx=1, cls=false, fp16=true'
2025-08-27 10:32:54,160 - INFO - Processing run
2025-08-27 10:32:54,757 - INFO - Processing bam
2025-08-27 10:32:54,922 - INFO - Processing bbj
2025-08-27 10:32:55,067 - INFO - Processing ewe
2025-08-27 10:32:55,213 - INFO - Processing fon
2025-08-27 10:32:55,391 - INFO - Processing hau
2025-08-27 10:32:55,564 - INFO - Processing ibo
2025-08-27 10:32:55,762 - INFO - Processing kin
2025-08-27 10:32:55,933 - INFO - Processing lug
2025-08-27 10:32:56,089 - INFO - Processing luo
2025-08-27 10:32:56,257 - INFO - Processing mos
2025-08-27 10:32:56,425 - INFO - Processing nya
2025-08-27 10:32:56,593 - INFO - Processing pcm
2025-08-27 10:32:56,743 - INFO - Processing sna
2025-08-27 10:32:56,902 - INFO - Processing swa
2025-08-27 10:32:57,068 - INFO - Processing tsn
2025-08-27 10:32:57,227 - INFO - Processing twi
2025-08-27 10:32:57,393 - INFO - Processing wol
2025-08-27 10:32:57,566 - INFO - Processing xho
2025-08-27 10:32:57,722 - INFO - Processing yor
2025-08-27 10:32:57,925 - INFO - Processing zul
2025-08-27 10:32:58,436 - INFO - === Layer 1 (mbert) — Top 5 (cosine) ===
2025-08-27 10:32:58,436 - INFO - 1. kin: cos=0.8918
2025-08-27 10:32:58,436 - INFO - 2. lug: cos=0.8888
2025-08-27 10:32:58,436 - INFO - 3. twi: cos=0.8696
2025-08-27 10:32:58,436 - INFO - 4. luo: cos=0.8672
2025-08-27 10:32:58,436 - INFO - 5. ibo: cos=0.8638
2025-08-27 10:32:58,436 - INFO - === Layer 1 (mbert) — Worst 5 (cosine) ===
2025-08-27 10:32:58,436 - INFO - 1. yor: cos=0.6587
2025-08-27 10:32:58,436 - INFO - 2. bbj: cos=0.6926
2025-08-27 10:32:58,436 - INFO - 3. mos: cos=0.7443
2025-08-27 10:32:58,436 - INFO - 4. fon: cos=0.7562
2025-08-27 10:32:58,436 - INFO - 5. bam: cos=0.7792
2025-08-27 10:32:58,562 - INFO - === Layer 2 (mbert) — Top 5 (cosine) ===
2025-08-27 10:32:58,562 - INFO - 1. kin: cos=0.9028
2025-08-27 10:32:58,562 - INFO - 2. lug: cos=0.8850
2025-08-27 10:32:58,562 - INFO - 3. twi: cos=0.8823
2025-08-27 10:32:58,562 - INFO - 4. nya: cos=0.8815
2025-08-27 10:32:58,562 - INFO - 5. luo: cos=0.8809
2025-08-27 10:32:58,562 - INFO - === Layer 2 (mbert) — Worst 5 (cosine) ===
2025-08-27 10:32:58,562 - INFO - 1. yor: cos=0.6865
2025-08-27 10:32:58,562 - INFO - 2. bbj: cos=0.7227
2025-08-27 10:32:58,562 - INFO - 3. mos: cos=0.7648
2025-08-27 10:32:58,562 - INFO - 4. fon: cos=0.7808
2025-08-27 10:32:58,562 - INFO - 5. pcm: cos=0.7872
2025-08-27 10:32:58,689 - INFO - === Layer 3 (mbert) — Top 5 (cosine) ===
2025-08-27 10:32:58,690 - INFO - 1. kin: cos=0.9423
2025-08-27 10:32:58,690 - INFO - 2. twi: cos=0.9269
2025-08-27 10:32:58,690 - INFO - 3. luo: cos=0.9269
2025-08-27 10:32:58,690 - INFO - 4. nya: cos=0.9268
2025-08-27 10:32:58,690 - INFO - 5. lug: cos=0.9225
2025-08-27 10:32:58,690 - INFO - === Layer 3 (mbert) — Worst 5 (cosine) ===
2025-08-27 10:32:58,690 - INFO - 1. yor: cos=0.8047
2025-08-27 10:32:58,690 - INFO - 2. bbj: cos=0.8255
2025-08-27 10:32:58,690 - INFO - 3. mos: cos=0.8562
2025-08-27 10:32:58,690 - INFO - 4. pcm: cos=0.8647
2025-08-27 10:32:58,690 - INFO - 5. ewe: cos=0.8665
2025-08-27 10:32:58,817 - INFO - === Layer 4 (mbert) — Top 5 (cosine) ===
2025-08-27 10:32:58,817 - INFO - 1. kin: cos=0.9557
2025-08-27 10:32:58,817 - INFO - 2. twi: cos=0.9447
2025-08-27 10:32:58,817 - INFO - 3. luo: cos=0.9445
2025-08-27 10:32:58,817 - INFO - 4. nya: cos=0.9428
2025-08-27 10:32:58,817 - INFO - 5. lug: cos=0.9385
2025-08-27 10:32:58,817 - INFO - === Layer 4 (mbert) — Worst 5 (cosine) ===
2025-08-27 10:32:58,817 - INFO - 1. yor: cos=0.8443
2025-08-27 10:32:58,817 - INFO - 2. bbj: cos=0.8584
2025-08-27 10:32:58,817 - INFO - 3. mos: cos=0.8868
2025-08-27 10:32:58,817 - INFO - 4. ewe: cos=0.8886
2025-08-27 10:32:58,817 - INFO - 5. pcm: cos=0.8908
2025-08-27 10:32:58,945 - INFO - === Layer 5 (mbert) — Top 5 (cosine) ===
2025-08-27 10:32:58,945 - INFO - 1. kin: cos=0.9681
2025-08-27 10:32:58,945 - INFO - 2. luo: cos=0.9607
2025-08-27 10:32:58,945 - INFO - 3. twi: cos=0.9598
2025-08-27 10:32:58,945 - INFO - 4. nya: cos=0.9593
2025-08-27 10:32:58,945 - INFO - 5. lug: cos=0.9551
2025-08-27 10:32:58,945 - INFO - === Layer 5 (mbert) — Worst 5 (cosine) ===
2025-08-27 10:32:58,945 - INFO - 1. yor: cos=0.8860
2025-08-27 10:32:58,945 - INFO - 2. bbj: cos=0.8955
2025-08-27 10:32:58,946 - INFO - 3. ewe: cos=0.9178
2025-08-27 10:32:58,946 - INFO - 4. pcm: cos=0.9207
2025-08-27 10:32:58,946 - INFO - 5. fon: cos=0.9220
2025-08-27 10:32:59,139 - INFO - === Layer 6 (mbert) — Top 5 (cosine) ===
2025-08-27 10:32:59,139 - INFO - 1. kin: cos=0.9742
2025-08-27 10:32:59,139 - INFO - 2. luo: cos=0.9685
2025-08-27 10:32:59,139 - INFO - 3. twi: cos=0.9684
2025-08-27 10:32:59,139 - INFO - 4. nya: cos=0.9675
2025-08-27 10:32:59,139 - INFO - 5. lug: cos=0.9644
2025-08-27 10:32:59,139 - INFO - === Layer 6 (mbert) — Worst 5 (cosine) ===
2025-08-27 10:32:59,139 - INFO - 1. yor: cos=0.9082
2025-08-27 10:32:59,139 - INFO - 2. bbj: cos=0.9128
2025-08-27 10:32:59,139 - INFO - 3. ewe: cos=0.9358
2025-08-27 10:32:59,139 - INFO - 4. fon: cos=0.9361
2025-08-27 10:32:59,139 - INFO - 5. pcm: cos=0.9375
2025-08-27 10:32:59,288 - INFO - === Layer 7 (mbert) — Top 5 (cosine) ===
2025-08-27 10:32:59,288 - INFO - 1. kin: cos=0.9620
2025-08-27 10:32:59,288 - INFO - 2. twi: cos=0.9544
2025-08-27 10:32:59,288 - INFO - 3. nya: cos=0.9541
2025-08-27 10:32:59,288 - INFO - 4. lug: cos=0.9533
2025-08-27 10:32:59,288 - INFO - 5. luo: cos=0.9500
2025-08-27 10:32:59,288 - INFO - === Layer 7 (mbert) — Worst 5 (cosine) ===
2025-08-27 10:32:59,288 - INFO - 1. yor: cos=0.8784
2025-08-27 10:32:59,288 - INFO - 2. bbj: cos=0.8838
2025-08-27 10:32:59,288 - INFO - 3. ewe: cos=0.9088
2025-08-27 10:32:59,288 - INFO - 4. pcm: cos=0.9088
2025-08-27 10:32:59,288 - INFO - 5. fon: cos=0.9139
2025-08-27 10:32:59,459 - INFO - === Layer 8 (mbert) — Top 5 (cosine) ===
2025-08-27 10:32:59,459 - INFO - 1. kin: cos=0.9575
2025-08-27 10:32:59,460 - INFO - 2. twi: cos=0.9509
2025-08-27 10:32:59,460 - INFO - 3. nya: cos=0.9490
2025-08-27 10:32:59,460 - INFO - 4. lug: cos=0.9486
2025-08-27 10:32:59,460 - INFO - 5. luo: cos=0.9428
2025-08-27 10:32:59,460 - INFO - === Layer 8 (mbert) — Worst 5 (cosine) ===
2025-08-27 10:32:59,460 - INFO - 1. yor: cos=0.8704
2025-08-27 10:32:59,460 - INFO - 2. bbj: cos=0.8750
2025-08-27 10:32:59,460 - INFO - 3. pcm: cos=0.8977
2025-08-27 10:32:59,460 - INFO - 4. ewe: cos=0.8992
2025-08-27 10:32:59,460 - INFO - 5. fon: cos=0.9040
2025-08-27 10:32:59,622 - INFO - === Layer 9 (mbert) — Top 5 (cosine) ===
2025-08-27 10:32:59,623 - INFO - 1. kin: cos=0.9690
2025-08-27 10:32:59,623 - INFO - 2. twi: cos=0.9633
2025-08-27 10:32:59,623 - INFO - 3. luo: cos=0.9589
2025-08-27 10:32:59,623 - INFO - 4. lug: cos=0.9583
2025-08-27 10:32:59,623 - INFO - 5. ibo: cos=0.9583
2025-08-27 10:32:59,623 - INFO - === Layer 9 (mbert) — Worst 5 (cosine) ===
2025-08-27 10:32:59,623 - INFO - 1. yor: cos=0.9106
2025-08-27 10:32:59,623 - INFO - 2. bbj: cos=0.9116
2025-08-27 10:32:59,623 - INFO - 3. ewe: cos=0.9233
2025-08-27 10:32:59,623 - INFO - 4. pcm: cos=0.9254
2025-08-27 10:32:59,623 - INFO - 5. fon: cos=0.9304
2025-08-27 10:32:59,754 - INFO - === Layer 10 (mbert) — Top 5 (cosine) ===
2025-08-27 10:32:59,754 - INFO - 1. kin: cos=0.9769
2025-08-27 10:32:59,754 - INFO - 2. twi: cos=0.9767
2025-08-27 10:32:59,754 - INFO - 3. lug: cos=0.9715
2025-08-27 10:32:59,754 - INFO - 4. luo: cos=0.9703
2025-08-27 10:32:59,755 - INFO - 5. nya: cos=0.9691
2025-08-27 10:32:59,755 - INFO - === Layer 10 (mbert) — Worst 5 (cosine) ===
2025-08-27 10:32:59,755 - INFO - 1. yor: cos=0.9324
2025-08-27 10:32:59,755 - INFO - 2. bbj: cos=0.9382
2025-08-27 10:32:59,755 - INFO - 3. bam: cos=0.9397
2025-08-27 10:32:59,755 - INFO - 4. xho: cos=0.9431
2025-08-27 10:32:59,755 - INFO - 5. fon: cos=0.9509
2025-08-27 10:32:59,886 - INFO - === Layer 11 (mbert) — Top 5 (cosine) ===
2025-08-27 10:32:59,886 - INFO - 1. twi: cos=0.9795
2025-08-27 10:32:59,887 - INFO - 2. kin: cos=0.9790
2025-08-27 10:32:59,887 - INFO - 3. nya: cos=0.9754
2025-08-27 10:32:59,887 - INFO - 4. lug: cos=0.9750
2025-08-27 10:32:59,887 - INFO - 5. luo: cos=0.9749
2025-08-27 10:32:59,887 - INFO - === Layer 11 (mbert) — Worst 5 (cosine) ===
2025-08-27 10:32:59,887 - INFO - 1. yor: cos=0.9365
2025-08-27 10:32:59,887 - INFO - 2. bbj: cos=0.9414
2025-08-27 10:32:59,887 - INFO - 3. bam: cos=0.9452
2025-08-27 10:32:59,887 - INFO - 4. xho: cos=0.9537
2025-08-27 10:32:59,887 - INFO - 5. fon: cos=0.9567
2025-08-27 10:33:00,039 - INFO - === Layer 12 (mbert) — Top 5 (cosine) ===
2025-08-27 10:33:00,040 - INFO - 1. lug: cos=0.8893
2025-08-27 10:33:00,040 - INFO - 2. kin: cos=0.8806
2025-08-27 10:33:00,040 - INFO - 3. twi: cos=0.8778
2025-08-27 10:33:00,040 - INFO - 4. nya: cos=0.8719
2025-08-27 10:33:00,040 - INFO - 5. swa: cos=0.8495
2025-08-27 10:33:00,040 - INFO - === Layer 12 (mbert) — Worst 5 (cosine) ===
2025-08-27 10:33:00,040 - INFO - 1. yor: cos=0.6916
2025-08-27 10:33:00,040 - INFO - 2. bbj: cos=0.7302
2025-08-27 10:33:00,040 - INFO - 3. fon: cos=0.7698
2025-08-27 10:33:00,040 - INFO - 4. xho: cos=0.7700
2025-08-27 10:33:00,040 - INFO - 5. bam: cos=0.7827
2025-08-27 10:33:00,040 - INFO - Experiment finished successfully.
