2025-08-24 11:30:07,947 - INFO - Start: model_type=xlmr, run_both=False, use_cls=False, use_context=True, context_window=2, max_tokens_per_type=500, batch_size=32, seed=1, num_middle_layers=3, output_dir=rq2_train_scripts/Embeddings/EXTENDED/outputs/salt_extended/xlmr/config_6_clsfalse_ctxtrue_hybtrue/tokens_500_ctx2
2025-08-24 11:30:08,534 - INFO - xlmr: selected layer indices (hidden_states) = [2, 3, 10, 12]
2025-08-24 11:30:09,879 - INFO - Processing run
2025-08-24 11:30:10,456 - INFO - Processing bam
2025-08-24 11:30:10,648 - INFO - Processing bbj
2025-08-24 11:30:10,829 - INFO - Processing ewe
2025-08-24 11:30:11,060 - INFO - Processing fon
2025-08-24 11:30:11,289 - INFO - Processing hau
2025-08-24 11:30:11,507 - INFO - Processing ibo
2025-08-24 11:30:11,837 - INFO - Processing kin
2025-08-24 11:30:12,228 - INFO - Processing lug
2025-08-24 11:30:13,103 - INFO - Processing luo
2025-08-24 11:30:13,946 - INFO - Processing mos
2025-08-24 11:30:14,504 - INFO - Processing nya
2025-08-24 11:30:15,005 - INFO - Processing pcm
2025-08-24 11:30:15,480 - INFO - Processing sna
2025-08-24 11:30:16,003 - INFO - Processing swa
2025-08-24 11:30:16,594 - INFO - Processing tsn
2025-08-24 11:30:17,042 - INFO - Processing twi
2025-08-24 11:30:17,575 - INFO - Processing wol
2025-08-24 11:30:18,118 - INFO - Processing xho
2025-08-24 11:30:19,123 - INFO - Processing yor
2025-08-24 11:30:20,050 - INFO - Processing zul
2025-08-24 11:30:21,190 - INFO - Layer 2 (xlmr) — Top 5
2025-08-24 11:30:21,190 - INFO - 1. twi: r=0.9795
2025-08-24 11:30:21,190 - INFO - 2. kin: r=0.9792
2025-08-24 11:30:21,190 - INFO - 3. ibo: r=0.9766
2025-08-24 11:30:21,190 - INFO - 4. lug: r=0.9766
2025-08-24 11:30:21,190 - INFO - 5. sna: r=0.9761
2025-08-24 11:30:21,190 - INFO - Layer 2 (xlmr) — Worst 5
2025-08-24 11:30:21,190 - INFO - 1. hau: r=0.9519
2025-08-24 11:30:21,190 - INFO - 2. pcm: r=0.9537
2025-08-24 11:30:21,190 - INFO - 3. fon: r=0.9548
2025-08-24 11:30:21,190 - INFO - 4. bbj: r=0.9572
2025-08-24 11:30:21,190 - INFO - 5. yor: r=0.9583
2025-08-24 11:30:21,309 - INFO - Layer 3 (xlmr) — Top 5
2025-08-24 11:30:21,309 - INFO - 1. kin: r=0.9855
2025-08-24 11:30:21,309 - INFO - 2. twi: r=0.9849
2025-08-24 11:30:21,309 - INFO - 3. lug: r=0.9836
2025-08-24 11:30:21,309 - INFO - 4. ibo: r=0.9833
2025-08-24 11:30:21,309 - INFO - 5. sna: r=0.9830
2025-08-24 11:30:21,309 - INFO - Layer 3 (xlmr) — Worst 5
2025-08-24 11:30:21,309 - INFO - 1. hau: r=0.9652
2025-08-24 11:30:21,309 - INFO - 2. pcm: r=0.9665
2025-08-24 11:30:21,309 - INFO - 3. fon: r=0.9687
2025-08-24 11:30:21,309 - INFO - 4. bbj: r=0.9698
2025-08-24 11:30:21,309 - INFO - 5. yor: r=0.9718
2025-08-24 11:30:21,429 - INFO - Layer 10 (xlmr) — Top 5
2025-08-24 11:30:21,429 - INFO - 1. kin: r=0.9890
2025-08-24 11:30:21,429 - INFO - 2. lug: r=0.9881
2025-08-24 11:30:21,429 - INFO - 3. sna: r=0.9875
2025-08-24 11:30:21,429 - INFO - 4. twi: r=0.9875
2025-08-24 11:30:21,429 - INFO - 5. luo: r=0.9869
2025-08-24 11:30:21,429 - INFO - Layer 10 (xlmr) — Worst 5
2025-08-24 11:30:21,429 - INFO - 1. bbj: r=0.9659
2025-08-24 11:30:21,429 - INFO - 2. hau: r=0.9675
2025-08-24 11:30:21,429 - INFO - 3. fon: r=0.9701
2025-08-24 11:30:21,429 - INFO - 4. pcm: r=0.9714
2025-08-24 11:30:21,429 - INFO - 5. yor: r=0.9720
2025-08-24 11:30:21,551 - INFO - Layer 12 (xlmr) — Top 5
2025-08-24 11:30:21,551 - INFO - 1. kin: r=0.9993
2025-08-24 11:30:21,551 - INFO - 2. sna: r=0.9992
2025-08-24 11:30:21,551 - INFO - 3. nya: r=0.9991
2025-08-24 11:30:21,551 - INFO - 4. luo: r=0.9991
2025-08-24 11:30:21,551 - INFO - 5. lug: r=0.9990
2025-08-24 11:30:21,551 - INFO - Layer 12 (xlmr) — Worst 5
2025-08-24 11:30:21,551 - INFO - 1. bbj: r=0.9967
2025-08-24 11:30:21,551 - INFO - 2. fon: r=0.9969
2025-08-24 11:30:21,551 - INFO - 3. hau: r=0.9973
2025-08-24 11:30:21,551 - INFO - 4. yor: r=0.9975
2025-08-24 11:30:21,551 - INFO - 5. pcm: r=0.9979
2025-08-24 11:30:21,552 - INFO - Experiment finished successfully.
