2025-08-03 05:30:48,733 - INFO - Experiment started with model_type=xlmr, use_cls=False, use_context=True, context_window=1, use_hybrid=False, max_tokens_per_type=300, output_dir=rq2_train_scripts/Embeddings/MEXA_inspired_strategy/outputs/mptc/xlmr/config_2_clsfalse_ctxtrue_hybfalse/tokens_300_ctx1
2025-08-03 05:30:50,207 - INFO - Processing run
2025-08-03 05:30:52,045 - INFO - Processing bam
2025-08-03 05:30:54,594 - INFO - Processing bbj
2025-08-03 05:30:57,168 - INFO - Processing ewe
2025-08-03 05:30:59,753 - INFO - Processing fon
2025-08-03 05:31:02,358 - INFO - Processing hau
2025-08-03 05:31:04,960 - INFO - Processing ibo
2025-08-03 05:31:07,600 - INFO - Processing kin
2025-08-03 05:31:10,224 - INFO - Processing lug
2025-08-03 05:31:12,805 - INFO - Processing luo
2025-08-03 05:31:15,407 - INFO - Processing mos
2025-08-03 05:31:18,004 - INFO - Processing nya
2025-08-03 05:31:20,618 - INFO - Processing pcm
2025-08-03 05:31:23,199 - INFO - Processing sna
2025-08-03 05:31:25,798 - INFO - Processing swa
2025-08-03 05:31:28,392 - INFO - Processing tsn
2025-08-03 05:31:30,982 - INFO - Processing twi
2025-08-03 05:31:33,578 - INFO - Processing wol
2025-08-03 05:31:36,177 - INFO - Processing xho
2025-08-03 05:31:38,764 - INFO - Processing yor
2025-08-03 05:31:41,408 - INFO - Processing zul
2025-08-03 05:31:44,448 - INFO - Top 5 languages most similar to Runyankore:
2025-08-03 05:31:44,448 - INFO - 1. kin - Mean Similarity: 0.9979
2025-08-03 05:31:44,448 - INFO - 2. lug - Mean Similarity: 0.9979
2025-08-03 05:31:44,448 - INFO - 3. nya - Mean Similarity: 0.9977
2025-08-03 05:31:44,448 - INFO - 4. luo - Mean Similarity: 0.9977
2025-08-03 05:31:44,448 - INFO - 5. sna - Mean Similarity: 0.9976
2025-08-03 05:31:44,448 - INFO - Experiment finished successfully.
