2025-08-27 09:48:59,240 - INFO - Start: model_type=xlmr, use_cls=True, use_context=False, context_window=1, max_tokens_per_type=200, batch_size=64, output_dir=rq2_train_scripts/Embeddings/CLEAN/outputs/combined/xlmr/config_1_clstrue_ctxfalse/tokens_200_ctx1/core, save_prototypes=False, seed=42, fp16=True, max_length=96, langs=all, layers=all, span_mode=bio, pool=mean, entity_tags={'PER', 'DATE', 'LOC', 'ORG'}, title_suffix='L=all, tokens=200, ctx=1, cls=true, fp16=true'
2025-08-27 09:49:01,336 - INFO - Processing run
2025-08-27 09:49:01,759 - INFO - Processing bam
2025-08-27 09:49:01,808 - INFO - Processing bbj
2025-08-27 09:49:01,840 - INFO - Processing ewe
2025-08-27 09:49:01,875 - INFO - Processing fon
2025-08-27 09:49:01,933 - INFO - Processing hau
2025-08-27 09:49:01,986 - INFO - Processing ibo
2025-08-27 09:49:02,064 - INFO - Processing kin
2025-08-27 09:49:02,125 - INFO - Processing lug
2025-08-27 09:49:02,171 - INFO - Processing luo
2025-08-27 09:49:02,222 - INFO - Processing mos
2025-08-27 09:49:02,276 - INFO - Processing nya
2025-08-27 09:49:02,331 - INFO - Processing pcm
2025-08-27 09:49:02,382 - INFO - Processing sna
2025-08-27 09:49:02,429 - INFO - Processing swa
2025-08-27 09:49:02,485 - INFO - Processing tsn
2025-08-27 09:49:02,522 - INFO - Processing twi
2025-08-27 09:49:02,569 - INFO - Processing wol
2025-08-27 09:49:02,618 - INFO - Processing xho
2025-08-27 09:49:02,658 - INFO - Processing yor
2025-08-27 09:49:02,735 - INFO - Processing zul
2025-08-27 09:49:03,202 - INFO - === Layer 1 (xlmr) — Top 5 (cosine) ===
2025-08-27 09:49:03,202 - INFO - 1. twi: cos=0.9999
2025-08-27 09:49:03,202 - INFO - 2. luo: cos=0.9999
2025-08-27 09:49:03,202 - INFO - 3. kin: cos=0.9999
2025-08-27 09:49:03,202 - INFO - 4. ewe: cos=0.9998
2025-08-27 09:49:03,202 - INFO - 5. ibo: cos=0.9998
2025-08-27 09:49:03,202 - INFO - === Layer 1 (xlmr) — Worst 5 (cosine) ===
2025-08-27 09:49:03,202 - INFO - 1. hau: cos=0.9992
2025-08-27 09:49:03,202 - INFO - 2. pcm: cos=0.9994
2025-08-27 09:49:03,202 - INFO - 3. bbj: cos=0.9995
2025-08-27 09:49:03,202 - INFO - 4. bam: cos=0.9996
2025-08-27 09:49:03,202 - INFO - 5. swa: cos=0.9996
2025-08-27 09:49:03,330 - INFO - === Layer 2 (xlmr) — Top 5 (cosine) ===
2025-08-27 09:49:03,330 - INFO - 1. kin: cos=1.0000
2025-08-27 09:49:03,330 - INFO - 2. twi: cos=1.0000
2025-08-27 09:49:03,330 - INFO - 3. luo: cos=1.0000
2025-08-27 09:49:03,330 - INFO - 4. zul: cos=1.0000
2025-08-27 09:49:03,330 - INFO - 5. ewe: cos=1.0000
2025-08-27 09:49:03,330 - INFO - === Layer 2 (xlmr) — Worst 5 (cosine) ===
2025-08-27 09:49:03,330 - INFO - 1. pcm: cos=0.9999
2025-08-27 09:49:03,330 - INFO - 2. hau: cos=0.9999
2025-08-27 09:49:03,330 - INFO - 3. swa: cos=0.9999
2025-08-27 09:49:03,330 - INFO - 4. bbj: cos=0.9999
2025-08-27 09:49:03,330 - INFO - 5. xho: cos=0.9999
2025-08-27 09:49:03,460 - INFO - === Layer 3 (xlmr) — Top 5 (cosine) ===
2025-08-27 09:49:03,460 - INFO - 1. kin: cos=1.0000
2025-08-27 09:49:03,460 - INFO - 2. twi: cos=1.0000
2025-08-27 09:49:03,460 - INFO - 3. luo: cos=1.0000
2025-08-27 09:49:03,460 - INFO - 4. lug: cos=1.0000
2025-08-27 09:49:03,460 - INFO - 5. zul: cos=1.0000
2025-08-27 09:49:03,460 - INFO - === Layer 3 (xlmr) — Worst 5 (cosine) ===
2025-08-27 09:49:03,460 - INFO - 1. pcm: cos=1.0000
2025-08-27 09:49:03,460 - INFO - 2. swa: cos=1.0000
2025-08-27 09:49:03,460 - INFO - 3. yor: cos=1.0000
2025-08-27 09:49:03,460 - INFO - 4. xho: cos=1.0000
2025-08-27 09:49:03,460 - INFO - 5. sna: cos=1.0000
2025-08-27 09:49:03,588 - INFO - === Layer 4 (xlmr) — Top 5 (cosine) ===
2025-08-27 09:49:03,589 - INFO - 1. kin: cos=1.0000
2025-08-27 09:49:03,589 - INFO - 2. twi: cos=1.0000
2025-08-27 09:49:03,589 - INFO - 3. tsn: cos=1.0000
2025-08-27 09:49:03,589 - INFO - 4. bbj: cos=1.0000
2025-08-27 09:49:03,589 - INFO - 5. zul: cos=1.0000
2025-08-27 09:49:03,589 - INFO - === Layer 4 (xlmr) — Worst 5 (cosine) ===
2025-08-27 09:49:03,589 - INFO - 1. pcm: cos=1.0000
2025-08-27 09:49:03,589 - INFO - 2. yor: cos=1.0000
2025-08-27 09:49:03,589 - INFO - 3. hau: cos=1.0000
2025-08-27 09:49:03,589 - INFO - 4. bam: cos=1.0000
2025-08-27 09:49:03,589 - INFO - 5. nya: cos=1.0000
2025-08-27 09:49:03,718 - INFO - === Layer 5 (xlmr) — Top 5 (cosine) ===
2025-08-27 09:49:03,718 - INFO - 1. mos: cos=1.0000
2025-08-27 09:49:03,718 - INFO - 2. ewe: cos=1.0000
2025-08-27 09:49:03,718 - INFO - 3. bbj: cos=1.0000
2025-08-27 09:49:03,718 - INFO - 4. twi: cos=1.0000
2025-08-27 09:49:03,718 - INFO - 5. zul: cos=1.0000
2025-08-27 09:49:03,718 - INFO - === Layer 5 (xlmr) — Worst 5 (cosine) ===
2025-08-27 09:49:03,718 - INFO - 1. yor: cos=1.0000
2025-08-27 09:49:03,718 - INFO - 2. hau: cos=1.0000
2025-08-27 09:49:03,718 - INFO - 3. pcm: cos=1.0000
2025-08-27 09:49:03,718 - INFO - 4. swa: cos=1.0000
2025-08-27 09:49:03,718 - INFO - 5. kin: cos=1.0000
2025-08-27 09:49:03,846 - INFO - === Layer 6 (xlmr) — Top 5 (cosine) ===
2025-08-27 09:49:03,846 - INFO - 1. mos: cos=1.0000
2025-08-27 09:49:03,846 - INFO - 2. nya: cos=1.0000
2025-08-27 09:49:03,846 - INFO - 3. bbj: cos=1.0000
2025-08-27 09:49:03,846 - INFO - 4. twi: cos=1.0000
2025-08-27 09:49:03,846 - INFO - 5. ewe: cos=1.0000
2025-08-27 09:49:03,846 - INFO - === Layer 6 (xlmr) — Worst 5 (cosine) ===
2025-08-27 09:49:03,846 - INFO - 1. yor: cos=1.0000
2025-08-27 09:49:03,846 - INFO - 2. hau: cos=1.0000
2025-08-27 09:49:03,846 - INFO - 3. luo: cos=1.0000
2025-08-27 09:49:03,846 - INFO - 4. swa: cos=1.0000
2025-08-27 09:49:03,846 - INFO - 5. pcm: cos=1.0000
2025-08-27 09:49:03,975 - INFO - === Layer 7 (xlmr) — Top 5 (cosine) ===
2025-08-27 09:49:03,975 - INFO - 1. lug: cos=1.0000
2025-08-27 09:49:03,975 - INFO - 2. twi: cos=1.0000
2025-08-27 09:49:03,975 - INFO - 3. bbj: cos=1.0000
2025-08-27 09:49:03,975 - INFO - 4. swa: cos=1.0000
2025-08-27 09:49:03,975 - INFO - 5. ibo: cos=1.0000
2025-08-27 09:49:03,975 - INFO - === Layer 7 (xlmr) — Worst 5 (cosine) ===
2025-08-27 09:49:03,975 - INFO - 1. luo: cos=1.0000
2025-08-27 09:49:03,975 - INFO - 2. pcm: cos=1.0000
2025-08-27 09:49:03,975 - INFO - 3. tsn: cos=1.0000
2025-08-27 09:49:03,975 - INFO - 4. hau: cos=1.0000
2025-08-27 09:49:03,975 - INFO - 5. sna: cos=1.0000
2025-08-27 09:49:04,175 - INFO - === Layer 8 (xlmr) — Top 5 (cosine) ===
2025-08-27 09:49:04,175 - INFO - 1. zul: cos=1.0000
2025-08-27 09:49:04,175 - INFO - 2. ewe: cos=1.0000
2025-08-27 09:49:04,175 - INFO - 3. tsn: cos=1.0000
2025-08-27 09:49:04,175 - INFO - 4. lug: cos=1.0000
2025-08-27 09:49:04,175 - INFO - 5. nya: cos=1.0000
2025-08-27 09:49:04,175 - INFO - === Layer 8 (xlmr) — Worst 5 (cosine) ===
2025-08-27 09:49:04,175 - INFO - 1. pcm: cos=0.9998
2025-08-27 09:49:04,176 - INFO - 2. bbj: cos=0.9999
2025-08-27 09:49:04,176 - INFO - 3. fon: cos=0.9999
2025-08-27 09:49:04,176 - INFO - 4. ibo: cos=0.9999
2025-08-27 09:49:04,176 - INFO - 5. hau: cos=0.9999
2025-08-27 09:49:04,306 - INFO - === Layer 9 (xlmr) — Top 5 (cosine) ===
2025-08-27 09:49:04,306 - INFO - 1. zul: cos=1.0000
2025-08-27 09:49:04,306 - INFO - 2. ewe: cos=1.0000
2025-08-27 09:49:04,306 - INFO - 3. bam: cos=1.0000
2025-08-27 09:49:04,306 - INFO - 4. lug: cos=1.0000
2025-08-27 09:49:04,306 - INFO - 5. wol: cos=1.0000
2025-08-27 09:49:04,306 - INFO - === Layer 9 (xlmr) — Worst 5 (cosine) ===
2025-08-27 09:49:04,306 - INFO - 1. pcm: cos=0.9999
2025-08-27 09:49:04,306 - INFO - 2. ibo: cos=1.0000
2025-08-27 09:49:04,306 - INFO - 3. hau: cos=1.0000
2025-08-27 09:49:04,306 - INFO - 4. luo: cos=1.0000
2025-08-27 09:49:04,306 - INFO - 5. sna: cos=1.0000
2025-08-27 09:49:04,437 - INFO - === Layer 10 (xlmr) — Top 5 (cosine) ===
2025-08-27 09:49:04,437 - INFO - 1. swa: cos=1.0000
2025-08-27 09:49:04,437 - INFO - 2. ewe: cos=1.0000
2025-08-27 09:49:04,437 - INFO - 3. zul: cos=1.0000
2025-08-27 09:49:04,437 - INFO - 4. hau: cos=1.0000
2025-08-27 09:49:04,437 - INFO - 5. tsn: cos=1.0000
2025-08-27 09:49:04,437 - INFO - === Layer 10 (xlmr) — Worst 5 (cosine) ===
2025-08-27 09:49:04,437 - INFO - 1. bam: cos=0.9999
2025-08-27 09:49:04,437 - INFO - 2. pcm: cos=1.0000
2025-08-27 09:49:04,437 - INFO - 3. ibo: cos=1.0000
2025-08-27 09:49:04,437 - INFO - 4. yor: cos=1.0000
2025-08-27 09:49:04,437 - INFO - 5. fon: cos=1.0000
2025-08-27 09:49:04,570 - INFO - === Layer 11 (xlmr) — Top 5 (cosine) ===
2025-08-27 09:49:04,570 - INFO - 1. nya: cos=1.0000
2025-08-27 09:49:04,570 - INFO - 2. hau: cos=1.0000
2025-08-27 09:49:04,570 - INFO - 3. zul: cos=1.0000
2025-08-27 09:49:04,570 - INFO - 4. pcm: cos=1.0000
2025-08-27 09:49:04,570 - INFO - 5. yor: cos=1.0000
2025-08-27 09:49:04,570 - INFO - === Layer 11 (xlmr) — Worst 5 (cosine) ===
2025-08-27 09:49:04,570 - INFO - 1. kin: cos=0.9998
2025-08-27 09:49:04,570 - INFO - 2. luo: cos=0.9998
2025-08-27 09:49:04,570 - INFO - 3. mos: cos=0.9999
2025-08-27 09:49:04,570 - INFO - 4. bam: cos=0.9999
2025-08-27 09:49:04,570 - INFO - 5. lug: cos=0.9999
2025-08-27 09:49:04,710 - INFO - === Layer 12 (xlmr) — Top 5 (cosine) ===
2025-08-27 09:49:04,711 - INFO - 1. nya: cos=0.9999
2025-08-27 09:49:04,711 - INFO - 2. wol: cos=0.9999
2025-08-27 09:49:04,711 - INFO - 3. tsn: cos=0.9998
2025-08-27 09:49:04,711 - INFO - 4. ewe: cos=0.9998
2025-08-27 09:49:04,711 - INFO - 5. fon: cos=0.9998
2025-08-27 09:49:04,711 - INFO - === Layer 12 (xlmr) — Worst 5 (cosine) ===
2025-08-27 09:49:04,711 - INFO - 1. hau: cos=0.9676
2025-08-27 09:49:04,711 - INFO - 2. bam: cos=0.9970
2025-08-27 09:49:04,711 - INFO - 3. twi: cos=0.9984
2025-08-27 09:49:04,711 - INFO - 4. pcm: cos=0.9995
2025-08-27 09:49:04,711 - INFO - 5. kin: cos=0.9996
2025-08-27 09:49:04,711 - INFO - Experiment finished successfully.
