2025-08-24 10:59:18,251 - INFO - Start: model_type=xlmr, run_both=False, use_cls=True, use_context=False, context_window=0, max_tokens_per_type=300, batch_size=32, seed=1, num_middle_layers=3, output_dir=rq2_train_scripts/Embeddings/EXTENDED/outputs/mptc_extended/xlmr/config_1_clstrue_ctxfalse_hybfalse/tokens_300_ctx0
2025-08-24 10:59:18,787 - INFO - xlmr: selected layer indices (hidden_states) = [2, 3, 10, 12]
2025-08-24 10:59:20,752 - INFO - Processing run
2025-08-24 10:59:21,253 - INFO - Processing bam
2025-08-24 10:59:21,457 - INFO - Processing bbj
2025-08-24 10:59:21,644 - INFO - Processing ewe
2025-08-24 10:59:21,840 - INFO - Processing fon
2025-08-24 10:59:22,055 - INFO - Processing hau
2025-08-24 10:59:22,252 - INFO - Processing ibo
2025-08-24 10:59:22,489 - INFO - Processing kin
2025-08-24 10:59:22,701 - INFO - Processing lug
2025-08-24 10:59:22,885 - INFO - Processing luo
2025-08-24 10:59:23,084 - INFO - Processing mos
2025-08-24 10:59:23,292 - INFO - Processing nya
2025-08-24 10:59:23,495 - INFO - Processing pcm
2025-08-24 10:59:23,680 - INFO - Processing sna
2025-08-24 10:59:23,888 - INFO - Processing swa
2025-08-24 10:59:24,090 - INFO - Processing tsn
2025-08-24 10:59:24,268 - INFO - Processing twi
2025-08-24 10:59:24,465 - INFO - Processing wol
2025-08-24 10:59:24,679 - INFO - Processing xho
2025-08-24 10:59:24,883 - INFO - Processing yor
2025-08-24 10:59:25,103 - INFO - Processing zul
2025-08-24 10:59:25,630 - INFO - Layer 2 (xlmr) — Top 5
2025-08-24 10:59:25,630 - INFO - 1. tsn: r=1.0000
2025-08-24 10:59:25,630 - INFO - 2. kin: r=1.0000
2025-08-24 10:59:25,630 - INFO - 3. nya: r=1.0000
2025-08-24 10:59:25,630 - INFO - 4. zul: r=1.0000
2025-08-24 10:59:25,630 - INFO - 5. twi: r=1.0000
2025-08-24 10:59:25,630 - INFO - Layer 2 (xlmr) — Worst 5
2025-08-24 10:59:25,630 - INFO - 1. bam: r=0.9999
2025-08-24 10:59:25,630 - INFO - 2. fon: r=0.9999
2025-08-24 10:59:25,630 - INFO - 3. bbj: r=0.9999
2025-08-24 10:59:25,630 - INFO - 4. hau: r=0.9999
2025-08-24 10:59:25,630 - INFO - 5. pcm: r=0.9999
2025-08-24 10:59:25,751 - INFO - Layer 3 (xlmr) — Top 5
2025-08-24 10:59:25,751 - INFO - 1. kin: r=1.0000
2025-08-24 10:59:25,751 - INFO - 2. twi: r=1.0000
2025-08-24 10:59:25,751 - INFO - 3. tsn: r=1.0000
2025-08-24 10:59:25,751 - INFO - 4. ewe: r=1.0000
2025-08-24 10:59:25,751 - INFO - 5. luo: r=1.0000
2025-08-24 10:59:25,751 - INFO - Layer 3 (xlmr) — Worst 5
2025-08-24 10:59:25,751 - INFO - 1. bbj: r=1.0000
2025-08-24 10:59:25,751 - INFO - 2. fon: r=1.0000
2025-08-24 10:59:25,751 - INFO - 3. bam: r=1.0000
2025-08-24 10:59:25,751 - INFO - 4. pcm: r=1.0000
2025-08-24 10:59:25,751 - INFO - 5. wol: r=1.0000
2025-08-24 10:59:25,870 - INFO - Layer 10 (xlmr) — Top 5
2025-08-24 10:59:25,870 - INFO - 1. tsn: r=1.0000
2025-08-24 10:59:25,870 - INFO - 2. swa: r=1.0000
2025-08-24 10:59:25,870 - INFO - 3. luo: r=1.0000
2025-08-24 10:59:25,870 - INFO - 4. kin: r=1.0000
2025-08-24 10:59:25,870 - INFO - 5. sna: r=1.0000
2025-08-24 10:59:25,870 - INFO - Layer 10 (xlmr) — Worst 5
2025-08-24 10:59:25,870 - INFO - 1. fon: r=1.0000
2025-08-24 10:59:25,870 - INFO - 2. hau: r=1.0000
2025-08-24 10:59:25,870 - INFO - 3. pcm: r=1.0000
2025-08-24 10:59:25,870 - INFO - 4. ibo: r=1.0000
2025-08-24 10:59:25,870 - INFO - 5. bbj: r=1.0000
2025-08-24 10:59:25,990 - INFO - Layer 12 (xlmr) — Top 5
2025-08-24 10:59:25,990 - INFO - 1. nya: r=0.9999
2025-08-24 10:59:25,990 - INFO - 2. kin: r=0.9999
2025-08-24 10:59:25,990 - INFO - 3. sna: r=0.9999
2025-08-24 10:59:25,990 - INFO - 4. luo: r=0.9999
2025-08-24 10:59:25,990 - INFO - 5. tsn: r=0.9999
2025-08-24 10:59:25,990 - INFO - Layer 12 (xlmr) — Worst 5
2025-08-24 10:59:25,990 - INFO - 1. hau: r=0.9958
2025-08-24 10:59:25,990 - INFO - 2. fon: r=0.9991
2025-08-24 10:59:25,990 - INFO - 3. pcm: r=0.9993
2025-08-24 10:59:25,990 - INFO - 4. swa: r=0.9997
2025-08-24 10:59:25,990 - INFO - 5. bbj: r=0.9997
2025-08-24 10:59:25,991 - INFO - Experiment finished successfully.
