2025-08-24 11:51:05,986 - INFO - Start: model_type=mbert, run_both=False, use_cls=True, use_context=True, context_window=3, max_tokens_per_type=400, batch_size=32, seed=1, num_middle_layers=3, output_dir=rq2_train_scripts/Embeddings/EXTENDED/outputs/salt_extended/mbert/config_7_clstrue_ctxtrue_hybtrue/tokens_400_ctx3
2025-08-24 11:51:06,498 - INFO - mbert: selected layer indices (hidden_states) = [2, 3, 10, 12]
2025-08-24 11:51:07,487 - INFO - Processing run
2025-08-24 11:51:08,081 - INFO - Processing bam
2025-08-24 11:51:08,346 - INFO - Processing bbj
2025-08-24 11:51:08,541 - INFO - Processing ewe
2025-08-24 11:51:08,718 - INFO - Processing fon
2025-08-24 11:51:08,872 - INFO - Processing hau
2025-08-24 11:51:09,007 - INFO - Processing ibo
2025-08-24 11:51:09,181 - INFO - Processing kin
2025-08-24 11:51:09,335 - INFO - Processing lug
2025-08-24 11:51:09,486 - INFO - Processing luo
2025-08-24 11:51:09,634 - INFO - Processing mos
2025-08-24 11:51:09,785 - INFO - Processing nya
2025-08-24 11:51:09,938 - INFO - Processing pcm
2025-08-24 11:51:10,063 - INFO - Processing sna
2025-08-24 11:51:10,230 - INFO - Processing swa
2025-08-24 11:51:10,383 - INFO - Processing tsn
2025-08-24 11:51:10,503 - INFO - Processing twi
2025-08-24 11:51:10,627 - INFO - Processing wol
2025-08-24 11:51:10,742 - INFO - Processing xho
2025-08-24 11:51:10,871 - INFO - Processing yor
2025-08-24 11:51:11,027 - INFO - Processing zul
2025-08-24 11:51:11,423 - INFO - Layer 2 (mbert) — Top 5
2025-08-24 11:51:11,423 - INFO - 1. lug: r=1.0000
2025-08-24 11:51:11,423 - INFO - 2. nya: r=1.0000
2025-08-24 11:51:11,423 - INFO - 3. hau: r=1.0000
2025-08-24 11:51:11,423 - INFO - 4. sna: r=1.0000
2025-08-24 11:51:11,423 - INFO - 5. kin: r=0.9999
2025-08-24 11:51:11,423 - INFO - Layer 2 (mbert) — Worst 5
2025-08-24 11:51:11,423 - INFO - 1. yor: r=0.9998
2025-08-24 11:51:11,423 - INFO - 2. fon: r=0.9998
2025-08-24 11:51:11,423 - INFO - 3. pcm: r=0.9998
2025-08-24 11:51:11,423 - INFO - 4. bbj: r=0.9999
2025-08-24 11:51:11,423 - INFO - 5. ewe: r=0.9999
2025-08-24 11:51:11,540 - INFO - Layer 3 (mbert) — Top 5
2025-08-24 11:51:11,540 - INFO - 1. lug: r=1.0000
2025-08-24 11:51:11,540 - INFO - 2. nya: r=1.0000
2025-08-24 11:51:11,540 - INFO - 3. kin: r=1.0000
2025-08-24 11:51:11,540 - INFO - 4. hau: r=1.0000
2025-08-24 11:51:11,540 - INFO - 5. sna: r=1.0000
2025-08-24 11:51:11,540 - INFO - Layer 3 (mbert) — Worst 5
2025-08-24 11:51:11,540 - INFO - 1. yor: r=0.9999
2025-08-24 11:51:11,540 - INFO - 2. pcm: r=0.9999
2025-08-24 11:51:11,540 - INFO - 3. bbj: r=0.9999
2025-08-24 11:51:11,540 - INFO - 4. fon: r=0.9999
2025-08-24 11:51:11,540 - INFO - 5. swa: r=1.0000
2025-08-24 11:51:11,679 - INFO - Layer 10 (mbert) — Top 5
2025-08-24 11:51:11,679 - INFO - 1. lug: r=0.9925
2025-08-24 11:51:11,679 - INFO - 2. kin: r=0.9911
2025-08-24 11:51:11,679 - INFO - 3. sna: r=0.9909
2025-08-24 11:51:11,679 - INFO - 4. nya: r=0.9903
2025-08-24 11:51:11,679 - INFO - 5. xho: r=0.9882
2025-08-24 11:51:11,679 - INFO - Layer 10 (mbert) — Worst 5
2025-08-24 11:51:11,679 - INFO - 1. pcm: r=0.9623
2025-08-24 11:51:11,679 - INFO - 2. yor: r=0.9642
2025-08-24 11:51:11,679 - INFO - 3. swa: r=0.9666
2025-08-24 11:51:11,679 - INFO - 4. bbj: r=0.9672
2025-08-24 11:51:11,679 - INFO - 5. fon: r=0.9679
2025-08-24 11:51:11,802 - INFO - Layer 12 (mbert) — Top 5
2025-08-24 11:51:11,802 - INFO - 1. lug: r=0.9921
2025-08-24 11:51:11,802 - INFO - 2. kin: r=0.9911
2025-08-24 11:51:11,802 - INFO - 3. nya: r=0.9910
2025-08-24 11:51:11,802 - INFO - 4. sna: r=0.9906
2025-08-24 11:51:11,802 - INFO - 5. xho: r=0.9870
2025-08-24 11:51:11,802 - INFO - Layer 12 (mbert) — Worst 5
2025-08-24 11:51:11,802 - INFO - 1. bbj: r=0.9188
2025-08-24 11:51:11,802 - INFO - 2. fon: r=0.9268
2025-08-24 11:51:11,802 - INFO - 3. pcm: r=0.9495
2025-08-24 11:51:11,802 - INFO - 4. yor: r=0.9547
2025-08-24 11:51:11,802 - INFO - 5. mos: r=0.9694
2025-08-24 11:51:11,803 - INFO - Experiment finished successfully.
