2025-12-15 10:04:10,244 - INFO - Start: model_type=xlmr, use_cls=True, use_context=False, context_window=3, max_tokens_per_type=300, batch_size=64, output_dir=rq2_train_scripts/Embeddings/CLEAN/outputs/combined/xlmr/config_1_clstrue_ctxfalse/tokens_300_ctx3/core, save_prototypes=False, seed=42, fp16=True, max_length=96, langs=all, layers=all, span_mode=bio, pool=mean, entity_tags={'PER', 'DATE', 'ORG', 'LOC'}, title_suffix='L=all, tokens=300, ctx=3, cls=true, fp16=true'
2025-12-15 10:04:12,136 - INFO - Processing run
2025-12-15 10:04:12,529 - INFO - Processing bam
2025-12-15 10:04:12,589 - INFO - Processing bbj
2025-12-15 10:04:12,626 - INFO - Processing ewe
2025-12-15 10:04:12,663 - INFO - Processing fon
2025-12-15 10:04:12,722 - INFO - Processing hau
2025-12-15 10:04:12,780 - INFO - Processing ibo
2025-12-15 10:04:12,869 - INFO - Processing kin
2025-12-15 10:04:12,939 - INFO - Processing lug
2025-12-15 10:04:12,981 - INFO - Processing luo
2025-12-15 10:04:13,048 - INFO - Processing mos
2025-12-15 10:04:13,104 - INFO - Processing nya
2025-12-15 10:04:13,164 - INFO - Processing pcm
2025-12-15 10:04:13,221 - INFO - Processing sna
2025-12-15 10:04:13,282 - INFO - Processing swa
2025-12-15 10:04:13,342 - INFO - Processing tsn
2025-12-15 10:04:13,397 - INFO - Processing twi
2025-12-15 10:04:13,477 - INFO - Processing wol
2025-12-15 10:04:13,533 - INFO - Processing xho
2025-12-15 10:04:13,574 - INFO - Processing yor
2025-12-15 10:04:13,652 - INFO - Processing zul
2025-12-15 10:04:14,091 - INFO - === Layer 1 (xlmr) — Top 5 (cosine) ===
2025-12-15 10:04:14,091 - INFO - 1. kin: cos=0.9999
2025-12-15 10:04:14,091 - INFO - 2. twi: cos=0.9999
2025-12-15 10:04:14,091 - INFO - 3. luo: cos=0.9999
2025-12-15 10:04:14,091 - INFO - 4. ewe: cos=0.9998
2025-12-15 10:04:14,091 - INFO - 5. nya: cos=0.9998
2025-12-15 10:04:14,091 - INFO - === Layer 1 (xlmr) — Worst 5 (cosine) ===
2025-12-15 10:04:14,091 - INFO - 1. pcm: cos=0.9994
2025-12-15 10:04:14,091 - INFO - 2. hau: cos=0.9994
2025-12-15 10:04:14,091 - INFO - 3. fon: cos=0.9995
2025-12-15 10:04:14,092 - INFO - 4. bbj: cos=0.9995
2025-12-15 10:04:14,092 - INFO - 5. bam: cos=0.9995
2025-12-15 10:04:14,211 - INFO - === Layer 2 (xlmr) — Top 5 (cosine) ===
2025-12-15 10:04:14,211 - INFO - 1. kin: cos=1.0000
2025-12-15 10:04:14,211 - INFO - 2. twi: cos=1.0000
2025-12-15 10:04:14,211 - INFO - 3. luo: cos=1.0000
2025-12-15 10:04:14,211 - INFO - 4. ewe: cos=1.0000
2025-12-15 10:04:14,211 - INFO - 5. nya: cos=1.0000
2025-12-15 10:04:14,211 - INFO - === Layer 2 (xlmr) — Worst 5 (cosine) ===
2025-12-15 10:04:14,211 - INFO - 1. pcm: cos=0.9999
2025-12-15 10:04:14,211 - INFO - 2. swa: cos=0.9999
2025-12-15 10:04:14,211 - INFO - 3. hau: cos=0.9999
2025-12-15 10:04:14,211 - INFO - 4. bbj: cos=0.9999
2025-12-15 10:04:14,211 - INFO - 5. sna: cos=0.9999
2025-12-15 10:04:14,330 - INFO - === Layer 3 (xlmr) — Top 5 (cosine) ===
2025-12-15 10:04:14,330 - INFO - 1. twi: cos=1.0000
2025-12-15 10:04:14,330 - INFO - 2. kin: cos=1.0000
2025-12-15 10:04:14,330 - INFO - 3. luo: cos=1.0000
2025-12-15 10:04:14,330 - INFO - 4. ibo: cos=1.0000
2025-12-15 10:04:14,330 - INFO - 5. zul: cos=1.0000
2025-12-15 10:04:14,330 - INFO - === Layer 3 (xlmr) — Worst 5 (cosine) ===
2025-12-15 10:04:14,330 - INFO - 1. pcm: cos=1.0000
2025-12-15 10:04:14,330 - INFO - 2. swa: cos=1.0000
2025-12-15 10:04:14,330 - INFO - 3. sna: cos=1.0000
2025-12-15 10:04:14,330 - INFO - 4. nya: cos=1.0000
2025-12-15 10:04:14,330 - INFO - 5. bbj: cos=1.0000
2025-12-15 10:04:14,449 - INFO - === Layer 4 (xlmr) — Top 5 (cosine) ===
2025-12-15 10:04:14,449 - INFO - 1. kin: cos=1.0000
2025-12-15 10:04:14,449 - INFO - 2. twi: cos=1.0000
2025-12-15 10:04:14,449 - INFO - 3. luo: cos=1.0000
2025-12-15 10:04:14,449 - INFO - 4. bbj: cos=1.0000
2025-12-15 10:04:14,449 - INFO - 5. tsn: cos=1.0000
2025-12-15 10:04:14,449 - INFO - === Layer 4 (xlmr) — Worst 5 (cosine) ===
2025-12-15 10:04:14,449 - INFO - 1. pcm: cos=1.0000
2025-12-15 10:04:14,449 - INFO - 2. bam: cos=1.0000
2025-12-15 10:04:14,449 - INFO - 3. yor: cos=1.0000
2025-12-15 10:04:14,449 - INFO - 4. hau: cos=1.0000
2025-12-15 10:04:14,449 - INFO - 5. nya: cos=1.0000
2025-12-15 10:04:14,568 - INFO - === Layer 5 (xlmr) — Top 5 (cosine) ===
2025-12-15 10:04:14,568 - INFO - 1. twi: cos=1.0000
2025-12-15 10:04:14,568 - INFO - 2. luo: cos=1.0000
2025-12-15 10:04:14,568 - INFO - 3. tsn: cos=1.0000
2025-12-15 10:04:14,568 - INFO - 4. kin: cos=1.0000
2025-12-15 10:04:14,568 - INFO - 5. ewe: cos=1.0000
2025-12-15 10:04:14,568 - INFO - === Layer 5 (xlmr) — Worst 5 (cosine) ===
2025-12-15 10:04:14,568 - INFO - 1. pcm: cos=1.0000
2025-12-15 10:04:14,568 - INFO - 2. hau: cos=1.0000
2025-12-15 10:04:14,568 - INFO - 3. swa: cos=1.0000
2025-12-15 10:04:14,568 - INFO - 4. xho: cos=1.0000
2025-12-15 10:04:14,568 - INFO - 5. wol: cos=1.0000
2025-12-15 10:04:14,687 - INFO - === Layer 6 (xlmr) — Top 5 (cosine) ===
2025-12-15 10:04:14,687 - INFO - 1. twi: cos=1.0000
2025-12-15 10:04:14,687 - INFO - 2. kin: cos=1.0000
2025-12-15 10:04:14,687 - INFO - 3. luo: cos=1.0000
2025-12-15 10:04:14,687 - INFO - 4. tsn: cos=1.0000
2025-12-15 10:04:14,687 - INFO - 5. zul: cos=1.0000
2025-12-15 10:04:14,687 - INFO - === Layer 6 (xlmr) — Worst 5 (cosine) ===
2025-12-15 10:04:14,687 - INFO - 1. yor: cos=1.0000
2025-12-15 10:04:14,687 - INFO - 2. hau: cos=1.0000
2025-12-15 10:04:14,687 - INFO - 3. pcm: cos=1.0000
2025-12-15 10:04:14,687 - INFO - 4. swa: cos=1.0000
2025-12-15 10:04:14,687 - INFO - 5. xho: cos=1.0000
2025-12-15 10:04:14,805 - INFO - === Layer 7 (xlmr) — Top 5 (cosine) ===
2025-12-15 10:04:14,806 - INFO - 1. twi: cos=1.0000
2025-12-15 10:04:14,806 - INFO - 2. kin: cos=1.0000
2025-12-15 10:04:14,806 - INFO - 3. fon: cos=1.0000
2025-12-15 10:04:14,806 - INFO - 4. bbj: cos=1.0000
2025-12-15 10:04:14,806 - INFO - 5. swa: cos=1.0000
2025-12-15 10:04:14,806 - INFO - === Layer 7 (xlmr) — Worst 5 (cosine) ===
2025-12-15 10:04:14,806 - INFO - 1. pcm: cos=1.0000
2025-12-15 10:04:14,806 - INFO - 2. hau: cos=1.0000
2025-12-15 10:04:14,806 - INFO - 3. zul: cos=1.0000
2025-12-15 10:04:14,806 - INFO - 4. sna: cos=1.0000
2025-12-15 10:04:14,806 - INFO - 5. nya: cos=1.0000
2025-12-15 10:04:14,987 - INFO - === Layer 8 (xlmr) — Top 5 (cosine) ===
2025-12-15 10:04:14,987 - INFO - 1. ewe: cos=1.0000
2025-12-15 10:04:14,987 - INFO - 2. tsn: cos=1.0000
2025-12-15 10:04:14,987 - INFO - 3. luo: cos=1.0000
2025-12-15 10:04:14,987 - INFO - 4. zul: cos=1.0000
2025-12-15 10:04:14,987 - INFO - 5. bam: cos=1.0000
2025-12-15 10:04:14,987 - INFO - === Layer 8 (xlmr) — Worst 5 (cosine) ===
2025-12-15 10:04:14,987 - INFO - 1. pcm: cos=0.9999
2025-12-15 10:04:14,987 - INFO - 2. fon: cos=0.9999
2025-12-15 10:04:14,987 - INFO - 3. hau: cos=0.9999
2025-12-15 10:04:14,987 - INFO - 4. bbj: cos=1.0000
2025-12-15 10:04:14,987 - INFO - 5. xho: cos=1.0000
2025-12-15 10:04:15,105 - INFO - === Layer 9 (xlmr) — Top 5 (cosine) ===
2025-12-15 10:04:15,105 - INFO - 1. mos: cos=1.0000
2025-12-15 10:04:15,105 - INFO - 2. zul: cos=1.0000
2025-12-15 10:04:15,105 - INFO - 3. ewe: cos=1.0000
2025-12-15 10:04:15,106 - INFO - 4. luo: cos=1.0000
2025-12-15 10:04:15,106 - INFO - 5. swa: cos=1.0000
2025-12-15 10:04:15,106 - INFO - === Layer 9 (xlmr) — Worst 5 (cosine) ===
2025-12-15 10:04:15,106 - INFO - 1. pcm: cos=1.0000
2025-12-15 10:04:15,106 - INFO - 2. hau: cos=1.0000
2025-12-15 10:04:15,106 - INFO - 3. fon: cos=1.0000
2025-12-15 10:04:15,106 - INFO - 4. sna: cos=1.0000
2025-12-15 10:04:15,106 - INFO - 5. bbj: cos=1.0000
2025-12-15 10:04:15,225 - INFO - === Layer 10 (xlmr) — Top 5 (cosine) ===
2025-12-15 10:04:15,225 - INFO - 1. zul: cos=1.0000
2025-12-15 10:04:15,225 - INFO - 2. ewe: cos=1.0000
2025-12-15 10:04:15,225 - INFO - 3. luo: cos=1.0000
2025-12-15 10:04:15,225 - INFO - 4. kin: cos=1.0000
2025-12-15 10:04:15,225 - INFO - 5. nya: cos=1.0000
2025-12-15 10:04:15,225 - INFO - === Layer 10 (xlmr) — Worst 5 (cosine) ===
2025-12-15 10:04:15,225 - INFO - 1. pcm: cos=1.0000
2025-12-15 10:04:15,225 - INFO - 2. yor: cos=1.0000
2025-12-15 10:04:15,225 - INFO - 3. ibo: cos=1.0000
2025-12-15 10:04:15,225 - INFO - 4. fon: cos=1.0000
2025-12-15 10:04:15,225 - INFO - 5. xho: cos=1.0000
2025-12-15 10:04:15,343 - INFO - === Layer 11 (xlmr) — Top 5 (cosine) ===
2025-12-15 10:04:15,343 - INFO - 1. tsn: cos=1.0000
2025-12-15 10:04:15,343 - INFO - 2. zul: cos=1.0000
2025-12-15 10:04:15,343 - INFO - 3. hau: cos=1.0000
2025-12-15 10:04:15,343 - INFO - 4. pcm: cos=1.0000
2025-12-15 10:04:15,343 - INFO - 5. ibo: cos=1.0000
2025-12-15 10:04:15,343 - INFO - === Layer 11 (xlmr) — Worst 5 (cosine) ===
2025-12-15 10:04:15,343 - INFO - 1. luo: cos=0.9999
2025-12-15 10:04:15,343 - INFO - 2. bam: cos=0.9999
2025-12-15 10:04:15,343 - INFO - 3. bbj: cos=0.9999
2025-12-15 10:04:15,343 - INFO - 4. xho: cos=1.0000
2025-12-15 10:04:15,343 - INFO - 5. mos: cos=1.0000
2025-12-15 10:04:15,462 - INFO - === Layer 12 (xlmr) — Top 5 (cosine) ===
2025-12-15 10:04:15,462 - INFO - 1. kin: cos=0.9999
2025-12-15 10:04:15,462 - INFO - 2. nya: cos=0.9999
2025-12-15 10:04:15,462 - INFO - 3. wol: cos=0.9999
2025-12-15 10:04:15,462 - INFO - 4. ewe: cos=0.9999
2025-12-15 10:04:15,462 - INFO - 5. tsn: cos=0.9999
2025-12-15 10:04:15,462 - INFO - === Layer 12 (xlmr) — Worst 5 (cosine) ===
2025-12-15 10:04:15,462 - INFO - 1. fon: cos=0.9982
2025-12-15 10:04:15,462 - INFO - 2. hau: cos=0.9987
2025-12-15 10:04:15,462 - INFO - 3. pcm: cos=0.9989
2025-12-15 10:04:15,462 - INFO - 4. twi: cos=0.9995
2025-12-15 10:04:15,462 - INFO - 5. ibo: cos=0.9996
2025-12-15 10:04:15,462 - INFO - Experiment finished successfully.
