2025-08-03 08:07:21,405 - INFO - Experiment started with model_type=mbert, use_cls=True, use_context=True, context_window=0, use_hybrid=False, max_tokens_per_type=300, output_dir=rq2_train_scripts/Embeddings/MEXA_inspired_strategy/outputs/mptc/mbert/config_4_clstrue_ctxtrue_hybfalse/tokens_300_ctx0
2025-08-03 08:07:22,435 - INFO - Processing run
2025-08-03 08:07:23,922 - INFO - Processing bam
2025-08-03 08:07:25,958 - INFO - Processing bbj
2025-08-03 08:07:28,017 - INFO - Processing ewe
2025-08-03 08:07:30,073 - INFO - Processing fon
2025-08-03 08:07:32,171 - INFO - Processing hau
2025-08-03 08:07:34,243 - INFO - Processing ibo
2025-08-03 08:07:36,371 - INFO - Processing kin
2025-08-03 08:07:38,464 - INFO - Processing lug
2025-08-03 08:07:40,527 - INFO - Processing luo
2025-08-03 08:07:42,602 - INFO - Processing mos
2025-08-03 08:07:44,659 - INFO - Processing nya
2025-08-03 08:07:46,728 - INFO - Processing pcm
2025-08-03 08:07:48,773 - INFO - Processing sna
2025-08-03 08:07:50,852 - INFO - Processing swa
2025-08-03 08:07:52,910 - INFO - Processing tsn
2025-08-03 08:07:54,937 - INFO - Processing twi
2025-08-03 08:07:57,007 - INFO - Processing wol
2025-08-03 08:07:59,094 - INFO - Processing xho
2025-08-03 08:08:01,184 - INFO - Processing yor
2025-08-03 08:08:03,304 - INFO - Processing zul
2025-08-03 08:08:05,812 - INFO - Top 5 languages most similar to Runyankore:
2025-08-03 08:08:05,813 - INFO - 1. lug - Mean Similarity: 0.9647
2025-08-03 08:08:05,813 - INFO - 2. twi - Mean Similarity: 0.9593
2025-08-03 08:08:05,813 - INFO - 3. kin - Mean Similarity: 0.9574
2025-08-03 08:08:05,813 - INFO - 4. luo - Mean Similarity: 0.9561
2025-08-03 08:08:05,813 - INFO - 5. swa - Mean Similarity: 0.9557
2025-08-03 08:08:05,813 - INFO - Experiment finished successfully.
