2025-08-02 21:15:39,438 - INFO - Experiment started with model_type=xlmr, use_cls=False, use_context=True, context_window=3, use_hybrid=True, max_tokens_per_type=200, output_dir=rq2_train_scripts/Embeddings/MEXA_inspired_strategy/outputs/combined/xlmr/config_6_clsfalse_ctxtrue_hybtrue/tokens_200_ctx3
2025-08-02 21:15:41,192 - INFO - Processing run
2025-08-02 21:15:43,526 - INFO - Processing bam
2025-08-02 21:15:45,437 - INFO - Processing bbj
2025-08-02 21:15:47,329 - INFO - Processing ewe
2025-08-02 21:15:49,216 - INFO - Processing fon
2025-08-02 21:15:51,133 - INFO - Processing hau
2025-08-02 21:15:53,041 - INFO - Processing ibo
2025-08-02 21:15:54,992 - INFO - Processing kin
2025-08-02 21:15:56,917 - INFO - Processing lug
2025-08-02 21:15:58,816 - INFO - Processing luo
2025-08-02 21:16:00,736 - INFO - Processing mos
2025-08-02 21:16:02,645 - INFO - Processing nya
2025-08-02 21:16:04,578 - INFO - Processing pcm
2025-08-02 21:16:06,472 - INFO - Processing sna
2025-08-02 21:16:08,369 - INFO - Processing swa
2025-08-02 21:16:10,280 - INFO - Processing tsn
2025-08-02 21:16:12,161 - INFO - Processing twi
2025-08-02 21:16:14,054 - INFO - Processing wol
2025-08-02 21:16:15,947 - INFO - Processing xho
2025-08-02 21:16:17,856 - INFO - Processing yor
2025-08-02 21:16:19,797 - INFO - Processing zul
2025-08-02 21:16:22,212 - INFO - Top 5 languages most similar to Runyankore:
2025-08-02 21:16:22,212 - INFO - 1. lug - Mean Similarity: 0.8273
2025-08-02 21:16:22,212 - INFO - 2. kin - Mean Similarity: 0.8040
2025-08-02 21:16:22,212 - INFO - 3. nya - Mean Similarity: 0.7992
2025-08-02 21:16:22,212 - INFO - 4. luo - Mean Similarity: 0.7892
2025-08-02 21:16:22,212 - INFO - 5. sna - Mean Similarity: 0.7884
2025-08-02 21:16:22,212 - INFO - Experiment finished successfully.
