2025-08-02 22:50:54,008 - INFO - Experiment started with model_type=mbert, use_cls=True, use_context=True, context_window=2, use_hybrid=False, max_tokens_per_type=400, output_dir=rq2_train_scripts/Embeddings/MEXA_inspired_strategy/outputs/combined/mbert/config_4_clstrue_ctxtrue_hybfalse/tokens_400_ctx2
2025-08-02 22:50:55,174 - INFO - Processing run
2025-08-02 22:50:58,378 - INFO - Processing bam
2025-08-02 22:51:01,185 - INFO - Processing bbj
2025-08-02 22:51:04,225 - INFO - Processing ewe
2025-08-02 22:51:07,208 - INFO - Processing fon
2025-08-02 22:51:10,224 - INFO - Processing hau
2025-08-02 22:51:13,269 - INFO - Processing ibo
2025-08-02 22:51:16,365 - INFO - Processing kin
2025-08-02 22:51:19,428 - INFO - Processing lug
2025-08-02 22:51:22,466 - INFO - Processing luo
2025-08-02 22:51:25,512 - INFO - Processing mos
2025-08-02 22:51:28,565 - INFO - Processing nya
2025-08-02 22:51:31,625 - INFO - Processing pcm
2025-08-02 22:51:34,634 - INFO - Processing sna
2025-08-02 22:51:37,656 - INFO - Processing swa
2025-08-02 22:51:40,678 - INFO - Processing tsn
2025-08-02 22:51:43,664 - INFO - Processing twi
2025-08-02 22:51:46,674 - INFO - Processing wol
2025-08-02 22:51:49,683 - INFO - Processing xho
2025-08-02 22:51:52,696 - INFO - Processing yor
2025-08-02 22:51:55,762 - INFO - Processing zul
2025-08-02 22:51:59,255 - INFO - Top 5 languages most similar to Runyankore:
2025-08-02 22:51:59,255 - INFO - 1. lug - Mean Similarity: 0.9943
2025-08-02 22:51:59,255 - INFO - 2. kin - Mean Similarity: 0.9925
2025-08-02 22:51:59,255 - INFO - 3. nya - Mean Similarity: 0.9916
2025-08-02 22:51:59,255 - INFO - 4. sna - Mean Similarity: 0.9907
2025-08-02 22:51:59,255 - INFO - 5. xho - Mean Similarity: 0.9873
2025-08-02 22:51:59,255 - INFO - Experiment finished successfully.
