2025-12-15 09:40:33,607 - INFO - Start: model_type=afroxlmr, use_cls=False, use_context=True, context_window=2, max_tokens_per_type=400, batch_size=64, output_dir=rq2_train_scripts/Embeddings/CLEAN/outputs/combined/afroxlmr/config_2_clsfalse_ctxtrue/tokens_400_ctx2/core, save_prototypes=False, seed=42, fp16=True, max_length=96, langs=all, layers=all, span_mode=bio, pool=mean, entity_tags={'DATE', 'PER', 'LOC', 'ORG'}, title_suffix='L=all, tokens=400, ctx=2, cls=false, fp16=true'
2025-12-15 09:40:35,538 - INFO - Processing run
2025-12-15 09:40:36,000 - INFO - Processing bam
2025-12-15 09:40:36,116 - INFO - Processing bbj
2025-12-15 09:40:36,231 - INFO - Processing ewe
2025-12-15 09:40:36,342 - INFO - Processing fon
2025-12-15 09:40:36,469 - INFO - Processing hau
2025-12-15 09:40:36,591 - INFO - Processing ibo
2025-12-15 09:40:36,746 - INFO - Processing kin
2025-12-15 09:40:36,874 - INFO - Processing lug
2025-12-15 09:40:36,990 - INFO - Processing luo
2025-12-15 09:40:37,112 - INFO - Processing mos
2025-12-15 09:40:37,242 - INFO - Processing nya
2025-12-15 09:40:37,372 - INFO - Processing pcm
2025-12-15 09:40:37,483 - INFO - Processing sna
2025-12-15 09:40:37,601 - INFO - Processing swa
2025-12-15 09:40:37,724 - INFO - Processing tsn
2025-12-15 09:40:37,835 - INFO - Processing twi
2025-12-15 09:40:37,957 - INFO - Processing wol
2025-12-15 09:40:38,084 - INFO - Processing xho
2025-12-15 09:40:38,195 - INFO - Processing yor
2025-12-15 09:40:38,347 - INFO - Processing zul
2025-12-15 09:40:38,862 - INFO - === Layer 1 (afroxlmr) — Top 5 (cosine) ===
2025-12-15 09:40:38,863 - INFO - 1. kin: cos=0.9221
2025-12-15 09:40:38,863 - INFO - 2. zul: cos=0.8992
2025-12-15 09:40:38,863 - INFO - 3. luo: cos=0.8989
2025-12-15 09:40:38,863 - INFO - 4. twi: cos=0.8984
2025-12-15 09:40:38,863 - INFO - 5. lug: cos=0.8983
2025-12-15 09:40:38,863 - INFO - === Layer 1 (afroxlmr) — Worst 5 (cosine) ===
2025-12-15 09:40:38,863 - INFO - 1. hau: cos=0.8324
2025-12-15 09:40:38,863 - INFO - 2. bbj: cos=0.8350
2025-12-15 09:40:38,863 - INFO - 3. bam: cos=0.8351
2025-12-15 09:40:38,863 - INFO - 4. fon: cos=0.8413
2025-12-15 09:40:38,863 - INFO - 5. yor: cos=0.8419
2025-12-15 09:40:38,982 - INFO - === Layer 2 (afroxlmr) — Top 5 (cosine) ===
2025-12-15 09:40:38,982 - INFO - 1. kin: cos=0.9698
2025-12-15 09:40:38,982 - INFO - 2. twi: cos=0.9651
2025-12-15 09:40:38,982 - INFO - 3. nya: cos=0.9643
2025-12-15 09:40:38,982 - INFO - 4. sna: cos=0.9639
2025-12-15 09:40:38,982 - INFO - 5. zul: cos=0.9638
2025-12-15 09:40:38,982 - INFO - === Layer 2 (afroxlmr) — Worst 5 (cosine) ===
2025-12-15 09:40:38,982 - INFO - 1. hau: cos=0.9363
2025-12-15 09:40:38,982 - INFO - 2. pcm: cos=0.9413
2025-12-15 09:40:38,982 - INFO - 3. bam: cos=0.9438
2025-12-15 09:40:38,982 - INFO - 4. swa: cos=0.9452
2025-12-15 09:40:38,983 - INFO - 5. yor: cos=0.9466
2025-12-15 09:40:39,103 - INFO - === Layer 3 (afroxlmr) — Top 5 (cosine) ===
2025-12-15 09:40:39,103 - INFO - 1. kin: cos=0.9755
2025-12-15 09:40:39,103 - INFO - 2. twi: cos=0.9742
2025-12-15 09:40:39,103 - INFO - 3. ibo: cos=0.9721
2025-12-15 09:40:39,103 - INFO - 4. nya: cos=0.9721
2025-12-15 09:40:39,103 - INFO - 5. zul: cos=0.9710
2025-12-15 09:40:39,103 - INFO - === Layer 3 (afroxlmr) — Worst 5 (cosine) ===
2025-12-15 09:40:39,103 - INFO - 1. hau: cos=0.9491
2025-12-15 09:40:39,103 - INFO - 2. pcm: cos=0.9538
2025-12-15 09:40:39,103 - INFO - 3. swa: cos=0.9545
2025-12-15 09:40:39,103 - INFO - 4. bam: cos=0.9563
2025-12-15 09:40:39,103 - INFO - 5. yor: cos=0.9576
2025-12-15 09:40:39,223 - INFO - === Layer 4 (afroxlmr) — Top 5 (cosine) ===
2025-12-15 09:40:39,223 - INFO - 1. twi: cos=0.9718
2025-12-15 09:40:39,223 - INFO - 2. ibo: cos=0.9679
2025-12-15 09:40:39,223 - INFO - 3. kin: cos=0.9678
2025-12-15 09:40:39,223 - INFO - 4. nya: cos=0.9673
2025-12-15 09:40:39,223 - INFO - 5. lug: cos=0.9665
2025-12-15 09:40:39,223 - INFO - === Layer 4 (afroxlmr) — Worst 5 (cosine) ===
2025-12-15 09:40:39,223 - INFO - 1. hau: cos=0.9419
2025-12-15 09:40:39,223 - INFO - 2. pcm: cos=0.9443
2025-12-15 09:40:39,223 - INFO - 3. bam: cos=0.9477
2025-12-15 09:40:39,223 - INFO - 4. swa: cos=0.9478
2025-12-15 09:40:39,223 - INFO - 5. bbj: cos=0.9483
2025-12-15 09:40:39,343 - INFO - === Layer 5 (afroxlmr) — Top 5 (cosine) ===
2025-12-15 09:40:39,343 - INFO - 1. twi: cos=0.9737
2025-12-15 09:40:39,343 - INFO - 2. nya: cos=0.9702
2025-12-15 09:40:39,343 - INFO - 3. kin: cos=0.9701
2025-12-15 09:40:39,343 - INFO - 4. sna: cos=0.9698
2025-12-15 09:40:39,343 - INFO - 5. ibo: cos=0.9685
2025-12-15 09:40:39,343 - INFO - === Layer 5 (afroxlmr) — Worst 5 (cosine) ===
2025-12-15 09:40:39,343 - INFO - 1. hau: cos=0.9440
2025-12-15 09:40:39,343 - INFO - 2. pcm: cos=0.9500
2025-12-15 09:40:39,343 - INFO - 3. bbj: cos=0.9530
2025-12-15 09:40:39,343 - INFO - 4. bam: cos=0.9531
2025-12-15 09:40:39,343 - INFO - 5. swa: cos=0.9532
2025-12-15 09:40:39,462 - INFO - === Layer 6 (afroxlmr) — Top 5 (cosine) ===
2025-12-15 09:40:39,462 - INFO - 1. twi: cos=0.9753
2025-12-15 09:40:39,462 - INFO - 2. kin: cos=0.9724
2025-12-15 09:40:39,462 - INFO - 3. ibo: cos=0.9711
2025-12-15 09:40:39,463 - INFO - 4. tsn: cos=0.9704
2025-12-15 09:40:39,463 - INFO - 5. lug: cos=0.9702
2025-12-15 09:40:39,463 - INFO - === Layer 6 (afroxlmr) — Worst 5 (cosine) ===
2025-12-15 09:40:39,463 - INFO - 1. hau: cos=0.9495
2025-12-15 09:40:39,463 - INFO - 2. pcm: cos=0.9525
2025-12-15 09:40:39,463 - INFO - 3. swa: cos=0.9537
2025-12-15 09:40:39,463 - INFO - 4. bbj: cos=0.9551
2025-12-15 09:40:39,463 - INFO - 5. yor: cos=0.9589
2025-12-15 09:40:39,582 - INFO - === Layer 7 (afroxlmr) — Top 5 (cosine) ===
2025-12-15 09:40:39,582 - INFO - 1. twi: cos=0.9793
2025-12-15 09:40:39,582 - INFO - 2. kin: cos=0.9775
2025-12-15 09:40:39,582 - INFO - 3. lug: cos=0.9766
2025-12-15 09:40:39,582 - INFO - 4. tsn: cos=0.9762
2025-12-15 09:40:39,582 - INFO - 5. luo: cos=0.9746
2025-12-15 09:40:39,582 - INFO - === Layer 7 (afroxlmr) — Worst 5 (cosine) ===
2025-12-15 09:40:39,583 - INFO - 1. hau: cos=0.9597
2025-12-15 09:40:39,583 - INFO - 2. pcm: cos=0.9602
2025-12-15 09:40:39,583 - INFO - 3. swa: cos=0.9617
2025-12-15 09:40:39,583 - INFO - 4. bbj: cos=0.9624
2025-12-15 09:40:39,583 - INFO - 5. yor: cos=0.9645
2025-12-15 09:40:39,765 - INFO - === Layer 8 (afroxlmr) — Top 5 (cosine) ===
2025-12-15 09:40:39,765 - INFO - 1. twi: cos=0.9810
2025-12-15 09:40:39,765 - INFO - 2. kin: cos=0.9805
2025-12-15 09:40:39,765 - INFO - 3. lug: cos=0.9778
2025-12-15 09:40:39,765 - INFO - 4. tsn: cos=0.9775
2025-12-15 09:40:39,765 - INFO - 5. ewe: cos=0.9772
2025-12-15 09:40:39,765 - INFO - === Layer 8 (afroxlmr) — Worst 5 (cosine) ===
2025-12-15 09:40:39,765 - INFO - 1. bbj: cos=0.9599
2025-12-15 09:40:39,765 - INFO - 2. yor: cos=0.9632
2025-12-15 09:40:39,765 - INFO - 3. bam: cos=0.9653
2025-12-15 09:40:39,765 - INFO - 4. xho: cos=0.9654
2025-12-15 09:40:39,765 - INFO - 5. hau: cos=0.9659
2025-12-15 09:40:39,884 - INFO - === Layer 9 (afroxlmr) — Top 5 (cosine) ===
2025-12-15 09:40:39,884 - INFO - 1. twi: cos=0.9832
2025-12-15 09:40:39,884 - INFO - 2. lug: cos=0.9804
2025-12-15 09:40:39,884 - INFO - 3. tsn: cos=0.9802
2025-12-15 09:40:39,884 - INFO - 4. kin: cos=0.9798
2025-12-15 09:40:39,884 - INFO - 5. ewe: cos=0.9795
2025-12-15 09:40:39,884 - INFO - === Layer 9 (afroxlmr) — Worst 5 (cosine) ===
2025-12-15 09:40:39,884 - INFO - 1. bbj: cos=0.9616
2025-12-15 09:40:39,884 - INFO - 2. bam: cos=0.9634
2025-12-15 09:40:39,884 - INFO - 3. yor: cos=0.9651
2025-12-15 09:40:39,884 - INFO - 4. xho: cos=0.9663
2025-12-15 09:40:39,884 - INFO - 5. hau: cos=0.9685
2025-12-15 09:40:40,003 - INFO - === Layer 10 (afroxlmr) — Top 5 (cosine) ===
2025-12-15 09:40:40,003 - INFO - 1. lug: cos=0.9806
2025-12-15 09:40:40,003 - INFO - 2. twi: cos=0.9801
2025-12-15 09:40:40,003 - INFO - 3. tsn: cos=0.9778
2025-12-15 09:40:40,003 - INFO - 4. ewe: cos=0.9764
2025-12-15 09:40:40,003 - INFO - 5. kin: cos=0.9758
2025-12-15 09:40:40,003 - INFO - === Layer 10 (afroxlmr) — Worst 5 (cosine) ===
2025-12-15 09:40:40,003 - INFO - 1. yor: cos=0.9505
2025-12-15 09:40:40,003 - INFO - 2. xho: cos=0.9520
2025-12-15 09:40:40,003 - INFO - 3. bbj: cos=0.9555
2025-12-15 09:40:40,003 - INFO - 4. bam: cos=0.9596
2025-12-15 09:40:40,003 - INFO - 5. hau: cos=0.9603
2025-12-15 09:40:40,129 - INFO - === Layer 11 (afroxlmr) — Top 5 (cosine) ===
2025-12-15 09:40:40,129 - INFO - 1. lug: cos=0.9820
2025-12-15 09:40:40,129 - INFO - 2. tsn: cos=0.9816
2025-12-15 09:40:40,129 - INFO - 3. kin: cos=0.9799
2025-12-15 09:40:40,129 - INFO - 4. ewe: cos=0.9795
2025-12-15 09:40:40,129 - INFO - 5. twi: cos=0.9794
2025-12-15 09:40:40,129 - INFO - === Layer 11 (afroxlmr) — Worst 5 (cosine) ===
2025-12-15 09:40:40,129 - INFO - 1. bbj: cos=0.9583
2025-12-15 09:40:40,129 - INFO - 2. yor: cos=0.9591
2025-12-15 09:40:40,129 - INFO - 3. bam: cos=0.9613
2025-12-15 09:40:40,129 - INFO - 4. xho: cos=0.9622
2025-12-15 09:40:40,129 - INFO - 5. hau: cos=0.9664
2025-12-15 09:40:40,253 - INFO - === Layer 12 (afroxlmr) — Top 5 (cosine) ===
2025-12-15 09:40:40,253 - INFO - 1. kin: cos=0.9741
2025-12-15 09:40:40,253 - INFO - 2. tsn: cos=0.9739
2025-12-15 09:40:40,253 - INFO - 3. nya: cos=0.9710
2025-12-15 09:40:40,253 - INFO - 4. twi: cos=0.9706
2025-12-15 09:40:40,253 - INFO - 5. ewe: cos=0.9697
2025-12-15 09:40:40,253 - INFO - === Layer 12 (afroxlmr) — Worst 5 (cosine) ===
2025-12-15 09:40:40,253 - INFO - 1. yor: cos=0.9340
2025-12-15 09:40:40,253 - INFO - 2. bbj: cos=0.9439
2025-12-15 09:40:40,253 - INFO - 3. bam: cos=0.9519
2025-12-15 09:40:40,253 - INFO - 4. hau: cos=0.9523
2025-12-15 09:40:40,253 - INFO - 5. xho: cos=0.9557
2025-12-15 09:40:40,253 - INFO - Experiment finished successfully.
