2025-08-24 11:33:32,449 - INFO - Start: model_type=xlmr, run_both=False, use_cls=True, use_context=False, context_window=2, max_tokens_per_type=400, batch_size=32, seed=1, num_middle_layers=3, output_dir=rq2_train_scripts/Embeddings/EXTENDED/outputs/mptc_extended/xlmr/config_5_clstrue_ctxfalse_hybtrue/tokens_400_ctx2
2025-08-24 11:33:33,009 - INFO - xlmr: selected layer indices (hidden_states) = [2, 3, 10, 12]
2025-08-24 11:33:34,346 - INFO - Processing run
2025-08-24 11:33:34,799 - INFO - Processing bam
2025-08-24 11:33:34,886 - INFO - Processing bbj
2025-08-24 11:33:34,954 - INFO - Processing ewe
2025-08-24 11:33:35,024 - INFO - Processing fon
2025-08-24 11:33:35,113 - INFO - Processing hau
2025-08-24 11:33:35,200 - INFO - Processing ibo
2025-08-24 11:33:35,355 - INFO - Processing kin
2025-08-24 11:33:35,443 - INFO - Processing lug
2025-08-24 11:33:35,511 - INFO - Processing luo
2025-08-24 11:33:35,608 - INFO - Processing mos
2025-08-24 11:33:35,688 - INFO - Processing nya
2025-08-24 11:33:35,782 - INFO - Processing pcm
2025-08-24 11:33:35,865 - INFO - Processing sna
2025-08-24 11:33:35,945 - INFO - Processing swa
2025-08-24 11:33:36,048 - INFO - Processing tsn
2025-08-24 11:33:36,126 - INFO - Processing twi
2025-08-24 11:33:36,201 - INFO - Processing wol
2025-08-24 11:33:36,305 - INFO - Processing xho
2025-08-24 11:33:36,408 - INFO - Processing yor
2025-08-24 11:33:36,558 - INFO - Processing zul
2025-08-24 11:33:37,006 - INFO - Layer 2 (xlmr) — Top 5
2025-08-24 11:33:37,006 - INFO - 1. kin: r=1.0000
2025-08-24 11:33:37,006 - INFO - 2. tsn: r=1.0000
2025-08-24 11:33:37,006 - INFO - 3. twi: r=1.0000
2025-08-24 11:33:37,006 - INFO - 4. ibo: r=1.0000
2025-08-24 11:33:37,006 - INFO - 5. zul: r=1.0000
2025-08-24 11:33:37,006 - INFO - Layer 2 (xlmr) — Worst 5
2025-08-24 11:33:37,006 - INFO - 1. bam: r=0.9999
2025-08-24 11:33:37,006 - INFO - 2. bbj: r=0.9999
2025-08-24 11:33:37,006 - INFO - 3. fon: r=0.9999
2025-08-24 11:33:37,006 - INFO - 4. hau: r=0.9999
2025-08-24 11:33:37,006 - INFO - 5. pcm: r=0.9999
2025-08-24 11:33:37,120 - INFO - Layer 3 (xlmr) — Top 5
2025-08-24 11:33:37,120 - INFO - 1. kin: r=1.0000
2025-08-24 11:33:37,120 - INFO - 2. twi: r=1.0000
2025-08-24 11:33:37,120 - INFO - 3. tsn: r=1.0000
2025-08-24 11:33:37,120 - INFO - 4. ewe: r=1.0000
2025-08-24 11:33:37,120 - INFO - 5. luo: r=1.0000
2025-08-24 11:33:37,120 - INFO - Layer 3 (xlmr) — Worst 5
2025-08-24 11:33:37,120 - INFO - 1. bbj: r=1.0000
2025-08-24 11:33:37,120 - INFO - 2. bam: r=1.0000
2025-08-24 11:33:37,120 - INFO - 3. fon: r=1.0000
2025-08-24 11:33:37,120 - INFO - 4. pcm: r=1.0000
2025-08-24 11:33:37,120 - INFO - 5. wol: r=1.0000
2025-08-24 11:33:37,234 - INFO - Layer 10 (xlmr) — Top 5
2025-08-24 11:33:37,234 - INFO - 1. tsn: r=1.0000
2025-08-24 11:33:37,234 - INFO - 2. luo: r=1.0000
2025-08-24 11:33:37,234 - INFO - 3. twi: r=1.0000
2025-08-24 11:33:37,234 - INFO - 4. kin: r=1.0000
2025-08-24 11:33:37,234 - INFO - 5. swa: r=1.0000
2025-08-24 11:33:37,234 - INFO - Layer 10 (xlmr) — Worst 5
2025-08-24 11:33:37,234 - INFO - 1. fon: r=1.0000
2025-08-24 11:33:37,234 - INFO - 2. hau: r=1.0000
2025-08-24 11:33:37,234 - INFO - 3. pcm: r=1.0000
2025-08-24 11:33:37,234 - INFO - 4. ibo: r=1.0000
2025-08-24 11:33:37,234 - INFO - 5. mos: r=1.0000
2025-08-24 11:33:37,345 - INFO - Layer 12 (xlmr) — Top 5
2025-08-24 11:33:37,346 - INFO - 1. nya: r=0.9999
2025-08-24 11:33:37,346 - INFO - 2. luo: r=0.9999
2025-08-24 11:33:37,346 - INFO - 3. tsn: r=0.9999
2025-08-24 11:33:37,346 - INFO - 4. kin: r=0.9999
2025-08-24 11:33:37,346 - INFO - 5. lug: r=0.9999
2025-08-24 11:33:37,346 - INFO - Layer 12 (xlmr) — Worst 5
2025-08-24 11:33:37,346 - INFO - 1. hau: r=0.9959
2025-08-24 11:33:37,346 - INFO - 2. fon: r=0.9993
2025-08-24 11:33:37,346 - INFO - 3. pcm: r=0.9994
2025-08-24 11:33:37,346 - INFO - 4. bbj: r=0.9997
2025-08-24 11:33:37,346 - INFO - 5. ibo: r=0.9997
2025-08-24 11:33:37,347 - INFO - Experiment finished successfully.
