2025-12-15 10:31:10,738 - INFO - Start: model_type=mbert, use_cls=True, use_context=False, context_window=2, max_tokens_per_type=300, batch_size=64, output_dir=rq2_train_scripts/Embeddings/CLEAN/outputs/combined/mbert/config_1_clstrue_ctxfalse/tokens_300_ctx2/core, save_prototypes=False, seed=42, fp16=True, max_length=96, langs=all, layers=all, span_mode=bio, pool=mean, entity_tags={'ORG', 'LOC', 'DATE', 'PER'}, title_suffix='L=all, tokens=300, ctx=2, cls=true, fp16=true'
2025-12-15 10:31:12,063 - INFO - Processing run
2025-12-15 10:31:12,491 - INFO - Processing bam
2025-12-15 10:31:12,540 - INFO - Processing bbj
2025-12-15 10:31:12,573 - INFO - Processing ewe
2025-12-15 10:31:12,606 - INFO - Processing fon
2025-12-15 10:31:12,656 - INFO - Processing hau
2025-12-15 10:31:12,719 - INFO - Processing ibo
2025-12-15 10:31:12,799 - INFO - Processing kin
2025-12-15 10:31:12,857 - INFO - Processing lug
2025-12-15 10:31:12,901 - INFO - Processing luo
2025-12-15 10:31:12,970 - INFO - Processing mos
2025-12-15 10:31:13,026 - INFO - Processing nya
2025-12-15 10:31:13,085 - INFO - Processing pcm
2025-12-15 10:31:13,134 - INFO - Processing sna
2025-12-15 10:31:13,193 - INFO - Processing swa
2025-12-15 10:31:13,250 - INFO - Processing tsn
2025-12-15 10:31:13,293 - INFO - Processing twi
2025-12-15 10:31:13,349 - INFO - Processing wol
2025-12-15 10:31:13,399 - INFO - Processing xho
2025-12-15 10:31:13,446 - INFO - Processing yor
2025-12-15 10:31:13,530 - INFO - Processing zul
2025-12-15 10:31:13,897 - INFO - === Layer 1 (mbert) — Top 5 (cosine) ===
2025-12-15 10:31:13,897 - INFO - 1. lug: cos=0.9994
2025-12-15 10:31:13,897 - INFO - 2. kin: cos=0.9992
2025-12-15 10:31:13,897 - INFO - 3. tsn: cos=0.9991
2025-12-15 10:31:13,897 - INFO - 4. swa: cos=0.9991
2025-12-15 10:31:13,897 - INFO - 5. twi: cos=0.9990
2025-12-15 10:31:13,897 - INFO - === Layer 1 (mbert) — Worst 5 (cosine) ===
2025-12-15 10:31:13,897 - INFO - 1. ewe: cos=0.9931
2025-12-15 10:31:13,897 - INFO - 2. xho: cos=0.9970
2025-12-15 10:31:13,897 - INFO - 3. sna: cos=0.9974
2025-12-15 10:31:13,897 - INFO - 4. yor: cos=0.9979
2025-12-15 10:31:13,897 - INFO - 5. hau: cos=0.9980
2025-12-15 10:31:14,015 - INFO - === Layer 2 (mbert) — Top 5 (cosine) ===
2025-12-15 10:31:14,015 - INFO - 1. lug: cos=0.9999
2025-12-15 10:31:14,015 - INFO - 2. kin: cos=0.9999
2025-12-15 10:31:14,015 - INFO - 3. tsn: cos=0.9998
2025-12-15 10:31:14,015 - INFO - 4. nya: cos=0.9998
2025-12-15 10:31:14,015 - INFO - 5. swa: cos=0.9998
2025-12-15 10:31:14,015 - INFO - === Layer 2 (mbert) — Worst 5 (cosine) ===
2025-12-15 10:31:14,015 - INFO - 1. ewe: cos=0.9988
2025-12-15 10:31:14,015 - INFO - 2. xho: cos=0.9995
2025-12-15 10:31:14,015 - INFO - 3. sna: cos=0.9996
2025-12-15 10:31:14,015 - INFO - 4. yor: cos=0.9996
2025-12-15 10:31:14,015 - INFO - 5. pcm: cos=0.9997
2025-12-15 10:31:14,134 - INFO - === Layer 3 (mbert) — Top 5 (cosine) ===
2025-12-15 10:31:14,134 - INFO - 1. kin: cos=1.0000
2025-12-15 10:31:14,134 - INFO - 2. lug: cos=1.0000
2025-12-15 10:31:14,134 - INFO - 3. tsn: cos=1.0000
2025-12-15 10:31:14,134 - INFO - 4. bam: cos=1.0000
2025-12-15 10:31:14,134 - INFO - 5. ibo: cos=1.0000
2025-12-15 10:31:14,134 - INFO - === Layer 3 (mbert) — Worst 5 (cosine) ===
2025-12-15 10:31:14,134 - INFO - 1. ewe: cos=0.9998
2025-12-15 10:31:14,134 - INFO - 2. xho: cos=0.9999
2025-12-15 10:31:14,134 - INFO - 3. sna: cos=0.9999
2025-12-15 10:31:14,134 - INFO - 4. pcm: cos=0.9999
2025-12-15 10:31:14,134 - INFO - 5. yor: cos=0.9999
2025-12-15 10:31:14,252 - INFO - === Layer 4 (mbert) — Top 5 (cosine) ===
2025-12-15 10:31:14,252 - INFO - 1. kin: cos=0.9999
2025-12-15 10:31:14,252 - INFO - 2. hau: cos=0.9999
2025-12-15 10:31:14,252 - INFO - 3. twi: cos=0.9999
2025-12-15 10:31:14,252 - INFO - 4. luo: cos=0.9999
2025-12-15 10:31:14,252 - INFO - 5. bam: cos=0.9999
2025-12-15 10:31:14,252 - INFO - === Layer 4 (mbert) — Worst 5 (cosine) ===
2025-12-15 10:31:14,252 - INFO - 1. pcm: cos=0.9996
2025-12-15 10:31:14,252 - INFO - 2. xho: cos=0.9996
2025-12-15 10:31:14,252 - INFO - 3. ewe: cos=0.9996
2025-12-15 10:31:14,252 - INFO - 4. swa: cos=0.9997
2025-12-15 10:31:14,252 - INFO - 5. yor: cos=0.9997
2025-12-15 10:31:14,370 - INFO - === Layer 5 (mbert) — Top 5 (cosine) ===
2025-12-15 10:31:14,370 - INFO - 1. luo: cos=0.9951
2025-12-15 10:31:14,370 - INFO - 2. kin: cos=0.9949
2025-12-15 10:31:14,370 - INFO - 3. twi: cos=0.9944
2025-12-15 10:31:14,370 - INFO - 4. tsn: cos=0.9944
2025-12-15 10:31:14,370 - INFO - 5. ibo: cos=0.9932
2025-12-15 10:31:14,370 - INFO - === Layer 5 (mbert) — Worst 5 (cosine) ===
2025-12-15 10:31:14,370 - INFO - 1. bbj: cos=0.9802
2025-12-15 10:31:14,370 - INFO - 2. yor: cos=0.9819
2025-12-15 10:31:14,370 - INFO - 3. pcm: cos=0.9831
2025-12-15 10:31:14,370 - INFO - 4. mos: cos=0.9833
2025-12-15 10:31:14,370 - INFO - 5. wol: cos=0.9860
2025-12-15 10:31:14,549 - INFO - === Layer 6 (mbert) — Top 5 (cosine) ===
2025-12-15 10:31:14,549 - INFO - 1. tsn: cos=0.9898
2025-12-15 10:31:14,549 - INFO - 2. twi: cos=0.9896
2025-12-15 10:31:14,549 - INFO - 3. kin: cos=0.9893
2025-12-15 10:31:14,549 - INFO - 4. luo: cos=0.9882
2025-12-15 10:31:14,549 - INFO - 5. ibo: cos=0.9846
2025-12-15 10:31:14,549 - INFO - === Layer 6 (mbert) — Worst 5 (cosine) ===
2025-12-15 10:31:14,549 - INFO - 1. yor: cos=0.9567
2025-12-15 10:31:14,549 - INFO - 2. bbj: cos=0.9652
2025-12-15 10:31:14,549 - INFO - 3. pcm: cos=0.9694
2025-12-15 10:31:14,549 - INFO - 4. mos: cos=0.9705
2025-12-15 10:31:14,549 - INFO - 5. ewe: cos=0.9732
2025-12-15 10:31:14,667 - INFO - === Layer 7 (mbert) — Top 5 (cosine) ===
2025-12-15 10:31:14,667 - INFO - 1. twi: cos=0.9935
2025-12-15 10:31:14,667 - INFO - 2. kin: cos=0.9893
2025-12-15 10:31:14,667 - INFO - 3. lug: cos=0.9890
2025-12-15 10:31:14,667 - INFO - 4. pcm: cos=0.9888
2025-12-15 10:31:14,667 - INFO - 5. tsn: cos=0.9883
2025-12-15 10:31:14,667 - INFO - === Layer 7 (mbert) — Worst 5 (cosine) ===
2025-12-15 10:31:14,667 - INFO - 1. yor: cos=0.9482
2025-12-15 10:31:14,667 - INFO - 2. bbj: cos=0.9655
2025-12-15 10:31:14,667 - INFO - 3. xho: cos=0.9669
2025-12-15 10:31:14,667 - INFO - 4. fon: cos=0.9719
2025-12-15 10:31:14,667 - INFO - 5. mos: cos=0.9733
2025-12-15 10:31:14,785 - INFO - === Layer 8 (mbert) — Top 5 (cosine) ===
2025-12-15 10:31:14,785 - INFO - 1. twi: cos=0.9855
2025-12-15 10:31:14,785 - INFO - 2. lug: cos=0.9775
2025-12-15 10:31:14,785 - INFO - 3. ewe: cos=0.9769
2025-12-15 10:31:14,785 - INFO - 4. luo: cos=0.9768
2025-12-15 10:31:14,785 - INFO - 5. swa: cos=0.9767
2025-12-15 10:31:14,785 - INFO - === Layer 8 (mbert) — Worst 5 (cosine) ===
2025-12-15 10:31:14,785 - INFO - 1. yor: cos=0.9348
2025-12-15 10:31:14,785 - INFO - 2. xho: cos=0.9458
2025-12-15 10:31:14,785 - INFO - 3. bbj: cos=0.9509
2025-12-15 10:31:14,785 - INFO - 4. zul: cos=0.9552
2025-12-15 10:31:14,785 - INFO - 5. fon: cos=0.9576
2025-12-15 10:31:14,904 - INFO - === Layer 9 (mbert) — Top 5 (cosine) ===
2025-12-15 10:31:14,904 - INFO - 1. twi: cos=0.9871
2025-12-15 10:31:14,904 - INFO - 2. ewe: cos=0.9797
2025-12-15 10:31:14,904 - INFO - 3. swa: cos=0.9795
2025-12-15 10:31:14,904 - INFO - 4. lug: cos=0.9787
2025-12-15 10:31:14,904 - INFO - 5. luo: cos=0.9771
2025-12-15 10:31:14,904 - INFO - === Layer 9 (mbert) — Worst 5 (cosine) ===
2025-12-15 10:31:14,904 - INFO - 1. yor: cos=0.9288
2025-12-15 10:31:14,904 - INFO - 2. xho: cos=0.9534
2025-12-15 10:31:14,904 - INFO - 3. bbj: cos=0.9588
2025-12-15 10:31:14,904 - INFO - 4. zul: cos=0.9596
2025-12-15 10:31:14,904 - INFO - 5. fon: cos=0.9627
2025-12-15 10:31:15,022 - INFO - === Layer 10 (mbert) — Top 5 (cosine) ===
2025-12-15 10:31:15,022 - INFO - 1. twi: cos=0.9856
2025-12-15 10:31:15,022 - INFO - 2. luo: cos=0.9803
2025-12-15 10:31:15,022 - INFO - 3. swa: cos=0.9794
2025-12-15 10:31:15,022 - INFO - 4. lug: cos=0.9780
2025-12-15 10:31:15,022 - INFO - 5. ewe: cos=0.9760
2025-12-15 10:31:15,022 - INFO - === Layer 10 (mbert) — Worst 5 (cosine) ===
2025-12-15 10:31:15,022 - INFO - 1. yor: cos=0.9250
2025-12-15 10:31:15,023 - INFO - 2. xho: cos=0.9523
2025-12-15 10:31:15,023 - INFO - 3. tsn: cos=0.9545
2025-12-15 10:31:15,023 - INFO - 4. bbj: cos=0.9580
2025-12-15 10:31:15,023 - INFO - 5. zul: cos=0.9581
2025-12-15 10:31:15,141 - INFO - === Layer 11 (mbert) — Top 5 (cosine) ===
2025-12-15 10:31:15,141 - INFO - 1. twi: cos=0.9838
2025-12-15 10:31:15,141 - INFO - 2. ewe: cos=0.9807
2025-12-15 10:31:15,141 - INFO - 3. luo: cos=0.9805
2025-12-15 10:31:15,141 - INFO - 4. lug: cos=0.9802
2025-12-15 10:31:15,141 - INFO - 5. swa: cos=0.9784
2025-12-15 10:31:15,141 - INFO - === Layer 11 (mbert) — Worst 5 (cosine) ===
2025-12-15 10:31:15,141 - INFO - 1. yor: cos=0.9303
2025-12-15 10:31:15,141 - INFO - 2. xho: cos=0.9413
2025-12-15 10:31:15,141 - INFO - 3. zul: cos=0.9490
2025-12-15 10:31:15,141 - INFO - 4. bbj: cos=0.9523
2025-12-15 10:31:15,141 - INFO - 5. tsn: cos=0.9583
2025-12-15 10:31:15,259 - INFO - === Layer 12 (mbert) — Top 5 (cosine) ===
2025-12-15 10:31:15,260 - INFO - 1. lug: cos=0.9634
2025-12-15 10:31:15,260 - INFO - 2. ewe: cos=0.9610
2025-12-15 10:31:15,260 - INFO - 3. luo: cos=0.9581
2025-12-15 10:31:15,260 - INFO - 4. twi: cos=0.9473
2025-12-15 10:31:15,260 - INFO - 5. mos: cos=0.9471
2025-12-15 10:31:15,260 - INFO - === Layer 12 (mbert) — Worst 5 (cosine) ===
2025-12-15 10:31:15,260 - INFO - 1. yor: cos=0.7803
2025-12-15 10:31:15,260 - INFO - 2. xho: cos=0.7898
2025-12-15 10:31:15,260 - INFO - 3. bbj: cos=0.8132
2025-12-15 10:31:15,260 - INFO - 4. zul: cos=0.8138
2025-12-15 10:31:15,260 - INFO - 5. tsn: cos=0.8627
2025-12-15 10:31:15,260 - INFO - Experiment finished successfully.
