2025-08-02 22:52:00,903 - INFO - Experiment started with model_type=mbert, use_cls=True, use_context=True, context_window=2, use_hybrid=False, max_tokens_per_type=500, output_dir=rq2_train_scripts/Embeddings/MEXA_inspired_strategy/outputs/combined/mbert/config_4_clstrue_ctxtrue_hybfalse/tokens_500_ctx2
2025-08-02 22:52:02,082 - INFO - Processing run
2025-08-02 22:52:05,900 - INFO - Processing bam
2025-08-02 22:52:09,291 - INFO - Processing bbj
2025-08-02 22:52:13,079 - INFO - Processing ewe
2025-08-02 22:52:16,835 - INFO - Processing fon
2025-08-02 22:52:20,634 - INFO - Processing hau
2025-08-02 22:52:24,420 - INFO - Processing ibo
2025-08-02 22:52:28,246 - INFO - Processing kin
2025-08-02 22:52:32,082 - INFO - Processing lug
2025-08-02 22:52:35,882 - INFO - Processing luo
2025-08-02 22:52:39,700 - INFO - Processing mos
2025-08-02 22:52:43,502 - INFO - Processing nya
2025-08-02 22:52:47,376 - INFO - Processing pcm
2025-08-02 22:52:51,165 - INFO - Processing sna
2025-08-02 22:52:54,971 - INFO - Processing swa
2025-08-02 22:52:58,782 - INFO - Processing tsn
2025-08-02 22:53:02,542 - INFO - Processing twi
2025-08-02 22:53:06,324 - INFO - Processing wol
2025-08-02 22:53:10,099 - INFO - Processing xho
2025-08-02 22:53:13,878 - INFO - Processing yor
2025-08-02 22:53:17,728 - INFO - Processing zul
2025-08-02 22:53:21,926 - INFO - Top 5 languages most similar to Runyankore:
2025-08-02 22:53:21,926 - INFO - 1. lug - Mean Similarity: 0.9941
2025-08-02 22:53:21,926 - INFO - 2. kin - Mean Similarity: 0.9925
2025-08-02 22:53:21,926 - INFO - 3. nya - Mean Similarity: 0.9914
2025-08-02 22:53:21,926 - INFO - 4. sna - Mean Similarity: 0.9906
2025-08-02 22:53:21,926 - INFO - 5. xho - Mean Similarity: 0.9868
2025-08-02 22:53:21,926 - INFO - Experiment finished successfully.
