2025-08-27 07:49:11,805 - INFO - Start: model_type=xlmr, use_cls=True, use_context=True, context_window=3, max_tokens_per_type=300, batch_size=64, output_dir=rq2_train_scripts/Embeddings/CLEAN/outputs/mptc/xlmr/config_3_clstrue_ctxtrue/tokens_300_ctx3, save_prototypes=False, seed=42, fp16=True, max_length=96, langs=all, layers=all, span_mode=bio, pool=mean, entity_tags={'PER', 'DATE', 'LOC', 'ORG'}, title_suffix='L=all, tokens=300, ctx=3, cls=true, fp16=true'
2025-08-27 07:49:13,975 - INFO - Processing run
2025-08-27 07:49:14,366 - INFO - Processing bam
2025-08-27 07:49:14,424 - INFO - Processing bbj
2025-08-27 07:49:14,475 - INFO - Processing ewe
2025-08-27 07:49:14,513 - INFO - Processing fon
2025-08-27 07:49:14,569 - INFO - Processing hau
2025-08-27 07:49:14,634 - INFO - Processing ibo
2025-08-27 07:49:14,728 - INFO - Processing kin
2025-08-27 07:49:14,801 - INFO - Processing lug
2025-08-27 07:49:14,858 - INFO - Processing luo
2025-08-27 07:49:14,929 - INFO - Processing mos
2025-08-27 07:49:14,992 - INFO - Processing nya
2025-08-27 07:49:15,060 - INFO - Processing pcm
2025-08-27 07:49:15,119 - INFO - Processing sna
2025-08-27 07:49:15,186 - INFO - Processing swa
2025-08-27 07:49:15,252 - INFO - Processing tsn
2025-08-27 07:49:15,322 - INFO - Processing twi
2025-08-27 07:49:15,407 - INFO - Processing wol
2025-08-27 07:49:15,475 - INFO - Processing xho
2025-08-27 07:49:15,531 - INFO - Processing yor
2025-08-27 07:49:15,609 - INFO - Processing zul
2025-08-27 07:49:16,090 - INFO - === Layer 1 (xlmr) — Top 5 (cosine) ===
2025-08-27 07:49:16,090 - INFO - 1. sna: cos=1.0000
2025-08-27 07:49:16,090 - INFO - 2. lug: cos=1.0000
2025-08-27 07:49:16,090 - INFO - 3. kin: cos=0.9999
2025-08-27 07:49:16,090 - INFO - 4. nya: cos=0.9999
2025-08-27 07:49:16,090 - INFO - 5. xho: cos=0.9999
2025-08-27 07:49:16,090 - INFO - === Layer 1 (xlmr) — Worst 5 (cosine) ===
2025-08-27 07:49:16,090 - INFO - 1. bam: cos=0.9996
2025-08-27 07:49:16,090 - INFO - 2. fon: cos=0.9996
2025-08-27 07:49:16,090 - INFO - 3. ewe: cos=0.9998
2025-08-27 07:49:16,090 - INFO - 4. yor: cos=0.9998
2025-08-27 07:49:16,090 - INFO - 5. ibo: cos=0.9998
2025-08-27 07:49:16,220 - INFO - === Layer 2 (xlmr) — Top 5 (cosine) ===
2025-08-27 07:49:16,220 - INFO - 1. kin: cos=1.0000
2025-08-27 07:49:16,220 - INFO - 2. lug: cos=1.0000
2025-08-27 07:49:16,220 - INFO - 3. nya: cos=1.0000
2025-08-27 07:49:16,220 - INFO - 4. tsn: cos=1.0000
2025-08-27 07:49:16,220 - INFO - 5. sna: cos=1.0000
2025-08-27 07:49:16,220 - INFO - === Layer 2 (xlmr) — Worst 5 (cosine) ===
2025-08-27 07:49:16,220 - INFO - 1. bam: cos=1.0000
2025-08-27 07:49:16,220 - INFO - 2. fon: cos=1.0000
2025-08-27 07:49:16,220 - INFO - 3. yor: cos=1.0000
2025-08-27 07:49:16,220 - INFO - 4. ibo: cos=1.0000
2025-08-27 07:49:16,220 - INFO - 5. mos: cos=1.0000
2025-08-27 07:49:16,346 - INFO - === Layer 3 (xlmr) — Top 5 (cosine) ===
2025-08-27 07:49:16,346 - INFO - 1. kin: cos=1.0000
2025-08-27 07:49:16,346 - INFO - 2. lug: cos=1.0000
2025-08-27 07:49:16,346 - INFO - 3. zul: cos=1.0000
2025-08-27 07:49:16,346 - INFO - 4. xho: cos=1.0000
2025-08-27 07:49:16,346 - INFO - 5. nya: cos=1.0000
2025-08-27 07:49:16,346 - INFO - === Layer 3 (xlmr) — Worst 5 (cosine) ===
2025-08-27 07:49:16,346 - INFO - 1. pcm: cos=1.0000
2025-08-27 07:49:16,346 - INFO - 2. swa: cos=1.0000
2025-08-27 07:49:16,346 - INFO - 3. yor: cos=1.0000
2025-08-27 07:49:16,346 - INFO - 4. fon: cos=1.0000
2025-08-27 07:49:16,346 - INFO - 5. bam: cos=1.0000
2025-08-27 07:49:16,467 - INFO - === Layer 4 (xlmr) — Top 5 (cosine) ===
2025-08-27 07:49:16,467 - INFO - 1. zul: cos=1.0000
2025-08-27 07:49:16,467 - INFO - 2. lug: cos=1.0000
2025-08-27 07:49:16,467 - INFO - 3. ibo: cos=1.0000
2025-08-27 07:49:16,467 - INFO - 4. xho: cos=1.0000
2025-08-27 07:49:16,467 - INFO - 5. tsn: cos=1.0000
2025-08-27 07:49:16,467 - INFO - === Layer 4 (xlmr) — Worst 5 (cosine) ===
2025-08-27 07:49:16,467 - INFO - 1. pcm: cos=1.0000
2025-08-27 07:49:16,467 - INFO - 2. sna: cos=1.0000
2025-08-27 07:49:16,467 - INFO - 3. fon: cos=1.0000
2025-08-27 07:49:16,467 - INFO - 4. bbj: cos=1.0000
2025-08-27 07:49:16,467 - INFO - 5. bam: cos=1.0000
2025-08-27 07:49:16,602 - INFO - === Layer 5 (xlmr) — Top 5 (cosine) ===
2025-08-27 07:49:16,602 - INFO - 1. lug: cos=1.0000
2025-08-27 07:49:16,602 - INFO - 2. xho: cos=1.0000
2025-08-27 07:49:16,602 - INFO - 3. kin: cos=1.0000
2025-08-27 07:49:16,602 - INFO - 4. zul: cos=1.0000
2025-08-27 07:49:16,602 - INFO - 5. sna: cos=1.0000
2025-08-27 07:49:16,602 - INFO - === Layer 5 (xlmr) — Worst 5 (cosine) ===
2025-08-27 07:49:16,602 - INFO - 1. bam: cos=1.0000
2025-08-27 07:49:16,602 - INFO - 2. fon: cos=1.0000
2025-08-27 07:49:16,602 - INFO - 3. twi: cos=1.0000
2025-08-27 07:49:16,602 - INFO - 4. bbj: cos=1.0000
2025-08-27 07:49:16,602 - INFO - 5. pcm: cos=1.0000
2025-08-27 07:49:16,729 - INFO - === Layer 6 (xlmr) — Top 5 (cosine) ===
2025-08-27 07:49:16,729 - INFO - 1. lug: cos=1.0000
2025-08-27 07:49:16,729 - INFO - 2. xho: cos=1.0000
2025-08-27 07:49:16,729 - INFO - 3. kin: cos=1.0000
2025-08-27 07:49:16,729 - INFO - 4. zul: cos=1.0000
2025-08-27 07:49:16,729 - INFO - 5. sna: cos=1.0000
2025-08-27 07:49:16,729 - INFO - === Layer 6 (xlmr) — Worst 5 (cosine) ===
2025-08-27 07:49:16,729 - INFO - 1. bam: cos=1.0000
2025-08-27 07:49:16,729 - INFO - 2. fon: cos=1.0000
2025-08-27 07:49:16,729 - INFO - 3. twi: cos=1.0000
2025-08-27 07:49:16,729 - INFO - 4. bbj: cos=1.0000
2025-08-27 07:49:16,729 - INFO - 5. pcm: cos=1.0000
2025-08-27 07:49:16,861 - INFO - === Layer 7 (xlmr) — Top 5 (cosine) ===
2025-08-27 07:49:16,861 - INFO - 1. ewe: cos=1.0000
2025-08-27 07:49:16,861 - INFO - 2. zul: cos=1.0000
2025-08-27 07:49:16,861 - INFO - 3. nya: cos=1.0000
2025-08-27 07:49:16,861 - INFO - 4. kin: cos=1.0000
2025-08-27 07:49:16,861 - INFO - 5. ibo: cos=1.0000
2025-08-27 07:49:16,861 - INFO - === Layer 7 (xlmr) — Worst 5 (cosine) ===
2025-08-27 07:49:16,861 - INFO - 1. twi: cos=1.0000
2025-08-27 07:49:16,861 - INFO - 2. swa: cos=1.0000
2025-08-27 07:49:16,861 - INFO - 3. sna: cos=1.0000
2025-08-27 07:49:16,861 - INFO - 4. bbj: cos=1.0000
2025-08-27 07:49:16,862 - INFO - 5. mos: cos=1.0000
2025-08-27 07:49:17,099 - INFO - === Layer 8 (xlmr) — Top 5 (cosine) ===
2025-08-27 07:49:17,099 - INFO - 1. kin: cos=1.0000
2025-08-27 07:49:17,099 - INFO - 2. sna: cos=1.0000
2025-08-27 07:49:17,099 - INFO - 3. ewe: cos=1.0000
2025-08-27 07:49:17,099 - INFO - 4. nya: cos=1.0000
2025-08-27 07:49:17,099 - INFO - 5. wol: cos=1.0000
2025-08-27 07:49:17,099 - INFO - === Layer 8 (xlmr) — Worst 5 (cosine) ===
2025-08-27 07:49:17,099 - INFO - 1. swa: cos=1.0000
2025-08-27 07:49:17,099 - INFO - 2. tsn: cos=1.0000
2025-08-27 07:49:17,099 - INFO - 3. bbj: cos=1.0000
2025-08-27 07:49:17,099 - INFO - 4. hau: cos=1.0000
2025-08-27 07:49:17,099 - INFO - 5. pcm: cos=1.0000
2025-08-27 07:49:17,221 - INFO - === Layer 9 (xlmr) — Top 5 (cosine) ===
2025-08-27 07:49:17,221 - INFO - 1. fon: cos=1.0000
2025-08-27 07:49:17,221 - INFO - 2. xho: cos=1.0000
2025-08-27 07:49:17,221 - INFO - 3. yor: cos=1.0000
2025-08-27 07:49:17,221 - INFO - 4. nya: cos=1.0000
2025-08-27 07:49:17,221 - INFO - 5. zul: cos=1.0000
2025-08-27 07:49:17,221 - INFO - === Layer 9 (xlmr) — Worst 5 (cosine) ===
2025-08-27 07:49:17,221 - INFO - 1. tsn: cos=1.0000
2025-08-27 07:49:17,221 - INFO - 2. swa: cos=1.0000
2025-08-27 07:49:17,221 - INFO - 3. mos: cos=1.0000
2025-08-27 07:49:17,221 - INFO - 4. bbj: cos=1.0000
2025-08-27 07:49:17,221 - INFO - 5. twi: cos=1.0000
2025-08-27 07:49:17,351 - INFO - === Layer 10 (xlmr) — Top 5 (cosine) ===
2025-08-27 07:49:17,351 - INFO - 1. yor: cos=1.0000
2025-08-27 07:49:17,351 - INFO - 2. zul: cos=1.0000
2025-08-27 07:49:17,351 - INFO - 3. bam: cos=1.0000
2025-08-27 07:49:17,351 - INFO - 4. ewe: cos=1.0000
2025-08-27 07:49:17,351 - INFO - 5. fon: cos=1.0000
2025-08-27 07:49:17,351 - INFO - === Layer 10 (xlmr) — Worst 5 (cosine) ===
2025-08-27 07:49:17,351 - INFO - 1. pcm: cos=0.9999
2025-08-27 07:49:17,351 - INFO - 2. tsn: cos=1.0000
2025-08-27 07:49:17,351 - INFO - 3. luo: cos=1.0000
2025-08-27 07:49:17,351 - INFO - 4. swa: cos=1.0000
2025-08-27 07:49:17,351 - INFO - 5. lug: cos=1.0000
2025-08-27 07:49:17,483 - INFO - === Layer 11 (xlmr) — Top 5 (cosine) ===
2025-08-27 07:49:17,483 - INFO - 1. kin: cos=1.0000
2025-08-27 07:49:17,483 - INFO - 2. twi: cos=1.0000
2025-08-27 07:49:17,483 - INFO - 3. hau: cos=1.0000
2025-08-27 07:49:17,483 - INFO - 4. bam: cos=1.0000
2025-08-27 07:49:17,483 - INFO - 5. lug: cos=1.0000
2025-08-27 07:49:17,483 - INFO - === Layer 11 (xlmr) — Worst 5 (cosine) ===
2025-08-27 07:49:17,483 - INFO - 1. luo: cos=0.9999
2025-08-27 07:49:17,483 - INFO - 2. yor: cos=0.9999
2025-08-27 07:49:17,483 - INFO - 3. fon: cos=0.9999
2025-08-27 07:49:17,483 - INFO - 4. pcm: cos=1.0000
2025-08-27 07:49:17,483 - INFO - 5. ibo: cos=1.0000
2025-08-27 07:49:17,614 - INFO - === Layer 12 (xlmr) — Top 5 (cosine) ===
2025-08-27 07:49:17,614 - INFO - 1. tsn: cos=0.9988
2025-08-27 07:49:17,614 - INFO - 2. yor: cos=0.9987
2025-08-27 07:49:17,614 - INFO - 3. wol: cos=0.9986
2025-08-27 07:49:17,614 - INFO - 4. sna: cos=0.9985
2025-08-27 07:49:17,614 - INFO - 5. hau: cos=0.9984
2025-08-27 07:49:17,614 - INFO - === Layer 12 (xlmr) — Worst 5 (cosine) ===
2025-08-27 07:49:17,614 - INFO - 1. fon: cos=0.9914
2025-08-27 07:49:17,614 - INFO - 2. ibo: cos=0.9951
2025-08-27 07:49:17,614 - INFO - 3. lug: cos=0.9955
2025-08-27 07:49:17,614 - INFO - 4. pcm: cos=0.9957
2025-08-27 07:49:17,614 - INFO - 5. ewe: cos=0.9958
2025-08-27 07:49:17,615 - INFO - Experiment finished successfully.
