2025-08-03 05:01:52,972 - INFO - Experiment started with model_type=xlmr, use_cls=False, use_context=False, context_window=2, use_hybrid=False, max_tokens_per_type=400, output_dir=rq2_train_scripts/Embeddings/MEXA_inspired_strategy/outputs/mptc/xlmr/config_0_clsfalse_ctxfalse_hybfalse/tokens_400_ctx2
2025-08-03 05:01:54,433 - INFO - Processing run
2025-08-03 05:01:56,432 - INFO - Processing bam
2025-08-03 05:01:59,520 - INFO - Processing bbj
2025-08-03 05:02:02,873 - INFO - Processing ewe
2025-08-03 05:02:06,180 - INFO - Processing fon
2025-08-03 05:02:09,515 - INFO - Processing hau
2025-08-03 05:02:12,862 - INFO - Processing ibo
2025-08-03 05:02:16,257 - INFO - Processing kin
2025-08-03 05:02:19,612 - INFO - Processing lug
2025-08-03 05:02:22,954 - INFO - Processing luo
2025-08-03 05:02:26,298 - INFO - Processing mos
2025-08-03 05:02:29,663 - INFO - Processing nya
2025-08-03 05:02:33,039 - INFO - Processing pcm
2025-08-03 05:02:36,361 - INFO - Processing sna
2025-08-03 05:02:39,728 - INFO - Processing swa
2025-08-03 05:02:43,063 - INFO - Processing tsn
2025-08-03 05:02:46,386 - INFO - Processing twi
2025-08-03 05:02:49,721 - INFO - Processing wol
2025-08-03 05:02:53,096 - INFO - Processing xho
2025-08-03 05:02:56,457 - INFO - Processing yor
2025-08-03 05:02:59,875 - INFO - Processing zul
2025-08-03 05:03:03,689 - INFO - Top 5 languages most similar to Runyankore:
2025-08-03 05:03:03,689 - INFO - 1. luo - Mean Similarity: 0.9968
2025-08-03 05:03:03,689 - INFO - 2. twi - Mean Similarity: 0.9968
2025-08-03 05:03:03,689 - INFO - 3. kin - Mean Similarity: 0.9967
2025-08-03 05:03:03,689 - INFO - 4. lug - Mean Similarity: 0.9967
2025-08-03 05:03:03,689 - INFO - 5. ewe - Mean Similarity: 0.9966
2025-08-03 05:03:03,689 - INFO - Experiment finished successfully.
