2025-08-02 19:08:36,067 - INFO - Experiment started with model_type=xlmr, use_cls=False, use_context=False, context_window=0, use_hybrid=False, max_tokens_per_type=200, output_dir=rq2_train_scripts/Embeddings/MEXA_inspired_strategy/outputs/combined/xlmr/config_0_clsfalse_ctxfalse_hybfalse/tokens_200_ctx0
2025-08-02 19:08:38,256 - INFO - Processing run
2025-08-02 19:08:40,503 - INFO - Processing bam
2025-08-02 19:08:42,333 - INFO - Processing bbj
2025-08-02 19:08:44,150 - INFO - Processing ewe
2025-08-02 19:08:45,957 - INFO - Processing fon
2025-08-02 19:08:47,789 - INFO - Processing hau
2025-08-02 19:08:49,583 - INFO - Processing ibo
2025-08-02 19:08:51,426 - INFO - Processing kin
2025-08-02 19:08:53,249 - INFO - Processing lug
2025-08-02 19:08:55,042 - INFO - Processing luo
2025-08-02 19:08:56,858 - INFO - Processing mos
2025-08-02 19:08:58,685 - INFO - Processing nya
2025-08-02 19:09:00,514 - INFO - Processing pcm
2025-08-02 19:09:02,316 - INFO - Processing sna
2025-08-02 19:09:04,142 - INFO - Processing swa
2025-08-02 19:09:05,953 - INFO - Processing tsn
2025-08-02 19:09:07,747 - INFO - Processing twi
2025-08-02 19:09:09,565 - INFO - Processing wol
2025-08-02 19:09:11,405 - INFO - Processing xho
2025-08-02 19:09:13,214 - INFO - Processing yor
2025-08-02 19:09:15,071 - INFO - Processing zul
2025-08-02 19:09:17,372 - INFO - Top 5 languages most similar to Runyankore:
2025-08-02 19:09:17,373 - INFO - 1. lug - Mean Similarity: 0.9995
2025-08-02 19:09:17,373 - INFO - 2. kin - Mean Similarity: 0.9994
2025-08-02 19:09:17,373 - INFO - 3. luo - Mean Similarity: 0.9994
2025-08-02 19:09:17,373 - INFO - 4. ibo - Mean Similarity: 0.9993
2025-08-02 19:09:17,373 - INFO - 5. twi - Mean Similarity: 0.9993
2025-08-02 19:09:17,373 - INFO - Experiment finished successfully.
