2025-08-02 14:44:19,078 - INFO - Experiment started with model_type=xlmr, use_cls=True, use_context=False, context_window=0, use_hybrid=False, max_tokens_per_type=500, output_dir=rq2_train_scripts/Embeddings/MEXA_inspired_strategy/outputs/salt/xlmr/config_1_clstrue_ctxfalse_hybfalse/tokens_500_ctx0
2025-08-02 14:44:20,885 - INFO - Processing run
2025-08-02 14:44:33,965 - INFO - Processing bam
2025-08-02 14:44:46,317 - INFO - Processing bbj
2025-08-02 14:44:59,742 - INFO - Processing ewe
2025-08-02 14:45:13,825 - INFO - Processing fon
2025-08-02 14:45:27,869 - INFO - Processing hau
2025-08-02 14:45:42,153 - INFO - Processing ibo
2025-08-02 14:45:56,052 - INFO - Processing kin
2025-08-02 14:46:09,608 - INFO - Processing lug
2025-08-02 14:46:23,140 - INFO - Processing luo
2025-08-02 14:46:37,286 - INFO - Processing mos
2025-08-02 14:46:51,685 - INFO - Processing nya
2025-08-02 14:47:06,197 - INFO - Processing pcm
2025-08-02 14:47:20,996 - INFO - Processing sna
2025-08-02 14:47:35,989 - INFO - Processing swa
2025-08-02 14:47:49,743 - INFO - Processing tsn
2025-08-02 14:48:04,428 - INFO - Processing twi
2025-08-02 14:48:18,498 - INFO - Processing wol
2025-08-02 14:48:32,915 - INFO - Processing xho
2025-08-02 14:48:47,740 - INFO - Processing yor
2025-08-02 14:49:01,780 - INFO - Processing zul
2025-08-02 14:49:16,188 - INFO - Top 5 languages most similar to Runyankore:
2025-08-02 14:49:16,188 - INFO - 1. lug - Mean Similarity: 1.0000
2025-08-02 14:49:16,188 - INFO - 2. luo - Mean Similarity: 0.9999
2025-08-02 14:49:16,188 - INFO - 3. twi - Mean Similarity: 0.9999
2025-08-02 14:49:16,188 - INFO - 4. nya - Mean Similarity: 0.9999
2025-08-02 14:49:16,188 - INFO - 5. kin - Mean Similarity: 0.9999
2025-08-02 14:49:16,188 - INFO - Experiment finished successfully.
