2025-12-15 09:25:08,865 - INFO - Start: model_type=afroxlmr, use_cls=False, use_context=False, context_window=2, max_tokens_per_type=300, batch_size=64, output_dir=rq2_train_scripts/Embeddings/CLEAN/outputs/combined/afroxlmr/config_0_clsfalse_ctxfalse/tokens_300_ctx2/core, save_prototypes=False, seed=42, fp16=True, max_length=96, langs=all, layers=all, span_mode=bio, pool=mean, entity_tags={'PER', 'LOC', 'ORG', 'DATE'}, title_suffix='L=all, tokens=300, ctx=2, cls=false, fp16=true'
2025-12-15 09:25:10,798 - INFO - Processing run
2025-12-15 09:25:11,241 - INFO - Processing bam
2025-12-15 09:25:11,338 - INFO - Processing bbj
2025-12-15 09:25:11,421 - INFO - Processing ewe
2025-12-15 09:25:11,503 - INFO - Processing fon
2025-12-15 09:25:11,597 - INFO - Processing hau
2025-12-15 09:25:11,703 - INFO - Processing ibo
2025-12-15 09:25:11,832 - INFO - Processing kin
2025-12-15 09:25:11,937 - INFO - Processing lug
2025-12-15 09:25:12,028 - INFO - Processing luo
2025-12-15 09:25:12,133 - INFO - Processing mos
2025-12-15 09:25:12,233 - INFO - Processing nya
2025-12-15 09:25:12,338 - INFO - Processing pcm
2025-12-15 09:25:12,430 - INFO - Processing sna
2025-12-15 09:25:12,531 - INFO - Processing swa
2025-12-15 09:25:12,637 - INFO - Processing tsn
2025-12-15 09:25:12,725 - INFO - Processing twi
2025-12-15 09:25:12,828 - INFO - Processing wol
2025-12-15 09:25:12,928 - INFO - Processing xho
2025-12-15 09:25:13,015 - INFO - Processing yor
2025-12-15 09:25:13,138 - INFO - Processing zul
2025-12-15 09:25:13,627 - INFO - === Layer 1 (afroxlmr) — Top 5 (cosine) ===
2025-12-15 09:25:13,627 - INFO - 1. kin: cos=0.9591
2025-12-15 09:25:13,627 - INFO - 2. twi: cos=0.9570
2025-12-15 09:25:13,627 - INFO - 3. lug: cos=0.9557
2025-12-15 09:25:13,627 - INFO - 4. nya: cos=0.9531
2025-12-15 09:25:13,627 - INFO - 5. luo: cos=0.9527
2025-12-15 09:25:13,627 - INFO - === Layer 1 (afroxlmr) — Worst 5 (cosine) ===
2025-12-15 09:25:13,627 - INFO - 1. hau: cos=0.9142
2025-12-15 09:25:13,627 - INFO - 2. fon: cos=0.9148
2025-12-15 09:25:13,627 - INFO - 3. yor: cos=0.9197
2025-12-15 09:25:13,627 - INFO - 4. bbj: cos=0.9202
2025-12-15 09:25:13,627 - INFO - 5. mos: cos=0.9224
2025-12-15 09:25:13,747 - INFO - === Layer 2 (afroxlmr) — Top 5 (cosine) ===
2025-12-15 09:25:13,747 - INFO - 1. kin: cos=0.9847
2025-12-15 09:25:13,747 - INFO - 2. twi: cos=0.9840
2025-12-15 09:25:13,747 - INFO - 3. luo: cos=0.9813
2025-12-15 09:25:13,747 - INFO - 4. lug: cos=0.9811
2025-12-15 09:25:13,747 - INFO - 5. tsn: cos=0.9809
2025-12-15 09:25:13,747 - INFO - === Layer 2 (afroxlmr) — Worst 5 (cosine) ===
2025-12-15 09:25:13,747 - INFO - 1. hau: cos=0.9646
2025-12-15 09:25:13,747 - INFO - 2. pcm: cos=0.9671
2025-12-15 09:25:13,747 - INFO - 3. fon: cos=0.9680
2025-12-15 09:25:13,747 - INFO - 4. yor: cos=0.9693
2025-12-15 09:25:13,747 - INFO - 5. mos: cos=0.9702
2025-12-15 09:25:13,867 - INFO - === Layer 3 (afroxlmr) — Top 5 (cosine) ===
2025-12-15 09:25:13,867 - INFO - 1. twi: cos=0.9881
2025-12-15 09:25:13,867 - INFO - 2. kin: cos=0.9863
2025-12-15 09:25:13,867 - INFO - 3. luo: cos=0.9845
2025-12-15 09:25:13,867 - INFO - 4. ibo: cos=0.9844
2025-12-15 09:25:13,867 - INFO - 5. tsn: cos=0.9844
2025-12-15 09:25:13,867 - INFO - === Layer 3 (afroxlmr) — Worst 5 (cosine) ===
2025-12-15 09:25:13,867 - INFO - 1. hau: cos=0.9712
2025-12-15 09:25:13,867 - INFO - 2. swa: cos=0.9712
2025-12-15 09:25:13,867 - INFO - 3. pcm: cos=0.9714
2025-12-15 09:25:13,867 - INFO - 4. yor: cos=0.9718
2025-12-15 09:25:13,867 - INFO - 5. fon: cos=0.9743
2025-12-15 09:25:13,988 - INFO - === Layer 4 (afroxlmr) — Top 5 (cosine) ===
2025-12-15 09:25:13,988 - INFO - 1. twi: cos=0.9859
2025-12-15 09:25:13,988 - INFO - 2. kin: cos=0.9827
2025-12-15 09:25:13,988 - INFO - 3. luo: cos=0.9815
2025-12-15 09:25:13,988 - INFO - 4. tsn: cos=0.9809
2025-12-15 09:25:13,988 - INFO - 5. ibo: cos=0.9774
2025-12-15 09:25:13,988 - INFO - === Layer 4 (afroxlmr) — Worst 5 (cosine) ===
2025-12-15 09:25:13,988 - INFO - 1. pcm: cos=0.9624
2025-12-15 09:25:13,988 - INFO - 2. xho: cos=0.9641
2025-12-15 09:25:13,988 - INFO - 3. swa: cos=0.9651
2025-12-15 09:25:13,988 - INFO - 4. hau: cos=0.9658
2025-12-15 09:25:13,988 - INFO - 5. yor: cos=0.9664
2025-12-15 09:25:14,108 - INFO - === Layer 5 (afroxlmr) — Top 5 (cosine) ===
2025-12-15 09:25:14,108 - INFO - 1. twi: cos=0.9857
2025-12-15 09:25:14,108 - INFO - 2. tsn: cos=0.9825
2025-12-15 09:25:14,108 - INFO - 3. luo: cos=0.9824
2025-12-15 09:25:14,108 - INFO - 4. kin: cos=0.9823
2025-12-15 09:25:14,108 - INFO - 5. ewe: cos=0.9779
2025-12-15 09:25:14,108 - INFO - === Layer 5 (afroxlmr) — Worst 5 (cosine) ===
2025-12-15 09:25:14,108 - INFO - 1. xho: cos=0.9663
2025-12-15 09:25:14,108 - INFO - 2. pcm: cos=0.9674
2025-12-15 09:25:14,108 - INFO - 3. yor: cos=0.9675
2025-12-15 09:25:14,108 - INFO - 4. swa: cos=0.9678
2025-12-15 09:25:14,108 - INFO - 5. hau: cos=0.9683
2025-12-15 09:25:14,228 - INFO - === Layer 6 (afroxlmr) — Top 5 (cosine) ===
2025-12-15 09:25:14,228 - INFO - 1. kin: cos=0.9829
2025-12-15 09:25:14,228 - INFO - 2. twi: cos=0.9826
2025-12-15 09:25:14,228 - INFO - 3. luo: cos=0.9812
2025-12-15 09:25:14,228 - INFO - 4. tsn: cos=0.9811
2025-12-15 09:25:14,228 - INFO - 5. zul: cos=0.9761
2025-12-15 09:25:14,228 - INFO - === Layer 6 (afroxlmr) — Worst 5 (cosine) ===
2025-12-15 09:25:14,228 - INFO - 1. yor: cos=0.9619
2025-12-15 09:25:14,228 - INFO - 2. swa: cos=0.9642
2025-12-15 09:25:14,228 - INFO - 3. pcm: cos=0.9651
2025-12-15 09:25:14,228 - INFO - 4. xho: cos=0.9655
2025-12-15 09:25:14,228 - INFO - 5. bbj: cos=0.9682
2025-12-15 09:25:14,348 - INFO - === Layer 7 (afroxlmr) — Top 5 (cosine) ===
2025-12-15 09:25:14,348 - INFO - 1. twi: cos=0.9923
2025-12-15 09:25:14,348 - INFO - 2. kin: cos=0.9885
2025-12-15 09:25:14,348 - INFO - 3. tsn: cos=0.9880
2025-12-15 09:25:14,348 - INFO - 4. ewe: cos=0.9870
2025-12-15 09:25:14,348 - INFO - 5. pcm: cos=0.9864
2025-12-15 09:25:14,348 - INFO - === Layer 7 (afroxlmr) — Worst 5 (cosine) ===
2025-12-15 09:25:14,349 - INFO - 1. yor: cos=0.9685
2025-12-15 09:25:14,349 - INFO - 2. xho: cos=0.9754
2025-12-15 09:25:14,349 - INFO - 3. bbj: cos=0.9781
2025-12-15 09:25:14,349 - INFO - 4. sna: cos=0.9798
2025-12-15 09:25:14,349 - INFO - 5. ibo: cos=0.9803
2025-12-15 09:25:14,531 - INFO - === Layer 8 (afroxlmr) — Top 5 (cosine) ===
2025-12-15 09:25:14,531 - INFO - 1. twi: cos=0.9887
2025-12-15 09:25:14,531 - INFO - 2. tsn: cos=0.9854
2025-12-15 09:25:14,531 - INFO - 3. kin: cos=0.9851
2025-12-15 09:25:14,531 - INFO - 4. ewe: cos=0.9842
2025-12-15 09:25:14,531 - INFO - 5. pcm: cos=0.9830
2025-12-15 09:25:14,531 - INFO - === Layer 8 (afroxlmr) — Worst 5 (cosine) ===
2025-12-15 09:25:14,531 - INFO - 1. yor: cos=0.9667
2025-12-15 09:25:14,531 - INFO - 2. xho: cos=0.9720
2025-12-15 09:25:14,531 - INFO - 3. bbj: cos=0.9744
2025-12-15 09:25:14,531 - INFO - 4. sna: cos=0.9766
2025-12-15 09:25:14,531 - INFO - 5. swa: cos=0.9769
2025-12-15 09:25:14,650 - INFO - === Layer 9 (afroxlmr) — Top 5 (cosine) ===
2025-12-15 09:25:14,650 - INFO - 1. twi: cos=0.9883
2025-12-15 09:25:14,650 - INFO - 2. ewe: cos=0.9841
2025-12-15 09:25:14,650 - INFO - 3. kin: cos=0.9840
2025-12-15 09:25:14,650 - INFO - 4. pcm: cos=0.9824
2025-12-15 09:25:14,651 - INFO - 5. zul: cos=0.9803
2025-12-15 09:25:14,651 - INFO - === Layer 9 (afroxlmr) — Worst 5 (cosine) ===
2025-12-15 09:25:14,651 - INFO - 1. yor: cos=0.9592
2025-12-15 09:25:14,651 - INFO - 2. xho: cos=0.9706
2025-12-15 09:25:14,651 - INFO - 3. bbj: cos=0.9714
2025-12-15 09:25:14,651 - INFO - 4. sna: cos=0.9751
2025-12-15 09:25:14,651 - INFO - 5. bam: cos=0.9756
2025-12-15 09:25:14,770 - INFO - === Layer 10 (afroxlmr) — Top 5 (cosine) ===
2025-12-15 09:25:14,770 - INFO - 1. twi: cos=0.9871
2025-12-15 09:25:14,770 - INFO - 2. kin: cos=0.9828
2025-12-15 09:25:14,770 - INFO - 3. pcm: cos=0.9813
2025-12-15 09:25:14,770 - INFO - 4. fon: cos=0.9792
2025-12-15 09:25:14,770 - INFO - 5. ewe: cos=0.9784
2025-12-15 09:25:14,770 - INFO - === Layer 10 (afroxlmr) — Worst 5 (cosine) ===
2025-12-15 09:25:14,770 - INFO - 1. yor: cos=0.9599
2025-12-15 09:25:14,770 - INFO - 2. bam: cos=0.9658
2025-12-15 09:25:14,770 - INFO - 3. xho: cos=0.9670
2025-12-15 09:25:14,770 - INFO - 4. bbj: cos=0.9692
2025-12-15 09:25:14,770 - INFO - 5. ibo: cos=0.9701
2025-12-15 09:25:14,890 - INFO - === Layer 11 (afroxlmr) — Top 5 (cosine) ===
2025-12-15 09:25:14,891 - INFO - 1. twi: cos=0.9886
2025-12-15 09:25:14,891 - INFO - 2. ewe: cos=0.9871
2025-12-15 09:25:14,891 - INFO - 3. kin: cos=0.9844
2025-12-15 09:25:14,891 - INFO - 4. fon: cos=0.9825
2025-12-15 09:25:14,891 - INFO - 5. pcm: cos=0.9815
2025-12-15 09:25:14,891 - INFO - === Layer 11 (afroxlmr) — Worst 5 (cosine) ===
2025-12-15 09:25:14,891 - INFO - 1. yor: cos=0.9677
2025-12-15 09:25:14,891 - INFO - 2. bam: cos=0.9699
2025-12-15 09:25:14,891 - INFO - 3. xho: cos=0.9700
2025-12-15 09:25:14,891 - INFO - 4. bbj: cos=0.9725
2025-12-15 09:25:14,891 - INFO - 5. ibo: cos=0.9747
2025-12-15 09:25:15,011 - INFO - === Layer 12 (afroxlmr) — Top 5 (cosine) ===
2025-12-15 09:25:15,011 - INFO - 1. twi: cos=0.9851
2025-12-15 09:25:15,011 - INFO - 2. pcm: cos=0.9849
2025-12-15 09:25:15,011 - INFO - 3. ewe: cos=0.9826
2025-12-15 09:25:15,011 - INFO - 4. kin: cos=0.9801
2025-12-15 09:25:15,011 - INFO - 5. fon: cos=0.9786
2025-12-15 09:25:15,011 - INFO - === Layer 12 (afroxlmr) — Worst 5 (cosine) ===
2025-12-15 09:25:15,011 - INFO - 1. yor: cos=0.9524
2025-12-15 09:25:15,011 - INFO - 2. bbj: cos=0.9579
2025-12-15 09:25:15,011 - INFO - 3. bam: cos=0.9580
2025-12-15 09:25:15,011 - INFO - 4. luo: cos=0.9668
2025-12-15 09:25:15,011 - INFO - 5. lug: cos=0.9669
2025-12-15 09:25:15,012 - INFO - Experiment finished successfully.
