2025-08-24 11:39:41,066 - INFO - Start: model_type=mbert, run_both=False, use_cls=False, use_context=False, context_window=1, max_tokens_per_type=200, batch_size=32, seed=1, num_middle_layers=3, output_dir=rq2_train_scripts/Embeddings/EXTENDED/outputs/mptc_extended/mbert/config_0_clsfalse_ctxfalse_hybfalse/tokens_200_ctx1
2025-08-24 11:39:41,582 - INFO - mbert: selected layer indices (hidden_states) = [2, 3, 10, 12]
2025-08-24 11:39:42,409 - INFO - Processing run
2025-08-24 11:39:42,882 - INFO - Processing bam
2025-08-24 11:39:42,964 - INFO - Processing bbj
2025-08-24 11:39:43,030 - INFO - Processing ewe
2025-08-24 11:39:43,095 - INFO - Processing fon
2025-08-24 11:39:43,180 - INFO - Processing hau
2025-08-24 11:39:43,273 - INFO - Processing ibo
2025-08-24 11:39:43,383 - INFO - Processing kin
2025-08-24 11:39:43,467 - INFO - Processing lug
2025-08-24 11:39:43,536 - INFO - Processing luo
2025-08-24 11:39:43,629 - INFO - Processing mos
2025-08-24 11:39:43,719 - INFO - Processing nya
2025-08-24 11:39:43,834 - INFO - Processing pcm
2025-08-24 11:39:43,942 - INFO - Processing sna
2025-08-24 11:39:44,032 - INFO - Processing swa
2025-08-24 11:39:44,143 - INFO - Processing tsn
2025-08-24 11:39:44,234 - INFO - Processing twi
2025-08-24 11:39:44,307 - INFO - Processing wol
2025-08-24 11:39:44,388 - INFO - Processing xho
2025-08-24 11:39:44,475 - INFO - Processing yor
2025-08-24 11:39:44,716 - INFO - Processing zul
2025-08-24 11:39:45,175 - INFO - Layer 2 (mbert) — Top 5
2025-08-24 11:39:45,175 - INFO - 1. luo: r=0.8806
2025-08-24 11:39:45,175 - INFO - 2. twi: r=0.8779
2025-08-24 11:39:45,175 - INFO - 3. nya: r=0.8715
2025-08-24 11:39:45,175 - INFO - 4. lug: r=0.8684
2025-08-24 11:39:45,175 - INFO - 5. kin: r=0.8635
2025-08-24 11:39:45,175 - INFO - Layer 2 (mbert) — Worst 5
2025-08-24 11:39:45,175 - INFO - 1. bbj: r=0.7311
2025-08-24 11:39:45,175 - INFO - 2. yor: r=0.7610
2025-08-24 11:39:45,175 - INFO - 3. fon: r=0.7898
2025-08-24 11:39:45,175 - INFO - 4. ewe: r=0.8127
2025-08-24 11:39:45,175 - INFO - 5. pcm: r=0.8141
2025-08-24 11:39:45,295 - INFO - Layer 3 (mbert) — Top 5
2025-08-24 11:39:45,296 - INFO - 1. luo: r=0.9198
2025-08-24 11:39:45,296 - INFO - 2. twi: r=0.9182
2025-08-24 11:39:45,296 - INFO - 3. nya: r=0.9175
2025-08-24 11:39:45,296 - INFO - 4. zul: r=0.9145
2025-08-24 11:39:45,296 - INFO - 5. ibo: r=0.9131
2025-08-24 11:39:45,296 - INFO - Layer 3 (mbert) — Worst 5
2025-08-24 11:39:45,296 - INFO - 1. bbj: r=0.8258
2025-08-24 11:39:45,296 - INFO - 2. yor: r=0.8471
2025-08-24 11:39:45,296 - INFO - 3. ewe: r=0.8712
2025-08-24 11:39:45,296 - INFO - 4. pcm: r=0.8713
2025-08-24 11:39:45,296 - INFO - 5. fon: r=0.8722
2025-08-24 11:39:45,417 - INFO - Layer 10 (mbert) — Top 5
2025-08-24 11:39:45,417 - INFO - 1. luo: r=0.9785
2025-08-24 11:39:45,417 - INFO - 2. kin: r=0.9773
2025-08-24 11:39:45,417 - INFO - 3. twi: r=0.9751
2025-08-24 11:39:45,417 - INFO - 4. lug: r=0.9738
2025-08-24 11:39:45,417 - INFO - 5. nya: r=0.9737
2025-08-24 11:39:45,417 - INFO - Layer 10 (mbert) — Worst 5
2025-08-24 11:39:45,417 - INFO - 1. bbj: r=0.9429
2025-08-24 11:39:45,417 - INFO - 2. pcm: r=0.9487
2025-08-24 11:39:45,417 - INFO - 3. yor: r=0.9526
2025-08-24 11:39:45,417 - INFO - 4. ewe: r=0.9598
2025-08-24 11:39:45,417 - INFO - 5. bam: r=0.9628
2025-08-24 11:39:45,534 - INFO - Layer 12 (mbert) — Top 5
2025-08-24 11:39:45,534 - INFO - 1. luo: r=0.8968
2025-08-24 11:39:45,534 - INFO - 2. lug: r=0.8850
2025-08-24 11:39:45,534 - INFO - 3. kin: r=0.8819
2025-08-24 11:39:45,534 - INFO - 4. twi: r=0.8751
2025-08-24 11:39:45,534 - INFO - 5. nya: r=0.8728
2025-08-24 11:39:45,534 - INFO - Layer 12 (mbert) — Worst 5
2025-08-24 11:39:45,534 - INFO - 1. bbj: r=0.7813
2025-08-24 11:39:45,534 - INFO - 2. yor: r=0.7874
2025-08-24 11:39:45,534 - INFO - 3. pcm: r=0.7874
2025-08-24 11:39:45,534 - INFO - 4. bam: r=0.8286
2025-08-24 11:39:45,534 - INFO - 5. mos: r=0.8298
2025-08-24 11:39:45,535 - INFO - Experiment finished successfully.
