2025-08-02 19:24:14,462 - INFO - Experiment started with model_type=xlmr, use_cls=False, use_context=False, context_window=3, use_hybrid=False, max_tokens_per_type=400, output_dir=rq2_train_scripts/Embeddings/MEXA_inspired_strategy/outputs/combined/xlmr/config_0_clsfalse_ctxfalse_hybfalse/tokens_400_ctx3
2025-08-02 19:24:16,176 - INFO - Processing run
2025-08-02 19:24:19,960 - INFO - Processing bam
2025-08-02 19:24:23,273 - INFO - Processing bbj
2025-08-02 19:24:26,856 - INFO - Processing ewe
2025-08-02 19:24:30,416 - INFO - Processing fon
2025-08-02 19:24:34,018 - INFO - Processing hau
2025-08-02 19:24:37,582 - INFO - Processing ibo
2025-08-02 19:24:41,205 - INFO - Processing kin
2025-08-02 19:24:44,785 - INFO - Processing lug
2025-08-02 19:24:48,329 - INFO - Processing luo
2025-08-02 19:24:51,907 - INFO - Processing mos
2025-08-02 19:24:55,504 - INFO - Processing nya
2025-08-02 19:24:59,110 - INFO - Processing pcm
2025-08-02 19:25:02,611 - INFO - Processing sna
2025-08-02 19:25:06,152 - INFO - Processing swa
2025-08-02 19:25:09,644 - INFO - Processing tsn
2025-08-02 19:25:13,137 - INFO - Processing twi
2025-08-02 19:25:16,648 - INFO - Processing wol
2025-08-02 19:25:20,208 - INFO - Processing xho
2025-08-02 19:25:23,761 - INFO - Processing yor
2025-08-02 19:25:27,367 - INFO - Processing zul
2025-08-02 19:25:31,420 - INFO - Top 5 languages most similar to Runyankore:
2025-08-02 19:25:31,420 - INFO - 1. lug - Mean Similarity: 0.9996
2025-08-02 19:25:31,420 - INFO - 2. kin - Mean Similarity: 0.9994
2025-08-02 19:25:31,420 - INFO - 3. luo - Mean Similarity: 0.9994
2025-08-02 19:25:31,420 - INFO - 4. twi - Mean Similarity: 0.9993
2025-08-02 19:25:31,420 - INFO - 5. ibo - Mean Similarity: 0.9993
2025-08-02 19:25:31,420 - INFO - Experiment finished successfully.
