2025-08-03 08:53:52,369 - INFO - Experiment started with model_type=mbert, use_cls=True, use_context=True, context_window=1, use_hybrid=True, max_tokens_per_type=300, output_dir=rq2_train_scripts/Embeddings/MEXA_inspired_strategy/outputs/mptc/mbert/config_7_clstrue_ctxtrue_hybtrue/tokens_300_ctx1
2025-08-03 08:53:53,425 - INFO - Processing run
2025-08-03 08:53:54,937 - INFO - Processing bam
2025-08-03 08:53:57,026 - INFO - Processing bbj
2025-08-03 08:53:59,142 - INFO - Processing ewe
2025-08-03 08:54:01,258 - INFO - Processing fon
2025-08-03 08:54:03,407 - INFO - Processing hau
2025-08-03 08:54:05,543 - INFO - Processing ibo
2025-08-03 08:54:07,721 - INFO - Processing kin
2025-08-03 08:54:09,864 - INFO - Processing lug
2025-08-03 08:54:11,989 - INFO - Processing luo
2025-08-03 08:54:14,131 - INFO - Processing mos
2025-08-03 08:54:16,271 - INFO - Processing nya
2025-08-03 08:54:18,416 - INFO - Processing pcm
2025-08-03 08:54:20,546 - INFO - Processing sna
2025-08-03 08:54:22,682 - INFO - Processing swa
2025-08-03 08:54:24,831 - INFO - Processing tsn
2025-08-03 08:54:26,945 - INFO - Processing twi
2025-08-03 08:54:29,077 - INFO - Processing wol
2025-08-03 08:54:31,219 - INFO - Processing xho
2025-08-03 08:54:33,351 - INFO - Processing yor
2025-08-03 08:54:35,520 - INFO - Processing zul
2025-08-03 08:54:38,083 - INFO - Top 5 languages most similar to Runyankore:
2025-08-03 08:54:38,084 - INFO - 1. kin - Mean Similarity: 0.6638
2025-08-03 08:54:38,084 - INFO - 2. lug - Mean Similarity: 0.6578
2025-08-03 08:54:38,084 - INFO - 3. nya - Mean Similarity: 0.6542
2025-08-03 08:54:38,084 - INFO - 4. sna - Mean Similarity: 0.6509
2025-08-03 08:54:38,084 - INFO - 5. xho - Mean Similarity: 0.6396
2025-08-03 08:54:38,084 - INFO - Experiment finished successfully.
