2025-08-03 07:15:00,470 - INFO - Experiment started with model_type=mbert, use_cls=False, use_context=False, context_window=1, use_hybrid=False, max_tokens_per_type=400, output_dir=rq2_train_scripts/Embeddings/MEXA_inspired_strategy/outputs/mptc/mbert/config_0_clsfalse_ctxfalse_hybfalse/tokens_400_ctx1
2025-08-03 07:15:01,517 - INFO - Processing run
2025-08-03 07:15:03,168 - INFO - Processing bam
2025-08-03 07:15:05,715 - INFO - Processing bbj
2025-08-03 07:15:08,455 - INFO - Processing ewe
2025-08-03 07:15:11,192 - INFO - Processing fon
2025-08-03 07:15:13,971 - INFO - Processing hau
2025-08-03 07:15:16,753 - INFO - Processing ibo
2025-08-03 07:15:19,551 - INFO - Processing kin
2025-08-03 07:15:22,337 - INFO - Processing lug
2025-08-03 07:15:25,071 - INFO - Processing luo
2025-08-03 07:15:27,832 - INFO - Processing mos
2025-08-03 07:15:30,598 - INFO - Processing nya
2025-08-03 07:15:33,381 - INFO - Processing pcm
2025-08-03 07:15:36,116 - INFO - Processing sna
2025-08-03 07:15:38,897 - INFO - Processing swa
2025-08-03 07:15:41,659 - INFO - Processing tsn
2025-08-03 07:15:44,392 - INFO - Processing twi
2025-08-03 07:15:47,150 - INFO - Processing wol
2025-08-03 07:15:49,929 - INFO - Processing xho
2025-08-03 07:15:52,712 - INFO - Processing yor
2025-08-03 07:15:55,533 - INFO - Processing zul
2025-08-03 07:15:58,726 - INFO - Top 5 languages most similar to Runyankore:
2025-08-03 07:15:58,726 - INFO - 1. kin - Mean Similarity: 0.8949
2025-08-03 07:15:58,726 - INFO - 2. lug - Mean Similarity: 0.8881
2025-08-03 07:15:58,726 - INFO - 3. luo - Mean Similarity: 0.8859
2025-08-03 07:15:58,726 - INFO - 4. twi - Mean Similarity: 0.8758
2025-08-03 07:15:58,726 - INFO - 5. swa - Mean Similarity: 0.8746
2025-08-03 07:15:58,726 - INFO - Experiment finished successfully.
