2025-08-27 18:00:13,000 - INFO - Start: model_type=xlmr, use_cls=True, use_context=True, context_window=2, max_tokens_per_type=200, batch_size=64, output_dir=rq2_train_scripts/Embeddings/CLEAN/outputs/combined/xlmr/config_3_clstrue_ctxtrue/tokens_200_ctx2/core, save_prototypes=False, seed=42, fp16=True, max_length=96, langs=all, layers=all, span_mode=bio, pool=mean, entity_tags={'DATE', 'PER', 'LOC', 'ORG'}, title_suffix='L=all, tokens=200, ctx=2, cls=true, fp16=true'
2025-08-27 18:00:15,099 - INFO - Processing run
2025-08-27 18:00:15,532 - INFO - Processing bam
2025-08-27 18:00:15,580 - INFO - Processing bbj
2025-08-27 18:00:15,613 - INFO - Processing ewe
2025-08-27 18:00:15,653 - INFO - Processing fon
2025-08-27 18:00:15,706 - INFO - Processing hau
2025-08-27 18:00:15,759 - INFO - Processing ibo
2025-08-27 18:00:15,836 - INFO - Processing kin
2025-08-27 18:00:15,894 - INFO - Processing lug
2025-08-27 18:00:15,941 - INFO - Processing luo
2025-08-27 18:00:15,992 - INFO - Processing mos
2025-08-27 18:00:16,042 - INFO - Processing nya
2025-08-27 18:00:16,098 - INFO - Processing pcm
2025-08-27 18:00:16,178 - INFO - Processing sna
2025-08-27 18:00:16,229 - INFO - Processing swa
2025-08-27 18:00:16,285 - INFO - Processing tsn
2025-08-27 18:00:16,322 - INFO - Processing twi
2025-08-27 18:00:16,370 - INFO - Processing wol
2025-08-27 18:00:16,417 - INFO - Processing xho
2025-08-27 18:00:16,465 - INFO - Processing yor
2025-08-27 18:00:16,549 - INFO - Processing zul
2025-08-27 18:00:17,033 - INFO - === Layer 1 (xlmr) — Top 5 (cosine) ===
2025-08-27 18:00:17,034 - INFO - 1. sna: cos=1.0000
2025-08-27 18:00:17,034 - INFO - 2. kin: cos=1.0000
2025-08-27 18:00:17,034 - INFO - 3. lug: cos=1.0000
2025-08-27 18:00:17,034 - INFO - 4. nya: cos=1.0000
2025-08-27 18:00:17,034 - INFO - 5. tsn: cos=1.0000
2025-08-27 18:00:17,034 - INFO - === Layer 1 (xlmr) — Worst 5 (cosine) ===
2025-08-27 18:00:17,034 - INFO - 1. fon: cos=0.9997
2025-08-27 18:00:17,034 - INFO - 2. bam: cos=0.9997
2025-08-27 18:00:17,034 - INFO - 3. hau: cos=0.9999
2025-08-27 18:00:17,034 - INFO - 4. ibo: cos=0.9999
2025-08-27 18:00:17,034 - INFO - 5. ewe: cos=0.9999
2025-08-27 18:00:17,163 - INFO - === Layer 2 (xlmr) — Top 5 (cosine) ===
2025-08-27 18:00:17,163 - INFO - 1. sna: cos=1.0000
2025-08-27 18:00:17,163 - INFO - 2. kin: cos=1.0000
2025-08-27 18:00:17,163 - INFO - 3. nya: cos=1.0000
2025-08-27 18:00:17,163 - INFO - 4. tsn: cos=1.0000
2025-08-27 18:00:17,163 - INFO - 5. luo: cos=1.0000
2025-08-27 18:00:17,163 - INFO - === Layer 2 (xlmr) — Worst 5 (cosine) ===
2025-08-27 18:00:17,163 - INFO - 1. fon: cos=1.0000
2025-08-27 18:00:17,163 - INFO - 2. bam: cos=1.0000
2025-08-27 18:00:17,163 - INFO - 3. hau: cos=1.0000
2025-08-27 18:00:17,163 - INFO - 4. swa: cos=1.0000
2025-08-27 18:00:17,163 - INFO - 5. pcm: cos=1.0000
2025-08-27 18:00:17,295 - INFO - === Layer 3 (xlmr) — Top 5 (cosine) ===
2025-08-27 18:00:17,295 - INFO - 1. sna: cos=1.0000
2025-08-27 18:00:17,295 - INFO - 2. lug: cos=1.0000
2025-08-27 18:00:17,295 - INFO - 3. kin: cos=1.0000
2025-08-27 18:00:17,295 - INFO - 4. xho: cos=1.0000
2025-08-27 18:00:17,295 - INFO - 5. zul: cos=1.0000
2025-08-27 18:00:17,295 - INFO - === Layer 3 (xlmr) — Worst 5 (cosine) ===
2025-08-27 18:00:17,295 - INFO - 1. pcm: cos=1.0000
2025-08-27 18:00:17,295 - INFO - 2. swa: cos=1.0000
2025-08-27 18:00:17,295 - INFO - 3. fon: cos=1.0000
2025-08-27 18:00:17,295 - INFO - 4. ewe: cos=1.0000
2025-08-27 18:00:17,295 - INFO - 5. bam: cos=1.0000
2025-08-27 18:00:17,426 - INFO - === Layer 4 (xlmr) — Top 5 (cosine) ===
2025-08-27 18:00:17,426 - INFO - 1. mos: cos=1.0000
2025-08-27 18:00:17,426 - INFO - 2. sna: cos=1.0000
2025-08-27 18:00:17,426 - INFO - 3. nya: cos=1.0000
2025-08-27 18:00:17,426 - INFO - 4. bam: cos=1.0000
2025-08-27 18:00:17,426 - INFO - 5. lug: cos=1.0000
2025-08-27 18:00:17,426 - INFO - === Layer 4 (xlmr) — Worst 5 (cosine) ===
2025-08-27 18:00:17,426 - INFO - 1. pcm: cos=1.0000
2025-08-27 18:00:17,426 - INFO - 2. swa: cos=1.0000
2025-08-27 18:00:17,426 - INFO - 3. twi: cos=1.0000
2025-08-27 18:00:17,426 - INFO - 4. hau: cos=1.0000
2025-08-27 18:00:17,426 - INFO - 5. kin: cos=1.0000
2025-08-27 18:00:17,558 - INFO - === Layer 5 (xlmr) — Top 5 (cosine) ===
2025-08-27 18:00:17,558 - INFO - 1. sna: cos=1.0000
2025-08-27 18:00:17,558 - INFO - 2. lug: cos=1.0000
2025-08-27 18:00:17,558 - INFO - 3. mos: cos=1.0000
2025-08-27 18:00:17,558 - INFO - 4. ibo: cos=1.0000
2025-08-27 18:00:17,558 - INFO - 5. hau: cos=1.0000
2025-08-27 18:00:17,558 - INFO - === Layer 5 (xlmr) — Worst 5 (cosine) ===
2025-08-27 18:00:17,558 - INFO - 1. fon: cos=1.0000
2025-08-27 18:00:17,558 - INFO - 2. swa: cos=1.0000
2025-08-27 18:00:17,558 - INFO - 3. pcm: cos=1.0000
2025-08-27 18:00:17,558 - INFO - 4. bam: cos=1.0000
2025-08-27 18:00:17,558 - INFO - 5. zul: cos=1.0000
2025-08-27 18:00:17,687 - INFO - === Layer 6 (xlmr) — Top 5 (cosine) ===
2025-08-27 18:00:17,688 - INFO - 1. sna: cos=1.0000
2025-08-27 18:00:17,688 - INFO - 2. lug: cos=1.0000
2025-08-27 18:00:17,688 - INFO - 3. hau: cos=1.0000
2025-08-27 18:00:17,688 - INFO - 4. xho: cos=1.0000
2025-08-27 18:00:17,688 - INFO - 5. tsn: cos=1.0000
2025-08-27 18:00:17,688 - INFO - === Layer 6 (xlmr) — Worst 5 (cosine) ===
2025-08-27 18:00:17,688 - INFO - 1. fon: cos=1.0000
2025-08-27 18:00:17,688 - INFO - 2. bam: cos=1.0000
2025-08-27 18:00:17,688 - INFO - 3. swa: cos=1.0000
2025-08-27 18:00:17,688 - INFO - 4. kin: cos=1.0000
2025-08-27 18:00:17,688 - INFO - 5. pcm: cos=1.0000
2025-08-27 18:00:17,813 - INFO - === Layer 7 (xlmr) — Top 5 (cosine) ===
2025-08-27 18:00:17,813 - INFO - 1. lug: cos=1.0000
2025-08-27 18:00:17,813 - INFO - 2. twi: cos=1.0000
2025-08-27 18:00:17,813 - INFO - 3. ewe: cos=1.0000
2025-08-27 18:00:17,813 - INFO - 4. sna: cos=1.0000
2025-08-27 18:00:17,813 - INFO - 5. hau: cos=1.0000
2025-08-27 18:00:17,813 - INFO - === Layer 7 (xlmr) — Worst 5 (cosine) ===
2025-08-27 18:00:17,813 - INFO - 1. yor: cos=1.0000
2025-08-27 18:00:17,813 - INFO - 2. zul: cos=1.0000
2025-08-27 18:00:17,813 - INFO - 3. ibo: cos=1.0000
2025-08-27 18:00:17,813 - INFO - 4. tsn: cos=1.0000
2025-08-27 18:00:17,813 - INFO - 5. kin: cos=1.0000
2025-08-27 18:00:18,041 - INFO - === Layer 8 (xlmr) — Top 5 (cosine) ===
2025-08-27 18:00:18,041 - INFO - 1. lug: cos=1.0000
2025-08-27 18:00:18,041 - INFO - 2. sna: cos=1.0000
2025-08-27 18:00:18,041 - INFO - 3. xho: cos=1.0000
2025-08-27 18:00:18,041 - INFO - 4. ewe: cos=1.0000
2025-08-27 18:00:18,041 - INFO - 5. fon: cos=1.0000
2025-08-27 18:00:18,041 - INFO - === Layer 8 (xlmr) — Worst 5 (cosine) ===
2025-08-27 18:00:18,041 - INFO - 1. mos: cos=1.0000
2025-08-27 18:00:18,041 - INFO - 2. yor: cos=1.0000
2025-08-27 18:00:18,041 - INFO - 3. bbj: cos=1.0000
2025-08-27 18:00:18,041 - INFO - 4. twi: cos=1.0000
2025-08-27 18:00:18,041 - INFO - 5. bam: cos=1.0000
2025-08-27 18:00:18,170 - INFO - === Layer 9 (xlmr) — Top 5 (cosine) ===
2025-08-27 18:00:18,170 - INFO - 1. lug: cos=1.0000
2025-08-27 18:00:18,170 - INFO - 2. pcm: cos=1.0000
2025-08-27 18:00:18,170 - INFO - 3. bbj: cos=1.0000
2025-08-27 18:00:18,170 - INFO - 4. twi: cos=1.0000
2025-08-27 18:00:18,170 - INFO - 5. sna: cos=1.0000
2025-08-27 18:00:18,170 - INFO - === Layer 9 (xlmr) — Worst 5 (cosine) ===
2025-08-27 18:00:18,170 - INFO - 1. yor: cos=1.0000
2025-08-27 18:00:18,170 - INFO - 2. zul: cos=1.0000
2025-08-27 18:00:18,170 - INFO - 3. luo: cos=1.0000
2025-08-27 18:00:18,170 - INFO - 4. mos: cos=1.0000
2025-08-27 18:00:18,170 - INFO - 5. ibo: cos=1.0000
2025-08-27 18:00:18,299 - INFO - === Layer 10 (xlmr) — Top 5 (cosine) ===
2025-08-27 18:00:18,299 - INFO - 1. sna: cos=1.0000
2025-08-27 18:00:18,299 - INFO - 2. xho: cos=1.0000
2025-08-27 18:00:18,299 - INFO - 3. twi: cos=1.0000
2025-08-27 18:00:18,299 - INFO - 4. hau: cos=1.0000
2025-08-27 18:00:18,299 - INFO - 5. ibo: cos=1.0000
2025-08-27 18:00:18,299 - INFO - === Layer 10 (xlmr) — Worst 5 (cosine) ===
2025-08-27 18:00:18,299 - INFO - 1. pcm: cos=1.0000
2025-08-27 18:00:18,299 - INFO - 2. bam: cos=1.0000
2025-08-27 18:00:18,299 - INFO - 3. tsn: cos=1.0000
2025-08-27 18:00:18,299 - INFO - 4. kin: cos=1.0000
2025-08-27 18:00:18,299 - INFO - 5. luo: cos=1.0000
2025-08-27 18:00:18,427 - INFO - === Layer 11 (xlmr) — Top 5 (cosine) ===
2025-08-27 18:00:18,427 - INFO - 1. kin: cos=1.0000
2025-08-27 18:00:18,427 - INFO - 2. twi: cos=1.0000
2025-08-27 18:00:18,427 - INFO - 3. lug: cos=1.0000
2025-08-27 18:00:18,427 - INFO - 4. xho: cos=1.0000
2025-08-27 18:00:18,427 - INFO - 5. hau: cos=1.0000
2025-08-27 18:00:18,427 - INFO - === Layer 11 (xlmr) — Worst 5 (cosine) ===
2025-08-27 18:00:18,427 - INFO - 1. swa: cos=0.9999
2025-08-27 18:00:18,427 - INFO - 2. yor: cos=0.9999
2025-08-27 18:00:18,427 - INFO - 3. luo: cos=0.9999
2025-08-27 18:00:18,427 - INFO - 4. ibo: cos=0.9999
2025-08-27 18:00:18,427 - INFO - 5. nya: cos=0.9999
2025-08-27 18:00:18,557 - INFO - === Layer 12 (xlmr) — Top 5 (cosine) ===
2025-08-27 18:00:18,557 - INFO - 1. hau: cos=0.9996
2025-08-27 18:00:18,557 - INFO - 2. pcm: cos=0.9996
2025-08-27 18:00:18,557 - INFO - 3. tsn: cos=0.9989
2025-08-27 18:00:18,557 - INFO - 4. swa: cos=0.9985
2025-08-27 18:00:18,557 - INFO - 5. nya: cos=0.9985
2025-08-27 18:00:18,557 - INFO - === Layer 12 (xlmr) — Worst 5 (cosine) ===
2025-08-27 18:00:18,557 - INFO - 1. fon: cos=0.9695
2025-08-27 18:00:18,557 - INFO - 2. bam: cos=0.9803
2025-08-27 18:00:18,557 - INFO - 3. ewe: cos=0.9909
2025-08-27 18:00:18,557 - INFO - 4. xho: cos=0.9937
2025-08-27 18:00:18,557 - INFO - 5. yor: cos=0.9954
2025-08-27 18:00:18,558 - INFO - Experiment finished successfully.
