2025-08-02 17:14:40,249 - INFO - Experiment started with model_type=xlmr, use_cls=False, use_context=False, context_window=3, use_hybrid=True, max_tokens_per_type=400, output_dir=rq2_train_scripts/Embeddings/MEXA_inspired_strategy/outputs/salt/xlmr/config_3_clsfalse_ctxfalse_hybtrue/tokens_400_ctx3
2025-08-02 17:14:42,099 - INFO - Processing run
2025-08-02 17:14:53,072 - INFO - Processing bam
2025-08-02 17:15:03,897 - INFO - Processing bbj
2025-08-02 17:15:14,590 - INFO - Processing ewe
2025-08-02 17:15:26,099 - INFO - Processing fon
2025-08-02 17:15:36,831 - INFO - Processing hau
2025-08-02 17:15:48,196 - INFO - Processing ibo
2025-08-02 17:15:59,155 - INFO - Processing kin
2025-08-02 17:16:10,711 - INFO - Processing lug
2025-08-02 17:16:21,975 - INFO - Processing luo
2025-08-02 17:16:32,610 - INFO - Processing mos
2025-08-02 17:16:43,769 - INFO - Processing nya
2025-08-02 17:16:54,705 - INFO - Processing pcm
2025-08-02 17:17:05,980 - INFO - Processing sna
2025-08-02 17:17:16,722 - INFO - Processing swa
2025-08-02 17:17:27,785 - INFO - Processing tsn
2025-08-02 17:17:38,527 - INFO - Processing twi
2025-08-02 17:17:50,397 - INFO - Processing wol
2025-08-02 17:18:01,227 - INFO - Processing xho
2025-08-02 17:18:13,008 - INFO - Processing yor
2025-08-02 17:18:23,898 - INFO - Processing zul
2025-08-02 17:18:35,198 - INFO - Top 5 languages most similar to Runyankore:
2025-08-02 17:18:35,198 - INFO - 1. lug - Mean Similarity: 0.8372
2025-08-02 17:18:35,198 - INFO - 2. kin - Mean Similarity: 0.8152
2025-08-02 17:18:35,198 - INFO - 3. luo - Mean Similarity: 0.8130
2025-08-02 17:18:35,198 - INFO - 4. ibo - Mean Similarity: 0.8033
2025-08-02 17:18:35,198 - INFO - 5. twi - Mean Similarity: 0.8023
2025-08-02 17:18:35,198 - INFO - Experiment finished successfully.
