2025-12-15 10:18:09,482 - INFO - Start: model_type=xlmr, use_cls=True, use_context=True, context_window=2, max_tokens_per_type=500, batch_size=64, output_dir=rq2_train_scripts/Embeddings/CLEAN/outputs/combined/xlmr/config_3_clstrue_ctxtrue/tokens_500_ctx2/core, save_prototypes=False, seed=42, fp16=True, max_length=96, langs=all, layers=all, span_mode=bio, pool=mean, entity_tags={'LOC', 'PER', 'DATE', 'ORG'}, title_suffix='L=all, tokens=500, ctx=2, cls=true, fp16=true'
2025-12-15 10:18:11,341 - INFO - Processing run
2025-12-15 10:18:11,753 - INFO - Processing bam
2025-12-15 10:18:11,823 - INFO - Processing bbj
2025-12-15 10:18:11,875 - INFO - Processing ewe
2025-12-15 10:18:11,930 - INFO - Processing fon
2025-12-15 10:18:12,003 - INFO - Processing hau
2025-12-15 10:18:12,079 - INFO - Processing ibo
2025-12-15 10:18:12,181 - INFO - Processing kin
2025-12-15 10:18:12,265 - INFO - Processing lug
2025-12-15 10:18:12,326 - INFO - Processing luo
2025-12-15 10:18:12,396 - INFO - Processing mos
2025-12-15 10:18:12,470 - INFO - Processing nya
2025-12-15 10:18:12,555 - INFO - Processing pcm
2025-12-15 10:18:12,622 - INFO - Processing sna
2025-12-15 10:18:12,680 - INFO - Processing swa
2025-12-15 10:18:12,753 - INFO - Processing tsn
2025-12-15 10:18:12,808 - INFO - Processing twi
2025-12-15 10:18:12,879 - INFO - Processing wol
2025-12-15 10:18:12,953 - INFO - Processing xho
2025-12-15 10:18:13,022 - INFO - Processing yor
2025-12-15 10:18:13,110 - INFO - Processing zul
2025-12-15 10:18:13,566 - INFO - === Layer 1 (xlmr) — Top 5 (cosine) ===
2025-12-15 10:18:13,566 - INFO - 1. lug: cos=1.0000
2025-12-15 10:18:13,566 - INFO - 2. kin: cos=1.0000
2025-12-15 10:18:13,566 - INFO - 3. nya: cos=1.0000
2025-12-15 10:18:13,566 - INFO - 4. sna: cos=1.0000
2025-12-15 10:18:13,566 - INFO - 5. tsn: cos=1.0000
2025-12-15 10:18:13,566 - INFO - === Layer 1 (xlmr) — Worst 5 (cosine) ===
2025-12-15 10:18:13,566 - INFO - 1. bam: cos=0.9997
2025-12-15 10:18:13,566 - INFO - 2. fon: cos=0.9997
2025-12-15 10:18:13,566 - INFO - 3. hau: cos=0.9999
2025-12-15 10:18:13,566 - INFO - 4. ibo: cos=0.9999
2025-12-15 10:18:13,566 - INFO - 5. mos: cos=0.9999
2025-12-15 10:18:13,685 - INFO - === Layer 2 (xlmr) — Top 5 (cosine) ===
2025-12-15 10:18:13,685 - INFO - 1. kin: cos=1.0000
2025-12-15 10:18:13,685 - INFO - 2. nya: cos=1.0000
2025-12-15 10:18:13,685 - INFO - 3. sna: cos=1.0000
2025-12-15 10:18:13,685 - INFO - 4. lug: cos=1.0000
2025-12-15 10:18:13,685 - INFO - 5. luo: cos=1.0000
2025-12-15 10:18:13,685 - INFO - === Layer 2 (xlmr) — Worst 5 (cosine) ===
2025-12-15 10:18:13,685 - INFO - 1. fon: cos=1.0000
2025-12-15 10:18:13,685 - INFO - 2. bam: cos=1.0000
2025-12-15 10:18:13,685 - INFO - 3. hau: cos=1.0000
2025-12-15 10:18:13,685 - INFO - 4. swa: cos=1.0000
2025-12-15 10:18:13,685 - INFO - 5. pcm: cos=1.0000
2025-12-15 10:18:13,804 - INFO - === Layer 3 (xlmr) — Top 5 (cosine) ===
2025-12-15 10:18:13,804 - INFO - 1. sna: cos=1.0000
2025-12-15 10:18:13,804 - INFO - 2. kin: cos=1.0000
2025-12-15 10:18:13,804 - INFO - 3. xho: cos=1.0000
2025-12-15 10:18:13,804 - INFO - 4. lug: cos=1.0000
2025-12-15 10:18:13,804 - INFO - 5. zul: cos=1.0000
2025-12-15 10:18:13,804 - INFO - === Layer 3 (xlmr) — Worst 5 (cosine) ===
2025-12-15 10:18:13,804 - INFO - 1. pcm: cos=1.0000
2025-12-15 10:18:13,804 - INFO - 2. swa: cos=1.0000
2025-12-15 10:18:13,804 - INFO - 3. fon: cos=1.0000
2025-12-15 10:18:13,804 - INFO - 4. ewe: cos=1.0000
2025-12-15 10:18:13,804 - INFO - 5. tsn: cos=1.0000
2025-12-15 10:18:13,922 - INFO - === Layer 4 (xlmr) — Top 5 (cosine) ===
2025-12-15 10:18:13,922 - INFO - 1. kin: cos=1.0000
2025-12-15 10:18:13,922 - INFO - 2. nya: cos=1.0000
2025-12-15 10:18:13,922 - INFO - 3. sna: cos=1.0000
2025-12-15 10:18:13,922 - INFO - 4. zul: cos=1.0000
2025-12-15 10:18:13,922 - INFO - 5. lug: cos=1.0000
2025-12-15 10:18:13,922 - INFO - === Layer 4 (xlmr) — Worst 5 (cosine) ===
2025-12-15 10:18:13,922 - INFO - 1. pcm: cos=1.0000
2025-12-15 10:18:13,922 - INFO - 2. swa: cos=1.0000
2025-12-15 10:18:13,922 - INFO - 3. hau: cos=1.0000
2025-12-15 10:18:13,922 - INFO - 4. ewe: cos=1.0000
2025-12-15 10:18:13,922 - INFO - 5. twi: cos=1.0000
2025-12-15 10:18:14,040 - INFO - === Layer 5 (xlmr) — Top 5 (cosine) ===
2025-12-15 10:18:14,040 - INFO - 1. sna: cos=1.0000
2025-12-15 10:18:14,040 - INFO - 2. lug: cos=1.0000
2025-12-15 10:18:14,040 - INFO - 3. kin: cos=1.0000
2025-12-15 10:18:14,040 - INFO - 4. nya: cos=1.0000
2025-12-15 10:18:14,040 - INFO - 5. xho: cos=1.0000
2025-12-15 10:18:14,040 - INFO - === Layer 5 (xlmr) — Worst 5 (cosine) ===
2025-12-15 10:18:14,040 - INFO - 1. fon: cos=1.0000
2025-12-15 10:18:14,040 - INFO - 2. bam: cos=1.0000
2025-12-15 10:18:14,040 - INFO - 3. twi: cos=1.0000
2025-12-15 10:18:14,040 - INFO - 4. swa: cos=1.0000
2025-12-15 10:18:14,040 - INFO - 5. pcm: cos=1.0000
2025-12-15 10:18:14,158 - INFO - === Layer 6 (xlmr) — Top 5 (cosine) ===
2025-12-15 10:18:14,158 - INFO - 1. sna: cos=1.0000
2025-12-15 10:18:14,158 - INFO - 2. lug: cos=1.0000
2025-12-15 10:18:14,158 - INFO - 3. kin: cos=1.0000
2025-12-15 10:18:14,158 - INFO - 4. nya: cos=1.0000
2025-12-15 10:18:14,158 - INFO - 5. tsn: cos=1.0000
2025-12-15 10:18:14,158 - INFO - === Layer 6 (xlmr) — Worst 5 (cosine) ===
2025-12-15 10:18:14,158 - INFO - 1. fon: cos=1.0000
2025-12-15 10:18:14,158 - INFO - 2. bam: cos=1.0000
2025-12-15 10:18:14,158 - INFO - 3. twi: cos=1.0000
2025-12-15 10:18:14,158 - INFO - 4. pcm: cos=1.0000
2025-12-15 10:18:14,158 - INFO - 5. swa: cos=1.0000
2025-12-15 10:18:14,276 - INFO - === Layer 7 (xlmr) — Top 5 (cosine) ===
2025-12-15 10:18:14,276 - INFO - 1. xho: cos=1.0000
2025-12-15 10:18:14,276 - INFO - 2. ibo: cos=1.0000
2025-12-15 10:18:14,277 - INFO - 3. lug: cos=1.0000
2025-12-15 10:18:14,277 - INFO - 4. bam: cos=1.0000
2025-12-15 10:18:14,277 - INFO - 5. pcm: cos=1.0000
2025-12-15 10:18:14,277 - INFO - === Layer 7 (xlmr) — Worst 5 (cosine) ===
2025-12-15 10:18:14,277 - INFO - 1. hau: cos=1.0000
2025-12-15 10:18:14,277 - INFO - 2. ewe: cos=1.0000
2025-12-15 10:18:14,277 - INFO - 3. yor: cos=1.0000
2025-12-15 10:18:14,277 - INFO - 4. swa: cos=1.0000
2025-12-15 10:18:14,277 - INFO - 5. mos: cos=1.0000
2025-12-15 10:18:14,394 - INFO - === Layer 8 (xlmr) — Top 5 (cosine) ===
2025-12-15 10:18:14,394 - INFO - 1. lug: cos=1.0000
2025-12-15 10:18:14,394 - INFO - 2. sna: cos=1.0000
2025-12-15 10:18:14,394 - INFO - 3. xho: cos=1.0000
2025-12-15 10:18:14,394 - INFO - 4. kin: cos=1.0000
2025-12-15 10:18:14,394 - INFO - 5. luo: cos=1.0000
2025-12-15 10:18:14,394 - INFO - === Layer 8 (xlmr) — Worst 5 (cosine) ===
2025-12-15 10:18:14,394 - INFO - 1. hau: cos=1.0000
2025-12-15 10:18:14,394 - INFO - 2. mos: cos=1.0000
2025-12-15 10:18:14,394 - INFO - 3. bbj: cos=1.0000
2025-12-15 10:18:14,394 - INFO - 4. swa: cos=1.0000
2025-12-15 10:18:14,395 - INFO - 5. ewe: cos=1.0000
2025-12-15 10:18:14,576 - INFO - === Layer 9 (xlmr) — Top 5 (cosine) ===
2025-12-15 10:18:14,576 - INFO - 1. ibo: cos=1.0000
2025-12-15 10:18:14,576 - INFO - 2. xho: cos=1.0000
2025-12-15 10:18:14,576 - INFO - 3. fon: cos=1.0000
2025-12-15 10:18:14,576 - INFO - 4. lug: cos=1.0000
2025-12-15 10:18:14,576 - INFO - 5. pcm: cos=1.0000
2025-12-15 10:18:14,576 - INFO - === Layer 9 (xlmr) — Worst 5 (cosine) ===
2025-12-15 10:18:14,576 - INFO - 1. ewe: cos=1.0000
2025-12-15 10:18:14,576 - INFO - 2. hau: cos=1.0000
2025-12-15 10:18:14,576 - INFO - 3. mos: cos=1.0000
2025-12-15 10:18:14,576 - INFO - 4. bam: cos=1.0000
2025-12-15 10:18:14,576 - INFO - 5. twi: cos=1.0000
2025-12-15 10:18:14,694 - INFO - === Layer 10 (xlmr) — Top 5 (cosine) ===
2025-12-15 10:18:14,694 - INFO - 1. sna: cos=1.0000
2025-12-15 10:18:14,694 - INFO - 2. ibo: cos=1.0000
2025-12-15 10:18:14,694 - INFO - 3. wol: cos=1.0000
2025-12-15 10:18:14,694 - INFO - 4. fon: cos=1.0000
2025-12-15 10:18:14,694 - INFO - 5. xho: cos=1.0000
2025-12-15 10:18:14,694 - INFO - === Layer 10 (xlmr) — Worst 5 (cosine) ===
2025-12-15 10:18:14,694 - INFO - 1. pcm: cos=1.0000
2025-12-15 10:18:14,695 - INFO - 2. swa: cos=1.0000
2025-12-15 10:18:14,695 - INFO - 3. bbj: cos=1.0000
2025-12-15 10:18:14,695 - INFO - 4. tsn: cos=1.0000
2025-12-15 10:18:14,695 - INFO - 5. luo: cos=1.0000
2025-12-15 10:18:14,812 - INFO - === Layer 11 (xlmr) — Top 5 (cosine) ===
2025-12-15 10:18:14,812 - INFO - 1. ewe: cos=1.0000
2025-12-15 10:18:14,812 - INFO - 2. sna: cos=1.0000
2025-12-15 10:18:14,812 - INFO - 3. twi: cos=1.0000
2025-12-15 10:18:14,812 - INFO - 4. zul: cos=1.0000
2025-12-15 10:18:14,812 - INFO - 5. xho: cos=1.0000
2025-12-15 10:18:14,812 - INFO - === Layer 11 (xlmr) — Worst 5 (cosine) ===
2025-12-15 10:18:14,812 - INFO - 1. yor: cos=1.0000
2025-12-15 10:18:14,812 - INFO - 2. fon: cos=1.0000
2025-12-15 10:18:14,812 - INFO - 3. swa: cos=1.0000
2025-12-15 10:18:14,812 - INFO - 4. tsn: cos=1.0000
2025-12-15 10:18:14,812 - INFO - 5. bbj: cos=1.0000
2025-12-15 10:18:14,930 - INFO - === Layer 12 (xlmr) — Top 5 (cosine) ===
2025-12-15 10:18:14,930 - INFO - 1. pcm: cos=0.9997
2025-12-15 10:18:14,930 - INFO - 2. sna: cos=0.9997
2025-12-15 10:18:14,930 - INFO - 3. kin: cos=0.9995
2025-12-15 10:18:14,930 - INFO - 4. luo: cos=0.9994
2025-12-15 10:18:14,930 - INFO - 5. swa: cos=0.9994
2025-12-15 10:18:14,930 - INFO - === Layer 12 (xlmr) — Worst 5 (cosine) ===
2025-12-15 10:18:14,930 - INFO - 1. zul: cos=0.9866
2025-12-15 10:18:14,930 - INFO - 2. xho: cos=0.9942
2025-12-15 10:18:14,930 - INFO - 3. fon: cos=0.9954
2025-12-15 10:18:14,930 - INFO - 4. ewe: cos=0.9974
2025-12-15 10:18:14,930 - INFO - 5. yor: cos=0.9984
2025-12-15 10:18:14,931 - INFO - Experiment finished successfully.
