2025-08-27 07:52:44,853 - INFO - Start: model_type=mbert, use_cls=True, use_context=False, context_window=1, max_tokens_per_type=200, batch_size=64, output_dir=rq2_train_scripts/Embeddings/CLEAN/outputs/combined/mbert/config_1_clstrue_ctxfalse/tokens_200_ctx1, save_prototypes=False, seed=42, fp16=True, max_length=96, langs=all, layers=all, span_mode=bio, pool=mean, entity_tags={'ORG', 'LOC', 'PER', 'DATE'}, title_suffix='L=all, tokens=200, ctx=1, cls=true, fp16=true'
2025-08-27 07:52:46,214 - INFO - Processing run
2025-08-27 07:52:46,672 - INFO - Processing bam
2025-08-27 07:52:46,715 - INFO - Processing bbj
2025-08-27 07:52:46,744 - INFO - Processing ewe
2025-08-27 07:52:46,780 - INFO - Processing fon
2025-08-27 07:52:46,842 - INFO - Processing hau
2025-08-27 07:52:46,892 - INFO - Processing ibo
2025-08-27 07:52:46,967 - INFO - Processing kin
2025-08-27 07:52:47,022 - INFO - Processing lug
2025-08-27 07:52:47,063 - INFO - Processing luo
2025-08-27 07:52:47,114 - INFO - Processing mos
2025-08-27 07:52:47,161 - INFO - Processing nya
2025-08-27 07:52:47,213 - INFO - Processing pcm
2025-08-27 07:52:47,257 - INFO - Processing sna
2025-08-27 07:52:47,301 - INFO - Processing swa
2025-08-27 07:52:47,354 - INFO - Processing tsn
2025-08-27 07:52:47,396 - INFO - Processing twi
2025-08-27 07:52:47,464 - INFO - Processing wol
2025-08-27 07:52:47,510 - INFO - Processing xho
2025-08-27 07:52:47,551 - INFO - Processing yor
2025-08-27 07:52:47,630 - INFO - Processing zul
2025-08-27 07:52:48,023 - INFO - === Layer 1 (mbert) — Top 5 (cosine) ===
2025-08-27 07:52:48,023 - INFO - 1. bam: cos=0.9994
2025-08-27 07:52:48,023 - INFO - 2. tsn: cos=0.9990
2025-08-27 07:52:48,023 - INFO - 3. twi: cos=0.9990
2025-08-27 07:52:48,023 - INFO - 4. lug: cos=0.9989
2025-08-27 07:52:48,023 - INFO - 5. swa: cos=0.9989
2025-08-27 07:52:48,023 - INFO - === Layer 1 (mbert) — Worst 5 (cosine) ===
2025-08-27 07:52:48,023 - INFO - 1. ewe: cos=0.9930
2025-08-27 07:52:48,023 - INFO - 2. xho: cos=0.9970
2025-08-27 07:52:48,023 - INFO - 3. sna: cos=0.9971
2025-08-27 07:52:48,023 - INFO - 4. bbj: cos=0.9975
2025-08-27 07:52:48,023 - INFO - 5. yor: cos=0.9978
2025-08-27 07:52:48,154 - INFO - === Layer 2 (mbert) — Top 5 (cosine) ===
2025-08-27 07:52:48,154 - INFO - 1. bam: cos=0.9999
2025-08-27 07:52:48,154 - INFO - 2. lug: cos=0.9999
2025-08-27 07:52:48,154 - INFO - 3. tsn: cos=0.9999
2025-08-27 07:52:48,154 - INFO - 4. twi: cos=0.9998
2025-08-27 07:52:48,154 - INFO - 5. fon: cos=0.9998
2025-08-27 07:52:48,154 - INFO - === Layer 2 (mbert) — Worst 5 (cosine) ===
2025-08-27 07:52:48,154 - INFO - 1. ewe: cos=0.9988
2025-08-27 07:52:48,154 - INFO - 2. xho: cos=0.9995
2025-08-27 07:52:48,154 - INFO - 3. sna: cos=0.9995
2025-08-27 07:52:48,154 - INFO - 4. yor: cos=0.9996
2025-08-27 07:52:48,154 - INFO - 5. pcm: cos=0.9997
2025-08-27 07:52:48,284 - INFO - === Layer 3 (mbert) — Top 5 (cosine) ===
2025-08-27 07:52:48,284 - INFO - 1. twi: cos=1.0000
2025-08-27 07:52:48,284 - INFO - 2. lug: cos=1.0000
2025-08-27 07:52:48,284 - INFO - 3. bam: cos=1.0000
2025-08-27 07:52:48,284 - INFO - 4. tsn: cos=1.0000
2025-08-27 07:52:48,284 - INFO - 5. fon: cos=1.0000
2025-08-27 07:52:48,284 - INFO - === Layer 3 (mbert) — Worst 5 (cosine) ===
2025-08-27 07:52:48,284 - INFO - 1. ewe: cos=0.9997
2025-08-27 07:52:48,284 - INFO - 2. yor: cos=0.9999
2025-08-27 07:52:48,284 - INFO - 3. xho: cos=0.9999
2025-08-27 07:52:48,284 - INFO - 4. sna: cos=0.9999
2025-08-27 07:52:48,284 - INFO - 5. bbj: cos=0.9999
2025-08-27 07:52:48,416 - INFO - === Layer 4 (mbert) — Top 5 (cosine) ===
2025-08-27 07:52:48,416 - INFO - 1. lug: cos=0.9999
2025-08-27 07:52:48,416 - INFO - 2. twi: cos=0.9999
2025-08-27 07:52:48,416 - INFO - 3. tsn: cos=0.9999
2025-08-27 07:52:48,416 - INFO - 4. bam: cos=0.9999
2025-08-27 07:52:48,416 - INFO - 5. kin: cos=0.9999
2025-08-27 07:52:48,416 - INFO - === Layer 4 (mbert) — Worst 5 (cosine) ===
2025-08-27 07:52:48,416 - INFO - 1. ewe: cos=0.9995
2025-08-27 07:52:48,416 - INFO - 2. pcm: cos=0.9996
2025-08-27 07:52:48,416 - INFO - 3. xho: cos=0.9996
2025-08-27 07:52:48,416 - INFO - 4. yor: cos=0.9996
2025-08-27 07:52:48,416 - INFO - 5. swa: cos=0.9997
2025-08-27 07:52:48,549 - INFO - === Layer 5 (mbert) — Top 5 (cosine) ===
2025-08-27 07:52:48,549 - INFO - 1. twi: cos=0.9967
2025-08-27 07:52:48,549 - INFO - 2. lug: cos=0.9948
2025-08-27 07:52:48,549 - INFO - 3. luo: cos=0.9945
2025-08-27 07:52:48,549 - INFO - 4. kin: cos=0.9945
2025-08-27 07:52:48,549 - INFO - 5. pcm: cos=0.9943
2025-08-27 07:52:48,549 - INFO - === Layer 5 (mbert) — Worst 5 (cosine) ===
2025-08-27 07:52:48,549 - INFO - 1. yor: cos=0.9797
2025-08-27 07:52:48,549 - INFO - 2. bbj: cos=0.9852
2025-08-27 07:52:48,549 - INFO - 3. xho: cos=0.9879
2025-08-27 07:52:48,549 - INFO - 4. mos: cos=0.9909
2025-08-27 07:52:48,549 - INFO - 5. hau: cos=0.9918
2025-08-27 07:52:48,753 - INFO - === Layer 6 (mbert) — Top 5 (cosine) ===
2025-08-27 07:52:48,753 - INFO - 1. twi: cos=0.9932
2025-08-27 07:52:48,753 - INFO - 2. lug: cos=0.9911
2025-08-27 07:52:48,753 - INFO - 3. pcm: cos=0.9904
2025-08-27 07:52:48,753 - INFO - 4. kin: cos=0.9884
2025-08-27 07:52:48,753 - INFO - 5. swa: cos=0.9881
2025-08-27 07:52:48,753 - INFO - === Layer 6 (mbert) — Worst 5 (cosine) ===
2025-08-27 07:52:48,753 - INFO - 1. yor: cos=0.9579
2025-08-27 07:52:48,753 - INFO - 2. bbj: cos=0.9698
2025-08-27 07:52:48,753 - INFO - 3. xho: cos=0.9756
2025-08-27 07:52:48,753 - INFO - 4. mos: cos=0.9804
2025-08-27 07:52:48,753 - INFO - 5. fon: cos=0.9811
2025-08-27 07:52:48,895 - INFO - === Layer 7 (mbert) — Top 5 (cosine) ===
2025-08-27 07:52:48,895 - INFO - 1. twi: cos=0.9909
2025-08-27 07:52:48,895 - INFO - 2. pcm: cos=0.9866
2025-08-27 07:52:48,895 - INFO - 3. lug: cos=0.9860
2025-08-27 07:52:48,895 - INFO - 4. kin: cos=0.9843
2025-08-27 07:52:48,895 - INFO - 5. swa: cos=0.9838
2025-08-27 07:52:48,895 - INFO - === Layer 7 (mbert) — Worst 5 (cosine) ===
2025-08-27 07:52:48,895 - INFO - 1. yor: cos=0.9398
2025-08-27 07:52:48,895 - INFO - 2. bbj: cos=0.9623
2025-08-27 07:52:48,895 - INFO - 3. xho: cos=0.9643
2025-08-27 07:52:48,895 - INFO - 4. ibo: cos=0.9694
2025-08-27 07:52:48,895 - INFO - 5. tsn: cos=0.9703
2025-08-27 07:52:49,027 - INFO - === Layer 8 (mbert) — Top 5 (cosine) ===
2025-08-27 07:52:49,027 - INFO - 1. twi: cos=0.9848
2025-08-27 07:52:49,027 - INFO - 2. mos: cos=0.9756
2025-08-27 07:52:49,027 - INFO - 3. swa: cos=0.9742
2025-08-27 07:52:49,027 - INFO - 4. lug: cos=0.9731
2025-08-27 07:52:49,027 - INFO - 5. kin: cos=0.9719
2025-08-27 07:52:49,027 - INFO - === Layer 8 (mbert) — Worst 5 (cosine) ===
2025-08-27 07:52:49,027 - INFO - 1. yor: cos=0.9183
2025-08-27 07:52:49,027 - INFO - 2. xho: cos=0.9326
2025-08-27 07:52:49,027 - INFO - 3. bbj: cos=0.9343
2025-08-27 07:52:49,027 - INFO - 4. zul: cos=0.9443
2025-08-27 07:52:49,027 - INFO - 5. tsn: cos=0.9494
2025-08-27 07:52:49,157 - INFO - === Layer 9 (mbert) — Top 5 (cosine) ===
2025-08-27 07:52:49,157 - INFO - 1. twi: cos=0.9871
2025-08-27 07:52:49,157 - INFO - 2. pcm: cos=0.9830
2025-08-27 07:52:49,157 - INFO - 3. mos: cos=0.9773
2025-08-27 07:52:49,157 - INFO - 4. lug: cos=0.9768
2025-08-27 07:52:49,157 - INFO - 5. luo: cos=0.9765
2025-08-27 07:52:49,157 - INFO - === Layer 9 (mbert) — Worst 5 (cosine) ===
2025-08-27 07:52:49,157 - INFO - 1. zul: cos=0.9286
2025-08-27 07:52:49,157 - INFO - 2. yor: cos=0.9288
2025-08-27 07:52:49,157 - INFO - 3. xho: cos=0.9420
2025-08-27 07:52:49,157 - INFO - 4. bbj: cos=0.9446
2025-08-27 07:52:49,157 - INFO - 5. nya: cos=0.9546
2025-08-27 07:52:49,282 - INFO - === Layer 10 (mbert) — Top 5 (cosine) ===
2025-08-27 07:52:49,282 - INFO - 1. hau: cos=0.9830
2025-08-27 07:52:49,282 - INFO - 2. twi: cos=0.9830
2025-08-27 07:52:49,282 - INFO - 3. pcm: cos=0.9809
2025-08-27 07:52:49,282 - INFO - 4. swa: cos=0.9796
2025-08-27 07:52:49,282 - INFO - 5. luo: cos=0.9781
2025-08-27 07:52:49,282 - INFO - === Layer 10 (mbert) — Worst 5 (cosine) ===
2025-08-27 07:52:49,282 - INFO - 1. zul: cos=0.9229
2025-08-27 07:52:49,282 - INFO - 2. yor: cos=0.9250
2025-08-27 07:52:49,282 - INFO - 3. xho: cos=0.9395
2025-08-27 07:52:49,282 - INFO - 4. kin: cos=0.9408
2025-08-27 07:52:49,282 - INFO - 5. bbj: cos=0.9430
2025-08-27 07:52:49,412 - INFO - === Layer 11 (mbert) — Top 5 (cosine) ===
2025-08-27 07:52:49,412 - INFO - 1. twi: cos=0.9844
2025-08-27 07:52:49,412 - INFO - 2. hau: cos=0.9824
2025-08-27 07:52:49,412 - INFO - 3. swa: cos=0.9798
2025-08-27 07:52:49,412 - INFO - 4. nya: cos=0.9788
2025-08-27 07:52:49,412 - INFO - 5. pcm: cos=0.9782
2025-08-27 07:52:49,412 - INFO - === Layer 11 (mbert) — Worst 5 (cosine) ===
2025-08-27 07:52:49,412 - INFO - 1. zul: cos=0.9222
2025-08-27 07:52:49,412 - INFO - 2. yor: cos=0.9303
2025-08-27 07:52:49,412 - INFO - 3. bbj: cos=0.9334
2025-08-27 07:52:49,412 - INFO - 4. xho: cos=0.9373
2025-08-27 07:52:49,412 - INFO - 5. tsn: cos=0.9560
2025-08-27 07:52:49,538 - INFO - === Layer 12 (mbert) — Top 5 (cosine) ===
2025-08-27 07:52:49,538 - INFO - 1. nya: cos=0.9508
2025-08-27 07:52:49,538 - INFO - 2. wol: cos=0.9404
2025-08-27 07:52:49,538 - INFO - 3. kin: cos=0.9338
2025-08-27 07:52:49,539 - INFO - 4. bbj: cos=0.9335
2025-08-27 07:52:49,539 - INFO - 5. twi: cos=0.9297
2025-08-27 07:52:49,539 - INFO - === Layer 12 (mbert) — Worst 5 (cosine) ===
2025-08-27 07:52:49,539 - INFO - 1. zul: cos=0.6702
2025-08-27 07:52:49,539 - INFO - 2. xho: cos=0.7418
2025-08-27 07:52:49,539 - INFO - 3. yor: cos=0.7803
2025-08-27 07:52:49,539 - INFO - 4. sna: cos=0.7934
2025-08-27 07:52:49,539 - INFO - 5. ibo: cos=0.8640
2025-08-27 07:52:49,539 - INFO - Experiment finished successfully.
