2025-08-27 10:06:45,718 - INFO - Start: model_type=xlmr, use_cls=True, use_context=True, context_window=1, max_tokens_per_type=300, batch_size=64, output_dir=rq2_train_scripts/Embeddings/CLEAN/outputs/salt/xlmr/config_3_clstrue_ctxtrue/tokens_300_ctx1/core, save_prototypes=False, seed=42, fp16=True, max_length=96, langs=all, layers=all, span_mode=bio, pool=mean, entity_tags={'PER', 'DATE', 'LOC', 'ORG'}, title_suffix='L=all, tokens=300, ctx=1, cls=true, fp16=true'
2025-08-27 10:06:47,916 - INFO - Processing run
2025-08-27 10:06:48,342 - INFO - Processing bam
2025-08-27 10:06:48,396 - INFO - Processing bbj
2025-08-27 10:06:48,439 - INFO - Processing ewe
2025-08-27 10:06:48,476 - INFO - Processing fon
2025-08-27 10:06:48,527 - INFO - Processing hau
2025-08-27 10:06:48,589 - INFO - Processing ibo
2025-08-27 10:06:48,687 - INFO - Processing kin
2025-08-27 10:06:48,764 - INFO - Processing lug
2025-08-27 10:06:48,819 - INFO - Processing luo
2025-08-27 10:06:48,883 - INFO - Processing mos
2025-08-27 10:06:48,941 - INFO - Processing nya
2025-08-27 10:06:49,008 - INFO - Processing pcm
2025-08-27 10:06:49,077 - INFO - Processing sna
2025-08-27 10:06:49,137 - INFO - Processing swa
2025-08-27 10:06:49,208 - INFO - Processing tsn
2025-08-27 10:06:49,257 - INFO - Processing twi
2025-08-27 10:06:49,323 - INFO - Processing wol
2025-08-27 10:06:49,380 - INFO - Processing xho
2025-08-27 10:06:49,429 - INFO - Processing yor
2025-08-27 10:06:49,540 - INFO - Processing zul
2025-08-27 10:06:50,005 - INFO - === Layer 1 (xlmr) — Top 5 (cosine) ===
2025-08-27 10:06:50,005 - INFO - 1. kin: cos=1.0000
2025-08-27 10:06:50,005 - INFO - 2. lug: cos=1.0000
2025-08-27 10:06:50,005 - INFO - 3. sna: cos=1.0000
2025-08-27 10:06:50,005 - INFO - 4. nya: cos=1.0000
2025-08-27 10:06:50,005 - INFO - 5. tsn: cos=1.0000
2025-08-27 10:06:50,005 - INFO - === Layer 1 (xlmr) — Worst 5 (cosine) ===
2025-08-27 10:06:50,005 - INFO - 1. fon: cos=0.9997
2025-08-27 10:06:50,005 - INFO - 2. bam: cos=0.9998
2025-08-27 10:06:50,005 - INFO - 3. wol: cos=0.9998
2025-08-27 10:06:50,005 - INFO - 4. hau: cos=0.9998
2025-08-27 10:06:50,005 - INFO - 5. yor: cos=0.9998
2025-08-27 10:06:50,134 - INFO - === Layer 2 (xlmr) — Top 5 (cosine) ===
2025-08-27 10:06:50,134 - INFO - 1. kin: cos=1.0000
2025-08-27 10:06:50,134 - INFO - 2. sna: cos=1.0000
2025-08-27 10:06:50,134 - INFO - 3. nya: cos=1.0000
2025-08-27 10:06:50,134 - INFO - 4. xho: cos=1.0000
2025-08-27 10:06:50,134 - INFO - 5. zul: cos=1.0000
2025-08-27 10:06:50,134 - INFO - === Layer 2 (xlmr) — Worst 5 (cosine) ===
2025-08-27 10:06:50,134 - INFO - 1. fon: cos=1.0000
2025-08-27 10:06:50,134 - INFO - 2. bam: cos=1.0000
2025-08-27 10:06:50,134 - INFO - 3. swa: cos=1.0000
2025-08-27 10:06:50,134 - INFO - 4. hau: cos=1.0000
2025-08-27 10:06:50,134 - INFO - 5. pcm: cos=1.0000
2025-08-27 10:06:50,263 - INFO - === Layer 3 (xlmr) — Top 5 (cosine) ===
2025-08-27 10:06:50,263 - INFO - 1. sna: cos=1.0000
2025-08-27 10:06:50,263 - INFO - 2. kin: cos=1.0000
2025-08-27 10:06:50,263 - INFO - 3. zul: cos=1.0000
2025-08-27 10:06:50,263 - INFO - 4. xho: cos=1.0000
2025-08-27 10:06:50,263 - INFO - 5. twi: cos=1.0000
2025-08-27 10:06:50,263 - INFO - === Layer 3 (xlmr) — Worst 5 (cosine) ===
2025-08-27 10:06:50,263 - INFO - 1. pcm: cos=1.0000
2025-08-27 10:06:50,263 - INFO - 2. swa: cos=1.0000
2025-08-27 10:06:50,263 - INFO - 3. ewe: cos=1.0000
2025-08-27 10:06:50,263 - INFO - 4. tsn: cos=1.0000
2025-08-27 10:06:50,263 - INFO - 5. luo: cos=1.0000
2025-08-27 10:06:50,388 - INFO - === Layer 4 (xlmr) — Top 5 (cosine) ===
2025-08-27 10:06:50,388 - INFO - 1. kin: cos=1.0000
2025-08-27 10:06:50,388 - INFO - 2. lug: cos=1.0000
2025-08-27 10:06:50,388 - INFO - 3. sna: cos=1.0000
2025-08-27 10:06:50,388 - INFO - 4. zul: cos=1.0000
2025-08-27 10:06:50,388 - INFO - 5. mos: cos=1.0000
2025-08-27 10:06:50,388 - INFO - === Layer 4 (xlmr) — Worst 5 (cosine) ===
2025-08-27 10:06:50,388 - INFO - 1. swa: cos=1.0000
2025-08-27 10:06:50,388 - INFO - 2. pcm: cos=1.0000
2025-08-27 10:06:50,388 - INFO - 3. wol: cos=1.0000
2025-08-27 10:06:50,388 - INFO - 4. ewe: cos=1.0000
2025-08-27 10:06:50,388 - INFO - 5. twi: cos=1.0000
2025-08-27 10:06:50,507 - INFO - === Layer 5 (xlmr) — Top 5 (cosine) ===
2025-08-27 10:06:50,507 - INFO - 1. lug: cos=1.0000
2025-08-27 10:06:50,507 - INFO - 2. kin: cos=1.0000
2025-08-27 10:06:50,507 - INFO - 3. sna: cos=1.0000
2025-08-27 10:06:50,507 - INFO - 4. nya: cos=1.0000
2025-08-27 10:06:50,508 - INFO - 5. luo: cos=1.0000
2025-08-27 10:06:50,508 - INFO - === Layer 5 (xlmr) — Worst 5 (cosine) ===
2025-08-27 10:06:50,508 - INFO - 1. fon: cos=1.0000
2025-08-27 10:06:50,508 - INFO - 2. pcm: cos=1.0000
2025-08-27 10:06:50,508 - INFO - 3. swa: cos=1.0000
2025-08-27 10:06:50,508 - INFO - 4. hau: cos=1.0000
2025-08-27 10:06:50,508 - INFO - 5. bbj: cos=1.0000
2025-08-27 10:06:50,630 - INFO - === Layer 6 (xlmr) — Top 5 (cosine) ===
2025-08-27 10:06:50,631 - INFO - 1. lug: cos=1.0000
2025-08-27 10:06:50,631 - INFO - 2. sna: cos=1.0000
2025-08-27 10:06:50,631 - INFO - 3. luo: cos=1.0000
2025-08-27 10:06:50,631 - INFO - 4. wol: cos=1.0000
2025-08-27 10:06:50,631 - INFO - 5. nya: cos=1.0000
2025-08-27 10:06:50,631 - INFO - === Layer 6 (xlmr) — Worst 5 (cosine) ===
2025-08-27 10:06:50,631 - INFO - 1. pcm: cos=1.0000
2025-08-27 10:06:50,631 - INFO - 2. fon: cos=1.0000
2025-08-27 10:06:50,631 - INFO - 3. swa: cos=1.0000
2025-08-27 10:06:50,631 - INFO - 4. hau: cos=1.0000
2025-08-27 10:06:50,631 - INFO - 5. bbj: cos=1.0000
2025-08-27 10:06:50,758 - INFO - === Layer 7 (xlmr) — Top 5 (cosine) ===
2025-08-27 10:06:50,759 - INFO - 1. sna: cos=1.0000
2025-08-27 10:06:50,759 - INFO - 2. mos: cos=1.0000
2025-08-27 10:06:50,759 - INFO - 3. ewe: cos=1.0000
2025-08-27 10:06:50,759 - INFO - 4. twi: cos=1.0000
2025-08-27 10:06:50,759 - INFO - 5. xho: cos=1.0000
2025-08-27 10:06:50,759 - INFO - === Layer 7 (xlmr) — Worst 5 (cosine) ===
2025-08-27 10:06:50,759 - INFO - 1. wol: cos=1.0000
2025-08-27 10:06:50,759 - INFO - 2. hau: cos=1.0000
2025-08-27 10:06:50,759 - INFO - 3. bbj: cos=1.0000
2025-08-27 10:06:50,759 - INFO - 4. lug: cos=1.0000
2025-08-27 10:06:50,759 - INFO - 5. yor: cos=1.0000
2025-08-27 10:06:50,917 - INFO - === Layer 8 (xlmr) — Top 5 (cosine) ===
2025-08-27 10:06:50,917 - INFO - 1. nya: cos=1.0000
2025-08-27 10:06:50,917 - INFO - 2. kin: cos=1.0000
2025-08-27 10:06:50,917 - INFO - 3. lug: cos=1.0000
2025-08-27 10:06:50,917 - INFO - 4. sna: cos=1.0000
2025-08-27 10:06:50,917 - INFO - 5. wol: cos=1.0000
2025-08-27 10:06:50,917 - INFO - === Layer 8 (xlmr) — Worst 5 (cosine) ===
2025-08-27 10:06:50,917 - INFO - 1. hau: cos=0.9999
2025-08-27 10:06:50,917 - INFO - 2. zul: cos=1.0000
2025-08-27 10:06:50,917 - INFO - 3. pcm: cos=1.0000
2025-08-27 10:06:50,917 - INFO - 4. bam: cos=1.0000
2025-08-27 10:06:50,917 - INFO - 5. twi: cos=1.0000
2025-08-27 10:06:51,115 - INFO - === Layer 9 (xlmr) — Top 5 (cosine) ===
2025-08-27 10:06:51,115 - INFO - 1. xho: cos=1.0000
2025-08-27 10:06:51,115 - INFO - 2. sna: cos=1.0000
2025-08-27 10:06:51,115 - INFO - 3. yor: cos=1.0000
2025-08-27 10:06:51,115 - INFO - 4. lug: cos=1.0000
2025-08-27 10:06:51,115 - INFO - 5. nya: cos=1.0000
2025-08-27 10:06:51,115 - INFO - === Layer 9 (xlmr) — Worst 5 (cosine) ===
2025-08-27 10:06:51,115 - INFO - 1. hau: cos=1.0000
2025-08-27 10:06:51,115 - INFO - 2. pcm: cos=1.0000
2025-08-27 10:06:51,115 - INFO - 3. zul: cos=1.0000
2025-08-27 10:06:51,115 - INFO - 4. bam: cos=1.0000
2025-08-27 10:06:51,115 - INFO - 5. bbj: cos=1.0000
2025-08-27 10:06:51,243 - INFO - === Layer 10 (xlmr) — Top 5 (cosine) ===
2025-08-27 10:06:51,244 - INFO - 1. sna: cos=1.0000
2025-08-27 10:06:51,244 - INFO - 2. fon: cos=1.0000
2025-08-27 10:06:51,244 - INFO - 3. nya: cos=1.0000
2025-08-27 10:06:51,244 - INFO - 4. luo: cos=1.0000
2025-08-27 10:06:51,244 - INFO - 5. wol: cos=1.0000
2025-08-27 10:06:51,244 - INFO - === Layer 10 (xlmr) — Worst 5 (cosine) ===
2025-08-27 10:06:51,244 - INFO - 1. bam: cos=1.0000
2025-08-27 10:06:51,244 - INFO - 2. hau: cos=1.0000
2025-08-27 10:06:51,244 - INFO - 3. tsn: cos=1.0000
2025-08-27 10:06:51,244 - INFO - 4. bbj: cos=1.0000
2025-08-27 10:06:51,244 - INFO - 5. ewe: cos=1.0000
2025-08-27 10:06:51,394 - INFO - === Layer 11 (xlmr) — Top 5 (cosine) ===
2025-08-27 10:06:51,394 - INFO - 1. ewe: cos=1.0000
2025-08-27 10:06:51,394 - INFO - 2. lug: cos=1.0000
2025-08-27 10:06:51,394 - INFO - 3. xho: cos=1.0000
2025-08-27 10:06:51,394 - INFO - 4. tsn: cos=1.0000
2025-08-27 10:06:51,394 - INFO - 5. sna: cos=1.0000
2025-08-27 10:06:51,394 - INFO - === Layer 11 (xlmr) — Worst 5 (cosine) ===
2025-08-27 10:06:51,394 - INFO - 1. yor: cos=0.9999
2025-08-27 10:06:51,394 - INFO - 2. swa: cos=0.9999
2025-08-27 10:06:51,394 - INFO - 3. pcm: cos=0.9999
2025-08-27 10:06:51,394 - INFO - 4. kin: cos=0.9999
2025-08-27 10:06:51,394 - INFO - 5. luo: cos=0.9999
2025-08-27 10:06:51,524 - INFO - === Layer 12 (xlmr) — Top 5 (cosine) ===
2025-08-27 10:06:51,524 - INFO - 1. pcm: cos=0.9996
2025-08-27 10:06:51,524 - INFO - 2. mos: cos=0.9994
2025-08-27 10:06:51,524 - INFO - 3. sna: cos=0.9993
2025-08-27 10:06:51,524 - INFO - 4. lug: cos=0.9990
2025-08-27 10:06:51,524 - INFO - 5. wol: cos=0.9986
2025-08-27 10:06:51,524 - INFO - === Layer 12 (xlmr) — Worst 5 (cosine) ===
2025-08-27 10:06:51,524 - INFO - 1. zul: cos=0.9877
2025-08-27 10:06:51,524 - INFO - 2. xho: cos=0.9950
2025-08-27 10:06:51,524 - INFO - 3. fon: cos=0.9959
2025-08-27 10:06:51,524 - INFO - 4. kin: cos=0.9962
2025-08-27 10:06:51,524 - INFO - 5. tsn: cos=0.9965
2025-08-27 10:06:51,525 - INFO - Experiment finished successfully.
