2025-08-03 08:05:35,701 - INFO - Experiment started with model_type=mbert, use_cls=False, use_context=False, context_window=3, use_hybrid=True, max_tokens_per_type=500, output_dir=rq2_train_scripts/Embeddings/MEXA_inspired_strategy/outputs/mptc/mbert/config_3_clsfalse_ctxfalse_hybtrue/tokens_500_ctx3
2025-08-03 08:05:36,744 - INFO - Processing run
2025-08-03 08:05:38,402 - INFO - Processing bam
2025-08-03 08:05:41,480 - INFO - Processing bbj
2025-08-03 08:05:44,927 - INFO - Processing ewe
2025-08-03 08:05:48,364 - INFO - Processing fon
2025-08-03 08:05:51,851 - INFO - Processing hau
2025-08-03 08:05:55,331 - INFO - Processing ibo
2025-08-03 08:05:58,833 - INFO - Processing kin
2025-08-03 08:06:02,306 - INFO - Processing lug
2025-08-03 08:06:05,743 - INFO - Processing luo
2025-08-03 08:06:09,211 - INFO - Processing mos
2025-08-03 08:06:12,668 - INFO - Processing nya
2025-08-03 08:06:16,114 - INFO - Processing pcm
2025-08-03 08:06:19,570 - INFO - Processing sna
2025-08-03 08:06:23,026 - INFO - Processing swa
2025-08-03 08:06:26,439 - INFO - Processing tsn
2025-08-03 08:06:29,822 - INFO - Processing twi
2025-08-03 08:06:33,240 - INFO - Processing wol
2025-08-03 08:06:36,680 - INFO - Processing xho
2025-08-03 08:06:40,130 - INFO - Processing yor
2025-08-03 08:06:43,622 - INFO - Processing zul
2025-08-03 08:06:47,458 - INFO - Top 5 languages most similar to Runyankore:
2025-08-03 08:06:47,458 - INFO - 1. lug - Mean Similarity: 0.5601
2025-08-03 08:06:47,458 - INFO - 2. kin - Mean Similarity: 0.5541
2025-08-03 08:06:47,458 - INFO - 3. luo - Mean Similarity: 0.5451
2025-08-03 08:06:47,458 - INFO - 4. swa - Mean Similarity: 0.5404
2025-08-03 08:06:47,458 - INFO - 5. twi - Mean Similarity: 0.5344
2025-08-03 08:06:47,458 - INFO - Experiment finished successfully.
