2025-08-27 10:32:03,883 - INFO - Start: model_type=mbert, use_cls=False, use_context=True, context_window=1, max_tokens_per_type=200, batch_size=64, output_dir=rq2_train_scripts/Embeddings/CLEAN/outputs/salt/mbert/config_2_clsfalse_ctxtrue/tokens_200_ctx1/core, save_prototypes=False, seed=42, fp16=True, max_length=96, langs=all, layers=all, span_mode=bio, pool=mean, entity_tags={'PER', 'ORG', 'DATE', 'LOC'}, title_suffix='L=all, tokens=200, ctx=1, cls=false, fp16=true'
2025-08-27 10:32:05,270 - INFO - Processing run
2025-08-27 10:32:05,775 - INFO - Processing bam
2025-08-27 10:32:05,877 - INFO - Processing bbj
2025-08-27 10:32:05,936 - INFO - Processing ewe
2025-08-27 10:32:05,999 - INFO - Processing fon
2025-08-27 10:32:06,082 - INFO - Processing hau
2025-08-27 10:32:06,168 - INFO - Processing ibo
2025-08-27 10:32:06,277 - INFO - Processing kin
2025-08-27 10:32:06,379 - INFO - Processing lug
2025-08-27 10:32:06,454 - INFO - Processing luo
2025-08-27 10:32:06,534 - INFO - Processing mos
2025-08-27 10:32:06,615 - INFO - Processing nya
2025-08-27 10:32:06,706 - INFO - Processing pcm
2025-08-27 10:32:06,782 - INFO - Processing sna
2025-08-27 10:32:06,860 - INFO - Processing swa
2025-08-27 10:32:06,969 - INFO - Processing tsn
2025-08-27 10:32:07,057 - INFO - Processing twi
2025-08-27 10:32:07,133 - INFO - Processing wol
2025-08-27 10:32:07,232 - INFO - Processing xho
2025-08-27 10:32:07,309 - INFO - Processing yor
2025-08-27 10:32:07,421 - INFO - Processing zul
2025-08-27 10:32:07,860 - INFO - === Layer 1 (mbert) — Top 5 (cosine) ===
2025-08-27 10:32:07,860 - INFO - 1. kin: cos=0.8546
2025-08-27 10:32:07,860 - INFO - 2. twi: cos=0.8483
2025-08-27 10:32:07,860 - INFO - 3. luo: cos=0.8435
2025-08-27 10:32:07,860 - INFO - 4. lug: cos=0.8362
2025-08-27 10:32:07,860 - INFO - 5. tsn: cos=0.8282
2025-08-27 10:32:07,860 - INFO - === Layer 1 (mbert) — Worst 5 (cosine) ===
2025-08-27 10:32:07,860 - INFO - 1. yor: cos=0.6557
2025-08-27 10:32:07,860 - INFO - 2. bbj: cos=0.6745
2025-08-27 10:32:07,860 - INFO - 3. ewe: cos=0.7395
2025-08-27 10:32:07,860 - INFO - 4. pcm: cos=0.7424
2025-08-27 10:32:07,860 - INFO - 5. mos: cos=0.7441
2025-08-27 10:32:07,988 - INFO - === Layer 2 (mbert) — Top 5 (cosine) ===
2025-08-27 10:32:07,988 - INFO - 1. lug: cos=0.8871
2025-08-27 10:32:07,989 - INFO - 2. kin: cos=0.8740
2025-08-27 10:32:07,989 - INFO - 3. twi: cos=0.8676
2025-08-27 10:32:07,989 - INFO - 4. luo: cos=0.8620
2025-08-27 10:32:07,989 - INFO - 5. tsn: cos=0.8477
2025-08-27 10:32:07,989 - INFO - === Layer 2 (mbert) — Worst 5 (cosine) ===
2025-08-27 10:32:07,989 - INFO - 1. yor: cos=0.6862
2025-08-27 10:32:07,989 - INFO - 2. bbj: cos=0.7169
2025-08-27 10:32:07,989 - INFO - 3. pcm: cos=0.7512
2025-08-27 10:32:07,989 - INFO - 4. ewe: cos=0.7552
2025-08-27 10:32:07,989 - INFO - 5. mos: cos=0.7596
2025-08-27 10:32:08,117 - INFO - === Layer 3 (mbert) — Top 5 (cosine) ===
2025-08-27 10:32:08,117 - INFO - 1. lug: cos=0.9216
2025-08-27 10:32:08,117 - INFO - 2. twi: cos=0.9209
2025-08-27 10:32:08,117 - INFO - 3. kin: cos=0.9205
2025-08-27 10:32:08,117 - INFO - 4. luo: cos=0.9121
2025-08-27 10:32:08,117 - INFO - 5. tsn: cos=0.9012
2025-08-27 10:32:08,117 - INFO - === Layer 3 (mbert) — Worst 5 (cosine) ===
2025-08-27 10:32:08,117 - INFO - 1. yor: cos=0.7866
2025-08-27 10:32:08,117 - INFO - 2. bbj: cos=0.8165
2025-08-27 10:32:08,117 - INFO - 3. pcm: cos=0.8311
2025-08-27 10:32:08,117 - INFO - 4. ewe: cos=0.8355
2025-08-27 10:32:08,117 - INFO - 5. mos: cos=0.8503
2025-08-27 10:32:08,244 - INFO - === Layer 4 (mbert) — Top 5 (cosine) ===
2025-08-27 10:32:08,244 - INFO - 1. lug: cos=0.9384
2025-08-27 10:32:08,244 - INFO - 2. twi: cos=0.9372
2025-08-27 10:32:08,244 - INFO - 3. tsn: cos=0.9193
2025-08-27 10:32:08,244 - INFO - 4. ibo: cos=0.9157
2025-08-27 10:32:08,244 - INFO - 5. nya: cos=0.9156
2025-08-27 10:32:08,244 - INFO - === Layer 4 (mbert) — Worst 5 (cosine) ===
2025-08-27 10:32:08,244 - INFO - 1. yor: cos=0.8251
2025-08-27 10:32:08,244 - INFO - 2. bbj: cos=0.8471
2025-08-27 10:32:08,244 - INFO - 3. ewe: cos=0.8498
2025-08-27 10:32:08,244 - INFO - 4. pcm: cos=0.8609
2025-08-27 10:32:08,244 - INFO - 5. xho: cos=0.8805
2025-08-27 10:32:08,373 - INFO - === Layer 5 (mbert) — Top 5 (cosine) ===
2025-08-27 10:32:08,373 - INFO - 1. twi: cos=0.9523
2025-08-27 10:32:08,373 - INFO - 2. lug: cos=0.9398
2025-08-27 10:32:08,373 - INFO - 3. nya: cos=0.9392
2025-08-27 10:32:08,373 - INFO - 4. ibo: cos=0.9313
2025-08-27 10:32:08,373 - INFO - 5. ewe: cos=0.9302
2025-08-27 10:32:08,373 - INFO - === Layer 5 (mbert) — Worst 5 (cosine) ===
2025-08-27 10:32:08,373 - INFO - 1. yor: cos=0.8587
2025-08-27 10:32:08,373 - INFO - 2. bbj: cos=0.8902
2025-08-27 10:32:08,373 - INFO - 3. xho: cos=0.9073
2025-08-27 10:32:08,373 - INFO - 4. bam: cos=0.9202
2025-08-27 10:32:08,373 - INFO - 5. wol: cos=0.9231
2025-08-27 10:32:08,567 - INFO - === Layer 6 (mbert) — Top 5 (cosine) ===
2025-08-27 10:32:08,567 - INFO - 1. twi: cos=0.9631
2025-08-27 10:32:08,567 - INFO - 2. lug: cos=0.9538
2025-08-27 10:32:08,567 - INFO - 3. ibo: cos=0.9452
2025-08-27 10:32:08,567 - INFO - 4. mos: cos=0.9442
2025-08-27 10:32:08,567 - INFO - 5. hau: cos=0.9441
2025-08-27 10:32:08,567 - INFO - === Layer 6 (mbert) — Worst 5 (cosine) ===
2025-08-27 10:32:08,567 - INFO - 1. yor: cos=0.8726
2025-08-27 10:32:08,567 - INFO - 2. bbj: cos=0.9086
2025-08-27 10:32:08,567 - INFO - 3. xho: cos=0.9253
2025-08-27 10:32:08,567 - INFO - 4. zul: cos=0.9331
2025-08-27 10:32:08,567 - INFO - 5. bam: cos=0.9361
2025-08-27 10:32:08,693 - INFO - === Layer 7 (mbert) — Top 5 (cosine) ===
2025-08-27 10:32:08,693 - INFO - 1. lug: cos=0.9460
2025-08-27 10:32:08,693 - INFO - 2. twi: cos=0.9440
2025-08-27 10:32:08,694 - INFO - 3. sna: cos=0.9251
2025-08-27 10:32:08,694 - INFO - 4. hau: cos=0.9216
2025-08-27 10:32:08,694 - INFO - 5. mos: cos=0.9207
2025-08-27 10:32:08,694 - INFO - === Layer 7 (mbert) — Worst 5 (cosine) ===
2025-08-27 10:32:08,694 - INFO - 1. yor: cos=0.8191
2025-08-27 10:32:08,694 - INFO - 2. bbj: cos=0.8755
2025-08-27 10:32:08,694 - INFO - 3. xho: cos=0.8821
2025-08-27 10:32:08,694 - INFO - 4. tsn: cos=0.8901
2025-08-27 10:32:08,694 - INFO - 5. ewe: cos=0.9001
2025-08-27 10:32:08,821 - INFO - === Layer 8 (mbert) — Top 5 (cosine) ===
2025-08-27 10:32:08,821 - INFO - 1. lug: cos=0.9373
2025-08-27 10:32:08,821 - INFO - 2. twi: cos=0.9358
2025-08-27 10:32:08,821 - INFO - 3. mos: cos=0.9224
2025-08-27 10:32:08,821 - INFO - 4. sna: cos=0.9122
2025-08-27 10:32:08,821 - INFO - 5. hau: cos=0.9121
2025-08-27 10:32:08,821 - INFO - === Layer 8 (mbert) — Worst 5 (cosine) ===
2025-08-27 10:32:08,821 - INFO - 1. yor: cos=0.7969
2025-08-27 10:32:08,821 - INFO - 2. bbj: cos=0.8191
2025-08-27 10:32:08,821 - INFO - 3. xho: cos=0.8446
2025-08-27 10:32:08,821 - INFO - 4. zul: cos=0.8708
2025-08-27 10:32:08,821 - INFO - 5. bam: cos=0.8731
2025-08-27 10:32:08,951 - INFO - === Layer 9 (mbert) — Top 5 (cosine) ===
2025-08-27 10:32:08,951 - INFO - 1. lug: cos=0.9554
2025-08-27 10:32:08,951 - INFO - 2. twi: cos=0.9533
2025-08-27 10:32:08,951 - INFO - 3. mos: cos=0.9469
2025-08-27 10:32:08,951 - INFO - 4. luo: cos=0.9380
2025-08-27 10:32:08,951 - INFO - 5. hau: cos=0.9362
2025-08-27 10:32:08,951 - INFO - === Layer 9 (mbert) — Worst 5 (cosine) ===
2025-08-27 10:32:08,951 - INFO - 1. yor: cos=0.8621
2025-08-27 10:32:08,951 - INFO - 2. bbj: cos=0.8765
2025-08-27 10:32:08,951 - INFO - 3. zul: cos=0.8858
2025-08-27 10:32:08,951 - INFO - 4. xho: cos=0.8964
2025-08-27 10:32:08,951 - INFO - 5. bam: cos=0.9082
2025-08-27 10:32:09,080 - INFO - === Layer 10 (mbert) — Top 5 (cosine) ===
2025-08-27 10:32:09,080 - INFO - 1. hau: cos=0.9692
2025-08-27 10:32:09,080 - INFO - 2. lug: cos=0.9653
2025-08-27 10:32:09,080 - INFO - 3. twi: cos=0.9597
2025-08-27 10:32:09,080 - INFO - 4. mos: cos=0.9594
2025-08-27 10:32:09,080 - INFO - 5. luo: cos=0.9568
2025-08-27 10:32:09,080 - INFO - === Layer 10 (mbert) — Worst 5 (cosine) ===
2025-08-27 10:32:09,080 - INFO - 1. yor: cos=0.8946
2025-08-27 10:32:09,080 - INFO - 2. kin: cos=0.8995
2025-08-27 10:32:09,080 - INFO - 3. bbj: cos=0.9057
2025-08-27 10:32:09,080 - INFO - 4. zul: cos=0.9109
2025-08-27 10:32:09,080 - INFO - 5. xho: cos=0.9199
2025-08-27 10:32:09,208 - INFO - === Layer 11 (mbert) — Top 5 (cosine) ===
2025-08-27 10:32:09,208 - INFO - 1. twi: cos=0.9717
2025-08-27 10:32:09,208 - INFO - 2. hau: cos=0.9698
2025-08-27 10:32:09,208 - INFO - 3. swa: cos=0.9642
2025-08-27 10:32:09,208 - INFO - 4. nya: cos=0.9612
2025-08-27 10:32:09,208 - INFO - 5. lug: cos=0.9580
2025-08-27 10:32:09,208 - INFO - === Layer 11 (mbert) — Worst 5 (cosine) ===
2025-08-27 10:32:09,209 - INFO - 1. bbj: cos=0.9017
2025-08-27 10:32:09,209 - INFO - 2. yor: cos=0.9028
2025-08-27 10:32:09,209 - INFO - 3. bam: cos=0.9267
2025-08-27 10:32:09,209 - INFO - 4. zul: cos=0.9269
2025-08-27 10:32:09,209 - INFO - 5. xho: cos=0.9296
2025-08-27 10:32:09,343 - INFO - === Layer 12 (mbert) — Top 5 (cosine) ===
2025-08-27 10:32:09,343 - INFO - 1. nya: cos=0.7854
2025-08-27 10:32:09,343 - INFO - 2. kin: cos=0.7662
2025-08-27 10:32:09,343 - INFO - 3. wol: cos=0.7369
2025-08-27 10:32:09,343 - INFO - 4. bam: cos=0.7362
2025-08-27 10:32:09,343 - INFO - 5. ibo: cos=0.7244
2025-08-27 10:32:09,343 - INFO - === Layer 12 (mbert) — Worst 5 (cosine) ===
2025-08-27 10:32:09,344 - INFO - 1. xho: cos=0.5616
2025-08-27 10:32:09,344 - INFO - 2. fon: cos=0.5622
2025-08-27 10:32:09,344 - INFO - 3. swa: cos=0.5799
2025-08-27 10:32:09,344 - INFO - 4. sna: cos=0.6024
2025-08-27 10:32:09,344 - INFO - 5. yor: cos=0.6154
2025-08-27 10:32:09,344 - INFO - Experiment finished successfully.
