2025-08-27 07:49:38,325 - INFO - Start: model_type=xlmr, use_cls=True, use_context=True, context_window=2, max_tokens_per_type=500, batch_size=64, output_dir=rq2_train_scripts/Embeddings/CLEAN/outputs/combined/xlmr/config_3_clstrue_ctxtrue/tokens_500_ctx2, save_prototypes=False, seed=42, fp16=True, max_length=96, langs=all, layers=all, span_mode=bio, pool=mean, entity_tags={'DATE', 'PER', 'ORG', 'LOC'}, title_suffix='L=all, tokens=500, ctx=2, cls=true, fp16=true'
2025-08-27 07:49:40,208 - INFO - Processing run
2025-08-27 07:49:40,674 - INFO - Processing bam
2025-08-27 07:49:40,743 - INFO - Processing bbj
2025-08-27 07:49:40,804 - INFO - Processing ewe
2025-08-27 07:49:40,858 - INFO - Processing fon
2025-08-27 07:49:40,928 - INFO - Processing hau
2025-08-27 07:49:41,002 - INFO - Processing ibo
2025-08-27 07:49:41,102 - INFO - Processing kin
2025-08-27 07:49:41,180 - INFO - Processing lug
2025-08-27 07:49:41,256 - INFO - Processing luo
2025-08-27 07:49:41,334 - INFO - Processing mos
2025-08-27 07:49:41,410 - INFO - Processing nya
2025-08-27 07:49:41,488 - INFO - Processing pcm
2025-08-27 07:49:41,548 - INFO - Processing sna
2025-08-27 07:49:41,611 - INFO - Processing swa
2025-08-27 07:49:41,691 - INFO - Processing tsn
2025-08-27 07:49:41,754 - INFO - Processing twi
2025-08-27 07:49:41,831 - INFO - Processing wol
2025-08-27 07:49:41,902 - INFO - Processing xho
2025-08-27 07:49:41,958 - INFO - Processing yor
2025-08-27 07:49:42,060 - INFO - Processing zul
2025-08-27 07:49:42,574 - INFO - === Layer 1 (xlmr) — Top 5 (cosine) ===
2025-08-27 07:49:42,574 - INFO - 1. lug: cos=1.0000
2025-08-27 07:49:42,574 - INFO - 2. kin: cos=1.0000
2025-08-27 07:49:42,574 - INFO - 3. nya: cos=1.0000
2025-08-27 07:49:42,574 - INFO - 4. sna: cos=1.0000
2025-08-27 07:49:42,574 - INFO - 5. tsn: cos=1.0000
2025-08-27 07:49:42,574 - INFO - === Layer 1 (xlmr) — Worst 5 (cosine) ===
2025-08-27 07:49:42,574 - INFO - 1. bam: cos=0.9997
2025-08-27 07:49:42,574 - INFO - 2. fon: cos=0.9997
2025-08-27 07:49:42,574 - INFO - 3. hau: cos=0.9999
2025-08-27 07:49:42,574 - INFO - 4. ibo: cos=0.9999
2025-08-27 07:49:42,574 - INFO - 5. mos: cos=0.9999
2025-08-27 07:49:42,729 - INFO - === Layer 2 (xlmr) — Top 5 (cosine) ===
2025-08-27 07:49:42,729 - INFO - 1. kin: cos=1.0000
2025-08-27 07:49:42,729 - INFO - 2. nya: cos=1.0000
2025-08-27 07:49:42,729 - INFO - 3. sna: cos=1.0000
2025-08-27 07:49:42,729 - INFO - 4. lug: cos=1.0000
2025-08-27 07:49:42,729 - INFO - 5. luo: cos=1.0000
2025-08-27 07:49:42,729 - INFO - === Layer 2 (xlmr) — Worst 5 (cosine) ===
2025-08-27 07:49:42,729 - INFO - 1. fon: cos=1.0000
2025-08-27 07:49:42,729 - INFO - 2. bam: cos=1.0000
2025-08-27 07:49:42,729 - INFO - 3. hau: cos=1.0000
2025-08-27 07:49:42,729 - INFO - 4. swa: cos=1.0000
2025-08-27 07:49:42,729 - INFO - 5. pcm: cos=1.0000
2025-08-27 07:49:42,858 - INFO - === Layer 3 (xlmr) — Top 5 (cosine) ===
2025-08-27 07:49:42,859 - INFO - 1. sna: cos=1.0000
2025-08-27 07:49:42,859 - INFO - 2. kin: cos=1.0000
2025-08-27 07:49:42,859 - INFO - 3. xho: cos=1.0000
2025-08-27 07:49:42,859 - INFO - 4. lug: cos=1.0000
2025-08-27 07:49:42,859 - INFO - 5. zul: cos=1.0000
2025-08-27 07:49:42,859 - INFO - === Layer 3 (xlmr) — Worst 5 (cosine) ===
2025-08-27 07:49:42,859 - INFO - 1. pcm: cos=1.0000
2025-08-27 07:49:42,859 - INFO - 2. swa: cos=1.0000
2025-08-27 07:49:42,859 - INFO - 3. fon: cos=1.0000
2025-08-27 07:49:42,859 - INFO - 4. ewe: cos=1.0000
2025-08-27 07:49:42,859 - INFO - 5. tsn: cos=1.0000
2025-08-27 07:49:42,989 - INFO - === Layer 4 (xlmr) — Top 5 (cosine) ===
2025-08-27 07:49:42,989 - INFO - 1. kin: cos=1.0000
2025-08-27 07:49:42,989 - INFO - 2. nya: cos=1.0000
2025-08-27 07:49:42,989 - INFO - 3. sna: cos=1.0000
2025-08-27 07:49:42,989 - INFO - 4. zul: cos=1.0000
2025-08-27 07:49:42,989 - INFO - 5. lug: cos=1.0000
2025-08-27 07:49:42,989 - INFO - === Layer 4 (xlmr) — Worst 5 (cosine) ===
2025-08-27 07:49:42,989 - INFO - 1. pcm: cos=1.0000
2025-08-27 07:49:42,989 - INFO - 2. swa: cos=1.0000
2025-08-27 07:49:42,989 - INFO - 3. hau: cos=1.0000
2025-08-27 07:49:42,989 - INFO - 4. ewe: cos=1.0000
2025-08-27 07:49:42,989 - INFO - 5. twi: cos=1.0000
2025-08-27 07:49:43,116 - INFO - === Layer 5 (xlmr) — Top 5 (cosine) ===
2025-08-27 07:49:43,116 - INFO - 1. sna: cos=1.0000
2025-08-27 07:49:43,116 - INFO - 2. lug: cos=1.0000
2025-08-27 07:49:43,116 - INFO - 3. kin: cos=1.0000
2025-08-27 07:49:43,116 - INFO - 4. nya: cos=1.0000
2025-08-27 07:49:43,116 - INFO - 5. xho: cos=1.0000
2025-08-27 07:49:43,116 - INFO - === Layer 5 (xlmr) — Worst 5 (cosine) ===
2025-08-27 07:49:43,116 - INFO - 1. fon: cos=1.0000
2025-08-27 07:49:43,116 - INFO - 2. bam: cos=1.0000
2025-08-27 07:49:43,116 - INFO - 3. twi: cos=1.0000
2025-08-27 07:49:43,116 - INFO - 4. swa: cos=1.0000
2025-08-27 07:49:43,116 - INFO - 5. pcm: cos=1.0000
2025-08-27 07:49:43,246 - INFO - === Layer 6 (xlmr) — Top 5 (cosine) ===
2025-08-27 07:49:43,246 - INFO - 1. sna: cos=1.0000
2025-08-27 07:49:43,247 - INFO - 2. lug: cos=1.0000
2025-08-27 07:49:43,247 - INFO - 3. kin: cos=1.0000
2025-08-27 07:49:43,247 - INFO - 4. nya: cos=1.0000
2025-08-27 07:49:43,247 - INFO - 5. tsn: cos=1.0000
2025-08-27 07:49:43,247 - INFO - === Layer 6 (xlmr) — Worst 5 (cosine) ===
2025-08-27 07:49:43,247 - INFO - 1. fon: cos=1.0000
2025-08-27 07:49:43,247 - INFO - 2. bam: cos=1.0000
2025-08-27 07:49:43,247 - INFO - 3. twi: cos=1.0000
2025-08-27 07:49:43,247 - INFO - 4. pcm: cos=1.0000
2025-08-27 07:49:43,247 - INFO - 5. swa: cos=1.0000
2025-08-27 07:49:43,376 - INFO - === Layer 7 (xlmr) — Top 5 (cosine) ===
2025-08-27 07:49:43,376 - INFO - 1. xho: cos=1.0000
2025-08-27 07:49:43,376 - INFO - 2. ibo: cos=1.0000
2025-08-27 07:49:43,376 - INFO - 3. lug: cos=1.0000
2025-08-27 07:49:43,376 - INFO - 4. bam: cos=1.0000
2025-08-27 07:49:43,376 - INFO - 5. pcm: cos=1.0000
2025-08-27 07:49:43,376 - INFO - === Layer 7 (xlmr) — Worst 5 (cosine) ===
2025-08-27 07:49:43,376 - INFO - 1. hau: cos=1.0000
2025-08-27 07:49:43,376 - INFO - 2. ewe: cos=1.0000
2025-08-27 07:49:43,376 - INFO - 3. yor: cos=1.0000
2025-08-27 07:49:43,376 - INFO - 4. swa: cos=1.0000
2025-08-27 07:49:43,376 - INFO - 5. mos: cos=1.0000
2025-08-27 07:49:43,504 - INFO - === Layer 8 (xlmr) — Top 5 (cosine) ===
2025-08-27 07:49:43,505 - INFO - 1. lug: cos=1.0000
2025-08-27 07:49:43,505 - INFO - 2. sna: cos=1.0000
2025-08-27 07:49:43,505 - INFO - 3. xho: cos=1.0000
2025-08-27 07:49:43,505 - INFO - 4. kin: cos=1.0000
2025-08-27 07:49:43,505 - INFO - 5. luo: cos=1.0000
2025-08-27 07:49:43,505 - INFO - === Layer 8 (xlmr) — Worst 5 (cosine) ===
2025-08-27 07:49:43,505 - INFO - 1. hau: cos=1.0000
2025-08-27 07:49:43,505 - INFO - 2. mos: cos=1.0000
2025-08-27 07:49:43,505 - INFO - 3. bbj: cos=1.0000
2025-08-27 07:49:43,505 - INFO - 4. swa: cos=1.0000
2025-08-27 07:49:43,505 - INFO - 5. ewe: cos=1.0000
2025-08-27 07:49:43,708 - INFO - === Layer 9 (xlmr) — Top 5 (cosine) ===
2025-08-27 07:49:43,708 - INFO - 1. ibo: cos=1.0000
2025-08-27 07:49:43,708 - INFO - 2. xho: cos=1.0000
2025-08-27 07:49:43,708 - INFO - 3. fon: cos=1.0000
2025-08-27 07:49:43,708 - INFO - 4. lug: cos=1.0000
2025-08-27 07:49:43,708 - INFO - 5. pcm: cos=1.0000
2025-08-27 07:49:43,708 - INFO - === Layer 9 (xlmr) — Worst 5 (cosine) ===
2025-08-27 07:49:43,708 - INFO - 1. ewe: cos=1.0000
2025-08-27 07:49:43,708 - INFO - 2. hau: cos=1.0000
2025-08-27 07:49:43,708 - INFO - 3. mos: cos=1.0000
2025-08-27 07:49:43,708 - INFO - 4. bam: cos=1.0000
2025-08-27 07:49:43,708 - INFO - 5. twi: cos=1.0000
2025-08-27 07:49:43,831 - INFO - === Layer 10 (xlmr) — Top 5 (cosine) ===
2025-08-27 07:49:43,831 - INFO - 1. sna: cos=1.0000
2025-08-27 07:49:43,831 - INFO - 2. ibo: cos=1.0000
2025-08-27 07:49:43,831 - INFO - 3. wol: cos=1.0000
2025-08-27 07:49:43,831 - INFO - 4. fon: cos=1.0000
2025-08-27 07:49:43,831 - INFO - 5. xho: cos=1.0000
2025-08-27 07:49:43,831 - INFO - === Layer 10 (xlmr) — Worst 5 (cosine) ===
2025-08-27 07:49:43,831 - INFO - 1. pcm: cos=1.0000
2025-08-27 07:49:43,831 - INFO - 2. swa: cos=1.0000
2025-08-27 07:49:43,831 - INFO - 3. bbj: cos=1.0000
2025-08-27 07:49:43,831 - INFO - 4. tsn: cos=1.0000
2025-08-27 07:49:43,831 - INFO - 5. luo: cos=1.0000
2025-08-27 07:49:43,953 - INFO - === Layer 11 (xlmr) — Top 5 (cosine) ===
2025-08-27 07:49:43,953 - INFO - 1. ewe: cos=1.0000
2025-08-27 07:49:43,953 - INFO - 2. sna: cos=1.0000
2025-08-27 07:49:43,953 - INFO - 3. twi: cos=1.0000
2025-08-27 07:49:43,953 - INFO - 4. zul: cos=1.0000
2025-08-27 07:49:43,953 - INFO - 5. xho: cos=1.0000
2025-08-27 07:49:43,953 - INFO - === Layer 11 (xlmr) — Worst 5 (cosine) ===
2025-08-27 07:49:43,953 - INFO - 1. yor: cos=1.0000
2025-08-27 07:49:43,953 - INFO - 2. fon: cos=1.0000
2025-08-27 07:49:43,953 - INFO - 3. swa: cos=1.0000
2025-08-27 07:49:43,953 - INFO - 4. tsn: cos=1.0000
2025-08-27 07:49:43,953 - INFO - 5. bbj: cos=1.0000
2025-08-27 07:49:44,077 - INFO - === Layer 12 (xlmr) — Top 5 (cosine) ===
2025-08-27 07:49:44,077 - INFO - 1. pcm: cos=0.9997
2025-08-27 07:49:44,077 - INFO - 2. sna: cos=0.9997
2025-08-27 07:49:44,077 - INFO - 3. kin: cos=0.9995
2025-08-27 07:49:44,077 - INFO - 4. luo: cos=0.9994
2025-08-27 07:49:44,077 - INFO - 5. swa: cos=0.9994
2025-08-27 07:49:44,077 - INFO - === Layer 12 (xlmr) — Worst 5 (cosine) ===
2025-08-27 07:49:44,077 - INFO - 1. zul: cos=0.9866
2025-08-27 07:49:44,077 - INFO - 2. xho: cos=0.9942
2025-08-27 07:49:44,077 - INFO - 3. fon: cos=0.9954
2025-08-27 07:49:44,077 - INFO - 4. ewe: cos=0.9974
2025-08-27 07:49:44,077 - INFO - 5. yor: cos=0.9984
2025-08-27 07:49:44,078 - INFO - Experiment finished successfully.
