2025-08-27 17:50:47,945 - INFO - Start: model_type=xlmr, use_cls=False, use_context=True, context_window=2, max_tokens_per_type=300, batch_size=64, output_dir=rq2_train_scripts/Embeddings/CLEAN/outputs/mptc/xlmr/config_2_clsfalse_ctxtrue/tokens_300_ctx2/core, save_prototypes=False, seed=42, fp16=True, max_length=96, langs=all, layers=all, span_mode=bio, pool=mean, entity_tags={'PER', 'LOC', 'DATE', 'ORG'}, title_suffix='L=all, tokens=300, ctx=2, cls=false, fp16=true'
2025-08-27 17:50:50,124 - INFO - Processing run
2025-08-27 17:50:50,567 - INFO - Processing bam
2025-08-27 17:50:50,687 - INFO - Processing bbj
2025-08-27 17:50:50,826 - INFO - Processing ewe
2025-08-27 17:50:50,926 - INFO - Processing fon
2025-08-27 17:50:51,046 - INFO - Processing hau
2025-08-27 17:50:51,188 - INFO - Processing ibo
2025-08-27 17:50:51,353 - INFO - Processing kin
2025-08-27 17:50:51,482 - INFO - Processing lug
2025-08-27 17:50:51,593 - INFO - Processing luo
2025-08-27 17:50:51,713 - INFO - Processing mos
2025-08-27 17:50:51,839 - INFO - Processing nya
2025-08-27 17:50:52,000 - INFO - Processing pcm
2025-08-27 17:50:52,114 - INFO - Processing sna
2025-08-27 17:50:52,232 - INFO - Processing swa
2025-08-27 17:50:52,354 - INFO - Processing tsn
2025-08-27 17:50:52,462 - INFO - Processing twi
2025-08-27 17:50:52,614 - INFO - Processing wol
2025-08-27 17:50:52,737 - INFO - Processing xho
2025-08-27 17:50:52,851 - INFO - Processing yor
2025-08-27 17:50:52,998 - INFO - Processing zul
2025-08-27 17:50:53,542 - INFO - === Layer 1 (xlmr) — Top 5 (cosine) ===
2025-08-27 17:50:53,542 - INFO - 1. kin: cos=0.9190
2025-08-27 17:50:53,542 - INFO - 2. twi: cos=0.9142
2025-08-27 17:50:53,542 - INFO - 3. luo: cos=0.9088
2025-08-27 17:50:53,542 - INFO - 4. tsn: cos=0.9039
2025-08-27 17:50:53,542 - INFO - 5. ibo: cos=0.9023
2025-08-27 17:50:53,542 - INFO - === Layer 1 (xlmr) — Worst 5 (cosine) ===
2025-08-27 17:50:53,542 - INFO - 1. hau: cos=0.8197
2025-08-27 17:50:53,542 - INFO - 2. pcm: cos=0.8198
2025-08-27 17:50:53,542 - INFO - 3. fon: cos=0.8391
2025-08-27 17:50:53,543 - INFO - 4. bbj: cos=0.8480
2025-08-27 17:50:53,543 - INFO - 5. swa: cos=0.8499
2025-08-27 17:50:53,698 - INFO - === Layer 2 (xlmr) — Top 5 (cosine) ===
2025-08-27 17:50:53,698 - INFO - 1. kin: cos=0.9669
2025-08-27 17:50:53,698 - INFO - 2. twi: cos=0.9650
2025-08-27 17:50:53,698 - INFO - 3. luo: cos=0.9626
2025-08-27 17:50:53,698 - INFO - 4. tsn: cos=0.9610
2025-08-27 17:50:53,698 - INFO - 5. zul: cos=0.9600
2025-08-27 17:50:53,698 - INFO - === Layer 2 (xlmr) — Worst 5 (cosine) ===
2025-08-27 17:50:53,698 - INFO - 1. pcm: cos=0.9223
2025-08-27 17:50:53,698 - INFO - 2. hau: cos=0.9269
2025-08-27 17:50:53,698 - INFO - 3. swa: cos=0.9315
2025-08-27 17:50:53,698 - INFO - 4. fon: cos=0.9368
2025-08-27 17:50:53,698 - INFO - 5. bbj: cos=0.9401
2025-08-27 17:50:53,829 - INFO - === Layer 3 (xlmr) — Top 5 (cosine) ===
2025-08-27 17:50:53,829 - INFO - 1. twi: cos=0.9770
2025-08-27 17:50:53,829 - INFO - 2. kin: cos=0.9750
2025-08-27 17:50:53,829 - INFO - 3. luo: cos=0.9737
2025-08-27 17:50:53,829 - INFO - 4. zul: cos=0.9721
2025-08-27 17:50:53,829 - INFO - 5. tsn: cos=0.9721
2025-08-27 17:50:53,829 - INFO - === Layer 3 (xlmr) — Worst 5 (cosine) ===
2025-08-27 17:50:53,829 - INFO - 1. pcm: cos=0.9439
2025-08-27 17:50:53,829 - INFO - 2. swa: cos=0.9472
2025-08-27 17:50:53,829 - INFO - 3. hau: cos=0.9494
2025-08-27 17:50:53,829 - INFO - 4. bam: cos=0.9573
2025-08-27 17:50:53,829 - INFO - 5. fon: cos=0.9574
2025-08-27 17:50:53,962 - INFO - === Layer 4 (xlmr) — Top 5 (cosine) ===
2025-08-27 17:50:53,962 - INFO - 1. twi: cos=0.9759
2025-08-27 17:50:53,962 - INFO - 2. kin: cos=0.9742
2025-08-27 17:50:53,962 - INFO - 3. luo: cos=0.9728
2025-08-27 17:50:53,962 - INFO - 4. tsn: cos=0.9708
2025-08-27 17:50:53,962 - INFO - 5. zul: cos=0.9701
2025-08-27 17:50:53,962 - INFO - === Layer 4 (xlmr) — Worst 5 (cosine) ===
2025-08-27 17:50:53,962 - INFO - 1. pcm: cos=0.9351
2025-08-27 17:50:53,962 - INFO - 2. swa: cos=0.9387
2025-08-27 17:50:53,962 - INFO - 3. hau: cos=0.9467
2025-08-27 17:50:53,962 - INFO - 4. bbj: cos=0.9535
2025-08-27 17:50:53,962 - INFO - 5. bam: cos=0.9547
2025-08-27 17:50:54,093 - INFO - === Layer 5 (xlmr) — Top 5 (cosine) ===
2025-08-27 17:50:54,093 - INFO - 1. sna: cos=0.9788
2025-08-27 17:50:54,093 - INFO - 2. twi: cos=0.9776
2025-08-27 17:50:54,093 - INFO - 3. zul: cos=0.9764
2025-08-27 17:50:54,093 - INFO - 4. tsn: cos=0.9762
2025-08-27 17:50:54,093 - INFO - 5. kin: cos=0.9750
2025-08-27 17:50:54,093 - INFO - === Layer 5 (xlmr) — Worst 5 (cosine) ===
2025-08-27 17:50:54,093 - INFO - 1. swa: cos=0.9381
2025-08-27 17:50:54,093 - INFO - 2. pcm: cos=0.9397
2025-08-27 17:50:54,093 - INFO - 3. hau: cos=0.9539
2025-08-27 17:50:54,093 - INFO - 4. bbj: cos=0.9625
2025-08-27 17:50:54,093 - INFO - 5. wol: cos=0.9648
2025-08-27 17:50:54,224 - INFO - === Layer 6 (xlmr) — Top 5 (cosine) ===
2025-08-27 17:50:54,224 - INFO - 1. sna: cos=0.9730
2025-08-27 17:50:54,224 - INFO - 2. twi: cos=0.9709
2025-08-27 17:50:54,224 - INFO - 3. kin: cos=0.9704
2025-08-27 17:50:54,224 - INFO - 4. luo: cos=0.9703
2025-08-27 17:50:54,224 - INFO - 5. zul: cos=0.9701
2025-08-27 17:50:54,224 - INFO - === Layer 6 (xlmr) — Worst 5 (cosine) ===
2025-08-27 17:50:54,224 - INFO - 1. swa: cos=0.9214
2025-08-27 17:50:54,224 - INFO - 2. pcm: cos=0.9215
2025-08-27 17:50:54,224 - INFO - 3. hau: cos=0.9397
2025-08-27 17:50:54,224 - INFO - 4. yor: cos=0.9533
2025-08-27 17:50:54,224 - INFO - 5. lug: cos=0.9541
2025-08-27 17:50:54,356 - INFO - === Layer 7 (xlmr) — Top 5 (cosine) ===
2025-08-27 17:50:54,356 - INFO - 1. zul: cos=0.9757
2025-08-27 17:50:54,356 - INFO - 2. twi: cos=0.9756
2025-08-27 17:50:54,356 - INFO - 3. sna: cos=0.9745
2025-08-27 17:50:54,356 - INFO - 4. ewe: cos=0.9732
2025-08-27 17:50:54,356 - INFO - 5. mos: cos=0.9720
2025-08-27 17:50:54,356 - INFO - === Layer 7 (xlmr) — Worst 5 (cosine) ===
2025-08-27 17:50:54,356 - INFO - 1. swa: cos=0.9463
2025-08-27 17:50:54,356 - INFO - 2. pcm: cos=0.9512
2025-08-27 17:50:54,356 - INFO - 3. yor: cos=0.9568
2025-08-27 17:50:54,356 - INFO - 4. hau: cos=0.9578
2025-08-27 17:50:54,356 - INFO - 5. lug: cos=0.9589
2025-08-27 17:50:54,486 - INFO - === Layer 8 (xlmr) — Top 5 (cosine) ===
2025-08-27 17:50:54,486 - INFO - 1. twi: cos=0.9754
2025-08-27 17:50:54,486 - INFO - 2. sna: cos=0.9741
2025-08-27 17:50:54,486 - INFO - 3. mos: cos=0.9719
2025-08-27 17:50:54,486 - INFO - 4. ewe: cos=0.9719
2025-08-27 17:50:54,486 - INFO - 5. fon: cos=0.9717
2025-08-27 17:50:54,486 - INFO - === Layer 8 (xlmr) — Worst 5 (cosine) ===
2025-08-27 17:50:54,486 - INFO - 1. swa: cos=0.9450
2025-08-27 17:50:54,486 - INFO - 2. pcm: cos=0.9480
2025-08-27 17:50:54,486 - INFO - 3. yor: cos=0.9555
2025-08-27 17:50:54,486 - INFO - 4. hau: cos=0.9568
2025-08-27 17:50:54,487 - INFO - 5. lug: cos=0.9587
2025-08-27 17:50:54,680 - INFO - === Layer 9 (xlmr) — Top 5 (cosine) ===
2025-08-27 17:50:54,680 - INFO - 1. twi: cos=0.9802
2025-08-27 17:50:54,680 - INFO - 2. mos: cos=0.9784
2025-08-27 17:50:54,680 - INFO - 3. ewe: cos=0.9783
2025-08-27 17:50:54,680 - INFO - 4. sna: cos=0.9779
2025-08-27 17:50:54,680 - INFO - 5. fon: cos=0.9772
2025-08-27 17:50:54,680 - INFO - === Layer 9 (xlmr) — Worst 5 (cosine) ===
2025-08-27 17:50:54,680 - INFO - 1. swa: cos=0.9542
2025-08-27 17:50:54,680 - INFO - 2. pcm: cos=0.9583
2025-08-27 17:50:54,680 - INFO - 3. lug: cos=0.9617
2025-08-27 17:50:54,680 - INFO - 4. hau: cos=0.9648
2025-08-27 17:50:54,680 - INFO - 5. luo: cos=0.9667
2025-08-27 17:50:54,808 - INFO - === Layer 10 (xlmr) — Top 5 (cosine) ===
2025-08-27 17:50:54,808 - INFO - 1. twi: cos=0.9800
2025-08-27 17:50:54,808 - INFO - 2. mos: cos=0.9770
2025-08-27 17:50:54,808 - INFO - 3. sna: cos=0.9770
2025-08-27 17:50:54,808 - INFO - 4. nya: cos=0.9755
2025-08-27 17:50:54,808 - INFO - 5. ibo: cos=0.9753
2025-08-27 17:50:54,808 - INFO - === Layer 10 (xlmr) — Worst 5 (cosine) ===
2025-08-27 17:50:54,808 - INFO - 1. swa: cos=0.9559
2025-08-27 17:50:54,808 - INFO - 2. pcm: cos=0.9575
2025-08-27 17:50:54,808 - INFO - 3. xho: cos=0.9615
2025-08-27 17:50:54,808 - INFO - 4. hau: cos=0.9627
2025-08-27 17:50:54,808 - INFO - 5. luo: cos=0.9632
2025-08-27 17:50:54,937 - INFO - === Layer 11 (xlmr) — Top 5 (cosine) ===
2025-08-27 17:50:54,937 - INFO - 1. sna: cos=0.9815
2025-08-27 17:50:54,937 - INFO - 2. twi: cos=0.9813
2025-08-27 17:50:54,937 - INFO - 3. ewe: cos=0.9809
2025-08-27 17:50:54,937 - INFO - 4. nya: cos=0.9801
2025-08-27 17:50:54,937 - INFO - 5. ibo: cos=0.9791
2025-08-27 17:50:54,937 - INFO - === Layer 11 (xlmr) — Worst 5 (cosine) ===
2025-08-27 17:50:54,937 - INFO - 1. pcm: cos=0.9594
2025-08-27 17:50:54,937 - INFO - 2. bbj: cos=0.9637
2025-08-27 17:50:54,937 - INFO - 3. swa: cos=0.9642
2025-08-27 17:50:54,937 - INFO - 4. zul: cos=0.9672
2025-08-27 17:50:54,937 - INFO - 5. hau: cos=0.9683
2025-08-27 17:50:55,064 - INFO - === Layer 12 (xlmr) — Top 5 (cosine) ===
2025-08-27 17:50:55,064 - INFO - 1. sna: cos=0.9985
2025-08-27 17:50:55,064 - INFO - 2. twi: cos=0.9984
2025-08-27 17:50:55,064 - INFO - 3. tsn: cos=0.9983
2025-08-27 17:50:55,064 - INFO - 4. kin: cos=0.9983
2025-08-27 17:50:55,064 - INFO - 5. nya: cos=0.9983
2025-08-27 17:50:55,064 - INFO - === Layer 12 (xlmr) — Worst 5 (cosine) ===
2025-08-27 17:50:55,064 - INFO - 1. bbj: cos=0.9964
2025-08-27 17:50:55,064 - INFO - 2. swa: cos=0.9968
2025-08-27 17:50:55,064 - INFO - 3. lug: cos=0.9968
2025-08-27 17:50:55,064 - INFO - 4. hau: cos=0.9969
2025-08-27 17:50:55,064 - INFO - 5. yor: cos=0.9970
2025-08-27 17:50:55,065 - INFO - Experiment finished successfully.
