2025-08-27 17:37:21,503 - INFO - Start: model_type=xlmr, use_cls=True, use_context=False, context_window=0, max_tokens_per_type=200, batch_size=64, output_dir=rq2_train_scripts/Embeddings/CLEAN/outputs/mptc/xlmr/config_1_clstrue_ctxfalse/tokens_200_ctx0/core, save_prototypes=False, seed=42, fp16=True, max_length=96, langs=all, layers=all, span_mode=bio, pool=mean, entity_tags={'DATE', 'ORG', 'PER', 'LOC'}, title_suffix='L=all, tokens=200, ctx=0, cls=true, fp16=true'
2025-08-27 17:37:23,683 - INFO - Processing run
2025-08-27 17:37:24,171 - INFO - Processing bam
2025-08-27 17:37:24,216 - INFO - Processing bbj
2025-08-27 17:37:24,247 - INFO - Processing ewe
2025-08-27 17:37:24,282 - INFO - Processing fon
2025-08-27 17:37:24,332 - INFO - Processing hau
2025-08-27 17:37:24,413 - INFO - Processing ibo
2025-08-27 17:37:24,495 - INFO - Processing kin
2025-08-27 17:37:24,553 - INFO - Processing lug
2025-08-27 17:37:24,600 - INFO - Processing luo
2025-08-27 17:37:24,661 - INFO - Processing mos
2025-08-27 17:37:24,712 - INFO - Processing nya
2025-08-27 17:37:24,772 - INFO - Processing pcm
2025-08-27 17:37:24,820 - INFO - Processing sna
2025-08-27 17:37:24,869 - INFO - Processing swa
2025-08-27 17:37:24,928 - INFO - Processing tsn
2025-08-27 17:37:24,967 - INFO - Processing twi
2025-08-27 17:37:25,014 - INFO - Processing wol
2025-08-27 17:37:25,062 - INFO - Processing xho
2025-08-27 17:37:25,106 - INFO - Processing yor
2025-08-27 17:37:25,182 - INFO - Processing zul
2025-08-27 17:37:25,646 - INFO - === Layer 1 (xlmr) — Top 5 (cosine) ===
2025-08-27 17:37:25,646 - INFO - 1. kin: cos=0.9999
2025-08-27 17:37:25,646 - INFO - 2. luo: cos=0.9999
2025-08-27 17:37:25,646 - INFO - 3. twi: cos=0.9999
2025-08-27 17:37:25,647 - INFO - 4. zul: cos=0.9998
2025-08-27 17:37:25,647 - INFO - 5. ewe: cos=0.9998
2025-08-27 17:37:25,647 - INFO - === Layer 1 (xlmr) — Worst 5 (cosine) ===
2025-08-27 17:37:25,647 - INFO - 1. hau: cos=0.9990
2025-08-27 17:37:25,647 - INFO - 2. bbj: cos=0.9994
2025-08-27 17:37:25,647 - INFO - 3. pcm: cos=0.9995
2025-08-27 17:37:25,647 - INFO - 4. bam: cos=0.9995
2025-08-27 17:37:25,647 - INFO - 5. fon: cos=0.9995
2025-08-27 17:37:25,794 - INFO - === Layer 2 (xlmr) — Top 5 (cosine) ===
2025-08-27 17:37:25,795 - INFO - 1. kin: cos=1.0000
2025-08-27 17:37:25,795 - INFO - 2. luo: cos=1.0000
2025-08-27 17:37:25,795 - INFO - 3. twi: cos=1.0000
2025-08-27 17:37:25,795 - INFO - 4. zul: cos=1.0000
2025-08-27 17:37:25,795 - INFO - 5. ewe: cos=1.0000
2025-08-27 17:37:25,795 - INFO - === Layer 2 (xlmr) — Worst 5 (cosine) ===
2025-08-27 17:37:25,795 - INFO - 1. hau: cos=0.9999
2025-08-27 17:37:25,795 - INFO - 2. pcm: cos=0.9999
2025-08-27 17:37:25,795 - INFO - 3. bbj: cos=0.9999
2025-08-27 17:37:25,795 - INFO - 4. ibo: cos=0.9999
2025-08-27 17:37:25,795 - INFO - 5. bam: cos=0.9999
2025-08-27 17:37:25,926 - INFO - === Layer 3 (xlmr) — Top 5 (cosine) ===
2025-08-27 17:37:25,926 - INFO - 1. kin: cos=1.0000
2025-08-27 17:37:25,926 - INFO - 2. twi: cos=1.0000
2025-08-27 17:37:25,926 - INFO - 3. luo: cos=1.0000
2025-08-27 17:37:25,926 - INFO - 4. zul: cos=1.0000
2025-08-27 17:37:25,926 - INFO - 5. ewe: cos=1.0000
2025-08-27 17:37:25,926 - INFO - === Layer 3 (xlmr) — Worst 5 (cosine) ===
2025-08-27 17:37:25,926 - INFO - 1. pcm: cos=0.9999
2025-08-27 17:37:25,926 - INFO - 2. swa: cos=1.0000
2025-08-27 17:37:25,926 - INFO - 3. yor: cos=1.0000
2025-08-27 17:37:25,926 - INFO - 4. xho: cos=1.0000
2025-08-27 17:37:25,926 - INFO - 5. nya: cos=1.0000
2025-08-27 17:37:26,048 - INFO - === Layer 4 (xlmr) — Top 5 (cosine) ===
2025-08-27 17:37:26,048 - INFO - 1. kin: cos=1.0000
2025-08-27 17:37:26,048 - INFO - 2. bbj: cos=1.0000
2025-08-27 17:37:26,048 - INFO - 3. tsn: cos=1.0000
2025-08-27 17:37:26,048 - INFO - 4. twi: cos=1.0000
2025-08-27 17:37:26,048 - INFO - 5. zul: cos=1.0000
2025-08-27 17:37:26,048 - INFO - === Layer 4 (xlmr) — Worst 5 (cosine) ===
2025-08-27 17:37:26,048 - INFO - 1. hau: cos=1.0000
2025-08-27 17:37:26,048 - INFO - 2. pcm: cos=1.0000
2025-08-27 17:37:26,048 - INFO - 3. yor: cos=1.0000
2025-08-27 17:37:26,048 - INFO - 4. wol: cos=1.0000
2025-08-27 17:37:26,048 - INFO - 5. mos: cos=1.0000
2025-08-27 17:37:26,178 - INFO - === Layer 5 (xlmr) — Top 5 (cosine) ===
2025-08-27 17:37:26,178 - INFO - 1. bbj: cos=1.0000
2025-08-27 17:37:26,178 - INFO - 2. sna: cos=1.0000
2025-08-27 17:37:26,178 - INFO - 3. ibo: cos=1.0000
2025-08-27 17:37:26,178 - INFO - 4. tsn: cos=1.0000
2025-08-27 17:37:26,178 - INFO - 5. nya: cos=1.0000
2025-08-27 17:37:26,178 - INFO - === Layer 5 (xlmr) — Worst 5 (cosine) ===
2025-08-27 17:37:26,178 - INFO - 1. hau: cos=1.0000
2025-08-27 17:37:26,178 - INFO - 2. swa: cos=1.0000
2025-08-27 17:37:26,178 - INFO - 3. luo: cos=1.0000
2025-08-27 17:37:26,178 - INFO - 4. lug: cos=1.0000
2025-08-27 17:37:26,178 - INFO - 5. wol: cos=1.0000
2025-08-27 17:37:26,311 - INFO - === Layer 6 (xlmr) — Top 5 (cosine) ===
2025-08-27 17:37:26,311 - INFO - 1. ibo: cos=1.0000
2025-08-27 17:37:26,311 - INFO - 2. bbj: cos=1.0000
2025-08-27 17:37:26,311 - INFO - 3. sna: cos=1.0000
2025-08-27 17:37:26,311 - INFO - 4. tsn: cos=1.0000
2025-08-27 17:37:26,311 - INFO - 5. nya: cos=1.0000
2025-08-27 17:37:26,311 - INFO - === Layer 6 (xlmr) — Worst 5 (cosine) ===
2025-08-27 17:37:26,311 - INFO - 1. hau: cos=1.0000
2025-08-27 17:37:26,311 - INFO - 2. swa: cos=1.0000
2025-08-27 17:37:26,311 - INFO - 3. lug: cos=1.0000
2025-08-27 17:37:26,311 - INFO - 4. luo: cos=1.0000
2025-08-27 17:37:26,311 - INFO - 5. wol: cos=1.0000
2025-08-27 17:37:26,441 - INFO - === Layer 7 (xlmr) — Top 5 (cosine) ===
2025-08-27 17:37:26,441 - INFO - 1. twi: cos=1.0000
2025-08-27 17:37:26,441 - INFO - 2. yor: cos=1.0000
2025-08-27 17:37:26,441 - INFO - 3. sna: cos=1.0000
2025-08-27 17:37:26,441 - INFO - 4. ibo: cos=1.0000
2025-08-27 17:37:26,441 - INFO - 5. fon: cos=1.0000
2025-08-27 17:37:26,441 - INFO - === Layer 7 (xlmr) — Worst 5 (cosine) ===
2025-08-27 17:37:26,441 - INFO - 1. tsn: cos=1.0000
2025-08-27 17:37:26,441 - INFO - 2. hau: cos=1.0000
2025-08-27 17:37:26,441 - INFO - 3. lug: cos=1.0000
2025-08-27 17:37:26,441 - INFO - 4. ewe: cos=1.0000
2025-08-27 17:37:26,441 - INFO - 5. nya: cos=1.0000
2025-08-27 17:37:26,645 - INFO - === Layer 8 (xlmr) — Top 5 (cosine) ===
2025-08-27 17:37:26,645 - INFO - 1. luo: cos=1.0000
2025-08-27 17:37:26,645 - INFO - 2. ewe: cos=1.0000
2025-08-27 17:37:26,645 - INFO - 3. kin: cos=1.0000
2025-08-27 17:37:26,645 - INFO - 4. yor: cos=1.0000
2025-08-27 17:37:26,645 - INFO - 5. bam: cos=1.0000
2025-08-27 17:37:26,645 - INFO - === Layer 8 (xlmr) — Worst 5 (cosine) ===
2025-08-27 17:37:26,645 - INFO - 1. bbj: cos=0.9999
2025-08-27 17:37:26,645 - INFO - 2. fon: cos=0.9999
2025-08-27 17:37:26,645 - INFO - 3. ibo: cos=0.9999
2025-08-27 17:37:26,645 - INFO - 4. xho: cos=0.9999
2025-08-27 17:37:26,645 - INFO - 5. pcm: cos=1.0000
2025-08-27 17:37:26,771 - INFO - === Layer 9 (xlmr) — Top 5 (cosine) ===
2025-08-27 17:37:26,771 - INFO - 1. kin: cos=1.0000
2025-08-27 17:37:26,771 - INFO - 2. bam: cos=1.0000
2025-08-27 17:37:26,771 - INFO - 3. yor: cos=1.0000
2025-08-27 17:37:26,771 - INFO - 4. sna: cos=1.0000
2025-08-27 17:37:26,771 - INFO - 5. mos: cos=1.0000
2025-08-27 17:37:26,771 - INFO - === Layer 9 (xlmr) — Worst 5 (cosine) ===
2025-08-27 17:37:26,771 - INFO - 1. ibo: cos=1.0000
2025-08-27 17:37:26,771 - INFO - 2. hau: cos=1.0000
2025-08-27 17:37:26,771 - INFO - 3. swa: cos=1.0000
2025-08-27 17:37:26,771 - INFO - 4. bbj: cos=1.0000
2025-08-27 17:37:26,771 - INFO - 5. lug: cos=1.0000
2025-08-27 17:37:26,916 - INFO - === Layer 10 (xlmr) — Top 5 (cosine) ===
2025-08-27 17:37:26,916 - INFO - 1. zul: cos=1.0000
2025-08-27 17:37:26,916 - INFO - 2. hau: cos=1.0000
2025-08-27 17:37:26,916 - INFO - 3. ewe: cos=1.0000
2025-08-27 17:37:26,916 - INFO - 4. mos: cos=1.0000
2025-08-27 17:37:26,916 - INFO - 5. swa: cos=1.0000
2025-08-27 17:37:26,916 - INFO - === Layer 10 (xlmr) — Worst 5 (cosine) ===
2025-08-27 17:37:26,916 - INFO - 1. bam: cos=0.9999
2025-08-27 17:37:26,916 - INFO - 2. pcm: cos=1.0000
2025-08-27 17:37:26,916 - INFO - 3. ibo: cos=1.0000
2025-08-27 17:37:26,916 - INFO - 4. yor: cos=1.0000
2025-08-27 17:37:26,916 - INFO - 5. fon: cos=1.0000
2025-08-27 17:37:27,051 - INFO - === Layer 11 (xlmr) — Top 5 (cosine) ===
2025-08-27 17:37:27,051 - INFO - 1. nya: cos=1.0000
2025-08-27 17:37:27,051 - INFO - 2. zul: cos=1.0000
2025-08-27 17:37:27,051 - INFO - 3. swa: cos=1.0000
2025-08-27 17:37:27,051 - INFO - 4. pcm: cos=1.0000
2025-08-27 17:37:27,051 - INFO - 5. lug: cos=1.0000
2025-08-27 17:37:27,051 - INFO - === Layer 11 (xlmr) — Worst 5 (cosine) ===
2025-08-27 17:37:27,051 - INFO - 1. kin: cos=0.9997
2025-08-27 17:37:27,051 - INFO - 2. luo: cos=0.9997
2025-08-27 17:37:27,051 - INFO - 3. xho: cos=0.9998
2025-08-27 17:37:27,051 - INFO - 4. bbj: cos=0.9999
2025-08-27 17:37:27,051 - INFO - 5. wol: cos=0.9999
2025-08-27 17:37:27,182 - INFO - === Layer 12 (xlmr) — Top 5 (cosine) ===
2025-08-27 17:37:27,182 - INFO - 1. nya: cos=0.9999
2025-08-27 17:37:27,182 - INFO - 2. wol: cos=0.9998
2025-08-27 17:37:27,182 - INFO - 3. tsn: cos=0.9998
2025-08-27 17:37:27,182 - INFO - 4. bbj: cos=0.9998
2025-08-27 17:37:27,182 - INFO - 5. ewe: cos=0.9998
2025-08-27 17:37:27,182 - INFO - === Layer 12 (xlmr) — Worst 5 (cosine) ===
2025-08-27 17:37:27,182 - INFO - 1. hau: cos=0.9450
2025-08-27 17:37:27,182 - INFO - 2. bam: cos=0.9972
2025-08-27 17:37:27,182 - INFO - 3. twi: cos=0.9983
2025-08-27 17:37:27,182 - INFO - 4. fon: cos=0.9994
2025-08-27 17:37:27,182 - INFO - 5. swa: cos=0.9995
2025-08-27 17:37:27,183 - INFO - Experiment finished successfully.
