2025-08-03 07:56:15,694 - INFO - Experiment started with model_type=mbert, use_cls=False, use_context=False, context_window=1, use_hybrid=True, max_tokens_per_type=200, output_dir=rq2_train_scripts/Embeddings/MEXA_inspired_strategy/outputs/mptc/mbert/config_3_clsfalse_ctxfalse_hybtrue/tokens_200_ctx1
2025-08-03 07:56:16,697 - INFO - Processing run
2025-08-03 07:56:17,946 - INFO - Processing bam
2025-08-03 07:56:19,350 - INFO - Processing bbj
2025-08-03 07:56:20,730 - INFO - Processing ewe
2025-08-03 07:56:22,104 - INFO - Processing fon
2025-08-03 07:56:23,507 - INFO - Processing hau
2025-08-03 07:56:24,924 - INFO - Processing ibo
2025-08-03 07:56:26,363 - INFO - Processing kin
2025-08-03 07:56:27,757 - INFO - Processing lug
2025-08-03 07:56:29,121 - INFO - Processing luo
2025-08-03 07:56:30,527 - INFO - Processing mos
2025-08-03 07:56:31,921 - INFO - Processing nya
2025-08-03 07:56:33,333 - INFO - Processing pcm
2025-08-03 07:56:34,722 - INFO - Processing sna
2025-08-03 07:56:36,135 - INFO - Processing swa
2025-08-03 07:56:37,527 - INFO - Processing tsn
2025-08-03 07:56:38,894 - INFO - Processing twi
2025-08-03 07:56:40,286 - INFO - Processing wol
2025-08-03 07:56:41,690 - INFO - Processing xho
2025-08-03 07:56:43,086 - INFO - Processing yor
2025-08-03 07:56:44,525 - INFO - Processing zul
2025-08-03 07:56:46,355 - INFO - Top 5 languages most similar to Runyankore:
2025-08-03 07:56:46,355 - INFO - 1. kin - Mean Similarity: 0.5502
2025-08-03 07:56:46,355 - INFO - 2. lug - Mean Similarity: 0.5458
2025-08-03 07:56:46,355 - INFO - 3. luo - Mean Similarity: 0.5447
2025-08-03 07:56:46,355 - INFO - 4. ibo - Mean Similarity: 0.5380
2025-08-03 07:56:46,355 - INFO - 5. swa - Mean Similarity: 0.5377
2025-08-03 07:56:46,355 - INFO - Experiment finished successfully.
