2025-08-03 03:12:42,804 - INFO - Experiment started with model_type=mbert, use_cls=True, use_context=False, context_window=3, use_hybrid=True, max_tokens_per_type=500, output_dir=rq2_train_scripts/Embeddings/MEXA_inspired_strategy/outputs/salt/mbert/config_5_clstrue_ctxfalse_hybtrue/tokens_500_ctx3
2025-08-03 03:12:44,020 - INFO - Processing run
2025-08-03 03:12:47,449 - INFO - Processing bam
2025-08-03 03:12:50,534 - INFO - Processing bbj
2025-08-03 03:12:53,965 - INFO - Processing ewe
2025-08-03 03:12:57,340 - INFO - Processing fon
2025-08-03 03:13:00,786 - INFO - Processing hau
2025-08-03 03:13:04,257 - INFO - Processing ibo
2025-08-03 03:13:07,749 - INFO - Processing kin
2025-08-03 03:13:11,224 - INFO - Processing lug
2025-08-03 03:13:14,634 - INFO - Processing luo
2025-08-03 03:13:18,070 - INFO - Processing mos
2025-08-03 03:13:21,513 - INFO - Processing nya
2025-08-03 03:13:24,955 - INFO - Processing pcm
2025-08-03 03:13:28,340 - INFO - Processing sna
2025-08-03 03:13:31,780 - INFO - Processing swa
2025-08-03 03:13:35,183 - INFO - Processing tsn
2025-08-03 03:13:38,570 - INFO - Processing twi
2025-08-03 03:13:41,991 - INFO - Processing wol
2025-08-03 03:13:45,419 - INFO - Processing xho
2025-08-03 03:13:48,845 - INFO - Processing yor
2025-08-03 03:13:52,399 - INFO - Processing zul
2025-08-03 03:13:56,220 - INFO - Top 5 languages most similar to Runyankore:
2025-08-03 03:13:56,220 - INFO - 1. lug - Mean Similarity: 0.6867
2025-08-03 03:13:56,220 - INFO - 2. twi - Mean Similarity: 0.6535
2025-08-03 03:13:56,220 - INFO - 3. luo - Mean Similarity: 0.6520
2025-08-03 03:13:56,220 - INFO - 4. ibo - Mean Similarity: 0.6389
2025-08-03 03:13:56,220 - INFO - 5. swa - Mean Similarity: 0.6382
2025-08-03 03:13:56,220 - INFO - Experiment finished successfully.
