2025-12-15 10:43:13,444 - INFO - Start: model_type=mbert, use_cls=True, use_context=True, context_window=1, max_tokens_per_type=300, batch_size=64, output_dir=rq2_train_scripts/Embeddings/CLEAN/outputs/combined/mbert/config_3_clstrue_ctxtrue/tokens_300_ctx1/core, save_prototypes=False, seed=42, fp16=True, max_length=96, langs=all, layers=all, span_mode=bio, pool=mean, entity_tags={'ORG', 'DATE', 'PER', 'LOC'}, title_suffix='L=all, tokens=300, ctx=1, cls=true, fp16=true'
2025-12-15 10:43:14,763 - INFO - Processing run
2025-12-15 10:43:15,199 - INFO - Processing bam
2025-12-15 10:43:15,249 - INFO - Processing bbj
2025-12-15 10:43:15,295 - INFO - Processing ewe
2025-12-15 10:43:15,335 - INFO - Processing fon
2025-12-15 10:43:15,390 - INFO - Processing hau
2025-12-15 10:43:15,458 - INFO - Processing ibo
2025-12-15 10:43:15,545 - INFO - Processing kin
2025-12-15 10:43:15,606 - INFO - Processing lug
2025-12-15 10:43:15,652 - INFO - Processing luo
2025-12-15 10:43:15,728 - INFO - Processing mos
2025-12-15 10:43:15,795 - INFO - Processing nya
2025-12-15 10:43:15,861 - INFO - Processing pcm
2025-12-15 10:43:15,909 - INFO - Processing sna
2025-12-15 10:43:15,962 - INFO - Processing swa
2025-12-15 10:43:16,022 - INFO - Processing tsn
2025-12-15 10:43:16,065 - INFO - Processing twi
2025-12-15 10:43:16,126 - INFO - Processing wol
2025-12-15 10:43:16,188 - INFO - Processing xho
2025-12-15 10:43:16,230 - INFO - Processing yor
2025-12-15 10:43:16,315 - INFO - Processing zul
2025-12-15 10:43:16,685 - INFO - === Layer 1 (mbert) — Top 5 (cosine) ===
2025-12-15 10:43:16,685 - INFO - 1. hau: cos=0.9997
2025-12-15 10:43:16,685 - INFO - 2. lug: cos=0.9997
2025-12-15 10:43:16,685 - INFO - 3. xho: cos=0.9996
2025-12-15 10:43:16,685 - INFO - 4. sna: cos=0.9996
2025-12-15 10:43:16,685 - INFO - 5. nya: cos=0.9996
2025-12-15 10:43:16,685 - INFO - === Layer 1 (mbert) — Worst 5 (cosine) ===
2025-12-15 10:43:16,685 - INFO - 1. fon: cos=0.9988
2025-12-15 10:43:16,685 - INFO - 2. pcm: cos=0.9988
2025-12-15 10:43:16,685 - INFO - 3. yor: cos=0.9990
2025-12-15 10:43:16,685 - INFO - 4. ewe: cos=0.9991
2025-12-15 10:43:16,685 - INFO - 5. bbj: cos=0.9991
2025-12-15 10:43:16,803 - INFO - === Layer 2 (mbert) — Top 5 (cosine) ===
2025-12-15 10:43:16,803 - INFO - 1. hau: cos=1.0000
2025-12-15 10:43:16,803 - INFO - 2. lug: cos=0.9999
2025-12-15 10:43:16,803 - INFO - 3. sna: cos=0.9999
2025-12-15 10:43:16,803 - INFO - 4. xho: cos=0.9999
2025-12-15 10:43:16,803 - INFO - 5. nya: cos=0.9999
2025-12-15 10:43:16,803 - INFO - === Layer 2 (mbert) — Worst 5 (cosine) ===
2025-12-15 10:43:16,803 - INFO - 1. fon: cos=0.9998
2025-12-15 10:43:16,804 - INFO - 2. pcm: cos=0.9998
2025-12-15 10:43:16,804 - INFO - 3. yor: cos=0.9998
2025-12-15 10:43:16,804 - INFO - 4. bbj: cos=0.9999
2025-12-15 10:43:16,804 - INFO - 5. ewe: cos=0.9999
2025-12-15 10:43:16,923 - INFO - === Layer 3 (mbert) — Top 5 (cosine) ===
2025-12-15 10:43:16,923 - INFO - 1. hau: cos=1.0000
2025-12-15 10:43:16,923 - INFO - 2. lug: cos=1.0000
2025-12-15 10:43:16,923 - INFO - 3. sna: cos=1.0000
2025-12-15 10:43:16,923 - INFO - 4. zul: cos=1.0000
2025-12-15 10:43:16,923 - INFO - 5. ibo: cos=1.0000
2025-12-15 10:43:16,923 - INFO - === Layer 3 (mbert) — Worst 5 (cosine) ===
2025-12-15 10:43:16,923 - INFO - 1. pcm: cos=0.9999
2025-12-15 10:43:16,923 - INFO - 2. fon: cos=0.9999
2025-12-15 10:43:16,923 - INFO - 3. yor: cos=0.9999
2025-12-15 10:43:16,923 - INFO - 4. bbj: cos=0.9999
2025-12-15 10:43:16,923 - INFO - 5. ewe: cos=0.9999
2025-12-15 10:43:17,042 - INFO - === Layer 4 (mbert) — Top 5 (cosine) ===
2025-12-15 10:43:17,042 - INFO - 1. kin: cos=0.9999
2025-12-15 10:43:17,042 - INFO - 2. hau: cos=0.9999
2025-12-15 10:43:17,042 - INFO - 3. sna: cos=0.9999
2025-12-15 10:43:17,042 - INFO - 4. zul: cos=0.9999
2025-12-15 10:43:17,042 - INFO - 5. ibo: cos=0.9999
2025-12-15 10:43:17,042 - INFO - === Layer 4 (mbert) — Worst 5 (cosine) ===
2025-12-15 10:43:17,042 - INFO - 1. pcm: cos=0.9996
2025-12-15 10:43:17,042 - INFO - 2. ewe: cos=0.9997
2025-12-15 10:43:17,042 - INFO - 3. yor: cos=0.9998
2025-12-15 10:43:17,042 - INFO - 4. bbj: cos=0.9998
2025-12-15 10:43:17,042 - INFO - 5. swa: cos=0.9998
2025-12-15 10:43:17,160 - INFO - === Layer 5 (mbert) — Top 5 (cosine) ===
2025-12-15 10:43:17,160 - INFO - 1. lug: cos=0.9920
2025-12-15 10:43:17,160 - INFO - 2. kin: cos=0.9919
2025-12-15 10:43:17,160 - INFO - 3. luo: cos=0.9916
2025-12-15 10:43:17,160 - INFO - 4. twi: cos=0.9905
2025-12-15 10:43:17,160 - INFO - 5. sna: cos=0.9905
2025-12-15 10:43:17,160 - INFO - === Layer 5 (mbert) — Worst 5 (cosine) ===
2025-12-15 10:43:17,160 - INFO - 1. yor: cos=0.9753
2025-12-15 10:43:17,160 - INFO - 2. bbj: cos=0.9758
2025-12-15 10:43:17,160 - INFO - 3. fon: cos=0.9794
2025-12-15 10:43:17,160 - INFO - 4. pcm: cos=0.9810
2025-12-15 10:43:17,161 - INFO - 5. wol: cos=0.9857
2025-12-15 10:43:17,340 - INFO - === Layer 6 (mbert) — Top 5 (cosine) ===
2025-12-15 10:43:17,340 - INFO - 1. lug: cos=0.9863
2025-12-15 10:43:17,340 - INFO - 2. kin: cos=0.9861
2025-12-15 10:43:17,340 - INFO - 3. sna: cos=0.9837
2025-12-15 10:43:17,340 - INFO - 4. twi: cos=0.9831
2025-12-15 10:43:17,340 - INFO - 5. ibo: cos=0.9824
2025-12-15 10:43:17,340 - INFO - === Layer 6 (mbert) — Worst 5 (cosine) ===
2025-12-15 10:43:17,340 - INFO - 1. yor: cos=0.9590
2025-12-15 10:43:17,340 - INFO - 2. pcm: cos=0.9601
2025-12-15 10:43:17,340 - INFO - 3. bbj: cos=0.9610
2025-12-15 10:43:17,340 - INFO - 4. fon: cos=0.9647
2025-12-15 10:43:17,340 - INFO - 5. tsn: cos=0.9745
2025-12-15 10:43:17,459 - INFO - === Layer 7 (mbert) — Top 5 (cosine) ===
2025-12-15 10:43:17,459 - INFO - 1. sna: cos=0.9853
2025-12-15 10:43:17,459 - INFO - 2. lug: cos=0.9848
2025-12-15 10:43:17,459 - INFO - 3. twi: cos=0.9843
2025-12-15 10:43:17,459 - INFO - 4. kin: cos=0.9832
2025-12-15 10:43:17,459 - INFO - 5. mos: cos=0.9810
2025-12-15 10:43:17,460 - INFO - === Layer 7 (mbert) — Worst 5 (cosine) ===
2025-12-15 10:43:17,460 - INFO - 1. yor: cos=0.9573
2025-12-15 10:43:17,460 - INFO - 2. pcm: cos=0.9587
2025-12-15 10:43:17,460 - INFO - 3. bbj: cos=0.9596
2025-12-15 10:43:17,460 - INFO - 4. tsn: cos=0.9644
2025-12-15 10:43:17,460 - INFO - 5. fon: cos=0.9673
2025-12-15 10:43:17,579 - INFO - === Layer 8 (mbert) — Top 5 (cosine) ===
2025-12-15 10:43:17,579 - INFO - 1. sna: cos=0.9770
2025-12-15 10:43:17,579 - INFO - 2. twi: cos=0.9748
2025-12-15 10:43:17,579 - INFO - 3. lug: cos=0.9742
2025-12-15 10:43:17,579 - INFO - 4. zul: cos=0.9717
2025-12-15 10:43:17,579 - INFO - 5. kin: cos=0.9702
2025-12-15 10:43:17,579 - INFO - === Layer 8 (mbert) — Worst 5 (cosine) ===
2025-12-15 10:43:17,579 - INFO - 1. pcm: cos=0.9378
2025-12-15 10:43:17,579 - INFO - 2. bbj: cos=0.9432
2025-12-15 10:43:17,579 - INFO - 3. yor: cos=0.9446
2025-12-15 10:43:17,579 - INFO - 4. tsn: cos=0.9514
2025-12-15 10:43:17,579 - INFO - 5. fon: cos=0.9515
2025-12-15 10:43:17,700 - INFO - === Layer 9 (mbert) — Top 5 (cosine) ===
2025-12-15 10:43:17,700 - INFO - 1. sna: cos=0.9814
2025-12-15 10:43:17,700 - INFO - 2. lug: cos=0.9774
2025-12-15 10:43:17,700 - INFO - 3. twi: cos=0.9771
2025-12-15 10:43:17,700 - INFO - 4. zul: cos=0.9770
2025-12-15 10:43:17,700 - INFO - 5. hau: cos=0.9760
2025-12-15 10:43:17,700 - INFO - === Layer 9 (mbert) — Worst 5 (cosine) ===
2025-12-15 10:43:17,700 - INFO - 1. pcm: cos=0.9474
2025-12-15 10:43:17,700 - INFO - 2. yor: cos=0.9486
2025-12-15 10:43:17,700 - INFO - 3. bbj: cos=0.9547
2025-12-15 10:43:17,700 - INFO - 4. fon: cos=0.9594
2025-12-15 10:43:17,700 - INFO - 5. tsn: cos=0.9611
2025-12-15 10:43:17,819 - INFO - === Layer 10 (mbert) — Top 5 (cosine) ===
2025-12-15 10:43:17,819 - INFO - 1. lug: cos=0.9873
2025-12-15 10:43:17,819 - INFO - 2. sna: cos=0.9826
2025-12-15 10:43:17,819 - INFO - 3. nya: cos=0.9799
2025-12-15 10:43:17,819 - INFO - 4. twi: cos=0.9781
2025-12-15 10:43:17,819 - INFO - 5. hau: cos=0.9778
2025-12-15 10:43:17,819 - INFO - === Layer 10 (mbert) — Worst 5 (cosine) ===
2025-12-15 10:43:17,819 - INFO - 1. yor: cos=0.9514
2025-12-15 10:43:17,819 - INFO - 2. pcm: cos=0.9539
2025-12-15 10:43:17,819 - INFO - 3. bbj: cos=0.9598
2025-12-15 10:43:17,819 - INFO - 4. tsn: cos=0.9604
2025-12-15 10:43:17,819 - INFO - 5. xho: cos=0.9648
2025-12-15 10:43:17,938 - INFO - === Layer 11 (mbert) — Top 5 (cosine) ===
2025-12-15 10:43:17,939 - INFO - 1. lug: cos=0.9899
2025-12-15 10:43:17,939 - INFO - 2. sna: cos=0.9858
2025-12-15 10:43:17,939 - INFO - 3. nya: cos=0.9848
2025-12-15 10:43:17,939 - INFO - 4. hau: cos=0.9824
2025-12-15 10:43:17,939 - INFO - 5. twi: cos=0.9821
2025-12-15 10:43:17,939 - INFO - === Layer 11 (mbert) — Worst 5 (cosine) ===
2025-12-15 10:43:17,939 - INFO - 1. pcm: cos=0.9557
2025-12-15 10:43:17,939 - INFO - 2. yor: cos=0.9557
2025-12-15 10:43:17,939 - INFO - 3. bbj: cos=0.9617
2025-12-15 10:43:17,939 - INFO - 4. tsn: cos=0.9685
2025-12-15 10:43:17,939 - INFO - 5. bam: cos=0.9698
2025-12-15 10:43:18,057 - INFO - === Layer 12 (mbert) — Top 5 (cosine) ===
2025-12-15 10:43:18,057 - INFO - 1. lug: cos=0.9824
2025-12-15 10:43:18,057 - INFO - 2. sna: cos=0.9824
2025-12-15 10:43:18,057 - INFO - 3. nya: cos=0.9811
2025-12-15 10:43:18,057 - INFO - 4. wol: cos=0.9740
2025-12-15 10:43:18,057 - INFO - 5. hau: cos=0.9737
2025-12-15 10:43:18,057 - INFO - === Layer 12 (mbert) — Worst 5 (cosine) ===
2025-12-15 10:43:18,057 - INFO - 1. bbj: cos=0.8871
2025-12-15 10:43:18,057 - INFO - 2. pcm: cos=0.9345
2025-12-15 10:43:18,057 - INFO - 3. bam: cos=0.9434
2025-12-15 10:43:18,057 - INFO - 4. fon: cos=0.9453
2025-12-15 10:43:18,057 - INFO - 5. yor: cos=0.9474
2025-12-15 10:43:18,058 - INFO - Experiment finished successfully.
