2025-08-27 09:37:24,045 - INFO - Start: model_type=xlmr, use_cls=False, use_context=False, context_window=0, max_tokens_per_type=300, batch_size=64, output_dir=rq2_train_scripts/Embeddings/CLEAN/outputs/combined/xlmr/config_0_clsfalse_ctxfalse/tokens_300_ctx0/core, save_prototypes=False, seed=42, fp16=True, max_length=96, langs=all, layers=all, span_mode=bio, pool=mean, entity_tags={'LOC', 'ORG', 'PER', 'DATE'}, title_suffix='L=all, tokens=300, ctx=0, cls=false, fp16=true'
2025-08-27 09:37:26,031 - INFO - Processing run
2025-08-27 09:37:26,606 - INFO - Processing bam
2025-08-27 09:37:26,893 - INFO - Processing bbj
2025-08-27 09:37:27,212 - INFO - Processing ewe
2025-08-27 09:37:27,423 - INFO - Processing fon
2025-08-27 09:37:27,647 - INFO - Processing hau
2025-08-27 09:37:27,929 - INFO - Processing ibo
2025-08-27 09:37:28,286 - INFO - Processing kin
2025-08-27 09:37:28,591 - INFO - Processing lug
2025-08-27 09:37:28,902 - INFO - Processing luo
2025-08-27 09:37:29,180 - INFO - Processing mos
2025-08-27 09:37:29,463 - INFO - Processing nya
2025-08-27 09:37:29,690 - INFO - Processing pcm
2025-08-27 09:37:29,893 - INFO - Processing sna
2025-08-27 09:37:30,142 - INFO - Processing swa
2025-08-27 09:37:30,415 - INFO - Processing tsn
2025-08-27 09:37:30,730 - INFO - Processing twi
2025-08-27 09:37:30,831 - INFO - Processing wol
2025-08-27 09:37:30,931 - INFO - Processing xho
2025-08-27 09:37:31,021 - INFO - Processing yor
2025-08-27 09:37:31,148 - INFO - Processing zul
2025-08-27 09:37:31,711 - INFO - === Layer 1 (xlmr) — Top 5 (cosine) ===
2025-08-27 09:37:31,711 - INFO - 1. twi: cos=0.9615
2025-08-27 09:37:31,711 - INFO - 2. kin: cos=0.9610
2025-08-27 09:37:31,711 - INFO - 3. tsn: cos=0.9514
2025-08-27 09:37:31,712 - INFO - 4. luo: cos=0.9511
2025-08-27 09:37:31,712 - INFO - 5. nya: cos=0.9507
2025-08-27 09:37:31,712 - INFO - === Layer 1 (xlmr) — Worst 5 (cosine) ===
2025-08-27 09:37:31,712 - INFO - 1. hau: cos=0.8993
2025-08-27 09:37:31,712 - INFO - 2. fon: cos=0.9117
2025-08-27 09:37:31,712 - INFO - 3. yor: cos=0.9178
2025-08-27 09:37:31,712 - INFO - 4. pcm: cos=0.9202
2025-08-27 09:37:31,712 - INFO - 5. mos: cos=0.9217
2025-08-27 09:37:31,845 - INFO - === Layer 2 (xlmr) — Top 5 (cosine) ===
2025-08-27 09:37:31,845 - INFO - 1. kin: cos=0.9846
2025-08-27 09:37:31,845 - INFO - 2. twi: cos=0.9842
2025-08-27 09:37:31,845 - INFO - 3. tsn: cos=0.9796
2025-08-27 09:37:31,845 - INFO - 4. luo: cos=0.9795
2025-08-27 09:37:31,845 - INFO - 5. nya: cos=0.9789
2025-08-27 09:37:31,845 - INFO - === Layer 2 (xlmr) — Worst 5 (cosine) ===
2025-08-27 09:37:31,845 - INFO - 1. hau: cos=0.9561
2025-08-27 09:37:31,845 - INFO - 2. pcm: cos=0.9605
2025-08-27 09:37:31,845 - INFO - 3. fon: cos=0.9641
2025-08-27 09:37:31,845 - INFO - 4. yor: cos=0.9652
2025-08-27 09:37:31,845 - INFO - 5. mos: cos=0.9661
2025-08-27 09:37:31,986 - INFO - === Layer 3 (xlmr) — Top 5 (cosine) ===
2025-08-27 09:37:31,986 - INFO - 1. twi: cos=0.9880
2025-08-27 09:37:31,986 - INFO - 2. kin: cos=0.9875
2025-08-27 09:37:31,986 - INFO - 3. ibo: cos=0.9848
2025-08-27 09:37:31,986 - INFO - 4. tsn: cos=0.9843
2025-08-27 09:37:31,986 - INFO - 5. luo: cos=0.9839
2025-08-27 09:37:31,986 - INFO - === Layer 3 (xlmr) — Worst 5 (cosine) ===
2025-08-27 09:37:31,986 - INFO - 1. hau: cos=0.9661
2025-08-27 09:37:31,986 - INFO - 2. pcm: cos=0.9684
2025-08-27 09:37:31,986 - INFO - 3. swa: cos=0.9704
2025-08-27 09:37:31,986 - INFO - 4. yor: cos=0.9744
2025-08-27 09:37:31,986 - INFO - 5. fon: cos=0.9749
2025-08-27 09:37:32,117 - INFO - === Layer 4 (xlmr) — Top 5 (cosine) ===
2025-08-27 09:37:32,117 - INFO - 1. twi: cos=0.9865
2025-08-27 09:37:32,117 - INFO - 2. kin: cos=0.9863
2025-08-27 09:37:32,117 - INFO - 3. luo: cos=0.9830
2025-08-27 09:37:32,117 - INFO - 4. tsn: cos=0.9826
2025-08-27 09:37:32,117 - INFO - 5. ibo: cos=0.9816
2025-08-27 09:37:32,117 - INFO - === Layer 4 (xlmr) — Worst 5 (cosine) ===
2025-08-27 09:37:32,117 - INFO - 1. hau: cos=0.9646
2025-08-27 09:37:32,117 - INFO - 2. pcm: cos=0.9650
2025-08-27 09:37:32,117 - INFO - 3. swa: cos=0.9682
2025-08-27 09:37:32,117 - INFO - 4. yor: cos=0.9729
2025-08-27 09:37:32,117 - INFO - 5. bam: cos=0.9730
2025-08-27 09:37:32,266 - INFO - === Layer 5 (xlmr) — Top 5 (cosine) ===
2025-08-27 09:37:32,266 - INFO - 1. twi: cos=0.9878
2025-08-27 09:37:32,266 - INFO - 2. kin: cos=0.9869
2025-08-27 09:37:32,266 - INFO - 3. luo: cos=0.9851
2025-08-27 09:37:32,266 - INFO - 4. tsn: cos=0.9845
2025-08-27 09:37:32,266 - INFO - 5. zul: cos=0.9829
2025-08-27 09:37:32,266 - INFO - === Layer 5 (xlmr) — Worst 5 (cosine) ===
2025-08-27 09:37:32,266 - INFO - 1. hau: cos=0.9687
2025-08-27 09:37:32,266 - INFO - 2. pcm: cos=0.9713
2025-08-27 09:37:32,266 - INFO - 3. swa: cos=0.9736
2025-08-27 09:37:32,266 - INFO - 4. bbj: cos=0.9742
2025-08-27 09:37:32,266 - INFO - 5. yor: cos=0.9762
2025-08-27 09:37:32,417 - INFO - === Layer 6 (xlmr) — Top 5 (cosine) ===
2025-08-27 09:37:32,417 - INFO - 1. kin: cos=0.9800
2025-08-27 09:37:32,417 - INFO - 2. twi: cos=0.9783
2025-08-27 09:37:32,417 - INFO - 3. luo: cos=0.9759
2025-08-27 09:37:32,417 - INFO - 4. tsn: cos=0.9742
2025-08-27 09:37:32,417 - INFO - 5. zul: cos=0.9715
2025-08-27 09:37:32,417 - INFO - === Layer 6 (xlmr) — Worst 5 (cosine) ===
2025-08-27 09:37:32,417 - INFO - 1. pcm: cos=0.9468
2025-08-27 09:37:32,417 - INFO - 2. swa: cos=0.9534
2025-08-27 09:37:32,417 - INFO - 3. yor: cos=0.9551
2025-08-27 09:37:32,417 - INFO - 4. hau: cos=0.9583
2025-08-27 09:37:32,417 - INFO - 5. bbj: cos=0.9587
2025-08-27 09:37:32,547 - INFO - === Layer 7 (xlmr) — Top 5 (cosine) ===
2025-08-27 09:37:32,547 - INFO - 1. twi: cos=0.9882
2025-08-27 09:37:32,547 - INFO - 2. kin: cos=0.9853
2025-08-27 09:37:32,547 - INFO - 3. ewe: cos=0.9843
2025-08-27 09:37:32,547 - INFO - 4. lug: cos=0.9829
2025-08-27 09:37:32,547 - INFO - 5. tsn: cos=0.9825
2025-08-27 09:37:32,547 - INFO - === Layer 7 (xlmr) — Worst 5 (cosine) ===
2025-08-27 09:37:32,547 - INFO - 1. yor: cos=0.9651
2025-08-27 09:37:32,547 - INFO - 2. xho: cos=0.9720
2025-08-27 09:37:32,547 - INFO - 3. bbj: cos=0.9734
2025-08-27 09:37:32,547 - INFO - 4. bam: cos=0.9737
2025-08-27 09:37:32,547 - INFO - 5. sna: cos=0.9743
2025-08-27 09:37:32,686 - INFO - === Layer 8 (xlmr) — Top 5 (cosine) ===
2025-08-27 09:37:32,686 - INFO - 1. nya: cos=0.9842
2025-08-27 09:37:32,686 - INFO - 2. twi: cos=0.9824
2025-08-27 09:37:32,686 - INFO - 3. mos: cos=0.9821
2025-08-27 09:37:32,686 - INFO - 4. ewe: cos=0.9812
2025-08-27 09:37:32,686 - INFO - 5. fon: cos=0.9812
2025-08-27 09:37:32,686 - INFO - === Layer 8 (xlmr) — Worst 5 (cosine) ===
2025-08-27 09:37:32,686 - INFO - 1. yor: cos=0.9660
2025-08-27 09:37:32,686 - INFO - 2. hau: cos=0.9681
2025-08-27 09:37:32,686 - INFO - 3. xho: cos=0.9723
2025-08-27 09:37:32,686 - INFO - 4. bam: cos=0.9742
2025-08-27 09:37:32,686 - INFO - 5. sna: cos=0.9747
2025-08-27 09:37:32,880 - INFO - === Layer 9 (xlmr) — Top 5 (cosine) ===
2025-08-27 09:37:32,880 - INFO - 1. twi: cos=0.9842
2025-08-27 09:37:32,880 - INFO - 2. mos: cos=0.9834
2025-08-27 09:37:32,880 - INFO - 3. nya: cos=0.9830
2025-08-27 09:37:32,880 - INFO - 4. fon: cos=0.9830
2025-08-27 09:37:32,880 - INFO - 5. kin: cos=0.9826
2025-08-27 09:37:32,880 - INFO - === Layer 9 (xlmr) — Worst 5 (cosine) ===
2025-08-27 09:37:32,880 - INFO - 1. yor: cos=0.9608
2025-08-27 09:37:32,880 - INFO - 2. hau: cos=0.9679
2025-08-27 09:37:32,881 - INFO - 3. bam: cos=0.9747
2025-08-27 09:37:32,881 - INFO - 4. swa: cos=0.9756
2025-08-27 09:37:32,881 - INFO - 5. xho: cos=0.9756
2025-08-27 09:37:33,003 - INFO - === Layer 10 (xlmr) — Top 5 (cosine) ===
2025-08-27 09:37:33,003 - INFO - 1. twi: cos=0.9841
2025-08-27 09:37:33,003 - INFO - 2. nya: cos=0.9829
2025-08-27 09:37:33,003 - INFO - 3. mos: cos=0.9826
2025-08-27 09:37:33,003 - INFO - 4. fon: cos=0.9823
2025-08-27 09:37:33,003 - INFO - 5. kin: cos=0.9819
2025-08-27 09:37:33,003 - INFO - === Layer 10 (xlmr) — Worst 5 (cosine) ===
2025-08-27 09:37:33,003 - INFO - 1. yor: cos=0.9600
2025-08-27 09:37:33,003 - INFO - 2. bam: cos=0.9625
2025-08-27 09:37:33,003 - INFO - 3. hau: cos=0.9702
2025-08-27 09:37:33,003 - INFO - 4. ibo: cos=0.9722
2025-08-27 09:37:33,003 - INFO - 5. xho: cos=0.9727
2025-08-27 09:37:33,143 - INFO - === Layer 11 (xlmr) — Top 5 (cosine) ===
2025-08-27 09:37:33,143 - INFO - 1. ewe: cos=0.9873
2025-08-27 09:37:33,143 - INFO - 2. twi: cos=0.9855
2025-08-27 09:37:33,143 - INFO - 3. nya: cos=0.9849
2025-08-27 09:37:33,143 - INFO - 4. kin: cos=0.9831
2025-08-27 09:37:33,143 - INFO - 5. fon: cos=0.9822
2025-08-27 09:37:33,143 - INFO - === Layer 11 (xlmr) — Worst 5 (cosine) ===
2025-08-27 09:37:33,143 - INFO - 1. yor: cos=0.9652
2025-08-27 09:37:33,143 - INFO - 2. bam: cos=0.9714
2025-08-27 09:37:33,143 - INFO - 3. xho: cos=0.9718
2025-08-27 09:37:33,143 - INFO - 4. ibo: cos=0.9721
2025-08-27 09:37:33,143 - INFO - 5. hau: cos=0.9738
2025-08-27 09:37:33,283 - INFO - === Layer 12 (xlmr) — Top 5 (cosine) ===
2025-08-27 09:37:33,283 - INFO - 1. ewe: cos=0.9988
2025-08-27 09:37:33,283 - INFO - 2. mos: cos=0.9987
2025-08-27 09:37:33,283 - INFO - 3. twi: cos=0.9986
2025-08-27 09:37:33,283 - INFO - 4. nya: cos=0.9985
2025-08-27 09:37:33,283 - INFO - 5. kin: cos=0.9985
2025-08-27 09:37:33,283 - INFO - === Layer 12 (xlmr) — Worst 5 (cosine) ===
2025-08-27 09:37:33,283 - INFO - 1. yor: cos=0.9967
2025-08-27 09:37:33,283 - INFO - 2. lug: cos=0.9972
2025-08-27 09:37:33,283 - INFO - 3. bam: cos=0.9973
2025-08-27 09:37:33,283 - INFO - 4. hau: cos=0.9974
2025-08-27 09:37:33,283 - INFO - 5. bbj: cos=0.9976
2025-08-27 09:37:33,284 - INFO - Experiment finished successfully.
