2025-08-27 17:55:43,969 - INFO - Start: model_type=xlmr, use_cls=False, use_context=True, context_window=3, max_tokens_per_type=500, batch_size=64, output_dir=rq2_train_scripts/Embeddings/CLEAN/outputs/combined/xlmr/config_2_clsfalse_ctxtrue/tokens_500_ctx3/core, save_prototypes=False, seed=42, fp16=True, max_length=96, langs=all, layers=all, span_mode=bio, pool=mean, entity_tags={'LOC', 'DATE', 'ORG', 'PER'}, title_suffix='L=all, tokens=500, ctx=3, cls=false, fp16=true'
2025-08-27 17:55:45,901 - INFO - Processing run
2025-08-27 17:55:46,415 - INFO - Processing bam
2025-08-27 17:55:46,568 - INFO - Processing bbj
2025-08-27 17:55:46,744 - INFO - Processing ewe
2025-08-27 17:55:46,882 - INFO - Processing fon
2025-08-27 17:55:47,041 - INFO - Processing hau
2025-08-27 17:55:47,204 - INFO - Processing ibo
2025-08-27 17:55:47,396 - INFO - Processing kin
2025-08-27 17:55:47,557 - INFO - Processing lug
2025-08-27 17:55:47,721 - INFO - Processing luo
2025-08-27 17:55:47,881 - INFO - Processing mos
2025-08-27 17:55:48,074 - INFO - Processing nya
2025-08-27 17:55:48,231 - INFO - Processing pcm
2025-08-27 17:55:48,371 - INFO - Processing sna
2025-08-27 17:55:48,568 - INFO - Processing swa
2025-08-27 17:55:48,757 - INFO - Processing tsn
2025-08-27 17:55:48,946 - INFO - Processing twi
2025-08-27 17:55:49,145 - INFO - Processing wol
2025-08-27 17:55:49,332 - INFO - Processing xho
2025-08-27 17:55:49,536 - INFO - Processing yor
2025-08-27 17:55:49,748 - INFO - Processing zul
2025-08-27 17:55:50,333 - INFO - === Layer 1 (xlmr) — Top 5 (cosine) ===
2025-08-27 17:55:50,334 - INFO - 1. kin: cos=0.9363
2025-08-27 17:55:50,334 - INFO - 2. twi: cos=0.9263
2025-08-27 17:55:50,334 - INFO - 3. ibo: cos=0.9210
2025-08-27 17:55:50,334 - INFO - 4. luo: cos=0.9143
2025-08-27 17:55:50,334 - INFO - 5. lug: cos=0.9130
2025-08-27 17:55:50,334 - INFO - === Layer 1 (xlmr) — Worst 5 (cosine) ===
2025-08-27 17:55:50,334 - INFO - 1. hau: cos=0.8531
2025-08-27 17:55:50,334 - INFO - 2. yor: cos=0.8538
2025-08-27 17:55:50,334 - INFO - 3. fon: cos=0.8543
2025-08-27 17:55:50,334 - INFO - 4. bbj: cos=0.8566
2025-08-27 17:55:50,334 - INFO - 5. pcm: cos=0.8571
2025-08-27 17:55:50,464 - INFO - === Layer 2 (xlmr) — Top 5 (cosine) ===
2025-08-27 17:55:50,464 - INFO - 1. kin: cos=0.9742
2025-08-27 17:55:50,464 - INFO - 2. twi: cos=0.9701
2025-08-27 17:55:50,464 - INFO - 3. ibo: cos=0.9682
2025-08-27 17:55:50,464 - INFO - 4. luo: cos=0.9666
2025-08-27 17:55:50,464 - INFO - 5. sna: cos=0.9663
2025-08-27 17:55:50,464 - INFO - === Layer 2 (xlmr) — Worst 5 (cosine) ===
2025-08-27 17:55:50,464 - INFO - 1. pcm: cos=0.9375
2025-08-27 17:55:50,464 - INFO - 2. hau: cos=0.9411
2025-08-27 17:55:50,464 - INFO - 3. yor: cos=0.9415
2025-08-27 17:55:50,464 - INFO - 4. swa: cos=0.9428
2025-08-27 17:55:50,464 - INFO - 5. fon: cos=0.9435
2025-08-27 17:55:50,587 - INFO - === Layer 3 (xlmr) — Top 5 (cosine) ===
2025-08-27 17:55:50,587 - INFO - 1. kin: cos=0.9825
2025-08-27 17:55:50,587 - INFO - 2. twi: cos=0.9800
2025-08-27 17:55:50,587 - INFO - 3. sna: cos=0.9776
2025-08-27 17:55:50,587 - INFO - 4. luo: cos=0.9774
2025-08-27 17:55:50,587 - INFO - 5. nya: cos=0.9764
2025-08-27 17:55:50,587 - INFO - === Layer 3 (xlmr) — Worst 5 (cosine) ===
2025-08-27 17:55:50,587 - INFO - 1. pcm: cos=0.9570
2025-08-27 17:55:50,587 - INFO - 2. hau: cos=0.9583
2025-08-27 17:55:50,587 - INFO - 3. swa: cos=0.9596
2025-08-27 17:55:50,587 - INFO - 4. yor: cos=0.9632
2025-08-27 17:55:50,587 - INFO - 5. bbj: cos=0.9638
2025-08-27 17:55:50,712 - INFO - === Layer 4 (xlmr) — Top 5 (cosine) ===
2025-08-27 17:55:50,712 - INFO - 1. kin: cos=0.9822
2025-08-27 17:55:50,712 - INFO - 2. twi: cos=0.9814
2025-08-27 17:55:50,712 - INFO - 3. luo: cos=0.9776
2025-08-27 17:55:50,712 - INFO - 4. sna: cos=0.9766
2025-08-27 17:55:50,712 - INFO - 5. nya: cos=0.9760
2025-08-27 17:55:50,712 - INFO - === Layer 4 (xlmr) — Worst 5 (cosine) ===
2025-08-27 17:55:50,712 - INFO - 1. pcm: cos=0.9523
2025-08-27 17:55:50,712 - INFO - 2. swa: cos=0.9545
2025-08-27 17:55:50,712 - INFO - 3. hau: cos=0.9552
2025-08-27 17:55:50,712 - INFO - 4. bbj: cos=0.9614
2025-08-27 17:55:50,712 - INFO - 5. yor: cos=0.9621
2025-08-27 17:55:50,844 - INFO - === Layer 5 (xlmr) — Top 5 (cosine) ===
2025-08-27 17:55:50,844 - INFO - 1. kin: cos=0.9828
2025-08-27 17:55:50,844 - INFO - 2. twi: cos=0.9819
2025-08-27 17:55:50,844 - INFO - 3. luo: cos=0.9794
2025-08-27 17:55:50,844 - INFO - 4. sna: cos=0.9787
2025-08-27 17:55:50,844 - INFO - 5. nya: cos=0.9773
2025-08-27 17:55:50,844 - INFO - === Layer 5 (xlmr) — Worst 5 (cosine) ===
2025-08-27 17:55:50,844 - INFO - 1. pcm: cos=0.9532
2025-08-27 17:55:50,844 - INFO - 2. swa: cos=0.9533
2025-08-27 17:55:50,844 - INFO - 3. hau: cos=0.9572
2025-08-27 17:55:50,844 - INFO - 4. bbj: cos=0.9609
2025-08-27 17:55:50,845 - INFO - 5. yor: cos=0.9616
2025-08-27 17:55:50,990 - INFO - === Layer 6 (xlmr) — Top 5 (cosine) ===
2025-08-27 17:55:50,990 - INFO - 1. kin: cos=0.9816
2025-08-27 17:55:50,990 - INFO - 2. twi: cos=0.9795
2025-08-27 17:55:50,990 - INFO - 3. luo: cos=0.9772
2025-08-27 17:55:50,990 - INFO - 4. nya: cos=0.9760
2025-08-27 17:55:50,990 - INFO - 5. sna: cos=0.9749
2025-08-27 17:55:50,990 - INFO - === Layer 6 (xlmr) — Worst 5 (cosine) ===
2025-08-27 17:55:50,990 - INFO - 1. swa: cos=0.9451
2025-08-27 17:55:50,990 - INFO - 2. pcm: cos=0.9477
2025-08-27 17:55:50,990 - INFO - 3. hau: cos=0.9525
2025-08-27 17:55:50,990 - INFO - 4. bbj: cos=0.9538
2025-08-27 17:55:50,990 - INFO - 5. yor: cos=0.9575
2025-08-27 17:55:51,125 - INFO - === Layer 7 (xlmr) — Top 5 (cosine) ===
2025-08-27 17:55:51,126 - INFO - 1. kin: cos=0.9850
2025-08-27 17:55:51,126 - INFO - 2. twi: cos=0.9835
2025-08-27 17:55:51,126 - INFO - 3. nya: cos=0.9803
2025-08-27 17:55:51,126 - INFO - 4. luo: cos=0.9801
2025-08-27 17:55:51,126 - INFO - 5. sna: cos=0.9798
2025-08-27 17:55:51,126 - INFO - === Layer 7 (xlmr) — Worst 5 (cosine) ===
2025-08-27 17:55:51,126 - INFO - 1. swa: cos=0.9547
2025-08-27 17:55:51,126 - INFO - 2. pcm: cos=0.9572
2025-08-27 17:55:51,126 - INFO - 3. hau: cos=0.9611
2025-08-27 17:55:51,126 - INFO - 4. bbj: cos=0.9638
2025-08-27 17:55:51,126 - INFO - 5. yor: cos=0.9664
2025-08-27 17:55:51,327 - INFO - === Layer 8 (xlmr) — Top 5 (cosine) ===
2025-08-27 17:55:51,327 - INFO - 1. kin: cos=0.9845
2025-08-27 17:55:51,327 - INFO - 2. twi: cos=0.9831
2025-08-27 17:55:51,327 - INFO - 3. sna: cos=0.9803
2025-08-27 17:55:51,327 - INFO - 4. nya: cos=0.9802
2025-08-27 17:55:51,327 - INFO - 5. luo: cos=0.9801
2025-08-27 17:55:51,327 - INFO - === Layer 8 (xlmr) — Worst 5 (cosine) ===
2025-08-27 17:55:51,327 - INFO - 1. swa: cos=0.9505
2025-08-27 17:55:51,327 - INFO - 2. pcm: cos=0.9527
2025-08-27 17:55:51,327 - INFO - 3. hau: cos=0.9578
2025-08-27 17:55:51,327 - INFO - 4. bbj: cos=0.9616
2025-08-27 17:55:51,327 - INFO - 5. yor: cos=0.9655
2025-08-27 17:55:51,458 - INFO - === Layer 9 (xlmr) — Top 5 (cosine) ===
2025-08-27 17:55:51,458 - INFO - 1. twi: cos=0.9844
2025-08-27 17:55:51,458 - INFO - 2. kin: cos=0.9835
2025-08-27 17:55:51,458 - INFO - 3. luo: cos=0.9808
2025-08-27 17:55:51,458 - INFO - 4. sna: cos=0.9804
2025-08-27 17:55:51,458 - INFO - 5. zul: cos=0.9792
2025-08-27 17:55:51,458 - INFO - === Layer 9 (xlmr) — Worst 5 (cosine) ===
2025-08-27 17:55:51,458 - INFO - 1. swa: cos=0.9542
2025-08-27 17:55:51,458 - INFO - 2. pcm: cos=0.9548
2025-08-27 17:55:51,458 - INFO - 3. hau: cos=0.9628
2025-08-27 17:55:51,458 - INFO - 4. bbj: cos=0.9632
2025-08-27 17:55:51,458 - INFO - 5. yor: cos=0.9680
2025-08-27 17:55:51,587 - INFO - === Layer 10 (xlmr) — Top 5 (cosine) ===
2025-08-27 17:55:51,587 - INFO - 1. twi: cos=0.9851
2025-08-27 17:55:51,587 - INFO - 2. kin: cos=0.9840
2025-08-27 17:55:51,587 - INFO - 3. lug: cos=0.9811
2025-08-27 17:55:51,587 - INFO - 4. luo: cos=0.9810
2025-08-27 17:55:51,587 - INFO - 5. nya: cos=0.9809
2025-08-27 17:55:51,587 - INFO - === Layer 10 (xlmr) — Worst 5 (cosine) ===
2025-08-27 17:55:51,587 - INFO - 1. xho: cos=0.9615
2025-08-27 17:55:51,587 - INFO - 2. bbj: cos=0.9625
2025-08-27 17:55:51,587 - INFO - 3. swa: cos=0.9651
2025-08-27 17:55:51,587 - INFO - 4. hau: cos=0.9662
2025-08-27 17:55:51,587 - INFO - 5. yor: cos=0.9678
2025-08-27 17:55:51,717 - INFO - === Layer 11 (xlmr) — Top 5 (cosine) ===
2025-08-27 17:55:51,717 - INFO - 1. kin: cos=0.9871
2025-08-27 17:55:51,717 - INFO - 2. twi: cos=0.9860
2025-08-27 17:55:51,717 - INFO - 3. luo: cos=0.9852
2025-08-27 17:55:51,717 - INFO - 4. nya: cos=0.9847
2025-08-27 17:55:51,717 - INFO - 5. lug: cos=0.9840
2025-08-27 17:55:51,717 - INFO - === Layer 11 (xlmr) — Worst 5 (cosine) ===
2025-08-27 17:55:51,717 - INFO - 1. bbj: cos=0.9632
2025-08-27 17:55:51,717 - INFO - 2. xho: cos=0.9699
2025-08-27 17:55:51,717 - INFO - 3. bam: cos=0.9707
2025-08-27 17:55:51,717 - INFO - 4. yor: cos=0.9708
2025-08-27 17:55:51,717 - INFO - 5. hau: cos=0.9713
2025-08-27 17:55:51,843 - INFO - === Layer 12 (xlmr) — Top 5 (cosine) ===
2025-08-27 17:55:51,843 - INFO - 1. kin: cos=0.9989
2025-08-27 17:55:51,843 - INFO - 2. luo: cos=0.9989
2025-08-27 17:55:51,843 - INFO - 3. nya: cos=0.9988
2025-08-27 17:55:51,843 - INFO - 4. twi: cos=0.9987
2025-08-27 17:55:51,843 - INFO - 5. sna: cos=0.9984
2025-08-27 17:55:51,843 - INFO - === Layer 12 (xlmr) — Worst 5 (cosine) ===
2025-08-27 17:55:51,843 - INFO - 1. bbj: cos=0.9963
2025-08-27 17:55:51,843 - INFO - 2. hau: cos=0.9969
2025-08-27 17:55:51,843 - INFO - 3. swa: cos=0.9971
2025-08-27 17:55:51,843 - INFO - 4. bam: cos=0.9972
2025-08-27 17:55:51,843 - INFO - 5. yor: cos=0.9973
2025-08-27 17:55:51,844 - INFO - Experiment finished successfully.
