2025-08-24 11:08:06,935 - INFO - Start: model_type=xlmr, run_both=False, use_cls=False, use_context=True, context_window=1, max_tokens_per_type=300, batch_size=32, seed=1, num_middle_layers=3, output_dir=rq2_train_scripts/Embeddings/EXTENDED/outputs/mptc_extended/xlmr/config_2_clsfalse_ctxtrue_hybfalse/tokens_300_ctx1
2025-08-24 11:08:07,490 - INFO - xlmr: selected layer indices (hidden_states) = [2, 3, 10, 12]
2025-08-24 11:08:09,179 - INFO - Processing run
2025-08-24 11:08:13,134 - INFO - Processing bam
2025-08-24 11:08:17,853 - INFO - Processing bbj
2025-08-24 11:08:22,594 - INFO - Processing ewe
2025-08-24 11:08:27,380 - INFO - Processing fon
2025-08-24 11:08:32,192 - INFO - Processing hau
2025-08-24 11:08:36,995 - INFO - Processing ibo
2025-08-24 11:08:41,779 - INFO - Processing kin
2025-08-24 11:08:46,645 - INFO - Processing lug
2025-08-24 11:08:51,569 - INFO - Processing luo
2025-08-24 11:08:56,447 - INFO - Processing mos
2025-08-24 11:09:01,224 - INFO - Processing nya
2025-08-24 11:09:05,929 - INFO - Processing pcm
2025-08-24 11:09:10,815 - INFO - Processing sna
2025-08-24 11:09:15,578 - INFO - Processing swa
2025-08-24 11:09:20,412 - INFO - Processing tsn
2025-08-24 11:09:25,287 - INFO - Processing twi
2025-08-24 11:09:30,032 - INFO - Processing wol
2025-08-24 11:09:34,241 - INFO - Processing xho
2025-08-24 11:09:38,878 - INFO - Processing yor
2025-08-24 11:09:43,032 - INFO - Processing zul
2025-08-24 11:09:48,134 - INFO - Layer 2 (xlmr) — Top 5
2025-08-24 11:09:48,134 - INFO - 1. luo: r=0.9538
2025-08-24 11:09:48,134 - INFO - 2. twi: r=0.9520
2025-08-24 11:09:48,134 - INFO - 3. kin: r=0.9500
2025-08-24 11:09:48,134 - INFO - 4. sna: r=0.9496
2025-08-24 11:09:48,134 - INFO - 5. ewe: r=0.9495
2025-08-24 11:09:48,134 - INFO - Layer 2 (xlmr) — Worst 5
2025-08-24 11:09:48,134 - INFO - 1. fon: r=0.9321
2025-08-24 11:09:48,134 - INFO - 2. hau: r=0.9327
2025-08-24 11:09:48,134 - INFO - 3. bam: r=0.9352
2025-08-24 11:09:48,134 - INFO - 4. bbj: r=0.9354
2025-08-24 11:09:48,134 - INFO - 5. yor: r=0.9379
2025-08-24 11:09:48,252 - INFO - Layer 3 (xlmr) — Top 5
2025-08-24 11:09:48,252 - INFO - 1. luo: r=0.9664
2025-08-24 11:09:48,252 - INFO - 2. twi: r=0.9659
2025-08-24 11:09:48,252 - INFO - 3. kin: r=0.9644
2025-08-24 11:09:48,252 - INFO - 4. sna: r=0.9632
2025-08-24 11:09:48,252 - INFO - 5. lug: r=0.9631
2025-08-24 11:09:48,252 - INFO - Layer 3 (xlmr) — Worst 5
2025-08-24 11:09:48,252 - INFO - 1. fon: r=0.9502
2025-08-24 11:09:48,252 - INFO - 2. hau: r=0.9515
2025-08-24 11:09:48,252 - INFO - 3. bam: r=0.9521
2025-08-24 11:09:48,252 - INFO - 4. bbj: r=0.9534
2025-08-24 11:09:48,252 - INFO - 5. pcm: r=0.9556
2025-08-24 11:09:48,369 - INFO - Layer 10 (xlmr) — Top 5
2025-08-24 11:09:48,369 - INFO - 1. twi: r=0.9669
2025-08-24 11:09:48,369 - INFO - 2. sna: r=0.9644
2025-08-24 11:09:48,369 - INFO - 3. nya: r=0.9644
2025-08-24 11:09:48,369 - INFO - 4. luo: r=0.9635
2025-08-24 11:09:48,369 - INFO - 5. kin: r=0.9634
2025-08-24 11:09:48,369 - INFO - Layer 10 (xlmr) — Worst 5
2025-08-24 11:09:48,369 - INFO - 1. bbj: r=0.9496
2025-08-24 11:09:48,369 - INFO - 2. fon: r=0.9510
2025-08-24 11:09:48,369 - INFO - 3. pcm: r=0.9525
2025-08-24 11:09:48,369 - INFO - 4. hau: r=0.9526
2025-08-24 11:09:48,369 - INFO - 5. bam: r=0.9544
2025-08-24 11:09:48,486 - INFO - Layer 12 (xlmr) — Top 5
2025-08-24 11:09:48,486 - INFO - 1. sna: r=0.9973
2025-08-24 11:09:48,486 - INFO - 2. twi: r=0.9972
2025-08-24 11:09:48,486 - INFO - 3. luo: r=0.9971
2025-08-24 11:09:48,486 - INFO - 4. nya: r=0.9970
2025-08-24 11:09:48,486 - INFO - 5. kin: r=0.9970
2025-08-24 11:09:48,486 - INFO - Layer 12 (xlmr) — Worst 5
2025-08-24 11:09:48,486 - INFO - 1. fon: r=0.9955
2025-08-24 11:09:48,486 - INFO - 2. bbj: r=0.9957
2025-08-24 11:09:48,486 - INFO - 3. yor: r=0.9960
2025-08-24 11:09:48,486 - INFO - 4. hau: r=0.9961
2025-08-24 11:09:48,486 - INFO - 5. bam: r=0.9962
2025-08-24 11:09:48,487 - INFO - Experiment finished successfully.
