2025-08-02 20:10:13,851 - INFO - Experiment started with model_type=xlmr, use_cls=False, use_context=False, context_window=1, use_hybrid=True, max_tokens_per_type=300, output_dir=rq2_train_scripts/Embeddings/MEXA_inspired_strategy/outputs/combined/xlmr/config_3_clsfalse_ctxfalse_hybtrue/tokens_300_ctx1
2025-08-02 20:10:15,590 - INFO - Processing run
2025-08-02 20:10:18,713 - INFO - Processing bam
2025-08-02 20:10:21,366 - INFO - Processing bbj
2025-08-02 20:10:24,060 - INFO - Processing ewe
2025-08-02 20:10:26,734 - INFO - Processing fon
2025-08-02 20:10:29,425 - INFO - Processing hau
2025-08-02 20:10:32,128 - INFO - Processing ibo
2025-08-02 20:10:34,881 - INFO - Processing kin
2025-08-02 20:10:37,572 - INFO - Processing lug
2025-08-02 20:10:40,215 - INFO - Processing luo
2025-08-02 20:10:42,888 - INFO - Processing mos
2025-08-02 20:10:45,574 - INFO - Processing nya
2025-08-02 20:10:48,261 - INFO - Processing pcm
2025-08-02 20:10:50,938 - INFO - Processing sna
2025-08-02 20:10:53,630 - INFO - Processing swa
2025-08-02 20:10:56,283 - INFO - Processing tsn
2025-08-02 20:10:58,932 - INFO - Processing twi
2025-08-02 20:11:01,597 - INFO - Processing wol
2025-08-02 20:11:04,277 - INFO - Processing xho
2025-08-02 20:11:06,949 - INFO - Processing yor
2025-08-02 20:11:09,675 - INFO - Processing zul
2025-08-02 20:11:12,853 - INFO - Top 5 languages most similar to Runyankore:
2025-08-02 20:11:12,853 - INFO - 1. lug - Mean Similarity: 0.8293
2025-08-02 20:11:12,853 - INFO - 2. kin - Mean Similarity: 0.8122
2025-08-02 20:11:12,853 - INFO - 3. luo - Mean Similarity: 0.8094
2025-08-02 20:11:12,853 - INFO - 4. ibo - Mean Similarity: 0.8042
2025-08-02 20:11:12,853 - INFO - 5. twi - Mean Similarity: 0.8024
2025-08-02 20:11:12,853 - INFO - Experiment finished successfully.
