2025-08-24 11:38:06,424 - INFO - Start: model_type=mbert, run_both=False, use_cls=False, use_context=True, context_window=1, max_tokens_per_type=300, batch_size=32, seed=1, num_middle_layers=3, output_dir=rq2_train_scripts/Embeddings/EXTENDED/outputs/salt_extended/mbert/config_2_clsfalse_ctxtrue_hybfalse/tokens_300_ctx1
2025-08-24 11:38:06,968 - INFO - mbert: selected layer indices (hidden_states) = [2, 3, 10, 12]
2025-08-24 11:38:07,899 - INFO - Processing run
2025-08-24 11:38:08,539 - INFO - Processing bam
2025-08-24 11:38:08,803 - INFO - Processing bbj
2025-08-24 11:38:08,996 - INFO - Processing ewe
2025-08-24 11:38:09,184 - INFO - Processing fon
2025-08-24 11:38:09,443 - INFO - Processing hau
2025-08-24 11:38:09,717 - INFO - Processing ibo
2025-08-24 11:38:10,001 - INFO - Processing kin
2025-08-24 11:38:10,256 - INFO - Processing lug
2025-08-24 11:38:10,443 - INFO - Processing luo
2025-08-24 11:38:10,557 - INFO - Processing mos
2025-08-24 11:38:10,687 - INFO - Processing nya
2025-08-24 11:38:10,817 - INFO - Processing pcm
2025-08-24 11:38:10,967 - INFO - Processing sna
2025-08-24 11:38:11,094 - INFO - Processing swa
2025-08-24 11:38:11,244 - INFO - Processing tsn
2025-08-24 11:38:11,345 - INFO - Processing twi
2025-08-24 11:38:11,459 - INFO - Processing wol
2025-08-24 11:38:11,593 - INFO - Processing xho
2025-08-24 11:38:11,870 - INFO - Processing yor
2025-08-24 11:38:12,172 - INFO - Processing zul
2025-08-24 11:38:12,625 - INFO - Layer 2 (mbert) — Top 5
2025-08-24 11:38:12,625 - INFO - 1. lug: r=0.9022
2025-08-24 11:38:12,625 - INFO - 2. kin: r=0.8994
2025-08-24 11:38:12,625 - INFO - 3. luo: r=0.8928
2025-08-24 11:38:12,625 - INFO - 4. twi: r=0.8924
2025-08-24 11:38:12,625 - INFO - 5. ibo: r=0.8772
2025-08-24 11:38:12,625 - INFO - Layer 2 (mbert) — Worst 5
2025-08-24 11:38:12,625 - INFO - 1. bbj: r=0.6990
2025-08-24 11:38:12,625 - INFO - 2. yor: r=0.7234
2025-08-24 11:38:12,625 - INFO - 3. fon: r=0.7772
2025-08-24 11:38:12,625 - INFO - 4. bam: r=0.8034
2025-08-24 11:38:12,625 - INFO - 5. pcm: r=0.8121
2025-08-24 11:38:12,743 - INFO - Layer 3 (mbert) — Top 5
2025-08-24 11:38:12,744 - INFO - 1. kin: r=0.9435
2025-08-24 11:38:12,744 - INFO - 2. lug: r=0.9416
2025-08-24 11:38:12,744 - INFO - 3. luo: r=0.9361
2025-08-24 11:38:12,744 - INFO - 4. twi: r=0.9359
2025-08-24 11:38:12,744 - INFO - 5. nya: r=0.9297
2025-08-24 11:38:12,744 - INFO - Layer 3 (mbert) — Worst 5
2025-08-24 11:38:12,744 - INFO - 1. bbj: r=0.8142
2025-08-24 11:38:12,744 - INFO - 2. yor: r=0.8328
2025-08-24 11:38:12,744 - INFO - 3. fon: r=0.8603
2025-08-24 11:38:12,744 - INFO - 4. pcm: r=0.8821
2025-08-24 11:38:12,744 - INFO - 5. bam: r=0.8837
2025-08-24 11:38:12,869 - INFO - Layer 10 (mbert) — Top 5
2025-08-24 11:38:12,869 - INFO - 1. kin: r=0.9830
2025-08-24 11:38:12,869 - INFO - 2. lug: r=0.9817
2025-08-24 11:38:12,869 - INFO - 3. nya: r=0.9791
2025-08-24 11:38:12,869 - INFO - 4. twi: r=0.9785
2025-08-24 11:38:12,869 - INFO - 5. sna: r=0.9784
2025-08-24 11:38:12,869 - INFO - Layer 10 (mbert) — Worst 5
2025-08-24 11:38:12,869 - INFO - 1. bbj: r=0.9364
2025-08-24 11:38:12,869 - INFO - 2. yor: r=0.9448
2025-08-24 11:38:12,869 - INFO - 3. fon: r=0.9470
2025-08-24 11:38:12,869 - INFO - 4. pcm: r=0.9549
2025-08-24 11:38:12,869 - INFO - 5. ewe: r=0.9566
2025-08-24 11:38:12,990 - INFO - Layer 12 (mbert) — Top 5
2025-08-24 11:38:12,990 - INFO - 1. lug: r=0.9254
2025-08-24 11:38:12,990 - INFO - 2. kin: r=0.9154
2025-08-24 11:38:12,990 - INFO - 3. nya: r=0.9051
2025-08-24 11:38:12,990 - INFO - 4. sna: r=0.8932
2025-08-24 11:38:12,990 - INFO - 5. twi: r=0.8880
2025-08-24 11:38:12,990 - INFO - Layer 12 (mbert) — Worst 5
2025-08-24 11:38:12,990 - INFO - 1. bbj: r=0.7285
2025-08-24 11:38:12,990 - INFO - 2. yor: r=0.7292
2025-08-24 11:38:12,990 - INFO - 3. fon: r=0.7712
2025-08-24 11:38:12,990 - INFO - 4. pcm: r=0.7903
2025-08-24 11:38:12,990 - INFO - 5. mos: r=0.8094
2025-08-24 11:38:12,991 - INFO - Experiment finished successfully.
