2025-08-02 23:07:35,505 - INFO - Experiment started with model_type=mbert, use_cls=True, use_context=False, context_window=2, use_hybrid=True, max_tokens_per_type=500, output_dir=rq2_train_scripts/Embeddings/MEXA_inspired_strategy/outputs/combined/mbert/config_5_clstrue_ctxfalse_hybtrue/tokens_500_ctx2
2025-08-02 23:07:36,689 - INFO - Processing run
2025-08-02 23:07:40,420 - INFO - Processing bam
2025-08-02 23:07:43,756 - INFO - Processing bbj
2025-08-02 23:07:47,472 - INFO - Processing ewe
2025-08-02 23:07:51,148 - INFO - Processing fon
2025-08-02 23:07:54,892 - INFO - Processing hau
2025-08-02 23:07:58,629 - INFO - Processing ibo
2025-08-02 23:08:02,341 - INFO - Processing kin
2025-08-02 23:08:06,060 - INFO - Processing lug
2025-08-02 23:08:09,736 - INFO - Processing luo
2025-08-02 23:08:13,445 - INFO - Processing mos
2025-08-02 23:08:17,159 - INFO - Processing nya
2025-08-02 23:08:20,980 - INFO - Processing pcm
2025-08-02 23:08:24,693 - INFO - Processing sna
2025-08-02 23:08:28,437 - INFO - Processing swa
2025-08-02 23:08:32,130 - INFO - Processing tsn
2025-08-02 23:08:35,801 - INFO - Processing twi
2025-08-02 23:08:39,489 - INFO - Processing wol
2025-08-02 23:08:43,209 - INFO - Processing xho
2025-08-02 23:08:46,922 - INFO - Processing yor
2025-08-02 23:08:50,684 - INFO - Processing zul
2025-08-02 23:08:54,832 - INFO - Top 5 languages most similar to Runyankore:
2025-08-02 23:08:54,832 - INFO - 1. lug - Mean Similarity: 0.6860
2025-08-02 23:08:54,832 - INFO - 2. twi - Mean Similarity: 0.6533
2025-08-02 23:08:54,832 - INFO - 3. luo - Mean Similarity: 0.6517
2025-08-02 23:08:54,832 - INFO - 4. ibo - Mean Similarity: 0.6385
2025-08-02 23:08:54,832 - INFO - 5. swa - Mean Similarity: 0.6381
2025-08-02 23:08:54,832 - INFO - Experiment finished successfully.
