2025-08-24 11:48:35,637 - INFO - Start: model_type=mbert, run_both=False, use_cls=False, use_context=False, context_window=3, max_tokens_per_type=400, batch_size=32, seed=1, num_middle_layers=3, output_dir=rq2_train_scripts/Embeddings/EXTENDED/outputs/mptc_extended/mbert/config_3_clsfalse_ctxfalse_hybtrue/tokens_400_ctx3
2025-08-24 11:48:36,173 - INFO - mbert: selected layer indices (hidden_states) = [2, 3, 10, 12]
2025-08-24 11:48:37,008 - INFO - Processing run
2025-08-24 11:48:37,731 - INFO - Processing bam
2025-08-24 11:48:38,200 - INFO - Processing bbj
2025-08-24 11:48:38,496 - INFO - Processing ewe
2025-08-24 11:48:39,131 - INFO - Processing fon
2025-08-24 11:48:39,538 - INFO - Processing hau
2025-08-24 11:48:39,944 - INFO - Processing ibo
2025-08-24 11:48:40,376 - INFO - Processing kin
2025-08-24 11:48:40,842 - INFO - Processing lug
2025-08-24 11:48:41,333 - INFO - Processing luo
2025-08-24 11:48:41,791 - INFO - Processing mos
2025-08-24 11:48:42,118 - INFO - Processing nya
2025-08-24 11:48:42,463 - INFO - Processing pcm
2025-08-24 11:48:43,033 - INFO - Processing sna
2025-08-24 11:48:43,744 - INFO - Processing swa
2025-08-24 11:48:44,448 - INFO - Processing tsn
2025-08-24 11:48:45,101 - INFO - Processing twi
2025-08-24 11:48:45,802 - INFO - Processing wol
2025-08-24 11:48:46,519 - INFO - Processing xho
2025-08-24 11:48:47,228 - INFO - Processing yor
2025-08-24 11:48:47,897 - INFO - Processing zul
2025-08-24 11:48:48,828 - INFO - Layer 2 (mbert) — Top 5
2025-08-24 11:48:48,829 - INFO - 1. twi: r=0.8849
2025-08-24 11:48:48,829 - INFO - 2. luo: r=0.8832
2025-08-24 11:48:48,829 - INFO - 3. kin: r=0.8798
2025-08-24 11:48:48,829 - INFO - 4. ibo: r=0.8793
2025-08-24 11:48:48,829 - INFO - 5. lug: r=0.8764
2025-08-24 11:48:48,829 - INFO - Layer 2 (mbert) — Worst 5
2025-08-24 11:48:48,829 - INFO - 1. bbj: r=0.7279
2025-08-24 11:48:48,829 - INFO - 2. yor: r=0.7489
2025-08-24 11:48:48,829 - INFO - 3. fon: r=0.7967
2025-08-24 11:48:48,829 - INFO - 4. bam: r=0.8169
2025-08-24 11:48:48,829 - INFO - 5. mos: r=0.8253
2025-08-24 11:48:48,944 - INFO - Layer 3 (mbert) — Top 5
2025-08-24 11:48:48,944 - INFO - 1. kin: r=0.9220
2025-08-24 11:48:48,944 - INFO - 2. twi: r=0.9219
2025-08-24 11:48:48,944 - INFO - 3. ibo: r=0.9184
2025-08-24 11:48:48,944 - INFO - 4. luo: r=0.9182
2025-08-24 11:48:48,945 - INFO - 5. swa: r=0.9174
2025-08-24 11:48:48,945 - INFO - Layer 3 (mbert) — Worst 5
2025-08-24 11:48:48,945 - INFO - 1. bbj: r=0.8183
2025-08-24 11:48:48,945 - INFO - 2. yor: r=0.8326
2025-08-24 11:48:48,945 - INFO - 3. fon: r=0.8651
2025-08-24 11:48:48,945 - INFO - 4. bam: r=0.8813
2025-08-24 11:48:48,945 - INFO - 5. mos: r=0.8844
2025-08-24 11:48:49,063 - INFO - Layer 10 (mbert) — Top 5
2025-08-24 11:48:49,063 - INFO - 1. kin: r=0.9774
2025-08-24 11:48:49,063 - INFO - 2. twi: r=0.9773
2025-08-24 11:48:49,063 - INFO - 3. swa: r=0.9758
2025-08-24 11:48:49,063 - INFO - 4. luo: r=0.9757
2025-08-24 11:48:49,063 - INFO - 5. ibo: r=0.9747
2025-08-24 11:48:49,063 - INFO - Layer 10 (mbert) — Worst 5
2025-08-24 11:48:49,063 - INFO - 1. bbj: r=0.9433
2025-08-24 11:48:49,063 - INFO - 2. yor: r=0.9439
2025-08-24 11:48:49,063 - INFO - 3. mos: r=0.9583
2025-08-24 11:48:49,063 - INFO - 4. fon: r=0.9601
2025-08-24 11:48:49,063 - INFO - 5. pcm: r=0.9611
2025-08-24 11:48:49,242 - INFO - Layer 12 (mbert) — Top 5
2025-08-24 11:48:49,242 - INFO - 1. kin: r=0.8968
2025-08-24 11:48:49,242 - INFO - 2. twi: r=0.8919
2025-08-24 11:48:49,242 - INFO - 3. luo: r=0.8900
2025-08-24 11:48:49,242 - INFO - 4. lug: r=0.8878
2025-08-24 11:48:49,242 - INFO - 5. swa: r=0.8843
2025-08-24 11:48:49,242 - INFO - Layer 12 (mbert) — Worst 5
2025-08-24 11:48:49,242 - INFO - 1. yor: r=0.7691
2025-08-24 11:48:49,242 - INFO - 2. bbj: r=0.7744
2025-08-24 11:48:49,242 - INFO - 3. pcm: r=0.8315
2025-08-24 11:48:49,242 - INFO - 4. mos: r=0.8318
2025-08-24 11:48:49,242 - INFO - 5. fon: r=0.8381
2025-08-24 11:48:49,243 - INFO - Experiment finished successfully.
