2025-08-02 16:27:49,085 - INFO - Experiment started with model_type=xlmr, use_cls=False, use_context=False, context_window=0, use_hybrid=True, max_tokens_per_type=200, output_dir=rq2_train_scripts/Embeddings/MEXA_inspired_strategy/outputs/salt/xlmr/config_3_clsfalse_ctxfalse_hybtrue/tokens_200_ctx0
2025-08-02 16:27:50,856 - INFO - Processing run
2025-08-02 16:27:57,284 - INFO - Processing bam
2025-08-02 16:28:02,850 - INFO - Processing bbj
2025-08-02 16:28:08,214 - INFO - Processing ewe
2025-08-02 16:28:14,109 - INFO - Processing fon
2025-08-02 16:28:19,718 - INFO - Processing hau
2025-08-02 16:28:25,183 - INFO - Processing ibo
2025-08-02 16:28:31,075 - INFO - Processing kin
2025-08-02 16:28:37,193 - INFO - Processing lug
2025-08-02 16:28:42,879 - INFO - Processing luo
2025-08-02 16:28:48,219 - INFO - Processing mos
2025-08-02 16:28:53,829 - INFO - Processing nya
2025-08-02 16:28:59,123 - INFO - Processing pcm
2025-08-02 16:29:04,604 - INFO - Processing sna
2025-08-02 16:29:10,342 - INFO - Processing swa
2025-08-02 16:29:16,275 - INFO - Processing tsn
2025-08-02 16:29:22,382 - INFO - Processing twi
2025-08-02 16:29:27,895 - INFO - Processing wol
2025-08-02 16:29:33,270 - INFO - Processing xho
2025-08-02 16:29:39,200 - INFO - Processing yor
2025-08-02 16:29:44,762 - INFO - Processing zul
2025-08-02 16:29:50,610 - INFO - Top 5 languages most similar to Runyankore:
2025-08-02 16:29:50,610 - INFO - 1. lug - Mean Similarity: 0.8234
2025-08-02 16:29:50,610 - INFO - 2. kin - Mean Similarity: 0.8123
2025-08-02 16:29:50,610 - INFO - 3. luo - Mean Similarity: 0.8096
2025-08-02 16:29:50,610 - INFO - 4. ibo - Mean Similarity: 0.8055
2025-08-02 16:29:50,610 - INFO - 5. twi - Mean Similarity: 0.8024
2025-08-02 16:29:50,610 - INFO - Experiment finished successfully.
