2025-08-27 09:47:04,118 - INFO - Start: model_type=xlmr, use_cls=True, use_context=False, context_window=0, max_tokens_per_type=200, batch_size=64, output_dir=rq2_train_scripts/Embeddings/CLEAN/outputs/combined/xlmr/config_1_clstrue_ctxfalse/tokens_200_ctx0/core, save_prototypes=False, seed=42, fp16=True, max_length=96, langs=all, layers=all, span_mode=bio, pool=mean, entity_tags={'DATE', 'PER', 'LOC', 'ORG'}, title_suffix='L=all, tokens=200, ctx=0, cls=true, fp16=true'
2025-08-27 09:47:06,059 - INFO - Processing run
2025-08-27 09:47:06,460 - INFO - Processing bam
2025-08-27 09:47:06,500 - INFO - Processing bbj
2025-08-27 09:47:06,542 - INFO - Processing ewe
2025-08-27 09:47:06,597 - INFO - Processing fon
2025-08-27 09:47:06,644 - INFO - Processing hau
2025-08-27 09:47:06,695 - INFO - Processing ibo
2025-08-27 09:47:06,769 - INFO - Processing kin
2025-08-27 09:47:06,827 - INFO - Processing lug
2025-08-27 09:47:06,869 - INFO - Processing luo
2025-08-27 09:47:06,919 - INFO - Processing mos
2025-08-27 09:47:06,966 - INFO - Processing nya
2025-08-27 09:47:07,020 - INFO - Processing pcm
2025-08-27 09:47:07,065 - INFO - Processing sna
2025-08-27 09:47:07,113 - INFO - Processing swa
2025-08-27 09:47:07,180 - INFO - Processing tsn
2025-08-27 09:47:07,218 - INFO - Processing twi
2025-08-27 09:47:07,262 - INFO - Processing wol
2025-08-27 09:47:07,308 - INFO - Processing xho
2025-08-27 09:47:07,353 - INFO - Processing yor
2025-08-27 09:47:07,427 - INFO - Processing zul
2025-08-27 09:47:07,897 - INFO - === Layer 1 (xlmr) — Top 5 (cosine) ===
2025-08-27 09:47:07,897 - INFO - 1. twi: cos=0.9999
2025-08-27 09:47:07,897 - INFO - 2. luo: cos=0.9999
2025-08-27 09:47:07,897 - INFO - 3. kin: cos=0.9999
2025-08-27 09:47:07,897 - INFO - 4. ewe: cos=0.9998
2025-08-27 09:47:07,897 - INFO - 5. ibo: cos=0.9998
2025-08-27 09:47:07,897 - INFO - === Layer 1 (xlmr) — Worst 5 (cosine) ===
2025-08-27 09:47:07,897 - INFO - 1. hau: cos=0.9992
2025-08-27 09:47:07,897 - INFO - 2. pcm: cos=0.9994
2025-08-27 09:47:07,897 - INFO - 3. bbj: cos=0.9995
2025-08-27 09:47:07,897 - INFO - 4. bam: cos=0.9996
2025-08-27 09:47:07,897 - INFO - 5. swa: cos=0.9996
2025-08-27 09:47:08,025 - INFO - === Layer 2 (xlmr) — Top 5 (cosine) ===
2025-08-27 09:47:08,025 - INFO - 1. kin: cos=1.0000
2025-08-27 09:47:08,025 - INFO - 2. twi: cos=1.0000
2025-08-27 09:47:08,025 - INFO - 3. luo: cos=1.0000
2025-08-27 09:47:08,025 - INFO - 4. zul: cos=1.0000
2025-08-27 09:47:08,025 - INFO - 5. ewe: cos=1.0000
2025-08-27 09:47:08,025 - INFO - === Layer 2 (xlmr) — Worst 5 (cosine) ===
2025-08-27 09:47:08,025 - INFO - 1. pcm: cos=0.9999
2025-08-27 09:47:08,025 - INFO - 2. hau: cos=0.9999
2025-08-27 09:47:08,025 - INFO - 3. swa: cos=0.9999
2025-08-27 09:47:08,025 - INFO - 4. bbj: cos=0.9999
2025-08-27 09:47:08,025 - INFO - 5. xho: cos=0.9999
2025-08-27 09:47:08,153 - INFO - === Layer 3 (xlmr) — Top 5 (cosine) ===
2025-08-27 09:47:08,153 - INFO - 1. kin: cos=1.0000
2025-08-27 09:47:08,153 - INFO - 2. twi: cos=1.0000
2025-08-27 09:47:08,153 - INFO - 3. luo: cos=1.0000
2025-08-27 09:47:08,153 - INFO - 4. lug: cos=1.0000
2025-08-27 09:47:08,153 - INFO - 5. zul: cos=1.0000
2025-08-27 09:47:08,153 - INFO - === Layer 3 (xlmr) — Worst 5 (cosine) ===
2025-08-27 09:47:08,153 - INFO - 1. pcm: cos=1.0000
2025-08-27 09:47:08,153 - INFO - 2. swa: cos=1.0000
2025-08-27 09:47:08,153 - INFO - 3. yor: cos=1.0000
2025-08-27 09:47:08,153 - INFO - 4. xho: cos=1.0000
2025-08-27 09:47:08,153 - INFO - 5. sna: cos=1.0000
2025-08-27 09:47:08,280 - INFO - === Layer 4 (xlmr) — Top 5 (cosine) ===
2025-08-27 09:47:08,280 - INFO - 1. kin: cos=1.0000
2025-08-27 09:47:08,280 - INFO - 2. twi: cos=1.0000
2025-08-27 09:47:08,280 - INFO - 3. tsn: cos=1.0000
2025-08-27 09:47:08,280 - INFO - 4. bbj: cos=1.0000
2025-08-27 09:47:08,280 - INFO - 5. zul: cos=1.0000
2025-08-27 09:47:08,280 - INFO - === Layer 4 (xlmr) — Worst 5 (cosine) ===
2025-08-27 09:47:08,280 - INFO - 1. pcm: cos=1.0000
2025-08-27 09:47:08,280 - INFO - 2. yor: cos=1.0000
2025-08-27 09:47:08,280 - INFO - 3. hau: cos=1.0000
2025-08-27 09:47:08,281 - INFO - 4. bam: cos=1.0000
2025-08-27 09:47:08,281 - INFO - 5. nya: cos=1.0000
2025-08-27 09:47:08,408 - INFO - === Layer 5 (xlmr) — Top 5 (cosine) ===
2025-08-27 09:47:08,408 - INFO - 1. mos: cos=1.0000
2025-08-27 09:47:08,408 - INFO - 2. ewe: cos=1.0000
2025-08-27 09:47:08,408 - INFO - 3. bbj: cos=1.0000
2025-08-27 09:47:08,408 - INFO - 4. twi: cos=1.0000
2025-08-27 09:47:08,408 - INFO - 5. zul: cos=1.0000
2025-08-27 09:47:08,408 - INFO - === Layer 5 (xlmr) — Worst 5 (cosine) ===
2025-08-27 09:47:08,408 - INFO - 1. yor: cos=1.0000
2025-08-27 09:47:08,408 - INFO - 2. hau: cos=1.0000
2025-08-27 09:47:08,408 - INFO - 3. pcm: cos=1.0000
2025-08-27 09:47:08,408 - INFO - 4. swa: cos=1.0000
2025-08-27 09:47:08,408 - INFO - 5. kin: cos=1.0000
2025-08-27 09:47:08,536 - INFO - === Layer 6 (xlmr) — Top 5 (cosine) ===
2025-08-27 09:47:08,536 - INFO - 1. mos: cos=1.0000
2025-08-27 09:47:08,536 - INFO - 2. nya: cos=1.0000
2025-08-27 09:47:08,536 - INFO - 3. bbj: cos=1.0000
2025-08-27 09:47:08,536 - INFO - 4. twi: cos=1.0000
2025-08-27 09:47:08,536 - INFO - 5. ewe: cos=1.0000
2025-08-27 09:47:08,536 - INFO - === Layer 6 (xlmr) — Worst 5 (cosine) ===
2025-08-27 09:47:08,536 - INFO - 1. yor: cos=1.0000
2025-08-27 09:47:08,536 - INFO - 2. hau: cos=1.0000
2025-08-27 09:47:08,536 - INFO - 3. luo: cos=1.0000
2025-08-27 09:47:08,536 - INFO - 4. swa: cos=1.0000
2025-08-27 09:47:08,536 - INFO - 5. pcm: cos=1.0000
2025-08-27 09:47:08,666 - INFO - === Layer 7 (xlmr) — Top 5 (cosine) ===
2025-08-27 09:47:08,666 - INFO - 1. lug: cos=1.0000
2025-08-27 09:47:08,666 - INFO - 2. twi: cos=1.0000
2025-08-27 09:47:08,666 - INFO - 3. bbj: cos=1.0000
2025-08-27 09:47:08,666 - INFO - 4. swa: cos=1.0000
2025-08-27 09:47:08,666 - INFO - 5. ibo: cos=1.0000
2025-08-27 09:47:08,666 - INFO - === Layer 7 (xlmr) — Worst 5 (cosine) ===
2025-08-27 09:47:08,667 - INFO - 1. luo: cos=1.0000
2025-08-27 09:47:08,667 - INFO - 2. pcm: cos=1.0000
2025-08-27 09:47:08,667 - INFO - 3. tsn: cos=1.0000
2025-08-27 09:47:08,667 - INFO - 4. hau: cos=1.0000
2025-08-27 09:47:08,667 - INFO - 5. sna: cos=1.0000
2025-08-27 09:47:08,859 - INFO - === Layer 8 (xlmr) — Top 5 (cosine) ===
2025-08-27 09:47:08,859 - INFO - 1. zul: cos=1.0000
2025-08-27 09:47:08,859 - INFO - 2. ewe: cos=1.0000
2025-08-27 09:47:08,860 - INFO - 3. tsn: cos=1.0000
2025-08-27 09:47:08,860 - INFO - 4. lug: cos=1.0000
2025-08-27 09:47:08,860 - INFO - 5. nya: cos=1.0000
2025-08-27 09:47:08,860 - INFO - === Layer 8 (xlmr) — Worst 5 (cosine) ===
2025-08-27 09:47:08,860 - INFO - 1. pcm: cos=0.9998
2025-08-27 09:47:08,860 - INFO - 2. bbj: cos=0.9999
2025-08-27 09:47:08,860 - INFO - 3. fon: cos=0.9999
2025-08-27 09:47:08,860 - INFO - 4. ibo: cos=0.9999
2025-08-27 09:47:08,860 - INFO - 5. hau: cos=0.9999
2025-08-27 09:47:08,985 - INFO - === Layer 9 (xlmr) — Top 5 (cosine) ===
2025-08-27 09:47:08,986 - INFO - 1. zul: cos=1.0000
2025-08-27 09:47:08,986 - INFO - 2. ewe: cos=1.0000
2025-08-27 09:47:08,986 - INFO - 3. bam: cos=1.0000
2025-08-27 09:47:08,986 - INFO - 4. lug: cos=1.0000
2025-08-27 09:47:08,986 - INFO - 5. wol: cos=1.0000
2025-08-27 09:47:08,986 - INFO - === Layer 9 (xlmr) — Worst 5 (cosine) ===
2025-08-27 09:47:08,986 - INFO - 1. pcm: cos=0.9999
2025-08-27 09:47:08,986 - INFO - 2. ibo: cos=1.0000
2025-08-27 09:47:08,986 - INFO - 3. hau: cos=1.0000
2025-08-27 09:47:08,986 - INFO - 4. luo: cos=1.0000
2025-08-27 09:47:08,986 - INFO - 5. sna: cos=1.0000
2025-08-27 09:47:09,112 - INFO - === Layer 10 (xlmr) — Top 5 (cosine) ===
2025-08-27 09:47:09,112 - INFO - 1. swa: cos=1.0000
2025-08-27 09:47:09,112 - INFO - 2. ewe: cos=1.0000
2025-08-27 09:47:09,112 - INFO - 3. zul: cos=1.0000
2025-08-27 09:47:09,112 - INFO - 4. hau: cos=1.0000
2025-08-27 09:47:09,112 - INFO - 5. tsn: cos=1.0000
2025-08-27 09:47:09,113 - INFO - === Layer 10 (xlmr) — Worst 5 (cosine) ===
2025-08-27 09:47:09,113 - INFO - 1. bam: cos=0.9999
2025-08-27 09:47:09,113 - INFO - 2. pcm: cos=1.0000
2025-08-27 09:47:09,113 - INFO - 3. ibo: cos=1.0000
2025-08-27 09:47:09,113 - INFO - 4. yor: cos=1.0000
2025-08-27 09:47:09,113 - INFO - 5. fon: cos=1.0000
2025-08-27 09:47:09,242 - INFO - === Layer 11 (xlmr) — Top 5 (cosine) ===
2025-08-27 09:47:09,243 - INFO - 1. nya: cos=1.0000
2025-08-27 09:47:09,243 - INFO - 2. hau: cos=1.0000
2025-08-27 09:47:09,243 - INFO - 3. zul: cos=1.0000
2025-08-27 09:47:09,243 - INFO - 4. pcm: cos=1.0000
2025-08-27 09:47:09,243 - INFO - 5. yor: cos=1.0000
2025-08-27 09:47:09,243 - INFO - === Layer 11 (xlmr) — Worst 5 (cosine) ===
2025-08-27 09:47:09,243 - INFO - 1. kin: cos=0.9998
2025-08-27 09:47:09,243 - INFO - 2. luo: cos=0.9998
2025-08-27 09:47:09,243 - INFO - 3. mos: cos=0.9999
2025-08-27 09:47:09,243 - INFO - 4. bam: cos=0.9999
2025-08-27 09:47:09,243 - INFO - 5. lug: cos=0.9999
2025-08-27 09:47:09,373 - INFO - === Layer 12 (xlmr) — Top 5 (cosine) ===
2025-08-27 09:47:09,374 - INFO - 1. nya: cos=0.9999
2025-08-27 09:47:09,374 - INFO - 2. wol: cos=0.9999
2025-08-27 09:47:09,374 - INFO - 3. tsn: cos=0.9998
2025-08-27 09:47:09,374 - INFO - 4. ewe: cos=0.9998
2025-08-27 09:47:09,374 - INFO - 5. fon: cos=0.9998
2025-08-27 09:47:09,374 - INFO - === Layer 12 (xlmr) — Worst 5 (cosine) ===
2025-08-27 09:47:09,374 - INFO - 1. hau: cos=0.9676
2025-08-27 09:47:09,374 - INFO - 2. bam: cos=0.9970
2025-08-27 09:47:09,374 - INFO - 3. twi: cos=0.9984
2025-08-27 09:47:09,374 - INFO - 4. pcm: cos=0.9995
2025-08-27 09:47:09,374 - INFO - 5. kin: cos=0.9996
2025-08-27 09:47:09,375 - INFO - Experiment finished successfully.
