2025-08-24 11:54:01,197 - INFO - Start: model_type=mbert, run_both=False, use_cls=False, use_context=True, context_window=2, max_tokens_per_type=400, batch_size=32, seed=1, num_middle_layers=3, output_dir=rq2_train_scripts/Embeddings/EXTENDED/outputs/combined_extended/mbert/config_6_clsfalse_ctxtrue_hybtrue/tokens_400_ctx2
2025-08-24 11:54:01,730 - INFO - mbert: selected layer indices (hidden_states) = [2, 3, 10, 12]
2025-08-24 11:54:02,588 - INFO - Processing run
2025-08-24 11:54:03,118 - INFO - Processing bam
2025-08-24 11:54:03,275 - INFO - Processing bbj
2025-08-24 11:54:03,413 - INFO - Processing ewe
2025-08-24 11:54:03,551 - INFO - Processing fon
2025-08-24 11:54:03,712 - INFO - Processing hau
2025-08-24 11:54:03,868 - INFO - Processing ibo
2025-08-24 11:54:04,085 - INFO - Processing kin
2025-08-24 11:54:04,249 - INFO - Processing lug
2025-08-24 11:54:04,398 - INFO - Processing luo
2025-08-24 11:54:04,550 - INFO - Processing mos
2025-08-24 11:54:04,693 - INFO - Processing nya
2025-08-24 11:54:04,853 - INFO - Processing pcm
2025-08-24 11:54:05,046 - INFO - Processing sna
2025-08-24 11:54:05,215 - INFO - Processing swa
2025-08-24 11:54:05,391 - INFO - Processing tsn
2025-08-24 11:54:05,543 - INFO - Processing twi
2025-08-24 11:54:05,719 - INFO - Processing wol
2025-08-24 11:54:05,877 - INFO - Processing xho
2025-08-24 11:54:06,058 - INFO - Processing yor
2025-08-24 11:54:06,265 - INFO - Processing zul
2025-08-24 11:54:06,673 - INFO - Layer 2 (mbert) — Top 5
2025-08-24 11:54:06,674 - INFO - 1. lug: r=0.9012
2025-08-24 11:54:06,674 - INFO - 2. kin: r=0.8935
2025-08-24 11:54:06,674 - INFO - 3. twi: r=0.8846
2025-08-24 11:54:06,674 - INFO - 4. ibo: r=0.8778
2025-08-24 11:54:06,674 - INFO - 5. luo: r=0.8778
2025-08-24 11:54:06,674 - INFO - Layer 2 (mbert) — Worst 5
2025-08-24 11:54:06,674 - INFO - 1. bbj: r=0.6813
2025-08-24 11:54:06,674 - INFO - 2. yor: r=0.7090
2025-08-24 11:54:06,674 - INFO - 3. fon: r=0.7828
2025-08-24 11:54:06,674 - INFO - 4. pcm: r=0.7861
2025-08-24 11:54:06,674 - INFO - 5. bam: r=0.7908
2025-08-24 11:54:06,790 - INFO - Layer 3 (mbert) — Top 5
2025-08-24 11:54:06,791 - INFO - 1. lug: r=0.9396
2025-08-24 11:54:06,791 - INFO - 2. kin: r=0.9377
2025-08-24 11:54:06,791 - INFO - 3. twi: r=0.9292
2025-08-24 11:54:06,791 - INFO - 4. sna: r=0.9272
2025-08-24 11:54:06,791 - INFO - 5. luo: r=0.9253
2025-08-24 11:54:06,791 - INFO - Layer 3 (mbert) — Worst 5
2025-08-24 11:54:06,791 - INFO - 1. bbj: r=0.7980
2025-08-24 11:54:06,791 - INFO - 2. yor: r=0.8218
2025-08-24 11:54:06,791 - INFO - 3. fon: r=0.8620
2025-08-24 11:54:06,791 - INFO - 4. pcm: r=0.8624
2025-08-24 11:54:06,791 - INFO - 5. bam: r=0.8774
2025-08-24 11:54:06,909 - INFO - Layer 10 (mbert) — Top 5
2025-08-24 11:54:06,909 - INFO - 1. kin: r=0.9800
2025-08-24 11:54:06,909 - INFO - 2. lug: r=0.9795
2025-08-24 11:54:06,909 - INFO - 3. sna: r=0.9758
2025-08-24 11:54:06,909 - INFO - 4. twi: r=0.9757
2025-08-24 11:54:06,909 - INFO - 5. luo: r=0.9745
2025-08-24 11:54:06,909 - INFO - Layer 10 (mbert) — Worst 5
2025-08-24 11:54:06,909 - INFO - 1. bbj: r=0.9296
2025-08-24 11:54:06,909 - INFO - 2. yor: r=0.9381
2025-08-24 11:54:06,909 - INFO - 3. fon: r=0.9453
2025-08-24 11:54:06,909 - INFO - 4. pcm: r=0.9523
2025-08-24 11:54:06,909 - INFO - 5. ewe: r=0.9593
2025-08-24 11:54:07,026 - INFO - Layer 12 (mbert) — Top 5
2025-08-24 11:54:07,026 - INFO - 1. lug: r=0.9322
2025-08-24 11:54:07,026 - INFO - 2. kin: r=0.9172
2025-08-24 11:54:07,026 - INFO - 3. nya: r=0.8975
2025-08-24 11:54:07,026 - INFO - 4. sna: r=0.8935
2025-08-24 11:54:07,026 - INFO - 5. luo: r=0.8867
2025-08-24 11:54:07,026 - INFO - Layer 12 (mbert) — Worst 5
2025-08-24 11:54:07,026 - INFO - 1. bbj: r=0.7161
2025-08-24 11:54:07,026 - INFO - 2. yor: r=0.7163
2025-08-24 11:54:07,026 - INFO - 3. fon: r=0.7533
2025-08-24 11:54:07,027 - INFO - 4. pcm: r=0.7964
2025-08-24 11:54:07,027 - INFO - 5. mos: r=0.8059
2025-08-24 11:54:07,027 - INFO - Experiment finished successfully.
