2025-08-03 07:59:47,443 - INFO - Experiment started with model_type=mbert, use_cls=False, use_context=False, context_window=2, use_hybrid=True, max_tokens_per_type=200, output_dir=rq2_train_scripts/Embeddings/MEXA_inspired_strategy/outputs/mptc/mbert/config_3_clsfalse_ctxfalse_hybtrue/tokens_200_ctx2
2025-08-03 07:59:48,472 - INFO - Processing run
2025-08-03 07:59:49,711 - INFO - Processing bam
2025-08-03 07:59:51,109 - INFO - Processing bbj
2025-08-03 07:59:52,489 - INFO - Processing ewe
2025-08-03 07:59:53,869 - INFO - Processing fon
2025-08-03 07:59:55,284 - INFO - Processing hau
2025-08-03 07:59:56,715 - INFO - Processing ibo
2025-08-03 07:59:58,159 - INFO - Processing kin
2025-08-03 07:59:59,568 - INFO - Processing lug
2025-08-03 08:00:00,953 - INFO - Processing luo
2025-08-03 08:00:02,364 - INFO - Processing mos
2025-08-03 08:00:03,769 - INFO - Processing nya
2025-08-03 08:00:05,186 - INFO - Processing pcm
2025-08-03 08:00:06,587 - INFO - Processing sna
2025-08-03 08:00:08,004 - INFO - Processing swa
2025-08-03 08:00:09,401 - INFO - Processing tsn
2025-08-03 08:00:10,780 - INFO - Processing twi
2025-08-03 08:00:12,166 - INFO - Processing wol
2025-08-03 08:00:13,573 - INFO - Processing xho
2025-08-03 08:00:14,963 - INFO - Processing yor
2025-08-03 08:00:16,399 - INFO - Processing zul
2025-08-03 08:00:18,230 - INFO - Top 5 languages most similar to Runyankore:
2025-08-03 08:00:18,230 - INFO - 1. kin - Mean Similarity: 0.5502
2025-08-03 08:00:18,230 - INFO - 2. lug - Mean Similarity: 0.5458
2025-08-03 08:00:18,231 - INFO - 3. luo - Mean Similarity: 0.5447
2025-08-03 08:00:18,231 - INFO - 4. ibo - Mean Similarity: 0.5380
2025-08-03 08:00:18,231 - INFO - 5. swa - Mean Similarity: 0.5377
2025-08-03 08:00:18,231 - INFO - Experiment finished successfully.
