2025-08-02 17:25:37,409 - INFO - Experiment started with model_type=xlmr, use_cls=True, use_context=True, context_window=0, use_hybrid=False, max_tokens_per_type=300, output_dir=rq2_train_scripts/Embeddings/MEXA_inspired_strategy/outputs/salt/xlmr/config_4_clstrue_ctxtrue_hybfalse/tokens_300_ctx0
2025-08-02 17:25:39,177 - INFO - Processing run
2025-08-02 17:25:48,516 - INFO - Processing bam
2025-08-02 17:25:56,623 - INFO - Processing bbj
2025-08-02 17:26:04,699 - INFO - Processing ewe
2025-08-02 17:26:12,864 - INFO - Processing fon
2025-08-02 17:26:20,897 - INFO - Processing hau
2025-08-02 17:26:29,719 - INFO - Processing ibo
2025-08-02 17:26:37,755 - INFO - Processing kin
2025-08-02 17:26:45,989 - INFO - Processing lug
2025-08-02 17:26:54,451 - INFO - Processing luo
2025-08-02 17:27:02,426 - INFO - Processing mos
2025-08-02 17:27:10,546 - INFO - Processing nya
2025-08-02 17:27:19,098 - INFO - Processing pcm
2025-08-02 17:27:28,057 - INFO - Processing sna
2025-08-02 17:27:37,007 - INFO - Processing swa
2025-08-02 17:27:45,052 - INFO - Processing tsn
2025-08-02 17:27:53,290 - INFO - Processing twi
2025-08-02 17:28:01,844 - INFO - Processing wol
2025-08-02 17:28:09,927 - INFO - Processing xho
2025-08-02 17:28:18,227 - INFO - Processing yor
2025-08-02 17:28:26,709 - INFO - Processing zul
2025-08-02 17:28:35,258 - INFO - Top 5 languages most similar to Runyankore:
2025-08-02 17:28:35,258 - INFO - 1. lug - Mean Similarity: 1.0000
2025-08-02 17:28:35,258 - INFO - 2. twi - Mean Similarity: 0.9999
2025-08-02 17:28:35,258 - INFO - 3. tsn - Mean Similarity: 0.9999
2025-08-02 17:28:35,258 - INFO - 4. luo - Mean Similarity: 0.9999
2025-08-02 17:28:35,258 - INFO - 5. nya - Mean Similarity: 0.9999
2025-08-02 17:28:35,258 - INFO - Experiment finished successfully.
