2025-08-27 17:42:20,059 - INFO - Start: model_type=xlmr, use_cls=True, use_context=False, context_window=2, max_tokens_per_type=400, batch_size=64, output_dir=rq2_train_scripts/Embeddings/CLEAN/outputs/mptc/xlmr/config_1_clstrue_ctxfalse/tokens_400_ctx2/core, save_prototypes=False, seed=42, fp16=True, max_length=96, langs=all, layers=all, span_mode=bio, pool=mean, entity_tags={'LOC', 'PER', 'DATE', 'ORG'}, title_suffix='L=all, tokens=400, ctx=2, cls=true, fp16=true'
2025-08-27 17:42:22,331 - INFO - Processing run
2025-08-27 17:42:22,740 - INFO - Processing bam
2025-08-27 17:42:22,793 - INFO - Processing bbj
2025-08-27 17:42:22,842 - INFO - Processing ewe
2025-08-27 17:42:22,884 - INFO - Processing fon
2025-08-27 17:42:22,942 - INFO - Processing hau
2025-08-27 17:42:23,006 - INFO - Processing ibo
2025-08-27 17:42:23,102 - INFO - Processing kin
2025-08-27 17:42:23,170 - INFO - Processing lug
2025-08-27 17:42:23,228 - INFO - Processing luo
2025-08-27 17:42:23,289 - INFO - Processing mos
2025-08-27 17:42:23,354 - INFO - Processing nya
2025-08-27 17:42:23,422 - INFO - Processing pcm
2025-08-27 17:42:23,477 - INFO - Processing sna
2025-08-27 17:42:23,536 - INFO - Processing swa
2025-08-27 17:42:23,601 - INFO - Processing tsn
2025-08-27 17:42:23,651 - INFO - Processing twi
2025-08-27 17:42:23,708 - INFO - Processing wol
2025-08-27 17:42:23,778 - INFO - Processing xho
2025-08-27 17:42:23,825 - INFO - Processing yor
2025-08-27 17:42:23,945 - INFO - Processing zul
2025-08-27 17:42:24,424 - INFO - === Layer 1 (xlmr) — Top 5 (cosine) ===
2025-08-27 17:42:24,424 - INFO - 1. kin: cos=1.0000
2025-08-27 17:42:24,424 - INFO - 2. luo: cos=0.9999
2025-08-27 17:42:24,424 - INFO - 3. twi: cos=0.9999
2025-08-27 17:42:24,424 - INFO - 4. nya: cos=0.9998
2025-08-27 17:42:24,424 - INFO - 5. sna: cos=0.9998
2025-08-27 17:42:24,424 - INFO - === Layer 1 (xlmr) — Worst 5 (cosine) ===
2025-08-27 17:42:24,424 - INFO - 1. hau: cos=0.9992
2025-08-27 17:42:24,424 - INFO - 2. fon: cos=0.9994
2025-08-27 17:42:24,424 - INFO - 3. bam: cos=0.9994
2025-08-27 17:42:24,424 - INFO - 4. bbj: cos=0.9994
2025-08-27 17:42:24,424 - INFO - 5. pcm: cos=0.9995
2025-08-27 17:42:24,554 - INFO - === Layer 2 (xlmr) — Top 5 (cosine) ===
2025-08-27 17:42:24,554 - INFO - 1. kin: cos=1.0000
2025-08-27 17:42:24,554 - INFO - 2. luo: cos=1.0000
2025-08-27 17:42:24,554 - INFO - 3. twi: cos=1.0000
2025-08-27 17:42:24,554 - INFO - 4. zul: cos=1.0000
2025-08-27 17:42:24,554 - INFO - 5. nya: cos=1.0000
2025-08-27 17:42:24,554 - INFO - === Layer 2 (xlmr) — Worst 5 (cosine) ===
2025-08-27 17:42:24,554 - INFO - 1. hau: cos=0.9999
2025-08-27 17:42:24,554 - INFO - 2. bam: cos=0.9999
2025-08-27 17:42:24,554 - INFO - 3. pcm: cos=0.9999
2025-08-27 17:42:24,554 - INFO - 4. bbj: cos=0.9999
2025-08-27 17:42:24,554 - INFO - 5. fon: cos=0.9999
2025-08-27 17:42:24,684 - INFO - === Layer 3 (xlmr) — Top 5 (cosine) ===
2025-08-27 17:42:24,684 - INFO - 1. kin: cos=1.0000
2025-08-27 17:42:24,684 - INFO - 2. luo: cos=1.0000
2025-08-27 17:42:24,684 - INFO - 3. twi: cos=1.0000
2025-08-27 17:42:24,684 - INFO - 4. zul: cos=1.0000
2025-08-27 17:42:24,684 - INFO - 5. ibo: cos=1.0000
2025-08-27 17:42:24,684 - INFO - === Layer 3 (xlmr) — Worst 5 (cosine) ===
2025-08-27 17:42:24,684 - INFO - 1. pcm: cos=1.0000
2025-08-27 17:42:24,684 - INFO - 2. swa: cos=1.0000
2025-08-27 17:42:24,684 - INFO - 3. bbj: cos=1.0000
2025-08-27 17:42:24,684 - INFO - 4. sna: cos=1.0000
2025-08-27 17:42:24,684 - INFO - 5. fon: cos=1.0000
2025-08-27 17:42:24,806 - INFO - === Layer 4 (xlmr) — Top 5 (cosine) ===
2025-08-27 17:42:24,807 - INFO - 1. kin: cos=1.0000
2025-08-27 17:42:24,807 - INFO - 2. twi: cos=1.0000
2025-08-27 17:42:24,807 - INFO - 3. luo: cos=1.0000
2025-08-27 17:42:24,807 - INFO - 4. zul: cos=1.0000
2025-08-27 17:42:24,807 - INFO - 5. swa: cos=1.0000
2025-08-27 17:42:24,807 - INFO - === Layer 4 (xlmr) — Worst 5 (cosine) ===
2025-08-27 17:42:24,807 - INFO - 1. bam: cos=1.0000
2025-08-27 17:42:24,807 - INFO - 2. hau: cos=1.0000
2025-08-27 17:42:24,807 - INFO - 3. wol: cos=1.0000
2025-08-27 17:42:24,807 - INFO - 4. yor: cos=1.0000
2025-08-27 17:42:24,807 - INFO - 5. pcm: cos=1.0000
2025-08-27 17:42:24,928 - INFO - === Layer 5 (xlmr) — Top 5 (cosine) ===
2025-08-27 17:42:24,928 - INFO - 1. twi: cos=1.0000
2025-08-27 17:42:24,928 - INFO - 2. kin: cos=1.0000
2025-08-27 17:42:24,928 - INFO - 3. luo: cos=1.0000
2025-08-27 17:42:24,928 - INFO - 4. tsn: cos=1.0000
2025-08-27 17:42:24,928 - INFO - 5. ewe: cos=1.0000
2025-08-27 17:42:24,928 - INFO - === Layer 5 (xlmr) — Worst 5 (cosine) ===
2025-08-27 17:42:24,928 - INFO - 1. hau: cos=1.0000
2025-08-27 17:42:24,928 - INFO - 2. pcm: cos=1.0000
2025-08-27 17:42:24,928 - INFO - 3. fon: cos=1.0000
2025-08-27 17:42:24,928 - INFO - 4. wol: cos=1.0000
2025-08-27 17:42:24,928 - INFO - 5. mos: cos=1.0000
2025-08-27 17:42:25,085 - INFO - === Layer 6 (xlmr) — Top 5 (cosine) ===
2025-08-27 17:42:25,085 - INFO - 1. kin: cos=1.0000
2025-08-27 17:42:25,085 - INFO - 2. twi: cos=1.0000
2025-08-27 17:42:25,085 - INFO - 3. luo: cos=1.0000
2025-08-27 17:42:25,085 - INFO - 4. ewe: cos=1.0000
2025-08-27 17:42:25,085 - INFO - 5. tsn: cos=1.0000
2025-08-27 17:42:25,085 - INFO - === Layer 6 (xlmr) — Worst 5 (cosine) ===
2025-08-27 17:42:25,085 - INFO - 1. hau: cos=1.0000
2025-08-27 17:42:25,085 - INFO - 2. pcm: cos=1.0000
2025-08-27 17:42:25,085 - INFO - 3. wol: cos=1.0000
2025-08-27 17:42:25,085 - INFO - 4. fon: cos=1.0000
2025-08-27 17:42:25,086 - INFO - 5. mos: cos=1.0000
2025-08-27 17:42:25,215 - INFO - === Layer 7 (xlmr) — Top 5 (cosine) ===
2025-08-27 17:42:25,215 - INFO - 1. kin: cos=1.0000
2025-08-27 17:42:25,215 - INFO - 2. fon: cos=1.0000
2025-08-27 17:42:25,215 - INFO - 3. sna: cos=1.0000
2025-08-27 17:42:25,215 - INFO - 4. pcm: cos=1.0000
2025-08-27 17:42:25,215 - INFO - 5. swa: cos=1.0000
2025-08-27 17:42:25,215 - INFO - === Layer 7 (xlmr) — Worst 5 (cosine) ===
2025-08-27 17:42:25,215 - INFO - 1. nya: cos=1.0000
2025-08-27 17:42:25,215 - INFO - 2. hau: cos=1.0000
2025-08-27 17:42:25,215 - INFO - 3. tsn: cos=1.0000
2025-08-27 17:42:25,215 - INFO - 4. mos: cos=1.0000
2025-08-27 17:42:25,215 - INFO - 5. wol: cos=1.0000
2025-08-27 17:42:25,421 - INFO - === Layer 8 (xlmr) — Top 5 (cosine) ===
2025-08-27 17:42:25,421 - INFO - 1. kin: cos=1.0000
2025-08-27 17:42:25,421 - INFO - 2. lug: cos=1.0000
2025-08-27 17:42:25,422 - INFO - 3. twi: cos=1.0000
2025-08-27 17:42:25,422 - INFO - 4. yor: cos=1.0000
2025-08-27 17:42:25,422 - INFO - 5. tsn: cos=1.0000
2025-08-27 17:42:25,422 - INFO - === Layer 8 (xlmr) — Worst 5 (cosine) ===
2025-08-27 17:42:25,422 - INFO - 1. ewe: cos=0.9999
2025-08-27 17:42:25,422 - INFO - 2. swa: cos=0.9999
2025-08-27 17:42:25,422 - INFO - 3. bbj: cos=1.0000
2025-08-27 17:42:25,422 - INFO - 4. hau: cos=1.0000
2025-08-27 17:42:25,422 - INFO - 5. fon: cos=1.0000
2025-08-27 17:42:25,550 - INFO - === Layer 9 (xlmr) — Top 5 (cosine) ===
2025-08-27 17:42:25,550 - INFO - 1. kin: cos=1.0000
2025-08-27 17:42:25,551 - INFO - 2. bam: cos=1.0000
2025-08-27 17:42:25,551 - INFO - 3. ewe: cos=1.0000
2025-08-27 17:42:25,551 - INFO - 4. twi: cos=1.0000
2025-08-27 17:42:25,551 - INFO - 5. luo: cos=1.0000
2025-08-27 17:42:25,551 - INFO - === Layer 9 (xlmr) — Worst 5 (cosine) ===
2025-08-27 17:42:25,551 - INFO - 1. bbj: cos=1.0000
2025-08-27 17:42:25,551 - INFO - 2. wol: cos=1.0000
2025-08-27 17:42:25,551 - INFO - 3. hau: cos=1.0000
2025-08-27 17:42:25,551 - INFO - 4. nya: cos=1.0000
2025-08-27 17:42:25,551 - INFO - 5. ibo: cos=1.0000
2025-08-27 17:42:25,680 - INFO - === Layer 10 (xlmr) — Top 5 (cosine) ===
2025-08-27 17:42:25,680 - INFO - 1. twi: cos=1.0000
2025-08-27 17:42:25,680 - INFO - 2. bam: cos=1.0000
2025-08-27 17:42:25,680 - INFO - 3. ewe: cos=1.0000
2025-08-27 17:42:25,680 - INFO - 4. zul: cos=1.0000
2025-08-27 17:42:25,680 - INFO - 5. wol: cos=1.0000
2025-08-27 17:42:25,680 - INFO - === Layer 10 (xlmr) — Worst 5 (cosine) ===
2025-08-27 17:42:25,680 - INFO - 1. pcm: cos=1.0000
2025-08-27 17:42:25,680 - INFO - 2. yor: cos=1.0000
2025-08-27 17:42:25,680 - INFO - 3. fon: cos=1.0000
2025-08-27 17:42:25,680 - INFO - 4. ibo: cos=1.0000
2025-08-27 17:42:25,680 - INFO - 5. lug: cos=1.0000
2025-08-27 17:42:25,810 - INFO - === Layer 11 (xlmr) — Top 5 (cosine) ===
2025-08-27 17:42:25,811 - INFO - 1. lug: cos=1.0000
2025-08-27 17:42:25,811 - INFO - 2. twi: cos=1.0000
2025-08-27 17:42:25,811 - INFO - 3. pcm: cos=1.0000
2025-08-27 17:42:25,811 - INFO - 4. swa: cos=1.0000
2025-08-27 17:42:25,811 - INFO - 5. tsn: cos=1.0000
2025-08-27 17:42:25,811 - INFO - === Layer 11 (xlmr) — Worst 5 (cosine) ===
2025-08-27 17:42:25,811 - INFO - 1. bam: cos=0.9998
2025-08-27 17:42:25,811 - INFO - 2. luo: cos=0.9999
2025-08-27 17:42:25,811 - INFO - 3. bbj: cos=0.9999
2025-08-27 17:42:25,811 - INFO - 4. zul: cos=0.9999
2025-08-27 17:42:25,811 - INFO - 5. sna: cos=0.9999
2025-08-27 17:42:25,943 - INFO - === Layer 12 (xlmr) — Top 5 (cosine) ===
2025-08-27 17:42:25,943 - INFO - 1. kin: cos=0.9999
2025-08-27 17:42:25,943 - INFO - 2. ewe: cos=0.9999
2025-08-27 17:42:25,943 - INFO - 3. wol: cos=0.9999
2025-08-27 17:42:25,943 - INFO - 4. sna: cos=0.9998
2025-08-27 17:42:25,943 - INFO - 5. lug: cos=0.9998
2025-08-27 17:42:25,943 - INFO - === Layer 12 (xlmr) — Worst 5 (cosine) ===
2025-08-27 17:42:25,943 - INFO - 1. fon: cos=0.9976
2025-08-27 17:42:25,943 - INFO - 2. pcm: cos=0.9992
2025-08-27 17:42:25,943 - INFO - 3. hau: cos=0.9995
2025-08-27 17:42:25,943 - INFO - 4. swa: cos=0.9997
2025-08-27 17:42:25,943 - INFO - 5. tsn: cos=0.9997
2025-08-27 17:42:25,944 - INFO - Experiment finished successfully.
