2025-08-02 23:02:38,904 - INFO - Experiment started with model_type=mbert, use_cls=True, use_context=False, context_window=1, use_hybrid=True, max_tokens_per_type=400, output_dir=rq2_train_scripts/Embeddings/MEXA_inspired_strategy/outputs/combined/mbert/config_5_clstrue_ctxfalse_hybtrue/tokens_400_ctx1
2025-08-02 23:02:40,108 - INFO - Processing run
2025-08-02 23:02:43,257 - INFO - Processing bam
2025-08-02 23:02:46,013 - INFO - Processing bbj
2025-08-02 23:02:48,974 - INFO - Processing ewe
2025-08-02 23:02:51,902 - INFO - Processing fon
2025-08-02 23:02:54,884 - INFO - Processing hau
2025-08-02 23:02:57,889 - INFO - Processing ibo
2025-08-02 23:03:00,920 - INFO - Processing kin
2025-08-02 23:03:03,908 - INFO - Processing lug
2025-08-02 23:03:06,870 - INFO - Processing luo
2025-08-02 23:03:09,839 - INFO - Processing mos
2025-08-02 23:03:12,808 - INFO - Processing nya
2025-08-02 23:03:15,793 - INFO - Processing pcm
2025-08-02 23:03:18,747 - INFO - Processing sna
2025-08-02 23:03:21,707 - INFO - Processing swa
2025-08-02 23:03:24,634 - INFO - Processing tsn
2025-08-02 23:03:27,545 - INFO - Processing twi
2025-08-02 23:03:30,479 - INFO - Processing wol
2025-08-02 23:03:33,453 - INFO - Processing xho
2025-08-02 23:03:36,432 - INFO - Processing yor
2025-08-02 23:03:39,458 - INFO - Processing zul
2025-08-02 23:03:42,873 - INFO - Top 5 languages most similar to Runyankore:
2025-08-02 23:03:42,874 - INFO - 1. lug - Mean Similarity: 0.6912
2025-08-02 23:03:42,874 - INFO - 2. twi - Mean Similarity: 0.6539
2025-08-02 23:03:42,874 - INFO - 3. luo - Mean Similarity: 0.6524
2025-08-02 23:03:42,874 - INFO - 4. ibo - Mean Similarity: 0.6413
2025-08-02 23:03:42,874 - INFO - 5. sna - Mean Similarity: 0.6355
2025-08-02 23:03:42,874 - INFO - Experiment finished successfully.
