2025-08-02 22:50:02,569 - INFO - Experiment started with model_type=mbert, use_cls=True, use_context=True, context_window=2, use_hybrid=False, max_tokens_per_type=300, output_dir=rq2_train_scripts/Embeddings/MEXA_inspired_strategy/outputs/combined/mbert/config_4_clstrue_ctxtrue_hybfalse/tokens_300_ctx2
2025-08-02 22:50:03,735 - INFO - Processing run
2025-08-02 22:50:06,369 - INFO - Processing bam
2025-08-02 22:50:08,613 - INFO - Processing bbj
2025-08-02 22:50:10,878 - INFO - Processing ewe
2025-08-02 22:50:13,125 - INFO - Processing fon
2025-08-02 22:50:15,401 - INFO - Processing hau
2025-08-02 22:50:17,700 - INFO - Processing ibo
2025-08-02 22:50:20,046 - INFO - Processing kin
2025-08-02 22:50:22,357 - INFO - Processing lug
2025-08-02 22:50:24,630 - INFO - Processing luo
2025-08-02 22:50:26,902 - INFO - Processing mos
2025-08-02 22:50:29,168 - INFO - Processing nya
2025-08-02 22:50:31,442 - INFO - Processing pcm
2025-08-02 22:50:33,700 - INFO - Processing sna
2025-08-02 22:50:35,961 - INFO - Processing swa
2025-08-02 22:50:38,223 - INFO - Processing tsn
2025-08-02 22:50:40,484 - INFO - Processing twi
2025-08-02 22:50:42,760 - INFO - Processing wol
2025-08-02 22:50:45,040 - INFO - Processing xho
2025-08-02 22:50:47,305 - INFO - Processing yor
2025-08-02 22:50:49,627 - INFO - Processing zul
2025-08-02 22:50:52,362 - INFO - Top 5 languages most similar to Runyankore:
2025-08-02 22:50:52,362 - INFO - 1. lug - Mean Similarity: 0.9944
2025-08-02 22:50:52,362 - INFO - 2. kin - Mean Similarity: 0.9925
2025-08-02 22:50:52,362 - INFO - 3. nya - Mean Similarity: 0.9914
2025-08-02 22:50:52,362 - INFO - 4. sna - Mean Similarity: 0.9901
2025-08-02 22:50:52,362 - INFO - 5. xho - Mean Similarity: 0.9870
2025-08-02 22:50:52,362 - INFO - Experiment finished successfully.
