2025-08-02 23:10:22,269 - INFO - Experiment started with model_type=mbert, use_cls=True, use_context=False, context_window=3, use_hybrid=True, max_tokens_per_type=400, output_dir=rq2_train_scripts/Embeddings/MEXA_inspired_strategy/outputs/combined/mbert/config_5_clstrue_ctxfalse_hybtrue/tokens_400_ctx3
2025-08-02 23:10:23,438 - INFO - Processing run
2025-08-02 23:10:26,546 - INFO - Processing bam
2025-08-02 23:10:29,254 - INFO - Processing bbj
2025-08-02 23:10:32,169 - INFO - Processing ewe
2025-08-02 23:10:35,069 - INFO - Processing fon
2025-08-02 23:10:38,029 - INFO - Processing hau
2025-08-02 23:10:40,987 - INFO - Processing ibo
2025-08-02 23:10:43,971 - INFO - Processing kin
2025-08-02 23:10:46,923 - INFO - Processing lug
2025-08-02 23:10:49,835 - INFO - Processing luo
2025-08-02 23:10:52,740 - INFO - Processing mos
2025-08-02 23:10:55,647 - INFO - Processing nya
2025-08-02 23:10:58,569 - INFO - Processing pcm
2025-08-02 23:11:01,488 - INFO - Processing sna
2025-08-02 23:11:04,416 - INFO - Processing swa
2025-08-02 23:11:07,309 - INFO - Processing tsn
2025-08-02 23:11:10,187 - INFO - Processing twi
2025-08-02 23:11:13,090 - INFO - Processing wol
2025-08-02 23:11:16,010 - INFO - Processing xho
2025-08-02 23:11:18,926 - INFO - Processing yor
2025-08-02 23:11:21,902 - INFO - Processing zul
2025-08-02 23:11:25,297 - INFO - Top 5 languages most similar to Runyankore:
2025-08-02 23:11:25,298 - INFO - 1. lug - Mean Similarity: 0.6912
2025-08-02 23:11:25,298 - INFO - 2. twi - Mean Similarity: 0.6539
2025-08-02 23:11:25,298 - INFO - 3. luo - Mean Similarity: 0.6524
2025-08-02 23:11:25,298 - INFO - 4. ibo - Mean Similarity: 0.6413
2025-08-02 23:11:25,298 - INFO - 5. sna - Mean Similarity: 0.6355
2025-08-02 23:11:25,298 - INFO - Experiment finished successfully.
