2025-08-02 14:26:23,084 - INFO - Experiment started with model_type=xlmr, use_cls=False, use_context=False, context_window=3, use_hybrid=False, max_tokens_per_type=400, output_dir=rq2_train_scripts/Embeddings/MEXA_inspired_strategy/outputs/salt/xlmr/config_0_clsfalse_ctxfalse_hybfalse/tokens_400_ctx3
2025-08-02 14:26:24,851 - INFO - Processing run
2025-08-02 14:26:35,826 - INFO - Processing bam
2025-08-02 14:26:46,002 - INFO - Processing bbj
2025-08-02 14:26:57,282 - INFO - Processing ewe
2025-08-02 14:27:08,597 - INFO - Processing fon
2025-08-02 14:27:20,529 - INFO - Processing hau
2025-08-02 14:27:31,280 - INFO - Processing ibo
2025-08-02 14:27:42,359 - INFO - Processing kin
2025-08-02 14:27:53,442 - INFO - Processing lug
2025-08-02 14:28:04,831 - INFO - Processing luo
2025-08-02 14:28:16,436 - INFO - Processing mos
2025-08-02 14:28:27,272 - INFO - Processing nya
2025-08-02 14:28:38,742 - INFO - Processing pcm
2025-08-02 14:28:50,006 - INFO - Processing sna
2025-08-02 14:29:01,203 - INFO - Processing swa
2025-08-02 14:29:12,532 - INFO - Processing tsn
2025-08-02 14:29:23,718 - INFO - Processing twi
2025-08-02 14:29:35,007 - INFO - Processing wol
2025-08-02 14:29:46,175 - INFO - Processing xho
2025-08-02 14:29:57,234 - INFO - Processing yor
2025-08-02 14:30:08,562 - INFO - Processing zul
2025-08-02 14:30:20,471 - INFO - Top 5 languages most similar to Runyankore:
2025-08-02 14:30:20,471 - INFO - 1. lug - Mean Similarity: 0.9996
2025-08-02 14:30:20,471 - INFO - 2. kin - Mean Similarity: 0.9994
2025-08-02 14:30:20,471 - INFO - 3. luo - Mean Similarity: 0.9994
2025-08-02 14:30:20,471 - INFO - 4. twi - Mean Similarity: 0.9993
2025-08-02 14:30:20,471 - INFO - 5. ibo - Mean Similarity: 0.9993
2025-08-02 14:30:20,471 - INFO - Experiment finished successfully.
