2025-08-27 07:50:58,214 - INFO - Start: model_type=mbert, use_cls=False, use_context=False, context_window=2, max_tokens_per_type=400, batch_size=64, output_dir=rq2_train_scripts/Embeddings/CLEAN/outputs/mptc/mbert/config_0_clsfalse_ctxfalse/tokens_400_ctx2, save_prototypes=False, seed=42, fp16=True, max_length=96, langs=all, layers=all, span_mode=bio, pool=mean, entity_tags={'DATE', 'LOC', 'PER', 'ORG'}, title_suffix='L=all, tokens=400, ctx=2, cls=false, fp16=true'
2025-08-27 07:50:59,835 - INFO - Processing run
2025-08-27 07:51:00,346 - INFO - Processing bam
2025-08-27 07:51:00,482 - INFO - Processing bbj
2025-08-27 07:51:00,606 - INFO - Processing ewe
2025-08-27 07:51:00,736 - INFO - Processing fon
2025-08-27 07:51:00,905 - INFO - Processing hau
2025-08-27 07:51:01,053 - INFO - Processing ibo
2025-08-27 07:51:01,228 - INFO - Processing kin
2025-08-27 07:51:01,376 - INFO - Processing lug
2025-08-27 07:51:01,510 - INFO - Processing luo
2025-08-27 07:51:01,663 - INFO - Processing mos
2025-08-27 07:51:01,821 - INFO - Processing nya
2025-08-27 07:51:01,967 - INFO - Processing pcm
2025-08-27 07:51:02,105 - INFO - Processing sna
2025-08-27 07:51:02,247 - INFO - Processing swa
2025-08-27 07:51:02,391 - INFO - Processing tsn
2025-08-27 07:51:02,521 - INFO - Processing twi
2025-08-27 07:51:02,664 - INFO - Processing wol
2025-08-27 07:51:02,821 - INFO - Processing xho
2025-08-27 07:51:02,954 - INFO - Processing yor
2025-08-27 07:51:03,133 - INFO - Processing zul
2025-08-27 07:51:03,651 - INFO - === Layer 1 (mbert) — Top 5 (cosine) ===
2025-08-27 07:51:03,651 - INFO - 1. kin: cos=0.8927
2025-08-27 07:51:03,651 - INFO - 2. nya: cos=0.8716
2025-08-27 07:51:03,651 - INFO - 3. luo: cos=0.8674
2025-08-27 07:51:03,651 - INFO - 4. twi: cos=0.8649
2025-08-27 07:51:03,651 - INFO - 5. sna: cos=0.8529
2025-08-27 07:51:03,651 - INFO - === Layer 1 (mbert) — Worst 5 (cosine) ===
2025-08-27 07:51:03,651 - INFO - 1. bbj: cos=0.6793
2025-08-27 07:51:03,651 - INFO - 2. yor: cos=0.6894
2025-08-27 07:51:03,651 - INFO - 3. mos: cos=0.7366
2025-08-27 07:51:03,651 - INFO - 4. fon: cos=0.7543
2025-08-27 07:51:03,651 - INFO - 5. ewe: cos=0.7606
2025-08-27 07:51:03,781 - INFO - === Layer 2 (mbert) — Top 5 (cosine) ===
2025-08-27 07:51:03,781 - INFO - 1. kin: cos=0.8958
2025-08-27 07:51:03,781 - INFO - 2. luo: cos=0.8832
2025-08-27 07:51:03,781 - INFO - 3. nya: cos=0.8810
2025-08-27 07:51:03,781 - INFO - 4. twi: cos=0.8804
2025-08-27 07:51:03,781 - INFO - 5. lug: cos=0.8751
2025-08-27 07:51:03,781 - INFO - === Layer 2 (mbert) — Worst 5 (cosine) ===
2025-08-27 07:51:03,781 - INFO - 1. bbj: cos=0.7154
2025-08-27 07:51:03,781 - INFO - 2. yor: cos=0.7235
2025-08-27 07:51:03,781 - INFO - 3. ewe: cos=0.7670
2025-08-27 07:51:03,781 - INFO - 4. fon: cos=0.7808
2025-08-27 07:51:03,781 - INFO - 5. mos: cos=0.7828
2025-08-27 07:51:03,907 - INFO - === Layer 3 (mbert) — Top 5 (cosine) ===
2025-08-27 07:51:03,907 - INFO - 1. kin: cos=0.9329
2025-08-27 07:51:03,907 - INFO - 2. luo: cos=0.9241
2025-08-27 07:51:03,907 - INFO - 3. nya: cos=0.9237
2025-08-27 07:51:03,907 - INFO - 4. twi: cos=0.9213
2025-08-27 07:51:03,907 - INFO - 5. ibo: cos=0.9148
2025-08-27 07:51:03,907 - INFO - === Layer 3 (mbert) — Worst 5 (cosine) ===
2025-08-27 07:51:03,907 - INFO - 1. bbj: cos=0.8151
2025-08-27 07:51:03,907 - INFO - 2. yor: cos=0.8183
2025-08-27 07:51:03,907 - INFO - 3. ewe: cos=0.8404
2025-08-27 07:51:03,907 - INFO - 4. mos: cos=0.8578
2025-08-27 07:51:03,907 - INFO - 5. fon: cos=0.8619
2025-08-27 07:51:04,036 - INFO - === Layer 4 (mbert) — Top 5 (cosine) ===
2025-08-27 07:51:04,036 - INFO - 1. kin: cos=0.9478
2025-08-27 07:51:04,036 - INFO - 2. nya: cos=0.9411
2025-08-27 07:51:04,036 - INFO - 3. twi: cos=0.9405
2025-08-27 07:51:04,036 - INFO - 4. luo: cos=0.9404
2025-08-27 07:51:04,036 - INFO - 5. ibo: cos=0.9322
2025-08-27 07:51:04,036 - INFO - === Layer 4 (mbert) — Worst 5 (cosine) ===
2025-08-27 07:51:04,037 - INFO - 1. yor: cos=0.8500
2025-08-27 07:51:04,037 - INFO - 2. bbj: cos=0.8536
2025-08-27 07:51:04,037 - INFO - 3. ewe: cos=0.8666
2025-08-27 07:51:04,037 - INFO - 4. mos: cos=0.8809
2025-08-27 07:51:04,037 - INFO - 5. pcm: cos=0.8839
2025-08-27 07:51:04,167 - INFO - === Layer 5 (mbert) — Top 5 (cosine) ===
2025-08-27 07:51:04,167 - INFO - 1. kin: cos=0.9620
2025-08-27 07:51:04,167 - INFO - 2. twi: cos=0.9583
2025-08-27 07:51:04,167 - INFO - 3. luo: cos=0.9565
2025-08-27 07:51:04,167 - INFO - 4. nya: cos=0.9564
2025-08-27 07:51:04,167 - INFO - 5. ibo: cos=0.9482
2025-08-27 07:51:04,167 - INFO - === Layer 5 (mbert) — Worst 5 (cosine) ===
2025-08-27 07:51:04,167 - INFO - 1. yor: cos=0.8862
2025-08-27 07:51:04,167 - INFO - 2. bbj: cos=0.8923
2025-08-27 07:51:04,167 - INFO - 3. ewe: cos=0.8961
2025-08-27 07:51:04,167 - INFO - 4. pcm: cos=0.9051
2025-08-27 07:51:04,167 - INFO - 5. mos: cos=0.9082
2025-08-27 07:51:04,363 - INFO - === Layer 6 (mbert) — Top 5 (cosine) ===
2025-08-27 07:51:04,363 - INFO - 1. kin: cos=0.9689
2025-08-27 07:51:04,363 - INFO - 2. twi: cos=0.9685
2025-08-27 07:51:04,363 - INFO - 3. luo: cos=0.9677
2025-08-27 07:51:04,363 - INFO - 4. ibo: cos=0.9605
2025-08-27 07:51:04,363 - INFO - 5. lug: cos=0.9582
2025-08-27 07:51:04,363 - INFO - === Layer 6 (mbert) — Worst 5 (cosine) ===
2025-08-27 07:51:04,363 - INFO - 1. yor: cos=0.9028
2025-08-27 07:51:04,363 - INFO - 2. bbj: cos=0.9139
2025-08-27 07:51:04,363 - INFO - 3. pcm: cos=0.9146
2025-08-27 07:51:04,363 - INFO - 4. ewe: cos=0.9168
2025-08-27 07:51:04,363 - INFO - 5. mos: cos=0.9257
2025-08-27 07:51:04,494 - INFO - === Layer 7 (mbert) — Top 5 (cosine) ===
2025-08-27 07:51:04,494 - INFO - 1. kin: cos=0.9559
2025-08-27 07:51:04,494 - INFO - 2. twi: cos=0.9516
2025-08-27 07:51:04,494 - INFO - 3. zul: cos=0.9480
2025-08-27 07:51:04,494 - INFO - 4. luo: cos=0.9473
2025-08-27 07:51:04,494 - INFO - 5. ibo: cos=0.9434
2025-08-27 07:51:04,494 - INFO - === Layer 7 (mbert) — Worst 5 (cosine) ===
2025-08-27 07:51:04,494 - INFO - 1. pcm: cos=0.8743
2025-08-27 07:51:04,494 - INFO - 2. yor: cos=0.8813
2025-08-27 07:51:04,494 - INFO - 3. ewe: cos=0.8916
2025-08-27 07:51:04,494 - INFO - 4. bbj: cos=0.8934
2025-08-27 07:51:04,494 - INFO - 5. mos: cos=0.9109
2025-08-27 07:51:04,617 - INFO - === Layer 8 (mbert) — Top 5 (cosine) ===
2025-08-27 07:51:04,617 - INFO - 1. kin: cos=0.9191
2025-08-27 07:51:04,617 - INFO - 2. luo: cos=0.9162
2025-08-27 07:51:04,617 - INFO - 3. ibo: cos=0.9115
2025-08-27 07:51:04,617 - INFO - 4. twi: cos=0.9070
2025-08-27 07:51:04,617 - INFO - 5. hau: cos=0.9021
2025-08-27 07:51:04,618 - INFO - === Layer 8 (mbert) — Worst 5 (cosine) ===
2025-08-27 07:51:04,618 - INFO - 1. yor: cos=0.8490
2025-08-27 07:51:04,618 - INFO - 2. pcm: cos=0.8519
2025-08-27 07:51:04,618 - INFO - 3. bbj: cos=0.8527
2025-08-27 07:51:04,618 - INFO - 4. ewe: cos=0.8659
2025-08-27 07:51:04,618 - INFO - 5. mos: cos=0.8726
2025-08-27 07:51:04,742 - INFO - === Layer 9 (mbert) — Top 5 (cosine) ===
2025-08-27 07:51:04,742 - INFO - 1. kin: cos=0.9582
2025-08-27 07:51:04,742 - INFO - 2. twi: cos=0.9578
2025-08-27 07:51:04,742 - INFO - 3. luo: cos=0.9572
2025-08-27 07:51:04,742 - INFO - 4. zul: cos=0.9520
2025-08-27 07:51:04,742 - INFO - 5. ibo: cos=0.9498
2025-08-27 07:51:04,742 - INFO - === Layer 9 (mbert) — Worst 5 (cosine) ===
2025-08-27 07:51:04,742 - INFO - 1. yor: cos=0.9153
2025-08-27 07:51:04,742 - INFO - 2. bbj: cos=0.9198
2025-08-27 07:51:04,742 - INFO - 3. xho: cos=0.9291
2025-08-27 07:51:04,742 - INFO - 4. bam: cos=0.9306
2025-08-27 07:51:04,742 - INFO - 5. pcm: cos=0.9312
2025-08-27 07:51:04,871 - INFO - === Layer 10 (mbert) — Top 5 (cosine) ===
2025-08-27 07:51:04,871 - INFO - 1. kin: cos=0.9662
2025-08-27 07:51:04,871 - INFO - 2. twi: cos=0.9607
2025-08-27 07:51:04,871 - INFO - 3. ibo: cos=0.9599
2025-08-27 07:51:04,871 - INFO - 4. zul: cos=0.9598
2025-08-27 07:51:04,871 - INFO - 5. luo: cos=0.9583
2025-08-27 07:51:04,871 - INFO - === Layer 10 (mbert) — Worst 5 (cosine) ===
2025-08-27 07:51:04,871 - INFO - 1. yor: cos=0.9078
2025-08-27 07:51:04,871 - INFO - 2. bbj: cos=0.9363
2025-08-27 07:51:04,871 - INFO - 3. xho: cos=0.9405
2025-08-27 07:51:04,871 - INFO - 4. bam: cos=0.9433
2025-08-27 07:51:04,871 - INFO - 5. wol: cos=0.9436
2025-08-27 07:51:05,004 - INFO - === Layer 11 (mbert) — Top 5 (cosine) ===
2025-08-27 07:51:05,004 - INFO - 1. kin: cos=0.9678
2025-08-27 07:51:05,004 - INFO - 2. twi: cos=0.9645
2025-08-27 07:51:05,004 - INFO - 3. luo: cos=0.9626
2025-08-27 07:51:05,004 - INFO - 4. ibo: cos=0.9621
2025-08-27 07:51:05,004 - INFO - 5. fon: cos=0.9610
2025-08-27 07:51:05,004 - INFO - === Layer 11 (mbert) — Worst 5 (cosine) ===
2025-08-27 07:51:05,004 - INFO - 1. yor: cos=0.9156
2025-08-27 07:51:05,004 - INFO - 2. bbj: cos=0.9342
2025-08-27 07:51:05,004 - INFO - 3. xho: cos=0.9439
2025-08-27 07:51:05,004 - INFO - 4. wol: cos=0.9474
2025-08-27 07:51:05,004 - INFO - 5. bam: cos=0.9485
2025-08-27 07:51:05,150 - INFO - === Layer 12 (mbert) — Top 5 (cosine) ===
2025-08-27 07:51:05,150 - INFO - 1. lug: cos=0.8499
2025-08-27 07:51:05,150 - INFO - 2. kin: cos=0.8471
2025-08-27 07:51:05,150 - INFO - 3. twi: cos=0.8404
2025-08-27 07:51:05,150 - INFO - 4. ewe: cos=0.8270
2025-08-27 07:51:05,150 - INFO - 5. fon: cos=0.8263
2025-08-27 07:51:05,150 - INFO - === Layer 12 (mbert) — Worst 5 (cosine) ===
2025-08-27 07:51:05,150 - INFO - 1. yor: cos=0.6811
2025-08-27 07:51:05,150 - INFO - 2. bbj: cos=0.7445
2025-08-27 07:51:05,150 - INFO - 3. xho: cos=0.7472
2025-08-27 07:51:05,150 - INFO - 4. wol: cos=0.7646
2025-08-27 07:51:05,150 - INFO - 5. nya: cos=0.7902
2025-08-27 07:51:05,151 - INFO - Experiment finished successfully.
