2025-08-03 07:54:02,802 - INFO - Experiment started with model_type=mbert, use_cls=False, use_context=False, context_window=0, use_hybrid=True, max_tokens_per_type=400, output_dir=rq2_train_scripts/Embeddings/MEXA_inspired_strategy/outputs/mptc/mbert/config_3_clsfalse_ctxfalse_hybtrue/tokens_400_ctx0
2025-08-03 07:54:03,807 - INFO - Processing run
2025-08-03 07:54:05,459 - INFO - Processing bam
2025-08-03 07:54:08,011 - INFO - Processing bbj
2025-08-03 07:54:10,761 - INFO - Processing ewe
2025-08-03 07:54:13,499 - INFO - Processing fon
2025-08-03 07:54:16,249 - INFO - Processing hau
2025-08-03 07:54:19,027 - INFO - Processing ibo
2025-08-03 07:54:21,837 - INFO - Processing kin
2025-08-03 07:54:24,610 - INFO - Processing lug
2025-08-03 07:54:27,332 - INFO - Processing luo
2025-08-03 07:54:30,090 - INFO - Processing mos
2025-08-03 07:54:32,848 - INFO - Processing nya
2025-08-03 07:54:35,625 - INFO - Processing pcm
2025-08-03 07:54:38,362 - INFO - Processing sna
2025-08-03 07:54:41,155 - INFO - Processing swa
2025-08-03 07:54:43,907 - INFO - Processing tsn
2025-08-03 07:54:46,628 - INFO - Processing twi
2025-08-03 07:54:49,374 - INFO - Processing wol
2025-08-03 07:54:52,152 - INFO - Processing xho
2025-08-03 07:54:54,916 - INFO - Processing yor
2025-08-03 07:54:57,722 - INFO - Processing zul
2025-08-03 07:55:00,934 - INFO - Top 5 languages most similar to Runyankore:
2025-08-03 07:55:00,935 - INFO - 1. lug - Mean Similarity: 0.5589
2025-08-03 07:55:00,935 - INFO - 2. kin - Mean Similarity: 0.5515
2025-08-03 07:55:00,935 - INFO - 3. luo - Mean Similarity: 0.5465
2025-08-03 07:55:00,935 - INFO - 4. swa - Mean Similarity: 0.5373
2025-08-03 07:55:00,935 - INFO - 5. twi - Mean Similarity: 0.5360
2025-08-03 07:55:00,935 - INFO - Experiment finished successfully.
