2025-08-27 10:10:40,906 - INFO - Start: model_type=xlmr, use_cls=True, use_context=True, context_window=2, max_tokens_per_type=500, batch_size=64, output_dir=rq2_train_scripts/Embeddings/CLEAN/outputs/combined/xlmr/config_3_clstrue_ctxtrue/tokens_500_ctx2/core, save_prototypes=False, seed=42, fp16=True, max_length=96, langs=all, layers=all, span_mode=bio, pool=mean, entity_tags={'DATE', 'LOC', 'ORG', 'PER'}, title_suffix='L=all, tokens=500, ctx=2, cls=true, fp16=true'
2025-08-27 10:10:43,419 - INFO - Processing run
2025-08-27 10:10:43,885 - INFO - Processing bam
2025-08-27 10:10:43,978 - INFO - Processing bbj
2025-08-27 10:10:44,031 - INFO - Processing ewe
2025-08-27 10:10:44,086 - INFO - Processing fon
2025-08-27 10:10:44,155 - INFO - Processing hau
2025-08-27 10:10:44,225 - INFO - Processing ibo
2025-08-27 10:10:44,326 - INFO - Processing kin
2025-08-27 10:10:44,409 - INFO - Processing lug
2025-08-27 10:10:44,490 - INFO - Processing luo
2025-08-27 10:10:44,586 - INFO - Processing mos
2025-08-27 10:10:44,653 - INFO - Processing nya
2025-08-27 10:10:44,726 - INFO - Processing pcm
2025-08-27 10:10:44,783 - INFO - Processing sna
2025-08-27 10:10:44,845 - INFO - Processing swa
2025-08-27 10:10:44,915 - INFO - Processing tsn
2025-08-27 10:10:44,969 - INFO - Processing twi
2025-08-27 10:10:45,036 - INFO - Processing wol
2025-08-27 10:10:45,099 - INFO - Processing xho
2025-08-27 10:10:45,154 - INFO - Processing yor
2025-08-27 10:10:45,253 - INFO - Processing zul
2025-08-27 10:10:45,727 - INFO - === Layer 1 (xlmr) — Top 5 (cosine) ===
2025-08-27 10:10:45,728 - INFO - 1. lug: cos=1.0000
2025-08-27 10:10:45,728 - INFO - 2. kin: cos=1.0000
2025-08-27 10:10:45,728 - INFO - 3. nya: cos=1.0000
2025-08-27 10:10:45,728 - INFO - 4. sna: cos=1.0000
2025-08-27 10:10:45,728 - INFO - 5. tsn: cos=1.0000
2025-08-27 10:10:45,728 - INFO - === Layer 1 (xlmr) — Worst 5 (cosine) ===
2025-08-27 10:10:45,728 - INFO - 1. bam: cos=0.9997
2025-08-27 10:10:45,728 - INFO - 2. fon: cos=0.9997
2025-08-27 10:10:45,728 - INFO - 3. hau: cos=0.9999
2025-08-27 10:10:45,728 - INFO - 4. ibo: cos=0.9999
2025-08-27 10:10:45,728 - INFO - 5. mos: cos=0.9999
2025-08-27 10:10:45,884 - INFO - === Layer 2 (xlmr) — Top 5 (cosine) ===
2025-08-27 10:10:45,884 - INFO - 1. kin: cos=1.0000
2025-08-27 10:10:45,884 - INFO - 2. nya: cos=1.0000
2025-08-27 10:10:45,884 - INFO - 3. sna: cos=1.0000
2025-08-27 10:10:45,884 - INFO - 4. lug: cos=1.0000
2025-08-27 10:10:45,884 - INFO - 5. luo: cos=1.0000
2025-08-27 10:10:45,884 - INFO - === Layer 2 (xlmr) — Worst 5 (cosine) ===
2025-08-27 10:10:45,884 - INFO - 1. fon: cos=1.0000
2025-08-27 10:10:45,884 - INFO - 2. bam: cos=1.0000
2025-08-27 10:10:45,884 - INFO - 3. hau: cos=1.0000
2025-08-27 10:10:45,884 - INFO - 4. swa: cos=1.0000
2025-08-27 10:10:45,884 - INFO - 5. pcm: cos=1.0000
2025-08-27 10:10:46,003 - INFO - === Layer 3 (xlmr) — Top 5 (cosine) ===
2025-08-27 10:10:46,003 - INFO - 1. sna: cos=1.0000
2025-08-27 10:10:46,003 - INFO - 2. kin: cos=1.0000
2025-08-27 10:10:46,003 - INFO - 3. xho: cos=1.0000
2025-08-27 10:10:46,003 - INFO - 4. lug: cos=1.0000
2025-08-27 10:10:46,003 - INFO - 5. zul: cos=1.0000
2025-08-27 10:10:46,003 - INFO - === Layer 3 (xlmr) — Worst 5 (cosine) ===
2025-08-27 10:10:46,003 - INFO - 1. pcm: cos=1.0000
2025-08-27 10:10:46,003 - INFO - 2. swa: cos=1.0000
2025-08-27 10:10:46,003 - INFO - 3. fon: cos=1.0000
2025-08-27 10:10:46,003 - INFO - 4. ewe: cos=1.0000
2025-08-27 10:10:46,003 - INFO - 5. tsn: cos=1.0000
2025-08-27 10:10:46,123 - INFO - === Layer 4 (xlmr) — Top 5 (cosine) ===
2025-08-27 10:10:46,123 - INFO - 1. kin: cos=1.0000
2025-08-27 10:10:46,124 - INFO - 2. nya: cos=1.0000
2025-08-27 10:10:46,124 - INFO - 3. sna: cos=1.0000
2025-08-27 10:10:46,124 - INFO - 4. zul: cos=1.0000
2025-08-27 10:10:46,124 - INFO - 5. lug: cos=1.0000
2025-08-27 10:10:46,124 - INFO - === Layer 4 (xlmr) — Worst 5 (cosine) ===
2025-08-27 10:10:46,124 - INFO - 1. pcm: cos=1.0000
2025-08-27 10:10:46,124 - INFO - 2. swa: cos=1.0000
2025-08-27 10:10:46,124 - INFO - 3. hau: cos=1.0000
2025-08-27 10:10:46,124 - INFO - 4. ewe: cos=1.0000
2025-08-27 10:10:46,124 - INFO - 5. twi: cos=1.0000
2025-08-27 10:10:46,252 - INFO - === Layer 5 (xlmr) — Top 5 (cosine) ===
2025-08-27 10:10:46,252 - INFO - 1. sna: cos=1.0000
2025-08-27 10:10:46,253 - INFO - 2. lug: cos=1.0000
2025-08-27 10:10:46,253 - INFO - 3. kin: cos=1.0000
2025-08-27 10:10:46,253 - INFO - 4. nya: cos=1.0000
2025-08-27 10:10:46,253 - INFO - 5. xho: cos=1.0000
2025-08-27 10:10:46,253 - INFO - === Layer 5 (xlmr) — Worst 5 (cosine) ===
2025-08-27 10:10:46,253 - INFO - 1. fon: cos=1.0000
2025-08-27 10:10:46,253 - INFO - 2. bam: cos=1.0000
2025-08-27 10:10:46,253 - INFO - 3. twi: cos=1.0000
2025-08-27 10:10:46,253 - INFO - 4. swa: cos=1.0000
2025-08-27 10:10:46,253 - INFO - 5. pcm: cos=1.0000
2025-08-27 10:10:46,383 - INFO - === Layer 6 (xlmr) — Top 5 (cosine) ===
2025-08-27 10:10:46,383 - INFO - 1. sna: cos=1.0000
2025-08-27 10:10:46,383 - INFO - 2. lug: cos=1.0000
2025-08-27 10:10:46,383 - INFO - 3. kin: cos=1.0000
2025-08-27 10:10:46,383 - INFO - 4. nya: cos=1.0000
2025-08-27 10:10:46,383 - INFO - 5. tsn: cos=1.0000
2025-08-27 10:10:46,383 - INFO - === Layer 6 (xlmr) — Worst 5 (cosine) ===
2025-08-27 10:10:46,383 - INFO - 1. fon: cos=1.0000
2025-08-27 10:10:46,383 - INFO - 2. bam: cos=1.0000
2025-08-27 10:10:46,383 - INFO - 3. twi: cos=1.0000
2025-08-27 10:10:46,383 - INFO - 4. pcm: cos=1.0000
2025-08-27 10:10:46,383 - INFO - 5. swa: cos=1.0000
2025-08-27 10:10:46,512 - INFO - === Layer 7 (xlmr) — Top 5 (cosine) ===
2025-08-27 10:10:46,512 - INFO - 1. xho: cos=1.0000
2025-08-27 10:10:46,512 - INFO - 2. ibo: cos=1.0000
2025-08-27 10:10:46,512 - INFO - 3. lug: cos=1.0000
2025-08-27 10:10:46,512 - INFO - 4. bam: cos=1.0000
2025-08-27 10:10:46,512 - INFO - 5. pcm: cos=1.0000
2025-08-27 10:10:46,512 - INFO - === Layer 7 (xlmr) — Worst 5 (cosine) ===
2025-08-27 10:10:46,512 - INFO - 1. hau: cos=1.0000
2025-08-27 10:10:46,512 - INFO - 2. ewe: cos=1.0000
2025-08-27 10:10:46,512 - INFO - 3. yor: cos=1.0000
2025-08-27 10:10:46,512 - INFO - 4. swa: cos=1.0000
2025-08-27 10:10:46,512 - INFO - 5. mos: cos=1.0000
2025-08-27 10:10:46,635 - INFO - === Layer 8 (xlmr) — Top 5 (cosine) ===
2025-08-27 10:10:46,635 - INFO - 1. lug: cos=1.0000
2025-08-27 10:10:46,635 - INFO - 2. sna: cos=1.0000
2025-08-27 10:10:46,635 - INFO - 3. xho: cos=1.0000
2025-08-27 10:10:46,635 - INFO - 4. kin: cos=1.0000
2025-08-27 10:10:46,635 - INFO - 5. luo: cos=1.0000
2025-08-27 10:10:46,635 - INFO - === Layer 8 (xlmr) — Worst 5 (cosine) ===
2025-08-27 10:10:46,635 - INFO - 1. hau: cos=1.0000
2025-08-27 10:10:46,635 - INFO - 2. mos: cos=1.0000
2025-08-27 10:10:46,635 - INFO - 3. bbj: cos=1.0000
2025-08-27 10:10:46,635 - INFO - 4. swa: cos=1.0000
2025-08-27 10:10:46,635 - INFO - 5. ewe: cos=1.0000
2025-08-27 10:10:46,821 - INFO - === Layer 9 (xlmr) — Top 5 (cosine) ===
2025-08-27 10:10:46,821 - INFO - 1. ibo: cos=1.0000
2025-08-27 10:10:46,821 - INFO - 2. xho: cos=1.0000
2025-08-27 10:10:46,822 - INFO - 3. fon: cos=1.0000
2025-08-27 10:10:46,822 - INFO - 4. lug: cos=1.0000
2025-08-27 10:10:46,822 - INFO - 5. pcm: cos=1.0000
2025-08-27 10:10:46,822 - INFO - === Layer 9 (xlmr) — Worst 5 (cosine) ===
2025-08-27 10:10:46,822 - INFO - 1. ewe: cos=1.0000
2025-08-27 10:10:46,822 - INFO - 2. hau: cos=1.0000
2025-08-27 10:10:46,822 - INFO - 3. mos: cos=1.0000
2025-08-27 10:10:46,822 - INFO - 4. bam: cos=1.0000
2025-08-27 10:10:46,822 - INFO - 5. twi: cos=1.0000
2025-08-27 10:10:46,975 - INFO - === Layer 10 (xlmr) — Top 5 (cosine) ===
2025-08-27 10:10:46,975 - INFO - 1. sna: cos=1.0000
2025-08-27 10:10:46,975 - INFO - 2. ibo: cos=1.0000
2025-08-27 10:10:46,975 - INFO - 3. wol: cos=1.0000
2025-08-27 10:10:46,975 - INFO - 4. fon: cos=1.0000
2025-08-27 10:10:46,975 - INFO - 5. xho: cos=1.0000
2025-08-27 10:10:46,975 - INFO - === Layer 10 (xlmr) — Worst 5 (cosine) ===
2025-08-27 10:10:46,975 - INFO - 1. pcm: cos=1.0000
2025-08-27 10:10:46,975 - INFO - 2. swa: cos=1.0000
2025-08-27 10:10:46,975 - INFO - 3. bbj: cos=1.0000
2025-08-27 10:10:46,975 - INFO - 4. tsn: cos=1.0000
2025-08-27 10:10:46,975 - INFO - 5. luo: cos=1.0000
2025-08-27 10:10:47,101 - INFO - === Layer 11 (xlmr) — Top 5 (cosine) ===
2025-08-27 10:10:47,101 - INFO - 1. ewe: cos=1.0000
2025-08-27 10:10:47,101 - INFO - 2. sna: cos=1.0000
2025-08-27 10:10:47,101 - INFO - 3. twi: cos=1.0000
2025-08-27 10:10:47,101 - INFO - 4. zul: cos=1.0000
2025-08-27 10:10:47,101 - INFO - 5. xho: cos=1.0000
2025-08-27 10:10:47,102 - INFO - === Layer 11 (xlmr) — Worst 5 (cosine) ===
2025-08-27 10:10:47,102 - INFO - 1. yor: cos=1.0000
2025-08-27 10:10:47,102 - INFO - 2. fon: cos=1.0000
2025-08-27 10:10:47,102 - INFO - 3. swa: cos=1.0000
2025-08-27 10:10:47,102 - INFO - 4. tsn: cos=1.0000
2025-08-27 10:10:47,102 - INFO - 5. bbj: cos=1.0000
2025-08-27 10:10:47,229 - INFO - === Layer 12 (xlmr) — Top 5 (cosine) ===
2025-08-27 10:10:47,229 - INFO - 1. pcm: cos=0.9997
2025-08-27 10:10:47,229 - INFO - 2. sna: cos=0.9997
2025-08-27 10:10:47,229 - INFO - 3. kin: cos=0.9995
2025-08-27 10:10:47,229 - INFO - 4. luo: cos=0.9994
2025-08-27 10:10:47,229 - INFO - 5. swa: cos=0.9994
2025-08-27 10:10:47,229 - INFO - === Layer 12 (xlmr) — Worst 5 (cosine) ===
2025-08-27 10:10:47,229 - INFO - 1. zul: cos=0.9866
2025-08-27 10:10:47,229 - INFO - 2. xho: cos=0.9942
2025-08-27 10:10:47,229 - INFO - 3. fon: cos=0.9954
2025-08-27 10:10:47,229 - INFO - 4. ewe: cos=0.9974
2025-08-27 10:10:47,229 - INFO - 5. yor: cos=0.9984
2025-08-27 10:10:47,230 - INFO - Experiment finished successfully.
