2025-08-27 09:59:07,192 - INFO - Start: model_type=xlmr, use_cls=False, use_context=True, context_window=1, max_tokens_per_type=400, batch_size=64, output_dir=rq2_train_scripts/Embeddings/CLEAN/outputs/combined/xlmr/config_2_clsfalse_ctxtrue/tokens_400_ctx1/core, save_prototypes=False, seed=42, fp16=True, max_length=96, langs=all, layers=all, span_mode=bio, pool=mean, entity_tags={'PER', 'ORG', 'LOC', 'DATE'}, title_suffix='L=all, tokens=400, ctx=1, cls=false, fp16=true'
2025-08-27 09:59:09,081 - INFO - Processing run
2025-08-27 09:59:09,868 - INFO - Processing bam
2025-08-27 09:59:10,199 - INFO - Processing bbj
2025-08-27 09:59:10,510 - INFO - Processing ewe
2025-08-27 09:59:10,810 - INFO - Processing fon
2025-08-27 09:59:11,198 - INFO - Processing hau
2025-08-27 09:59:11,630 - INFO - Processing ibo
2025-08-27 09:59:12,100 - INFO - Processing kin
2025-08-27 09:59:12,547 - INFO - Processing lug
2025-08-27 09:59:12,980 - INFO - Processing luo
2025-08-27 09:59:13,347 - INFO - Processing mos
2025-08-27 09:59:13,672 - INFO - Processing nya
2025-08-27 09:59:13,933 - INFO - Processing pcm
2025-08-27 09:59:14,052 - INFO - Processing sna
2025-08-27 09:59:14,177 - INFO - Processing swa
2025-08-27 09:59:14,306 - INFO - Processing tsn
2025-08-27 09:59:14,419 - INFO - Processing twi
2025-08-27 09:59:14,541 - INFO - Processing wol
2025-08-27 09:59:14,668 - INFO - Processing xho
2025-08-27 09:59:14,820 - INFO - Processing yor
2025-08-27 09:59:14,972 - INFO - Processing zul
2025-08-27 09:59:15,559 - INFO - === Layer 1 (xlmr) — Top 5 (cosine) ===
2025-08-27 09:59:15,559 - INFO - 1. kin: cos=0.9514
2025-08-27 09:59:15,559 - INFO - 2. twi: cos=0.9417
2025-08-27 09:59:15,559 - INFO - 3. luo: cos=0.9370
2025-08-27 09:59:15,559 - INFO - 4. nya: cos=0.9339
2025-08-27 09:59:15,559 - INFO - 5. tsn: cos=0.9304
2025-08-27 09:59:15,559 - INFO - === Layer 1 (xlmr) — Worst 5 (cosine) ===
2025-08-27 09:59:15,559 - INFO - 1. hau: cos=0.8784
2025-08-27 09:59:15,559 - INFO - 2. fon: cos=0.8836
2025-08-27 09:59:15,559 - INFO - 3. yor: cos=0.8846
2025-08-27 09:59:15,559 - INFO - 4. mos: cos=0.8911
2025-08-27 09:59:15,559 - INFO - 5. bbj: cos=0.8912
2025-08-27 09:59:15,691 - INFO - === Layer 2 (xlmr) — Top 5 (cosine) ===
2025-08-27 09:59:15,692 - INFO - 1. kin: cos=0.9801
2025-08-27 09:59:15,692 - INFO - 2. twi: cos=0.9778
2025-08-27 09:59:15,692 - INFO - 3. luo: cos=0.9760
2025-08-27 09:59:15,692 - INFO - 4. nya: cos=0.9750
2025-08-27 09:59:15,692 - INFO - 5. sna: cos=0.9732
2025-08-27 09:59:15,692 - INFO - === Layer 2 (xlmr) — Worst 5 (cosine) ===
2025-08-27 09:59:15,692 - INFO - 1. hau: cos=0.9517
2025-08-27 09:59:15,692 - INFO - 2. yor: cos=0.9561
2025-08-27 09:59:15,692 - INFO - 3. fon: cos=0.9563
2025-08-27 09:59:15,692 - INFO - 4. pcm: cos=0.9586
2025-08-27 09:59:15,692 - INFO - 5. bbj: cos=0.9605
2025-08-27 09:59:15,822 - INFO - === Layer 3 (xlmr) — Top 5 (cosine) ===
2025-08-27 09:59:15,822 - INFO - 1. kin: cos=0.9859
2025-08-27 09:59:15,822 - INFO - 2. twi: cos=0.9845
2025-08-27 09:59:15,822 - INFO - 3. nya: cos=0.9828
2025-08-27 09:59:15,822 - INFO - 4. luo: cos=0.9822
2025-08-27 09:59:15,822 - INFO - 5. tsn: cos=0.9809
2025-08-27 09:59:15,822 - INFO - === Layer 3 (xlmr) — Worst 5 (cosine) ===
2025-08-27 09:59:15,822 - INFO - 1. hau: cos=0.9651
2025-08-27 09:59:15,822 - INFO - 2. pcm: cos=0.9693
2025-08-27 09:59:15,822 - INFO - 3. fon: cos=0.9701
2025-08-27 09:59:15,822 - INFO - 4. swa: cos=0.9709
2025-08-27 09:59:15,822 - INFO - 5. yor: cos=0.9714
2025-08-27 09:59:15,952 - INFO - === Layer 4 (xlmr) — Top 5 (cosine) ===
2025-08-27 09:59:15,952 - INFO - 1. twi: cos=0.9843
2025-08-27 09:59:15,952 - INFO - 2. kin: cos=0.9836
2025-08-27 09:59:15,952 - INFO - 3. nya: cos=0.9814
2025-08-27 09:59:15,952 - INFO - 4. luo: cos=0.9808
2025-08-27 09:59:15,952 - INFO - 5. tsn: cos=0.9786
2025-08-27 09:59:15,952 - INFO - === Layer 4 (xlmr) — Worst 5 (cosine) ===
2025-08-27 09:59:15,952 - INFO - 1. pcm: cos=0.9635
2025-08-27 09:59:15,952 - INFO - 2. hau: cos=0.9648
2025-08-27 09:59:15,952 - INFO - 3. bbj: cos=0.9670
2025-08-27 09:59:15,952 - INFO - 4. swa: cos=0.9673
2025-08-27 09:59:15,952 - INFO - 5. fon: cos=0.9678
2025-08-27 09:59:16,081 - INFO - === Layer 5 (xlmr) — Top 5 (cosine) ===
2025-08-27 09:59:16,082 - INFO - 1. twi: cos=0.9855
2025-08-27 09:59:16,082 - INFO - 2. kin: cos=0.9844
2025-08-27 09:59:16,082 - INFO - 3. luo: cos=0.9827
2025-08-27 09:59:16,082 - INFO - 4. nya: cos=0.9822
2025-08-27 09:59:16,082 - INFO - 5. tsn: cos=0.9806
2025-08-27 09:59:16,082 - INFO - === Layer 5 (xlmr) — Worst 5 (cosine) ===
2025-08-27 09:59:16,082 - INFO - 1. pcm: cos=0.9637
2025-08-27 09:59:16,082 - INFO - 2. hau: cos=0.9651
2025-08-27 09:59:16,082 - INFO - 3. bbj: cos=0.9662
2025-08-27 09:59:16,082 - INFO - 4. fon: cos=0.9682
2025-08-27 09:59:16,082 - INFO - 5. swa: cos=0.9694
2025-08-27 09:59:16,212 - INFO - === Layer 6 (xlmr) — Top 5 (cosine) ===
2025-08-27 09:59:16,212 - INFO - 1. twi: cos=0.9804
2025-08-27 09:59:16,212 - INFO - 2. kin: cos=0.9792
2025-08-27 09:59:16,212 - INFO - 3. luo: cos=0.9764
2025-08-27 09:59:16,212 - INFO - 4. tsn: cos=0.9730
2025-08-27 09:59:16,212 - INFO - 5. zul: cos=0.9720
2025-08-27 09:59:16,212 - INFO - === Layer 6 (xlmr) — Worst 5 (cosine) ===
2025-08-27 09:59:16,212 - INFO - 1. pcm: cos=0.9505
2025-08-27 09:59:16,212 - INFO - 2. bbj: cos=0.9550
2025-08-27 09:59:16,212 - INFO - 3. hau: cos=0.9576
2025-08-27 09:59:16,212 - INFO - 4. swa: cos=0.9593
2025-08-27 09:59:16,212 - INFO - 5. fon: cos=0.9605
2025-08-27 09:59:16,341 - INFO - === Layer 7 (xlmr) — Top 5 (cosine) ===
2025-08-27 09:59:16,341 - INFO - 1. twi: cos=0.9844
2025-08-27 09:59:16,341 - INFO - 2. kin: cos=0.9835
2025-08-27 09:59:16,341 - INFO - 3. luo: cos=0.9807
2025-08-27 09:59:16,341 - INFO - 4. tsn: cos=0.9782
2025-08-27 09:59:16,341 - INFO - 5. zul: cos=0.9773
2025-08-27 09:59:16,341 - INFO - === Layer 7 (xlmr) — Worst 5 (cosine) ===
2025-08-27 09:59:16,341 - INFO - 1. pcm: cos=0.9596
2025-08-27 09:59:16,341 - INFO - 2. bbj: cos=0.9648
2025-08-27 09:59:16,341 - INFO - 3. hau: cos=0.9659
2025-08-27 09:59:16,341 - INFO - 4. swa: cos=0.9664
2025-08-27 09:59:16,341 - INFO - 5. yor: cos=0.9676
2025-08-27 09:59:16,463 - INFO - === Layer 8 (xlmr) — Top 5 (cosine) ===
2025-08-27 09:59:16,463 - INFO - 1. twi: cos=0.9864
2025-08-27 09:59:16,463 - INFO - 2. kin: cos=0.9837
2025-08-27 09:59:16,463 - INFO - 3. luo: cos=0.9799
2025-08-27 09:59:16,463 - INFO - 4. lug: cos=0.9788
2025-08-27 09:59:16,463 - INFO - 5. ewe: cos=0.9780
2025-08-27 09:59:16,463 - INFO - === Layer 8 (xlmr) — Worst 5 (cosine) ===
2025-08-27 09:59:16,463 - INFO - 1. bbj: cos=0.9655
2025-08-27 09:59:16,463 - INFO - 2. yor: cos=0.9661
2025-08-27 09:59:16,463 - INFO - 3. xho: cos=0.9661
2025-08-27 09:59:16,463 - INFO - 4. ibo: cos=0.9684
2025-08-27 09:59:16,463 - INFO - 5. fon: cos=0.9710
2025-08-27 09:59:16,657 - INFO - === Layer 9 (xlmr) — Top 5 (cosine) ===
2025-08-27 09:59:16,657 - INFO - 1. twi: cos=0.9888
2025-08-27 09:59:16,657 - INFO - 2. kin: cos=0.9835
2025-08-27 09:59:16,657 - INFO - 3. zul: cos=0.9818
2025-08-27 09:59:16,657 - INFO - 4. ewe: cos=0.9814
2025-08-27 09:59:16,657 - INFO - 5. luo: cos=0.9809
2025-08-27 09:59:16,657 - INFO - === Layer 9 (xlmr) — Worst 5 (cosine) ===
2025-08-27 09:59:16,657 - INFO - 1. bbj: cos=0.9692
2025-08-27 09:59:16,657 - INFO - 2. xho: cos=0.9706
2025-08-27 09:59:16,657 - INFO - 3. yor: cos=0.9710
2025-08-27 09:59:16,657 - INFO - 4. ibo: cos=0.9734
2025-08-27 09:59:16,657 - INFO - 5. bam: cos=0.9741
2025-08-27 09:59:16,797 - INFO - === Layer 10 (xlmr) — Top 5 (cosine) ===
2025-08-27 09:59:16,797 - INFO - 1. twi: cos=0.9859
2025-08-27 09:59:16,797 - INFO - 2. kin: cos=0.9823
2025-08-27 09:59:16,797 - INFO - 3. lug: cos=0.9811
2025-08-27 09:59:16,797 - INFO - 4. nya: cos=0.9808
2025-08-27 09:59:16,797 - INFO - 5. mos: cos=0.9801
2025-08-27 09:59:16,797 - INFO - === Layer 10 (xlmr) — Worst 5 (cosine) ===
2025-08-27 09:59:16,797 - INFO - 1. yor: cos=0.9635
2025-08-27 09:59:16,797 - INFO - 2. bbj: cos=0.9683
2025-08-27 09:59:16,797 - INFO - 3. xho: cos=0.9691
2025-08-27 09:59:16,797 - INFO - 4. pcm: cos=0.9732
2025-08-27 09:59:16,797 - INFO - 5. ibo: cos=0.9732
2025-08-27 09:59:16,944 - INFO - === Layer 11 (xlmr) — Top 5 (cosine) ===
2025-08-27 09:59:16,944 - INFO - 1. nya: cos=0.9850
2025-08-27 09:59:16,944 - INFO - 2. twi: cos=0.9834
2025-08-27 09:59:16,944 - INFO - 3. mos: cos=0.9821
2025-08-27 09:59:16,944 - INFO - 4. sna: cos=0.9810
2025-08-27 09:59:16,944 - INFO - 5. wol: cos=0.9806
2025-08-27 09:59:16,944 - INFO - === Layer 11 (xlmr) — Worst 5 (cosine) ===
2025-08-27 09:59:16,944 - INFO - 1. yor: cos=0.9682
2025-08-27 09:59:16,944 - INFO - 2. bbj: cos=0.9692
2025-08-27 09:59:16,944 - INFO - 3. swa: cos=0.9739
2025-08-27 09:59:16,944 - INFO - 4. xho: cos=0.9740
2025-08-27 09:59:16,944 - INFO - 5. hau: cos=0.9744
2025-08-27 09:59:17,066 - INFO - === Layer 12 (xlmr) — Top 5 (cosine) ===
2025-08-27 09:59:17,066 - INFO - 1. nya: cos=0.9987
2025-08-27 09:59:17,066 - INFO - 2. twi: cos=0.9985
2025-08-27 09:59:17,066 - INFO - 3. sna: cos=0.9984
2025-08-27 09:59:17,066 - INFO - 4. kin: cos=0.9983
2025-08-27 09:59:17,066 - INFO - 5. mos: cos=0.9983
2025-08-27 09:59:17,066 - INFO - === Layer 12 (xlmr) — Worst 5 (cosine) ===
2025-08-27 09:59:17,066 - INFO - 1. yor: cos=0.9964
2025-08-27 09:59:17,066 - INFO - 2. bbj: cos=0.9971
2025-08-27 09:59:17,066 - INFO - 3. hau: cos=0.9974
2025-08-27 09:59:17,066 - INFO - 4. pcm: cos=0.9975
2025-08-27 09:59:17,066 - INFO - 5. swa: cos=0.9975
2025-08-27 09:59:17,067 - INFO - Experiment finished successfully.
