2025-08-02 19:32:31,633 - INFO - Experiment started with model_type=xlmr, use_cls=True, use_context=False, context_window=1, use_hybrid=False, max_tokens_per_type=300, output_dir=rq2_train_scripts/Embeddings/MEXA_inspired_strategy/outputs/combined/xlmr/config_1_clstrue_ctxfalse_hybfalse/tokens_300_ctx1
2025-08-02 19:32:33,342 - INFO - Processing run
2025-08-02 19:32:36,486 - INFO - Processing bam
2025-08-02 19:32:39,163 - INFO - Processing bbj
2025-08-02 19:32:41,888 - INFO - Processing ewe
2025-08-02 19:32:44,609 - INFO - Processing fon
2025-08-02 19:32:47,356 - INFO - Processing hau
2025-08-02 19:32:50,084 - INFO - Processing ibo
2025-08-02 19:32:52,861 - INFO - Processing kin
2025-08-02 19:32:55,581 - INFO - Processing lug
2025-08-02 19:32:58,263 - INFO - Processing luo
2025-08-02 19:33:00,974 - INFO - Processing mos
2025-08-02 19:33:03,713 - INFO - Processing nya
2025-08-02 19:33:06,428 - INFO - Processing pcm
2025-08-02 19:33:09,107 - INFO - Processing sna
2025-08-02 19:33:11,823 - INFO - Processing swa
2025-08-02 19:33:14,503 - INFO - Processing tsn
2025-08-02 19:33:17,177 - INFO - Processing twi
2025-08-02 19:33:19,865 - INFO - Processing wol
2025-08-02 19:33:22,578 - INFO - Processing xho
2025-08-02 19:33:25,278 - INFO - Processing yor
2025-08-02 19:33:28,027 - INFO - Processing zul
2025-08-02 19:33:31,223 - INFO - Top 5 languages most similar to Runyankore:
2025-08-02 19:33:31,224 - INFO - 1. lug - Mean Similarity: 1.0000
2025-08-02 19:33:31,224 - INFO - 2. twi - Mean Similarity: 0.9999
2025-08-02 19:33:31,224 - INFO - 3. tsn - Mean Similarity: 0.9999
2025-08-02 19:33:31,224 - INFO - 4. luo - Mean Similarity: 0.9999
2025-08-02 19:33:31,224 - INFO - 5. nya - Mean Similarity: 0.9999
2025-08-02 19:33:31,224 - INFO - Experiment finished successfully.
