2025-08-24 11:50:20,787 - INFO - Start: model_type=mbert, run_both=False, use_cls=True, use_context=True, context_window=3, max_tokens_per_type=300, batch_size=32, seed=1, num_middle_layers=3, output_dir=rq2_train_scripts/Embeddings/EXTENDED/outputs/mptc_extended/mbert/config_4_clstrue_ctxtrue_hybfalse/tokens_300_ctx322025-08-24 11:50:21,310 - INFO - mbert: selected layer indices (hidden_states) = [2, 3, 10, 12]22025-08-24 11:50:22,180 - INFO - Processing run22025-08-24 11:50:22,675 - INFO - Processing bam
2025-08-24 11:50:22,824 - INFO - Processing bbj
2025-08-24 11:50:22,930 - INFO - Processing ewe
2025-08-24 11:50:23,049 - INFO - Processing fon
2025-08-24 11:50:23,181 - INFO - Processing hau
2025-08-24 11:50:23,293 - INFO - Processing ibo
2025-08-24 11:50:23,454 - INFO - Processing kin
2025-08-24 11:50:23,573 - INFO - Processing lug
2025-08-24 11:50:23,699 - INFO - Processing luo
2025-08-24 11:50:23,824 - INFO - Processing mos
2025-08-24 11:50:23,944 - INFO - Processing nya
2025-08-24 11:50:24,065 - INFO - Processing pcm
2025-08-24 11:50:24,168 - INFO - Processing sna
2025-08-24 11:50:24,325 - INFO - Processing swa
2025-08-24 11:50:24,459 - INFO - Processing tsn22025-08-24 11:50:24,574 - INFO - Processing twi22025-08-24 11:50:24,687 - INFO - Processing wol22025-08-24 11:50:24,809 - INFO - Processing xho2025-08-24 11:50:24,977 - INFO - Processing yor
2025-08-24 11:50:25,243 - INFO - Processing zul
2025-08-24 11:50:25,625 - INFO - Layer 2 (mbert) — Top 5
2025-08-24 11:50:25,625 - INFO - 1. lug: r=1.0000
2025-08-24 11:50:25,625 - INFO - 2. sna: r=1.0000
2025-08-24 11:50:25,625 - INFO - 3. wol: r=1.0000
2025-08-24 11:50:25,625 - INFO - 4. kin: r=1.0000
2025-08-24 11:50:25,625 - INFO - 5. hau: r=1.0000
2025-08-24 11:50:25,625 - INFO - Layer 2 (mbert) — Worst 5
2025-08-24 11:50:25,625 - INFO - 1. pcm: r=0.9999
2025-08-24 11:50:25,625 - INFO - 2. yor: r=0.9999
2025-08-24 11:50:25,625 - INFO - 3. bbj: r=0.9999
2025-08-24 11:50:25,625 - INFO - 4. ewe: r=0.9999
2025-08-24 11:50:25,625 - INFO - 5. fon: r=0.9999
2025-08-24 11:50:25,745 - INFO - Layer 3 (mbert) — Top 5
2025-08-24 11:50:25,746 - INFO - 1. lug: r=1.0000
2025-08-24 11:50:25,746 - INFO - 2. sna: r=1.0000
2025-08-24 11:50:25,746 - INFO - 3. hau: r=1.0000
2025-08-24 11:50:25,746 - INFO - 4. kin: r=1.0000
2025-08-24 11:50:25,746 - INFO - 5. wol: r=1.0000
2025-08-24 11:50:25,746 - INFO - Layer 3 (mbert) — Worst 5
2025-08-24 11:50:25,746 - INFO - 1. pcm: r=1.0000
2025-08-24 11:50:25,746 - INFO - 2. bbj: r=1.0000
2025-08-24 11:50:25,746 - INFO - 3. yor: r=1.0000
2025-08-24 11:50:25,746 - INFO - 4. ewe: r=1.0000
2025-08-24 11:50:25,746 - INFO - 5. fon: r=1.0000
2025-08-24 11:50:25,865 - INFO - Layer 10 (mbert) — Top 5
2025-08-24 11:50:25,865 - INFO - 1. lug: r=0.9926
2025-08-24 11:50:25,865 - INFO - 2. sna: r=0.9924
2025-08-24 11:50:25,865 - INFO - 3. kin: r=0.9922
2025-08-24 11:50:25,865 - INFO - 4. nya: r=0.9914
2025-08-24 11:50:25,865 - INFO - 5. twi: r=0.9902
2025-08-24 11:50:25,865 - INFO - Layer 10 (mbert) — Worst 5
2025-08-24 11:50:25,865 - INFO - 1. pcm: r=0.9686
2025-08-24 11:50:25,865 - INFO - 2. yor: r=0.9717
2025-08-24 11:50:25,865 - INFO - 3. bbj: r=0.9723
2025-08-24 11:50:25,865 - INFO - 4. fon: r=0.9782
2025-08-24 11:50:25,865 - INFO - 5. bam: r=0.9809
2025-08-24 11:50:25,986 - INFO - Layer 12 (mbert) — Top 5
2025-08-24 11:50:25,986 - INFO - 1. kin: r=0.9896
2025-08-24 11:50:25,986 - INFO - 2. sna: r=0.9890
2025-08-24 11:50:25,986 - INFO - 3. nya: r=0.9890
2025-08-24 11:50:25,986 - INFO - 4. lug: r=0.9875
2025-08-24 11:50:25,986 - INFO - 5. xho: r=0.9850
2025-08-24 11:50:25,986 - INFO - Layer 12 (mbert) — Worst 5
2025-08-24 11:50:25,986 - INFO - 1. bbj: r=0.9329
2025-08-24 11:50:25,986 - INFO - 2. pcm: r=0.9461
2025-08-24 11:50:25,986 - INFO - 3. fon: r=0.9537
2025-08-24 11:50:25,986 - INFO - 4. yor: r=0.9584
2025-08-24 11:50:25,986 - INFO - 5. ewe: r=0.9716
2025-08-24 11:50:25,987 - INFO - Experiment finished successfully.

