2025-08-27 09:24:11,927 - INFO - Start: model_type=xlmr, use_cls=False, use_context=False, context_window=0, max_tokens_per_type=400, batch_size=64, output_dir=rq2_train_scripts/Embeddings/CLEAN/outputs/salt/xlmr/config_0_clsfalse_ctxfalse/tokens_400_ctx0/core, save_prototypes=False, seed=42, fp16=True, max_length=96, langs=all, layers=all, span_mode=bio, pool=mean, entity_tags={'ORG', 'PER', 'DATE', 'LOC'}, title_suffix='L=all, tokens=400, ctx=0, cls=false, fp16=true'
2025-08-27 09:24:13,863 - INFO - Processing run
2025-08-27 09:24:14,365 - INFO - Processing bam
2025-08-27 09:24:14,527 - INFO - Processing bbj
2025-08-27 09:24:14,893 - INFO - Processing ewe
2025-08-27 09:24:15,353 - INFO - Processing fon
2025-08-27 09:24:15,942 - INFO - Processing hau
2025-08-27 09:24:16,555 - INFO - Processing ibo
2025-08-27 09:24:17,112 - INFO - Processing kin
2025-08-27 09:24:17,699 - INFO - Processing lug
2025-08-27 09:24:18,296 - INFO - Processing luo
2025-08-27 09:24:18,744 - INFO - Processing mos
2025-08-27 09:24:19,336 - INFO - Processing nya
2025-08-27 09:24:19,929 - INFO - Processing pcm
2025-08-27 09:24:20,527 - INFO - Processing sna
2025-08-27 09:24:21,103 - INFO - Processing swa
2025-08-27 09:24:21,697 - INFO - Processing tsn
2025-08-27 09:24:22,007 - INFO - Processing twi
2025-08-27 09:24:22,361 - INFO - Processing wol
2025-08-27 09:24:22,603 - INFO - Processing xho
2025-08-27 09:24:22,725 - INFO - Processing yor
2025-08-27 09:24:22,876 - INFO - Processing zul
2025-08-27 09:24:23,442 - INFO - === Layer 1 (xlmr) — Top 5 (cosine) ===
2025-08-27 09:24:23,442 - INFO - 1. kin: cos=0.9673
2025-08-27 09:24:23,442 - INFO - 2. twi: cos=0.9615
2025-08-27 09:24:23,442 - INFO - 3. luo: cos=0.9559
2025-08-27 09:24:23,442 - INFO - 4. nya: cos=0.9511
2025-08-27 09:24:23,442 - INFO - 5. tsn: cos=0.9499
2025-08-27 09:24:23,442 - INFO - === Layer 1 (xlmr) — Worst 5 (cosine) ===
2025-08-27 09:24:23,442 - INFO - 1. hau: cos=0.8993
2025-08-27 09:24:23,442 - INFO - 2. mos: cos=0.9134
2025-08-27 09:24:23,442 - INFO - 3. fon: cos=0.9148
2025-08-27 09:24:23,442 - INFO - 4. yor: cos=0.9169
2025-08-27 09:24:23,442 - INFO - 5. bam: cos=0.9243
2025-08-27 09:24:23,570 - INFO - === Layer 2 (xlmr) — Top 5 (cosine) ===
2025-08-27 09:24:23,570 - INFO - 1. kin: cos=0.9857
2025-08-27 09:24:23,570 - INFO - 2. twi: cos=0.9843
2025-08-27 09:24:23,570 - INFO - 3. luo: cos=0.9825
2025-08-27 09:24:23,570 - INFO - 4. ibo: cos=0.9793
2025-08-27 09:24:23,570 - INFO - 5. nya: cos=0.9786
2025-08-27 09:24:23,570 - INFO - === Layer 2 (xlmr) — Worst 5 (cosine) ===
2025-08-27 09:24:23,570 - INFO - 1. hau: cos=0.9550
2025-08-27 09:24:23,570 - INFO - 2. fon: cos=0.9650
2025-08-27 09:24:23,570 - INFO - 3. yor: cos=0.9651
2025-08-27 09:24:23,571 - INFO - 4. mos: cos=0.9673
2025-08-27 09:24:23,571 - INFO - 5. pcm: cos=0.9678
2025-08-27 09:24:23,700 - INFO - === Layer 3 (xlmr) — Top 5 (cosine) ===
2025-08-27 09:24:23,700 - INFO - 1. kin: cos=0.9895
2025-08-27 09:24:23,700 - INFO - 2. twi: cos=0.9877
2025-08-27 09:24:23,700 - INFO - 3. luo: cos=0.9858
2025-08-27 09:24:23,700 - INFO - 4. ibo: cos=0.9851
2025-08-27 09:24:23,700 - INFO - 5. nya: cos=0.9846
2025-08-27 09:24:23,700 - INFO - === Layer 3 (xlmr) — Worst 5 (cosine) ===
2025-08-27 09:24:23,700 - INFO - 1. hau: cos=0.9646
2025-08-27 09:24:23,700 - INFO - 2. pcm: cos=0.9748
2025-08-27 09:24:23,700 - INFO - 3. fon: cos=0.9753
2025-08-27 09:24:23,700 - INFO - 4. swa: cos=0.9760
2025-08-27 09:24:23,700 - INFO - 5. mos: cos=0.9770
2025-08-27 09:24:23,828 - INFO - === Layer 4 (xlmr) — Top 5 (cosine) ===
2025-08-27 09:24:23,828 - INFO - 1. kin: cos=0.9874
2025-08-27 09:24:23,828 - INFO - 2. twi: cos=0.9866
2025-08-27 09:24:23,829 - INFO - 3. luo: cos=0.9845
2025-08-27 09:24:23,829 - INFO - 4. ibo: cos=0.9844
2025-08-27 09:24:23,829 - INFO - 5. nya: cos=0.9830
2025-08-27 09:24:23,829 - INFO - === Layer 4 (xlmr) — Worst 5 (cosine) ===
2025-08-27 09:24:23,829 - INFO - 1. hau: cos=0.9645
2025-08-27 09:24:23,829 - INFO - 2. pcm: cos=0.9721
2025-08-27 09:24:23,829 - INFO - 3. fon: cos=0.9735
2025-08-27 09:24:23,829 - INFO - 4. swa: cos=0.9746
2025-08-27 09:24:23,829 - INFO - 5. bbj: cos=0.9747
2025-08-27 09:24:23,959 - INFO - === Layer 5 (xlmr) — Top 5 (cosine) ===
2025-08-27 09:24:23,959 - INFO - 1. kin: cos=0.9888
2025-08-27 09:24:23,959 - INFO - 2. twi: cos=0.9886
2025-08-27 09:24:23,959 - INFO - 3. luo: cos=0.9867
2025-08-27 09:24:23,959 - INFO - 4. ibo: cos=0.9853
2025-08-27 09:24:23,959 - INFO - 5. nya: cos=0.9852
2025-08-27 09:24:23,959 - INFO - === Layer 5 (xlmr) — Worst 5 (cosine) ===
2025-08-27 09:24:23,959 - INFO - 1. hau: cos=0.9663
2025-08-27 09:24:23,959 - INFO - 2. fon: cos=0.9755
2025-08-27 09:24:23,959 - INFO - 3. pcm: cos=0.9757
2025-08-27 09:24:23,959 - INFO - 4. bbj: cos=0.9758
2025-08-27 09:24:23,959 - INFO - 5. bam: cos=0.9768
2025-08-27 09:24:24,087 - INFO - === Layer 6 (xlmr) — Top 5 (cosine) ===
2025-08-27 09:24:24,087 - INFO - 1. kin: cos=0.9840
2025-08-27 09:24:24,087 - INFO - 2. twi: cos=0.9839
2025-08-27 09:24:24,087 - INFO - 3. luo: cos=0.9802
2025-08-27 09:24:24,087 - INFO - 4. ibo: cos=0.9798
2025-08-27 09:24:24,087 - INFO - 5. zul: cos=0.9762
2025-08-27 09:24:24,087 - INFO - === Layer 6 (xlmr) — Worst 5 (cosine) ===
2025-08-27 09:24:24,087 - INFO - 1. pcm: cos=0.9582
2025-08-27 09:24:24,087 - INFO - 2. hau: cos=0.9603
2025-08-27 09:24:24,087 - INFO - 3. swa: cos=0.9661
2025-08-27 09:24:24,087 - INFO - 4. bbj: cos=0.9663
2025-08-27 09:24:24,087 - INFO - 5. fon: cos=0.9677
2025-08-27 09:24:24,209 - INFO - === Layer 7 (xlmr) — Top 5 (cosine) ===
2025-08-27 09:24:24,209 - INFO - 1. twi: cos=0.9875
2025-08-27 09:24:24,209 - INFO - 2. kin: cos=0.9872
2025-08-27 09:24:24,209 - INFO - 3. luo: cos=0.9839
2025-08-27 09:24:24,209 - INFO - 4. tsn: cos=0.9812
2025-08-27 09:24:24,209 - INFO - 5. zul: cos=0.9809
2025-08-27 09:24:24,209 - INFO - === Layer 7 (xlmr) — Worst 5 (cosine) ===
2025-08-27 09:24:24,209 - INFO - 1. pcm: cos=0.9689
2025-08-27 09:24:24,209 - INFO - 2. hau: cos=0.9696
2025-08-27 09:24:24,209 - INFO - 3. swa: cos=0.9736
2025-08-27 09:24:24,209 - INFO - 4. bbj: cos=0.9736
2025-08-27 09:24:24,209 - INFO - 5. yor: cos=0.9738
2025-08-27 09:24:24,333 - INFO - === Layer 8 (xlmr) — Top 5 (cosine) ===
2025-08-27 09:24:24,333 - INFO - 1. twi: cos=0.9891
2025-08-27 09:24:24,333 - INFO - 2. kin: cos=0.9877
2025-08-27 09:24:24,333 - INFO - 3. luo: cos=0.9835
2025-08-27 09:24:24,333 - INFO - 4. ewe: cos=0.9829
2025-08-27 09:24:24,333 - INFO - 5. lug: cos=0.9811
2025-08-27 09:24:24,333 - INFO - === Layer 8 (xlmr) — Worst 5 (cosine) ===
2025-08-27 09:24:24,333 - INFO - 1. xho: cos=0.9690
2025-08-27 09:24:24,333 - INFO - 2. hau: cos=0.9702
2025-08-27 09:24:24,333 - INFO - 3. yor: cos=0.9712
2025-08-27 09:24:24,333 - INFO - 4. sna: cos=0.9727
2025-08-27 09:24:24,333 - INFO - 5. bbj: cos=0.9735
2025-08-27 09:24:24,534 - INFO - === Layer 9 (xlmr) — Top 5 (cosine) ===
2025-08-27 09:24:24,534 - INFO - 1. twi: cos=0.9903
2025-08-27 09:24:24,534 - INFO - 2. kin: cos=0.9877
2025-08-27 09:24:24,534 - INFO - 3. ewe: cos=0.9844
2025-08-27 09:24:24,534 - INFO - 4. luo: cos=0.9839
2025-08-27 09:24:24,534 - INFO - 5. tsn: cos=0.9830
2025-08-27 09:24:24,534 - INFO - === Layer 9 (xlmr) — Worst 5 (cosine) ===
2025-08-27 09:24:24,534 - INFO - 1. hau: cos=0.9703
2025-08-27 09:24:24,534 - INFO - 2. bam: cos=0.9727
2025-08-27 09:24:24,534 - INFO - 3. xho: cos=0.9730
2025-08-27 09:24:24,534 - INFO - 4. yor: cos=0.9732
2025-08-27 09:24:24,534 - INFO - 5. sna: cos=0.9751
2025-08-27 09:24:24,694 - INFO - === Layer 10 (xlmr) — Top 5 (cosine) ===
2025-08-27 09:24:24,694 - INFO - 1. twi: cos=0.9884
2025-08-27 09:24:24,694 - INFO - 2. kin: cos=0.9869
2025-08-27 09:24:24,695 - INFO - 3. ewe: cos=0.9824
2025-08-27 09:24:24,695 - INFO - 4. lug: cos=0.9817
2025-08-27 09:24:24,695 - INFO - 5. tsn: cos=0.9815
2025-08-27 09:24:24,695 - INFO - === Layer 10 (xlmr) — Worst 5 (cosine) ===
2025-08-27 09:24:24,695 - INFO - 1. yor: cos=0.9650
2025-08-27 09:24:24,695 - INFO - 2. xho: cos=0.9701
2025-08-27 09:24:24,695 - INFO - 3. bam: cos=0.9714
2025-08-27 09:24:24,695 - INFO - 4. hau: cos=0.9717
2025-08-27 09:24:24,695 - INFO - 5. sna: cos=0.9729
2025-08-27 09:24:24,821 - INFO - === Layer 11 (xlmr) — Top 5 (cosine) ===
2025-08-27 09:24:24,821 - INFO - 1. nya: cos=0.9866
2025-08-27 09:24:24,821 - INFO - 2. twi: cos=0.9865
2025-08-27 09:24:24,821 - INFO - 3. kin: cos=0.9851
2025-08-27 09:24:24,821 - INFO - 4. ewe: cos=0.9843
2025-08-27 09:24:24,821 - INFO - 5. mos: cos=0.9842
2025-08-27 09:24:24,821 - INFO - === Layer 11 (xlmr) — Worst 5 (cosine) ===
2025-08-27 09:24:24,821 - INFO - 1. yor: cos=0.9720
2025-08-27 09:24:24,821 - INFO - 2. hau: cos=0.9760
2025-08-27 09:24:24,821 - INFO - 3. xho: cos=0.9760
2025-08-27 09:24:24,821 - INFO - 4. sna: cos=0.9781
2025-08-27 09:24:24,821 - INFO - 5. bam: cos=0.9790
2025-08-27 09:24:24,949 - INFO - === Layer 12 (xlmr) — Top 5 (cosine) ===
2025-08-27 09:24:24,949 - INFO - 1. nya: cos=0.9987
2025-08-27 09:24:24,949 - INFO - 2. kin: cos=0.9987
2025-08-27 09:24:24,949 - INFO - 3. mos: cos=0.9986
2025-08-27 09:24:24,949 - INFO - 4. twi: cos=0.9986
2025-08-27 09:24:24,949 - INFO - 5. ewe: cos=0.9986
2025-08-27 09:24:24,949 - INFO - === Layer 12 (xlmr) — Worst 5 (cosine) ===
2025-08-27 09:24:24,949 - INFO - 1. yor: cos=0.9967
2025-08-27 09:24:24,949 - INFO - 2. lug: cos=0.9973
2025-08-27 09:24:24,949 - INFO - 3. hau: cos=0.9974
2025-08-27 09:24:24,949 - INFO - 4. bam: cos=0.9979
2025-08-27 09:24:24,949 - INFO - 5. xho: cos=0.9979
2025-08-27 09:24:24,950 - INFO - Experiment finished successfully.
