2025-08-24 11:33:16,088 - INFO - Start: model_type=xlmr, run_both=False, use_cls=True, use_context=False, context_window=3, max_tokens_per_type=300, batch_size=32, seed=1, num_middle_layers=3, output_dir=rq2_train_scripts/Embeddings/EXTENDED/outputs/combined_extended/xlmr/config_5_clstrue_ctxfalse_hybtrue/tokens_300_ctx3
2025-08-24 11:33:16,653 - INFO - xlmr: selected layer indices (hidden_states) = [2, 3, 10, 12]
2025-08-24 11:33:18,048 - INFO - Processing run
2025-08-24 11:33:18,461 - INFO - Processing bam
2025-08-24 11:33:18,542 - INFO - Processing bbj
2025-08-24 11:33:18,607 - INFO - Processing ewe
2025-08-24 11:33:18,673 - INFO - Processing fon
2025-08-24 11:33:18,758 - INFO - Processing hau
2025-08-24 11:33:18,833 - INFO - Processing ibo
2025-08-24 11:33:18,947 - INFO - Processing kin
2025-08-24 11:33:19,044 - INFO - Processing lug
2025-08-24 11:33:19,120 - INFO - Processing luo
2025-08-24 11:33:19,208 - INFO - Processing mos
2025-08-24 11:33:19,289 - INFO - Processing nya
2025-08-24 11:33:19,380 - INFO - Processing pcm
2025-08-24 11:33:19,452 - INFO - Processing sna
2025-08-24 11:33:19,579 - INFO - Processing swa
2025-08-24 11:33:19,656 - INFO - Processing tsn
2025-08-24 11:33:19,721 - INFO - Processing twi
2025-08-24 11:33:19,803 - INFO - Processing wol
2025-08-24 11:33:19,870 - INFO - Processing xho
2025-08-24 11:33:19,934 - INFO - Processing yor
2025-08-24 11:33:20,028 - INFO - Processing zul
2025-08-24 11:33:20,450 - INFO - Layer 2 (xlmr) — Top 5
2025-08-24 11:33:20,450 - INFO - 1. kin: r=1.0000
2025-08-24 11:33:20,450 - INFO - 2. twi: r=1.0000
2025-08-24 11:33:20,450 - INFO - 3. luo: r=1.0000
2025-08-24 11:33:20,450 - INFO - 4. tsn: r=1.0000
2025-08-24 11:33:20,450 - INFO - 5. ewe: r=1.0000
2025-08-24 11:33:20,450 - INFO - Layer 2 (xlmr) — Worst 5
2025-08-24 11:33:20,451 - INFO - 1. bam: r=0.9999
2025-08-24 11:33:20,451 - INFO - 2. fon: r=0.9999
2025-08-24 11:33:20,451 - INFO - 3. bbj: r=0.9999
2025-08-24 11:33:20,451 - INFO - 4. mos: r=1.0000
2025-08-24 11:33:20,451 - INFO - 5. pcm: r=1.0000
2025-08-24 11:33:20,593 - INFO - Layer 3 (xlmr) — Top 5
2025-08-24 11:33:20,593 - INFO - 1. kin: r=1.0000
2025-08-24 11:33:20,593 - INFO - 2. twi: r=1.0000
2025-08-24 11:33:20,593 - INFO - 3. tsn: r=1.0000
2025-08-24 11:33:20,593 - INFO - 4. ewe: r=1.0000
2025-08-24 11:33:20,593 - INFO - 5. luo: r=1.0000
2025-08-24 11:33:20,593 - INFO - Layer 3 (xlmr) — Worst 5
2025-08-24 11:33:20,593 - INFO - 1. bbj: r=1.0000
2025-08-24 11:33:20,593 - INFO - 2. fon: r=1.0000
2025-08-24 11:33:20,593 - INFO - 3. bam: r=1.0000
2025-08-24 11:33:20,593 - INFO - 4. pcm: r=1.0000
2025-08-24 11:33:20,593 - INFO - 5. mos: r=1.0000
2025-08-24 11:33:20,708 - INFO - Layer 10 (xlmr) — Top 5
2025-08-24 11:33:20,708 - INFO - 1. swa: r=1.0000
2025-08-24 11:33:20,708 - INFO - 2. kin: r=1.0000
2025-08-24 11:33:20,708 - INFO - 3. tsn: r=1.0000
2025-08-24 11:33:20,708 - INFO - 4. luo: r=1.0000
2025-08-24 11:33:20,708 - INFO - 5. zul: r=1.0000
2025-08-24 11:33:20,708 - INFO - Layer 10 (xlmr) — Worst 5
2025-08-24 11:33:20,708 - INFO - 1. fon: r=1.0000
2025-08-24 11:33:20,708 - INFO - 2. hau: r=1.0000
2025-08-24 11:33:20,708 - INFO - 3. pcm: r=1.0000
2025-08-24 11:33:20,708 - INFO - 4. ibo: r=1.0000
2025-08-24 11:33:20,708 - INFO - 5. bbj: r=1.0000
2025-08-24 11:33:20,820 - INFO - Layer 12 (xlmr) — Top 5
2025-08-24 11:33:20,820 - INFO - 1. lug: r=0.9999
2025-08-24 11:33:20,820 - INFO - 2. twi: r=0.9999
2025-08-24 11:33:20,820 - INFO - 3. mos: r=0.9998
2025-08-24 11:33:20,820 - INFO - 4. nya: r=0.9998
2025-08-24 11:33:20,820 - INFO - 5. zul: r=0.9998
2025-08-24 11:33:20,820 - INFO - Layer 12 (xlmr) — Worst 5
2025-08-24 11:33:20,820 - INFO - 1. hau: r=0.9974
2025-08-24 11:33:20,820 - INFO - 2. fon: r=0.9992
2025-08-24 11:33:20,820 - INFO - 3. pcm: r=0.9994
2025-08-24 11:33:20,820 - INFO - 4. ibo: r=0.9996
2025-08-24 11:33:20,820 - INFO - 5. swa: r=0.9997
2025-08-24 11:33:20,821 - INFO - Experiment finished successfully.
