2025-08-24 11:32:57,020 - INFO - Start: model_type=xlmr, run_both=False, use_cls=True, use_context=False, context_window=2, max_tokens_per_type=400, batch_size=32, seed=1, num_middle_layers=3, output_dir=rq2_train_scripts/Embeddings/EXTENDED/outputs/combined_extended/xlmr/config_5_clstrue_ctxfalse_hybtrue/tokens_400_ctx2
2025-08-24 11:32:57,562 - INFO - xlmr: selected layer indices (hidden_states) = [2, 3, 10, 12]
2025-08-24 11:32:58,926 - INFO - Processing run
2025-08-24 11:32:59,367 - INFO - Processing bam
2025-08-24 11:32:59,458 - INFO - Processing bbj
2025-08-24 11:32:59,536 - INFO - Processing ewe
2025-08-24 11:32:59,608 - INFO - Processing fon
2025-08-24 11:32:59,697 - INFO - Processing hau
2025-08-24 11:32:59,786 - INFO - Processing ibo
2025-08-24 11:32:59,912 - INFO - Processing kin
2025-08-24 11:33:00,016 - INFO - Processing lug
2025-08-24 11:33:00,133 - INFO - Processing luo
2025-08-24 11:33:00,217 - INFO - Processing mos
2025-08-24 11:33:00,307 - INFO - Processing nya
2025-08-24 11:33:00,398 - INFO - Processing pcm
2025-08-24 11:33:00,488 - INFO - Processing sna
2025-08-24 11:33:00,583 - INFO - Processing swa
2025-08-24 11:33:00,697 - INFO - Processing tsn
2025-08-24 11:33:00,775 - INFO - Processing twi
2025-08-24 11:33:00,847 - INFO - Processing wol
2025-08-24 11:33:00,934 - INFO - Processing xho
2025-08-24 11:33:01,007 - INFO - Processing yor
2025-08-24 11:33:01,105 - INFO - Processing zul
2025-08-24 11:33:01,596 - INFO - Layer 2 (xlmr) — Top 5
2025-08-24 11:33:01,596 - INFO - 1. kin: r=1.0000
2025-08-24 11:33:01,596 - INFO - 2. luo: r=1.0000
2025-08-24 11:33:01,596 - INFO - 3. twi: r=1.0000
2025-08-24 11:33:01,596 - INFO - 4. tsn: r=1.0000
2025-08-24 11:33:01,596 - INFO - 5. swa: r=1.0000
2025-08-24 11:33:01,596 - INFO - Layer 2 (xlmr) — Worst 5
2025-08-24 11:33:01,596 - INFO - 1. bam: r=0.9999
2025-08-24 11:33:01,596 - INFO - 2. fon: r=0.9999
2025-08-24 11:33:01,596 - INFO - 3. bbj: r=0.9999
2025-08-24 11:33:01,596 - INFO - 4. mos: r=1.0000
2025-08-24 11:33:01,596 - INFO - 5. yor: r=1.0000
2025-08-24 11:33:01,722 - INFO - Layer 3 (xlmr) — Top 5
2025-08-24 11:33:01,723 - INFO - 1. kin: r=1.0000
2025-08-24 11:33:01,723 - INFO - 2. twi: r=1.0000
2025-08-24 11:33:01,723 - INFO - 3. tsn: r=1.0000
2025-08-24 11:33:01,723 - INFO - 4. ewe: r=1.0000
2025-08-24 11:33:01,723 - INFO - 5. luo: r=1.0000
2025-08-24 11:33:01,723 - INFO - Layer 3 (xlmr) — Worst 5
2025-08-24 11:33:01,723 - INFO - 1. bbj: r=1.0000
2025-08-24 11:33:01,723 - INFO - 2. fon: r=1.0000
2025-08-24 11:33:01,723 - INFO - 3. bam: r=1.0000
2025-08-24 11:33:01,723 - INFO - 4. yor: r=1.0000
2025-08-24 11:33:01,723 - INFO - 5. mos: r=1.0000
2025-08-24 11:33:01,835 - INFO - Layer 10 (xlmr) — Top 5
2025-08-24 11:33:01,835 - INFO - 1. swa: r=1.0000
2025-08-24 11:33:01,835 - INFO - 2. kin: r=1.0000
2025-08-24 11:33:01,835 - INFO - 3. luo: r=1.0000
2025-08-24 11:33:01,835 - INFO - 4. tsn: r=1.0000
2025-08-24 11:33:01,835 - INFO - 5. twi: r=1.0000
2025-08-24 11:33:01,835 - INFO - Layer 10 (xlmr) — Worst 5
2025-08-24 11:33:01,835 - INFO - 1. fon: r=1.0000
2025-08-24 11:33:01,835 - INFO - 2. hau: r=1.0000
2025-08-24 11:33:01,835 - INFO - 3. pcm: r=1.0000
2025-08-24 11:33:01,835 - INFO - 4. ibo: r=1.0000
2025-08-24 11:33:01,835 - INFO - 5. xho: r=1.0000
2025-08-24 11:33:01,952 - INFO - Layer 12 (xlmr) — Top 5
2025-08-24 11:33:01,952 - INFO - 1. lug: r=0.9999
2025-08-24 11:33:01,952 - INFO - 2. twi: r=0.9999
2025-08-24 11:33:01,952 - INFO - 3. nya: r=0.9999
2025-08-24 11:33:01,952 - INFO - 4. mos: r=0.9999
2025-08-24 11:33:01,952 - INFO - 5. kin: r=0.9999
2025-08-24 11:33:01,952 - INFO - Layer 12 (xlmr) — Worst 5
2025-08-24 11:33:01,952 - INFO - 1. hau: r=0.9969
2025-08-24 11:33:01,952 - INFO - 2. fon: r=0.9994
2025-08-24 11:33:01,952 - INFO - 3. pcm: r=0.9995
2025-08-24 11:33:01,952 - INFO - 4. ibo: r=0.9996
2025-08-24 11:33:01,952 - INFO - 5. yor: r=0.9997
2025-08-24 11:33:01,953 - INFO - Experiment finished successfully.
