2025-08-27 07:44:32,731 - INFO - Start: model_type=xlmr, use_cls=True, use_context=False, context_window=2, max_tokens_per_type=500, batch_size=64, output_dir=rq2_train_scripts/Embeddings/CLEAN/outputs/mptc/xlmr/config_1_clstrue_ctxfalse/tokens_500_ctx2, save_prototypes=False, seed=42, fp16=True, max_length=96, langs=all, layers=all, span_mode=bio, pool=mean, entity_tags={'LOC', 'ORG', 'PER', 'DATE'}, title_suffix='L=all, tokens=500, ctx=2, cls=true, fp16=true'
2025-08-27 07:44:34,842 - INFO - Processing run
2025-08-27 07:44:35,263 - INFO - Processing bam
2025-08-27 07:44:35,342 - INFO - Processing bbj
2025-08-27 07:44:35,389 - INFO - Processing ewe
2025-08-27 07:44:35,442 - INFO - Processing fon
2025-08-27 07:44:35,510 - INFO - Processing hau
2025-08-27 07:44:35,580 - INFO - Processing ibo
2025-08-27 07:44:35,685 - INFO - Processing kin
2025-08-27 07:44:35,757 - INFO - Processing lug
2025-08-27 07:44:35,820 - INFO - Processing luo
2025-08-27 07:44:35,888 - INFO - Processing mos
2025-08-27 07:44:35,954 - INFO - Processing nya
2025-08-27 07:44:36,027 - INFO - Processing pcm
2025-08-27 07:44:36,083 - INFO - Processing sna
2025-08-27 07:44:36,141 - INFO - Processing swa
2025-08-27 07:44:36,213 - INFO - Processing tsn
2025-08-27 07:44:36,270 - INFO - Processing twi
2025-08-27 07:44:36,336 - INFO - Processing wol
2025-08-27 07:44:36,403 - INFO - Processing xho
2025-08-27 07:44:36,465 - INFO - Processing yor
2025-08-27 07:44:36,557 - INFO - Processing zul
2025-08-27 07:44:37,070 - INFO - === Layer 1 (xlmr) — Top 5 (cosine) ===
2025-08-27 07:44:37,070 - INFO - 1. kin: cos=1.0000
2025-08-27 07:44:37,070 - INFO - 2. twi: cos=0.9999
2025-08-27 07:44:37,070 - INFO - 3. luo: cos=0.9999
2025-08-27 07:44:37,070 - INFO - 4. ibo: cos=0.9998
2025-08-27 07:44:37,070 - INFO - 5. sna: cos=0.9998
2025-08-27 07:44:37,070 - INFO - === Layer 1 (xlmr) — Worst 5 (cosine) ===
2025-08-27 07:44:37,070 - INFO - 1. hau: cos=0.9993
2025-08-27 07:44:37,070 - INFO - 2. fon: cos=0.9994
2025-08-27 07:44:37,070 - INFO - 3. bbj: cos=0.9994
2025-08-27 07:44:37,070 - INFO - 4. bam: cos=0.9994
2025-08-27 07:44:37,070 - INFO - 5. xho: cos=0.9994
2025-08-27 07:44:37,199 - INFO - === Layer 2 (xlmr) — Top 5 (cosine) ===
2025-08-27 07:44:37,199 - INFO - 1. kin: cos=1.0000
2025-08-27 07:44:37,199 - INFO - 2. luo: cos=1.0000
2025-08-27 07:44:37,199 - INFO - 3. twi: cos=1.0000
2025-08-27 07:44:37,199 - INFO - 4. ibo: cos=1.0000
2025-08-27 07:44:37,199 - INFO - 5. zul: cos=1.0000
2025-08-27 07:44:37,199 - INFO - === Layer 2 (xlmr) — Worst 5 (cosine) ===
2025-08-27 07:44:37,199 - INFO - 1. hau: cos=0.9999
2025-08-27 07:44:37,199 - INFO - 2. bam: cos=0.9999
2025-08-27 07:44:37,199 - INFO - 3. bbj: cos=0.9999
2025-08-27 07:44:37,199 - INFO - 4. pcm: cos=0.9999
2025-08-27 07:44:37,200 - INFO - 5. fon: cos=0.9999
2025-08-27 07:44:37,331 - INFO - === Layer 3 (xlmr) — Top 5 (cosine) ===
2025-08-27 07:44:37,331 - INFO - 1. kin: cos=1.0000
2025-08-27 07:44:37,331 - INFO - 2. luo: cos=1.0000
2025-08-27 07:44:37,331 - INFO - 3. twi: cos=1.0000
2025-08-27 07:44:37,331 - INFO - 4. zul: cos=1.0000
2025-08-27 07:44:37,331 - INFO - 5. ewe: cos=1.0000
2025-08-27 07:44:37,331 - INFO - === Layer 3 (xlmr) — Worst 5 (cosine) ===
2025-08-27 07:44:37,331 - INFO - 1. pcm: cos=1.0000
2025-08-27 07:44:37,331 - INFO - 2. swa: cos=1.0000
2025-08-27 07:44:37,331 - INFO - 3. bbj: cos=1.0000
2025-08-27 07:44:37,331 - INFO - 4. fon: cos=1.0000
2025-08-27 07:44:37,331 - INFO - 5. nya: cos=1.0000
2025-08-27 07:44:37,462 - INFO - === Layer 4 (xlmr) — Top 5 (cosine) ===
2025-08-27 07:44:37,462 - INFO - 1. kin: cos=1.0000
2025-08-27 07:44:37,462 - INFO - 2. luo: cos=1.0000
2025-08-27 07:44:37,462 - INFO - 3. twi: cos=1.0000
2025-08-27 07:44:37,462 - INFO - 4. sna: cos=1.0000
2025-08-27 07:44:37,462 - INFO - 5. zul: cos=1.0000
2025-08-27 07:44:37,462 - INFO - === Layer 4 (xlmr) — Worst 5 (cosine) ===
2025-08-27 07:44:37,462 - INFO - 1. hau: cos=1.0000
2025-08-27 07:44:37,462 - INFO - 2. bam: cos=1.0000
2025-08-27 07:44:37,462 - INFO - 3. yor: cos=1.0000
2025-08-27 07:44:37,462 - INFO - 4. wol: cos=1.0000
2025-08-27 07:44:37,462 - INFO - 5. pcm: cos=1.0000
2025-08-27 07:44:37,592 - INFO - === Layer 5 (xlmr) — Top 5 (cosine) ===
2025-08-27 07:44:37,592 - INFO - 1. twi: cos=1.0000
2025-08-27 07:44:37,592 - INFO - 2. kin: cos=1.0000
2025-08-27 07:44:37,592 - INFO - 3. luo: cos=1.0000
2025-08-27 07:44:37,592 - INFO - 4. tsn: cos=1.0000
2025-08-27 07:44:37,592 - INFO - 5. zul: cos=1.0000
2025-08-27 07:44:37,592 - INFO - === Layer 5 (xlmr) — Worst 5 (cosine) ===
2025-08-27 07:44:37,592 - INFO - 1. hau: cos=1.0000
2025-08-27 07:44:37,592 - INFO - 2. pcm: cos=1.0000
2025-08-27 07:44:37,592 - INFO - 3. fon: cos=1.0000
2025-08-27 07:44:37,592 - INFO - 4. mos: cos=1.0000
2025-08-27 07:44:37,592 - INFO - 5. wol: cos=1.0000
2025-08-27 07:44:37,722 - INFO - === Layer 6 (xlmr) — Top 5 (cosine) ===
2025-08-27 07:44:37,722 - INFO - 1. kin: cos=1.0000
2025-08-27 07:44:37,722 - INFO - 2. twi: cos=1.0000
2025-08-27 07:44:37,723 - INFO - 3. luo: cos=1.0000
2025-08-27 07:44:37,723 - INFO - 4. tsn: cos=1.0000
2025-08-27 07:44:37,723 - INFO - 5. ewe: cos=1.0000
2025-08-27 07:44:37,723 - INFO - === Layer 6 (xlmr) — Worst 5 (cosine) ===
2025-08-27 07:44:37,723 - INFO - 1. hau: cos=1.0000
2025-08-27 07:44:37,723 - INFO - 2. pcm: cos=1.0000
2025-08-27 07:44:37,723 - INFO - 3. fon: cos=1.0000
2025-08-27 07:44:37,723 - INFO - 4. mos: cos=1.0000
2025-08-27 07:44:37,723 - INFO - 5. bbj: cos=1.0000
2025-08-27 07:44:37,848 - INFO - === Layer 7 (xlmr) — Top 5 (cosine) ===
2025-08-27 07:44:37,848 - INFO - 1. kin: cos=1.0000
2025-08-27 07:44:37,848 - INFO - 2. swa: cos=1.0000
2025-08-27 07:44:37,848 - INFO - 3. sna: cos=1.0000
2025-08-27 07:44:37,848 - INFO - 4. fon: cos=1.0000
2025-08-27 07:44:37,848 - INFO - 5. yor: cos=1.0000
2025-08-27 07:44:37,848 - INFO - === Layer 7 (xlmr) — Worst 5 (cosine) ===
2025-08-27 07:44:37,848 - INFO - 1. hau: cos=1.0000
2025-08-27 07:44:37,848 - INFO - 2. tsn: cos=1.0000
2025-08-27 07:44:37,848 - INFO - 3. mos: cos=1.0000
2025-08-27 07:44:37,848 - INFO - 4. zul: cos=1.0000
2025-08-27 07:44:37,848 - INFO - 5. wol: cos=1.0000
2025-08-27 07:44:37,970 - INFO - === Layer 8 (xlmr) — Top 5 (cosine) ===
2025-08-27 07:44:37,970 - INFO - 1. kin: cos=1.0000
2025-08-27 07:44:37,970 - INFO - 2. lug: cos=1.0000
2025-08-27 07:44:37,970 - INFO - 3. sna: cos=1.0000
2025-08-27 07:44:37,970 - INFO - 4. xho: cos=1.0000
2025-08-27 07:44:37,970 - INFO - 5. tsn: cos=1.0000
2025-08-27 07:44:37,970 - INFO - === Layer 8 (xlmr) — Worst 5 (cosine) ===
2025-08-27 07:44:37,970 - INFO - 1. ewe: cos=0.9999
2025-08-27 07:44:37,970 - INFO - 2. bbj: cos=1.0000
2025-08-27 07:44:37,970 - INFO - 3. swa: cos=1.0000
2025-08-27 07:44:37,970 - INFO - 4. fon: cos=1.0000
2025-08-27 07:44:37,970 - INFO - 5. hau: cos=1.0000
2025-08-27 07:44:38,167 - INFO - === Layer 9 (xlmr) — Top 5 (cosine) ===
2025-08-27 07:44:38,167 - INFO - 1. kin: cos=1.0000
2025-08-27 07:44:38,167 - INFO - 2. sna: cos=1.0000
2025-08-27 07:44:38,167 - INFO - 3. yor: cos=1.0000
2025-08-27 07:44:38,167 - INFO - 4. bam: cos=1.0000
2025-08-27 07:44:38,167 - INFO - 5. twi: cos=1.0000
2025-08-27 07:44:38,167 - INFO - === Layer 9 (xlmr) — Worst 5 (cosine) ===
2025-08-27 07:44:38,167 - INFO - 1. ewe: cos=1.0000
2025-08-27 07:44:38,167 - INFO - 2. bbj: cos=1.0000
2025-08-27 07:44:38,167 - INFO - 3. hau: cos=1.0000
2025-08-27 07:44:38,167 - INFO - 4. nya: cos=1.0000
2025-08-27 07:44:38,167 - INFO - 5. swa: cos=1.0000
2025-08-27 07:44:38,306 - INFO - === Layer 10 (xlmr) — Top 5 (cosine) ===
2025-08-27 07:44:38,306 - INFO - 1. twi: cos=1.0000
2025-08-27 07:44:38,306 - INFO - 2. bam: cos=1.0000
2025-08-27 07:44:38,306 - INFO - 3. zul: cos=1.0000
2025-08-27 07:44:38,306 - INFO - 4. kin: cos=1.0000
2025-08-27 07:44:38,306 - INFO - 5. ewe: cos=1.0000
2025-08-27 07:44:38,306 - INFO - === Layer 10 (xlmr) — Worst 5 (cosine) ===
2025-08-27 07:44:38,306 - INFO - 1. pcm: cos=1.0000
2025-08-27 07:44:38,306 - INFO - 2. fon: cos=1.0000
2025-08-27 07:44:38,306 - INFO - 3. xho: cos=1.0000
2025-08-27 07:44:38,306 - INFO - 4. ibo: cos=1.0000
2025-08-27 07:44:38,306 - INFO - 5. bbj: cos=1.0000
2025-08-27 07:44:38,429 - INFO - === Layer 11 (xlmr) — Top 5 (cosine) ===
2025-08-27 07:44:38,429 - INFO - 1. pcm: cos=1.0000
2025-08-27 07:44:38,429 - INFO - 2. twi: cos=1.0000
2025-08-27 07:44:38,429 - INFO - 3. lug: cos=1.0000
2025-08-27 07:44:38,429 - INFO - 4. swa: cos=1.0000
2025-08-27 07:44:38,429 - INFO - 5. hau: cos=1.0000
2025-08-27 07:44:38,429 - INFO - === Layer 11 (xlmr) — Worst 5 (cosine) ===
2025-08-27 07:44:38,429 - INFO - 1. bam: cos=0.9998
2025-08-27 07:44:38,429 - INFO - 2. sna: cos=0.9999
2025-08-27 07:44:38,429 - INFO - 3. yor: cos=0.9999
2025-08-27 07:44:38,429 - INFO - 4. bbj: cos=0.9999
2025-08-27 07:44:38,429 - INFO - 5. zul: cos=0.9999
2025-08-27 07:44:38,550 - INFO - === Layer 12 (xlmr) — Top 5 (cosine) ===
2025-08-27 07:44:38,550 - INFO - 1. kin: cos=0.9999
2025-08-27 07:44:38,550 - INFO - 2. twi: cos=0.9999
2025-08-27 07:44:38,550 - INFO - 3. luo: cos=0.9999
2025-08-27 07:44:38,550 - INFO - 4. wol: cos=0.9999
2025-08-27 07:44:38,550 - INFO - 5. ewe: cos=0.9999
2025-08-27 07:44:38,550 - INFO - === Layer 12 (xlmr) — Worst 5 (cosine) ===
2025-08-27 07:44:38,550 - INFO - 1. pcm: cos=0.9978
2025-08-27 07:44:38,550 - INFO - 2. fon: cos=0.9986
2025-08-27 07:44:38,550 - INFO - 3. hau: cos=0.9992
2025-08-27 07:44:38,550 - INFO - 4. tsn: cos=0.9995
2025-08-27 07:44:38,550 - INFO - 5. xho: cos=0.9997
2025-08-27 07:44:38,551 - INFO - Experiment finished successfully.
