2025-08-02 19:42:51,420 - INFO - Experiment started with model_type=xlmr, use_cls=True, use_context=False, context_window=3, use_hybrid=False, max_tokens_per_type=400, output_dir=rq2_train_scripts/Embeddings/MEXA_inspired_strategy/outputs/combined/xlmr/config_1_clstrue_ctxfalse_hybfalse/tokens_400_ctx3
2025-08-02 19:42:53,390 - INFO - Processing run
2025-08-02 19:42:57,151 - INFO - Processing bam
2025-08-02 19:43:00,453 - INFO - Processing bbj
2025-08-02 19:43:04,012 - INFO - Processing ewe
2025-08-02 19:43:07,526 - INFO - Processing fon
2025-08-02 19:43:11,082 - INFO - Processing hau
2025-08-02 19:43:14,626 - INFO - Processing ibo
2025-08-02 19:43:18,230 - INFO - Processing kin
2025-08-02 19:43:21,799 - INFO - Processing lug
2025-08-02 19:43:25,308 - INFO - Processing luo
2025-08-02 19:43:28,828 - INFO - Processing mos
2025-08-02 19:43:32,367 - INFO - Processing nya
2025-08-02 19:43:35,912 - INFO - Processing pcm
2025-08-02 19:43:39,387 - INFO - Processing sna
2025-08-02 19:43:42,919 - INFO - Processing swa
2025-08-02 19:43:46,397 - INFO - Processing tsn
2025-08-02 19:43:49,872 - INFO - Processing twi
2025-08-02 19:43:53,371 - INFO - Processing wol
2025-08-02 19:43:56,933 - INFO - Processing xho
2025-08-02 19:44:00,492 - INFO - Processing yor
2025-08-02 19:44:04,170 - INFO - Processing zul
2025-08-02 19:44:08,191 - INFO - Top 5 languages most similar to Runyankore:
2025-08-02 19:44:08,192 - INFO - 1. lug - Mean Similarity: 1.0000
2025-08-02 19:44:08,192 - INFO - 2. twi - Mean Similarity: 0.9999
2025-08-02 19:44:08,192 - INFO - 3. luo - Mean Similarity: 0.9999
2025-08-02 19:44:08,192 - INFO - 4. kin - Mean Similarity: 0.9999
2025-08-02 19:44:08,192 - INFO - 5. nya - Mean Similarity: 0.9999
2025-08-02 19:44:08,192 - INFO - Experiment finished successfully.
