2025-08-02 21:48:55,600 - INFO - Experiment started with model_type=mbert, use_cls=False, use_context=False, context_window=2, use_hybrid=False, max_tokens_per_type=200, output_dir=rq2_train_scripts/Embeddings/MEXA_inspired_strategy/outputs/salt/mbert/config_0_clsfalse_ctxfalse_hybfalse/tokens_200_ctx2
2025-08-02 21:48:57,006 - INFO - Processing run
2025-08-02 21:49:04,813 - INFO - Processing bam
2025-08-02 21:49:12,936 - INFO - Processing bbj
2025-08-02 21:49:20,572 - INFO - Processing ewe
2025-08-02 21:49:28,167 - INFO - Processing fon
2025-08-02 21:49:35,732 - INFO - Processing hau
2025-08-02 21:49:43,130 - INFO - Processing ibo
2025-08-02 21:49:51,005 - INFO - Processing kin
2025-08-02 21:49:59,468 - INFO - Processing lug
2025-08-02 21:50:07,183 - INFO - Processing luo
2025-08-02 21:50:14,776 - INFO - Processing mos
2025-08-02 21:50:22,399 - INFO - Processing nya
2025-08-02 21:50:29,961 - INFO - Processing pcm
2025-08-02 21:50:38,353 - INFO - Processing sna
2025-08-02 21:50:46,359 - INFO - Processing swa
2025-08-02 21:50:54,247 - INFO - Processing tsn
2025-08-02 21:51:01,875 - INFO - Processing twi
2025-08-02 21:51:09,332 - INFO - Processing wol
2025-08-02 21:51:16,972 - INFO - Processing xho
2025-08-02 21:51:24,533 - INFO - Processing yor
2025-08-02 21:51:32,396 - INFO - Processing zul
2025-08-02 21:51:40,311 - INFO - Top 5 languages most similar to Runyankore:
2025-08-02 21:51:40,311 - INFO - 1. lug - Mean Similarity: 0.9519
2025-08-02 21:51:40,311 - INFO - 2. kin - Mean Similarity: 0.9460
2025-08-02 21:51:40,311 - INFO - 3. luo - Mean Similarity: 0.9457
2025-08-02 21:51:40,311 - INFO - 4. ibo - Mean Similarity: 0.9397
2025-08-02 21:51:40,311 - INFO - 5. twi - Mean Similarity: 0.9348
2025-08-02 21:51:40,311 - INFO - Experiment finished successfully.
