2025-08-02 22:19:42,547 - INFO - Experiment started with model_type=mbert, use_cls=False, use_context=True, context_window=2, use_hybrid=False, max_tokens_per_type=400, output_dir=rq2_train_scripts/Embeddings/MEXA_inspired_strategy/outputs/combined/mbert/config_2_clsfalse_ctxtrue_hybfalse/tokens_400_ctx2
2025-08-02 22:19:43,745 - INFO - Processing run
2025-08-02 22:19:46,951 - INFO - Processing bam
2025-08-02 22:19:49,752 - INFO - Processing bbj
2025-08-02 22:19:52,789 - INFO - Processing ewe
2025-08-02 22:19:55,797 - INFO - Processing fon
2025-08-02 22:19:58,854 - INFO - Processing hau
2025-08-02 22:20:01,911 - INFO - Processing ibo
2025-08-02 22:20:04,994 - INFO - Processing kin
2025-08-02 22:20:08,058 - INFO - Processing lug
2025-08-02 22:20:11,098 - INFO - Processing luo
2025-08-02 22:20:14,146 - INFO - Processing mos
2025-08-02 22:20:17,143 - INFO - Processing nya
2025-08-02 22:20:20,159 - INFO - Processing pcm
2025-08-02 22:20:23,156 - INFO - Processing sna
2025-08-02 22:20:26,166 - INFO - Processing swa
2025-08-02 22:20:29,182 - INFO - Processing tsn
2025-08-02 22:20:32,165 - INFO - Processing twi
2025-08-02 22:20:35,159 - INFO - Processing wol
2025-08-02 22:20:38,155 - INFO - Processing xho
2025-08-02 22:20:41,156 - INFO - Processing yor
2025-08-02 22:20:44,198 - INFO - Processing zul
2025-08-02 22:20:47,675 - INFO - Top 5 languages most similar to Runyankore:
2025-08-02 22:20:47,675 - INFO - 1. lug - Mean Similarity: 0.9617
2025-08-02 22:20:47,675 - INFO - 2. kin - Mean Similarity: 0.9426
2025-08-02 22:20:47,675 - INFO - 3. nya - Mean Similarity: 0.9194
2025-08-02 22:20:47,675 - INFO - 4. xho - Mean Similarity: 0.9156
2025-08-02 22:20:47,675 - INFO - 5. sna - Mean Similarity: 0.9146
2025-08-02 22:20:47,675 - INFO - Experiment finished successfully.
