2025-08-27 07:56:34,707 - INFO - Start: model_type=mbert, use_cls=True, use_context=True, context_window=1, max_tokens_per_type=500, batch_size=64, output_dir=rq2_train_scripts/Embeddings/CLEAN/outputs/mptc/mbert/config_3_clstrue_ctxtrue/tokens_500_ctx1, save_prototypes=False, seed=42, fp16=True, max_length=96, langs=all, layers=all, span_mode=bio, pool=mean, entity_tags={'ORG', 'PER', 'DATE', 'LOC'}, title_suffix='L=all, tokens=500, ctx=1, cls=true, fp16=true'
2025-08-27 07:56:36,223 - INFO - Processing run
2025-08-27 07:56:36,690 - INFO - Processing bam
2025-08-27 07:56:36,754 - INFO - Processing bbj
2025-08-27 07:56:36,800 - INFO - Processing ewe
2025-08-27 07:56:36,849 - INFO - Processing fon
2025-08-27 07:56:36,914 - INFO - Processing hau
2025-08-27 07:56:36,991 - INFO - Processing ibo
2025-08-27 07:56:37,121 - INFO - Processing kin
2025-08-27 07:56:37,205 - INFO - Processing lug
2025-08-27 07:56:37,272 - INFO - Processing luo
2025-08-27 07:56:37,341 - INFO - Processing mos
2025-08-27 07:56:37,408 - INFO - Processing nya
2025-08-27 07:56:37,489 - INFO - Processing pcm
2025-08-27 07:56:37,554 - INFO - Processing sna
2025-08-27 07:56:37,614 - INFO - Processing swa
2025-08-27 07:56:37,687 - INFO - Processing tsn
2025-08-27 07:56:37,743 - INFO - Processing twi
2025-08-27 07:56:37,815 - INFO - Processing wol
2025-08-27 07:56:37,879 - INFO - Processing xho
2025-08-27 07:56:37,934 - INFO - Processing yor
2025-08-27 07:56:38,025 - INFO - Processing zul
2025-08-27 07:56:38,448 - INFO - === Layer 1 (mbert) — Top 5 (cosine) ===
2025-08-27 07:56:38,448 - INFO - 1. xho: cos=0.9997
2025-08-27 07:56:38,448 - INFO - 2. lug: cos=0.9997
2025-08-27 07:56:38,448 - INFO - 3. zul: cos=0.9997
2025-08-27 07:56:38,448 - INFO - 4. hau: cos=0.9997
2025-08-27 07:56:38,448 - INFO - 5. sna: cos=0.9996
2025-08-27 07:56:38,448 - INFO - === Layer 1 (mbert) — Worst 5 (cosine) ===
2025-08-27 07:56:38,448 - INFO - 1. fon: cos=0.9989
2025-08-27 07:56:38,448 - INFO - 2. pcm: cos=0.9989
2025-08-27 07:56:38,448 - INFO - 3. yor: cos=0.9990
2025-08-27 07:56:38,448 - INFO - 4. bbj: cos=0.9991
2025-08-27 07:56:38,448 - INFO - 5. ewe: cos=0.9992
2025-08-27 07:56:38,576 - INFO - === Layer 2 (mbert) — Top 5 (cosine) ===
2025-08-27 07:56:38,576 - INFO - 1. xho: cos=1.0000
2025-08-27 07:56:38,576 - INFO - 2. zul: cos=0.9999
2025-08-27 07:56:38,576 - INFO - 3. hau: cos=0.9999
2025-08-27 07:56:38,576 - INFO - 4. lug: cos=0.9999
2025-08-27 07:56:38,576 - INFO - 5. sna: cos=0.9999
2025-08-27 07:56:38,576 - INFO - === Layer 2 (mbert) — Worst 5 (cosine) ===
2025-08-27 07:56:38,576 - INFO - 1. fon: cos=0.9998
2025-08-27 07:56:38,576 - INFO - 2. yor: cos=0.9998
2025-08-27 07:56:38,576 - INFO - 3. pcm: cos=0.9998
2025-08-27 07:56:38,576 - INFO - 4. bbj: cos=0.9999
2025-08-27 07:56:38,576 - INFO - 5. mos: cos=0.9999
2025-08-27 07:56:38,706 - INFO - === Layer 3 (mbert) — Top 5 (cosine) ===
2025-08-27 07:56:38,707 - INFO - 1. zul: cos=1.0000
2025-08-27 07:56:38,707 - INFO - 2. xho: cos=1.0000
2025-08-27 07:56:38,707 - INFO - 3. hau: cos=1.0000
2025-08-27 07:56:38,707 - INFO - 4. kin: cos=1.0000
2025-08-27 07:56:38,707 - INFO - 5. lug: cos=1.0000
2025-08-27 07:56:38,707 - INFO - === Layer 3 (mbert) — Worst 5 (cosine) ===
2025-08-27 07:56:38,707 - INFO - 1. fon: cos=0.9999
2025-08-27 07:56:38,707 - INFO - 2. pcm: cos=0.9999
2025-08-27 07:56:38,707 - INFO - 3. yor: cos=0.9999
2025-08-27 07:56:38,707 - INFO - 4. bbj: cos=0.9999
2025-08-27 07:56:38,707 - INFO - 5. ewe: cos=1.0000
2025-08-27 07:56:38,835 - INFO - === Layer 4 (mbert) — Top 5 (cosine) ===
2025-08-27 07:56:38,835 - INFO - 1. zul: cos=0.9999
2025-08-27 07:56:38,835 - INFO - 2. kin: cos=0.9999
2025-08-27 07:56:38,835 - INFO - 3. sna: cos=0.9999
2025-08-27 07:56:38,835 - INFO - 4. hau: cos=0.9999
2025-08-27 07:56:38,835 - INFO - 5. xho: cos=0.9999
2025-08-27 07:56:38,835 - INFO - === Layer 4 (mbert) — Worst 5 (cosine) ===
2025-08-27 07:56:38,835 - INFO - 1. pcm: cos=0.9996
2025-08-27 07:56:38,835 - INFO - 2. ewe: cos=0.9997
2025-08-27 07:56:38,835 - INFO - 3. yor: cos=0.9997
2025-08-27 07:56:38,835 - INFO - 4. bbj: cos=0.9998
2025-08-27 07:56:38,835 - INFO - 5. fon: cos=0.9998
2025-08-27 07:56:38,966 - INFO - === Layer 5 (mbert) — Top 5 (cosine) ===
2025-08-27 07:56:38,966 - INFO - 1. kin: cos=0.9921
2025-08-27 07:56:38,966 - INFO - 2. xho: cos=0.9916
2025-08-27 07:56:38,966 - INFO - 3. zul: cos=0.9914
2025-08-27 07:56:38,966 - INFO - 4. lug: cos=0.9914
2025-08-27 07:56:38,966 - INFO - 5. nya: cos=0.9913
2025-08-27 07:56:38,966 - INFO - === Layer 5 (mbert) — Worst 5 (cosine) ===
2025-08-27 07:56:38,966 - INFO - 1. bbj: cos=0.9738
2025-08-27 07:56:38,966 - INFO - 2. yor: cos=0.9739
2025-08-27 07:56:38,966 - INFO - 3. fon: cos=0.9743
2025-08-27 07:56:38,966 - INFO - 4. pcm: cos=0.9810
2025-08-27 07:56:38,966 - INFO - 5. mos: cos=0.9822
2025-08-27 07:56:39,170 - INFO - === Layer 6 (mbert) — Top 5 (cosine) ===
2025-08-27 07:56:39,170 - INFO - 1. kin: cos=0.9869
2025-08-27 07:56:39,170 - INFO - 2. xho: cos=0.9866
2025-08-27 07:56:39,170 - INFO - 3. zul: cos=0.9862
2025-08-27 07:56:39,170 - INFO - 4. lug: cos=0.9856
2025-08-27 07:56:39,170 - INFO - 5. nya: cos=0.9840
2025-08-27 07:56:39,170 - INFO - === Layer 6 (mbert) — Worst 5 (cosine) ===
2025-08-27 07:56:39,171 - INFO - 1. fon: cos=0.9561
2025-08-27 07:56:39,171 - INFO - 2. bbj: cos=0.9614
2025-08-27 07:56:39,171 - INFO - 3. yor: cos=0.9649
2025-08-27 07:56:39,171 - INFO - 4. pcm: cos=0.9663
2025-08-27 07:56:39,171 - INFO - 5. ewe: cos=0.9732
2025-08-27 07:56:39,301 - INFO - === Layer 7 (mbert) — Top 5 (cosine) ===
2025-08-27 07:56:39,301 - INFO - 1. xho: cos=0.9824
2025-08-27 07:56:39,301 - INFO - 2. kin: cos=0.9821
2025-08-27 07:56:39,301 - INFO - 3. zul: cos=0.9800
2025-08-27 07:56:39,301 - INFO - 4. nya: cos=0.9788
2025-08-27 07:56:39,301 - INFO - 5. lug: cos=0.9784
2025-08-27 07:56:39,301 - INFO - === Layer 7 (mbert) — Worst 5 (cosine) ===
2025-08-27 07:56:39,301 - INFO - 1. fon: cos=0.9514
2025-08-27 07:56:39,301 - INFO - 2. pcm: cos=0.9524
2025-08-27 07:56:39,301 - INFO - 3. bbj: cos=0.9582
2025-08-27 07:56:39,301 - INFO - 4. yor: cos=0.9625
2025-08-27 07:56:39,301 - INFO - 5. bam: cos=0.9647
2025-08-27 07:56:39,452 - INFO - === Layer 8 (mbert) — Top 5 (cosine) ===
2025-08-27 07:56:39,453 - INFO - 1. kin: cos=0.9806
2025-08-27 07:56:39,453 - INFO - 2. xho: cos=0.9783
2025-08-27 07:56:39,453 - INFO - 3. zul: cos=0.9764
2025-08-27 07:56:39,453 - INFO - 4. nya: cos=0.9763
2025-08-27 07:56:39,453 - INFO - 5. sna: cos=0.9754
2025-08-27 07:56:39,453 - INFO - === Layer 8 (mbert) — Worst 5 (cosine) ===
2025-08-27 07:56:39,453 - INFO - 1. pcm: cos=0.9330
2025-08-27 07:56:39,453 - INFO - 2. fon: cos=0.9477
2025-08-27 07:56:39,453 - INFO - 3. bbj: cos=0.9534
2025-08-27 07:56:39,453 - INFO - 4. bam: cos=0.9544
2025-08-27 07:56:39,453 - INFO - 5. ewe: cos=0.9560
2025-08-27 07:56:39,582 - INFO - === Layer 9 (mbert) — Top 5 (cosine) ===
2025-08-27 07:56:39,582 - INFO - 1. sna: cos=0.9843
2025-08-27 07:56:39,582 - INFO - 2. xho: cos=0.9826
2025-08-27 07:56:39,582 - INFO - 3. kin: cos=0.9825
2025-08-27 07:56:39,582 - INFO - 4. zul: cos=0.9792
2025-08-27 07:56:39,582 - INFO - 5. ibo: cos=0.9791
2025-08-27 07:56:39,582 - INFO - === Layer 9 (mbert) — Worst 5 (cosine) ===
2025-08-27 07:56:39,582 - INFO - 1. pcm: cos=0.9359
2025-08-27 07:56:39,582 - INFO - 2. ewe: cos=0.9577
2025-08-27 07:56:39,582 - INFO - 3. fon: cos=0.9603
2025-08-27 07:56:39,582 - INFO - 4. bbj: cos=0.9609
2025-08-27 07:56:39,582 - INFO - 5. swa: cos=0.9623
2025-08-27 07:56:39,710 - INFO - === Layer 10 (mbert) — Top 5 (cosine) ===
2025-08-27 07:56:39,710 - INFO - 1. sna: cos=0.9860
2025-08-27 07:56:39,711 - INFO - 2. kin: cos=0.9834
2025-08-27 07:56:39,711 - INFO - 3. zul: cos=0.9811
2025-08-27 07:56:39,711 - INFO - 4. xho: cos=0.9806
2025-08-27 07:56:39,711 - INFO - 5. twi: cos=0.9804
2025-08-27 07:56:39,711 - INFO - === Layer 10 (mbert) — Worst 5 (cosine) ===
2025-08-27 07:56:39,711 - INFO - 1. pcm: cos=0.9527
2025-08-27 07:56:39,711 - INFO - 2. yor: cos=0.9638
2025-08-27 07:56:39,711 - INFO - 3. bbj: cos=0.9640
2025-08-27 07:56:39,711 - INFO - 4. tsn: cos=0.9643
2025-08-27 07:56:39,711 - INFO - 5. ewe: cos=0.9652
2025-08-27 07:56:39,839 - INFO - === Layer 11 (mbert) — Top 5 (cosine) ===
2025-08-27 07:56:39,840 - INFO - 1. sna: cos=0.9878
2025-08-27 07:56:39,840 - INFO - 2. kin: cos=0.9851
2025-08-27 07:56:39,840 - INFO - 3. twi: cos=0.9849
2025-08-27 07:56:39,840 - INFO - 4. xho: cos=0.9849
2025-08-27 07:56:39,840 - INFO - 5. nya: cos=0.9844
2025-08-27 07:56:39,840 - INFO - === Layer 11 (mbert) — Worst 5 (cosine) ===
2025-08-27 07:56:39,840 - INFO - 1. pcm: cos=0.9556
2025-08-27 07:56:39,840 - INFO - 2. yor: cos=0.9648
2025-08-27 07:56:39,840 - INFO - 3. bbj: cos=0.9663
2025-08-27 07:56:39,840 - INFO - 4. ewe: cos=0.9701
2025-08-27 07:56:39,840 - INFO - 5. swa: cos=0.9705
2025-08-27 07:56:39,969 - INFO - === Layer 12 (mbert) — Top 5 (cosine) ===
2025-08-27 07:56:39,969 - INFO - 1. sna: cos=0.9797
2025-08-27 07:56:39,969 - INFO - 2. nya: cos=0.9767
2025-08-27 07:56:39,969 - INFO - 3. xho: cos=0.9759
2025-08-27 07:56:39,969 - INFO - 4. kin: cos=0.9755
2025-08-27 07:56:39,969 - INFO - 5. twi: cos=0.9729
2025-08-27 07:56:39,969 - INFO - === Layer 12 (mbert) — Worst 5 (cosine) ===
2025-08-27 07:56:39,969 - INFO - 1. pcm: cos=0.9146
2025-08-27 07:56:39,969 - INFO - 2. bbj: cos=0.9176
2025-08-27 07:56:39,969 - INFO - 3. fon: cos=0.9440
2025-08-27 07:56:39,969 - INFO - 4. yor: cos=0.9500
2025-08-27 07:56:39,969 - INFO - 5. bam: cos=0.9510
2025-08-27 07:56:39,970 - INFO - Experiment finished successfully.
ly.
