2025-08-27 17:22:58,871 - INFO - Start: model_type=xlmr, use_cls=False, use_context=False, context_window=1, max_tokens_per_type=300, batch_size=64, output_dir=rq2_train_scripts/Embeddings/CLEAN/outputs/combined/xlmr/config_0_clsfalse_ctxfalse/tokens_300_ctx1/core, save_prototypes=False, seed=42, fp16=True, max_length=96, langs=all, layers=all, span_mode=bio, pool=mean, entity_tags={'DATE', 'LOC', 'ORG', 'PER'}, title_suffix='L=all, tokens=300, ctx=1, cls=false, fp16=true'
2025-08-27 17:23:00,811 - INFO - Processing run
2025-08-27 17:23:01,369 - INFO - Processing bam
2025-08-27 17:23:01,610 - INFO - Processing bbj
2025-08-27 17:23:01,701 - INFO - Processing ewe
2025-08-27 17:23:01,790 - INFO - Processing fon
2025-08-27 17:23:01,914 - INFO - Processing hau
2025-08-27 17:23:02,029 - INFO - Processing ibo
2025-08-27 17:23:02,168 - INFO - Processing kin
2025-08-27 17:23:02,281 - INFO - Processing lug
2025-08-27 17:23:02,373 - INFO - Processing luo
2025-08-27 17:23:02,480 - INFO - Processing mos
2025-08-27 17:23:02,588 - INFO - Processing nya
2025-08-27 17:23:02,699 - INFO - Processing pcm
2025-08-27 17:23:02,808 - INFO - Processing sna
2025-08-27 17:23:02,921 - INFO - Processing swa
2025-08-27 17:23:03,044 - INFO - Processing tsn
2025-08-27 17:23:03,172 - INFO - Processing twi
2025-08-27 17:23:03,281 - INFO - Processing wol
2025-08-27 17:23:03,431 - INFO - Processing xho
2025-08-27 17:23:03,523 - INFO - Processing yor
2025-08-27 17:23:03,650 - INFO - Processing zul
2025-08-27 17:23:04,176 - INFO - === Layer 1 (xlmr) — Top 5 (cosine) ===
2025-08-27 17:23:04,176 - INFO - 1. twi: cos=0.9615
2025-08-27 17:23:04,176 - INFO - 2. kin: cos=0.9610
2025-08-27 17:23:04,176 - INFO - 3. tsn: cos=0.9514
2025-08-27 17:23:04,176 - INFO - 4. luo: cos=0.9511
2025-08-27 17:23:04,176 - INFO - 5. nya: cos=0.9507
2025-08-27 17:23:04,176 - INFO - === Layer 1 (xlmr) — Worst 5 (cosine) ===
2025-08-27 17:23:04,176 - INFO - 1. hau: cos=0.8993
2025-08-27 17:23:04,176 - INFO - 2. fon: cos=0.9117
2025-08-27 17:23:04,176 - INFO - 3. yor: cos=0.9178
2025-08-27 17:23:04,176 - INFO - 4. pcm: cos=0.9202
2025-08-27 17:23:04,176 - INFO - 5. mos: cos=0.9217
2025-08-27 17:23:04,299 - INFO - === Layer 2 (xlmr) — Top 5 (cosine) ===
2025-08-27 17:23:04,299 - INFO - 1. kin: cos=0.9846
2025-08-27 17:23:04,299 - INFO - 2. twi: cos=0.9842
2025-08-27 17:23:04,299 - INFO - 3. tsn: cos=0.9796
2025-08-27 17:23:04,299 - INFO - 4. luo: cos=0.9795
2025-08-27 17:23:04,299 - INFO - 5. nya: cos=0.9789
2025-08-27 17:23:04,299 - INFO - === Layer 2 (xlmr) — Worst 5 (cosine) ===
2025-08-27 17:23:04,299 - INFO - 1. hau: cos=0.9561
2025-08-27 17:23:04,299 - INFO - 2. pcm: cos=0.9605
2025-08-27 17:23:04,299 - INFO - 3. fon: cos=0.9641
2025-08-27 17:23:04,299 - INFO - 4. yor: cos=0.9652
2025-08-27 17:23:04,299 - INFO - 5. mos: cos=0.9661
2025-08-27 17:23:04,465 - INFO - === Layer 3 (xlmr) — Top 5 (cosine) ===
2025-08-27 17:23:04,465 - INFO - 1. twi: cos=0.9880
2025-08-27 17:23:04,465 - INFO - 2. kin: cos=0.9875
2025-08-27 17:23:04,465 - INFO - 3. ibo: cos=0.9848
2025-08-27 17:23:04,465 - INFO - 4. tsn: cos=0.9843
2025-08-27 17:23:04,465 - INFO - 5. luo: cos=0.9839
2025-08-27 17:23:04,465 - INFO - === Layer 3 (xlmr) — Worst 5 (cosine) ===
2025-08-27 17:23:04,466 - INFO - 1. hau: cos=0.9661
2025-08-27 17:23:04,466 - INFO - 2. pcm: cos=0.9684
2025-08-27 17:23:04,466 - INFO - 3. swa: cos=0.9704
2025-08-27 17:23:04,466 - INFO - 4. yor: cos=0.9744
2025-08-27 17:23:04,466 - INFO - 5. fon: cos=0.9749
2025-08-27 17:23:04,621 - INFO - === Layer 4 (xlmr) — Top 5 (cosine) ===
2025-08-27 17:23:04,621 - INFO - 1. twi: cos=0.9865
2025-08-27 17:23:04,621 - INFO - 2. kin: cos=0.9863
2025-08-27 17:23:04,621 - INFO - 3. luo: cos=0.9830
2025-08-27 17:23:04,621 - INFO - 4. tsn: cos=0.9826
2025-08-27 17:23:04,621 - INFO - 5. ibo: cos=0.9816
2025-08-27 17:23:04,621 - INFO - === Layer 4 (xlmr) — Worst 5 (cosine) ===
2025-08-27 17:23:04,621 - INFO - 1. hau: cos=0.9646
2025-08-27 17:23:04,621 - INFO - 2. pcm: cos=0.9650
2025-08-27 17:23:04,621 - INFO - 3. swa: cos=0.9682
2025-08-27 17:23:04,621 - INFO - 4. yor: cos=0.9729
2025-08-27 17:23:04,621 - INFO - 5. bam: cos=0.9730
2025-08-27 17:23:04,743 - INFO - === Layer 5 (xlmr) — Top 5 (cosine) ===
2025-08-27 17:23:04,743 - INFO - 1. twi: cos=0.9878
2025-08-27 17:23:04,743 - INFO - 2. kin: cos=0.9869
2025-08-27 17:23:04,743 - INFO - 3. luo: cos=0.9851
2025-08-27 17:23:04,743 - INFO - 4. tsn: cos=0.9845
2025-08-27 17:23:04,743 - INFO - 5. zul: cos=0.9829
2025-08-27 17:23:04,743 - INFO - === Layer 5 (xlmr) — Worst 5 (cosine) ===
2025-08-27 17:23:04,743 - INFO - 1. hau: cos=0.9687
2025-08-27 17:23:04,743 - INFO - 2. pcm: cos=0.9713
2025-08-27 17:23:04,743 - INFO - 3. swa: cos=0.9736
2025-08-27 17:23:04,743 - INFO - 4. bbj: cos=0.9742
2025-08-27 17:23:04,743 - INFO - 5. yor: cos=0.9762
2025-08-27 17:23:04,864 - INFO - === Layer 6 (xlmr) — Top 5 (cosine) ===
2025-08-27 17:23:04,865 - INFO - 1. kin: cos=0.9800
2025-08-27 17:23:04,865 - INFO - 2. twi: cos=0.9783
2025-08-27 17:23:04,865 - INFO - 3. luo: cos=0.9759
2025-08-27 17:23:04,865 - INFO - 4. tsn: cos=0.9742
2025-08-27 17:23:04,865 - INFO - 5. zul: cos=0.9715
2025-08-27 17:23:04,865 - INFO - === Layer 6 (xlmr) — Worst 5 (cosine) ===
2025-08-27 17:23:04,865 - INFO - 1. pcm: cos=0.9468
2025-08-27 17:23:04,865 - INFO - 2. swa: cos=0.9534
2025-08-27 17:23:04,865 - INFO - 3. yor: cos=0.9551
2025-08-27 17:23:04,865 - INFO - 4. hau: cos=0.9583
2025-08-27 17:23:04,865 - INFO - 5. bbj: cos=0.9587
2025-08-27 17:23:04,995 - INFO - === Layer 7 (xlmr) — Top 5 (cosine) ===
2025-08-27 17:23:04,995 - INFO - 1. twi: cos=0.9882
2025-08-27 17:23:04,995 - INFO - 2. kin: cos=0.9853
2025-08-27 17:23:04,995 - INFO - 3. ewe: cos=0.9843
2025-08-27 17:23:04,995 - INFO - 4. lug: cos=0.9829
2025-08-27 17:23:04,995 - INFO - 5. tsn: cos=0.9825
2025-08-27 17:23:04,995 - INFO - === Layer 7 (xlmr) — Worst 5 (cosine) ===
2025-08-27 17:23:04,995 - INFO - 1. yor: cos=0.9651
2025-08-27 17:23:04,995 - INFO - 2. xho: cos=0.9720
2025-08-27 17:23:04,995 - INFO - 3. bbj: cos=0.9734
2025-08-27 17:23:04,995 - INFO - 4. bam: cos=0.9737
2025-08-27 17:23:04,995 - INFO - 5. sna: cos=0.9743
2025-08-27 17:23:05,125 - INFO - === Layer 8 (xlmr) — Top 5 (cosine) ===
2025-08-27 17:23:05,125 - INFO - 1. nya: cos=0.9842
2025-08-27 17:23:05,125 - INFO - 2. twi: cos=0.9824
2025-08-27 17:23:05,125 - INFO - 3. mos: cos=0.9821
2025-08-27 17:23:05,126 - INFO - 4. ewe: cos=0.9812
2025-08-27 17:23:05,126 - INFO - 5. fon: cos=0.9812
2025-08-27 17:23:05,126 - INFO - === Layer 8 (xlmr) — Worst 5 (cosine) ===
2025-08-27 17:23:05,126 - INFO - 1. yor: cos=0.9660
2025-08-27 17:23:05,126 - INFO - 2. hau: cos=0.9681
2025-08-27 17:23:05,126 - INFO - 3. xho: cos=0.9723
2025-08-27 17:23:05,126 - INFO - 4. bam: cos=0.9742
2025-08-27 17:23:05,126 - INFO - 5. sna: cos=0.9747
2025-08-27 17:23:05,326 - INFO - === Layer 9 (xlmr) — Top 5 (cosine) ===
2025-08-27 17:23:05,326 - INFO - 1. twi: cos=0.9842
2025-08-27 17:23:05,326 - INFO - 2. mos: cos=0.9834
2025-08-27 17:23:05,326 - INFO - 3. nya: cos=0.9830
2025-08-27 17:23:05,326 - INFO - 4. fon: cos=0.9830
2025-08-27 17:23:05,326 - INFO - 5. kin: cos=0.9826
2025-08-27 17:23:05,326 - INFO - === Layer 9 (xlmr) — Worst 5 (cosine) ===
2025-08-27 17:23:05,326 - INFO - 1. yor: cos=0.9608
2025-08-27 17:23:05,326 - INFO - 2. hau: cos=0.9679
2025-08-27 17:23:05,326 - INFO - 3. bam: cos=0.9747
2025-08-27 17:23:05,326 - INFO - 4. swa: cos=0.9756
2025-08-27 17:23:05,326 - INFO - 5. xho: cos=0.9756
2025-08-27 17:23:05,450 - INFO - === Layer 10 (xlmr) — Top 5 (cosine) ===
2025-08-27 17:23:05,450 - INFO - 1. twi: cos=0.9841
2025-08-27 17:23:05,450 - INFO - 2. nya: cos=0.9829
2025-08-27 17:23:05,450 - INFO - 3. mos: cos=0.9826
2025-08-27 17:23:05,450 - INFO - 4. fon: cos=0.9823
2025-08-27 17:23:05,450 - INFO - 5. kin: cos=0.9819
2025-08-27 17:23:05,450 - INFO - === Layer 10 (xlmr) — Worst 5 (cosine) ===
2025-08-27 17:23:05,450 - INFO - 1. yor: cos=0.9600
2025-08-27 17:23:05,450 - INFO - 2. bam: cos=0.9625
2025-08-27 17:23:05,450 - INFO - 3. hau: cos=0.9702
2025-08-27 17:23:05,450 - INFO - 4. ibo: cos=0.9722
2025-08-27 17:23:05,450 - INFO - 5. xho: cos=0.9727
2025-08-27 17:23:05,573 - INFO - === Layer 11 (xlmr) — Top 5 (cosine) ===
2025-08-27 17:23:05,573 - INFO - 1. ewe: cos=0.9873
2025-08-27 17:23:05,573 - INFO - 2. twi: cos=0.9855
2025-08-27 17:23:05,573 - INFO - 3. nya: cos=0.9849
2025-08-27 17:23:05,573 - INFO - 4. kin: cos=0.9831
2025-08-27 17:23:05,573 - INFO - 5. fon: cos=0.9822
2025-08-27 17:23:05,573 - INFO - === Layer 11 (xlmr) — Worst 5 (cosine) ===
2025-08-27 17:23:05,573 - INFO - 1. yor: cos=0.9652
2025-08-27 17:23:05,573 - INFO - 2. bam: cos=0.9714
2025-08-27 17:23:05,573 - INFO - 3. xho: cos=0.9718
2025-08-27 17:23:05,573 - INFO - 4. ibo: cos=0.9721
2025-08-27 17:23:05,573 - INFO - 5. hau: cos=0.9738
2025-08-27 17:23:05,733 - INFO - === Layer 12 (xlmr) — Top 5 (cosine) ===
2025-08-27 17:23:05,733 - INFO - 1. ewe: cos=0.9988
2025-08-27 17:23:05,733 - INFO - 2. mos: cos=0.9987
2025-08-27 17:23:05,733 - INFO - 3. twi: cos=0.9986
2025-08-27 17:23:05,733 - INFO - 4. nya: cos=0.9985
2025-08-27 17:23:05,733 - INFO - 5. kin: cos=0.9985
2025-08-27 17:23:05,733 - INFO - === Layer 12 (xlmr) — Worst 5 (cosine) ===
2025-08-27 17:23:05,733 - INFO - 1. yor: cos=0.9967
2025-08-27 17:23:05,733 - INFO - 2. lug: cos=0.9972
2025-08-27 17:23:05,733 - INFO - 3. bam: cos=0.9973
2025-08-27 17:23:05,733 - INFO - 4. hau: cos=0.9974
2025-08-27 17:23:05,733 - INFO - 5. bbj: cos=0.9976
2025-08-27 17:23:05,734 - INFO - Experiment finished successfully.
