2025-08-24 11:01:07,071 - INFO - Start: model_type=xlmr, run_both=False, use_cls=True, use_context=False, context_window=3, max_tokens_per_type=200, batch_size=32, seed=1, num_middle_layers=3, output_dir=rq2_train_scripts/Embeddings/EXTENDED/outputs/mptc_extended/xlmr/config_1_clstrue_ctxfalse_hybfalse/tokens_200_ctx3
2025-08-24 11:01:07,608 - INFO - xlmr: selected layer indices (hidden_states) = [2, 3, 10, 12]
2025-08-24 11:01:09,734 - INFO - Processing run
2025-08-24 11:01:10,208 - INFO - Processing bam
2025-08-24 11:01:10,356 - INFO - Processing bbj
2025-08-24 11:01:10,513 - INFO - Processing ewe
2025-08-24 11:01:10,669 - INFO - Processing fon
2025-08-24 11:01:10,835 - INFO - Processing hau
2025-08-24 11:01:10,979 - INFO - Processing ibo
2025-08-24 11:01:11,174 - INFO - Processing kin
2025-08-24 11:01:11,328 - INFO - Processing lug
2025-08-24 11:01:11,452 - INFO - Processing luo
2025-08-24 11:01:11,612 - INFO - Processing mos
2025-08-24 11:01:11,763 - INFO - Processing nya
2025-08-24 11:01:11,929 - INFO - Processing pcm
2025-08-24 11:01:12,054 - INFO - Processing sna
2025-08-24 11:01:12,231 - INFO - Processing swa
2025-08-24 11:01:12,381 - INFO - Processing tsn
2025-08-24 11:01:12,529 - INFO - Processing twi
2025-08-24 11:01:12,675 - INFO - Processing wol
2025-08-24 11:01:12,837 - INFO - Processing xho
2025-08-24 11:01:12,989 - INFO - Processing yor
2025-08-24 11:01:13,177 - INFO - Processing zul
2025-08-24 11:01:13,658 - INFO - Layer 2 (xlmr) — Top 5
2025-08-24 11:01:13,658 - INFO - 1. tsn: r=1.0000
2025-08-24 11:01:13,658 - INFO - 2. nya: r=1.0000
2025-08-24 11:01:13,658 - INFO - 3. zul: r=1.0000
2025-08-24 11:01:13,658 - INFO - 4. kin: r=1.0000
2025-08-24 11:01:13,658 - INFO - 5. twi: r=1.0000
2025-08-24 11:01:13,658 - INFO - Layer 2 (xlmr) — Worst 5
2025-08-24 11:01:13,658 - INFO - 1. hau: r=0.9999
2025-08-24 11:01:13,658 - INFO - 2. bam: r=0.9999
2025-08-24 11:01:13,658 - INFO - 3. pcm: r=0.9999
2025-08-24 11:01:13,658 - INFO - 4. bbj: r=0.9999
2025-08-24 11:01:13,658 - INFO - 5. fon: r=0.9999
2025-08-24 11:01:13,775 - INFO - Layer 3 (xlmr) — Top 5
2025-08-24 11:01:13,775 - INFO - 1. twi: r=1.0000
2025-08-24 11:01:13,775 - INFO - 2. ewe: r=1.0000
2025-08-24 11:01:13,775 - INFO - 3. luo: r=1.0000
2025-08-24 11:01:13,775 - INFO - 4. kin: r=1.0000
2025-08-24 11:01:13,775 - INFO - 5. zul: r=1.0000
2025-08-24 11:01:13,775 - INFO - Layer 3 (xlmr) — Worst 5
2025-08-24 11:01:13,775 - INFO - 1. pcm: r=1.0000
2025-08-24 11:01:13,775 - INFO - 2. bbj: r=1.0000
2025-08-24 11:01:13,775 - INFO - 3. fon: r=1.0000
2025-08-24 11:01:13,775 - INFO - 4. bam: r=1.0000
2025-08-24 11:01:13,775 - INFO - 5. swa: r=1.0000
2025-08-24 11:01:13,891 - INFO - Layer 10 (xlmr) — Top 5
2025-08-24 11:01:13,891 - INFO - 1. tsn: r=1.0000
2025-08-24 11:01:13,891 - INFO - 2. kin: r=1.0000
2025-08-24 11:01:13,891 - INFO - 3. nya: r=1.0000
2025-08-24 11:01:13,891 - INFO - 4. zul: r=1.0000
2025-08-24 11:01:13,891 - INFO - 5. luo: r=1.0000
2025-08-24 11:01:13,891 - INFO - Layer 10 (xlmr) — Worst 5
2025-08-24 11:01:13,891 - INFO - 1. fon: r=1.0000
2025-08-24 11:01:13,891 - INFO - 2. hau: r=1.0000
2025-08-24 11:01:13,891 - INFO - 3. pcm: r=1.0000
2025-08-24 11:01:13,891 - INFO - 4. bbj: r=1.0000
2025-08-24 11:01:13,891 - INFO - 5. ibo: r=1.0000
2025-08-24 11:01:14,007 - INFO - Layer 12 (xlmr) — Top 5
2025-08-24 11:01:14,007 - INFO - 1. luo: r=0.9999
2025-08-24 11:01:14,007 - INFO - 2. wol: r=0.9999
2025-08-24 11:01:14,007 - INFO - 3. sna: r=0.9999
2025-08-24 11:01:14,007 - INFO - 4. kin: r=0.9999
2025-08-24 11:01:14,007 - INFO - 5. ibo: r=0.9999
2025-08-24 11:01:14,007 - INFO - Layer 12 (xlmr) — Worst 5
2025-08-24 11:01:14,007 - INFO - 1. hau: r=0.9950
2025-08-24 11:01:14,007 - INFO - 2. fon: r=0.9991
2025-08-24 11:01:14,007 - INFO - 3. pcm: r=0.9995
2025-08-24 11:01:14,007 - INFO - 4. twi: r=0.9996
2025-08-24 11:01:14,007 - INFO - 5. bbj: r=0.9996
2025-08-24 11:01:14,008 - INFO - Experiment finished successfully.
