2025-12-15 09:58:57,441 - INFO - Start: model_type=xlmr, use_cls=True, use_context=False, context_window=0, max_tokens_per_type=300, batch_size=64, output_dir=rq2_train_scripts/Embeddings/CLEAN/outputs/combined/xlmr/config_1_clstrue_ctxfalse/tokens_300_ctx0/core, save_prototypes=False, seed=42, fp16=True, max_length=96, langs=all, layers=all, span_mode=bio, pool=mean, entity_tags={'DATE', 'PER', 'ORG', 'LOC'}, title_suffix='L=all, tokens=300, ctx=0, cls=true, fp16=true'
2025-12-15 09:58:59,296 - INFO - Processing run
2025-12-15 09:58:59,692 - INFO - Processing bam
2025-12-15 09:58:59,742 - INFO - Processing bbj
2025-12-15 09:58:59,779 - INFO - Processing ewe
2025-12-15 09:58:59,814 - INFO - Processing fon
2025-12-15 09:58:59,860 - INFO - Processing hau
2025-12-15 09:58:59,919 - INFO - Processing ibo
2025-12-15 09:59:00,008 - INFO - Processing kin
2025-12-15 09:59:00,069 - INFO - Processing lug
2025-12-15 09:59:00,112 - INFO - Processing luo
2025-12-15 09:59:00,172 - INFO - Processing mos
2025-12-15 09:59:00,225 - INFO - Processing nya
2025-12-15 09:59:00,285 - INFO - Processing pcm
2025-12-15 09:59:00,335 - INFO - Processing sna
2025-12-15 09:59:00,393 - INFO - Processing swa
2025-12-15 09:59:00,453 - INFO - Processing tsn
2025-12-15 09:59:00,495 - INFO - Processing twi
2025-12-15 09:59:00,562 - INFO - Processing wol
2025-12-15 09:59:00,614 - INFO - Processing xho
2025-12-15 09:59:00,659 - INFO - Processing yor
2025-12-15 09:59:00,734 - INFO - Processing zul
2025-12-15 09:59:01,172 - INFO - === Layer 1 (xlmr) — Top 5 (cosine) ===
2025-12-15 09:59:01,172 - INFO - 1. kin: cos=0.9999
2025-12-15 09:59:01,172 - INFO - 2. twi: cos=0.9999
2025-12-15 09:59:01,172 - INFO - 3. luo: cos=0.9999
2025-12-15 09:59:01,172 - INFO - 4. ewe: cos=0.9998
2025-12-15 09:59:01,172 - INFO - 5. nya: cos=0.9998
2025-12-15 09:59:01,172 - INFO - === Layer 1 (xlmr) — Worst 5 (cosine) ===
2025-12-15 09:59:01,172 - INFO - 1. pcm: cos=0.9994
2025-12-15 09:59:01,172 - INFO - 2. hau: cos=0.9994
2025-12-15 09:59:01,172 - INFO - 3. fon: cos=0.9995
2025-12-15 09:59:01,172 - INFO - 4. bbj: cos=0.9995
2025-12-15 09:59:01,172 - INFO - 5. bam: cos=0.9995
2025-12-15 09:59:01,291 - INFO - === Layer 2 (xlmr) — Top 5 (cosine) ===
2025-12-15 09:59:01,291 - INFO - 1. kin: cos=1.0000
2025-12-15 09:59:01,291 - INFO - 2. twi: cos=1.0000
2025-12-15 09:59:01,291 - INFO - 3. luo: cos=1.0000
2025-12-15 09:59:01,291 - INFO - 4. ewe: cos=1.0000
2025-12-15 09:59:01,291 - INFO - 5. nya: cos=1.0000
2025-12-15 09:59:01,291 - INFO - === Layer 2 (xlmr) — Worst 5 (cosine) ===
2025-12-15 09:59:01,291 - INFO - 1. pcm: cos=0.9999
2025-12-15 09:59:01,291 - INFO - 2. swa: cos=0.9999
2025-12-15 09:59:01,291 - INFO - 3. hau: cos=0.9999
2025-12-15 09:59:01,291 - INFO - 4. bbj: cos=0.9999
2025-12-15 09:59:01,291 - INFO - 5. sna: cos=0.9999
2025-12-15 09:59:01,410 - INFO - === Layer 3 (xlmr) — Top 5 (cosine) ===
2025-12-15 09:59:01,410 - INFO - 1. twi: cos=1.0000
2025-12-15 09:59:01,410 - INFO - 2. kin: cos=1.0000
2025-12-15 09:59:01,410 - INFO - 3. luo: cos=1.0000
2025-12-15 09:59:01,410 - INFO - 4. ibo: cos=1.0000
2025-12-15 09:59:01,410 - INFO - 5. zul: cos=1.0000
2025-12-15 09:59:01,410 - INFO - === Layer 3 (xlmr) — Worst 5 (cosine) ===
2025-12-15 09:59:01,410 - INFO - 1. pcm: cos=1.0000
2025-12-15 09:59:01,410 - INFO - 2. swa: cos=1.0000
2025-12-15 09:59:01,410 - INFO - 3. sna: cos=1.0000
2025-12-15 09:59:01,410 - INFO - 4. nya: cos=1.0000
2025-12-15 09:59:01,410 - INFO - 5. bbj: cos=1.0000
2025-12-15 09:59:01,528 - INFO - === Layer 4 (xlmr) — Top 5 (cosine) ===
2025-12-15 09:59:01,529 - INFO - 1. kin: cos=1.0000
2025-12-15 09:59:01,529 - INFO - 2. twi: cos=1.0000
2025-12-15 09:59:01,529 - INFO - 3. luo: cos=1.0000
2025-12-15 09:59:01,529 - INFO - 4. bbj: cos=1.0000
2025-12-15 09:59:01,529 - INFO - 5. tsn: cos=1.0000
2025-12-15 09:59:01,529 - INFO - === Layer 4 (xlmr) — Worst 5 (cosine) ===
2025-12-15 09:59:01,529 - INFO - 1. pcm: cos=1.0000
2025-12-15 09:59:01,529 - INFO - 2. bam: cos=1.0000
2025-12-15 09:59:01,529 - INFO - 3. yor: cos=1.0000
2025-12-15 09:59:01,529 - INFO - 4. hau: cos=1.0000
2025-12-15 09:59:01,529 - INFO - 5. nya: cos=1.0000
2025-12-15 09:59:01,648 - INFO - === Layer 5 (xlmr) — Top 5 (cosine) ===
2025-12-15 09:59:01,648 - INFO - 1. twi: cos=1.0000
2025-12-15 09:59:01,648 - INFO - 2. luo: cos=1.0000
2025-12-15 09:59:01,648 - INFO - 3. tsn: cos=1.0000
2025-12-15 09:59:01,648 - INFO - 4. kin: cos=1.0000
2025-12-15 09:59:01,648 - INFO - 5. ewe: cos=1.0000
2025-12-15 09:59:01,648 - INFO - === Layer 5 (xlmr) — Worst 5 (cosine) ===
2025-12-15 09:59:01,648 - INFO - 1. pcm: cos=1.0000
2025-12-15 09:59:01,648 - INFO - 2. hau: cos=1.0000
2025-12-15 09:59:01,648 - INFO - 3. swa: cos=1.0000
2025-12-15 09:59:01,648 - INFO - 4. xho: cos=1.0000
2025-12-15 09:59:01,648 - INFO - 5. wol: cos=1.0000
2025-12-15 09:59:01,766 - INFO - === Layer 6 (xlmr) — Top 5 (cosine) ===
2025-12-15 09:59:01,766 - INFO - 1. twi: cos=1.0000
2025-12-15 09:59:01,766 - INFO - 2. kin: cos=1.0000
2025-12-15 09:59:01,766 - INFO - 3. luo: cos=1.0000
2025-12-15 09:59:01,766 - INFO - 4. tsn: cos=1.0000
2025-12-15 09:59:01,766 - INFO - 5. zul: cos=1.0000
2025-12-15 09:59:01,766 - INFO - === Layer 6 (xlmr) — Worst 5 (cosine) ===
2025-12-15 09:59:01,766 - INFO - 1. yor: cos=1.0000
2025-12-15 09:59:01,766 - INFO - 2. hau: cos=1.0000
2025-12-15 09:59:01,766 - INFO - 3. pcm: cos=1.0000
2025-12-15 09:59:01,766 - INFO - 4. swa: cos=1.0000
2025-12-15 09:59:01,766 - INFO - 5. xho: cos=1.0000
2025-12-15 09:59:01,884 - INFO - === Layer 7 (xlmr) — Top 5 (cosine) ===
2025-12-15 09:59:01,884 - INFO - 1. twi: cos=1.0000
2025-12-15 09:59:01,884 - INFO - 2. kin: cos=1.0000
2025-12-15 09:59:01,885 - INFO - 3. fon: cos=1.0000
2025-12-15 09:59:01,885 - INFO - 4. bbj: cos=1.0000
2025-12-15 09:59:01,885 - INFO - 5. swa: cos=1.0000
2025-12-15 09:59:01,885 - INFO - === Layer 7 (xlmr) — Worst 5 (cosine) ===
2025-12-15 09:59:01,885 - INFO - 1. pcm: cos=1.0000
2025-12-15 09:59:01,885 - INFO - 2. hau: cos=1.0000
2025-12-15 09:59:01,885 - INFO - 3. zul: cos=1.0000
2025-12-15 09:59:01,885 - INFO - 4. sna: cos=1.0000
2025-12-15 09:59:01,885 - INFO - 5. nya: cos=1.0000
2025-12-15 09:59:02,066 - INFO - === Layer 8 (xlmr) — Top 5 (cosine) ===
2025-12-15 09:59:02,066 - INFO - 1. ewe: cos=1.0000
2025-12-15 09:59:02,066 - INFO - 2. tsn: cos=1.0000
2025-12-15 09:59:02,066 - INFO - 3. luo: cos=1.0000
2025-12-15 09:59:02,066 - INFO - 4. zul: cos=1.0000
2025-12-15 09:59:02,066 - INFO - 5. bam: cos=1.0000
2025-12-15 09:59:02,066 - INFO - === Layer 8 (xlmr) — Worst 5 (cosine) ===
2025-12-15 09:59:02,066 - INFO - 1. pcm: cos=0.9999
2025-12-15 09:59:02,066 - INFO - 2. fon: cos=0.9999
2025-12-15 09:59:02,066 - INFO - 3. hau: cos=0.9999
2025-12-15 09:59:02,066 - INFO - 4. bbj: cos=1.0000
2025-12-15 09:59:02,066 - INFO - 5. xho: cos=1.0000
2025-12-15 09:59:02,187 - INFO - === Layer 9 (xlmr) — Top 5 (cosine) ===
2025-12-15 09:59:02,187 - INFO - 1. mos: cos=1.0000
2025-12-15 09:59:02,187 - INFO - 2. zul: cos=1.0000
2025-12-15 09:59:02,187 - INFO - 3. ewe: cos=1.0000
2025-12-15 09:59:02,187 - INFO - 4. luo: cos=1.0000
2025-12-15 09:59:02,187 - INFO - 5. swa: cos=1.0000
2025-12-15 09:59:02,187 - INFO - === Layer 9 (xlmr) — Worst 5 (cosine) ===
2025-12-15 09:59:02,187 - INFO - 1. pcm: cos=1.0000
2025-12-15 09:59:02,187 - INFO - 2. hau: cos=1.0000
2025-12-15 09:59:02,187 - INFO - 3. fon: cos=1.0000
2025-12-15 09:59:02,187 - INFO - 4. sna: cos=1.0000
2025-12-15 09:59:02,187 - INFO - 5. bbj: cos=1.0000
2025-12-15 09:59:02,305 - INFO - === Layer 10 (xlmr) — Top 5 (cosine) ===
2025-12-15 09:59:02,305 - INFO - 1. zul: cos=1.0000
2025-12-15 09:59:02,305 - INFO - 2. ewe: cos=1.0000
2025-12-15 09:59:02,305 - INFO - 3. luo: cos=1.0000
2025-12-15 09:59:02,305 - INFO - 4. kin: cos=1.0000
2025-12-15 09:59:02,305 - INFO - 5. nya: cos=1.0000
2025-12-15 09:59:02,305 - INFO - === Layer 10 (xlmr) — Worst 5 (cosine) ===
2025-12-15 09:59:02,305 - INFO - 1. pcm: cos=1.0000
2025-12-15 09:59:02,305 - INFO - 2. yor: cos=1.0000
2025-12-15 09:59:02,305 - INFO - 3. ibo: cos=1.0000
2025-12-15 09:59:02,305 - INFO - 4. fon: cos=1.0000
2025-12-15 09:59:02,305 - INFO - 5. xho: cos=1.0000
2025-12-15 09:59:02,423 - INFO - === Layer 11 (xlmr) — Top 5 (cosine) ===
2025-12-15 09:59:02,423 - INFO - 1. tsn: cos=1.0000
2025-12-15 09:59:02,423 - INFO - 2. zul: cos=1.0000
2025-12-15 09:59:02,423 - INFO - 3. hau: cos=1.0000
2025-12-15 09:59:02,423 - INFO - 4. pcm: cos=1.0000
2025-12-15 09:59:02,423 - INFO - 5. ibo: cos=1.0000
2025-12-15 09:59:02,423 - INFO - === Layer 11 (xlmr) — Worst 5 (cosine) ===
2025-12-15 09:59:02,423 - INFO - 1. luo: cos=0.9999
2025-12-15 09:59:02,423 - INFO - 2. bam: cos=0.9999
2025-12-15 09:59:02,423 - INFO - 3. bbj: cos=0.9999
2025-12-15 09:59:02,423 - INFO - 4. xho: cos=1.0000
2025-12-15 09:59:02,423 - INFO - 5. mos: cos=1.0000
2025-12-15 09:59:02,542 - INFO - === Layer 12 (xlmr) — Top 5 (cosine) ===
2025-12-15 09:59:02,542 - INFO - 1. kin: cos=0.9999
2025-12-15 09:59:02,542 - INFO - 2. nya: cos=0.9999
2025-12-15 09:59:02,542 - INFO - 3. wol: cos=0.9999
2025-12-15 09:59:02,542 - INFO - 4. ewe: cos=0.9999
2025-12-15 09:59:02,542 - INFO - 5. tsn: cos=0.9999
2025-12-15 09:59:02,542 - INFO - === Layer 12 (xlmr) — Worst 5 (cosine) ===
2025-12-15 09:59:02,542 - INFO - 1. fon: cos=0.9982
2025-12-15 09:59:02,542 - INFO - 2. hau: cos=0.9987
2025-12-15 09:59:02,542 - INFO - 3. pcm: cos=0.9989
2025-12-15 09:59:02,542 - INFO - 4. twi: cos=0.9995
2025-12-15 09:59:02,542 - INFO - 5. ibo: cos=0.9996
2025-12-15 09:59:02,543 - INFO - Experiment finished successfully.
