2025-12-15 10:07:28,588 - INFO - Start: model_type=xlmr, use_cls=False, use_context=True, context_window=1, max_tokens_per_type=200, batch_size=64, output_dir=rq2_train_scripts/Embeddings/CLEAN/outputs/combined/xlmr/config_2_clsfalse_ctxtrue/tokens_200_ctx1/core, save_prototypes=False, seed=42, fp16=True, max_length=96, langs=all, layers=all, span_mode=bio, pool=mean, entity_tags={'DATE', 'LOC', 'ORG', 'PER'}, title_suffix='L=all, tokens=200, ctx=1, cls=false, fp16=true'
2025-12-15 10:07:30,483 - INFO - Processing run
2025-12-15 10:07:30,916 - INFO - Processing bam
2025-12-15 10:07:30,991 - INFO - Processing bbj
2025-12-15 10:07:31,054 - INFO - Processing ewe
2025-12-15 10:07:31,118 - INFO - Processing fon
2025-12-15 10:07:31,198 - INFO - Processing hau
2025-12-15 10:07:31,279 - INFO - Processing ibo
2025-12-15 10:07:31,381 - INFO - Processing kin
2025-12-15 10:07:31,467 - INFO - Processing lug
2025-12-15 10:07:31,541 - INFO - Processing luo
2025-12-15 10:07:31,620 - INFO - Processing mos
2025-12-15 10:07:31,699 - INFO - Processing nya
2025-12-15 10:07:31,783 - INFO - Processing pcm
2025-12-15 10:07:31,856 - INFO - Processing sna
2025-12-15 10:07:31,935 - INFO - Processing swa
2025-12-15 10:07:32,017 - INFO - Processing tsn
2025-12-15 10:07:32,087 - INFO - Processing twi
2025-12-15 10:07:32,161 - INFO - Processing wol
2025-12-15 10:07:32,238 - INFO - Processing xho
2025-12-15 10:07:32,309 - INFO - Processing yor
2025-12-15 10:07:32,420 - INFO - Processing zul
2025-12-15 10:07:32,892 - INFO - === Layer 1 (xlmr) — Top 5 (cosine) ===
2025-12-15 10:07:32,892 - INFO - 1. twi: cos=0.9376
2025-12-15 10:07:32,892 - INFO - 2. kin: cos=0.9367
2025-12-15 10:07:32,892 - INFO - 3. tsn: cos=0.9309
2025-12-15 10:07:32,892 - INFO - 4. luo: cos=0.9255
2025-12-15 10:07:32,892 - INFO - 5. ibo: cos=0.9215
2025-12-15 10:07:32,892 - INFO - === Layer 1 (xlmr) — Worst 5 (cosine) ===
2025-12-15 10:07:32,892 - INFO - 1. hau: cos=0.8784
2025-12-15 10:07:32,892 - INFO - 2. pcm: cos=0.8796
2025-12-15 10:07:32,892 - INFO - 3. yor: cos=0.8806
2025-12-15 10:07:32,892 - INFO - 4. bbj: cos=0.8844
2025-12-15 10:07:32,892 - INFO - 5. fon: cos=0.8876
2025-12-15 10:07:33,011 - INFO - === Layer 2 (xlmr) — Top 5 (cosine) ===
2025-12-15 10:07:33,011 - INFO - 1. twi: cos=0.9755
2025-12-15 10:07:33,011 - INFO - 2. kin: cos=0.9755
2025-12-15 10:07:33,011 - INFO - 3. lug: cos=0.9720
2025-12-15 10:07:33,011 - INFO - 4. tsn: cos=0.9719
2025-12-15 10:07:33,011 - INFO - 5. luo: cos=0.9711
2025-12-15 10:07:33,011 - INFO - === Layer 2 (xlmr) — Worst 5 (cosine) ===
2025-12-15 10:07:33,011 - INFO - 1. pcm: cos=0.9467
2025-12-15 10:07:33,011 - INFO - 2. yor: cos=0.9499
2025-12-15 10:07:33,011 - INFO - 3. hau: cos=0.9521
2025-12-15 10:07:33,011 - INFO - 4. swa: cos=0.9540
2025-12-15 10:07:33,011 - INFO - 5. bbj: cos=0.9567
2025-12-15 10:07:33,130 - INFO - === Layer 3 (xlmr) — Top 5 (cosine) ===
2025-12-15 10:07:33,130 - INFO - 1. twi: cos=0.9821
2025-12-15 10:07:33,130 - INFO - 2. kin: cos=0.9819
2025-12-15 10:07:33,130 - INFO - 3. luo: cos=0.9787
2025-12-15 10:07:33,130 - INFO - 4. tsn: cos=0.9785
2025-12-15 10:07:33,130 - INFO - 5. lug: cos=0.9779
2025-12-15 10:07:33,130 - INFO - === Layer 3 (xlmr) — Worst 5 (cosine) ===
2025-12-15 10:07:33,130 - INFO - 1. pcm: cos=0.9567
2025-12-15 10:07:33,130 - INFO - 2. hau: cos=0.9596
2025-12-15 10:07:33,130 - INFO - 3. swa: cos=0.9634
2025-12-15 10:07:33,130 - INFO - 4. yor: cos=0.9636
2025-12-15 10:07:33,130 - INFO - 5. bbj: cos=0.9685
2025-12-15 10:07:33,249 - INFO - === Layer 4 (xlmr) — Top 5 (cosine) ===
2025-12-15 10:07:33,250 - INFO - 1. twi: cos=0.9804
2025-12-15 10:07:33,250 - INFO - 2. tsn: cos=0.9758
2025-12-15 10:07:33,250 - INFO - 3. lug: cos=0.9755
2025-12-15 10:07:33,250 - INFO - 4. zul: cos=0.9742
2025-12-15 10:07:33,250 - INFO - 5. kin: cos=0.9729
2025-12-15 10:07:33,250 - INFO - === Layer 4 (xlmr) — Worst 5 (cosine) ===
2025-12-15 10:07:33,250 - INFO - 1. pcm: cos=0.9506
2025-12-15 10:07:33,250 - INFO - 2. swa: cos=0.9584
2025-12-15 10:07:33,250 - INFO - 3. hau: cos=0.9591
2025-12-15 10:07:33,250 - INFO - 4. yor: cos=0.9602
2025-12-15 10:07:33,250 - INFO - 5. bbj: cos=0.9640
2025-12-15 10:07:33,368 - INFO - === Layer 5 (xlmr) — Top 5 (cosine) ===
2025-12-15 10:07:33,369 - INFO - 1. twi: cos=0.9818
2025-12-15 10:07:33,369 - INFO - 2. ewe: cos=0.9782
2025-12-15 10:07:33,369 - INFO - 3. mos: cos=0.9778
2025-12-15 10:07:33,369 - INFO - 4. zul: cos=0.9771
2025-12-15 10:07:33,369 - INFO - 5. nya: cos=0.9767
2025-12-15 10:07:33,369 - INFO - === Layer 5 (xlmr) — Worst 5 (cosine) ===
2025-12-15 10:07:33,369 - INFO - 1. yor: cos=0.9629
2025-12-15 10:07:33,369 - INFO - 2. hau: cos=0.9671
2025-12-15 10:07:33,369 - INFO - 3. pcm: cos=0.9679
2025-12-15 10:07:33,369 - INFO - 4. swa: cos=0.9688
2025-12-15 10:07:33,369 - INFO - 5. bbj: cos=0.9689
2025-12-15 10:07:33,487 - INFO - === Layer 6 (xlmr) — Top 5 (cosine) ===
2025-12-15 10:07:33,487 - INFO - 1. twi: cos=0.9748
2025-12-15 10:07:33,487 - INFO - 2. nya: cos=0.9680
2025-12-15 10:07:33,487 - INFO - 3. mos: cos=0.9678
2025-12-15 10:07:33,487 - INFO - 4. zul: cos=0.9667
2025-12-15 10:07:33,487 - INFO - 5. tsn: cos=0.9665
2025-12-15 10:07:33,487 - INFO - === Layer 6 (xlmr) — Worst 5 (cosine) ===
2025-12-15 10:07:33,487 - INFO - 1. yor: cos=0.9449
2025-12-15 10:07:33,487 - INFO - 2. bbj: cos=0.9561
2025-12-15 10:07:33,487 - INFO - 3. swa: cos=0.9568
2025-12-15 10:07:33,487 - INFO - 4. pcm: cos=0.9587
2025-12-15 10:07:33,487 - INFO - 5. luo: cos=0.9589
2025-12-15 10:07:33,606 - INFO - === Layer 7 (xlmr) — Top 5 (cosine) ===
2025-12-15 10:07:33,606 - INFO - 1. twi: cos=0.9805
2025-12-15 10:07:33,606 - INFO - 2. nya: cos=0.9755
2025-12-15 10:07:33,606 - INFO - 3. lug: cos=0.9747
2025-12-15 10:07:33,606 - INFO - 4. sna: cos=0.9742
2025-12-15 10:07:33,606 - INFO - 5. zul: cos=0.9733
2025-12-15 10:07:33,606 - INFO - === Layer 7 (xlmr) — Worst 5 (cosine) ===
2025-12-15 10:07:33,606 - INFO - 1. yor: cos=0.9520
2025-12-15 10:07:33,606 - INFO - 2. ibo: cos=0.9631
2025-12-15 10:07:33,606 - INFO - 3. luo: cos=0.9640
2025-12-15 10:07:33,606 - INFO - 4. swa: cos=0.9650
2025-12-15 10:07:33,606 - INFO - 5. bbj: cos=0.9653
2025-12-15 10:07:33,787 - INFO - === Layer 8 (xlmr) — Top 5 (cosine) ===
2025-12-15 10:07:33,787 - INFO - 1. twi: cos=0.9794
2025-12-15 10:07:33,787 - INFO - 2. ewe: cos=0.9764
2025-12-15 10:07:33,787 - INFO - 3. mos: cos=0.9763
2025-12-15 10:07:33,787 - INFO - 4. nya: cos=0.9746
2025-12-15 10:07:33,787 - INFO - 5. lug: cos=0.9728
2025-12-15 10:07:33,787 - INFO - === Layer 8 (xlmr) — Worst 5 (cosine) ===
2025-12-15 10:07:33,787 - INFO - 1. yor: cos=0.9500
2025-12-15 10:07:33,788 - INFO - 2. bbj: cos=0.9576
2025-12-15 10:07:33,788 - INFO - 3. ibo: cos=0.9609
2025-12-15 10:07:33,788 - INFO - 4. xho: cos=0.9618
2025-12-15 10:07:33,788 - INFO - 5. swa: cos=0.9627
2025-12-15 10:07:33,906 - INFO - === Layer 9 (xlmr) — Top 5 (cosine) ===
2025-12-15 10:07:33,906 - INFO - 1. twi: cos=0.9813
2025-12-15 10:07:33,906 - INFO - 2. ewe: cos=0.9801
2025-12-15 10:07:33,906 - INFO - 3. mos: cos=0.9799
2025-12-15 10:07:33,906 - INFO - 4. lug: cos=0.9757
2025-12-15 10:07:33,906 - INFO - 5. fon: cos=0.9750
2025-12-15 10:07:33,906 - INFO - === Layer 9 (xlmr) — Worst 5 (cosine) ===
2025-12-15 10:07:33,906 - INFO - 1. swa: cos=0.9545
2025-12-15 10:07:33,906 - INFO - 2. yor: cos=0.9560
2025-12-15 10:07:33,906 - INFO - 3. zul: cos=0.9595
2025-12-15 10:07:33,906 - INFO - 4. bbj: cos=0.9599
2025-12-15 10:07:33,906 - INFO - 5. ibo: cos=0.9632
2025-12-15 10:07:34,024 - INFO - === Layer 10 (xlmr) — Top 5 (cosine) ===
2025-12-15 10:07:34,024 - INFO - 1. ewe: cos=0.9797
2025-12-15 10:07:34,025 - INFO - 2. hau: cos=0.9796
2025-12-15 10:07:34,025 - INFO - 3. mos: cos=0.9795
2025-12-15 10:07:34,025 - INFO - 4. twi: cos=0.9781
2025-12-15 10:07:34,025 - INFO - 5. lug: cos=0.9769
2025-12-15 10:07:34,025 - INFO - === Layer 10 (xlmr) — Worst 5 (cosine) ===
2025-12-15 10:07:34,025 - INFO - 1. kin: cos=0.9258
2025-12-15 10:07:34,025 - INFO - 2. yor: cos=0.9552
2025-12-15 10:07:34,025 - INFO - 3. bbj: cos=0.9600
2025-12-15 10:07:34,025 - INFO - 4. zul: cos=0.9624
2025-12-15 10:07:34,025 - INFO - 5. ibo: cos=0.9636
2025-12-15 10:07:34,143 - INFO - === Layer 11 (xlmr) — Top 5 (cosine) ===
2025-12-15 10:07:34,143 - INFO - 1. twi: cos=0.9858
2025-12-15 10:07:34,143 - INFO - 2. swa: cos=0.9826
2025-12-15 10:07:34,143 - INFO - 3. nya: cos=0.9812
2025-12-15 10:07:34,143 - INFO - 4. wol: cos=0.9811
2025-12-15 10:07:34,143 - INFO - 5. mos: cos=0.9810
2025-12-15 10:07:34,143 - INFO - === Layer 11 (xlmr) — Worst 5 (cosine) ===
2025-12-15 10:07:34,143 - INFO - 1. bbj: cos=0.9524
2025-12-15 10:07:34,143 - INFO - 2. yor: cos=0.9626
2025-12-15 10:07:34,143 - INFO - 3. zul: cos=0.9639
2025-12-15 10:07:34,143 - INFO - 4. xho: cos=0.9655
2025-12-15 10:07:34,143 - INFO - 5. luo: cos=0.9681
2025-12-15 10:07:34,261 - INFO - === Layer 12 (xlmr) — Top 5 (cosine) ===
2025-12-15 10:07:34,261 - INFO - 1. wol: cos=0.9984
2025-12-15 10:07:34,261 - INFO - 2. nya: cos=0.9983
2025-12-15 10:07:34,261 - INFO - 3. kin: cos=0.9978
2025-12-15 10:07:34,261 - INFO - 4. tsn: cos=0.9977
2025-12-15 10:07:34,261 - INFO - 5. bbj: cos=0.9977
2025-12-15 10:07:34,261 - INFO - === Layer 12 (xlmr) — Worst 5 (cosine) ===
2025-12-15 10:07:34,261 - INFO - 1. hau: cos=0.9921
2025-12-15 10:07:34,261 - INFO - 2. swa: cos=0.9940
2025-12-15 10:07:34,261 - INFO - 3. sna: cos=0.9944
2025-12-15 10:07:34,261 - INFO - 4. lug: cos=0.9948
2025-12-15 10:07:34,261 - INFO - 5. fon: cos=0.9949
2025-12-15 10:07:34,262 - INFO - Experiment finished successfully.
