2025-08-27 07:44:16,575 - INFO - Start: model_type=xlmr, use_cls=True, use_context=False, context_window=3, max_tokens_per_type=200, batch_size=64, output_dir=rq2_train_scripts/Embeddings/CLEAN/outputs/salt/xlmr/config_1_clstrue_ctxfalse/tokens_200_ctx3, save_prototypes=False, seed=42, fp16=True, max_length=96, langs=all, layers=all, span_mode=bio, pool=mean, entity_tags={'PER', 'ORG', 'DATE', 'LOC'}, title_suffix='L=all, tokens=200, ctx=3, cls=true, fp16=true'
2025-08-27 07:44:18,582 - INFO - Processing run
2025-08-27 07:44:18,999 - INFO - Processing bam
2025-08-27 07:44:19,043 - INFO - Processing bbj
2025-08-27 07:44:19,074 - INFO - Processing ewe
2025-08-27 07:44:19,108 - INFO - Processing fon
2025-08-27 07:44:19,157 - INFO - Processing hau
2025-08-27 07:44:19,211 - INFO - Processing ibo
2025-08-27 07:44:19,287 - INFO - Processing kin
2025-08-27 07:44:19,343 - INFO - Processing lug
2025-08-27 07:44:19,394 - INFO - Processing luo
2025-08-27 07:44:19,451 - INFO - Processing mos
2025-08-27 07:44:19,498 - INFO - Processing nya
2025-08-27 07:44:19,570 - INFO - Processing pcm
2025-08-27 07:44:19,636 - INFO - Processing sna
2025-08-27 07:44:19,685 - INFO - Processing swa
2025-08-27 07:44:19,740 - INFO - Processing tsn
2025-08-27 07:44:19,778 - INFO - Processing twi
2025-08-27 07:44:19,825 - INFO - Processing wol
2025-08-27 07:44:19,879 - INFO - Processing xho
2025-08-27 07:44:19,961 - INFO - Processing yor
2025-08-27 07:44:20,046 - INFO - Processing zul
2025-08-27 07:44:20,523 - INFO - === Layer 1 (xlmr) — Top 5 (cosine) ===
2025-08-27 07:44:20,523 - INFO - 1. twi: cos=0.9999
2025-08-27 07:44:20,523 - INFO - 2. luo: cos=0.9999
2025-08-27 07:44:20,523 - INFO - 3. kin: cos=0.9999
2025-08-27 07:44:20,523 - INFO - 4. ewe: cos=0.9998
2025-08-27 07:44:20,523 - INFO - 5. ibo: cos=0.9998
2025-08-27 07:44:20,523 - INFO - === Layer 1 (xlmr) — Worst 5 (cosine) ===
2025-08-27 07:44:20,523 - INFO - 1. hau: cos=0.9992
2025-08-27 07:44:20,523 - INFO - 2. pcm: cos=0.9994
2025-08-27 07:44:20,523 - INFO - 3. bbj: cos=0.9995
2025-08-27 07:44:20,523 - INFO - 4. bam: cos=0.9996
2025-08-27 07:44:20,523 - INFO - 5. swa: cos=0.9996
2025-08-27 07:44:20,655 - INFO - === Layer 2 (xlmr) — Top 5 (cosine) ===
2025-08-27 07:44:20,655 - INFO - 1. kin: cos=1.0000
2025-08-27 07:44:20,655 - INFO - 2. twi: cos=1.0000
2025-08-27 07:44:20,655 - INFO - 3. luo: cos=1.0000
2025-08-27 07:44:20,655 - INFO - 4. zul: cos=1.0000
2025-08-27 07:44:20,655 - INFO - 5. ewe: cos=1.0000
2025-08-27 07:44:20,655 - INFO - === Layer 2 (xlmr) — Worst 5 (cosine) ===
2025-08-27 07:44:20,655 - INFO - 1. pcm: cos=0.9999
2025-08-27 07:44:20,655 - INFO - 2. hau: cos=0.9999
2025-08-27 07:44:20,655 - INFO - 3. swa: cos=0.9999
2025-08-27 07:44:20,655 - INFO - 4. bbj: cos=0.9999
2025-08-27 07:44:20,655 - INFO - 5. xho: cos=0.9999
2025-08-27 07:44:20,784 - INFO - === Layer 3 (xlmr) — Top 5 (cosine) ===
2025-08-27 07:44:20,784 - INFO - 1. kin: cos=1.0000
2025-08-27 07:44:20,784 - INFO - 2. twi: cos=1.0000
2025-08-27 07:44:20,784 - INFO - 3. luo: cos=1.0000
2025-08-27 07:44:20,784 - INFO - 4. lug: cos=1.0000
2025-08-27 07:44:20,784 - INFO - 5. zul: cos=1.0000
2025-08-27 07:44:20,784 - INFO - === Layer 3 (xlmr) — Worst 5 (cosine) ===
2025-08-27 07:44:20,784 - INFO - 1. pcm: cos=1.0000
2025-08-27 07:44:20,784 - INFO - 2. swa: cos=1.0000
2025-08-27 07:44:20,784 - INFO - 3. yor: cos=1.0000
2025-08-27 07:44:20,784 - INFO - 4. xho: cos=1.0000
2025-08-27 07:44:20,784 - INFO - 5. sna: cos=1.0000
2025-08-27 07:44:20,910 - INFO - === Layer 4 (xlmr) — Top 5 (cosine) ===
2025-08-27 07:44:20,910 - INFO - 1. kin: cos=1.0000
2025-08-27 07:44:20,910 - INFO - 2. twi: cos=1.0000
2025-08-27 07:44:20,910 - INFO - 3. tsn: cos=1.0000
2025-08-27 07:44:20,910 - INFO - 4. bbj: cos=1.0000
2025-08-27 07:44:20,910 - INFO - 5. zul: cos=1.0000
2025-08-27 07:44:20,910 - INFO - === Layer 4 (xlmr) — Worst 5 (cosine) ===
2025-08-27 07:44:20,911 - INFO - 1. pcm: cos=1.0000
2025-08-27 07:44:20,911 - INFO - 2. yor: cos=1.0000
2025-08-27 07:44:20,911 - INFO - 3. hau: cos=1.0000
2025-08-27 07:44:20,911 - INFO - 4. bam: cos=1.0000
2025-08-27 07:44:20,911 - INFO - 5. nya: cos=1.0000
2025-08-27 07:44:21,057 - INFO - === Layer 5 (xlmr) — Top 5 (cosine) ===
2025-08-27 07:44:21,057 - INFO - 1. mos: cos=1.0000
2025-08-27 07:44:21,057 - INFO - 2. ewe: cos=1.0000
2025-08-27 07:44:21,057 - INFO - 3. bbj: cos=1.0000
2025-08-27 07:44:21,057 - INFO - 4. twi: cos=1.0000
2025-08-27 07:44:21,057 - INFO - 5. zul: cos=1.0000
2025-08-27 07:44:21,057 - INFO - === Layer 5 (xlmr) — Worst 5 (cosine) ===
2025-08-27 07:44:21,057 - INFO - 1. yor: cos=1.0000
2025-08-27 07:44:21,057 - INFO - 2. hau: cos=1.0000
2025-08-27 07:44:21,057 - INFO - 3. pcm: cos=1.0000
2025-08-27 07:44:21,057 - INFO - 4. swa: cos=1.0000
2025-08-27 07:44:21,057 - INFO - 5. kin: cos=1.0000
2025-08-27 07:44:21,191 - INFO - === Layer 6 (xlmr) — Top 5 (cosine) ===
2025-08-27 07:44:21,191 - INFO - 1. mos: cos=1.0000
2025-08-27 07:44:21,191 - INFO - 2. nya: cos=1.0000
2025-08-27 07:44:21,191 - INFO - 3. bbj: cos=1.0000
2025-08-27 07:44:21,191 - INFO - 4. twi: cos=1.0000
2025-08-27 07:44:21,191 - INFO - 5. ewe: cos=1.0000
2025-08-27 07:44:21,191 - INFO - === Layer 6 (xlmr) — Worst 5 (cosine) ===
2025-08-27 07:44:21,191 - INFO - 1. yor: cos=1.0000
2025-08-27 07:44:21,191 - INFO - 2. hau: cos=1.0000
2025-08-27 07:44:21,191 - INFO - 3. luo: cos=1.0000
2025-08-27 07:44:21,191 - INFO - 4. swa: cos=1.0000
2025-08-27 07:44:21,191 - INFO - 5. pcm: cos=1.0000
2025-08-27 07:44:21,329 - INFO - === Layer 7 (xlmr) — Top 5 (cosine) ===
2025-08-27 07:44:21,329 - INFO - 1. lug: cos=1.0000
2025-08-27 07:44:21,329 - INFO - 2. twi: cos=1.0000
2025-08-27 07:44:21,329 - INFO - 3. bbj: cos=1.0000
2025-08-27 07:44:21,329 - INFO - 4. swa: cos=1.0000
2025-08-27 07:44:21,329 - INFO - 5. ibo: cos=1.0000
2025-08-27 07:44:21,329 - INFO - === Layer 7 (xlmr) — Worst 5 (cosine) ===
2025-08-27 07:44:21,329 - INFO - 1. luo: cos=1.0000
2025-08-27 07:44:21,329 - INFO - 2. pcm: cos=1.0000
2025-08-27 07:44:21,329 - INFO - 3. tsn: cos=1.0000
2025-08-27 07:44:21,329 - INFO - 4. hau: cos=1.0000
2025-08-27 07:44:21,329 - INFO - 5. sna: cos=1.0000
2025-08-27 07:44:21,528 - INFO - === Layer 8 (xlmr) — Top 5 (cosine) ===
2025-08-27 07:44:21,528 - INFO - 1. zul: cos=1.0000
2025-08-27 07:44:21,528 - INFO - 2. ewe: cos=1.0000
2025-08-27 07:44:21,528 - INFO - 3. tsn: cos=1.0000
2025-08-27 07:44:21,528 - INFO - 4. lug: cos=1.0000
2025-08-27 07:44:21,528 - INFO - 5. nya: cos=1.0000
2025-08-27 07:44:21,528 - INFO - === Layer 8 (xlmr) — Worst 5 (cosine) ===
2025-08-27 07:44:21,528 - INFO - 1. pcm: cos=0.9998
2025-08-27 07:44:21,528 - INFO - 2. bbj: cos=0.9999
2025-08-27 07:44:21,528 - INFO - 3. fon: cos=0.9999
2025-08-27 07:44:21,528 - INFO - 4. ibo: cos=0.9999
2025-08-27 07:44:21,528 - INFO - 5. hau: cos=0.9999
2025-08-27 07:44:21,657 - INFO - === Layer 9 (xlmr) — Top 5 (cosine) ===
2025-08-27 07:44:21,657 - INFO - 1. zul: cos=1.0000
2025-08-27 07:44:21,657 - INFO - 2. ewe: cos=1.0000
2025-08-27 07:44:21,657 - INFO - 3. bam: cos=1.0000
2025-08-27 07:44:21,657 - INFO - 4. lug: cos=1.0000
2025-08-27 07:44:21,657 - INFO - 5. wol: cos=1.0000
2025-08-27 07:44:21,657 - INFO - === Layer 9 (xlmr) — Worst 5 (cosine) ===
2025-08-27 07:44:21,657 - INFO - 1. pcm: cos=0.9999
2025-08-27 07:44:21,657 - INFO - 2. ibo: cos=1.0000
2025-08-27 07:44:21,657 - INFO - 3. hau: cos=1.0000
2025-08-27 07:44:21,657 - INFO - 4. luo: cos=1.0000
2025-08-27 07:44:21,657 - INFO - 5. sna: cos=1.0000
2025-08-27 07:44:21,788 - INFO - === Layer 10 (xlmr) — Top 5 (cosine) ===
2025-08-27 07:44:21,788 - INFO - 1. swa: cos=1.0000
2025-08-27 07:44:21,788 - INFO - 2. ewe: cos=1.0000
2025-08-27 07:44:21,788 - INFO - 3. zul: cos=1.0000
2025-08-27 07:44:21,788 - INFO - 4. hau: cos=1.0000
2025-08-27 07:44:21,788 - INFO - 5. tsn: cos=1.0000
2025-08-27 07:44:21,789 - INFO - === Layer 10 (xlmr) — Worst 5 (cosine) ===
2025-08-27 07:44:21,789 - INFO - 1. bam: cos=0.9999
2025-08-27 07:44:21,789 - INFO - 2. pcm: cos=1.0000
2025-08-27 07:44:21,789 - INFO - 3. ibo: cos=1.0000
2025-08-27 07:44:21,789 - INFO - 4. yor: cos=1.0000
2025-08-27 07:44:21,789 - INFO - 5. fon: cos=1.0000
2025-08-27 07:44:21,918 - INFO - === Layer 11 (xlmr) — Top 5 (cosine) ===
2025-08-27 07:44:21,919 - INFO - 1. nya: cos=1.0000
2025-08-27 07:44:21,919 - INFO - 2. hau: cos=1.0000
2025-08-27 07:44:21,919 - INFO - 3. zul: cos=1.0000
2025-08-27 07:44:21,919 - INFO - 4. pcm: cos=1.0000
2025-08-27 07:44:21,919 - INFO - 5. yor: cos=1.0000
2025-08-27 07:44:21,919 - INFO - === Layer 11 (xlmr) — Worst 5 (cosine) ===
2025-08-27 07:44:21,919 - INFO - 1. kin: cos=0.9998
2025-08-27 07:44:21,919 - INFO - 2. luo: cos=0.9998
2025-08-27 07:44:21,919 - INFO - 3. mos: cos=0.9999
2025-08-27 07:44:21,919 - INFO - 4. bam: cos=0.9999
2025-08-27 07:44:21,919 - INFO - 5. lug: cos=0.9999
2025-08-27 07:44:22,048 - INFO - === Layer 12 (xlmr) — Top 5 (cosine) ===
2025-08-27 07:44:22,048 - INFO - 1. nya: cos=0.9999
2025-08-27 07:44:22,048 - INFO - 2. wol: cos=0.9999
2025-08-27 07:44:22,048 - INFO - 3. tsn: cos=0.9998
2025-08-27 07:44:22,048 - INFO - 4. ewe: cos=0.9998
2025-08-27 07:44:22,048 - INFO - 5. fon: cos=0.9998
2025-08-27 07:44:22,048 - INFO - === Layer 12 (xlmr) — Worst 5 (cosine) ===
2025-08-27 07:44:22,048 - INFO - 1. hau: cos=0.9676
2025-08-27 07:44:22,048 - INFO - 2. bam: cos=0.9970
2025-08-27 07:44:22,048 - INFO - 3. twi: cos=0.9984
2025-08-27 07:44:22,048 - INFO - 4. pcm: cos=0.9995
2025-08-27 07:44:22,048 - INFO - 5. kin: cos=0.9996
2025-08-27 07:44:22,049 - INFO - Experiment finished successfully.
