2025-08-24 11:12:07,172 - INFO - Start: model_type=xlmr, run_both=False, use_cls=False, use_context=True, context_window=1, max_tokens_per_type=500, batch_size=32, seed=1, num_middle_layers=3, output_dir=rq2_train_scripts/Embeddings/EXTENDED/outputs/mptc_extended/xlmr/config_2_clsfalse_ctxtrue_hybfalse/tokens_500_ctx1
2025-08-24 11:12:07,723 - INFO - xlmr: selected layer indices (hidden_states) = [2, 3, 10, 12]
2025-08-24 11:12:09,411 - INFO - Processing run
2025-08-24 11:12:15,714 - INFO - Processing bam
2025-08-24 11:12:23,225 - INFO - Processing bbj
2025-08-24 11:12:30,804 - INFO - Processing ewe
2025-08-24 11:12:38,203 - INFO - Processing fon
2025-08-24 11:12:46,064 - INFO - Processing hau
2025-08-24 11:12:54,045 - INFO - Processing ibo
2025-08-24 11:13:02,014 - INFO - Processing kin
2025-08-24 11:13:09,870 - INFO - Processing lug
2025-08-24 11:13:17,853 - INFO - Processing luo
2025-08-24 11:13:25,705 - INFO - Processing mos
2025-08-24 11:13:33,515 - INFO - Processing nya
2025-08-24 11:13:40,857 - INFO - Processing pcm
2025-08-24 11:13:48,259 - INFO - Processing sna
2025-08-24 11:13:56,269 - INFO - Processing swa
2025-08-24 11:14:04,300 - INFO - Processing tsn
2025-08-24 11:14:12,360 - INFO - Processing twi
2025-08-24 11:14:20,383 - INFO - Processing wol
2025-08-24 11:14:28,362 - INFO - Processing xho
2025-08-24 11:14:36,178 - INFO - Processing yor
2025-08-24 11:14:44,249 - INFO - Processing zul
2025-08-24 11:14:52,582 - INFO - Layer 2 (xlmr) — Top 5
2025-08-24 11:14:52,582 - INFO - 1. luo: r=0.9536
2025-08-24 11:14:52,582 - INFO - 2. kin: r=0.9526
2025-08-24 11:14:52,582 - INFO - 3. twi: r=0.9523
2025-08-24 11:14:52,582 - INFO - 4. lug: r=0.9513
2025-08-24 11:14:52,582 - INFO - 5. ibo: r=0.9497
2025-08-24 11:14:52,582 - INFO - Layer 2 (xlmr) — Worst 5
2025-08-24 11:14:52,582 - INFO - 1. fon: r=0.9321
2025-08-24 11:14:52,582 - INFO - 2. hau: r=0.9340
2025-08-24 11:14:52,582 - INFO - 3. bbj: r=0.9344
2025-08-24 11:14:52,582 - INFO - 4. yor: r=0.9351
2025-08-24 11:14:52,582 - INFO - 5. bam: r=0.9367
2025-08-24 11:14:52,699 - INFO - Layer 3 (xlmr) — Top 5
2025-08-24 11:14:52,699 - INFO - 1. kin: r=0.9662
2025-08-24 11:14:52,699 - INFO - 2. luo: r=0.9660
2025-08-24 11:14:52,699 - INFO - 3. twi: r=0.9654
2025-08-24 11:14:52,699 - INFO - 4. lug: r=0.9649
2025-08-24 11:14:52,699 - INFO - 5. ibo: r=0.9639
2025-08-24 11:14:52,699 - INFO - Layer 3 (xlmr) — Worst 5
2025-08-24 11:14:52,699 - INFO - 1. fon: r=0.9510
2025-08-24 11:14:52,699 - INFO - 2. bam: r=0.9529
2025-08-24 11:14:52,699 - INFO - 3. bbj: r=0.9529
2025-08-24 11:14:52,699 - INFO - 4. hau: r=0.9530
2025-08-24 11:14:52,699 - INFO - 5. yor: r=0.9539
2025-08-24 11:14:52,817 - INFO - Layer 10 (xlmr) — Top 5
2025-08-24 11:14:52,817 - INFO - 1. twi: r=0.9664
2025-08-24 11:14:52,817 - INFO - 2. kin: r=0.9654
2025-08-24 11:14:52,817 - INFO - 3. luo: r=0.9646
2025-08-24 11:14:52,817 - INFO - 4. lug: r=0.9638
2025-08-24 11:14:52,817 - INFO - 5. nya: r=0.9636
2025-08-24 11:14:52,817 - INFO - Layer 10 (xlmr) — Worst 5
2025-08-24 11:14:52,817 - INFO - 1. bbj: r=0.9489
2025-08-24 11:14:52,817 - INFO - 2. fon: r=0.9518
2025-08-24 11:14:52,817 - INFO - 3. yor: r=0.9524
2025-08-24 11:14:52,817 - INFO - 4. bam: r=0.9530
2025-08-24 11:14:52,817 - INFO - 5. hau: r=0.9534
2025-08-24 11:14:52,934 - INFO - Layer 12 (xlmr) — Top 5
2025-08-24 11:14:52,934 - INFO - 1. luo: r=0.9972
2025-08-24 11:14:52,934 - INFO - 2. kin: r=0.9971
2025-08-24 11:14:52,934 - INFO - 3. sna: r=0.9971
2025-08-24 11:14:52,934 - INFO - 4. swa: r=0.9971
2025-08-24 11:14:52,934 - INFO - 5. twi: r=0.9971
2025-08-24 11:14:52,934 - INFO - Layer 12 (xlmr) — Worst 5
2025-08-24 11:14:52,934 - INFO - 1. bbj: r=0.9956
2025-08-24 11:14:52,934 - INFO - 2. fon: r=0.9956
2025-08-24 11:14:52,935 - INFO - 3. yor: r=0.9959
2025-08-24 11:14:52,935 - INFO - 4. bam: r=0.9962
2025-08-24 11:14:52,935 - INFO - 5. hau: r=0.9962
2025-08-24 11:14:52,935 - INFO - Experiment finished successfully.
