2025-08-27 17:22:10,256 - INFO - Start: model_type=xlmr, use_cls=False, use_context=False, context_window=1, max_tokens_per_type=200, batch_size=64, output_dir=rq2_train_scripts/Embeddings/CLEAN/outputs/mptc/xlmr/config_0_clsfalse_ctxfalse/tokens_200_ctx1/core, save_prototypes=False, seed=42, fp16=True, max_length=96, langs=all, layers=all, span_mode=bio, pool=mean, entity_tags={'ORG', 'PER', 'LOC', 'DATE'}, title_suffix='L=all, tokens=200, ctx=1, cls=false, fp16=true'
2025-08-27 17:22:12,361 - INFO - Processing run
2025-08-27 17:22:12,794 - INFO - Processing bam
2025-08-27 17:22:12,881 - INFO - Processing bbj
2025-08-27 17:22:12,958 - INFO - Processing ewe
2025-08-27 17:22:13,035 - INFO - Processing fon
2025-08-27 17:22:13,142 - INFO - Processing hau
2025-08-27 17:22:13,241 - INFO - Processing ibo
2025-08-27 17:22:13,370 - INFO - Processing kin
2025-08-27 17:22:13,469 - INFO - Processing lug
2025-08-27 17:22:13,560 - INFO - Processing luo
2025-08-27 17:22:13,658 - INFO - Processing mos
2025-08-27 17:22:13,751 - INFO - Processing nya
2025-08-27 17:22:13,848 - INFO - Processing pcm
2025-08-27 17:22:13,936 - INFO - Processing sna
2025-08-27 17:22:14,027 - INFO - Processing swa
2025-08-27 17:22:14,131 - INFO - Processing tsn
2025-08-27 17:22:14,212 - INFO - Processing twi
2025-08-27 17:22:14,307 - INFO - Processing wol
2025-08-27 17:22:14,398 - INFO - Processing xho
2025-08-27 17:22:14,486 - INFO - Processing yor
2025-08-27 17:22:14,606 - INFO - Processing zul
2025-08-27 17:22:15,112 - INFO - === Layer 1 (xlmr) — Top 5 (cosine) ===
2025-08-27 17:22:15,112 - INFO - 1. twi: cos=0.9429
2025-08-27 17:22:15,112 - INFO - 2. kin: cos=0.9419
2025-08-27 17:22:15,112 - INFO - 3. luo: cos=0.9405
2025-08-27 17:22:15,112 - INFO - 4. tsn: cos=0.9403
2025-08-27 17:22:15,112 - INFO - 5. zul: cos=0.9351
2025-08-27 17:22:15,112 - INFO - === Layer 1 (xlmr) — Worst 5 (cosine) ===
2025-08-27 17:22:15,112 - INFO - 1. hau: cos=0.8813
2025-08-27 17:22:15,112 - INFO - 2. pcm: cos=0.8980
2025-08-27 17:22:15,112 - INFO - 3. fon: cos=0.8996
2025-08-27 17:22:15,112 - INFO - 4. swa: cos=0.9015
2025-08-27 17:22:15,112 - INFO - 5. mos: cos=0.9031
2025-08-27 17:22:15,240 - INFO - === Layer 2 (xlmr) — Top 5 (cosine) ===
2025-08-27 17:22:15,240 - INFO - 1. twi: cos=0.9754
2025-08-27 17:22:15,240 - INFO - 2. kin: cos=0.9750
2025-08-27 17:22:15,240 - INFO - 3. luo: cos=0.9745
2025-08-27 17:22:15,240 - INFO - 4. lug: cos=0.9735
2025-08-27 17:22:15,240 - INFO - 5. tsn: cos=0.9735
2025-08-27 17:22:15,240 - INFO - === Layer 2 (xlmr) — Worst 5 (cosine) ===
2025-08-27 17:22:15,240 - INFO - 1. hau: cos=0.9458
2025-08-27 17:22:15,240 - INFO - 2. pcm: cos=0.9515
2025-08-27 17:22:15,240 - INFO - 3. swa: cos=0.9545
2025-08-27 17:22:15,240 - INFO - 4. yor: cos=0.9553
2025-08-27 17:22:15,240 - INFO - 5. mos: cos=0.9559
2025-08-27 17:22:15,368 - INFO - === Layer 3 (xlmr) — Top 5 (cosine) ===
2025-08-27 17:22:15,368 - INFO - 1. kin: cos=0.9825
2025-08-27 17:22:15,368 - INFO - 2. twi: cos=0.9814
2025-08-27 17:22:15,368 - INFO - 3. tsn: cos=0.9804
2025-08-27 17:22:15,368 - INFO - 4. luo: cos=0.9802
2025-08-27 17:22:15,368 - INFO - 5. zul: cos=0.9791
2025-08-27 17:22:15,368 - INFO - === Layer 3 (xlmr) — Worst 5 (cosine) ===
2025-08-27 17:22:15,368 - INFO - 1. hau: cos=0.9529
2025-08-27 17:22:15,368 - INFO - 2. pcm: cos=0.9604
2025-08-27 17:22:15,368 - INFO - 3. swa: cos=0.9626
2025-08-27 17:22:15,369 - INFO - 4. yor: cos=0.9657
2025-08-27 17:22:15,369 - INFO - 5. mos: cos=0.9699
2025-08-27 17:22:15,497 - INFO - === Layer 4 (xlmr) — Top 5 (cosine) ===
2025-08-27 17:22:15,497 - INFO - 1. ibo: cos=0.9812
2025-08-27 17:22:15,497 - INFO - 2. zul: cos=0.9799
2025-08-27 17:22:15,497 - INFO - 3. tsn: cos=0.9794
2025-08-27 17:22:15,497 - INFO - 4. twi: cos=0.9786
2025-08-27 17:22:15,497 - INFO - 5. sna: cos=0.9767
2025-08-27 17:22:15,497 - INFO - === Layer 4 (xlmr) — Worst 5 (cosine) ===
2025-08-27 17:22:15,497 - INFO - 1. hau: cos=0.9526
2025-08-27 17:22:15,497 - INFO - 2. swa: cos=0.9581
2025-08-27 17:22:15,497 - INFO - 3. pcm: cos=0.9589
2025-08-27 17:22:15,497 - INFO - 4. lug: cos=0.9693
2025-08-27 17:22:15,497 - INFO - 5. yor: cos=0.9698
2025-08-27 17:22:15,624 - INFO - === Layer 5 (xlmr) — Top 5 (cosine) ===
2025-08-27 17:22:15,625 - INFO - 1. ewe: cos=0.9821
2025-08-27 17:22:15,625 - INFO - 2. twi: cos=0.9787
2025-08-27 17:22:15,625 - INFO - 3. ibo: cos=0.9780
2025-08-27 17:22:15,625 - INFO - 4. mos: cos=0.9773
2025-08-27 17:22:15,625 - INFO - 5. fon: cos=0.9769
2025-08-27 17:22:15,625 - INFO - === Layer 5 (xlmr) — Worst 5 (cosine) ===
2025-08-27 17:22:15,625 - INFO - 1. hau: cos=0.9586
2025-08-27 17:22:15,625 - INFO - 2. swa: cos=0.9665
2025-08-27 17:22:15,625 - INFO - 3. lug: cos=0.9667
2025-08-27 17:22:15,625 - INFO - 4. yor: cos=0.9680
2025-08-27 17:22:15,625 - INFO - 5. wol: cos=0.9685
2025-08-27 17:22:15,753 - INFO - === Layer 6 (xlmr) — Top 5 (cosine) ===
2025-08-27 17:22:15,753 - INFO - 1. ewe: cos=0.9739
2025-08-27 17:22:15,753 - INFO - 2. twi: cos=0.9729
2025-08-27 17:22:15,753 - INFO - 3. ibo: cos=0.9709
2025-08-27 17:22:15,753 - INFO - 4. fon: cos=0.9702
2025-08-27 17:22:15,753 - INFO - 5. mos: cos=0.9690
2025-08-27 17:22:15,753 - INFO - === Layer 6 (xlmr) — Worst 5 (cosine) ===
2025-08-27 17:22:15,753 - INFO - 1. swa: cos=0.9520
2025-08-27 17:22:15,753 - INFO - 2. yor: cos=0.9554
2025-08-27 17:22:15,753 - INFO - 3. hau: cos=0.9562
2025-08-27 17:22:15,753 - INFO - 4. wol: cos=0.9566
2025-08-27 17:22:15,753 - INFO - 5. lug: cos=0.9566
2025-08-27 17:22:15,884 - INFO - === Layer 7 (xlmr) — Top 5 (cosine) ===
2025-08-27 17:22:15,885 - INFO - 1. ibo: cos=0.9813
2025-08-27 17:22:15,885 - INFO - 2. twi: cos=0.9792
2025-08-27 17:22:15,885 - INFO - 3. fon: cos=0.9770
2025-08-27 17:22:15,885 - INFO - 4. tsn: cos=0.9769
2025-08-27 17:22:15,885 - INFO - 5. ewe: cos=0.9767
2025-08-27 17:22:15,885 - INFO - === Layer 7 (xlmr) — Worst 5 (cosine) ===
2025-08-27 17:22:15,885 - INFO - 1. luo: cos=0.9616
2025-08-27 17:22:15,885 - INFO - 2. lug: cos=0.9634
2025-08-27 17:22:15,885 - INFO - 3. swa: cos=0.9643
2025-08-27 17:22:15,885 - INFO - 4. hau: cos=0.9655
2025-08-27 17:22:15,885 - INFO - 5. kin: cos=0.9665
2025-08-27 17:22:16,090 - INFO - === Layer 8 (xlmr) — Top 5 (cosine) ===
2025-08-27 17:22:16,090 - INFO - 1. ibo: cos=0.9780
2025-08-27 17:22:16,090 - INFO - 2. twi: cos=0.9771
2025-08-27 17:22:16,090 - INFO - 3. tsn: cos=0.9754
2025-08-27 17:22:16,090 - INFO - 4. bbj: cos=0.9753
2025-08-27 17:22:16,090 - INFO - 5. ewe: cos=0.9749
2025-08-27 17:22:16,090 - INFO - === Layer 8 (xlmr) — Worst 5 (cosine) ===
2025-08-27 17:22:16,091 - INFO - 1. luo: cos=0.9592
2025-08-27 17:22:16,091 - INFO - 2. lug: cos=0.9615
2025-08-27 17:22:16,091 - INFO - 3. swa: cos=0.9619
2025-08-27 17:22:16,091 - INFO - 4. hau: cos=0.9625
2025-08-27 17:22:16,091 - INFO - 5. pcm: cos=0.9640
2025-08-27 17:22:16,242 - INFO - === Layer 9 (xlmr) — Top 5 (cosine) ===
2025-08-27 17:22:16,242 - INFO - 1. ibo: cos=0.9789
2025-08-27 17:22:16,242 - INFO - 2. sna: cos=0.9788
2025-08-27 17:22:16,242 - INFO - 3. ewe: cos=0.9787
2025-08-27 17:22:16,242 - INFO - 4. twi: cos=0.9787
2025-08-27 17:22:16,242 - INFO - 5. bam: cos=0.9784
2025-08-27 17:22:16,242 - INFO - === Layer 9 (xlmr) — Worst 5 (cosine) ===
2025-08-27 17:22:16,242 - INFO - 1. swa: cos=0.9470
2025-08-27 17:22:16,242 - INFO - 2. luo: cos=0.9570
2025-08-27 17:22:16,242 - INFO - 3. hau: cos=0.9619
2025-08-27 17:22:16,242 - INFO - 4. lug: cos=0.9649
2025-08-27 17:22:16,242 - INFO - 5. kin: cos=0.9659
2025-08-27 17:22:16,392 - INFO - === Layer 10 (xlmr) — Top 5 (cosine) ===
2025-08-27 17:22:16,392 - INFO - 1. ewe: cos=0.9783
2025-08-27 17:22:16,392 - INFO - 2. ibo: cos=0.9774
2025-08-27 17:22:16,392 - INFO - 3. nya: cos=0.9772
2025-08-27 17:22:16,392 - INFO - 4. bbj: cos=0.9772
2025-08-27 17:22:16,392 - INFO - 5. bam: cos=0.9768
2025-08-27 17:22:16,392 - INFO - === Layer 10 (xlmr) — Worst 5 (cosine) ===
2025-08-27 17:22:16,392 - INFO - 1. kin: cos=0.9433
2025-08-27 17:22:16,392 - INFO - 2. luo: cos=0.9600
2025-08-27 17:22:16,392 - INFO - 3. swa: cos=0.9635
2025-08-27 17:22:16,392 - INFO - 4. lug: cos=0.9644
2025-08-27 17:22:16,392 - INFO - 5. xho: cos=0.9678
2025-08-27 17:22:16,524 - INFO - === Layer 11 (xlmr) — Top 5 (cosine) ===
2025-08-27 17:22:16,524 - INFO - 1. nya: cos=0.9841
2025-08-27 17:22:16,524 - INFO - 2. ewe: cos=0.9799
2025-08-27 17:22:16,524 - INFO - 3. ibo: cos=0.9798
2025-08-27 17:22:16,524 - INFO - 4. sna: cos=0.9789
2025-08-27 17:22:16,524 - INFO - 5. bam: cos=0.9778
2025-08-27 17:22:16,524 - INFO - === Layer 11 (xlmr) — Worst 5 (cosine) ===
2025-08-27 17:22:16,524 - INFO - 1. fon: cos=0.9300
2025-08-27 17:22:16,524 - INFO - 2. swa: cos=0.9302
2025-08-27 17:22:16,524 - INFO - 3. twi: cos=0.9373
2025-08-27 17:22:16,524 - INFO - 4. luo: cos=0.9626
2025-08-27 17:22:16,524 - INFO - 5. kin: cos=0.9645
2025-08-27 17:22:16,653 - INFO - === Layer 12 (xlmr) — Top 5 (cosine) ===
2025-08-27 17:22:16,653 - INFO - 1. bbj: cos=0.9986
2025-08-27 17:22:16,653 - INFO - 2. nya: cos=0.9983
2025-08-27 17:22:16,653 - INFO - 3. ibo: cos=0.9981
2025-08-27 17:22:16,653 - INFO - 4. zul: cos=0.9980
2025-08-27 17:22:16,653 - INFO - 5. ewe: cos=0.9979
2025-08-27 17:22:16,653 - INFO - === Layer 12 (xlmr) — Worst 5 (cosine) ===
2025-08-27 17:22:16,653 - INFO - 1. hau: cos=0.9905
2025-08-27 17:22:16,653 - INFO - 2. swa: cos=0.9907
2025-08-27 17:22:16,653 - INFO - 3. fon: cos=0.9909
2025-08-27 17:22:16,653 - INFO - 4. twi: cos=0.9917
2025-08-27 17:22:16,653 - INFO - 5. lug: cos=0.9960
2025-08-27 17:22:16,654 - INFO - Experiment finished successfully.
