2025-08-03 05:51:58,833 - INFO - Experiment started with model_type=xlmr, use_cls=False, use_context=False, context_window=2, use_hybrid=True, max_tokens_per_type=200, output_dir=rq2_train_scripts/Embeddings/MEXA_inspired_strategy/outputs/mptc/xlmr/config_3_clsfalse_ctxfalse_hybtrue/tokens_200_ctx2
2025-08-03 05:52:00,319 - INFO - Processing run
2025-08-03 05:52:01,861 - INFO - Processing bam
2025-08-03 05:52:03,604 - INFO - Processing bbj
2025-08-03 05:52:05,325 - INFO - Processing ewe
2025-08-03 05:52:07,044 - INFO - Processing fon
2025-08-03 05:52:08,785 - INFO - Processing hau
2025-08-03 05:52:10,528 - INFO - Processing ibo
2025-08-03 05:52:12,301 - INFO - Processing kin
2025-08-03 05:52:14,044 - INFO - Processing lug
2025-08-03 05:52:15,762 - INFO - Processing luo
2025-08-03 05:52:17,503 - INFO - Processing mos
2025-08-03 05:52:19,247 - INFO - Processing nya
2025-08-03 05:52:21,003 - INFO - Processing pcm
2025-08-03 05:52:22,722 - INFO - Processing sna
2025-08-03 05:52:24,465 - INFO - Processing swa
2025-08-03 05:52:26,195 - INFO - Processing tsn
2025-08-03 05:52:27,909 - INFO - Processing twi
2025-08-03 05:52:29,631 - INFO - Processing wol
2025-08-03 05:52:31,385 - INFO - Processing xho
2025-08-03 05:52:33,113 - INFO - Processing yor
2025-08-03 05:52:34,886 - INFO - Processing zul
2025-08-03 05:52:37,087 - INFO - Top 5 languages most similar to Runyankore:
2025-08-03 05:52:37,088 - INFO - 1. lug - Mean Similarity: 0.7535
2025-08-03 05:52:37,088 - INFO - 2. luo - Mean Similarity: 0.7520
2025-08-03 05:52:37,088 - INFO - 3. kin - Mean Similarity: 0.7518
2025-08-03 05:52:37,088 - INFO - 4. twi - Mean Similarity: 0.7512
2025-08-03 05:52:37,088 - INFO - 5. ibo - Mean Similarity: 0.7495
2025-08-03 05:52:37,088 - INFO - Experiment finished successfully.
