2025-08-24 11:28:26,170 - INFO - Start: model_type=xlmr, run_both=False, use_cls=False, use_context=True, context_window=0, max_tokens_per_type=400, batch_size=32, seed=1, num_middle_layers=3, output_dir=rq2_train_scripts/Embeddings/EXTENDED/outputs/salt_extended/xlmr/config_6_clsfalse_ctxtrue_hybtrue/tokens_400_ctx0
2025-08-24 11:28:26,708 - INFO - xlmr: selected layer indices (hidden_states) = [2, 3, 10, 12]
2025-08-24 11:28:28,113 - INFO - Processing run
2025-08-24 11:28:28,843 - INFO - Processing bam
2025-08-24 11:28:29,115 - INFO - Processing bbj
2025-08-24 11:28:29,427 - INFO - Processing ewe
2025-08-24 11:28:29,729 - INFO - Processing fon
2025-08-24 11:28:30,105 - INFO - Processing hau
2025-08-24 11:28:30,420 - INFO - Processing ibo
2025-08-24 11:28:30,768 - INFO - Processing kin
2025-08-24 11:28:31,136 - INFO - Processing lug
2025-08-24 11:28:31,553 - INFO - Processing luo
2025-08-24 11:28:31,999 - INFO - Processing mos
2025-08-24 11:28:32,434 - INFO - Processing nya
2025-08-24 11:28:32,807 - INFO - Processing pcm
2025-08-24 11:28:33,115 - INFO - Processing sna
2025-08-24 11:28:33,429 - INFO - Processing swa
2025-08-24 11:28:33,800 - INFO - Processing tsn
2025-08-24 11:28:34,145 - INFO - Processing twi
2025-08-24 11:28:34,454 - INFO - Processing wol
2025-08-24 11:28:34,800 - INFO - Processing xho
2025-08-24 11:28:35,089 - INFO - Processing yor
2025-08-24 11:28:35,526 - INFO - Processing zul
2025-08-24 11:28:36,266 - INFO - Layer 2 (xlmr) — Top 5
2025-08-24 11:28:36,266 - INFO - 1. kin: r=0.9898
2025-08-24 11:28:36,266 - INFO - 2. twi: r=0.9890
2025-08-24 11:28:36,266 - INFO - 3. ibo: r=0.9876
2025-08-24 11:28:36,266 - INFO - 4. luo: r=0.9873
2025-08-24 11:28:36,266 - INFO - 5. tsn: r=0.9867
2025-08-24 11:28:36,266 - INFO - Layer 2 (xlmr) — Worst 5
2025-08-24 11:28:36,266 - INFO - 1. hau: r=0.9733
2025-08-24 11:28:36,266 - INFO - 2. fon: r=0.9745
2025-08-24 11:28:36,266 - INFO - 3. bbj: r=0.9756
2025-08-24 11:28:36,266 - INFO - 4. yor: r=0.9761
2025-08-24 11:28:36,266 - INFO - 5. bam: r=0.9767
2025-08-24 11:28:36,385 - INFO - Layer 3 (xlmr) — Top 5
2025-08-24 11:28:36,385 - INFO - 1. kin: r=0.9923
2025-08-24 11:28:36,385 - INFO - 2. twi: r=0.9914
2025-08-24 11:28:36,385 - INFO - 3. ibo: r=0.9904
2025-08-24 11:28:36,385 - INFO - 4. luo: r=0.9901
2025-08-24 11:28:36,385 - INFO - 5. tsn: r=0.9901
2025-08-24 11:28:36,385 - INFO - Layer 3 (xlmr) — Worst 5
2025-08-24 11:28:36,385 - INFO - 1. hau: r=0.9795
2025-08-24 11:28:36,385 - INFO - 2. fon: r=0.9814
2025-08-24 11:28:36,385 - INFO - 3. bbj: r=0.9816
2025-08-24 11:28:36,385 - INFO - 4. bam: r=0.9831
2025-08-24 11:28:36,385 - INFO - 5. pcm: r=0.9833
2025-08-24 11:28:36,504 - INFO - Layer 10 (xlmr) — Top 5
2025-08-24 11:28:36,504 - INFO - 1. kin: r=0.9928
2025-08-24 11:28:36,504 - INFO - 2. twi: r=0.9926
2025-08-24 11:28:36,504 - INFO - 3. ibo: r=0.9902
2025-08-24 11:28:36,504 - INFO - 4. luo: r=0.9895
2025-08-24 11:28:36,504 - INFO - 5. lug: r=0.9889
2025-08-24 11:28:36,504 - INFO - Layer 10 (xlmr) — Worst 5
2025-08-24 11:28:36,504 - INFO - 1. bbj: r=0.9792
2025-08-24 11:28:36,504 - INFO - 2. bam: r=0.9809
2025-08-24 11:28:36,504 - INFO - 3. yor: r=0.9815
2025-08-24 11:28:36,504 - INFO - 4. hau: r=0.9822
2025-08-24 11:28:36,504 - INFO - 5. pcm: r=0.9823
2025-08-24 11:28:36,625 - INFO - Layer 12 (xlmr) — Top 5
2025-08-24 11:28:36,625 - INFO - 1. kin: r=0.9994
2025-08-24 11:28:36,625 - INFO - 2. twi: r=0.9994
2025-08-24 11:28:36,625 - INFO - 3. ibo: r=0.9993
2025-08-24 11:28:36,625 - INFO - 4. luo: r=0.9993
2025-08-24 11:28:36,625 - INFO - 5. swa: r=0.9992
2025-08-24 11:28:36,625 - INFO - Layer 12 (xlmr) — Worst 5
2025-08-24 11:28:36,625 - INFO - 1. bbj: r=0.9986
2025-08-24 11:28:36,625 - INFO - 2. fon: r=0.9987
2025-08-24 11:28:36,625 - INFO - 3. yor: r=0.9987
2025-08-24 11:28:36,625 - INFO - 4. bam: r=0.9988
2025-08-24 11:28:36,625 - INFO - 5. nya: r=0.9988
2025-08-24 11:28:36,626 - INFO - Experiment finished successfully.
