2025-08-24 10:59:38,151 - INFO - Start: model_type=xlmr, run_both=False, use_cls=True, use_context=False, context_window=0, max_tokens_per_type=500, batch_size=32, seed=1, num_middle_layers=3, output_dir=rq2_train_scripts/Embeddings/EXTENDED/outputs/mptc_extended/xlmr/config_1_clstrue_ctxfalse_hybfalse/tokens_500_ctx0
2025-08-24 10:59:39,138 - INFO - xlmr: selected layer indices (hidden_states) = [2, 3, 10, 12]
2025-08-24 10:59:40,840 - INFO - Processing run
2025-08-24 10:59:41,410 - INFO - Processing bam
2025-08-24 10:59:41,728 - INFO - Processing bbj
2025-08-24 10:59:42,038 - INFO - Processing ewe
2025-08-24 10:59:42,342 - INFO - Processing fon
2025-08-24 10:59:42,652 - INFO - Processing hau
2025-08-24 10:59:42,951 - INFO - Processing ibo
2025-08-24 10:59:43,299 - INFO - Processing kin
2025-08-24 10:59:43,618 - INFO - Processing lug
2025-08-24 10:59:43,916 - INFO - Processing luo
2025-08-24 10:59:44,223 - INFO - Processing mos
2025-08-24 10:59:44,529 - INFO - Processing nya
2025-08-24 10:59:44,855 - INFO - Processing pcm
2025-08-24 10:59:45,111 - INFO - Processing sna
2025-08-24 10:59:45,433 - INFO - Processing swa
2025-08-24 10:59:45,703 - INFO - Processing tsn
2025-08-24 10:59:45,995 - INFO - Processing twi
2025-08-24 10:59:46,306 - INFO - Processing wol
2025-08-24 10:59:46,614 - INFO - Processing xho
2025-08-24 10:59:46,901 - INFO - Processing yor
2025-08-24 10:59:47,241 - INFO - Processing zul
2025-08-24 10:59:47,877 - INFO - Layer 2 (xlmr) — Top 5
2025-08-24 10:59:47,877 - INFO - 1. kin: r=1.0000
2025-08-24 10:59:47,877 - INFO - 2. luo: r=1.0000
2025-08-24 10:59:47,877 - INFO - 3. tsn: r=1.0000
2025-08-24 10:59:47,877 - INFO - 4. twi: r=1.0000
2025-08-24 10:59:47,877 - INFO - 5. lug: r=1.0000
2025-08-24 10:59:47,877 - INFO - Layer 2 (xlmr) — Worst 5
2025-08-24 10:59:47,877 - INFO - 1. bam: r=0.9999
2025-08-24 10:59:47,877 - INFO - 2. bbj: r=0.9999
2025-08-24 10:59:47,877 - INFO - 3. fon: r=0.9999
2025-08-24 10:59:47,877 - INFO - 4. hau: r=0.9999
2025-08-24 10:59:47,877 - INFO - 5. mos: r=0.9999
2025-08-24 10:59:47,994 - INFO - Layer 3 (xlmr) — Top 5
2025-08-24 10:59:47,994 - INFO - 1. kin: r=1.0000
2025-08-24 10:59:47,994 - INFO - 2. tsn: r=1.0000
2025-08-24 10:59:47,994 - INFO - 3. luo: r=1.0000
2025-08-24 10:59:47,994 - INFO - 4. twi: r=1.0000
2025-08-24 10:59:47,994 - INFO - 5. ewe: r=1.0000
2025-08-24 10:59:47,994 - INFO - Layer 3 (xlmr) — Worst 5
2025-08-24 10:59:47,994 - INFO - 1. bbj: r=1.0000
2025-08-24 10:59:47,994 - INFO - 2. bam: r=1.0000
2025-08-24 10:59:47,994 - INFO - 3. fon: r=1.0000
2025-08-24 10:59:47,994 - INFO - 4. mos: r=1.0000
2025-08-24 10:59:47,994 - INFO - 5. yor: r=1.0000
2025-08-24 10:59:48,111 - INFO - Layer 10 (xlmr) — Top 5
2025-08-24 10:59:48,111 - INFO - 1. luo: r=1.0000
2025-08-24 10:59:48,111 - INFO - 2. lug: r=1.0000
2025-08-24 10:59:48,111 - INFO - 3. kin: r=1.0000
2025-08-24 10:59:48,111 - INFO - 4. tsn: r=1.0000
2025-08-24 10:59:48,111 - INFO - 5. swa: r=1.0000
2025-08-24 10:59:48,111 - INFO - Layer 10 (xlmr) — Worst 5
2025-08-24 10:59:48,111 - INFO - 1. fon: r=1.0000
2025-08-24 10:59:48,111 - INFO - 2. hau: r=1.0000
2025-08-24 10:59:48,111 - INFO - 3. pcm: r=1.0000
2025-08-24 10:59:48,111 - INFO - 4. ibo: r=1.0000
2025-08-24 10:59:48,111 - INFO - 5. bam: r=1.0000
2025-08-24 10:59:48,227 - INFO - Layer 12 (xlmr) — Top 5
2025-08-24 10:59:48,227 - INFO - 1. luo: r=0.9999
2025-08-24 10:59:48,227 - INFO - 2. nya: r=0.9999
2025-08-24 10:59:48,227 - INFO - 3. tsn: r=0.9999
2025-08-24 10:59:48,227 - INFO - 4. kin: r=0.9999
2025-08-24 10:59:48,227 - INFO - 5. sna: r=0.9999
2025-08-24 10:59:48,227 - INFO - Layer 12 (xlmr) — Worst 5
2025-08-24 10:59:48,227 - INFO - 1. hau: r=0.9956
2025-08-24 10:59:48,227 - INFO - 2. fon: r=0.9993
2025-08-24 10:59:48,227 - INFO - 3. pcm: r=0.9995
2025-08-24 10:59:48,227 - INFO - 4. bbj: r=0.9997
2025-08-24 10:59:48,227 - INFO - 5. ibo: r=0.9998
2025-08-24 10:59:48,228 - INFO - Experiment finished successfully.
