2025-08-27 17:49:26,454 - INFO - Start: model_type=xlmr, use_cls=False, use_context=True, context_window=1, max_tokens_per_type=500, batch_size=64, output_dir=rq2_train_scripts/Embeddings/CLEAN/outputs/salt/xlmr/config_2_clsfalse_ctxtrue/tokens_500_ctx1/core, save_prototypes=False, seed=42, fp16=True, max_length=96, langs=all, layers=all, span_mode=bio, pool=mean, entity_tags={'LOC', 'PER', 'ORG', 'DATE'}, title_suffix='L=all, tokens=500, ctx=1, cls=false, fp16=true'
2025-08-27 17:49:28,488 - INFO - Processing run
2025-08-27 17:49:29,002 - INFO - Processing bam
2025-08-27 17:49:29,149 - INFO - Processing bbj
2025-08-27 17:49:29,282 - INFO - Processing ewe
2025-08-27 17:49:29,419 - INFO - Processing fon
2025-08-27 17:49:29,585 - INFO - Processing hau
2025-08-27 17:49:29,758 - INFO - Processing ibo
2025-08-27 17:49:29,938 - INFO - Processing kin
2025-08-27 17:49:30,098 - INFO - Processing lug
2025-08-27 17:49:30,251 - INFO - Processing luo
2025-08-27 17:49:30,468 - INFO - Processing mos
2025-08-27 17:49:30,621 - INFO - Processing nya
2025-08-27 17:49:30,813 - INFO - Processing pcm
2025-08-27 17:49:30,951 - INFO - Processing sna
2025-08-27 17:49:31,094 - INFO - Processing swa
2025-08-27 17:49:31,251 - INFO - Processing tsn
2025-08-27 17:49:31,392 - INFO - Processing twi
2025-08-27 17:49:31,547 - INFO - Processing wol
2025-08-27 17:49:31,703 - INFO - Processing xho
2025-08-27 17:49:31,844 - INFO - Processing yor
2025-08-27 17:49:32,052 - INFO - Processing zul
2025-08-27 17:49:32,624 - INFO - === Layer 1 (xlmr) — Top 5 (cosine) ===
2025-08-27 17:49:32,624 - INFO - 1. kin: cos=0.9533
2025-08-27 17:49:32,624 - INFO - 2. twi: cos=0.9459
2025-08-27 17:49:32,624 - INFO - 3. luo: cos=0.9388
2025-08-27 17:49:32,624 - INFO - 4. ibo: cos=0.9387
2025-08-27 17:49:32,624 - INFO - 5. lug: cos=0.9344
2025-08-27 17:49:32,624 - INFO - === Layer 1 (xlmr) — Worst 5 (cosine) ===
2025-08-27 17:49:32,624 - INFO - 1. fon: cos=0.8805
2025-08-27 17:49:32,624 - INFO - 2. yor: cos=0.8855
2025-08-27 17:49:32,624 - INFO - 3. bbj: cos=0.8897
2025-08-27 17:49:32,624 - INFO - 4. hau: cos=0.8910
2025-08-27 17:49:32,624 - INFO - 5. mos: cos=0.8929
2025-08-27 17:49:32,755 - INFO - === Layer 2 (xlmr) — Top 5 (cosine) ===
2025-08-27 17:49:32,755 - INFO - 1. kin: cos=0.9817
2025-08-27 17:49:32,755 - INFO - 2. twi: cos=0.9783
2025-08-27 17:49:32,755 - INFO - 3. luo: cos=0.9761
2025-08-27 17:49:32,755 - INFO - 4. ibo: cos=0.9753
2025-08-27 17:49:32,755 - INFO - 5. nya: cos=0.9744
2025-08-27 17:49:32,755 - INFO - === Layer 2 (xlmr) — Worst 5 (cosine) ===
2025-08-27 17:49:32,755 - INFO - 1. fon: cos=0.9537
2025-08-27 17:49:32,755 - INFO - 2. yor: cos=0.9561
2025-08-27 17:49:32,755 - INFO - 3. hau: cos=0.9566
2025-08-27 17:49:32,755 - INFO - 4. mos: cos=0.9573
2025-08-27 17:49:32,755 - INFO - 5. pcm: cos=0.9586
2025-08-27 17:49:32,880 - INFO - === Layer 3 (xlmr) — Top 5 (cosine) ===
2025-08-27 17:49:32,880 - INFO - 1. kin: cos=0.9870
2025-08-27 17:49:32,880 - INFO - 2. twi: cos=0.9849
2025-08-27 17:49:32,880 - INFO - 3. luo: cos=0.9835
2025-08-27 17:49:32,880 - INFO - 4. nya: cos=0.9815
2025-08-27 17:49:32,880 - INFO - 5. sna: cos=0.9810
2025-08-27 17:49:32,880 - INFO - === Layer 3 (xlmr) — Worst 5 (cosine) ===
2025-08-27 17:49:32,880 - INFO - 1. hau: cos=0.9682
2025-08-27 17:49:32,880 - INFO - 2. pcm: cos=0.9693
2025-08-27 17:49:32,880 - INFO - 3. mos: cos=0.9702
2025-08-27 17:49:32,880 - INFO - 4. fon: cos=0.9705
2025-08-27 17:49:32,880 - INFO - 5. yor: cos=0.9712
2025-08-27 17:49:33,002 - INFO - === Layer 4 (xlmr) — Top 5 (cosine) ===
2025-08-27 17:49:33,002 - INFO - 1. kin: cos=0.9858
2025-08-27 17:49:33,002 - INFO - 2. twi: cos=0.9847
2025-08-27 17:49:33,002 - INFO - 3. luo: cos=0.9823
2025-08-27 17:49:33,002 - INFO - 4. nya: cos=0.9800
2025-08-27 17:49:33,002 - INFO - 5. sna: cos=0.9795
2025-08-27 17:49:33,002 - INFO - === Layer 4 (xlmr) — Worst 5 (cosine) ===
2025-08-27 17:49:33,002 - INFO - 1. hau: cos=0.9649
2025-08-27 17:49:33,002 - INFO - 2. pcm: cos=0.9658
2025-08-27 17:49:33,003 - INFO - 3. fon: cos=0.9677
2025-08-27 17:49:33,003 - INFO - 4. bbj: cos=0.9680
2025-08-27 17:49:33,003 - INFO - 5. swa: cos=0.9683
2025-08-27 17:49:33,162 - INFO - === Layer 5 (xlmr) — Top 5 (cosine) ===
2025-08-27 17:49:33,162 - INFO - 1. kin: cos=0.9864
2025-08-27 17:49:33,162 - INFO - 2. twi: cos=0.9852
2025-08-27 17:49:33,162 - INFO - 3. luo: cos=0.9840
2025-08-27 17:49:33,162 - INFO - 4. sna: cos=0.9808
2025-08-27 17:49:33,162 - INFO - 5. nya: cos=0.9805
2025-08-27 17:49:33,162 - INFO - === Layer 5 (xlmr) — Worst 5 (cosine) ===
2025-08-27 17:49:33,162 - INFO - 1. bbj: cos=0.9667
2025-08-27 17:49:33,162 - INFO - 2. hau: cos=0.9669
2025-08-27 17:49:33,162 - INFO - 3. pcm: cos=0.9675
2025-08-27 17:49:33,162 - INFO - 4. fon: cos=0.9680
2025-08-27 17:49:33,162 - INFO - 5. yor: cos=0.9693
2025-08-27 17:49:33,293 - INFO - === Layer 6 (xlmr) — Top 5 (cosine) ===
2025-08-27 17:49:33,293 - INFO - 1. kin: cos=0.9829
2025-08-27 17:49:33,294 - INFO - 2. twi: cos=0.9813
2025-08-27 17:49:33,294 - INFO - 3. luo: cos=0.9797
2025-08-27 17:49:33,294 - INFO - 4. nya: cos=0.9759
2025-08-27 17:49:33,294 - INFO - 5. tsn: cos=0.9743
2025-08-27 17:49:33,294 - INFO - === Layer 6 (xlmr) — Worst 5 (cosine) ===
2025-08-27 17:49:33,294 - INFO - 1. bbj: cos=0.9563
2025-08-27 17:49:33,294 - INFO - 2. pcm: cos=0.9582
2025-08-27 17:49:33,294 - INFO - 3. swa: cos=0.9609
2025-08-27 17:49:33,294 - INFO - 4. yor: cos=0.9614
2025-08-27 17:49:33,294 - INFO - 5. hau: cos=0.9614
2025-08-27 17:49:33,424 - INFO - === Layer 7 (xlmr) — Top 5 (cosine) ===
2025-08-27 17:49:33,424 - INFO - 1. kin: cos=0.9865
2025-08-27 17:49:33,424 - INFO - 2. twi: cos=0.9855
2025-08-27 17:49:33,424 - INFO - 3. luo: cos=0.9830
2025-08-27 17:49:33,424 - INFO - 4. nya: cos=0.9809
2025-08-27 17:49:33,424 - INFO - 5. zul: cos=0.9799
2025-08-27 17:49:33,424 - INFO - === Layer 7 (xlmr) — Worst 5 (cosine) ===
2025-08-27 17:49:33,424 - INFO - 1. bbj: cos=0.9662
2025-08-27 17:49:33,424 - INFO - 2. pcm: cos=0.9675
2025-08-27 17:49:33,424 - INFO - 3. swa: cos=0.9692
2025-08-27 17:49:33,424 - INFO - 4. hau: cos=0.9694
2025-08-27 17:49:33,424 - INFO - 5. fon: cos=0.9702
2025-08-27 17:49:33,553 - INFO - === Layer 8 (xlmr) — Top 5 (cosine) ===
2025-08-27 17:49:33,553 - INFO - 1. kin: cos=0.9863
2025-08-27 17:49:33,553 - INFO - 2. twi: cos=0.9855
2025-08-27 17:49:33,553 - INFO - 3. luo: cos=0.9827
2025-08-27 17:49:33,553 - INFO - 4. nya: cos=0.9808
2025-08-27 17:49:33,553 - INFO - 5. sna: cos=0.9799
2025-08-27 17:49:33,553 - INFO - === Layer 8 (xlmr) — Worst 5 (cosine) ===
2025-08-27 17:49:33,553 - INFO - 1. pcm: cos=0.9646
2025-08-27 17:49:33,553 - INFO - 2. bbj: cos=0.9656
2025-08-27 17:49:33,554 - INFO - 3. hau: cos=0.9667
2025-08-27 17:49:33,554 - INFO - 4. swa: cos=0.9673
2025-08-27 17:49:33,554 - INFO - 5. fon: cos=0.9694
2025-08-27 17:49:33,754 - INFO - === Layer 9 (xlmr) — Top 5 (cosine) ===
2025-08-27 17:49:33,755 - INFO - 1. twi: cos=0.9862
2025-08-27 17:49:33,755 - INFO - 2. kin: cos=0.9846
2025-08-27 17:49:33,755 - INFO - 3. zul: cos=0.9820
2025-08-27 17:49:33,755 - INFO - 4. luo: cos=0.9818
2025-08-27 17:49:33,755 - INFO - 5. sna: cos=0.9798
2025-08-27 17:49:33,755 - INFO - === Layer 9 (xlmr) — Worst 5 (cosine) ===
2025-08-27 17:49:33,755 - INFO - 1. pcm: cos=0.9637
2025-08-27 17:49:33,755 - INFO - 2. bbj: cos=0.9670
2025-08-27 17:49:33,755 - INFO - 3. swa: cos=0.9680
2025-08-27 17:49:33,755 - INFO - 4. hau: cos=0.9697
2025-08-27 17:49:33,755 - INFO - 5. yor: cos=0.9717
2025-08-27 17:49:33,884 - INFO - === Layer 10 (xlmr) — Top 5 (cosine) ===
2025-08-27 17:49:33,884 - INFO - 1. twi: cos=0.9879
2025-08-27 17:49:33,884 - INFO - 2. kin: cos=0.9851
2025-08-27 17:49:33,884 - INFO - 3. lug: cos=0.9831
2025-08-27 17:49:33,884 - INFO - 4. nya: cos=0.9819
2025-08-27 17:49:33,884 - INFO - 5. zul: cos=0.9817
2025-08-27 17:49:33,884 - INFO - === Layer 10 (xlmr) — Worst 5 (cosine) ===
2025-08-27 17:49:33,884 - INFO - 1. bbj: cos=0.9686
2025-08-27 17:49:33,884 - INFO - 2. xho: cos=0.9705
2025-08-27 17:49:33,884 - INFO - 3. yor: cos=0.9727
2025-08-27 17:49:33,884 - INFO - 4. bam: cos=0.9740
2025-08-27 17:49:33,884 - INFO - 5. hau: cos=0.9741
2025-08-27 17:49:34,013 - INFO - === Layer 11 (xlmr) — Top 5 (cosine) ===
2025-08-27 17:49:34,013 - INFO - 1. twi: cos=0.9886
2025-08-27 17:49:34,013 - INFO - 2. kin: cos=0.9870
2025-08-27 17:49:34,013 - INFO - 3. lug: cos=0.9860
2025-08-27 17:49:34,013 - INFO - 4. nya: cos=0.9855
2025-08-27 17:49:34,013 - INFO - 5. luo: cos=0.9846
2025-08-27 17:49:34,013 - INFO - === Layer 11 (xlmr) — Worst 5 (cosine) ===
2025-08-27 17:49:34,013 - INFO - 1. bbj: cos=0.9704
2025-08-27 17:49:34,013 - INFO - 2. xho: cos=0.9748
2025-08-27 17:49:34,013 - INFO - 3. yor: cos=0.9759
2025-08-27 17:49:34,013 - INFO - 4. bam: cos=0.9763
2025-08-27 17:49:34,013 - INFO - 5. fon: cos=0.9766
2025-08-27 17:49:34,141 - INFO - === Layer 12 (xlmr) — Top 5 (cosine) ===
2025-08-27 17:49:34,141 - INFO - 1. twi: cos=0.9990
2025-08-27 17:49:34,141 - INFO - 2. kin: cos=0.9989
2025-08-27 17:49:34,141 - INFO - 3. nya: cos=0.9988
2025-08-27 17:49:34,141 - INFO - 4. luo: cos=0.9988
2025-08-27 17:49:34,141 - INFO - 5. lug: cos=0.9986
2025-08-27 17:49:34,141 - INFO - === Layer 12 (xlmr) — Worst 5 (cosine) ===
2025-08-27 17:49:34,141 - INFO - 1. bbj: cos=0.9972
2025-08-27 17:49:34,141 - INFO - 2. yor: cos=0.9978
2025-08-27 17:49:34,141 - INFO - 3. hau: cos=0.9978
2025-08-27 17:49:34,141 - INFO - 4. fon: cos=0.9979
2025-08-27 17:49:34,141 - INFO - 5. bam: cos=0.9980
2025-08-27 17:49:34,142 - INFO - Experiment finished successfully.
