2025-08-27 07:56:48,408 - INFO - Start: model_type=mbert, use_cls=True, use_context=True, context_window=2, max_tokens_per_type=300, batch_size=64, output_dir=rq2_train_scripts/Embeddings/CLEAN/outputs/mptc/mbert/config_3_clstrue_ctxtrue/tokens_300_ctx2, save_prototypes=False, seed=42, fp16=True, max_length=96, langs=all, layers=all, span_mode=bio, pool=mean, entity_tags={'LOC', 'DATE', 'PER', 'ORG'}, title_suffix='L=all, tokens=300, ctx=2, cls=true, fp16=true'
2025-08-27 07:56:49,937 - INFO - Processing run
2025-08-27 07:56:50,361 - INFO - Processing bam
2025-08-27 07:56:50,417 - INFO - Processing bbj
2025-08-27 07:56:50,456 - INFO - Processing ewe
2025-08-27 07:56:50,490 - INFO - Processing fon
2025-08-27 07:56:50,540 - INFO - Processing hau
2025-08-27 07:56:50,606 - INFO - Processing ibo
2025-08-27 07:56:50,716 - INFO - Processing kin
2025-08-27 07:56:50,783 - INFO - Processing lug
2025-08-27 07:56:50,834 - INFO - Processing luo
2025-08-27 07:56:50,896 - INFO - Processing mos
2025-08-27 07:56:50,955 - INFO - Processing nya
2025-08-27 07:56:51,020 - INFO - Processing pcm
2025-08-27 07:56:51,074 - INFO - Processing sna
2025-08-27 07:56:51,134 - INFO - Processing swa
2025-08-27 07:56:51,209 - INFO - Processing tsn
2025-08-27 07:56:51,257 - INFO - Processing twi
2025-08-27 07:56:51,320 - INFO - Processing wol
2025-08-27 07:56:51,378 - INFO - Processing xho
2025-08-27 07:56:51,425 - INFO - Processing yor
2025-08-27 07:56:51,508 - INFO - Processing zul
2025-08-27 07:56:51,904 - INFO - === Layer 1 (mbert) — Top 5 (cosine) ===
2025-08-27 07:56:51,904 - INFO - 1. xho: cos=0.9998
2025-08-27 07:56:51,904 - INFO - 2. lug: cos=0.9997
2025-08-27 07:56:51,904 - INFO - 3. nya: cos=0.9997
2025-08-27 07:56:51,904 - INFO - 4. zul: cos=0.9997
2025-08-27 07:56:51,904 - INFO - 5. hau: cos=0.9996
2025-08-27 07:56:51,904 - INFO - === Layer 1 (mbert) — Worst 5 (cosine) ===
2025-08-27 07:56:51,904 - INFO - 1. yor: cos=0.9988
2025-08-27 07:56:51,904 - INFO - 2. pcm: cos=0.9988
2025-08-27 07:56:51,904 - INFO - 3. fon: cos=0.9989
2025-08-27 07:56:51,904 - INFO - 4. bbj: cos=0.9991
2025-08-27 07:56:51,904 - INFO - 5. ewe: cos=0.9994
2025-08-27 07:56:52,038 - INFO - === Layer 2 (mbert) — Top 5 (cosine) ===
2025-08-27 07:56:52,038 - INFO - 1. xho: cos=1.0000
2025-08-27 07:56:52,038 - INFO - 2. lug: cos=0.9999
2025-08-27 07:56:52,038 - INFO - 3. nya: cos=0.9999
2025-08-27 07:56:52,038 - INFO - 4. hau: cos=0.9999
2025-08-27 07:56:52,038 - INFO - 5. kin: cos=0.9999
2025-08-27 07:56:52,038 - INFO - === Layer 2 (mbert) — Worst 5 (cosine) ===
2025-08-27 07:56:52,038 - INFO - 1. yor: cos=0.9998
2025-08-27 07:56:52,038 - INFO - 2. fon: cos=0.9998
2025-08-27 07:56:52,038 - INFO - 3. pcm: cos=0.9998
2025-08-27 07:56:52,038 - INFO - 4. bbj: cos=0.9998
2025-08-27 07:56:52,038 - INFO - 5. ewe: cos=0.9999
2025-08-27 07:56:52,178 - INFO - === Layer 3 (mbert) — Top 5 (cosine) ===
2025-08-27 07:56:52,178 - INFO - 1. xho: cos=1.0000
2025-08-27 07:56:52,178 - INFO - 2. lug: cos=1.0000
2025-08-27 07:56:52,178 - INFO - 3. zul: cos=1.0000
2025-08-27 07:56:52,178 - INFO - 4. kin: cos=1.0000
2025-08-27 07:56:52,178 - INFO - 5. nya: cos=1.0000
2025-08-27 07:56:52,178 - INFO - === Layer 3 (mbert) — Worst 5 (cosine) ===
2025-08-27 07:56:52,178 - INFO - 1. pcm: cos=0.9999
2025-08-27 07:56:52,178 - INFO - 2. yor: cos=0.9999
2025-08-27 07:56:52,178 - INFO - 3. fon: cos=0.9999
2025-08-27 07:56:52,178 - INFO - 4. bbj: cos=0.9999
2025-08-27 07:56:52,178 - INFO - 5. ewe: cos=1.0000
2025-08-27 07:56:52,323 - INFO - === Layer 4 (mbert) — Top 5 (cosine) ===
2025-08-27 07:56:52,323 - INFO - 1. kin: cos=0.9999
2025-08-27 07:56:52,323 - INFO - 2. lug: cos=0.9999
2025-08-27 07:56:52,323 - INFO - 3. zul: cos=0.9999
2025-08-27 07:56:52,323 - INFO - 4. hau: cos=0.9999
2025-08-27 07:56:52,323 - INFO - 5. nya: cos=0.9999
2025-08-27 07:56:52,323 - INFO - === Layer 4 (mbert) — Worst 5 (cosine) ===
2025-08-27 07:56:52,323 - INFO - 1. pcm: cos=0.9995
2025-08-27 07:56:52,323 - INFO - 2. yor: cos=0.9997
2025-08-27 07:56:52,323 - INFO - 3. bbj: cos=0.9997
2025-08-27 07:56:52,323 - INFO - 4. fon: cos=0.9997
2025-08-27 07:56:52,323 - INFO - 5. ewe: cos=0.9998
2025-08-27 07:56:52,461 - INFO - === Layer 5 (mbert) — Top 5 (cosine) ===
2025-08-27 07:56:52,461 - INFO - 1. luo: cos=0.9912
2025-08-27 07:56:52,461 - INFO - 2. nya: cos=0.9901
2025-08-27 07:56:52,461 - INFO - 3. kin: cos=0.9899
2025-08-27 07:56:52,461 - INFO - 4. lug: cos=0.9897
2025-08-27 07:56:52,461 - INFO - 5. sna: cos=0.9889
2025-08-27 07:56:52,461 - INFO - === Layer 5 (mbert) — Worst 5 (cosine) ===
2025-08-27 07:56:52,461 - INFO - 1. bbj: cos=0.9680
2025-08-27 07:56:52,461 - INFO - 2. fon: cos=0.9728
2025-08-27 07:56:52,461 - INFO - 3. yor: cos=0.9735
2025-08-27 07:56:52,461 - INFO - 4. pcm: cos=0.9740
2025-08-27 07:56:52,461 - INFO - 5. bam: cos=0.9778
2025-08-27 07:56:52,663 - INFO - === Layer 6 (mbert) — Top 5 (cosine) ===
2025-08-27 07:56:52,664 - INFO - 1. hau: cos=0.9831
2025-08-27 07:56:52,664 - INFO - 2. luo: cos=0.9810
2025-08-27 07:56:52,664 - INFO - 3. sna: cos=0.9804
2025-08-27 07:56:52,664 - INFO - 4. nya: cos=0.9799
2025-08-27 07:56:52,664 - INFO - 5. lug: cos=0.9790
2025-08-27 07:56:52,664 - INFO - === Layer 6 (mbert) — Worst 5 (cosine) ===
2025-08-27 07:56:52,664 - INFO - 1. pcm: cos=0.9551
2025-08-27 07:56:52,664 - INFO - 2. bbj: cos=0.9573
2025-08-27 07:56:52,664 - INFO - 3. swa: cos=0.9596
2025-08-27 07:56:52,664 - INFO - 4. fon: cos=0.9607
2025-08-27 07:56:52,664 - INFO - 5. yor: cos=0.9627
2025-08-27 07:56:52,792 - INFO - === Layer 7 (mbert) — Top 5 (cosine) ===
2025-08-27 07:56:52,792 - INFO - 1. sna: cos=0.9840
2025-08-27 07:56:52,792 - INFO - 2. hau: cos=0.9836
2025-08-27 07:56:52,792 - INFO - 3. nya: cos=0.9783
2025-08-27 07:56:52,792 - INFO - 4. twi: cos=0.9782
2025-08-27 07:56:52,792 - INFO - 5. mos: cos=0.9774
2025-08-27 07:56:52,792 - INFO - === Layer 7 (mbert) — Worst 5 (cosine) ===
2025-08-27 07:56:52,792 - INFO - 1. swa: cos=0.9465
2025-08-27 07:56:52,792 - INFO - 2. pcm: cos=0.9522
2025-08-27 07:56:52,792 - INFO - 3. bbj: cos=0.9557
2025-08-27 07:56:52,792 - INFO - 4. bam: cos=0.9581
2025-08-27 07:56:52,792 - INFO - 5. yor: cos=0.9583
2025-08-27 07:56:52,922 - INFO - === Layer 8 (mbert) — Top 5 (cosine) ===
2025-08-27 07:56:52,922 - INFO - 1. hau: cos=0.9777
2025-08-27 07:56:52,922 - INFO - 2. sna: cos=0.9768
2025-08-27 07:56:52,922 - INFO - 3. nya: cos=0.9740
2025-08-27 07:56:52,922 - INFO - 4. twi: cos=0.9721
2025-08-27 07:56:52,922 - INFO - 5. xho: cos=0.9710
2025-08-27 07:56:52,922 - INFO - === Layer 8 (mbert) — Worst 5 (cosine) ===
2025-08-27 07:56:52,922 - INFO - 1. swa: cos=0.9279
2025-08-27 07:56:52,922 - INFO - 2. pcm: cos=0.9309
2025-08-27 07:56:52,922 - INFO - 3. bbj: cos=0.9403
2025-08-27 07:56:52,922 - INFO - 4. bam: cos=0.9485
2025-08-27 07:56:52,922 - INFO - 5. yor: cos=0.9502
2025-08-27 07:56:53,050 - INFO - === Layer 9 (mbert) — Top 5 (cosine) ===
2025-08-27 07:56:53,051 - INFO - 1. sna: cos=0.9813
2025-08-27 07:56:53,051 - INFO - 2. hau: cos=0.9795
2025-08-27 07:56:53,051 - INFO - 3. lug: cos=0.9790
2025-08-27 07:56:53,051 - INFO - 4. nya: cos=0.9788
2025-08-27 07:56:53,051 - INFO - 5. xho: cos=0.9767
2025-08-27 07:56:53,051 - INFO - === Layer 9 (mbert) — Worst 5 (cosine) ===
2025-08-27 07:56:53,051 - INFO - 1. pcm: cos=0.9374
2025-08-27 07:56:53,051 - INFO - 2. swa: cos=0.9418
2025-08-27 07:56:53,051 - INFO - 3. bbj: cos=0.9498
2025-08-27 07:56:53,051 - INFO - 4. bam: cos=0.9561
2025-08-27 07:56:53,051 - INFO - 5. yor: cos=0.9577
2025-08-27 07:56:53,179 - INFO - === Layer 10 (mbert) — Top 5 (cosine) ===
2025-08-27 07:56:53,179 - INFO - 1. lug: cos=0.9844
2025-08-27 07:56:53,179 - INFO - 2. sna: cos=0.9820
2025-08-27 07:56:53,179 - INFO - 3. nya: cos=0.9809
2025-08-27 07:56:53,179 - INFO - 4. hau: cos=0.9784
2025-08-27 07:56:53,179 - INFO - 5. twi: cos=0.9782
2025-08-27 07:56:53,179 - INFO - === Layer 10 (mbert) — Worst 5 (cosine) ===
2025-08-27 07:56:53,179 - INFO - 1. pcm: cos=0.9441
2025-08-27 07:56:53,179 - INFO - 2. swa: cos=0.9509
2025-08-27 07:56:53,179 - INFO - 3. bbj: cos=0.9535
2025-08-27 07:56:53,179 - INFO - 4. yor: cos=0.9568
2025-08-27 07:56:53,179 - INFO - 5. bam: cos=0.9611
2025-08-27 07:56:53,309 - INFO - === Layer 11 (mbert) — Top 5 (cosine) ===
2025-08-27 07:56:53,309 - INFO - 1. lug: cos=0.9893
2025-08-27 07:56:53,309 - INFO - 2. nya: cos=0.9857
2025-08-27 07:56:53,309 - INFO - 3. sna: cos=0.9852
2025-08-27 07:56:53,309 - INFO - 4. kin: cos=0.9842
2025-08-27 07:56:53,309 - INFO - 5. twi: cos=0.9823
2025-08-27 07:56:53,309 - INFO - === Layer 11 (mbert) — Worst 5 (cosine) ===
2025-08-27 07:56:53,309 - INFO - 1. pcm: cos=0.9469
2025-08-27 07:56:53,309 - INFO - 2. yor: cos=0.9565
2025-08-27 07:56:53,309 - INFO - 3. bbj: cos=0.9566
2025-08-27 07:56:53,309 - INFO - 4. swa: cos=0.9637
2025-08-27 07:56:53,309 - INFO - 5. fon: cos=0.9701
2025-08-27 07:56:53,433 - INFO - === Layer 12 (mbert) — Top 5 (cosine) ===
2025-08-27 07:56:53,433 - INFO - 1. lug: cos=0.9861
2025-08-27 07:56:53,433 - INFO - 2. kin: cos=0.9784
2025-08-27 07:56:53,433 - INFO - 3. nya: cos=0.9782
2025-08-27 07:56:53,433 - INFO - 4. sna: cos=0.9780
2025-08-27 07:56:53,433 - INFO - 5. tsn: cos=0.9716
2025-08-27 07:56:53,433 - INFO - === Layer 12 (mbert) — Worst 5 (cosine) ===
2025-08-27 07:56:53,433 - INFO - 1. bbj: cos=0.8831
2025-08-27 07:56:53,433 - INFO - 2. pcm: cos=0.9135
2025-08-27 07:56:53,433 - INFO - 3. fon: cos=0.9330
2025-08-27 07:56:53,433 - INFO - 4. yor: cos=0.9427
2025-08-27 07:56:53,433 - INFO - 5. bam: cos=0.9459
2025-08-27 07:56:53,434 - INFO - Experiment finished successfully.
