2025-08-27 07:47:07,005 - INFO - Start: model_type=xlmr, use_cls=False, use_context=True, context_window=3, max_tokens_per_type=300, batch_size=64, output_dir=rq2_train_scripts/Embeddings/CLEAN/outputs/mptc/xlmr/config_2_clsfalse_ctxtrue/tokens_300_ctx3, save_prototypes=False, seed=42, fp16=True, max_length=96, langs=all, layers=all, span_mode=bio, pool=mean, entity_tags={'DATE', 'ORG', 'PER', 'LOC'}, title_suffix='L=all, tokens=300, ctx=3, cls=false, fp16=true'
2025-08-27 07:47:09,139 - INFO - Processing run
2025-08-27 07:47:09,583 - INFO - Processing bam
2025-08-27 07:47:09,709 - INFO - Processing bbj
2025-08-27 07:47:09,821 - INFO - Processing ewe
2025-08-27 07:47:09,925 - INFO - Processing fon
2025-08-27 07:47:10,047 - INFO - Processing hau
2025-08-27 07:47:10,174 - INFO - Processing ibo
2025-08-27 07:47:10,332 - INFO - Processing kin
2025-08-27 07:47:10,465 - INFO - Processing lug
2025-08-27 07:47:10,577 - INFO - Processing luo
2025-08-27 07:47:10,700 - INFO - Processing mos
2025-08-27 07:47:10,832 - INFO - Processing nya
2025-08-27 07:47:10,961 - INFO - Processing pcm
2025-08-27 07:47:11,078 - INFO - Processing sna
2025-08-27 07:47:11,201 - INFO - Processing swa
2025-08-27 07:47:11,330 - INFO - Processing tsn
2025-08-27 07:47:11,443 - INFO - Processing twi
2025-08-27 07:47:11,571 - INFO - Processing wol
2025-08-27 07:47:11,701 - INFO - Processing xho
2025-08-27 07:47:11,829 - INFO - Processing yor
2025-08-27 07:47:12,028 - INFO - Processing zul
2025-08-27 07:47:12,571 - INFO - === Layer 1 (xlmr) — Top 5 (cosine) ===
2025-08-27 07:47:12,571 - INFO - 1. kin: cos=0.9119
2025-08-27 07:47:12,571 - INFO - 2. twi: cos=0.9082
2025-08-27 07:47:12,571 - INFO - 3. luo: cos=0.9012
2025-08-27 07:47:12,571 - INFO - 4. tsn: cos=0.8951
2025-08-27 07:47:12,571 - INFO - 5. ibo: cos=0.8936
2025-08-27 07:47:12,571 - INFO - === Layer 1 (xlmr) — Worst 5 (cosine) ===
2025-08-27 07:47:12,571 - INFO - 1. pcm: cos=0.8007
2025-08-27 07:47:12,571 - INFO - 2. hau: cos=0.8071
2025-08-27 07:47:12,571 - INFO - 3. fon: cos=0.8288
2025-08-27 07:47:12,571 - INFO - 4. bbj: cos=0.8326
2025-08-27 07:47:12,571 - INFO - 5. swa: cos=0.8349
2025-08-27 07:47:12,702 - INFO - === Layer 2 (xlmr) — Top 5 (cosine) ===
2025-08-27 07:47:12,702 - INFO - 1. kin: cos=0.9640
2025-08-27 07:47:12,702 - INFO - 2. twi: cos=0.9626
2025-08-27 07:47:12,702 - INFO - 3. luo: cos=0.9603
2025-08-27 07:47:12,702 - INFO - 4. tsn: cos=0.9578
2025-08-27 07:47:12,702 - INFO - 5. nya: cos=0.9577
2025-08-27 07:47:12,702 - INFO - === Layer 2 (xlmr) — Worst 5 (cosine) ===
2025-08-27 07:47:12,702 - INFO - 1. pcm: cos=0.9128
2025-08-27 07:47:12,702 - INFO - 2. hau: cos=0.9215
2025-08-27 07:47:12,702 - INFO - 3. swa: cos=0.9249
2025-08-27 07:47:12,702 - INFO - 4. fon: cos=0.9336
2025-08-27 07:47:12,702 - INFO - 5. bbj: cos=0.9344
2025-08-27 07:47:12,831 - INFO - === Layer 3 (xlmr) — Top 5 (cosine) ===
2025-08-27 07:47:12,831 - INFO - 1. twi: cos=0.9760
2025-08-27 07:47:12,831 - INFO - 2. kin: cos=0.9733
2025-08-27 07:47:12,831 - INFO - 3. luo: cos=0.9726
2025-08-27 07:47:12,831 - INFO - 4. tsn: cos=0.9706
2025-08-27 07:47:12,831 - INFO - 5. zul: cos=0.9702
2025-08-27 07:47:12,831 - INFO - === Layer 3 (xlmr) — Worst 5 (cosine) ===
2025-08-27 07:47:12,831 - INFO - 1. pcm: cos=0.9382
2025-08-27 07:47:12,831 - INFO - 2. swa: cos=0.9437
2025-08-27 07:47:12,831 - INFO - 3. hau: cos=0.9459
2025-08-27 07:47:12,831 - INFO - 4. bam: cos=0.9541
2025-08-27 07:47:12,831 - INFO - 5. yor: cos=0.9545
2025-08-27 07:47:12,955 - INFO - === Layer 4 (xlmr) — Top 5 (cosine) ===
2025-08-27 07:47:12,955 - INFO - 1. twi: cos=0.9751
2025-08-27 07:47:12,955 - INFO - 2. kin: cos=0.9735
2025-08-27 07:47:12,955 - INFO - 3. luo: cos=0.9722
2025-08-27 07:47:12,955 - INFO - 4. tsn: cos=0.9695
2025-08-27 07:47:12,955 - INFO - 5. zul: cos=0.9686
2025-08-27 07:47:12,955 - INFO - === Layer 4 (xlmr) — Worst 5 (cosine) ===
2025-08-27 07:47:12,955 - INFO - 1. pcm: cos=0.9290
2025-08-27 07:47:12,955 - INFO - 2. swa: cos=0.9339
2025-08-27 07:47:12,955 - INFO - 3. hau: cos=0.9438
2025-08-27 07:47:12,955 - INFO - 4. bbj: cos=0.9511
2025-08-27 07:47:12,955 - INFO - 5. bam: cos=0.9529
2025-08-27 07:47:13,075 - INFO - === Layer 5 (xlmr) — Top 5 (cosine) ===
2025-08-27 07:47:13,075 - INFO - 1. sna: cos=0.9765
2025-08-27 07:47:13,075 - INFO - 2. twi: cos=0.9762
2025-08-27 07:47:13,076 - INFO - 3. zul: cos=0.9755
2025-08-27 07:47:13,076 - INFO - 4. tsn: cos=0.9746
2025-08-27 07:47:13,076 - INFO - 5. luo: cos=0.9744
2025-08-27 07:47:13,076 - INFO - === Layer 5 (xlmr) — Worst 5 (cosine) ===
2025-08-27 07:47:13,076 - INFO - 1. swa: cos=0.9327
2025-08-27 07:47:13,076 - INFO - 2. pcm: cos=0.9343
2025-08-27 07:47:13,076 - INFO - 3. hau: cos=0.9515
2025-08-27 07:47:13,076 - INFO - 4. bbj: cos=0.9605
2025-08-27 07:47:13,076 - INFO - 5. yor: cos=0.9627
2025-08-27 07:47:13,197 - INFO - === Layer 6 (xlmr) — Top 5 (cosine) ===
2025-08-27 07:47:13,197 - INFO - 1. luo: cos=0.9709
2025-08-27 07:47:13,197 - INFO - 2. sna: cos=0.9708
2025-08-27 07:47:13,197 - INFO - 3. kin: cos=0.9707
2025-08-27 07:47:13,197 - INFO - 4. twi: cos=0.9705
2025-08-27 07:47:13,197 - INFO - 5. zul: cos=0.9699
2025-08-27 07:47:13,197 - INFO - === Layer 6 (xlmr) — Worst 5 (cosine) ===
2025-08-27 07:47:13,197 - INFO - 1. pcm: cos=0.9170
2025-08-27 07:47:13,197 - INFO - 2. swa: cos=0.9181
2025-08-27 07:47:13,197 - INFO - 3. hau: cos=0.9395
2025-08-27 07:47:13,197 - INFO - 4. yor: cos=0.9548
2025-08-27 07:47:13,197 - INFO - 5. bbj: cos=0.9554
2025-08-27 07:47:13,328 - INFO - === Layer 7 (xlmr) — Top 5 (cosine) ===
2025-08-27 07:47:13,328 - INFO - 1. zul: cos=0.9751
2025-08-27 07:47:13,328 - INFO - 2. twi: cos=0.9749
2025-08-27 07:47:13,328 - INFO - 3. ewe: cos=0.9722
2025-08-27 07:47:13,328 - INFO - 4. sna: cos=0.9720
2025-08-27 07:47:13,328 - INFO - 5. mos: cos=0.9716
2025-08-27 07:47:13,328 - INFO - === Layer 7 (xlmr) — Worst 5 (cosine) ===
2025-08-27 07:47:13,328 - INFO - 1. swa: cos=0.9429
2025-08-27 07:47:13,328 - INFO - 2. pcm: cos=0.9478
2025-08-27 07:47:13,328 - INFO - 3. hau: cos=0.9568
2025-08-27 07:47:13,328 - INFO - 4. yor: cos=0.9584
2025-08-27 07:47:13,328 - INFO - 5. lug: cos=0.9595
2025-08-27 07:47:13,628 - INFO - === Layer 8 (xlmr) — Top 5 (cosine) ===
2025-08-27 07:47:13,628 - INFO - 1. twi: cos=0.9740
2025-08-27 07:47:13,628 - INFO - 2. sna: cos=0.9714
2025-08-27 07:47:13,628 - INFO - 3. kin: cos=0.9707
2025-08-27 07:47:13,628 - INFO - 4. mos: cos=0.9707
2025-08-27 07:47:13,628 - INFO - 5. ewe: cos=0.9706
2025-08-27 07:47:13,628 - INFO - === Layer 8 (xlmr) — Worst 5 (cosine) ===
2025-08-27 07:47:13,628 - INFO - 1. swa: cos=0.9420
2025-08-27 07:47:13,628 - INFO - 2. pcm: cos=0.9436
2025-08-27 07:47:13,628 - INFO - 3. yor: cos=0.9559
2025-08-27 07:47:13,628 - INFO - 4. hau: cos=0.9566
2025-08-27 07:47:13,628 - INFO - 5. lug: cos=0.9591
2025-08-27 07:47:13,748 - INFO - === Layer 9 (xlmr) — Top 5 (cosine) ===
2025-08-27 07:47:13,748 - INFO - 1. twi: cos=0.9787
2025-08-27 07:47:13,748 - INFO - 2. ewe: cos=0.9775
2025-08-27 07:47:13,748 - INFO - 3. mos: cos=0.9765
2025-08-27 07:47:13,748 - INFO - 4. fon: cos=0.9757
2025-08-27 07:47:13,748 - INFO - 5. sna: cos=0.9749
2025-08-27 07:47:13,748 - INFO - === Layer 9 (xlmr) — Worst 5 (cosine) ===
2025-08-27 07:47:13,748 - INFO - 1. swa: cos=0.9520
2025-08-27 07:47:13,748 - INFO - 2. pcm: cos=0.9547
2025-08-27 07:47:13,748 - INFO - 3. lug: cos=0.9635
2025-08-27 07:47:13,748 - INFO - 4. bbj: cos=0.9650
2025-08-27 07:47:13,748 - INFO - 5. hau: cos=0.9660
2025-08-27 07:47:13,866 - INFO - === Layer 10 (xlmr) — Top 5 (cosine) ===
2025-08-27 07:47:13,866 - INFO - 1. twi: cos=0.9778
2025-08-27 07:47:13,866 - INFO - 2. nya: cos=0.9753
2025-08-27 07:47:13,866 - INFO - 3. mos: cos=0.9751
2025-08-27 07:47:13,866 - INFO - 4. kin: cos=0.9745
2025-08-27 07:47:13,866 - INFO - 5. sna: cos=0.9744
2025-08-27 07:47:13,867 - INFO - === Layer 10 (xlmr) — Worst 5 (cosine) ===
2025-08-27 07:47:13,867 - INFO - 1. pcm: cos=0.9533
2025-08-27 07:47:13,867 - INFO - 2. swa: cos=0.9537
2025-08-27 07:47:13,867 - INFO - 3. xho: cos=0.9581
2025-08-27 07:47:13,867 - INFO - 4. bbj: cos=0.9623
2025-08-27 07:47:13,867 - INFO - 5. lug: cos=0.9625
2025-08-27 07:47:13,985 - INFO - === Layer 11 (xlmr) — Top 5 (cosine) ===
2025-08-27 07:47:13,985 - INFO - 1. kin: cos=0.9797
2025-08-27 07:47:13,985 - INFO - 2. nya: cos=0.9796
2025-08-27 07:47:13,985 - INFO - 3. sna: cos=0.9796
2025-08-27 07:47:13,985 - INFO - 4. twi: cos=0.9792
2025-08-27 07:47:13,985 - INFO - 5. tsn: cos=0.9780
2025-08-27 07:47:13,985 - INFO - === Layer 11 (xlmr) — Worst 5 (cosine) ===
2025-08-27 07:47:13,985 - INFO - 1. pcm: cos=0.9537
2025-08-27 07:47:13,985 - INFO - 2. swa: cos=0.9615
2025-08-27 07:47:13,985 - INFO - 3. xho: cos=0.9620
2025-08-27 07:47:13,985 - INFO - 4. bbj: cos=0.9622
2025-08-27 07:47:13,985 - INFO - 5. lug: cos=0.9670
2025-08-27 07:47:14,103 - INFO - === Layer 12 (xlmr) — Top 5 (cosine) ===
2025-08-27 07:47:14,104 - INFO - 1. nya: cos=0.9982
2025-08-27 07:47:14,104 - INFO - 2. tsn: cos=0.9982
2025-08-27 07:47:14,104 - INFO - 3. kin: cos=0.9982
2025-08-27 07:47:14,104 - INFO - 4. sna: cos=0.9982
2025-08-27 07:47:14,104 - INFO - 5. twi: cos=0.9981
2025-08-27 07:47:14,104 - INFO - === Layer 12 (xlmr) — Worst 5 (cosine) ===
2025-08-27 07:47:14,104 - INFO - 1. bbj: cos=0.9961
2025-08-27 07:47:14,104 - INFO - 2. lug: cos=0.9963
2025-08-27 07:47:14,104 - INFO - 3. swa: cos=0.9963
2025-08-27 07:47:14,104 - INFO - 4. hau: cos=0.9966
2025-08-27 07:47:14,104 - INFO - 5. xho: cos=0.9968
2025-08-27 07:47:14,104 - INFO - Experiment finished successfully.
