2025-08-02 22:01:35,848 - INFO - Experiment started with model_type=mbert, use_cls=False, use_context=False, context_window=2, use_hybrid=False, max_tokens_per_type=500, output_dir=rq2_train_scripts/Embeddings/MEXA_inspired_strategy/outputs/salt/mbert/config_0_clsfalse_ctxfalse_hybfalse/tokens_500_ctx2
2025-08-02 22:01:37,246 - INFO - Processing run
2025-08-02 22:01:57,830 - INFO - Processing bam
2025-08-02 22:02:15,692 - INFO - Processing bbj
2025-08-02 22:02:37,740 - INFO - Processing ewe
2025-08-02 22:02:59,150 - INFO - Processing fon
2025-08-02 22:03:19,590 - INFO - Processing hau
2025-08-02 22:03:39,453 - INFO - Processing ibo
2025-08-02 22:04:00,255 - INFO - Processing kin
2025-08-02 22:04:21,727 - INFO - Processing lug
2025-08-02 22:04:43,098 - INFO - Processing luo
2025-08-02 22:05:03,646 - INFO - Processing mos
2025-08-02 22:05:23,390 - INFO - Processing nya
2025-08-02 22:05:42,330 - INFO - Processing pcm
2025-08-02 22:06:01,084 - INFO - Processing sna
2025-08-02 22:06:21,170 - INFO - Processing swa
2025-08-02 22:06:40,160 - INFO - Processing tsn
2025-08-02 22:06:59,929 - INFO - Processing twi
2025-08-02 22:07:20,933 - INFO - Processing wol
2025-08-02 22:07:41,834 - INFO - Processing xho
2025-08-02 22:08:01,923 - INFO - Processing yor
2025-08-02 22:08:22,271 - INFO - Processing zul
2025-08-02 22:08:43,497 - INFO - Top 5 languages most similar to Runyankore:
2025-08-02 22:08:43,497 - INFO - 1. lug - Mean Similarity: 0.9574
2025-08-02 22:08:43,497 - INFO - 2. kin - Mean Similarity: 0.9468
2025-08-02 22:08:43,497 - INFO - 3. luo - Mean Similarity: 0.9451
2025-08-02 22:08:43,497 - INFO - 4. ibo - Mean Similarity: 0.9356
2025-08-02 22:08:43,497 - INFO - 5. twi - Mean Similarity: 0.9331
2025-08-02 22:08:43,497 - INFO - Experiment finished successfully.
