2025-08-27 17:45:05,386 - INFO - Start: model_type=xlmr, use_cls=True, use_context=False, context_window=3, max_tokens_per_type=500, batch_size=64, output_dir=rq2_train_scripts/Embeddings/CLEAN/outputs/mptc/xlmr/config_1_clstrue_ctxfalse/tokens_500_ctx3/core, save_prototypes=False, seed=42, fp16=True, max_length=96, langs=all, layers=all, span_mode=bio, pool=mean, entity_tags={'PER', 'DATE', 'LOC', 'ORG'}, title_suffix='L=all, tokens=500, ctx=3, cls=true, fp16=true'
2025-08-27 17:45:07,567 - INFO - Processing run
2025-08-27 17:45:07,959 - INFO - Processing bam
2025-08-27 17:45:08,022 - INFO - Processing bbj
2025-08-27 17:45:08,075 - INFO - Processing ewe
2025-08-27 17:45:08,126 - INFO - Processing fon
2025-08-27 17:45:08,194 - INFO - Processing hau
2025-08-27 17:45:08,270 - INFO - Processing ibo
2025-08-27 17:45:08,368 - INFO - Processing kin
2025-08-27 17:45:08,441 - INFO - Processing lug
2025-08-27 17:45:08,509 - INFO - Processing luo
2025-08-27 17:45:08,576 - INFO - Processing mos
2025-08-27 17:45:08,641 - INFO - Processing nya
2025-08-27 17:45:08,725 - INFO - Processing pcm
2025-08-27 17:45:08,780 - INFO - Processing sna
2025-08-27 17:45:08,843 - INFO - Processing swa
2025-08-27 17:45:08,916 - INFO - Processing tsn
2025-08-27 17:45:08,973 - INFO - Processing twi
2025-08-27 17:45:09,040 - INFO - Processing wol
2025-08-27 17:45:09,105 - INFO - Processing xho
2025-08-27 17:45:09,167 - INFO - Processing yor
2025-08-27 17:45:09,291 - INFO - Processing zul
2025-08-27 17:45:09,785 - INFO - === Layer 1 (xlmr) — Top 5 (cosine) ===
2025-08-27 17:45:09,785 - INFO - 1. kin: cos=1.0000
2025-08-27 17:45:09,785 - INFO - 2. twi: cos=0.9999
2025-08-27 17:45:09,785 - INFO - 3. luo: cos=0.9999
2025-08-27 17:45:09,785 - INFO - 4. ibo: cos=0.9998
2025-08-27 17:45:09,785 - INFO - 5. sna: cos=0.9998
2025-08-27 17:45:09,785 - INFO - === Layer 1 (xlmr) — Worst 5 (cosine) ===
2025-08-27 17:45:09,785 - INFO - 1. hau: cos=0.9993
2025-08-27 17:45:09,785 - INFO - 2. fon: cos=0.9994
2025-08-27 17:45:09,785 - INFO - 3. bbj: cos=0.9994
2025-08-27 17:45:09,785 - INFO - 4. bam: cos=0.9994
2025-08-27 17:45:09,786 - INFO - 5. xho: cos=0.9994
2025-08-27 17:45:09,913 - INFO - === Layer 2 (xlmr) — Top 5 (cosine) ===
2025-08-27 17:45:09,913 - INFO - 1. kin: cos=1.0000
2025-08-27 17:45:09,913 - INFO - 2. luo: cos=1.0000
2025-08-27 17:45:09,913 - INFO - 3. twi: cos=1.0000
2025-08-27 17:45:09,913 - INFO - 4. ibo: cos=1.0000
2025-08-27 17:45:09,913 - INFO - 5. zul: cos=1.0000
2025-08-27 17:45:09,913 - INFO - === Layer 2 (xlmr) — Worst 5 (cosine) ===
2025-08-27 17:45:09,913 - INFO - 1. hau: cos=0.9999
2025-08-27 17:45:09,913 - INFO - 2. bam: cos=0.9999
2025-08-27 17:45:09,913 - INFO - 3. bbj: cos=0.9999
2025-08-27 17:45:09,913 - INFO - 4. pcm: cos=0.9999
2025-08-27 17:45:09,913 - INFO - 5. fon: cos=0.9999
2025-08-27 17:45:10,042 - INFO - === Layer 3 (xlmr) — Top 5 (cosine) ===
2025-08-27 17:45:10,042 - INFO - 1. kin: cos=1.0000
2025-08-27 17:45:10,042 - INFO - 2. luo: cos=1.0000
2025-08-27 17:45:10,042 - INFO - 3. twi: cos=1.0000
2025-08-27 17:45:10,042 - INFO - 4. zul: cos=1.0000
2025-08-27 17:45:10,042 - INFO - 5. ewe: cos=1.0000
2025-08-27 17:45:10,042 - INFO - === Layer 3 (xlmr) — Worst 5 (cosine) ===
2025-08-27 17:45:10,042 - INFO - 1. pcm: cos=1.0000
2025-08-27 17:45:10,042 - INFO - 2. swa: cos=1.0000
2025-08-27 17:45:10,042 - INFO - 3. bbj: cos=1.0000
2025-08-27 17:45:10,042 - INFO - 4. fon: cos=1.0000
2025-08-27 17:45:10,042 - INFO - 5. nya: cos=1.0000
2025-08-27 17:45:10,169 - INFO - === Layer 4 (xlmr) — Top 5 (cosine) ===
2025-08-27 17:45:10,169 - INFO - 1. kin: cos=1.0000
2025-08-27 17:45:10,169 - INFO - 2. luo: cos=1.0000
2025-08-27 17:45:10,169 - INFO - 3. twi: cos=1.0000
2025-08-27 17:45:10,169 - INFO - 4. sna: cos=1.0000
2025-08-27 17:45:10,169 - INFO - 5. zul: cos=1.0000
2025-08-27 17:45:10,169 - INFO - === Layer 4 (xlmr) — Worst 5 (cosine) ===
2025-08-27 17:45:10,169 - INFO - 1. hau: cos=1.0000
2025-08-27 17:45:10,170 - INFO - 2. bam: cos=1.0000
2025-08-27 17:45:10,170 - INFO - 3. yor: cos=1.0000
2025-08-27 17:45:10,170 - INFO - 4. wol: cos=1.0000
2025-08-27 17:45:10,170 - INFO - 5. pcm: cos=1.0000
2025-08-27 17:45:10,293 - INFO - === Layer 5 (xlmr) — Top 5 (cosine) ===
2025-08-27 17:45:10,293 - INFO - 1. twi: cos=1.0000
2025-08-27 17:45:10,293 - INFO - 2. kin: cos=1.0000
2025-08-27 17:45:10,293 - INFO - 3. luo: cos=1.0000
2025-08-27 17:45:10,293 - INFO - 4. tsn: cos=1.0000
2025-08-27 17:45:10,293 - INFO - 5. zul: cos=1.0000
2025-08-27 17:45:10,293 - INFO - === Layer 5 (xlmr) — Worst 5 (cosine) ===
2025-08-27 17:45:10,293 - INFO - 1. hau: cos=1.0000
2025-08-27 17:45:10,293 - INFO - 2. pcm: cos=1.0000
2025-08-27 17:45:10,293 - INFO - 3. fon: cos=1.0000
2025-08-27 17:45:10,293 - INFO - 4. mos: cos=1.0000
2025-08-27 17:45:10,293 - INFO - 5. wol: cos=1.0000
2025-08-27 17:45:10,411 - INFO - === Layer 6 (xlmr) — Top 5 (cosine) ===
2025-08-27 17:45:10,411 - INFO - 1. kin: cos=1.0000
2025-08-27 17:45:10,412 - INFO - 2. twi: cos=1.0000
2025-08-27 17:45:10,412 - INFO - 3. luo: cos=1.0000
2025-08-27 17:45:10,412 - INFO - 4. tsn: cos=1.0000
2025-08-27 17:45:10,412 - INFO - 5. ewe: cos=1.0000
2025-08-27 17:45:10,412 - INFO - === Layer 6 (xlmr) — Worst 5 (cosine) ===
2025-08-27 17:45:10,412 - INFO - 1. hau: cos=1.0000
2025-08-27 17:45:10,412 - INFO - 2. pcm: cos=1.0000
2025-08-27 17:45:10,412 - INFO - 3. fon: cos=1.0000
2025-08-27 17:45:10,412 - INFO - 4. mos: cos=1.0000
2025-08-27 17:45:10,412 - INFO - 5. bbj: cos=1.0000
2025-08-27 17:45:10,537 - INFO - === Layer 7 (xlmr) — Top 5 (cosine) ===
2025-08-27 17:45:10,537 - INFO - 1. kin: cos=1.0000
2025-08-27 17:45:10,537 - INFO - 2. swa: cos=1.0000
2025-08-27 17:45:10,537 - INFO - 3. sna: cos=1.0000
2025-08-27 17:45:10,537 - INFO - 4. fon: cos=1.0000
2025-08-27 17:45:10,537 - INFO - 5. yor: cos=1.0000
2025-08-27 17:45:10,537 - INFO - === Layer 7 (xlmr) — Worst 5 (cosine) ===
2025-08-27 17:45:10,537 - INFO - 1. hau: cos=1.0000
2025-08-27 17:45:10,537 - INFO - 2. tsn: cos=1.0000
2025-08-27 17:45:10,537 - INFO - 3. mos: cos=1.0000
2025-08-27 17:45:10,537 - INFO - 4. zul: cos=1.0000
2025-08-27 17:45:10,537 - INFO - 5. wol: cos=1.0000
2025-08-27 17:45:10,686 - INFO - === Layer 8 (xlmr) — Top 5 (cosine) ===
2025-08-27 17:45:10,686 - INFO - 1. kin: cos=1.0000
2025-08-27 17:45:10,686 - INFO - 2. lug: cos=1.0000
2025-08-27 17:45:10,686 - INFO - 3. sna: cos=1.0000
2025-08-27 17:45:10,686 - INFO - 4. xho: cos=1.0000
2025-08-27 17:45:10,686 - INFO - 5. tsn: cos=1.0000
2025-08-27 17:45:10,686 - INFO - === Layer 8 (xlmr) — Worst 5 (cosine) ===
2025-08-27 17:45:10,686 - INFO - 1. ewe: cos=0.9999
2025-08-27 17:45:10,686 - INFO - 2. bbj: cos=1.0000
2025-08-27 17:45:10,686 - INFO - 3. swa: cos=1.0000
2025-08-27 17:45:10,686 - INFO - 4. fon: cos=1.0000
2025-08-27 17:45:10,686 - INFO - 5. hau: cos=1.0000
2025-08-27 17:45:10,909 - INFO - === Layer 9 (xlmr) — Top 5 (cosine) ===
2025-08-27 17:45:10,909 - INFO - 1. kin: cos=1.0000
2025-08-27 17:45:10,909 - INFO - 2. sna: cos=1.0000
2025-08-27 17:45:10,909 - INFO - 3. yor: cos=1.0000
2025-08-27 17:45:10,909 - INFO - 4. bam: cos=1.0000
2025-08-27 17:45:10,909 - INFO - 5. twi: cos=1.0000
2025-08-27 17:45:10,909 - INFO - === Layer 9 (xlmr) — Worst 5 (cosine) ===
2025-08-27 17:45:10,909 - INFO - 1. ewe: cos=1.0000
2025-08-27 17:45:10,909 - INFO - 2. bbj: cos=1.0000
2025-08-27 17:45:10,909 - INFO - 3. hau: cos=1.0000
2025-08-27 17:45:10,909 - INFO - 4. nya: cos=1.0000
2025-08-27 17:45:10,909 - INFO - 5. swa: cos=1.0000
2025-08-27 17:45:11,037 - INFO - === Layer 10 (xlmr) — Top 5 (cosine) ===
2025-08-27 17:45:11,037 - INFO - 1. twi: cos=1.0000
2025-08-27 17:45:11,037 - INFO - 2. bam: cos=1.0000
2025-08-27 17:45:11,037 - INFO - 3. zul: cos=1.0000
2025-08-27 17:45:11,037 - INFO - 4. kin: cos=1.0000
2025-08-27 17:45:11,037 - INFO - 5. ewe: cos=1.0000
2025-08-27 17:45:11,037 - INFO - === Layer 10 (xlmr) — Worst 5 (cosine) ===
2025-08-27 17:45:11,037 - INFO - 1. pcm: cos=1.0000
2025-08-27 17:45:11,037 - INFO - 2. fon: cos=1.0000
2025-08-27 17:45:11,037 - INFO - 3. xho: cos=1.0000
2025-08-27 17:45:11,037 - INFO - 4. ibo: cos=1.0000
2025-08-27 17:45:11,037 - INFO - 5. bbj: cos=1.0000
2025-08-27 17:45:11,182 - INFO - === Layer 11 (xlmr) — Top 5 (cosine) ===
2025-08-27 17:45:11,182 - INFO - 1. pcm: cos=1.0000
2025-08-27 17:45:11,182 - INFO - 2. twi: cos=1.0000
2025-08-27 17:45:11,182 - INFO - 3. lug: cos=1.0000
2025-08-27 17:45:11,182 - INFO - 4. swa: cos=1.0000
2025-08-27 17:45:11,182 - INFO - 5. hau: cos=1.0000
2025-08-27 17:45:11,182 - INFO - === Layer 11 (xlmr) — Worst 5 (cosine) ===
2025-08-27 17:45:11,182 - INFO - 1. bam: cos=0.9998
2025-08-27 17:45:11,182 - INFO - 2. sna: cos=0.9999
2025-08-27 17:45:11,182 - INFO - 3. yor: cos=0.9999
2025-08-27 17:45:11,182 - INFO - 4. bbj: cos=0.9999
2025-08-27 17:45:11,182 - INFO - 5. zul: cos=0.9999
2025-08-27 17:45:11,312 - INFO - === Layer 12 (xlmr) — Top 5 (cosine) ===
2025-08-27 17:45:11,312 - INFO - 1. kin: cos=0.9999
2025-08-27 17:45:11,312 - INFO - 2. twi: cos=0.9999
2025-08-27 17:45:11,312 - INFO - 3. luo: cos=0.9999
2025-08-27 17:45:11,312 - INFO - 4. wol: cos=0.9999
2025-08-27 17:45:11,312 - INFO - 5. ewe: cos=0.9999
2025-08-27 17:45:11,312 - INFO - === Layer 12 (xlmr) — Worst 5 (cosine) ===
2025-08-27 17:45:11,312 - INFO - 1. pcm: cos=0.9978
2025-08-27 17:45:11,312 - INFO - 2. fon: cos=0.9986
2025-08-27 17:45:11,312 - INFO - 3. hau: cos=0.9992
2025-08-27 17:45:11,312 - INFO - 4. tsn: cos=0.9995
2025-08-27 17:45:11,312 - INFO - 5. xho: cos=0.9997
2025-08-27 17:45:11,313 - INFO - Experiment finished successfully.
