2025-08-27 17:41:22,012 - INFO - Start: model_type=xlmr, use_cls=True, use_context=False, context_window=2, max_tokens_per_type=300, batch_size=64, output_dir=rq2_train_scripts/Embeddings/CLEAN/outputs/salt/xlmr/config_1_clstrue_ctxfalse/tokens_300_ctx2/core, save_prototypes=False, seed=42, fp16=True, max_length=96, langs=all, layers=all, span_mode=bio, pool=mean, entity_tags={'DATE', 'PER', 'ORG', 'LOC'}, title_suffix='L=all, tokens=300, ctx=2, cls=true, fp16=true'
2025-08-27 17:41:24,004 - INFO - Processing run
2025-08-27 17:41:24,427 - INFO - Processing bam
2025-08-27 17:41:24,476 - INFO - Processing bbj
2025-08-27 17:41:24,515 - INFO - Processing ewe
2025-08-27 17:41:24,549 - INFO - Processing fon
2025-08-27 17:41:24,600 - INFO - Processing hau
2025-08-27 17:41:24,663 - INFO - Processing ibo
2025-08-27 17:41:24,750 - INFO - Processing kin
2025-08-27 17:41:24,819 - INFO - Processing lug
2025-08-27 17:41:24,877 - INFO - Processing luo
2025-08-27 17:41:24,940 - INFO - Processing mos
2025-08-27 17:41:24,994 - INFO - Processing nya
2025-08-27 17:41:25,055 - INFO - Processing pcm
2025-08-27 17:41:25,113 - INFO - Processing sna
2025-08-27 17:41:25,168 - INFO - Processing swa
2025-08-27 17:41:25,231 - INFO - Processing tsn
2025-08-27 17:41:25,276 - INFO - Processing twi
2025-08-27 17:41:25,332 - INFO - Processing wol
2025-08-27 17:41:25,386 - INFO - Processing xho
2025-08-27 17:41:25,436 - INFO - Processing yor
2025-08-27 17:41:25,511 - INFO - Processing zul
2025-08-27 17:41:26,025 - INFO - === Layer 1 (xlmr) — Top 5 (cosine) ===
2025-08-27 17:41:26,025 - INFO - 1. kin: cos=0.9999
2025-08-27 17:41:26,025 - INFO - 2. twi: cos=0.9999
2025-08-27 17:41:26,025 - INFO - 3. luo: cos=0.9999
2025-08-27 17:41:26,025 - INFO - 4. ewe: cos=0.9998
2025-08-27 17:41:26,025 - INFO - 5. nya: cos=0.9998
2025-08-27 17:41:26,025 - INFO - === Layer 1 (xlmr) — Worst 5 (cosine) ===
2025-08-27 17:41:26,025 - INFO - 1. pcm: cos=0.9994
2025-08-27 17:41:26,025 - INFO - 2. hau: cos=0.9994
2025-08-27 17:41:26,025 - INFO - 3. fon: cos=0.9995
2025-08-27 17:41:26,025 - INFO - 4. bbj: cos=0.9995
2025-08-27 17:41:26,025 - INFO - 5. bam: cos=0.9995
2025-08-27 17:41:26,154 - INFO - === Layer 2 (xlmr) — Top 5 (cosine) ===
2025-08-27 17:41:26,154 - INFO - 1. kin: cos=1.0000
2025-08-27 17:41:26,154 - INFO - 2. twi: cos=1.0000
2025-08-27 17:41:26,154 - INFO - 3. luo: cos=1.0000
2025-08-27 17:41:26,154 - INFO - 4. ewe: cos=1.0000
2025-08-27 17:41:26,154 - INFO - 5. nya: cos=1.0000
2025-08-27 17:41:26,154 - INFO - === Layer 2 (xlmr) — Worst 5 (cosine) ===
2025-08-27 17:41:26,154 - INFO - 1. pcm: cos=0.9999
2025-08-27 17:41:26,154 - INFO - 2. swa: cos=0.9999
2025-08-27 17:41:26,154 - INFO - 3. hau: cos=0.9999
2025-08-27 17:41:26,154 - INFO - 4. bbj: cos=0.9999
2025-08-27 17:41:26,154 - INFO - 5. sna: cos=0.9999
2025-08-27 17:41:26,285 - INFO - === Layer 3 (xlmr) — Top 5 (cosine) ===
2025-08-27 17:41:26,285 - INFO - 1. twi: cos=1.0000
2025-08-27 17:41:26,285 - INFO - 2. kin: cos=1.0000
2025-08-27 17:41:26,285 - INFO - 3. luo: cos=1.0000
2025-08-27 17:41:26,285 - INFO - 4. ibo: cos=1.0000
2025-08-27 17:41:26,285 - INFO - 5. zul: cos=1.0000
2025-08-27 17:41:26,285 - INFO - === Layer 3 (xlmr) — Worst 5 (cosine) ===
2025-08-27 17:41:26,285 - INFO - 1. pcm: cos=1.0000
2025-08-27 17:41:26,285 - INFO - 2. swa: cos=1.0000
2025-08-27 17:41:26,285 - INFO - 3. sna: cos=1.0000
2025-08-27 17:41:26,285 - INFO - 4. nya: cos=1.0000
2025-08-27 17:41:26,285 - INFO - 5. bbj: cos=1.0000
2025-08-27 17:41:26,413 - INFO - === Layer 4 (xlmr) — Top 5 (cosine) ===
2025-08-27 17:41:26,413 - INFO - 1. kin: cos=1.0000
2025-08-27 17:41:26,413 - INFO - 2. twi: cos=1.0000
2025-08-27 17:41:26,413 - INFO - 3. luo: cos=1.0000
2025-08-27 17:41:26,413 - INFO - 4. bbj: cos=1.0000
2025-08-27 17:41:26,413 - INFO - 5. tsn: cos=1.0000
2025-08-27 17:41:26,413 - INFO - === Layer 4 (xlmr) — Worst 5 (cosine) ===
2025-08-27 17:41:26,413 - INFO - 1. pcm: cos=1.0000
2025-08-27 17:41:26,413 - INFO - 2. bam: cos=1.0000
2025-08-27 17:41:26,413 - INFO - 3. yor: cos=1.0000
2025-08-27 17:41:26,413 - INFO - 4. hau: cos=1.0000
2025-08-27 17:41:26,413 - INFO - 5. nya: cos=1.0000
2025-08-27 17:41:26,543 - INFO - === Layer 5 (xlmr) — Top 5 (cosine) ===
2025-08-27 17:41:26,543 - INFO - 1. twi: cos=1.0000
2025-08-27 17:41:26,543 - INFO - 2. luo: cos=1.0000
2025-08-27 17:41:26,543 - INFO - 3. tsn: cos=1.0000
2025-08-27 17:41:26,543 - INFO - 4. kin: cos=1.0000
2025-08-27 17:41:26,543 - INFO - 5. ewe: cos=1.0000
2025-08-27 17:41:26,543 - INFO - === Layer 5 (xlmr) — Worst 5 (cosine) ===
2025-08-27 17:41:26,543 - INFO - 1. pcm: cos=1.0000
2025-08-27 17:41:26,543 - INFO - 2. hau: cos=1.0000
2025-08-27 17:41:26,543 - INFO - 3. swa: cos=1.0000
2025-08-27 17:41:26,543 - INFO - 4. xho: cos=1.0000
2025-08-27 17:41:26,543 - INFO - 5. wol: cos=1.0000
2025-08-27 17:41:26,673 - INFO - === Layer 6 (xlmr) — Top 5 (cosine) ===
2025-08-27 17:41:26,673 - INFO - 1. twi: cos=1.0000
2025-08-27 17:41:26,673 - INFO - 2. kin: cos=1.0000
2025-08-27 17:41:26,673 - INFO - 3. luo: cos=1.0000
2025-08-27 17:41:26,673 - INFO - 4. tsn: cos=1.0000
2025-08-27 17:41:26,673 - INFO - 5. zul: cos=1.0000
2025-08-27 17:41:26,673 - INFO - === Layer 6 (xlmr) — Worst 5 (cosine) ===
2025-08-27 17:41:26,673 - INFO - 1. yor: cos=1.0000
2025-08-27 17:41:26,673 - INFO - 2. hau: cos=1.0000
2025-08-27 17:41:26,673 - INFO - 3. pcm: cos=1.0000
2025-08-27 17:41:26,673 - INFO - 4. swa: cos=1.0000
2025-08-27 17:41:26,673 - INFO - 5. xho: cos=1.0000
2025-08-27 17:41:26,803 - INFO - === Layer 7 (xlmr) — Top 5 (cosine) ===
2025-08-27 17:41:26,803 - INFO - 1. twi: cos=1.0000
2025-08-27 17:41:26,803 - INFO - 2. kin: cos=1.0000
2025-08-27 17:41:26,803 - INFO - 3. fon: cos=1.0000
2025-08-27 17:41:26,803 - INFO - 4. bbj: cos=1.0000
2025-08-27 17:41:26,803 - INFO - 5. swa: cos=1.0000
2025-08-27 17:41:26,803 - INFO - === Layer 7 (xlmr) — Worst 5 (cosine) ===
2025-08-27 17:41:26,803 - INFO - 1. pcm: cos=1.0000
2025-08-27 17:41:26,803 - INFO - 2. hau: cos=1.0000
2025-08-27 17:41:26,803 - INFO - 3. zul: cos=1.0000
2025-08-27 17:41:26,804 - INFO - 4. sna: cos=1.0000
2025-08-27 17:41:26,804 - INFO - 5. nya: cos=1.0000
2025-08-27 17:41:27,004 - INFO - === Layer 8 (xlmr) — Top 5 (cosine) ===
2025-08-27 17:41:27,004 - INFO - 1. ewe: cos=1.0000
2025-08-27 17:41:27,004 - INFO - 2. tsn: cos=1.0000
2025-08-27 17:41:27,004 - INFO - 3. luo: cos=1.0000
2025-08-27 17:41:27,004 - INFO - 4. zul: cos=1.0000
2025-08-27 17:41:27,004 - INFO - 5. bam: cos=1.0000
2025-08-27 17:41:27,004 - INFO - === Layer 8 (xlmr) — Worst 5 (cosine) ===
2025-08-27 17:41:27,004 - INFO - 1. pcm: cos=0.9999
2025-08-27 17:41:27,004 - INFO - 2. fon: cos=0.9999
2025-08-27 17:41:27,004 - INFO - 3. hau: cos=0.9999
2025-08-27 17:41:27,004 - INFO - 4. bbj: cos=1.0000
2025-08-27 17:41:27,004 - INFO - 5. xho: cos=1.0000
2025-08-27 17:41:27,137 - INFO - === Layer 9 (xlmr) — Top 5 (cosine) ===
2025-08-27 17:41:27,138 - INFO - 1. mos: cos=1.0000
2025-08-27 17:41:27,138 - INFO - 2. zul: cos=1.0000
2025-08-27 17:41:27,138 - INFO - 3. ewe: cos=1.0000
2025-08-27 17:41:27,138 - INFO - 4. luo: cos=1.0000
2025-08-27 17:41:27,138 - INFO - 5. swa: cos=1.0000
2025-08-27 17:41:27,138 - INFO - === Layer 9 (xlmr) — Worst 5 (cosine) ===
2025-08-27 17:41:27,138 - INFO - 1. pcm: cos=1.0000
2025-08-27 17:41:27,138 - INFO - 2. hau: cos=1.0000
2025-08-27 17:41:27,138 - INFO - 3. fon: cos=1.0000
2025-08-27 17:41:27,138 - INFO - 4. sna: cos=1.0000
2025-08-27 17:41:27,138 - INFO - 5. bbj: cos=1.0000
2025-08-27 17:41:27,268 - INFO - === Layer 10 (xlmr) — Top 5 (cosine) ===
2025-08-27 17:41:27,268 - INFO - 1. zul: cos=1.0000
2025-08-27 17:41:27,269 - INFO - 2. ewe: cos=1.0000
2025-08-27 17:41:27,269 - INFO - 3. luo: cos=1.0000
2025-08-27 17:41:27,269 - INFO - 4. kin: cos=1.0000
2025-08-27 17:41:27,269 - INFO - 5. nya: cos=1.0000
2025-08-27 17:41:27,269 - INFO - === Layer 10 (xlmr) — Worst 5 (cosine) ===
2025-08-27 17:41:27,269 - INFO - 1. pcm: cos=1.0000
2025-08-27 17:41:27,269 - INFO - 2. yor: cos=1.0000
2025-08-27 17:41:27,269 - INFO - 3. ibo: cos=1.0000
2025-08-27 17:41:27,269 - INFO - 4. fon: cos=1.0000
2025-08-27 17:41:27,269 - INFO - 5. xho: cos=1.0000
2025-08-27 17:41:27,422 - INFO - === Layer 11 (xlmr) — Top 5 (cosine) ===
2025-08-27 17:41:27,422 - INFO - 1. tsn: cos=1.0000
2025-08-27 17:41:27,422 - INFO - 2. zul: cos=1.0000
2025-08-27 17:41:27,422 - INFO - 3. hau: cos=1.0000
2025-08-27 17:41:27,422 - INFO - 4. pcm: cos=1.0000
2025-08-27 17:41:27,422 - INFO - 5. ibo: cos=1.0000
2025-08-27 17:41:27,422 - INFO - === Layer 11 (xlmr) — Worst 5 (cosine) ===
2025-08-27 17:41:27,422 - INFO - 1. luo: cos=0.9999
2025-08-27 17:41:27,422 - INFO - 2. bam: cos=0.9999
2025-08-27 17:41:27,422 - INFO - 3. bbj: cos=0.9999
2025-08-27 17:41:27,422 - INFO - 4. xho: cos=1.0000
2025-08-27 17:41:27,422 - INFO - 5. mos: cos=1.0000
2025-08-27 17:41:27,550 - INFO - === Layer 12 (xlmr) — Top 5 (cosine) ===
2025-08-27 17:41:27,551 - INFO - 1. kin: cos=0.9999
2025-08-27 17:41:27,551 - INFO - 2. nya: cos=0.9999
2025-08-27 17:41:27,551 - INFO - 3. wol: cos=0.9999
2025-08-27 17:41:27,551 - INFO - 4. ewe: cos=0.9999
2025-08-27 17:41:27,551 - INFO - 5. tsn: cos=0.9999
2025-08-27 17:41:27,551 - INFO - === Layer 12 (xlmr) — Worst 5 (cosine) ===
2025-08-27 17:41:27,551 - INFO - 1. fon: cos=0.9982
2025-08-27 17:41:27,551 - INFO - 2. hau: cos=0.9987
2025-08-27 17:41:27,551 - INFO - 3. pcm: cos=0.9989
2025-08-27 17:41:27,551 - INFO - 4. twi: cos=0.9995
2025-08-27 17:41:27,551 - INFO - 5. ibo: cos=0.9996
2025-08-27 17:41:27,552 - INFO - Experiment finished successfully.
