2025-08-27 18:26:21,824 - INFO - Start: model_type=mbert, use_cls=False, use_context=True, context_window=3, max_tokens_per_type=200, batch_size=64, output_dir=rq2_train_scripts/Embeddings/CLEAN/outputs/mptc/mbert/config_2_clsfalse_ctxtrue/tokens_200_ctx3/core, save_prototypes=False, seed=42, fp16=True, max_length=96, langs=all, layers=all, span_mode=bio, pool=mean, entity_tags={'DATE', 'PER', 'ORG', 'LOC'}, title_suffix='L=all, tokens=200, ctx=3, cls=false, fp16=true'
2025-08-27 18:26:23,366 - INFO - Processing run
2025-08-27 18:26:23,862 - INFO - Processing bam
2025-08-27 18:26:23,949 - INFO - Processing bbj
2025-08-27 18:26:24,021 - INFO - Processing ewe
2025-08-27 18:26:24,098 - INFO - Processing fon
2025-08-27 18:26:24,195 - INFO - Processing hau
2025-08-27 18:26:24,310 - INFO - Processing ibo
2025-08-27 18:26:24,424 - INFO - Processing kin
2025-08-27 18:26:24,520 - INFO - Processing lug
2025-08-27 18:26:24,604 - INFO - Processing luo
2025-08-27 18:26:24,694 - INFO - Processing mos
2025-08-27 18:26:24,807 - INFO - Processing nya
2025-08-27 18:26:24,905 - INFO - Processing pcm
2025-08-27 18:26:24,990 - INFO - Processing sna
2025-08-27 18:26:25,090 - INFO - Processing swa
2025-08-27 18:26:25,201 - INFO - Processing tsn
2025-08-27 18:26:25,283 - INFO - Processing twi
2025-08-27 18:26:25,375 - INFO - Processing wol
2025-08-27 18:26:25,468 - INFO - Processing xho
2025-08-27 18:26:25,565 - INFO - Processing yor
2025-08-27 18:26:25,695 - INFO - Processing zul
2025-08-27 18:26:26,145 - INFO - === Layer 1 (mbert) — Top 5 (cosine) ===
2025-08-27 18:26:26,145 - INFO - 1. kin: cos=0.8101
2025-08-27 18:26:26,145 - INFO - 2. luo: cos=0.8098
2025-08-27 18:26:26,145 - INFO - 3. lug: cos=0.8011
2025-08-27 18:26:26,145 - INFO - 4. zul: cos=0.7860
2025-08-27 18:26:26,145 - INFO - 5. twi: cos=0.7854
2025-08-27 18:26:26,145 - INFO - === Layer 1 (mbert) — Worst 5 (cosine) ===
2025-08-27 18:26:26,145 - INFO - 1. bbj: cos=0.5797
2025-08-27 18:26:26,145 - INFO - 2. yor: cos=0.6119
2025-08-27 18:26:26,145 - INFO - 3. pcm: cos=0.6361
2025-08-27 18:26:26,145 - INFO - 4. mos: cos=0.6703
2025-08-27 18:26:26,145 - INFO - 5. ewe: cos=0.6710
2025-08-27 18:26:26,271 - INFO - === Layer 2 (mbert) — Top 5 (cosine) ===
2025-08-27 18:26:26,271 - INFO - 1. lug: cos=0.8758
2025-08-27 18:26:26,271 - INFO - 2. kin: cos=0.8348
2025-08-27 18:26:26,271 - INFO - 3. luo: cos=0.8297
2025-08-27 18:26:26,271 - INFO - 4. zul: cos=0.8144
2025-08-27 18:26:26,271 - INFO - 5. twi: cos=0.8135
2025-08-27 18:26:26,271 - INFO - === Layer 2 (mbert) — Worst 5 (cosine) ===
2025-08-27 18:26:26,271 - INFO - 1. bbj: cos=0.6324
2025-08-27 18:26:26,271 - INFO - 2. pcm: cos=0.6493
2025-08-27 18:26:26,271 - INFO - 3. yor: cos=0.6495
2025-08-27 18:26:26,271 - INFO - 4. ewe: cos=0.6943
2025-08-27 18:26:26,271 - INFO - 5. mos: cos=0.6948
2025-08-27 18:26:26,398 - INFO - === Layer 3 (mbert) — Top 5 (cosine) ===
2025-08-27 18:26:26,398 - INFO - 1. lug: cos=0.9066
2025-08-27 18:26:26,398 - INFO - 2. kin: cos=0.9040
2025-08-27 18:26:26,398 - INFO - 3. luo: cos=0.8993
2025-08-27 18:26:26,398 - INFO - 4. twi: cos=0.8897
2025-08-27 18:26:26,398 - INFO - 5. zul: cos=0.8896
2025-08-27 18:26:26,398 - INFO - === Layer 3 (mbert) — Worst 5 (cosine) ===
2025-08-27 18:26:26,398 - INFO - 1. pcm: cos=0.7652
2025-08-27 18:26:26,398 - INFO - 2. bbj: cos=0.7721
2025-08-27 18:26:26,398 - INFO - 3. yor: cos=0.7722
2025-08-27 18:26:26,398 - INFO - 4. ewe: cos=0.8035
2025-08-27 18:26:26,398 - INFO - 5. mos: cos=0.8224
2025-08-27 18:26:26,524 - INFO - === Layer 4 (mbert) — Top 5 (cosine) ===
2025-08-27 18:26:26,524 - INFO - 1. ibo: cos=0.9210
2025-08-27 18:26:26,524 - INFO - 2. sna: cos=0.9199
2025-08-27 18:26:26,524 - INFO - 3. zul: cos=0.9190
2025-08-27 18:26:26,524 - INFO - 4. nya: cos=0.9095
2025-08-27 18:26:26,524 - INFO - 5. twi: cos=0.9053
2025-08-27 18:26:26,524 - INFO - === Layer 4 (mbert) — Worst 5 (cosine) ===
2025-08-27 18:26:26,524 - INFO - 1. pcm: cos=0.8036
2025-08-27 18:26:26,524 - INFO - 2. ewe: cos=0.8210
2025-08-27 18:26:26,524 - INFO - 3. yor: cos=0.8314
2025-08-27 18:26:26,524 - INFO - 4. bbj: cos=0.8327
2025-08-27 18:26:26,524 - INFO - 5. swa: cos=0.8537
2025-08-27 18:26:26,649 - INFO - === Layer 5 (mbert) — Top 5 (cosine) ===
2025-08-27 18:26:26,649 - INFO - 1. zul: cos=0.9346
2025-08-27 18:26:26,649 - INFO - 2. ibo: cos=0.9339
2025-08-27 18:26:26,649 - INFO - 3. twi: cos=0.9284
2025-08-27 18:26:26,649 - INFO - 4. nya: cos=0.9269
2025-08-27 18:26:26,649 - INFO - 5. hau: cos=0.9266
2025-08-27 18:26:26,649 - INFO - === Layer 5 (mbert) — Worst 5 (cosine) ===
2025-08-27 18:26:26,649 - INFO - 1. yor: cos=0.8640
2025-08-27 18:26:26,649 - INFO - 2. bbj: cos=0.8799
2025-08-27 18:26:26,649 - INFO - 3. swa: cos=0.8839
2025-08-27 18:26:26,649 - INFO - 4. pcm: cos=0.8845
2025-08-27 18:26:26,649 - INFO - 5. kin: cos=0.9044
2025-08-27 18:26:26,838 - INFO - === Layer 6 (mbert) — Top 5 (cosine) ===
2025-08-27 18:26:26,838 - INFO - 1. ibo: cos=0.9496
2025-08-27 18:26:26,838 - INFO - 2. twi: cos=0.9479
2025-08-27 18:26:26,838 - INFO - 3. hau: cos=0.9453
2025-08-27 18:26:26,838 - INFO - 4. zul: cos=0.9443
2025-08-27 18:26:26,838 - INFO - 5. sna: cos=0.9420
2025-08-27 18:26:26,838 - INFO - === Layer 6 (mbert) — Worst 5 (cosine) ===
2025-08-27 18:26:26,838 - INFO - 1. yor: cos=0.8932
2025-08-27 18:26:26,838 - INFO - 2. swa: cos=0.9070
2025-08-27 18:26:26,838 - INFO - 3. bbj: cos=0.9071
2025-08-27 18:26:26,838 - INFO - 4. pcm: cos=0.9149
2025-08-27 18:26:26,838 - INFO - 5. ewe: cos=0.9285
2025-08-27 18:26:26,964 - INFO - === Layer 7 (mbert) — Top 5 (cosine) ===
2025-08-27 18:26:26,964 - INFO - 1. ibo: cos=0.9296
2025-08-27 18:26:26,964 - INFO - 2. lug: cos=0.9252
2025-08-27 18:26:26,964 - INFO - 3. twi: cos=0.9247
2025-08-27 18:26:26,964 - INFO - 4. hau: cos=0.9191
2025-08-27 18:26:26,964 - INFO - 5. tsn: cos=0.9188
2025-08-27 18:26:26,964 - INFO - === Layer 7 (mbert) — Worst 5 (cosine) ===
2025-08-27 18:26:26,964 - INFO - 1. yor: cos=0.8603
2025-08-27 18:26:26,964 - INFO - 2. swa: cos=0.8642
2025-08-27 18:26:26,964 - INFO - 3. luo: cos=0.8668
2025-08-27 18:26:26,964 - INFO - 4. bbj: cos=0.8690
2025-08-27 18:26:26,964 - INFO - 5. pcm: cos=0.8840
2025-08-27 18:26:27,090 - INFO - === Layer 8 (mbert) — Top 5 (cosine) ===
2025-08-27 18:26:27,090 - INFO - 1. twi: cos=0.9146
2025-08-27 18:26:27,090 - INFO - 2. ibo: cos=0.9137
2025-08-27 18:26:27,090 - INFO - 3. lug: cos=0.9085
2025-08-27 18:26:27,090 - INFO - 4. tsn: cos=0.9054
2025-08-27 18:26:27,090 - INFO - 5. hau: cos=0.9054
2025-08-27 18:26:27,090 - INFO - === Layer 8 (mbert) — Worst 5 (cosine) ===
2025-08-27 18:26:27,090 - INFO - 1. yor: cos=0.8341
2025-08-27 18:26:27,090 - INFO - 2. xho: cos=0.8352
2025-08-27 18:26:27,090 - INFO - 3. pcm: cos=0.8380
2025-08-27 18:26:27,090 - INFO - 4. swa: cos=0.8388
2025-08-27 18:26:27,090 - INFO - 5. luo: cos=0.8474
2025-08-27 18:26:27,215 - INFO - === Layer 9 (mbert) — Top 5 (cosine) ===
2025-08-27 18:26:27,215 - INFO - 1. twi: cos=0.9381
2025-08-27 18:26:27,215 - INFO - 2. ibo: cos=0.9372
2025-08-27 18:26:27,215 - INFO - 3. lug: cos=0.9371
2025-08-27 18:26:27,215 - INFO - 4. nya: cos=0.9334
2025-08-27 18:26:27,215 - INFO - 5. tsn: cos=0.9332
2025-08-27 18:26:27,215 - INFO - === Layer 9 (mbert) — Worst 5 (cosine) ===
2025-08-27 18:26:27,215 - INFO - 1. swa: cos=0.8725
2025-08-27 18:26:27,215 - INFO - 2. yor: cos=0.8822
2025-08-27 18:26:27,215 - INFO - 3. xho: cos=0.8854
2025-08-27 18:26:27,215 - INFO - 4. bbj: cos=0.8896
2025-08-27 18:26:27,215 - INFO - 5. luo: cos=0.9003
2025-08-27 18:26:27,340 - INFO - === Layer 10 (mbert) — Top 5 (cosine) ===
2025-08-27 18:26:27,340 - INFO - 1. ibo: cos=0.9509
2025-08-27 18:26:27,340 - INFO - 2. nya: cos=0.9496
2025-08-27 18:26:27,340 - INFO - 3. hau: cos=0.9490
2025-08-27 18:26:27,340 - INFO - 4. lug: cos=0.9485
2025-08-27 18:26:27,340 - INFO - 5. tsn: cos=0.9462
2025-08-27 18:26:27,340 - INFO - === Layer 10 (mbert) — Worst 5 (cosine) ===
2025-08-27 18:26:27,340 - INFO - 1. kin: cos=0.8783
2025-08-27 18:26:27,340 - INFO - 2. yor: cos=0.9084
2025-08-27 18:26:27,340 - INFO - 3. xho: cos=0.9104
2025-08-27 18:26:27,340 - INFO - 4. bbj: cos=0.9109
2025-08-27 18:26:27,340 - INFO - 5. swa: cos=0.9148
2025-08-27 18:26:27,467 - INFO - === Layer 11 (mbert) — Top 5 (cosine) ===
2025-08-27 18:26:27,467 - INFO - 1. lug: cos=0.9552
2025-08-27 18:26:27,467 - INFO - 2. hau: cos=0.9550
2025-08-27 18:26:27,467 - INFO - 3. nya: cos=0.9541
2025-08-27 18:26:27,467 - INFO - 4. ibo: cos=0.9532
2025-08-27 18:26:27,467 - INFO - 5. wol: cos=0.9471
2025-08-27 18:26:27,467 - INFO - === Layer 11 (mbert) — Worst 5 (cosine) ===
2025-08-27 18:26:27,467 - INFO - 1. fon: cos=0.8605
2025-08-27 18:26:27,467 - INFO - 2. twi: cos=0.8821
2025-08-27 18:26:27,467 - INFO - 3. swa: cos=0.8882
2025-08-27 18:26:27,467 - INFO - 4. bbj: cos=0.9032
2025-08-27 18:26:27,467 - INFO - 5. yor: cos=0.9099
2025-08-27 18:26:27,602 - INFO - === Layer 12 (mbert) — Top 5 (cosine) ===
2025-08-27 18:26:27,602 - INFO - 1. lug: cos=0.8246
2025-08-27 18:26:27,602 - INFO - 2. nya: cos=0.7977
2025-08-27 18:26:27,602 - INFO - 3. kin: cos=0.7929
2025-08-27 18:26:27,602 - INFO - 4. tsn: cos=0.7880
2025-08-27 18:26:27,602 - INFO - 5. wol: cos=0.7815
2025-08-27 18:26:27,602 - INFO - === Layer 12 (mbert) — Worst 5 (cosine) ===
2025-08-27 18:26:27,602 - INFO - 1. fon: cos=0.5157
2025-08-27 18:26:27,602 - INFO - 2. swa: cos=0.6147
2025-08-27 18:26:27,602 - INFO - 3. twi: cos=0.6159
2025-08-27 18:26:27,602 - INFO - 4. yor: cos=0.6437
2025-08-27 18:26:27,602 - INFO - 5. hau: cos=0.6752
2025-08-27 18:26:27,603 - INFO - Experiment finished successfully.
