2025-08-27 07:52:43,386 - INFO - Start: model_type=mbert, use_cls=True, use_context=False, context_window=2, max_tokens_per_type=200, batch_size=64, output_dir=rq2_train_scripts/Embeddings/CLEAN/outputs/mptc/mbert/config_1_clstrue_ctxfalse/tokens_200_ctx2, save_prototypes=False, seed=42, fp16=True, max_length=96, langs=all, layers=all, span_mode=bio, pool=mean, entity_tags={'DATE', 'PER', 'LOC', 'ORG'}, title_suffix='L=all, tokens=200, ctx=2, cls=true, fp16=true'
2025-08-27 07:52:44,945 - INFO - Processing run
2025-08-27 07:52:45,419 - INFO - Processing bam
2025-08-27 07:52:45,462 - INFO - Processing bbj
2025-08-27 07:52:45,491 - INFO - Processing ewe
2025-08-27 07:52:45,524 - INFO - Processing fon
2025-08-27 07:52:45,569 - INFO - Processing hau
2025-08-27 07:52:45,622 - INFO - Processing ibo
2025-08-27 07:52:45,696 - INFO - Processing kin
2025-08-27 07:52:45,751 - INFO - Processing lug
2025-08-27 07:52:45,794 - INFO - Processing luo
2025-08-27 07:52:45,845 - INFO - Processing mos
2025-08-27 07:52:45,893 - INFO - Processing nya
2025-08-27 07:52:45,948 - INFO - Processing pcm
2025-08-27 07:52:46,003 - INFO - Processing sna
2025-08-27 07:52:46,059 - INFO - Processing swa
2025-08-27 07:52:46,113 - INFO - Processing tsn
2025-08-27 07:52:46,152 - INFO - Processing twi
2025-08-27 07:52:46,200 - INFO - Processing wol
2025-08-27 07:52:46,254 - INFO - Processing xho
2025-08-27 07:52:46,301 - INFO - Processing yor
2025-08-27 07:52:46,374 - INFO - Processing zul
2025-08-27 07:52:46,777 - INFO - === Layer 1 (mbert) — Top 5 (cosine) ===
2025-08-27 07:52:46,778 - INFO - 1. bam: cos=0.9994
2025-08-27 07:52:46,778 - INFO - 2. luo: cos=0.9992
2025-08-27 07:52:46,778 - INFO - 3. tsn: cos=0.9991
2025-08-27 07:52:46,778 - INFO - 4. fon: cos=0.9991
2025-08-27 07:52:46,778 - INFO - 5. swa: cos=0.9990
2025-08-27 07:52:46,778 - INFO - === Layer 1 (mbert) — Worst 5 (cosine) ===
2025-08-27 07:52:46,778 - INFO - 1. ewe: cos=0.9917
2025-08-27 07:52:46,778 - INFO - 2. bbj: cos=0.9964
2025-08-27 07:52:46,778 - INFO - 3. pcm: cos=0.9974
2025-08-27 07:52:46,778 - INFO - 4. xho: cos=0.9975
2025-08-27 07:52:46,778 - INFO - 5. sna: cos=0.9977
2025-08-27 07:52:46,916 - INFO - === Layer 2 (mbert) — Top 5 (cosine) ===
2025-08-27 07:52:46,916 - INFO - 1. bam: cos=0.9999
2025-08-27 07:52:46,916 - INFO - 2. luo: cos=0.9999
2025-08-27 07:52:46,916 - INFO - 3. fon: cos=0.9999
2025-08-27 07:52:46,916 - INFO - 4. tsn: cos=0.9999
2025-08-27 07:52:46,916 - INFO - 5. swa: cos=0.9998
2025-08-27 07:52:46,916 - INFO - === Layer 2 (mbert) — Worst 5 (cosine) ===
2025-08-27 07:52:46,916 - INFO - 1. ewe: cos=0.9986
2025-08-27 07:52:46,916 - INFO - 2. bbj: cos=0.9995
2025-08-27 07:52:46,916 - INFO - 3. xho: cos=0.9996
2025-08-27 07:52:46,916 - INFO - 4. pcm: cos=0.9996
2025-08-27 07:52:46,916 - INFO - 5. sna: cos=0.9996
2025-08-27 07:52:47,040 - INFO - === Layer 3 (mbert) — Top 5 (cosine) ===
2025-08-27 07:52:47,040 - INFO - 1. bam: cos=1.0000
2025-08-27 07:52:47,040 - INFO - 2. luo: cos=1.0000
2025-08-27 07:52:47,040 - INFO - 3. zul: cos=1.0000
2025-08-27 07:52:47,040 - INFO - 4. kin: cos=1.0000
2025-08-27 07:52:47,040 - INFO - 5. fon: cos=1.0000
2025-08-27 07:52:47,040 - INFO - === Layer 3 (mbert) — Worst 5 (cosine) ===
2025-08-27 07:52:47,040 - INFO - 1. ewe: cos=0.9997
2025-08-27 07:52:47,040 - INFO - 2. bbj: cos=0.9999
2025-08-27 07:52:47,040 - INFO - 3. yor: cos=0.9999
2025-08-27 07:52:47,040 - INFO - 4. pcm: cos=0.9999
2025-08-27 07:52:47,040 - INFO - 5. wol: cos=0.9999
2025-08-27 07:52:47,169 - INFO - === Layer 4 (mbert) — Top 5 (cosine) ===
2025-08-27 07:52:47,169 - INFO - 1. zul: cos=0.9999
2025-08-27 07:52:47,169 - INFO - 2. hau: cos=0.9999
2025-08-27 07:52:47,169 - INFO - 3. ibo: cos=0.9999
2025-08-27 07:52:47,169 - INFO - 4. sna: cos=0.9998
2025-08-27 07:52:47,169 - INFO - 5. bam: cos=0.9998
2025-08-27 07:52:47,170 - INFO - === Layer 4 (mbert) — Worst 5 (cosine) ===
2025-08-27 07:52:47,170 - INFO - 1. ewe: cos=0.9994
2025-08-27 07:52:47,170 - INFO - 2. swa: cos=0.9995
2025-08-27 07:52:47,170 - INFO - 3. pcm: cos=0.9995
2025-08-27 07:52:47,170 - INFO - 4. wol: cos=0.9997
2025-08-27 07:52:47,170 - INFO - 5. lug: cos=0.9997
2025-08-27 07:52:47,292 - INFO - === Layer 5 (mbert) — Top 5 (cosine) ===
2025-08-27 07:52:47,292 - INFO - 1. hau: cos=0.9934
2025-08-27 07:52:47,292 - INFO - 2. ibo: cos=0.9932
2025-08-27 07:52:47,292 - INFO - 3. zul: cos=0.9927
2025-08-27 07:52:47,292 - INFO - 4. fon: cos=0.9925
2025-08-27 07:52:47,292 - INFO - 5. ewe: cos=0.9918
2025-08-27 07:52:47,292 - INFO - === Layer 5 (mbert) — Worst 5 (cosine) ===
2025-08-27 07:52:47,292 - INFO - 1. yor: cos=0.9808
2025-08-27 07:52:47,292 - INFO - 2. bbj: cos=0.9855
2025-08-27 07:52:47,292 - INFO - 3. swa: cos=0.9860
2025-08-27 07:52:47,292 - INFO - 4. lug: cos=0.9897
2025-08-27 07:52:47,292 - INFO - 5. xho: cos=0.9897
2025-08-27 07:52:47,502 - INFO - === Layer 6 (mbert) — Top 5 (cosine) ===
2025-08-27 07:52:47,502 - INFO - 1. ibo: cos=0.9859
2025-08-27 07:52:47,502 - INFO - 2. twi: cos=0.9836
2025-08-27 07:52:47,502 - INFO - 3. bam: cos=0.9831
2025-08-27 07:52:47,502 - INFO - 4. zul: cos=0.9830
2025-08-27 07:52:47,502 - INFO - 5. sna: cos=0.9830
2025-08-27 07:52:47,502 - INFO - === Layer 6 (mbert) — Worst 5 (cosine) ===
2025-08-27 07:52:47,502 - INFO - 1. yor: cos=0.9585
2025-08-27 07:52:47,502 - INFO - 2. bbj: cos=0.9678
2025-08-27 07:52:47,502 - INFO - 3. swa: cos=0.9772
2025-08-27 07:52:47,502 - INFO - 4. nya: cos=0.9792
2025-08-27 07:52:47,502 - INFO - 5. luo: cos=0.9793
2025-08-27 07:52:47,631 - INFO - === Layer 7 (mbert) — Top 5 (cosine) ===
2025-08-27 07:52:47,631 - INFO - 1. twi: cos=0.9792
2025-08-27 07:52:47,631 - INFO - 2. lug: cos=0.9792
2025-08-27 07:52:47,631 - INFO - 3. ibo: cos=0.9772
2025-08-27 07:52:47,631 - INFO - 4. pcm: cos=0.9768
2025-08-27 07:52:47,631 - INFO - 5. zul: cos=0.9756
2025-08-27 07:52:47,631 - INFO - === Layer 7 (mbert) — Worst 5 (cosine) ===
2025-08-27 07:52:47,631 - INFO - 1. yor: cos=0.9484
2025-08-27 07:52:47,631 - INFO - 2. bbj: cos=0.9592
2025-08-27 07:52:47,631 - INFO - 3. luo: cos=0.9697
2025-08-27 07:52:47,631 - INFO - 4. bam: cos=0.9699
2025-08-27 07:52:47,631 - INFO - 5. swa: cos=0.9700
2025-08-27 07:52:47,762 - INFO - === Layer 8 (mbert) — Top 5 (cosine) ===
2025-08-27 07:52:47,762 - INFO - 1. twi: cos=0.9691
2025-08-27 07:52:47,762 - INFO - 2. lug: cos=0.9678
2025-08-27 07:52:47,762 - INFO - 3. mos: cos=0.9653
2025-08-27 07:52:47,762 - INFO - 4. ibo: cos=0.9624
2025-08-27 07:52:47,762 - INFO - 5. bam: cos=0.9615
2025-08-27 07:52:47,762 - INFO - === Layer 8 (mbert) — Worst 5 (cosine) ===
2025-08-27 07:52:47,762 - INFO - 1. yor: cos=0.9336
2025-08-27 07:52:47,762 - INFO - 2. pcm: cos=0.9453
2025-08-27 07:52:47,762 - INFO - 3. bbj: cos=0.9469
2025-08-27 07:52:47,762 - INFO - 4. xho: cos=0.9501
2025-08-27 07:52:47,762 - INFO - 5. zul: cos=0.9503
2025-08-27 07:52:47,893 - INFO - === Layer 9 (mbert) — Top 5 (cosine) ===
2025-08-27 07:52:47,893 - INFO - 1. pcm: cos=0.9742
2025-08-27 07:52:47,893 - INFO - 2. twi: cos=0.9737
2025-08-27 07:52:47,893 - INFO - 3. sna: cos=0.9724
2025-08-27 07:52:47,893 - INFO - 4. lug: cos=0.9710
2025-08-27 07:52:47,893 - INFO - 5. ibo: cos=0.9688
2025-08-27 07:52:47,893 - INFO - === Layer 9 (mbert) — Worst 5 (cosine) ===
2025-08-27 07:52:47,893 - INFO - 1. yor: cos=0.9414
2025-08-27 07:52:47,893 - INFO - 2. bbj: cos=0.9543
2025-08-27 07:52:47,893 - INFO - 3. swa: cos=0.9550
2025-08-27 07:52:47,893 - INFO - 4. wol: cos=0.9563
2025-08-27 07:52:47,893 - INFO - 5. xho: cos=0.9568
2025-08-27 07:52:48,023 - INFO - === Layer 10 (mbert) — Top 5 (cosine) ===
2025-08-27 07:52:48,023 - INFO - 1. lug: cos=0.9737
2025-08-27 07:52:48,023 - INFO - 2. pcm: cos=0.9737
2025-08-27 07:52:48,023 - INFO - 3. swa: cos=0.9715
2025-08-27 07:52:48,023 - INFO - 4. ibo: cos=0.9701
2025-08-27 07:52:48,023 - INFO - 5. mos: cos=0.9686
2025-08-27 07:52:48,023 - INFO - === Layer 10 (mbert) — Worst 5 (cosine) ===
2025-08-27 07:52:48,023 - INFO - 1. yor: cos=0.9388
2025-08-27 07:52:48,023 - INFO - 2. kin: cos=0.9441
2025-08-27 07:52:48,023 - INFO - 3. zul: cos=0.9499
2025-08-27 07:52:48,023 - INFO - 4. xho: cos=0.9513
2025-08-27 07:52:48,023 - INFO - 5. bbj: cos=0.9555
2025-08-27 07:52:48,154 - INFO - === Layer 11 (mbert) — Top 5 (cosine) ===
2025-08-27 07:52:48,154 - INFO - 1. pcm: cos=0.9764
2025-08-27 07:52:48,154 - INFO - 2. hau: cos=0.9744
2025-08-27 07:52:48,154 - INFO - 3. lug: cos=0.9725
2025-08-27 07:52:48,154 - INFO - 4. mos: cos=0.9713
2025-08-27 07:52:48,154 - INFO - 5. ibo: cos=0.9709
2025-08-27 07:52:48,154 - INFO - === Layer 11 (mbert) — Worst 5 (cosine) ===
2025-08-27 07:52:48,154 - INFO - 1. fon: cos=0.9377
2025-08-27 07:52:48,154 - INFO - 2. yor: cos=0.9444
2025-08-27 07:52:48,154 - INFO - 3. bbj: cos=0.9471
2025-08-27 07:52:48,154 - INFO - 4. zul: cos=0.9498
2025-08-27 07:52:48,154 - INFO - 5. swa: cos=0.9512
2025-08-27 07:52:48,282 - INFO - === Layer 12 (mbert) — Top 5 (cosine) ===
2025-08-27 07:52:48,282 - INFO - 1. pcm: cos=0.9492
2025-08-27 07:52:48,282 - INFO - 2. mos: cos=0.9455
2025-08-27 07:52:48,282 - INFO - 3. nya: cos=0.9433
2025-08-27 07:52:48,282 - INFO - 4. bam: cos=0.9408
2025-08-27 07:52:48,282 - INFO - 5. lug: cos=0.9398
2025-08-27 07:52:48,282 - INFO - === Layer 12 (mbert) — Worst 5 (cosine) ===
2025-08-27 07:52:48,282 - INFO - 1. yor: cos=0.8462
2025-08-27 07:52:48,282 - INFO - 2. xho: cos=0.8602
2025-08-27 07:52:48,282 - INFO - 3. zul: cos=0.8609
2025-08-27 07:52:48,282 - INFO - 4. hau: cos=0.8661
2025-08-27 07:52:48,282 - INFO - 5. fon: cos=0.8832
2025-08-27 07:52:48,283 - INFO - Experiment finished successfully.
