2025-08-03 07:27:47,850 - INFO - Experiment started with model_type=mbert, use_cls=True, use_context=False, context_window=1, use_hybrid=False, max_tokens_per_type=200, output_dir=rq2_train_scripts/Embeddings/MEXA_inspired_strategy/outputs/mptc/mbert/config_1_clstrue_ctxfalse_hybfalse/tokens_200_ctx1
2025-08-03 07:27:48,882 - INFO - Processing run
2025-08-03 07:27:50,133 - INFO - Processing bam
2025-08-03 07:27:51,538 - INFO - Processing bbj
2025-08-03 07:27:52,918 - INFO - Processing ewe
2025-08-03 07:27:54,303 - INFO - Processing fon
2025-08-03 07:27:55,717 - INFO - Processing hau
2025-08-03 07:27:57,133 - INFO - Processing ibo
2025-08-03 07:27:58,576 - INFO - Processing kin
2025-08-03 07:27:59,973 - INFO - Processing lug
2025-08-03 07:28:01,349 - INFO - Processing luo
2025-08-03 07:28:02,739 - INFO - Processing mos
2025-08-03 07:28:04,125 - INFO - Processing nya
2025-08-03 07:28:05,537 - INFO - Processing pcm
2025-08-03 07:28:06,931 - INFO - Processing sna
2025-08-03 07:28:08,342 - INFO - Processing swa
2025-08-03 07:28:09,738 - INFO - Processing tsn
2025-08-03 07:28:11,116 - INFO - Processing twi
2025-08-03 07:28:12,496 - INFO - Processing wol
2025-08-03 07:28:13,888 - INFO - Processing xho
2025-08-03 07:28:15,274 - INFO - Processing yor
2025-08-03 07:28:16,731 - INFO - Processing zul
2025-08-03 07:28:18,557 - INFO - Top 5 languages most similar to Runyankore:
2025-08-03 07:28:18,558 - INFO - 1. lug - Mean Similarity: 0.9632
2025-08-03 07:28:18,558 - INFO - 2. kin - Mean Similarity: 0.9615
2025-08-03 07:28:18,558 - INFO - 3. twi - Mean Similarity: 0.9582
2025-08-03 07:28:18,558 - INFO - 4. swa - Mean Similarity: 0.9569
2025-08-03 07:28:18,558 - INFO - 5. luo - Mean Similarity: 0.9566
2025-08-03 07:28:18,558 - INFO - Experiment finished successfully.
