2025-08-27 07:52:36,578 - INFO - Start: model_type=mbert, use_cls=True, use_context=False, context_window=1, max_tokens_per_type=500, batch_size=64, output_dir=rq2_train_scripts/Embeddings/CLEAN/outputs/mptc/mbert/config_1_clstrue_ctxfalse/tokens_500_ctx1, save_prototypes=False, seed=42, fp16=True, max_length=96, langs=all, layers=all, span_mode=bio, pool=mean, entity_tags={'DATE', 'LOC', 'PER', 'ORG'}, title_suffix='L=all, tokens=500, ctx=1, cls=true, fp16=true'
2025-08-27 07:52:38,080 - INFO - Processing run
2025-08-27 07:52:38,524 - INFO - Processing bam
2025-08-27 07:52:38,586 - INFO - Processing bbj
2025-08-27 07:52:38,630 - INFO - Processing ewe
2025-08-27 07:52:38,679 - INFO - Processing fon
2025-08-27 07:52:38,803 - INFO - Processing hau
2025-08-27 07:52:38,911 - INFO - Processing ibo
2025-08-27 07:52:39,003 - INFO - Processing kin
2025-08-27 07:52:39,072 - INFO - Processing lug
2025-08-27 07:52:39,130 - INFO - Processing luo
2025-08-27 07:52:39,196 - INFO - Processing mos
2025-08-27 07:52:39,263 - INFO - Processing nya
2025-08-27 07:52:39,332 - INFO - Processing pcm
2025-08-27 07:52:39,385 - INFO - Processing sna
2025-08-27 07:52:39,441 - INFO - Processing swa
2025-08-27 07:52:39,548 - INFO - Processing tsn
2025-08-27 07:52:39,602 - INFO - Processing twi
2025-08-27 07:52:39,666 - INFO - Processing wol
2025-08-27 07:52:39,733 - INFO - Processing xho
2025-08-27 07:52:39,786 - INFO - Processing yor
2025-08-27 07:52:39,874 - INFO - Processing zul
2025-08-27 07:52:40,319 - INFO - === Layer 1 (mbert) — Top 5 (cosine) ===
2025-08-27 07:52:40,319 - INFO - 1. ibo: cos=0.9995
2025-08-27 07:52:40,319 - INFO - 2. kin: cos=0.9995
2025-08-27 07:52:40,319 - INFO - 3. luo: cos=0.9995
2025-08-27 07:52:40,319 - INFO - 4. swa: cos=0.9992
2025-08-27 07:52:40,319 - INFO - 5. lug: cos=0.9991
2025-08-27 07:52:40,319 - INFO - === Layer 1 (mbert) — Worst 5 (cosine) ===
2025-08-27 07:52:40,319 - INFO - 1. ewe: cos=0.9927
2025-08-27 07:52:40,319 - INFO - 2. bbj: cos=0.9961
2025-08-27 07:52:40,319 - INFO - 3. xho: cos=0.9975
2025-08-27 07:52:40,319 - INFO - 4. pcm: cos=0.9976
2025-08-27 07:52:40,319 - INFO - 5. mos: cos=0.9981
2025-08-27 07:52:40,445 - INFO - === Layer 2 (mbert) — Top 5 (cosine) ===
2025-08-27 07:52:40,445 - INFO - 1. ibo: cos=0.9999
2025-08-27 07:52:40,445 - INFO - 2. luo: cos=0.9999
2025-08-27 07:52:40,445 - INFO - 3. kin: cos=0.9999
2025-08-27 07:52:40,445 - INFO - 4. swa: cos=0.9999
2025-08-27 07:52:40,445 - INFO - 5. nya: cos=0.9999
2025-08-27 07:52:40,445 - INFO - === Layer 2 (mbert) — Worst 5 (cosine) ===
2025-08-27 07:52:40,445 - INFO - 1. ewe: cos=0.9986
2025-08-27 07:52:40,445 - INFO - 2. bbj: cos=0.9994
2025-08-27 07:52:40,445 - INFO - 3. pcm: cos=0.9996
2025-08-27 07:52:40,445 - INFO - 4. xho: cos=0.9996
2025-08-27 07:52:40,445 - INFO - 5. yor: cos=0.9997
2025-08-27 07:52:40,573 - INFO - === Layer 3 (mbert) — Top 5 (cosine) ===
2025-08-27 07:52:40,573 - INFO - 1. kin: cos=1.0000
2025-08-27 07:52:40,573 - INFO - 2. luo: cos=1.0000
2025-08-27 07:52:40,573 - INFO - 3. swa: cos=1.0000
2025-08-27 07:52:40,573 - INFO - 4. ibo: cos=1.0000
2025-08-27 07:52:40,574 - INFO - 5. nya: cos=1.0000
2025-08-27 07:52:40,574 - INFO - === Layer 3 (mbert) — Worst 5 (cosine) ===
2025-08-27 07:52:40,574 - INFO - 1. ewe: cos=0.9997
2025-08-27 07:52:40,574 - INFO - 2. bbj: cos=0.9998
2025-08-27 07:52:40,574 - INFO - 3. pcm: cos=0.9999
2025-08-27 07:52:40,574 - INFO - 4. xho: cos=0.9999
2025-08-27 07:52:40,574 - INFO - 5. yor: cos=0.9999
2025-08-27 07:52:40,699 - INFO - === Layer 4 (mbert) — Top 5 (cosine) ===
2025-08-27 07:52:40,700 - INFO - 1. kin: cos=0.9999
2025-08-27 07:52:40,700 - INFO - 2. hau: cos=0.9999
2025-08-27 07:52:40,700 - INFO - 3. twi: cos=0.9999
2025-08-27 07:52:40,700 - INFO - 4. zul: cos=0.9999
2025-08-27 07:52:40,700 - INFO - 5. luo: cos=0.9999
2025-08-27 07:52:40,700 - INFO - === Layer 4 (mbert) — Worst 5 (cosine) ===
2025-08-27 07:52:40,700 - INFO - 1. ewe: cos=0.9996
2025-08-27 07:52:40,700 - INFO - 2. pcm: cos=0.9996
2025-08-27 07:52:40,700 - INFO - 3. bbj: cos=0.9997
2025-08-27 07:52:40,700 - INFO - 4. swa: cos=0.9997
2025-08-27 07:52:40,700 - INFO - 5. yor: cos=0.9997
2025-08-27 07:52:40,826 - INFO - === Layer 5 (mbert) — Top 5 (cosine) ===
2025-08-27 07:52:40,826 - INFO - 1. luo: cos=0.9951
2025-08-27 07:52:40,826 - INFO - 2. twi: cos=0.9937
2025-08-27 07:52:40,826 - INFO - 3. hau: cos=0.9934
2025-08-27 07:52:40,826 - INFO - 4. sna: cos=0.9933
2025-08-27 07:52:40,826 - INFO - 5. tsn: cos=0.9931
2025-08-27 07:52:40,826 - INFO - === Layer 5 (mbert) — Worst 5 (cosine) ===
2025-08-27 07:52:40,826 - INFO - 1. yor: cos=0.9806
2025-08-27 07:52:40,826 - INFO - 2. bbj: cos=0.9808
2025-08-27 07:52:40,826 - INFO - 3. mos: cos=0.9817
2025-08-27 07:52:40,826 - INFO - 4. pcm: cos=0.9850
2025-08-27 07:52:40,826 - INFO - 5. ewe: cos=0.9859
2025-08-27 07:52:41,052 - INFO - === Layer 6 (mbert) — Top 5 (cosine) ===
2025-08-27 07:52:41,053 - INFO - 1. luo: cos=0.9904
2025-08-27 07:52:41,053 - INFO - 2. twi: cos=0.9885
2025-08-27 07:52:41,053 - INFO - 3. kin: cos=0.9881
2025-08-27 07:52:41,053 - INFO - 4. tsn: cos=0.9880
2025-08-27 07:52:41,053 - INFO - 5. zul: cos=0.9873
2025-08-27 07:52:41,053 - INFO - === Layer 6 (mbert) — Worst 5 (cosine) ===
2025-08-27 07:52:41,053 - INFO - 1. bbj: cos=0.9596
2025-08-27 07:52:41,053 - INFO - 2. yor: cos=0.9659
2025-08-27 07:52:41,053 - INFO - 3. mos: cos=0.9697
2025-08-27 07:52:41,053 - INFO - 4. fon: cos=0.9719
2025-08-27 07:52:41,053 - INFO - 5. pcm: cos=0.9720
2025-08-27 07:52:41,185 - INFO - === Layer 7 (mbert) — Top 5 (cosine) ===
2025-08-27 07:52:41,185 - INFO - 1. luo: cos=0.9863
2025-08-27 07:52:41,185 - INFO - 2. twi: cos=0.9862
2025-08-27 07:52:41,185 - INFO - 3. tsn: cos=0.9850
2025-08-27 07:52:41,185 - INFO - 4. kin: cos=0.9841
2025-08-27 07:52:41,185 - INFO - 5. zul: cos=0.9828
2025-08-27 07:52:41,185 - INFO - === Layer 7 (mbert) — Worst 5 (cosine) ===
2025-08-27 07:52:41,185 - INFO - 1. bbj: cos=0.9503
2025-08-27 07:52:41,185 - INFO - 2. yor: cos=0.9572
2025-08-27 07:52:41,185 - INFO - 3. mos: cos=0.9611
2025-08-27 07:52:41,185 - INFO - 4. pcm: cos=0.9630
2025-08-27 07:52:41,185 - INFO - 5. fon: cos=0.9639
2025-08-27 07:52:41,316 - INFO - === Layer 8 (mbert) — Top 5 (cosine) ===
2025-08-27 07:52:41,316 - INFO - 1. twi: cos=0.9804
2025-08-27 07:52:41,316 - INFO - 2. luo: cos=0.9803
2025-08-27 07:52:41,316 - INFO - 3. kin: cos=0.9765
2025-08-27 07:52:41,316 - INFO - 4. tsn: cos=0.9750
2025-08-27 07:52:41,316 - INFO - 5. zul: cos=0.9740
2025-08-27 07:52:41,316 - INFO - === Layer 8 (mbert) — Worst 5 (cosine) ===
2025-08-27 07:52:41,316 - INFO - 1. bbj: cos=0.9401
2025-08-27 07:52:41,316 - INFO - 2. yor: cos=0.9459
2025-08-27 07:52:41,316 - INFO - 3. pcm: cos=0.9470
2025-08-27 07:52:41,316 - INFO - 4. mos: cos=0.9483
2025-08-27 07:52:41,316 - INFO - 5. bam: cos=0.9497
2025-08-27 07:52:41,446 - INFO - === Layer 9 (mbert) — Top 5 (cosine) ===
2025-08-27 07:52:41,446 - INFO - 1. ibo: cos=0.9799
2025-08-27 07:52:41,446 - INFO - 2. sna: cos=0.9794
2025-08-27 07:52:41,446 - INFO - 3. luo: cos=0.9789
2025-08-27 07:52:41,446 - INFO - 4. zul: cos=0.9782
2025-08-27 07:52:41,446 - INFO - 5. twi: cos=0.9767
2025-08-27 07:52:41,446 - INFO - === Layer 9 (mbert) — Worst 5 (cosine) ===
2025-08-27 07:52:41,446 - INFO - 1. pcm: cos=0.9410
2025-08-27 07:52:41,446 - INFO - 2. bbj: cos=0.9512
2025-08-27 07:52:41,446 - INFO - 3. lug: cos=0.9548
2025-08-27 07:52:41,446 - INFO - 4. ewe: cos=0.9554
2025-08-27 07:52:41,446 - INFO - 5. mos: cos=0.9571
2025-08-27 07:52:41,579 - INFO - === Layer 10 (mbert) — Top 5 (cosine) ===
2025-08-27 07:52:41,579 - INFO - 1. luo: cos=0.9797
2025-08-27 07:52:41,579 - INFO - 2. kin: cos=0.9790
2025-08-27 07:52:41,579 - INFO - 3. twi: cos=0.9784
2025-08-27 07:52:41,579 - INFO - 4. ibo: cos=0.9761
2025-08-27 07:52:41,579 - INFO - 5. swa: cos=0.9748
2025-08-27 07:52:41,579 - INFO - === Layer 10 (mbert) — Worst 5 (cosine) ===
2025-08-27 07:52:41,579 - INFO - 1. bbj: cos=0.9573
2025-08-27 07:52:41,579 - INFO - 2. yor: cos=0.9578
2025-08-27 07:52:41,579 - INFO - 3. bam: cos=0.9586
2025-08-27 07:52:41,579 - INFO - 4. pcm: cos=0.9603
2025-08-27 07:52:41,579 - INFO - 5. xho: cos=0.9615
2025-08-27 07:52:41,712 - INFO - === Layer 11 (mbert) — Top 5 (cosine) ===
2025-08-27 07:52:41,712 - INFO - 1. luo: cos=0.9812
2025-08-27 07:52:41,712 - INFO - 2. twi: cos=0.9790
2025-08-27 07:52:41,712 - INFO - 3. kin: cos=0.9789
2025-08-27 07:52:41,712 - INFO - 4. ibo: cos=0.9767
2025-08-27 07:52:41,712 - INFO - 5. mos: cos=0.9731
2025-08-27 07:52:41,712 - INFO - === Layer 11 (mbert) — Worst 5 (cosine) ===
2025-08-27 07:52:41,712 - INFO - 1. bbj: cos=0.9552
2025-08-27 07:52:41,712 - INFO - 2. pcm: cos=0.9612
2025-08-27 07:52:41,712 - INFO - 3. yor: cos=0.9616
2025-08-27 07:52:41,712 - INFO - 4. wol: cos=0.9634
2025-08-27 07:52:41,712 - INFO - 5. xho: cos=0.9645
2025-08-27 07:52:41,843 - INFO - === Layer 12 (mbert) — Top 5 (cosine) ===
2025-08-27 07:52:41,843 - INFO - 1. luo: cos=0.9603
2025-08-27 07:52:41,843 - INFO - 2. kin: cos=0.9487
2025-08-27 07:52:41,843 - INFO - 3. ewe: cos=0.9390
2025-08-27 07:52:41,843 - INFO - 4. ibo: cos=0.9348
2025-08-27 07:52:41,843 - INFO - 5. mos: cos=0.9345
2025-08-27 07:52:41,843 - INFO - === Layer 12 (mbert) — Worst 5 (cosine) ===
2025-08-27 07:52:41,843 - INFO - 1. yor: cos=0.8912
2025-08-27 07:52:41,843 - INFO - 2. bbj: cos=0.8929
2025-08-27 07:52:41,843 - INFO - 3. pcm: cos=0.8934
2025-08-27 07:52:41,843 - INFO - 4. nya: cos=0.9078
2025-08-27 07:52:41,843 - INFO - 5. xho: cos=0.9089
2025-08-27 07:52:41,844 - INFO - Experiment finished successfully.
