2025-12-15 09:44:01,251 - INFO - Start: model_type=afroxlmr, use_cls=True, use_context=True, context_window=0, max_tokens_per_type=300, batch_size=64, output_dir=rq2_train_scripts/Embeddings/CLEAN/outputs/combined/afroxlmr/config_3_clstrue_ctxtrue/tokens_300_ctx0/core, save_prototypes=False, seed=42, fp16=True, max_length=96, langs=all, layers=all, span_mode=bio, pool=mean, entity_tags={'DATE', 'LOC', 'PER', 'ORG'}, title_suffix='L=all, tokens=300, ctx=0, cls=true, fp16=true'
2025-12-15 09:44:03,158 - INFO - Processing run
2025-12-15 09:44:03,552 - INFO - Processing bam
2025-12-15 09:44:03,603 - INFO - Processing bbj
2025-12-15 09:44:03,656 - INFO - Processing ewe
2025-12-15 09:44:03,690 - INFO - Processing fon
2025-12-15 09:44:03,737 - INFO - Processing hau
2025-12-15 09:44:03,797 - INFO - Processing ibo
2025-12-15 09:44:03,893 - INFO - Processing kin
2025-12-15 09:44:03,953 - INFO - Processing lug
2025-12-15 09:44:03,995 - INFO - Processing luo
2025-12-15 09:44:04,052 - INFO - Processing mos
2025-12-15 09:44:04,106 - INFO - Processing nya
2025-12-15 09:44:04,171 - INFO - Processing pcm
2025-12-15 09:44:04,221 - INFO - Processing sna
2025-12-15 09:44:04,276 - INFO - Processing swa
2025-12-15 09:44:04,339 - INFO - Processing tsn
2025-12-15 09:44:04,384 - INFO - Processing twi
2025-12-15 09:44:04,454 - INFO - Processing wol
2025-12-15 09:44:04,518 - INFO - Processing xho
2025-12-15 09:44:04,560 - INFO - Processing yor
2025-12-15 09:44:04,643 - INFO - Processing zul
2025-12-15 09:44:05,086 - INFO - === Layer 1 (afroxlmr) — Top 5 (cosine) ===
2025-12-15 09:44:05,086 - INFO - 1. twi: cos=0.9957
2025-12-15 09:44:05,086 - INFO - 2. luo: cos=0.9953
2025-12-15 09:44:05,086 - INFO - 3. ibo: cos=0.9951
2025-12-15 09:44:05,086 - INFO - 4. kin: cos=0.9946
2025-12-15 09:44:05,087 - INFO - 5. zul: cos=0.9941
2025-12-15 09:44:05,087 - INFO - === Layer 1 (afroxlmr) — Worst 5 (cosine) ===
2025-12-15 09:44:05,087 - INFO - 1. pcm: cos=0.9839
2025-12-15 09:44:05,087 - INFO - 2. swa: cos=0.9883
2025-12-15 09:44:05,087 - INFO - 3. hau: cos=0.9907
2025-12-15 09:44:05,087 - INFO - 4. xho: cos=0.9910
2025-12-15 09:44:05,087 - INFO - 5. fon: cos=0.9915
2025-12-15 09:44:05,205 - INFO - === Layer 2 (afroxlmr) — Top 5 (cosine) ===
2025-12-15 09:44:05,205 - INFO - 1. bam: cos=0.9998
2025-12-15 09:44:05,205 - INFO - 2. ibo: cos=0.9998
2025-12-15 09:44:05,205 - INFO - 3. zul: cos=0.9997
2025-12-15 09:44:05,205 - INFO - 4. hau: cos=0.9997
2025-12-15 09:44:05,205 - INFO - 5. ewe: cos=0.9997
2025-12-15 09:44:05,205 - INFO - === Layer 2 (afroxlmr) — Worst 5 (cosine) ===
2025-12-15 09:44:05,205 - INFO - 1. swa: cos=0.9964
2025-12-15 09:44:05,205 - INFO - 2. pcm: cos=0.9974
2025-12-15 09:44:05,205 - INFO - 3. luo: cos=0.9985
2025-12-15 09:44:05,205 - INFO - 4. bbj: cos=0.9991
2025-12-15 09:44:05,205 - INFO - 5. lug: cos=0.9994
2025-12-15 09:44:05,323 - INFO - === Layer 3 (afroxlmr) — Top 5 (cosine) ===
2025-12-15 09:44:05,323 - INFO - 1. twi: cos=1.0000
2025-12-15 09:44:05,323 - INFO - 2. ibo: cos=1.0000
2025-12-15 09:44:05,323 - INFO - 3. bam: cos=1.0000
2025-12-15 09:44:05,323 - INFO - 4. hau: cos=1.0000
2025-12-15 09:44:05,323 - INFO - 5. zul: cos=1.0000
2025-12-15 09:44:05,323 - INFO - === Layer 3 (afroxlmr) — Worst 5 (cosine) ===
2025-12-15 09:44:05,323 - INFO - 1. swa: cos=0.9998
2025-12-15 09:44:05,323 - INFO - 2. pcm: cos=0.9999
2025-12-15 09:44:05,323 - INFO - 3. luo: cos=0.9999
2025-12-15 09:44:05,323 - INFO - 4. bbj: cos=1.0000
2025-12-15 09:44:05,323 - INFO - 5. nya: cos=1.0000
2025-12-15 09:44:05,442 - INFO - === Layer 4 (afroxlmr) — Top 5 (cosine) ===
2025-12-15 09:44:05,442 - INFO - 1. twi: cos=1.0000
2025-12-15 09:44:05,442 - INFO - 2. lug: cos=1.0000
2025-12-15 09:44:05,442 - INFO - 3. kin: cos=1.0000
2025-12-15 09:44:05,442 - INFO - 4. bam: cos=1.0000
2025-12-15 09:44:05,442 - INFO - 5. ibo: cos=1.0000
2025-12-15 09:44:05,442 - INFO - === Layer 4 (afroxlmr) — Worst 5 (cosine) ===
2025-12-15 09:44:05,442 - INFO - 1. swa: cos=1.0000
2025-12-15 09:44:05,442 - INFO - 2. pcm: cos=1.0000
2025-12-15 09:44:05,442 - INFO - 3. xho: cos=1.0000
2025-12-15 09:44:05,442 - INFO - 4. sna: cos=1.0000
2025-12-15 09:44:05,442 - INFO - 5. bbj: cos=1.0000
2025-12-15 09:44:05,560 - INFO - === Layer 5 (afroxlmr) — Top 5 (cosine) ===
2025-12-15 09:44:05,560 - INFO - 1. twi: cos=1.0000
2025-12-15 09:44:05,560 - INFO - 2. luo: cos=1.0000
2025-12-15 09:44:05,560 - INFO - 3. tsn: cos=1.0000
2025-12-15 09:44:05,560 - INFO - 4. lug: cos=1.0000
2025-12-15 09:44:05,560 - INFO - 5. nya: cos=1.0000
2025-12-15 09:44:05,560 - INFO - === Layer 5 (afroxlmr) — Worst 5 (cosine) ===
2025-12-15 09:44:05,560 - INFO - 1. pcm: cos=1.0000
2025-12-15 09:44:05,560 - INFO - 2. hau: cos=1.0000
2025-12-15 09:44:05,560 - INFO - 3. xho: cos=1.0000
2025-12-15 09:44:05,560 - INFO - 4. wol: cos=1.0000
2025-12-15 09:44:05,560 - INFO - 5. bam: cos=1.0000
2025-12-15 09:44:05,677 - INFO - === Layer 6 (afroxlmr) — Top 5 (cosine) ===
2025-12-15 09:44:05,677 - INFO - 1. twi: cos=1.0000
2025-12-15 09:44:05,678 - INFO - 2. luo: cos=1.0000
2025-12-15 09:44:05,678 - INFO - 3. lug: cos=1.0000
2025-12-15 09:44:05,678 - INFO - 4. tsn: cos=1.0000
2025-12-15 09:44:05,678 - INFO - 5. nya: cos=1.0000
2025-12-15 09:44:05,678 - INFO - === Layer 6 (afroxlmr) — Worst 5 (cosine) ===
2025-12-15 09:44:05,678 - INFO - 1. pcm: cos=1.0000
2025-12-15 09:44:05,678 - INFO - 2. hau: cos=1.0000
2025-12-15 09:44:05,678 - INFO - 3. xho: cos=1.0000
2025-12-15 09:44:05,678 - INFO - 4. bam: cos=1.0000
2025-12-15 09:44:05,678 - INFO - 5. wol: cos=1.0000
2025-12-15 09:44:05,795 - INFO - === Layer 7 (afroxlmr) — Top 5 (cosine) ===
2025-12-15 09:44:05,795 - INFO - 1. twi: cos=1.0000
2025-12-15 09:44:05,795 - INFO - 2. pcm: cos=1.0000
2025-12-15 09:44:05,795 - INFO - 3. tsn: cos=1.0000
2025-12-15 09:44:05,795 - INFO - 4. lug: cos=1.0000
2025-12-15 09:44:05,795 - INFO - 5. mos: cos=1.0000
2025-12-15 09:44:05,795 - INFO - === Layer 7 (afroxlmr) — Worst 5 (cosine) ===
2025-12-15 09:44:05,795 - INFO - 1. wol: cos=1.0000
2025-12-15 09:44:05,795 - INFO - 2. bbj: cos=1.0000
2025-12-15 09:44:05,795 - INFO - 3. yor: cos=1.0000
2025-12-15 09:44:05,795 - INFO - 4. luo: cos=1.0000
2025-12-15 09:44:05,795 - INFO - 5. ewe: cos=1.0000
2025-12-15 09:44:05,975 - INFO - === Layer 8 (afroxlmr) — Top 5 (cosine) ===
2025-12-15 09:44:05,975 - INFO - 1. kin: cos=0.9995
2025-12-15 09:44:05,975 - INFO - 2. twi: cos=0.9994
2025-12-15 09:44:05,975 - INFO - 3. bam: cos=0.9994
2025-12-15 09:44:05,975 - INFO - 4. nya: cos=0.9993
2025-12-15 09:44:05,975 - INFO - 5. lug: cos=0.9993
2025-12-15 09:44:05,975 - INFO - === Layer 8 (afroxlmr) — Worst 5 (cosine) ===
2025-12-15 09:44:05,975 - INFO - 1. yor: cos=0.9982
2025-12-15 09:44:05,975 - INFO - 2. xho: cos=0.9985
2025-12-15 09:44:05,975 - INFO - 3. wol: cos=0.9986
2025-12-15 09:44:05,975 - INFO - 4. bbj: cos=0.9986
2025-12-15 09:44:05,975 - INFO - 5. mos: cos=0.9988
2025-12-15 09:44:06,093 - INFO - === Layer 9 (afroxlmr) — Top 5 (cosine) ===
2025-12-15 09:44:06,093 - INFO - 1. bam: cos=0.9985
2025-12-15 09:44:06,093 - INFO - 2. luo: cos=0.9979
2025-12-15 09:44:06,093 - INFO - 3. kin: cos=0.9969
2025-12-15 09:44:06,093 - INFO - 4. lug: cos=0.9969
2025-12-15 09:44:06,093 - INFO - 5. twi: cos=0.9961
2025-12-15 09:44:06,093 - INFO - === Layer 9 (afroxlmr) — Worst 5 (cosine) ===
2025-12-15 09:44:06,093 - INFO - 1. tsn: cos=0.9682
2025-12-15 09:44:06,093 - INFO - 2. yor: cos=0.9784
2025-12-15 09:44:06,093 - INFO - 3. ewe: cos=0.9845
2025-12-15 09:44:06,093 - INFO - 4. bbj: cos=0.9856
2025-12-15 09:44:06,093 - INFO - 5. sna: cos=0.9890
2025-12-15 09:44:06,211 - INFO - === Layer 10 (afroxlmr) — Top 5 (cosine) ===
2025-12-15 09:44:06,211 - INFO - 1. lug: cos=0.9997
2025-12-15 09:44:06,211 - INFO - 2. bam: cos=0.9994
2025-12-15 09:44:06,211 - INFO - 3. fon: cos=0.9993
2025-12-15 09:44:06,211 - INFO - 4. kin: cos=0.9990
2025-12-15 09:44:06,211 - INFO - 5. sna: cos=0.9988
2025-12-15 09:44:06,211 - INFO - === Layer 10 (afroxlmr) — Worst 5 (cosine) ===
2025-12-15 09:44:06,211 - INFO - 1. ewe: cos=0.9954
2025-12-15 09:44:06,211 - INFO - 2. yor: cos=0.9957
2025-12-15 09:44:06,211 - INFO - 3. xho: cos=0.9968
2025-12-15 09:44:06,211 - INFO - 4. wol: cos=0.9971
2025-12-15 09:44:06,211 - INFO - 5. luo: cos=0.9972
2025-12-15 09:44:06,351 - INFO - === Layer 11 (afroxlmr) — Top 5 (cosine) ===
2025-12-15 09:44:06,351 - INFO - 1. hau: cos=0.9963
2025-12-15 09:44:06,351 - INFO - 2. ibo: cos=0.9956
2025-12-15 09:44:06,351 - INFO - 3. twi: cos=0.9955
2025-12-15 09:44:06,351 - INFO - 4. sna: cos=0.9945
2025-12-15 09:44:06,351 - INFO - 5. zul: cos=0.9942
2025-12-15 09:44:06,351 - INFO - === Layer 11 (afroxlmr) — Worst 5 (cosine) ===
2025-12-15 09:44:06,351 - INFO - 1. wol: cos=0.9843
2025-12-15 09:44:06,351 - INFO - 2. mos: cos=0.9856
2025-12-15 09:44:06,351 - INFO - 3. ewe: cos=0.9862
2025-12-15 09:44:06,351 - INFO - 4. bbj: cos=0.9867
2025-12-15 09:44:06,351 - INFO - 5. fon: cos=0.9895
2025-12-15 09:44:06,469 - INFO - === Layer 12 (afroxlmr) — Top 5 (cosine) ===
2025-12-15 09:44:06,469 - INFO - 1. twi: cos=0.9598
2025-12-15 09:44:06,469 - INFO - 2. pcm: cos=0.9523
2025-12-15 09:44:06,469 - INFO - 3. kin: cos=0.9483
2025-12-15 09:44:06,469 - INFO - 4. fon: cos=0.9362
2025-12-15 09:44:06,469 - INFO - 5. nya: cos=0.9341
2025-12-15 09:44:06,469 - INFO - === Layer 12 (afroxlmr) — Worst 5 (cosine) ===
2025-12-15 09:44:06,469 - INFO - 1. yor: cos=0.8386
2025-12-15 09:44:06,469 - INFO - 2. bbj: cos=0.8624
2025-12-15 09:44:06,469 - INFO - 3. bam: cos=0.8747
2025-12-15 09:44:06,469 - INFO - 4. xho: cos=0.8924
2025-12-15 09:44:06,469 - INFO - 5. luo: cos=0.8961
2025-12-15 09:44:06,470 - INFO - Experiment finished successfully.
