2025-08-24 11:49:41,937 - INFO - Start: model_type=mbert, run_both=False, use_cls=True, use_context=True, context_window=0, max_tokens_per_type=300, batch_size=32, seed=1, num_middle_layers=3, output_dir=rq2_train_scripts/Embeddings/EXTENDED/outputs/salt_extended/mbert/config_7_clstrue_ctxtrue_hybtrue/tokens_300_ctx0
2025-08-24 11:49:42,480 - INFO - mbert: selected layer indices (hidden_states) = [2, 3, 10, 12]
2025-08-24 11:49:43,373 - INFO - Processing run
2025-08-24 11:49:43,873 - INFO - Processing bam
2025-08-24 11:49:44,016 - INFO - Processing bbj
2025-08-24 11:49:44,121 - INFO - Processing ewe
2025-08-24 11:49:44,210 - INFO - Processing fon
2025-08-24 11:49:44,314 - INFO - Processing hau
2025-08-24 11:49:44,398 - INFO - Processing ibo
2025-08-24 11:49:44,535 - INFO - Processing kin
2025-08-24 11:49:44,641 - INFO - Processing lug
2025-08-24 11:49:44,722 - INFO - Processing luo
2025-08-24 11:49:44,818 - INFO - Processing mos
22025-08-24 11:49:44,961 - INFO - Processing nya22025-08-24 11:49:45,111 - INFO - Processing pcm22025-08-24 11:49:45,254 - INFO - Processing sna
2025-08-24 11:49:45,415 - INFO - Processing swa
2025-08-24 11:49:45,552 - INFO - Processing tsn
2025-08-24 11:49:45,668 - INFO - Processing twi
2025-08-24 11:49:45,820 - INFO - Processing wol
2025-08-24 11:49:45,959 - INFO - Processing xho
2025-08-24 11:49:46,070 - INFO - Processing yor
2025-08-24 11:49:46,226 - INFO - Processing zul
2025-08-24 11:49:46,584 - INFO - Layer 2 (mbert) — Top 5
2025-08-24 11:49:46,584 - INFO - 1. sna: r=1.0000
2025-08-24 11:49:46,584 - INFO - 2. lug: r=1.0000
2025-08-24 11:49:46,584 - INFO - 3. xho: r=1.0000
2025-08-24 11:49:46,584 - INFO - 4. zul: r=0.9999
2025-08-24 11:49:46,584 - INFO - 5. nya: r=0.9999
2025-08-24 11:49:46,584 - INFO - Layer 2 (mbert) — Worst 5
2025-08-24 11:49:46,584 - INFO - 1. yor: r=0.9998
2025-08-24 11:49:46,584 - INFO - 2. pcm: r=0.9999
2025-08-24 11:49:46,584 - INFO - 3. bbj: r=0.9999
2025-08-24 11:49:46,584 - INFO - 4. fon: r=0.9999
2025-08-24 11:49:46,584 - INFO - 5. ewe: r=0.9999
2025-08-24 11:49:46,707 - INFO - Layer 3 (mbert) — Top 5
2025-08-24 11:49:46,707 - INFO - 1. lug: r=1.0000
2025-08-24 11:49:46,707 - INFO - 2. sna: r=1.0000
2025-08-24 11:49:46,707 - INFO - 3. zul: r=1.0000
2025-08-24 11:49:46,707 - INFO - 4. nya: r=1.0000
2025-08-24 11:49:46,707 - INFO - 5. xho: r=1.0000
2025-08-24 11:49:46,707 - INFO - Layer 3 (mbert) — Worst 5
2025-08-24 11:49:46,708 - INFO - 1. pcm: r=1.0000
2025-08-24 11:49:46,708 - INFO - 2. yor: r=1.0000
2025-08-24 11:49:46,708 - INFO - 3. bbj: r=1.0000
2025-08-24 11:49:46,708 - INFO - 4. fon: r=1.0000
2025-08-24 11:49:46,708 - INFO - 5. ewe: r=1.0000
2025-08-24 11:49:46,843 - INFO - Layer 10 (mbert) — Top 5
2025-08-24 11:49:46,843 - INFO - 1. nya: r=0.9838
2025-08-24 11:49:46,843 - INFO - 2. kin: r=0.9837
2025-08-24 11:49:46,843 - INFO - 3. sna: r=0.9830
2025-08-24 11:49:46,843 - INFO - 4. lug: r=0.9829
2025-08-24 11:49:46,843 - INFO - 5. twi: r=0.9806
2025-08-24 11:49:46,843 - INFO - Layer 10 (mbert) — Worst 5
2025-08-24 11:49:46,843 - INFO - 1. pcm: r=0.9598
2025-08-24 11:49:46,843 - INFO - 2. bbj: r=0.9634
2025-08-24 11:49:46,843 - INFO - 3. fon: r=0.9656
2025-08-24 11:49:46,843 - INFO - 4. yor: r=0.9657
2025-08-24 11:49:46,843 - INFO - 5. ewe: r=0.9701
2025-08-24 11:49:46,960 - INFO - Layer 12 (mbert) — Top 5
2025-08-24 11:49:46,960 - INFO - 1. nya: r=0.9754
2025-08-24 11:49:46,960 - INFO - 2. kin: r=0.9746
2025-08-24 11:49:46,960 - INFO - 3. sna: r=0.9744
2025-08-24 11:49:46,960 - INFO - 4. lug: r=0.9724
2025-08-24 11:49:46,960 - INFO - 5. twi: r=0.9685
2025-08-24 11:49:46,960 - INFO - Layer 12 (mbert) — Worst 5
2025-08-24 11:49:46,960 - INFO - 1. bbj: r=0.9147
2025-08-24 11:49:46,960 - INFO - 2. pcm: r=0.9301
2025-08-24 11:49:46,960 - INFO - 3. fon: r=0.9321
2025-08-24 11:49:46,960 - INFO - 4. yor: r=0.9444
2025-08-24 11:49:46,960 - INFO - 5. ewe: r=0.9522
2025-08-24 11:49:46,962 - INFO - Experiment finished successfully.
