2025-08-27 10:47:17,792 - INFO - Start: model_type=mbert, use_cls=True, use_context=True, context_window=3, max_tokens_per_type=500, batch_size=64, output_dir=rq2_train_scripts/Embeddings/CLEAN/outputs/salt/mbert/config_3_clstrue_ctxtrue/tokens_500_ctx3/core, save_prototypes=False, seed=42, fp16=True, max_length=96, langs=all, layers=all, span_mode=bio, pool=mean, entity_tags={'DATE', 'LOC', 'PER', 'ORG'}, title_suffix='L=all, tokens=500, ctx=3, cls=true, fp16=true'
2025-08-27 10:47:19,104 - INFO - Processing run
2025-08-27 10:47:19,550 - INFO - Processing bam
2025-08-27 10:47:19,622 - INFO - Processing bbj
2025-08-27 10:47:19,671 - INFO - Processing ewe
2025-08-27 10:47:19,727 - INFO - Processing fon
2025-08-27 10:47:19,798 - INFO - Processing hau
2025-08-27 10:47:19,868 - INFO - Processing ibo
2025-08-27 10:47:20,026 - INFO - Processing kin
2025-08-27 10:47:20,102 - INFO - Processing lug
2025-08-27 10:47:20,166 - INFO - Processing luo
2025-08-27 10:47:20,235 - INFO - Processing mos
2025-08-27 10:47:20,302 - INFO - Processing nya
2025-08-27 10:47:20,373 - INFO - Processing pcm
2025-08-27 10:47:20,427 - INFO - Processing sna
2025-08-27 10:47:20,488 - INFO - Processing swa
2025-08-27 10:47:20,560 - INFO - Processing tsn
2025-08-27 10:47:20,623 - INFO - Processing twi
2025-08-27 10:47:20,702 - INFO - Processing wol
2025-08-27 10:47:20,766 - INFO - Processing xho
2025-08-27 10:47:20,825 - INFO - Processing yor
2025-08-27 10:47:20,919 - INFO - Processing zul
2025-08-27 10:47:21,332 - INFO - === Layer 1 (mbert) — Top 5 (cosine) ===
2025-08-27 10:47:21,332 - INFO - 1. lug: cos=0.9998
2025-08-27 10:47:21,332 - INFO - 2. hau: cos=0.9997
2025-08-27 10:47:21,332 - INFO - 3. nya: cos=0.9996
2025-08-27 10:47:21,332 - INFO - 4. kin: cos=0.9996
2025-08-27 10:47:21,332 - INFO - 5. twi: cos=0.9996
2025-08-27 10:47:21,332 - INFO - === Layer 1 (mbert) — Worst 5 (cosine) ===
2025-08-27 10:47:21,332 - INFO - 1. yor: cos=0.9986
2025-08-27 10:47:21,332 - INFO - 2. pcm: cos=0.9988
2025-08-27 10:47:21,332 - INFO - 3. fon: cos=0.9990
2025-08-27 10:47:21,332 - INFO - 4. bbj: cos=0.9990
2025-08-27 10:47:21,332 - INFO - 5. ewe: cos=0.9993
2025-08-27 10:47:21,451 - INFO - === Layer 2 (mbert) — Top 5 (cosine) ===
2025-08-27 10:47:21,451 - INFO - 1. lug: cos=1.0000
2025-08-27 10:47:21,451 - INFO - 2. hau: cos=1.0000
2025-08-27 10:47:21,451 - INFO - 3. kin: cos=0.9999
2025-08-27 10:47:21,451 - INFO - 4. nya: cos=0.9999
2025-08-27 10:47:21,451 - INFO - 5. xho: cos=0.9999
2025-08-27 10:47:21,451 - INFO - === Layer 2 (mbert) — Worst 5 (cosine) ===
2025-08-27 10:47:21,451 - INFO - 1. yor: cos=0.9998
2025-08-27 10:47:21,451 - INFO - 2. pcm: cos=0.9998
2025-08-27 10:47:21,451 - INFO - 3. fon: cos=0.9998
2025-08-27 10:47:21,451 - INFO - 4. bbj: cos=0.9998
2025-08-27 10:47:21,451 - INFO - 5. ewe: cos=0.9999
2025-08-27 10:47:21,572 - INFO - === Layer 3 (mbert) — Top 5 (cosine) ===
2025-08-27 10:47:21,572 - INFO - 1. lug: cos=1.0000
2025-08-27 10:47:21,572 - INFO - 2. hau: cos=1.0000
2025-08-27 10:47:21,572 - INFO - 3. kin: cos=1.0000
2025-08-27 10:47:21,572 - INFO - 4. nya: cos=1.0000
2025-08-27 10:47:21,572 - INFO - 5. xho: cos=1.0000
2025-08-27 10:47:21,573 - INFO - === Layer 3 (mbert) — Worst 5 (cosine) ===
2025-08-27 10:47:21,573 - INFO - 1. yor: cos=0.9999
2025-08-27 10:47:21,573 - INFO - 2. pcm: cos=0.9999
2025-08-27 10:47:21,573 - INFO - 3. bbj: cos=0.9999
2025-08-27 10:47:21,573 - INFO - 4. fon: cos=0.9999
2025-08-27 10:47:21,573 - INFO - 5. swa: cos=0.9999
2025-08-27 10:47:21,693 - INFO - === Layer 4 (mbert) — Top 5 (cosine) ===
2025-08-27 10:47:21,693 - INFO - 1. kin: cos=0.9999
2025-08-27 10:47:21,693 - INFO - 2. lug: cos=0.9999
2025-08-27 10:47:21,693 - INFO - 3. nya: cos=0.9999
2025-08-27 10:47:21,693 - INFO - 4. sna: cos=0.9999
2025-08-27 10:47:21,693 - INFO - 5. xho: cos=0.9999
2025-08-27 10:47:21,693 - INFO - === Layer 4 (mbert) — Worst 5 (cosine) ===
2025-08-27 10:47:21,693 - INFO - 1. pcm: cos=0.9996
2025-08-27 10:47:21,693 - INFO - 2. yor: cos=0.9996
2025-08-27 10:47:21,693 - INFO - 3. bbj: cos=0.9997
2025-08-27 10:47:21,693 - INFO - 4. fon: cos=0.9997
2025-08-27 10:47:21,693 - INFO - 5. ewe: cos=0.9998
2025-08-27 10:47:21,812 - INFO - === Layer 5 (mbert) — Top 5 (cosine) ===
2025-08-27 10:47:21,812 - INFO - 1. kin: cos=0.9929
2025-08-27 10:47:21,812 - INFO - 2. nya: cos=0.9928
2025-08-27 10:47:21,812 - INFO - 3. lug: cos=0.9925
2025-08-27 10:47:21,812 - INFO - 4. luo: cos=0.9919
2025-08-27 10:47:21,812 - INFO - 5. xho: cos=0.9912
2025-08-27 10:47:21,812 - INFO - === Layer 5 (mbert) — Worst 5 (cosine) ===
2025-08-27 10:47:21,812 - INFO - 1. bbj: cos=0.9695
2025-08-27 10:47:21,812 - INFO - 2. yor: cos=0.9734
2025-08-27 10:47:21,812 - INFO - 3. fon: cos=0.9750
2025-08-27 10:47:21,812 - INFO - 4. swa: cos=0.9773
2025-08-27 10:47:21,812 - INFO - 5. pcm: cos=0.9805
2025-08-27 10:47:21,992 - INFO - === Layer 6 (mbert) — Top 5 (cosine) ===
2025-08-27 10:47:21,992 - INFO - 1. kin: cos=0.9890
2025-08-27 10:47:21,992 - INFO - 2. lug: cos=0.9884
2025-08-27 10:47:21,992 - INFO - 3. nya: cos=0.9876
2025-08-27 10:47:21,992 - INFO - 4. ibo: cos=0.9871
2025-08-27 10:47:21,992 - INFO - 5. xho: cos=0.9868
2025-08-27 10:47:21,992 - INFO - === Layer 6 (mbert) — Worst 5 (cosine) ===
2025-08-27 10:47:21,992 - INFO - 1. bbj: cos=0.9583
2025-08-27 10:47:21,992 - INFO - 2. yor: cos=0.9596
2025-08-27 10:47:21,992 - INFO - 3. swa: cos=0.9622
2025-08-27 10:47:21,992 - INFO - 4. fon: cos=0.9634
2025-08-27 10:47:21,992 - INFO - 5. pcm: cos=0.9676
2025-08-27 10:47:22,111 - INFO - === Layer 7 (mbert) — Top 5 (cosine) ===
2025-08-27 10:47:22,111 - INFO - 1. kin: cos=0.9865
2025-08-27 10:47:22,111 - INFO - 2. ibo: cos=0.9850
2025-08-27 10:47:22,111 - INFO - 3. lug: cos=0.9849
2025-08-27 10:47:22,111 - INFO - 4. hau: cos=0.9843
2025-08-27 10:47:22,111 - INFO - 5. luo: cos=0.9837
2025-08-27 10:47:22,111 - INFO - === Layer 7 (mbert) — Worst 5 (cosine) ===
2025-08-27 10:47:22,111 - INFO - 1. swa: cos=0.9505
2025-08-27 10:47:22,111 - INFO - 2. yor: cos=0.9581
2025-08-27 10:47:22,111 - INFO - 3. bbj: cos=0.9597
2025-08-27 10:47:22,111 - INFO - 4. fon: cos=0.9620
2025-08-27 10:47:22,111 - INFO - 5. pcm: cos=0.9633
2025-08-27 10:47:22,230 - INFO - === Layer 8 (mbert) — Top 5 (cosine) ===
2025-08-27 10:47:22,230 - INFO - 1. kin: cos=0.9854
2025-08-27 10:47:22,230 - INFO - 2. lug: cos=0.9827
2025-08-27 10:47:22,230 - INFO - 3. ibo: cos=0.9813
2025-08-27 10:47:22,230 - INFO - 4. nya: cos=0.9810
2025-08-27 10:47:22,230 - INFO - 5. sna: cos=0.9805
2025-08-27 10:47:22,230 - INFO - === Layer 8 (mbert) — Worst 5 (cosine) ===
2025-08-27 10:47:22,230 - INFO - 1. swa: cos=0.9321
2025-08-27 10:47:22,230 - INFO - 2. pcm: cos=0.9456
2025-08-27 10:47:22,230 - INFO - 3. yor: cos=0.9500
2025-08-27 10:47:22,230 - INFO - 4. bbj: cos=0.9524
2025-08-27 10:47:22,230 - INFO - 5. fon: cos=0.9566
2025-08-27 10:47:22,357 - INFO - === Layer 9 (mbert) — Top 5 (cosine) ===
2025-08-27 10:47:22,357 - INFO - 1. kin: cos=0.9859
2025-08-27 10:47:22,357 - INFO - 2. lug: cos=0.9839
2025-08-27 10:47:22,357 - INFO - 3. ibo: cos=0.9835
2025-08-27 10:47:22,357 - INFO - 4. sna: cos=0.9834
2025-08-27 10:47:22,357 - INFO - 5. xho: cos=0.9829
2025-08-27 10:47:22,357 - INFO - === Layer 9 (mbert) — Worst 5 (cosine) ===
2025-08-27 10:47:22,357 - INFO - 1. swa: cos=0.9410
2025-08-27 10:47:22,357 - INFO - 2. pcm: cos=0.9490
2025-08-27 10:47:22,357 - INFO - 3. yor: cos=0.9569
2025-08-27 10:47:22,357 - INFO - 4. bbj: cos=0.9608
2025-08-27 10:47:22,357 - INFO - 5. fon: cos=0.9640
2025-08-27 10:47:22,479 - INFO - === Layer 10 (mbert) — Top 5 (cosine) ===
2025-08-27 10:47:22,479 - INFO - 1. sna: cos=0.9912
2025-08-27 10:47:22,479 - INFO - 2. kin: cos=0.9910
2025-08-27 10:47:22,479 - INFO - 3. lug: cos=0.9908
2025-08-27 10:47:22,479 - INFO - 4. nya: cos=0.9886
2025-08-27 10:47:22,479 - INFO - 5. hau: cos=0.9869
2025-08-27 10:47:22,479 - INFO - === Layer 10 (mbert) — Worst 5 (cosine) ===
2025-08-27 10:47:22,479 - INFO - 1. yor: cos=0.9579
2025-08-27 10:47:22,479 - INFO - 2. swa: cos=0.9585
2025-08-27 10:47:22,480 - INFO - 3. pcm: cos=0.9611
2025-08-27 10:47:22,480 - INFO - 4. bbj: cos=0.9664
2025-08-27 10:47:22,480 - INFO - 5. fon: cos=0.9701
2025-08-27 10:47:22,604 - INFO - === Layer 11 (mbert) — Top 5 (cosine) ===
2025-08-27 10:47:22,604 - INFO - 1. lug: cos=0.9934
2025-08-27 10:47:22,604 - INFO - 2. kin: cos=0.9931
2025-08-27 10:47:22,604 - INFO - 3. sna: cos=0.9922
2025-08-27 10:47:22,604 - INFO - 4. nya: cos=0.9918
2025-08-27 10:47:22,604 - INFO - 5. zul: cos=0.9891
2025-08-27 10:47:22,604 - INFO - === Layer 11 (mbert) — Worst 5 (cosine) ===
2025-08-27 10:47:22,604 - INFO - 1. yor: cos=0.9602
2025-08-27 10:47:22,604 - INFO - 2. pcm: cos=0.9652
2025-08-27 10:47:22,604 - INFO - 3. bbj: cos=0.9683
2025-08-27 10:47:22,604 - INFO - 4. swa: cos=0.9707
2025-08-27 10:47:22,604 - INFO - 5. fon: cos=0.9730
2025-08-27 10:47:22,727 - INFO - === Layer 12 (mbert) — Top 5 (cosine) ===
2025-08-27 10:47:22,727 - INFO - 1. lug: cos=0.9887
2025-08-27 10:47:22,727 - INFO - 2. kin: cos=0.9886
2025-08-27 10:47:22,727 - INFO - 3. nya: cos=0.9875
2025-08-27 10:47:22,727 - INFO - 4. sna: cos=0.9870
2025-08-27 10:47:22,727 - INFO - 5. zul: cos=0.9824
2025-08-27 10:47:22,727 - INFO - === Layer 12 (mbert) — Worst 5 (cosine) ===
2025-08-27 10:47:22,727 - INFO - 1. bbj: cos=0.9213
2025-08-27 10:47:22,727 - INFO - 2. fon: cos=0.9405
2025-08-27 10:47:22,727 - INFO - 3. pcm: cos=0.9405
2025-08-27 10:47:22,727 - INFO - 4. yor: cos=0.9484
2025-08-27 10:47:22,727 - INFO - 5. bam: cos=0.9576
2025-08-27 10:47:22,728 - INFO - Experiment finished successfully.
