2025-08-27 18:28:29,620 - INFO - Start: model_type=mbert, use_cls=True, use_context=True, context_window=0, max_tokens_per_type=200, batch_size=64, output_dir=rq2_train_scripts/Embeddings/CLEAN/outputs/mptc/mbert/config_3_clstrue_ctxtrue/tokens_200_ctx0/core, save_prototypes=False, seed=42, fp16=True, max_length=96, langs=all, layers=all, span_mode=bio, pool=mean, entity_tags={'LOC', 'DATE', 'PER', 'ORG'}, title_suffix='L=all, tokens=200, ctx=0, cls=true, fp16=true'
2025-08-27 18:28:31,132 - INFO - Processing run
2025-08-27 18:28:31,568 - INFO - Processing bam
2025-08-27 18:28:31,611 - INFO - Processing bbj
2025-08-27 18:28:31,640 - INFO - Processing ewe
2025-08-27 18:28:31,677 - INFO - Processing fon
2025-08-27 18:28:31,725 - INFO - Processing hau
2025-08-27 18:28:31,777 - INFO - Processing ibo
2025-08-27 18:28:31,850 - INFO - Processing kin
2025-08-27 18:28:31,907 - INFO - Processing lug
2025-08-27 18:28:31,950 - INFO - Processing luo
2025-08-27 18:28:32,004 - INFO - Processing mos
2025-08-27 18:28:32,053 - INFO - Processing nya
2025-08-27 18:28:32,109 - INFO - Processing pcm
2025-08-27 18:28:32,155 - INFO - Processing sna
2025-08-27 18:28:32,203 - INFO - Processing swa
2025-08-27 18:28:32,258 - INFO - Processing tsn
2025-08-27 18:28:32,297 - INFO - Processing twi
2025-08-27 18:28:32,344 - INFO - Processing wol
2025-08-27 18:28:32,392 - INFO - Processing xho
2025-08-27 18:28:32,446 - INFO - Processing yor
2025-08-27 18:28:32,526 - INFO - Processing zul
2025-08-27 18:28:32,941 - INFO - === Layer 1 (mbert) — Top 5 (cosine) ===
2025-08-27 18:28:32,941 - INFO - 1. bam: cos=0.9994
2025-08-27 18:28:32,941 - INFO - 2. luo: cos=0.9992
2025-08-27 18:28:32,941 - INFO - 3. tsn: cos=0.9991
2025-08-27 18:28:32,941 - INFO - 4. fon: cos=0.9991
2025-08-27 18:28:32,941 - INFO - 5. swa: cos=0.9990
2025-08-27 18:28:32,941 - INFO - === Layer 1 (mbert) — Worst 5 (cosine) ===
2025-08-27 18:28:32,941 - INFO - 1. ewe: cos=0.9917
2025-08-27 18:28:32,941 - INFO - 2. bbj: cos=0.9964
2025-08-27 18:28:32,941 - INFO - 3. pcm: cos=0.9974
2025-08-27 18:28:32,941 - INFO - 4. xho: cos=0.9975
2025-08-27 18:28:32,942 - INFO - 5. sna: cos=0.9977
2025-08-27 18:28:33,069 - INFO - === Layer 2 (mbert) — Top 5 (cosine) ===
2025-08-27 18:28:33,069 - INFO - 1. bam: cos=0.9999
2025-08-27 18:28:33,069 - INFO - 2. luo: cos=0.9999
2025-08-27 18:28:33,069 - INFO - 3. fon: cos=0.9999
2025-08-27 18:28:33,069 - INFO - 4. tsn: cos=0.9999
2025-08-27 18:28:33,069 - INFO - 5. swa: cos=0.9998
2025-08-27 18:28:33,069 - INFO - === Layer 2 (mbert) — Worst 5 (cosine) ===
2025-08-27 18:28:33,069 - INFO - 1. ewe: cos=0.9986
2025-08-27 18:28:33,069 - INFO - 2. bbj: cos=0.9995
2025-08-27 18:28:33,069 - INFO - 3. xho: cos=0.9996
2025-08-27 18:28:33,069 - INFO - 4. pcm: cos=0.9996
2025-08-27 18:28:33,069 - INFO - 5. sna: cos=0.9996
2025-08-27 18:28:33,196 - INFO - === Layer 3 (mbert) — Top 5 (cosine) ===
2025-08-27 18:28:33,196 - INFO - 1. bam: cos=1.0000
2025-08-27 18:28:33,196 - INFO - 2. luo: cos=1.0000
2025-08-27 18:28:33,196 - INFO - 3. zul: cos=1.0000
2025-08-27 18:28:33,196 - INFO - 4. kin: cos=1.0000
2025-08-27 18:28:33,196 - INFO - 5. fon: cos=1.0000
2025-08-27 18:28:33,196 - INFO - === Layer 3 (mbert) — Worst 5 (cosine) ===
2025-08-27 18:28:33,196 - INFO - 1. ewe: cos=0.9997
2025-08-27 18:28:33,196 - INFO - 2. bbj: cos=0.9999
2025-08-27 18:28:33,196 - INFO - 3. yor: cos=0.9999
2025-08-27 18:28:33,196 - INFO - 4. pcm: cos=0.9999
2025-08-27 18:28:33,196 - INFO - 5. wol: cos=0.9999
2025-08-27 18:28:33,325 - INFO - === Layer 4 (mbert) — Top 5 (cosine) ===
2025-08-27 18:28:33,325 - INFO - 1. zul: cos=0.9999
2025-08-27 18:28:33,325 - INFO - 2. hau: cos=0.9999
2025-08-27 18:28:33,325 - INFO - 3. ibo: cos=0.9999
2025-08-27 18:28:33,325 - INFO - 4. sna: cos=0.9998
2025-08-27 18:28:33,325 - INFO - 5. bam: cos=0.9998
2025-08-27 18:28:33,325 - INFO - === Layer 4 (mbert) — Worst 5 (cosine) ===
2025-08-27 18:28:33,325 - INFO - 1. ewe: cos=0.9994
2025-08-27 18:28:33,325 - INFO - 2. swa: cos=0.9995
2025-08-27 18:28:33,325 - INFO - 3. pcm: cos=0.9995
2025-08-27 18:28:33,325 - INFO - 4. wol: cos=0.9997
2025-08-27 18:28:33,325 - INFO - 5. lug: cos=0.9997
2025-08-27 18:28:33,454 - INFO - === Layer 5 (mbert) — Top 5 (cosine) ===
2025-08-27 18:28:33,454 - INFO - 1. hau: cos=0.9934
2025-08-27 18:28:33,454 - INFO - 2. ibo: cos=0.9932
2025-08-27 18:28:33,454 - INFO - 3. zul: cos=0.9927
2025-08-27 18:28:33,454 - INFO - 4. fon: cos=0.9925
2025-08-27 18:28:33,454 - INFO - 5. ewe: cos=0.9918
2025-08-27 18:28:33,454 - INFO - === Layer 5 (mbert) — Worst 5 (cosine) ===
2025-08-27 18:28:33,454 - INFO - 1. yor: cos=0.9808
2025-08-27 18:28:33,454 - INFO - 2. bbj: cos=0.9855
2025-08-27 18:28:33,454 - INFO - 3. swa: cos=0.9860
2025-08-27 18:28:33,454 - INFO - 4. lug: cos=0.9897
2025-08-27 18:28:33,454 - INFO - 5. xho: cos=0.9897
2025-08-27 18:28:33,648 - INFO - === Layer 6 (mbert) — Top 5 (cosine) ===
2025-08-27 18:28:33,648 - INFO - 1. ibo: cos=0.9859
2025-08-27 18:28:33,648 - INFO - 2. twi: cos=0.9836
2025-08-27 18:28:33,648 - INFO - 3. bam: cos=0.9831
2025-08-27 18:28:33,648 - INFO - 4. zul: cos=0.9830
2025-08-27 18:28:33,648 - INFO - 5. sna: cos=0.9830
2025-08-27 18:28:33,648 - INFO - === Layer 6 (mbert) — Worst 5 (cosine) ===
2025-08-27 18:28:33,648 - INFO - 1. yor: cos=0.9585
2025-08-27 18:28:33,648 - INFO - 2. bbj: cos=0.9678
2025-08-27 18:28:33,648 - INFO - 3. swa: cos=0.9772
2025-08-27 18:28:33,648 - INFO - 4. nya: cos=0.9792
2025-08-27 18:28:33,648 - INFO - 5. luo: cos=0.9793
2025-08-27 18:28:33,774 - INFO - === Layer 7 (mbert) — Top 5 (cosine) ===
2025-08-27 18:28:33,774 - INFO - 1. twi: cos=0.9792
2025-08-27 18:28:33,774 - INFO - 2. lug: cos=0.9792
2025-08-27 18:28:33,774 - INFO - 3. ibo: cos=0.9772
2025-08-27 18:28:33,774 - INFO - 4. pcm: cos=0.9768
2025-08-27 18:28:33,774 - INFO - 5. zul: cos=0.9756
2025-08-27 18:28:33,774 - INFO - === Layer 7 (mbert) — Worst 5 (cosine) ===
2025-08-27 18:28:33,774 - INFO - 1. yor: cos=0.9484
2025-08-27 18:28:33,774 - INFO - 2. bbj: cos=0.9592
2025-08-27 18:28:33,774 - INFO - 3. luo: cos=0.9697
2025-08-27 18:28:33,774 - INFO - 4. bam: cos=0.9699
2025-08-27 18:28:33,774 - INFO - 5. swa: cos=0.9700
2025-08-27 18:28:33,894 - INFO - === Layer 8 (mbert) — Top 5 (cosine) ===
2025-08-27 18:28:33,894 - INFO - 1. twi: cos=0.9691
2025-08-27 18:28:33,894 - INFO - 2. lug: cos=0.9678
2025-08-27 18:28:33,894 - INFO - 3. mos: cos=0.9653
2025-08-27 18:28:33,894 - INFO - 4. ibo: cos=0.9624
2025-08-27 18:28:33,894 - INFO - 5. bam: cos=0.9615
2025-08-27 18:28:33,894 - INFO - === Layer 8 (mbert) — Worst 5 (cosine) ===
2025-08-27 18:28:33,894 - INFO - 1. yor: cos=0.9336
2025-08-27 18:28:33,894 - INFO - 2. pcm: cos=0.9453
2025-08-27 18:28:33,894 - INFO - 3. bbj: cos=0.9469
2025-08-27 18:28:33,894 - INFO - 4. xho: cos=0.9501
2025-08-27 18:28:33,894 - INFO - 5. zul: cos=0.9503
2025-08-27 18:28:34,017 - INFO - === Layer 9 (mbert) — Top 5 (cosine) ===
2025-08-27 18:28:34,017 - INFO - 1. pcm: cos=0.9742
2025-08-27 18:28:34,017 - INFO - 2. twi: cos=0.9737
2025-08-27 18:28:34,017 - INFO - 3. sna: cos=0.9724
2025-08-27 18:28:34,017 - INFO - 4. lug: cos=0.9710
2025-08-27 18:28:34,017 - INFO - 5. ibo: cos=0.9688
2025-08-27 18:28:34,017 - INFO - === Layer 9 (mbert) — Worst 5 (cosine) ===
2025-08-27 18:28:34,017 - INFO - 1. yor: cos=0.9414
2025-08-27 18:28:34,017 - INFO - 2. bbj: cos=0.9543
2025-08-27 18:28:34,017 - INFO - 3. swa: cos=0.9550
2025-08-27 18:28:34,017 - INFO - 4. wol: cos=0.9563
2025-08-27 18:28:34,017 - INFO - 5. xho: cos=0.9568
2025-08-27 18:28:34,147 - INFO - === Layer 10 (mbert) — Top 5 (cosine) ===
2025-08-27 18:28:34,147 - INFO - 1. lug: cos=0.9737
2025-08-27 18:28:34,147 - INFO - 2. pcm: cos=0.9737
2025-08-27 18:28:34,147 - INFO - 3. swa: cos=0.9715
2025-08-27 18:28:34,147 - INFO - 4. ibo: cos=0.9701
2025-08-27 18:28:34,147 - INFO - 5. mos: cos=0.9686
2025-08-27 18:28:34,147 - INFO - === Layer 10 (mbert) — Worst 5 (cosine) ===
2025-08-27 18:28:34,147 - INFO - 1. yor: cos=0.9388
2025-08-27 18:28:34,147 - INFO - 2. kin: cos=0.9441
2025-08-27 18:28:34,147 - INFO - 3. zul: cos=0.9499
2025-08-27 18:28:34,147 - INFO - 4. xho: cos=0.9513
2025-08-27 18:28:34,147 - INFO - 5. bbj: cos=0.9555
2025-08-27 18:28:34,291 - INFO - === Layer 11 (mbert) — Top 5 (cosine) ===
2025-08-27 18:28:34,291 - INFO - 1. pcm: cos=0.9764
2025-08-27 18:28:34,291 - INFO - 2. hau: cos=0.9744
2025-08-27 18:28:34,291 - INFO - 3. lug: cos=0.9725
2025-08-27 18:28:34,291 - INFO - 4. mos: cos=0.9713
2025-08-27 18:28:34,291 - INFO - 5. ibo: cos=0.9709
2025-08-27 18:28:34,291 - INFO - === Layer 11 (mbert) — Worst 5 (cosine) ===
2025-08-27 18:28:34,291 - INFO - 1. fon: cos=0.9377
2025-08-27 18:28:34,291 - INFO - 2. yor: cos=0.9444
2025-08-27 18:28:34,291 - INFO - 3. bbj: cos=0.9471
2025-08-27 18:28:34,291 - INFO - 4. zul: cos=0.9498
2025-08-27 18:28:34,291 - INFO - 5. swa: cos=0.9512
2025-08-27 18:28:34,410 - INFO - === Layer 12 (mbert) — Top 5 (cosine) ===
2025-08-27 18:28:34,410 - INFO - 1. pcm: cos=0.9492
2025-08-27 18:28:34,411 - INFO - 2. mos: cos=0.9455
2025-08-27 18:28:34,411 - INFO - 3. nya: cos=0.9433
2025-08-27 18:28:34,411 - INFO - 4. bam: cos=0.9408
2025-08-27 18:28:34,411 - INFO - 5. lug: cos=0.9398
2025-08-27 18:28:34,411 - INFO - === Layer 12 (mbert) — Worst 5 (cosine) ===
2025-08-27 18:28:34,411 - INFO - 1. yor: cos=0.8462
2025-08-27 18:28:34,411 - INFO - 2. xho: cos=0.8602
2025-08-27 18:28:34,411 - INFO - 3. zul: cos=0.8609
2025-08-27 18:28:34,411 - INFO - 4. hau: cos=0.8661
2025-08-27 18:28:34,411 - INFO - 5. fon: cos=0.8832
2025-08-27 18:28:34,411 - INFO - Experiment finished successfully.
