2025-08-03 01:17:46,966 - INFO - Experiment started with model_type=mbert, use_cls=False, use_context=False, context_window=0, use_hybrid=True, max_tokens_per_type=500, output_dir=rq2_train_scripts/Embeddings/MEXA_inspired_strategy/outputs/salt/mbert/config_3_clsfalse_ctxfalse_hybtrue/tokens_500_ctx0
2025-08-03 01:17:48,367 - INFO - Processing run
2025-08-03 01:18:06,468 - INFO - Processing bam
2025-08-03 01:18:23,862 - INFO - Processing bbj
2025-08-03 01:18:42,553 - INFO - Processing ewe
2025-08-03 01:19:02,816 - INFO - Processing fon
2025-08-03 01:19:22,047 - INFO - Processing hau
2025-08-03 01:19:41,110 - INFO - Processing ibo
2025-08-03 01:20:00,441 - INFO - Processing kin
2025-08-03 01:20:20,191 - INFO - Processing lug
2025-08-03 01:20:39,643 - INFO - Processing luo
2025-08-03 01:20:59,479 - INFO - Processing mos
2025-08-03 01:21:18,553 - INFO - Processing nya
2025-08-03 01:21:37,901 - INFO - Processing pcm
2025-08-03 01:21:57,444 - INFO - Processing sna
2025-08-03 01:22:17,528 - INFO - Processing swa
2025-08-03 01:22:37,567 - INFO - Processing tsn
2025-08-03 01:22:57,720 - INFO - Processing twi
2025-08-03 01:23:17,281 - INFO - Processing wol
2025-08-03 01:23:36,362 - INFO - Processing xho
2025-08-03 01:23:55,835 - INFO - Processing yor
2025-08-03 01:24:15,715 - INFO - Processing zul
2025-08-03 01:24:35,843 - INFO - Top 5 languages most similar to Runyankore:
2025-08-03 01:24:35,843 - INFO - 1. lug - Mean Similarity: 0.6407
2025-08-03 01:24:35,843 - INFO - 2. luo - Mean Similarity: 0.6112
2025-08-03 01:24:35,843 - INFO - 3. kin - Mean Similarity: 0.6036
2025-08-03 01:24:35,843 - INFO - 4. twi - Mean Similarity: 0.5949
2025-08-03 01:24:35,843 - INFO - 5. ibo - Mean Similarity: 0.5933
2025-08-03 01:24:35,843 - INFO - Experiment finished successfully.
