2025-08-02 23:29:09,238 - INFO - Experiment started with model_type=mbert, use_cls=True, use_context=True, context_window=0, use_hybrid=True, max_tokens_per_type=300, output_dir=rq2_train_scripts/Embeddings/MEXA_inspired_strategy/outputs/combined/mbert/config_7_clstrue_ctxtrue_hybtrue/tokens_300_ctx0
2025-08-02 23:29:10,490 - INFO - Processing run
2025-08-02 23:29:13,087 - INFO - Processing bam
2025-08-02 23:29:15,296 - INFO - Processing bbj
2025-08-02 23:29:17,535 - INFO - Processing ewe
2025-08-02 23:29:19,765 - INFO - Processing fon
2025-08-02 23:29:22,024 - INFO - Processing hau
2025-08-02 23:29:24,262 - INFO - Processing ibo
2025-08-02 23:29:26,532 - INFO - Processing kin
2025-08-02 23:29:28,775 - INFO - Processing lug
2025-08-02 23:29:30,981 - INFO - Processing luo
2025-08-02 23:29:33,192 - INFO - Processing mos
2025-08-02 23:29:35,401 - INFO - Processing nya
2025-08-02 23:29:37,630 - INFO - Processing pcm
2025-08-02 23:29:39,827 - INFO - Processing sna
2025-08-02 23:29:42,070 - INFO - Processing swa
2025-08-02 23:29:44,282 - INFO - Processing tsn
2025-08-02 23:29:46,471 - INFO - Processing twi
2025-08-02 23:29:48,676 - INFO - Processing wol
2025-08-02 23:29:50,903 - INFO - Processing xho
2025-08-02 23:29:53,130 - INFO - Processing yor
2025-08-02 23:29:55,405 - INFO - Processing zul
2025-08-02 23:29:58,115 - INFO - Top 5 languages most similar to Runyankore:
2025-08-02 23:29:58,116 - INFO - 1. lug - Mean Similarity: 0.6873
2025-08-02 23:29:58,116 - INFO - 2. twi - Mean Similarity: 0.6605
2025-08-02 23:29:58,116 - INFO - 3. luo - Mean Similarity: 0.6497
2025-08-02 23:29:58,116 - INFO - 4. ibo - Mean Similarity: 0.6453
2025-08-02 23:29:58,116 - INFO - 5. swa - Mean Similarity: 0.6425
2025-08-02 23:29:58,116 - INFO - Experiment finished successfully.
