2025-08-02 22:43:04,776 - INFO - Experiment started with model_type=mbert, use_cls=True, use_context=True, context_window=0, use_hybrid=False, max_tokens_per_type=400, output_dir=rq2_train_scripts/Embeddings/MEXA_inspired_strategy/outputs/combined/mbert/config_4_clstrue_ctxtrue_hybfalse/tokens_400_ctx0
2025-08-02 22:43:05,984 - INFO - Processing run
2025-08-02 22:43:09,119 - INFO - Processing bam
2025-08-02 22:43:11,855 - INFO - Processing bbj
2025-08-02 22:43:14,797 - INFO - Processing ewe
2025-08-02 22:43:17,729 - INFO - Processing fon
2025-08-02 22:43:20,717 - INFO - Processing hau
2025-08-02 22:43:23,702 - INFO - Processing ibo
2025-08-02 22:43:26,702 - INFO - Processing kin
2025-08-02 22:43:29,661 - INFO - Processing lug
2025-08-02 22:43:32,593 - INFO - Processing luo
2025-08-02 22:43:35,546 - INFO - Processing mos
2025-08-02 22:43:38,468 - INFO - Processing nya
2025-08-02 22:43:41,411 - INFO - Processing pcm
2025-08-02 22:43:44,317 - INFO - Processing sna
2025-08-02 22:43:47,263 - INFO - Processing swa
2025-08-02 22:43:50,178 - INFO - Processing tsn
2025-08-02 22:43:53,069 - INFO - Processing twi
2025-08-02 22:43:55,986 - INFO - Processing wol
2025-08-02 22:43:58,916 - INFO - Processing xho
2025-08-02 22:44:01,850 - INFO - Processing yor
2025-08-02 22:44:04,849 - INFO - Processing zul
2025-08-02 22:44:08,265 - INFO - Top 5 languages most similar to Runyankore:
2025-08-02 22:44:08,265 - INFO - 1. lug - Mean Similarity: 0.9832
2025-08-02 22:44:08,265 - INFO - 2. luo - Mean Similarity: 0.9724
2025-08-02 22:44:08,265 - INFO - 3. twi - Mean Similarity: 0.9703
2025-08-02 22:44:08,265 - INFO - 4. swa - Mean Similarity: 0.9700
2025-08-02 22:44:08,265 - INFO - 5. kin - Mean Similarity: 0.9660
2025-08-02 22:44:08,265 - INFO - Experiment finished successfully.
