2025-08-02 16:01:24,599 - INFO - Experiment started with model_type=xlmr, use_cls=False, use_context=True, context_window=2, use_hybrid=False, max_tokens_per_type=300, output_dir=rq2_train_scripts/Embeddings/MEXA_inspired_strategy/outputs/salt/xlmr/config_2_clsfalse_ctxtrue_hybfalse/tokens_300_ctx2
2025-08-02 16:01:26,440 - INFO - Processing run
2025-08-02 16:01:35,615 - INFO - Processing bam
2025-08-02 16:01:44,031 - INFO - Processing bbj
2025-08-02 16:01:52,139 - INFO - Processing ewe
2025-08-02 16:02:00,884 - INFO - Processing fon
2025-08-02 16:02:09,126 - INFO - Processing hau
2025-08-02 16:02:18,002 - INFO - Processing ibo
2025-08-02 16:02:27,475 - INFO - Processing kin
2025-08-02 16:02:35,656 - INFO - Processing lug
2025-08-02 16:02:44,653 - INFO - Processing luo
2025-08-02 16:02:53,843 - INFO - Processing mos
2025-08-02 16:03:01,951 - INFO - Processing nya
2025-08-02 16:03:10,862 - INFO - Processing pcm
2025-08-02 16:03:19,034 - INFO - Processing sna
2025-08-02 16:03:27,783 - INFO - Processing swa
2025-08-02 16:03:36,118 - INFO - Processing tsn
2025-08-02 16:03:44,509 - INFO - Processing twi
2025-08-02 16:03:52,783 - INFO - Processing wol
2025-08-02 16:04:01,392 - INFO - Processing xho
2025-08-02 16:04:10,148 - INFO - Processing yor
2025-08-02 16:04:19,397 - INFO - Processing zul
2025-08-02 16:04:27,936 - INFO - Top 5 languages most similar to Runyankore:
2025-08-02 16:04:27,936 - INFO - 1. lug - Mean Similarity: 0.9997
2025-08-02 16:04:27,936 - INFO - 2. kin - Mean Similarity: 0.9995
2025-08-02 16:04:27,936 - INFO - 3. nya - Mean Similarity: 0.9994
2025-08-02 16:04:27,936 - INFO - 4. luo - Mean Similarity: 0.9993
2025-08-02 16:04:27,936 - INFO - 5. sna - Mean Similarity: 0.9993
2025-08-02 16:04:27,936 - INFO - Experiment finished successfully.
