2025-08-24 11:33:03,473 - INFO - Start: model_type=xlmr, run_both=False, use_cls=True, use_context=False, context_window=2, max_tokens_per_type=500, batch_size=32, seed=1, num_middle_layers=3, output_dir=rq2_train_scripts/Embeddings/EXTENDED/outputs/combined_extended/xlmr/config_5_clstrue_ctxfalse_hybtrue/tokens_500_ctx2
2025-08-24 11:33:04,034 - INFO - xlmr: selected layer indices (hidden_states) = [2, 3, 10, 12]
2025-08-24 11:33:05,428 - INFO - Processing run
2025-08-24 11:33:05,867 - INFO - Processing bam
2025-08-24 11:33:05,973 - INFO - Processing bbj
2025-08-24 11:33:06,052 - INFO - Processing ewe
2025-08-24 11:33:06,133 - INFO - Processing fon
2025-08-24 11:33:06,293 - INFO - Processing hau
2025-08-24 11:33:06,383 - INFO - Processing ibo
2025-08-24 11:33:06,510 - INFO - Processing kin
2025-08-24 11:33:06,632 - INFO - Processing lug
2025-08-24 11:33:06,734 - INFO - Processing luo
2025-08-24 11:33:06,829 - INFO - Processing mos
2025-08-24 11:33:06,922 - INFO - Processing nya
2025-08-24 11:33:07,027 - INFO - Processing pcm
2025-08-24 11:33:07,108 - INFO - Processing sna
2025-08-24 11:33:07,204 - INFO - Processing swa
2025-08-24 11:33:07,330 - INFO - Processing tsn
2025-08-24 11:33:07,420 - INFO - Processing twi
2025-08-24 11:33:07,527 - INFO - Processing wol
2025-08-24 11:33:07,621 - INFO - Processing xho
2025-08-24 11:33:07,761 - INFO - Processing yor
2025-08-24 11:33:07,890 - INFO - Processing zul
2025-08-24 11:33:08,347 - INFO - Layer 2 (xlmr) — Top 5
2025-08-24 11:33:08,347 - INFO - 1. kin: r=1.0000
2025-08-24 11:33:08,347 - INFO - 2. luo: r=1.0000
2025-08-24 11:33:08,347 - INFO - 3. twi: r=1.0000
2025-08-24 11:33:08,347 - INFO - 4. tsn: r=1.0000
2025-08-24 11:33:08,347 - INFO - 5. ewe: r=1.0000
2025-08-24 11:33:08,347 - INFO - Layer 2 (xlmr) — Worst 5
2025-08-24 11:33:08,347 - INFO - 1. bam: r=0.9999
2025-08-24 11:33:08,347 - INFO - 2. fon: r=0.9999
2025-08-24 11:33:08,347 - INFO - 3. bbj: r=0.9999
2025-08-24 11:33:08,347 - INFO - 4. mos: r=1.0000
2025-08-24 11:33:08,347 - INFO - 5. pcm: r=1.0000
2025-08-24 11:33:08,468 - INFO - Layer 3 (xlmr) — Top 5
2025-08-24 11:33:08,468 - INFO - 1. kin: r=1.0000
2025-08-24 11:33:08,468 - INFO - 2. twi: r=1.0000
2025-08-24 11:33:08,468 - INFO - 3. luo: r=1.0000
2025-08-24 11:33:08,468 - INFO - 4. tsn: r=1.0000
2025-08-24 11:33:08,468 - INFO - 5. ewe: r=1.0000
2025-08-24 11:33:08,468 - INFO - Layer 3 (xlmr) — Worst 5
2025-08-24 11:33:08,468 - INFO - 1. bbj: r=1.0000
2025-08-24 11:33:08,468 - INFO - 2. fon: r=1.0000
2025-08-24 11:33:08,468 - INFO - 3. bam: r=1.0000
2025-08-24 11:33:08,468 - INFO - 4. mos: r=1.0000
2025-08-24 11:33:08,468 - INFO - 5. yor: r=1.0000
2025-08-24 11:33:08,584 - INFO - Layer 10 (xlmr) — Top 5
2025-08-24 11:33:08,584 - INFO - 1. swa: r=1.0000
2025-08-24 11:33:08,584 - INFO - 2. lug: r=1.0000
2025-08-24 11:33:08,584 - INFO - 3. kin: r=1.0000
2025-08-24 11:33:08,584 - INFO - 4. luo: r=1.0000
2025-08-24 11:33:08,584 - INFO - 5. twi: r=1.0000
2025-08-24 11:33:08,584 - INFO - Layer 10 (xlmr) — Worst 5
2025-08-24 11:33:08,584 - INFO - 1. fon: r=1.0000
2025-08-24 11:33:08,584 - INFO - 2. hau: r=1.0000
2025-08-24 11:33:08,584 - INFO - 3. pcm: r=1.0000
2025-08-24 11:33:08,584 - INFO - 4. ibo: r=1.0000
2025-08-24 11:33:08,584 - INFO - 5. bam: r=1.0000
2025-08-24 11:33:08,700 - INFO - Layer 12 (xlmr) — Top 5
2025-08-24 11:33:08,700 - INFO - 1. lug: r=1.0000
2025-08-24 11:33:08,700 - INFO - 2. twi: r=0.9999
2025-08-24 11:33:08,700 - INFO - 3. nya: r=0.9999
2025-08-24 11:33:08,701 - INFO - 4. kin: r=0.9999
2025-08-24 11:33:08,701 - INFO - 5. mos: r=0.9999
2025-08-24 11:33:08,701 - INFO - Layer 12 (xlmr) — Worst 5
2025-08-24 11:33:08,701 - INFO - 1. hau: r=0.9964
2025-08-24 11:33:08,701 - INFO - 2. fon: r=0.9994
2025-08-24 11:33:08,701 - INFO - 3. pcm: r=0.9995
2025-08-24 11:33:08,701 - INFO - 4. ibo: r=0.9997
2025-08-24 11:33:08,701 - INFO - 5. yor: r=0.9998
2025-08-24 11:33:08,701 - INFO - Experiment finished successfully.
