2025-08-24 11:22:15,524 - INFO - Start: model_type=xlmr, run_both=False, use_cls=True, use_context=True, context_window=2, max_tokens_per_type=500, batch_size=32, seed=1, num_middle_layers=3, output_dir=rq2_train_scripts/Embeddings/EXTENDED/outputs/salt_extended/xlmr/config_4_clstrue_ctxtrue_hybfalse/tokens_500_ctx2
2025-08-24 11:22:16,088 - INFO - xlmr: selected layer indices (hidden_states) = [2, 3, 10, 12]
2025-08-24 11:22:17,802 - INFO - Processing run
2025-08-24 11:22:18,532 - INFO - Processing bam
2025-08-24 11:22:18,919 - INFO - Processing bbj
2025-08-24 11:22:19,292 - INFO - Processing ewe
2025-08-24 11:22:19,667 - INFO - Processing fon
2025-08-24 11:22:20,029 - INFO - Processing hau
2025-08-24 11:22:20,365 - INFO - Processing ibo
2025-08-24 11:22:20,781 - INFO - Processing kin
2025-08-24 11:22:21,151 - INFO - Processing lug
2025-08-24 11:22:21,518 - INFO - Processing luo
2025-08-24 11:22:21,863 - INFO - Processing mos
2025-08-24 11:22:22,222 - INFO - Processing nya
2025-08-24 11:22:22,621 - INFO - Processing pcm
2025-08-24 11:22:22,931 - INFO - Processing sna
2025-08-24 11:22:23,332 - INFO - Processing swa
2025-08-24 11:22:23,666 - INFO - Processing tsn
2025-08-24 11:22:24,004 - INFO - Processing twi
2025-08-24 11:22:24,392 - INFO - Processing wol
2025-08-24 11:22:24,730 - INFO - Processing xho
2025-08-24 11:22:25,092 - INFO - Processing yor
2025-08-24 11:22:25,517 - INFO - Processing zul
2025-08-24 11:22:26,228 - INFO - Layer 2 (xlmr) — Top 5
2025-08-24 11:22:26,228 - INFO - 1. nya: r=1.0000
2025-08-24 11:22:26,228 - INFO - 2. kin: r=1.0000
2025-08-24 11:22:26,228 - INFO - 3. luo: r=1.0000
2025-08-24 11:22:26,228 - INFO - 4. wol: r=1.0000
2025-08-24 11:22:26,228 - INFO - 5. sna: r=1.0000
2025-08-24 11:22:26,228 - INFO - Layer 2 (xlmr) — Worst 5
2025-08-24 11:22:26,228 - INFO - 1. fon: r=1.0000
2025-08-24 11:22:26,228 - INFO - 2. bam: r=1.0000
2025-08-24 11:22:26,228 - INFO - 3. hau: r=1.0000
2025-08-24 11:22:26,228 - INFO - 4. yor: r=1.0000
2025-08-24 11:22:26,228 - INFO - 5. swa: r=1.0000
2025-08-24 11:22:26,344 - INFO - Layer 3 (xlmr) — Top 5
2025-08-24 11:22:26,344 - INFO - 1. lug: r=1.0000
2025-08-24 11:22:26,344 - INFO - 2. sna: r=1.0000
2025-08-24 11:22:26,344 - INFO - 3. xho: r=1.0000
2025-08-24 11:22:26,344 - INFO - 4. nya: r=1.0000
2025-08-24 11:22:26,344 - INFO - 5. kin: r=1.0000
2025-08-24 11:22:26,344 - INFO - Layer 3 (xlmr) — Worst 5
2025-08-24 11:22:26,344 - INFO - 1. pcm: r=1.0000
2025-08-24 11:22:26,344 - INFO - 2. swa: r=1.0000
2025-08-24 11:22:26,344 - INFO - 3. fon: r=1.0000
2025-08-24 11:22:26,344 - INFO - 4. tsn: r=1.0000
2025-08-24 11:22:26,344 - INFO - 5. ewe: r=1.0000
2025-08-24 11:22:26,461 - INFO - Layer 10 (xlmr) — Top 5
2025-08-24 11:22:26,461 - INFO - 1. twi: r=1.0000
2025-08-24 11:22:26,461 - INFO - 2. ibo: r=1.0000
2025-08-24 11:22:26,461 - INFO - 3. ewe: r=1.0000
2025-08-24 11:22:26,461 - INFO - 4. sna: r=1.0000
2025-08-24 11:22:26,461 - INFO - 5. yor: r=1.0000
2025-08-24 11:22:26,461 - INFO - Layer 10 (xlmr) — Worst 5
2025-08-24 11:22:26,461 - INFO - 1. pcm: r=1.0000
2025-08-24 11:22:26,461 - INFO - 2. tsn: r=1.0000
2025-08-24 11:22:26,461 - INFO - 3. bam: r=1.0000
2025-08-24 11:22:26,461 - INFO - 4. swa: r=1.0000
2025-08-24 11:22:26,461 - INFO - 5. bbj: r=1.0000
2025-08-24 11:22:26,577 - INFO - Layer 12 (xlmr) — Top 5
2025-08-24 11:22:26,577 - INFO - 1. hau: r=0.9982
2025-08-24 11:22:26,577 - INFO - 2. ewe: r=0.9975
2025-08-24 11:22:26,577 - INFO - 3. bam: r=0.9972
2025-08-24 11:22:26,577 - INFO - 4. swa: r=0.9967
2025-08-24 11:22:26,577 - INFO - 5. sna: r=0.9963
2025-08-24 11:22:26,577 - INFO - Layer 12 (xlmr) — Worst 5
2025-08-24 11:22:26,577 - INFO - 1. fon: r=0.9935
2025-08-24 11:22:26,577 - INFO - 2. kin: r=0.9947
2025-08-24 11:22:26,577 - INFO - 3. bbj: r=0.9953
2025-08-24 11:22:26,577 - INFO - 4. mos: r=0.9954
2025-08-24 11:22:26,577 - INFO - 5. ibo: r=0.9954
2025-08-24 11:22:26,578 - INFO - Experiment finished successfully.
