2025-08-27 17:53:38,295 - INFO - Start: model_type=xlmr, use_cls=False, use_context=True, context_window=3, max_tokens_per_type=400, batch_size=64, output_dir=rq2_train_scripts/Embeddings/CLEAN/outputs/mptc/xlmr/config_2_clsfalse_ctxtrue/tokens_400_ctx3/core, save_prototypes=False, seed=42, fp16=True, max_length=96, langs=all, layers=all, span_mode=bio, pool=mean, entity_tags={'DATE', 'ORG', 'PER', 'LOC'}, title_suffix='L=all, tokens=400, ctx=3, cls=false, fp16=true'
2025-08-27 17:53:40,415 - INFO - Processing run
2025-08-27 17:53:40,892 - INFO - Processing bam
2025-08-27 17:53:41,032 - INFO - Processing bbj
2025-08-27 17:53:41,190 - INFO - Processing ewe
2025-08-27 17:53:41,317 - INFO - Processing fon
2025-08-27 17:53:41,468 - INFO - Processing hau
2025-08-27 17:53:41,614 - INFO - Processing ibo
2025-08-27 17:53:41,791 - INFO - Processing kin
2025-08-27 17:53:41,943 - INFO - Processing lug
2025-08-27 17:53:42,077 - INFO - Processing luo
2025-08-27 17:53:42,218 - INFO - Processing mos
2025-08-27 17:53:42,373 - INFO - Processing nya
2025-08-27 17:53:42,520 - INFO - Processing pcm
2025-08-27 17:53:42,653 - INFO - Processing sna
2025-08-27 17:53:42,795 - INFO - Processing swa
2025-08-27 17:53:42,937 - INFO - Processing tsn
2025-08-27 17:53:43,066 - INFO - Processing twi
2025-08-27 17:53:43,213 - INFO - Processing wol
2025-08-27 17:53:43,399 - INFO - Processing xho
2025-08-27 17:53:43,574 - INFO - Processing yor
2025-08-27 17:53:43,803 - INFO - Processing zul
2025-08-27 17:53:44,407 - INFO - === Layer 1 (xlmr) — Top 5 (cosine) ===
2025-08-27 17:53:44,407 - INFO - 1. kin: cos=0.9233
2025-08-27 17:53:44,407 - INFO - 2. twi: cos=0.9095
2025-08-27 17:53:44,407 - INFO - 3. sna: cos=0.9043
2025-08-27 17:53:44,407 - INFO - 4. luo: cos=0.9027
2025-08-27 17:53:44,407 - INFO - 5. nya: cos=0.8973
2025-08-27 17:53:44,407 - INFO - === Layer 1 (xlmr) — Worst 5 (cosine) ===
2025-08-27 17:53:44,407 - INFO - 1. hau: cos=0.8079
2025-08-27 17:53:44,407 - INFO - 2. pcm: cos=0.8245
2025-08-27 17:53:44,407 - INFO - 3. swa: cos=0.8306
2025-08-27 17:53:44,407 - INFO - 4. fon: cos=0.8323
2025-08-27 17:53:44,407 - INFO - 5. bbj: cos=0.8363
2025-08-27 17:53:44,536 - INFO - === Layer 2 (xlmr) — Top 5 (cosine) ===
2025-08-27 17:53:44,536 - INFO - 1. kin: cos=0.9653
2025-08-27 17:53:44,536 - INFO - 2. twi: cos=0.9640
2025-08-27 17:53:44,536 - INFO - 3. sna: cos=0.9623
2025-08-27 17:53:44,536 - INFO - 4. luo: cos=0.9617
2025-08-27 17:53:44,536 - INFO - 5. nya: cos=0.9591
2025-08-27 17:53:44,536 - INFO - === Layer 2 (xlmr) — Worst 5 (cosine) ===
2025-08-27 17:53:44,537 - INFO - 1. hau: cos=0.9203
2025-08-27 17:53:44,537 - INFO - 2. pcm: cos=0.9249
2025-08-27 17:53:44,537 - INFO - 3. swa: cos=0.9313
2025-08-27 17:53:44,537 - INFO - 4. fon: cos=0.9350
2025-08-27 17:53:44,537 - INFO - 5. bbj: cos=0.9363
2025-08-27 17:53:44,663 - INFO - === Layer 3 (xlmr) — Top 5 (cosine) ===
2025-08-27 17:53:44,663 - INFO - 1. kin: cos=0.9756
2025-08-27 17:53:44,663 - INFO - 2. twi: cos=0.9752
2025-08-27 17:53:44,663 - INFO - 3. luo: cos=0.9733
2025-08-27 17:53:44,663 - INFO - 4. nya: cos=0.9724
2025-08-27 17:53:44,663 - INFO - 5. ibo: cos=0.9711
2025-08-27 17:53:44,663 - INFO - === Layer 3 (xlmr) — Worst 5 (cosine) ===
2025-08-27 17:53:44,663 - INFO - 1. hau: cos=0.9442
2025-08-27 17:53:44,663 - INFO - 2. pcm: cos=0.9475
2025-08-27 17:53:44,663 - INFO - 3. swa: cos=0.9517
2025-08-27 17:53:44,663 - INFO - 4. bbj: cos=0.9563
2025-08-27 17:53:44,663 - INFO - 5. fon: cos=0.9563
2025-08-27 17:53:44,792 - INFO - === Layer 4 (xlmr) — Top 5 (cosine) ===
2025-08-27 17:53:44,792 - INFO - 1. twi: cos=0.9767
2025-08-27 17:53:44,792 - INFO - 2. kin: cos=0.9748
2025-08-27 17:53:44,792 - INFO - 3. luo: cos=0.9729
2025-08-27 17:53:44,792 - INFO - 4. nya: cos=0.9718
2025-08-27 17:53:44,792 - INFO - 5. ibo: cos=0.9696
2025-08-27 17:53:44,792 - INFO - === Layer 4 (xlmr) — Worst 5 (cosine) ===
2025-08-27 17:53:44,792 - INFO - 1. pcm: cos=0.9380
2025-08-27 17:53:44,792 - INFO - 2. hau: cos=0.9449
2025-08-27 17:53:44,792 - INFO - 3. swa: cos=0.9465
2025-08-27 17:53:44,792 - INFO - 4. bbj: cos=0.9519
2025-08-27 17:53:44,792 - INFO - 5. fon: cos=0.9544
2025-08-27 17:53:44,919 - INFO - === Layer 5 (xlmr) — Top 5 (cosine) ===
2025-08-27 17:53:44,919 - INFO - 1. twi: cos=0.9778
2025-08-27 17:53:44,919 - INFO - 2. kin: cos=0.9772
2025-08-27 17:53:44,919 - INFO - 3. luo: cos=0.9755
2025-08-27 17:53:44,919 - INFO - 4. nya: cos=0.9748
2025-08-27 17:53:44,919 - INFO - 5. sna: cos=0.9732
2025-08-27 17:53:44,919 - INFO - === Layer 5 (xlmr) — Worst 5 (cosine) ===
2025-08-27 17:53:44,919 - INFO - 1. pcm: cos=0.9371
2025-08-27 17:53:44,920 - INFO - 2. hau: cos=0.9462
2025-08-27 17:53:44,920 - INFO - 3. swa: cos=0.9463
2025-08-27 17:53:44,920 - INFO - 4. bbj: cos=0.9535
2025-08-27 17:53:44,920 - INFO - 5. fon: cos=0.9563
2025-08-27 17:53:45,048 - INFO - === Layer 6 (xlmr) — Top 5 (cosine) ===
2025-08-27 17:53:45,048 - INFO - 1. kin: cos=0.9766
2025-08-27 17:53:45,048 - INFO - 2. twi: cos=0.9760
2025-08-27 17:53:45,048 - INFO - 3. luo: cos=0.9747
2025-08-27 17:53:45,048 - INFO - 4. zul: cos=0.9699
2025-08-27 17:53:45,048 - INFO - 5. sna: cos=0.9691
2025-08-27 17:53:45,048 - INFO - === Layer 6 (xlmr) — Worst 5 (cosine) ===
2025-08-27 17:53:45,048 - INFO - 1. pcm: cos=0.9299
2025-08-27 17:53:45,048 - INFO - 2. swa: cos=0.9391
2025-08-27 17:53:45,048 - INFO - 3. hau: cos=0.9400
2025-08-27 17:53:45,048 - INFO - 4. bbj: cos=0.9477
2025-08-27 17:53:45,048 - INFO - 5. fon: cos=0.9547
2025-08-27 17:53:45,172 - INFO - === Layer 7 (xlmr) — Top 5 (cosine) ===
2025-08-27 17:53:45,172 - INFO - 1. kin: cos=0.9810
2025-08-27 17:53:45,172 - INFO - 2. twi: cos=0.9800
2025-08-27 17:53:45,172 - INFO - 3. sna: cos=0.9797
2025-08-27 17:53:45,172 - INFO - 4. zul: cos=0.9778
2025-08-27 17:53:45,172 - INFO - 5. luo: cos=0.9775
2025-08-27 17:53:45,172 - INFO - === Layer 7 (xlmr) — Worst 5 (cosine) ===
2025-08-27 17:53:45,172 - INFO - 1. pcm: cos=0.9383
2025-08-27 17:53:45,172 - INFO - 2. swa: cos=0.9450
2025-08-27 17:53:45,172 - INFO - 3. hau: cos=0.9488
2025-08-27 17:53:45,172 - INFO - 4. bbj: cos=0.9641
2025-08-27 17:53:45,172 - INFO - 5. fon: cos=0.9675
2025-08-27 17:53:45,356 - INFO - === Layer 8 (xlmr) — Top 5 (cosine) ===
2025-08-27 17:53:45,356 - INFO - 1. twi: cos=0.9685
2025-08-27 17:53:45,356 - INFO - 2. kin: cos=0.9681
2025-08-27 17:53:45,356 - INFO - 3. luo: cos=0.9660
2025-08-27 17:53:45,356 - INFO - 4. sna: cos=0.9651
2025-08-27 17:53:45,356 - INFO - 5. nya: cos=0.9631
2025-08-27 17:53:45,356 - INFO - === Layer 8 (xlmr) — Worst 5 (cosine) ===
2025-08-27 17:53:45,356 - INFO - 1. pcm: cos=0.9250
2025-08-27 17:53:45,356 - INFO - 2. swa: cos=0.9333
2025-08-27 17:53:45,356 - INFO - 3. hau: cos=0.9376
2025-08-27 17:53:45,356 - INFO - 4. bbj: cos=0.9465
2025-08-27 17:53:45,356 - INFO - 5. fon: cos=0.9499
2025-08-27 17:53:45,484 - INFO - === Layer 9 (xlmr) — Top 5 (cosine) ===
2025-08-27 17:53:45,484 - INFO - 1. twi: cos=0.9810
2025-08-27 17:53:45,484 - INFO - 2. mos: cos=0.9785
2025-08-27 17:53:45,484 - INFO - 3. kin: cos=0.9783
2025-08-27 17:53:45,484 - INFO - 4. ewe: cos=0.9782
2025-08-27 17:53:45,484 - INFO - 5. zul: cos=0.9776
2025-08-27 17:53:45,484 - INFO - === Layer 9 (xlmr) — Worst 5 (cosine) ===
2025-08-27 17:53:45,484 - INFO - 1. swa: cos=0.9525
2025-08-27 17:53:45,484 - INFO - 2. pcm: cos=0.9549
2025-08-27 17:53:45,484 - INFO - 3. hau: cos=0.9634
2025-08-27 17:53:45,484 - INFO - 4. lug: cos=0.9670
2025-08-27 17:53:45,484 - INFO - 5. bbj: cos=0.9673
2025-08-27 17:53:45,621 - INFO - === Layer 10 (xlmr) — Top 5 (cosine) ===
2025-08-27 17:53:45,621 - INFO - 1. kin: cos=0.9795
2025-08-27 17:53:45,621 - INFO - 2. twi: cos=0.9783
2025-08-27 17:53:45,621 - INFO - 3. mos: cos=0.9766
2025-08-27 17:53:45,621 - INFO - 4. zul: cos=0.9766
2025-08-27 17:53:45,621 - INFO - 5. nya: cos=0.9756
2025-08-27 17:53:45,621 - INFO - === Layer 10 (xlmr) — Worst 5 (cosine) ===
2025-08-27 17:53:45,621 - INFO - 1. pcm: cos=0.9537
2025-08-27 17:53:45,621 - INFO - 2. swa: cos=0.9542
2025-08-27 17:53:45,621 - INFO - 3. yor: cos=0.9626
2025-08-27 17:53:45,621 - INFO - 4. hau: cos=0.9632
2025-08-27 17:53:45,621 - INFO - 5. bam: cos=0.9641
2025-08-27 17:53:45,743 - INFO - === Layer 11 (xlmr) — Top 5 (cosine) ===
2025-08-27 17:53:45,743 - INFO - 1. kin: cos=0.9833
2025-08-27 17:53:45,743 - INFO - 2. nya: cos=0.9799
2025-08-27 17:53:45,743 - INFO - 3. twi: cos=0.9796
2025-08-27 17:53:45,743 - INFO - 4. zul: cos=0.9796
2025-08-27 17:53:45,743 - INFO - 5. mos: cos=0.9794
2025-08-27 17:53:45,743 - INFO - === Layer 11 (xlmr) — Worst 5 (cosine) ===
2025-08-27 17:53:45,743 - INFO - 1. pcm: cos=0.9597
2025-08-27 17:53:45,743 - INFO - 2. swa: cos=0.9620
2025-08-27 17:53:45,743 - INFO - 3. bbj: cos=0.9641
2025-08-27 17:53:45,743 - INFO - 4. bam: cos=0.9658
2025-08-27 17:53:45,743 - INFO - 5. yor: cos=0.9675
2025-08-27 17:53:45,862 - INFO - === Layer 12 (xlmr) — Top 5 (cosine) ===
2025-08-27 17:53:45,862 - INFO - 1. kin: cos=0.9985
2025-08-27 17:53:45,862 - INFO - 2. sna: cos=0.9984
2025-08-27 17:53:45,862 - INFO - 3. nya: cos=0.9983
2025-08-27 17:53:45,862 - INFO - 4. zul: cos=0.9982
2025-08-27 17:53:45,862 - INFO - 5. tsn: cos=0.9981
2025-08-27 17:53:45,862 - INFO - === Layer 12 (xlmr) — Worst 5 (cosine) ===
2025-08-27 17:53:45,862 - INFO - 1. bbj: cos=0.9961
2025-08-27 17:53:45,862 - INFO - 2. pcm: cos=0.9962
2025-08-27 17:53:45,862 - INFO - 3. swa: cos=0.9964
2025-08-27 17:53:45,863 - INFO - 4. hau: cos=0.9966
2025-08-27 17:53:45,863 - INFO - 5. bam: cos=0.9967
2025-08-27 17:53:45,863 - INFO - Experiment finished successfully.
