2025-08-24 11:37:16,070 - INFO - Start: model_type=mbert, run_both=False, use_cls=True, use_context=False, context_window=3, max_tokens_per_type=400, batch_size=32, seed=1, num_middle_layers=3, output_dir=rq2_train_scripts/Embeddings/EXTENDED/outputs/salt_extended/mbert/config_1_clstrue_ctxfalse_hybfalse/tokens_400_ctx3
2025-08-24 11:37:16,601 - INFO - mbert: selected layer indices (hidden_states) = [2, 3, 10, 12]
2025-08-24 11:37:17,491 - INFO - Processing run
2025-08-24 11:37:18,020 - INFO - Processing bam
2025-08-24 11:37:18,154 - INFO - Processing bbj
2025-08-24 11:37:18,278 - INFO - Processing ewe
2025-08-24 11:37:18,365 - INFO - Processing fon
2025-08-24 11:37:18,482 - INFO - Processing hau
2025-08-24 11:37:18,581 - INFO - Processing ibo
2025-08-24 11:37:18,723 - INFO - Processing kin
2025-08-24 11:37:18,816 - INFO - Processing lug
2025-08-24 11:37:18,891 - INFO - Processing luo
2025-08-24 11:37:18,980 - INFO - Processing mos
2025-08-24 11:37:19,063 - INFO - Processing nya
2025-08-24 11:37:19,152 - INFO - Processing pcm
2025-08-24 11:37:19,230 - INFO - Processing sna
2025-08-24 11:37:19,319 - INFO - Processing swa
2025-08-24 11:37:19,404 - INFO - Processing tsn
2025-08-24 11:37:19,521 - INFO - Processing twi
2025-08-24 11:37:19,614 - INFO - Processing wol
2025-08-24 11:37:19,699 - INFO - Processing xho
2025-08-24 11:37:19,783 - INFO - Processing yor
2025-08-24 11:37:19,894 - INFO - Processing zul
2025-08-24 11:37:20,259 - INFO - Layer 2 (mbert) — Top 5
2025-08-24 11:37:20,259 - INFO - 1. kin: r=0.9999
2025-08-24 11:37:20,259 - INFO - 2. lug: r=0.9999
2025-08-24 11:37:20,259 - INFO - 3. luo: r=0.9999
2025-08-24 11:37:20,259 - INFO - 4. ibo: r=0.9999
2025-08-24 11:37:20,259 - INFO - 5. twi: r=0.9999
2025-08-24 11:37:20,259 - INFO - Layer 2 (mbert) — Worst 5
2025-08-24 11:37:20,259 - INFO - 1. bbj: r=0.9993
2025-08-24 11:37:20,259 - INFO - 2. ewe: r=0.9994
2025-08-24 11:37:20,259 - INFO - 3. xho: r=0.9997
2025-08-24 11:37:20,259 - INFO - 4. mos: r=0.9998
2025-08-24 11:37:20,259 - INFO - 5. pcm: r=0.9998
2025-08-24 11:37:20,379 - INFO - Layer 3 (mbert) — Top 5
2025-08-24 11:37:20,379 - INFO - 1. lug: r=1.0000
2025-08-24 11:37:20,379 - INFO - 2. kin: r=1.0000
2025-08-24 11:37:20,379 - INFO - 3. ibo: r=1.0000
2025-08-24 11:37:20,379 - INFO - 4. luo: r=1.0000
2025-08-24 11:37:20,379 - INFO - 5. twi: r=1.0000
2025-08-24 11:37:20,379 - INFO - Layer 3 (mbert) — Worst 5
2025-08-24 11:37:20,379 - INFO - 1. bbj: r=0.9998
2025-08-24 11:37:20,379 - INFO - 2. ewe: r=0.9999
2025-08-24 11:37:20,379 - INFO - 3. xho: r=0.9999
2025-08-24 11:37:20,379 - INFO - 4. mos: r=0.9999
2025-08-24 11:37:20,379 - INFO - 5. pcm: r=1.0000
2025-08-24 11:37:20,498 - INFO - Layer 10 (mbert) — Top 5
2025-08-24 11:37:20,498 - INFO - 1. twi: r=0.9903
2025-08-24 11:37:20,499 - INFO - 2. kin: r=0.9898
2025-08-24 11:37:20,499 - INFO - 3. swa: r=0.9897
2025-08-24 11:37:20,499 - INFO - 4. luo: r=0.9893
2025-08-24 11:37:20,499 - INFO - 5. lug: r=0.9882
2025-08-24 11:37:20,499 - INFO - Layer 10 (mbert) — Worst 5
2025-08-24 11:37:20,499 - INFO - 1. yor: r=0.9647
2025-08-24 11:37:20,499 - INFO - 2. bbj: r=0.9661
2025-08-24 11:37:20,499 - INFO - 3. mos: r=0.9756
2025-08-24 11:37:20,499 - INFO - 4. fon: r=0.9763
2025-08-24 11:37:20,499 - INFO - 5. pcm: r=0.9775
2025-08-24 11:37:20,614 - INFO - Layer 12 (mbert) — Top 5
2025-08-24 11:37:20,614 - INFO - 1. twi: r=0.9738
2025-08-24 11:37:20,614 - INFO - 2. kin: r=0.9701
2025-08-24 11:37:20,614 - INFO - 3. lug: r=0.9700
2025-08-24 11:37:20,614 - INFO - 4. swa: r=0.9663
2025-08-24 11:37:20,614 - INFO - 5. luo: r=0.9632
2025-08-24 11:37:20,614 - INFO - Layer 12 (mbert) — Worst 5
2025-08-24 11:37:20,614 - INFO - 1. bbj: r=0.8980
2025-08-24 11:37:20,614 - INFO - 2. yor: r=0.9017
2025-08-24 11:37:20,614 - INFO - 3. xho: r=0.9172
2025-08-24 11:37:20,614 - INFO - 4. wol: r=0.9231
2025-08-24 11:37:20,614 - INFO - 5. mos: r=0.9270
2025-08-24 11:37:20,615 - INFO - Experiment finished successfully.
