2025-08-24 11:42:48,810 - INFO - Start: model_type=mbert, run_both=False, use_cls=True, use_context=False, context_window=2, max_tokens_per_type=400, batch_size=32, seed=1, num_middle_layers=3, output_dir=rq2_train_scripts/Embeddings/EXTENDED/outputs/combined_extended/mbert/config_1_clstrue_ctxfalse_hybfalse/tokens_400_ctx2
2025-08-24 11:42:49,333 - INFO - mbert: selected layer indices (hidden_states) = [2, 3, 10, 12]
2025-08-24 11:42:50,183 - INFO - Processing run
2025-08-24 11:42:50,669 - INFO - Processing bam
2025-08-24 11:42:50,788 - INFO - Processing bbj
2025-08-24 11:42:50,858 - INFO - Processing ewe
2025-08-24 11:42:50,977 - INFO - Processing fon
2025-08-24 11:42:51,070 - INFO - Processing hau
2025-08-24 11:42:51,164 - INFO - Processing ibo
2025-08-24 11:42:51,283 - INFO - Processing kin
2025-08-24 11:42:51,386 - INFO - Processing lug
2025-08-24 11:42:51,490 - INFO - Processing luo
2025-08-24 11:42:51,604 - INFO - Processing mos
2025-08-24 11:42:51,734 - INFO - Processing nya
2025-08-24 11:42:51,873 - INFO - Processing pcm
2025-08-24 11:42:51,985 - INFO - Processing sna
2025-08-24 11:42:52,106 - INFO - Processing swa
2025-08-24 11:42:52,207 - INFO - Processing tsn
2025-08-24 11:42:52,311 - INFO - Processing twi
2025-08-24 11:42:52,442 - INFO - Processing wol
2025-08-24 11:42:52,569 - INFO - Processing xho
2025-08-24 11:42:52,693 - INFO - Processing yor
2025-08-24 11:42:52,854 - INFO - Processing zul
2025-08-24 11:42:53,230 - INFO - Layer 2 (mbert) — Top 5
2025-08-24 11:42:53,231 - INFO - 1. kin: r=0.9999
2025-08-24 11:42:53,231 - INFO - 2. lug: r=0.9999
2025-08-24 11:42:53,231 - INFO - 3. luo: r=0.9999
2025-08-24 11:42:53,231 - INFO - 4. ibo: r=0.9999
2025-08-24 11:42:53,231 - INFO - 5. twi: r=0.9999
2025-08-24 11:42:53,231 - INFO - Layer 2 (mbert) — Worst 5
2025-08-24 11:42:53,231 - INFO - 1. bbj: r=0.9993
2025-08-24 11:42:53,231 - INFO - 2. ewe: r=0.9994
2025-08-24 11:42:53,231 - INFO - 3. xho: r=0.9997
2025-08-24 11:42:53,231 - INFO - 4. mos: r=0.9998
2025-08-24 11:42:53,231 - INFO - 5. pcm: r=0.9998
2025-08-24 11:42:53,351 - INFO - Layer 3 (mbert) — Top 5
2025-08-24 11:42:53,351 - INFO - 1. lug: r=1.0000
2025-08-24 11:42:53,351 - INFO - 2. kin: r=1.0000
2025-08-24 11:42:53,351 - INFO - 3. ibo: r=1.0000
2025-08-24 11:42:53,351 - INFO - 4. luo: r=1.0000
2025-08-24 11:42:53,351 - INFO - 5. twi: r=1.0000
2025-08-24 11:42:53,351 - INFO - Layer 3 (mbert) — Worst 5
2025-08-24 11:42:53,351 - INFO - 1. bbj: r=0.9998
2025-08-24 11:42:53,351 - INFO - 2. ewe: r=0.9999
2025-08-24 11:42:53,351 - INFO - 3. xho: r=0.9999
2025-08-24 11:42:53,351 - INFO - 4. mos: r=0.9999
2025-08-24 11:42:53,351 - INFO - 5. pcm: r=1.0000
2025-08-24 11:42:53,473 - INFO - Layer 10 (mbert) — Top 5
2025-08-24 11:42:53,473 - INFO - 1. twi: r=0.9903
2025-08-24 11:42:53,473 - INFO - 2. kin: r=0.9898
2025-08-24 11:42:53,473 - INFO - 3. swa: r=0.9897
2025-08-24 11:42:53,473 - INFO - 4. luo: r=0.9893
2025-08-24 11:42:53,473 - INFO - 5. lug: r=0.9882
2025-08-24 11:42:53,473 - INFO - Layer 10 (mbert) — Worst 5
2025-08-24 11:42:53,473 - INFO - 1. yor: r=0.9647
2025-08-24 11:42:53,473 - INFO - 2. bbj: r=0.9661
2025-08-24 11:42:53,473 - INFO - 3. mos: r=0.9756
2025-08-24 11:42:53,473 - INFO - 4. fon: r=0.9763
2025-08-24 11:42:53,473 - INFO - 5. pcm: r=0.9775
2025-08-24 11:42:53,593 - INFO - Layer 12 (mbert) — Top 5
2025-08-24 11:42:53,593 - INFO - 1. twi: r=0.9738
2025-08-24 11:42:53,593 - INFO - 2. kin: r=0.9701
2025-08-24 11:42:53,593 - INFO - 3. lug: r=0.9700
2025-08-24 11:42:53,593 - INFO - 4. swa: r=0.9663
2025-08-24 11:42:53,593 - INFO - 5. luo: r=0.9632
2025-08-24 11:42:53,593 - INFO - Layer 12 (mbert) — Worst 5
2025-08-24 11:42:53,593 - INFO - 1. bbj: r=0.8980
2025-08-24 11:42:53,593 - INFO - 2. yor: r=0.9017
2025-08-24 11:42:53,593 - INFO - 3. xho: r=0.9172
2025-08-24 11:42:53,593 - INFO - 4. wol: r=0.9231
2025-08-24 11:42:53,593 - INFO - 5. mos: r=0.9270
2025-08-24 11:42:53,594 - INFO - Experiment finished successfully.
