2025-08-27 17:36:08,594 - INFO - Start: model_type=xlmr, use_cls=False, use_context=False, context_window=3, max_tokens_per_type=400, batch_size=64, output_dir=rq2_train_scripts/Embeddings/CLEAN/outputs/mptc/xlmr/config_0_clsfalse_ctxfalse/tokens_400_ctx3/core, save_prototypes=False, seed=42, fp16=True, max_length=96, langs=all, layers=all, span_mode=bio, pool=mean, entity_tags={'LOC', 'ORG', 'DATE', 'PER'}, title_suffix='L=all, tokens=400, ctx=3, cls=false, fp16=true'
2025-08-27 17:36:10,802 - INFO - Processing run
2025-08-27 17:36:11,294 - INFO - Processing bam
2025-08-27 17:36:11,432 - INFO - Processing bbj
2025-08-27 17:36:11,576 - INFO - Processing ewe
2025-08-27 17:36:11,704 - INFO - Processing fon
2025-08-27 17:36:11,853 - INFO - Processing hau
2025-08-27 17:36:12,000 - INFO - Processing ibo
2025-08-27 17:36:12,183 - INFO - Processing kin
2025-08-27 17:36:12,334 - INFO - Processing lug
2025-08-27 17:36:12,471 - INFO - Processing luo
2025-08-27 17:36:12,619 - INFO - Processing mos
2025-08-27 17:36:12,782 - INFO - Processing nya
2025-08-27 17:36:12,933 - INFO - Processing pcm
2025-08-27 17:36:13,077 - INFO - Processing sna
2025-08-27 17:36:13,226 - INFO - Processing swa
2025-08-27 17:36:13,403 - INFO - Processing tsn
2025-08-27 17:36:13,536 - INFO - Processing twi
2025-08-27 17:36:13,681 - INFO - Processing wol
2025-08-27 17:36:13,839 - INFO - Processing xho
2025-08-27 17:36:13,973 - INFO - Processing yor
2025-08-27 17:36:14,142 - INFO - Processing zul
2025-08-27 17:36:14,723 - INFO - === Layer 1 (xlmr) — Top 5 (cosine) ===
2025-08-27 17:36:14,723 - INFO - 1. kin: cos=0.9598
2025-08-27 17:36:14,723 - INFO - 2. twi: cos=0.9514
2025-08-27 17:36:14,723 - INFO - 3. luo: cos=0.9470
2025-08-27 17:36:14,723 - INFO - 4. sna: cos=0.9465
2025-08-27 17:36:14,723 - INFO - 5. tsn: cos=0.9424
2025-08-27 17:36:14,723 - INFO - === Layer 1 (xlmr) — Worst 5 (cosine) ===
2025-08-27 17:36:14,723 - INFO - 1. hau: cos=0.8729
2025-08-27 17:36:14,723 - INFO - 2. mos: cos=0.8939
2025-08-27 17:36:14,723 - INFO - 3. fon: cos=0.8961
2025-08-27 17:36:14,723 - INFO - 4. bbj: cos=0.9088
2025-08-27 17:36:14,723 - INFO - 5. yor: cos=0.9108
2025-08-27 17:36:14,850 - INFO - === Layer 2 (xlmr) — Top 5 (cosine) ===
2025-08-27 17:36:14,850 - INFO - 1. kin: cos=0.9806
2025-08-27 17:36:14,850 - INFO - 2. twi: cos=0.9794
2025-08-27 17:36:14,850 - INFO - 3. luo: cos=0.9779
2025-08-27 17:36:14,850 - INFO - 4. sna: cos=0.9757
2025-08-27 17:36:14,850 - INFO - 5. ibo: cos=0.9756
2025-08-27 17:36:14,850 - INFO - === Layer 2 (xlmr) — Worst 5 (cosine) ===
2025-08-27 17:36:14,850 - INFO - 1. hau: cos=0.9412
2025-08-27 17:36:14,850 - INFO - 2. fon: cos=0.9562
2025-08-27 17:36:14,850 - INFO - 3. pcm: cos=0.9601
2025-08-27 17:36:14,850 - INFO - 4. mos: cos=0.9603
2025-08-27 17:36:14,850 - INFO - 5. yor: cos=0.9620
2025-08-27 17:36:14,970 - INFO - === Layer 3 (xlmr) — Top 5 (cosine) ===
2025-08-27 17:36:14,970 - INFO - 1. kin: cos=0.9856
2025-08-27 17:36:14,970 - INFO - 2. twi: cos=0.9839
2025-08-27 17:36:14,970 - INFO - 3. luo: cos=0.9831
2025-08-27 17:36:14,970 - INFO - 4. ibo: cos=0.9823
2025-08-27 17:36:14,970 - INFO - 5. tsn: cos=0.9817
2025-08-27 17:36:14,970 - INFO - === Layer 3 (xlmr) — Worst 5 (cosine) ===
2025-08-27 17:36:14,970 - INFO - 1. hau: cos=0.9529
2025-08-27 17:36:14,970 - INFO - 2. pcm: cos=0.9688
2025-08-27 17:36:14,970 - INFO - 3. fon: cos=0.9690
2025-08-27 17:36:14,970 - INFO - 4. mos: cos=0.9722
2025-08-27 17:36:14,970 - INFO - 5. swa: cos=0.9724
2025-08-27 17:36:15,096 - INFO - === Layer 4 (xlmr) — Top 5 (cosine) ===
2025-08-27 17:36:15,096 - INFO - 1. kin: cos=0.9843
2025-08-27 17:36:15,096 - INFO - 2. twi: cos=0.9833
2025-08-27 17:36:15,096 - INFO - 3. luo: cos=0.9822
2025-08-27 17:36:15,096 - INFO - 4. ibo: cos=0.9809
2025-08-27 17:36:15,096 - INFO - 5. tsn: cos=0.9799
2025-08-27 17:36:15,096 - INFO - === Layer 4 (xlmr) — Worst 5 (cosine) ===
2025-08-27 17:36:15,096 - INFO - 1. hau: cos=0.9541
2025-08-27 17:36:15,096 - INFO - 2. pcm: cos=0.9658
2025-08-27 17:36:15,096 - INFO - 3. fon: cos=0.9672
2025-08-27 17:36:15,096 - INFO - 4. bbj: cos=0.9691
2025-08-27 17:36:15,096 - INFO - 5. bam: cos=0.9708
2025-08-27 17:36:15,228 - INFO - === Layer 5 (xlmr) — Top 5 (cosine) ===
2025-08-27 17:36:15,228 - INFO - 1. kin: cos=0.9859
2025-08-27 17:36:15,228 - INFO - 2. twi: cos=0.9857
2025-08-27 17:36:15,228 - INFO - 3. luo: cos=0.9839
2025-08-27 17:36:15,228 - INFO - 4. nya: cos=0.9827
2025-08-27 17:36:15,228 - INFO - 5. ibo: cos=0.9818
2025-08-27 17:36:15,228 - INFO - === Layer 5 (xlmr) — Worst 5 (cosine) ===
2025-08-27 17:36:15,228 - INFO - 1. hau: cos=0.9561
2025-08-27 17:36:15,228 - INFO - 2. fon: cos=0.9696
2025-08-27 17:36:15,228 - INFO - 3. bbj: cos=0.9697
2025-08-27 17:36:15,228 - INFO - 4. pcm: cos=0.9701
2025-08-27 17:36:15,228 - INFO - 5. bam: cos=0.9713
2025-08-27 17:36:15,357 - INFO - === Layer 6 (xlmr) — Top 5 (cosine) ===
2025-08-27 17:36:15,357 - INFO - 1. twi: cos=0.9814
2025-08-27 17:36:15,357 - INFO - 2. kin: cos=0.9812
2025-08-27 17:36:15,357 - INFO - 3. luo: cos=0.9786
2025-08-27 17:36:15,357 - INFO - 4. ibo: cos=0.9757
2025-08-27 17:36:15,357 - INFO - 5. lug: cos=0.9744
2025-08-27 17:36:15,357 - INFO - === Layer 6 (xlmr) — Worst 5 (cosine) ===
2025-08-27 17:36:15,357 - INFO - 1. hau: cos=0.9500
2025-08-27 17:36:15,357 - INFO - 2. pcm: cos=0.9533
2025-08-27 17:36:15,357 - INFO - 3. bbj: cos=0.9585
2025-08-27 17:36:15,357 - INFO - 4. fon: cos=0.9615
2025-08-27 17:36:15,357 - INFO - 5. bam: cos=0.9620
2025-08-27 17:36:15,485 - INFO - === Layer 7 (xlmr) — Top 5 (cosine) ===
2025-08-27 17:36:15,485 - INFO - 1. kin: cos=0.9861
2025-08-27 17:36:15,485 - INFO - 2. twi: cos=0.9849
2025-08-27 17:36:15,485 - INFO - 3. zul: cos=0.9832
2025-08-27 17:36:15,485 - INFO - 4. ibo: cos=0.9827
2025-08-27 17:36:15,485 - INFO - 5. luo: cos=0.9825
2025-08-27 17:36:15,485 - INFO - === Layer 7 (xlmr) — Worst 5 (cosine) ===
2025-08-27 17:36:15,485 - INFO - 1. hau: cos=0.9635
2025-08-27 17:36:15,485 - INFO - 2. pcm: cos=0.9658
2025-08-27 17:36:15,485 - INFO - 3. swa: cos=0.9708
2025-08-27 17:36:15,485 - INFO - 4. bbj: cos=0.9724
2025-08-27 17:36:15,485 - INFO - 5. fon: cos=0.9731
2025-08-27 17:36:15,606 - INFO - === Layer 8 (xlmr) — Top 5 (cosine) ===
2025-08-27 17:36:15,606 - INFO - 1. kin: cos=0.9725
2025-08-27 17:36:15,606 - INFO - 2. twi: cos=0.9713
2025-08-27 17:36:15,606 - INFO - 3. ibo: cos=0.9711
2025-08-27 17:36:15,606 - INFO - 4. ewe: cos=0.9691
2025-08-27 17:36:15,606 - INFO - 5. zul: cos=0.9689
2025-08-27 17:36:15,606 - INFO - === Layer 8 (xlmr) — Worst 5 (cosine) ===
2025-08-27 17:36:15,606 - INFO - 1. hau: cos=0.9497
2025-08-27 17:36:15,606 - INFO - 2. pcm: cos=0.9523
2025-08-27 17:36:15,606 - INFO - 3. fon: cos=0.9583
2025-08-27 17:36:15,606 - INFO - 4. swa: cos=0.9587
2025-08-27 17:36:15,606 - INFO - 5. mos: cos=0.9597
2025-08-27 17:36:15,804 - INFO - === Layer 9 (xlmr) — Top 5 (cosine) ===
2025-08-27 17:36:15,805 - INFO - 1. ewe: cos=0.9849
2025-08-27 17:36:15,805 - INFO - 2. mos: cos=0.9806
2025-08-27 17:36:15,805 - INFO - 3. twi: cos=0.9804
2025-08-27 17:36:15,805 - INFO - 4. ibo: cos=0.9796
2025-08-27 17:36:15,805 - INFO - 5. kin: cos=0.9792
2025-08-27 17:36:15,805 - INFO - === Layer 9 (xlmr) — Worst 5 (cosine) ===
2025-08-27 17:36:15,805 - INFO - 1. swa: cos=0.9627
2025-08-27 17:36:15,805 - INFO - 2. hau: cos=0.9637
2025-08-27 17:36:15,805 - INFO - 3. bam: cos=0.9666
2025-08-27 17:36:15,805 - INFO - 4. lug: cos=0.9684
2025-08-27 17:36:15,805 - INFO - 5. pcm: cos=0.9711
2025-08-27 17:36:15,930 - INFO - === Layer 10 (xlmr) — Top 5 (cosine) ===
2025-08-27 17:36:15,930 - INFO - 1. ewe: cos=0.9838
2025-08-27 17:36:15,931 - INFO - 2. mos: cos=0.9796
2025-08-27 17:36:15,931 - INFO - 3. kin: cos=0.9795
2025-08-27 17:36:15,931 - INFO - 4. twi: cos=0.9791
2025-08-27 17:36:15,931 - INFO - 5. ibo: cos=0.9785
2025-08-27 17:36:15,931 - INFO - === Layer 10 (xlmr) — Worst 5 (cosine) ===
2025-08-27 17:36:15,931 - INFO - 1. swa: cos=0.9647
2025-08-27 17:36:15,931 - INFO - 2. bam: cos=0.9659
2025-08-27 17:36:15,931 - INFO - 3. hau: cos=0.9670
2025-08-27 17:36:15,931 - INFO - 4. yor: cos=0.9675
2025-08-27 17:36:15,931 - INFO - 5. lug: cos=0.9679
2025-08-27 17:36:16,063 - INFO - === Layer 11 (xlmr) — Top 5 (cosine) ===
2025-08-27 17:36:16,063 - INFO - 1. ewe: cos=0.9854
2025-08-27 17:36:16,063 - INFO - 2. twi: cos=0.9821
2025-08-27 17:36:16,063 - INFO - 3. mos: cos=0.9812
2025-08-27 17:36:16,063 - INFO - 4. kin: cos=0.9811
2025-08-27 17:36:16,063 - INFO - 5. tsn: cos=0.9810
2025-08-27 17:36:16,063 - INFO - === Layer 11 (xlmr) — Worst 5 (cosine) ===
2025-08-27 17:36:16,063 - INFO - 1. lug: cos=0.9697
2025-08-27 17:36:16,063 - INFO - 2. bam: cos=0.9699
2025-08-27 17:36:16,063 - INFO - 3. yor: cos=0.9710
2025-08-27 17:36:16,063 - INFO - 4. swa: cos=0.9710
2025-08-27 17:36:16,063 - INFO - 5. hau: cos=0.9718
2025-08-27 17:36:16,190 - INFO - === Layer 12 (xlmr) — Top 5 (cosine) ===
2025-08-27 17:36:16,190 - INFO - 1. ewe: cos=0.9986
2025-08-27 17:36:16,190 - INFO - 2. twi: cos=0.9983
2025-08-27 17:36:16,190 - INFO - 3. zul: cos=0.9982
2025-08-27 17:36:16,190 - INFO - 4. tsn: cos=0.9982
2025-08-27 17:36:16,190 - INFO - 5. ibo: cos=0.9982
2025-08-27 17:36:16,190 - INFO - === Layer 12 (xlmr) — Worst 5 (cosine) ===
2025-08-27 17:36:16,190 - INFO - 1. lug: cos=0.9967
2025-08-27 17:36:16,190 - INFO - 2. bam: cos=0.9968
2025-08-27 17:36:16,190 - INFO - 3. swa: cos=0.9972
2025-08-27 17:36:16,190 - INFO - 4. hau: cos=0.9972
2025-08-27 17:36:16,190 - INFO - 5. yor: cos=0.9973
2025-08-27 17:36:16,191 - INFO - Experiment finished successfully.
