2025-08-02 19:55:12,913 - INFO - Experiment started with model_type=xlmr, use_cls=False, use_context=True, context_window=2, use_hybrid=False, max_tokens_per_type=200, output_dir=rq2_train_scripts/Embeddings/MEXA_inspired_strategy/outputs/combined/xlmr/config_2_clsfalse_ctxtrue_hybfalse/tokens_200_ctx2
2025-08-02 19:55:14,676 - INFO - Processing run
2025-08-02 19:55:16,991 - INFO - Processing bam
2025-08-02 19:55:18,883 - INFO - Processing bbj
2025-08-02 19:55:20,758 - INFO - Processing ewe
2025-08-02 19:55:22,635 - INFO - Processing fon
2025-08-02 19:55:24,536 - INFO - Processing hau
2025-08-02 19:55:26,414 - INFO - Processing ibo
2025-08-02 19:55:28,356 - INFO - Processing kin
2025-08-02 19:55:30,260 - INFO - Processing lug
2025-08-02 19:55:32,121 - INFO - Processing luo
2025-08-02 19:55:34,001 - INFO - Processing mos
2025-08-02 19:55:35,869 - INFO - Processing nya
2025-08-02 19:55:37,754 - INFO - Processing pcm
2025-08-02 19:55:39,624 - INFO - Processing sna
2025-08-02 19:55:41,514 - INFO - Processing swa
2025-08-02 19:55:43,406 - INFO - Processing tsn
2025-08-02 19:55:45,271 - INFO - Processing twi
2025-08-02 19:55:47,152 - INFO - Processing wol
2025-08-02 19:55:49,028 - INFO - Processing xho
2025-08-02 19:55:50,909 - INFO - Processing yor
2025-08-02 19:55:52,825 - INFO - Processing zul
2025-08-02 19:55:55,192 - INFO - Top 5 languages most similar to Runyankore:
2025-08-02 19:55:55,193 - INFO - 1. lug - Mean Similarity: 0.9997
2025-08-02 19:55:55,193 - INFO - 2. kin - Mean Similarity: 0.9995
2025-08-02 19:55:55,193 - INFO - 3. nya - Mean Similarity: 0.9994
2025-08-02 19:55:55,193 - INFO - 4. sna - Mean Similarity: 0.9993
2025-08-02 19:55:55,193 - INFO - 5. luo - Mean Similarity: 0.9993
2025-08-02 19:55:55,193 - INFO - Experiment finished successfully.
