2025-08-03 08:35:52,153 - INFO - Experiment started with model_type=mbert, use_cls=False, use_context=True, context_window=0, use_hybrid=True, max_tokens_per_type=300, output_dir=rq2_train_scripts/Embeddings/MEXA_inspired_strategy/outputs/mptc/mbert/config_6_clsfalse_ctxtrue_hybtrue/tokens_300_ctx0
2025-08-03 08:35:53,178 - INFO - Processing run
2025-08-03 08:35:54,654 - INFO - Processing bam
2025-08-03 08:35:56,691 - INFO - Processing bbj
2025-08-03 08:35:58,739 - INFO - Processing ewe
2025-08-03 08:36:00,783 - INFO - Processing fon
2025-08-03 08:36:02,862 - INFO - Processing hau
2025-08-03 08:36:04,949 - INFO - Processing ibo
2025-08-03 08:36:07,067 - INFO - Processing kin
2025-08-03 08:36:09,146 - INFO - Processing lug
2025-08-03 08:36:11,199 - INFO - Processing luo
2025-08-03 08:36:13,275 - INFO - Processing mos
2025-08-03 08:36:15,344 - INFO - Processing nya
2025-08-03 08:36:17,437 - INFO - Processing pcm
2025-08-03 08:36:19,502 - INFO - Processing sna
2025-08-03 08:36:21,596 - INFO - Processing swa
2025-08-03 08:36:23,666 - INFO - Processing tsn
2025-08-03 08:36:25,714 - INFO - Processing twi
2025-08-03 08:36:27,785 - INFO - Processing wol
2025-08-03 08:36:29,870 - INFO - Processing xho
2025-08-03 08:36:31,953 - INFO - Processing yor
2025-08-03 08:36:34,081 - INFO - Processing zul
2025-08-03 08:36:36,592 - INFO - Top 5 languages most similar to Runyankore:
2025-08-03 08:36:36,593 - INFO - 1. lug - Mean Similarity: 0.5572
2025-08-03 08:36:36,593 - INFO - 2. kin - Mean Similarity: 0.5535
2025-08-03 08:36:36,593 - INFO - 3. luo - Mean Similarity: 0.5462
2025-08-03 08:36:36,593 - INFO - 4. twi - Mean Similarity: 0.5400
2025-08-03 08:36:36,593 - INFO - 5. swa - Mean Similarity: 0.5382
2025-08-03 08:36:36,593 - INFO - Experiment finished successfully.
