2025-08-27 09:47:41,747 - INFO - Start: model_type=xlmr, use_cls=True, use_context=False, context_window=0, max_tokens_per_type=500, batch_size=64, output_dir=rq2_train_scripts/Embeddings/CLEAN/outputs/salt/xlmr/config_1_clstrue_ctxfalse/tokens_500_ctx0/core, save_prototypes=False, seed=42, fp16=True, max_length=96, langs=all, layers=all, span_mode=bio, pool=mean, entity_tags={'PER', 'ORG', 'LOC', 'DATE'}, title_suffix='L=all, tokens=500, ctx=0, cls=true, fp16=true'
2025-08-27 09:47:43,774 - INFO - Processing run
2025-08-27 09:47:44,228 - INFO - Processing bam
2025-08-27 09:47:44,289 - INFO - Processing bbj
2025-08-27 09:47:44,335 - INFO - Processing ewe
2025-08-27 09:47:44,391 - INFO - Processing fon
2025-08-27 09:47:44,453 - INFO - Processing hau
2025-08-27 09:47:44,518 - INFO - Processing ibo
2025-08-27 09:47:44,610 - INFO - Processing kin
2025-08-27 09:47:44,683 - INFO - Processing lug
2025-08-27 09:47:44,747 - INFO - Processing luo
2025-08-27 09:47:44,811 - INFO - Processing mos
2025-08-27 09:47:44,882 - INFO - Processing nya
2025-08-27 09:47:44,991 - INFO - Processing pcm
2025-08-27 09:47:45,044 - INFO - Processing sna
2025-08-27 09:47:45,099 - INFO - Processing swa
2025-08-27 09:47:45,168 - INFO - Processing tsn
2025-08-27 09:47:45,222 - INFO - Processing twi
2025-08-27 09:47:45,286 - INFO - Processing wol
2025-08-27 09:47:45,353 - INFO - Processing xho
2025-08-27 09:47:45,404 - INFO - Processing yor
2025-08-27 09:47:45,489 - INFO - Processing zul
2025-08-27 09:47:45,994 - INFO - === Layer 1 (xlmr) — Top 5 (cosine) ===
2025-08-27 09:47:45,994 - INFO - 1. kin: cos=0.9999
2025-08-27 09:47:45,994 - INFO - 2. twi: cos=0.9999
2025-08-27 09:47:45,994 - INFO - 3. luo: cos=0.9999
2025-08-27 09:47:45,994 - INFO - 4. ibo: cos=0.9999
2025-08-27 09:47:45,994 - INFO - 5. nya: cos=0.9998
2025-08-27 09:47:45,994 - INFO - === Layer 1 (xlmr) — Worst 5 (cosine) ===
2025-08-27 09:47:45,994 - INFO - 1. hau: cos=0.9995
2025-08-27 09:47:45,994 - INFO - 2. bam: cos=0.9995
2025-08-27 09:47:45,994 - INFO - 3. xho: cos=0.9995
2025-08-27 09:47:45,994 - INFO - 4. fon: cos=0.9995
2025-08-27 09:47:45,994 - INFO - 5. pcm: cos=0.9995
2025-08-27 09:47:46,127 - INFO - === Layer 2 (xlmr) — Top 5 (cosine) ===
2025-08-27 09:47:46,127 - INFO - 1. kin: cos=1.0000
2025-08-27 09:47:46,127 - INFO - 2. luo: cos=1.0000
2025-08-27 09:47:46,127 - INFO - 3. twi: cos=1.0000
2025-08-27 09:47:46,127 - INFO - 4. ibo: cos=1.0000
2025-08-27 09:47:46,127 - INFO - 5. nya: cos=1.0000
2025-08-27 09:47:46,127 - INFO - === Layer 2 (xlmr) — Worst 5 (cosine) ===
2025-08-27 09:47:46,127 - INFO - 1. pcm: cos=0.9999
2025-08-27 09:47:46,127 - INFO - 2. bam: cos=0.9999
2025-08-27 09:47:46,127 - INFO - 3. bbj: cos=0.9999
2025-08-27 09:47:46,127 - INFO - 4. hau: cos=0.9999
2025-08-27 09:47:46,127 - INFO - 5. xho: cos=0.9999
2025-08-27 09:47:46,258 - INFO - === Layer 3 (xlmr) — Top 5 (cosine) ===
2025-08-27 09:47:46,258 - INFO - 1. luo: cos=1.0000
2025-08-27 09:47:46,258 - INFO - 2. kin: cos=1.0000
2025-08-27 09:47:46,258 - INFO - 3. twi: cos=1.0000
2025-08-27 09:47:46,258 - INFO - 4. hau: cos=1.0000
2025-08-27 09:47:46,258 - INFO - 5. zul: cos=1.0000
2025-08-27 09:47:46,258 - INFO - === Layer 3 (xlmr) — Worst 5 (cosine) ===
2025-08-27 09:47:46,258 - INFO - 1. pcm: cos=1.0000
2025-08-27 09:47:46,258 - INFO - 2. swa: cos=1.0000
2025-08-27 09:47:46,258 - INFO - 3. bbj: cos=1.0000
2025-08-27 09:47:46,258 - INFO - 4. nya: cos=1.0000
2025-08-27 09:47:46,258 - INFO - 5. fon: cos=1.0000
2025-08-27 09:47:46,388 - INFO - === Layer 4 (xlmr) — Top 5 (cosine) ===
2025-08-27 09:47:46,388 - INFO - 1. kin: cos=1.0000
2025-08-27 09:47:46,388 - INFO - 2. twi: cos=1.0000
2025-08-27 09:47:46,388 - INFO - 3. luo: cos=1.0000
2025-08-27 09:47:46,388 - INFO - 4. sna: cos=1.0000
2025-08-27 09:47:46,388 - INFO - 5. zul: cos=1.0000
2025-08-27 09:47:46,388 - INFO - === Layer 4 (xlmr) — Worst 5 (cosine) ===
2025-08-27 09:47:46,388 - INFO - 1. yor: cos=1.0000
2025-08-27 09:47:46,388 - INFO - 2. hau: cos=1.0000
2025-08-27 09:47:46,388 - INFO - 3. bam: cos=1.0000
2025-08-27 09:47:46,388 - INFO - 4. pcm: cos=1.0000
2025-08-27 09:47:46,388 - INFO - 5. wol: cos=1.0000
2025-08-27 09:47:46,517 - INFO - === Layer 5 (xlmr) — Top 5 (cosine) ===
2025-08-27 09:47:46,517 - INFO - 1. twi: cos=1.0000
2025-08-27 09:47:46,517 - INFO - 2. kin: cos=1.0000
2025-08-27 09:47:46,517 - INFO - 3. luo: cos=1.0000
2025-08-27 09:47:46,517 - INFO - 4. zul: cos=1.0000
2025-08-27 09:47:46,517 - INFO - 5. ibo: cos=1.0000
2025-08-27 09:47:46,517 - INFO - === Layer 5 (xlmr) — Worst 5 (cosine) ===
2025-08-27 09:47:46,517 - INFO - 1. hau: cos=1.0000
2025-08-27 09:47:46,517 - INFO - 2. pcm: cos=1.0000
2025-08-27 09:47:46,517 - INFO - 3. fon: cos=1.0000
2025-08-27 09:47:46,517 - INFO - 4. nya: cos=1.0000
2025-08-27 09:47:46,517 - INFO - 5. lug: cos=1.0000
2025-08-27 09:47:46,648 - INFO - === Layer 6 (xlmr) — Top 5 (cosine) ===
2025-08-27 09:47:46,648 - INFO - 1. twi: cos=1.0000
2025-08-27 09:47:46,648 - INFO - 2. kin: cos=1.0000
2025-08-27 09:47:46,648 - INFO - 3. luo: cos=1.0000
2025-08-27 09:47:46,648 - INFO - 4. ibo: cos=1.0000
2025-08-27 09:47:46,648 - INFO - 5. ewe: cos=1.0000
2025-08-27 09:47:46,648 - INFO - === Layer 6 (xlmr) — Worst 5 (cosine) ===
2025-08-27 09:47:46,648 - INFO - 1. pcm: cos=1.0000
2025-08-27 09:47:46,648 - INFO - 2. hau: cos=1.0000
2025-08-27 09:47:46,648 - INFO - 3. fon: cos=1.0000
2025-08-27 09:47:46,648 - INFO - 4. nya: cos=1.0000
2025-08-27 09:47:46,648 - INFO - 5. mos: cos=1.0000
2025-08-27 09:47:46,780 - INFO - === Layer 7 (xlmr) — Top 5 (cosine) ===
2025-08-27 09:47:46,780 - INFO - 1. kin: cos=1.0000
2025-08-27 09:47:46,780 - INFO - 2. fon: cos=1.0000
2025-08-27 09:47:46,780 - INFO - 3. sna: cos=1.0000
2025-08-27 09:47:46,780 - INFO - 4. ewe: cos=1.0000
2025-08-27 09:47:46,780 - INFO - 5. bbj: cos=1.0000
2025-08-27 09:47:46,780 - INFO - === Layer 7 (xlmr) — Worst 5 (cosine) ===
2025-08-27 09:47:46,780 - INFO - 1. hau: cos=1.0000
2025-08-27 09:47:46,780 - INFO - 2. tsn: cos=1.0000
2025-08-27 09:47:46,780 - INFO - 3. nya: cos=1.0000
2025-08-27 09:47:46,780 - INFO - 4. zul: cos=1.0000
2025-08-27 09:47:46,780 - INFO - 5. mos: cos=1.0000
2025-08-27 09:47:46,911 - INFO - === Layer 8 (xlmr) — Top 5 (cosine) ===
2025-08-27 09:47:46,911 - INFO - 1. kin: cos=1.0000
2025-08-27 09:47:46,911 - INFO - 2. lug: cos=1.0000
2025-08-27 09:47:46,911 - INFO - 3. xho: cos=1.0000
2025-08-27 09:47:46,911 - INFO - 4. tsn: cos=1.0000
2025-08-27 09:47:46,911 - INFO - 5. nya: cos=1.0000
2025-08-27 09:47:46,911 - INFO - === Layer 8 (xlmr) — Worst 5 (cosine) ===
2025-08-27 09:47:46,911 - INFO - 1. ewe: cos=0.9999
2025-08-27 09:47:46,911 - INFO - 2. bbj: cos=1.0000
2025-08-27 09:47:46,911 - INFO - 3. swa: cos=1.0000
2025-08-27 09:47:46,911 - INFO - 4. pcm: cos=1.0000
2025-08-27 09:47:46,911 - INFO - 5. fon: cos=1.0000
2025-08-27 09:47:47,109 - INFO - === Layer 9 (xlmr) — Top 5 (cosine) ===
2025-08-27 09:47:47,109 - INFO - 1. kin: cos=1.0000
2025-08-27 09:47:47,109 - INFO - 2. sna: cos=1.0000
2025-08-27 09:47:47,109 - INFO - 3. bam: cos=1.0000
2025-08-27 09:47:47,109 - INFO - 4. twi: cos=1.0000
2025-08-27 09:47:47,109 - INFO - 5. lug: cos=1.0000
2025-08-27 09:47:47,109 - INFO - === Layer 9 (xlmr) — Worst 5 (cosine) ===
2025-08-27 09:47:47,109 - INFO - 1. pcm: cos=1.0000
2025-08-27 09:47:47,109 - INFO - 2. hau: cos=1.0000
2025-08-27 09:47:47,109 - INFO - 3. ewe: cos=1.0000
2025-08-27 09:47:47,109 - INFO - 4. swa: cos=1.0000
2025-08-27 09:47:47,109 - INFO - 5. nya: cos=1.0000
2025-08-27 09:47:47,238 - INFO - === Layer 10 (xlmr) — Top 5 (cosine) ===
2025-08-27 09:47:47,238 - INFO - 1. kin: cos=1.0000
2025-08-27 09:47:47,238 - INFO - 2. luo: cos=1.0000
2025-08-27 09:47:47,238 - INFO - 3. zul: cos=1.0000
2025-08-27 09:47:47,238 - INFO - 4. twi: cos=1.0000
2025-08-27 09:47:47,238 - INFO - 5. bam: cos=1.0000
2025-08-27 09:47:47,238 - INFO - === Layer 10 (xlmr) — Worst 5 (cosine) ===
2025-08-27 09:47:47,238 - INFO - 1. pcm: cos=1.0000
2025-08-27 09:47:47,238 - INFO - 2. fon: cos=1.0000
2025-08-27 09:47:47,238 - INFO - 3. xho: cos=1.0000
2025-08-27 09:47:47,238 - INFO - 4. mos: cos=1.0000
2025-08-27 09:47:47,238 - INFO - 5. hau: cos=1.0000
2025-08-27 09:47:47,368 - INFO - === Layer 11 (xlmr) — Top 5 (cosine) ===
2025-08-27 09:47:47,368 - INFO - 1. ibo: cos=1.0000
2025-08-27 09:47:47,368 - INFO - 2. kin: cos=1.0000
2025-08-27 09:47:47,368 - INFO - 3. ewe: cos=1.0000
2025-08-27 09:47:47,368 - INFO - 4. hau: cos=1.0000
2025-08-27 09:47:47,368 - INFO - 5. twi: cos=1.0000
2025-08-27 09:47:47,368 - INFO - === Layer 11 (xlmr) — Worst 5 (cosine) ===
2025-08-27 09:47:47,368 - INFO - 1. bam: cos=0.9999
2025-08-27 09:47:47,368 - INFO - 2. bbj: cos=0.9999
2025-08-27 09:47:47,368 - INFO - 3. sna: cos=1.0000
2025-08-27 09:47:47,368 - INFO - 4. yor: cos=1.0000
2025-08-27 09:47:47,368 - INFO - 5. zul: cos=1.0000
2025-08-27 09:47:47,497 - INFO - === Layer 12 (xlmr) — Top 5 (cosine) ===
2025-08-27 09:47:47,497 - INFO - 1. kin: cos=0.9999
2025-08-27 09:47:47,497 - INFO - 2. luo: cos=0.9999
2025-08-27 09:47:47,497 - INFO - 3. nya: cos=0.9999
2025-08-27 09:47:47,497 - INFO - 4. lug: cos=0.9999
2025-08-27 09:47:47,497 - INFO - 5. wol: cos=0.9999
2025-08-27 09:47:47,497 - INFO - === Layer 12 (xlmr) — Worst 5 (cosine) ===
2025-08-27 09:47:47,497 - INFO - 1. pcm: cos=0.9981
2025-08-27 09:47:47,497 - INFO - 2. fon: cos=0.9990
2025-08-27 09:47:47,497 - INFO - 3. hau: cos=0.9991
2025-08-27 09:47:47,497 - INFO - 4. tsn: cos=0.9997
2025-08-27 09:47:47,497 - INFO - 5. xho: cos=0.9997
2025-08-27 09:47:47,498 - INFO - Experiment finished successfully.
