2025-08-03 08:08:07,359 - INFO - Experiment started with model_type=mbert, use_cls=True, use_context=True, context_window=0, use_hybrid=False, max_tokens_per_type=400, output_dir=rq2_train_scripts/Embeddings/MEXA_inspired_strategy/outputs/mptc/mbert/config_4_clstrue_ctxtrue_hybfalse/tokens_400_ctx0
2025-08-03 08:08:08,397 - INFO - Processing run
2025-08-03 08:08:10,048 - INFO - Processing bam
2025-08-03 08:08:12,605 - INFO - Processing bbj
2025-08-03 08:08:15,347 - INFO - Processing ewe
2025-08-03 08:08:18,076 - INFO - Processing fon
2025-08-03 08:08:20,869 - INFO - Processing hau
2025-08-03 08:08:23,645 - INFO - Processing ibo
2025-08-03 08:08:26,461 - INFO - Processing kin
2025-08-03 08:08:29,231 - INFO - Processing lug
2025-08-03 08:08:31,971 - INFO - Processing luo
2025-08-03 08:08:34,727 - INFO - Processing mos
2025-08-03 08:08:37,495 - INFO - Processing nya
2025-08-03 08:08:40,275 - INFO - Processing pcm
2025-08-03 08:08:43,010 - INFO - Processing sna
2025-08-03 08:08:45,787 - INFO - Processing swa
2025-08-03 08:08:48,543 - INFO - Processing tsn
2025-08-03 08:08:51,278 - INFO - Processing twi
2025-08-03 08:08:54,022 - INFO - Processing wol
2025-08-03 08:08:56,796 - INFO - Processing xho
2025-08-03 08:08:59,568 - INFO - Processing yor
2025-08-03 08:09:02,388 - INFO - Processing zul
2025-08-03 08:09:05,580 - INFO - Top 5 languages most similar to Runyankore:
2025-08-03 08:09:05,580 - INFO - 1. lug - Mean Similarity: 0.9650
2025-08-03 08:09:05,580 - INFO - 2. luo - Mean Similarity: 0.9576
2025-08-03 08:09:05,580 - INFO - 3. kin - Mean Similarity: 0.9559
2025-08-03 08:09:05,580 - INFO - 4. twi - Mean Similarity: 0.9555
2025-08-03 08:09:05,580 - INFO - 5. swa - Mean Similarity: 0.9554
2025-08-03 08:09:05,580 - INFO - Experiment finished successfully.
