2025-08-27 07:43:19,682 - INFO - Start: model_type=xlmr, use_cls=True, use_context=False, context_window=1, max_tokens_per_type=200, batch_size=64, output_dir=rq2_train_scripts/Embeddings/CLEAN/outputs/salt/xlmr/config_1_clstrue_ctxfalse/tokens_200_ctx1, save_prototypes=False, seed=42, fp16=True, max_length=96, langs=all, layers=all, span_mode=bio, pool=mean, entity_tags={'PER', 'DATE', 'ORG', 'LOC'}, title_suffix='L=all, tokens=200, ctx=1, cls=true, fp16=true'
2025-08-27 07:43:21,654 - INFO - Processing run
2025-08-27 07:43:22,065 - INFO - Processing bam
2025-08-27 07:43:22,112 - INFO - Processing bbj
2025-08-27 07:43:22,141 - INFO - Processing ewe
2025-08-27 07:43:22,178 - INFO - Processing fon
2025-08-27 07:43:22,228 - INFO - Processing hau
2025-08-27 07:43:22,279 - INFO - Processing ibo
2025-08-27 07:43:22,355 - INFO - Processing kin
2025-08-27 07:43:22,413 - INFO - Processing lug
2025-08-27 07:43:22,459 - INFO - Processing luo
2025-08-27 07:43:22,509 - INFO - Processing mos
2025-08-27 07:43:22,558 - INFO - Processing nya
2025-08-27 07:43:22,613 - INFO - Processing pcm
2025-08-27 07:43:22,666 - INFO - Processing sna
2025-08-27 07:43:22,716 - INFO - Processing swa
2025-08-27 07:43:22,770 - INFO - Processing tsn
2025-08-27 07:43:22,807 - INFO - Processing twi
2025-08-27 07:43:22,853 - INFO - Processing wol
2025-08-27 07:43:22,900 - INFO - Processing xho
2025-08-27 07:43:22,941 - INFO - Processing yor
2025-08-27 07:43:23,016 - INFO - Processing zul
2025-08-27 07:43:23,487 - INFO - === Layer 1 (xlmr) — Top 5 (cosine) ===
2025-08-27 07:43:23,487 - INFO - 1. twi: cos=0.9999
2025-08-27 07:43:23,487 - INFO - 2. luo: cos=0.9999
2025-08-27 07:43:23,487 - INFO - 3. kin: cos=0.9999
2025-08-27 07:43:23,487 - INFO - 4. ewe: cos=0.9998
2025-08-27 07:43:23,487 - INFO - 5. ibo: cos=0.9998
2025-08-27 07:43:23,487 - INFO - === Layer 1 (xlmr) — Worst 5 (cosine) ===
2025-08-27 07:43:23,487 - INFO - 1. hau: cos=0.9992
2025-08-27 07:43:23,487 - INFO - 2. pcm: cos=0.9994
2025-08-27 07:43:23,487 - INFO - 3. bbj: cos=0.9995
2025-08-27 07:43:23,487 - INFO - 4. bam: cos=0.9996
2025-08-27 07:43:23,487 - INFO - 5. swa: cos=0.9996
2025-08-27 07:43:23,617 - INFO - === Layer 2 (xlmr) — Top 5 (cosine) ===
2025-08-27 07:43:23,617 - INFO - 1. kin: cos=1.0000
2025-08-27 07:43:23,617 - INFO - 2. twi: cos=1.0000
2025-08-27 07:43:23,617 - INFO - 3. luo: cos=1.0000
2025-08-27 07:43:23,617 - INFO - 4. zul: cos=1.0000
2025-08-27 07:43:23,617 - INFO - 5. ewe: cos=1.0000
2025-08-27 07:43:23,617 - INFO - === Layer 2 (xlmr) — Worst 5 (cosine) ===
2025-08-27 07:43:23,617 - INFO - 1. pcm: cos=0.9999
2025-08-27 07:43:23,617 - INFO - 2. hau: cos=0.9999
2025-08-27 07:43:23,617 - INFO - 3. swa: cos=0.9999
2025-08-27 07:43:23,617 - INFO - 4. bbj: cos=0.9999
2025-08-27 07:43:23,617 - INFO - 5. xho: cos=0.9999
2025-08-27 07:43:23,748 - INFO - === Layer 3 (xlmr) — Top 5 (cosine) ===
2025-08-27 07:43:23,749 - INFO - 1. kin: cos=1.0000
2025-08-27 07:43:23,749 - INFO - 2. twi: cos=1.0000
2025-08-27 07:43:23,749 - INFO - 3. luo: cos=1.0000
2025-08-27 07:43:23,749 - INFO - 4. lug: cos=1.0000
2025-08-27 07:43:23,749 - INFO - 5. zul: cos=1.0000
2025-08-27 07:43:23,749 - INFO - === Layer 3 (xlmr) — Worst 5 (cosine) ===
2025-08-27 07:43:23,749 - INFO - 1. pcm: cos=1.0000
2025-08-27 07:43:23,749 - INFO - 2. swa: cos=1.0000
2025-08-27 07:43:23,749 - INFO - 3. yor: cos=1.0000
2025-08-27 07:43:23,749 - INFO - 4. xho: cos=1.0000
2025-08-27 07:43:23,749 - INFO - 5. sna: cos=1.0000
2025-08-27 07:43:23,878 - INFO - === Layer 4 (xlmr) — Top 5 (cosine) ===
2025-08-27 07:43:23,878 - INFO - 1. kin: cos=1.0000
2025-08-27 07:43:23,878 - INFO - 2. twi: cos=1.0000
2025-08-27 07:43:23,878 - INFO - 3. tsn: cos=1.0000
2025-08-27 07:43:23,878 - INFO - 4. bbj: cos=1.0000
2025-08-27 07:43:23,878 - INFO - 5. zul: cos=1.0000
2025-08-27 07:43:23,878 - INFO - === Layer 4 (xlmr) — Worst 5 (cosine) ===
2025-08-27 07:43:23,878 - INFO - 1. pcm: cos=1.0000
2025-08-27 07:43:23,878 - INFO - 2. yor: cos=1.0000
2025-08-27 07:43:23,878 - INFO - 3. hau: cos=1.0000
2025-08-27 07:43:23,878 - INFO - 4. bam: cos=1.0000
2025-08-27 07:43:23,878 - INFO - 5. nya: cos=1.0000
2025-08-27 07:43:24,008 - INFO - === Layer 5 (xlmr) — Top 5 (cosine) ===
2025-08-27 07:43:24,009 - INFO - 1. mos: cos=1.0000
2025-08-27 07:43:24,009 - INFO - 2. ewe: cos=1.0000
2025-08-27 07:43:24,009 - INFO - 3. bbj: cos=1.0000
2025-08-27 07:43:24,009 - INFO - 4. twi: cos=1.0000
2025-08-27 07:43:24,009 - INFO - 5. zul: cos=1.0000
2025-08-27 07:43:24,009 - INFO - === Layer 5 (xlmr) — Worst 5 (cosine) ===
2025-08-27 07:43:24,009 - INFO - 1. yor: cos=1.0000
2025-08-27 07:43:24,009 - INFO - 2. hau: cos=1.0000
2025-08-27 07:43:24,009 - INFO - 3. pcm: cos=1.0000
2025-08-27 07:43:24,009 - INFO - 4. swa: cos=1.0000
2025-08-27 07:43:24,009 - INFO - 5. kin: cos=1.0000
2025-08-27 07:43:24,139 - INFO - === Layer 6 (xlmr) — Top 5 (cosine) ===
2025-08-27 07:43:24,139 - INFO - 1. mos: cos=1.0000
2025-08-27 07:43:24,139 - INFO - 2. nya: cos=1.0000
2025-08-27 07:43:24,139 - INFO - 3. bbj: cos=1.0000
2025-08-27 07:43:24,139 - INFO - 4. twi: cos=1.0000
2025-08-27 07:43:24,139 - INFO - 5. ewe: cos=1.0000
2025-08-27 07:43:24,139 - INFO - === Layer 6 (xlmr) — Worst 5 (cosine) ===
2025-08-27 07:43:24,139 - INFO - 1. yor: cos=1.0000
2025-08-27 07:43:24,139 - INFO - 2. hau: cos=1.0000
2025-08-27 07:43:24,139 - INFO - 3. luo: cos=1.0000
2025-08-27 07:43:24,139 - INFO - 4. swa: cos=1.0000
2025-08-27 07:43:24,139 - INFO - 5. pcm: cos=1.0000
2025-08-27 07:43:24,273 - INFO - === Layer 7 (xlmr) — Top 5 (cosine) ===
2025-08-27 07:43:24,273 - INFO - 1. lug: cos=1.0000
2025-08-27 07:43:24,273 - INFO - 2. twi: cos=1.0000
2025-08-27 07:43:24,273 - INFO - 3. bbj: cos=1.0000
2025-08-27 07:43:24,273 - INFO - 4. swa: cos=1.0000
2025-08-27 07:43:24,273 - INFO - 5. ibo: cos=1.0000
2025-08-27 07:43:24,273 - INFO - === Layer 7 (xlmr) — Worst 5 (cosine) ===
2025-08-27 07:43:24,273 - INFO - 1. luo: cos=1.0000
2025-08-27 07:43:24,273 - INFO - 2. pcm: cos=1.0000
2025-08-27 07:43:24,273 - INFO - 3. tsn: cos=1.0000
2025-08-27 07:43:24,273 - INFO - 4. hau: cos=1.0000
2025-08-27 07:43:24,273 - INFO - 5. sna: cos=1.0000
2025-08-27 07:43:24,482 - INFO - === Layer 8 (xlmr) — Top 5 (cosine) ===
2025-08-27 07:43:24,482 - INFO - 1. zul: cos=1.0000
2025-08-27 07:43:24,482 - INFO - 2. ewe: cos=1.0000
2025-08-27 07:43:24,482 - INFO - 3. tsn: cos=1.0000
2025-08-27 07:43:24,482 - INFO - 4. lug: cos=1.0000
2025-08-27 07:43:24,482 - INFO - 5. nya: cos=1.0000
2025-08-27 07:43:24,482 - INFO - === Layer 8 (xlmr) — Worst 5 (cosine) ===
2025-08-27 07:43:24,482 - INFO - 1. pcm: cos=0.9998
2025-08-27 07:43:24,482 - INFO - 2. bbj: cos=0.9999
2025-08-27 07:43:24,482 - INFO - 3. fon: cos=0.9999
2025-08-27 07:43:24,482 - INFO - 4. ibo: cos=0.9999
2025-08-27 07:43:24,482 - INFO - 5. hau: cos=0.9999
2025-08-27 07:43:24,616 - INFO - === Layer 9 (xlmr) — Top 5 (cosine) ===
2025-08-27 07:43:24,616 - INFO - 1. zul: cos=1.0000
2025-08-27 07:43:24,616 - INFO - 2. ewe: cos=1.0000
2025-08-27 07:43:24,616 - INFO - 3. bam: cos=1.0000
2025-08-27 07:43:24,616 - INFO - 4. lug: cos=1.0000
2025-08-27 07:43:24,616 - INFO - 5. wol: cos=1.0000
2025-08-27 07:43:24,616 - INFO - === Layer 9 (xlmr) — Worst 5 (cosine) ===
2025-08-27 07:43:24,616 - INFO - 1. pcm: cos=0.9999
2025-08-27 07:43:24,616 - INFO - 2. ibo: cos=1.0000
2025-08-27 07:43:24,616 - INFO - 3. hau: cos=1.0000
2025-08-27 07:43:24,616 - INFO - 4. luo: cos=1.0000
2025-08-27 07:43:24,616 - INFO - 5. sna: cos=1.0000
2025-08-27 07:43:24,766 - INFO - === Layer 10 (xlmr) — Top 5 (cosine) ===
2025-08-27 07:43:24,767 - INFO - 1. swa: cos=1.0000
2025-08-27 07:43:24,767 - INFO - 2. ewe: cos=1.0000
2025-08-27 07:43:24,767 - INFO - 3. zul: cos=1.0000
2025-08-27 07:43:24,767 - INFO - 4. hau: cos=1.0000
2025-08-27 07:43:24,767 - INFO - 5. tsn: cos=1.0000
2025-08-27 07:43:24,767 - INFO - === Layer 10 (xlmr) — Worst 5 (cosine) ===
2025-08-27 07:43:24,767 - INFO - 1. bam: cos=0.9999
2025-08-27 07:43:24,767 - INFO - 2. pcm: cos=1.0000
2025-08-27 07:43:24,767 - INFO - 3. ibo: cos=1.0000
2025-08-27 07:43:24,767 - INFO - 4. yor: cos=1.0000
2025-08-27 07:43:24,767 - INFO - 5. fon: cos=1.0000
2025-08-27 07:43:24,900 - INFO - === Layer 11 (xlmr) — Top 5 (cosine) ===
2025-08-27 07:43:24,900 - INFO - 1. nya: cos=1.0000
2025-08-27 07:43:24,900 - INFO - 2. hau: cos=1.0000
2025-08-27 07:43:24,900 - INFO - 3. zul: cos=1.0000
2025-08-27 07:43:24,900 - INFO - 4. pcm: cos=1.0000
2025-08-27 07:43:24,900 - INFO - 5. yor: cos=1.0000
2025-08-27 07:43:24,900 - INFO - === Layer 11 (xlmr) — Worst 5 (cosine) ===
2025-08-27 07:43:24,900 - INFO - 1. kin: cos=0.9998
2025-08-27 07:43:24,900 - INFO - 2. luo: cos=0.9998
2025-08-27 07:43:24,900 - INFO - 3. mos: cos=0.9999
2025-08-27 07:43:24,900 - INFO - 4. bam: cos=0.9999
2025-08-27 07:43:24,900 - INFO - 5. lug: cos=0.9999
2025-08-27 07:43:25,033 - INFO - === Layer 12 (xlmr) — Top 5 (cosine) ===
2025-08-27 07:43:25,033 - INFO - 1. nya: cos=0.9999
2025-08-27 07:43:25,033 - INFO - 2. wol: cos=0.9999
2025-08-27 07:43:25,033 - INFO - 3. tsn: cos=0.9998
2025-08-27 07:43:25,033 - INFO - 4. ewe: cos=0.9998
2025-08-27 07:43:25,033 - INFO - 5. fon: cos=0.9998
2025-08-27 07:43:25,033 - INFO - === Layer 12 (xlmr) — Worst 5 (cosine) ===
2025-08-27 07:43:25,033 - INFO - 1. hau: cos=0.9676
2025-08-27 07:43:25,033 - INFO - 2. bam: cos=0.9970
2025-08-27 07:43:25,033 - INFO - 3. twi: cos=0.9984
2025-08-27 07:43:25,033 - INFO - 4. pcm: cos=0.9995
2025-08-27 07:43:25,033 - INFO - 5. kin: cos=0.9996
2025-08-27 07:43:25,034 - INFO - Experiment finished successfully.
