2025-08-24 10:38:44,936 - INFO - Start: model_type=xlmr, run_both=False, use_cls=True, use_context=False, context_window=1, max_tokens_per_type=400, batch_size=32, seed=1, num_middle_layers=3, output_dir=rq2_train_scripts/Embeddings/EXTENDED/outputs/combined_extended/xlmr/config_1_clstrue_ctxfalse_hybfalse/tokens_400_ctx1
2025-08-24 10:38:45,487 - INFO - xlmr: selected layer indices (hidden_states) = [2, 3, 10, 12]
2025-08-24 10:38:47,148 - INFO - Processing run
2025-08-24 10:38:47,774 - INFO - Processing bam
2025-08-24 10:38:48,045 - INFO - Processing bbj
2025-08-24 10:38:48,298 - INFO - Processing ewe
2025-08-24 10:38:48,560 - INFO - Processing fon
2025-08-24 10:38:48,834 - INFO - Processing hau
2025-08-24 10:38:49,089 - INFO - Processing ibo
2025-08-24 10:38:49,389 - INFO - Processing kin
2025-08-24 10:38:49,666 - INFO - Processing lug
2025-08-24 10:38:49,906 - INFO - Processing luo
2025-08-24 10:38:50,173 - INFO - Processing mos
2025-08-24 10:38:50,426 - INFO - Processing nya
2025-08-24 10:38:50,703 - INFO - Processing pcm
2025-08-24 10:38:50,948 - INFO - Processing sna
2025-08-24 10:38:51,217 - INFO - Processing swa
2025-08-24 10:38:51,477 - INFO - Processing tsn
2025-08-24 10:38:51,720 - INFO - Processing twi
2025-08-24 10:38:51,976 - INFO - Processing wol
2025-08-24 10:38:52,235 - INFO - Processing xho
2025-08-24 10:38:52,489 - INFO - Processing yor
2025-08-24 10:38:52,753 - INFO - Processing zul
2025-08-24 10:38:53,327 - INFO - Layer 2 (xlmr) — Top 5
2025-08-24 10:38:53,327 - INFO - 1. kin: r=1.0000
2025-08-24 10:38:53,327 - INFO - 2. luo: r=1.0000
2025-08-24 10:38:53,327 - INFO - 3. twi: r=1.0000
2025-08-24 10:38:53,327 - INFO - 4. tsn: r=1.0000
2025-08-24 10:38:53,327 - INFO - 5. swa: r=1.0000
2025-08-24 10:38:53,327 - INFO - Layer 2 (xlmr) — Worst 5
2025-08-24 10:38:53,327 - INFO - 1. bam: r=0.9999
2025-08-24 10:38:53,327 - INFO - 2. fon: r=0.9999
2025-08-24 10:38:53,327 - INFO - 3. bbj: r=0.9999
2025-08-24 10:38:53,327 - INFO - 4. mos: r=1.0000
2025-08-24 10:38:53,327 - INFO - 5. yor: r=1.0000
2025-08-24 10:38:53,444 - INFO - Layer 3 (xlmr) — Top 5
2025-08-24 10:38:53,444 - INFO - 1. kin: r=1.0000
2025-08-24 10:38:53,444 - INFO - 2. twi: r=1.0000
2025-08-24 10:38:53,444 - INFO - 3. tsn: r=1.0000
2025-08-24 10:38:53,444 - INFO - 4. ewe: r=1.0000
2025-08-24 10:38:53,444 - INFO - 5. luo: r=1.0000
2025-08-24 10:38:53,444 - INFO - Layer 3 (xlmr) — Worst 5
2025-08-24 10:38:53,444 - INFO - 1. bbj: r=1.0000
2025-08-24 10:38:53,444 - INFO - 2. fon: r=1.0000
2025-08-24 10:38:53,444 - INFO - 3. bam: r=1.0000
2025-08-24 10:38:53,444 - INFO - 4. yor: r=1.0000
2025-08-24 10:38:53,444 - INFO - 5. mos: r=1.0000
2025-08-24 10:38:53,560 - INFO - Layer 10 (xlmr) — Top 5
2025-08-24 10:38:53,560 - INFO - 1. swa: r=1.0000
2025-08-24 10:38:53,560 - INFO - 2. kin: r=1.0000
2025-08-24 10:38:53,560 - INFO - 3. luo: r=1.0000
2025-08-24 10:38:53,560 - INFO - 4. tsn: r=1.0000
2025-08-24 10:38:53,560 - INFO - 5. twi: r=1.0000
2025-08-24 10:38:53,560 - INFO - Layer 10 (xlmr) — Worst 5
2025-08-24 10:38:53,560 - INFO - 1. fon: r=1.0000
2025-08-24 10:38:53,560 - INFO - 2. hau: r=1.0000
2025-08-24 10:38:53,560 - INFO - 3. pcm: r=1.0000
2025-08-24 10:38:53,560 - INFO - 4. ibo: r=1.0000
2025-08-24 10:38:53,561 - INFO - 5. xho: r=1.0000
2025-08-24 10:38:53,680 - INFO - Layer 12 (xlmr) — Top 5
2025-08-24 10:38:53,680 - INFO - 1. lug: r=0.9999
2025-08-24 10:38:53,680 - INFO - 2. twi: r=0.9999
2025-08-24 10:38:53,680 - INFO - 3. nya: r=0.9999
2025-08-24 10:38:53,680 - INFO - 4. mos: r=0.9999
2025-08-24 10:38:53,680 - INFO - 5. kin: r=0.9999
2025-08-24 10:38:53,680 - INFO - Layer 12 (xlmr) — Worst 5
2025-08-24 10:38:53,680 - INFO - 1. hau: r=0.9969
2025-08-24 10:38:53,680 - INFO - 2. fon: r=0.9994
2025-08-24 10:38:53,680 - INFO - 3. pcm: r=0.9995
2025-08-24 10:38:53,680 - INFO - 4. ibo: r=0.9996
2025-08-24 10:38:53,680 - INFO - 5. yor: r=0.9997
2025-08-24 10:38:53,681 - INFO - Experiment finished successfully.
