2025-08-27 17:50:36,831 - INFO - Start: model_type=xlmr, use_cls=False, use_context=True, context_window=2, max_tokens_per_type=300, batch_size=64, output_dir=rq2_train_scripts/Embeddings/CLEAN/outputs/salt/xlmr/config_2_clsfalse_ctxtrue/tokens_300_ctx2/core, save_prototypes=False, seed=42, fp16=True, max_length=96, langs=all, layers=all, span_mode=bio, pool=mean, entity_tags={'DATE', 'LOC', 'PER', 'ORG'}, title_suffix='L=all, tokens=300, ctx=2, cls=false, fp16=true'
2025-08-27 17:50:38,906 - INFO - Processing run
2025-08-27 17:50:39,366 - INFO - Processing bam
2025-08-27 17:50:39,472 - INFO - Processing bbj
2025-08-27 17:50:39,560 - INFO - Processing ewe
2025-08-27 17:50:39,644 - INFO - Processing fon
2025-08-27 17:50:39,746 - INFO - Processing hau
2025-08-27 17:50:39,904 - INFO - Processing ibo
2025-08-27 17:50:40,039 - INFO - Processing kin
2025-08-27 17:50:40,151 - INFO - Processing lug
2025-08-27 17:50:40,266 - INFO - Processing luo
2025-08-27 17:50:40,374 - INFO - Processing mos
2025-08-27 17:50:40,483 - INFO - Processing nya
2025-08-27 17:50:40,592 - INFO - Processing pcm
2025-08-27 17:50:40,687 - INFO - Processing sna
2025-08-27 17:50:40,788 - INFO - Processing swa
2025-08-27 17:50:40,911 - INFO - Processing tsn
2025-08-27 17:50:41,018 - INFO - Processing twi
2025-08-27 17:50:41,123 - INFO - Processing wol
2025-08-27 17:50:41,229 - INFO - Processing xho
2025-08-27 17:50:41,322 - INFO - Processing yor
2025-08-27 17:50:41,447 - INFO - Processing zul
2025-08-27 17:50:42,000 - INFO - === Layer 1 (xlmr) — Top 5 (cosine) ===
2025-08-27 17:50:42,000 - INFO - 1. kin: cos=0.9285
2025-08-27 17:50:42,000 - INFO - 2. twi: cos=0.9263
2025-08-27 17:50:42,000 - INFO - 3. tsn: cos=0.9158
2025-08-27 17:50:42,000 - INFO - 4. ibo: cos=0.9133
2025-08-27 17:50:42,000 - INFO - 5. luo: cos=0.9114
2025-08-27 17:50:42,001 - INFO - === Layer 1 (xlmr) — Worst 5 (cosine) ===
2025-08-27 17:50:42,001 - INFO - 1. hau: cos=0.8499
2025-08-27 17:50:42,001 - INFO - 2. pcm: cos=0.8503
2025-08-27 17:50:42,001 - INFO - 3. fon: cos=0.8615
2025-08-27 17:50:42,001 - INFO - 4. bbj: cos=0.8647
2025-08-27 17:50:42,001 - INFO - 5. swa: cos=0.8652
2025-08-27 17:50:42,126 - INFO - === Layer 2 (xlmr) — Top 5 (cosine) ===
2025-08-27 17:50:42,126 - INFO - 1. kin: cos=0.9735
2025-08-27 17:50:42,126 - INFO - 2. twi: cos=0.9713
2025-08-27 17:50:42,126 - INFO - 3. tsn: cos=0.9678
2025-08-27 17:50:42,126 - INFO - 4. nya: cos=0.9666
2025-08-27 17:50:42,126 - INFO - 5. luo: cos=0.9660
2025-08-27 17:50:42,126 - INFO - === Layer 2 (xlmr) — Worst 5 (cosine) ===
2025-08-27 17:50:42,126 - INFO - 1. pcm: cos=0.9342
2025-08-27 17:50:42,126 - INFO - 2. hau: cos=0.9411
2025-08-27 17:50:42,126 - INFO - 3. swa: cos=0.9416
2025-08-27 17:50:42,126 - INFO - 4. fon: cos=0.9485
2025-08-27 17:50:42,126 - INFO - 5. yor: cos=0.9486
2025-08-27 17:50:42,257 - INFO - === Layer 3 (xlmr) — Top 5 (cosine) ===
2025-08-27 17:50:42,258 - INFO - 1. twi: cos=0.9808
2025-08-27 17:50:42,258 - INFO - 2. kin: cos=0.9791
2025-08-27 17:50:42,258 - INFO - 3. tsn: cos=0.9762
2025-08-27 17:50:42,258 - INFO - 4. ibo: cos=0.9760
2025-08-27 17:50:42,258 - INFO - 5. zul: cos=0.9751
2025-08-27 17:50:42,258 - INFO - === Layer 3 (xlmr) — Worst 5 (cosine) ===
2025-08-27 17:50:42,258 - INFO - 1. pcm: cos=0.9521
2025-08-27 17:50:42,258 - INFO - 2. swa: cos=0.9533
2025-08-27 17:50:42,258 - INFO - 3. hau: cos=0.9576
2025-08-27 17:50:42,258 - INFO - 4. bam: cos=0.9632
2025-08-27 17:50:42,258 - INFO - 5. yor: cos=0.9632
2025-08-27 17:50:42,389 - INFO - === Layer 4 (xlmr) — Top 5 (cosine) ===
2025-08-27 17:50:42,389 - INFO - 1. twi: cos=0.9798
2025-08-27 17:50:42,389 - INFO - 2. kin: cos=0.9783
2025-08-27 17:50:42,389 - INFO - 3. tsn: cos=0.9746
2025-08-27 17:50:42,389 - INFO - 4. luo: cos=0.9736
2025-08-27 17:50:42,389 - INFO - 5. zul: cos=0.9732
2025-08-27 17:50:42,389 - INFO - === Layer 4 (xlmr) — Worst 5 (cosine) ===
2025-08-27 17:50:42,389 - INFO - 1. pcm: cos=0.9447
2025-08-27 17:50:42,389 - INFO - 2. swa: cos=0.9458
2025-08-27 17:50:42,390 - INFO - 3. hau: cos=0.9551
2025-08-27 17:50:42,390 - INFO - 4. bam: cos=0.9604
2025-08-27 17:50:42,390 - INFO - 5. bbj: cos=0.9616
2025-08-27 17:50:42,520 - INFO - === Layer 5 (xlmr) — Top 5 (cosine) ===
2025-08-27 17:50:42,520 - INFO - 1. twi: cos=0.9804
2025-08-27 17:50:42,520 - INFO - 2. kin: cos=0.9781
2025-08-27 17:50:42,520 - INFO - 3. tsn: cos=0.9765
2025-08-27 17:50:42,520 - INFO - 4. luo: cos=0.9754
2025-08-27 17:50:42,520 - INFO - 5. zul: cos=0.9745
2025-08-27 17:50:42,520 - INFO - === Layer 5 (xlmr) — Worst 5 (cosine) ===
2025-08-27 17:50:42,520 - INFO - 1. pcm: cos=0.9459
2025-08-27 17:50:42,520 - INFO - 2. swa: cos=0.9482
2025-08-27 17:50:42,520 - INFO - 3. hau: cos=0.9579
2025-08-27 17:50:42,520 - INFO - 4. bbj: cos=0.9607
2025-08-27 17:50:42,520 - INFO - 5. yor: cos=0.9620
2025-08-27 17:50:42,644 - INFO - === Layer 6 (xlmr) — Top 5 (cosine) ===
2025-08-27 17:50:42,644 - INFO - 1. twi: cos=0.9745
2025-08-27 17:50:42,644 - INFO - 2. kin: cos=0.9731
2025-08-27 17:50:42,644 - INFO - 3. tsn: cos=0.9700
2025-08-27 17:50:42,644 - INFO - 4. luo: cos=0.9697
2025-08-27 17:50:42,644 - INFO - 5. lug: cos=0.9682
2025-08-27 17:50:42,644 - INFO - === Layer 6 (xlmr) — Worst 5 (cosine) ===
2025-08-27 17:50:42,644 - INFO - 1. pcm: cos=0.9347
2025-08-27 17:50:42,644 - INFO - 2. swa: cos=0.9370
2025-08-27 17:50:42,644 - INFO - 3. yor: cos=0.9474
2025-08-27 17:50:42,644 - INFO - 4. hau: cos=0.9485
2025-08-27 17:50:42,644 - INFO - 5. bbj: cos=0.9505
2025-08-27 17:50:42,767 - INFO - === Layer 7 (xlmr) — Top 5 (cosine) ===
2025-08-27 17:50:42,767 - INFO - 1. twi: cos=0.9827
2025-08-27 17:50:42,767 - INFO - 2. lug: cos=0.9771
2025-08-27 17:50:42,767 - INFO - 3. kin: cos=0.9771
2025-08-27 17:50:42,767 - INFO - 4. zul: cos=0.9762
2025-08-27 17:50:42,767 - INFO - 5. tsn: cos=0.9760
2025-08-27 17:50:42,767 - INFO - === Layer 7 (xlmr) — Worst 5 (cosine) ===
2025-08-27 17:50:42,767 - INFO - 1. yor: cos=0.9554
2025-08-27 17:50:42,767 - INFO - 2. bbj: cos=0.9620
2025-08-27 17:50:42,767 - INFO - 3. swa: cos=0.9624
2025-08-27 17:50:42,768 - INFO - 4. pcm: cos=0.9655
2025-08-27 17:50:42,768 - INFO - 5. xho: cos=0.9658
2025-08-27 17:50:43,013 - INFO - === Layer 8 (xlmr) — Top 5 (cosine) ===
2025-08-27 17:50:43,013 - INFO - 1. twi: cos=0.9782
2025-08-27 17:50:43,013 - INFO - 2. mos: cos=0.9739
2025-08-27 17:50:43,013 - INFO - 3. nya: cos=0.9732
2025-08-27 17:50:43,013 - INFO - 4. sna: cos=0.9719
2025-08-27 17:50:43,013 - INFO - 5. fon: cos=0.9715
2025-08-27 17:50:43,013 - INFO - === Layer 8 (xlmr) — Worst 5 (cosine) ===
2025-08-27 17:50:43,013 - INFO - 1. swa: cos=0.9494
2025-08-27 17:50:43,013 - INFO - 2. pcm: cos=0.9568
2025-08-27 17:50:43,013 - INFO - 3. yor: cos=0.9570
2025-08-27 17:50:43,013 - INFO - 4. hau: cos=0.9583
2025-08-27 17:50:43,013 - INFO - 5. xho: cos=0.9629
2025-08-27 17:50:43,143 - INFO - === Layer 9 (xlmr) — Top 5 (cosine) ===
2025-08-27 17:50:43,144 - INFO - 1. twi: cos=0.9805
2025-08-27 17:50:43,144 - INFO - 2. mos: cos=0.9781
2025-08-27 17:50:43,144 - INFO - 3. nya: cos=0.9763
2025-08-27 17:50:43,144 - INFO - 4. fon: cos=0.9759
2025-08-27 17:50:43,144 - INFO - 5. ibo: cos=0.9749
2025-08-27 17:50:43,144 - INFO - === Layer 9 (xlmr) — Worst 5 (cosine) ===
2025-08-27 17:50:43,144 - INFO - 1. swa: cos=0.9564
2025-08-27 17:50:43,144 - INFO - 2. yor: cos=0.9572
2025-08-27 17:50:43,144 - INFO - 3. pcm: cos=0.9634
2025-08-27 17:50:43,144 - INFO - 4. hau: cos=0.9645
2025-08-27 17:50:43,144 - INFO - 5. luo: cos=0.9667
2025-08-27 17:50:43,272 - INFO - === Layer 10 (xlmr) — Top 5 (cosine) ===
2025-08-27 17:50:43,272 - INFO - 1. twi: cos=0.9798
2025-08-27 17:50:43,272 - INFO - 2. nya: cos=0.9776
2025-08-27 17:50:43,272 - INFO - 3. mos: cos=0.9766
2025-08-27 17:50:43,272 - INFO - 4. lug: cos=0.9751
2025-08-27 17:50:43,272 - INFO - 5. sna: cos=0.9747
2025-08-27 17:50:43,272 - INFO - === Layer 10 (xlmr) — Worst 5 (cosine) ===
2025-08-27 17:50:43,272 - INFO - 1. yor: cos=0.9542
2025-08-27 17:50:43,272 - INFO - 2. swa: cos=0.9574
2025-08-27 17:50:43,272 - INFO - 3. xho: cos=0.9625
2025-08-27 17:50:43,272 - INFO - 4. pcm: cos=0.9632
2025-08-27 17:50:43,272 - INFO - 5. hau: cos=0.9641
2025-08-27 17:50:43,400 - INFO - === Layer 11 (xlmr) — Top 5 (cosine) ===
2025-08-27 17:50:43,400 - INFO - 1. nya: cos=0.9817
2025-08-27 17:50:43,400 - INFO - 2. twi: cos=0.9811
2025-08-27 17:50:43,400 - INFO - 3. ewe: cos=0.9807
2025-08-27 17:50:43,400 - INFO - 4. sna: cos=0.9785
2025-08-27 17:50:43,400 - INFO - 5. lug: cos=0.9780
2025-08-27 17:50:43,400 - INFO - === Layer 11 (xlmr) — Worst 5 (cosine) ===
2025-08-27 17:50:43,400 - INFO - 1. yor: cos=0.9603
2025-08-27 17:50:43,400 - INFO - 2. bbj: cos=0.9625
2025-08-27 17:50:43,400 - INFO - 3. swa: cos=0.9645
2025-08-27 17:50:43,400 - INFO - 4. pcm: cos=0.9658
2025-08-27 17:50:43,400 - INFO - 5. bam: cos=0.9661
2025-08-27 17:50:43,529 - INFO - === Layer 12 (xlmr) — Top 5 (cosine) ===
2025-08-27 17:50:43,530 - INFO - 1. mos: cos=0.9986
2025-08-27 17:50:43,530 - INFO - 2. nya: cos=0.9985
2025-08-27 17:50:43,530 - INFO - 3. twi: cos=0.9984
2025-08-27 17:50:43,530 - INFO - 4. sna: cos=0.9983
2025-08-27 17:50:43,530 - INFO - 5. kin: cos=0.9982
2025-08-27 17:50:43,530 - INFO - === Layer 12 (xlmr) — Worst 5 (cosine) ===
2025-08-27 17:50:43,530 - INFO - 1. bbj: cos=0.9957
2025-08-27 17:50:43,530 - INFO - 2. yor: cos=0.9962
2025-08-27 17:50:43,530 - INFO - 3. swa: cos=0.9968
2025-08-27 17:50:43,530 - INFO - 4. bam: cos=0.9970
2025-08-27 17:50:43,530 - INFO - 5. hau: cos=0.9970
2025-08-27 17:50:43,530 - INFO - Experiment finished successfully.
