2025-08-27 18:16:03,942 - INFO - Start: model_type=mbert, use_cls=True, use_context=False, context_window=2, max_tokens_per_type=300, batch_size=64, output_dir=rq2_train_scripts/Embeddings/CLEAN/outputs/salt/mbert/config_1_clstrue_ctxfalse/tokens_300_ctx2/core, save_prototypes=False, seed=42, fp16=True, max_length=96, langs=all, layers=all, span_mode=bio, pool=mean, entity_tags={'ORG', 'PER', 'DATE', 'LOC'}, title_suffix='L=all, tokens=300, ctx=2, cls=true, fp16=true'
2025-08-27 18:16:05,498 - INFO - Processing run
2025-08-27 18:16:05,953 - INFO - Processing bam
2025-08-27 18:16:06,006 - INFO - Processing bbj
2025-08-27 18:16:06,055 - INFO - Processing ewe
2025-08-27 18:16:06,089 - INFO - Processing fon
2025-08-27 18:16:06,139 - INFO - Processing hau
2025-08-27 18:16:06,198 - INFO - Processing ibo
2025-08-27 18:16:06,281 - INFO - Processing kin
2025-08-27 18:16:06,345 - INFO - Processing lug
2025-08-27 18:16:06,388 - INFO - Processing luo
2025-08-27 18:16:06,445 - INFO - Processing mos
2025-08-27 18:16:06,499 - INFO - Processing nya
2025-08-27 18:16:06,561 - INFO - Processing pcm
2025-08-27 18:16:06,615 - INFO - Processing sna
2025-08-27 18:16:06,689 - INFO - Processing swa
2025-08-27 18:16:06,755 - INFO - Processing tsn
2025-08-27 18:16:06,805 - INFO - Processing twi
2025-08-27 18:16:06,868 - INFO - Processing wol
2025-08-27 18:16:06,933 - INFO - Processing xho
2025-08-27 18:16:06,975 - INFO - Processing yor
2025-08-27 18:16:07,055 - INFO - Processing zul
2025-08-27 18:16:07,458 - INFO - === Layer 1 (mbert) — Top 5 (cosine) ===
2025-08-27 18:16:07,458 - INFO - 1. lug: cos=0.9994
2025-08-27 18:16:07,458 - INFO - 2. kin: cos=0.9992
2025-08-27 18:16:07,458 - INFO - 3. tsn: cos=0.9991
2025-08-27 18:16:07,458 - INFO - 4. swa: cos=0.9991
2025-08-27 18:16:07,458 - INFO - 5. twi: cos=0.9990
2025-08-27 18:16:07,458 - INFO - === Layer 1 (mbert) — Worst 5 (cosine) ===
2025-08-27 18:16:07,458 - INFO - 1. ewe: cos=0.9931
2025-08-27 18:16:07,458 - INFO - 2. xho: cos=0.9970
2025-08-27 18:16:07,458 - INFO - 3. sna: cos=0.9974
2025-08-27 18:16:07,458 - INFO - 4. yor: cos=0.9979
2025-08-27 18:16:07,458 - INFO - 5. hau: cos=0.9980
2025-08-27 18:16:07,591 - INFO - === Layer 2 (mbert) — Top 5 (cosine) ===
2025-08-27 18:16:07,591 - INFO - 1. lug: cos=0.9999
2025-08-27 18:16:07,591 - INFO - 2. kin: cos=0.9999
2025-08-27 18:16:07,591 - INFO - 3. tsn: cos=0.9998
2025-08-27 18:16:07,591 - INFO - 4. nya: cos=0.9998
2025-08-27 18:16:07,591 - INFO - 5. swa: cos=0.9998
2025-08-27 18:16:07,591 - INFO - === Layer 2 (mbert) — Worst 5 (cosine) ===
2025-08-27 18:16:07,591 - INFO - 1. ewe: cos=0.9988
2025-08-27 18:16:07,591 - INFO - 2. xho: cos=0.9995
2025-08-27 18:16:07,591 - INFO - 3. sna: cos=0.9996
2025-08-27 18:16:07,591 - INFO - 4. yor: cos=0.9996
2025-08-27 18:16:07,591 - INFO - 5. pcm: cos=0.9997
2025-08-27 18:16:07,721 - INFO - === Layer 3 (mbert) — Top 5 (cosine) ===
2025-08-27 18:16:07,721 - INFO - 1. kin: cos=1.0000
2025-08-27 18:16:07,721 - INFO - 2. lug: cos=1.0000
2025-08-27 18:16:07,721 - INFO - 3. tsn: cos=1.0000
2025-08-27 18:16:07,721 - INFO - 4. bam: cos=1.0000
2025-08-27 18:16:07,721 - INFO - 5. ibo: cos=1.0000
2025-08-27 18:16:07,721 - INFO - === Layer 3 (mbert) — Worst 5 (cosine) ===
2025-08-27 18:16:07,721 - INFO - 1. ewe: cos=0.9998
2025-08-27 18:16:07,721 - INFO - 2. xho: cos=0.9999
2025-08-27 18:16:07,721 - INFO - 3. sna: cos=0.9999
2025-08-27 18:16:07,721 - INFO - 4. pcm: cos=0.9999
2025-08-27 18:16:07,721 - INFO - 5. yor: cos=0.9999
2025-08-27 18:16:07,849 - INFO - === Layer 4 (mbert) — Top 5 (cosine) ===
2025-08-27 18:16:07,849 - INFO - 1. kin: cos=0.9999
2025-08-27 18:16:07,849 - INFO - 2. hau: cos=0.9999
2025-08-27 18:16:07,850 - INFO - 3. twi: cos=0.9999
2025-08-27 18:16:07,850 - INFO - 4. luo: cos=0.9999
2025-08-27 18:16:07,850 - INFO - 5. bam: cos=0.9999
2025-08-27 18:16:07,850 - INFO - === Layer 4 (mbert) — Worst 5 (cosine) ===
2025-08-27 18:16:07,850 - INFO - 1. pcm: cos=0.9996
2025-08-27 18:16:07,850 - INFO - 2. xho: cos=0.9996
2025-08-27 18:16:07,850 - INFO - 3. ewe: cos=0.9996
2025-08-27 18:16:07,850 - INFO - 4. swa: cos=0.9997
2025-08-27 18:16:07,850 - INFO - 5. yor: cos=0.9997
2025-08-27 18:16:07,977 - INFO - === Layer 5 (mbert) — Top 5 (cosine) ===
2025-08-27 18:16:07,977 - INFO - 1. luo: cos=0.9951
2025-08-27 18:16:07,977 - INFO - 2. kin: cos=0.9949
2025-08-27 18:16:07,977 - INFO - 3. twi: cos=0.9944
2025-08-27 18:16:07,977 - INFO - 4. tsn: cos=0.9944
2025-08-27 18:16:07,977 - INFO - 5. ibo: cos=0.9932
2025-08-27 18:16:07,977 - INFO - === Layer 5 (mbert) — Worst 5 (cosine) ===
2025-08-27 18:16:07,977 - INFO - 1. bbj: cos=0.9802
2025-08-27 18:16:07,977 - INFO - 2. yor: cos=0.9819
2025-08-27 18:16:07,977 - INFO - 3. pcm: cos=0.9831
2025-08-27 18:16:07,977 - INFO - 4. mos: cos=0.9833
2025-08-27 18:16:07,977 - INFO - 5. wol: cos=0.9860
2025-08-27 18:16:08,169 - INFO - === Layer 6 (mbert) — Top 5 (cosine) ===
2025-08-27 18:16:08,169 - INFO - 1. tsn: cos=0.9898
2025-08-27 18:16:08,169 - INFO - 2. twi: cos=0.9896
2025-08-27 18:16:08,169 - INFO - 3. kin: cos=0.9893
2025-08-27 18:16:08,169 - INFO - 4. luo: cos=0.9882
2025-08-27 18:16:08,169 - INFO - 5. ibo: cos=0.9846
2025-08-27 18:16:08,169 - INFO - === Layer 6 (mbert) — Worst 5 (cosine) ===
2025-08-27 18:16:08,169 - INFO - 1. yor: cos=0.9567
2025-08-27 18:16:08,169 - INFO - 2. bbj: cos=0.9652
2025-08-27 18:16:08,169 - INFO - 3. pcm: cos=0.9694
2025-08-27 18:16:08,169 - INFO - 4. mos: cos=0.9705
2025-08-27 18:16:08,169 - INFO - 5. ewe: cos=0.9732
2025-08-27 18:16:08,297 - INFO - === Layer 7 (mbert) — Top 5 (cosine) ===
2025-08-27 18:16:08,297 - INFO - 1. twi: cos=0.9935
2025-08-27 18:16:08,297 - INFO - 2. kin: cos=0.9893
2025-08-27 18:16:08,297 - INFO - 3. lug: cos=0.9890
2025-08-27 18:16:08,297 - INFO - 4. pcm: cos=0.9888
2025-08-27 18:16:08,297 - INFO - 5. tsn: cos=0.9883
2025-08-27 18:16:08,297 - INFO - === Layer 7 (mbert) — Worst 5 (cosine) ===
2025-08-27 18:16:08,297 - INFO - 1. yor: cos=0.9482
2025-08-27 18:16:08,297 - INFO - 2. bbj: cos=0.9655
2025-08-27 18:16:08,297 - INFO - 3. xho: cos=0.9669
2025-08-27 18:16:08,297 - INFO - 4. fon: cos=0.9719
2025-08-27 18:16:08,297 - INFO - 5. mos: cos=0.9733
2025-08-27 18:16:08,425 - INFO - === Layer 8 (mbert) — Top 5 (cosine) ===
2025-08-27 18:16:08,425 - INFO - 1. twi: cos=0.9855
2025-08-27 18:16:08,425 - INFO - 2. lug: cos=0.9775
2025-08-27 18:16:08,425 - INFO - 3. ewe: cos=0.9769
2025-08-27 18:16:08,425 - INFO - 4. luo: cos=0.9768
2025-08-27 18:16:08,425 - INFO - 5. swa: cos=0.9767
2025-08-27 18:16:08,425 - INFO - === Layer 8 (mbert) — Worst 5 (cosine) ===
2025-08-27 18:16:08,425 - INFO - 1. yor: cos=0.9348
2025-08-27 18:16:08,425 - INFO - 2. xho: cos=0.9458
2025-08-27 18:16:08,425 - INFO - 3. bbj: cos=0.9509
2025-08-27 18:16:08,425 - INFO - 4. zul: cos=0.9552
2025-08-27 18:16:08,425 - INFO - 5. fon: cos=0.9576
2025-08-27 18:16:08,552 - INFO - === Layer 9 (mbert) — Top 5 (cosine) ===
2025-08-27 18:16:08,552 - INFO - 1. twi: cos=0.9871
2025-08-27 18:16:08,552 - INFO - 2. ewe: cos=0.9797
2025-08-27 18:16:08,552 - INFO - 3. swa: cos=0.9795
2025-08-27 18:16:08,552 - INFO - 4. lug: cos=0.9787
2025-08-27 18:16:08,552 - INFO - 5. luo: cos=0.9771
2025-08-27 18:16:08,552 - INFO - === Layer 9 (mbert) — Worst 5 (cosine) ===
2025-08-27 18:16:08,553 - INFO - 1. yor: cos=0.9288
2025-08-27 18:16:08,553 - INFO - 2. xho: cos=0.9534
2025-08-27 18:16:08,553 - INFO - 3. bbj: cos=0.9588
2025-08-27 18:16:08,553 - INFO - 4. zul: cos=0.9596
2025-08-27 18:16:08,553 - INFO - 5. fon: cos=0.9627
2025-08-27 18:16:08,680 - INFO - === Layer 10 (mbert) — Top 5 (cosine) ===
2025-08-27 18:16:08,680 - INFO - 1. twi: cos=0.9856
2025-08-27 18:16:08,680 - INFO - 2. luo: cos=0.9803
2025-08-27 18:16:08,680 - INFO - 3. swa: cos=0.9794
2025-08-27 18:16:08,680 - INFO - 4. lug: cos=0.9780
2025-08-27 18:16:08,680 - INFO - 5. ewe: cos=0.9760
2025-08-27 18:16:08,680 - INFO - === Layer 10 (mbert) — Worst 5 (cosine) ===
2025-08-27 18:16:08,680 - INFO - 1. yor: cos=0.9250
2025-08-27 18:16:08,680 - INFO - 2. xho: cos=0.9523
2025-08-27 18:16:08,680 - INFO - 3. tsn: cos=0.9545
2025-08-27 18:16:08,680 - INFO - 4. bbj: cos=0.9580
2025-08-27 18:16:08,680 - INFO - 5. zul: cos=0.9581
2025-08-27 18:16:08,808 - INFO - === Layer 11 (mbert) — Top 5 (cosine) ===
2025-08-27 18:16:08,808 - INFO - 1. twi: cos=0.9838
2025-08-27 18:16:08,808 - INFO - 2. ewe: cos=0.9807
2025-08-27 18:16:08,808 - INFO - 3. luo: cos=0.9805
2025-08-27 18:16:08,808 - INFO - 4. lug: cos=0.9802
2025-08-27 18:16:08,808 - INFO - 5. swa: cos=0.9784
2025-08-27 18:16:08,808 - INFO - === Layer 11 (mbert) — Worst 5 (cosine) ===
2025-08-27 18:16:08,808 - INFO - 1. yor: cos=0.9303
2025-08-27 18:16:08,808 - INFO - 2. xho: cos=0.9413
2025-08-27 18:16:08,808 - INFO - 3. zul: cos=0.9490
2025-08-27 18:16:08,808 - INFO - 4. bbj: cos=0.9523
2025-08-27 18:16:08,808 - INFO - 5. tsn: cos=0.9583
2025-08-27 18:16:08,936 - INFO - === Layer 12 (mbert) — Top 5 (cosine) ===
2025-08-27 18:16:08,936 - INFO - 1. lug: cos=0.9634
2025-08-27 18:16:08,936 - INFO - 2. ewe: cos=0.9610
2025-08-27 18:16:08,936 - INFO - 3. luo: cos=0.9581
2025-08-27 18:16:08,936 - INFO - 4. twi: cos=0.9473
2025-08-27 18:16:08,936 - INFO - 5. mos: cos=0.9471
2025-08-27 18:16:08,936 - INFO - === Layer 12 (mbert) — Worst 5 (cosine) ===
2025-08-27 18:16:08,936 - INFO - 1. yor: cos=0.7803
2025-08-27 18:16:08,936 - INFO - 2. xho: cos=0.7898
2025-08-27 18:16:08,936 - INFO - 3. bbj: cos=0.8132
2025-08-27 18:16:08,936 - INFO - 4. zul: cos=0.8138
2025-08-27 18:16:08,936 - INFO - 5. tsn: cos=0.8627
2025-08-27 18:16:08,937 - INFO - Experiment finished successfully.
