2025-08-03 06:02:07,208 - INFO - Experiment started with model_type=xlmr, use_cls=True, use_context=True, context_window=0, use_hybrid=False, max_tokens_per_type=400, output_dir=rq2_train_scripts/Embeddings/MEXA_inspired_strategy/outputs/mptc/xlmr/config_4_clstrue_ctxtrue_hybfalse/tokens_400_ctx0
2025-08-03 06:02:09,103 - INFO - Processing run
2025-08-03 06:02:11,111 - INFO - Processing bam
2025-08-03 06:02:14,215 - INFO - Processing bbj
2025-08-03 06:02:17,571 - INFO - Processing ewe
2025-08-03 06:02:20,910 - INFO - Processing fon
2025-08-03 06:02:24,285 - INFO - Processing hau
2025-08-03 06:02:27,628 - INFO - Processing ibo
2025-08-03 06:02:31,040 - INFO - Processing kin
2025-08-03 06:02:34,405 - INFO - Processing lug
2025-08-03 06:02:37,741 - INFO - Processing luo
2025-08-03 06:02:41,105 - INFO - Processing mos
2025-08-03 06:02:44,475 - INFO - Processing nya
2025-08-03 06:02:47,849 - INFO - Processing pcm
2025-08-03 06:02:51,194 - INFO - Processing sna
2025-08-03 06:02:54,569 - INFO - Processing swa
2025-08-03 06:02:57,905 - INFO - Processing tsn
2025-08-03 06:03:01,247 - INFO - Processing twi
2025-08-03 06:03:04,597 - INFO - Processing wol
2025-08-03 06:03:07,971 - INFO - Processing xho
2025-08-03 06:03:11,355 - INFO - Processing yor
2025-08-03 06:03:14,774 - INFO - Processing zul
2025-08-03 06:03:18,584 - INFO - Top 5 languages most similar to Runyankore:
2025-08-03 06:03:18,585 - INFO - 1. lug - Mean Similarity: 0.9999
2025-08-03 06:03:18,585 - INFO - 2. luo - Mean Similarity: 0.9999
2025-08-03 06:03:18,585 - INFO - 3. kin - Mean Similarity: 0.9999
2025-08-03 06:03:18,585 - INFO - 4. twi - Mean Similarity: 0.9999
2025-08-03 06:03:18,585 - INFO - 5. nya - Mean Similarity: 0.9999
2025-08-03 06:03:18,585 - INFO - Experiment finished successfully.
