2025-08-02 15:40:15,746 - INFO - Experiment started with model_type=xlmr, use_cls=False, use_context=True, context_window=0, use_hybrid=False, max_tokens_per_type=500, output_dir=rq2_train_scripts/Embeddings/MEXA_inspired_strategy/outputs/salt/xlmr/config_2_clsfalse_ctxtrue_hybfalse/tokens_500_ctx0
2025-08-02 15:40:17,587 - INFO - Processing run
2025-08-02 15:40:31,047 - INFO - Processing bam
2025-08-02 15:40:44,187 - INFO - Processing bbj
2025-08-02 15:40:58,241 - INFO - Processing ewe
2025-08-02 15:41:11,962 - INFO - Processing fon
2025-08-02 15:41:25,940 - INFO - Processing hau
2025-08-02 15:41:41,210 - INFO - Processing ibo
2025-08-02 15:41:54,781 - INFO - Processing kin
2025-08-02 15:42:08,767 - INFO - Processing lug
2025-08-02 15:42:22,583 - INFO - Processing luo
2025-08-02 15:42:37,118 - INFO - Processing mos
2025-08-02 15:42:51,172 - INFO - Processing nya
2025-08-02 15:43:05,051 - INFO - Processing pcm
2025-08-02 15:43:18,697 - INFO - Processing sna
2025-08-02 15:43:32,174 - INFO - Processing swa
2025-08-02 15:43:45,634 - INFO - Processing tsn
2025-08-02 15:43:59,574 - INFO - Processing twi
2025-08-02 15:44:13,342 - INFO - Processing wol
2025-08-02 15:44:27,321 - INFO - Processing xho
2025-08-02 15:44:41,028 - INFO - Processing yor
2025-08-02 15:44:54,813 - INFO - Processing zul
2025-08-02 15:45:09,307 - INFO - Top 5 languages most similar to Runyankore:
2025-08-02 15:45:09,307 - INFO - 1. lug - Mean Similarity: 0.9996
2025-08-02 15:45:09,307 - INFO - 2. kin - Mean Similarity: 0.9994
2025-08-02 15:45:09,307 - INFO - 3. luo - Mean Similarity: 0.9994
2025-08-02 15:45:09,307 - INFO - 4. twi - Mean Similarity: 0.9993
2025-08-02 15:45:09,307 - INFO - 5. ibo - Mean Similarity: 0.9993
2025-08-02 15:45:09,307 - INFO - Experiment finished successfully.
