2025-08-03 02:44:47,031 - INFO - Experiment started with model_type=mbert, use_cls=True, use_context=True, context_window=1, use_hybrid=False, max_tokens_per_type=300, output_dir=rq2_train_scripts/Embeddings/MEXA_inspired_strategy/outputs/salt/mbert/config_4_clstrue_ctxtrue_hybfalse/tokens_300_ctx1
2025-08-03 02:44:48,389 - INFO - Processing run
2025-08-03 02:45:00,853 - INFO - Processing bam
2025-08-03 02:45:12,075 - INFO - Processing bbj
2025-08-03 02:45:23,386 - INFO - Processing ewe
2025-08-03 02:45:35,005 - INFO - Processing fon
2025-08-03 02:45:46,456 - INFO - Processing hau
2025-08-03 02:45:58,261 - INFO - Processing ibo
2025-08-03 02:46:09,881 - INFO - Processing kin
2025-08-03 02:46:22,013 - INFO - Processing lug
2025-08-03 02:46:33,705 - INFO - Processing luo
2025-08-03 02:46:45,905 - INFO - Processing mos
2025-08-03 02:46:57,703 - INFO - Processing nya
2025-08-03 02:47:09,666 - INFO - Processing pcm
2025-08-03 02:47:21,963 - INFO - Processing sna
2025-08-03 02:47:33,975 - INFO - Processing swa
2025-08-03 02:47:45,878 - INFO - Processing tsn
2025-08-03 02:47:57,845 - INFO - Processing twi
2025-08-03 02:48:09,395 - INFO - Processing wol
2025-08-03 02:48:21,295 - INFO - Processing xho
2025-08-03 02:48:33,131 - INFO - Processing yor
2025-08-03 02:48:44,742 - INFO - Processing zul
2025-08-03 02:48:57,387 - INFO - Top 5 languages most similar to Runyankore:
2025-08-03 02:48:57,388 - INFO - 1. lug - Mean Similarity: 0.9915
2025-08-03 02:48:57,388 - INFO - 2. kin - Mean Similarity: 0.9913
2025-08-03 02:48:57,388 - INFO - 3. nya - Mean Similarity: 0.9903
2025-08-03 02:48:57,388 - INFO - 4. sna - Mean Similarity: 0.9883
2025-08-03 02:48:57,388 - INFO - 5. luo - Mean Similarity: 0.9846
2025-08-03 02:48:57,388 - INFO - Experiment finished successfully.
