2025-08-27 10:06:37,515 - INFO - Start: model_type=xlmr, use_cls=True, use_context=True, context_window=1, max_tokens_per_type=200, batch_size=64, output_dir=rq2_train_scripts/Embeddings/CLEAN/outputs/salt/xlmr/config_3_clstrue_ctxtrue/tokens_200_ctx1/core, save_prototypes=False, seed=42, fp16=True, max_length=96, langs=all, layers=all, span_mode=bio, pool=mean, entity_tags={'LOC', 'PER', 'ORG', 'DATE'}, title_suffix='L=all, tokens=200, ctx=1, cls=true, fp16=true'
2025-08-27 10:06:39,574 - INFO - Processing run
2025-08-27 10:06:39,997 - INFO - Processing bam
2025-08-27 10:06:40,042 - INFO - Processing bbj
2025-08-27 10:06:40,072 - INFO - Processing ewe
2025-08-27 10:06:40,107 - INFO - Processing fon
2025-08-27 10:06:40,157 - INFO - Processing hau
2025-08-27 10:06:40,211 - INFO - Processing ibo
2025-08-27 10:06:40,287 - INFO - Processing kin
2025-08-27 10:06:40,344 - INFO - Processing lug
2025-08-27 10:06:40,396 - INFO - Processing luo
2025-08-27 10:06:40,447 - INFO - Processing mos
2025-08-27 10:06:40,501 - INFO - Processing nya
2025-08-27 10:06:40,557 - INFO - Processing pcm
2025-08-27 10:06:40,619 - INFO - Processing sna
2025-08-27 10:06:40,698 - INFO - Processing swa
2025-08-27 10:06:40,792 - INFO - Processing tsn
2025-08-27 10:06:40,856 - INFO - Processing twi
2025-08-27 10:06:40,927 - INFO - Processing wol
2025-08-27 10:06:41,000 - INFO - Processing xho
2025-08-27 10:06:41,049 - INFO - Processing yor
2025-08-27 10:06:41,125 - INFO - Processing zul
2025-08-27 10:06:41,634 - INFO - === Layer 1 (xlmr) — Top 5 (cosine) ===
2025-08-27 10:06:41,635 - INFO - 1. kin: cos=1.0000
2025-08-27 10:06:41,635 - INFO - 2. sna: cos=1.0000
2025-08-27 10:06:41,635 - INFO - 3. nya: cos=1.0000
2025-08-27 10:06:41,635 - INFO - 4. tsn: cos=0.9999
2025-08-27 10:06:41,635 - INFO - 5. lug: cos=0.9999
2025-08-27 10:06:41,635 - INFO - === Layer 1 (xlmr) — Worst 5 (cosine) ===
2025-08-27 10:06:41,635 - INFO - 1. fon: cos=0.9997
2025-08-27 10:06:41,635 - INFO - 2. bam: cos=0.9998
2025-08-27 10:06:41,635 - INFO - 3. hau: cos=0.9998
2025-08-27 10:06:41,635 - INFO - 4. yor: cos=0.9999
2025-08-27 10:06:41,635 - INFO - 5. wol: cos=0.9999
2025-08-27 10:06:41,764 - INFO - === Layer 2 (xlmr) — Top 5 (cosine) ===
2025-08-27 10:06:41,764 - INFO - 1. kin: cos=1.0000
2025-08-27 10:06:41,764 - INFO - 2. nya: cos=1.0000
2025-08-27 10:06:41,764 - INFO - 3. sna: cos=1.0000
2025-08-27 10:06:41,764 - INFO - 4. zul: cos=1.0000
2025-08-27 10:06:41,764 - INFO - 5. luo: cos=1.0000
2025-08-27 10:06:41,764 - INFO - === Layer 2 (xlmr) — Worst 5 (cosine) ===
2025-08-27 10:06:41,764 - INFO - 1. fon: cos=1.0000
2025-08-27 10:06:41,764 - INFO - 2. bam: cos=1.0000
2025-08-27 10:06:41,764 - INFO - 3. swa: cos=1.0000
2025-08-27 10:06:41,764 - INFO - 4. pcm: cos=1.0000
2025-08-27 10:06:41,764 - INFO - 5. hau: cos=1.0000
2025-08-27 10:06:41,892 - INFO - === Layer 3 (xlmr) — Top 5 (cosine) ===
2025-08-27 10:06:41,892 - INFO - 1. sna: cos=1.0000
2025-08-27 10:06:41,892 - INFO - 2. zul: cos=1.0000
2025-08-27 10:06:41,892 - INFO - 3. kin: cos=1.0000
2025-08-27 10:06:41,892 - INFO - 4. lug: cos=1.0000
2025-08-27 10:06:41,892 - INFO - 5. twi: cos=1.0000
2025-08-27 10:06:41,892 - INFO - === Layer 3 (xlmr) — Worst 5 (cosine) ===
2025-08-27 10:06:41,892 - INFO - 1. pcm: cos=1.0000
2025-08-27 10:06:41,892 - INFO - 2. swa: cos=1.0000
2025-08-27 10:06:41,892 - INFO - 3. ewe: cos=1.0000
2025-08-27 10:06:41,892 - INFO - 4. nya: cos=1.0000
2025-08-27 10:06:41,892 - INFO - 5. luo: cos=1.0000
2025-08-27 10:06:42,018 - INFO - === Layer 4 (xlmr) — Top 5 (cosine) ===
2025-08-27 10:06:42,018 - INFO - 1. lug: cos=1.0000
2025-08-27 10:06:42,018 - INFO - 2. sna: cos=1.0000
2025-08-27 10:06:42,018 - INFO - 3. zul: cos=1.0000
2025-08-27 10:06:42,018 - INFO - 4. yor: cos=1.0000
2025-08-27 10:06:42,018 - INFO - 5. mos: cos=1.0000
2025-08-27 10:06:42,018 - INFO - === Layer 4 (xlmr) — Worst 5 (cosine) ===
2025-08-27 10:06:42,018 - INFO - 1. swa: cos=1.0000
2025-08-27 10:06:42,018 - INFO - 2. pcm: cos=1.0000
2025-08-27 10:06:42,018 - INFO - 3. ewe: cos=1.0000
2025-08-27 10:06:42,018 - INFO - 4. hau: cos=1.0000
2025-08-27 10:06:42,018 - INFO - 5. wol: cos=1.0000
2025-08-27 10:06:42,167 - INFO - === Layer 5 (xlmr) — Top 5 (cosine) ===
2025-08-27 10:06:42,168 - INFO - 1. sna: cos=1.0000
2025-08-27 10:06:42,168 - INFO - 2. mos: cos=1.0000
2025-08-27 10:06:42,168 - INFO - 3. lug: cos=1.0000
2025-08-27 10:06:42,168 - INFO - 4. twi: cos=1.0000
2025-08-27 10:06:42,168 - INFO - 5. wol: cos=1.0000
2025-08-27 10:06:42,168 - INFO - === Layer 5 (xlmr) — Worst 5 (cosine) ===
2025-08-27 10:06:42,168 - INFO - 1. swa: cos=1.0000
2025-08-27 10:06:42,168 - INFO - 2. fon: cos=1.0000
2025-08-27 10:06:42,168 - INFO - 3. zul: cos=1.0000
2025-08-27 10:06:42,168 - INFO - 4. xho: cos=1.0000
2025-08-27 10:06:42,168 - INFO - 5. hau: cos=1.0000
2025-08-27 10:06:42,302 - INFO - === Layer 6 (xlmr) — Top 5 (cosine) ===
2025-08-27 10:06:42,303 - INFO - 1. sna: cos=1.0000
2025-08-27 10:06:42,303 - INFO - 2. mos: cos=1.0000
2025-08-27 10:06:42,303 - INFO - 3. yor: cos=1.0000
2025-08-27 10:06:42,303 - INFO - 4. twi: cos=1.0000
2025-08-27 10:06:42,303 - INFO - 5. wol: cos=1.0000
2025-08-27 10:06:42,303 - INFO - === Layer 6 (xlmr) — Worst 5 (cosine) ===
2025-08-27 10:06:42,303 - INFO - 1. swa: cos=1.0000
2025-08-27 10:06:42,303 - INFO - 2. zul: cos=1.0000
2025-08-27 10:06:42,303 - INFO - 3. bam: cos=1.0000
2025-08-27 10:06:42,303 - INFO - 4. fon: cos=1.0000
2025-08-27 10:06:42,303 - INFO - 5. kin: cos=1.0000
2025-08-27 10:06:42,428 - INFO - === Layer 7 (xlmr) — Top 5 (cosine) ===
2025-08-27 10:06:42,428 - INFO - 1. lug: cos=1.0000
2025-08-27 10:06:42,428 - INFO - 2. sna: cos=1.0000
2025-08-27 10:06:42,428 - INFO - 3. twi: cos=1.0000
2025-08-27 10:06:42,428 - INFO - 4. mos: cos=1.0000
2025-08-27 10:06:42,428 - INFO - 5. pcm: cos=1.0000
2025-08-27 10:06:42,428 - INFO - === Layer 7 (xlmr) — Worst 5 (cosine) ===
2025-08-27 10:06:42,428 - INFO - 1. luo: cos=1.0000
2025-08-27 10:06:42,428 - INFO - 2. wol: cos=1.0000
2025-08-27 10:06:42,428 - INFO - 3. ewe: cos=1.0000
2025-08-27 10:06:42,428 - INFO - 4. kin: cos=1.0000
2025-08-27 10:06:42,428 - INFO - 5. ibo: cos=1.0000
2025-08-27 10:06:42,610 - INFO - === Layer 8 (xlmr) — Top 5 (cosine) ===
2025-08-27 10:06:42,610 - INFO - 1. sna: cos=1.0000
2025-08-27 10:06:42,611 - INFO - 2. wol: cos=1.0000
2025-08-27 10:06:42,611 - INFO - 3. nya: cos=1.0000
2025-08-27 10:06:42,611 - INFO - 4. mos: cos=1.0000
2025-08-27 10:06:42,611 - INFO - 5. kin: cos=1.0000
2025-08-27 10:06:42,611 - INFO - === Layer 8 (xlmr) — Worst 5 (cosine) ===
2025-08-27 10:06:42,611 - INFO - 1. hau: cos=0.9999
2025-08-27 10:06:42,611 - INFO - 2. pcm: cos=0.9999
2025-08-27 10:06:42,611 - INFO - 3. zul: cos=0.9999
2025-08-27 10:06:42,611 - INFO - 4. twi: cos=1.0000
2025-08-27 10:06:42,611 - INFO - 5. bam: cos=1.0000
2025-08-27 10:06:42,736 - INFO - === Layer 9 (xlmr) — Top 5 (cosine) ===
2025-08-27 10:06:42,736 - INFO - 1. sna: cos=1.0000
2025-08-27 10:06:42,736 - INFO - 2. mos: cos=1.0000
2025-08-27 10:06:42,736 - INFO - 3. xho: cos=1.0000
2025-08-27 10:06:42,736 - INFO - 4. swa: cos=1.0000
2025-08-27 10:06:42,736 - INFO - 5. yor: cos=1.0000
2025-08-27 10:06:42,736 - INFO - === Layer 9 (xlmr) — Worst 5 (cosine) ===
2025-08-27 10:06:42,736 - INFO - 1. zul: cos=1.0000
2025-08-27 10:06:42,736 - INFO - 2. hau: cos=1.0000
2025-08-27 10:06:42,736 - INFO - 3. pcm: cos=1.0000
2025-08-27 10:06:42,736 - INFO - 4. luo: cos=1.0000
2025-08-27 10:06:42,736 - INFO - 5. kin: cos=1.0000
2025-08-27 10:06:42,884 - INFO - === Layer 10 (xlmr) — Top 5 (cosine) ===
2025-08-27 10:06:42,884 - INFO - 1. sna: cos=1.0000
2025-08-27 10:06:42,884 - INFO - 2. yor: cos=1.0000
2025-08-27 10:06:42,884 - INFO - 3. mos: cos=1.0000
2025-08-27 10:06:42,884 - INFO - 4. ibo: cos=1.0000
2025-08-27 10:06:42,884 - INFO - 5. luo: cos=1.0000
2025-08-27 10:06:42,884 - INFO - === Layer 10 (xlmr) — Worst 5 (cosine) ===
2025-08-27 10:06:42,884 - INFO - 1. bam: cos=1.0000
2025-08-27 10:06:42,884 - INFO - 2. kin: cos=1.0000
2025-08-27 10:06:42,884 - INFO - 3. hau: cos=1.0000
2025-08-27 10:06:42,884 - INFO - 4. tsn: cos=1.0000
2025-08-27 10:06:42,884 - INFO - 5. bbj: cos=1.0000
2025-08-27 10:06:43,022 - INFO - === Layer 11 (xlmr) — Top 5 (cosine) ===
2025-08-27 10:06:43,022 - INFO - 1. lug: cos=1.0000
2025-08-27 10:06:43,022 - INFO - 2. twi: cos=1.0000
2025-08-27 10:06:43,023 - INFO - 3. hau: cos=1.0000
2025-08-27 10:06:43,023 - INFO - 4. kin: cos=1.0000
2025-08-27 10:06:43,023 - INFO - 5. fon: cos=1.0000
2025-08-27 10:06:43,023 - INFO - === Layer 11 (xlmr) — Worst 5 (cosine) ===
2025-08-27 10:06:43,023 - INFO - 1. swa: cos=0.9999
2025-08-27 10:06:43,023 - INFO - 2. bam: cos=0.9999
2025-08-27 10:06:43,023 - INFO - 3. yor: cos=0.9999
2025-08-27 10:06:43,023 - INFO - 4. pcm: cos=0.9999
2025-08-27 10:06:43,023 - INFO - 5. luo: cos=1.0000
2025-08-27 10:06:43,144 - INFO - === Layer 12 (xlmr) — Top 5 (cosine) ===
2025-08-27 10:06:43,144 - INFO - 1. ibo: cos=0.9995
2025-08-27 10:06:43,144 - INFO - 2. pcm: cos=0.9995
2025-08-27 10:06:43,144 - INFO - 3. hau: cos=0.9993
2025-08-27 10:06:43,144 - INFO - 4. sna: cos=0.9990
2025-08-27 10:06:43,144 - INFO - 5. mos: cos=0.9989
2025-08-27 10:06:43,144 - INFO - === Layer 12 (xlmr) — Worst 5 (cosine) ===
2025-08-27 10:06:43,144 - INFO - 1. fon: cos=0.9783
2025-08-27 10:06:43,144 - INFO - 2. zul: cos=0.9819
2025-08-27 10:06:43,144 - INFO - 3. xho: cos=0.9925
2025-08-27 10:06:43,144 - INFO - 4. bam: cos=0.9932
2025-08-27 10:06:43,144 - INFO - 5. kin: cos=0.9963
2025-08-27 10:06:43,145 - INFO - Experiment finished successfully.
