2025-08-24 11:32:48,164 - INFO - Start: model_type=xlmr, run_both=False, use_cls=True, use_context=False, context_window=0, max_tokens_per_type=500, batch_size=32, seed=1, num_middle_layers=3, output_dir=rq2_train_scripts/Embeddings/EXTENDED/outputs/mptc_extended/xlmr/config_5_clstrue_ctxfalse_hybtrue/tokens_500_ctx0
2025-08-24 11:32:48,741 - INFO - xlmr: selected layer indices (hidden_states) = [2, 3, 10, 12]
2025-08-24 11:32:50,104 - INFO - Processing run
2025-08-24 11:32:50,487 - INFO - Processing bam
2025-08-24 11:32:50,582 - INFO - Processing bbj
2025-08-24 11:32:50,665 - INFO - Processing ewe
2025-08-24 11:32:50,746 - INFO - Processing fon
2025-08-24 11:32:50,855 - INFO - Processing hau
2025-08-24 11:32:50,989 - INFO - Processing ibo
2025-08-24 11:32:51,118 - INFO - Processing kin
2025-08-24 11:32:51,285 - INFO - Processing lug
2025-08-24 11:32:51,370 - INFO - Processing luo
2025-08-24 11:32:51,464 - INFO - Processing mos
2025-08-24 11:32:51,576 - INFO - Processing nya
2025-08-24 11:32:51,676 - INFO - Processing pcm
2025-08-24 11:32:51,773 - INFO - Processing sna
2025-08-24 11:32:51,870 - INFO - Processing swa
2025-08-24 11:32:51,966 - INFO - Processing tsn
2025-08-24 11:32:52,084 - INFO - Processing twi
2025-08-24 11:32:52,197 - INFO - Processing wol
2025-08-24 11:32:52,350 - INFO - Processing xho
2025-08-24 11:32:52,454 - INFO - Processing yor
2025-08-24 11:32:52,613 - INFO - Processing zul
2025-08-24 11:32:53,033 - INFO - Layer 2 (xlmr) — Top 5
2025-08-24 11:32:53,034 - INFO - 1. kin: r=1.0000
2025-08-24 11:32:53,034 - INFO - 2. luo: r=1.0000
2025-08-24 11:32:53,034 - INFO - 3. tsn: r=1.0000
2025-08-24 11:32:53,034 - INFO - 4. twi: r=1.0000
2025-08-24 11:32:53,034 - INFO - 5. lug: r=1.0000
2025-08-24 11:32:53,034 - INFO - Layer 2 (xlmr) — Worst 5
2025-08-24 11:32:53,034 - INFO - 1. bam: r=0.9999
2025-08-24 11:32:53,034 - INFO - 2. bbj: r=0.9999
2025-08-24 11:32:53,034 - INFO - 3. fon: r=0.9999
2025-08-24 11:32:53,034 - INFO - 4. hau: r=0.9999
2025-08-24 11:32:53,034 - INFO - 5. mos: r=0.9999
2025-08-24 11:32:53,156 - INFO - Layer 3 (xlmr) — Top 5
2025-08-24 11:32:53,156 - INFO - 1. kin: r=1.0000
2025-08-24 11:32:53,156 - INFO - 2. tsn: r=1.0000
2025-08-24 11:32:53,156 - INFO - 3. luo: r=1.0000
2025-08-24 11:32:53,156 - INFO - 4. twi: r=1.0000
2025-08-24 11:32:53,156 - INFO - 5. ewe: r=1.0000
2025-08-24 11:32:53,156 - INFO - Layer 3 (xlmr) — Worst 5
2025-08-24 11:32:53,156 - INFO - 1. bbj: r=1.0000
2025-08-24 11:32:53,156 - INFO - 2. bam: r=1.0000
2025-08-24 11:32:53,156 - INFO - 3. fon: r=1.0000
2025-08-24 11:32:53,156 - INFO - 4. mos: r=1.0000
2025-08-24 11:32:53,156 - INFO - 5. yor: r=1.0000
2025-08-24 11:32:53,276 - INFO - Layer 10 (xlmr) — Top 5
2025-08-24 11:32:53,277 - INFO - 1. luo: r=1.0000
2025-08-24 11:32:53,277 - INFO - 2. lug: r=1.0000
2025-08-24 11:32:53,277 - INFO - 3. kin: r=1.0000
2025-08-24 11:32:53,277 - INFO - 4. tsn: r=1.0000
2025-08-24 11:32:53,277 - INFO - 5. swa: r=1.0000
2025-08-24 11:32:53,277 - INFO - Layer 10 (xlmr) — Worst 5
2025-08-24 11:32:53,277 - INFO - 1. fon: r=1.0000
2025-08-24 11:32:53,277 - INFO - 2. hau: r=1.0000
2025-08-24 11:32:53,277 - INFO - 3. pcm: r=1.0000
2025-08-24 11:32:53,277 - INFO - 4. ibo: r=1.0000
2025-08-24 11:32:53,277 - INFO - 5. bam: r=1.0000
2025-08-24 11:32:53,397 - INFO - Layer 12 (xlmr) — Top 5
2025-08-24 11:32:53,397 - INFO - 1. luo: r=0.9999
2025-08-24 11:32:53,397 - INFO - 2. nya: r=0.9999
2025-08-24 11:32:53,397 - INFO - 3. tsn: r=0.9999
2025-08-24 11:32:53,397 - INFO - 4. kin: r=0.9999
2025-08-24 11:32:53,397 - INFO - 5. sna: r=0.9999
2025-08-24 11:32:53,397 - INFO - Layer 12 (xlmr) — Worst 5
2025-08-24 11:32:53,397 - INFO - 1. hau: r=0.9956
2025-08-24 11:32:53,397 - INFO - 2. fon: r=0.9993
2025-08-24 11:32:53,397 - INFO - 3. pcm: r=0.9995
2025-08-24 11:32:53,397 - INFO - 4. bbj: r=0.9997
2025-08-24 11:32:53,397 - INFO - 5. ibo: r=0.9998
2025-08-24 11:32:53,398 - INFO - Experiment finished successfully.
