2025-12-15 09:36:07,207 - INFO - Start: model_type=afroxlmr, use_cls=False, use_context=True, context_window=0, max_tokens_per_type=300, batch_size=64, output_dir=rq2_train_scripts/Embeddings/CLEAN/outputs/combined/afroxlmr/config_2_clsfalse_ctxtrue/tokens_300_ctx0/core, save_prototypes=False, seed=42, fp16=True, max_length=96, langs=all, layers=all, span_mode=bio, pool=mean, entity_tags={'DATE', 'PER', 'ORG', 'LOC'}, title_suffix='L=all, tokens=300, ctx=0, cls=false, fp16=true'
2025-12-15 09:36:09,135 - INFO - Processing run
2025-12-15 09:36:09,576 - INFO - Processing bam
2025-12-15 09:36:09,674 - INFO - Processing bbj
2025-12-15 09:36:09,758 - INFO - Processing ewe
2025-12-15 09:36:09,844 - INFO - Processing fon
2025-12-15 09:36:09,941 - INFO - Processing hau
2025-12-15 09:36:10,045 - INFO - Processing ibo
2025-12-15 09:36:10,181 - INFO - Processing kin
2025-12-15 09:36:10,288 - INFO - Processing lug
2025-12-15 09:36:10,375 - INFO - Processing luo
2025-12-15 09:36:10,475 - INFO - Processing mos
2025-12-15 09:36:10,576 - INFO - Processing nya
2025-12-15 09:36:10,684 - INFO - Processing pcm
2025-12-15 09:36:10,776 - INFO - Processing sna
2025-12-15 09:36:10,876 - INFO - Processing swa
2025-12-15 09:36:10,981 - INFO - Processing tsn
2025-12-15 09:36:11,071 - INFO - Processing twi
2025-12-15 09:36:11,170 - INFO - Processing wol
2025-12-15 09:36:11,268 - INFO - Processing xho
2025-12-15 09:36:11,357 - INFO - Processing yor
2025-12-15 09:36:11,479 - INFO - Processing zul
2025-12-15 09:36:11,966 - INFO - === Layer 1 (afroxlmr) — Top 5 (cosine) ===
2025-12-15 09:36:11,966 - INFO - 1. kin: cos=0.9591
2025-12-15 09:36:11,966 - INFO - 2. twi: cos=0.9570
2025-12-15 09:36:11,966 - INFO - 3. lug: cos=0.9557
2025-12-15 09:36:11,966 - INFO - 4. nya: cos=0.9531
2025-12-15 09:36:11,966 - INFO - 5. luo: cos=0.9527
2025-12-15 09:36:11,966 - INFO - === Layer 1 (afroxlmr) — Worst 5 (cosine) ===
2025-12-15 09:36:11,966 - INFO - 1. hau: cos=0.9142
2025-12-15 09:36:11,966 - INFO - 2. fon: cos=0.9148
2025-12-15 09:36:11,966 - INFO - 3. yor: cos=0.9197
2025-12-15 09:36:11,966 - INFO - 4. bbj: cos=0.9202
2025-12-15 09:36:11,966 - INFO - 5. mos: cos=0.9224
2025-12-15 09:36:12,086 - INFO - === Layer 2 (afroxlmr) — Top 5 (cosine) ===
2025-12-15 09:36:12,086 - INFO - 1. kin: cos=0.9847
2025-12-15 09:36:12,086 - INFO - 2. twi: cos=0.9840
2025-12-15 09:36:12,086 - INFO - 3. luo: cos=0.9813
2025-12-15 09:36:12,086 - INFO - 4. lug: cos=0.9811
2025-12-15 09:36:12,086 - INFO - 5. tsn: cos=0.9809
2025-12-15 09:36:12,086 - INFO - === Layer 2 (afroxlmr) — Worst 5 (cosine) ===
2025-12-15 09:36:12,086 - INFO - 1. hau: cos=0.9646
2025-12-15 09:36:12,086 - INFO - 2. pcm: cos=0.9671
2025-12-15 09:36:12,086 - INFO - 3. fon: cos=0.9680
2025-12-15 09:36:12,086 - INFO - 4. yor: cos=0.9693
2025-12-15 09:36:12,086 - INFO - 5. mos: cos=0.9702
2025-12-15 09:36:12,206 - INFO - === Layer 3 (afroxlmr) — Top 5 (cosine) ===
2025-12-15 09:36:12,206 - INFO - 1. twi: cos=0.9881
2025-12-15 09:36:12,206 - INFO - 2. kin: cos=0.9863
2025-12-15 09:36:12,206 - INFO - 3. luo: cos=0.9845
2025-12-15 09:36:12,206 - INFO - 4. ibo: cos=0.9844
2025-12-15 09:36:12,206 - INFO - 5. tsn: cos=0.9844
2025-12-15 09:36:12,206 - INFO - === Layer 3 (afroxlmr) — Worst 5 (cosine) ===
2025-12-15 09:36:12,206 - INFO - 1. hau: cos=0.9712
2025-12-15 09:36:12,206 - INFO - 2. swa: cos=0.9712
2025-12-15 09:36:12,206 - INFO - 3. pcm: cos=0.9714
2025-12-15 09:36:12,206 - INFO - 4. yor: cos=0.9718
2025-12-15 09:36:12,206 - INFO - 5. fon: cos=0.9743
2025-12-15 09:36:12,325 - INFO - === Layer 4 (afroxlmr) — Top 5 (cosine) ===
2025-12-15 09:36:12,326 - INFO - 1. twi: cos=0.9859
2025-12-15 09:36:12,326 - INFO - 2. kin: cos=0.9827
2025-12-15 09:36:12,326 - INFO - 3. luo: cos=0.9815
2025-12-15 09:36:12,326 - INFO - 4. tsn: cos=0.9809
2025-12-15 09:36:12,326 - INFO - 5. ibo: cos=0.9774
2025-12-15 09:36:12,326 - INFO - === Layer 4 (afroxlmr) — Worst 5 (cosine) ===
2025-12-15 09:36:12,326 - INFO - 1. pcm: cos=0.9624
2025-12-15 09:36:12,326 - INFO - 2. xho: cos=0.9641
2025-12-15 09:36:12,326 - INFO - 3. swa: cos=0.9651
2025-12-15 09:36:12,326 - INFO - 4. hau: cos=0.9658
2025-12-15 09:36:12,326 - INFO - 5. yor: cos=0.9664
2025-12-15 09:36:12,445 - INFO - === Layer 5 (afroxlmr) — Top 5 (cosine) ===
2025-12-15 09:36:12,445 - INFO - 1. twi: cos=0.9857
2025-12-15 09:36:12,445 - INFO - 2. tsn: cos=0.9825
2025-12-15 09:36:12,445 - INFO - 3. luo: cos=0.9824
2025-12-15 09:36:12,445 - INFO - 4. kin: cos=0.9823
2025-12-15 09:36:12,445 - INFO - 5. ewe: cos=0.9779
2025-12-15 09:36:12,445 - INFO - === Layer 5 (afroxlmr) — Worst 5 (cosine) ===
2025-12-15 09:36:12,445 - INFO - 1. xho: cos=0.9663
2025-12-15 09:36:12,445 - INFO - 2. pcm: cos=0.9674
2025-12-15 09:36:12,445 - INFO - 3. yor: cos=0.9675
2025-12-15 09:36:12,445 - INFO - 4. swa: cos=0.9678
2025-12-15 09:36:12,445 - INFO - 5. hau: cos=0.9683
2025-12-15 09:36:12,565 - INFO - === Layer 6 (afroxlmr) — Top 5 (cosine) ===
2025-12-15 09:36:12,565 - INFO - 1. kin: cos=0.9829
2025-12-15 09:36:12,565 - INFO - 2. twi: cos=0.9826
2025-12-15 09:36:12,565 - INFO - 3. luo: cos=0.9812
2025-12-15 09:36:12,565 - INFO - 4. tsn: cos=0.9811
2025-12-15 09:36:12,565 - INFO - 5. zul: cos=0.9761
2025-12-15 09:36:12,565 - INFO - === Layer 6 (afroxlmr) — Worst 5 (cosine) ===
2025-12-15 09:36:12,565 - INFO - 1. yor: cos=0.9619
2025-12-15 09:36:12,565 - INFO - 2. swa: cos=0.9642
2025-12-15 09:36:12,565 - INFO - 3. pcm: cos=0.9651
2025-12-15 09:36:12,565 - INFO - 4. xho: cos=0.9655
2025-12-15 09:36:12,565 - INFO - 5. bbj: cos=0.9682
2025-12-15 09:36:12,684 - INFO - === Layer 7 (afroxlmr) — Top 5 (cosine) ===
2025-12-15 09:36:12,684 - INFO - 1. twi: cos=0.9923
2025-12-15 09:36:12,684 - INFO - 2. kin: cos=0.9885
2025-12-15 09:36:12,684 - INFO - 3. tsn: cos=0.9880
2025-12-15 09:36:12,684 - INFO - 4. ewe: cos=0.9870
2025-12-15 09:36:12,684 - INFO - 5. pcm: cos=0.9864
2025-12-15 09:36:12,684 - INFO - === Layer 7 (afroxlmr) — Worst 5 (cosine) ===
2025-12-15 09:36:12,684 - INFO - 1. yor: cos=0.9685
2025-12-15 09:36:12,684 - INFO - 2. xho: cos=0.9754
2025-12-15 09:36:12,684 - INFO - 3. bbj: cos=0.9781
2025-12-15 09:36:12,684 - INFO - 4. sna: cos=0.9798
2025-12-15 09:36:12,684 - INFO - 5. ibo: cos=0.9803
2025-12-15 09:36:12,867 - INFO - === Layer 8 (afroxlmr) — Top 5 (cosine) ===
2025-12-15 09:36:12,867 - INFO - 1. twi: cos=0.9887
2025-12-15 09:36:12,867 - INFO - 2. tsn: cos=0.9854
2025-12-15 09:36:12,867 - INFO - 3. kin: cos=0.9851
2025-12-15 09:36:12,867 - INFO - 4. ewe: cos=0.9842
2025-12-15 09:36:12,867 - INFO - 5. pcm: cos=0.9830
2025-12-15 09:36:12,867 - INFO - === Layer 8 (afroxlmr) — Worst 5 (cosine) ===
2025-12-15 09:36:12,867 - INFO - 1. yor: cos=0.9667
2025-12-15 09:36:12,867 - INFO - 2. xho: cos=0.9720
2025-12-15 09:36:12,867 - INFO - 3. bbj: cos=0.9744
2025-12-15 09:36:12,867 - INFO - 4. sna: cos=0.9766
2025-12-15 09:36:12,867 - INFO - 5. swa: cos=0.9769
2025-12-15 09:36:12,986 - INFO - === Layer 9 (afroxlmr) — Top 5 (cosine) ===
2025-12-15 09:36:12,986 - INFO - 1. twi: cos=0.9883
2025-12-15 09:36:12,986 - INFO - 2. ewe: cos=0.9841
2025-12-15 09:36:12,986 - INFO - 3. kin: cos=0.9840
2025-12-15 09:36:12,986 - INFO - 4. pcm: cos=0.9824
2025-12-15 09:36:12,986 - INFO - 5. zul: cos=0.9803
2025-12-15 09:36:12,986 - INFO - === Layer 9 (afroxlmr) — Worst 5 (cosine) ===
2025-12-15 09:36:12,986 - INFO - 1. yor: cos=0.9592
2025-12-15 09:36:12,986 - INFO - 2. xho: cos=0.9706
2025-12-15 09:36:12,986 - INFO - 3. bbj: cos=0.9714
2025-12-15 09:36:12,986 - INFO - 4. sna: cos=0.9751
2025-12-15 09:36:12,986 - INFO - 5. bam: cos=0.9756
2025-12-15 09:36:13,105 - INFO - === Layer 10 (afroxlmr) — Top 5 (cosine) ===
2025-12-15 09:36:13,105 - INFO - 1. twi: cos=0.9871
2025-12-15 09:36:13,105 - INFO - 2. kin: cos=0.9828
2025-12-15 09:36:13,105 - INFO - 3. pcm: cos=0.9813
2025-12-15 09:36:13,105 - INFO - 4. fon: cos=0.9792
2025-12-15 09:36:13,105 - INFO - 5. ewe: cos=0.9784
2025-12-15 09:36:13,105 - INFO - === Layer 10 (afroxlmr) — Worst 5 (cosine) ===
2025-12-15 09:36:13,105 - INFO - 1. yor: cos=0.9599
2025-12-15 09:36:13,105 - INFO - 2. bam: cos=0.9658
2025-12-15 09:36:13,105 - INFO - 3. xho: cos=0.9670
2025-12-15 09:36:13,105 - INFO - 4. bbj: cos=0.9692
2025-12-15 09:36:13,105 - INFO - 5. ibo: cos=0.9701
2025-12-15 09:36:13,224 - INFO - === Layer 11 (afroxlmr) — Top 5 (cosine) ===
2025-12-15 09:36:13,224 - INFO - 1. twi: cos=0.9886
2025-12-15 09:36:13,224 - INFO - 2. ewe: cos=0.9871
2025-12-15 09:36:13,224 - INFO - 3. kin: cos=0.9844
2025-12-15 09:36:13,224 - INFO - 4. fon: cos=0.9825
2025-12-15 09:36:13,224 - INFO - 5. pcm: cos=0.9815
2025-12-15 09:36:13,224 - INFO - === Layer 11 (afroxlmr) — Worst 5 (cosine) ===
2025-12-15 09:36:13,224 - INFO - 1. yor: cos=0.9677
2025-12-15 09:36:13,224 - INFO - 2. bam: cos=0.9699
2025-12-15 09:36:13,224 - INFO - 3. xho: cos=0.9700
2025-12-15 09:36:13,224 - INFO - 4. bbj: cos=0.9725
2025-12-15 09:36:13,224 - INFO - 5. ibo: cos=0.9747
2025-12-15 09:36:13,343 - INFO - === Layer 12 (afroxlmr) — Top 5 (cosine) ===
2025-12-15 09:36:13,343 - INFO - 1. twi: cos=0.9851
2025-12-15 09:36:13,343 - INFO - 2. pcm: cos=0.9849
2025-12-15 09:36:13,343 - INFO - 3. ewe: cos=0.9826
2025-12-15 09:36:13,343 - INFO - 4. kin: cos=0.9801
2025-12-15 09:36:13,343 - INFO - 5. fon: cos=0.9786
2025-12-15 09:36:13,343 - INFO - === Layer 12 (afroxlmr) — Worst 5 (cosine) ===
2025-12-15 09:36:13,343 - INFO - 1. yor: cos=0.9524
2025-12-15 09:36:13,343 - INFO - 2. bbj: cos=0.9579
2025-12-15 09:36:13,343 - INFO - 3. bam: cos=0.9580
2025-12-15 09:36:13,343 - INFO - 4. luo: cos=0.9668
2025-12-15 09:36:13,343 - INFO - 5. lug: cos=0.9669
2025-12-15 09:36:13,344 - INFO - Experiment finished successfully.
