2025-12-15 10:16:52,388 - INFO - Start: model_type=xlmr, use_cls=True, use_context=True, context_window=2, max_tokens_per_type=200, batch_size=64, output_dir=rq2_train_scripts/Embeddings/CLEAN/outputs/combined/xlmr/config_3_clstrue_ctxtrue/tokens_200_ctx2/core, save_prototypes=False, seed=42, fp16=True, max_length=96, langs=all, layers=all, span_mode=bio, pool=mean, entity_tags={'PER', 'DATE', 'LOC', 'ORG'}, title_suffix='L=all, tokens=200, ctx=2, cls=true, fp16=true'
2025-12-15 10:16:54,262 - INFO - Processing run
2025-12-15 10:16:54,655 - INFO - Processing bam
2025-12-15 10:16:54,703 - INFO - Processing bbj
2025-12-15 10:16:54,734 - INFO - Processing ewe
2025-12-15 10:16:54,770 - INFO - Processing fon
2025-12-15 10:16:54,820 - INFO - Processing hau
2025-12-15 10:16:54,871 - INFO - Processing ibo
2025-12-15 10:16:54,944 - INFO - Processing kin
2025-12-15 10:16:55,006 - INFO - Processing lug
2025-12-15 10:16:55,051 - INFO - Processing luo
2025-12-15 10:16:55,102 - INFO - Processing mos
2025-12-15 10:16:55,151 - INFO - Processing nya
2025-12-15 10:16:55,207 - INFO - Processing pcm
2025-12-15 10:16:55,251 - INFO - Processing sna
2025-12-15 10:16:55,298 - INFO - Processing swa
2025-12-15 10:16:55,355 - INFO - Processing tsn
2025-12-15 10:16:55,394 - INFO - Processing twi
2025-12-15 10:16:55,440 - INFO - Processing wol
2025-12-15 10:16:55,488 - INFO - Processing xho
2025-12-15 10:16:55,532 - INFO - Processing yor
2025-12-15 10:16:55,623 - INFO - Processing zul
2025-12-15 10:16:56,065 - INFO - === Layer 1 (xlmr) — Top 5 (cosine) ===
2025-12-15 10:16:56,065 - INFO - 1. sna: cos=1.0000
2025-12-15 10:16:56,065 - INFO - 2. kin: cos=1.0000
2025-12-15 10:16:56,065 - INFO - 3. lug: cos=1.0000
2025-12-15 10:16:56,065 - INFO - 4. nya: cos=1.0000
2025-12-15 10:16:56,065 - INFO - 5. tsn: cos=1.0000
2025-12-15 10:16:56,065 - INFO - === Layer 1 (xlmr) — Worst 5 (cosine) ===
2025-12-15 10:16:56,065 - INFO - 1. fon: cos=0.9997
2025-12-15 10:16:56,065 - INFO - 2. bam: cos=0.9997
2025-12-15 10:16:56,066 - INFO - 3. hau: cos=0.9999
2025-12-15 10:16:56,066 - INFO - 4. ibo: cos=0.9999
2025-12-15 10:16:56,066 - INFO - 5. ewe: cos=0.9999
2025-12-15 10:16:56,184 - INFO - === Layer 2 (xlmr) — Top 5 (cosine) ===
2025-12-15 10:16:56,184 - INFO - 1. sna: cos=1.0000
2025-12-15 10:16:56,184 - INFO - 2. kin: cos=1.0000
2025-12-15 10:16:56,184 - INFO - 3. nya: cos=1.0000
2025-12-15 10:16:56,184 - INFO - 4. tsn: cos=1.0000
2025-12-15 10:16:56,184 - INFO - 5. luo: cos=1.0000
2025-12-15 10:16:56,184 - INFO - === Layer 2 (xlmr) — Worst 5 (cosine) ===
2025-12-15 10:16:56,184 - INFO - 1. fon: cos=1.0000
2025-12-15 10:16:56,184 - INFO - 2. bam: cos=1.0000
2025-12-15 10:16:56,184 - INFO - 3. hau: cos=1.0000
2025-12-15 10:16:56,184 - INFO - 4. swa: cos=1.0000
2025-12-15 10:16:56,184 - INFO - 5. pcm: cos=1.0000
2025-12-15 10:16:56,303 - INFO - === Layer 3 (xlmr) — Top 5 (cosine) ===
2025-12-15 10:16:56,303 - INFO - 1. sna: cos=1.0000
2025-12-15 10:16:56,303 - INFO - 2. lug: cos=1.0000
2025-12-15 10:16:56,303 - INFO - 3. kin: cos=1.0000
2025-12-15 10:16:56,303 - INFO - 4. xho: cos=1.0000
2025-12-15 10:16:56,303 - INFO - 5. zul: cos=1.0000
2025-12-15 10:16:56,303 - INFO - === Layer 3 (xlmr) — Worst 5 (cosine) ===
2025-12-15 10:16:56,303 - INFO - 1. pcm: cos=1.0000
2025-12-15 10:16:56,303 - INFO - 2. swa: cos=1.0000
2025-12-15 10:16:56,303 - INFO - 3. fon: cos=1.0000
2025-12-15 10:16:56,303 - INFO - 4. ewe: cos=1.0000
2025-12-15 10:16:56,303 - INFO - 5. bam: cos=1.0000
2025-12-15 10:16:56,422 - INFO - === Layer 4 (xlmr) — Top 5 (cosine) ===
2025-12-15 10:16:56,422 - INFO - 1. mos: cos=1.0000
2025-12-15 10:16:56,422 - INFO - 2. sna: cos=1.0000
2025-12-15 10:16:56,422 - INFO - 3. nya: cos=1.0000
2025-12-15 10:16:56,422 - INFO - 4. bam: cos=1.0000
2025-12-15 10:16:56,422 - INFO - 5. lug: cos=1.0000
2025-12-15 10:16:56,422 - INFO - === Layer 4 (xlmr) — Worst 5 (cosine) ===
2025-12-15 10:16:56,422 - INFO - 1. pcm: cos=1.0000
2025-12-15 10:16:56,422 - INFO - 2. swa: cos=1.0000
2025-12-15 10:16:56,422 - INFO - 3. twi: cos=1.0000
2025-12-15 10:16:56,422 - INFO - 4. hau: cos=1.0000
2025-12-15 10:16:56,422 - INFO - 5. kin: cos=1.0000
2025-12-15 10:16:56,541 - INFO - === Layer 5 (xlmr) — Top 5 (cosine) ===
2025-12-15 10:16:56,541 - INFO - 1. sna: cos=1.0000
2025-12-15 10:16:56,541 - INFO - 2. lug: cos=1.0000
2025-12-15 10:16:56,541 - INFO - 3. mos: cos=1.0000
2025-12-15 10:16:56,541 - INFO - 4. ibo: cos=1.0000
2025-12-15 10:16:56,541 - INFO - 5. hau: cos=1.0000
2025-12-15 10:16:56,541 - INFO - === Layer 5 (xlmr) — Worst 5 (cosine) ===
2025-12-15 10:16:56,541 - INFO - 1. fon: cos=1.0000
2025-12-15 10:16:56,541 - INFO - 2. swa: cos=1.0000
2025-12-15 10:16:56,541 - INFO - 3. pcm: cos=1.0000
2025-12-15 10:16:56,541 - INFO - 4. bam: cos=1.0000
2025-12-15 10:16:56,541 - INFO - 5. zul: cos=1.0000
2025-12-15 10:16:56,660 - INFO - === Layer 6 (xlmr) — Top 5 (cosine) ===
2025-12-15 10:16:56,660 - INFO - 1. sna: cos=1.0000
2025-12-15 10:16:56,660 - INFO - 2. lug: cos=1.0000
2025-12-15 10:16:56,660 - INFO - 3. hau: cos=1.0000
2025-12-15 10:16:56,660 - INFO - 4. xho: cos=1.0000
2025-12-15 10:16:56,660 - INFO - 5. tsn: cos=1.0000
2025-12-15 10:16:56,660 - INFO - === Layer 6 (xlmr) — Worst 5 (cosine) ===
2025-12-15 10:16:56,660 - INFO - 1. fon: cos=1.0000
2025-12-15 10:16:56,660 - INFO - 2. bam: cos=1.0000
2025-12-15 10:16:56,660 - INFO - 3. swa: cos=1.0000
2025-12-15 10:16:56,660 - INFO - 4. kin: cos=1.0000
2025-12-15 10:16:56,660 - INFO - 5. pcm: cos=1.0000
2025-12-15 10:16:56,779 - INFO - === Layer 7 (xlmr) — Top 5 (cosine) ===
2025-12-15 10:16:56,779 - INFO - 1. lug: cos=1.0000
2025-12-15 10:16:56,779 - INFO - 2. twi: cos=1.0000
2025-12-15 10:16:56,779 - INFO - 3. ewe: cos=1.0000
2025-12-15 10:16:56,779 - INFO - 4. sna: cos=1.0000
2025-12-15 10:16:56,779 - INFO - 5. hau: cos=1.0000
2025-12-15 10:16:56,779 - INFO - === Layer 7 (xlmr) — Worst 5 (cosine) ===
2025-12-15 10:16:56,779 - INFO - 1. yor: cos=1.0000
2025-12-15 10:16:56,779 - INFO - 2. zul: cos=1.0000
2025-12-15 10:16:56,779 - INFO - 3. ibo: cos=1.0000
2025-12-15 10:16:56,779 - INFO - 4. tsn: cos=1.0000
2025-12-15 10:16:56,779 - INFO - 5. kin: cos=1.0000
2025-12-15 10:16:56,960 - INFO - === Layer 8 (xlmr) — Top 5 (cosine) ===
2025-12-15 10:16:56,960 - INFO - 1. lug: cos=1.0000
2025-12-15 10:16:56,960 - INFO - 2. sna: cos=1.0000
2025-12-15 10:16:56,960 - INFO - 3. xho: cos=1.0000
2025-12-15 10:16:56,960 - INFO - 4. ewe: cos=1.0000
2025-12-15 10:16:56,960 - INFO - 5. fon: cos=1.0000
2025-12-15 10:16:56,960 - INFO - === Layer 8 (xlmr) — Worst 5 (cosine) ===
2025-12-15 10:16:56,960 - INFO - 1. mos: cos=1.0000
2025-12-15 10:16:56,960 - INFO - 2. yor: cos=1.0000
2025-12-15 10:16:56,960 - INFO - 3. bbj: cos=1.0000
2025-12-15 10:16:56,960 - INFO - 4. twi: cos=1.0000
2025-12-15 10:16:56,960 - INFO - 5. bam: cos=1.0000
2025-12-15 10:16:57,079 - INFO - === Layer 9 (xlmr) — Top 5 (cosine) ===
2025-12-15 10:16:57,079 - INFO - 1. lug: cos=1.0000
2025-12-15 10:16:57,079 - INFO - 2. pcm: cos=1.0000
2025-12-15 10:16:57,079 - INFO - 3. bbj: cos=1.0000
2025-12-15 10:16:57,079 - INFO - 4. twi: cos=1.0000
2025-12-15 10:16:57,079 - INFO - 5. sna: cos=1.0000
2025-12-15 10:16:57,079 - INFO - === Layer 9 (xlmr) — Worst 5 (cosine) ===
2025-12-15 10:16:57,079 - INFO - 1. yor: cos=1.0000
2025-12-15 10:16:57,079 - INFO - 2. zul: cos=1.0000
2025-12-15 10:16:57,079 - INFO - 3. luo: cos=1.0000
2025-12-15 10:16:57,079 - INFO - 4. mos: cos=1.0000
2025-12-15 10:16:57,079 - INFO - 5. ibo: cos=1.0000
2025-12-15 10:16:57,198 - INFO - === Layer 10 (xlmr) — Top 5 (cosine) ===
2025-12-15 10:16:57,198 - INFO - 1. sna: cos=1.0000
2025-12-15 10:16:57,198 - INFO - 2. xho: cos=1.0000
2025-12-15 10:16:57,198 - INFO - 3. twi: cos=1.0000
2025-12-15 10:16:57,198 - INFO - 4. hau: cos=1.0000
2025-12-15 10:16:57,198 - INFO - 5. ibo: cos=1.0000
2025-12-15 10:16:57,198 - INFO - === Layer 10 (xlmr) — Worst 5 (cosine) ===
2025-12-15 10:16:57,198 - INFO - 1. pcm: cos=1.0000
2025-12-15 10:16:57,198 - INFO - 2. bam: cos=1.0000
2025-12-15 10:16:57,198 - INFO - 3. tsn: cos=1.0000
2025-12-15 10:16:57,198 - INFO - 4. kin: cos=1.0000
2025-12-15 10:16:57,198 - INFO - 5. luo: cos=1.0000
2025-12-15 10:16:57,316 - INFO - === Layer 11 (xlmr) — Top 5 (cosine) ===
2025-12-15 10:16:57,316 - INFO - 1. kin: cos=1.0000
2025-12-15 10:16:57,316 - INFO - 2. twi: cos=1.0000
2025-12-15 10:16:57,316 - INFO - 3. lug: cos=1.0000
2025-12-15 10:16:57,316 - INFO - 4. xho: cos=1.0000
2025-12-15 10:16:57,316 - INFO - 5. hau: cos=1.0000
2025-12-15 10:16:57,316 - INFO - === Layer 11 (xlmr) — Worst 5 (cosine) ===
2025-12-15 10:16:57,316 - INFO - 1. swa: cos=0.9999
2025-12-15 10:16:57,316 - INFO - 2. yor: cos=0.9999
2025-12-15 10:16:57,316 - INFO - 3. luo: cos=0.9999
2025-12-15 10:16:57,316 - INFO - 4. ibo: cos=0.9999
2025-12-15 10:16:57,316 - INFO - 5. nya: cos=0.9999
2025-12-15 10:16:57,435 - INFO - === Layer 12 (xlmr) — Top 5 (cosine) ===
2025-12-15 10:16:57,435 - INFO - 1. hau: cos=0.9996
2025-12-15 10:16:57,435 - INFO - 2. pcm: cos=0.9996
2025-12-15 10:16:57,435 - INFO - 3. tsn: cos=0.9989
2025-12-15 10:16:57,435 - INFO - 4. swa: cos=0.9985
2025-12-15 10:16:57,435 - INFO - 5. nya: cos=0.9985
2025-12-15 10:16:57,435 - INFO - === Layer 12 (xlmr) — Worst 5 (cosine) ===
2025-12-15 10:16:57,435 - INFO - 1. fon: cos=0.9695
2025-12-15 10:16:57,435 - INFO - 2. bam: cos=0.9803
2025-12-15 10:16:57,435 - INFO - 3. ewe: cos=0.9909
2025-12-15 10:16:57,435 - INFO - 4. xho: cos=0.9937
2025-12-15 10:16:57,435 - INFO - 5. yor: cos=0.9954
2025-12-15 10:16:57,436 - INFO - Experiment finished successfully.
