2025-08-27 07:56:54,972 - INFO - Start: model_type=mbert, use_cls=True, use_context=True, context_window=2, max_tokens_per_type=400, batch_size=64, output_dir=rq2_train_scripts/Embeddings/CLEAN/outputs/mptc/mbert/config_3_clstrue_ctxtrue/tokens_400_ctx2, save_prototypes=False, seed=42, fp16=True, max_length=96, langs=all, layers=all, span_mode=bio, pool=mean, entity_tags={'LOC', 'PER', 'DATE', 'ORG'}, title_suffix='L=all, tokens=400, ctx=2, cls=true, fp16=true'
2025-08-27 07:56:56,482 - INFO - Processing run
2025-08-27 07:56:56,946 - INFO - Processing bam
2025-08-27 07:56:57,001 - INFO - Processing bbj
2025-08-27 07:56:57,057 - INFO - Processing ewe
2025-08-27 07:56:57,116 - INFO - Processing fon
2025-08-27 07:56:57,180 - INFO - Processing hau
2025-08-27 07:56:57,244 - INFO - Processing ibo
2025-08-27 07:56:57,338 - INFO - Processing kin
2025-08-27 07:56:57,404 - INFO - Processing lug
2025-08-27 07:56:57,465 - INFO - Processing luo
2025-08-27 07:56:57,533 - INFO - Processing mos
2025-08-27 07:56:57,617 - INFO - Processing nya
2025-08-27 07:56:57,683 - INFO - Processing pcm
2025-08-27 07:56:57,739 - INFO - Processing sna
2025-08-27 07:56:57,800 - INFO - Processing swa
2025-08-27 07:56:57,870 - INFO - Processing tsn
2025-08-27 07:56:57,917 - INFO - Processing twi
2025-08-27 07:56:57,979 - INFO - Processing wol
2025-08-27 07:56:58,047 - INFO - Processing xho
2025-08-27 07:56:58,103 - INFO - Processing yor
2025-08-27 07:56:58,187 - INFO - Processing zul
2025-08-27 07:56:58,598 - INFO - === Layer 1 (mbert) — Top 5 (cosine) ===
2025-08-27 07:56:58,598 - INFO - 1. xho: cos=0.9998
2025-08-27 07:56:58,598 - INFO - 2. lug: cos=0.9997
2025-08-27 07:56:58,598 - INFO - 3. zul: cos=0.9997
2025-08-27 07:56:58,598 - INFO - 4. hau: cos=0.9996
2025-08-27 07:56:58,598 - INFO - 5. nya: cos=0.9996
2025-08-27 07:56:58,598 - INFO - === Layer 1 (mbert) — Worst 5 (cosine) ===
2025-08-27 07:56:58,598 - INFO - 1. yor: cos=0.9987
2025-08-27 07:56:58,598 - INFO - 2. pcm: cos=0.9989
2025-08-27 07:56:58,598 - INFO - 3. fon: cos=0.9989
2025-08-27 07:56:58,598 - INFO - 4. bbj: cos=0.9990
2025-08-27 07:56:58,598 - INFO - 5. ewe: cos=0.9994
2025-08-27 07:56:58,731 - INFO - === Layer 2 (mbert) — Top 5 (cosine) ===
2025-08-27 07:56:58,731 - INFO - 1. xho: cos=1.0000
2025-08-27 07:56:58,731 - INFO - 2. lug: cos=0.9999
2025-08-27 07:56:58,731 - INFO - 3. zul: cos=0.9999
2025-08-27 07:56:58,731 - INFO - 4. hau: cos=0.9999
2025-08-27 07:56:58,731 - INFO - 5. nya: cos=0.9999
2025-08-27 07:56:58,731 - INFO - === Layer 2 (mbert) — Worst 5 (cosine) ===
2025-08-27 07:56:58,731 - INFO - 1. yor: cos=0.9998
2025-08-27 07:56:58,731 - INFO - 2. fon: cos=0.9998
2025-08-27 07:56:58,731 - INFO - 3. pcm: cos=0.9998
2025-08-27 07:56:58,731 - INFO - 4. bbj: cos=0.9999
2025-08-27 07:56:58,731 - INFO - 5. ewe: cos=0.9999
2025-08-27 07:56:58,864 - INFO - === Layer 3 (mbert) — Top 5 (cosine) ===
2025-08-27 07:56:58,864 - INFO - 1. xho: cos=1.0000
2025-08-27 07:56:58,864 - INFO - 2. zul: cos=1.0000
2025-08-27 07:56:58,864 - INFO - 3. lug: cos=1.0000
2025-08-27 07:56:58,864 - INFO - 4. hau: cos=1.0000
2025-08-27 07:56:58,864 - INFO - 5. kin: cos=1.0000
2025-08-27 07:56:58,864 - INFO - === Layer 3 (mbert) — Worst 5 (cosine) ===
2025-08-27 07:56:58,864 - INFO - 1. yor: cos=0.9999
2025-08-27 07:56:58,864 - INFO - 2. pcm: cos=0.9999
2025-08-27 07:56:58,864 - INFO - 3. fon: cos=0.9999
2025-08-27 07:56:58,864 - INFO - 4. bbj: cos=0.9999
2025-08-27 07:56:58,864 - INFO - 5. ewe: cos=1.0000
2025-08-27 07:56:59,015 - INFO - === Layer 4 (mbert) — Top 5 (cosine) ===
2025-08-27 07:56:59,015 - INFO - 1. lug: cos=0.9999
2025-08-27 07:56:59,015 - INFO - 2. kin: cos=0.9999
2025-08-27 07:56:59,015 - INFO - 3. zul: cos=0.9999
2025-08-27 07:56:59,015 - INFO - 4. nya: cos=0.9999
2025-08-27 07:56:59,015 - INFO - 5. hau: cos=0.9999
2025-08-27 07:56:59,015 - INFO - === Layer 4 (mbert) — Worst 5 (cosine) ===
2025-08-27 07:56:59,015 - INFO - 1. pcm: cos=0.9996
2025-08-27 07:56:59,015 - INFO - 2. yor: cos=0.9997
2025-08-27 07:56:59,016 - INFO - 3. bbj: cos=0.9997
2025-08-27 07:56:59,016 - INFO - 4. fon: cos=0.9997
2025-08-27 07:56:59,016 - INFO - 5. ewe: cos=0.9998
2025-08-27 07:56:59,147 - INFO - === Layer 5 (mbert) — Top 5 (cosine) ===
2025-08-27 07:56:59,147 - INFO - 1. lug: cos=0.9912
2025-08-27 07:56:59,147 - INFO - 2. xho: cos=0.9910
2025-08-27 07:56:59,147 - INFO - 3. zul: cos=0.9909
2025-08-27 07:56:59,147 - INFO - 4. nya: cos=0.9908
2025-08-27 07:56:59,147 - INFO - 5. luo: cos=0.9906
2025-08-27 07:56:59,147 - INFO - === Layer 5 (mbert) — Worst 5 (cosine) ===
2025-08-27 07:56:59,147 - INFO - 1. bbj: cos=0.9678
2025-08-27 07:56:59,147 - INFO - 2. fon: cos=0.9695
2025-08-27 07:56:59,147 - INFO - 3. yor: cos=0.9736
2025-08-27 07:56:59,147 - INFO - 4. pcm: cos=0.9772
2025-08-27 07:56:59,147 - INFO - 5. mos: cos=0.9802
2025-08-27 07:56:59,343 - INFO - === Layer 6 (mbert) — Top 5 (cosine) ===
2025-08-27 07:56:59,343 - INFO - 1. xho: cos=0.9881
2025-08-27 07:56:59,343 - INFO - 2. lug: cos=0.9881
2025-08-27 07:56:59,343 - INFO - 3. zul: cos=0.9872
2025-08-27 07:56:59,343 - INFO - 4. luo: cos=0.9871
2025-08-27 07:56:59,343 - INFO - 5. kin: cos=0.9862
2025-08-27 07:56:59,343 - INFO - === Layer 6 (mbert) — Worst 5 (cosine) ===
2025-08-27 07:56:59,343 - INFO - 1. fon: cos=0.9533
2025-08-27 07:56:59,343 - INFO - 2. bbj: cos=0.9561
2025-08-27 07:56:59,343 - INFO - 3. pcm: cos=0.9663
2025-08-27 07:56:59,343 - INFO - 4. yor: cos=0.9690
2025-08-27 07:56:59,343 - INFO - 5. bam: cos=0.9696
2025-08-27 07:56:59,474 - INFO - === Layer 7 (mbert) — Top 5 (cosine) ===
2025-08-27 07:56:59,474 - INFO - 1. xho: cos=0.9838
2025-08-27 07:56:59,474 - INFO - 2. luo: cos=0.9811
2025-08-27 07:56:59,474 - INFO - 3. hau: cos=0.9810
2025-08-27 07:56:59,474 - INFO - 4. kin: cos=0.9804
2025-08-27 07:56:59,474 - INFO - 5. ibo: cos=0.9800
2025-08-27 07:56:59,474 - INFO - === Layer 7 (mbert) — Worst 5 (cosine) ===
2025-08-27 07:56:59,474 - INFO - 1. pcm: cos=0.9538
2025-08-27 07:56:59,474 - INFO - 2. fon: cos=0.9553
2025-08-27 07:56:59,474 - INFO - 3. bbj: cos=0.9595
2025-08-27 07:56:59,474 - INFO - 4. swa: cos=0.9598
2025-08-27 07:56:59,474 - INFO - 5. yor: cos=0.9625
2025-08-27 07:56:59,605 - INFO - === Layer 8 (mbert) — Top 5 (cosine) ===
2025-08-27 07:56:59,605 - INFO - 1. hau: cos=0.9552
2025-08-27 07:56:59,605 - INFO - 2. luo: cos=0.9511
2025-08-27 07:56:59,605 - INFO - 3. ibo: cos=0.9499
2025-08-27 07:56:59,605 - INFO - 4. nya: cos=0.9481
2025-08-27 07:56:59,605 - INFO - 5. tsn: cos=0.9480
2025-08-27 07:56:59,605 - INFO - === Layer 8 (mbert) — Worst 5 (cosine) ===
2025-08-27 07:56:59,605 - INFO - 1. pcm: cos=0.9078
2025-08-27 07:56:59,605 - INFO - 2. fon: cos=0.9162
2025-08-27 07:56:59,605 - INFO - 3. bbj: cos=0.9170
2025-08-27 07:56:59,605 - INFO - 4. bam: cos=0.9236
2025-08-27 07:56:59,605 - INFO - 5. swa: cos=0.9278
2025-08-27 07:56:59,737 - INFO - === Layer 9 (mbert) — Top 5 (cosine) ===
2025-08-27 07:56:59,737 - INFO - 1. sna: cos=0.9818
2025-08-27 07:56:59,737 - INFO - 2. hau: cos=0.9805
2025-08-27 07:56:59,737 - INFO - 3. xho: cos=0.9789
2025-08-27 07:56:59,737 - INFO - 4. twi: cos=0.9784
2025-08-27 07:56:59,737 - INFO - 5. nya: cos=0.9783
2025-08-27 07:56:59,737 - INFO - === Layer 9 (mbert) — Worst 5 (cosine) ===
2025-08-27 07:56:59,737 - INFO - 1. pcm: cos=0.9383
2025-08-27 07:56:59,737 - INFO - 2. swa: cos=0.9419
2025-08-27 07:56:59,737 - INFO - 3. bbj: cos=0.9556
2025-08-27 07:56:59,737 - INFO - 4. bam: cos=0.9564
2025-08-27 07:56:59,737 - INFO - 5. yor: cos=0.9579
2025-08-27 07:56:59,869 - INFO - === Layer 10 (mbert) — Top 5 (cosine) ===
2025-08-27 07:56:59,869 - INFO - 1. sna: cos=0.9828
2025-08-27 07:56:59,869 - INFO - 2. nya: cos=0.9807
2025-08-27 07:56:59,869 - INFO - 3. kin: cos=0.9801
2025-08-27 07:56:59,869 - INFO - 4. hau: cos=0.9792
2025-08-27 07:56:59,869 - INFO - 5. xho: cos=0.9790
2025-08-27 07:56:59,869 - INFO - === Layer 10 (mbert) — Worst 5 (cosine) ===
2025-08-27 07:56:59,869 - INFO - 1. pcm: cos=0.9443
2025-08-27 07:56:59,869 - INFO - 2. swa: cos=0.9510
2025-08-27 07:56:59,869 - INFO - 3. yor: cos=0.9560
2025-08-27 07:56:59,869 - INFO - 4. bbj: cos=0.9581
2025-08-27 07:56:59,869 - INFO - 5. bam: cos=0.9617
2025-08-27 07:56:59,998 - INFO - === Layer 11 (mbert) — Top 5 (cosine) ===
2025-08-27 07:56:59,998 - INFO - 1. sna: cos=0.9866
2025-08-27 07:56:59,998 - INFO - 2. kin: cos=0.9858
2025-08-27 07:56:59,998 - INFO - 3. nya: cos=0.9854
2025-08-27 07:56:59,998 - INFO - 4. lug: cos=0.9842
2025-08-27 07:56:59,998 - INFO - 5. twi: cos=0.9827
2025-08-27 07:56:59,998 - INFO - === Layer 11 (mbert) — Worst 5 (cosine) ===
2025-08-27 07:56:59,998 - INFO - 1. pcm: cos=0.9500
2025-08-27 07:56:59,998 - INFO - 2. yor: cos=0.9560
2025-08-27 07:56:59,998 - INFO - 3. bbj: cos=0.9610
2025-08-27 07:56:59,998 - INFO - 4. swa: cos=0.9638
2025-08-27 07:56:59,998 - INFO - 5. bam: cos=0.9703
2025-08-27 07:57:00,124 - INFO - === Layer 12 (mbert) — Top 5 (cosine) ===
2025-08-27 07:57:00,124 - INFO - 1. lug: cos=0.9804
2025-08-27 07:57:00,124 - INFO - 2. kin: cos=0.9801
2025-08-27 07:57:00,124 - INFO - 3. sna: cos=0.9791
2025-08-27 07:57:00,124 - INFO - 4. nya: cos=0.9776
2025-08-27 07:57:00,124 - INFO - 5. zul: cos=0.9723
2025-08-27 07:57:00,124 - INFO - === Layer 12 (mbert) — Worst 5 (cosine) ===
2025-08-27 07:57:00,124 - INFO - 1. bbj: cos=0.9036
2025-08-27 07:57:00,124 - INFO - 2. pcm: cos=0.9200
2025-08-27 07:57:00,124 - INFO - 3. fon: cos=0.9379
2025-08-27 07:57:00,124 - INFO - 4. yor: cos=0.9427
2025-08-27 07:57:00,124 - INFO - 5. bam: cos=0.9459
2025-08-27 07:57:00,125 - INFO - Experiment finished successfully.
