2025-08-03 06:53:19,923 - INFO - Experiment started with model_type=xlmr, use_cls=True, use_context=True, context_window=0, use_hybrid=True, max_tokens_per_type=300, output_dir=rq2_train_scripts/Embeddings/MEXA_inspired_strategy/outputs/mptc/xlmr/config_7_clstrue_ctxtrue_hybtrue/tokens_300_ctx0
2025-08-03 06:53:21,392 - INFO - Processing run
2025-08-03 06:53:23,197 - INFO - Processing bam
2025-08-03 06:53:25,705 - INFO - Processing bbj
2025-08-03 06:53:28,238 - INFO - Processing ewe
2025-08-03 06:53:30,782 - INFO - Processing fon
2025-08-03 06:53:33,327 - INFO - Processing hau
2025-08-03 06:53:35,878 - INFO - Processing ibo
2025-08-03 06:53:38,462 - INFO - Processing kin
2025-08-03 06:53:41,031 - INFO - Processing lug
2025-08-03 06:53:43,529 - INFO - Processing luo
2025-08-03 06:53:46,057 - INFO - Processing mos
2025-08-03 06:53:48,608 - INFO - Processing nya
2025-08-03 06:53:51,174 - INFO - Processing pcm
2025-08-03 06:53:53,675 - INFO - Processing sna
2025-08-03 06:53:56,221 - INFO - Processing swa
2025-08-03 06:53:58,745 - INFO - Processing tsn
2025-08-03 06:54:01,271 - INFO - Processing twi
2025-08-03 06:54:03,802 - INFO - Processing wol
2025-08-03 06:54:06,364 - INFO - Processing xho
2025-08-03 06:54:08,908 - INFO - Processing yor
2025-08-03 06:54:11,514 - INFO - Processing zul
2025-08-03 06:54:14,498 - INFO - Top 5 languages most similar to Runyankore:
2025-08-03 06:54:14,498 - INFO - 1. lug - Mean Similarity: 0.9224
2025-08-03 06:54:14,498 - INFO - 2. luo - Mean Similarity: 0.9067
2025-08-03 06:54:14,498 - INFO - 3. tsn - Mean Similarity: 0.9030
2025-08-03 06:54:14,498 - INFO - 4. kin - Mean Similarity: 0.9015
2025-08-03 06:54:14,498 - INFO - 5. nya - Mean Similarity: 0.9011
2025-08-03 06:54:14,498 - INFO - Experiment finished successfully.
