2025-08-03 03:13:57,769 - INFO - Experiment started with model_type=mbert, use_cls=False, use_context=True, context_window=0, use_hybrid=True, max_tokens_per_type=200, output_dir=rq2_train_scripts/Embeddings/MEXA_inspired_strategy/outputs/salt/mbert/config_6_clsfalse_ctxtrue_hybtrue/tokens_200_ctx0
2025-08-03 03:13:58,787 - INFO - Processing run
2025-08-03 03:14:00,509 - INFO - Processing bam
2025-08-03 03:14:01,902 - INFO - Processing bbj
2025-08-03 03:14:03,280 - INFO - Processing ewe
2025-08-03 03:14:04,644 - INFO - Processing fon
2025-08-03 03:14:06,048 - INFO - Processing hau
2025-08-03 03:14:07,450 - INFO - Processing ibo
2025-08-03 03:14:08,892 - INFO - Processing kin
2025-08-03 03:14:10,297 - INFO - Processing lug
2025-08-03 03:14:11,669 - INFO - Processing luo
2025-08-03 03:14:13,065 - INFO - Processing mos
2025-08-03 03:14:14,473 - INFO - Processing nya
2025-08-03 03:14:15,874 - INFO - Processing pcm
2025-08-03 03:14:17,257 - INFO - Processing sna
2025-08-03 03:14:18,662 - INFO - Processing swa
2025-08-03 03:14:20,060 - INFO - Processing tsn
2025-08-03 03:14:21,440 - INFO - Processing twi
2025-08-03 03:14:22,827 - INFO - Processing wol
2025-08-03 03:14:24,223 - INFO - Processing xho
2025-08-03 03:14:25,621 - INFO - Processing yor
2025-08-03 03:14:27,051 - INFO - Processing zul
2025-08-03 03:14:28,881 - INFO - Top 5 languages most similar to Runyankore:
2025-08-03 03:14:28,881 - INFO - 1. lug - Mean Similarity: 0.6279
2025-08-03 03:14:28,881 - INFO - 2. luo - Mean Similarity: 0.6102
2025-08-03 03:14:28,881 - INFO - 3. kin - Mean Similarity: 0.6010
2025-08-03 03:14:28,881 - INFO - 4. ibo - Mean Similarity: 0.5982
2025-08-03 03:14:28,881 - INFO - 5. twi - Mean Similarity: 0.5949
2025-08-03 03:14:28,881 - INFO - Experiment finished successfully.
