2025-08-27 07:44:25,251 - INFO - Start: model_type=xlmr, use_cls=True, use_context=False, context_window=2, max_tokens_per_type=400, batch_size=64, output_dir=rq2_train_scripts/Embeddings/CLEAN/outputs/mptc/xlmr/config_1_clstrue_ctxfalse/tokens_400_ctx2, save_prototypes=False, seed=42, fp16=True, max_length=96, langs=all, layers=all, span_mode=bio, pool=mean, entity_tags={'ORG', 'LOC', 'PER', 'DATE'}, title_suffix='L=all, tokens=400, ctx=2, cls=true, fp16=true'
2025-08-27 07:44:27,477 - INFO - Processing run
2025-08-27 07:44:27,864 - INFO - Processing bam
2025-08-27 07:44:27,916 - INFO - Processing bbj
2025-08-27 07:44:27,961 - INFO - Processing ewe
2025-08-27 07:44:28,003 - INFO - Processing fon
2025-08-27 07:44:28,058 - INFO - Processing hau
2025-08-27 07:44:28,121 - INFO - Processing ibo
2025-08-27 07:44:28,231 - INFO - Processing kin
2025-08-27 07:44:28,295 - INFO - Processing lug
2025-08-27 07:44:28,346 - INFO - Processing luo
2025-08-27 07:44:28,406 - INFO - Processing mos
2025-08-27 07:44:28,475 - INFO - Processing nya
2025-08-27 07:44:28,540 - INFO - Processing pcm
2025-08-27 07:44:28,594 - INFO - Processing sna
2025-08-27 07:44:28,651 - INFO - Processing swa
2025-08-27 07:44:28,714 - INFO - Processing tsn
2025-08-27 07:44:28,760 - INFO - Processing twi
2025-08-27 07:44:28,821 - INFO - Processing wol
2025-08-27 07:44:28,887 - INFO - Processing xho
2025-08-27 07:44:28,936 - INFO - Processing yor
2025-08-27 07:44:29,020 - INFO - Processing zul
2025-08-27 07:44:29,511 - INFO - === Layer 1 (xlmr) — Top 5 (cosine) ===
2025-08-27 07:44:29,511 - INFO - 1. kin: cos=1.0000
2025-08-27 07:44:29,511 - INFO - 2. luo: cos=0.9999
2025-08-27 07:44:29,511 - INFO - 3. twi: cos=0.9999
2025-08-27 07:44:29,511 - INFO - 4. nya: cos=0.9998
2025-08-27 07:44:29,511 - INFO - 5. sna: cos=0.9998
2025-08-27 07:44:29,511 - INFO - === Layer 1 (xlmr) — Worst 5 (cosine) ===
2025-08-27 07:44:29,511 - INFO - 1. hau: cos=0.9992
2025-08-27 07:44:29,511 - INFO - 2. fon: cos=0.9994
2025-08-27 07:44:29,511 - INFO - 3. bam: cos=0.9994
2025-08-27 07:44:29,511 - INFO - 4. bbj: cos=0.9994
2025-08-27 07:44:29,511 - INFO - 5. pcm: cos=0.9995
2025-08-27 07:44:29,664 - INFO - === Layer 2 (xlmr) — Top 5 (cosine) ===
2025-08-27 07:44:29,664 - INFO - 1. kin: cos=1.0000
2025-08-27 07:44:29,664 - INFO - 2. luo: cos=1.0000
2025-08-27 07:44:29,664 - INFO - 3. twi: cos=1.0000
2025-08-27 07:44:29,664 - INFO - 4. zul: cos=1.0000
2025-08-27 07:44:29,664 - INFO - 5. nya: cos=1.0000
2025-08-27 07:44:29,664 - INFO - === Layer 2 (xlmr) — Worst 5 (cosine) ===
2025-08-27 07:44:29,664 - INFO - 1. hau: cos=0.9999
2025-08-27 07:44:29,664 - INFO - 2. bam: cos=0.9999
2025-08-27 07:44:29,664 - INFO - 3. pcm: cos=0.9999
2025-08-27 07:44:29,664 - INFO - 4. bbj: cos=0.9999
2025-08-27 07:44:29,664 - INFO - 5. fon: cos=0.9999
2025-08-27 07:44:29,794 - INFO - === Layer 3 (xlmr) — Top 5 (cosine) ===
2025-08-27 07:44:29,794 - INFO - 1. kin: cos=1.0000
2025-08-27 07:44:29,794 - INFO - 2. luo: cos=1.0000
2025-08-27 07:44:29,794 - INFO - 3. twi: cos=1.0000
2025-08-27 07:44:29,794 - INFO - 4. zul: cos=1.0000
2025-08-27 07:44:29,794 - INFO - 5. ibo: cos=1.0000
2025-08-27 07:44:29,794 - INFO - === Layer 3 (xlmr) — Worst 5 (cosine) ===
2025-08-27 07:44:29,794 - INFO - 1. pcm: cos=1.0000
2025-08-27 07:44:29,794 - INFO - 2. swa: cos=1.0000
2025-08-27 07:44:29,794 - INFO - 3. bbj: cos=1.0000
2025-08-27 07:44:29,794 - INFO - 4. sna: cos=1.0000
2025-08-27 07:44:29,794 - INFO - 5. fon: cos=1.0000
2025-08-27 07:44:29,924 - INFO - === Layer 4 (xlmr) — Top 5 (cosine) ===
2025-08-27 07:44:29,924 - INFO - 1. kin: cos=1.0000
2025-08-27 07:44:29,924 - INFO - 2. twi: cos=1.0000
2025-08-27 07:44:29,924 - INFO - 3. luo: cos=1.0000
2025-08-27 07:44:29,924 - INFO - 4. zul: cos=1.0000
2025-08-27 07:44:29,924 - INFO - 5. swa: cos=1.0000
2025-08-27 07:44:29,924 - INFO - === Layer 4 (xlmr) — Worst 5 (cosine) ===
2025-08-27 07:44:29,924 - INFO - 1. bam: cos=1.0000
2025-08-27 07:44:29,924 - INFO - 2. hau: cos=1.0000
2025-08-27 07:44:29,924 - INFO - 3. wol: cos=1.0000
2025-08-27 07:44:29,924 - INFO - 4. yor: cos=1.0000
2025-08-27 07:44:29,924 - INFO - 5. pcm: cos=1.0000
2025-08-27 07:44:30,055 - INFO - === Layer 5 (xlmr) — Top 5 (cosine) ===
2025-08-27 07:44:30,055 - INFO - 1. twi: cos=1.0000
2025-08-27 07:44:30,055 - INFO - 2. kin: cos=1.0000
2025-08-27 07:44:30,055 - INFO - 3. luo: cos=1.0000
2025-08-27 07:44:30,055 - INFO - 4. tsn: cos=1.0000
2025-08-27 07:44:30,055 - INFO - 5. ewe: cos=1.0000
2025-08-27 07:44:30,055 - INFO - === Layer 5 (xlmr) — Worst 5 (cosine) ===
2025-08-27 07:44:30,055 - INFO - 1. hau: cos=1.0000
2025-08-27 07:44:30,055 - INFO - 2. pcm: cos=1.0000
2025-08-27 07:44:30,055 - INFO - 3. fon: cos=1.0000
2025-08-27 07:44:30,055 - INFO - 4. wol: cos=1.0000
2025-08-27 07:44:30,055 - INFO - 5. mos: cos=1.0000
2025-08-27 07:44:30,185 - INFO - === Layer 6 (xlmr) — Top 5 (cosine) ===
2025-08-27 07:44:30,185 - INFO - 1. kin: cos=1.0000
2025-08-27 07:44:30,185 - INFO - 2. twi: cos=1.0000
2025-08-27 07:44:30,185 - INFO - 3. luo: cos=1.0000
2025-08-27 07:44:30,185 - INFO - 4. ewe: cos=1.0000
2025-08-27 07:44:30,185 - INFO - 5. tsn: cos=1.0000
2025-08-27 07:44:30,185 - INFO - === Layer 6 (xlmr) — Worst 5 (cosine) ===
2025-08-27 07:44:30,185 - INFO - 1. hau: cos=1.0000
2025-08-27 07:44:30,185 - INFO - 2. pcm: cos=1.0000
2025-08-27 07:44:30,185 - INFO - 3. wol: cos=1.0000
2025-08-27 07:44:30,185 - INFO - 4. fon: cos=1.0000
2025-08-27 07:44:30,185 - INFO - 5. mos: cos=1.0000
2025-08-27 07:44:30,316 - INFO - === Layer 7 (xlmr) — Top 5 (cosine) ===
2025-08-27 07:44:30,316 - INFO - 1. kin: cos=1.0000
2025-08-27 07:44:30,316 - INFO - 2. fon: cos=1.0000
2025-08-27 07:44:30,316 - INFO - 3. sna: cos=1.0000
2025-08-27 07:44:30,316 - INFO - 4. pcm: cos=1.0000
2025-08-27 07:44:30,316 - INFO - 5. swa: cos=1.0000
2025-08-27 07:44:30,316 - INFO - === Layer 7 (xlmr) — Worst 5 (cosine) ===
2025-08-27 07:44:30,316 - INFO - 1. nya: cos=1.0000
2025-08-27 07:44:30,316 - INFO - 2. hau: cos=1.0000
2025-08-27 07:44:30,316 - INFO - 3. tsn: cos=1.0000
2025-08-27 07:44:30,316 - INFO - 4. mos: cos=1.0000
2025-08-27 07:44:30,316 - INFO - 5. wol: cos=1.0000
2025-08-27 07:44:30,514 - INFO - === Layer 8 (xlmr) — Top 5 (cosine) ===
2025-08-27 07:44:30,514 - INFO - 1. kin: cos=1.0000
2025-08-27 07:44:30,514 - INFO - 2. lug: cos=1.0000
2025-08-27 07:44:30,514 - INFO - 3. twi: cos=1.0000
2025-08-27 07:44:30,514 - INFO - 4. yor: cos=1.0000
2025-08-27 07:44:30,514 - INFO - 5. tsn: cos=1.0000
2025-08-27 07:44:30,514 - INFO - === Layer 8 (xlmr) — Worst 5 (cosine) ===
2025-08-27 07:44:30,514 - INFO - 1. ewe: cos=0.9999
2025-08-27 07:44:30,514 - INFO - 2. swa: cos=0.9999
2025-08-27 07:44:30,514 - INFO - 3. bbj: cos=1.0000
2025-08-27 07:44:30,514 - INFO - 4. hau: cos=1.0000
2025-08-27 07:44:30,514 - INFO - 5. fon: cos=1.0000
2025-08-27 07:44:30,642 - INFO - === Layer 9 (xlmr) — Top 5 (cosine) ===
2025-08-27 07:44:30,642 - INFO - 1. kin: cos=1.0000
2025-08-27 07:44:30,642 - INFO - 2. bam: cos=1.0000
2025-08-27 07:44:30,642 - INFO - 3. ewe: cos=1.0000
2025-08-27 07:44:30,642 - INFO - 4. twi: cos=1.0000
2025-08-27 07:44:30,642 - INFO - 5. luo: cos=1.0000
2025-08-27 07:44:30,642 - INFO - === Layer 9 (xlmr) — Worst 5 (cosine) ===
2025-08-27 07:44:30,642 - INFO - 1. bbj: cos=1.0000
2025-08-27 07:44:30,642 - INFO - 2. wol: cos=1.0000
2025-08-27 07:44:30,642 - INFO - 3. hau: cos=1.0000
2025-08-27 07:44:30,642 - INFO - 4. nya: cos=1.0000
2025-08-27 07:44:30,642 - INFO - 5. ibo: cos=1.0000
2025-08-27 07:44:30,763 - INFO - === Layer 10 (xlmr) — Top 5 (cosine) ===
2025-08-27 07:44:30,763 - INFO - 1. twi: cos=1.0000
2025-08-27 07:44:30,763 - INFO - 2. bam: cos=1.0000
2025-08-27 07:44:30,763 - INFO - 3. ewe: cos=1.0000
2025-08-27 07:44:30,763 - INFO - 4. zul: cos=1.0000
2025-08-27 07:44:30,763 - INFO - 5. wol: cos=1.0000
2025-08-27 07:44:30,763 - INFO - === Layer 10 (xlmr) — Worst 5 (cosine) ===
2025-08-27 07:44:30,763 - INFO - 1. pcm: cos=1.0000
2025-08-27 07:44:30,763 - INFO - 2. yor: cos=1.0000
2025-08-27 07:44:30,763 - INFO - 3. fon: cos=1.0000
2025-08-27 07:44:30,763 - INFO - 4. ibo: cos=1.0000
2025-08-27 07:44:30,763 - INFO - 5. lug: cos=1.0000
2025-08-27 07:44:30,883 - INFO - === Layer 11 (xlmr) — Top 5 (cosine) ===
2025-08-27 07:44:30,883 - INFO - 1. lug: cos=1.0000
2025-08-27 07:44:30,883 - INFO - 2. twi: cos=1.0000
2025-08-27 07:44:30,883 - INFO - 3. pcm: cos=1.0000
2025-08-27 07:44:30,883 - INFO - 4. swa: cos=1.0000
2025-08-27 07:44:30,883 - INFO - 5. tsn: cos=1.0000
2025-08-27 07:44:30,883 - INFO - === Layer 11 (xlmr) — Worst 5 (cosine) ===
2025-08-27 07:44:30,883 - INFO - 1. bam: cos=0.9998
2025-08-27 07:44:30,883 - INFO - 2. luo: cos=0.9999
2025-08-27 07:44:30,883 - INFO - 3. bbj: cos=0.9999
2025-08-27 07:44:30,883 - INFO - 4. zul: cos=0.9999
2025-08-27 07:44:30,883 - INFO - 5. sna: cos=0.9999
2025-08-27 07:44:31,010 - INFO - === Layer 12 (xlmr) — Top 5 (cosine) ===
2025-08-27 07:44:31,011 - INFO - 1. kin: cos=0.9999
2025-08-27 07:44:31,011 - INFO - 2. ewe: cos=0.9999
2025-08-27 07:44:31,011 - INFO - 3. wol: cos=0.9999
2025-08-27 07:44:31,011 - INFO - 4. sna: cos=0.9998
2025-08-27 07:44:31,011 - INFO - 5. lug: cos=0.9998
2025-08-27 07:44:31,011 - INFO - === Layer 12 (xlmr) — Worst 5 (cosine) ===
2025-08-27 07:44:31,011 - INFO - 1. fon: cos=0.9976
2025-08-27 07:44:31,011 - INFO - 2. pcm: cos=0.9992
2025-08-27 07:44:31,011 - INFO - 3. hau: cos=0.9995
2025-08-27 07:44:31,011 - INFO - 4. swa: cos=0.9997
2025-08-27 07:44:31,011 - INFO - 5. tsn: cos=0.9997
2025-08-27 07:44:31,011 - INFO - Experiment finished successfully.
