2025-08-27 07:44:23,545 - INFO - Start: model_type=xlmr, use_cls=True, use_context=False, context_window=3, max_tokens_per_type=300, batch_size=64, output_dir=rq2_train_scripts/Embeddings/CLEAN/outputs/salt/xlmr/config_1_clstrue_ctxfalse/tokens_300_ctx3, save_prototypes=False, seed=42, fp16=True, max_length=96, langs=all, layers=all, span_mode=bio, pool=mean, entity_tags={'ORG', 'DATE', 'LOC', 'PER'}, title_suffix='L=all, tokens=300, ctx=3, cls=true, fp16=true'
2025-08-27 07:44:25,514 - INFO - Processing run
2025-08-27 07:44:25,964 - INFO - Processing bam
2025-08-27 07:44:26,013 - INFO - Processing bbj
2025-08-27 07:44:26,051 - INFO - Processing ewe
2025-08-27 07:44:26,084 - INFO - Processing fon
2025-08-27 07:44:26,133 - INFO - Processing hau
2025-08-27 07:44:26,191 - INFO - Processing ibo
2025-08-27 07:44:26,276 - INFO - Processing kin
2025-08-27 07:44:26,338 - INFO - Processing lug
2025-08-27 07:44:26,381 - INFO - Processing luo
2025-08-27 07:44:26,448 - INFO - Processing mos
2025-08-27 07:44:26,503 - INFO - Processing nya
2025-08-27 07:44:26,566 - INFO - Processing pcm
2025-08-27 07:44:26,620 - INFO - Processing sna
2025-08-27 07:44:26,673 - INFO - Processing swa
2025-08-27 07:44:26,734 - INFO - Processing tsn
2025-08-27 07:44:26,776 - INFO - Processing twi
2025-08-27 07:44:26,833 - INFO - Processing wol
2025-08-27 07:44:26,910 - INFO - Processing xho
2025-08-27 07:44:26,975 - INFO - Processing yor
2025-08-27 07:44:27,052 - INFO - Processing zul
2025-08-27 07:44:27,551 - INFO - === Layer 1 (xlmr) — Top 5 (cosine) ===
2025-08-27 07:44:27,551 - INFO - 1. kin: cos=0.9999
2025-08-27 07:44:27,551 - INFO - 2. twi: cos=0.9999
2025-08-27 07:44:27,551 - INFO - 3. luo: cos=0.9999
2025-08-27 07:44:27,551 - INFO - 4. ewe: cos=0.9998
2025-08-27 07:44:27,551 - INFO - 5. nya: cos=0.9998
2025-08-27 07:44:27,551 - INFO - === Layer 1 (xlmr) — Worst 5 (cosine) ===
2025-08-27 07:44:27,551 - INFO - 1. pcm: cos=0.9994
2025-08-27 07:44:27,551 - INFO - 2. hau: cos=0.9994
2025-08-27 07:44:27,551 - INFO - 3. fon: cos=0.9995
2025-08-27 07:44:27,551 - INFO - 4. bbj: cos=0.9995
2025-08-27 07:44:27,551 - INFO - 5. bam: cos=0.9995
2025-08-27 07:44:27,680 - INFO - === Layer 2 (xlmr) — Top 5 (cosine) ===
2025-08-27 07:44:27,680 - INFO - 1. kin: cos=1.0000
2025-08-27 07:44:27,680 - INFO - 2. twi: cos=1.0000
2025-08-27 07:44:27,680 - INFO - 3. luo: cos=1.0000
2025-08-27 07:44:27,680 - INFO - 4. ewe: cos=1.0000
2025-08-27 07:44:27,680 - INFO - 5. nya: cos=1.0000
2025-08-27 07:44:27,680 - INFO - === Layer 2 (xlmr) — Worst 5 (cosine) ===
2025-08-27 07:44:27,681 - INFO - 1. pcm: cos=0.9999
2025-08-27 07:44:27,681 - INFO - 2. swa: cos=0.9999
2025-08-27 07:44:27,681 - INFO - 3. hau: cos=0.9999
2025-08-27 07:44:27,681 - INFO - 4. bbj: cos=0.9999
2025-08-27 07:44:27,681 - INFO - 5. sna: cos=0.9999
2025-08-27 07:44:27,810 - INFO - === Layer 3 (xlmr) — Top 5 (cosine) ===
2025-08-27 07:44:27,811 - INFO - 1. twi: cos=1.0000
2025-08-27 07:44:27,811 - INFO - 2. kin: cos=1.0000
2025-08-27 07:44:27,811 - INFO - 3. luo: cos=1.0000
2025-08-27 07:44:27,811 - INFO - 4. ibo: cos=1.0000
2025-08-27 07:44:27,811 - INFO - 5. zul: cos=1.0000
2025-08-27 07:44:27,811 - INFO - === Layer 3 (xlmr) — Worst 5 (cosine) ===
2025-08-27 07:44:27,811 - INFO - 1. pcm: cos=1.0000
2025-08-27 07:44:27,811 - INFO - 2. swa: cos=1.0000
2025-08-27 07:44:27,811 - INFO - 3. sna: cos=1.0000
2025-08-27 07:44:27,811 - INFO - 4. nya: cos=1.0000
2025-08-27 07:44:27,811 - INFO - 5. bbj: cos=1.0000
2025-08-27 07:44:27,940 - INFO - === Layer 4 (xlmr) — Top 5 (cosine) ===
2025-08-27 07:44:27,940 - INFO - 1. kin: cos=1.0000
2025-08-27 07:44:27,940 - INFO - 2. twi: cos=1.0000
2025-08-27 07:44:27,940 - INFO - 3. luo: cos=1.0000
2025-08-27 07:44:27,940 - INFO - 4. bbj: cos=1.0000
2025-08-27 07:44:27,940 - INFO - 5. tsn: cos=1.0000
2025-08-27 07:44:27,940 - INFO - === Layer 4 (xlmr) — Worst 5 (cosine) ===
2025-08-27 07:44:27,940 - INFO - 1. pcm: cos=1.0000
2025-08-27 07:44:27,940 - INFO - 2. bam: cos=1.0000
2025-08-27 07:44:27,940 - INFO - 3. yor: cos=1.0000
2025-08-27 07:44:27,940 - INFO - 4. hau: cos=1.0000
2025-08-27 07:44:27,940 - INFO - 5. nya: cos=1.0000
2025-08-27 07:44:28,067 - INFO - === Layer 5 (xlmr) — Top 5 (cosine) ===
2025-08-27 07:44:28,067 - INFO - 1. twi: cos=1.0000
2025-08-27 07:44:28,067 - INFO - 2. luo: cos=1.0000
2025-08-27 07:44:28,067 - INFO - 3. tsn: cos=1.0000
2025-08-27 07:44:28,067 - INFO - 4. kin: cos=1.0000
2025-08-27 07:44:28,067 - INFO - 5. ewe: cos=1.0000
2025-08-27 07:44:28,067 - INFO - === Layer 5 (xlmr) — Worst 5 (cosine) ===
2025-08-27 07:44:28,067 - INFO - 1. pcm: cos=1.0000
2025-08-27 07:44:28,067 - INFO - 2. hau: cos=1.0000
2025-08-27 07:44:28,067 - INFO - 3. swa: cos=1.0000
2025-08-27 07:44:28,067 - INFO - 4. xho: cos=1.0000
2025-08-27 07:44:28,067 - INFO - 5. wol: cos=1.0000
2025-08-27 07:44:28,210 - INFO - === Layer 6 (xlmr) — Top 5 (cosine) ===
2025-08-27 07:44:28,210 - INFO - 1. twi: cos=1.0000
2025-08-27 07:44:28,210 - INFO - 2. kin: cos=1.0000
2025-08-27 07:44:28,210 - INFO - 3. luo: cos=1.0000
2025-08-27 07:44:28,210 - INFO - 4. tsn: cos=1.0000
2025-08-27 07:44:28,210 - INFO - 5. zul: cos=1.0000
2025-08-27 07:44:28,210 - INFO - === Layer 6 (xlmr) — Worst 5 (cosine) ===
2025-08-27 07:44:28,210 - INFO - 1. yor: cos=1.0000
2025-08-27 07:44:28,210 - INFO - 2. hau: cos=1.0000
2025-08-27 07:44:28,210 - INFO - 3. pcm: cos=1.0000
2025-08-27 07:44:28,210 - INFO - 4. swa: cos=1.0000
2025-08-27 07:44:28,210 - INFO - 5. xho: cos=1.0000
2025-08-27 07:44:28,340 - INFO - === Layer 7 (xlmr) — Top 5 (cosine) ===
2025-08-27 07:44:28,340 - INFO - 1. twi: cos=1.0000
2025-08-27 07:44:28,340 - INFO - 2. kin: cos=1.0000
2025-08-27 07:44:28,340 - INFO - 3. fon: cos=1.0000
2025-08-27 07:44:28,340 - INFO - 4. bbj: cos=1.0000
2025-08-27 07:44:28,340 - INFO - 5. swa: cos=1.0000
2025-08-27 07:44:28,340 - INFO - === Layer 7 (xlmr) — Worst 5 (cosine) ===
2025-08-27 07:44:28,341 - INFO - 1. pcm: cos=1.0000
2025-08-27 07:44:28,341 - INFO - 2. hau: cos=1.0000
2025-08-27 07:44:28,341 - INFO - 3. zul: cos=1.0000
2025-08-27 07:44:28,341 - INFO - 4. sna: cos=1.0000
2025-08-27 07:44:28,341 - INFO - 5. nya: cos=1.0000
2025-08-27 07:44:28,553 - INFO - === Layer 8 (xlmr) — Top 5 (cosine) ===
2025-08-27 07:44:28,553 - INFO - 1. ewe: cos=1.0000
2025-08-27 07:44:28,553 - INFO - 2. tsn: cos=1.0000
2025-08-27 07:44:28,553 - INFO - 3. luo: cos=1.0000
2025-08-27 07:44:28,553 - INFO - 4. zul: cos=1.0000
2025-08-27 07:44:28,553 - INFO - 5. bam: cos=1.0000
2025-08-27 07:44:28,553 - INFO - === Layer 8 (xlmr) — Worst 5 (cosine) ===
2025-08-27 07:44:28,553 - INFO - 1. pcm: cos=0.9999
2025-08-27 07:44:28,553 - INFO - 2. fon: cos=0.9999
2025-08-27 07:44:28,553 - INFO - 3. hau: cos=0.9999
2025-08-27 07:44:28,553 - INFO - 4. bbj: cos=1.0000
2025-08-27 07:44:28,553 - INFO - 5. xho: cos=1.0000
2025-08-27 07:44:28,681 - INFO - === Layer 9 (xlmr) — Top 5 (cosine) ===
2025-08-27 07:44:28,682 - INFO - 1. mos: cos=1.0000
2025-08-27 07:44:28,682 - INFO - 2. zul: cos=1.0000
2025-08-27 07:44:28,682 - INFO - 3. ewe: cos=1.0000
2025-08-27 07:44:28,682 - INFO - 4. luo: cos=1.0000
2025-08-27 07:44:28,682 - INFO - 5. swa: cos=1.0000
2025-08-27 07:44:28,682 - INFO - === Layer 9 (xlmr) — Worst 5 (cosine) ===
2025-08-27 07:44:28,682 - INFO - 1. pcm: cos=1.0000
2025-08-27 07:44:28,682 - INFO - 2. hau: cos=1.0000
2025-08-27 07:44:28,682 - INFO - 3. fon: cos=1.0000
2025-08-27 07:44:28,682 - INFO - 4. sna: cos=1.0000
2025-08-27 07:44:28,682 - INFO - 5. bbj: cos=1.0000
2025-08-27 07:44:28,812 - INFO - === Layer 10 (xlmr) — Top 5 (cosine) ===
2025-08-27 07:44:28,812 - INFO - 1. zul: cos=1.0000
2025-08-27 07:44:28,812 - INFO - 2. ewe: cos=1.0000
2025-08-27 07:44:28,812 - INFO - 3. luo: cos=1.0000
2025-08-27 07:44:28,812 - INFO - 4. kin: cos=1.0000
2025-08-27 07:44:28,812 - INFO - 5. nya: cos=1.0000
2025-08-27 07:44:28,812 - INFO - === Layer 10 (xlmr) — Worst 5 (cosine) ===
2025-08-27 07:44:28,812 - INFO - 1. pcm: cos=1.0000
2025-08-27 07:44:28,812 - INFO - 2. yor: cos=1.0000
2025-08-27 07:44:28,812 - INFO - 3. ibo: cos=1.0000
2025-08-27 07:44:28,812 - INFO - 4. fon: cos=1.0000
2025-08-27 07:44:28,813 - INFO - 5. xho: cos=1.0000
2025-08-27 07:44:28,943 - INFO - === Layer 11 (xlmr) — Top 5 (cosine) ===
2025-08-27 07:44:28,944 - INFO - 1. tsn: cos=1.0000
2025-08-27 07:44:28,944 - INFO - 2. zul: cos=1.0000
2025-08-27 07:44:28,944 - INFO - 3. hau: cos=1.0000
2025-08-27 07:44:28,944 - INFO - 4. pcm: cos=1.0000
2025-08-27 07:44:28,944 - INFO - 5. ibo: cos=1.0000
2025-08-27 07:44:28,944 - INFO - === Layer 11 (xlmr) — Worst 5 (cosine) ===
2025-08-27 07:44:28,944 - INFO - 1. luo: cos=0.9999
2025-08-27 07:44:28,944 - INFO - 2. bam: cos=0.9999
2025-08-27 07:44:28,944 - INFO - 3. bbj: cos=0.9999
2025-08-27 07:44:28,944 - INFO - 4. xho: cos=1.0000
2025-08-27 07:44:28,944 - INFO - 5. mos: cos=1.0000
2025-08-27 07:44:29,073 - INFO - === Layer 12 (xlmr) — Top 5 (cosine) ===
2025-08-27 07:44:29,073 - INFO - 1. kin: cos=0.9999
2025-08-27 07:44:29,073 - INFO - 2. nya: cos=0.9999
2025-08-27 07:44:29,073 - INFO - 3. wol: cos=0.9999
2025-08-27 07:44:29,073 - INFO - 4. ewe: cos=0.9999
2025-08-27 07:44:29,073 - INFO - 5. tsn: cos=0.9999
2025-08-27 07:44:29,073 - INFO - === Layer 12 (xlmr) — Worst 5 (cosine) ===
2025-08-27 07:44:29,073 - INFO - 1. fon: cos=0.9982
2025-08-27 07:44:29,073 - INFO - 2. hau: cos=0.9987
2025-08-27 07:44:29,073 - INFO - 3. pcm: cos=0.9989
2025-08-27 07:44:29,073 - INFO - 4. twi: cos=0.9995
2025-08-27 07:44:29,073 - INFO - 5. ibo: cos=0.9996
2025-08-27 07:44:29,074 - INFO - Experiment finished successfully.
