2025-08-24 11:37:43,954 - INFO - Start: model_type=mbert, run_both=False, use_cls=False, use_context=True, context_window=0, max_tokens_per_type=400, batch_size=32, seed=1, num_middle_layers=3, output_dir=rq2_train_scripts/Embeddings/EXTENDED/outputs/salt_extended/mbert/config_2_clsfalse_ctxtrue_hybfalse/tokens_400_ctx0
2025-08-24 11:37:44,499 - INFO - mbert: selected layer indices (hidden_states) = [2, 3, 10, 12202025-08-24 11:37:45,442 - INFO - Processing ru202025-08-24 11:37:46,375 - INFO - Processing bam
2025-08-24 11:37:46,598 - INFO - Processing bbj
2025-08-24 11:37:46,782 - INFO - Processing ewe
2025-08-24 11:37:46,996 - INFO - Processing fon
2025-08-24 11:37:47,208 - INFO - Processing hau
2025-08-24 11:37:47,444 - INFO - Processing ibo
2025-08-24 11:37:47,691 - INFO - Processing kin
2025-08-24 11:37:47,853 - INFO - Processing lug
2025-08-24 11:37:47,967 - INFO - Processing luo
2025-08-24 11:37:48,109 - INFO - Processing mos
2025-08-24 11:37:48,235 - INFO - Processing nya
2025-08-24 11:37:48,371 - INFO - Processing pcm
2025-08-24 11:37:48,516 - INFO - Processing sna
2025-08-24 11:37:48,641 - INFO - Processing swa
2025-08-24 11:37:48,813 - INFO - Processing tsn
2025-08-24 11:37:48,950 - INFO - Processing twi
2025-08-24 11:37:49,097 - INFO - Processing wol
2025-08-24 11:37:49,249 - INFO - Processing xho
2025-08-24 11:37:49,399 - INFO - Processing yor
2025-08-24 11:37:49,553 - INFO - Processing zul
2025-08-24 11:37:49,937 - INFO - Layer 2 (mbert) — Top 5
2025-08-24 11:37:49,937 - INFO - 1. twi: r=0.9369
2025-08-24 11:37:49,937 - INFO - 2. lug: r=0.9364
2025-08-24 11:37:49,937 - INFO - 3. kin: r=0.9360
2025-08-24 11:37:49,937 - INFO - 4. luo: r=0.9343
2025-08-24 11:37:49,937 - INFO - 5. swa: r=0.9317
2025-08-24 11:37:49,937 - INFO - Layer 2 (mbert) — Worst 5
2025-08-24 11:37:49,937 - INFO - 1. bbj: r=0.7751
2025-08-24 11:37:49,937 - INFO - 2. yor: r=0.7916
2025-08-24 11:37:49,937 - INFO - 3. fon: r=0.8497
2025-08-24 11:37:49,937 - INFO - 4. bam: r=0.8635
2025-08-24 11:37:49,937 - INFO - 5. mos: r=0.8721
2025-08-24 11:37:50,052 - INFO - Layer 3 (mbert) — Top 5
2025-08-24 11:37:50,052 - INFO - 1. kin: r=0.9576
2025-08-24 11:37:50,052 - INFO - 2. lug: r=0.9553
2025-08-24 11:37:50,052 - INFO - 3. twi: r=0.9552
2025-08-24 11:37:50,052 - INFO - 4. swa: r=0.9536
2025-08-24 11:37:50,052 - INFO - 5. luo: r=0.9534
2025-08-24 11:37:50,052 - INFO - Layer 3 (mbert) — Worst 5
2025-08-24 11:37:50,052 - INFO - 1. bbj: r=0.8492
2025-08-24 11:37:50,052 - INFO - 2. yor: r=0.8610
2025-08-24 11:37:50,052 - INFO - 3. fon: r=0.8984
2025-08-24 11:37:50,052 - INFO - 4. bam: r=0.9119
2025-08-24 11:37:50,052 - INFO - 5. mos: r=0.9151
2025-08-24 11:37:50,193 - INFO - Layer 10 (mbert) — Top 5
2025-08-24 11:37:50,193 - INFO - 1. kin: r=0.9857
2025-08-24 11:37:50,193 - INFO - 2. twi: r=0.9854
2025-08-24 11:37:50,193 - INFO - 3. swa: r=0.9848
2025-08-24 11:37:50,193 - INFO - 4. luo: r=0.9842
2025-08-24 11:37:50,193 - INFO - 5. lug: r=0.9841
2025-08-24 11:37:50,193 - INFO - Layer 10 (mbert) — Worst 5
2025-08-24 11:37:50,194 - INFO - 1. bbj: r=0.9498
2025-08-24 11:37:50,194 - INFO - 2. yor: r=0.9508
2025-08-24 11:37:50,194 - INFO - 3. mos: r=0.9655
2025-08-24 11:37:50,194 - INFO - 4. fon: r=0.9669
2025-08-24 11:37:50,194 - INFO - 5. xho: r=0.9688
2025-08-24 11:37:50,407 - INFO - Layer 12 (mbert) — Top 5
2025-08-24 11:37:50,408 - INFO - 1. kin: r=0.9415
2025-08-24 11:37:50,408 - INFO - 2. lug: r=0.9401
2025-08-24 11:37:50,408 - INFO - 3. luo: r=0.9376
2025-08-24 11:37:50,408 - INFO - 4. twi: r=0.9373
2025-08-24 11:37:50,408 - INFO - 5. swa: r=0.9335
2025-08-24 11:37:50,408 - INFO - Layer 12 (mbert) — Worst 5
2025-08-24 11:37:50,408 - INFO - 1. yor: r=0.8118
2025-08-24 11:37:50,408 - INFO - 2. bbj: r=0.8192
2025-08-24 11:37:50,408 - INFO - 3. mos: r=0.8774
2025-08-24 11:37:50,408 - INFO - 4. fon: r=0.8800
2025-08-24 11:37:50,408 - INFO - 5. pcm: r=0.8836
2025-08-24 11:37:50,410 - INFO - Experiment finished successfully.
