2025-08-27 07:47:26,763 - INFO - Start: model_type=xlmr, use_cls=True, use_context=True, context_window=0, max_tokens_per_type=200, batch_size=64, output_dir=rq2_train_scripts/Embeddings/CLEAN/outputs/salt/xlmr/config_3_clstrue_ctxtrue/tokens_200_ctx0, save_prototypes=False, seed=42, fp16=True, max_length=96, langs=all, layers=all, span_mode=bio, pool=mean, entity_tags={'ORG', 'LOC', 'DATE', 'PER'}, title_suffix='L=all, tokens=200, ctx=0, cls=true, fp16=true'
2025-08-27 07:47:28,986 - INFO - Processing run
2025-08-27 07:47:29,398 - INFO - Processing bam
2025-08-27 07:47:29,442 - INFO - Processing bbj
2025-08-27 07:47:29,475 - INFO - Processing ewe
2025-08-27 07:47:29,513 - INFO - Processing fon
2025-08-27 07:47:29,564 - INFO - Processing hau
2025-08-27 07:47:29,617 - INFO - Processing ibo
2025-08-27 07:47:29,692 - INFO - Processing kin
2025-08-27 07:47:29,753 - INFO - Processing lug
2025-08-27 07:47:29,797 - INFO - Processing luo
2025-08-27 07:47:29,852 - INFO - Processing mos
2025-08-27 07:47:29,908 - INFO - Processing nya
2025-08-27 07:47:29,966 - INFO - Processing pcm
2025-08-27 07:47:30,011 - INFO - Processing sna
2025-08-27 07:47:30,060 - INFO - Processing swa
2025-08-27 07:47:30,119 - INFO - Processing tsn
2025-08-27 07:47:30,157 - INFO - Processing twi
2025-08-27 07:47:30,204 - INFO - Processing wol
2025-08-27 07:47:30,253 - INFO - Processing xho
2025-08-27 07:47:30,296 - INFO - Processing yor
2025-08-27 07:47:30,373 - INFO - Processing zul
2025-08-27 07:47:30,839 - INFO - === Layer 1 (xlmr) — Top 5 (cosine) ===
2025-08-27 07:47:30,839 - INFO - 1. twi: cos=0.9999
2025-08-27 07:47:30,839 - INFO - 2. luo: cos=0.9999
2025-08-27 07:47:30,839 - INFO - 3. kin: cos=0.9999
2025-08-27 07:47:30,839 - INFO - 4. ewe: cos=0.9998
2025-08-27 07:47:30,839 - INFO - 5. ibo: cos=0.9998
2025-08-27 07:47:30,839 - INFO - === Layer 1 (xlmr) — Worst 5 (cosine) ===
2025-08-27 07:47:30,839 - INFO - 1. hau: cos=0.9992
2025-08-27 07:47:30,839 - INFO - 2. pcm: cos=0.9994
2025-08-27 07:47:30,839 - INFO - 3. bbj: cos=0.9995
2025-08-27 07:47:30,839 - INFO - 4. bam: cos=0.9996
2025-08-27 07:47:30,839 - INFO - 5. swa: cos=0.9996
2025-08-27 07:47:30,969 - INFO - === Layer 2 (xlmr) — Top 5 (cosine) ===
2025-08-27 07:47:30,969 - INFO - 1. kin: cos=1.0000
2025-08-27 07:47:30,969 - INFO - 2. twi: cos=1.0000
2025-08-27 07:47:30,969 - INFO - 3. luo: cos=1.0000
2025-08-27 07:47:30,969 - INFO - 4. zul: cos=1.0000
2025-08-27 07:47:30,969 - INFO - 5. ewe: cos=1.0000
2025-08-27 07:47:30,969 - INFO - === Layer 2 (xlmr) — Worst 5 (cosine) ===
2025-08-27 07:47:30,969 - INFO - 1. pcm: cos=0.9999
2025-08-27 07:47:30,969 - INFO - 2. hau: cos=0.9999
2025-08-27 07:47:30,969 - INFO - 3. swa: cos=0.9999
2025-08-27 07:47:30,969 - INFO - 4. bbj: cos=0.9999
2025-08-27 07:47:30,969 - INFO - 5. xho: cos=0.9999
2025-08-27 07:47:31,099 - INFO - === Layer 3 (xlmr) — Top 5 (cosine) ===
2025-08-27 07:47:31,099 - INFO - 1. kin: cos=1.0000
2025-08-27 07:47:31,099 - INFO - 2. twi: cos=1.0000
2025-08-27 07:47:31,099 - INFO - 3. luo: cos=1.0000
2025-08-27 07:47:31,099 - INFO - 4. lug: cos=1.0000
2025-08-27 07:47:31,099 - INFO - 5. zul: cos=1.0000
2025-08-27 07:47:31,099 - INFO - === Layer 3 (xlmr) — Worst 5 (cosine) ===
2025-08-27 07:47:31,099 - INFO - 1. pcm: cos=1.0000
2025-08-27 07:47:31,099 - INFO - 2. swa: cos=1.0000
2025-08-27 07:47:31,099 - INFO - 3. yor: cos=1.0000
2025-08-27 07:47:31,099 - INFO - 4. xho: cos=1.0000
2025-08-27 07:47:31,099 - INFO - 5. sna: cos=1.0000
2025-08-27 07:47:31,229 - INFO - === Layer 4 (xlmr) — Top 5 (cosine) ===
2025-08-27 07:47:31,229 - INFO - 1. kin: cos=1.0000
2025-08-27 07:47:31,229 - INFO - 2. twi: cos=1.0000
2025-08-27 07:47:31,229 - INFO - 3. tsn: cos=1.0000
2025-08-27 07:47:31,229 - INFO - 4. bbj: cos=1.0000
2025-08-27 07:47:31,229 - INFO - 5. zul: cos=1.0000
2025-08-27 07:47:31,229 - INFO - === Layer 4 (xlmr) — Worst 5 (cosine) ===
2025-08-27 07:47:31,229 - INFO - 1. pcm: cos=1.0000
2025-08-27 07:47:31,229 - INFO - 2. yor: cos=1.0000
2025-08-27 07:47:31,229 - INFO - 3. hau: cos=1.0000
2025-08-27 07:47:31,229 - INFO - 4. bam: cos=1.0000
2025-08-27 07:47:31,229 - INFO - 5. nya: cos=1.0000
2025-08-27 07:47:31,359 - INFO - === Layer 5 (xlmr) — Top 5 (cosine) ===
2025-08-27 07:47:31,359 - INFO - 1. mos: cos=1.0000
2025-08-27 07:47:31,359 - INFO - 2. ewe: cos=1.0000
2025-08-27 07:47:31,359 - INFO - 3. bbj: cos=1.0000
2025-08-27 07:47:31,359 - INFO - 4. twi: cos=1.0000
2025-08-27 07:47:31,359 - INFO - 5. zul: cos=1.0000
2025-08-27 07:47:31,359 - INFO - === Layer 5 (xlmr) — Worst 5 (cosine) ===
2025-08-27 07:47:31,359 - INFO - 1. yor: cos=1.0000
2025-08-27 07:47:31,359 - INFO - 2. hau: cos=1.0000
2025-08-27 07:47:31,359 - INFO - 3. pcm: cos=1.0000
2025-08-27 07:47:31,359 - INFO - 4. swa: cos=1.0000
2025-08-27 07:47:31,359 - INFO - 5. kin: cos=1.0000
2025-08-27 07:47:31,491 - INFO - === Layer 6 (xlmr) — Top 5 (cosine) ===
2025-08-27 07:47:31,491 - INFO - 1. mos: cos=1.0000
2025-08-27 07:47:31,491 - INFO - 2. nya: cos=1.0000
2025-08-27 07:47:31,491 - INFO - 3. bbj: cos=1.0000
2025-08-27 07:47:31,491 - INFO - 4. twi: cos=1.0000
2025-08-27 07:47:31,491 - INFO - 5. ewe: cos=1.0000
2025-08-27 07:47:31,491 - INFO - === Layer 6 (xlmr) — Worst 5 (cosine) ===
2025-08-27 07:47:31,491 - INFO - 1. yor: cos=1.0000
2025-08-27 07:47:31,491 - INFO - 2. hau: cos=1.0000
2025-08-27 07:47:31,491 - INFO - 3. luo: cos=1.0000
2025-08-27 07:47:31,491 - INFO - 4. swa: cos=1.0000
2025-08-27 07:47:31,491 - INFO - 5. pcm: cos=1.0000
2025-08-27 07:47:31,620 - INFO - === Layer 7 (xlmr) — Top 5 (cosine) ===
2025-08-27 07:47:31,620 - INFO - 1. lug: cos=1.0000
2025-08-27 07:47:31,620 - INFO - 2. twi: cos=1.0000
2025-08-27 07:47:31,620 - INFO - 3. bbj: cos=1.0000
2025-08-27 07:47:31,620 - INFO - 4. swa: cos=1.0000
2025-08-27 07:47:31,620 - INFO - 5. ibo: cos=1.0000
2025-08-27 07:47:31,620 - INFO - === Layer 7 (xlmr) — Worst 5 (cosine) ===
2025-08-27 07:47:31,620 - INFO - 1. luo: cos=1.0000
2025-08-27 07:47:31,620 - INFO - 2. pcm: cos=1.0000
2025-08-27 07:47:31,620 - INFO - 3. tsn: cos=1.0000
2025-08-27 07:47:31,620 - INFO - 4. hau: cos=1.0000
2025-08-27 07:47:31,620 - INFO - 5. sna: cos=1.0000
2025-08-27 07:47:31,824 - INFO - === Layer 8 (xlmr) — Top 5 (cosine) ===
2025-08-27 07:47:31,824 - INFO - 1. zul: cos=1.0000
2025-08-27 07:47:31,824 - INFO - 2. ewe: cos=1.0000
2025-08-27 07:47:31,824 - INFO - 3. tsn: cos=1.0000
2025-08-27 07:47:31,824 - INFO - 4. lug: cos=1.0000
2025-08-27 07:47:31,824 - INFO - 5. nya: cos=1.0000
2025-08-27 07:47:31,824 - INFO - === Layer 8 (xlmr) — Worst 5 (cosine) ===
2025-08-27 07:47:31,824 - INFO - 1. pcm: cos=0.9998
2025-08-27 07:47:31,824 - INFO - 2. bbj: cos=0.9999
2025-08-27 07:47:31,824 - INFO - 3. fon: cos=0.9999
2025-08-27 07:47:31,824 - INFO - 4. ibo: cos=0.9999
2025-08-27 07:47:31,824 - INFO - 5. hau: cos=0.9999
2025-08-27 07:47:31,952 - INFO - === Layer 9 (xlmr) — Top 5 (cosine) ===
2025-08-27 07:47:31,952 - INFO - 1. zul: cos=1.0000
2025-08-27 07:47:31,952 - INFO - 2. ewe: cos=1.0000
2025-08-27 07:47:31,952 - INFO - 3. bam: cos=1.0000
2025-08-27 07:47:31,952 - INFO - 4. lug: cos=1.0000
2025-08-27 07:47:31,952 - INFO - 5. wol: cos=1.0000
2025-08-27 07:47:31,952 - INFO - === Layer 9 (xlmr) — Worst 5 (cosine) ===
2025-08-27 07:47:31,952 - INFO - 1. pcm: cos=0.9999
2025-08-27 07:47:31,952 - INFO - 2. ibo: cos=1.0000
2025-08-27 07:47:31,952 - INFO - 3. hau: cos=1.0000
2025-08-27 07:47:31,952 - INFO - 4. luo: cos=1.0000
2025-08-27 07:47:31,952 - INFO - 5. sna: cos=1.0000
2025-08-27 07:47:32,080 - INFO - === Layer 10 (xlmr) — Top 5 (cosine) ===
2025-08-27 07:47:32,080 - INFO - 1. swa: cos=1.0000
2025-08-27 07:47:32,080 - INFO - 2. ewe: cos=1.0000
2025-08-27 07:47:32,080 - INFO - 3. zul: cos=1.0000
2025-08-27 07:47:32,080 - INFO - 4. hau: cos=1.0000
2025-08-27 07:47:32,080 - INFO - 5. tsn: cos=1.0000
2025-08-27 07:47:32,080 - INFO - === Layer 10 (xlmr) — Worst 5 (cosine) ===
2025-08-27 07:47:32,080 - INFO - 1. bam: cos=0.9999
2025-08-27 07:47:32,080 - INFO - 2. pcm: cos=1.0000
2025-08-27 07:47:32,080 - INFO - 3. ibo: cos=1.0000
2025-08-27 07:47:32,080 - INFO - 4. yor: cos=1.0000
2025-08-27 07:47:32,080 - INFO - 5. fon: cos=1.0000
2025-08-27 07:47:32,207 - INFO - === Layer 11 (xlmr) — Top 5 (cosine) ===
2025-08-27 07:47:32,208 - INFO - 1. nya: cos=1.0000
2025-08-27 07:47:32,208 - INFO - 2. hau: cos=1.0000
2025-08-27 07:47:32,208 - INFO - 3. zul: cos=1.0000
2025-08-27 07:47:32,208 - INFO - 4. pcm: cos=1.0000
2025-08-27 07:47:32,208 - INFO - 5. yor: cos=1.0000
2025-08-27 07:47:32,208 - INFO - === Layer 11 (xlmr) — Worst 5 (cosine) ===
2025-08-27 07:47:32,208 - INFO - 1. kin: cos=0.9998
2025-08-27 07:47:32,208 - INFO - 2. luo: cos=0.9998
2025-08-27 07:47:32,208 - INFO - 3. mos: cos=0.9999
2025-08-27 07:47:32,208 - INFO - 4. bam: cos=0.9999
2025-08-27 07:47:32,208 - INFO - 5. lug: cos=0.9999
2025-08-27 07:47:32,335 - INFO - === Layer 12 (xlmr) — Top 5 (cosine) ===
2025-08-27 07:47:32,335 - INFO - 1. nya: cos=0.9999
2025-08-27 07:47:32,335 - INFO - 2. wol: cos=0.9999
2025-08-27 07:47:32,335 - INFO - 3. tsn: cos=0.9998
2025-08-27 07:47:32,335 - INFO - 4. ewe: cos=0.9998
2025-08-27 07:47:32,335 - INFO - 5. fon: cos=0.9998
2025-08-27 07:47:32,335 - INFO - === Layer 12 (xlmr) — Worst 5 (cosine) ===
2025-08-27 07:47:32,336 - INFO - 1. hau: cos=0.9676
2025-08-27 07:47:32,336 - INFO - 2. bam: cos=0.9970
2025-08-27 07:47:32,336 - INFO - 3. twi: cos=0.9984
2025-08-27 07:47:32,336 - INFO - 4. pcm: cos=0.9995
2025-08-27 07:47:32,336 - INFO - 5. kin: cos=0.9996
2025-08-27 07:47:32,336 - INFO - Experiment finished successfully.
