2025-08-27 10:03:15,908 - INFO - Start: model_type=xlmr, use_cls=False, use_context=True, context_window=3, max_tokens_per_type=400, batch_size=64, output_dir=rq2_train_scripts/Embeddings/CLEAN/outputs/salt/xlmr/config_2_clsfalse_ctxtrue/tokens_400_ctx3/core, save_prototypes=False, seed=42, fp16=True, max_length=96, langs=all, layers=all, span_mode=bio, pool=mean, entity_tags={'DATE', 'PER', 'ORG', 'LOC'}, title_suffix='L=all, tokens=400, ctx=3, cls=false, fp16=true'
2025-08-27 10:03:17,795 - INFO - Processing run
2025-08-27 10:03:18,504 - INFO - Processing bam
2025-08-27 10:03:18,784 - INFO - Processing bbj
2025-08-27 10:03:19,056 - INFO - Processing ewe
2025-08-27 10:03:19,256 - INFO - Processing fon
2025-08-27 10:03:19,455 - INFO - Processing hau
2025-08-27 10:03:19,591 - INFO - Processing ibo
2025-08-27 10:03:19,756 - INFO - Processing kin
2025-08-27 10:03:19,902 - INFO - Processing lug
2025-08-27 10:03:20,041 - INFO - Processing luo
2025-08-27 10:03:20,170 - INFO - Processing mos
2025-08-27 10:03:20,311 - INFO - Processing nya
2025-08-27 10:03:20,447 - INFO - Processing pcm
2025-08-27 10:03:20,568 - INFO - Processing sna
2025-08-27 10:03:20,696 - INFO - Processing swa
2025-08-27 10:03:20,827 - INFO - Processing tsn
2025-08-27 10:03:20,941 - INFO - Processing twi
2025-08-27 10:03:21,071 - INFO - Processing wol
2025-08-27 10:03:21,219 - INFO - Processing xho
2025-08-27 10:03:21,376 - INFO - Processing yor
2025-08-27 10:03:21,530 - INFO - Processing zul
2025-08-27 10:03:22,093 - INFO - === Layer 1 (xlmr) — Top 5 (cosine) ===
2025-08-27 10:03:22,093 - INFO - 1. kin: cos=0.9336
2025-08-27 10:03:22,093 - INFO - 2. twi: cos=0.9203
2025-08-27 10:03:22,094 - INFO - 3. luo: cos=0.9122
2025-08-27 10:03:22,094 - INFO - 4. nya: cos=0.9106
2025-08-27 10:03:22,094 - INFO - 5. sna: cos=0.9089
2025-08-27 10:03:22,094 - INFO - === Layer 1 (xlmr) — Worst 5 (cosine) ===
2025-08-27 10:03:22,094 - INFO - 1. hau: cos=0.8368
2025-08-27 10:03:22,094 - INFO - 2. swa: cos=0.8479
2025-08-27 10:03:22,094 - INFO - 3. bam: cos=0.8516
2025-08-27 10:03:22,094 - INFO - 4. yor: cos=0.8524
2025-08-27 10:03:22,094 - INFO - 5. pcm: cos=0.8525
2025-08-27 10:03:22,219 - INFO - === Layer 2 (xlmr) — Top 5 (cosine) ===
2025-08-27 10:03:22,219 - INFO - 1. kin: cos=0.9719
2025-08-27 10:03:22,219 - INFO - 2. twi: cos=0.9691
2025-08-27 10:03:22,219 - INFO - 3. luo: cos=0.9666
2025-08-27 10:03:22,219 - INFO - 4. sna: cos=0.9663
2025-08-27 10:03:22,219 - INFO - 5. nya: cos=0.9661
2025-08-27 10:03:22,219 - INFO - === Layer 2 (xlmr) — Worst 5 (cosine) ===
2025-08-27 10:03:22,219 - INFO - 1. hau: cos=0.9345
2025-08-27 10:03:22,219 - INFO - 2. pcm: cos=0.9375
2025-08-27 10:03:22,219 - INFO - 3. swa: cos=0.9403
2025-08-27 10:03:22,219 - INFO - 4. yor: cos=0.9418
2025-08-27 10:03:22,219 - INFO - 5. bam: cos=0.9451
2025-08-27 10:03:22,368 - INFO - === Layer 3 (xlmr) — Top 5 (cosine) ===
2025-08-27 10:03:22,368 - INFO - 1. kin: cos=0.9809
2025-08-27 10:03:22,368 - INFO - 2. twi: cos=0.9795
2025-08-27 10:03:22,368 - INFO - 3. nya: cos=0.9777
2025-08-27 10:03:22,368 - INFO - 4. luo: cos=0.9753
2025-08-27 10:03:22,368 - INFO - 5. tsn: cos=0.9752
2025-08-27 10:03:22,368 - INFO - === Layer 3 (xlmr) — Worst 5 (cosine) ===
2025-08-27 10:03:22,368 - INFO - 1. hau: cos=0.9547
2025-08-27 10:03:22,368 - INFO - 2. pcm: cos=0.9570
2025-08-27 10:03:22,368 - INFO - 3. swa: cos=0.9586
2025-08-27 10:03:22,368 - INFO - 4. bam: cos=0.9622
2025-08-27 10:03:22,368 - INFO - 5. yor: cos=0.9637
2025-08-27 10:03:22,512 - INFO - === Layer 4 (xlmr) — Top 5 (cosine) ===
2025-08-27 10:03:22,512 - INFO - 1. twi: cos=0.9808
2025-08-27 10:03:22,513 - INFO - 2. kin: cos=0.9793
2025-08-27 10:03:22,513 - INFO - 3. nya: cos=0.9774
2025-08-27 10:03:22,513 - INFO - 4. luo: cos=0.9747
2025-08-27 10:03:22,513 - INFO - 5. tsn: cos=0.9741
2025-08-27 10:03:22,513 - INFO - === Layer 4 (xlmr) — Worst 5 (cosine) ===
2025-08-27 10:03:22,513 - INFO - 1. pcm: cos=0.9491
2025-08-27 10:03:22,513 - INFO - 2. swa: cos=0.9538
2025-08-27 10:03:22,513 - INFO - 3. hau: cos=0.9551
2025-08-27 10:03:22,513 - INFO - 4. bbj: cos=0.9605
2025-08-27 10:03:22,513 - INFO - 5. bam: cos=0.9609
2025-08-27 10:03:22,643 - INFO - === Layer 5 (xlmr) — Top 5 (cosine) ===
2025-08-27 10:03:22,643 - INFO - 1. twi: cos=0.9810
2025-08-27 10:03:22,643 - INFO - 2. kin: cos=0.9807
2025-08-27 10:03:22,643 - INFO - 3. nya: cos=0.9790
2025-08-27 10:03:22,643 - INFO - 4. luo: cos=0.9769
2025-08-27 10:03:22,643 - INFO - 5. sna: cos=0.9765
2025-08-27 10:03:22,643 - INFO - === Layer 5 (xlmr) — Worst 5 (cosine) ===
2025-08-27 10:03:22,643 - INFO - 1. pcm: cos=0.9482
2025-08-27 10:03:22,643 - INFO - 2. swa: cos=0.9535
2025-08-27 10:03:22,643 - INFO - 3. hau: cos=0.9556
2025-08-27 10:03:22,643 - INFO - 4. bbj: cos=0.9603
2025-08-27 10:03:22,643 - INFO - 5. yor: cos=0.9628
2025-08-27 10:03:22,823 - INFO - === Layer 6 (xlmr) — Top 5 (cosine) ===
2025-08-27 10:03:22,823 - INFO - 1. kin: cos=0.9779
2025-08-27 10:03:22,823 - INFO - 2. twi: cos=0.9769
2025-08-27 10:03:22,823 - INFO - 3. luo: cos=0.9720
2025-08-27 10:03:22,823 - INFO - 4. sna: cos=0.9713
2025-08-27 10:03:22,823 - INFO - 5. lug: cos=0.9708
2025-08-27 10:03:22,823 - INFO - === Layer 6 (xlmr) — Worst 5 (cosine) ===
2025-08-27 10:03:22,823 - INFO - 1. pcm: cos=0.9398
2025-08-27 10:03:22,823 - INFO - 2. swa: cos=0.9429
2025-08-27 10:03:22,823 - INFO - 3. hau: cos=0.9469
2025-08-27 10:03:22,823 - INFO - 4. bbj: cos=0.9523
2025-08-27 10:03:22,823 - INFO - 5. yor: cos=0.9569
2025-08-27 10:03:23,001 - INFO - === Layer 7 (xlmr) — Top 5 (cosine) ===
2025-08-27 10:03:23,002 - INFO - 1. kin: cos=0.9821
2025-08-27 10:03:23,002 - INFO - 2. twi: cos=0.9808
2025-08-27 10:03:23,002 - INFO - 3. luo: cos=0.9767
2025-08-27 10:03:23,002 - INFO - 4. sna: cos=0.9764
2025-08-27 10:03:23,002 - INFO - 5. lug: cos=0.9753
2025-08-27 10:03:23,002 - INFO - === Layer 7 (xlmr) — Worst 5 (cosine) ===
2025-08-27 10:03:23,002 - INFO - 1. pcm: cos=0.9489
2025-08-27 10:03:23,002 - INFO - 2. swa: cos=0.9517
2025-08-27 10:03:23,002 - INFO - 3. hau: cos=0.9561
2025-08-27 10:03:23,002 - INFO - 4. bbj: cos=0.9624
2025-08-27 10:03:23,002 - INFO - 5. yor: cos=0.9637
2025-08-27 10:03:23,240 - INFO - === Layer 8 (xlmr) — Top 5 (cosine) ===
2025-08-27 10:03:23,240 - INFO - 1. twi: cos=0.9833
2025-08-27 10:03:23,240 - INFO - 2. kin: cos=0.9822
2025-08-27 10:03:23,240 - INFO - 3. lug: cos=0.9765
2025-08-27 10:03:23,240 - INFO - 4. luo: cos=0.9763
2025-08-27 10:03:23,240 - INFO - 5. nya: cos=0.9755
2025-08-27 10:03:23,240 - INFO - === Layer 8 (xlmr) — Worst 5 (cosine) ===
2025-08-27 10:03:23,240 - INFO - 1. swa: cos=0.9598
2025-08-27 10:03:23,241 - INFO - 2. bbj: cos=0.9613
2025-08-27 10:03:23,241 - INFO - 3. yor: cos=0.9619
2025-08-27 10:03:23,241 - INFO - 4. xho: cos=0.9623
2025-08-27 10:03:23,241 - INFO - 5. hau: cos=0.9623
2025-08-27 10:03:23,373 - INFO - === Layer 9 (xlmr) — Top 5 (cosine) ===
2025-08-27 10:03:23,373 - INFO - 1. twi: cos=0.9866
2025-08-27 10:03:23,373 - INFO - 2. kin: cos=0.9826
2025-08-27 10:03:23,373 - INFO - 3. lug: cos=0.9804
2025-08-27 10:03:23,373 - INFO - 4. luo: cos=0.9799
2025-08-27 10:03:23,373 - INFO - 5. zul: cos=0.9796
2025-08-27 10:03:23,373 - INFO - === Layer 9 (xlmr) — Worst 5 (cosine) ===
2025-08-27 10:03:23,373 - INFO - 1. swa: cos=0.9620
2025-08-27 10:03:23,373 - INFO - 2. bbj: cos=0.9659
2025-08-27 10:03:23,373 - INFO - 3. xho: cos=0.9672
2025-08-27 10:03:23,373 - INFO - 4. yor: cos=0.9681
2025-08-27 10:03:23,373 - INFO - 5. pcm: cos=0.9687
2025-08-27 10:03:23,506 - INFO - === Layer 10 (xlmr) — Top 5 (cosine) ===
2025-08-27 10:03:23,507 - INFO - 1. twi: cos=0.9829
2025-08-27 10:03:23,507 - INFO - 2. kin: cos=0.9806
2025-08-27 10:03:23,507 - INFO - 3. lug: cos=0.9790
2025-08-27 10:03:23,507 - INFO - 4. nya: cos=0.9788
2025-08-27 10:03:23,507 - INFO - 5. mos: cos=0.9761
2025-08-27 10:03:23,507 - INFO - === Layer 10 (xlmr) — Worst 5 (cosine) ===
2025-08-27 10:03:23,507 - INFO - 1. swa: cos=0.9584
2025-08-27 10:03:23,507 - INFO - 2. yor: cos=0.9585
2025-08-27 10:03:23,507 - INFO - 3. xho: cos=0.9605
2025-08-27 10:03:23,507 - INFO - 4. bbj: cos=0.9617
2025-08-27 10:03:23,507 - INFO - 5. pcm: cos=0.9635
2025-08-27 10:03:23,638 - INFO - === Layer 11 (xlmr) — Top 5 (cosine) ===
2025-08-27 10:03:23,638 - INFO - 1. nya: cos=0.9836
2025-08-27 10:03:23,638 - INFO - 2. twi: cos=0.9811
2025-08-27 10:03:23,638 - INFO - 3. kin: cos=0.9809
2025-08-27 10:03:23,638 - INFO - 4. mos: cos=0.9789
2025-08-27 10:03:23,638 - INFO - 5. sna: cos=0.9785
2025-08-27 10:03:23,638 - INFO - === Layer 11 (xlmr) — Worst 5 (cosine) ===
2025-08-27 10:03:23,638 - INFO - 1. bbj: cos=0.9622
2025-08-27 10:03:23,638 - INFO - 2. swa: cos=0.9628
2025-08-27 10:03:23,638 - INFO - 3. yor: cos=0.9645
2025-08-27 10:03:23,638 - INFO - 4. xho: cos=0.9664
2025-08-27 10:03:23,638 - INFO - 5. pcm: cos=0.9670
2025-08-27 10:03:23,791 - INFO - === Layer 12 (xlmr) — Top 5 (cosine) ===
2025-08-27 10:03:23,791 - INFO - 1. nya: cos=0.9986
2025-08-27 10:03:23,791 - INFO - 2. kin: cos=0.9984
2025-08-27 10:03:23,791 - INFO - 3. sna: cos=0.9982
2025-08-27 10:03:23,791 - INFO - 4. twi: cos=0.9982
2025-08-27 10:03:23,791 - INFO - 5. luo: cos=0.9981
2025-08-27 10:03:23,791 - INFO - === Layer 12 (xlmr) — Worst 5 (cosine) ===
2025-08-27 10:03:23,791 - INFO - 1. yor: cos=0.9960
2025-08-27 10:03:23,791 - INFO - 2. bbj: cos=0.9962
2025-08-27 10:03:23,791 - INFO - 3. swa: cos=0.9964
2025-08-27 10:03:23,791 - INFO - 4. hau: cos=0.9966
2025-08-27 10:03:23,791 - INFO - 5. pcm: cos=0.9969
2025-08-27 10:03:23,792 - INFO - Experiment finished successfully.
