2025-08-24 11:01:29,656 - INFO - Start: model_type=xlmr, run_both=False, use_cls=False, use_context=False, context_window=1, max_tokens_per_type=500, batch_size=32, seed=1, num_middle_layers=3, output_dir=rq2_train_scripts/Embeddings/EXTENDED/outputs/salt_extended/xlmr/config_3_clsfalse_ctxfalse_hybtrue/tokens_500_ctx1
2025-08-24 11:01:30,645 - INFO - xlmr: selected layer indices (hidden_states) = [2, 3, 10, 12]
2025-08-24 11:01:32,386 - INFO - Processing run
2025-08-24 11:01:38,949 - INFO - Processing bam
2025-08-24 11:01:46,864 - INFO - Processing bbj
2025-08-24 11:01:54,504 - INFO - Processing ewe
2025-08-24 11:02:02,288 - INFO - Processing fon
2025-08-24 11:02:10,180 - INFO - Processing hau
2025-08-24 11:02:18,039 - INFO - Processing ibo
2025-08-24 11:02:25,870 - INFO - Processing kin
2025-08-24 11:02:33,823 - INFO - Processing lug
2025-08-24 11:02:41,763 - INFO - Processing luo
2025-08-24 11:02:49,799 - INFO - Processing mos
2025-08-24 11:02:57,343 - INFO - Processing nya
2025-08-24 11:03:04,929 - INFO - Processing pcm
2025-08-24 11:03:12,743 - INFO - Processing sna
2025-08-24 11:03:20,796 - INFO - Processing swa
2025-08-24 11:03:28,680 - INFO - Processing tsn
2025-08-24 11:03:36,582 - INFO - Processing twi
2025-08-24 11:03:44,540 - INFO - Processing wol
2025-08-24 11:03:52,400 - INFO - Processing xho
2025-08-24 11:04:00,285 - INFO - Processing yor
2025-08-24 11:04:08,287 - INFO - Processing zul
2025-08-24 11:04:16,493 - INFO - Layer 2 (xlmr) — Top 5
2025-08-24 11:04:16,493 - INFO - 1. kin: r=0.9904
2025-08-24 11:04:16,493 - INFO - 2. twi: r=0.9901
2025-08-24 11:04:16,493 - INFO - 3. luo: r=0.9901
2025-08-24 11:04:16,493 - INFO - 4. ibo: r=0.9889
2025-08-24 11:04:16,493 - INFO - 5. tsn: r=0.9882
2025-08-24 11:04:16,493 - INFO - Layer 2 (xlmr) — Worst 5
2025-08-24 11:04:16,493 - INFO - 1. hau: r=0.9738
2025-08-24 11:04:16,493 - INFO - 2. fon: r=0.9757
2025-08-24 11:04:16,493 - INFO - 3. bbj: r=0.9769
2025-08-24 11:04:16,493 - INFO - 4. yor: r=0.9784
2025-08-24 11:04:16,493 - INFO - 5. bam: r=0.9790
2025-08-24 11:04:16,610 - INFO - Layer 3 (xlmr) — Top 5
2025-08-24 11:04:16,610 - INFO - 1. kin: r=0.9925
2025-08-24 11:04:16,610 - INFO - 2. twi: r=0.9916
2025-08-24 11:04:16,610 - INFO - 3. luo: r=0.9913
2025-08-24 11:04:16,610 - INFO - 4. ibo: r=0.9911
2025-08-24 11:04:16,610 - INFO - 5. tsn: r=0.9906
2025-08-24 11:04:16,610 - INFO - Layer 3 (xlmr) — Worst 5
2025-08-24 11:04:16,610 - INFO - 1. hau: r=0.9793
2025-08-24 11:04:16,610 - INFO - 2. fon: r=0.9818
2025-08-24 11:04:16,610 - INFO - 3. bbj: r=0.9823
2025-08-24 11:04:16,610 - INFO - 4. bam: r=0.9838
2025-08-24 11:04:16,610 - INFO - 5. pcm: r=0.9840
2025-08-24 11:04:16,727 - INFO - Layer 10 (xlmr) — Top 5
2025-08-24 11:04:16,727 - INFO - 1. twi: r=0.9927
2025-08-24 11:04:16,727 - INFO - 2. kin: r=0.9926
2025-08-24 11:04:16,727 - INFO - 3. lug: r=0.9912
2025-08-24 11:04:16,727 - INFO - 4. ibo: r=0.9911
2025-08-24 11:04:16,727 - INFO - 5. luo: r=0.9906
2025-08-24 11:04:16,727 - INFO - Layer 10 (xlmr) — Worst 5
2025-08-24 11:04:16,727 - INFO - 1. bbj: r=0.9800
2025-08-24 11:04:16,727 - INFO - 2. bam: r=0.9807
2025-08-24 11:04:16,727 - INFO - 3. yor: r=0.9815
2025-08-24 11:04:16,727 - INFO - 4. hau: r=0.9819
2025-08-24 11:04:16,727 - INFO - 5. fon: r=0.9830
2025-08-24 11:04:16,843 - INFO - Layer 12 (xlmr) — Top 5
2025-08-24 11:04:16,843 - INFO - 1. kin: r=0.9994
2025-08-24 11:04:16,844 - INFO - 2. twi: r=0.9994
2025-08-24 11:04:16,844 - INFO - 3. ibo: r=0.9994
2025-08-24 11:04:16,844 - INFO - 4. luo: r=0.9993
2025-08-24 11:04:16,844 - INFO - 5. lug: r=0.9993
2025-08-24 11:04:16,844 - INFO - Layer 12 (xlmr) — Worst 5
2025-08-24 11:04:16,844 - INFO - 1. yor: r=0.9986
2025-08-24 11:04:16,844 - INFO - 2. bbj: r=0.9987
2025-08-24 11:04:16,844 - INFO - 3. fon: r=0.9987
2025-08-24 11:04:16,844 - INFO - 4. bam: r=0.9988
2025-08-24 11:04:16,844 - INFO - 5. hau: r=0.9989
2025-08-24 11:04:16,845 - INFO - Experiment finished successfully.
