2025-08-02 17:53:46,297 - INFO - Experiment started with model_type=xlmr, use_cls=True, use_context=True, context_window=2, use_hybrid=False, max_tokens_per_type=300, output_dir=rq2_train_scripts/Embeddings/MEXA_inspired_strategy/outputs/salt/xlmr/config_4_clstrue_ctxtrue_hybfalse/tokens_300_ctx2
2025-08-02 17:53:48,168 - INFO - Processing run
2025-08-02 17:53:57,262 - INFO - Processing bam
2025-08-02 17:54:05,424 - INFO - Processing bbj
2025-08-02 17:54:13,669 - INFO - Processing ewe
2025-08-02 17:54:22,387 - INFO - Processing fon
2025-08-02 17:54:30,853 - INFO - Processing hau
2025-08-02 17:54:39,093 - INFO - Processing ibo
2025-08-02 17:54:47,779 - INFO - Processing kin
2025-08-02 17:54:57,025 - INFO - Processing lug
2025-08-02 17:55:05,152 - INFO - Processing luo
2025-08-02 17:55:13,331 - INFO - Processing mos
2025-08-02 17:55:21,537 - INFO - Processing nya
2025-08-02 17:55:30,142 - INFO - Processing pcm
2025-08-02 17:55:38,591 - INFO - Processing sna
2025-08-02 17:55:46,825 - INFO - Processing swa
2025-08-02 17:55:55,067 - INFO - Processing tsn
2025-08-02 17:56:03,935 - INFO - Processing twi
2025-08-02 17:56:12,329 - INFO - Processing wol
2025-08-02 17:56:20,765 - INFO - Processing xho
2025-08-02 17:56:29,868 - INFO - Processing yor
2025-08-02 17:56:38,380 - INFO - Processing zul
2025-08-02 17:56:47,337 - INFO - Top 5 languages most similar to Runyankore:
2025-08-02 17:56:47,338 - INFO - 1. hau - Mean Similarity: 0.9983
2025-08-02 17:56:47,338 - INFO - 2. ewe - Mean Similarity: 0.9977
2025-08-02 17:56:47,338 - INFO - 3. tsn - Mean Similarity: 0.9975
2025-08-02 17:56:47,338 - INFO - 4. xho - Mean Similarity: 0.9975
2025-08-02 17:56:47,338 - INFO - 5. bam - Mean Similarity: 0.9974
2025-08-02 17:56:47,338 - INFO - Experiment finished successfully.
