2025-08-27 07:54:24,542 - INFO - Start: model_type=mbert, use_cls=False, use_context=True, context_window=1, max_tokens_per_type=400, batch_size=64, output_dir=rq2_train_scripts/Embeddings/CLEAN/outputs/mptc/mbert/config_2_clsfalse_ctxtrue/tokens_400_ctx1, save_prototypes=False, seed=42, fp16=True, max_length=96, langs=all, layers=all, span_mode=bio, pool=mean, entity_tags={'ORG', 'PER', 'DATE', 'LOC'}, title_suffix='L=all, tokens=400, ctx=1, cls=false, fp16=true'
2025-08-27 07:54:26,069 - INFO - Processing run
2025-08-27 07:54:26,605 - INFO - Processing bam
2025-08-27 07:54:26,747 - INFO - Processing bbj
2025-08-27 07:54:26,881 - INFO - Processing ewe
2025-08-27 07:54:27,009 - INFO - Processing fon
2025-08-27 07:54:27,164 - INFO - Processing hau
2025-08-27 07:54:27,319 - INFO - Processing ibo
2025-08-27 07:54:27,503 - INFO - Processing kin
2025-08-27 07:54:27,657 - INFO - Processing lug
2025-08-27 07:54:27,793 - INFO - Processing luo
2025-08-27 07:54:27,943 - INFO - Processing mos
2025-08-27 07:54:28,108 - INFO - Processing nya
2025-08-27 07:54:28,283 - INFO - Processing pcm
2025-08-27 07:54:28,444 - INFO - Processing sna
2025-08-27 07:54:28,590 - INFO - Processing swa
2025-08-27 07:54:28,736 - INFO - Processing tsn
2025-08-27 07:54:28,873 - INFO - Processing twi
2025-08-27 07:54:29,018 - INFO - Processing wol
2025-08-27 07:54:29,171 - INFO - Processing xho
2025-08-27 07:54:29,307 - INFO - Processing yor
2025-08-27 07:54:29,480 - INFO - Processing zul
2025-08-27 07:54:29,992 - INFO - === Layer 1 (mbert) — Top 5 (cosine) ===
2025-08-27 07:54:29,992 - INFO - 1. kin: cos=0.8667
2025-08-27 07:54:29,992 - INFO - 2. nya: cos=0.8385
2025-08-27 07:54:29,992 - INFO - 3. luo: cos=0.8376
2025-08-27 07:54:29,992 - INFO - 4. twi: cos=0.8265
2025-08-27 07:54:29,992 - INFO - 5. lug: cos=0.8213
2025-08-27 07:54:29,992 - INFO - === Layer 1 (mbert) — Worst 5 (cosine) ===
2025-08-27 07:54:29,992 - INFO - 1. bbj: cos=0.6169
2025-08-27 07:54:29,992 - INFO - 2. yor: cos=0.6406
2025-08-27 07:54:29,992 - INFO - 3. mos: cos=0.6865
2025-08-27 07:54:29,992 - INFO - 4. ewe: cos=0.7108
2025-08-27 07:54:29,992 - INFO - 5. fon: cos=0.7118
2025-08-27 07:54:30,120 - INFO - === Layer 2 (mbert) — Top 5 (cosine) ===
2025-08-27 07:54:30,120 - INFO - 1. kin: cos=0.8709
2025-08-27 07:54:30,120 - INFO - 2. luo: cos=0.8568
2025-08-27 07:54:30,120 - INFO - 3. nya: cos=0.8560
2025-08-27 07:54:30,121 - INFO - 4. lug: cos=0.8504
2025-08-27 07:54:30,121 - INFO - 5. twi: cos=0.8475
2025-08-27 07:54:30,121 - INFO - === Layer 2 (mbert) — Worst 5 (cosine) ===
2025-08-27 07:54:30,121 - INFO - 1. bbj: cos=0.6598
2025-08-27 07:54:30,121 - INFO - 2. yor: cos=0.6795
2025-08-27 07:54:30,121 - INFO - 3. ewe: cos=0.7199
2025-08-27 07:54:30,121 - INFO - 4. pcm: cos=0.7305
2025-08-27 07:54:30,121 - INFO - 5. mos: cos=0.7427
2025-08-27 07:54:30,250 - INFO - === Layer 3 (mbert) — Top 5 (cosine) ===
2025-08-27 07:54:30,250 - INFO - 1. kin: cos=0.9201
2025-08-27 07:54:30,250 - INFO - 2. nya: cos=0.9117
2025-08-27 07:54:30,250 - INFO - 3. luo: cos=0.9103
2025-08-27 07:54:30,250 - INFO - 4. twi: cos=0.9061
2025-08-27 07:54:30,250 - INFO - 5. lug: cos=0.9037
2025-08-27 07:54:30,250 - INFO - === Layer 3 (mbert) — Worst 5 (cosine) ===
2025-08-27 07:54:30,250 - INFO - 1. bbj: cos=0.7833
2025-08-27 07:54:30,250 - INFO - 2. yor: cos=0.8004
2025-08-27 07:54:30,250 - INFO - 3. ewe: cos=0.8174
2025-08-27 07:54:30,250 - INFO - 4. pcm: cos=0.8280
2025-08-27 07:54:30,250 - INFO - 5. mos: cos=0.8407
2025-08-27 07:54:30,372 - INFO - === Layer 4 (mbert) — Top 5 (cosine) ===
2025-08-27 07:54:30,372 - INFO - 1. kin: cos=0.9372
2025-08-27 07:54:30,372 - INFO - 2. nya: cos=0.9314
2025-08-27 07:54:30,372 - INFO - 3. luo: cos=0.9281
2025-08-27 07:54:30,372 - INFO - 4. twi: cos=0.9264
2025-08-27 07:54:30,372 - INFO - 5. lug: cos=0.9238
2025-08-27 07:54:30,372 - INFO - === Layer 4 (mbert) — Worst 5 (cosine) ===
2025-08-27 07:54:30,372 - INFO - 1. bbj: cos=0.8270
2025-08-27 07:54:30,372 - INFO - 2. yor: cos=0.8383
2025-08-27 07:54:30,372 - INFO - 3. ewe: cos=0.8529
2025-08-27 07:54:30,372 - INFO - 4. pcm: cos=0.8551
2025-08-27 07:54:30,372 - INFO - 5. mos: cos=0.8687
2025-08-27 07:54:30,516 - INFO - === Layer 5 (mbert) — Top 5 (cosine) ===
2025-08-27 07:54:30,516 - INFO - 1. kin: cos=0.9553
2025-08-27 07:54:30,516 - INFO - 2. nya: cos=0.9511
2025-08-27 07:54:30,516 - INFO - 3. luo: cos=0.9487
2025-08-27 07:54:30,516 - INFO - 4. twi: cos=0.9479
2025-08-27 07:54:30,516 - INFO - 5. lug: cos=0.9435
2025-08-27 07:54:30,516 - INFO - === Layer 5 (mbert) — Worst 5 (cosine) ===
2025-08-27 07:54:30,516 - INFO - 1. bbj: cos=0.8739
2025-08-27 07:54:30,516 - INFO - 2. yor: cos=0.8813
2025-08-27 07:54:30,516 - INFO - 3. pcm: cos=0.8905
2025-08-27 07:54:30,516 - INFO - 4. ewe: cos=0.8943
2025-08-27 07:54:30,516 - INFO - 5. mos: cos=0.9018
2025-08-27 07:54:30,717 - INFO - === Layer 6 (mbert) — Top 5 (cosine) ===
2025-08-27 07:54:30,717 - INFO - 1. kin: cos=0.9658
2025-08-27 07:54:30,717 - INFO - 2. luo: cos=0.9621
2025-08-27 07:54:30,717 - INFO - 3. twi: cos=0.9600
2025-08-27 07:54:30,717 - INFO - 4. lug: cos=0.9589
2025-08-27 07:54:30,717 - INFO - 5. ibo: cos=0.9565
2025-08-27 07:54:30,717 - INFO - === Layer 6 (mbert) — Worst 5 (cosine) ===
2025-08-27 07:54:30,717 - INFO - 1. bbj: cos=0.9031
2025-08-27 07:54:30,717 - INFO - 2. yor: cos=0.9066
2025-08-27 07:54:30,717 - INFO - 3. pcm: cos=0.9162
2025-08-27 07:54:30,717 - INFO - 4. ewe: cos=0.9192
2025-08-27 07:54:30,717 - INFO - 5. fon: cos=0.9221
2025-08-27 07:54:30,845 - INFO - === Layer 7 (mbert) — Top 5 (cosine) ===
2025-08-27 07:54:30,846 - INFO - 1. kin: cos=0.9501
2025-08-27 07:54:30,846 - INFO - 2. twi: cos=0.9434
2025-08-27 07:54:30,846 - INFO - 3. ibo: cos=0.9407
2025-08-27 07:54:30,846 - INFO - 4. luo: cos=0.9386
2025-08-27 07:54:30,846 - INFO - 5. zul: cos=0.9377
2025-08-27 07:54:30,846 - INFO - === Layer 7 (mbert) — Worst 5 (cosine) ===
2025-08-27 07:54:30,846 - INFO - 1. pcm: cos=0.8717
2025-08-27 07:54:30,846 - INFO - 2. bbj: cos=0.8777
2025-08-27 07:54:30,846 - INFO - 3. ewe: cos=0.8815
2025-08-27 07:54:30,846 - INFO - 4. yor: cos=0.8818
2025-08-27 07:54:30,846 - INFO - 5. fon: cos=0.9050
2025-08-27 07:54:30,975 - INFO - === Layer 8 (mbert) — Top 5 (cosine) ===
2025-08-27 07:54:30,975 - INFO - 1. kin: cos=0.8857
2025-08-27 07:54:30,975 - INFO - 2. luo: cos=0.8856
2025-08-27 07:54:30,975 - INFO - 3. hau: cos=0.8816
2025-08-27 07:54:30,975 - INFO - 4. twi: cos=0.8813
2025-08-27 07:54:30,975 - INFO - 5. ibo: cos=0.8795
2025-08-27 07:54:30,975 - INFO - === Layer 8 (mbert) — Worst 5 (cosine) ===
2025-08-27 07:54:30,975 - INFO - 1. bbj: cos=0.8134
2025-08-27 07:54:30,975 - INFO - 2. yor: cos=0.8267
2025-08-27 07:54:30,975 - INFO - 3. ewe: cos=0.8306
2025-08-27 07:54:30,975 - INFO - 4. fon: cos=0.8366
2025-08-27 07:54:30,975 - INFO - 5. pcm: cos=0.8445
2025-08-27 07:54:31,105 - INFO - === Layer 9 (mbert) — Top 5 (cosine) ===
2025-08-27 07:54:31,106 - INFO - 1. twi: cos=0.9488
2025-08-27 07:54:31,106 - INFO - 2. kin: cos=0.9458
2025-08-27 07:54:31,106 - INFO - 3. ibo: cos=0.9442
2025-08-27 07:54:31,106 - INFO - 4. luo: cos=0.9375
2025-08-27 07:54:31,106 - INFO - 5. hau: cos=0.9373
2025-08-27 07:54:31,106 - INFO - === Layer 9 (mbert) — Worst 5 (cosine) ===
2025-08-27 07:54:31,106 - INFO - 1. bbj: cos=0.8994
2025-08-27 07:54:31,106 - INFO - 2. yor: cos=0.9007
2025-08-27 07:54:31,106 - INFO - 3. bam: cos=0.9118
2025-08-27 07:54:31,106 - INFO - 4. swa: cos=0.9158
2025-08-27 07:54:31,106 - INFO - 5. pcm: cos=0.9178
2025-08-27 07:54:31,236 - INFO - === Layer 10 (mbert) — Top 5 (cosine) ===
2025-08-27 07:54:31,236 - INFO - 1. kin: cos=0.9570
2025-08-27 07:54:31,236 - INFO - 2. ibo: cos=0.9566
2025-08-27 07:54:31,236 - INFO - 3. twi: cos=0.9559
2025-08-27 07:54:31,236 - INFO - 4. hau: cos=0.9535
2025-08-27 07:54:31,236 - INFO - 5. nya: cos=0.9514
2025-08-27 07:54:31,236 - INFO - === Layer 10 (mbert) — Worst 5 (cosine) ===
2025-08-27 07:54:31,236 - INFO - 1. yor: cos=0.9082
2025-08-27 07:54:31,236 - INFO - 2. bbj: cos=0.9215
2025-08-27 07:54:31,236 - INFO - 3. bam: cos=0.9255
2025-08-27 07:54:31,236 - INFO - 4. pcm: cos=0.9369
2025-08-27 07:54:31,236 - INFO - 5. wol: cos=0.9375
2025-08-27 07:54:31,366 - INFO - === Layer 11 (mbert) — Top 5 (cosine) ===
2025-08-27 07:54:31,366 - INFO - 1. twi: cos=0.9636
2025-08-27 07:54:31,366 - INFO - 2. kin: cos=0.9628
2025-08-27 07:54:31,366 - INFO - 3. nya: cos=0.9612
2025-08-27 07:54:31,366 - INFO - 4. ibo: cos=0.9610
2025-08-27 07:54:31,366 - INFO - 5. lug: cos=0.9605
2025-08-27 07:54:31,366 - INFO - === Layer 11 (mbert) — Worst 5 (cosine) ===
2025-08-27 07:54:31,366 - INFO - 1. yor: cos=0.9126
2025-08-27 07:54:31,366 - INFO - 2. bbj: cos=0.9253
2025-08-27 07:54:31,366 - INFO - 3. bam: cos=0.9323
2025-08-27 07:54:31,366 - INFO - 4. pcm: cos=0.9402
2025-08-27 07:54:31,366 - INFO - 5. wol: cos=0.9457
2025-08-27 07:54:31,503 - INFO - === Layer 12 (mbert) — Top 5 (cosine) ===
2025-08-27 07:54:31,503 - INFO - 1. kin: cos=0.8271
2025-08-27 07:54:31,503 - INFO - 2. lug: cos=0.8207
2025-08-27 07:54:31,503 - INFO - 3. twi: cos=0.8182
2025-08-27 07:54:31,503 - INFO - 4. nya: cos=0.8105
2025-08-27 07:54:31,503 - INFO - 5. sna: cos=0.8092
2025-08-27 07:54:31,503 - INFO - === Layer 12 (mbert) — Worst 5 (cosine) ===
2025-08-27 07:54:31,503 - INFO - 1. yor: cos=0.6460
2025-08-27 07:54:31,503 - INFO - 2. bbj: cos=0.6960
2025-08-27 07:54:31,503 - INFO - 3. pcm: cos=0.7222
2025-08-27 07:54:31,503 - INFO - 4. wol: cos=0.7328
2025-08-27 07:54:31,503 - INFO - 5. luo: cos=0.7387
2025-08-27 07:54:31,504 - INFO - Experiment finished successfully.
