2025-08-27 10:36:29,275 - INFO - Start: model_type=mbert, use_cls=False, use_context=True, context_window=2, max_tokens_per_type=400, batch_size=64, output_dir=rq2_train_scripts/Embeddings/CLEAN/outputs/combined/mbert/config_2_clsfalse_ctxtrue/tokens_400_ctx2/core, save_prototypes=False, seed=42, fp16=True, max_length=96, langs=all, layers=all, span_mode=bio, pool=mean, entity_tags={'PER', 'ORG', 'DATE', 'LOC'}, title_suffix='L=all, tokens=400, ctx=2, cls=false, fp16=true'
2025-08-27 10:36:30,677 - INFO - Processing run
2025-08-27 10:36:31,499 - INFO - Processing bam
2025-08-27 10:36:31,818 - INFO - Processing bbj
2025-08-27 10:36:32,107 - INFO - Processing ewe
2025-08-27 10:36:32,433 - INFO - Processing fon
2025-08-27 10:36:32,862 - INFO - Processing hau
2025-08-27 10:36:33,301 - INFO - Processing ibo
2025-08-27 10:36:33,761 - INFO - Processing kin
2025-08-27 10:36:34,211 - INFO - Processing lug
2025-08-27 10:36:34,648 - INFO - Processing luo
2025-08-27 10:36:34,977 - INFO - Processing mos
2025-08-27 10:36:35,315 - INFO - Processing nya
2025-08-27 10:36:35,679 - INFO - Processing pcm
2025-08-27 10:36:35,939 - INFO - Processing sna
2025-08-27 10:36:36,353 - INFO - Processing swa
2025-08-27 10:36:36,530 - INFO - Processing tsn
2025-08-27 10:36:36,678 - INFO - Processing twi
2025-08-27 10:36:36,841 - INFO - Processing wol
2025-08-27 10:36:36,987 - INFO - Processing xho
2025-08-27 10:36:37,108 - INFO - Processing yor
2025-08-27 10:36:37,272 - INFO - Processing zul
2025-08-27 10:36:37,763 - INFO - === Layer 1 (mbert) — Top 5 (cosine) ===
2025-08-27 10:36:37,763 - INFO - 1. kin: cos=0.8774
2025-08-27 10:36:37,763 - INFO - 2. lug: cos=0.8639
2025-08-27 10:36:37,763 - INFO - 3. nya: cos=0.8530
2025-08-27 10:36:37,763 - INFO - 4. luo: cos=0.8400
2025-08-27 10:36:37,763 - INFO - 5. twi: cos=0.8395
2025-08-27 10:36:37,763 - INFO - === Layer 1 (mbert) — Worst 5 (cosine) ===
2025-08-27 10:36:37,763 - INFO - 1. yor: cos=0.6485
2025-08-27 10:36:37,763 - INFO - 2. bbj: cos=0.6663
2025-08-27 10:36:37,763 - INFO - 3. mos: cos=0.7196
2025-08-27 10:36:37,763 - INFO - 4. bam: cos=0.7363
2025-08-27 10:36:37,763 - INFO - 5. fon: cos=0.7400
2025-08-27 10:36:37,892 - INFO - === Layer 2 (mbert) — Top 5 (cosine) ===
2025-08-27 10:36:37,892 - INFO - 1. lug: cos=0.8869
2025-08-27 10:36:37,892 - INFO - 2. kin: cos=0.8868
2025-08-27 10:36:37,892 - INFO - 3. nya: cos=0.8705
2025-08-27 10:36:37,892 - INFO - 4. twi: cos=0.8622
2025-08-27 10:36:37,892 - INFO - 5. sna: cos=0.8609
2025-08-27 10:36:37,892 - INFO - === Layer 2 (mbert) — Worst 5 (cosine) ===
2025-08-27 10:36:37,892 - INFO - 1. yor: cos=0.6906
2025-08-27 10:36:37,892 - INFO - 2. bbj: cos=0.7062
2025-08-27 10:36:37,892 - INFO - 3. pcm: cos=0.7566
2025-08-27 10:36:37,892 - INFO - 4. ewe: cos=0.7583
2025-08-27 10:36:37,892 - INFO - 5. mos: cos=0.7697
2025-08-27 10:36:38,022 - INFO - === Layer 3 (mbert) — Top 5 (cosine) ===
2025-08-27 10:36:38,022 - INFO - 1. kin: cos=0.9317
2025-08-27 10:36:38,022 - INFO - 2. lug: cos=0.9284
2025-08-27 10:36:38,022 - INFO - 3. nya: cos=0.9239
2025-08-27 10:36:38,022 - INFO - 4. twi: cos=0.9172
2025-08-27 10:36:38,022 - INFO - 5. ibo: cos=0.9120
2025-08-27 10:36:38,022 - INFO - === Layer 3 (mbert) — Worst 5 (cosine) ===
2025-08-27 10:36:38,022 - INFO - 1. yor: cos=0.8098
2025-08-27 10:36:38,022 - INFO - 2. bbj: cos=0.8119
2025-08-27 10:36:38,022 - INFO - 3. ewe: cos=0.8453
2025-08-27 10:36:38,022 - INFO - 4. pcm: cos=0.8470
2025-08-27 10:36:38,022 - INFO - 5. bam: cos=0.8590
2025-08-27 10:36:38,149 - INFO - === Layer 4 (mbert) — Top 5 (cosine) ===
2025-08-27 10:36:38,149 - INFO - 1. kin: cos=0.9454
2025-08-27 10:36:38,149 - INFO - 2. lug: cos=0.9429
2025-08-27 10:36:38,149 - INFO - 3. nya: cos=0.9393
2025-08-27 10:36:38,149 - INFO - 4. twi: cos=0.9366
2025-08-27 10:36:38,149 - INFO - 5. ibo: cos=0.9303
2025-08-27 10:36:38,149 - INFO - === Layer 4 (mbert) — Worst 5 (cosine) ===
2025-08-27 10:36:38,150 - INFO - 1. yor: cos=0.8475
2025-08-27 10:36:38,150 - INFO - 2. bbj: cos=0.8517
2025-08-27 10:36:38,150 - INFO - 3. pcm: cos=0.8744
2025-08-27 10:36:38,150 - INFO - 4. ewe: cos=0.8780
2025-08-27 10:36:38,150 - INFO - 5. mos: cos=0.8891
2025-08-27 10:36:38,274 - INFO - === Layer 5 (mbert) — Top 5 (cosine) ===
2025-08-27 10:36:38,274 - INFO - 1. kin: cos=0.9609
2025-08-27 10:36:38,274 - INFO - 2. nya: cos=0.9575
2025-08-27 10:36:38,274 - INFO - 3. lug: cos=0.9543
2025-08-27 10:36:38,274 - INFO - 4. twi: cos=0.9543
2025-08-27 10:36:38,274 - INFO - 5. luo: cos=0.9514
2025-08-27 10:36:38,274 - INFO - === Layer 5 (mbert) — Worst 5 (cosine) ===
2025-08-27 10:36:38,274 - INFO - 1. yor: cos=0.8897
2025-08-27 10:36:38,274 - INFO - 2. bbj: cos=0.8930
2025-08-27 10:36:38,274 - INFO - 3. pcm: cos=0.9064
2025-08-27 10:36:38,274 - INFO - 4. ewe: cos=0.9113
2025-08-27 10:36:38,274 - INFO - 5. mos: cos=0.9193
2025-08-27 10:36:38,465 - INFO - === Layer 6 (mbert) — Top 5 (cosine) ===
2025-08-27 10:36:38,465 - INFO - 1. kin: cos=0.9695
2025-08-27 10:36:38,465 - INFO - 2. twi: cos=0.9637
2025-08-27 10:36:38,465 - INFO - 3. luo: cos=0.9612
2025-08-27 10:36:38,465 - INFO - 4. ibo: cos=0.9607
2025-08-27 10:36:38,465 - INFO - 5. lug: cos=0.9582
2025-08-27 10:36:38,465 - INFO - === Layer 6 (mbert) — Worst 5 (cosine) ===
2025-08-27 10:36:38,466 - INFO - 1. yor: cos=0.9094
2025-08-27 10:36:38,466 - INFO - 2. bbj: cos=0.9134
2025-08-27 10:36:38,466 - INFO - 3. pcm: cos=0.9242
2025-08-27 10:36:38,466 - INFO - 4. ewe: cos=0.9296
2025-08-27 10:36:38,466 - INFO - 5. fon: cos=0.9318
2025-08-27 10:36:38,596 - INFO - === Layer 7 (mbert) — Top 5 (cosine) ===
2025-08-27 10:36:38,596 - INFO - 1. kin: cos=0.9562
2025-08-27 10:36:38,597 - INFO - 2. twi: cos=0.9466
2025-08-27 10:36:38,597 - INFO - 3. luo: cos=0.9433
2025-08-27 10:36:38,597 - INFO - 4. lug: cos=0.9409
2025-08-27 10:36:38,597 - INFO - 5. ibo: cos=0.9345
2025-08-27 10:36:38,597 - INFO - === Layer 7 (mbert) — Worst 5 (cosine) ===
2025-08-27 10:36:38,597 - INFO - 1. yor: cos=0.8742
2025-08-27 10:36:38,597 - INFO - 2. bbj: cos=0.8813
2025-08-27 10:36:38,597 - INFO - 3. pcm: cos=0.8908
2025-08-27 10:36:38,597 - INFO - 4. ewe: cos=0.9007
2025-08-27 10:36:38,597 - INFO - 5. fon: cos=0.9033
2025-08-27 10:36:38,742 - INFO - === Layer 8 (mbert) — Top 5 (cosine) ===
2025-08-27 10:36:38,742 - INFO - 1. kin: cos=0.9523
2025-08-27 10:36:38,742 - INFO - 2. twi: cos=0.9488
2025-08-27 10:36:38,742 - INFO - 3. lug: cos=0.9360
2025-08-27 10:36:38,742 - INFO - 4. luo: cos=0.9304
2025-08-27 10:36:38,742 - INFO - 5. nya: cos=0.9269
2025-08-27 10:36:38,742 - INFO - === Layer 8 (mbert) — Worst 5 (cosine) ===
2025-08-27 10:36:38,742 - INFO - 1. yor: cos=0.8531
2025-08-27 10:36:38,742 - INFO - 2. bbj: cos=0.8647
2025-08-27 10:36:38,742 - INFO - 3. xho: cos=0.8730
2025-08-27 10:36:38,742 - INFO - 4. swa: cos=0.8917
2025-08-27 10:36:38,742 - INFO - 5. fon: cos=0.8968
2025-08-27 10:36:38,866 - INFO - === Layer 9 (mbert) — Top 5 (cosine) ===
2025-08-27 10:36:38,866 - INFO - 1. kin: cos=0.9641
2025-08-27 10:36:38,866 - INFO - 2. twi: cos=0.9634
2025-08-27 10:36:38,866 - INFO - 3. lug: cos=0.9546
2025-08-27 10:36:38,866 - INFO - 4. luo: cos=0.9519
2025-08-27 10:36:38,866 - INFO - 5. nya: cos=0.9470
2025-08-27 10:36:38,866 - INFO - === Layer 9 (mbert) — Worst 5 (cosine) ===
2025-08-27 10:36:38,866 - INFO - 1. yor: cos=0.8969
2025-08-27 10:36:38,866 - INFO - 2. bbj: cos=0.9053
2025-08-27 10:36:38,866 - INFO - 3. bam: cos=0.9128
2025-08-27 10:36:38,866 - INFO - 4. xho: cos=0.9151
2025-08-27 10:36:38,866 - INFO - 5. swa: cos=0.9277
2025-08-27 10:36:38,997 - INFO - === Layer 10 (mbert) — Top 5 (cosine) ===
2025-08-27 10:36:38,997 - INFO - 1. kin: cos=0.9709
2025-08-27 10:36:38,997 - INFO - 2. twi: cos=0.9685
2025-08-27 10:36:38,997 - INFO - 3. nya: cos=0.9620
2025-08-27 10:36:38,997 - INFO - 4. lug: cos=0.9618
2025-08-27 10:36:38,997 - INFO - 5. hau: cos=0.9609
2025-08-27 10:36:38,997 - INFO - === Layer 10 (mbert) — Worst 5 (cosine) ===
2025-08-27 10:36:38,997 - INFO - 1. yor: cos=0.9084
2025-08-27 10:36:38,997 - INFO - 2. bbj: cos=0.9278
2025-08-27 10:36:38,997 - INFO - 3. bam: cos=0.9284
2025-08-27 10:36:38,997 - INFO - 4. xho: cos=0.9362
2025-08-27 10:36:38,997 - INFO - 5. ewe: cos=0.9462
2025-08-27 10:36:39,120 - INFO - === Layer 11 (mbert) — Top 5 (cosine) ===
2025-08-27 10:36:39,120 - INFO - 1. kin: cos=0.9656
2025-08-27 10:36:39,120 - INFO - 2. twi: cos=0.9655
2025-08-27 10:36:39,120 - INFO - 3. nya: cos=0.9633
2025-08-27 10:36:39,120 - INFO - 4. lug: cos=0.9609
2025-08-27 10:36:39,120 - INFO - 5. ibo: cos=0.9607
2025-08-27 10:36:39,120 - INFO - === Layer 11 (mbert) — Worst 5 (cosine) ===
2025-08-27 10:36:39,120 - INFO - 1. yor: cos=0.9090
2025-08-27 10:36:39,120 - INFO - 2. bbj: cos=0.9259
2025-08-27 10:36:39,120 - INFO - 3. bam: cos=0.9315
2025-08-27 10:36:39,120 - INFO - 4. xho: cos=0.9406
2025-08-27 10:36:39,120 - INFO - 5. ewe: cos=0.9462
2025-08-27 10:36:39,250 - INFO - === Layer 12 (mbert) — Top 5 (cosine) ===
2025-08-27 10:36:39,250 - INFO - 1. kin: cos=0.8248
2025-08-27 10:36:39,250 - INFO - 2. twi: cos=0.8211
2025-08-27 10:36:39,250 - INFO - 3. nya: cos=0.8134
2025-08-27 10:36:39,250 - INFO - 4. hau: cos=0.8049
2025-08-27 10:36:39,250 - INFO - 5. sna: cos=0.8034
2025-08-27 10:36:39,250 - INFO - === Layer 12 (mbert) — Worst 5 (cosine) ===
2025-08-27 10:36:39,250 - INFO - 1. yor: cos=0.5951
2025-08-27 10:36:39,250 - INFO - 2. bbj: cos=0.6697
2025-08-27 10:36:39,250 - INFO - 3. fon: cos=0.7250
2025-08-27 10:36:39,250 - INFO - 4. pcm: cos=0.7307
2025-08-27 10:36:39,250 - INFO - 5. xho: cos=0.7327
2025-08-27 10:36:39,251 - INFO - Experiment finished successfully.
