2025-08-27 18:01:31,351 - INFO - Start: model_type=xlmr, use_cls=True, use_context=True, context_window=3, max_tokens_per_type=300, batch_size=64, output_dir=rq2_train_scripts/Embeddings/CLEAN/outputs/salt/xlmr/config_3_clstrue_ctxtrue/tokens_300_ctx3/core, save_prototypes=False, seed=42, fp16=True, max_length=96, langs=all, layers=all, span_mode=bio, pool=mean, entity_tags={'PER', 'LOC', 'DATE', 'ORG'}, title_suffix='L=all, tokens=300, ctx=3, cls=true, fp16=true'
2025-08-27 18:01:33,298 - INFO - Processing run
2025-08-27 18:01:33,721 - INFO - Processing bam
2025-08-27 18:01:33,782 - INFO - Processing bbj
2025-08-27 18:01:33,836 - INFO - Processing ewe
2025-08-27 18:01:33,879 - INFO - Processing fon
2025-08-27 18:01:33,931 - INFO - Processing hau
2025-08-27 18:01:33,996 - INFO - Processing ibo
2025-08-27 18:01:34,090 - INFO - Processing kin
2025-08-27 18:01:34,160 - INFO - Processing lug
2025-08-27 18:01:34,216 - INFO - Processing luo
2025-08-27 18:01:34,277 - INFO - Processing mos
2025-08-27 18:01:34,341 - INFO - Processing nya
2025-08-27 18:01:34,416 - INFO - Processing pcm
2025-08-27 18:01:34,473 - INFO - Processing sna
2025-08-27 18:01:34,531 - INFO - Processing swa
2025-08-27 18:01:34,596 - INFO - Processing tsn
2025-08-27 18:01:34,643 - INFO - Processing twi
2025-08-27 18:01:34,702 - INFO - Processing wol
2025-08-27 18:01:34,759 - INFO - Processing xho
2025-08-27 18:01:34,806 - INFO - Processing yor
2025-08-27 18:01:34,886 - INFO - Processing zul
2025-08-27 18:01:35,352 - INFO - === Layer 1 (xlmr) — Top 5 (cosine) ===
2025-08-27 18:01:35,352 - INFO - 1. lug: cos=1.0000
2025-08-27 18:01:35,352 - INFO - 2. kin: cos=1.0000
2025-08-27 18:01:35,352 - INFO - 3. sna: cos=1.0000
2025-08-27 18:01:35,352 - INFO - 4. nya: cos=1.0000
2025-08-27 18:01:35,352 - INFO - 5. tsn: cos=1.0000
2025-08-27 18:01:35,352 - INFO - === Layer 1 (xlmr) — Worst 5 (cosine) ===
2025-08-27 18:01:35,352 - INFO - 1. bam: cos=0.9997
2025-08-27 18:01:35,352 - INFO - 2. fon: cos=0.9997
2025-08-27 18:01:35,352 - INFO - 3. ewe: cos=0.9998
2025-08-27 18:01:35,352 - INFO - 4. yor: cos=0.9999
2025-08-27 18:01:35,352 - INFO - 5. hau: cos=0.9999
2025-08-27 18:01:35,480 - INFO - === Layer 2 (xlmr) — Top 5 (cosine) ===
2025-08-27 18:01:35,480 - INFO - 1. kin: cos=1.0000
2025-08-27 18:01:35,480 - INFO - 2. lug: cos=1.0000
2025-08-27 18:01:35,480 - INFO - 3. sna: cos=1.0000
2025-08-27 18:01:35,480 - INFO - 4. nya: cos=1.0000
2025-08-27 18:01:35,480 - INFO - 5. tsn: cos=1.0000
2025-08-27 18:01:35,480 - INFO - === Layer 2 (xlmr) — Worst 5 (cosine) ===
2025-08-27 18:01:35,480 - INFO - 1. bam: cos=1.0000
2025-08-27 18:01:35,480 - INFO - 2. fon: cos=1.0000
2025-08-27 18:01:35,480 - INFO - 3. hau: cos=1.0000
2025-08-27 18:01:35,480 - INFO - 4. swa: cos=1.0000
2025-08-27 18:01:35,480 - INFO - 5. yor: cos=1.0000
2025-08-27 18:01:35,610 - INFO - === Layer 3 (xlmr) — Top 5 (cosine) ===
2025-08-27 18:01:35,610 - INFO - 1. kin: cos=1.0000
2025-08-27 18:01:35,610 - INFO - 2. lug: cos=1.0000
2025-08-27 18:01:35,610 - INFO - 3. sna: cos=1.0000
2025-08-27 18:01:35,610 - INFO - 4. xho: cos=1.0000
2025-08-27 18:01:35,610 - INFO - 5. zul: cos=1.0000
2025-08-27 18:01:35,610 - INFO - === Layer 3 (xlmr) — Worst 5 (cosine) ===
2025-08-27 18:01:35,610 - INFO - 1. pcm: cos=1.0000
2025-08-27 18:01:35,610 - INFO - 2. swa: cos=1.0000
2025-08-27 18:01:35,610 - INFO - 3. fon: cos=1.0000
2025-08-27 18:01:35,610 - INFO - 4. yor: cos=1.0000
2025-08-27 18:01:35,610 - INFO - 5. ewe: cos=1.0000
2025-08-27 18:01:35,737 - INFO - === Layer 4 (xlmr) — Top 5 (cosine) ===
2025-08-27 18:01:35,737 - INFO - 1. zul: cos=1.0000
2025-08-27 18:01:35,737 - INFO - 2. ibo: cos=1.0000
2025-08-27 18:01:35,737 - INFO - 3. mos: cos=1.0000
2025-08-27 18:01:35,737 - INFO - 4. lug: cos=1.0000
2025-08-27 18:01:35,737 - INFO - 5. xho: cos=1.0000
2025-08-27 18:01:35,737 - INFO - === Layer 4 (xlmr) — Worst 5 (cosine) ===
2025-08-27 18:01:35,737 - INFO - 1. pcm: cos=1.0000
2025-08-27 18:01:35,737 - INFO - 2. hau: cos=1.0000
2025-08-27 18:01:35,737 - INFO - 3. sna: cos=1.0000
2025-08-27 18:01:35,737 - INFO - 4. swa: cos=1.0000
2025-08-27 18:01:35,737 - INFO - 5. bbj: cos=1.0000
2025-08-27 18:01:35,865 - INFO - === Layer 5 (xlmr) — Top 5 (cosine) ===
2025-08-27 18:01:35,865 - INFO - 1. sna: cos=1.0000
2025-08-27 18:01:35,865 - INFO - 2. lug: cos=1.0000
2025-08-27 18:01:35,865 - INFO - 3. kin: cos=1.0000
2025-08-27 18:01:35,865 - INFO - 4. ibo: cos=1.0000
2025-08-27 18:01:35,865 - INFO - 5. nya: cos=1.0000
2025-08-27 18:01:35,865 - INFO - === Layer 5 (xlmr) — Worst 5 (cosine) ===
2025-08-27 18:01:35,865 - INFO - 1. bam: cos=1.0000
2025-08-27 18:01:35,865 - INFO - 2. fon: cos=1.0000
2025-08-27 18:01:35,865 - INFO - 3. twi: cos=1.0000
2025-08-27 18:01:35,865 - INFO - 4. swa: cos=1.0000
2025-08-27 18:01:35,865 - INFO - 5. bbj: cos=1.0000
2025-08-27 18:01:35,991 - INFO - === Layer 6 (xlmr) — Top 5 (cosine) ===
2025-08-27 18:01:35,991 - INFO - 1. sna: cos=1.0000
2025-08-27 18:01:35,991 - INFO - 2. lug: cos=1.0000
2025-08-27 18:01:35,991 - INFO - 3. kin: cos=1.0000
2025-08-27 18:01:35,991 - INFO - 4. nya: cos=1.0000
2025-08-27 18:01:35,991 - INFO - 5. ibo: cos=1.0000
2025-08-27 18:01:35,991 - INFO - === Layer 6 (xlmr) — Worst 5 (cosine) ===
2025-08-27 18:01:35,991 - INFO - 1. bam: cos=1.0000
2025-08-27 18:01:35,992 - INFO - 2. fon: cos=1.0000
2025-08-27 18:01:35,992 - INFO - 3. twi: cos=1.0000
2025-08-27 18:01:35,992 - INFO - 4. swa: cos=1.0000
2025-08-27 18:01:35,992 - INFO - 5. bbj: cos=1.0000
2025-08-27 18:01:36,121 - INFO - === Layer 7 (xlmr) — Top 5 (cosine) ===
2025-08-27 18:01:36,121 - INFO - 1. hau: cos=1.0000
2025-08-27 18:01:36,121 - INFO - 2. kin: cos=1.0000
2025-08-27 18:01:36,121 - INFO - 3. sna: cos=1.0000
2025-08-27 18:01:36,121 - INFO - 4. twi: cos=1.0000
2025-08-27 18:01:36,121 - INFO - 5. tsn: cos=1.0000
2025-08-27 18:01:36,121 - INFO - === Layer 7 (xlmr) — Worst 5 (cosine) ===
2025-08-27 18:01:36,121 - INFO - 1. yor: cos=1.0000
2025-08-27 18:01:36,121 - INFO - 2. fon: cos=1.0000
2025-08-27 18:01:36,121 - INFO - 3. luo: cos=1.0000
2025-08-27 18:01:36,121 - INFO - 4. pcm: cos=1.0000
2025-08-27 18:01:36,121 - INFO - 5. bbj: cos=1.0000
2025-08-27 18:01:36,327 - INFO - === Layer 8 (xlmr) — Top 5 (cosine) ===
2025-08-27 18:01:36,327 - INFO - 1. kin: cos=1.0000
2025-08-27 18:01:36,327 - INFO - 2. sna: cos=1.0000
2025-08-27 18:01:36,327 - INFO - 3. lug: cos=1.0000
2025-08-27 18:01:36,327 - INFO - 4. wol: cos=1.0000
2025-08-27 18:01:36,327 - INFO - 5. nya: cos=1.0000
2025-08-27 18:01:36,327 - INFO - === Layer 8 (xlmr) — Worst 5 (cosine) ===
2025-08-27 18:01:36,327 - INFO - 1. swa: cos=1.0000
2025-08-27 18:01:36,327 - INFO - 2. bbj: cos=1.0000
2025-08-27 18:01:36,327 - INFO - 3. tsn: cos=1.0000
2025-08-27 18:01:36,327 - INFO - 4. hau: cos=1.0000
2025-08-27 18:01:36,327 - INFO - 5. yor: cos=1.0000
2025-08-27 18:01:36,457 - INFO - === Layer 9 (xlmr) — Top 5 (cosine) ===
2025-08-27 18:01:36,457 - INFO - 1. mos: cos=1.0000
2025-08-27 18:01:36,457 - INFO - 2. bbj: cos=1.0000
2025-08-27 18:01:36,457 - INFO - 3. lug: cos=1.0000
2025-08-27 18:01:36,457 - INFO - 4. twi: cos=1.0000
2025-08-27 18:01:36,457 - INFO - 5. sna: cos=1.0000
2025-08-27 18:01:36,457 - INFO - === Layer 9 (xlmr) — Worst 5 (cosine) ===
2025-08-27 18:01:36,457 - INFO - 1. yor: cos=1.0000
2025-08-27 18:01:36,457 - INFO - 2. ewe: cos=1.0000
2025-08-27 18:01:36,457 - INFO - 3. zul: cos=1.0000
2025-08-27 18:01:36,457 - INFO - 4. fon: cos=1.0000
2025-08-27 18:01:36,457 - INFO - 5. luo: cos=1.0000
2025-08-27 18:01:36,602 - INFO - === Layer 10 (xlmr) — Top 5 (cosine) ===
2025-08-27 18:01:36,602 - INFO - 1. twi: cos=1.0000
2025-08-27 18:01:36,602 - INFO - 2. hau: cos=1.0000
2025-08-27 18:01:36,602 - INFO - 3. kin: cos=1.0000
2025-08-27 18:01:36,602 - INFO - 4. bbj: cos=1.0000
2025-08-27 18:01:36,602 - INFO - 5. ibo: cos=1.0000
2025-08-27 18:01:36,602 - INFO - === Layer 10 (xlmr) — Worst 5 (cosine) ===
2025-08-27 18:01:36,602 - INFO - 1. pcm: cos=1.0000
2025-08-27 18:01:36,602 - INFO - 2. tsn: cos=1.0000
2025-08-27 18:01:36,602 - INFO - 3. yor: cos=1.0000
2025-08-27 18:01:36,602 - INFO - 4. luo: cos=1.0000
2025-08-27 18:01:36,602 - INFO - 5. zul: cos=1.0000
2025-08-27 18:01:36,730 - INFO - === Layer 11 (xlmr) — Top 5 (cosine) ===
2025-08-27 18:01:36,730 - INFO - 1. lug: cos=1.0000
2025-08-27 18:01:36,730 - INFO - 2. xho: cos=1.0000
2025-08-27 18:01:36,730 - INFO - 3. ewe: cos=1.0000
2025-08-27 18:01:36,730 - INFO - 4. kin: cos=1.0000
2025-08-27 18:01:36,730 - INFO - 5. zul: cos=1.0000
2025-08-27 18:01:36,730 - INFO - === Layer 11 (xlmr) — Worst 5 (cosine) ===
2025-08-27 18:01:36,730 - INFO - 1. yor: cos=0.9999
2025-08-27 18:01:36,730 - INFO - 2. fon: cos=0.9999
2025-08-27 18:01:36,730 - INFO - 3. pcm: cos=0.9999
2025-08-27 18:01:36,730 - INFO - 4. ibo: cos=0.9999
2025-08-27 18:01:36,730 - INFO - 5. mos: cos=0.9999
2025-08-27 18:01:36,858 - INFO - === Layer 12 (xlmr) — Top 5 (cosine) ===
2025-08-27 18:01:36,858 - INFO - 1. pcm: cos=0.9995
2025-08-27 18:01:36,858 - INFO - 2. sna: cos=0.9994
2025-08-27 18:01:36,858 - INFO - 3. luo: cos=0.9992
2025-08-27 18:01:36,858 - INFO - 4. tsn: cos=0.9986
2025-08-27 18:01:36,858 - INFO - 5. lug: cos=0.9980
2025-08-27 18:01:36,858 - INFO - === Layer 12 (xlmr) — Worst 5 (cosine) ===
2025-08-27 18:01:36,858 - INFO - 1. fon: cos=0.9844
2025-08-27 18:01:36,858 - INFO - 2. zul: cos=0.9898
2025-08-27 18:01:36,858 - INFO - 3. xho: cos=0.9931
2025-08-27 18:01:36,858 - INFO - 4. nya: cos=0.9933
2025-08-27 18:01:36,858 - INFO - 5. bam: cos=0.9935
2025-08-27 18:01:36,859 - INFO - Experiment finished successfully.
