2025-08-03 07:57:33,571 - INFO - Experiment started with model_type=mbert, use_cls=False, use_context=False, context_window=1, use_hybrid=True, max_tokens_per_type=400, output_dir=rq2_train_scripts/Embeddings/MEXA_inspired_strategy/outputs/mptc/mbert/config_3_clsfalse_ctxfalse_hybtrue/tokens_400_ctx1
2025-08-03 07:57:34,601 - INFO - Processing run
2025-08-03 07:57:36,277 - INFO - Processing bam
2025-08-03 07:57:38,861 - INFO - Processing bbj
2025-08-03 07:57:41,635 - INFO - Processing ewe
2025-08-03 07:57:44,371 - INFO - Processing fon
2025-08-03 07:57:47,161 - INFO - Processing hau
2025-08-03 07:57:49,980 - INFO - Processing ibo
2025-08-03 07:57:52,801 - INFO - Processing kin
2025-08-03 07:57:55,604 - INFO - Processing lug
2025-08-03 07:57:58,357 - INFO - Processing luo
2025-08-03 07:58:01,159 - INFO - Processing mos
2025-08-03 07:58:03,954 - INFO - Processing nya
2025-08-03 07:58:06,740 - INFO - Processing pcm
2025-08-03 07:58:09,493 - INFO - Processing sna
2025-08-03 07:58:12,322 - INFO - Processing swa
2025-08-03 07:58:15,104 - INFO - Processing tsn
2025-08-03 07:58:17,853 - INFO - Processing twi
2025-08-03 07:58:20,639 - INFO - Processing wol
2025-08-03 07:58:23,456 - INFO - Processing xho
2025-08-03 07:58:26,253 - INFO - Processing yor
2025-08-03 07:58:29,080 - INFO - Processing zul
2025-08-03 07:58:32,299 - INFO - Top 5 languages most similar to Runyankore:
2025-08-03 07:58:32,299 - INFO - 1. lug - Mean Similarity: 0.5589
2025-08-03 07:58:32,299 - INFO - 2. kin - Mean Similarity: 0.5515
2025-08-03 07:58:32,299 - INFO - 3. luo - Mean Similarity: 0.5465
2025-08-03 07:58:32,299 - INFO - 4. swa - Mean Similarity: 0.5373
2025-08-03 07:58:32,299 - INFO - 5. twi - Mean Similarity: 0.5360
2025-08-03 07:58:32,299 - INFO - Experiment finished successfully.
