2025-08-02 22:21:29,404 - INFO - Experiment started with model_type=mbert, use_cls=False, use_context=False, context_window=3, use_hybrid=False, max_tokens_per_type=500, output_dir=rq2_train_scripts/Embeddings/MEXA_inspired_strategy/outputs/salt/mbert/config_0_clsfalse_ctxfalse_hybfalse/tokens_500_ctx3
2025-08-02 22:21:30,736 - INFO - Processing run
2025-08-02 22:21:48,790 - INFO - Processing bam
2025-08-02 22:22:06,437 - INFO - Processing bbj
2025-08-02 22:22:26,746 - INFO - Processing ewe
2025-08-02 22:22:46,444 - INFO - Processing fon
2025-08-02 22:23:06,577 - INFO - Processing hau
2025-08-02 22:23:26,670 - INFO - Processing ibo
2025-08-02 22:23:46,720 - INFO - Processing kin
2025-08-02 22:24:07,241 - INFO - Processing lug
2025-08-02 22:24:27,010 - INFO - Processing luo
2025-08-02 22:24:47,195 - INFO - Processing mos
2025-08-02 22:25:05,867 - INFO - Processing nya
2025-08-02 22:25:25,664 - INFO - Processing pcm
2025-08-02 22:25:45,194 - INFO - Processing sna
2025-08-02 22:26:05,328 - INFO - Processing swa
2025-08-02 22:26:25,390 - INFO - Processing tsn
2025-08-02 22:26:45,249 - INFO - Processing twi
2025-08-02 22:27:05,034 - INFO - Processing wol
2025-08-02 22:27:24,737 - INFO - Processing xho
2025-08-02 22:27:44,205 - INFO - Processing yor
2025-08-02 22:28:03,155 - INFO - Processing zul
2025-08-02 22:28:23,034 - INFO - Top 5 languages most similar to Runyankore:
2025-08-02 22:28:23,034 - INFO - 1. lug - Mean Similarity: 0.9574
2025-08-02 22:28:23,034 - INFO - 2. kin - Mean Similarity: 0.9468
2025-08-02 22:28:23,034 - INFO - 3. luo - Mean Similarity: 0.9451
2025-08-02 22:28:23,034 - INFO - 4. ibo - Mean Similarity: 0.9356
2025-08-02 22:28:23,034 - INFO - 5. twi - Mean Similarity: 0.9331
2025-08-02 22:28:23,034 - INFO - Experiment finished successfully.
