2025-08-27 07:57:20,872 - INFO - Start: model_type=mbert, use_cls=True, use_context=True, context_window=3, max_tokens_per_type=400, batch_size=64, output_dir=rq2_train_scripts/Embeddings/CLEAN/outputs/mptc/mbert/config_3_clstrue_ctxtrue/tokens_400_ctx3, save_prototypes=False, seed=42, fp16=True, max_length=96, langs=all, layers=all, span_mode=bio, pool=mean, entity_tags={'PER', 'LOC', 'ORG', 'DATE'}, title_suffix='L=all, tokens=400, ctx=3, cls=true, fp16=true'
2025-08-27 07:57:22,367 - INFO - Processing run
2025-08-27 07:57:22,789 - INFO - Processing bam
2025-08-27 07:57:22,846 - INFO - Processing bbj
2025-08-27 07:57:22,895 - INFO - Processing ewe
2025-08-27 07:57:22,939 - INFO - Processing fon
2025-08-27 07:57:22,999 - INFO - Processing hau
2025-08-27 07:57:23,068 - INFO - Processing ibo
2025-08-27 07:57:23,155 - INFO - Processing kin
2025-08-27 07:57:23,229 - INFO - Processing lug
2025-08-27 07:57:23,289 - INFO - Processing luo
2025-08-27 07:57:23,352 - INFO - Processing mos
2025-08-27 07:57:23,418 - INFO - Processing nya
2025-08-27 07:57:23,485 - INFO - Processing pcm
2025-08-27 07:57:23,541 - INFO - Processing sna
2025-08-27 07:57:23,607 - INFO - Processing swa
2025-08-27 07:57:23,672 - INFO - Processing tsn
2025-08-27 07:57:23,722 - INFO - Processing twi
2025-08-27 07:57:23,788 - INFO - Processing wol
2025-08-27 07:57:23,853 - INFO - Processing xho
2025-08-27 07:57:23,906 - INFO - Processing yor
2025-08-27 07:57:23,992 - INFO - Processing zul
2025-08-27 07:57:24,420 - INFO - === Layer 1 (mbert) — Top 5 (cosine) ===
2025-08-27 07:57:24,420 - INFO - 1. xho: cos=0.9997
2025-08-27 07:57:24,420 - INFO - 2. zul: cos=0.9996
2025-08-27 07:57:24,420 - INFO - 3. lug: cos=0.9996
2025-08-27 07:57:24,420 - INFO - 4. luo: cos=0.9996
2025-08-27 07:57:24,420 - INFO - 5. tsn: cos=0.9996
2025-08-27 07:57:24,420 - INFO - === Layer 1 (mbert) — Worst 5 (cosine) ===
2025-08-27 07:57:24,420 - INFO - 1. yor: cos=0.9985
2025-08-27 07:57:24,420 - INFO - 2. bbj: cos=0.9989
2025-08-27 07:57:24,420 - INFO - 3. pcm: cos=0.9990
2025-08-27 07:57:24,420 - INFO - 4. fon: cos=0.9990
2025-08-27 07:57:24,420 - INFO - 5. sna: cos=0.9993
2025-08-27 07:57:24,542 - INFO - === Layer 2 (mbert) — Top 5 (cosine) ===
2025-08-27 07:57:24,542 - INFO - 1. xho: cos=1.0000
2025-08-27 07:57:24,542 - INFO - 2. zul: cos=0.9999
2025-08-27 07:57:24,542 - INFO - 3. lug: cos=0.9999
2025-08-27 07:57:24,542 - INFO - 4. luo: cos=0.9999
2025-08-27 07:57:24,542 - INFO - 5. hau: cos=0.9999
2025-08-27 07:57:24,542 - INFO - === Layer 2 (mbert) — Worst 5 (cosine) ===
2025-08-27 07:57:24,542 - INFO - 1. yor: cos=0.9997
2025-08-27 07:57:24,542 - INFO - 2. fon: cos=0.9998
2025-08-27 07:57:24,542 - INFO - 3. bbj: cos=0.9998
2025-08-27 07:57:24,542 - INFO - 4. pcm: cos=0.9998
2025-08-27 07:57:24,542 - INFO - 5. sna: cos=0.9999
2025-08-27 07:57:24,664 - INFO - === Layer 3 (mbert) — Top 5 (cosine) ===
2025-08-27 07:57:24,664 - INFO - 1. xho: cos=1.0000
2025-08-27 07:57:24,664 - INFO - 2. lug: cos=1.0000
2025-08-27 07:57:24,664 - INFO - 3. zul: cos=1.0000
2025-08-27 07:57:24,664 - INFO - 4. hau: cos=1.0000
2025-08-27 07:57:24,664 - INFO - 5. nya: cos=1.0000
2025-08-27 07:57:24,664 - INFO - === Layer 3 (mbert) — Worst 5 (cosine) ===
2025-08-27 07:57:24,664 - INFO - 1. yor: cos=0.9999
2025-08-27 07:57:24,664 - INFO - 2. bbj: cos=0.9999
2025-08-27 07:57:24,664 - INFO - 3. pcm: cos=0.9999
2025-08-27 07:57:24,664 - INFO - 4. fon: cos=0.9999
2025-08-27 07:57:24,664 - INFO - 5. swa: cos=0.9999
2025-08-27 07:57:24,786 - INFO - === Layer 4 (mbert) — Top 5 (cosine) ===
2025-08-27 07:57:24,786 - INFO - 1. lug: cos=0.9999
2025-08-27 07:57:24,786 - INFO - 2. kin: cos=0.9999
2025-08-27 07:57:24,786 - INFO - 3. zul: cos=0.9999
2025-08-27 07:57:24,786 - INFO - 4. nya: cos=0.9999
2025-08-27 07:57:24,786 - INFO - 5. hau: cos=0.9999
2025-08-27 07:57:24,786 - INFO - === Layer 4 (mbert) — Worst 5 (cosine) ===
2025-08-27 07:57:24,786 - INFO - 1. yor: cos=0.9996
2025-08-27 07:57:24,786 - INFO - 2. pcm: cos=0.9996
2025-08-27 07:57:24,786 - INFO - 3. bbj: cos=0.9997
2025-08-27 07:57:24,786 - INFO - 4. fon: cos=0.9997
2025-08-27 07:57:24,786 - INFO - 5. ewe: cos=0.9998
2025-08-27 07:57:24,908 - INFO - === Layer 5 (mbert) — Top 5 (cosine) ===
2025-08-27 07:57:24,908 - INFO - 1. lug: cos=0.9907
2025-08-27 07:57:24,908 - INFO - 2. zul: cos=0.9899
2025-08-27 07:57:24,908 - INFO - 3. xho: cos=0.9894
2025-08-27 07:57:24,908 - INFO - 4. luo: cos=0.9892
2025-08-27 07:57:24,908 - INFO - 5. nya: cos=0.9885
2025-08-27 07:57:24,908 - INFO - === Layer 5 (mbert) — Worst 5 (cosine) ===
2025-08-27 07:57:24,908 - INFO - 1. bbj: cos=0.9629
2025-08-27 07:57:24,908 - INFO - 2. fon: cos=0.9682
2025-08-27 07:57:24,908 - INFO - 3. yor: cos=0.9718
2025-08-27 07:57:24,908 - INFO - 4. pcm: cos=0.9739
2025-08-27 07:57:24,908 - INFO - 5. mos: cos=0.9761
2025-08-27 07:57:25,094 - INFO - === Layer 6 (mbert) — Top 5 (cosine) ===
2025-08-27 07:57:25,094 - INFO - 1. lug: cos=0.9872
2025-08-27 07:57:25,094 - INFO - 2. xho: cos=0.9867
2025-08-27 07:57:25,094 - INFO - 3. zul: cos=0.9864
2025-08-27 07:57:25,094 - INFO - 4. luo: cos=0.9853
2025-08-27 07:57:25,094 - INFO - 5. tsn: cos=0.9824
2025-08-27 07:57:25,094 - INFO - === Layer 6 (mbert) — Worst 5 (cosine) ===
2025-08-27 07:57:25,094 - INFO - 1. bbj: cos=0.9519
2025-08-27 07:57:25,094 - INFO - 2. fon: cos=0.9547
2025-08-27 07:57:25,094 - INFO - 3. pcm: cos=0.9625
2025-08-27 07:57:25,094 - INFO - 4. bam: cos=0.9657
2025-08-27 07:57:25,094 - INFO - 5. sna: cos=0.9658
2025-08-27 07:57:25,215 - INFO - === Layer 7 (mbert) — Top 5 (cosine) ===
2025-08-27 07:57:25,215 - INFO - 1. xho: cos=0.9828
2025-08-27 07:57:25,215 - INFO - 2. hau: cos=0.9805
2025-08-27 07:57:25,215 - INFO - 3. tsn: cos=0.9796
2025-08-27 07:57:25,215 - INFO - 4. ibo: cos=0.9796
2025-08-27 07:57:25,215 - INFO - 5. luo: cos=0.9795
2025-08-27 07:57:25,215 - INFO - === Layer 7 (mbert) — Worst 5 (cosine) ===
2025-08-27 07:57:25,215 - INFO - 1. pcm: cos=0.9507
2025-08-27 07:57:25,215 - INFO - 2. swa: cos=0.9507
2025-08-27 07:57:25,215 - INFO - 3. fon: cos=0.9563
2025-08-27 07:57:25,215 - INFO - 4. bbj: cos=0.9595
2025-08-27 07:57:25,215 - INFO - 5. bam: cos=0.9602
2025-08-27 07:57:25,336 - INFO - === Layer 8 (mbert) — Top 5 (cosine) ===
2025-08-27 07:57:25,336 - INFO - 1. hau: cos=0.9510
2025-08-27 07:57:25,336 - INFO - 2. luo: cos=0.9488
2025-08-27 07:57:25,336 - INFO - 3. ibo: cos=0.9478
2025-08-27 07:57:25,336 - INFO - 4. tsn: cos=0.9459
2025-08-27 07:57:25,336 - INFO - 5. nya: cos=0.9435
2025-08-27 07:57:25,336 - INFO - === Layer 8 (mbert) — Worst 5 (cosine) ===
2025-08-27 07:57:25,336 - INFO - 1. pcm: cos=0.8993
2025-08-27 07:57:25,336 - INFO - 2. swa: cos=0.9043
2025-08-27 07:57:25,336 - INFO - 3. bbj: cos=0.9155
2025-08-27 07:57:25,336 - INFO - 4. fon: cos=0.9219
2025-08-27 07:57:25,336 - INFO - 5. ewe: cos=0.9241
2025-08-27 07:57:25,455 - INFO - === Layer 9 (mbert) — Top 5 (cosine) ===
2025-08-27 07:57:25,455 - INFO - 1. hau: cos=0.9812
2025-08-27 07:57:25,455 - INFO - 2. wol: cos=0.9803
2025-08-27 07:57:25,455 - INFO - 3. nya: cos=0.9801
2025-08-27 07:57:25,455 - INFO - 4. xho: cos=0.9784
2025-08-27 07:57:25,455 - INFO - 5. kin: cos=0.9769
2025-08-27 07:57:25,455 - INFO - === Layer 9 (mbert) — Worst 5 (cosine) ===
2025-08-27 07:57:25,455 - INFO - 1. swa: cos=0.9359
2025-08-27 07:57:25,455 - INFO - 2. pcm: cos=0.9364
2025-08-27 07:57:25,455 - INFO - 3. bbj: cos=0.9564
2025-08-27 07:57:25,455 - INFO - 4. ewe: cos=0.9607
2025-08-27 07:57:25,455 - INFO - 5. yor: cos=0.9625
2025-08-27 07:57:25,576 - INFO - === Layer 10 (mbert) — Top 5 (cosine) ===
2025-08-27 07:57:25,576 - INFO - 1. nya: cos=0.9827
2025-08-27 07:57:25,576 - INFO - 2. xho: cos=0.9805
2025-08-27 07:57:25,576 - INFO - 3. hau: cos=0.9804
2025-08-27 07:57:25,576 - INFO - 4. kin: cos=0.9796
2025-08-27 07:57:25,576 - INFO - 5. wol: cos=0.9792
2025-08-27 07:57:25,576 - INFO - === Layer 10 (mbert) — Worst 5 (cosine) ===
2025-08-27 07:57:25,576 - INFO - 1. pcm: cos=0.9424
2025-08-27 07:57:25,576 - INFO - 2. swa: cos=0.9469
2025-08-27 07:57:25,576 - INFO - 3. bbj: cos=0.9597
2025-08-27 07:57:25,576 - INFO - 4. yor: cos=0.9609
2025-08-27 07:57:25,576 - INFO - 5. ewe: cos=0.9653
2025-08-27 07:57:25,707 - INFO - === Layer 11 (mbert) — Top 5 (cosine) ===
2025-08-27 07:57:25,707 - INFO - 1. nya: cos=0.9876
2025-08-27 07:57:25,707 - INFO - 2. kin: cos=0.9860
2025-08-27 07:57:25,707 - INFO - 3. xho: cos=0.9855
2025-08-27 07:57:25,707 - INFO - 4. lug: cos=0.9855
2025-08-27 07:57:25,707 - INFO - 5. zul: cos=0.9845
2025-08-27 07:57:25,707 - INFO - === Layer 11 (mbert) — Worst 5 (cosine) ===
2025-08-27 07:57:25,707 - INFO - 1. pcm: cos=0.9511
2025-08-27 07:57:25,707 - INFO - 2. yor: cos=0.9582
2025-08-27 07:57:25,707 - INFO - 3. swa: cos=0.9623
2025-08-27 07:57:25,707 - INFO - 4. bbj: cos=0.9633
2025-08-27 07:57:25,707 - INFO - 5. ewe: cos=0.9724
2025-08-27 07:57:25,837 - INFO - === Layer 12 (mbert) — Top 5 (cosine) ===
2025-08-27 07:57:25,837 - INFO - 1. nya: cos=0.9830
2025-08-27 07:57:25,837 - INFO - 2. lug: cos=0.9801
2025-08-27 07:57:25,837 - INFO - 3. kin: cos=0.9800
2025-08-27 07:57:25,837 - INFO - 4. sna: cos=0.9794
2025-08-27 07:57:25,837 - INFO - 5. xho: cos=0.9786
2025-08-27 07:57:25,837 - INFO - === Layer 12 (mbert) — Worst 5 (cosine) ===
2025-08-27 07:57:25,837 - INFO - 1. bbj: cos=0.9086
2025-08-27 07:57:25,837 - INFO - 2. pcm: cos=0.9270
2025-08-27 07:57:25,837 - INFO - 3. fon: cos=0.9426
2025-08-27 07:57:25,837 - INFO - 4. yor: cos=0.9455
2025-08-27 07:57:25,837 - INFO - 5. bam: cos=0.9522
2025-08-27 07:57:25,838 - INFO - Experiment finished successfully.
