2025-08-03 08:52:05,088 - INFO - Experiment started with model_type=mbert, use_cls=True, use_context=True, context_window=0, use_hybrid=True, max_tokens_per_type=500, output_dir=rq2_train_scripts/Embeddings/MEXA_inspired_strategy/outputs/mptc/mbert/config_7_clstrue_ctxtrue_hybtrue/tokens_500_ctx0
2025-08-03 08:52:06,589 - INFO - Processing run
2025-08-03 08:52:08,260 - INFO - Processing bam
2025-08-03 08:52:11,333 - INFO - Processing bbj
2025-08-03 08:52:14,770 - INFO - Processing ewe
2025-08-03 08:52:18,194 - INFO - Processing fon
2025-08-03 08:52:21,681 - INFO - Processing hau
2025-08-03 08:52:25,162 - INFO - Processing ibo
2025-08-03 08:52:28,660 - INFO - Processing kin
2025-08-03 08:52:32,136 - INFO - Processing lug
2025-08-03 08:52:35,579 - INFO - Processing luo
2025-08-03 08:52:39,040 - INFO - Processing mos
2025-08-03 08:52:42,502 - INFO - Processing nya
2025-08-03 08:52:45,979 - INFO - Processing pcm
2025-08-03 08:52:49,486 - INFO - Processing sna
2025-08-03 08:52:52,993 - INFO - Processing swa
2025-08-03 08:52:56,453 - INFO - Processing tsn
2025-08-03 08:52:59,888 - INFO - Processing twi
2025-08-03 08:53:03,368 - INFO - Processing wol
2025-08-03 08:53:06,847 - INFO - Processing xho
2025-08-03 08:53:10,346 - INFO - Processing yor
2025-08-03 08:53:13,884 - INFO - Processing zul
2025-08-03 08:53:17,742 - INFO - Top 5 languages most similar to Runyankore:
2025-08-03 08:53:17,742 - INFO - 1. lug - Mean Similarity: 0.6264
2025-08-03 08:53:17,742 - INFO - 2. luo - Mean Similarity: 0.6104
2025-08-03 08:53:17,742 - INFO - 3. swa - Mean Similarity: 0.6095
2025-08-03 08:53:17,742 - INFO - 4. kin - Mean Similarity: 0.6071
2025-08-03 08:53:17,742 - INFO - 5. twi - Mean Similarity: 0.6070
2025-08-03 08:53:17,742 - INFO - Experiment finished successfully.
