2025-08-27 17:58:59,841 - INFO - Start: model_type=xlmr, use_cls=True, use_context=True, context_window=2, max_tokens_per_type=200, batch_size=64, output_dir=rq2_train_scripts/Embeddings/CLEAN/outputs/mptc/xlmr/config_3_clstrue_ctxtrue/tokens_200_ctx2/core, save_prototypes=False, seed=42, fp16=True, max_length=96, langs=all, layers=all, span_mode=bio, pool=mean, entity_tags={'LOC', 'DATE', 'ORG', 'PER'}, title_suffix='L=all, tokens=200, ctx=2, cls=true, fp16=true'
2025-08-27 17:59:01,953 - INFO - Processing run
2025-08-27 17:59:02,339 - INFO - Processing bam
2025-08-27 17:59:02,385 - INFO - Processing bbj
2025-08-27 17:59:02,417 - INFO - Processing ewe
2025-08-27 17:59:02,453 - INFO - Processing fon
2025-08-27 17:59:02,506 - INFO - Processing hau
2025-08-27 17:59:02,564 - INFO - Processing ibo
2025-08-27 17:59:02,640 - INFO - Processing kin
2025-08-27 17:59:02,701 - INFO - Processing lug
2025-08-27 17:59:02,755 - INFO - Processing luo
2025-08-27 17:59:02,810 - INFO - Processing mos
2025-08-27 17:59:02,861 - INFO - Processing nya
2025-08-27 17:59:02,919 - INFO - Processing pcm
2025-08-27 17:59:02,970 - INFO - Processing sna
2025-08-27 17:59:03,021 - INFO - Processing swa
2025-08-27 17:59:03,089 - INFO - Processing tsn
2025-08-27 17:59:03,151 - INFO - Processing twi
2025-08-27 17:59:03,227 - INFO - Processing wol
2025-08-27 17:59:03,304 - INFO - Processing xho
2025-08-27 17:59:03,374 - INFO - Processing yor
2025-08-27 17:59:03,468 - INFO - Processing zul
2025-08-27 17:59:03,980 - INFO - === Layer 1 (xlmr) — Top 5 (cosine) ===
2025-08-27 17:59:03,980 - INFO - 1. sna: cos=1.0000
2025-08-27 17:59:03,980 - INFO - 2. lug: cos=1.0000
2025-08-27 17:59:03,980 - INFO - 3. nya: cos=1.0000
2025-08-27 17:59:03,981 - INFO - 4. kin: cos=0.9999
2025-08-27 17:59:03,981 - INFO - 5. xho: cos=0.9999
2025-08-27 17:59:03,981 - INFO - === Layer 1 (xlmr) — Worst 5 (cosine) ===
2025-08-27 17:59:03,981 - INFO - 1. bam: cos=0.9996
2025-08-27 17:59:03,981 - INFO - 2. fon: cos=0.9996
2025-08-27 17:59:03,981 - INFO - 3. ibo: cos=0.9998
2025-08-27 17:59:03,981 - INFO - 4. yor: cos=0.9998
2025-08-27 17:59:03,981 - INFO - 5. ewe: cos=0.9998
2025-08-27 17:59:04,109 - INFO - === Layer 2 (xlmr) — Top 5 (cosine) ===
2025-08-27 17:59:04,109 - INFO - 1. kin: cos=1.0000
2025-08-27 17:59:04,109 - INFO - 2. nya: cos=1.0000
2025-08-27 17:59:04,109 - INFO - 3. lug: cos=1.0000
2025-08-27 17:59:04,109 - INFO - 4. sna: cos=1.0000
2025-08-27 17:59:04,109 - INFO - 5. tsn: cos=1.0000
2025-08-27 17:59:04,109 - INFO - === Layer 2 (xlmr) — Worst 5 (cosine) ===
2025-08-27 17:59:04,109 - INFO - 1. bam: cos=1.0000
2025-08-27 17:59:04,109 - INFO - 2. fon: cos=1.0000
2025-08-27 17:59:04,109 - INFO - 3. yor: cos=1.0000
2025-08-27 17:59:04,110 - INFO - 4. mos: cos=1.0000
2025-08-27 17:59:04,110 - INFO - 5. ibo: cos=1.0000
2025-08-27 17:59:04,238 - INFO - === Layer 3 (xlmr) — Top 5 (cosine) ===
2025-08-27 17:59:04,238 - INFO - 1. sna: cos=1.0000
2025-08-27 17:59:04,238 - INFO - 2. lug: cos=1.0000
2025-08-27 17:59:04,238 - INFO - 3. xho: cos=1.0000
2025-08-27 17:59:04,238 - INFO - 4. kin: cos=1.0000
2025-08-27 17:59:04,238 - INFO - 5. zul: cos=1.0000
2025-08-27 17:59:04,238 - INFO - === Layer 3 (xlmr) — Worst 5 (cosine) ===
2025-08-27 17:59:04,238 - INFO - 1. pcm: cos=1.0000
2025-08-27 17:59:04,238 - INFO - 2. swa: cos=1.0000
2025-08-27 17:59:04,238 - INFO - 3. fon: cos=1.0000
2025-08-27 17:59:04,238 - INFO - 4. ewe: cos=1.0000
2025-08-27 17:59:04,238 - INFO - 5. bam: cos=1.0000
2025-08-27 17:59:04,364 - INFO - === Layer 4 (xlmr) — Top 5 (cosine) ===
2025-08-27 17:59:04,364 - INFO - 1. lug: cos=1.0000
2025-08-27 17:59:04,364 - INFO - 2. xho: cos=1.0000
2025-08-27 17:59:04,364 - INFO - 3. zul: cos=1.0000
2025-08-27 17:59:04,364 - INFO - 4. ibo: cos=1.0000
2025-08-27 17:59:04,364 - INFO - 5. tsn: cos=1.0000
2025-08-27 17:59:04,364 - INFO - === Layer 4 (xlmr) — Worst 5 (cosine) ===
2025-08-27 17:59:04,364 - INFO - 1. pcm: cos=1.0000
2025-08-27 17:59:04,364 - INFO - 2. swa: cos=1.0000
2025-08-27 17:59:04,364 - INFO - 3. kin: cos=1.0000
2025-08-27 17:59:04,364 - INFO - 4. twi: cos=1.0000
2025-08-27 17:59:04,364 - INFO - 5. hau: cos=1.0000
2025-08-27 17:59:04,492 - INFO - === Layer 5 (xlmr) — Top 5 (cosine) ===
2025-08-27 17:59:04,492 - INFO - 1. sna: cos=1.0000
2025-08-27 17:59:04,492 - INFO - 2. xho: cos=1.0000
2025-08-27 17:59:04,492 - INFO - 3. lug: cos=1.0000
2025-08-27 17:59:04,492 - INFO - 4. kin: cos=1.0000
2025-08-27 17:59:04,492 - INFO - 5. hau: cos=1.0000
2025-08-27 17:59:04,492 - INFO - === Layer 5 (xlmr) — Worst 5 (cosine) ===
2025-08-27 17:59:04,492 - INFO - 1. bam: cos=1.0000
2025-08-27 17:59:04,492 - INFO - 2. fon: cos=1.0000
2025-08-27 17:59:04,492 - INFO - 3. pcm: cos=1.0000
2025-08-27 17:59:04,492 - INFO - 4. swa: cos=1.0000
2025-08-27 17:59:04,492 - INFO - 5. ibo: cos=1.0000
2025-08-27 17:59:04,620 - INFO - === Layer 6 (xlmr) — Top 5 (cosine) ===
2025-08-27 17:59:04,620 - INFO - 1. sna: cos=1.0000
2025-08-27 17:59:04,620 - INFO - 2. xho: cos=1.0000
2025-08-27 17:59:04,620 - INFO - 3. lug: cos=1.0000
2025-08-27 17:59:04,620 - INFO - 4. hau: cos=1.0000
2025-08-27 17:59:04,620 - INFO - 5. tsn: cos=1.0000
2025-08-27 17:59:04,620 - INFO - === Layer 6 (xlmr) — Worst 5 (cosine) ===
2025-08-27 17:59:04,620 - INFO - 1. bam: cos=1.0000
2025-08-27 17:59:04,620 - INFO - 2. pcm: cos=1.0000
2025-08-27 17:59:04,620 - INFO - 3. fon: cos=1.0000
2025-08-27 17:59:04,620 - INFO - 4. swa: cos=1.0000
2025-08-27 17:59:04,620 - INFO - 5. ewe: cos=1.0000
2025-08-27 17:59:04,748 - INFO - === Layer 7 (xlmr) — Top 5 (cosine) ===
2025-08-27 17:59:04,748 - INFO - 1. sna: cos=1.0000
2025-08-27 17:59:04,748 - INFO - 2. lug: cos=1.0000
2025-08-27 17:59:04,748 - INFO - 3. wol: cos=1.0000
2025-08-27 17:59:04,748 - INFO - 4. nya: cos=1.0000
2025-08-27 17:59:04,748 - INFO - 5. ibo: cos=1.0000
2025-08-27 17:59:04,748 - INFO - === Layer 7 (xlmr) — Worst 5 (cosine) ===
2025-08-27 17:59:04,748 - INFO - 1. luo: cos=1.0000
2025-08-27 17:59:04,748 - INFO - 2. zul: cos=1.0000
2025-08-27 17:59:04,748 - INFO - 3. bbj: cos=1.0000
2025-08-27 17:59:04,748 - INFO - 4. yor: cos=1.0000
2025-08-27 17:59:04,748 - INFO - 5. bam: cos=1.0000
2025-08-27 17:59:04,931 - INFO - === Layer 8 (xlmr) — Top 5 (cosine) ===
2025-08-27 17:59:04,931 - INFO - 1. sna: cos=1.0000
2025-08-27 17:59:04,931 - INFO - 2. tsn: cos=1.0000
2025-08-27 17:59:04,931 - INFO - 3. nya: cos=1.0000
2025-08-27 17:59:04,931 - INFO - 4. xho: cos=1.0000
2025-08-27 17:59:04,931 - INFO - 5. kin: cos=1.0000
2025-08-27 17:59:04,931 - INFO - === Layer 8 (xlmr) — Worst 5 (cosine) ===
2025-08-27 17:59:04,932 - INFO - 1. mos: cos=1.0000
2025-08-27 17:59:04,932 - INFO - 2. yor: cos=1.0000
2025-08-27 17:59:04,932 - INFO - 3. bbj: cos=1.0000
2025-08-27 17:59:04,932 - INFO - 4. twi: cos=1.0000
2025-08-27 17:59:04,932 - INFO - 5. pcm: cos=1.0000
2025-08-27 17:59:05,055 - INFO - === Layer 9 (xlmr) — Top 5 (cosine) ===
2025-08-27 17:59:05,055 - INFO - 1. sna: cos=1.0000
2025-08-27 17:59:05,055 - INFO - 2. zul: cos=1.0000
2025-08-27 17:59:05,055 - INFO - 3. nya: cos=1.0000
2025-08-27 17:59:05,055 - INFO - 4. xho: cos=1.0000
2025-08-27 17:59:05,055 - INFO - 5. tsn: cos=1.0000
2025-08-27 17:59:05,055 - INFO - === Layer 9 (xlmr) — Worst 5 (cosine) ===
2025-08-27 17:59:05,055 - INFO - 1. luo: cos=1.0000
2025-08-27 17:59:05,055 - INFO - 2. ewe: cos=1.0000
2025-08-27 17:59:05,055 - INFO - 3. pcm: cos=1.0000
2025-08-27 17:59:05,055 - INFO - 4. mos: cos=1.0000
2025-08-27 17:59:05,055 - INFO - 5. twi: cos=1.0000
2025-08-27 17:59:05,182 - INFO - === Layer 10 (xlmr) — Top 5 (cosine) ===
2025-08-27 17:59:05,182 - INFO - 1. hau: cos=1.0000
2025-08-27 17:59:05,182 - INFO - 2. xho: cos=1.0000
2025-08-27 17:59:05,182 - INFO - 3. yor: cos=1.0000
2025-08-27 17:59:05,182 - INFO - 4. mos: cos=1.0000
2025-08-27 17:59:05,182 - INFO - 5. ibo: cos=1.0000
2025-08-27 17:59:05,182 - INFO - === Layer 10 (xlmr) — Worst 5 (cosine) ===
2025-08-27 17:59:05,182 - INFO - 1. pcm: cos=1.0000
2025-08-27 17:59:05,182 - INFO - 2. kin: cos=1.0000
2025-08-27 17:59:05,182 - INFO - 3. bam: cos=1.0000
2025-08-27 17:59:05,182 - INFO - 4. tsn: cos=1.0000
2025-08-27 17:59:05,182 - INFO - 5. swa: cos=1.0000
2025-08-27 17:59:05,338 - INFO - === Layer 11 (xlmr) — Top 5 (cosine) ===
2025-08-27 17:59:05,338 - INFO - 1. sna: cos=1.0000
2025-08-27 17:59:05,338 - INFO - 2. pcm: cos=1.0000
2025-08-27 17:59:05,338 - INFO - 3. xho: cos=1.0000
2025-08-27 17:59:05,338 - INFO - 4. twi: cos=1.0000
2025-08-27 17:59:05,338 - INFO - 5. fon: cos=1.0000
2025-08-27 17:59:05,338 - INFO - === Layer 11 (xlmr) — Worst 5 (cosine) ===
2025-08-27 17:59:05,338 - INFO - 1. luo: cos=0.9999
2025-08-27 17:59:05,338 - INFO - 2. nya: cos=0.9999
2025-08-27 17:59:05,338 - INFO - 3. swa: cos=0.9999
2025-08-27 17:59:05,338 - INFO - 4. ibo: cos=0.9999
2025-08-27 17:59:05,338 - INFO - 5. mos: cos=0.9999
2025-08-27 17:59:05,459 - INFO - === Layer 12 (xlmr) — Top 5 (cosine) ===
2025-08-27 17:59:05,459 - INFO - 1. sna: cos=0.9994
2025-08-27 17:59:05,459 - INFO - 2. tsn: cos=0.9994
2025-08-27 17:59:05,459 - INFO - 3. ibo: cos=0.9993
2025-08-27 17:59:05,459 - INFO - 4. zul: cos=0.9992
2025-08-27 17:59:05,459 - INFO - 5. hau: cos=0.9990
2025-08-27 17:59:05,459 - INFO - === Layer 12 (xlmr) — Worst 5 (cosine) ===
2025-08-27 17:59:05,459 - INFO - 1. bam: cos=0.9807
2025-08-27 17:59:05,459 - INFO - 2. fon: cos=0.9867
2025-08-27 17:59:05,459 - INFO - 3. ewe: cos=0.9927
2025-08-27 17:59:05,459 - INFO - 4. bbj: cos=0.9959
2025-08-27 17:59:05,459 - INFO - 5. xho: cos=0.9967
2025-08-27 17:59:05,460 - INFO - Experiment finished successfully.
