2025-08-24 11:53:12,678 - INFO - Start: model_type=mbert, run_both=False, use_cls=False, use_context=True, context_window=1, max_tokens_per_type=200, batch_size=32, seed=1, num_middle_layers=3, output_dir=rq2_train_scripts/Embeddings/EXTENDED/outputs/combined_extended/mbert/config_6_clsfalse_ctxtrue_hybtrue/tokens_200_ctx1
2025-08-24 11:53:13,201 - INFO - mbert: selected layer indices (hidden_states) = [2, 3, 10, 12]
2025-08-24 11:53:14,109 - INFO - Processing run
2025-08-24 11:53:14,788 - INFO - Processing bam
2025-08-24 11:53:15,003 - INFO - Processing bbj
2025-08-24 11:53:15,274 - INFO - Processing ewe
2025-08-24 11:53:15,542 - INFO - Processing fon
2025-08-24 11:53:15,634 - INFO - Processing hau
2025-08-24 11:53:15,721 - INFO - Processing ibo
2025-08-24 11:53:15,840 - INFO - Processing kin
2025-08-24 11:53:15,931 - INFO - Processing lug
2025-08-24 11:53:16,007 - INFO - Processing luo
2025-08-24 11:53:16,100 - INFO - Processing mos
2025-08-24 11:53:16,185 - INFO - Processing nya
2025-08-24 11:53:16,285 - INFO - Processing pcm
2025-08-24 11:53:16,375 - INFO - Processing sna
2025-08-24 11:53:16,473 - INFO - Processing swa
2025-08-24 11:53:16,575 - INFO - Processing tsn
2025-08-24 11:53:16,673 - INFO - Processing twi
2025-08-24 11:53:16,757 - INFO - Processing wol
2025-08-24 11:53:16,842 - INFO - Processing xho
2025-08-24 11:53:16,926 - INFO - Processing yor
2025-08-24 11:53:17,040 - INFO - Processing zul
2025-08-24 11:53:17,364 - INFO - Layer 2 (mbert) — Top 5
2025-08-24 11:53:17,364 - INFO - 1. lug: r=0.8958
2025-08-24 11:53:17,364 - INFO - 2. luo: r=0.8875
2025-08-24 11:53:17,364 - INFO - 3. twi: r=0.8836
2025-08-24 11:53:17,364 - INFO - 4. kin: r=0.8783
2025-08-24 11:53:17,364 - INFO - 5. nya: r=0.8749
2025-08-24 11:53:17,364 - INFO - Layer 2 (mbert) — Worst 5
2025-08-24 11:53:17,364 - INFO - 1. bbj: r=0.7013
2025-08-24 11:53:17,364 - INFO - 2. yor: r=0.7222
2025-08-24 11:53:17,364 - INFO - 3. fon: r=0.7755
2025-08-24 11:53:17,364 - INFO - 4. pcm: r=0.7861
2025-08-24 11:53:17,364 - INFO - 5. ewe: r=0.8000
2025-08-24 11:53:17,475 - INFO - Layer 3 (mbert) — Top 5
2025-08-24 11:53:17,475 - INFO - 1. lug: r=0.9333
2025-08-24 11:53:17,475 - INFO - 2. luo: r=0.9290
2025-08-24 11:53:17,475 - INFO - 3. kin: r=0.9283
2025-08-24 11:53:17,475 - INFO - 4. twi: r=0.9279
2025-08-24 11:53:17,475 - INFO - 5. nya: r=0.9247
2025-08-24 11:53:17,475 - INFO - Layer 3 (mbert) — Worst 5
2025-08-24 11:53:17,475 - INFO - 1. bbj: r=0.8105
2025-08-24 11:53:17,475 - INFO - 2. yor: r=0.8310
2025-08-24 11:53:17,475 - INFO - 3. pcm: r=0.8593
2025-08-24 11:53:17,475 - INFO - 4. fon: r=0.8630
2025-08-24 11:53:17,475 - INFO - 5. ewe: r=0.8667
2025-08-24 11:53:17,588 - INFO - Layer 10 (mbert) — Top 5
2025-08-24 11:53:17,589 - INFO - 1. lug: r=0.9801
2025-08-24 11:53:17,589 - INFO - 2. kin: r=0.9784
2025-08-24 11:53:17,589 - INFO - 3. nya: r=0.9768
2025-08-24 11:53:17,589 - INFO - 4. twi: r=0.9767
2025-08-24 11:53:17,589 - INFO - 5. luo: r=0.9743
2025-08-24 11:53:17,589 - INFO - Layer 10 (mbert) — Worst 5
2025-08-24 11:53:17,589 - INFO - 1. bbj: r=0.9327
2025-08-24 11:53:17,589 - INFO - 2. yor: r=0.9430
2025-08-24 11:53:17,589 - INFO - 3. pcm: r=0.9446
2025-08-24 11:53:17,589 - INFO - 4. fon: r=0.9473
2025-08-24 11:53:17,589 - INFO - 5. ewe: r=0.9496
2025-08-24 11:53:17,701 - INFO - Layer 12 (mbert) — Top 5
2025-08-24 11:53:17,701 - INFO - 1. lug: r=0.9038
2025-08-24 11:53:17,701 - INFO - 2. nya: r=0.8841
2025-08-24 11:53:17,701 - INFO - 3. kin: r=0.8803
2025-08-24 11:53:17,701 - INFO - 4. twi: r=0.8663
2025-08-24 11:53:17,701 - INFO - 5. sna: r=0.8610
2025-08-24 11:53:17,701 - INFO - Layer 12 (mbert) — Worst 5
2025-08-24 11:53:17,701 - INFO - 1. yor: r=0.7185
2025-08-24 11:53:17,701 - INFO - 2. bbj: r=0.7246
2025-08-24 11:53:17,701 - INFO - 3. pcm: r=0.7422
2025-08-24 11:53:17,701 - INFO - 4. ewe: r=0.7674
2025-08-24 11:53:17,701 - INFO - 5. fon: r=0.7685
2025-08-24 11:53:17,702 - INFO - Experiment finished successfully.
