2025-08-02 14:23:23,498 - INFO - Experiment started with model_type=xlmr, use_cls=False, use_context=False, context_window=3, use_hybrid=False, max_tokens_per_type=300, output_dir=rq2_train_scripts/Embeddings/MEXA_inspired_strategy/outputs/salt/xlmr/config_0_clsfalse_ctxfalse_hybfalse/tokens_300_ctx3
2025-08-02 14:23:25,332 - INFO - Processing run
2025-08-02 14:23:34,345 - INFO - Processing bam
2025-08-02 14:23:42,943 - INFO - Processing bbj
2025-08-02 14:23:51,453 - INFO - Processing ewe
2025-08-02 14:23:59,395 - INFO - Processing fon
2025-08-02 14:24:07,776 - INFO - Processing hau
2025-08-02 14:24:16,262 - INFO - Processing ibo
2025-08-02 14:24:24,525 - INFO - Processing kin
2025-08-02 14:24:32,514 - INFO - Processing lug
2025-08-02 14:24:40,704 - INFO - Processing luo
2025-08-02 14:24:48,802 - INFO - Processing mos
2025-08-02 14:24:57,338 - INFO - Processing nya
2025-08-02 14:25:05,391 - INFO - Processing pcm
2025-08-02 14:25:13,950 - INFO - Processing sna
2025-08-02 14:25:22,903 - INFO - Processing swa
2025-08-02 14:25:30,847 - INFO - Processing tsn
2025-08-02 14:25:39,196 - INFO - Processing twi
2025-08-02 14:25:47,260 - INFO - Processing wol
2025-08-02 14:25:55,338 - INFO - Processing xho
2025-08-02 14:26:04,174 - INFO - Processing yor
2025-08-02 14:26:12,217 - INFO - Processing zul
2025-08-02 14:26:21,414 - INFO - Top 5 languages most similar to Runyankore:
2025-08-02 14:26:21,414 - INFO - 1. lug - Mean Similarity: 0.9995
2025-08-02 14:26:21,414 - INFO - 2. kin - Mean Similarity: 0.9994
2025-08-02 14:26:21,414 - INFO - 3. luo - Mean Similarity: 0.9994
2025-08-02 14:26:21,414 - INFO - 4. twi - Mean Similarity: 0.9994
2025-08-02 14:26:21,414 - INFO - 5. ibo - Mean Similarity: 0.9993
2025-08-02 14:26:21,414 - INFO - Experiment finished successfully.
