2025-08-03 06:23:54,389 - INFO - Experiment started with model_type=xlmr, use_cls=True, use_context=False, context_window=1, use_hybrid=True, max_tokens_per_type=400, output_dir=rq2_train_scripts/Embeddings/MEXA_inspired_strategy/outputs/mptc/xlmr/config_5_clstrue_ctxfalse_hybtrue/tokens_400_ctx1
2025-08-03 06:23:55,889 - INFO - Processing run
2025-08-03 06:23:57,910 - INFO - Processing bam
2025-08-03 06:24:01,046 - INFO - Processing bbj
2025-08-03 06:24:04,418 - INFO - Processing ewe
2025-08-03 06:24:07,752 - INFO - Processing fon
2025-08-03 06:24:11,115 - INFO - Processing hau
2025-08-03 06:24:14,472 - INFO - Processing ibo
2025-08-03 06:24:17,872 - INFO - Processing kin
2025-08-03 06:24:21,260 - INFO - Processing lug
2025-08-03 06:24:24,605 - INFO - Processing luo
2025-08-03 06:24:27,954 - INFO - Processing mos
2025-08-03 06:24:31,316 - INFO - Processing nya
2025-08-03 06:24:34,704 - INFO - Processing pcm
2025-08-03 06:24:38,029 - INFO - Processing sna
2025-08-03 06:24:41,392 - INFO - Processing swa
2025-08-03 06:24:44,706 - INFO - Processing tsn
2025-08-03 06:24:48,019 - INFO - Processing twi
2025-08-03 06:24:51,356 - INFO - Processing wol
2025-08-03 06:24:54,709 - INFO - Processing xho
2025-08-03 06:24:58,057 - INFO - Processing yor
2025-08-03 06:25:01,465 - INFO - Processing zul
2025-08-03 06:25:05,282 - INFO - Top 5 languages most similar to Runyankore:
2025-08-03 06:25:05,282 - INFO - 1. lug - Mean Similarity: 0.9245
2025-08-03 06:25:05,282 - INFO - 2. luo - Mean Similarity: 0.9080
2025-08-03 06:25:05,282 - INFO - 3. kin - Mean Similarity: 0.9022
2025-08-03 06:25:05,282 - INFO - 4. twi - Mean Similarity: 0.9020
2025-08-03 06:25:05,282 - INFO - 5. nya - Mean Similarity: 0.8993
2025-08-03 06:25:05,282 - INFO - Experiment finished successfully.
