2025-08-02 20:45:52,751 - INFO - Experiment started with model_type=xlmr, use_cls=True, use_context=True, context_window=2, use_hybrid=True, max_tokens_per_type=400, output_dir=rq2_train_scripts/Embeddings/MEXA_inspired_strategy/outputs/salt/xlmr/config_7_clstrue_ctxtrue_hybtrue/tokens_400_ctx2
2025-08-02 20:45:54,645 - INFO - Processing run
2025-08-02 20:46:06,467 - INFO - Processing bam
2025-08-02 20:46:16,950 - INFO - Processing bbj
2025-08-02 20:46:28,038 - INFO - Processing ewe
2025-08-02 20:46:39,458 - INFO - Processing fon
2025-08-02 20:46:50,725 - INFO - Processing hau
2025-08-02 20:47:01,790 - INFO - Processing ibo
2025-08-02 20:47:13,269 - INFO - Processing kin
2025-08-02 20:47:24,707 - INFO - Processing lug
2025-08-02 20:47:36,024 - INFO - Processing luo
2025-08-02 20:47:47,880 - INFO - Processing mos
2025-08-02 20:47:59,040 - INFO - Processing nya
2025-08-02 20:48:10,782 - INFO - Processing pcm
2025-08-02 20:48:21,721 - INFO - Processing sna
2025-08-02 20:48:32,993 - INFO - Processing swa
2025-08-02 20:48:44,853 - INFO - Processing tsn
2025-08-02 20:48:55,762 - INFO - Processing twi
2025-08-02 20:49:07,004 - INFO - Processing wol
2025-08-02 20:49:18,082 - INFO - Processing xho
2025-08-02 20:49:29,671 - INFO - Processing yor
2025-08-02 20:49:40,644 - INFO - Processing zul
2025-08-02 20:49:52,329 - INFO - Top 5 languages most similar to Runyankore:
2025-08-02 20:49:52,329 - INFO - 1. lug - Mean Similarity: 0.8137
2025-08-02 20:49:52,329 - INFO - 2. kin - Mean Similarity: 0.8002
2025-08-02 20:49:52,329 - INFO - 3. wol - Mean Similarity: 0.7939
2025-08-02 20:49:52,329 - INFO - 4. tsn - Mean Similarity: 0.7888
2025-08-02 20:49:52,329 - INFO - 5. hau - Mean Similarity: 0.7862
2025-08-02 20:49:52,329 - INFO - Experiment finished successfully.
