2025-08-27 17:30:52,935 - INFO - Start: model_type=xlmr, use_cls=False, use_context=False, context_window=1, max_tokens_per_type=300, batch_size=64, output_dir=rq2_train_scripts/Embeddings/CLEAN/outputs/mptc/xlmr/config_0_clsfalse_ctxfalse/tokens_300_ctx1/core, save_prototypes=False, seed=42, fp16=True, max_length=96, langs=all, layers=all, span_mode=bio, pool=mean, entity_tags={'ORG', 'DATE', 'PER', 'LOC'}, title_suffix='L=all, tokens=300, ctx=1, cls=false, fp16=true'
2025-08-27 17:30:55,198 - INFO - Processing run
2025-08-27 17:30:55,728 - INFO - Processing bam
2025-08-27 17:30:55,839 - INFO - Processing bbj
2025-08-27 17:30:55,940 - INFO - Processing ewe
2025-08-27 17:30:56,046 - INFO - Processing fon
2025-08-27 17:30:56,157 - INFO - Processing hau
2025-08-27 17:30:56,274 - INFO - Processing ibo
2025-08-27 17:30:56,423 - INFO - Processing kin
2025-08-27 17:30:56,553 - INFO - Processing lug
2025-08-27 17:30:56,685 - INFO - Processing luo
2025-08-27 17:30:56,800 - INFO - Processing mos
2025-08-27 17:30:56,924 - INFO - Processing nya
2025-08-27 17:30:57,054 - INFO - Processing pcm
2025-08-27 17:30:57,165 - INFO - Processing sna
2025-08-27 17:30:57,281 - INFO - Processing swa
2025-08-27 17:30:57,398 - INFO - Processing tsn
2025-08-27 17:30:57,502 - INFO - Processing twi
2025-08-27 17:30:57,636 - INFO - Processing wol
2025-08-27 17:30:57,769 - INFO - Processing xho
2025-08-27 17:30:57,874 - INFO - Processing yor
2025-08-27 17:30:58,017 - INFO - Processing zul
2025-08-27 17:30:58,569 - INFO - === Layer 1 (xlmr) — Top 5 (cosine) ===
2025-08-27 17:30:58,569 - INFO - 1. kin: cos=0.9525
2025-08-27 17:30:58,569 - INFO - 2. twi: cos=0.9502
2025-08-27 17:30:58,569 - INFO - 3. luo: cos=0.9458
2025-08-27 17:30:58,569 - INFO - 4. tsn: cos=0.9429
2025-08-27 17:30:58,569 - INFO - 5. nya: cos=0.9407
2025-08-27 17:30:58,569 - INFO - === Layer 1 (xlmr) — Worst 5 (cosine) ===
2025-08-27 17:30:58,569 - INFO - 1. hau: cos=0.8721
2025-08-27 17:30:58,569 - INFO - 2. fon: cos=0.8919
2025-08-27 17:30:58,569 - INFO - 3. pcm: cos=0.9028
2025-08-27 17:30:58,569 - INFO - 4. mos: cos=0.9049
2025-08-27 17:30:58,569 - INFO - 5. bbj: cos=0.9089
2025-08-27 17:30:58,698 - INFO - === Layer 2 (xlmr) — Top 5 (cosine) ===
2025-08-27 17:30:58,698 - INFO - 1. kin: cos=0.9795
2025-08-27 17:30:58,698 - INFO - 2. twi: cos=0.9785
2025-08-27 17:30:58,698 - INFO - 3. luo: cos=0.9759
2025-08-27 17:30:58,698 - INFO - 4. tsn: cos=0.9753
2025-08-27 17:30:58,698 - INFO - 5. zul: cos=0.9744
2025-08-27 17:30:58,698 - INFO - === Layer 2 (xlmr) — Worst 5 (cosine) ===
2025-08-27 17:30:58,698 - INFO - 1. hau: cos=0.9424
2025-08-27 17:30:58,698 - INFO - 2. pcm: cos=0.9536
2025-08-27 17:30:58,698 - INFO - 3. fon: cos=0.9544
2025-08-27 17:30:58,698 - INFO - 4. mos: cos=0.9583
2025-08-27 17:30:58,698 - INFO - 5. swa: cos=0.9608
2025-08-27 17:30:58,828 - INFO - === Layer 3 (xlmr) — Top 5 (cosine) ===
2025-08-27 17:30:58,828 - INFO - 1. kin: cos=0.9840
2025-08-27 17:30:58,828 - INFO - 2. twi: cos=0.9837
2025-08-27 17:30:58,828 - INFO - 3. tsn: cos=0.9822
2025-08-27 17:30:58,828 - INFO - 4. luo: cos=0.9819
2025-08-27 17:30:58,828 - INFO - 5. ibo: cos=0.9814
2025-08-27 17:30:58,828 - INFO - === Layer 3 (xlmr) — Worst 5 (cosine) ===
2025-08-27 17:30:58,828 - INFO - 1. hau: cos=0.9564
2025-08-27 17:30:58,828 - INFO - 2. pcm: cos=0.9637
2025-08-27 17:30:58,828 - INFO - 3. swa: cos=0.9667
2025-08-27 17:30:58,828 - INFO - 4. fon: cos=0.9686
2025-08-27 17:30:58,828 - INFO - 5. mos: cos=0.9707
2025-08-27 17:30:58,957 - INFO - === Layer 4 (xlmr) — Top 5 (cosine) ===
2025-08-27 17:30:58,957 - INFO - 1. kin: cos=0.9826
2025-08-27 17:30:58,957 - INFO - 2. twi: cos=0.9826
2025-08-27 17:30:58,957 - INFO - 3. luo: cos=0.9810
2025-08-27 17:30:58,957 - INFO - 4. tsn: cos=0.9806
2025-08-27 17:30:58,957 - INFO - 5. zul: cos=0.9784
2025-08-27 17:30:58,957 - INFO - === Layer 4 (xlmr) — Worst 5 (cosine) ===
2025-08-27 17:30:58,957 - INFO - 1. hau: cos=0.9549
2025-08-27 17:30:58,957 - INFO - 2. pcm: cos=0.9605
2025-08-27 17:30:58,957 - INFO - 3. swa: cos=0.9646
2025-08-27 17:30:58,957 - INFO - 4. bbj: cos=0.9669
2025-08-27 17:30:58,957 - INFO - 5. bam: cos=0.9678
2025-08-27 17:30:59,086 - INFO - === Layer 5 (xlmr) — Top 5 (cosine) ===
2025-08-27 17:30:59,086 - INFO - 1. kin: cos=0.9840
2025-08-27 17:30:59,086 - INFO - 2. tsn: cos=0.9838
2025-08-27 17:30:59,086 - INFO - 3. twi: cos=0.9837
2025-08-27 17:30:59,086 - INFO - 4. zul: cos=0.9835
2025-08-27 17:30:59,086 - INFO - 5. luo: cos=0.9831
2025-08-27 17:30:59,086 - INFO - === Layer 5 (xlmr) — Worst 5 (cosine) ===
2025-08-27 17:30:59,086 - INFO - 1. hau: cos=0.9633
2025-08-27 17:30:59,086 - INFO - 2. swa: cos=0.9678
2025-08-27 17:30:59,086 - INFO - 3. pcm: cos=0.9695
2025-08-27 17:30:59,086 - INFO - 4. bbj: cos=0.9717
2025-08-27 17:30:59,086 - INFO - 5. bam: cos=0.9734
2025-08-27 17:30:59,215 - INFO - === Layer 6 (xlmr) — Top 5 (cosine) ===
2025-08-27 17:30:59,215 - INFO - 1. ibo: cos=0.9777
2025-08-27 17:30:59,215 - INFO - 2. zul: cos=0.9759
2025-08-27 17:30:59,215 - INFO - 3. kin: cos=0.9759
2025-08-27 17:30:59,215 - INFO - 4. twi: cos=0.9757
2025-08-27 17:30:59,215 - INFO - 5. tsn: cos=0.9756
2025-08-27 17:30:59,215 - INFO - === Layer 6 (xlmr) — Worst 5 (cosine) ===
2025-08-27 17:30:59,215 - INFO - 1. pcm: cos=0.9473
2025-08-27 17:30:59,215 - INFO - 2. swa: cos=0.9476
2025-08-27 17:30:59,215 - INFO - 3. hau: cos=0.9533
2025-08-27 17:30:59,215 - INFO - 4. yor: cos=0.9619
2025-08-27 17:30:59,215 - INFO - 5. lug: cos=0.9633
2025-08-27 17:30:59,345 - INFO - === Layer 7 (xlmr) — Top 5 (cosine) ===
2025-08-27 17:30:59,345 - INFO - 1. ewe: cos=0.9833
2025-08-27 17:30:59,345 - INFO - 2. twi: cos=0.9801
2025-08-27 17:30:59,345 - INFO - 3. zul: cos=0.9791
2025-08-27 17:30:59,345 - INFO - 4. ibo: cos=0.9789
2025-08-27 17:30:59,345 - INFO - 5. tsn: cos=0.9780
2025-08-27 17:30:59,345 - INFO - === Layer 7 (xlmr) — Worst 5 (cosine) ===
2025-08-27 17:30:59,345 - INFO - 1. swa: cos=0.9653
2025-08-27 17:30:59,345 - INFO - 2. yor: cos=0.9662
2025-08-27 17:30:59,345 - INFO - 3. bam: cos=0.9662
2025-08-27 17:30:59,345 - INFO - 4. hau: cos=0.9663
2025-08-27 17:30:59,345 - INFO - 5. lug: cos=0.9693
2025-08-27 17:30:59,474 - INFO - === Layer 8 (xlmr) — Top 5 (cosine) ===
2025-08-27 17:30:59,474 - INFO - 1. ewe: cos=0.9820
2025-08-27 17:30:59,474 - INFO - 2. twi: cos=0.9780
2025-08-27 17:30:59,474 - INFO - 3. ibo: cos=0.9771
2025-08-27 17:30:59,474 - INFO - 4. tsn: cos=0.9762
2025-08-27 17:30:59,474 - INFO - 5. fon: cos=0.9761
2025-08-27 17:30:59,474 - INFO - === Layer 8 (xlmr) — Worst 5 (cosine) ===
2025-08-27 17:30:59,474 - INFO - 1. bam: cos=0.9627
2025-08-27 17:30:59,474 - INFO - 2. swa: cos=0.9628
2025-08-27 17:30:59,474 - INFO - 3. hau: cos=0.9633
2025-08-27 17:30:59,474 - INFO - 4. yor: cos=0.9646
2025-08-27 17:30:59,474 - INFO - 5. lug: cos=0.9671
2025-08-27 17:30:59,673 - INFO - === Layer 9 (xlmr) — Top 5 (cosine) ===
2025-08-27 17:30:59,673 - INFO - 1. ewe: cos=0.9850
2025-08-27 17:30:59,673 - INFO - 2. twi: cos=0.9797
2025-08-27 17:30:59,673 - INFO - 3. ibo: cos=0.9789
2025-08-27 17:30:59,673 - INFO - 4. mos: cos=0.9772
2025-08-27 17:30:59,673 - INFO - 5. fon: cos=0.9770
2025-08-27 17:30:59,673 - INFO - === Layer 9 (xlmr) — Worst 5 (cosine) ===
2025-08-27 17:30:59,673 - INFO - 1. swa: cos=0.9622
2025-08-27 17:30:59,673 - INFO - 2. lug: cos=0.9647
2025-08-27 17:30:59,673 - INFO - 3. bam: cos=0.9661
2025-08-27 17:30:59,673 - INFO - 4. hau: cos=0.9673
2025-08-27 17:30:59,673 - INFO - 5. luo: cos=0.9675
2025-08-27 17:30:59,802 - INFO - === Layer 10 (xlmr) — Top 5 (cosine) ===
2025-08-27 17:30:59,802 - INFO - 1. ibo: cos=0.9804
2025-08-27 17:30:59,802 - INFO - 2. ewe: cos=0.9799
2025-08-27 17:30:59,802 - INFO - 3. twi: cos=0.9786
2025-08-27 17:30:59,802 - INFO - 4. mos: cos=0.9770
2025-08-27 17:30:59,803 - INFO - 5. fon: cos=0.9767
2025-08-27 17:30:59,803 - INFO - === Layer 10 (xlmr) — Worst 5 (cosine) ===
2025-08-27 17:30:59,803 - INFO - 1. luo: cos=0.9607
2025-08-27 17:30:59,803 - INFO - 2. swa: cos=0.9641
2025-08-27 17:30:59,803 - INFO - 3. bam: cos=0.9645
2025-08-27 17:30:59,803 - INFO - 4. lug: cos=0.9667
2025-08-27 17:30:59,803 - INFO - 5. hau: cos=0.9669
2025-08-27 17:30:59,932 - INFO - === Layer 11 (xlmr) — Top 5 (cosine) ===
2025-08-27 17:30:59,932 - INFO - 1. ewe: cos=0.9850
2025-08-27 17:30:59,932 - INFO - 2. ibo: cos=0.9826
2025-08-27 17:30:59,932 - INFO - 3. twi: cos=0.9817
2025-08-27 17:30:59,932 - INFO - 4. sna: cos=0.9794
2025-08-27 17:30:59,932 - INFO - 5. fon: cos=0.9780
2025-08-27 17:30:59,932 - INFO - === Layer 11 (xlmr) — Worst 5 (cosine) ===
2025-08-27 17:30:59,932 - INFO - 1. luo: cos=0.9629
2025-08-27 17:30:59,932 - INFO - 2. pcm: cos=0.9697
2025-08-27 17:30:59,932 - INFO - 3. lug: cos=0.9704
2025-08-27 17:30:59,932 - INFO - 4. swa: cos=0.9705
2025-08-27 17:30:59,932 - INFO - 5. bam: cos=0.9714
2025-08-27 17:31:00,064 - INFO - === Layer 12 (xlmr) — Top 5 (cosine) ===
2025-08-27 17:31:00,064 - INFO - 1. ibo: cos=0.9984
2025-08-27 17:31:00,064 - INFO - 2. ewe: cos=0.9984
2025-08-27 17:31:00,064 - INFO - 3. twi: cos=0.9983
2025-08-27 17:31:00,064 - INFO - 4. bbj: cos=0.9981
2025-08-27 17:31:00,064 - INFO - 5. sna: cos=0.9980
2025-08-27 17:31:00,064 - INFO - === Layer 12 (xlmr) — Worst 5 (cosine) ===
2025-08-27 17:31:00,064 - INFO - 1. lug: cos=0.9966
2025-08-27 17:31:00,064 - INFO - 2. luo: cos=0.9966
2025-08-27 17:31:00,064 - INFO - 3. bam: cos=0.9970
2025-08-27 17:31:00,064 - INFO - 4. swa: cos=0.9971
2025-08-27 17:31:00,064 - INFO - 5. hau: cos=0.9972
2025-08-27 17:31:00,065 - INFO - Experiment finished successfully.
