2025-08-02 23:21:12,110 - INFO - Experiment started with model_type=mbert, use_cls=False, use_context=True, context_window=2, use_hybrid=True, max_tokens_per_type=300, output_dir=rq2_train_scripts/Embeddings/MEXA_inspired_strategy/outputs/combined/mbert/config_6_clsfalse_ctxtrue_hybtrue/tokens_300_ctx2
2025-08-02 23:21:13,288 - INFO - Processing run
2025-08-02 23:21:15,917 - INFO - Processing bam
2025-08-02 23:21:18,149 - INFO - Processing bbj
2025-08-02 23:21:20,414 - INFO - Processing ewe
2025-08-02 23:21:22,680 - INFO - Processing fon
2025-08-02 23:21:24,955 - INFO - Processing hau
2025-08-02 23:21:27,248 - INFO - Processing ibo
2025-08-02 23:21:29,578 - INFO - Processing kin
2025-08-02 23:21:31,881 - INFO - Processing lug
2025-08-02 23:21:34,147 - INFO - Processing luo
2025-08-02 23:21:36,418 - INFO - Processing mos
2025-08-02 23:21:38,700 - INFO - Processing nya
2025-08-02 23:21:41,005 - INFO - Processing pcm
2025-08-02 23:21:43,286 - INFO - Processing sna
2025-08-02 23:21:45,579 - INFO - Processing swa
2025-08-02 23:21:47,876 - INFO - Processing tsn
2025-08-02 23:21:50,152 - INFO - Processing twi
2025-08-02 23:21:52,432 - INFO - Processing wol
2025-08-02 23:21:54,717 - INFO - Processing xho
2025-08-02 23:21:56,994 - INFO - Processing yor
2025-08-02 23:21:59,322 - INFO - Processing zul
2025-08-02 23:22:02,060 - INFO - Top 5 languages most similar to Runyankore:
2025-08-02 23:22:02,061 - INFO - 1. lug - Mean Similarity: 0.6383
2025-08-02 23:22:02,061 - INFO - 2. kin - Mean Similarity: 0.6004
2025-08-02 23:22:02,061 - INFO - 3. nya - Mean Similarity: 0.5753
2025-08-02 23:22:02,061 - INFO - 4. xho - Mean Similarity: 0.5698
2025-08-02 23:22:02,061 - INFO - 5. sna - Mean Similarity: 0.5653
2025-08-02 23:22:02,061 - INFO - Experiment finished successfully.
