2025-08-24 11:53:05,529 - INFO - Start: model_type=mbert, run_both=False, use_cls=False, use_context=True, context_window=0, max_tokens_per_type=500, batch_size=32, seed=1, num_middle_layers=3, output_dir=rq2_train_scripts/Embeddings/EXTENDED/outputs/combined_extended/mbert/config_6_clsfalse_ctxtrue_hybtrue/tokens_500_ctx0
2025-08-24 11:53:06,038 - INFO - mbert: selected layer indices (hidden_states) = [2, 3, 10, 12]
2025-08-24 11:53:06,898 - INFO - Processing run
2025-08-24 11:53:07,410 - INFO - Processing bam
2025-08-24 11:53:07,562 - INFO - Processing bbj
2025-08-24 11:53:07,702 - INFO - Processing ewe
2025-08-24 11:53:07,839 - INFO - Processing fon
2025-08-24 11:53:07,984 - INFO - Processing hau
2025-08-24 11:53:08,140 - INFO - Processing ibo
2025-08-24 11:53:08,315 - INFO - Processing kin
2025-08-24 11:53:08,483 - INFO - Processing lug
2025-08-24 11:53:08,615 - INFO - Processing luo
2025-08-24 11:53:08,768 - INFO - Processing mos
2025-08-24 11:53:08,921 - INFO - Processing nya
2025-08-24 11:53:09,074 - INFO - Processing pcm
2025-08-24 11:53:09,237 - INFO - Processing sna
2025-08-24 11:53:09,396 - INFO - Processing swa
2025-08-24 11:53:09,546 - INFO - Processing tsn
2025-08-24 11:53:09,690 - INFO - Processing twi
2025-08-24 11:53:09,879 - INFO - Processing wol
2025-08-24 11:53:10,059 - INFO - Processing xho
2025-08-24 11:53:10,251 - INFO - Processing yor
2025-08-24 11:53:10,434 - INFO - Processing zul
2025-08-24 11:53:10,815 - INFO - Layer 2 (mbert) — Top 5
2025-08-24 11:53:10,815 - INFO - 1. luo: r=0.9433
2025-08-24 11:53:10,815 - INFO - 2. lug: r=0.9422
2025-08-24 11:53:10,815 - INFO - 3. twi: r=0.9391
2025-08-24 11:53:10,815 - INFO - 4. kin: r=0.9376
2025-08-24 11:53:10,815 - INFO - 5. ibo: r=0.9365
2025-08-24 11:53:10,815 - INFO - Layer 2 (mbert) — Worst 5
2025-08-24 11:53:10,815 - INFO - 1. bbj: r=0.7882
2025-08-24 11:53:10,815 - INFO - 2. yor: r=0.7965
2025-08-24 11:53:10,815 - INFO - 3. fon: r=0.8534
2025-08-24 11:53:10,815 - INFO - 4. mos: r=0.8748
2025-08-24 11:53:10,815 - INFO - 5. bam: r=0.8755
2025-08-24 11:53:10,930 - INFO - Layer 3 (mbert) — Top 5
2025-08-24 11:53:10,930 - INFO - 1. lug: r=0.9598
2025-08-24 11:53:10,930 - INFO - 2. kin: r=0.9592
2025-08-24 11:53:10,930 - INFO - 3. luo: r=0.9582
2025-08-24 11:53:10,930 - INFO - 4. swa: r=0.9575
2025-08-24 11:53:10,930 - INFO - 5. twi: r=0.9561
2025-08-24 11:53:10,930 - INFO - Layer 3 (mbert) — Worst 5
2025-08-24 11:53:10,930 - INFO - 1. bbj: r=0.8561
2025-08-24 11:53:10,930 - INFO - 2. yor: r=0.8621
2025-08-24 11:53:10,931 - INFO - 3. fon: r=0.9029
2025-08-24 11:53:10,931 - INFO - 4. bam: r=0.9161
2025-08-24 11:53:10,931 - INFO - 5. mos: r=0.9161
2025-08-24 11:53:11,046 - INFO - Layer 10 (mbert) — Top 5
2025-08-24 11:53:11,046 - INFO - 1. lug: r=0.9864
2025-08-24 11:53:11,046 - INFO - 2. kin: r=0.9859
2025-08-24 11:53:11,047 - INFO - 3. luo: r=0.9858
2025-08-24 11:53:11,047 - INFO - 4. swa: r=0.9853
2025-08-24 11:53:11,047 - INFO - 5. twi: r=0.9847
2025-08-24 11:53:11,047 - INFO - Layer 10 (mbert) — Worst 5
2025-08-24 11:53:11,047 - INFO - 1. yor: r=0.9499
2025-08-24 11:53:11,047 - INFO - 2. bbj: r=0.9519
2025-08-24 11:53:11,047 - INFO - 3. mos: r=0.9650
2025-08-24 11:53:11,047 - INFO - 4. fon: r=0.9687
2025-08-24 11:53:11,047 - INFO - 5. xho: r=0.9689
2025-08-24 11:53:11,220 - INFO - Layer 12 (mbert) — Top 5
2025-08-24 11:53:11,220 - INFO - 1. lug: r=0.9486
2025-08-24 11:53:11,220 - INFO - 2. luo: r=0.9434
2025-08-24 11:53:11,220 - INFO - 3. kin: r=0.9421
2025-08-24 11:53:11,220 - INFO - 4. twi: r=0.9389
2025-08-24 11:53:11,220 - INFO - 5. ibo: r=0.9365
2025-08-24 11:53:11,220 - INFO - Layer 12 (mbert) — Worst 5
2025-08-24 11:53:11,220 - INFO - 1. yor: r=0.8020
2025-08-24 11:53:11,220 - INFO - 2. bbj: r=0.8237
2025-08-24 11:53:11,220 - INFO - 3. mos: r=0.8731
2025-08-24 11:53:11,220 - INFO - 4. fon: r=0.8856
2025-08-24 11:53:11,220 - INFO - 5. xho: r=0.8873
2025-08-24 11:53:11,221 - INFO - Experiment finished successfully.
