2025-08-24 11:07:14,155 - INFO - Start: model_type=xlmr, run_both=False, use_cls=False, use_context=False, context_window=2, max_tokens_per_type=400, batch_size=32, seed=1, num_middle_layers=3, output_dir=rq2_train_scripts/Embeddings/EXTENDED/outputs/salt_extended/xlmr/config_3_clsfalse_ctxfalse_hybtrue/tokens_400_ctx2
2025-08-24 11:07:14,717 - INFO - xlmr: selected layer indices (hidden_states) = [2, 3, 10, 12]
2025-08-24 11:07:16,413 - INFO - Processing run
2025-08-24 11:07:22,920 - INFO - Processing bam
2025-08-24 11:07:29,085 - INFO - Processing bbj
2025-08-24 11:07:35,414 - INFO - Processing ewe
2025-08-24 11:07:41,809 - INFO - Processing fon
2025-08-24 11:07:48,437 - INFO - Processing hau
2025-08-24 11:07:54,895 - INFO - Processing ibo
2025-08-24 11:08:01,532 - INFO - Processing kin
2025-08-24 11:08:07,467 - INFO - Processing lug
2025-08-24 11:08:13,474 - INFO - Processing luo
2025-08-24 11:08:19,732 - INFO - Processing mos
2025-08-24 11:08:26,115 - INFO - Processing nya
2025-08-24 11:08:32,515 - INFO - Processing pcm
2025-08-24 11:08:38,821 - INFO - Processing sna
2025-08-24 11:08:45,208 - INFO - Processing swa
2025-08-24 11:08:51,753 - INFO - Processing tsn
2025-08-24 11:08:58,191 - INFO - Processing twi
2025-08-24 11:09:04,489 - INFO - Processing wol
2025-08-24 11:09:10,928 - INFO - Processing xho
2025-08-24 11:09:17,267 - INFO - Processing yor
2025-08-24 11:09:23,706 - INFO - Processing zul
2025-08-24 11:09:30,404 - INFO - Layer 2 (xlmr) — Top 5
2025-08-24 11:09:30,404 - INFO - 1. kin: r=0.9898
2025-08-24 11:09:30,404 - INFO - 2. twi: r=0.9890
2025-08-24 11:09:30,404 - INFO - 3. ibo: r=0.9876
2025-08-24 11:09:30,404 - INFO - 4. luo: r=0.9873
2025-08-24 11:09:30,404 - INFO - 5. tsn: r=0.9867
2025-08-24 11:09:30,404 - INFO - Layer 2 (xlmr) — Worst 5
2025-08-24 11:09:30,404 - INFO - 1. hau: r=0.9733
2025-08-24 11:09:30,404 - INFO - 2. fon: r=0.9745
2025-08-24 11:09:30,404 - INFO - 3. bbj: r=0.9756
2025-08-24 11:09:30,404 - INFO - 4. yor: r=0.9761
2025-08-24 11:09:30,404 - INFO - 5. bam: r=0.9767
2025-08-24 11:09:30,521 - INFO - Layer 3 (xlmr) — Top 5
2025-08-24 11:09:30,521 - INFO - 1. kin: r=0.9923
2025-08-24 11:09:30,521 - INFO - 2. twi: r=0.9914
2025-08-24 11:09:30,521 - INFO - 3. ibo: r=0.9904
2025-08-24 11:09:30,521 - INFO - 4. luo: r=0.9901
2025-08-24 11:09:30,521 - INFO - 5. tsn: r=0.9901
2025-08-24 11:09:30,521 - INFO - Layer 3 (xlmr) — Worst 5
2025-08-24 11:09:30,521 - INFO - 1. hau: r=0.9795
2025-08-24 11:09:30,521 - INFO - 2. fon: r=0.9814
2025-08-24 11:09:30,521 - INFO - 3. bbj: r=0.9816
2025-08-24 11:09:30,521 - INFO - 4. bam: r=0.9831
2025-08-24 11:09:30,521 - INFO - 5. pcm: r=0.9833
2025-08-24 11:09:30,637 - INFO - Layer 10 (xlmr) — Top 5
2025-08-24 11:09:30,637 - INFO - 1. kin: r=0.9928
2025-08-24 11:09:30,637 - INFO - 2. twi: r=0.9926
2025-08-24 11:09:30,637 - INFO - 3. ibo: r=0.9902
2025-08-24 11:09:30,637 - INFO - 4. luo: r=0.9895
2025-08-24 11:09:30,637 - INFO - 5. lug: r=0.9889
2025-08-24 11:09:30,637 - INFO - Layer 10 (xlmr) — Worst 5
2025-08-24 11:09:30,637 - INFO - 1. bbj: r=0.9792
2025-08-24 11:09:30,637 - INFO - 2. bam: r=0.9809
2025-08-24 11:09:30,637 - INFO - 3. yor: r=0.9815
2025-08-24 11:09:30,637 - INFO - 4. hau: r=0.9822
2025-08-24 11:09:30,637 - INFO - 5. pcm: r=0.9823
2025-08-24 11:09:30,753 - INFO - Layer 12 (xlmr) — Top 5
2025-08-24 11:09:30,753 - INFO - 1. kin: r=0.9994
2025-08-24 11:09:30,753 - INFO - 2. twi: r=0.9994
2025-08-24 11:09:30,753 - INFO - 3. ibo: r=0.9993
2025-08-24 11:09:30,753 - INFO - 4. luo: r=0.9993
2025-08-24 11:09:30,753 - INFO - 5. swa: r=0.9992
2025-08-24 11:09:30,753 - INFO - Layer 12 (xlmr) — Worst 5
2025-08-24 11:09:30,753 - INFO - 1. bbj: r=0.9986
2025-08-24 11:09:30,753 - INFO - 2. fon: r=0.9987
2025-08-24 11:09:30,753 - INFO - 3. yor: r=0.9987
2025-08-24 11:09:30,753 - INFO - 4. bam: r=0.9988
2025-08-24 11:09:30,753 - INFO - 5. nya: r=0.9988
2025-08-24 11:09:30,754 - INFO - Experiment finished successfully.
