2025-08-24 11:38:24,448 - INFO - Start: model_type=xlmr, run_both=False, use_cls=True, use_context=True, context_window=3, max_tokens_per_type=200, batch_size=32, seed=1, num_middle_layers=3, output_dir=rq2_train_scripts/Embeddings/EXTENDED/outputs/mptc_extended/xlmr/config_7_clstrue_ctxtrue_hybtrue/tokens_200_ctx3
2025-08-24 11:38:25,488 - INFO - xlmr: selected layer indices (hidden_states) = [2, 3, 10, 12]
2025-08-24 11:38:26,893 - INFO - Processing run
2025-08-24 11:38:27,296 - INFO - Processing bam
2025-08-24 11:38:27,400 - INFO - Processing bbj
2025-08-24 11:38:27,491 - INFO - Processing ewe
2025-08-24 11:38:27,572 - INFO - Processing fon
2025-08-24 11:38:27,681 - INFO - Processing hau
2025-08-24 11:38:27,763 - INFO - Processing ibo
2025-08-24 11:38:27,927 - INFO - Processing kin
2025-08-24 11:38:28,024 - INFO - Processing lug
2025-08-24 11:38:28,101 - INFO - Processing luo
2025-08-24 11:38:28,197 - INFO - Processing mos
2025-08-24 11:38:28,287 - INFO - Processing nya
2025-08-24 11:38:28,385 - INFO - Processing pcm
2025-08-24 11:38:28,463 - INFO - Processing sna
2025-08-24 11:38:28,554 - INFO - Processing swa
2025-08-24 11:38:28,644 - INFO - Processing tsn
2025-08-24 11:38:28,766 - INFO - Processing twi
2025-08-24 11:38:28,871 - INFO - Processing wol
2025-08-24 11:38:29,004 - INFO - Processing xho
2025-08-24 11:38:29,127 - INFO - Processing yor
2025-08-24 11:38:29,304 - INFO - Processing zul
2025-08-24 11:38:29,791 - INFO - Layer 2 (xlmr) — Top 5
2025-08-24 11:38:29,791 - INFO - 1. kin: r=1.0000
2025-08-24 11:38:29,791 - INFO - 2. nya: r=1.0000
2025-08-24 11:38:29,791 - INFO - 3. tsn: r=1.0000
2025-08-24 11:38:29,791 - INFO - 4. luo: r=1.0000
2025-08-24 11:38:29,791 - INFO - 5. lug: r=1.0000
2025-08-24 11:38:29,791 - INFO - Layer 2 (xlmr) — Worst 5
2025-08-24 11:38:29,791 - INFO - 1. bam: r=1.0000
2025-08-24 11:38:29,791 - INFO - 2. fon: r=1.0000
2025-08-24 11:38:29,791 - INFO - 3. ibo: r=1.0000
2025-08-24 11:38:29,791 - INFO - 4. yor: r=1.0000
2025-08-24 11:38:29,791 - INFO - 5. ewe: r=1.0000
2025-08-24 11:38:29,910 - INFO - Layer 3 (xlmr) — Top 5
2025-08-24 11:38:29,910 - INFO - 1. kin: r=1.0000
2025-08-24 11:38:29,910 - INFO - 2. lug: r=1.0000
2025-08-24 11:38:29,910 - INFO - 3. nya: r=1.0000
2025-08-24 11:38:29,910 - INFO - 4. zul: r=1.0000
2025-08-24 11:38:29,910 - INFO - 5. sna: r=1.0000
2025-08-24 11:38:29,910 - INFO - Layer 3 (xlmr) — Worst 5
2025-08-24 11:38:29,910 - INFO - 1. pcm: r=1.0000
2025-08-24 11:38:29,910 - INFO - 2. swa: r=1.0000
2025-08-24 11:38:29,910 - INFO - 3. fon: r=1.0000
2025-08-24 11:38:29,910 - INFO - 4. ewe: r=1.0000
2025-08-24 11:38:29,910 - INFO - 5. ibo: r=1.0000
2025-08-24 11:38:30,030 - INFO - Layer 10 (xlmr) — Top 5
2025-08-24 11:38:30,030 - INFO - 1. xho: r=1.0000
2025-08-24 11:38:30,030 - INFO - 2. zul: r=1.0000
2025-08-24 11:38:30,030 - INFO - 3. ibo: r=1.0000
2025-08-24 11:38:30,030 - INFO - 4. nya: r=1.0000
2025-08-24 11:38:30,030 - INFO - 5. ewe: r=1.0000
2025-08-24 11:38:30,030 - INFO - Layer 10 (xlmr) — Worst 5
2025-08-24 11:38:30,030 - INFO - 1. pcm: r=1.0000
2025-08-24 11:38:30,030 - INFO - 2. tsn: r=1.0000
2025-08-24 11:38:30,030 - INFO - 3. fon: r=1.0000
2025-08-24 11:38:30,030 - INFO - 4. wol: r=1.0000
2025-08-24 11:38:30,030 - INFO - 5. bbj: r=1.0000
2025-08-24 11:38:30,150 - INFO - Layer 12 (xlmr) — Top 5
2025-08-24 11:38:30,151 - INFO - 1. ewe: r=0.9978
2025-08-24 11:38:30,151 - INFO - 2. swa: r=0.9978
2025-08-24 11:38:30,151 - INFO - 3. nya: r=0.9978
2025-08-24 11:38:30,151 - INFO - 4. luo: r=0.9974
2025-08-24 11:38:30,151 - INFO - 5. bam: r=0.9971
2025-08-24 11:38:30,151 - INFO - Layer 12 (xlmr) — Worst 5
2025-08-24 11:38:30,151 - INFO - 1. zul: r=0.9925
2025-08-24 11:38:30,151 - INFO - 2. xho: r=0.9936
2025-08-24 11:38:30,151 - INFO - 3. fon: r=0.9948
2025-08-24 11:38:30,151 - INFO - 4. ibo: r=0.9954
2025-08-24 11:38:30,151 - INFO - 5. wol: r=0.9954
2025-08-24 11:38:30,152 - INFO - Experiment finished successfully.
