2025-08-27 17:43:06,588 - INFO - Start: model_type=xlmr, use_cls=True, use_context=False, context_window=3, max_tokens_per_type=200, batch_size=64, output_dir=rq2_train_scripts/Embeddings/CLEAN/outputs/salt/xlmr/config_1_clstrue_ctxfalse/tokens_200_ctx3/core, save_prototypes=False, seed=42, fp16=True, max_length=96, langs=all, layers=all, span_mode=bio, pool=mean, entity_tags={'DATE', 'PER', 'LOC', 'ORG'}, title_suffix='L=all, tokens=200, ctx=3, cls=true, fp16=true'
2025-08-27 17:43:08,540 - INFO - Processing run
2025-08-27 17:43:09,012 - INFO - Processing bam
2025-08-27 17:43:09,057 - INFO - Processing bbj
2025-08-27 17:43:09,103 - INFO - Processing ewe
2025-08-27 17:43:09,151 - INFO - Processing fon
2025-08-27 17:43:09,214 - INFO - Processing hau
2025-08-27 17:43:09,285 - INFO - Processing ibo
2025-08-27 17:43:09,388 - INFO - Processing kin
2025-08-27 17:43:09,464 - INFO - Processing lug
2025-08-27 17:43:09,533 - INFO - Processing luo
2025-08-27 17:43:09,598 - INFO - Processing mos
2025-08-27 17:43:09,663 - INFO - Processing nya
2025-08-27 17:43:09,735 - INFO - Processing pcm
2025-08-27 17:43:09,796 - INFO - Processing sna
2025-08-27 17:43:09,854 - INFO - Processing swa
2025-08-27 17:43:09,927 - INFO - Processing tsn
2025-08-27 17:43:09,981 - INFO - Processing twi
2025-08-27 17:43:10,050 - INFO - Processing wol
2025-08-27 17:43:10,116 - INFO - Processing xho
2025-08-27 17:43:10,170 - INFO - Processing yor
2025-08-27 17:43:10,258 - INFO - Processing zul
2025-08-27 17:43:10,752 - INFO - === Layer 1 (xlmr) — Top 5 (cosine) ===
2025-08-27 17:43:10,752 - INFO - 1. kin: cos=1.0000
2025-08-27 17:43:10,752 - INFO - 2. twi: cos=0.9999
2025-08-27 17:43:10,752 - INFO - 3. luo: cos=0.9999
2025-08-27 17:43:10,752 - INFO - 4. ibo: cos=0.9998
2025-08-27 17:43:10,752 - INFO - 5. sna: cos=0.9998
2025-08-27 17:43:10,752 - INFO - === Layer 1 (xlmr) — Worst 5 (cosine) ===
2025-08-27 17:43:10,752 - INFO - 1. hau: cos=0.9993
2025-08-27 17:43:10,752 - INFO - 2. fon: cos=0.9994
2025-08-27 17:43:10,752 - INFO - 3. bbj: cos=0.9994
2025-08-27 17:43:10,752 - INFO - 4. bam: cos=0.9994
2025-08-27 17:43:10,752 - INFO - 5. xho: cos=0.9994
2025-08-27 17:43:10,881 - INFO - === Layer 2 (xlmr) — Top 5 (cosine) ===
2025-08-27 17:43:10,881 - INFO - 1. kin: cos=1.0000
2025-08-27 17:43:10,881 - INFO - 2. luo: cos=1.0000
2025-08-27 17:43:10,881 - INFO - 3. twi: cos=1.0000
2025-08-27 17:43:10,881 - INFO - 4. ibo: cos=1.0000
2025-08-27 17:43:10,881 - INFO - 5. zul: cos=1.0000
2025-08-27 17:43:10,881 - INFO - === Layer 2 (xlmr) — Worst 5 (cosine) ===
2025-08-27 17:43:10,881 - INFO - 1. hau: cos=0.9999
2025-08-27 17:43:10,881 - INFO - 2. bam: cos=0.9999
2025-08-27 17:43:10,881 - INFO - 3. bbj: cos=0.9999
2025-08-27 17:43:10,881 - INFO - 4. pcm: cos=0.9999
2025-08-27 17:43:10,881 - INFO - 5. fon: cos=0.9999
2025-08-27 17:43:11,009 - INFO - === Layer 3 (xlmr) — Top 5 (cosine) ===
2025-08-27 17:43:11,009 - INFO - 1. kin: cos=1.0000
2025-08-27 17:43:11,009 - INFO - 2. luo: cos=1.0000
2025-08-27 17:43:11,009 - INFO - 3. twi: cos=1.0000
2025-08-27 17:43:11,009 - INFO - 4. zul: cos=1.0000
2025-08-27 17:43:11,010 - INFO - 5. ewe: cos=1.0000
2025-08-27 17:43:11,010 - INFO - === Layer 3 (xlmr) — Worst 5 (cosine) ===
2025-08-27 17:43:11,010 - INFO - 1. pcm: cos=1.0000
2025-08-27 17:43:11,010 - INFO - 2. swa: cos=1.0000
2025-08-27 17:43:11,010 - INFO - 3. bbj: cos=1.0000
2025-08-27 17:43:11,010 - INFO - 4. fon: cos=1.0000
2025-08-27 17:43:11,010 - INFO - 5. nya: cos=1.0000
2025-08-27 17:43:11,138 - INFO - === Layer 4 (xlmr) — Top 5 (cosine) ===
2025-08-27 17:43:11,138 - INFO - 1. kin: cos=1.0000
2025-08-27 17:43:11,138 - INFO - 2. luo: cos=1.0000
2025-08-27 17:43:11,138 - INFO - 3. twi: cos=1.0000
2025-08-27 17:43:11,138 - INFO - 4. sna: cos=1.0000
2025-08-27 17:43:11,138 - INFO - 5. zul: cos=1.0000
2025-08-27 17:43:11,138 - INFO - === Layer 4 (xlmr) — Worst 5 (cosine) ===
2025-08-27 17:43:11,138 - INFO - 1. hau: cos=1.0000
2025-08-27 17:43:11,138 - INFO - 2. bam: cos=1.0000
2025-08-27 17:43:11,138 - INFO - 3. yor: cos=1.0000
2025-08-27 17:43:11,138 - INFO - 4. wol: cos=1.0000
2025-08-27 17:43:11,138 - INFO - 5. pcm: cos=1.0000
2025-08-27 17:43:11,266 - INFO - === Layer 5 (xlmr) — Top 5 (cosine) ===
2025-08-27 17:43:11,266 - INFO - 1. twi: cos=1.0000
2025-08-27 17:43:11,266 - INFO - 2. kin: cos=1.0000
2025-08-27 17:43:11,266 - INFO - 3. luo: cos=1.0000
2025-08-27 17:43:11,266 - INFO - 4. tsn: cos=1.0000
2025-08-27 17:43:11,266 - INFO - 5. zul: cos=1.0000
2025-08-27 17:43:11,266 - INFO - === Layer 5 (xlmr) — Worst 5 (cosine) ===
2025-08-27 17:43:11,266 - INFO - 1. hau: cos=1.0000
2025-08-27 17:43:11,266 - INFO - 2. pcm: cos=1.0000
2025-08-27 17:43:11,266 - INFO - 3. fon: cos=1.0000
2025-08-27 17:43:11,266 - INFO - 4. mos: cos=1.0000
2025-08-27 17:43:11,266 - INFO - 5. wol: cos=1.0000
2025-08-27 17:43:11,397 - INFO - === Layer 6 (xlmr) — Top 5 (cosine) ===
2025-08-27 17:43:11,397 - INFO - 1. kin: cos=1.0000
2025-08-27 17:43:11,397 - INFO - 2. twi: cos=1.0000
2025-08-27 17:43:11,397 - INFO - 3. luo: cos=1.0000
2025-08-27 17:43:11,397 - INFO - 4. tsn: cos=1.0000
2025-08-27 17:43:11,397 - INFO - 5. ewe: cos=1.0000
2025-08-27 17:43:11,397 - INFO - === Layer 6 (xlmr) — Worst 5 (cosine) ===
2025-08-27 17:43:11,397 - INFO - 1. hau: cos=1.0000
2025-08-27 17:43:11,397 - INFO - 2. pcm: cos=1.0000
2025-08-27 17:43:11,397 - INFO - 3. fon: cos=1.0000
2025-08-27 17:43:11,397 - INFO - 4. mos: cos=1.0000
2025-08-27 17:43:11,397 - INFO - 5. bbj: cos=1.0000
2025-08-27 17:43:11,526 - INFO - === Layer 7 (xlmr) — Top 5 (cosine) ===
2025-08-27 17:43:11,526 - INFO - 1. kin: cos=1.0000
2025-08-27 17:43:11,526 - INFO - 2. swa: cos=1.0000
2025-08-27 17:43:11,526 - INFO - 3. sna: cos=1.0000
2025-08-27 17:43:11,526 - INFO - 4. fon: cos=1.0000
2025-08-27 17:43:11,526 - INFO - 5. yor: cos=1.0000
2025-08-27 17:43:11,526 - INFO - === Layer 7 (xlmr) — Worst 5 (cosine) ===
2025-08-27 17:43:11,526 - INFO - 1. hau: cos=1.0000
2025-08-27 17:43:11,526 - INFO - 2. tsn: cos=1.0000
2025-08-27 17:43:11,526 - INFO - 3. mos: cos=1.0000
2025-08-27 17:43:11,526 - INFO - 4. zul: cos=1.0000
2025-08-27 17:43:11,526 - INFO - 5. wol: cos=1.0000
2025-08-27 17:43:11,654 - INFO - === Layer 8 (xlmr) — Top 5 (cosine) ===
2025-08-27 17:43:11,654 - INFO - 1. kin: cos=1.0000
2025-08-27 17:43:11,654 - INFO - 2. lug: cos=1.0000
2025-08-27 17:43:11,654 - INFO - 3. sna: cos=1.0000
2025-08-27 17:43:11,654 - INFO - 4. xho: cos=1.0000
2025-08-27 17:43:11,654 - INFO - 5. tsn: cos=1.0000
2025-08-27 17:43:11,654 - INFO - === Layer 8 (xlmr) — Worst 5 (cosine) ===
2025-08-27 17:43:11,654 - INFO - 1. ewe: cos=0.9999
2025-08-27 17:43:11,654 - INFO - 2. bbj: cos=1.0000
2025-08-27 17:43:11,654 - INFO - 3. swa: cos=1.0000
2025-08-27 17:43:11,654 - INFO - 4. fon: cos=1.0000
2025-08-27 17:43:11,654 - INFO - 5. hau: cos=1.0000
2025-08-27 17:43:11,849 - INFO - === Layer 9 (xlmr) — Top 5 (cosine) ===
2025-08-27 17:43:11,850 - INFO - 1. kin: cos=1.0000
2025-08-27 17:43:11,850 - INFO - 2. sna: cos=1.0000
2025-08-27 17:43:11,850 - INFO - 3. yor: cos=1.0000
2025-08-27 17:43:11,850 - INFO - 4. bam: cos=1.0000
2025-08-27 17:43:11,850 - INFO - 5. twi: cos=1.0000
2025-08-27 17:43:11,850 - INFO - === Layer 9 (xlmr) — Worst 5 (cosine) ===
2025-08-27 17:43:11,850 - INFO - 1. ewe: cos=1.0000
2025-08-27 17:43:11,850 - INFO - 2. bbj: cos=1.0000
2025-08-27 17:43:11,850 - INFO - 3. hau: cos=1.0000
2025-08-27 17:43:11,850 - INFO - 4. nya: cos=1.0000
2025-08-27 17:43:11,850 - INFO - 5. swa: cos=1.0000
2025-08-27 17:43:11,977 - INFO - === Layer 10 (xlmr) — Top 5 (cosine) ===
2025-08-27 17:43:11,977 - INFO - 1. twi: cos=1.0000
2025-08-27 17:43:11,977 - INFO - 2. bam: cos=1.0000
2025-08-27 17:43:11,977 - INFO - 3. zul: cos=1.0000
2025-08-27 17:43:11,977 - INFO - 4. kin: cos=1.0000
2025-08-27 17:43:11,977 - INFO - 5. ewe: cos=1.0000
2025-08-27 17:43:11,977 - INFO - === Layer 10 (xlmr) — Worst 5 (cosine) ===
2025-08-27 17:43:11,977 - INFO - 1. pcm: cos=1.0000
2025-08-27 17:43:11,977 - INFO - 2. fon: cos=1.0000
2025-08-27 17:43:11,977 - INFO - 3. xho: cos=1.0000
2025-08-27 17:43:11,977 - INFO - 4. ibo: cos=1.0000
2025-08-27 17:43:11,977 - INFO - 5. bbj: cos=1.0000
2025-08-27 17:43:12,108 - INFO - === Layer 11 (xlmr) — Top 5 (cosine) ===
2025-08-27 17:43:12,108 - INFO - 1. pcm: cos=1.0000
2025-08-27 17:43:12,108 - INFO - 2. twi: cos=1.0000
2025-08-27 17:43:12,108 - INFO - 3. lug: cos=1.0000
2025-08-27 17:43:12,108 - INFO - 4. swa: cos=1.0000
2025-08-27 17:43:12,108 - INFO - 5. hau: cos=1.0000
2025-08-27 17:43:12,108 - INFO - === Layer 11 (xlmr) — Worst 5 (cosine) ===
2025-08-27 17:43:12,108 - INFO - 1. bam: cos=0.9998
2025-08-27 17:43:12,108 - INFO - 2. sna: cos=0.9999
2025-08-27 17:43:12,108 - INFO - 3. yor: cos=0.9999
2025-08-27 17:43:12,108 - INFO - 4. bbj: cos=0.9999
2025-08-27 17:43:12,108 - INFO - 5. zul: cos=0.9999
2025-08-27 17:43:12,239 - INFO - === Layer 12 (xlmr) — Top 5 (cosine) ===
2025-08-27 17:43:12,240 - INFO - 1. kin: cos=0.9999
2025-08-27 17:43:12,240 - INFO - 2. twi: cos=0.9999
2025-08-27 17:43:12,240 - INFO - 3. luo: cos=0.9999
2025-08-27 17:43:12,240 - INFO - 4. wol: cos=0.9999
2025-08-27 17:43:12,240 - INFO - 5. ewe: cos=0.9999
2025-08-27 17:43:12,240 - INFO - === Layer 12 (xlmr) — Worst 5 (cosine) ===
2025-08-27 17:43:12,240 - INFO - 1. pcm: cos=0.9978
2025-08-27 17:43:12,240 - INFO - 2. fon: cos=0.9986
2025-08-27 17:43:12,240 - INFO - 3. hau: cos=0.9992
2025-08-27 17:43:12,240 - INFO - 4. tsn: cos=0.9995
2025-08-27 17:43:12,240 - INFO - 5. xho: cos=0.9997
2025-08-27 17:43:12,240 - INFO - Experiment finished successfully.
