2025-08-02 22:12:55,874 - INFO - Experiment started with model_type=mbert, use_cls=False, use_context=True, context_window=0, use_hybrid=False, max_tokens_per_type=500, output_dir=rq2_train_scripts/Embeddings/MEXA_inspired_strategy/outputs/combined/mbert/config_2_clsfalse_ctxtrue_hybfalse/tokens_500_ctx0
2025-08-02 22:12:57,072 - INFO - Processing run
2025-08-02 22:13:00,783 - INFO - Processing bam
2025-08-02 22:13:04,104 - INFO - Processing bbj
2025-08-02 22:13:07,808 - INFO - Processing ewe
2025-08-02 22:13:11,500 - INFO - Processing fon
2025-08-02 22:13:15,254 - INFO - Processing hau
2025-08-02 22:13:19,012 - INFO - Processing ibo
2025-08-02 22:13:22,795 - INFO - Processing kin
2025-08-02 22:13:26,537 - INFO - Processing lug
2025-08-02 22:13:30,230 - INFO - Processing luo
2025-08-02 22:13:33,953 - INFO - Processing mos
2025-08-02 22:13:37,682 - INFO - Processing nya
2025-08-02 22:13:41,514 - INFO - Processing pcm
2025-08-02 22:13:45,229 - INFO - Processing sna
2025-08-02 22:13:49,000 - INFO - Processing swa
2025-08-02 22:13:52,734 - INFO - Processing tsn
2025-08-02 22:13:56,390 - INFO - Processing twi
2025-08-02 22:14:00,067 - INFO - Processing wol
2025-08-02 22:14:03,778 - INFO - Processing xho
2025-08-02 22:14:07,487 - INFO - Processing yor
2025-08-02 22:14:11,251 - INFO - Processing zul
2025-08-02 22:14:15,377 - INFO - Top 5 languages most similar to Runyankore:
2025-08-02 22:14:15,377 - INFO - 1. lug - Mean Similarity: 0.9573
2025-08-02 22:14:15,377 - INFO - 2. kin - Mean Similarity: 0.9469
2025-08-02 22:14:15,377 - INFO - 3. luo - Mean Similarity: 0.9451
2025-08-02 22:14:15,377 - INFO - 4. ibo - Mean Similarity: 0.9356
2025-08-02 22:14:15,377 - INFO - 5. twi - Mean Similarity: 0.9331
2025-08-02 22:14:15,377 - INFO - Experiment finished successfully.
