2025-08-27 17:38:29,570 - INFO - Start: model_type=xlmr, use_cls=True, use_context=False, context_window=0, max_tokens_per_type=500, batch_size=64, output_dir=rq2_train_scripts/Embeddings/CLEAN/outputs/salt/xlmr/config_1_clstrue_ctxfalse/tokens_500_ctx0/core, save_prototypes=False, seed=42, fp16=True, max_length=96, langs=all, layers=all, span_mode=bio, pool=mean, entity_tags={'LOC', 'ORG', 'DATE', 'PER'}, title_suffix='L=all, tokens=500, ctx=0, cls=true, fp16=true'
2025-08-27 17:38:31,523 - INFO - Processing run
2025-08-27 17:38:31,963 - INFO - Processing bam
2025-08-27 17:38:32,052 - INFO - Processing bbj
2025-08-27 17:38:32,109 - INFO - Processing ewe
2025-08-27 17:38:32,159 - INFO - Processing fon
2025-08-27 17:38:32,231 - INFO - Processing hau
2025-08-27 17:38:32,310 - INFO - Processing ibo
2025-08-27 17:38:32,414 - INFO - Processing kin
2025-08-27 17:38:32,487 - INFO - Processing lug
2025-08-27 17:38:32,569 - INFO - Processing luo
2025-08-27 17:38:32,649 - INFO - Processing mos
2025-08-27 17:38:32,719 - INFO - Processing nya
2025-08-27 17:38:32,802 - INFO - Processing pcm
2025-08-27 17:38:32,861 - INFO - Processing sna
2025-08-27 17:38:32,917 - INFO - Processing swa
2025-08-27 17:38:32,986 - INFO - Processing tsn
2025-08-27 17:38:33,038 - INFO - Processing twi
2025-08-27 17:38:33,112 - INFO - Processing wol
2025-08-27 17:38:33,192 - INFO - Processing xho
2025-08-27 17:38:33,246 - INFO - Processing yor
2025-08-27 17:38:33,337 - INFO - Processing zul
2025-08-27 17:38:33,818 - INFO - === Layer 1 (xlmr) — Top 5 (cosine) ===
2025-08-27 17:38:33,818 - INFO - 1. kin: cos=0.9999
2025-08-27 17:38:33,818 - INFO - 2. twi: cos=0.9999
2025-08-27 17:38:33,818 - INFO - 3. luo: cos=0.9999
2025-08-27 17:38:33,818 - INFO - 4. ibo: cos=0.9999
2025-08-27 17:38:33,818 - INFO - 5. nya: cos=0.9998
2025-08-27 17:38:33,818 - INFO - === Layer 1 (xlmr) — Worst 5 (cosine) ===
2025-08-27 17:38:33,818 - INFO - 1. hau: cos=0.9995
2025-08-27 17:38:33,818 - INFO - 2. bam: cos=0.9995
2025-08-27 17:38:33,818 - INFO - 3. xho: cos=0.9995
2025-08-27 17:38:33,818 - INFO - 4. fon: cos=0.9995
2025-08-27 17:38:33,818 - INFO - 5. pcm: cos=0.9995
2025-08-27 17:38:33,967 - INFO - === Layer 2 (xlmr) — Top 5 (cosine) ===
2025-08-27 17:38:33,967 - INFO - 1. kin: cos=1.0000
2025-08-27 17:38:33,967 - INFO - 2. luo: cos=1.0000
2025-08-27 17:38:33,967 - INFO - 3. twi: cos=1.0000
2025-08-27 17:38:33,967 - INFO - 4. ibo: cos=1.0000
2025-08-27 17:38:33,967 - INFO - 5. nya: cos=1.0000
2025-08-27 17:38:33,967 - INFO - === Layer 2 (xlmr) — Worst 5 (cosine) ===
2025-08-27 17:38:33,967 - INFO - 1. pcm: cos=0.9999
2025-08-27 17:38:33,967 - INFO - 2. bam: cos=0.9999
2025-08-27 17:38:33,967 - INFO - 3. bbj: cos=0.9999
2025-08-27 17:38:33,967 - INFO - 4. hau: cos=0.9999
2025-08-27 17:38:33,967 - INFO - 5. xho: cos=0.9999
2025-08-27 17:38:34,107 - INFO - === Layer 3 (xlmr) — Top 5 (cosine) ===
2025-08-27 17:38:34,107 - INFO - 1. luo: cos=1.0000
2025-08-27 17:38:34,107 - INFO - 2. kin: cos=1.0000
2025-08-27 17:38:34,107 - INFO - 3. twi: cos=1.0000
2025-08-27 17:38:34,107 - INFO - 4. hau: cos=1.0000
2025-08-27 17:38:34,107 - INFO - 5. zul: cos=1.0000
2025-08-27 17:38:34,107 - INFO - === Layer 3 (xlmr) — Worst 5 (cosine) ===
2025-08-27 17:38:34,107 - INFO - 1. pcm: cos=1.0000
2025-08-27 17:38:34,107 - INFO - 2. swa: cos=1.0000
2025-08-27 17:38:34,107 - INFO - 3. bbj: cos=1.0000
2025-08-27 17:38:34,107 - INFO - 4. nya: cos=1.0000
2025-08-27 17:38:34,107 - INFO - 5. fon: cos=1.0000
2025-08-27 17:38:34,233 - INFO - === Layer 4 (xlmr) — Top 5 (cosine) ===
2025-08-27 17:38:34,233 - INFO - 1. kin: cos=1.0000
2025-08-27 17:38:34,233 - INFO - 2. twi: cos=1.0000
2025-08-27 17:38:34,233 - INFO - 3. luo: cos=1.0000
2025-08-27 17:38:34,233 - INFO - 4. sna: cos=1.0000
2025-08-27 17:38:34,233 - INFO - 5. zul: cos=1.0000
2025-08-27 17:38:34,233 - INFO - === Layer 4 (xlmr) — Worst 5 (cosine) ===
2025-08-27 17:38:34,233 - INFO - 1. yor: cos=1.0000
2025-08-27 17:38:34,233 - INFO - 2. hau: cos=1.0000
2025-08-27 17:38:34,233 - INFO - 3. bam: cos=1.0000
2025-08-27 17:38:34,233 - INFO - 4. pcm: cos=1.0000
2025-08-27 17:38:34,233 - INFO - 5. wol: cos=1.0000
2025-08-27 17:38:34,363 - INFO - === Layer 5 (xlmr) — Top 5 (cosine) ===
2025-08-27 17:38:34,363 - INFO - 1. twi: cos=1.0000
2025-08-27 17:38:34,363 - INFO - 2. kin: cos=1.0000
2025-08-27 17:38:34,363 - INFO - 3. luo: cos=1.0000
2025-08-27 17:38:34,363 - INFO - 4. zul: cos=1.0000
2025-08-27 17:38:34,363 - INFO - 5. ibo: cos=1.0000
2025-08-27 17:38:34,363 - INFO - === Layer 5 (xlmr) — Worst 5 (cosine) ===
2025-08-27 17:38:34,363 - INFO - 1. hau: cos=1.0000
2025-08-27 17:38:34,363 - INFO - 2. pcm: cos=1.0000
2025-08-27 17:38:34,363 - INFO - 3. fon: cos=1.0000
2025-08-27 17:38:34,363 - INFO - 4. nya: cos=1.0000
2025-08-27 17:38:34,363 - INFO - 5. lug: cos=1.0000
2025-08-27 17:38:34,495 - INFO - === Layer 6 (xlmr) — Top 5 (cosine) ===
2025-08-27 17:38:34,495 - INFO - 1. twi: cos=1.0000
2025-08-27 17:38:34,495 - INFO - 2. kin: cos=1.0000
2025-08-27 17:38:34,495 - INFO - 3. luo: cos=1.0000
2025-08-27 17:38:34,495 - INFO - 4. ibo: cos=1.0000
2025-08-27 17:38:34,495 - INFO - 5. ewe: cos=1.0000
2025-08-27 17:38:34,495 - INFO - === Layer 6 (xlmr) — Worst 5 (cosine) ===
2025-08-27 17:38:34,495 - INFO - 1. pcm: cos=1.0000
2025-08-27 17:38:34,495 - INFO - 2. hau: cos=1.0000
2025-08-27 17:38:34,495 - INFO - 3. fon: cos=1.0000
2025-08-27 17:38:34,495 - INFO - 4. nya: cos=1.0000
2025-08-27 17:38:34,495 - INFO - 5. mos: cos=1.0000
2025-08-27 17:38:34,626 - INFO - === Layer 7 (xlmr) — Top 5 (cosine) ===
2025-08-27 17:38:34,626 - INFO - 1. kin: cos=1.0000
2025-08-27 17:38:34,626 - INFO - 2. fon: cos=1.0000
2025-08-27 17:38:34,626 - INFO - 3. sna: cos=1.0000
2025-08-27 17:38:34,626 - INFO - 4. ewe: cos=1.0000
2025-08-27 17:38:34,626 - INFO - 5. bbj: cos=1.0000
2025-08-27 17:38:34,626 - INFO - === Layer 7 (xlmr) — Worst 5 (cosine) ===
2025-08-27 17:38:34,626 - INFO - 1. hau: cos=1.0000
2025-08-27 17:38:34,626 - INFO - 2. tsn: cos=1.0000
2025-08-27 17:38:34,627 - INFO - 3. nya: cos=1.0000
2025-08-27 17:38:34,627 - INFO - 4. zul: cos=1.0000
2025-08-27 17:38:34,627 - INFO - 5. mos: cos=1.0000
2025-08-27 17:38:34,758 - INFO - === Layer 8 (xlmr) — Top 5 (cosine) ===
2025-08-27 17:38:34,758 - INFO - 1. kin: cos=1.0000
2025-08-27 17:38:34,758 - INFO - 2. lug: cos=1.0000
2025-08-27 17:38:34,758 - INFO - 3. xho: cos=1.0000
2025-08-27 17:38:34,758 - INFO - 4. tsn: cos=1.0000
2025-08-27 17:38:34,758 - INFO - 5. nya: cos=1.0000
2025-08-27 17:38:34,758 - INFO - === Layer 8 (xlmr) — Worst 5 (cosine) ===
2025-08-27 17:38:34,758 - INFO - 1. ewe: cos=0.9999
2025-08-27 17:38:34,758 - INFO - 2. bbj: cos=1.0000
2025-08-27 17:38:34,758 - INFO - 3. swa: cos=1.0000
2025-08-27 17:38:34,758 - INFO - 4. pcm: cos=1.0000
2025-08-27 17:38:34,758 - INFO - 5. fon: cos=1.0000
2025-08-27 17:38:34,949 - INFO - === Layer 9 (xlmr) — Top 5 (cosine) ===
2025-08-27 17:38:34,949 - INFO - 1. kin: cos=1.0000
2025-08-27 17:38:34,949 - INFO - 2. sna: cos=1.0000
2025-08-27 17:38:34,949 - INFO - 3. bam: cos=1.0000
2025-08-27 17:38:34,949 - INFO - 4. twi: cos=1.0000
2025-08-27 17:38:34,949 - INFO - 5. lug: cos=1.0000
2025-08-27 17:38:34,949 - INFO - === Layer 9 (xlmr) — Worst 5 (cosine) ===
2025-08-27 17:38:34,949 - INFO - 1. pcm: cos=1.0000
2025-08-27 17:38:34,949 - INFO - 2. hau: cos=1.0000
2025-08-27 17:38:34,949 - INFO - 3. ewe: cos=1.0000
2025-08-27 17:38:34,949 - INFO - 4. swa: cos=1.0000
2025-08-27 17:38:34,949 - INFO - 5. nya: cos=1.0000
2025-08-27 17:38:35,088 - INFO - === Layer 10 (xlmr) — Top 5 (cosine) ===
2025-08-27 17:38:35,089 - INFO - 1. kin: cos=1.0000
2025-08-27 17:38:35,089 - INFO - 2. luo: cos=1.0000
2025-08-27 17:38:35,089 - INFO - 3. zul: cos=1.0000
2025-08-27 17:38:35,089 - INFO - 4. twi: cos=1.0000
2025-08-27 17:38:35,089 - INFO - 5. bam: cos=1.0000
2025-08-27 17:38:35,089 - INFO - === Layer 10 (xlmr) — Worst 5 (cosine) ===
2025-08-27 17:38:35,089 - INFO - 1. pcm: cos=1.0000
2025-08-27 17:38:35,089 - INFO - 2. fon: cos=1.0000
2025-08-27 17:38:35,089 - INFO - 3. xho: cos=1.0000
2025-08-27 17:38:35,089 - INFO - 4. mos: cos=1.0000
2025-08-27 17:38:35,089 - INFO - 5. hau: cos=1.0000
2025-08-27 17:38:35,219 - INFO - === Layer 11 (xlmr) — Top 5 (cosine) ===
2025-08-27 17:38:35,219 - INFO - 1. ibo: cos=1.0000
2025-08-27 17:38:35,219 - INFO - 2. kin: cos=1.0000
2025-08-27 17:38:35,219 - INFO - 3. ewe: cos=1.0000
2025-08-27 17:38:35,219 - INFO - 4. hau: cos=1.0000
2025-08-27 17:38:35,219 - INFO - 5. twi: cos=1.0000
2025-08-27 17:38:35,219 - INFO - === Layer 11 (xlmr) — Worst 5 (cosine) ===
2025-08-27 17:38:35,219 - INFO - 1. bam: cos=0.9999
2025-08-27 17:38:35,219 - INFO - 2. bbj: cos=0.9999
2025-08-27 17:38:35,219 - INFO - 3. sna: cos=1.0000
2025-08-27 17:38:35,219 - INFO - 4. yor: cos=1.0000
2025-08-27 17:38:35,219 - INFO - 5. zul: cos=1.0000
2025-08-27 17:38:35,350 - INFO - === Layer 12 (xlmr) — Top 5 (cosine) ===
2025-08-27 17:38:35,350 - INFO - 1. kin: cos=0.9999
2025-08-27 17:38:35,350 - INFO - 2. luo: cos=0.9999
2025-08-27 17:38:35,350 - INFO - 3. nya: cos=0.9999
2025-08-27 17:38:35,350 - INFO - 4. lug: cos=0.9999
2025-08-27 17:38:35,350 - INFO - 5. wol: cos=0.9999
2025-08-27 17:38:35,350 - INFO - === Layer 12 (xlmr) — Worst 5 (cosine) ===
2025-08-27 17:38:35,350 - INFO - 1. pcm: cos=0.9981
2025-08-27 17:38:35,350 - INFO - 2. fon: cos=0.9990
2025-08-27 17:38:35,350 - INFO - 3. hau: cos=0.9991
2025-08-27 17:38:35,350 - INFO - 4. tsn: cos=0.9997
2025-08-27 17:38:35,350 - INFO - 5. xho: cos=0.9997
2025-08-27 17:38:35,351 - INFO - Experiment finished successfully.
