2025-12-15 10:36:12,585 - INFO - Start: model_type=mbert, use_cls=False, use_context=True, context_window=1, max_tokens_per_type=300, batch_size=64, output_dir=rq2_train_scripts/Embeddings/CLEAN/outputs/combined/mbert/config_2_clsfalse_ctxtrue/tokens_300_ctx1/core, save_prototypes=False, seed=42, fp16=True, max_length=96, langs=all, layers=all, span_mode=bio, pool=mean, entity_tags={'PER', 'LOC', 'ORG', 'DATE'}, title_suffix='L=all, tokens=300, ctx=1, cls=false, fp16=true'
2025-12-15 10:36:13,926 - INFO - Processing run
2025-12-15 10:36:14,405 - INFO - Processing bam
2025-12-15 10:36:14,504 - INFO - Processing bbj
2025-12-15 10:36:14,583 - INFO - Processing ewe
2025-12-15 10:36:14,662 - INFO - Processing fon
2025-12-15 10:36:14,759 - INFO - Processing hau
2025-12-15 10:36:14,863 - INFO - Processing ibo
2025-12-15 10:36:14,991 - INFO - Processing kin
2025-12-15 10:36:15,099 - INFO - Processing lug
2025-12-15 10:36:15,184 - INFO - Processing luo
2025-12-15 10:36:15,283 - INFO - Processing mos
2025-12-15 10:36:15,382 - INFO - Processing nya
2025-12-15 10:36:15,484 - INFO - Processing pcm
2025-12-15 10:36:15,584 - INFO - Processing sna
2025-12-15 10:36:15,683 - INFO - Processing swa
2025-12-15 10:36:15,785 - INFO - Processing tsn
2025-12-15 10:36:15,874 - INFO - Processing twi
2025-12-15 10:36:15,972 - INFO - Processing wol
2025-12-15 10:36:16,072 - INFO - Processing xho
2025-12-15 10:36:16,162 - INFO - Processing yor
2025-12-15 10:36:16,288 - INFO - Processing zul
2025-12-15 10:36:16,705 - INFO - === Layer 1 (mbert) — Top 5 (cosine) ===
2025-12-15 10:36:16,705 - INFO - 1. lug: cos=0.8805
2025-12-15 10:36:16,705 - INFO - 2. kin: cos=0.8678
2025-12-15 10:36:16,705 - INFO - 3. nya: cos=0.8655
2025-12-15 10:36:16,705 - INFO - 4. twi: cos=0.8560
2025-12-15 10:36:16,705 - INFO - 5. luo: cos=0.8450
2025-12-15 10:36:16,705 - INFO - === Layer 1 (mbert) — Worst 5 (cosine) ===
2025-12-15 10:36:16,705 - INFO - 1. yor: cos=0.6629
2025-12-15 10:36:16,705 - INFO - 2. bbj: cos=0.6938
2025-12-15 10:36:16,705 - INFO - 3. mos: cos=0.7439
2025-12-15 10:36:16,705 - INFO - 4. bam: cos=0.7524
2025-12-15 10:36:16,705 - INFO - 5. pcm: cos=0.7550
2025-12-15 10:36:16,823 - INFO - === Layer 2 (mbert) — Top 5 (cosine) ===
2025-12-15 10:36:16,823 - INFO - 1. lug: cos=0.8921
2025-12-15 10:36:16,823 - INFO - 2. kin: cos=0.8890
2025-12-15 10:36:16,823 - INFO - 3. nya: cos=0.8811
2025-12-15 10:36:16,823 - INFO - 4. twi: cos=0.8745
2025-12-15 10:36:16,823 - INFO - 5. luo: cos=0.8674
2025-12-15 10:36:16,823 - INFO - === Layer 2 (mbert) — Worst 5 (cosine) ===
2025-12-15 10:36:16,823 - INFO - 1. yor: cos=0.6961
2025-12-15 10:36:16,823 - INFO - 2. bbj: cos=0.7268
2025-12-15 10:36:16,823 - INFO - 3. pcm: cos=0.7601
2025-12-15 10:36:16,823 - INFO - 4. mos: cos=0.7706
2025-12-15 10:36:16,823 - INFO - 5. ewe: cos=0.7743
2025-12-15 10:36:16,942 - INFO - === Layer 3 (mbert) — Top 5 (cosine) ===
2025-12-15 10:36:16,942 - INFO - 1. kin: cos=0.9256
2025-12-15 10:36:16,942 - INFO - 2. twi: cos=0.9249
2025-12-15 10:36:16,942 - INFO - 3. luo: cos=0.9158
2025-12-15 10:36:16,942 - INFO - 4. ibo: cos=0.9127
2025-12-15 10:36:16,942 - INFO - 5. lug: cos=0.9092
2025-12-15 10:36:16,942 - INFO - === Layer 3 (mbert) — Worst 5 (cosine) ===
2025-12-15 10:36:16,942 - INFO - 1. yor: cos=0.8065
2025-12-15 10:36:16,942 - INFO - 2. bbj: cos=0.8205
2025-12-15 10:36:16,942 - INFO - 3. pcm: cos=0.8431
2025-12-15 10:36:16,942 - INFO - 4. ewe: cos=0.8495
2025-12-15 10:36:16,942 - INFO - 5. bam: cos=0.8539
2025-12-15 10:36:17,060 - INFO - === Layer 4 (mbert) — Top 5 (cosine) ===
2025-12-15 10:36:17,060 - INFO - 1. kin: cos=0.9444
2025-12-15 10:36:17,060 - INFO - 2. twi: cos=0.9416
2025-12-15 10:36:17,060 - INFO - 3. luo: cos=0.9343
2025-12-15 10:36:17,060 - INFO - 4. lug: cos=0.9321
2025-12-15 10:36:17,060 - INFO - 5. tsn: cos=0.9243
2025-12-15 10:36:17,060 - INFO - === Layer 4 (mbert) — Worst 5 (cosine) ===
2025-12-15 10:36:17,060 - INFO - 1. yor: cos=0.8440
2025-12-15 10:36:17,060 - INFO - 2. bbj: cos=0.8484
2025-12-15 10:36:17,060 - INFO - 3. pcm: cos=0.8655
2025-12-15 10:36:17,060 - INFO - 4. ewe: cos=0.8800
2025-12-15 10:36:17,060 - INFO - 5. mos: cos=0.8861
2025-12-15 10:36:17,180 - INFO - === Layer 5 (mbert) — Top 5 (cosine) ===
2025-12-15 10:36:17,180 - INFO - 1. twi: cos=0.9580
2025-12-15 10:36:17,180 - INFO - 2. kin: cos=0.9570
2025-12-15 10:36:17,180 - INFO - 3. luo: cos=0.9536
2025-12-15 10:36:17,180 - INFO - 4. lug: cos=0.9502
2025-12-15 10:36:17,180 - INFO - 5. tsn: cos=0.9453
2025-12-15 10:36:17,180 - INFO - === Layer 5 (mbert) — Worst 5 (cosine) ===
2025-12-15 10:36:17,180 - INFO - 1. yor: cos=0.8846
2025-12-15 10:36:17,180 - INFO - 2. bbj: cos=0.8892
2025-12-15 10:36:17,180 - INFO - 3. pcm: cos=0.9028
2025-12-15 10:36:17,180 - INFO - 4. ewe: cos=0.9120
2025-12-15 10:36:17,180 - INFO - 5. mos: cos=0.9180
2025-12-15 10:36:17,361 - INFO - === Layer 6 (mbert) — Top 5 (cosine) ===
2025-12-15 10:36:17,361 - INFO - 1. twi: cos=0.9642
2025-12-15 10:36:17,361 - INFO - 2. kin: cos=0.9638
2025-12-15 10:36:17,361 - INFO - 3. luo: cos=0.9603
2025-12-15 10:36:17,361 - INFO - 4. lug: cos=0.9578
2025-12-15 10:36:17,361 - INFO - 5. ibo: cos=0.9540
2025-12-15 10:36:17,361 - INFO - === Layer 6 (mbert) — Worst 5 (cosine) ===
2025-12-15 10:36:17,361 - INFO - 1. yor: cos=0.8909
2025-12-15 10:36:17,361 - INFO - 2. bbj: cos=0.9083
2025-12-15 10:36:17,361 - INFO - 3. pcm: cos=0.9186
2025-12-15 10:36:17,361 - INFO - 4. ewe: cos=0.9267
2025-12-15 10:36:17,361 - INFO - 5. xho: cos=0.9337
2025-12-15 10:36:17,480 - INFO - === Layer 7 (mbert) — Top 5 (cosine) ===
2025-12-15 10:36:17,480 - INFO - 1. twi: cos=0.9550
2025-12-15 10:36:17,480 - INFO - 2. kin: cos=0.9505
2025-12-15 10:36:17,480 - INFO - 3. lug: cos=0.9474
2025-12-15 10:36:17,480 - INFO - 4. nya: cos=0.9389
2025-12-15 10:36:17,480 - INFO - 5. ibo: cos=0.9354
2025-12-15 10:36:17,480 - INFO - === Layer 7 (mbert) — Worst 5 (cosine) ===
2025-12-15 10:36:17,480 - INFO - 1. yor: cos=0.8529
2025-12-15 10:36:17,480 - INFO - 2. bbj: cos=0.8895
2025-12-15 10:36:17,480 - INFO - 3. xho: cos=0.9021
2025-12-15 10:36:17,480 - INFO - 4. bam: cos=0.9090
2025-12-15 10:36:17,480 - INFO - 5. pcm: cos=0.9219
2025-12-15 10:36:17,598 - INFO - === Layer 8 (mbert) — Top 5 (cosine) ===
2025-12-15 10:36:17,598 - INFO - 1. twi: cos=0.9364
2025-12-15 10:36:17,598 - INFO - 2. lug: cos=0.9265
2025-12-15 10:36:17,598 - INFO - 3. kin: cos=0.9227
2025-12-15 10:36:17,598 - INFO - 4. nya: cos=0.9191
2025-12-15 10:36:17,598 - INFO - 5. ibo: cos=0.9177
2025-12-15 10:36:17,598 - INFO - === Layer 8 (mbert) — Worst 5 (cosine) ===
2025-12-15 10:36:17,598 - INFO - 1. yor: cos=0.8302
2025-12-15 10:36:17,598 - INFO - 2. bbj: cos=0.8600
2025-12-15 10:36:17,598 - INFO - 3. xho: cos=0.8687
2025-12-15 10:36:17,598 - INFO - 4. bam: cos=0.8842
2025-12-15 10:36:17,598 - INFO - 5. zul: cos=0.8898
2025-12-15 10:36:17,720 - INFO - === Layer 9 (mbert) — Top 5 (cosine) ===
2025-12-15 10:36:17,721 - INFO - 1. twi: cos=0.9533
2025-12-15 10:36:17,721 - INFO - 2. kin: cos=0.9486
2025-12-15 10:36:17,721 - INFO - 3. nya: cos=0.9455
2025-12-15 10:36:17,721 - INFO - 4. lug: cos=0.9435
2025-12-15 10:36:17,721 - INFO - 5. ibo: cos=0.9410
2025-12-15 10:36:17,721 - INFO - === Layer 9 (mbert) — Worst 5 (cosine) ===
2025-12-15 10:36:17,721 - INFO - 1. yor: cos=0.8621
2025-12-15 10:36:17,721 - INFO - 2. bbj: cos=0.9038
2025-12-15 10:36:17,721 - INFO - 3. xho: cos=0.9128
2025-12-15 10:36:17,721 - INFO - 4. bam: cos=0.9146
2025-12-15 10:36:17,721 - INFO - 5. zul: cos=0.9269
2025-12-15 10:36:17,840 - INFO - === Layer 10 (mbert) — Top 5 (cosine) ===
2025-12-15 10:36:17,840 - INFO - 1. lug: cos=0.9653
2025-12-15 10:36:17,840 - INFO - 2. twi: cos=0.9635
2025-12-15 10:36:17,840 - INFO - 3. kin: cos=0.9612
2025-12-15 10:36:17,840 - INFO - 4. luo: cos=0.9587
2025-12-15 10:36:17,840 - INFO - 5. nya: cos=0.9587
2025-12-15 10:36:17,840 - INFO - === Layer 10 (mbert) — Worst 5 (cosine) ===
2025-12-15 10:36:17,840 - INFO - 1. yor: cos=0.8946
2025-12-15 10:36:17,840 - INFO - 2. bam: cos=0.9257
2025-12-15 10:36:17,840 - INFO - 3. bbj: cos=0.9261
2025-12-15 10:36:17,840 - INFO - 4. xho: cos=0.9293
2025-12-15 10:36:17,840 - INFO - 5. tsn: cos=0.9353
2025-12-15 10:36:17,958 - INFO - === Layer 11 (mbert) — Top 5 (cosine) ===
2025-12-15 10:36:17,958 - INFO - 1. twi: cos=0.9677
2025-12-15 10:36:17,958 - INFO - 2. lug: cos=0.9675
2025-12-15 10:36:17,958 - INFO - 3. nya: cos=0.9659
2025-12-15 10:36:17,958 - INFO - 4. luo: cos=0.9640
2025-12-15 10:36:17,958 - INFO - 5. kin: cos=0.9626
2025-12-15 10:36:17,958 - INFO - === Layer 11 (mbert) — Worst 5 (cosine) ===
2025-12-15 10:36:17,958 - INFO - 1. yor: cos=0.9028
2025-12-15 10:36:17,959 - INFO - 2. bam: cos=0.9215
2025-12-15 10:36:17,959 - INFO - 3. bbj: cos=0.9258
2025-12-15 10:36:17,959 - INFO - 4. xho: cos=0.9339
2025-12-15 10:36:17,959 - INFO - 5. pcm: cos=0.9388
2025-12-15 10:36:18,084 - INFO - === Layer 12 (mbert) — Top 5 (cosine) ===
2025-12-15 10:36:18,084 - INFO - 1. lug: cos=0.8350
2025-12-15 10:36:18,084 - INFO - 2. twi: cos=0.8258
2025-12-15 10:36:18,084 - INFO - 3. nya: cos=0.8157
2025-12-15 10:36:18,084 - INFO - 4. kin: cos=0.8097
2025-12-15 10:36:18,084 - INFO - 5. sna: cos=0.8031
2025-12-15 10:36:18,084 - INFO - === Layer 12 (mbert) — Worst 5 (cosine) ===
2025-12-15 10:36:18,084 - INFO - 1. yor: cos=0.6154
2025-12-15 10:36:18,084 - INFO - 2. bbj: cos=0.6360
2025-12-15 10:36:18,084 - INFO - 3. xho: cos=0.6949
2025-12-15 10:36:18,084 - INFO - 4. bam: cos=0.7282
2025-12-15 10:36:18,084 - INFO - 5. zul: cos=0.7371
2025-12-15 10:36:18,084 - INFO - Experiment finished successfully.
