2025-08-03 08:48:31,082 - INFO - Experiment started with model_type=mbert, use_cls=False, use_context=True, context_window=3, use_hybrid=True, max_tokens_per_type=500, output_dir=rq2_train_scripts/Embeddings/MEXA_inspired_strategy/outputs/mptc/mbert/config_6_clsfalse_ctxtrue_hybtrue/tokens_500_ctx3
2025-08-03 08:48:32,291 - INFO - Processing run
2025-08-03 08:48:33,989 - INFO - Processing bam
2025-08-03 08:48:37,162 - INFO - Processing bbj
2025-08-03 08:48:40,742 - INFO - Processing ewe
2025-08-03 08:48:44,301 - INFO - Processing fon
2025-08-03 08:48:47,854 - INFO - Processing hau
2025-08-03 08:48:51,474 - INFO - Processing ibo
2025-08-03 08:48:55,081 - INFO - Processing kin
2025-08-03 08:48:58,707 - INFO - Processing lug
2025-08-03 08:49:02,308 - INFO - Processing luo
2025-08-03 08:49:05,917 - INFO - Processing mos
2025-08-03 08:49:09,505 - INFO - Processing nya
2025-08-03 08:49:13,109 - INFO - Processing pcm
2025-08-03 08:49:16,691 - INFO - Processing sna
2025-08-03 08:49:20,302 - INFO - Processing swa
2025-08-03 08:49:23,893 - INFO - Processing tsn
2025-08-03 08:49:27,511 - INFO - Processing twi
2025-08-03 08:49:31,071 - INFO - Processing wol
2025-08-03 08:49:34,644 - INFO - Processing xho
2025-08-03 08:49:38,199 - INFO - Processing yor
2025-08-03 08:49:41,804 - INFO - Processing zul
2025-08-03 08:49:45,736 - INFO - Top 5 languages most similar to Runyankore:
2025-08-03 08:49:45,736 - INFO - 1. lug - Mean Similarity: 0.5493
2025-08-03 08:49:45,736 - INFO - 2. kin - Mean Similarity: 0.5297
2025-08-03 08:49:45,736 - INFO - 3. xho - Mean Similarity: 0.5188
2025-08-03 08:49:45,736 - INFO - 4. nya - Mean Similarity: 0.5174
2025-08-03 08:49:45,736 - INFO - 5. sna - Mean Similarity: 0.5147
2025-08-03 08:49:45,736 - INFO - Experiment finished successfully.
