2025-08-02 18:11:00,791 - INFO - Experiment started with model_type=xlmr, use_cls=True, use_context=True, context_window=3, use_hybrid=False, max_tokens_per_type=400, output_dir=rq2_train_scripts/Embeddings/MEXA_inspired_strategy/outputs/salt/xlmr/config_4_clstrue_ctxtrue_hybfalse/tokens_400_ctx3
2025-08-02 18:11:02,708 - INFO - Processing run
2025-08-02 18:11:14,015 - INFO - Processing bam
2025-08-02 18:11:24,066 - INFO - Processing bbj
2025-08-02 18:11:34,991 - INFO - Processing ewe
2025-08-02 18:11:46,453 - INFO - Processing fon
2025-08-02 18:11:57,809 - INFO - Processing hau
2025-08-02 18:12:08,842 - INFO - Processing ibo
2025-08-02 18:12:20,484 - INFO - Processing kin
2025-08-02 18:12:31,868 - INFO - Processing lug
2025-08-02 18:12:43,450 - INFO - Processing luo
2025-08-02 18:12:54,371 - INFO - Processing mos
2025-08-02 18:13:06,256 - INFO - Processing nya
2025-08-02 18:13:17,134 - INFO - Processing pcm
2025-08-02 18:13:28,747 - INFO - Processing sna
2025-08-02 18:13:40,260 - INFO - Processing swa
2025-08-02 18:13:51,478 - INFO - Processing tsn
2025-08-02 18:14:03,187 - INFO - Processing twi
2025-08-02 18:14:15,000 - INFO - Processing wol
2025-08-02 18:14:26,498 - INFO - Processing xho
2025-08-02 18:14:38,449 - INFO - Processing yor
2025-08-02 18:14:50,075 - INFO - Processing zul
2025-08-02 18:15:01,546 - INFO - Top 5 languages most similar to Runyankore:
2025-08-02 18:15:01,547 - INFO - 1. ewe - Mean Similarity: 0.9985
2025-08-02 18:15:01,547 - INFO - 2. tsn - Mean Similarity: 0.9985
2025-08-02 18:15:01,547 - INFO - 3. hau - Mean Similarity: 0.9984
2025-08-02 18:15:01,547 - INFO - 4. luo - Mean Similarity: 0.9982
2025-08-02 18:15:01,547 - INFO - 5. bam - Mean Similarity: 0.9982
2025-08-02 18:15:01,547 - INFO - Experiment finished successfully.
