2025-08-02 21:35:30,347 - INFO - Experiment started with model_type=xlmr, use_cls=True, use_context=True, context_window=3, use_hybrid=True, max_tokens_per_type=300, output_dir=rq2_train_scripts/Embeddings/MEXA_inspired_strategy/outputs/combined/xlmr/config_7_clstrue_ctxtrue_hybtrue/tokens_300_ctx3
2025-08-02 21:35:32,080 - INFO - Processing run
2025-08-02 21:35:35,276 - INFO - Processing bam
2025-08-02 21:35:37,984 - INFO - Processing bbj
2025-08-02 21:35:40,743 - INFO - Processing ewe
2025-08-02 21:35:43,493 - INFO - Processing fon
2025-08-02 21:35:46,276 - INFO - Processing hau
2025-08-02 21:35:49,061 - INFO - Processing ibo
2025-08-02 21:35:51,873 - INFO - Processing kin
2025-08-02 21:35:54,636 - INFO - Processing lug
2025-08-02 21:35:57,394 - INFO - Processing luo
2025-08-02 21:36:00,200 - INFO - Processing mos
2025-08-02 21:36:02,964 - INFO - Processing nya
2025-08-02 21:36:05,746 - INFO - Processing pcm
2025-08-02 21:36:08,523 - INFO - Processing sna
2025-08-02 21:36:11,339 - INFO - Processing swa
2025-08-02 21:36:14,111 - INFO - Processing tsn
2025-08-02 21:36:16,854 - INFO - Processing twi
2025-08-02 21:36:19,651 - INFO - Processing wol
2025-08-02 21:36:22,427 - INFO - Processing xho
2025-08-02 21:36:25,184 - INFO - Processing yor
2025-08-02 21:36:27,974 - INFO - Processing zul
2025-08-02 21:36:31,243 - INFO - Top 5 languages most similar to Runyankore:
2025-08-02 21:36:31,244 - INFO - 1. lug - Mean Similarity: 0.8117
2025-08-02 21:36:31,244 - INFO - 2. kin - Mean Similarity: 0.8057
2025-08-02 21:36:31,244 - INFO - 3. luo - Mean Similarity: 0.7937
2025-08-02 21:36:31,244 - INFO - 4. tsn - Mean Similarity: 0.7703
2025-08-02 21:36:31,244 - INFO - 5. pcm - Mean Similarity: 0.7672
2025-08-02 21:36:31,244 - INFO - Experiment finished successfully.
