2025-08-03 01:12:13,908 - INFO - Experiment started with model_type=mbert, use_cls=False, use_context=False, context_window=0, use_hybrid=True, max_tokens_per_type=400, output_dir=rq2_train_scripts/Embeddings/MEXA_inspired_strategy/outputs/salt/mbert/config_3_clsfalse_ctxfalse_hybtrue/tokens_400_ctx0
2025-08-03 01:12:15,301 - INFO - Processing run
2025-08-03 01:12:30,274 - INFO - Processing bam
2025-08-03 01:12:45,177 - INFO - Processing bbj
2025-08-03 01:13:00,255 - INFO - Processing ewe
2025-08-03 01:13:15,198 - INFO - Processing fon
2025-08-03 01:13:31,741 - INFO - Processing hau
2025-08-03 01:13:48,038 - INFO - Processing ibo
2025-08-03 01:14:03,478 - INFO - Processing kin
2025-08-03 01:14:19,749 - INFO - Processing lug
2025-08-03 01:14:35,824 - INFO - Processing luo
2025-08-03 01:14:51,299 - INFO - Processing mos
2025-08-03 01:15:07,318 - INFO - Processing nya
2025-08-03 01:15:22,870 - INFO - Processing pcm
2025-08-03 01:15:39,173 - INFO - Processing sna
2025-08-03 01:15:54,587 - INFO - Processing swa
2025-08-03 01:16:10,742 - INFO - Processing tsn
2025-08-03 01:16:26,776 - INFO - Processing twi
2025-08-03 01:16:42,495 - INFO - Processing wol
2025-08-03 01:16:58,277 - INFO - Processing xho
2025-08-03 01:17:12,975 - INFO - Processing yor
2025-08-03 01:17:28,770 - INFO - Processing zul
2025-08-03 01:17:45,290 - INFO - Top 5 languages most similar to Runyankore:
2025-08-03 01:17:45,290 - INFO - 1. lug - Mean Similarity: 0.6418
2025-08-03 01:17:45,290 - INFO - 2. luo - Mean Similarity: 0.6127
2025-08-03 01:17:45,290 - INFO - 3. kin - Mean Similarity: 0.6016
2025-08-03 01:17:45,290 - INFO - 4. twi - Mean Similarity: 0.5963
2025-08-03 01:17:45,290 - INFO - 5. ibo - Mean Similarity: 0.5949
2025-08-03 01:17:45,290 - INFO - Experiment finished successfully.
