2025-08-27 07:49:09,016 - INFO - Start: model_type=xlmr, use_cls=True, use_context=True, context_window=1, max_tokens_per_type=500, batch_size=64, output_dir=rq2_train_scripts/Embeddings/CLEAN/outputs/combined/xlmr/config_3_clstrue_ctxtrue/tokens_500_ctx1, save_prototypes=False, seed=42, fp16=True, max_length=96, langs=all, layers=all, span_mode=bio, pool=mean, entity_tags={'ORG', 'LOC', 'DATE', 'PER'}, title_suffix='L=all, tokens=500, ctx=1, cls=true, fp16=true'
2025-08-27 07:49:11,094 - INFO - Processing run
2025-08-27 07:49:11,518 - INFO - Processing bam
2025-08-27 07:49:11,578 - INFO - Processing bbj
2025-08-27 07:49:11,629 - INFO - Processing ewe
2025-08-27 07:49:11,685 - INFO - Processing fon
2025-08-27 07:49:11,748 - INFO - Processing hau
2025-08-27 07:49:11,820 - INFO - Processing ibo
2025-08-27 07:49:11,917 - INFO - Processing kin
2025-08-27 07:49:11,988 - INFO - Processing lug
2025-08-27 07:49:12,056 - INFO - Processing luo
2025-08-27 07:49:12,136 - INFO - Processing mos
2025-08-27 07:49:12,209 - INFO - Processing nya
2025-08-27 07:49:12,287 - INFO - Processing pcm
2025-08-27 07:49:12,376 - INFO - Processing sna
2025-08-27 07:49:12,430 - INFO - Processing swa
2025-08-27 07:49:12,499 - INFO - Processing tsn
2025-08-27 07:49:12,556 - INFO - Processing twi
2025-08-27 07:49:12,618 - INFO - Processing wol
2025-08-27 07:49:12,685 - INFO - Processing xho
2025-08-27 07:49:12,746 - INFO - Processing yor
2025-08-27 07:49:12,835 - INFO - Processing zul
2025-08-27 07:49:13,320 - INFO - === Layer 1 (xlmr) — Top 5 (cosine) ===
2025-08-27 07:49:13,320 - INFO - 1. kin: cos=1.0000
2025-08-27 07:49:13,320 - INFO - 2. lug: cos=1.0000
2025-08-27 07:49:13,320 - INFO - 3. nya: cos=1.0000
2025-08-27 07:49:13,320 - INFO - 4. sna: cos=1.0000
2025-08-27 07:49:13,320 - INFO - 5. tsn: cos=1.0000
2025-08-27 07:49:13,320 - INFO - === Layer 1 (xlmr) — Worst 5 (cosine) ===
2025-08-27 07:49:13,320 - INFO - 1. fon: cos=0.9997
2025-08-27 07:49:13,320 - INFO - 2. bam: cos=0.9998
2025-08-27 07:49:13,320 - INFO - 3. hau: cos=0.9999
2025-08-27 07:49:13,320 - INFO - 4. wol: cos=0.9999
2025-08-27 07:49:13,320 - INFO - 5. ibo: cos=0.9999
2025-08-27 07:49:13,457 - INFO - === Layer 2 (xlmr) — Top 5 (cosine) ===
2025-08-27 07:49:13,457 - INFO - 1. kin: cos=1.0000
2025-08-27 07:49:13,457 - INFO - 2. sna: cos=1.0000
2025-08-27 07:49:13,457 - INFO - 3. nya: cos=1.0000
2025-08-27 07:49:13,457 - INFO - 4. luo: cos=1.0000
2025-08-27 07:49:13,457 - INFO - 5. zul: cos=1.0000
2025-08-27 07:49:13,457 - INFO - === Layer 2 (xlmr) — Worst 5 (cosine) ===
2025-08-27 07:49:13,457 - INFO - 1. fon: cos=1.0000
2025-08-27 07:49:13,457 - INFO - 2. bam: cos=1.0000
2025-08-27 07:49:13,457 - INFO - 3. swa: cos=1.0000
2025-08-27 07:49:13,457 - INFO - 4. hau: cos=1.0000
2025-08-27 07:49:13,457 - INFO - 5. pcm: cos=1.0000
2025-08-27 07:49:13,586 - INFO - === Layer 3 (xlmr) — Top 5 (cosine) ===
2025-08-27 07:49:13,586 - INFO - 1. sna: cos=1.0000
2025-08-27 07:49:13,586 - INFO - 2. zul: cos=1.0000
2025-08-27 07:49:13,587 - INFO - 3. kin: cos=1.0000
2025-08-27 07:49:13,587 - INFO - 4. xho: cos=1.0000
2025-08-27 07:49:13,587 - INFO - 5. wol: cos=1.0000
2025-08-27 07:49:13,587 - INFO - === Layer 3 (xlmr) — Worst 5 (cosine) ===
2025-08-27 07:49:13,587 - INFO - 1. pcm: cos=1.0000
2025-08-27 07:49:13,587 - INFO - 2. swa: cos=1.0000
2025-08-27 07:49:13,587 - INFO - 3. tsn: cos=1.0000
2025-08-27 07:49:13,587 - INFO - 4. ewe: cos=1.0000
2025-08-27 07:49:13,587 - INFO - 5. luo: cos=1.0000
2025-08-27 07:49:13,718 - INFO - === Layer 4 (xlmr) — Top 5 (cosine) ===
2025-08-27 07:49:13,718 - INFO - 1. kin: cos=1.0000
2025-08-27 07:49:13,718 - INFO - 2. zul: cos=1.0000
2025-08-27 07:49:13,718 - INFO - 3. sna: cos=1.0000
2025-08-27 07:49:13,718 - INFO - 4. lug: cos=1.0000
2025-08-27 07:49:13,718 - INFO - 5. xho: cos=1.0000
2025-08-27 07:49:13,718 - INFO - === Layer 4 (xlmr) — Worst 5 (cosine) ===
2025-08-27 07:49:13,718 - INFO - 1. pcm: cos=1.0000
2025-08-27 07:49:13,718 - INFO - 2. swa: cos=1.0000
2025-08-27 07:49:13,718 - INFO - 3. ewe: cos=1.0000
2025-08-27 07:49:13,718 - INFO - 4. wol: cos=1.0000
2025-08-27 07:49:13,718 - INFO - 5. twi: cos=1.0000
2025-08-27 07:49:13,847 - INFO - === Layer 5 (xlmr) — Top 5 (cosine) ===
2025-08-27 07:49:13,847 - INFO - 1. nya: cos=1.0000
2025-08-27 07:49:13,847 - INFO - 2. kin: cos=1.0000
2025-08-27 07:49:13,847 - INFO - 3. sna: cos=1.0000
2025-08-27 07:49:13,847 - INFO - 4. lug: cos=1.0000
2025-08-27 07:49:13,847 - INFO - 5. luo: cos=1.0000
2025-08-27 07:49:13,847 - INFO - === Layer 5 (xlmr) — Worst 5 (cosine) ===
2025-08-27 07:49:13,847 - INFO - 1. fon: cos=1.0000
2025-08-27 07:49:13,847 - INFO - 2. hau: cos=1.0000
2025-08-27 07:49:13,847 - INFO - 3. swa: cos=1.0000
2025-08-27 07:49:13,847 - INFO - 4. pcm: cos=1.0000
2025-08-27 07:49:13,847 - INFO - 5. twi: cos=1.0000
2025-08-27 07:49:13,997 - INFO - === Layer 6 (xlmr) — Top 5 (cosine) ===
2025-08-27 07:49:13,997 - INFO - 1. kin: cos=1.0000
2025-08-27 07:49:13,997 - INFO - 2. nya: cos=1.0000
2025-08-27 07:49:13,997 - INFO - 3. sna: cos=1.0000
2025-08-27 07:49:13,997 - INFO - 4. lug: cos=1.0000
2025-08-27 07:49:13,997 - INFO - 5. wol: cos=1.0000
2025-08-27 07:49:13,997 - INFO - === Layer 6 (xlmr) — Worst 5 (cosine) ===
2025-08-27 07:49:13,997 - INFO - 1. fon: cos=1.0000
2025-08-27 07:49:13,997 - INFO - 2. hau: cos=1.0000
2025-08-27 07:49:13,997 - INFO - 3. swa: cos=1.0000
2025-08-27 07:49:13,998 - INFO - 4. pcm: cos=1.0000
2025-08-27 07:49:13,998 - INFO - 5. bbj: cos=1.0000
2025-08-27 07:49:14,126 - INFO - === Layer 7 (xlmr) — Top 5 (cosine) ===
2025-08-27 07:49:14,126 - INFO - 1. zul: cos=1.0000
2025-08-27 07:49:14,126 - INFO - 2. luo: cos=1.0000
2025-08-27 07:49:14,126 - INFO - 3. xho: cos=1.0000
2025-08-27 07:49:14,126 - INFO - 4. ibo: cos=1.0000
2025-08-27 07:49:14,126 - INFO - 5. pcm: cos=1.0000
2025-08-27 07:49:14,126 - INFO - === Layer 7 (xlmr) — Worst 5 (cosine) ===
2025-08-27 07:49:14,126 - INFO - 1. hau: cos=1.0000
2025-08-27 07:49:14,126 - INFO - 2. fon: cos=1.0000
2025-08-27 07:49:14,126 - INFO - 3. ewe: cos=1.0000
2025-08-27 07:49:14,126 - INFO - 4. mos: cos=1.0000
2025-08-27 07:49:14,126 - INFO - 5. bbj: cos=1.0000
2025-08-27 07:49:14,255 - INFO - === Layer 8 (xlmr) — Top 5 (cosine) ===
2025-08-27 07:49:14,255 - INFO - 1. zul: cos=1.0000
2025-08-27 07:49:14,255 - INFO - 2. xho: cos=1.0000
2025-08-27 07:49:14,255 - INFO - 3. kin: cos=1.0000
2025-08-27 07:49:14,255 - INFO - 4. luo: cos=1.0000
2025-08-27 07:49:14,255 - INFO - 5. nya: cos=1.0000
2025-08-27 07:49:14,255 - INFO - === Layer 8 (xlmr) — Worst 5 (cosine) ===
2025-08-27 07:49:14,255 - INFO - 1. hau: cos=0.9999
2025-08-27 07:49:14,255 - INFO - 2. bam: cos=1.0000
2025-08-27 07:49:14,255 - INFO - 3. pcm: cos=1.0000
2025-08-27 07:49:14,255 - INFO - 4. ewe: cos=1.0000
2025-08-27 07:49:14,255 - INFO - 5. lug: cos=1.0000
2025-08-27 07:49:14,460 - INFO - === Layer 9 (xlmr) — Top 5 (cosine) ===
2025-08-27 07:49:14,460 - INFO - 1. zul: cos=1.0000
2025-08-27 07:49:14,460 - INFO - 2. luo: cos=1.0000
2025-08-27 07:49:14,460 - INFO - 3. xho: cos=1.0000
2025-08-27 07:49:14,461 - INFO - 4. ibo: cos=1.0000
2025-08-27 07:49:14,461 - INFO - 5. tsn: cos=1.0000
2025-08-27 07:49:14,461 - INFO - === Layer 9 (xlmr) — Worst 5 (cosine) ===
2025-08-27 07:49:14,461 - INFO - 1. hau: cos=1.0000
2025-08-27 07:49:14,461 - INFO - 2. bam: cos=1.0000
2025-08-27 07:49:14,461 - INFO - 3. ewe: cos=1.0000
2025-08-27 07:49:14,461 - INFO - 4. bbj: cos=1.0000
2025-08-27 07:49:14,461 - INFO - 5. fon: cos=1.0000
2025-08-27 07:49:14,589 - INFO - === Layer 10 (xlmr) — Top 5 (cosine) ===
2025-08-27 07:49:14,589 - INFO - 1. ibo: cos=1.0000
2025-08-27 07:49:14,589 - INFO - 2. sna: cos=1.0000
2025-08-27 07:49:14,589 - INFO - 3. nya: cos=1.0000
2025-08-27 07:49:14,589 - INFO - 4. wol: cos=1.0000
2025-08-27 07:49:14,589 - INFO - 5. twi: cos=1.0000
2025-08-27 07:49:14,590 - INFO - === Layer 10 (xlmr) — Worst 5 (cosine) ===
2025-08-27 07:49:14,590 - INFO - 1. hau: cos=1.0000
2025-08-27 07:49:14,590 - INFO - 2. bam: cos=1.0000
2025-08-27 07:49:14,590 - INFO - 3. bbj: cos=1.0000
2025-08-27 07:49:14,590 - INFO - 4. ewe: cos=1.0000
2025-08-27 07:49:14,590 - INFO - 5. tsn: cos=1.0000
2025-08-27 07:49:14,718 - INFO - === Layer 11 (xlmr) — Top 5 (cosine) ===
2025-08-27 07:49:14,718 - INFO - 1. zul: cos=1.0000
2025-08-27 07:49:14,718 - INFO - 2. ewe: cos=1.0000
2025-08-27 07:49:14,718 - INFO - 3. twi: cos=1.0000
2025-08-27 07:49:14,718 - INFO - 4. tsn: cos=1.0000
2025-08-27 07:49:14,719 - INFO - 5. bam: cos=1.0000
2025-08-27 07:49:14,719 - INFO - === Layer 11 (xlmr) — Worst 5 (cosine) ===
2025-08-27 07:49:14,719 - INFO - 1. yor: cos=1.0000
2025-08-27 07:49:14,719 - INFO - 2. swa: cos=1.0000
2025-08-27 07:49:14,719 - INFO - 3. pcm: cos=1.0000
2025-08-27 07:49:14,719 - INFO - 4. luo: cos=1.0000
2025-08-27 07:49:14,719 - INFO - 5. lug: cos=1.0000
2025-08-27 07:49:14,850 - INFO - === Layer 12 (xlmr) — Top 5 (cosine) ===
2025-08-27 07:49:14,850 - INFO - 1. nya: cos=0.9999
2025-08-27 07:49:14,850 - INFO - 2. sna: cos=0.9998
2025-08-27 07:49:14,850 - INFO - 3. pcm: cos=0.9998
2025-08-27 07:49:14,850 - INFO - 4. swa: cos=0.9998
2025-08-27 07:49:14,850 - INFO - 5. twi: cos=0.9998
2025-08-27 07:49:14,850 - INFO - === Layer 12 (xlmr) — Worst 5 (cosine) ===
2025-08-27 07:49:14,850 - INFO - 1. zul: cos=0.9930
2025-08-27 07:49:14,850 - INFO - 2. xho: cos=0.9974
2025-08-27 07:49:14,850 - INFO - 3. tsn: cos=0.9980
2025-08-27 07:49:14,850 - INFO - 4. fon: cos=0.9987
2025-08-27 07:49:14,850 - INFO - 5. kin: cos=0.9990
2025-08-27 07:49:14,851 - INFO - Experiment finished successfully.
