2025-08-02 19:19:35,767 - INFO - Experiment started with model_type=xlmr, use_cls=False, use_context=False, context_window=2, use_hybrid=False, max_tokens_per_type=400, output_dir=rq2_train_scripts/Embeddings/MEXA_inspired_strategy/outputs/combined/xlmr/config_0_clsfalse_ctxfalse_hybfalse/tokens_400_ctx2
2025-08-02 19:19:37,468 - INFO - Processing run
2025-08-02 19:19:41,250 - INFO - Processing bam
2025-08-02 19:19:44,559 - INFO - Processing bbj
2025-08-02 19:19:48,133 - INFO - Processing ewe
2025-08-02 19:19:51,662 - INFO - Processing fon
2025-08-02 19:19:55,217 - INFO - Processing hau
2025-08-02 19:19:58,771 - INFO - Processing ibo
2025-08-02 19:20:02,392 - INFO - Processing kin
2025-08-02 19:20:05,970 - INFO - Processing lug
2025-08-02 19:20:09,507 - INFO - Processing luo
2025-08-02 19:20:13,076 - INFO - Processing mos
2025-08-02 19:20:16,672 - INFO - Processing nya
2025-08-02 19:20:20,266 - INFO - Processing pcm
2025-08-02 19:20:23,808 - INFO - Processing sna
2025-08-02 19:20:27,399 - INFO - Processing swa
2025-08-02 19:20:30,956 - INFO - Processing tsn
2025-08-02 19:20:34,502 - INFO - Processing twi
2025-08-02 19:20:38,066 - INFO - Processing wol
2025-08-02 19:20:41,661 - INFO - Processing xho
2025-08-02 19:20:45,248 - INFO - Processing yor
2025-08-02 19:20:48,891 - INFO - Processing zul
2025-08-02 19:20:52,946 - INFO - Top 5 languages most similar to Runyankore:
2025-08-02 19:20:52,947 - INFO - 1. lug - Mean Similarity: 0.9996
2025-08-02 19:20:52,947 - INFO - 2. kin - Mean Similarity: 0.9994
2025-08-02 19:20:52,947 - INFO - 3. luo - Mean Similarity: 0.9994
2025-08-02 19:20:52,947 - INFO - 4. twi - Mean Similarity: 0.9993
2025-08-02 19:20:52,947 - INFO - 5. ibo - Mean Similarity: 0.9993
2025-08-02 19:20:52,947 - INFO - Experiment finished successfully.
