2025-08-27 07:44:37,773 - INFO - Start: model_type=xlmr, use_cls=True, use_context=False, context_window=3, max_tokens_per_type=500, batch_size=64, output_dir=rq2_train_scripts/Embeddings/CLEAN/outputs/salt/xlmr/config_1_clstrue_ctxfalse/tokens_500_ctx3, save_prototypes=False, seed=42, fp16=True, max_length=96, langs=all, layers=all, span_mode=bio, pool=mean, entity_tags={'LOC', 'PER', 'ORG', 'DATE'}, title_suffix='L=all, tokens=500, ctx=3, cls=true, fp16=true'
2025-08-27 07:44:39,746 - INFO - Processing run
2025-08-27 07:44:40,248 - INFO - Processing bam
2025-08-27 07:44:40,306 - INFO - Processing bbj
2025-08-27 07:44:40,352 - INFO - Processing ewe
2025-08-27 07:44:40,399 - INFO - Processing fon
2025-08-27 07:44:40,462 - INFO - Processing hau
2025-08-27 07:44:40,528 - INFO - Processing ibo
2025-08-27 07:44:40,630 - INFO - Processing kin
2025-08-27 07:44:40,729 - INFO - Processing lug
2025-08-27 07:44:40,786 - INFO - Processing luo
2025-08-27 07:44:40,848 - INFO - Processing mos
2025-08-27 07:44:40,922 - INFO - Processing nya
2025-08-27 07:44:40,994 - INFO - Processing pcm
2025-08-27 07:44:41,047 - INFO - Processing sna
2025-08-27 07:44:41,106 - INFO - Processing swa
2025-08-27 07:44:41,194 - INFO - Processing tsn
2025-08-27 07:44:41,249 - INFO - Processing twi
2025-08-27 07:44:41,312 - INFO - Processing wol
2025-08-27 07:44:41,402 - INFO - Processing xho
2025-08-27 07:44:41,463 - INFO - Processing yor
2025-08-27 07:44:41,546 - INFO - Processing zul
2025-08-27 07:44:42,058 - INFO - === Layer 1 (xlmr) — Top 5 (cosine) ===
2025-08-27 07:44:42,058 - INFO - 1. kin: cos=0.9999
2025-08-27 07:44:42,058 - INFO - 2. twi: cos=0.9999
2025-08-27 07:44:42,058 - INFO - 3. luo: cos=0.9999
2025-08-27 07:44:42,058 - INFO - 4. ibo: cos=0.9999
2025-08-27 07:44:42,058 - INFO - 5. nya: cos=0.9998
2025-08-27 07:44:42,058 - INFO - === Layer 1 (xlmr) — Worst 5 (cosine) ===
2025-08-27 07:44:42,058 - INFO - 1. hau: cos=0.9995
2025-08-27 07:44:42,058 - INFO - 2. bam: cos=0.9995
2025-08-27 07:44:42,058 - INFO - 3. xho: cos=0.9995
2025-08-27 07:44:42,058 - INFO - 4. fon: cos=0.9995
2025-08-27 07:44:42,058 - INFO - 5. pcm: cos=0.9995
2025-08-27 07:44:42,188 - INFO - === Layer 2 (xlmr) — Top 5 (cosine) ===
2025-08-27 07:44:42,188 - INFO - 1. kin: cos=1.0000
2025-08-27 07:44:42,188 - INFO - 2. luo: cos=1.0000
2025-08-27 07:44:42,188 - INFO - 3. twi: cos=1.0000
2025-08-27 07:44:42,188 - INFO - 4. ibo: cos=1.0000
2025-08-27 07:44:42,188 - INFO - 5. nya: cos=1.0000
2025-08-27 07:44:42,188 - INFO - === Layer 2 (xlmr) — Worst 5 (cosine) ===
2025-08-27 07:44:42,188 - INFO - 1. pcm: cos=0.9999
2025-08-27 07:44:42,188 - INFO - 2. bam: cos=0.9999
2025-08-27 07:44:42,188 - INFO - 3. bbj: cos=0.9999
2025-08-27 07:44:42,188 - INFO - 4. hau: cos=0.9999
2025-08-27 07:44:42,188 - INFO - 5. xho: cos=0.9999
2025-08-27 07:44:42,313 - INFO - === Layer 3 (xlmr) — Top 5 (cosine) ===
2025-08-27 07:44:42,313 - INFO - 1. luo: cos=1.0000
2025-08-27 07:44:42,313 - INFO - 2. kin: cos=1.0000
2025-08-27 07:44:42,313 - INFO - 3. twi: cos=1.0000
2025-08-27 07:44:42,313 - INFO - 4. hau: cos=1.0000
2025-08-27 07:44:42,313 - INFO - 5. zul: cos=1.0000
2025-08-27 07:44:42,313 - INFO - === Layer 3 (xlmr) — Worst 5 (cosine) ===
2025-08-27 07:44:42,313 - INFO - 1. pcm: cos=1.0000
2025-08-27 07:44:42,313 - INFO - 2. swa: cos=1.0000
2025-08-27 07:44:42,313 - INFO - 3. bbj: cos=1.0000
2025-08-27 07:44:42,313 - INFO - 4. nya: cos=1.0000
2025-08-27 07:44:42,313 - INFO - 5. fon: cos=1.0000
2025-08-27 07:44:42,437 - INFO - === Layer 4 (xlmr) — Top 5 (cosine) ===
2025-08-27 07:44:42,437 - INFO - 1. kin: cos=1.0000
2025-08-27 07:44:42,437 - INFO - 2. twi: cos=1.0000
2025-08-27 07:44:42,437 - INFO - 3. luo: cos=1.0000
2025-08-27 07:44:42,437 - INFO - 4. sna: cos=1.0000
2025-08-27 07:44:42,437 - INFO - 5. zul: cos=1.0000
2025-08-27 07:44:42,437 - INFO - === Layer 4 (xlmr) — Worst 5 (cosine) ===
2025-08-27 07:44:42,437 - INFO - 1. yor: cos=1.0000
2025-08-27 07:44:42,437 - INFO - 2. hau: cos=1.0000
2025-08-27 07:44:42,437 - INFO - 3. bam: cos=1.0000
2025-08-27 07:44:42,437 - INFO - 4. pcm: cos=1.0000
2025-08-27 07:44:42,437 - INFO - 5. wol: cos=1.0000
2025-08-27 07:44:42,591 - INFO - === Layer 5 (xlmr) — Top 5 (cosine) ===
2025-08-27 07:44:42,592 - INFO - 1. twi: cos=1.0000
2025-08-27 07:44:42,592 - INFO - 2. kin: cos=1.0000
2025-08-27 07:44:42,592 - INFO - 3. luo: cos=1.0000
2025-08-27 07:44:42,592 - INFO - 4. zul: cos=1.0000
2025-08-27 07:44:42,592 - INFO - 5. ibo: cos=1.0000
2025-08-27 07:44:42,592 - INFO - === Layer 5 (xlmr) — Worst 5 (cosine) ===
2025-08-27 07:44:42,592 - INFO - 1. hau: cos=1.0000
2025-08-27 07:44:42,592 - INFO - 2. pcm: cos=1.0000
2025-08-27 07:44:42,592 - INFO - 3. fon: cos=1.0000
2025-08-27 07:44:42,592 - INFO - 4. nya: cos=1.0000
2025-08-27 07:44:42,592 - INFO - 5. lug: cos=1.0000
2025-08-27 07:44:42,721 - INFO - === Layer 6 (xlmr) — Top 5 (cosine) ===
2025-08-27 07:44:42,721 - INFO - 1. twi: cos=1.0000
2025-08-27 07:44:42,721 - INFO - 2. kin: cos=1.0000
2025-08-27 07:44:42,721 - INFO - 3. luo: cos=1.0000
2025-08-27 07:44:42,721 - INFO - 4. ibo: cos=1.0000
2025-08-27 07:44:42,721 - INFO - 5. ewe: cos=1.0000
2025-08-27 07:44:42,721 - INFO - === Layer 6 (xlmr) — Worst 5 (cosine) ===
2025-08-27 07:44:42,721 - INFO - 1. pcm: cos=1.0000
2025-08-27 07:44:42,721 - INFO - 2. hau: cos=1.0000
2025-08-27 07:44:42,721 - INFO - 3. fon: cos=1.0000
2025-08-27 07:44:42,721 - INFO - 4. nya: cos=1.0000
2025-08-27 07:44:42,721 - INFO - 5. mos: cos=1.0000
2025-08-27 07:44:42,852 - INFO - === Layer 7 (xlmr) — Top 5 (cosine) ===
2025-08-27 07:44:42,852 - INFO - 1. kin: cos=1.0000
2025-08-27 07:44:42,852 - INFO - 2. fon: cos=1.0000
2025-08-27 07:44:42,852 - INFO - 3. sna: cos=1.0000
2025-08-27 07:44:42,852 - INFO - 4. ewe: cos=1.0000
2025-08-27 07:44:42,852 - INFO - 5. bbj: cos=1.0000
2025-08-27 07:44:42,852 - INFO - === Layer 7 (xlmr) — Worst 5 (cosine) ===
2025-08-27 07:44:42,852 - INFO - 1. hau: cos=1.0000
2025-08-27 07:44:42,852 - INFO - 2. tsn: cos=1.0000
2025-08-27 07:44:42,852 - INFO - 3. nya: cos=1.0000
2025-08-27 07:44:42,852 - INFO - 4. zul: cos=1.0000
2025-08-27 07:44:42,852 - INFO - 5. mos: cos=1.0000
2025-08-27 07:44:42,981 - INFO - === Layer 8 (xlmr) — Top 5 (cosine) ===
2025-08-27 07:44:42,981 - INFO - 1. kin: cos=1.0000
2025-08-27 07:44:42,981 - INFO - 2. lug: cos=1.0000
2025-08-27 07:44:42,981 - INFO - 3. xho: cos=1.0000
2025-08-27 07:44:42,981 - INFO - 4. tsn: cos=1.0000
2025-08-27 07:44:42,981 - INFO - 5. nya: cos=1.0000
2025-08-27 07:44:42,981 - INFO - === Layer 8 (xlmr) — Worst 5 (cosine) ===
2025-08-27 07:44:42,981 - INFO - 1. ewe: cos=0.9999
2025-08-27 07:44:42,981 - INFO - 2. bbj: cos=1.0000
2025-08-27 07:44:42,981 - INFO - 3. swa: cos=1.0000
2025-08-27 07:44:42,981 - INFO - 4. pcm: cos=1.0000
2025-08-27 07:44:42,981 - INFO - 5. fon: cos=1.0000
2025-08-27 07:44:43,181 - INFO - === Layer 9 (xlmr) — Top 5 (cosine) ===
2025-08-27 07:44:43,181 - INFO - 1. kin: cos=1.0000
2025-08-27 07:44:43,182 - INFO - 2. sna: cos=1.0000
2025-08-27 07:44:43,182 - INFO - 3. bam: cos=1.0000
2025-08-27 07:44:43,182 - INFO - 4. twi: cos=1.0000
2025-08-27 07:44:43,182 - INFO - 5. lug: cos=1.0000
2025-08-27 07:44:43,182 - INFO - === Layer 9 (xlmr) — Worst 5 (cosine) ===
2025-08-27 07:44:43,182 - INFO - 1. pcm: cos=1.0000
2025-08-27 07:44:43,182 - INFO - 2. hau: cos=1.0000
2025-08-27 07:44:43,182 - INFO - 3. ewe: cos=1.0000
2025-08-27 07:44:43,182 - INFO - 4. swa: cos=1.0000
2025-08-27 07:44:43,182 - INFO - 5. nya: cos=1.0000
2025-08-27 07:44:43,310 - INFO - === Layer 10 (xlmr) — Top 5 (cosine) ===
2025-08-27 07:44:43,310 - INFO - 1. kin: cos=1.0000
2025-08-27 07:44:43,310 - INFO - 2. luo: cos=1.0000
2025-08-27 07:44:43,310 - INFO - 3. zul: cos=1.0000
2025-08-27 07:44:43,310 - INFO - 4. twi: cos=1.0000
2025-08-27 07:44:43,310 - INFO - 5. bam: cos=1.0000
2025-08-27 07:44:43,310 - INFO - === Layer 10 (xlmr) — Worst 5 (cosine) ===
2025-08-27 07:44:43,310 - INFO - 1. pcm: cos=1.0000
2025-08-27 07:44:43,310 - INFO - 2. fon: cos=1.0000
2025-08-27 07:44:43,310 - INFO - 3. xho: cos=1.0000
2025-08-27 07:44:43,311 - INFO - 4. mos: cos=1.0000
2025-08-27 07:44:43,311 - INFO - 5. hau: cos=1.0000
2025-08-27 07:44:43,441 - INFO - === Layer 11 (xlmr) — Top 5 (cosine) ===
2025-08-27 07:44:43,441 - INFO - 1. ibo: cos=1.0000
2025-08-27 07:44:43,441 - INFO - 2. kin: cos=1.0000
2025-08-27 07:44:43,441 - INFO - 3. ewe: cos=1.0000
2025-08-27 07:44:43,441 - INFO - 4. hau: cos=1.0000
2025-08-27 07:44:43,441 - INFO - 5. twi: cos=1.0000
2025-08-27 07:44:43,441 - INFO - === Layer 11 (xlmr) — Worst 5 (cosine) ===
2025-08-27 07:44:43,441 - INFO - 1. bam: cos=0.9999
2025-08-27 07:44:43,441 - INFO - 2. bbj: cos=0.9999
2025-08-27 07:44:43,441 - INFO - 3. sna: cos=1.0000
2025-08-27 07:44:43,441 - INFO - 4. yor: cos=1.0000
2025-08-27 07:44:43,441 - INFO - 5. zul: cos=1.0000
2025-08-27 07:44:43,569 - INFO - === Layer 12 (xlmr) — Top 5 (cosine) ===
2025-08-27 07:44:43,569 - INFO - 1. kin: cos=0.9999
2025-08-27 07:44:43,569 - INFO - 2. luo: cos=0.9999
2025-08-27 07:44:43,569 - INFO - 3. nya: cos=0.9999
2025-08-27 07:44:43,569 - INFO - 4. lug: cos=0.9999
2025-08-27 07:44:43,569 - INFO - 5. wol: cos=0.9999
2025-08-27 07:44:43,569 - INFO - === Layer 12 (xlmr) — Worst 5 (cosine) ===
2025-08-27 07:44:43,569 - INFO - 1. pcm: cos=0.9981
2025-08-27 07:44:43,569 - INFO - 2. fon: cos=0.9990
2025-08-27 07:44:43,569 - INFO - 3. hau: cos=0.9991
2025-08-27 07:44:43,569 - INFO - 4. tsn: cos=0.9997
2025-08-27 07:44:43,569 - INFO - 5. xho: cos=0.9997
2025-08-27 07:44:43,570 - INFO - Experiment finished successfully.
