2025-08-02 20:57:23,303 - INFO - Experiment started with model_type=xlmr, use_cls=True, use_context=False, context_window=3, use_hybrid=True, max_tokens_per_type=300, output_dir=rq2_train_scripts/Embeddings/MEXA_inspired_strategy/outputs/combined/xlmr/config_5_clstrue_ctxfalse_hybtrue/tokens_300_ctx3
2025-08-02 20:57:25,023 - INFO - Processing run
2025-08-02 20:57:28,144 - INFO - Processing bam
2025-08-02 20:57:30,816 - INFO - Processing bbj
2025-08-02 20:57:33,535 - INFO - Processing ewe
2025-08-02 20:57:36,235 - INFO - Processing fon
2025-08-02 20:57:38,967 - INFO - Processing hau
2025-08-02 20:57:41,692 - INFO - Processing ibo
2025-08-02 20:57:44,452 - INFO - Processing kin
2025-08-02 20:57:47,155 - INFO - Processing lug
2025-08-02 20:57:49,819 - INFO - Processing luo
2025-08-02 20:57:52,525 - INFO - Processing mos
2025-08-02 20:57:55,248 - INFO - Processing nya
2025-08-02 20:57:57,959 - INFO - Processing pcm
2025-08-02 20:58:00,639 - INFO - Processing sna
2025-08-02 20:58:03,358 - INFO - Processing swa
2025-08-02 20:58:06,051 - INFO - Processing tsn
2025-08-02 20:58:08,717 - INFO - Processing twi
2025-08-02 20:58:11,393 - INFO - Processing wol
2025-08-02 20:58:14,080 - INFO - Processing xho
2025-08-02 20:58:16,767 - INFO - Processing yor
2025-08-02 20:58:19,503 - INFO - Processing zul
2025-08-02 20:58:22,689 - INFO - Top 5 languages most similar to Runyankore:
2025-08-02 20:58:22,689 - INFO - 1. lug - Mean Similarity: 0.9420
2025-08-02 20:58:22,689 - INFO - 2. tsn - Mean Similarity: 0.9204
2025-08-02 20:58:22,690 - INFO - 3. luo - Mean Similarity: 0.9204
2025-08-02 20:58:22,690 - INFO - 4. nya - Mean Similarity: 0.9177
2025-08-02 20:58:22,690 - INFO - 5. kin - Mean Similarity: 0.9160
2025-08-02 20:58:22,690 - INFO - Experiment finished successfully.
