2025-08-03 05:09:25,898 - INFO - Experiment started with model_type=xlmr, use_cls=True, use_context=False, context_window=0, use_hybrid=False, max_tokens_per_type=300, output_dir=rq2_train_scripts/Embeddings/MEXA_inspired_strategy/outputs/mptc/xlmr/config_1_clstrue_ctxfalse_hybfalse/tokens_300_ctx0
2025-08-03 05:09:27,379 - INFO - Processing run
2025-08-03 05:09:29,173 - INFO - Processing bam
2025-08-03 05:09:31,646 - INFO - Processing bbj
2025-08-03 05:09:34,163 - INFO - Processing ewe
2025-08-03 05:09:36,666 - INFO - Processing fon
2025-08-03 05:09:39,203 - INFO - Processing hau
2025-08-03 05:09:41,721 - INFO - Processing ibo
2025-08-03 05:09:44,282 - INFO - Processing kin
2025-08-03 05:09:46,805 - INFO - Processing lug
2025-08-03 05:09:49,298 - INFO - Processing luo
2025-08-03 05:09:51,816 - INFO - Processing mos
2025-08-03 05:09:54,346 - INFO - Processing nya
2025-08-03 05:09:56,876 - INFO - Processing pcm
2025-08-03 05:09:59,373 - INFO - Processing sna
2025-08-03 05:10:01,909 - INFO - Processing swa
2025-08-03 05:10:04,416 - INFO - Processing tsn
2025-08-03 05:10:06,905 - INFO - Processing twi
2025-08-03 05:10:09,412 - INFO - Processing wol
2025-08-03 05:10:11,942 - INFO - Processing xho
2025-08-03 05:10:14,470 - INFO - Processing yor
2025-08-03 05:10:17,030 - INFO - Processing zul
2025-08-03 05:10:19,989 - INFO - Top 5 languages most similar to Runyankore:
2025-08-03 05:10:19,989 - INFO - 1. lug - Mean Similarity: 0.9999
2025-08-03 05:10:19,989 - INFO - 2. luo - Mean Similarity: 0.9999
2025-08-03 05:10:19,989 - INFO - 3. tsn - Mean Similarity: 0.9999
2025-08-03 05:10:19,989 - INFO - 4. kin - Mean Similarity: 0.9999
2025-08-03 05:10:19,989 - INFO - 5. nya - Mean Similarity: 0.9999
2025-08-03 05:10:19,989 - INFO - Experiment finished successfully.
