2025-08-24 11:50:14,847 - INFO - Start: model_type=mbert, run_both=False, use_cls=True, use_context=True, context_window=3, max_tokens_per_type=200, batch_size=32, seed=1, num_middle_layers=3, output_dir=rq2_train_scripts/Embeddings/EXTENDED/outputs/mptc_extended/mbert/config_4_clstrue_ctxtrue_hybfalse/tokens_200_ctx3
2025-08-24 11:50:15,361 - INFO - mbert: selected layer indices (hidden_states) = [2, 3, 10, 12]
2025-08-24 11:50:16,249 - INFO - Processing run
2025-08-24 11:50:16,692 - INFO - Processing bam
2025-08-24 11:50:16,797 - INFO - Processing bbj
2025-08-24 11:50:16,870 - INFO - Processing ewe
2025-08-24 11:50:16,965 - INFO - Processing fon
2025-08-24 11:50:17,092 - INFO - Processing hau
2025-08-24 11:50:17,183 - INFO - Processing ibo
2025-08-24 11:50:17,316 - INFO - Processing kin
2025-08-24 11:50:17,418 - INFO - Processing lug
2025-08-24 11:50:17,505 - INFO - Processing luo
2025-08-24 11:50:17,604 - INFO - Processing mos
2025-08-24 11:50:17,699 - INFO - Processing nya
2025-08-24 11:50:17,813 - INFO - Processing pcm
2025-08-24 11:50:17,890 - INFO - Processing sna
2025-08-24 11:50:18,006 - INFO - Processing swa
2025-08-24 11:50:18,119 - INFO - Processing tsn
2025-08-24 11:50:18,189 - INFO - Processing twi
2025-08-24 11:50:18,261 - INFO - Processing wol
2025-08-24 11:50:18,340 - INFO - Processing xho
2025-08-24 11:50:18,422 - INFO - Processing yor
2025-08-24 11:50:18,538 - INFO - Processing zul
2025-08-24 11:50:18,885 - INFO - Layer 2 (mbert) — Top 5
2025-08-24 11:50:18,885 - INFO - 1. lug: r=0.9999
2025-08-24 11:50:18,885 - INFO - 2. nya: r=0.9999
2025-08-24 11:50:18,885 - INFO - 3. xho: r=0.9999
2025-08-24 11:50:18,885 - INFO - 4. luo: r=0.9999
2025-08-24 11:50:18,885 - INFO - 5. zul: r=0.9999
2025-08-24 11:50:18,885 - INFO - Layer 2 (mbert) — Worst 5
2025-08-24 11:50:18,885 - INFO - 1. yor: r=0.9998
2025-08-24 11:50:18,885 - INFO - 2. fon: r=0.9998
2025-08-24 11:50:18,885 - INFO - 3. pcm: r=0.9998
2025-08-24 11:50:18,885 - INFO - 4. bbj: r=0.9998
2025-08-24 11:50:18,885 - INFO - 5. ewe: r=0.9999
2025-08-24 11:50:19,005 - INFO - Layer 3 (mbert) — Top 5
2025-08-24 11:50:19,005 - INFO - 1. nya: r=1.0000
2025-08-24 11:50:19,005 - INFO - 2. lug: r=1.0000
2025-08-24 11:50:19,005 - INFO - 3. xho: r=1.0000
2025-08-24 11:50:19,005 - INFO - 4. zul: r=1.0000
2025-08-24 11:50:19,006 - INFO - 5. hau: r=1.0000
2025-08-24 11:50:19,006 - INFO - Layer 3 (mbert) — Worst 5
2025-08-24 11:50:19,006 - INFO - 1. pcm: r=0.9999
2025-08-24 11:50:19,006 - INFO - 2. yor: r=0.9999
2025-08-24 11:50:19,006 - INFO - 3. bbj: r=0.9999
2025-08-24 11:50:19,006 - INFO - 4. fon: r=0.9999
2025-08-24 11:50:19,006 - INFO - 5. ewe: r=0.9999
2025-08-24 11:50:19,121 - INFO - Layer 10 (mbert) — Top 5
2025-08-24 11:50:19,121 - INFO - 1. nya: r=0.9822
2025-08-24 11:50:19,121 - INFO - 2. lug: r=0.9816
2025-08-24 11:50:19,121 - INFO - 3. kin: r=0.9804
2025-08-24 11:50:19,121 - INFO - 4. hau: r=0.9799
2025-08-24 11:50:19,121 - INFO - 5. sna: r=0.9786
2025-08-24 11:50:19,121 - INFO - Layer 10 (mbert) — Worst 5
2025-08-24 11:50:19,121 - INFO - 1. pcm: r=0.9527
2025-08-24 11:50:19,121 - INFO - 2. swa: r=0.9566
2025-08-24 11:50:19,121 - INFO - 3. bbj: r=0.9615
2025-08-24 11:50:19,121 - INFO - 4. fon: r=0.9617
2025-08-24 11:50:19,121 - INFO - 5. yor: r=0.9627
2025-08-24 11:50:19,264 - INFO - Layer 12 (mbert) — Top 5
2025-08-24 11:50:19,264 - INFO - 1. nya: r=0.9823
2025-08-24 11:50:19,264 - INFO - 2. lug: r=0.9803
2025-08-24 11:50:19,264 - INFO - 3. kin: r=0.9800
2025-08-24 11:50:19,264 - INFO - 4. sna: r=0.9793
2025-08-24 11:50:19,264 - INFO - 5. zul: r=0.9768
2025-08-24 11:50:19,264 - INFO - Layer 12 (mbert) — Worst 5
2025-08-24 11:50:19,264 - INFO - 1. bbj: r=0.9160
2025-08-24 11:50:19,264 - INFO - 2. fon: r=0.9188
2025-08-24 11:50:19,264 - INFO - 3. pcm: r=0.9345
2025-08-24 11:50:19,264 - INFO - 4. yor: r=0.9487
2025-08-24 11:50:19,264 - INFO - 5. ewe: r=0.9563
2025-08-24 11:50:19,265 - INFO - Experiment finished successfully.
