2025-08-27 10:08:18,080 - INFO - Start: model_type=xlmr, use_cls=True, use_context=True, context_window=1, max_tokens_per_type=400, batch_size=64, output_dir=rq2_train_scripts/Embeddings/CLEAN/outputs/combined/xlmr/config_3_clstrue_ctxtrue/tokens_400_ctx1/core, save_prototypes=False, seed=42, fp16=True, max_length=96, langs=all, layers=all, span_mode=bio, pool=mean, entity_tags={'PER', 'ORG', 'LOC', 'DATE'}, title_suffix='L=all, tokens=400, ctx=1, cls=true, fp16=true'
2025-08-27 10:08:20,185 - INFO - Processing run
2025-08-27 10:08:20,675 - INFO - Processing bam
2025-08-27 10:08:20,755 - INFO - Processing bbj
2025-08-27 10:08:20,821 - INFO - Processing ewe
2025-08-27 10:08:20,886 - INFO - Processing fon
2025-08-27 10:08:20,950 - INFO - Processing hau
2025-08-27 10:08:21,013 - INFO - Processing ibo
2025-08-27 10:08:21,104 - INFO - Processing kin
2025-08-27 10:08:21,169 - INFO - Processing lug
2025-08-27 10:08:21,220 - INFO - Processing luo
2025-08-27 10:08:21,278 - INFO - Processing mos
2025-08-27 10:08:21,341 - INFO - Processing nya
2025-08-27 10:08:21,458 - INFO - Processing pcm
2025-08-27 10:08:21,530 - INFO - Processing sna
2025-08-27 10:08:21,589 - INFO - Processing swa
2025-08-27 10:08:21,654 - INFO - Processing tsn
2025-08-27 10:08:21,699 - INFO - Processing twi
2025-08-27 10:08:21,758 - INFO - Processing wol
2025-08-27 10:08:21,819 - INFO - Processing xho
2025-08-27 10:08:21,865 - INFO - Processing yor
2025-08-27 10:08:21,943 - INFO - Processing zul
2025-08-27 10:08:22,415 - INFO - === Layer 1 (xlmr) — Top 5 (cosine) ===
2025-08-27 10:08:22,415 - INFO - 1. kin: cos=1.0000
2025-08-27 10:08:22,415 - INFO - 2. lug: cos=1.0000
2025-08-27 10:08:22,415 - INFO - 3. tsn: cos=1.0000
2025-08-27 10:08:22,415 - INFO - 4. nya: cos=1.0000
2025-08-27 10:08:22,415 - INFO - 5. sna: cos=1.0000
2025-08-27 10:08:22,415 - INFO - === Layer 1 (xlmr) — Worst 5 (cosine) ===
2025-08-27 10:08:22,415 - INFO - 1. fon: cos=0.9997
2025-08-27 10:08:22,415 - INFO - 2. bam: cos=0.9998
2025-08-27 10:08:22,415 - INFO - 3. hau: cos=0.9998
2025-08-27 10:08:22,415 - INFO - 4. wol: cos=0.9998
2025-08-27 10:08:22,415 - INFO - 5. yor: cos=0.9999
2025-08-27 10:08:22,542 - INFO - === Layer 2 (xlmr) — Top 5 (cosine) ===
2025-08-27 10:08:22,542 - INFO - 1. nya: cos=1.0000
2025-08-27 10:08:22,542 - INFO - 2. kin: cos=1.0000
2025-08-27 10:08:22,542 - INFO - 3. sna: cos=1.0000
2025-08-27 10:08:22,542 - INFO - 4. luo: cos=1.0000
2025-08-27 10:08:22,542 - INFO - 5. xho: cos=1.0000
2025-08-27 10:08:22,542 - INFO - === Layer 2 (xlmr) — Worst 5 (cosine) ===
2025-08-27 10:08:22,542 - INFO - 1. fon: cos=1.0000
2025-08-27 10:08:22,542 - INFO - 2. bam: cos=1.0000
2025-08-27 10:08:22,542 - INFO - 3. hau: cos=1.0000
2025-08-27 10:08:22,542 - INFO - 4. swa: cos=1.0000
2025-08-27 10:08:22,542 - INFO - 5. pcm: cos=1.0000
2025-08-27 10:08:22,673 - INFO - === Layer 3 (xlmr) — Top 5 (cosine) ===
2025-08-27 10:08:22,673 - INFO - 1. xho: cos=1.0000
2025-08-27 10:08:22,673 - INFO - 2. zul: cos=1.0000
2025-08-27 10:08:22,673 - INFO - 3. sna: cos=1.0000
2025-08-27 10:08:22,673 - INFO - 4. kin: cos=1.0000
2025-08-27 10:08:22,673 - INFO - 5. yor: cos=1.0000
2025-08-27 10:08:22,673 - INFO - === Layer 3 (xlmr) — Worst 5 (cosine) ===
2025-08-27 10:08:22,673 - INFO - 1. pcm: cos=1.0000
2025-08-27 10:08:22,673 - INFO - 2. swa: cos=1.0000
2025-08-27 10:08:22,673 - INFO - 3. ewe: cos=1.0000
2025-08-27 10:08:22,673 - INFO - 4. tsn: cos=1.0000
2025-08-27 10:08:22,673 - INFO - 5. luo: cos=1.0000
2025-08-27 10:08:22,838 - INFO - === Layer 4 (xlmr) — Top 5 (cosine) ===
2025-08-27 10:08:22,838 - INFO - 1. lug: cos=1.0000
2025-08-27 10:08:22,838 - INFO - 2. kin: cos=1.0000
2025-08-27 10:08:22,838 - INFO - 3. zul: cos=1.0000
2025-08-27 10:08:22,838 - INFO - 4. sna: cos=1.0000
2025-08-27 10:08:22,838 - INFO - 5. xho: cos=1.0000
2025-08-27 10:08:22,838 - INFO - === Layer 4 (xlmr) — Worst 5 (cosine) ===
2025-08-27 10:08:22,838 - INFO - 1. swa: cos=1.0000
2025-08-27 10:08:22,838 - INFO - 2. pcm: cos=1.0000
2025-08-27 10:08:22,838 - INFO - 3. ewe: cos=1.0000
2025-08-27 10:08:22,838 - INFO - 4. wol: cos=1.0000
2025-08-27 10:08:22,838 - INFO - 5. twi: cos=1.0000
2025-08-27 10:08:22,963 - INFO - === Layer 5 (xlmr) — Top 5 (cosine) ===
2025-08-27 10:08:22,963 - INFO - 1. nya: cos=1.0000
2025-08-27 10:08:22,963 - INFO - 2. lug: cos=1.0000
2025-08-27 10:08:22,963 - INFO - 3. kin: cos=1.0000
2025-08-27 10:08:22,963 - INFO - 4. luo: cos=1.0000
2025-08-27 10:08:22,963 - INFO - 5. sna: cos=1.0000
2025-08-27 10:08:22,963 - INFO - === Layer 5 (xlmr) — Worst 5 (cosine) ===
2025-08-27 10:08:22,963 - INFO - 1. fon: cos=1.0000
2025-08-27 10:08:22,963 - INFO - 2. hau: cos=1.0000
2025-08-27 10:08:22,963 - INFO - 3. pcm: cos=1.0000
2025-08-27 10:08:22,963 - INFO - 4. swa: cos=1.0000
2025-08-27 10:08:22,963 - INFO - 5. twi: cos=1.0000
2025-08-27 10:08:23,087 - INFO - === Layer 6 (xlmr) — Top 5 (cosine) ===
2025-08-27 10:08:23,087 - INFO - 1. nya: cos=1.0000
2025-08-27 10:08:23,087 - INFO - 2. lug: cos=1.0000
2025-08-27 10:08:23,087 - INFO - 3. luo: cos=1.0000
2025-08-27 10:08:23,087 - INFO - 4. wol: cos=1.0000
2025-08-27 10:08:23,087 - INFO - 5. sna: cos=1.0000
2025-08-27 10:08:23,087 - INFO - === Layer 6 (xlmr) — Worst 5 (cosine) ===
2025-08-27 10:08:23,088 - INFO - 1. fon: cos=1.0000
2025-08-27 10:08:23,088 - INFO - 2. hau: cos=1.0000
2025-08-27 10:08:23,088 - INFO - 3. pcm: cos=1.0000
2025-08-27 10:08:23,088 - INFO - 4. swa: cos=1.0000
2025-08-27 10:08:23,088 - INFO - 5. bbj: cos=1.0000
2025-08-27 10:08:23,218 - INFO - === Layer 7 (xlmr) — Top 5 (cosine) ===
2025-08-27 10:08:23,218 - INFO - 1. luo: cos=1.0000
2025-08-27 10:08:23,218 - INFO - 2. bam: cos=1.0000
2025-08-27 10:08:23,218 - INFO - 3. zul: cos=1.0000
2025-08-27 10:08:23,218 - INFO - 4. xho: cos=1.0000
2025-08-27 10:08:23,218 - INFO - 5. ibo: cos=1.0000
2025-08-27 10:08:23,218 - INFO - === Layer 7 (xlmr) — Worst 5 (cosine) ===
2025-08-27 10:08:23,218 - INFO - 1. hau: cos=1.0000
2025-08-27 10:08:23,218 - INFO - 2. fon: cos=1.0000
2025-08-27 10:08:23,218 - INFO - 3. bbj: cos=1.0000
2025-08-27 10:08:23,218 - INFO - 4. twi: cos=1.0000
2025-08-27 10:08:23,218 - INFO - 5. ewe: cos=1.0000
2025-08-27 10:08:23,349 - INFO - === Layer 8 (xlmr) — Top 5 (cosine) ===
2025-08-27 10:08:23,350 - INFO - 1. nya: cos=1.0000
2025-08-27 10:08:23,350 - INFO - 2. kin: cos=1.0000
2025-08-27 10:08:23,350 - INFO - 3. xho: cos=1.0000
2025-08-27 10:08:23,350 - INFO - 4. mos: cos=1.0000
2025-08-27 10:08:23,350 - INFO - 5. sna: cos=1.0000
2025-08-27 10:08:23,350 - INFO - === Layer 8 (xlmr) — Worst 5 (cosine) ===
2025-08-27 10:08:23,350 - INFO - 1. hau: cos=0.9999
2025-08-27 10:08:23,350 - INFO - 2. pcm: cos=1.0000
2025-08-27 10:08:23,350 - INFO - 3. bam: cos=1.0000
2025-08-27 10:08:23,350 - INFO - 4. bbj: cos=1.0000
2025-08-27 10:08:23,350 - INFO - 5. twi: cos=1.0000
2025-08-27 10:08:23,550 - INFO - === Layer 9 (xlmr) — Top 5 (cosine) ===
2025-08-27 10:08:23,550 - INFO - 1. mos: cos=1.0000
2025-08-27 10:08:23,550 - INFO - 2. ewe: cos=1.0000
2025-08-27 10:08:23,550 - INFO - 3. luo: cos=1.0000
2025-08-27 10:08:23,550 - INFO - 4. kin: cos=1.0000
2025-08-27 10:08:23,550 - INFO - 5. sna: cos=1.0000
2025-08-27 10:08:23,550 - INFO - === Layer 9 (xlmr) — Worst 5 (cosine) ===
2025-08-27 10:08:23,550 - INFO - 1. hau: cos=1.0000
2025-08-27 10:08:23,550 - INFO - 2. pcm: cos=1.0000
2025-08-27 10:08:23,550 - INFO - 3. bam: cos=1.0000
2025-08-27 10:08:23,550 - INFO - 4. lug: cos=1.0000
2025-08-27 10:08:23,550 - INFO - 5. bbj: cos=1.0000
2025-08-27 10:08:23,672 - INFO - === Layer 10 (xlmr) — Top 5 (cosine) ===
2025-08-27 10:08:23,673 - INFO - 1. fon: cos=1.0000
2025-08-27 10:08:23,673 - INFO - 2. twi: cos=1.0000
2025-08-27 10:08:23,673 - INFO - 3. sna: cos=1.0000
2025-08-27 10:08:23,673 - INFO - 4. yor: cos=1.0000
2025-08-27 10:08:23,673 - INFO - 5. ibo: cos=1.0000
2025-08-27 10:08:23,673 - INFO - === Layer 10 (xlmr) — Worst 5 (cosine) ===
2025-08-27 10:08:23,673 - INFO - 1. hau: cos=1.0000
2025-08-27 10:08:23,673 - INFO - 2. lug: cos=1.0000
2025-08-27 10:08:23,673 - INFO - 3. bbj: cos=1.0000
2025-08-27 10:08:23,673 - INFO - 4. bam: cos=1.0000
2025-08-27 10:08:23,673 - INFO - 5. swa: cos=1.0000
2025-08-27 10:08:23,820 - INFO - === Layer 11 (xlmr) — Top 5 (cosine) ===
2025-08-27 10:08:23,820 - INFO - 1. ewe: cos=1.0000
2025-08-27 10:08:23,820 - INFO - 2. mos: cos=1.0000
2025-08-27 10:08:23,820 - INFO - 3. bam: cos=1.0000
2025-08-27 10:08:23,820 - INFO - 4. zul: cos=1.0000
2025-08-27 10:08:23,820 - INFO - 5. xho: cos=1.0000
2025-08-27 10:08:23,820 - INFO - === Layer 11 (xlmr) — Worst 5 (cosine) ===
2025-08-27 10:08:23,820 - INFO - 1. luo: cos=0.9999
2025-08-27 10:08:23,820 - INFO - 2. yor: cos=0.9999
2025-08-27 10:08:23,820 - INFO - 3. swa: cos=0.9999
2025-08-27 10:08:23,820 - INFO - 4. lug: cos=1.0000
2025-08-27 10:08:23,820 - INFO - 5. nya: cos=1.0000
2025-08-27 10:08:23,959 - INFO - === Layer 12 (xlmr) — Top 5 (cosine) ===
2025-08-27 10:08:23,959 - INFO - 1. mos: cos=0.9995
2025-08-27 10:08:23,959 - INFO - 2. pcm: cos=0.9993
2025-08-27 10:08:23,959 - INFO - 3. lug: cos=0.9990
2025-08-27 10:08:23,959 - INFO - 4. sna: cos=0.9989
2025-08-27 10:08:23,959 - INFO - 5. luo: cos=0.9987
2025-08-27 10:08:23,959 - INFO - === Layer 12 (xlmr) — Worst 5 (cosine) ===
2025-08-27 10:08:23,959 - INFO - 1. zul: cos=0.9880
2025-08-27 10:08:23,959 - INFO - 2. xho: cos=0.9938
2025-08-27 10:08:23,959 - INFO - 3. tsn: cos=0.9951
2025-08-27 10:08:23,959 - INFO - 4. fon: cos=0.9960
2025-08-27 10:08:23,959 - INFO - 5. kin: cos=0.9967
2025-08-27 10:08:23,960 - INFO - Experiment finished successfully.
