2025-08-27 10:25:30,781 - INFO - Start: model_type=mbert, use_cls=True, use_context=False, context_window=2, max_tokens_per_type=200, batch_size=64, output_dir=rq2_train_scripts/Embeddings/CLEAN/outputs/salt/mbert/config_1_clstrue_ctxfalse/tokens_200_ctx2/core, save_prototypes=False, seed=42, fp16=True, max_length=96, langs=all, layers=all, span_mode=bio, pool=mean, entity_tags={'LOC', 'DATE', 'PER', 'ORG'}, title_suffix='L=all, tokens=200, ctx=2, cls=true, fp16=true'
2025-08-27 10:25:32,215 - INFO - Processing run
2025-08-27 10:25:32,679 - INFO - Processing bam
2025-08-27 10:25:32,725 - INFO - Processing bbj
2025-08-27 10:25:32,762 - INFO - Processing ewe
2025-08-27 10:25:32,794 - INFO - Processing fon
2025-08-27 10:25:32,844 - INFO - Processing hau
2025-08-27 10:25:32,899 - INFO - Processing ibo
2025-08-27 10:25:32,977 - INFO - Processing kin
2025-08-27 10:25:33,064 - INFO - Processing lug
2025-08-27 10:25:33,117 - INFO - Processing luo
2025-08-27 10:25:33,171 - INFO - Processing mos
2025-08-27 10:25:33,223 - INFO - Processing nya
2025-08-27 10:25:33,312 - INFO - Processing pcm
2025-08-27 10:25:33,388 - INFO - Processing sna
2025-08-27 10:25:33,447 - INFO - Processing swa
2025-08-27 10:25:33,502 - INFO - Processing tsn
2025-08-27 10:25:33,541 - INFO - Processing twi
2025-08-27 10:25:33,587 - INFO - Processing wol
2025-08-27 10:25:33,634 - INFO - Processing xho
2025-08-27 10:25:33,686 - INFO - Processing yor
2025-08-27 10:25:33,765 - INFO - Processing zul
2025-08-27 10:25:34,200 - INFO - === Layer 1 (mbert) — Top 5 (cosine) ===
2025-08-27 10:25:34,200 - INFO - 1. bam: cos=0.9994
2025-08-27 10:25:34,200 - INFO - 2. tsn: cos=0.9990
2025-08-27 10:25:34,200 - INFO - 3. twi: cos=0.9990
2025-08-27 10:25:34,200 - INFO - 4. lug: cos=0.9989
2025-08-27 10:25:34,200 - INFO - 5. swa: cos=0.9989
2025-08-27 10:25:34,200 - INFO - === Layer 1 (mbert) — Worst 5 (cosine) ===
2025-08-27 10:25:34,200 - INFO - 1. ewe: cos=0.9930
2025-08-27 10:25:34,200 - INFO - 2. xho: cos=0.9970
2025-08-27 10:25:34,200 - INFO - 3. sna: cos=0.9971
2025-08-27 10:25:34,200 - INFO - 4. bbj: cos=0.9975
2025-08-27 10:25:34,200 - INFO - 5. yor: cos=0.9978
2025-08-27 10:25:34,329 - INFO - === Layer 2 (mbert) — Top 5 (cosine) ===
2025-08-27 10:25:34,330 - INFO - 1. bam: cos=0.9999
2025-08-27 10:25:34,330 - INFO - 2. lug: cos=0.9999
2025-08-27 10:25:34,330 - INFO - 3. tsn: cos=0.9999
2025-08-27 10:25:34,330 - INFO - 4. twi: cos=0.9998
2025-08-27 10:25:34,330 - INFO - 5. fon: cos=0.9998
2025-08-27 10:25:34,330 - INFO - === Layer 2 (mbert) — Worst 5 (cosine) ===
2025-08-27 10:25:34,330 - INFO - 1. ewe: cos=0.9988
2025-08-27 10:25:34,330 - INFO - 2. xho: cos=0.9995
2025-08-27 10:25:34,330 - INFO - 3. sna: cos=0.9995
2025-08-27 10:25:34,330 - INFO - 4. yor: cos=0.9996
2025-08-27 10:25:34,330 - INFO - 5. pcm: cos=0.9997
2025-08-27 10:25:34,457 - INFO - === Layer 3 (mbert) — Top 5 (cosine) ===
2025-08-27 10:25:34,457 - INFO - 1. twi: cos=1.0000
2025-08-27 10:25:34,457 - INFO - 2. lug: cos=1.0000
2025-08-27 10:25:34,457 - INFO - 3. bam: cos=1.0000
2025-08-27 10:25:34,457 - INFO - 4. tsn: cos=1.0000
2025-08-27 10:25:34,457 - INFO - 5. fon: cos=1.0000
2025-08-27 10:25:34,457 - INFO - === Layer 3 (mbert) — Worst 5 (cosine) ===
2025-08-27 10:25:34,457 - INFO - 1. ewe: cos=0.9997
2025-08-27 10:25:34,457 - INFO - 2. yor: cos=0.9999
2025-08-27 10:25:34,457 - INFO - 3. xho: cos=0.9999
2025-08-27 10:25:34,457 - INFO - 4. sna: cos=0.9999
2025-08-27 10:25:34,457 - INFO - 5. bbj: cos=0.9999
2025-08-27 10:25:34,587 - INFO - === Layer 4 (mbert) — Top 5 (cosine) ===
2025-08-27 10:25:34,587 - INFO - 1. lug: cos=0.9999
2025-08-27 10:25:34,587 - INFO - 2. twi: cos=0.9999
2025-08-27 10:25:34,587 - INFO - 3. tsn: cos=0.9999
2025-08-27 10:25:34,587 - INFO - 4. bam: cos=0.9999
2025-08-27 10:25:34,587 - INFO - 5. kin: cos=0.9999
2025-08-27 10:25:34,587 - INFO - === Layer 4 (mbert) — Worst 5 (cosine) ===
2025-08-27 10:25:34,587 - INFO - 1. ewe: cos=0.9995
2025-08-27 10:25:34,587 - INFO - 2. pcm: cos=0.9996
2025-08-27 10:25:34,587 - INFO - 3. xho: cos=0.9996
2025-08-27 10:25:34,587 - INFO - 4. yor: cos=0.9996
2025-08-27 10:25:34,587 - INFO - 5. swa: cos=0.9997
2025-08-27 10:25:34,713 - INFO - === Layer 5 (mbert) — Top 5 (cosine) ===
2025-08-27 10:25:34,713 - INFO - 1. twi: cos=0.9967
2025-08-27 10:25:34,713 - INFO - 2. lug: cos=0.9948
2025-08-27 10:25:34,713 - INFO - 3. luo: cos=0.9945
2025-08-27 10:25:34,713 - INFO - 4. kin: cos=0.9945
2025-08-27 10:25:34,713 - INFO - 5. pcm: cos=0.9943
2025-08-27 10:25:34,713 - INFO - === Layer 5 (mbert) — Worst 5 (cosine) ===
2025-08-27 10:25:34,713 - INFO - 1. yor: cos=0.9797
2025-08-27 10:25:34,713 - INFO - 2. bbj: cos=0.9852
2025-08-27 10:25:34,713 - INFO - 3. xho: cos=0.9879
2025-08-27 10:25:34,713 - INFO - 4. mos: cos=0.9909
2025-08-27 10:25:34,713 - INFO - 5. hau: cos=0.9918
2025-08-27 10:25:34,895 - INFO - === Layer 6 (mbert) — Top 5 (cosine) ===
2025-08-27 10:25:34,895 - INFO - 1. twi: cos=0.9932
2025-08-27 10:25:34,895 - INFO - 2. lug: cos=0.9911
2025-08-27 10:25:34,895 - INFO - 3. pcm: cos=0.9904
2025-08-27 10:25:34,895 - INFO - 4. kin: cos=0.9884
2025-08-27 10:25:34,895 - INFO - 5. swa: cos=0.9881
2025-08-27 10:25:34,895 - INFO - === Layer 6 (mbert) — Worst 5 (cosine) ===
2025-08-27 10:25:34,895 - INFO - 1. yor: cos=0.9579
2025-08-27 10:25:34,895 - INFO - 2. bbj: cos=0.9698
2025-08-27 10:25:34,895 - INFO - 3. xho: cos=0.9756
2025-08-27 10:25:34,895 - INFO - 4. mos: cos=0.9804
2025-08-27 10:25:34,895 - INFO - 5. fon: cos=0.9811
2025-08-27 10:25:35,020 - INFO - === Layer 7 (mbert) — Top 5 (cosine) ===
2025-08-27 10:25:35,020 - INFO - 1. twi: cos=0.9909
2025-08-27 10:25:35,020 - INFO - 2. pcm: cos=0.9866
2025-08-27 10:25:35,020 - INFO - 3. lug: cos=0.9860
2025-08-27 10:25:35,020 - INFO - 4. kin: cos=0.9843
2025-08-27 10:25:35,020 - INFO - 5. swa: cos=0.9838
2025-08-27 10:25:35,020 - INFO - === Layer 7 (mbert) — Worst 5 (cosine) ===
2025-08-27 10:25:35,020 - INFO - 1. yor: cos=0.9398
2025-08-27 10:25:35,020 - INFO - 2. bbj: cos=0.9623
2025-08-27 10:25:35,020 - INFO - 3. xho: cos=0.9643
2025-08-27 10:25:35,020 - INFO - 4. ibo: cos=0.9694
2025-08-27 10:25:35,020 - INFO - 5. tsn: cos=0.9703
2025-08-27 10:25:35,146 - INFO - === Layer 8 (mbert) — Top 5 (cosine) ===
2025-08-27 10:25:35,146 - INFO - 1. twi: cos=0.9848
2025-08-27 10:25:35,147 - INFO - 2. mos: cos=0.9756
2025-08-27 10:25:35,147 - INFO - 3. swa: cos=0.9742
2025-08-27 10:25:35,147 - INFO - 4. lug: cos=0.9731
2025-08-27 10:25:35,147 - INFO - 5. kin: cos=0.9719
2025-08-27 10:25:35,147 - INFO - === Layer 8 (mbert) — Worst 5 (cosine) ===
2025-08-27 10:25:35,147 - INFO - 1. yor: cos=0.9183
2025-08-27 10:25:35,147 - INFO - 2. xho: cos=0.9326
2025-08-27 10:25:35,147 - INFO - 3. bbj: cos=0.9343
2025-08-27 10:25:35,147 - INFO - 4. zul: cos=0.9443
2025-08-27 10:25:35,147 - INFO - 5. tsn: cos=0.9494
2025-08-27 10:25:35,289 - INFO - === Layer 9 (mbert) — Top 5 (cosine) ===
2025-08-27 10:25:35,289 - INFO - 1. twi: cos=0.9871
2025-08-27 10:25:35,289 - INFO - 2. pcm: cos=0.9830
2025-08-27 10:25:35,289 - INFO - 3. mos: cos=0.9773
2025-08-27 10:25:35,289 - INFO - 4. lug: cos=0.9768
2025-08-27 10:25:35,289 - INFO - 5. luo: cos=0.9765
2025-08-27 10:25:35,289 - INFO - === Layer 9 (mbert) — Worst 5 (cosine) ===
2025-08-27 10:25:35,289 - INFO - 1. zul: cos=0.9286
2025-08-27 10:25:35,289 - INFO - 2. yor: cos=0.9288
2025-08-27 10:25:35,289 - INFO - 3. xho: cos=0.9420
2025-08-27 10:25:35,289 - INFO - 4. bbj: cos=0.9446
2025-08-27 10:25:35,289 - INFO - 5. nya: cos=0.9546
2025-08-27 10:25:35,410 - INFO - === Layer 10 (mbert) — Top 5 (cosine) ===
2025-08-27 10:25:35,410 - INFO - 1. hau: cos=0.9830
2025-08-27 10:25:35,410 - INFO - 2. twi: cos=0.9830
2025-08-27 10:25:35,410 - INFO - 3. pcm: cos=0.9809
2025-08-27 10:25:35,410 - INFO - 4. swa: cos=0.9796
2025-08-27 10:25:35,410 - INFO - 5. luo: cos=0.9781
2025-08-27 10:25:35,410 - INFO - === Layer 10 (mbert) — Worst 5 (cosine) ===
2025-08-27 10:25:35,410 - INFO - 1. zul: cos=0.9229
2025-08-27 10:25:35,410 - INFO - 2. yor: cos=0.9250
2025-08-27 10:25:35,410 - INFO - 3. xho: cos=0.9395
2025-08-27 10:25:35,410 - INFO - 4. kin: cos=0.9408
2025-08-27 10:25:35,410 - INFO - 5. bbj: cos=0.9430
2025-08-27 10:25:35,535 - INFO - === Layer 11 (mbert) — Top 5 (cosine) ===
2025-08-27 10:25:35,535 - INFO - 1. twi: cos=0.9844
2025-08-27 10:25:35,535 - INFO - 2. hau: cos=0.9824
2025-08-27 10:25:35,535 - INFO - 3. swa: cos=0.9798
2025-08-27 10:25:35,535 - INFO - 4. nya: cos=0.9788
2025-08-27 10:25:35,535 - INFO - 5. pcm: cos=0.9782
2025-08-27 10:25:35,535 - INFO - === Layer 11 (mbert) — Worst 5 (cosine) ===
2025-08-27 10:25:35,535 - INFO - 1. zul: cos=0.9222
2025-08-27 10:25:35,535 - INFO - 2. yor: cos=0.9303
2025-08-27 10:25:35,536 - INFO - 3. bbj: cos=0.9334
2025-08-27 10:25:35,536 - INFO - 4. xho: cos=0.9373
2025-08-27 10:25:35,536 - INFO - 5. tsn: cos=0.9560
2025-08-27 10:25:35,655 - INFO - === Layer 12 (mbert) — Top 5 (cosine) ===
2025-08-27 10:25:35,656 - INFO - 1. nya: cos=0.9508
2025-08-27 10:25:35,656 - INFO - 2. wol: cos=0.9404
2025-08-27 10:25:35,656 - INFO - 3. kin: cos=0.9338
2025-08-27 10:25:35,656 - INFO - 4. bbj: cos=0.9335
2025-08-27 10:25:35,656 - INFO - 5. twi: cos=0.9297
2025-08-27 10:25:35,656 - INFO - === Layer 12 (mbert) — Worst 5 (cosine) ===
2025-08-27 10:25:35,656 - INFO - 1. zul: cos=0.6702
2025-08-27 10:25:35,656 - INFO - 2. xho: cos=0.7418
2025-08-27 10:25:35,656 - INFO - 3. yor: cos=0.7803
2025-08-27 10:25:35,656 - INFO - 4. sna: cos=0.7934
2025-08-27 10:25:35,656 - INFO - 5. ibo: cos=0.8640
2025-08-27 10:25:35,656 - INFO - Experiment finished successfully.
