2025-08-24 11:54:08,440 - INFO - Start: model_type=mbert, run_both=False, use_cls=False, use_context=True, context_window=2, max_tokens_per_type=500, batch_size=32, seed=1, num_middle_layers=3, output_dir=rq2_train_scripts/Embeddings/EXTENDED/outputs/combined_extended/mbert/config_6_clsfalse_ctxtrue_hybtrue/tokens_500_ctx2
2025-08-24 11:54:08,945 - INFO - mbert: selected layer indices (hidden_states) = [2, 3, 10, 12]
2025-08-24 11:54:09,771 - INFO - Processing run
2025-08-24 11:54:10,343 - INFO - Processing bam
2025-08-24 11:54:10,551 - INFO - Processing bbj
2025-08-24 11:54:10,737 - INFO - Processing ewe
2025-08-24 11:54:10,924 - INFO - Processing fon
2025-08-24 11:54:11,142 - INFO - Processing hau
2025-08-24 11:54:11,331 - INFO - Processing ibo
2025-08-24 11:54:11,584 - INFO - Processing kin
2025-08-24 11:54:11,809 - INFO - Processing lug
2025-08-24 11:54:11,988 - INFO - Processing luo
2025-08-24 11:54:12,168 - INFO - Processing mos
2025-08-24 11:54:12,493 - INFO - Processing nya
2025-08-24 11:54:12,760 - INFO - Processing pcm
2025-08-24 11:54:13,026 - INFO - Processing sna
2025-08-24 11:54:13,315 - INFO - Processing swa
2025-08-24 11:54:13,603 - INFO - Processing tsn
2025-08-24 11:54:13,824 - INFO - Processing twi
2025-08-24 11:54:14,006 - INFO - Processing wol
2025-08-24 11:54:14,172 - INFO - Processing xho
2025-08-24 11:54:14,351 - INFO - Processing yor
2025-08-24 11:54:14,591 - INFO - Processing zul
2025-08-24 11:54:15,039 - INFO - Layer 2 (mbert) — Top 5
2025-08-24 11:54:15,039 - INFO - 1. lug: r=0.9104
2025-08-24 11:54:15,039 - INFO - 2. kin: r=0.8958
2025-08-24 11:54:15,039 - INFO - 3. twi: r=0.8889
2025-08-24 11:54:15,039 - INFO - 4. luo: r=0.8866
2025-08-24 11:54:15,039 - INFO - 5. ibo: r=0.8865
2025-08-24 11:54:15,039 - INFO - Layer 2 (mbert) — Worst 5
2025-08-24 11:54:15,039 - INFO - 1. bbj: r=0.6968
2025-08-24 11:54:15,039 - INFO - 2. yor: r=0.7168
2025-08-24 11:54:15,039 - INFO - 3. fon: r=0.7879
2025-08-24 11:54:15,039 - INFO - 4. pcm: r=0.7910
2025-08-24 11:54:15,039 - INFO - 5. mos: r=0.8011
2025-08-24 11:54:15,150 - INFO - Layer 3 (mbert) — Top 5
2025-08-24 11:54:15,150 - INFO - 1. lug: r=0.9452
2025-08-24 11:54:15,150 - INFO - 2. kin: r=0.9395
2025-08-24 11:54:15,150 - INFO - 3. twi: r=0.9310
2025-08-24 11:54:15,150 - INFO - 4. ibo: r=0.9304
2025-08-24 11:54:15,150 - INFO - 5. luo: r=0.9279
2025-08-24 11:54:15,150 - INFO - Layer 3 (mbert) — Worst 5
2025-08-24 11:54:15,150 - INFO - 1. bbj: r=0.8070
2025-08-24 11:54:15,150 - INFO - 2. yor: r=0.8240
2025-08-24 11:54:15,150 - INFO - 3. pcm: r=0.8677
2025-08-24 11:54:15,150 - INFO - 4. fon: r=0.8684
2025-08-24 11:54:15,150 - INFO - 5. ewe: r=0.8795
2025-08-24 11:54:15,264 - INFO - Layer 10 (mbert) — Top 5
2025-08-24 11:54:15,264 - INFO - 1. lug: r=0.9823
2025-08-24 11:54:15,264 - INFO - 2. kin: r=0.9803
2025-08-24 11:54:15,264 - INFO - 3. twi: r=0.9772
2025-08-24 11:54:15,264 - INFO - 4. luo: r=0.9769
2025-08-24 11:54:15,264 - INFO - 5. ibo: r=0.9763
2025-08-24 11:54:15,264 - INFO - Layer 10 (mbert) — Worst 5
2025-08-24 11:54:15,264 - INFO - 1. bbj: r=0.9320
2025-08-24 11:54:15,264 - INFO - 2. yor: r=0.9378
2025-08-24 11:54:15,264 - INFO - 3. fon: r=0.9483
2025-08-24 11:54:15,264 - INFO - 4. pcm: r=0.9550
2025-08-24 11:54:15,264 - INFO - 5. ewe: r=0.9582
2025-08-24 11:54:15,435 - INFO - Layer 12 (mbert) — Top 5
2025-08-24 11:54:15,435 - INFO - 1. lug: r=0.9409
2025-08-24 11:54:15,435 - INFO - 2. kin: r=0.9173
2025-08-24 11:54:15,435 - INFO - 3. nya: r=0.8996
2025-08-24 11:54:15,435 - INFO - 4. sna: r=0.8972
2025-08-24 11:54:15,435 - INFO - 5. luo: r=0.8932
2025-08-24 11:54:15,435 - INFO - Layer 12 (mbert) — Worst 5
2025-08-24 11:54:15,435 - INFO - 1. yor: r=0.7098
2025-08-24 11:54:15,435 - INFO - 2. bbj: r=0.7214
2025-08-24 11:54:15,435 - INFO - 3. fon: r=0.7629
2025-08-24 11:54:15,435 - INFO - 4. mos: r=0.8065
2025-08-24 11:54:15,435 - INFO - 5. pcm: r=0.8072
2025-08-24 11:54:15,436 - INFO - Experiment finished successfully.
