2025-08-24 11:34:48,089 - INFO - Start: model_type=xlmr, run_both=False, use_cls=False, use_context=True, context_window=1, max_tokens_per_type=400, batch_size=32, seed=1, num_middle_layers=3, output_dir=rq2_train_scripts/Embeddings/EXTENDED/outputs/combined_extended/xlmr/config_6_clsfalse_ctxtrue_hybtrue/tokens_400_ctx1
2025-08-24 11:34:48,632 - INFO - xlmr: selected layer indices (hidden_states) = [2, 3, 10, 12]
2025-08-24 11:34:49,963 - INFO - Processing run
2025-08-24 11:34:51,015 - INFO - Processing bam
2025-08-24 11:34:51,732 - INFO - Processing bbj
2025-08-24 11:34:52,416 - INFO - Processing ewe
2025-08-24 11:34:53,138 - INFO - Processing fon
2025-08-24 11:34:53,549 - INFO - Processing hau
2025-08-24 11:34:53,956 - INFO - Processing ibo
2025-08-24 11:34:54,377 - INFO - Processing kin
2025-08-24 11:34:54,777 - INFO - Processing lug
2025-08-24 11:34:55,145 - INFO - Processing luo
2025-08-24 11:34:55,647 - INFO - Processing mos
2025-08-24 11:34:56,176 - INFO - Processing nya
2025-08-24 11:34:56,636 - INFO - Processing pcm
2025-08-24 11:34:57,023 - INFO - Processing sna
2025-08-24 11:34:57,483 - INFO - Processing swa
2025-08-24 11:34:58,144 - INFO - Processing tsn
2025-08-24 11:34:58,715 - INFO - Processing twi
2025-08-24 11:34:59,453 - INFO - Processing wol
2025-08-24 11:35:00,204 - INFO - Processing xho
2025-08-24 11:35:00,905 - INFO - Processing yor
2025-08-24 11:35:01,420 - INFO - Processing zul
2025-08-24 11:35:02,183 - INFO - Layer 2 (xlmr) — Top 5
2025-08-24 11:35:02,184 - INFO - 1. kin: r=0.9841
2025-08-24 11:35:02,184 - INFO - 2. twi: r=0.9833
2025-08-24 11:35:02,184 - INFO - 3. luo: r=0.9812
2025-08-24 11:35:02,184 - INFO - 4. ibo: r=0.9807
2025-08-24 11:35:02,184 - INFO - 5. sna: r=0.9799
2025-08-24 11:35:02,184 - INFO - Layer 2 (xlmr) — Worst 5
2025-08-24 11:35:02,184 - INFO - 1. fon: r=0.9616
2025-08-24 11:35:02,184 - INFO - 2. bbj: r=0.9644
2025-08-24 11:35:02,184 - INFO - 3. hau: r=0.9645
2025-08-24 11:35:02,184 - INFO - 4. yor: r=0.9650
2025-08-24 11:35:02,184 - INFO - 5. pcm: r=0.9678
2025-08-24 11:35:02,306 - INFO - Layer 3 (xlmr) — Top 5
2025-08-24 11:35:02,306 - INFO - 1. kin: r=0.9886
2025-08-24 11:35:02,306 - INFO - 2. twi: r=0.9881
2025-08-24 11:35:02,306 - INFO - 3. luo: r=0.9862
2025-08-24 11:35:02,306 - INFO - 4. ibo: r=0.9857
2025-08-24 11:35:02,306 - INFO - 5. sna: r=0.9856
2025-08-24 11:35:02,306 - INFO - Layer 3 (xlmr) — Worst 5
2025-08-24 11:35:02,306 - INFO - 1. fon: r=0.9722
2025-08-24 11:35:02,306 - INFO - 2. bbj: r=0.9735
2025-08-24 11:35:02,306 - INFO - 3. hau: r=0.9740
2025-08-24 11:35:02,306 - INFO - 4. pcm: r=0.9752
2025-08-24 11:35:02,306 - INFO - 5. yor: r=0.9760
2025-08-24 11:35:02,440 - INFO - Layer 10 (xlmr) — Top 5
2025-08-24 11:35:02,440 - INFO - 1. kin: r=0.9899
2025-08-24 11:35:02,440 - INFO - 2. twi: r=0.9887
2025-08-24 11:35:02,440 - INFO - 3. nya: r=0.9872
2025-08-24 11:35:02,440 - INFO - 4. sna: r=0.9871
2025-08-24 11:35:02,440 - INFO - 5. luo: r=0.9869
2025-08-24 11:35:02,440 - INFO - Layer 10 (xlmr) — Worst 5
2025-08-24 11:35:02,440 - INFO - 1. bbj: r=0.9694
2025-08-24 11:35:02,440 - INFO - 2. fon: r=0.9717
2025-08-24 11:35:02,440 - INFO - 3. yor: r=0.9748
2025-08-24 11:35:02,440 - INFO - 4. pcm: r=0.9752
2025-08-24 11:35:02,440 - INFO - 5. hau: r=0.9763
2025-08-24 11:35:02,570 - INFO - Layer 12 (xlmr) — Top 5
2025-08-24 11:35:02,571 - INFO - 1. kin: r=0.9992
2025-08-24 11:35:02,571 - INFO - 2. nya: r=0.9991
2025-08-24 11:35:02,571 - INFO - 3. sna: r=0.9991
2025-08-24 11:35:02,571 - INFO - 4. luo: r=0.9991
2025-08-24 11:35:02,571 - INFO - 5. twi: r=0.9990
2025-08-24 11:35:02,571 - INFO - Layer 12 (xlmr) — Worst 5
2025-08-24 11:35:02,571 - INFO - 1. bbj: r=0.9974
2025-08-24 11:35:02,571 - INFO - 2. fon: r=0.9974
2025-08-24 11:35:02,571 - INFO - 3. yor: r=0.9980
2025-08-24 11:35:02,571 - INFO - 4. hau: r=0.9981
2025-08-24 11:35:02,571 - INFO - 5. pcm: r=0.9982
2025-08-24 11:35:02,572 - INFO - Experiment finished successfully.
