2025-08-02 22:44:09,913 - INFO - Experiment started with model_type=mbert, use_cls=True, use_context=True, context_window=0, use_hybrid=False, max_tokens_per_type=500, output_dir=rq2_train_scripts/Embeddings/MEXA_inspired_strategy/outputs/combined/mbert/config_4_clstrue_ctxtrue_hybfalse/tokens_500_ctx0
2025-08-02 22:44:11,168 - INFO - Processing run
2025-08-02 22:44:14,821 - INFO - Processing bam
2025-08-02 22:44:18,091 - INFO - Processing bbj
2025-08-02 22:44:21,742 - INFO - Processing ewe
2025-08-02 22:44:25,353 - INFO - Processing fon
2025-08-02 22:44:29,028 - INFO - Processing hau
2025-08-02 22:44:32,728 - INFO - Processing ibo
2025-08-02 22:44:36,446 - INFO - Processing kin
2025-08-02 22:44:40,146 - INFO - Processing lug
2025-08-02 22:44:43,752 - INFO - Processing luo
2025-08-02 22:44:47,381 - INFO - Processing mos
2025-08-02 22:44:51,019 - INFO - Processing nya
2025-08-02 22:44:54,676 - INFO - Processing pcm
2025-08-02 22:44:58,281 - INFO - Processing sna
2025-08-02 22:45:01,949 - INFO - Processing swa
2025-08-02 22:45:05,565 - INFO - Processing tsn
2025-08-02 22:45:09,171 - INFO - Processing twi
2025-08-02 22:45:12,832 - INFO - Processing wol
2025-08-02 22:45:16,525 - INFO - Processing xho
2025-08-02 22:45:20,217 - INFO - Processing yor
2025-08-02 22:45:24,046 - INFO - Processing zul
2025-08-02 22:45:28,131 - INFO - Top 5 languages most similar to Runyankore:
2025-08-02 22:45:28,132 - INFO - 1. lug - Mean Similarity: 0.9823
2025-08-02 22:45:28,132 - INFO - 2. luo - Mean Similarity: 0.9723
2025-08-02 22:45:28,132 - INFO - 3. swa - Mean Similarity: 0.9716
2025-08-02 22:45:28,132 - INFO - 4. twi - Mean Similarity: 0.9711
2025-08-02 22:45:28,132 - INFO - 5. kin - Mean Similarity: 0.9663
2025-08-02 22:45:28,132 - INFO - Experiment finished successfully.
