2025-08-03 07:31:51,280 - INFO - Experiment started with model_type=mbert, use_cls=True, use_context=False, context_window=2, use_hybrid=False, max_tokens_per_type=300, output_dir=rq2_train_scripts/Embeddings/MEXA_inspired_strategy/outputs/mptc/mbert/config_1_clstrue_ctxfalse_hybfalse/tokens_300_ctx2
2025-08-03 07:31:52,292 - INFO - Processing run
2025-08-03 07:31:53,767 - INFO - Processing bam
2025-08-03 07:31:55,796 - INFO - Processing bbj
2025-08-03 07:31:57,842 - INFO - Processing ewe
2025-08-03 07:31:59,874 - INFO - Processing fon
2025-08-03 07:32:01,957 - INFO - Processing hau
2025-08-03 07:32:04,028 - INFO - Processing ibo
2025-08-03 07:32:06,140 - INFO - Processing kin
2025-08-03 07:32:08,227 - INFO - Processing lug
2025-08-03 07:32:10,283 - INFO - Processing luo
2025-08-03 07:32:12,354 - INFO - Processing mos
2025-08-03 07:32:14,399 - INFO - Processing nya
2025-08-03 07:32:16,457 - INFO - Processing pcm
2025-08-03 07:32:18,492 - INFO - Processing sna
2025-08-03 07:32:20,562 - INFO - Processing swa
2025-08-03 07:32:22,606 - INFO - Processing tsn
2025-08-03 07:32:24,631 - INFO - Processing twi
2025-08-03 07:32:26,676 - INFO - Processing wol
2025-08-03 07:32:28,738 - INFO - Processing xho
2025-08-03 07:32:30,801 - INFO - Processing yor
2025-08-03 07:32:32,901 - INFO - Processing zul
2025-08-03 07:32:35,405 - INFO - Top 5 languages most similar to Runyankore:
2025-08-03 07:32:35,405 - INFO - 1. lug - Mean Similarity: 0.9647
2025-08-03 07:32:35,405 - INFO - 2. twi - Mean Similarity: 0.9593
2025-08-03 07:32:35,405 - INFO - 3. kin - Mean Similarity: 0.9574
2025-08-03 07:32:35,405 - INFO - 4. luo - Mean Similarity: 0.9561
2025-08-03 07:32:35,405 - INFO - 5. swa - Mean Similarity: 0.9557
2025-08-03 07:32:35,405 - INFO - Experiment finished successfully.
