2025-08-03 03:40:15,792 - INFO - Experiment started with model_type=mbert, use_cls=True, use_context=True, context_window=3, use_hybrid=True, max_tokens_per_type=300, output_dir=rq2_train_scripts/Embeddings/MEXA_inspired_strategy/outputs/salt/mbert/config_7_clstrue_ctxtrue_hybtrue/tokens_300_ctx3
2025-08-03 03:40:16,940 - INFO - Processing run
2025-08-03 03:40:19,413 - INFO - Processing bam
2025-08-03 03:40:21,536 - INFO - Processing bbj
2025-08-03 03:40:23,672 - INFO - Processing ewe
2025-08-03 03:40:25,803 - INFO - Processing fon
2025-08-03 03:40:27,963 - INFO - Processing hau
2025-08-03 03:40:30,130 - INFO - Processing ibo
2025-08-03 03:40:32,337 - INFO - Processing kin
2025-08-03 03:40:34,507 - INFO - Processing lug
2025-08-03 03:40:36,651 - INFO - Processing luo
2025-08-03 03:40:38,787 - INFO - Processing mos
2025-08-03 03:40:40,927 - INFO - Processing nya
2025-08-03 03:40:43,076 - INFO - Processing pcm
2025-08-03 03:40:45,202 - INFO - Processing sna
2025-08-03 03:40:47,342 - INFO - Processing swa
2025-08-03 03:40:49,481 - INFO - Processing tsn
2025-08-03 03:40:51,606 - INFO - Processing twi
2025-08-03 03:40:53,737 - INFO - Processing wol
2025-08-03 03:40:55,869 - INFO - Processing xho
2025-08-03 03:40:57,999 - INFO - Processing yor
2025-08-03 03:41:00,165 - INFO - Processing zul
2025-08-03 03:41:02,766 - INFO - Top 5 languages most similar to Runyankore:
2025-08-03 03:41:02,766 - INFO - 1. lug - Mean Similarity: 0.7503
2025-08-03 03:41:02,767 - INFO - 2. kin - Mean Similarity: 0.7099
2025-08-03 03:41:02,767 - INFO - 3. nya - Mean Similarity: 0.7063
2025-08-03 03:41:02,767 - INFO - 4. sna - Mean Similarity: 0.6957
2025-08-03 03:41:02,767 - INFO - 5. xho - Mean Similarity: 0.6797
2025-08-03 03:41:02,767 - INFO - Experiment finished successfully.
