2025-08-03 02:56:24,418 - INFO - Experiment started with model_type=mbert, use_cls=True, use_context=True, context_window=3, use_hybrid=False, max_tokens_per_type=300, output_dir=rq2_train_scripts/Embeddings/MEXA_inspired_strategy/outputs/salt/mbert/config_4_clstrue_ctxtrue_hybfalse/tokens_300_ctx3
2025-08-03 02:56:25,443 - INFO - Processing run
2025-08-03 02:56:27,905 - INFO - Processing bam
2025-08-03 02:56:30,003 - INFO - Processing bbj
2025-08-03 02:56:32,140 - INFO - Processing ewe
2025-08-03 02:56:34,266 - INFO - Processing fon
2025-08-03 02:56:36,424 - INFO - Processing hau
2025-08-03 02:56:38,575 - INFO - Processing ibo
2025-08-03 02:56:40,774 - INFO - Processing kin
2025-08-03 02:56:42,944 - INFO - Processing lug
2025-08-03 02:56:45,080 - INFO - Processing luo
2025-08-03 02:56:47,230 - INFO - Processing mos
2025-08-03 02:56:49,375 - INFO - Processing nya
2025-08-03 02:56:51,549 - INFO - Processing pcm
2025-08-03 02:56:53,697 - INFO - Processing sna
2025-08-03 02:56:55,852 - INFO - Processing swa
2025-08-03 02:56:58,015 - INFO - Processing tsn
2025-08-03 02:57:00,150 - INFO - Processing twi
2025-08-03 02:57:02,296 - INFO - Processing wol
2025-08-03 02:57:04,447 - INFO - Processing xho
2025-08-03 02:57:06,590 - INFO - Processing yor
2025-08-03 02:57:08,779 - INFO - Processing zul
2025-08-03 02:57:11,354 - INFO - Top 5 languages most similar to Runyankore:
2025-08-03 02:57:11,354 - INFO - 1. lug - Mean Similarity: 0.9951
2025-08-03 02:57:11,354 - INFO - 2. kin - Mean Similarity: 0.9927
2025-08-03 02:57:11,354 - INFO - 3. nya - Mean Similarity: 0.9922
2025-08-03 02:57:11,355 - INFO - 4. sna - Mean Similarity: 0.9913
2025-08-03 02:57:11,355 - INFO - 5. xho - Mean Similarity: 0.9878
2025-08-03 02:57:11,355 - INFO - Experiment finished successfully.
