2025-08-27 17:39:17,467 - INFO - Start: model_type=xlmr, use_cls=True, use_context=False, context_window=0, max_tokens_per_type=400, batch_size=64, output_dir=rq2_train_scripts/Embeddings/CLEAN/outputs/combined/xlmr/config_1_clstrue_ctxfalse/tokens_400_ctx0/core, save_prototypes=False, seed=42, fp16=True, max_length=96, langs=all, layers=all, span_mode=bio, pool=mean, entity_tags={'ORG', 'DATE', 'PER', 'LOC'}, title_suffix='L=all, tokens=400, ctx=0, cls=true, fp16=true'
2025-08-27 17:39:19,441 - INFO - Processing run
2025-08-27 17:39:19,850 - INFO - Processing bam
2025-08-27 17:39:19,901 - INFO - Processing bbj
2025-08-27 17:39:19,955 - INFO - Processing ewe
2025-08-27 17:39:20,013 - INFO - Processing fon
2025-08-27 17:39:20,068 - INFO - Processing hau
2025-08-27 17:39:20,127 - INFO - Processing ibo
2025-08-27 17:39:20,213 - INFO - Processing kin
2025-08-27 17:39:20,274 - INFO - Processing lug
2025-08-27 17:39:20,340 - INFO - Processing luo
2025-08-27 17:39:20,406 - INFO - Processing mos
2025-08-27 17:39:20,469 - INFO - Processing nya
2025-08-27 17:39:20,531 - INFO - Processing pcm
2025-08-27 17:39:20,590 - INFO - Processing sna
2025-08-27 17:39:20,671 - INFO - Processing swa
2025-08-27 17:39:20,734 - INFO - Processing tsn
2025-08-27 17:39:20,777 - INFO - Processing twi
2025-08-27 17:39:20,832 - INFO - Processing wol
2025-08-27 17:39:20,890 - INFO - Processing xho
2025-08-27 17:39:20,936 - INFO - Processing yor
2025-08-27 17:39:21,011 - INFO - Processing zul
2025-08-27 17:39:21,503 - INFO - === Layer 1 (xlmr) — Top 5 (cosine) ===
2025-08-27 17:39:21,503 - INFO - 1. kin: cos=0.9999
2025-08-27 17:39:21,503 - INFO - 2. luo: cos=0.9999
2025-08-27 17:39:21,503 - INFO - 3. twi: cos=0.9999
2025-08-27 17:39:21,503 - INFO - 4. nya: cos=0.9998
2025-08-27 17:39:21,503 - INFO - 5. ewe: cos=0.9998
2025-08-27 17:39:21,503 - INFO - === Layer 1 (xlmr) — Worst 5 (cosine) ===
2025-08-27 17:39:21,503 - INFO - 1. hau: cos=0.9994
2025-08-27 17:39:21,503 - INFO - 2. pcm: cos=0.9995
2025-08-27 17:39:21,503 - INFO - 3. fon: cos=0.9995
2025-08-27 17:39:21,503 - INFO - 4. bam: cos=0.9995
2025-08-27 17:39:21,503 - INFO - 5. bbj: cos=0.9996
2025-08-27 17:39:21,628 - INFO - === Layer 2 (xlmr) — Top 5 (cosine) ===
2025-08-27 17:39:21,628 - INFO - 1. kin: cos=1.0000
2025-08-27 17:39:21,628 - INFO - 2. luo: cos=1.0000
2025-08-27 17:39:21,628 - INFO - 3. twi: cos=1.0000
2025-08-27 17:39:21,628 - INFO - 4. ewe: cos=1.0000
2025-08-27 17:39:21,628 - INFO - 5. nya: cos=1.0000
2025-08-27 17:39:21,628 - INFO - === Layer 2 (xlmr) — Worst 5 (cosine) ===
2025-08-27 17:39:21,628 - INFO - 1. pcm: cos=0.9999
2025-08-27 17:39:21,628 - INFO - 2. hau: cos=0.9999
2025-08-27 17:39:21,628 - INFO - 3. bam: cos=0.9999
2025-08-27 17:39:21,628 - INFO - 4. bbj: cos=0.9999
2025-08-27 17:39:21,628 - INFO - 5. swa: cos=0.9999
2025-08-27 17:39:21,800 - INFO - === Layer 3 (xlmr) — Top 5 (cosine) ===
2025-08-27 17:39:21,800 - INFO - 1. kin: cos=1.0000
2025-08-27 17:39:21,800 - INFO - 2. luo: cos=1.0000
2025-08-27 17:39:21,800 - INFO - 3. twi: cos=1.0000
2025-08-27 17:39:21,800 - INFO - 4. hau: cos=1.0000
2025-08-27 17:39:21,800 - INFO - 5. ibo: cos=1.0000
2025-08-27 17:39:21,800 - INFO - === Layer 3 (xlmr) — Worst 5 (cosine) ===
2025-08-27 17:39:21,800 - INFO - 1. swa: cos=1.0000
2025-08-27 17:39:21,800 - INFO - 2. pcm: cos=1.0000
2025-08-27 17:39:21,800 - INFO - 3. sna: cos=1.0000
2025-08-27 17:39:21,800 - INFO - 4. bbj: cos=1.0000
2025-08-27 17:39:21,800 - INFO - 5. fon: cos=1.0000
2025-08-27 17:39:21,931 - INFO - === Layer 4 (xlmr) — Top 5 (cosine) ===
2025-08-27 17:39:21,931 - INFO - 1. kin: cos=1.0000
2025-08-27 17:39:21,931 - INFO - 2. twi: cos=1.0000
2025-08-27 17:39:21,931 - INFO - 3. luo: cos=1.0000
2025-08-27 17:39:21,931 - INFO - 4. lug: cos=1.0000
2025-08-27 17:39:21,931 - INFO - 5. zul: cos=1.0000
2025-08-27 17:39:21,931 - INFO - === Layer 4 (xlmr) — Worst 5 (cosine) ===
2025-08-27 17:39:21,931 - INFO - 1. bam: cos=1.0000
2025-08-27 17:39:21,931 - INFO - 2. yor: cos=1.0000
2025-08-27 17:39:21,931 - INFO - 3. hau: cos=1.0000
2025-08-27 17:39:21,931 - INFO - 4. pcm: cos=1.0000
2025-08-27 17:39:21,931 - INFO - 5. wol: cos=1.0000
2025-08-27 17:39:22,079 - INFO - === Layer 5 (xlmr) — Top 5 (cosine) ===
2025-08-27 17:39:22,079 - INFO - 1. twi: cos=1.0000
2025-08-27 17:39:22,079 - INFO - 2. luo: cos=1.0000
2025-08-27 17:39:22,079 - INFO - 3. kin: cos=1.0000
2025-08-27 17:39:22,079 - INFO - 4. zul: cos=1.0000
2025-08-27 17:39:22,079 - INFO - 5. ewe: cos=1.0000
2025-08-27 17:39:22,079 - INFO - === Layer 5 (xlmr) — Worst 5 (cosine) ===
2025-08-27 17:39:22,079 - INFO - 1. hau: cos=1.0000
2025-08-27 17:39:22,079 - INFO - 2. pcm: cos=1.0000
2025-08-27 17:39:22,079 - INFO - 3. fon: cos=1.0000
2025-08-27 17:39:22,079 - INFO - 4. mos: cos=1.0000
2025-08-27 17:39:22,079 - INFO - 5. wol: cos=1.0000
2025-08-27 17:39:22,209 - INFO - === Layer 6 (xlmr) — Top 5 (cosine) ===
2025-08-27 17:39:22,209 - INFO - 1. twi: cos=1.0000
2025-08-27 17:39:22,209 - INFO - 2. ewe: cos=1.0000
2025-08-27 17:39:22,209 - INFO - 3. luo: cos=1.0000
2025-08-27 17:39:22,209 - INFO - 4. kin: cos=1.0000
2025-08-27 17:39:22,209 - INFO - 5. ibo: cos=1.0000
2025-08-27 17:39:22,209 - INFO - === Layer 6 (xlmr) — Worst 5 (cosine) ===
2025-08-27 17:39:22,209 - INFO - 1. pcm: cos=1.0000
2025-08-27 17:39:22,209 - INFO - 2. hau: cos=1.0000
2025-08-27 17:39:22,209 - INFO - 3. nya: cos=1.0000
2025-08-27 17:39:22,209 - INFO - 4. swa: cos=1.0000
2025-08-27 17:39:22,209 - INFO - 5. wol: cos=1.0000
2025-08-27 17:39:22,338 - INFO - === Layer 7 (xlmr) — Top 5 (cosine) ===
2025-08-27 17:39:22,338 - INFO - 1. twi: cos=1.0000
2025-08-27 17:39:22,338 - INFO - 2. kin: cos=1.0000
2025-08-27 17:39:22,338 - INFO - 3. bbj: cos=1.0000
2025-08-27 17:39:22,338 - INFO - 4. fon: cos=1.0000
2025-08-27 17:39:22,338 - INFO - 5. sna: cos=1.0000
2025-08-27 17:39:22,338 - INFO - === Layer 7 (xlmr) — Worst 5 (cosine) ===
2025-08-27 17:39:22,338 - INFO - 1. hau: cos=1.0000
2025-08-27 17:39:22,338 - INFO - 2. pcm: cos=1.0000
2025-08-27 17:39:22,338 - INFO - 3. zul: cos=1.0000
2025-08-27 17:39:22,338 - INFO - 4. nya: cos=1.0000
2025-08-27 17:39:22,338 - INFO - 5. tsn: cos=1.0000
2025-08-27 17:39:22,539 - INFO - === Layer 8 (xlmr) — Top 5 (cosine) ===
2025-08-27 17:39:22,539 - INFO - 1. kin: cos=1.0000
2025-08-27 17:39:22,539 - INFO - 2. ewe: cos=1.0000
2025-08-27 17:39:22,539 - INFO - 3. lug: cos=1.0000
2025-08-27 17:39:22,539 - INFO - 4. luo: cos=1.0000
2025-08-27 17:39:22,539 - INFO - 5. twi: cos=1.0000
2025-08-27 17:39:22,539 - INFO - === Layer 8 (xlmr) — Worst 5 (cosine) ===
2025-08-27 17:39:22,539 - INFO - 1. pcm: cos=0.9999
2025-08-27 17:39:22,539 - INFO - 2. fon: cos=1.0000
2025-08-27 17:39:22,539 - INFO - 3. hau: cos=1.0000
2025-08-27 17:39:22,539 - INFO - 4. sna: cos=1.0000
2025-08-27 17:39:22,539 - INFO - 5. bbj: cos=1.0000
2025-08-27 17:39:22,668 - INFO - === Layer 9 (xlmr) — Top 5 (cosine) ===
2025-08-27 17:39:22,668 - INFO - 1. kin: cos=1.0000
2025-08-27 17:39:22,668 - INFO - 2. ewe: cos=1.0000
2025-08-27 17:39:22,668 - INFO - 3. twi: cos=1.0000
2025-08-27 17:39:22,668 - INFO - 4. luo: cos=1.0000
2025-08-27 17:39:22,668 - INFO - 5. bam: cos=1.0000
2025-08-27 17:39:22,668 - INFO - === Layer 9 (xlmr) — Worst 5 (cosine) ===
2025-08-27 17:39:22,668 - INFO - 1. pcm: cos=1.0000
2025-08-27 17:39:22,668 - INFO - 2. hau: cos=1.0000
2025-08-27 17:39:22,668 - INFO - 3. sna: cos=1.0000
2025-08-27 17:39:22,668 - INFO - 4. nya: cos=1.0000
2025-08-27 17:39:22,668 - INFO - 5. wol: cos=1.0000
2025-08-27 17:39:22,798 - INFO - === Layer 10 (xlmr) — Top 5 (cosine) ===
2025-08-27 17:39:22,798 - INFO - 1. bam: cos=1.0000
2025-08-27 17:39:22,798 - INFO - 2. luo: cos=1.0000
2025-08-27 17:39:22,798 - INFO - 3. twi: cos=1.0000
2025-08-27 17:39:22,798 - INFO - 4. zul: cos=1.0000
2025-08-27 17:39:22,798 - INFO - 5. ewe: cos=1.0000
2025-08-27 17:39:22,798 - INFO - === Layer 10 (xlmr) — Worst 5 (cosine) ===
2025-08-27 17:39:22,798 - INFO - 1. pcm: cos=1.0000
2025-08-27 17:39:22,798 - INFO - 2. yor: cos=1.0000
2025-08-27 17:39:22,798 - INFO - 3. ibo: cos=1.0000
2025-08-27 17:39:22,798 - INFO - 4. fon: cos=1.0000
2025-08-27 17:39:22,798 - INFO - 5. xho: cos=1.0000
2025-08-27 17:39:22,926 - INFO - === Layer 11 (xlmr) — Top 5 (cosine) ===
2025-08-27 17:39:22,926 - INFO - 1. hau: cos=1.0000
2025-08-27 17:39:22,927 - INFO - 2. pcm: cos=1.0000
2025-08-27 17:39:22,927 - INFO - 3. ibo: cos=1.0000
2025-08-27 17:39:22,927 - INFO - 4. twi: cos=1.0000
2025-08-27 17:39:22,927 - INFO - 5. lug: cos=1.0000
2025-08-27 17:39:22,927 - INFO - === Layer 11 (xlmr) — Worst 5 (cosine) ===
2025-08-27 17:39:22,927 - INFO - 1. luo: cos=0.9999
2025-08-27 17:39:22,927 - INFO - 2. bam: cos=0.9999
2025-08-27 17:39:22,927 - INFO - 3. bbj: cos=0.9999
2025-08-27 17:39:22,927 - INFO - 4. sna: cos=1.0000
2025-08-27 17:39:22,927 - INFO - 5. zul: cos=1.0000
2025-08-27 17:39:23,054 - INFO - === Layer 12 (xlmr) — Top 5 (cosine) ===
2025-08-27 17:39:23,054 - INFO - 1. kin: cos=0.9999
2025-08-27 17:39:23,054 - INFO - 2. nya: cos=0.9999
2025-08-27 17:39:23,054 - INFO - 3. ewe: cos=0.9999
2025-08-27 17:39:23,054 - INFO - 4. wol: cos=0.9999
2025-08-27 17:39:23,054 - INFO - 5. luo: cos=0.9999
2025-08-27 17:39:23,054 - INFO - === Layer 12 (xlmr) — Worst 5 (cosine) ===
2025-08-27 17:39:23,054 - INFO - 1. fon: cos=0.9982
2025-08-27 17:39:23,054 - INFO - 2. hau: cos=0.9987
2025-08-27 17:39:23,054 - INFO - 3. pcm: cos=0.9990
2025-08-27 17:39:23,054 - INFO - 4. twi: cos=0.9995
2025-08-27 17:39:23,054 - INFO - 5. tsn: cos=0.9996
2025-08-27 17:39:23,055 - INFO - Experiment finished successfully.
