2025-08-02 22:16:50,393 - INFO - Experiment started with model_type=mbert, use_cls=False, use_context=True, context_window=1, use_hybrid=False, max_tokens_per_type=500, output_dir=rq2_train_scripts/Embeddings/MEXA_inspired_strategy/outputs/combined/mbert/config_2_clsfalse_ctxtrue_hybfalse/tokens_500_ctx1
2025-08-02 22:16:51,573 - INFO - Processing run
2025-08-02 22:16:55,387 - INFO - Processing bam
2025-08-02 22:16:58,789 - INFO - Processing bbj
2025-08-02 22:17:02,601 - INFO - Processing ewe
2025-08-02 22:17:06,417 - INFO - Processing fon
2025-08-02 22:17:10,258 - INFO - Processing hau
2025-08-02 22:17:14,097 - INFO - Processing ibo
2025-08-02 22:17:17,971 - INFO - Processing kin
2025-08-02 22:17:21,822 - INFO - Processing lug
2025-08-02 22:17:25,632 - INFO - Processing luo
2025-08-02 22:17:29,471 - INFO - Processing mos
2025-08-02 22:17:33,313 - INFO - Processing nya
2025-08-02 22:17:37,165 - INFO - Processing pcm
2025-08-02 22:17:40,984 - INFO - Processing sna
2025-08-02 22:17:44,836 - INFO - Processing swa
2025-08-02 22:17:48,677 - INFO - Processing tsn
2025-08-02 22:17:52,499 - INFO - Processing twi
2025-08-02 22:17:56,333 - INFO - Processing wol
2025-08-02 22:18:00,179 - INFO - Processing xho
2025-08-02 22:18:04,016 - INFO - Processing yor
2025-08-02 22:18:07,975 - INFO - Processing zul
2025-08-02 22:18:12,197 - INFO - Top 5 languages most similar to Runyankore:
2025-08-02 22:18:12,197 - INFO - 1. lug - Mean Similarity: 0.9424
2025-08-02 22:18:12,197 - INFO - 2. kin - Mean Similarity: 0.9343
2025-08-02 22:18:12,197 - INFO - 3. luo - Mean Similarity: 0.9083
2025-08-02 22:18:12,197 - INFO - 4. sna - Mean Similarity: 0.9031
2025-08-02 22:18:12,197 - INFO - 5. nya - Mean Similarity: 0.9029
2025-08-02 22:18:12,197 - INFO - Experiment finished successfully.
