2025-08-27 07:41:13,577 - INFO - Start: model_type=xlmr, use_cls=False, use_context=False, context_window=0, max_tokens_per_type=500, batch_size=64, output_dir=rq2_train_scripts/Embeddings/CLEAN/outputs/mptc/xlmr/config_0_clsfalse_ctxfalse/tokens_500_ctx0, save_prototypes=False, seed=42, fp16=True, max_length=96, langs=all, layers=all, span_mode=bio, pool=mean, entity_tags={'DATE', 'PER', 'ORG', 'LOC'}, title_suffix='L=all, tokens=500, ctx=0, cls=false, fp16=true'
2025-08-27 07:41:15,651 - INFO - Processing run
2025-08-27 07:41:16,160 - INFO - Processing bam
2025-08-27 07:41:16,323 - INFO - Processing bbj
2025-08-27 07:41:16,480 - INFO - Processing ewe
2025-08-27 07:41:16,635 - INFO - Processing fon
2025-08-27 07:41:16,814 - INFO - Processing hau
2025-08-27 07:41:16,984 - INFO - Processing ibo
2025-08-27 07:41:17,186 - INFO - Processing kin
2025-08-27 07:41:17,360 - INFO - Processing lug
2025-08-27 07:41:17,515 - INFO - Processing luo
2025-08-27 07:41:17,683 - INFO - Processing mos
2025-08-27 07:41:17,858 - INFO - Processing nya
2025-08-27 07:41:18,029 - INFO - Processing pcm
2025-08-27 07:41:18,183 - INFO - Processing sna
2025-08-27 07:41:18,344 - INFO - Processing swa
2025-08-27 07:41:18,515 - INFO - Processing tsn
2025-08-27 07:41:18,676 - INFO - Processing twi
2025-08-27 07:41:18,854 - INFO - Processing wol
2025-08-27 07:41:19,065 - INFO - Processing xho
2025-08-27 07:41:19,223 - INFO - Processing yor
2025-08-27 07:41:19,423 - INFO - Processing zul
2025-08-27 07:41:20,012 - INFO - === Layer 1 (xlmr) — Top 5 (cosine) ===
2025-08-27 07:41:20,012 - INFO - 1. kin: cos=0.9615
2025-08-27 07:41:20,012 - INFO - 2. twi: cos=0.9532
2025-08-27 07:41:20,012 - INFO - 3. ibo: cos=0.9516
2025-08-27 07:41:20,012 - INFO - 4. luo: cos=0.9505
2025-08-27 07:41:20,012 - INFO - 5. sna: cos=0.9472
2025-08-27 07:41:20,012 - INFO - === Layer 1 (xlmr) — Worst 5 (cosine) ===
2025-08-27 07:41:20,012 - INFO - 1. hau: cos=0.8871
2025-08-27 07:41:20,012 - INFO - 2. fon: cos=0.8915
2025-08-27 07:41:20,012 - INFO - 3. mos: cos=0.8940
2025-08-27 07:41:20,012 - INFO - 4. bbj: cos=0.9096
2025-08-27 07:41:20,012 - INFO - 5. yor: cos=0.9096
2025-08-27 07:41:20,139 - INFO - === Layer 2 (xlmr) — Top 5 (cosine) ===
2025-08-27 07:41:20,139 - INFO - 1. kin: cos=0.9835
2025-08-27 07:41:20,139 - INFO - 2. twi: cos=0.9801
2025-08-27 07:41:20,139 - INFO - 3. ibo: cos=0.9800
2025-08-27 07:41:20,139 - INFO - 4. luo: cos=0.9794
2025-08-27 07:41:20,139 - INFO - 5. tsn: cos=0.9763
2025-08-27 07:41:20,139 - INFO - === Layer 2 (xlmr) — Worst 5 (cosine) ===
2025-08-27 07:41:20,139 - INFO - 1. hau: cos=0.9501
2025-08-27 07:41:20,139 - INFO - 2. mos: cos=0.9530
2025-08-27 07:41:20,139 - INFO - 3. fon: cos=0.9534
2025-08-27 07:41:20,139 - INFO - 4. pcm: cos=0.9604
2025-08-27 07:41:20,139 - INFO - 5. yor: cos=0.9612
2025-08-27 07:41:20,264 - INFO - === Layer 3 (xlmr) — Top 5 (cosine) ===
2025-08-27 07:41:20,264 - INFO - 1. kin: cos=0.9880
2025-08-27 07:41:20,264 - INFO - 2. twi: cos=0.9842
2025-08-27 07:41:20,264 - INFO - 3. luo: cos=0.9840
2025-08-27 07:41:20,264 - INFO - 4. ibo: cos=0.9824
2025-08-27 07:41:20,264 - INFO - 5. tsn: cos=0.9822
2025-08-27 07:41:20,264 - INFO - === Layer 3 (xlmr) — Worst 5 (cosine) ===
2025-08-27 07:41:20,264 - INFO - 1. hau: cos=0.9604
2025-08-27 07:41:20,264 - INFO - 2. mos: cos=0.9671
2025-08-27 07:41:20,264 - INFO - 3. pcm: cos=0.9690
2025-08-27 07:41:20,264 - INFO - 4. fon: cos=0.9696
2025-08-27 07:41:20,264 - INFO - 5. bbj: cos=0.9724
2025-08-27 07:41:20,394 - INFO - === Layer 4 (xlmr) — Top 5 (cosine) ===
2025-08-27 07:41:20,394 - INFO - 1. kin: cos=0.9869
2025-08-27 07:41:20,394 - INFO - 2. twi: cos=0.9836
2025-08-27 07:41:20,394 - INFO - 3. luo: cos=0.9831
2025-08-27 07:41:20,394 - INFO - 4. tsn: cos=0.9803
2025-08-27 07:41:20,394 - INFO - 5. zul: cos=0.9801
2025-08-27 07:41:20,394 - INFO - === Layer 4 (xlmr) — Worst 5 (cosine) ===
2025-08-27 07:41:20,394 - INFO - 1. hau: cos=0.9543
2025-08-27 07:41:20,394 - INFO - 2. fon: cos=0.9670
2025-08-27 07:41:20,394 - INFO - 3. pcm: cos=0.9675
2025-08-27 07:41:20,394 - INFO - 4. mos: cos=0.9684
2025-08-27 07:41:20,394 - INFO - 5. bbj: cos=0.9693
2025-08-27 07:41:20,533 - INFO - === Layer 5 (xlmr) — Top 5 (cosine) ===
2025-08-27 07:41:20,533 - INFO - 1. kin: cos=0.9881
2025-08-27 07:41:20,533 - INFO - 2. twi: cos=0.9857
2025-08-27 07:41:20,533 - INFO - 3. luo: cos=0.9846
2025-08-27 07:41:20,533 - INFO - 4. tsn: cos=0.9822
2025-08-27 07:41:20,533 - INFO - 5. zul: cos=0.9821
2025-08-27 07:41:20,533 - INFO - === Layer 5 (xlmr) — Worst 5 (cosine) ===
2025-08-27 07:41:20,533 - INFO - 1. hau: cos=0.9580
2025-08-27 07:41:20,533 - INFO - 2. fon: cos=0.9693
2025-08-27 07:41:20,533 - INFO - 3. bbj: cos=0.9703
2025-08-27 07:41:20,533 - INFO - 4. pcm: cos=0.9727
2025-08-27 07:41:20,533 - INFO - 5. bam: cos=0.9741
2025-08-27 07:41:20,660 - INFO - === Layer 6 (xlmr) — Top 5 (cosine) ===
2025-08-27 07:41:20,660 - INFO - 1. kin: cos=0.9838
2025-08-27 07:41:20,660 - INFO - 2. twi: cos=0.9812
2025-08-27 07:41:20,660 - INFO - 3. luo: cos=0.9797
2025-08-27 07:41:20,660 - INFO - 4. ibo: cos=0.9747
2025-08-27 07:41:20,660 - INFO - 5. tsn: cos=0.9742
2025-08-27 07:41:20,660 - INFO - === Layer 6 (xlmr) — Worst 5 (cosine) ===
2025-08-27 07:41:20,660 - INFO - 1. hau: cos=0.9525
2025-08-27 07:41:20,660 - INFO - 2. bbj: cos=0.9580
2025-08-27 07:41:20,660 - INFO - 3. pcm: cos=0.9585
2025-08-27 07:41:20,660 - INFO - 4. fon: cos=0.9609
2025-08-27 07:41:20,660 - INFO - 5. bam: cos=0.9641
2025-08-27 07:41:20,786 - INFO - === Layer 7 (xlmr) — Top 5 (cosine) ===
2025-08-27 07:41:20,786 - INFO - 1. kin: cos=0.9872
2025-08-27 07:41:20,786 - INFO - 2. twi: cos=0.9862
2025-08-27 07:41:20,786 - INFO - 3. luo: cos=0.9837
2025-08-27 07:41:20,786 - INFO - 4. tsn: cos=0.9808
2025-08-27 07:41:20,786 - INFO - 5. zul: cos=0.9801
2025-08-27 07:41:20,786 - INFO - === Layer 7 (xlmr) — Worst 5 (cosine) ===
2025-08-27 07:41:20,786 - INFO - 1. hau: cos=0.9635
2025-08-27 07:41:20,786 - INFO - 2. bbj: cos=0.9677
2025-08-27 07:41:20,786 - INFO - 3. fon: cos=0.9688
2025-08-27 07:41:20,786 - INFO - 4. pcm: cos=0.9705
2025-08-27 07:41:20,786 - INFO - 5. mos: cos=0.9726
2025-08-27 07:41:20,917 - INFO - === Layer 8 (xlmr) — Top 5 (cosine) ===
2025-08-27 07:41:20,917 - INFO - 1. kin: cos=0.9864
2025-08-27 07:41:20,917 - INFO - 2. twi: cos=0.9853
2025-08-27 07:41:20,917 - INFO - 3. luo: cos=0.9830
2025-08-27 07:41:20,917 - INFO - 4. tsn: cos=0.9804
2025-08-27 07:41:20,917 - INFO - 5. ibo: cos=0.9795
2025-08-27 07:41:20,917 - INFO - === Layer 8 (xlmr) — Worst 5 (cosine) ===
2025-08-27 07:41:20,917 - INFO - 1. hau: cos=0.9603
2025-08-27 07:41:20,917 - INFO - 2. bbj: cos=0.9662
2025-08-27 07:41:20,917 - INFO - 3. bam: cos=0.9666
2025-08-27 07:41:20,917 - INFO - 4. pcm: cos=0.9673
2025-08-27 07:41:20,917 - INFO - 5. fon: cos=0.9677
2025-08-27 07:41:21,135 - INFO - === Layer 9 (xlmr) — Top 5 (cosine) ===
2025-08-27 07:41:21,135 - INFO - 1. ibo: cos=0.9858
2025-08-27 07:41:21,135 - INFO - 2. kin: cos=0.9856
2025-08-27 07:41:21,135 - INFO - 3. twi: cos=0.9839
2025-08-27 07:41:21,135 - INFO - 4. zul: cos=0.9838
2025-08-27 07:41:21,135 - INFO - 5. luo: cos=0.9829
2025-08-27 07:41:21,135 - INFO - === Layer 9 (xlmr) — Worst 5 (cosine) ===
2025-08-27 07:41:21,135 - INFO - 1. pcm: cos=0.9623
2025-08-27 07:41:21,135 - INFO - 2. hau: cos=0.9654
2025-08-27 07:41:21,135 - INFO - 3. swa: cos=0.9679
2025-08-27 07:41:21,135 - INFO - 4. lug: cos=0.9698
2025-08-27 07:41:21,135 - INFO - 5. bam: cos=0.9716
2025-08-27 07:41:21,266 - INFO - === Layer 10 (xlmr) — Top 5 (cosine) ===
2025-08-27 07:41:21,266 - INFO - 1. ewe: cos=0.9840
2025-08-27 07:41:21,266 - INFO - 2. kin: cos=0.9822
2025-08-27 07:41:21,266 - INFO - 3. twi: cos=0.9819
2025-08-27 07:41:21,266 - INFO - 4. ibo: cos=0.9819
2025-08-27 07:41:21,266 - INFO - 5. mos: cos=0.9805
2025-08-27 07:41:21,266 - INFO - === Layer 10 (xlmr) — Worst 5 (cosine) ===
2025-08-27 07:41:21,266 - INFO - 1. hau: cos=0.9643
2025-08-27 07:41:21,266 - INFO - 2. bam: cos=0.9663
2025-08-27 07:41:21,266 - INFO - 3. pcm: cos=0.9686
2025-08-27 07:41:21,266 - INFO - 4. lug: cos=0.9695
2025-08-27 07:41:21,266 - INFO - 5. bbj: cos=0.9756
2025-08-27 07:41:21,393 - INFO - === Layer 11 (xlmr) — Top 5 (cosine) ===
2025-08-27 07:41:21,394 - INFO - 1. ewe: cos=0.9863
2025-08-27 07:41:21,394 - INFO - 2. twi: cos=0.9842
2025-08-27 07:41:21,394 - INFO - 3. ibo: cos=0.9842
2025-08-27 07:41:21,394 - INFO - 4. kin: cos=0.9832
2025-08-27 07:41:21,394 - INFO - 5. mos: cos=0.9821
2025-08-27 07:41:21,394 - INFO - === Layer 11 (xlmr) — Worst 5 (cosine) ===
2025-08-27 07:41:21,394 - INFO - 1. hau: cos=0.9688
2025-08-27 07:41:21,394 - INFO - 2. lug: cos=0.9695
2025-08-27 07:41:21,394 - INFO - 3. bam: cos=0.9705
2025-08-27 07:41:21,394 - INFO - 4. pcm: cos=0.9754
2025-08-27 07:41:21,394 - INFO - 5. wol: cos=0.9778
2025-08-27 07:41:21,515 - INFO - === Layer 12 (xlmr) — Top 5 (cosine) ===
2025-08-27 07:41:21,515 - INFO - 1. ewe: cos=0.9986
2025-08-27 07:41:21,515 - INFO - 2. twi: cos=0.9985
2025-08-27 07:41:21,515 - INFO - 3. ibo: cos=0.9984
2025-08-27 07:41:21,515 - INFO - 4. kin: cos=0.9983
2025-08-27 07:41:21,515 - INFO - 5. zul: cos=0.9983
2025-08-27 07:41:21,515 - INFO - === Layer 12 (xlmr) — Worst 5 (cosine) ===
2025-08-27 07:41:21,515 - INFO - 1. hau: cos=0.9969
2025-08-27 07:41:21,515 - INFO - 2. bam: cos=0.9969
2025-08-27 07:41:21,515 - INFO - 3. lug: cos=0.9970
2025-08-27 07:41:21,515 - INFO - 4. pcm: cos=0.9972
2025-08-27 07:41:21,515 - INFO - 5. swa: cos=0.9977
2025-08-27 07:41:21,516 - INFO - Experiment finished successfully.
