2025-08-27 10:11:18,445 - INFO - Start: model_type=xlmr, use_cls=True, use_context=True, context_window=3, max_tokens_per_type=400, batch_size=64, output_dir=rq2_train_scripts/Embeddings/CLEAN/outputs/salt/xlmr/config_3_clstrue_ctxtrue/tokens_400_ctx3/core, save_prototypes=False, seed=42, fp16=True, max_length=96, langs=all, layers=all, span_mode=bio, pool=mean, entity_tags={'DATE', 'PER', 'LOC', 'ORG'}, title_suffix='L=all, tokens=400, ctx=3, cls=true, fp16=true'
2025-08-27 10:11:20,672 - INFO - Processing run
2025-08-27 10:11:21,132 - INFO - Processing bam
2025-08-27 10:11:21,192 - INFO - Processing bbj
2025-08-27 10:11:21,256 - INFO - Processing ewe
2025-08-27 10:11:21,306 - INFO - Processing fon
2025-08-27 10:11:21,377 - INFO - Processing hau
2025-08-27 10:11:21,443 - INFO - Processing ibo
2025-08-27 10:11:21,538 - INFO - Processing kin
2025-08-27 10:11:21,607 - INFO - Processing lug
2025-08-27 10:11:21,665 - INFO - Processing luo
2025-08-27 10:11:21,728 - INFO - Processing mos
2025-08-27 10:11:21,797 - INFO - Processing nya
2025-08-27 10:11:21,866 - INFO - Processing pcm
2025-08-27 10:11:21,924 - INFO - Processing sna
2025-08-27 10:11:21,986 - INFO - Processing swa
2025-08-27 10:11:22,053 - INFO - Processing tsn
2025-08-27 10:11:22,145 - INFO - Processing twi
2025-08-27 10:11:22,211 - INFO - Processing wol
2025-08-27 10:11:22,278 - INFO - Processing xho
2025-08-27 10:11:22,335 - INFO - Processing yor
2025-08-27 10:11:22,418 - INFO - Processing zul
2025-08-27 10:11:22,917 - INFO - === Layer 1 (xlmr) — Top 5 (cosine) ===
2025-08-27 10:11:22,917 - INFO - 1. lug: cos=1.0000
2025-08-27 10:11:22,917 - INFO - 2. kin: cos=1.0000
2025-08-27 10:11:22,917 - INFO - 3. sna: cos=1.0000
2025-08-27 10:11:22,917 - INFO - 4. nya: cos=1.0000
2025-08-27 10:11:22,917 - INFO - 5. tsn: cos=1.0000
2025-08-27 10:11:22,917 - INFO - === Layer 1 (xlmr) — Worst 5 (cosine) ===
2025-08-27 10:11:22,917 - INFO - 1. bam: cos=0.9997
2025-08-27 10:11:22,917 - INFO - 2. fon: cos=0.9997
2025-08-27 10:11:22,917 - INFO - 3. ewe: cos=0.9999
2025-08-27 10:11:22,917 - INFO - 4. yor: cos=0.9999
2025-08-27 10:11:22,917 - INFO - 5. hau: cos=0.9999
2025-08-27 10:11:23,041 - INFO - === Layer 2 (xlmr) — Top 5 (cosine) ===
2025-08-27 10:11:23,042 - INFO - 1. kin: cos=1.0000
2025-08-27 10:11:23,042 - INFO - 2. nya: cos=1.0000
2025-08-27 10:11:23,042 - INFO - 3. sna: cos=1.0000
2025-08-27 10:11:23,042 - INFO - 4. lug: cos=1.0000
2025-08-27 10:11:23,042 - INFO - 5. tsn: cos=1.0000
2025-08-27 10:11:23,042 - INFO - === Layer 2 (xlmr) — Worst 5 (cosine) ===
2025-08-27 10:11:23,042 - INFO - 1. bam: cos=1.0000
2025-08-27 10:11:23,042 - INFO - 2. fon: cos=1.0000
2025-08-27 10:11:23,042 - INFO - 3. hau: cos=1.0000
2025-08-27 10:11:23,042 - INFO - 4. yor: cos=1.0000
2025-08-27 10:11:23,042 - INFO - 5. swa: cos=1.0000
2025-08-27 10:11:23,165 - INFO - === Layer 3 (xlmr) — Top 5 (cosine) ===
2025-08-27 10:11:23,165 - INFO - 1. kin: cos=1.0000
2025-08-27 10:11:23,165 - INFO - 2. sna: cos=1.0000
2025-08-27 10:11:23,165 - INFO - 3. nya: cos=1.0000
2025-08-27 10:11:23,165 - INFO - 4. lug: cos=1.0000
2025-08-27 10:11:23,165 - INFO - 5. xho: cos=1.0000
2025-08-27 10:11:23,165 - INFO - === Layer 3 (xlmr) — Worst 5 (cosine) ===
2025-08-27 10:11:23,165 - INFO - 1. pcm: cos=1.0000
2025-08-27 10:11:23,165 - INFO - 2. swa: cos=1.0000
2025-08-27 10:11:23,165 - INFO - 3. fon: cos=1.0000
2025-08-27 10:11:23,165 - INFO - 4. ewe: cos=1.0000
2025-08-27 10:11:23,165 - INFO - 5. bbj: cos=1.0000
2025-08-27 10:11:23,331 - INFO - === Layer 4 (xlmr) — Top 5 (cosine) ===
2025-08-27 10:11:23,331 - INFO - 1. zul: cos=1.0000
2025-08-27 10:11:23,331 - INFO - 2. lug: cos=1.0000
2025-08-27 10:11:23,331 - INFO - 3. wol: cos=1.0000
2025-08-27 10:11:23,331 - INFO - 4. ibo: cos=1.0000
2025-08-27 10:11:23,331 - INFO - 5. nya: cos=1.0000
2025-08-27 10:11:23,331 - INFO - === Layer 4 (xlmr) — Worst 5 (cosine) ===
2025-08-27 10:11:23,331 - INFO - 1. pcm: cos=1.0000
2025-08-27 10:11:23,331 - INFO - 2. hau: cos=1.0000
2025-08-27 10:11:23,331 - INFO - 3. swa: cos=1.0000
2025-08-27 10:11:23,331 - INFO - 4. fon: cos=1.0000
2025-08-27 10:11:23,331 - INFO - 5. sna: cos=1.0000
2025-08-27 10:11:23,461 - INFO - === Layer 5 (xlmr) — Top 5 (cosine) ===
2025-08-27 10:11:23,461 - INFO - 1. lug: cos=1.0000
2025-08-27 10:11:23,461 - INFO - 2. sna: cos=1.0000
2025-08-27 10:11:23,461 - INFO - 3. kin: cos=1.0000
2025-08-27 10:11:23,461 - INFO - 4. nya: cos=1.0000
2025-08-27 10:11:23,461 - INFO - 5. zul: cos=1.0000
2025-08-27 10:11:23,461 - INFO - === Layer 5 (xlmr) — Worst 5 (cosine) ===
2025-08-27 10:11:23,461 - INFO - 1. bam: cos=1.0000
2025-08-27 10:11:23,461 - INFO - 2. fon: cos=1.0000
2025-08-27 10:11:23,461 - INFO - 3. twi: cos=1.0000
2025-08-27 10:11:23,461 - INFO - 4. bbj: cos=1.0000
2025-08-27 10:11:23,461 - INFO - 5. swa: cos=1.0000
2025-08-27 10:11:23,593 - INFO - === Layer 6 (xlmr) — Top 5 (cosine) ===
2025-08-27 10:11:23,593 - INFO - 1. lug: cos=1.0000
2025-08-27 10:11:23,593 - INFO - 2. sna: cos=1.0000
2025-08-27 10:11:23,593 - INFO - 3. nya: cos=1.0000
2025-08-27 10:11:23,593 - INFO - 4. tsn: cos=1.0000
2025-08-27 10:11:23,594 - INFO - 5. kin: cos=1.0000
2025-08-27 10:11:23,594 - INFO - === Layer 6 (xlmr) — Worst 5 (cosine) ===
2025-08-27 10:11:23,594 - INFO - 1. bam: cos=1.0000
2025-08-27 10:11:23,594 - INFO - 2. fon: cos=1.0000
2025-08-27 10:11:23,594 - INFO - 3. twi: cos=1.0000
2025-08-27 10:11:23,594 - INFO - 4. bbj: cos=1.0000
2025-08-27 10:11:23,594 - INFO - 5. swa: cos=1.0000
2025-08-27 10:11:23,724 - INFO - === Layer 7 (xlmr) — Top 5 (cosine) ===
2025-08-27 10:11:23,724 - INFO - 1. lug: cos=1.0000
2025-08-27 10:11:23,724 - INFO - 2. ibo: cos=1.0000
2025-08-27 10:11:23,724 - INFO - 3. tsn: cos=1.0000
2025-08-27 10:11:23,724 - INFO - 4. kin: cos=1.0000
2025-08-27 10:11:23,724 - INFO - 5. bam: cos=1.0000
2025-08-27 10:11:23,724 - INFO - === Layer 7 (xlmr) — Worst 5 (cosine) ===
2025-08-27 10:11:23,724 - INFO - 1. yor: cos=1.0000
2025-08-27 10:11:23,724 - INFO - 2. pcm: cos=1.0000
2025-08-27 10:11:23,725 - INFO - 3. ewe: cos=1.0000
2025-08-27 10:11:23,725 - INFO - 4. bbj: cos=1.0000
2025-08-27 10:11:23,725 - INFO - 5. sna: cos=1.0000
2025-08-27 10:11:23,929 - INFO - === Layer 8 (xlmr) — Top 5 (cosine) ===
2025-08-27 10:11:23,929 - INFO - 1. kin: cos=1.0000
2025-08-27 10:11:23,929 - INFO - 2. sna: cos=1.0000
2025-08-27 10:11:23,929 - INFO - 3. nya: cos=1.0000
2025-08-27 10:11:23,929 - INFO - 4. lug: cos=1.0000
2025-08-27 10:11:23,929 - INFO - 5. wol: cos=1.0000
2025-08-27 10:11:23,929 - INFO - === Layer 8 (xlmr) — Worst 5 (cosine) ===
2025-08-27 10:11:23,930 - INFO - 1. swa: cos=1.0000
2025-08-27 10:11:23,930 - INFO - 2. hau: cos=1.0000
2025-08-27 10:11:23,930 - INFO - 3. bbj: cos=1.0000
2025-08-27 10:11:23,930 - INFO - 4. pcm: cos=1.0000
2025-08-27 10:11:23,930 - INFO - 5. yor: cos=1.0000
2025-08-27 10:11:24,079 - INFO - === Layer 9 (xlmr) — Top 5 (cosine) ===
2025-08-27 10:11:24,079 - INFO - 1. kin: cos=1.0000
2025-08-27 10:11:24,079 - INFO - 2. hau: cos=1.0000
2025-08-27 10:11:24,079 - INFO - 3. bbj: cos=1.0000
2025-08-27 10:11:24,079 - INFO - 4. twi: cos=1.0000
2025-08-27 10:11:24,079 - INFO - 5. mos: cos=1.0000
2025-08-27 10:11:24,079 - INFO - === Layer 9 (xlmr) — Worst 5 (cosine) ===
2025-08-27 10:11:24,079 - INFO - 1. yor: cos=1.0000
2025-08-27 10:11:24,079 - INFO - 2. zul: cos=1.0000
2025-08-27 10:11:24,079 - INFO - 3. ewe: cos=1.0000
2025-08-27 10:11:24,079 - INFO - 4. luo: cos=1.0000
2025-08-27 10:11:24,079 - INFO - 5. xho: cos=1.0000
2025-08-27 10:11:24,210 - INFO - === Layer 10 (xlmr) — Top 5 (cosine) ===
2025-08-27 10:11:24,210 - INFO - 1. ibo: cos=1.0000
2025-08-27 10:11:24,211 - INFO - 2. twi: cos=1.0000
2025-08-27 10:11:24,211 - INFO - 3. kin: cos=1.0000
2025-08-27 10:11:24,211 - INFO - 4. hau: cos=1.0000
2025-08-27 10:11:24,211 - INFO - 5. sna: cos=1.0000
2025-08-27 10:11:24,211 - INFO - === Layer 10 (xlmr) — Worst 5 (cosine) ===
2025-08-27 10:11:24,211 - INFO - 1. pcm: cos=1.0000
2025-08-27 10:11:24,211 - INFO - 2. tsn: cos=1.0000
2025-08-27 10:11:24,211 - INFO - 3. luo: cos=1.0000
2025-08-27 10:11:24,211 - INFO - 4. swa: cos=1.0000
2025-08-27 10:11:24,211 - INFO - 5. lug: cos=1.0000
2025-08-27 10:11:24,340 - INFO - === Layer 11 (xlmr) — Top 5 (cosine) ===
2025-08-27 10:11:24,340 - INFO - 1. kin: cos=1.0000
2025-08-27 10:11:24,340 - INFO - 2. xho: cos=1.0000
2025-08-27 10:11:24,340 - INFO - 3. sna: cos=1.0000
2025-08-27 10:11:24,340 - INFO - 4. zul: cos=1.0000
2025-08-27 10:11:24,340 - INFO - 5. nya: cos=1.0000
2025-08-27 10:11:24,340 - INFO - === Layer 11 (xlmr) — Worst 5 (cosine) ===
2025-08-27 10:11:24,340 - INFO - 1. yor: cos=0.9999
2025-08-27 10:11:24,340 - INFO - 2. fon: cos=0.9999
2025-08-27 10:11:24,340 - INFO - 3. pcm: cos=0.9999
2025-08-27 10:11:24,340 - INFO - 4. mos: cos=0.9999
2025-08-27 10:11:24,340 - INFO - 5. bbj: cos=0.9999
2025-08-27 10:11:24,470 - INFO - === Layer 12 (xlmr) — Top 5 (cosine) ===
2025-08-27 10:11:24,470 - INFO - 1. pcm: cos=0.9995
2025-08-27 10:11:24,470 - INFO - 2. sna: cos=0.9993
2025-08-27 10:11:24,470 - INFO - 3. mos: cos=0.9984
2025-08-27 10:11:24,470 - INFO - 4. kin: cos=0.9983
2025-08-27 10:11:24,470 - INFO - 5. bbj: cos=0.9981
2025-08-27 10:11:24,470 - INFO - === Layer 12 (xlmr) — Worst 5 (cosine) ===
2025-08-27 10:11:24,470 - INFO - 1. zul: cos=0.9785
2025-08-27 10:11:24,470 - INFO - 2. fon: cos=0.9843
2025-08-27 10:11:24,470 - INFO - 3. xho: cos=0.9874
2025-08-27 10:11:24,470 - INFO - 4. nya: cos=0.9923
2025-08-27 10:11:24,470 - INFO - 5. lug: cos=0.9948
2025-08-27 10:11:24,471 - INFO - Experiment finished successfully.
