2025-08-27 17:43:45,416 - INFO - Start: model_type=xlmr, use_cls=True, use_context=False, context_window=2, max_tokens_per_type=500, batch_size=64, output_dir=rq2_train_scripts/Embeddings/CLEAN/outputs/combined/xlmr/config_1_clstrue_ctxfalse/tokens_500_ctx2/core, save_prototypes=False, seed=42, fp16=True, max_length=96, langs=all, layers=all, span_mode=bio, pool=mean, entity_tags={'LOC', 'PER', 'ORG', 'DATE'}, title_suffix='L=all, tokens=500, ctx=2, cls=true, fp16=true'
2025-08-27 17:43:47,640 - INFO - Processing run
2025-08-27 17:43:48,075 - INFO - Processing bam
2025-08-27 17:43:48,132 - INFO - Processing bbj
2025-08-27 17:43:48,176 - INFO - Processing ewe
2025-08-27 17:43:48,224 - INFO - Processing fon
2025-08-27 17:43:48,285 - INFO - Processing hau
2025-08-27 17:43:48,363 - INFO - Processing ibo
2025-08-27 17:43:48,481 - INFO - Processing kin
2025-08-27 17:43:48,554 - INFO - Processing lug
2025-08-27 17:43:48,616 - INFO - Processing luo
2025-08-27 17:43:48,681 - INFO - Processing mos
2025-08-27 17:43:48,750 - INFO - Processing nya
2025-08-27 17:43:48,825 - INFO - Processing pcm
2025-08-27 17:43:48,880 - INFO - Processing sna
2025-08-27 17:43:48,936 - INFO - Processing swa
2025-08-27 17:43:49,008 - INFO - Processing tsn
2025-08-27 17:43:49,065 - INFO - Processing twi
2025-08-27 17:43:49,144 - INFO - Processing wol
2025-08-27 17:43:49,218 - INFO - Processing xho
2025-08-27 17:43:49,277 - INFO - Processing yor
2025-08-27 17:43:49,374 - INFO - Processing zul
2025-08-27 17:43:49,868 - INFO - === Layer 1 (xlmr) — Top 5 (cosine) ===
2025-08-27 17:43:49,869 - INFO - 1. kin: cos=0.9999
2025-08-27 17:43:49,869 - INFO - 2. twi: cos=0.9999
2025-08-27 17:43:49,869 - INFO - 3. luo: cos=0.9999
2025-08-27 17:43:49,869 - INFO - 4. ibo: cos=0.9999
2025-08-27 17:43:49,869 - INFO - 5. nya: cos=0.9998
2025-08-27 17:43:49,869 - INFO - === Layer 1 (xlmr) — Worst 5 (cosine) ===
2025-08-27 17:43:49,869 - INFO - 1. hau: cos=0.9995
2025-08-27 17:43:49,869 - INFO - 2. bam: cos=0.9995
2025-08-27 17:43:49,869 - INFO - 3. xho: cos=0.9995
2025-08-27 17:43:49,869 - INFO - 4. fon: cos=0.9995
2025-08-27 17:43:49,869 - INFO - 5. pcm: cos=0.9995
2025-08-27 17:43:50,002 - INFO - === Layer 2 (xlmr) — Top 5 (cosine) ===
2025-08-27 17:43:50,002 - INFO - 1. kin: cos=1.0000
2025-08-27 17:43:50,002 - INFO - 2. luo: cos=1.0000
2025-08-27 17:43:50,002 - INFO - 3. twi: cos=1.0000
2025-08-27 17:43:50,002 - INFO - 4. ibo: cos=1.0000
2025-08-27 17:43:50,002 - INFO - 5. nya: cos=1.0000
2025-08-27 17:43:50,002 - INFO - === Layer 2 (xlmr) — Worst 5 (cosine) ===
2025-08-27 17:43:50,002 - INFO - 1. pcm: cos=0.9999
2025-08-27 17:43:50,002 - INFO - 2. bam: cos=0.9999
2025-08-27 17:43:50,002 - INFO - 3. bbj: cos=0.9999
2025-08-27 17:43:50,002 - INFO - 4. hau: cos=0.9999
2025-08-27 17:43:50,002 - INFO - 5. xho: cos=0.9999
2025-08-27 17:43:50,136 - INFO - === Layer 3 (xlmr) — Top 5 (cosine) ===
2025-08-27 17:43:50,136 - INFO - 1. luo: cos=1.0000
2025-08-27 17:43:50,136 - INFO - 2. kin: cos=1.0000
2025-08-27 17:43:50,136 - INFO - 3. twi: cos=1.0000
2025-08-27 17:43:50,136 - INFO - 4. hau: cos=1.0000
2025-08-27 17:43:50,136 - INFO - 5. zul: cos=1.0000
2025-08-27 17:43:50,136 - INFO - === Layer 3 (xlmr) — Worst 5 (cosine) ===
2025-08-27 17:43:50,136 - INFO - 1. pcm: cos=1.0000
2025-08-27 17:43:50,136 - INFO - 2. swa: cos=1.0000
2025-08-27 17:43:50,136 - INFO - 3. bbj: cos=1.0000
2025-08-27 17:43:50,136 - INFO - 4. nya: cos=1.0000
2025-08-27 17:43:50,136 - INFO - 5. fon: cos=1.0000
2025-08-27 17:43:50,278 - INFO - === Layer 4 (xlmr) — Top 5 (cosine) ===
2025-08-27 17:43:50,278 - INFO - 1. kin: cos=1.0000
2025-08-27 17:43:50,278 - INFO - 2. twi: cos=1.0000
2025-08-27 17:43:50,278 - INFO - 3. luo: cos=1.0000
2025-08-27 17:43:50,278 - INFO - 4. sna: cos=1.0000
2025-08-27 17:43:50,278 - INFO - 5. zul: cos=1.0000
2025-08-27 17:43:50,278 - INFO - === Layer 4 (xlmr) — Worst 5 (cosine) ===
2025-08-27 17:43:50,278 - INFO - 1. yor: cos=1.0000
2025-08-27 17:43:50,278 - INFO - 2. hau: cos=1.0000
2025-08-27 17:43:50,278 - INFO - 3. bam: cos=1.0000
2025-08-27 17:43:50,278 - INFO - 4. pcm: cos=1.0000
2025-08-27 17:43:50,278 - INFO - 5. wol: cos=1.0000
2025-08-27 17:43:50,451 - INFO - === Layer 5 (xlmr) — Top 5 (cosine) ===
2025-08-27 17:43:50,452 - INFO - 1. twi: cos=1.0000
2025-08-27 17:43:50,452 - INFO - 2. kin: cos=1.0000
2025-08-27 17:43:50,452 - INFO - 3. luo: cos=1.0000
2025-08-27 17:43:50,452 - INFO - 4. zul: cos=1.0000
2025-08-27 17:43:50,452 - INFO - 5. ibo: cos=1.0000
2025-08-27 17:43:50,452 - INFO - === Layer 5 (xlmr) — Worst 5 (cosine) ===
2025-08-27 17:43:50,452 - INFO - 1. hau: cos=1.0000
2025-08-27 17:43:50,452 - INFO - 2. pcm: cos=1.0000
2025-08-27 17:43:50,452 - INFO - 3. fon: cos=1.0000
2025-08-27 17:43:50,452 - INFO - 4. nya: cos=1.0000
2025-08-27 17:43:50,452 - INFO - 5. lug: cos=1.0000
2025-08-27 17:43:50,635 - INFO - === Layer 6 (xlmr) — Top 5 (cosine) ===
2025-08-27 17:43:50,635 - INFO - 1. twi: cos=1.0000
2025-08-27 17:43:50,635 - INFO - 2. kin: cos=1.0000
2025-08-27 17:43:50,635 - INFO - 3. luo: cos=1.0000
2025-08-27 17:43:50,635 - INFO - 4. ibo: cos=1.0000
2025-08-27 17:43:50,635 - INFO - 5. ewe: cos=1.0000
2025-08-27 17:43:50,635 - INFO - === Layer 6 (xlmr) — Worst 5 (cosine) ===
2025-08-27 17:43:50,635 - INFO - 1. pcm: cos=1.0000
2025-08-27 17:43:50,635 - INFO - 2. hau: cos=1.0000
2025-08-27 17:43:50,635 - INFO - 3. fon: cos=1.0000
2025-08-27 17:43:50,636 - INFO - 4. nya: cos=1.0000
2025-08-27 17:43:50,636 - INFO - 5. mos: cos=1.0000
2025-08-27 17:43:50,786 - INFO - === Layer 7 (xlmr) — Top 5 (cosine) ===
2025-08-27 17:43:50,786 - INFO - 1. kin: cos=1.0000
2025-08-27 17:43:50,786 - INFO - 2. fon: cos=1.0000
2025-08-27 17:43:50,786 - INFO - 3. sna: cos=1.0000
2025-08-27 17:43:50,786 - INFO - 4. ewe: cos=1.0000
2025-08-27 17:43:50,786 - INFO - 5. bbj: cos=1.0000
2025-08-27 17:43:50,786 - INFO - === Layer 7 (xlmr) — Worst 5 (cosine) ===
2025-08-27 17:43:50,786 - INFO - 1. hau: cos=1.0000
2025-08-27 17:43:50,786 - INFO - 2. tsn: cos=1.0000
2025-08-27 17:43:50,786 - INFO - 3. nya: cos=1.0000
2025-08-27 17:43:50,786 - INFO - 4. zul: cos=1.0000
2025-08-27 17:43:50,786 - INFO - 5. mos: cos=1.0000
2025-08-27 17:43:50,916 - INFO - === Layer 8 (xlmr) — Top 5 (cosine) ===
2025-08-27 17:43:50,917 - INFO - 1. kin: cos=1.0000
2025-08-27 17:43:50,917 - INFO - 2. lug: cos=1.0000
2025-08-27 17:43:50,917 - INFO - 3. xho: cos=1.0000
2025-08-27 17:43:50,917 - INFO - 4. tsn: cos=1.0000
2025-08-27 17:43:50,917 - INFO - 5. nya: cos=1.0000
2025-08-27 17:43:50,917 - INFO - === Layer 8 (xlmr) — Worst 5 (cosine) ===
2025-08-27 17:43:50,917 - INFO - 1. ewe: cos=0.9999
2025-08-27 17:43:50,917 - INFO - 2. bbj: cos=1.0000
2025-08-27 17:43:50,917 - INFO - 3. swa: cos=1.0000
2025-08-27 17:43:50,917 - INFO - 4. pcm: cos=1.0000
2025-08-27 17:43:50,917 - INFO - 5. fon: cos=1.0000
2025-08-27 17:43:51,124 - INFO - === Layer 9 (xlmr) — Top 5 (cosine) ===
2025-08-27 17:43:51,124 - INFO - 1. kin: cos=1.0000
2025-08-27 17:43:51,124 - INFO - 2. sna: cos=1.0000
2025-08-27 17:43:51,124 - INFO - 3. bam: cos=1.0000
2025-08-27 17:43:51,124 - INFO - 4. twi: cos=1.0000
2025-08-27 17:43:51,124 - INFO - 5. lug: cos=1.0000
2025-08-27 17:43:51,124 - INFO - === Layer 9 (xlmr) — Worst 5 (cosine) ===
2025-08-27 17:43:51,124 - INFO - 1. pcm: cos=1.0000
2025-08-27 17:43:51,124 - INFO - 2. hau: cos=1.0000
2025-08-27 17:43:51,124 - INFO - 3. ewe: cos=1.0000
2025-08-27 17:43:51,124 - INFO - 4. swa: cos=1.0000
2025-08-27 17:43:51,124 - INFO - 5. nya: cos=1.0000
2025-08-27 17:43:51,274 - INFO - === Layer 10 (xlmr) — Top 5 (cosine) ===
2025-08-27 17:43:51,274 - INFO - 1. kin: cos=1.0000
2025-08-27 17:43:51,274 - INFO - 2. luo: cos=1.0000
2025-08-27 17:43:51,274 - INFO - 3. zul: cos=1.0000
2025-08-27 17:43:51,274 - INFO - 4. twi: cos=1.0000
2025-08-27 17:43:51,275 - INFO - 5. bam: cos=1.0000
2025-08-27 17:43:51,275 - INFO - === Layer 10 (xlmr) — Worst 5 (cosine) ===
2025-08-27 17:43:51,275 - INFO - 1. pcm: cos=1.0000
2025-08-27 17:43:51,275 - INFO - 2. fon: cos=1.0000
2025-08-27 17:43:51,275 - INFO - 3. xho: cos=1.0000
2025-08-27 17:43:51,275 - INFO - 4. mos: cos=1.0000
2025-08-27 17:43:51,275 - INFO - 5. hau: cos=1.0000
2025-08-27 17:43:51,404 - INFO - === Layer 11 (xlmr) — Top 5 (cosine) ===
2025-08-27 17:43:51,404 - INFO - 1. ibo: cos=1.0000
2025-08-27 17:43:51,404 - INFO - 2. kin: cos=1.0000
2025-08-27 17:43:51,404 - INFO - 3. ewe: cos=1.0000
2025-08-27 17:43:51,404 - INFO - 4. hau: cos=1.0000
2025-08-27 17:43:51,404 - INFO - 5. twi: cos=1.0000
2025-08-27 17:43:51,404 - INFO - === Layer 11 (xlmr) — Worst 5 (cosine) ===
2025-08-27 17:43:51,404 - INFO - 1. bam: cos=0.9999
2025-08-27 17:43:51,404 - INFO - 2. bbj: cos=0.9999
2025-08-27 17:43:51,404 - INFO - 3. sna: cos=1.0000
2025-08-27 17:43:51,404 - INFO - 4. yor: cos=1.0000
2025-08-27 17:43:51,404 - INFO - 5. zul: cos=1.0000
2025-08-27 17:43:51,528 - INFO - === Layer 12 (xlmr) — Top 5 (cosine) ===
2025-08-27 17:43:51,528 - INFO - 1. kin: cos=0.9999
2025-08-27 17:43:51,528 - INFO - 2. luo: cos=0.9999
2025-08-27 17:43:51,528 - INFO - 3. nya: cos=0.9999
2025-08-27 17:43:51,528 - INFO - 4. lug: cos=0.9999
2025-08-27 17:43:51,528 - INFO - 5. wol: cos=0.9999
2025-08-27 17:43:51,528 - INFO - === Layer 12 (xlmr) — Worst 5 (cosine) ===
2025-08-27 17:43:51,528 - INFO - 1. pcm: cos=0.9981
2025-08-27 17:43:51,528 - INFO - 2. fon: cos=0.9990
2025-08-27 17:43:51,528 - INFO - 3. hau: cos=0.9991
2025-08-27 17:43:51,528 - INFO - 4. tsn: cos=0.9997
2025-08-27 17:43:51,528 - INFO - 5. xho: cos=0.9997
2025-08-27 17:43:51,529 - INFO - Experiment finished successfully.
