2025-08-27 09:46:51,176 - INFO - Start: model_type=xlmr, use_cls=True, use_context=False, context_window=0, max_tokens_per_type=400, batch_size=64, output_dir=rq2_train_scripts/Embeddings/CLEAN/outputs/salt/xlmr/config_1_clstrue_ctxfalse/tokens_400_ctx0/core, save_prototypes=False, seed=42, fp16=True, max_length=96, langs=all, layers=all, span_mode=bio, pool=mean, entity_tags={'PER', 'LOC', 'ORG', 'DATE'}, title_suffix='L=all, tokens=400, ctx=0, cls=true, fp16=true'
2025-08-27 09:46:53,487 - INFO - Processing run
2025-08-27 09:46:53,932 - INFO - Processing bam
2025-08-27 09:46:53,987 - INFO - Processing bbj
2025-08-27 09:46:54,038 - INFO - Processing ewe
2025-08-27 09:46:54,087 - INFO - Processing fon
2025-08-27 09:46:54,144 - INFO - Processing hau
2025-08-27 09:46:54,208 - INFO - Processing ibo
2025-08-27 09:46:54,299 - INFO - Processing kin
2025-08-27 09:46:54,367 - INFO - Processing lug
2025-08-27 09:46:54,421 - INFO - Processing luo
2025-08-27 09:46:54,482 - INFO - Processing mos
2025-08-27 09:46:54,548 - INFO - Processing nya
2025-08-27 09:46:54,617 - INFO - Processing pcm
2025-08-27 09:46:54,682 - INFO - Processing sna
2025-08-27 09:46:54,738 - INFO - Processing swa
2025-08-27 09:46:54,804 - INFO - Processing tsn
2025-08-27 09:46:54,893 - INFO - Processing twi
2025-08-27 09:46:54,951 - INFO - Processing wol
2025-08-27 09:46:55,016 - INFO - Processing xho
2025-08-27 09:46:55,064 - INFO - Processing yor
2025-08-27 09:46:55,149 - INFO - Processing zul
2025-08-27 09:46:55,655 - INFO - === Layer 1 (xlmr) — Top 5 (cosine) ===
2025-08-27 09:46:55,655 - INFO - 1. kin: cos=0.9999
2025-08-27 09:46:55,655 - INFO - 2. luo: cos=0.9999
2025-08-27 09:46:55,655 - INFO - 3. twi: cos=0.9999
2025-08-27 09:46:55,655 - INFO - 4. nya: cos=0.9998
2025-08-27 09:46:55,655 - INFO - 5. ewe: cos=0.9998
2025-08-27 09:46:55,655 - INFO - === Layer 1 (xlmr) — Worst 5 (cosine) ===
2025-08-27 09:46:55,655 - INFO - 1. hau: cos=0.9994
2025-08-27 09:46:55,655 - INFO - 2. pcm: cos=0.9995
2025-08-27 09:46:55,655 - INFO - 3. fon: cos=0.9995
2025-08-27 09:46:55,655 - INFO - 4. bam: cos=0.9995
2025-08-27 09:46:55,655 - INFO - 5. bbj: cos=0.9996
2025-08-27 09:46:55,782 - INFO - === Layer 2 (xlmr) — Top 5 (cosine) ===
2025-08-27 09:46:55,782 - INFO - 1. kin: cos=1.0000
2025-08-27 09:46:55,783 - INFO - 2. luo: cos=1.0000
2025-08-27 09:46:55,783 - INFO - 3. twi: cos=1.0000
2025-08-27 09:46:55,783 - INFO - 4. ewe: cos=1.0000
2025-08-27 09:46:55,783 - INFO - 5. nya: cos=1.0000
2025-08-27 09:46:55,783 - INFO - === Layer 2 (xlmr) — Worst 5 (cosine) ===
2025-08-27 09:46:55,783 - INFO - 1. pcm: cos=0.9999
2025-08-27 09:46:55,783 - INFO - 2. hau: cos=0.9999
2025-08-27 09:46:55,783 - INFO - 3. bam: cos=0.9999
2025-08-27 09:46:55,783 - INFO - 4. bbj: cos=0.9999
2025-08-27 09:46:55,783 - INFO - 5. swa: cos=0.9999
2025-08-27 09:46:55,912 - INFO - === Layer 3 (xlmr) — Top 5 (cosine) ===
2025-08-27 09:46:55,912 - INFO - 1. kin: cos=1.0000
2025-08-27 09:46:55,912 - INFO - 2. luo: cos=1.0000
2025-08-27 09:46:55,912 - INFO - 3. twi: cos=1.0000
2025-08-27 09:46:55,912 - INFO - 4. hau: cos=1.0000
2025-08-27 09:46:55,912 - INFO - 5. ibo: cos=1.0000
2025-08-27 09:46:55,912 - INFO - === Layer 3 (xlmr) — Worst 5 (cosine) ===
2025-08-27 09:46:55,912 - INFO - 1. swa: cos=1.0000
2025-08-27 09:46:55,912 - INFO - 2. pcm: cos=1.0000
2025-08-27 09:46:55,912 - INFO - 3. sna: cos=1.0000
2025-08-27 09:46:55,912 - INFO - 4. bbj: cos=1.0000
2025-08-27 09:46:55,912 - INFO - 5. fon: cos=1.0000
2025-08-27 09:46:56,042 - INFO - === Layer 4 (xlmr) — Top 5 (cosine) ===
2025-08-27 09:46:56,042 - INFO - 1. kin: cos=1.0000
2025-08-27 09:46:56,042 - INFO - 2. twi: cos=1.0000
2025-08-27 09:46:56,042 - INFO - 3. luo: cos=1.0000
2025-08-27 09:46:56,042 - INFO - 4. lug: cos=1.0000
2025-08-27 09:46:56,042 - INFO - 5. zul: cos=1.0000
2025-08-27 09:46:56,042 - INFO - === Layer 4 (xlmr) — Worst 5 (cosine) ===
2025-08-27 09:46:56,042 - INFO - 1. bam: cos=1.0000
2025-08-27 09:46:56,042 - INFO - 2. yor: cos=1.0000
2025-08-27 09:46:56,042 - INFO - 3. hau: cos=1.0000
2025-08-27 09:46:56,042 - INFO - 4. pcm: cos=1.0000
2025-08-27 09:46:56,042 - INFO - 5. wol: cos=1.0000
2025-08-27 09:46:56,172 - INFO - === Layer 5 (xlmr) — Top 5 (cosine) ===
2025-08-27 09:46:56,172 - INFO - 1. twi: cos=1.0000
2025-08-27 09:46:56,172 - INFO - 2. luo: cos=1.0000
2025-08-27 09:46:56,172 - INFO - 3. kin: cos=1.0000
2025-08-27 09:46:56,172 - INFO - 4. zul: cos=1.0000
2025-08-27 09:46:56,172 - INFO - 5. ewe: cos=1.0000
2025-08-27 09:46:56,172 - INFO - === Layer 5 (xlmr) — Worst 5 (cosine) ===
2025-08-27 09:46:56,172 - INFO - 1. hau: cos=1.0000
2025-08-27 09:46:56,172 - INFO - 2. pcm: cos=1.0000
2025-08-27 09:46:56,172 - INFO - 3. fon: cos=1.0000
2025-08-27 09:46:56,172 - INFO - 4. mos: cos=1.0000
2025-08-27 09:46:56,172 - INFO - 5. wol: cos=1.0000
2025-08-27 09:46:56,298 - INFO - === Layer 6 (xlmr) — Top 5 (cosine) ===
2025-08-27 09:46:56,298 - INFO - 1. twi: cos=1.0000
2025-08-27 09:46:56,298 - INFO - 2. ewe: cos=1.0000
2025-08-27 09:46:56,298 - INFO - 3. luo: cos=1.0000
2025-08-27 09:46:56,298 - INFO - 4. kin: cos=1.0000
2025-08-27 09:46:56,298 - INFO - 5. ibo: cos=1.0000
2025-08-27 09:46:56,298 - INFO - === Layer 6 (xlmr) — Worst 5 (cosine) ===
2025-08-27 09:46:56,298 - INFO - 1. pcm: cos=1.0000
2025-08-27 09:46:56,298 - INFO - 2. hau: cos=1.0000
2025-08-27 09:46:56,298 - INFO - 3. nya: cos=1.0000
2025-08-27 09:46:56,298 - INFO - 4. swa: cos=1.0000
2025-08-27 09:46:56,298 - INFO - 5. wol: cos=1.0000
2025-08-27 09:46:56,421 - INFO - === Layer 7 (xlmr) — Top 5 (cosine) ===
2025-08-27 09:46:56,421 - INFO - 1. twi: cos=1.0000
2025-08-27 09:46:56,421 - INFO - 2. kin: cos=1.0000
2025-08-27 09:46:56,421 - INFO - 3. bbj: cos=1.0000
2025-08-27 09:46:56,421 - INFO - 4. fon: cos=1.0000
2025-08-27 09:46:56,421 - INFO - 5. sna: cos=1.0000
2025-08-27 09:46:56,421 - INFO - === Layer 7 (xlmr) — Worst 5 (cosine) ===
2025-08-27 09:46:56,421 - INFO - 1. hau: cos=1.0000
2025-08-27 09:46:56,421 - INFO - 2. pcm: cos=1.0000
2025-08-27 09:46:56,421 - INFO - 3. zul: cos=1.0000
2025-08-27 09:46:56,421 - INFO - 4. nya: cos=1.0000
2025-08-27 09:46:56,421 - INFO - 5. tsn: cos=1.0000
2025-08-27 09:46:56,615 - INFO - === Layer 8 (xlmr) — Top 5 (cosine) ===
2025-08-27 09:46:56,615 - INFO - 1. kin: cos=1.0000
2025-08-27 09:46:56,615 - INFO - 2. ewe: cos=1.0000
2025-08-27 09:46:56,615 - INFO - 3. lug: cos=1.0000
2025-08-27 09:46:56,615 - INFO - 4. luo: cos=1.0000
2025-08-27 09:46:56,615 - INFO - 5. twi: cos=1.0000
2025-08-27 09:46:56,615 - INFO - === Layer 8 (xlmr) — Worst 5 (cosine) ===
2025-08-27 09:46:56,615 - INFO - 1. pcm: cos=0.9999
2025-08-27 09:46:56,615 - INFO - 2. fon: cos=1.0000
2025-08-27 09:46:56,615 - INFO - 3. hau: cos=1.0000
2025-08-27 09:46:56,615 - INFO - 4. sna: cos=1.0000
2025-08-27 09:46:56,615 - INFO - 5. bbj: cos=1.0000
2025-08-27 09:46:56,756 - INFO - === Layer 9 (xlmr) — Top 5 (cosine) ===
2025-08-27 09:46:56,756 - INFO - 1. kin: cos=1.0000
2025-08-27 09:46:56,756 - INFO - 2. ewe: cos=1.0000
2025-08-27 09:46:56,756 - INFO - 3. twi: cos=1.0000
2025-08-27 09:46:56,756 - INFO - 4. luo: cos=1.0000
2025-08-27 09:46:56,756 - INFO - 5. bam: cos=1.0000
2025-08-27 09:46:56,756 - INFO - === Layer 9 (xlmr) — Worst 5 (cosine) ===
2025-08-27 09:46:56,756 - INFO - 1. pcm: cos=1.0000
2025-08-27 09:46:56,756 - INFO - 2. hau: cos=1.0000
2025-08-27 09:46:56,756 - INFO - 3. sna: cos=1.0000
2025-08-27 09:46:56,756 - INFO - 4. nya: cos=1.0000
2025-08-27 09:46:56,756 - INFO - 5. wol: cos=1.0000
2025-08-27 09:46:56,880 - INFO - === Layer 10 (xlmr) — Top 5 (cosine) ===
2025-08-27 09:46:56,880 - INFO - 1. bam: cos=1.0000
2025-08-27 09:46:56,880 - INFO - 2. luo: cos=1.0000
2025-08-27 09:46:56,880 - INFO - 3. twi: cos=1.0000
2025-08-27 09:46:56,880 - INFO - 4. zul: cos=1.0000
2025-08-27 09:46:56,880 - INFO - 5. ewe: cos=1.0000
2025-08-27 09:46:56,880 - INFO - === Layer 10 (xlmr) — Worst 5 (cosine) ===
2025-08-27 09:46:56,880 - INFO - 1. pcm: cos=1.0000
2025-08-27 09:46:56,880 - INFO - 2. yor: cos=1.0000
2025-08-27 09:46:56,880 - INFO - 3. ibo: cos=1.0000
2025-08-27 09:46:56,880 - INFO - 4. fon: cos=1.0000
2025-08-27 09:46:56,880 - INFO - 5. xho: cos=1.0000
2025-08-27 09:46:57,002 - INFO - === Layer 11 (xlmr) — Top 5 (cosine) ===
2025-08-27 09:46:57,002 - INFO - 1. hau: cos=1.0000
2025-08-27 09:46:57,002 - INFO - 2. pcm: cos=1.0000
2025-08-27 09:46:57,002 - INFO - 3. ibo: cos=1.0000
2025-08-27 09:46:57,002 - INFO - 4. twi: cos=1.0000
2025-08-27 09:46:57,002 - INFO - 5. lug: cos=1.0000
2025-08-27 09:46:57,002 - INFO - === Layer 11 (xlmr) — Worst 5 (cosine) ===
2025-08-27 09:46:57,003 - INFO - 1. luo: cos=0.9999
2025-08-27 09:46:57,003 - INFO - 2. bam: cos=0.9999
2025-08-27 09:46:57,003 - INFO - 3. bbj: cos=0.9999
2025-08-27 09:46:57,003 - INFO - 4. sna: cos=1.0000
2025-08-27 09:46:57,003 - INFO - 5. zul: cos=1.0000
2025-08-27 09:46:57,131 - INFO - === Layer 12 (xlmr) — Top 5 (cosine) ===
2025-08-27 09:46:57,131 - INFO - 1. kin: cos=0.9999
2025-08-27 09:46:57,131 - INFO - 2. nya: cos=0.9999
2025-08-27 09:46:57,131 - INFO - 3. ewe: cos=0.9999
2025-08-27 09:46:57,131 - INFO - 4. wol: cos=0.9999
2025-08-27 09:46:57,131 - INFO - 5. luo: cos=0.9999
2025-08-27 09:46:57,131 - INFO - === Layer 12 (xlmr) — Worst 5 (cosine) ===
2025-08-27 09:46:57,131 - INFO - 1. fon: cos=0.9982
2025-08-27 09:46:57,131 - INFO - 2. hau: cos=0.9987
2025-08-27 09:46:57,131 - INFO - 3. pcm: cos=0.9990
2025-08-27 09:46:57,131 - INFO - 4. twi: cos=0.9995
2025-08-27 09:46:57,131 - INFO - 5. tsn: cos=0.9996
2025-08-27 09:46:57,132 - INFO - Experiment finished successfully.
