2025-08-27 07:48:04,824 - INFO - Start: model_type=xlmr, use_cls=True, use_context=True, context_window=1, max_tokens_per_type=200, batch_size=64, output_dir=rq2_train_scripts/Embeddings/CLEAN/outputs/mptc/xlmr/config_3_clstrue_ctxtrue/tokens_200_ctx1, save_prototypes=False, seed=42, fp16=True, max_length=96, langs=all, layers=all, span_mode=bio, pool=mean, entity_tags={'LOC', 'ORG', 'DATE', 'PER'}, title_suffix='L=all, tokens=200, ctx=1, cls=true, fp16=true'
2025-08-27 07:48:07,402 - INFO - Processing run
2025-08-27 07:48:07,806 - INFO - Processing bam
2025-08-27 07:48:07,851 - INFO - Processing bbj
2025-08-27 07:48:07,885 - INFO - Processing ewe
2025-08-27 07:48:07,920 - INFO - Processing fon
2025-08-27 07:48:07,973 - INFO - Processing hau
2025-08-27 07:48:08,028 - INFO - Processing ibo
2025-08-27 07:48:08,103 - INFO - Processing kin
2025-08-27 07:48:08,164 - INFO - Processing lug
2025-08-27 07:48:08,268 - INFO - Processing luo
2025-08-27 07:48:08,321 - INFO - Processing mos
2025-08-27 07:48:08,372 - INFO - Processing nya
2025-08-27 07:48:08,429 - INFO - Processing pcm
2025-08-27 07:48:08,480 - INFO - Processing sna
2025-08-27 07:48:08,530 - INFO - Processing swa
2025-08-27 07:48:08,588 - INFO - Processing tsn
2025-08-27 07:48:08,628 - INFO - Processing twi
2025-08-27 07:48:08,685 - INFO - Processing wol
2025-08-27 07:48:08,794 - INFO - Processing xho
2025-08-27 07:48:08,846 - INFO - Processing yor
2025-08-27 07:48:08,924 - INFO - Processing zul
2025-08-27 07:48:09,386 - INFO - === Layer 1 (xlmr) — Top 5 (cosine) ===
2025-08-27 07:48:09,386 - INFO - 1. sna: cos=0.9999
2025-08-27 07:48:09,386 - INFO - 2. kin: cos=0.9999
2025-08-27 07:48:09,386 - INFO - 3. lug: cos=0.9999
2025-08-27 07:48:09,386 - INFO - 4. tsn: cos=0.9999
2025-08-27 07:48:09,386 - INFO - 5. nya: cos=0.9999
2025-08-27 07:48:09,386 - INFO - === Layer 1 (xlmr) — Worst 5 (cosine) ===
2025-08-27 07:48:09,386 - INFO - 1. fon: cos=0.9996
2025-08-27 07:48:09,386 - INFO - 2. bam: cos=0.9996
2025-08-27 07:48:09,386 - INFO - 3. ibo: cos=0.9998
2025-08-27 07:48:09,386 - INFO - 4. yor: cos=0.9998
2025-08-27 07:48:09,386 - INFO - 5. hau: cos=0.9998
2025-08-27 07:48:09,507 - INFO - === Layer 2 (xlmr) — Top 5 (cosine) ===
2025-08-27 07:48:09,507 - INFO - 1. kin: cos=1.0000
2025-08-27 07:48:09,507 - INFO - 2. nya: cos=1.0000
2025-08-27 07:48:09,507 - INFO - 3. tsn: cos=1.0000
2025-08-27 07:48:09,507 - INFO - 4. lug: cos=1.0000
2025-08-27 07:48:09,507 - INFO - 5. sna: cos=1.0000
2025-08-27 07:48:09,507 - INFO - === Layer 2 (xlmr) — Worst 5 (cosine) ===
2025-08-27 07:48:09,507 - INFO - 1. fon: cos=1.0000
2025-08-27 07:48:09,508 - INFO - 2. bam: cos=1.0000
2025-08-27 07:48:09,508 - INFO - 3. ibo: cos=1.0000
2025-08-27 07:48:09,508 - INFO - 4. mos: cos=1.0000
2025-08-27 07:48:09,508 - INFO - 5. yor: cos=1.0000
2025-08-27 07:48:09,635 - INFO - === Layer 3 (xlmr) — Top 5 (cosine) ===
2025-08-27 07:48:09,635 - INFO - 1. sna: cos=1.0000
2025-08-27 07:48:09,635 - INFO - 2. zul: cos=1.0000
2025-08-27 07:48:09,635 - INFO - 3. kin: cos=1.0000
2025-08-27 07:48:09,635 - INFO - 4. xho: cos=1.0000
2025-08-27 07:48:09,635 - INFO - 5. bbj: cos=1.0000
2025-08-27 07:48:09,635 - INFO - === Layer 3 (xlmr) — Worst 5 (cosine) ===
2025-08-27 07:48:09,635 - INFO - 1. pcm: cos=1.0000
2025-08-27 07:48:09,635 - INFO - 2. swa: cos=1.0000
2025-08-27 07:48:09,635 - INFO - 3. luo: cos=1.0000
2025-08-27 07:48:09,635 - INFO - 4. tsn: cos=1.0000
2025-08-27 07:48:09,635 - INFO - 5. ewe: cos=1.0000
2025-08-27 07:48:09,766 - INFO - === Layer 4 (xlmr) — Top 5 (cosine) ===
2025-08-27 07:48:09,767 - INFO - 1. zul: cos=1.0000
2025-08-27 07:48:09,767 - INFO - 2. xho: cos=1.0000
2025-08-27 07:48:09,767 - INFO - 3. kin: cos=1.0000
2025-08-27 07:48:09,767 - INFO - 4. lug: cos=1.0000
2025-08-27 07:48:09,767 - INFO - 5. fon: cos=1.0000
2025-08-27 07:48:09,767 - INFO - === Layer 4 (xlmr) — Worst 5 (cosine) ===
2025-08-27 07:48:09,767 - INFO - 1. swa: cos=1.0000
2025-08-27 07:48:09,767 - INFO - 2. pcm: cos=1.0000
2025-08-27 07:48:09,767 - INFO - 3. ewe: cos=1.0000
2025-08-27 07:48:09,767 - INFO - 4. wol: cos=1.0000
2025-08-27 07:48:09,767 - INFO - 5. mos: cos=1.0000
2025-08-27 07:48:09,911 - INFO - === Layer 5 (xlmr) — Top 5 (cosine) ===
2025-08-27 07:48:09,911 - INFO - 1. sna: cos=1.0000
2025-08-27 07:48:09,911 - INFO - 2. twi: cos=1.0000
2025-08-27 07:48:09,911 - INFO - 3. yor: cos=1.0000
2025-08-27 07:48:09,911 - INFO - 4. ewe: cos=1.0000
2025-08-27 07:48:09,911 - INFO - 5. xho: cos=1.0000
2025-08-27 07:48:09,911 - INFO - === Layer 5 (xlmr) — Worst 5 (cosine) ===
2025-08-27 07:48:09,911 - INFO - 1. swa: cos=1.0000
2025-08-27 07:48:09,911 - INFO - 2. pcm: cos=1.0000
2025-08-27 07:48:09,911 - INFO - 3. nya: cos=1.0000
2025-08-27 07:48:09,911 - INFO - 4. ibo: cos=1.0000
2025-08-27 07:48:09,911 - INFO - 5. kin: cos=1.0000
2025-08-27 07:48:10,034 - INFO - === Layer 6 (xlmr) — Top 5 (cosine) ===
2025-08-27 07:48:10,034 - INFO - 1. sna: cos=1.0000
2025-08-27 07:48:10,034 - INFO - 2. twi: cos=1.0000
2025-08-27 07:48:10,034 - INFO - 3. yor: cos=1.0000
2025-08-27 07:48:10,034 - INFO - 4. xho: cos=1.0000
2025-08-27 07:48:10,034 - INFO - 5. mos: cos=1.0000
2025-08-27 07:48:10,034 - INFO - === Layer 6 (xlmr) — Worst 5 (cosine) ===
2025-08-27 07:48:10,034 - INFO - 1. bam: cos=1.0000
2025-08-27 07:48:10,034 - INFO - 2. swa: cos=1.0000
2025-08-27 07:48:10,034 - INFO - 3. zul: cos=1.0000
2025-08-27 07:48:10,034 - INFO - 4. pcm: cos=1.0000
2025-08-27 07:48:10,034 - INFO - 5. ibo: cos=1.0000
2025-08-27 07:48:10,182 - INFO - === Layer 7 (xlmr) — Top 5 (cosine) ===
2025-08-27 07:48:10,182 - INFO - 1. yor: cos=1.0000
2025-08-27 07:48:10,182 - INFO - 2. tsn: cos=1.0000
2025-08-27 07:48:10,182 - INFO - 3. nya: cos=1.0000
2025-08-27 07:48:10,182 - INFO - 4. sna: cos=1.0000
2025-08-27 07:48:10,182 - INFO - 5. fon: cos=1.0000
2025-08-27 07:48:10,182 - INFO - === Layer 7 (xlmr) — Worst 5 (cosine) ===
2025-08-27 07:48:10,182 - INFO - 1. luo: cos=1.0000
2025-08-27 07:48:10,182 - INFO - 2. zul: cos=1.0000
2025-08-27 07:48:10,182 - INFO - 3. ewe: cos=1.0000
2025-08-27 07:48:10,182 - INFO - 4. wol: cos=1.0000
2025-08-27 07:48:10,182 - INFO - 5. bam: cos=1.0000
2025-08-27 07:48:10,391 - INFO - === Layer 8 (xlmr) — Top 5 (cosine) ===
2025-08-27 07:48:10,391 - INFO - 1. wol: cos=1.0000
2025-08-27 07:48:10,391 - INFO - 2. kin: cos=1.0000
2025-08-27 07:48:10,391 - INFO - 3. tsn: cos=1.0000
2025-08-27 07:48:10,391 - INFO - 4. mos: cos=1.0000
2025-08-27 07:48:10,391 - INFO - 5. sna: cos=1.0000
2025-08-27 07:48:10,391 - INFO - === Layer 8 (xlmr) — Worst 5 (cosine) ===
2025-08-27 07:48:10,391 - INFO - 1. pcm: cos=0.9999
2025-08-27 07:48:10,391 - INFO - 2. zul: cos=0.9999
2025-08-27 07:48:10,391 - INFO - 3. hau: cos=0.9999
2025-08-27 07:48:10,391 - INFO - 4. twi: cos=1.0000
2025-08-27 07:48:10,391 - INFO - 5. lug: cos=1.0000
2025-08-27 07:48:10,514 - INFO - === Layer 9 (xlmr) — Top 5 (cosine) ===
2025-08-27 07:48:10,514 - INFO - 1. tsn: cos=1.0000
2025-08-27 07:48:10,514 - INFO - 2. nya: cos=1.0000
2025-08-27 07:48:10,514 - INFO - 3. mos: cos=1.0000
2025-08-27 07:48:10,514 - INFO - 4. yor: cos=1.0000
2025-08-27 07:48:10,514 - INFO - 5. bam: cos=1.0000
2025-08-27 07:48:10,514 - INFO - === Layer 9 (xlmr) — Worst 5 (cosine) ===
2025-08-27 07:48:10,514 - INFO - 1. hau: cos=1.0000
2025-08-27 07:48:10,514 - INFO - 2. zul: cos=1.0000
2025-08-27 07:48:10,514 - INFO - 3. pcm: cos=1.0000
2025-08-27 07:48:10,514 - INFO - 4. lug: cos=1.0000
2025-08-27 07:48:10,514 - INFO - 5. twi: cos=1.0000
2025-08-27 07:48:10,643 - INFO - === Layer 10 (xlmr) — Top 5 (cosine) ===
2025-08-27 07:48:10,643 - INFO - 1. zul: cos=1.0000
2025-08-27 07:48:10,644 - INFO - 2. nya: cos=1.0000
2025-08-27 07:48:10,644 - INFO - 3. mos: cos=1.0000
2025-08-27 07:48:10,644 - INFO - 4. wol: cos=1.0000
2025-08-27 07:48:10,644 - INFO - 5. ibo: cos=1.0000
2025-08-27 07:48:10,644 - INFO - === Layer 10 (xlmr) — Worst 5 (cosine) ===
2025-08-27 07:48:10,644 - INFO - 1. kin: cos=1.0000
2025-08-27 07:48:10,644 - INFO - 2. hau: cos=1.0000
2025-08-27 07:48:10,644 - INFO - 3. lug: cos=1.0000
2025-08-27 07:48:10,644 - INFO - 4. tsn: cos=1.0000
2025-08-27 07:48:10,644 - INFO - 5. swa: cos=1.0000
2025-08-27 07:48:10,766 - INFO - === Layer 11 (xlmr) — Top 5 (cosine) ===
2025-08-27 07:48:10,766 - INFO - 1. sna: cos=1.0000
2025-08-27 07:48:10,766 - INFO - 2. fon: cos=1.0000
2025-08-27 07:48:10,766 - INFO - 3. xho: cos=1.0000
2025-08-27 07:48:10,766 - INFO - 4. pcm: cos=1.0000
2025-08-27 07:48:10,766 - INFO - 5. twi: cos=1.0000
2025-08-27 07:48:10,766 - INFO - === Layer 11 (xlmr) — Worst 5 (cosine) ===
2025-08-27 07:48:10,766 - INFO - 1. luo: cos=0.9998
2025-08-27 07:48:10,766 - INFO - 2. wol: cos=0.9999
2025-08-27 07:48:10,766 - INFO - 3. ewe: cos=0.9999
2025-08-27 07:48:10,766 - INFO - 4. nya: cos=0.9999
2025-08-27 07:48:10,766 - INFO - 5. yor: cos=0.9999
2025-08-27 07:48:10,898 - INFO - === Layer 12 (xlmr) — Top 5 (cosine) ===
2025-08-27 07:48:10,898 - INFO - 1. ibo: cos=0.9995
2025-08-27 07:48:10,898 - INFO - 2. tsn: cos=0.9994
2025-08-27 07:48:10,898 - INFO - 3. yor: cos=0.9992
2025-08-27 07:48:10,898 - INFO - 4. wol: cos=0.9985
2025-08-27 07:48:10,898 - INFO - 5. bbj: cos=0.9983
2025-08-27 07:48:10,898 - INFO - === Layer 12 (xlmr) — Worst 5 (cosine) ===
2025-08-27 07:48:10,898 - INFO - 1. swa: cos=0.9474
2025-08-27 07:48:10,898 - INFO - 2. twi: cos=0.9524
2025-08-27 07:48:10,898 - INFO - 3. fon: cos=0.9847
2025-08-27 07:48:10,898 - INFO - 4. zul: cos=0.9903
2025-08-27 07:48:10,898 - INFO - 5. luo: cos=0.9923
2025-08-27 07:48:10,901 - INFO - Experiment finished successfully.
