2025-08-27 17:57:24,964 - INFO - Start: model_type=xlmr, use_cls=True, use_context=True, context_window=1, max_tokens_per_type=300, batch_size=64, output_dir=rq2_train_scripts/Embeddings/CLEAN/outputs/mptc/xlmr/config_3_clstrue_ctxtrue/tokens_300_ctx1/core, save_prototypes=False, seed=42, fp16=True, max_length=96, langs=all, layers=all, span_mode=bio, pool=mean, entity_tags={'DATE', 'PER', 'LOC', 'ORG'}, title_suffix='L=all, tokens=300, ctx=1, cls=true, fp16=true'
2025-08-27 17:57:27,548 - INFO - Processing run
2025-08-27 17:57:27,957 - INFO - Processing bam
2025-08-27 17:57:28,010 - INFO - Processing bbj
2025-08-27 17:57:28,051 - INFO - Processing ewe
2025-08-27 17:57:28,086 - INFO - Processing fon
2025-08-27 17:57:28,195 - INFO - Processing hau
2025-08-27 17:57:28,258 - INFO - Processing ibo
2025-08-27 17:57:28,353 - INFO - Processing kin
2025-08-27 17:57:28,419 - INFO - Processing lug
2025-08-27 17:57:28,474 - INFO - Processing luo
2025-08-27 17:57:28,534 - INFO - Processing mos
2025-08-27 17:57:28,591 - INFO - Processing nya
2025-08-27 17:57:28,662 - INFO - Processing pcm
2025-08-27 17:57:28,716 - INFO - Processing sna
2025-08-27 17:57:28,775 - INFO - Processing swa
2025-08-27 17:57:28,841 - INFO - Processing tsn
2025-08-27 17:57:28,888 - INFO - Processing twi
2025-08-27 17:57:28,944 - INFO - Processing wol
2025-08-27 17:57:28,999 - INFO - Processing xho
2025-08-27 17:57:29,045 - INFO - Processing yor
2025-08-27 17:57:29,128 - INFO - Processing zul
2025-08-27 17:57:29,625 - INFO - === Layer 1 (xlmr) — Top 5 (cosine) ===
2025-08-27 17:57:29,625 - INFO - 1. sna: cos=0.9999
2025-08-27 17:57:29,625 - INFO - 2. lug: cos=0.9999
2025-08-27 17:57:29,625 - INFO - 3. kin: cos=0.9999
2025-08-27 17:57:29,625 - INFO - 4. nya: cos=0.9999
2025-08-27 17:57:29,625 - INFO - 5. tsn: cos=0.9999
2025-08-27 17:57:29,625 - INFO - === Layer 1 (xlmr) — Worst 5 (cosine) ===
2025-08-27 17:57:29,625 - INFO - 1. fon: cos=0.9996
2025-08-27 17:57:29,625 - INFO - 2. bam: cos=0.9997
2025-08-27 17:57:29,625 - INFO - 3. wol: cos=0.9998
2025-08-27 17:57:29,625 - INFO - 4. yor: cos=0.9998
2025-08-27 17:57:29,625 - INFO - 5. ibo: cos=0.9998
2025-08-27 17:57:29,750 - INFO - === Layer 2 (xlmr) — Top 5 (cosine) ===
2025-08-27 17:57:29,750 - INFO - 1. kin: cos=1.0000
2025-08-27 17:57:29,750 - INFO - 2. tsn: cos=1.0000
2025-08-27 17:57:29,750 - INFO - 3. lug: cos=1.0000
2025-08-27 17:57:29,750 - INFO - 4. nya: cos=1.0000
2025-08-27 17:57:29,750 - INFO - 5. sna: cos=1.0000
2025-08-27 17:57:29,750 - INFO - === Layer 2 (xlmr) — Worst 5 (cosine) ===
2025-08-27 17:57:29,750 - INFO - 1. fon: cos=1.0000
2025-08-27 17:57:29,750 - INFO - 2. bam: cos=1.0000
2025-08-27 17:57:29,750 - INFO - 3. ibo: cos=1.0000
2025-08-27 17:57:29,750 - INFO - 4. hau: cos=1.0000
2025-08-27 17:57:29,750 - INFO - 5. mos: cos=1.0000
2025-08-27 17:57:29,880 - INFO - === Layer 3 (xlmr) — Top 5 (cosine) ===
2025-08-27 17:57:29,880 - INFO - 1. kin: cos=1.0000
2025-08-27 17:57:29,880 - INFO - 2. zul: cos=1.0000
2025-08-27 17:57:29,880 - INFO - 3. xho: cos=1.0000
2025-08-27 17:57:29,880 - INFO - 4. twi: cos=1.0000
2025-08-27 17:57:29,880 - INFO - 5. lug: cos=1.0000
2025-08-27 17:57:29,880 - INFO - === Layer 3 (xlmr) — Worst 5 (cosine) ===
2025-08-27 17:57:29,880 - INFO - 1. pcm: cos=1.0000
2025-08-27 17:57:29,880 - INFO - 2. swa: cos=1.0000
2025-08-27 17:57:29,880 - INFO - 3. fon: cos=1.0000
2025-08-27 17:57:29,880 - INFO - 4. luo: cos=1.0000
2025-08-27 17:57:29,880 - INFO - 5. ewe: cos=1.0000
2025-08-27 17:57:30,011 - INFO - === Layer 4 (xlmr) — Top 5 (cosine) ===
2025-08-27 17:57:30,011 - INFO - 1. kin: cos=1.0000
2025-08-27 17:57:30,011 - INFO - 2. zul: cos=1.0000
2025-08-27 17:57:30,011 - INFO - 3. lug: cos=1.0000
2025-08-27 17:57:30,011 - INFO - 4. xho: cos=1.0000
2025-08-27 17:57:30,011 - INFO - 5. nya: cos=1.0000
2025-08-27 17:57:30,011 - INFO - === Layer 4 (xlmr) — Worst 5 (cosine) ===
2025-08-27 17:57:30,011 - INFO - 1. swa: cos=1.0000
2025-08-27 17:57:30,011 - INFO - 2. pcm: cos=1.0000
2025-08-27 17:57:30,011 - INFO - 3. wol: cos=1.0000
2025-08-27 17:57:30,011 - INFO - 4. ewe: cos=1.0000
2025-08-27 17:57:30,011 - INFO - 5. bbj: cos=1.0000
2025-08-27 17:57:30,142 - INFO - === Layer 5 (xlmr) — Top 5 (cosine) ===
2025-08-27 17:57:30,142 - INFO - 1. xho: cos=1.0000
2025-08-27 17:57:30,142 - INFO - 2. zul: cos=1.0000
2025-08-27 17:57:30,143 - INFO - 3. lug: cos=1.0000
2025-08-27 17:57:30,143 - INFO - 4. kin: cos=1.0000
2025-08-27 17:57:30,143 - INFO - 5. nya: cos=1.0000
2025-08-27 17:57:30,143 - INFO - === Layer 5 (xlmr) — Worst 5 (cosine) ===
2025-08-27 17:57:30,143 - INFO - 1. pcm: cos=1.0000
2025-08-27 17:57:30,143 - INFO - 2. fon: cos=1.0000
2025-08-27 17:57:30,143 - INFO - 3. hau: cos=1.0000
2025-08-27 17:57:30,143 - INFO - 4. swa: cos=1.0000
2025-08-27 17:57:30,143 - INFO - 5. bbj: cos=1.0000
2025-08-27 17:57:30,273 - INFO - === Layer 6 (xlmr) — Top 5 (cosine) ===
2025-08-27 17:57:30,273 - INFO - 1. xho: cos=1.0000
2025-08-27 17:57:30,273 - INFO - 2. zul: cos=1.0000
2025-08-27 17:57:30,273 - INFO - 3. sna: cos=1.0000
2025-08-27 17:57:30,273 - INFO - 4. lug: cos=1.0000
2025-08-27 17:57:30,273 - INFO - 5. yor: cos=1.0000
2025-08-27 17:57:30,273 - INFO - === Layer 6 (xlmr) — Worst 5 (cosine) ===
2025-08-27 17:57:30,273 - INFO - 1. fon: cos=1.0000
2025-08-27 17:57:30,273 - INFO - 2. hau: cos=1.0000
2025-08-27 17:57:30,273 - INFO - 3. pcm: cos=1.0000
2025-08-27 17:57:30,273 - INFO - 4. swa: cos=1.0000
2025-08-27 17:57:30,273 - INFO - 5. twi: cos=1.0000
2025-08-27 17:57:30,425 - INFO - === Layer 7 (xlmr) — Top 5 (cosine) ===
2025-08-27 17:57:30,425 - INFO - 1. yor: cos=1.0000
2025-08-27 17:57:30,425 - INFO - 2. bam: cos=1.0000
2025-08-27 17:57:30,425 - INFO - 3. xho: cos=1.0000
2025-08-27 17:57:30,425 - INFO - 4. ewe: cos=1.0000
2025-08-27 17:57:30,425 - INFO - 5. tsn: cos=1.0000
2025-08-27 17:57:30,425 - INFO - === Layer 7 (xlmr) — Worst 5 (cosine) ===
2025-08-27 17:57:30,425 - INFO - 1. wol: cos=1.0000
2025-08-27 17:57:30,425 - INFO - 2. luo: cos=1.0000
2025-08-27 17:57:30,425 - INFO - 3. ibo: cos=1.0000
2025-08-27 17:57:30,425 - INFO - 4. swa: cos=1.0000
2025-08-27 17:57:30,425 - INFO - 5. bbj: cos=1.0000
2025-08-27 17:57:30,547 - INFO - === Layer 8 (xlmr) — Top 5 (cosine) ===
2025-08-27 17:57:30,548 - INFO - 1. kin: cos=1.0000
2025-08-27 17:57:30,548 - INFO - 2. nya: cos=1.0000
2025-08-27 17:57:30,548 - INFO - 3. ewe: cos=1.0000
2025-08-27 17:57:30,548 - INFO - 4. sna: cos=1.0000
2025-08-27 17:57:30,548 - INFO - 5. wol: cos=1.0000
2025-08-27 17:57:30,548 - INFO - === Layer 8 (xlmr) — Worst 5 (cosine) ===
2025-08-27 17:57:30,548 - INFO - 1. hau: cos=0.9999
2025-08-27 17:57:30,548 - INFO - 2. zul: cos=0.9999
2025-08-27 17:57:30,548 - INFO - 3. pcm: cos=1.0000
2025-08-27 17:57:30,548 - INFO - 4. bam: cos=1.0000
2025-08-27 17:57:30,548 - INFO - 5. twi: cos=1.0000
2025-08-27 17:57:30,794 - INFO - === Layer 9 (xlmr) — Top 5 (cosine) ===
2025-08-27 17:57:30,794 - INFO - 1. nya: cos=1.0000
2025-08-27 17:57:30,794 - INFO - 2. tsn: cos=1.0000
2025-08-27 17:57:30,794 - INFO - 3. kin: cos=1.0000
2025-08-27 17:57:30,794 - INFO - 4. yor: cos=1.0000
2025-08-27 17:57:30,794 - INFO - 5. xho: cos=1.0000
2025-08-27 17:57:30,794 - INFO - === Layer 9 (xlmr) — Worst 5 (cosine) ===
2025-08-27 17:57:30,794 - INFO - 1. hau: cos=1.0000
2025-08-27 17:57:30,794 - INFO - 2. pcm: cos=1.0000
2025-08-27 17:57:30,794 - INFO - 3. bam: cos=1.0000
2025-08-27 17:57:30,794 - INFO - 4. zul: cos=1.0000
2025-08-27 17:57:30,794 - INFO - 5. twi: cos=1.0000
2025-08-27 17:57:30,922 - INFO - === Layer 10 (xlmr) — Top 5 (cosine) ===
2025-08-27 17:57:30,922 - INFO - 1. zul: cos=1.0000
2025-08-27 17:57:30,922 - INFO - 2. xho: cos=1.0000
2025-08-27 17:57:30,922 - INFO - 3. fon: cos=1.0000
2025-08-27 17:57:30,922 - INFO - 4. twi: cos=1.0000
2025-08-27 17:57:30,922 - INFO - 5. ibo: cos=1.0000
2025-08-27 17:57:30,922 - INFO - === Layer 10 (xlmr) — Worst 5 (cosine) ===
2025-08-27 17:57:30,922 - INFO - 1. lug: cos=1.0000
2025-08-27 17:57:30,922 - INFO - 2. tsn: cos=1.0000
2025-08-27 17:57:30,923 - INFO - 3. bam: cos=1.0000
2025-08-27 17:57:30,923 - INFO - 4. hau: cos=1.0000
2025-08-27 17:57:30,923 - INFO - 5. swa: cos=1.0000
2025-08-27 17:57:31,050 - INFO - === Layer 11 (xlmr) — Top 5 (cosine) ===
2025-08-27 17:57:31,050 - INFO - 1. xho: cos=1.0000
2025-08-27 17:57:31,050 - INFO - 2. mos: cos=1.0000
2025-08-27 17:57:31,050 - INFO - 3. ibo: cos=1.0000
2025-08-27 17:57:31,050 - INFO - 4. twi: cos=1.0000
2025-08-27 17:57:31,050 - INFO - 5. bbj: cos=1.0000
2025-08-27 17:57:31,050 - INFO - === Layer 11 (xlmr) — Worst 5 (cosine) ===
2025-08-27 17:57:31,050 - INFO - 1. luo: cos=0.9998
2025-08-27 17:57:31,050 - INFO - 2. pcm: cos=0.9999
2025-08-27 17:57:31,050 - INFO - 3. yor: cos=0.9999
2025-08-27 17:57:31,050 - INFO - 4. nya: cos=0.9999
2025-08-27 17:57:31,050 - INFO - 5. lug: cos=0.9999
2025-08-27 17:57:31,179 - INFO - === Layer 12 (xlmr) — Top 5 (cosine) ===
2025-08-27 17:57:31,179 - INFO - 1. yor: cos=0.9992
2025-08-27 17:57:31,179 - INFO - 2. bam: cos=0.9992
2025-08-27 17:57:31,179 - INFO - 3. ibo: cos=0.9986
2025-08-27 17:57:31,179 - INFO - 4. bbj: cos=0.9986
2025-08-27 17:57:31,179 - INFO - 5. tsn: cos=0.9982
2025-08-27 17:57:31,179 - INFO - === Layer 12 (xlmr) — Worst 5 (cosine) ===
2025-08-27 17:57:31,179 - INFO - 1. zul: cos=0.9894
2025-08-27 17:57:31,179 - INFO - 2. luo: cos=0.9942
2025-08-27 17:57:31,179 - INFO - 3. kin: cos=0.9948
2025-08-27 17:57:31,179 - INFO - 4. lug: cos=0.9948
2025-08-27 17:57:31,179 - INFO - 5. ewe: cos=0.9954
2025-08-27 17:57:31,180 - INFO - Experiment finished successfully.
