2025-08-27 07:48:02,713 - INFO - Start: model_type=xlmr, use_cls=True, use_context=True, context_window=1, max_tokens_per_type=300, batch_size=64, output_dir=rq2_train_scripts/Embeddings/CLEAN/outputs/salt/xlmr/config_3_clstrue_ctxtrue/tokens_300_ctx1, save_prototypes=False, seed=42, fp16=True, max_length=96, langs=all, layers=all, span_mode=bio, pool=mean, entity_tags={'LOC', 'PER', 'DATE', 'ORG'}, title_suffix='L=all, tokens=300, ctx=1, cls=true, fp16=true'
2025-08-27 07:48:04,679 - INFO - Processing run
2025-08-27 07:48:05,091 - INFO - Processing bam
2025-08-27 07:48:05,150 - INFO - Processing bbj
2025-08-27 07:48:05,197 - INFO - Processing ewe
2025-08-27 07:48:05,233 - INFO - Processing fon
2025-08-27 07:48:05,288 - INFO - Processing hau
2025-08-27 07:48:05,395 - INFO - Processing ibo
2025-08-27 07:48:05,490 - INFO - Processing kin
2025-08-27 07:48:05,553 - INFO - Processing lug
2025-08-27 07:48:05,599 - INFO - Processing luo
2025-08-27 07:48:05,659 - INFO - Processing mos
2025-08-27 07:48:05,720 - INFO - Processing nya
2025-08-27 07:48:05,781 - INFO - Processing pcm
2025-08-27 07:48:05,834 - INFO - Processing sna
2025-08-27 07:48:05,887 - INFO - Processing swa
2025-08-27 07:48:05,951 - INFO - Processing tsn
2025-08-27 07:48:05,995 - INFO - Processing twi
2025-08-27 07:48:06,049 - INFO - Processing wol
2025-08-27 07:48:06,103 - INFO - Processing xho
2025-08-27 07:48:06,147 - INFO - Processing yor
2025-08-27 07:48:06,223 - INFO - Processing zul
2025-08-27 07:48:06,696 - INFO - === Layer 1 (xlmr) — Top 5 (cosine) ===
2025-08-27 07:48:06,696 - INFO - 1. kin: cos=1.0000
2025-08-27 07:48:06,696 - INFO - 2. lug: cos=1.0000
2025-08-27 07:48:06,696 - INFO - 3. sna: cos=1.0000
2025-08-27 07:48:06,696 - INFO - 4. nya: cos=1.0000
2025-08-27 07:48:06,696 - INFO - 5. tsn: cos=1.0000
2025-08-27 07:48:06,697 - INFO - === Layer 1 (xlmr) — Worst 5 (cosine) ===
2025-08-27 07:48:06,697 - INFO - 1. fon: cos=0.9997
2025-08-27 07:48:06,697 - INFO - 2. bam: cos=0.9998
2025-08-27 07:48:06,697 - INFO - 3. wol: cos=0.9998
2025-08-27 07:48:06,697 - INFO - 4. hau: cos=0.9998
2025-08-27 07:48:06,697 - INFO - 5. yor: cos=0.9998
2025-08-27 07:48:06,828 - INFO - === Layer 2 (xlmr) — Top 5 (cosine) ===
2025-08-27 07:48:06,828 - INFO - 1. kin: cos=1.0000
2025-08-27 07:48:06,828 - INFO - 2. sna: cos=1.0000
2025-08-27 07:48:06,828 - INFO - 3. nya: cos=1.0000
2025-08-27 07:48:06,828 - INFO - 4. xho: cos=1.0000
2025-08-27 07:48:06,828 - INFO - 5. zul: cos=1.0000
2025-08-27 07:48:06,828 - INFO - === Layer 2 (xlmr) — Worst 5 (cosine) ===
2025-08-27 07:48:06,828 - INFO - 1. fon: cos=1.0000
2025-08-27 07:48:06,828 - INFO - 2. bam: cos=1.0000
2025-08-27 07:48:06,828 - INFO - 3. swa: cos=1.0000
2025-08-27 07:48:06,828 - INFO - 4. hau: cos=1.0000
2025-08-27 07:48:06,828 - INFO - 5. pcm: cos=1.0000
2025-08-27 07:48:06,976 - INFO - === Layer 3 (xlmr) — Top 5 (cosine) ===
2025-08-27 07:48:06,976 - INFO - 1. sna: cos=1.0000
2025-08-27 07:48:06,976 - INFO - 2. kin: cos=1.0000
2025-08-27 07:48:06,976 - INFO - 3. zul: cos=1.0000
2025-08-27 07:48:06,976 - INFO - 4. xho: cos=1.0000
2025-08-27 07:48:06,976 - INFO - 5. twi: cos=1.0000
2025-08-27 07:48:06,976 - INFO - === Layer 3 (xlmr) — Worst 5 (cosine) ===
2025-08-27 07:48:06,976 - INFO - 1. pcm: cos=1.0000
2025-08-27 07:48:06,976 - INFO - 2. swa: cos=1.0000
2025-08-27 07:48:06,976 - INFO - 3. ewe: cos=1.0000
2025-08-27 07:48:06,976 - INFO - 4. tsn: cos=1.0000
2025-08-27 07:48:06,976 - INFO - 5. luo: cos=1.0000
2025-08-27 07:48:07,106 - INFO - === Layer 4 (xlmr) — Top 5 (cosine) ===
2025-08-27 07:48:07,106 - INFO - 1. kin: cos=1.0000
2025-08-27 07:48:07,106 - INFO - 2. lug: cos=1.0000
2025-08-27 07:48:07,106 - INFO - 3. sna: cos=1.0000
2025-08-27 07:48:07,106 - INFO - 4. zul: cos=1.0000
2025-08-27 07:48:07,106 - INFO - 5. mos: cos=1.0000
2025-08-27 07:48:07,106 - INFO - === Layer 4 (xlmr) — Worst 5 (cosine) ===
2025-08-27 07:48:07,106 - INFO - 1. swa: cos=1.0000
2025-08-27 07:48:07,107 - INFO - 2. pcm: cos=1.0000
2025-08-27 07:48:07,107 - INFO - 3. wol: cos=1.0000
2025-08-27 07:48:07,107 - INFO - 4. ewe: cos=1.0000
2025-08-27 07:48:07,107 - INFO - 5. twi: cos=1.0000
2025-08-27 07:48:07,234 - INFO - === Layer 5 (xlmr) — Top 5 (cosine) ===
2025-08-27 07:48:07,234 - INFO - 1. lug: cos=1.0000
2025-08-27 07:48:07,235 - INFO - 2. kin: cos=1.0000
2025-08-27 07:48:07,235 - INFO - 3. sna: cos=1.0000
2025-08-27 07:48:07,235 - INFO - 4. nya: cos=1.0000
2025-08-27 07:48:07,235 - INFO - 5. luo: cos=1.0000
2025-08-27 07:48:07,235 - INFO - === Layer 5 (xlmr) — Worst 5 (cosine) ===
2025-08-27 07:48:07,235 - INFO - 1. fon: cos=1.0000
2025-08-27 07:48:07,235 - INFO - 2. pcm: cos=1.0000
2025-08-27 07:48:07,235 - INFO - 3. swa: cos=1.0000
2025-08-27 07:48:07,235 - INFO - 4. hau: cos=1.0000
2025-08-27 07:48:07,235 - INFO - 5. bbj: cos=1.0000
2025-08-27 07:48:07,363 - INFO - === Layer 6 (xlmr) — Top 5 (cosine) ===
2025-08-27 07:48:07,363 - INFO - 1. lug: cos=1.0000
2025-08-27 07:48:07,363 - INFO - 2. sna: cos=1.0000
2025-08-27 07:48:07,363 - INFO - 3. luo: cos=1.0000
2025-08-27 07:48:07,363 - INFO - 4. wol: cos=1.0000
2025-08-27 07:48:07,363 - INFO - 5. nya: cos=1.0000
2025-08-27 07:48:07,363 - INFO - === Layer 6 (xlmr) — Worst 5 (cosine) ===
2025-08-27 07:48:07,363 - INFO - 1. pcm: cos=1.0000
2025-08-27 07:48:07,363 - INFO - 2. fon: cos=1.0000
2025-08-27 07:48:07,363 - INFO - 3. swa: cos=1.0000
2025-08-27 07:48:07,363 - INFO - 4. hau: cos=1.0000
2025-08-27 07:48:07,363 - INFO - 5. bbj: cos=1.0000
2025-08-27 07:48:07,491 - INFO - === Layer 7 (xlmr) — Top 5 (cosine) ===
2025-08-27 07:48:07,491 - INFO - 1. sna: cos=1.0000
2025-08-27 07:48:07,491 - INFO - 2. mos: cos=1.0000
2025-08-27 07:48:07,491 - INFO - 3. ewe: cos=1.0000
2025-08-27 07:48:07,491 - INFO - 4. twi: cos=1.0000
2025-08-27 07:48:07,491 - INFO - 5. xho: cos=1.0000
2025-08-27 07:48:07,491 - INFO - === Layer 7 (xlmr) — Worst 5 (cosine) ===
2025-08-27 07:48:07,491 - INFO - 1. wol: cos=1.0000
2025-08-27 07:48:07,491 - INFO - 2. hau: cos=1.0000
2025-08-27 07:48:07,491 - INFO - 3. bbj: cos=1.0000
2025-08-27 07:48:07,491 - INFO - 4. lug: cos=1.0000
2025-08-27 07:48:07,491 - INFO - 5. yor: cos=1.0000
2025-08-27 07:48:07,618 - INFO - === Layer 8 (xlmr) — Top 5 (cosine) ===
2025-08-27 07:48:07,618 - INFO - 1. nya: cos=1.0000
2025-08-27 07:48:07,618 - INFO - 2. kin: cos=1.0000
2025-08-27 07:48:07,618 - INFO - 3. lug: cos=1.0000
2025-08-27 07:48:07,618 - INFO - 4. sna: cos=1.0000
2025-08-27 07:48:07,618 - INFO - 5. wol: cos=1.0000
2025-08-27 07:48:07,618 - INFO - === Layer 8 (xlmr) — Worst 5 (cosine) ===
2025-08-27 07:48:07,618 - INFO - 1. hau: cos=0.9999
2025-08-27 07:48:07,618 - INFO - 2. zul: cos=1.0000
2025-08-27 07:48:07,618 - INFO - 3. pcm: cos=1.0000
2025-08-27 07:48:07,618 - INFO - 4. bam: cos=1.0000
2025-08-27 07:48:07,618 - INFO - 5. twi: cos=1.0000
2025-08-27 07:48:07,822 - INFO - === Layer 9 (xlmr) — Top 5 (cosine) ===
2025-08-27 07:48:07,822 - INFO - 1. xho: cos=1.0000
2025-08-27 07:48:07,822 - INFO - 2. sna: cos=1.0000
2025-08-27 07:48:07,822 - INFO - 3. yor: cos=1.0000
2025-08-27 07:48:07,822 - INFO - 4. lug: cos=1.0000
2025-08-27 07:48:07,822 - INFO - 5. nya: cos=1.0000
2025-08-27 07:48:07,822 - INFO - === Layer 9 (xlmr) — Worst 5 (cosine) ===
2025-08-27 07:48:07,822 - INFO - 1. hau: cos=1.0000
2025-08-27 07:48:07,822 - INFO - 2. pcm: cos=1.0000
2025-08-27 07:48:07,822 - INFO - 3. zul: cos=1.0000
2025-08-27 07:48:07,822 - INFO - 4. bam: cos=1.0000
2025-08-27 07:48:07,822 - INFO - 5. bbj: cos=1.0000
2025-08-27 07:48:07,955 - INFO - === Layer 10 (xlmr) — Top 5 (cosine) ===
2025-08-27 07:48:07,955 - INFO - 1. sna: cos=1.0000
2025-08-27 07:48:07,955 - INFO - 2. fon: cos=1.0000
2025-08-27 07:48:07,955 - INFO - 3. nya: cos=1.0000
2025-08-27 07:48:07,955 - INFO - 4. luo: cos=1.0000
2025-08-27 07:48:07,955 - INFO - 5. wol: cos=1.0000
2025-08-27 07:48:07,955 - INFO - === Layer 10 (xlmr) — Worst 5 (cosine) ===
2025-08-27 07:48:07,955 - INFO - 1. bam: cos=1.0000
2025-08-27 07:48:07,955 - INFO - 2. hau: cos=1.0000
2025-08-27 07:48:07,955 - INFO - 3. tsn: cos=1.0000
2025-08-27 07:48:07,955 - INFO - 4. bbj: cos=1.0000
2025-08-27 07:48:07,955 - INFO - 5. ewe: cos=1.0000
2025-08-27 07:48:08,086 - INFO - === Layer 11 (xlmr) — Top 5 (cosine) ===
2025-08-27 07:48:08,087 - INFO - 1. ewe: cos=1.0000
2025-08-27 07:48:08,087 - INFO - 2. lug: cos=1.0000
2025-08-27 07:48:08,087 - INFO - 3. xho: cos=1.0000
2025-08-27 07:48:08,087 - INFO - 4. tsn: cos=1.0000
2025-08-27 07:48:08,087 - INFO - 5. sna: cos=1.0000
2025-08-27 07:48:08,087 - INFO - === Layer 11 (xlmr) — Worst 5 (cosine) ===
2025-08-27 07:48:08,087 - INFO - 1. yor: cos=0.9999
2025-08-27 07:48:08,087 - INFO - 2. swa: cos=0.9999
2025-08-27 07:48:08,087 - INFO - 3. pcm: cos=0.9999
2025-08-27 07:48:08,087 - INFO - 4. kin: cos=0.9999
2025-08-27 07:48:08,087 - INFO - 5. luo: cos=0.9999
2025-08-27 07:48:08,238 - INFO - === Layer 12 (xlmr) — Top 5 (cosine) ===
2025-08-27 07:48:08,239 - INFO - 1. pcm: cos=0.9996
2025-08-27 07:48:08,239 - INFO - 2. mos: cos=0.9994
2025-08-27 07:48:08,239 - INFO - 3. sna: cos=0.9993
2025-08-27 07:48:08,239 - INFO - 4. lug: cos=0.9990
2025-08-27 07:48:08,239 - INFO - 5. wol: cos=0.9986
2025-08-27 07:48:08,239 - INFO - === Layer 12 (xlmr) — Worst 5 (cosine) ===
2025-08-27 07:48:08,239 - INFO - 1. zul: cos=0.9877
2025-08-27 07:48:08,239 - INFO - 2. xho: cos=0.9950
2025-08-27 07:48:08,239 - INFO - 3. fon: cos=0.9959
2025-08-27 07:48:08,239 - INFO - 4. kin: cos=0.9962
2025-08-27 07:48:08,239 - INFO - 5. tsn: cos=0.9965
2025-08-27 07:48:08,240 - INFO - Experiment finished successfully.
