2025-08-27 09:52:33,382 - INFO - Start: model_type=xlmr, use_cls=True, use_context=False, context_window=2, max_tokens_per_type=500, batch_size=64, output_dir=rq2_train_scripts/Embeddings/CLEAN/outputs/combined/xlmr/config_1_clstrue_ctxfalse/tokens_500_ctx2/core, save_prototypes=False, seed=42, fp16=True, max_length=96, langs=all, layers=all, span_mode=bio, pool=mean, entity_tags={'DATE', 'LOC', 'ORG', 'PER'}, title_suffix='L=all, tokens=500, ctx=2, cls=true, fp16=true'
2025-08-27 09:52:35,287 - INFO - Processing run
2025-08-27 09:52:35,700 - INFO - Processing bam
2025-08-27 09:52:35,757 - INFO - Processing bbj
2025-08-27 09:52:35,802 - INFO - Processing ewe
2025-08-27 09:52:35,849 - INFO - Processing fon
2025-08-27 09:52:35,909 - INFO - Processing hau
2025-08-27 09:52:35,975 - INFO - Processing ibo
2025-08-27 09:52:36,071 - INFO - Processing kin
2025-08-27 09:52:36,140 - INFO - Processing lug
2025-08-27 09:52:36,195 - INFO - Processing luo
2025-08-27 09:52:36,265 - INFO - Processing mos
2025-08-27 09:52:36,332 - INFO - Processing nya
2025-08-27 09:52:36,409 - INFO - Processing pcm
2025-08-27 09:52:36,461 - INFO - Processing sna
2025-08-27 09:52:36,515 - INFO - Processing swa
2025-08-27 09:52:36,586 - INFO - Processing tsn
2025-08-27 09:52:36,637 - INFO - Processing twi
2025-08-27 09:52:36,698 - INFO - Processing wol
2025-08-27 09:52:36,758 - INFO - Processing xho
2025-08-27 09:52:36,806 - INFO - Processing yor
2025-08-27 09:52:36,892 - INFO - Processing zul
2025-08-27 09:52:37,389 - INFO - === Layer 1 (xlmr) — Top 5 (cosine) ===
2025-08-27 09:52:37,389 - INFO - 1. kin: cos=0.9999
2025-08-27 09:52:37,389 - INFO - 2. twi: cos=0.9999
2025-08-27 09:52:37,389 - INFO - 3. luo: cos=0.9999
2025-08-27 09:52:37,389 - INFO - 4. ibo: cos=0.9999
2025-08-27 09:52:37,389 - INFO - 5. nya: cos=0.9998
2025-08-27 09:52:37,389 - INFO - === Layer 1 (xlmr) — Worst 5 (cosine) ===
2025-08-27 09:52:37,389 - INFO - 1. hau: cos=0.9995
2025-08-27 09:52:37,389 - INFO - 2. bam: cos=0.9995
2025-08-27 09:52:37,389 - INFO - 3. xho: cos=0.9995
2025-08-27 09:52:37,389 - INFO - 4. fon: cos=0.9995
2025-08-27 09:52:37,389 - INFO - 5. pcm: cos=0.9995
2025-08-27 09:52:37,545 - INFO - === Layer 2 (xlmr) — Top 5 (cosine) ===
2025-08-27 09:52:37,545 - INFO - 1. kin: cos=1.0000
2025-08-27 09:52:37,545 - INFO - 2. luo: cos=1.0000
2025-08-27 09:52:37,545 - INFO - 3. twi: cos=1.0000
2025-08-27 09:52:37,545 - INFO - 4. ibo: cos=1.0000
2025-08-27 09:52:37,545 - INFO - 5. nya: cos=1.0000
2025-08-27 09:52:37,545 - INFO - === Layer 2 (xlmr) — Worst 5 (cosine) ===
2025-08-27 09:52:37,545 - INFO - 1. pcm: cos=0.9999
2025-08-27 09:52:37,545 - INFO - 2. bam: cos=0.9999
2025-08-27 09:52:37,545 - INFO - 3. bbj: cos=0.9999
2025-08-27 09:52:37,545 - INFO - 4. hau: cos=0.9999
2025-08-27 09:52:37,545 - INFO - 5. xho: cos=0.9999
2025-08-27 09:52:37,675 - INFO - === Layer 3 (xlmr) — Top 5 (cosine) ===
2025-08-27 09:52:37,675 - INFO - 1. luo: cos=1.0000
2025-08-27 09:52:37,675 - INFO - 2. kin: cos=1.0000
2025-08-27 09:52:37,675 - INFO - 3. twi: cos=1.0000
2025-08-27 09:52:37,675 - INFO - 4. hau: cos=1.0000
2025-08-27 09:52:37,675 - INFO - 5. zul: cos=1.0000
2025-08-27 09:52:37,675 - INFO - === Layer 3 (xlmr) — Worst 5 (cosine) ===
2025-08-27 09:52:37,675 - INFO - 1. pcm: cos=1.0000
2025-08-27 09:52:37,675 - INFO - 2. swa: cos=1.0000
2025-08-27 09:52:37,675 - INFO - 3. bbj: cos=1.0000
2025-08-27 09:52:37,675 - INFO - 4. nya: cos=1.0000
2025-08-27 09:52:37,675 - INFO - 5. fon: cos=1.0000
2025-08-27 09:52:37,824 - INFO - === Layer 4 (xlmr) — Top 5 (cosine) ===
2025-08-27 09:52:37,824 - INFO - 1. kin: cos=1.0000
2025-08-27 09:52:37,824 - INFO - 2. twi: cos=1.0000
2025-08-27 09:52:37,824 - INFO - 3. luo: cos=1.0000
2025-08-27 09:52:37,824 - INFO - 4. sna: cos=1.0000
2025-08-27 09:52:37,824 - INFO - 5. zul: cos=1.0000
2025-08-27 09:52:37,824 - INFO - === Layer 4 (xlmr) — Worst 5 (cosine) ===
2025-08-27 09:52:37,824 - INFO - 1. yor: cos=1.0000
2025-08-27 09:52:37,824 - INFO - 2. hau: cos=1.0000
2025-08-27 09:52:37,824 - INFO - 3. bam: cos=1.0000
2025-08-27 09:52:37,824 - INFO - 4. pcm: cos=1.0000
2025-08-27 09:52:37,824 - INFO - 5. wol: cos=1.0000
2025-08-27 09:52:37,952 - INFO - === Layer 5 (xlmr) — Top 5 (cosine) ===
2025-08-27 09:52:37,952 - INFO - 1. twi: cos=1.0000
2025-08-27 09:52:37,952 - INFO - 2. kin: cos=1.0000
2025-08-27 09:52:37,952 - INFO - 3. luo: cos=1.0000
2025-08-27 09:52:37,952 - INFO - 4. zul: cos=1.0000
2025-08-27 09:52:37,952 - INFO - 5. ibo: cos=1.0000
2025-08-27 09:52:37,952 - INFO - === Layer 5 (xlmr) — Worst 5 (cosine) ===
2025-08-27 09:52:37,952 - INFO - 1. hau: cos=1.0000
2025-08-27 09:52:37,952 - INFO - 2. pcm: cos=1.0000
2025-08-27 09:52:37,952 - INFO - 3. fon: cos=1.0000
2025-08-27 09:52:37,952 - INFO - 4. nya: cos=1.0000
2025-08-27 09:52:37,952 - INFO - 5. lug: cos=1.0000
2025-08-27 09:52:38,081 - INFO - === Layer 6 (xlmr) — Top 5 (cosine) ===
2025-08-27 09:52:38,081 - INFO - 1. twi: cos=1.0000
2025-08-27 09:52:38,081 - INFO - 2. kin: cos=1.0000
2025-08-27 09:52:38,081 - INFO - 3. luo: cos=1.0000
2025-08-27 09:52:38,081 - INFO - 4. ibo: cos=1.0000
2025-08-27 09:52:38,081 - INFO - 5. ewe: cos=1.0000
2025-08-27 09:52:38,081 - INFO - === Layer 6 (xlmr) — Worst 5 (cosine) ===
2025-08-27 09:52:38,081 - INFO - 1. pcm: cos=1.0000
2025-08-27 09:52:38,081 - INFO - 2. hau: cos=1.0000
2025-08-27 09:52:38,081 - INFO - 3. fon: cos=1.0000
2025-08-27 09:52:38,081 - INFO - 4. nya: cos=1.0000
2025-08-27 09:52:38,081 - INFO - 5. mos: cos=1.0000
2025-08-27 09:52:38,207 - INFO - === Layer 7 (xlmr) — Top 5 (cosine) ===
2025-08-27 09:52:38,207 - INFO - 1. kin: cos=1.0000
2025-08-27 09:52:38,207 - INFO - 2. fon: cos=1.0000
2025-08-27 09:52:38,207 - INFO - 3. sna: cos=1.0000
2025-08-27 09:52:38,207 - INFO - 4. ewe: cos=1.0000
2025-08-27 09:52:38,207 - INFO - 5. bbj: cos=1.0000
2025-08-27 09:52:38,207 - INFO - === Layer 7 (xlmr) — Worst 5 (cosine) ===
2025-08-27 09:52:38,207 - INFO - 1. hau: cos=1.0000
2025-08-27 09:52:38,207 - INFO - 2. tsn: cos=1.0000
2025-08-27 09:52:38,207 - INFO - 3. nya: cos=1.0000
2025-08-27 09:52:38,207 - INFO - 4. zul: cos=1.0000
2025-08-27 09:52:38,207 - INFO - 5. mos: cos=1.0000
2025-08-27 09:52:38,334 - INFO - === Layer 8 (xlmr) — Top 5 (cosine) ===
2025-08-27 09:52:38,334 - INFO - 1. kin: cos=1.0000
2025-08-27 09:52:38,334 - INFO - 2. lug: cos=1.0000
2025-08-27 09:52:38,334 - INFO - 3. xho: cos=1.0000
2025-08-27 09:52:38,334 - INFO - 4. tsn: cos=1.0000
2025-08-27 09:52:38,334 - INFO - 5. nya: cos=1.0000
2025-08-27 09:52:38,334 - INFO - === Layer 8 (xlmr) — Worst 5 (cosine) ===
2025-08-27 09:52:38,334 - INFO - 1. ewe: cos=0.9999
2025-08-27 09:52:38,334 - INFO - 2. bbj: cos=1.0000
2025-08-27 09:52:38,334 - INFO - 3. swa: cos=1.0000
2025-08-27 09:52:38,334 - INFO - 4. pcm: cos=1.0000
2025-08-27 09:52:38,334 - INFO - 5. fon: cos=1.0000
2025-08-27 09:52:38,538 - INFO - === Layer 9 (xlmr) — Top 5 (cosine) ===
2025-08-27 09:52:38,538 - INFO - 1. kin: cos=1.0000
2025-08-27 09:52:38,538 - INFO - 2. sna: cos=1.0000
2025-08-27 09:52:38,538 - INFO - 3. bam: cos=1.0000
2025-08-27 09:52:38,538 - INFO - 4. twi: cos=1.0000
2025-08-27 09:52:38,538 - INFO - 5. lug: cos=1.0000
2025-08-27 09:52:38,538 - INFO - === Layer 9 (xlmr) — Worst 5 (cosine) ===
2025-08-27 09:52:38,538 - INFO - 1. pcm: cos=1.0000
2025-08-27 09:52:38,538 - INFO - 2. hau: cos=1.0000
2025-08-27 09:52:38,538 - INFO - 3. ewe: cos=1.0000
2025-08-27 09:52:38,538 - INFO - 4. swa: cos=1.0000
2025-08-27 09:52:38,538 - INFO - 5. nya: cos=1.0000
2025-08-27 09:52:38,660 - INFO - === Layer 10 (xlmr) — Top 5 (cosine) ===
2025-08-27 09:52:38,660 - INFO - 1. kin: cos=1.0000
2025-08-27 09:52:38,660 - INFO - 2. luo: cos=1.0000
2025-08-27 09:52:38,660 - INFO - 3. zul: cos=1.0000
2025-08-27 09:52:38,660 - INFO - 4. twi: cos=1.0000
2025-08-27 09:52:38,660 - INFO - 5. bam: cos=1.0000
2025-08-27 09:52:38,660 - INFO - === Layer 10 (xlmr) — Worst 5 (cosine) ===
2025-08-27 09:52:38,660 - INFO - 1. pcm: cos=1.0000
2025-08-27 09:52:38,660 - INFO - 2. fon: cos=1.0000
2025-08-27 09:52:38,660 - INFO - 3. xho: cos=1.0000
2025-08-27 09:52:38,660 - INFO - 4. mos: cos=1.0000
2025-08-27 09:52:38,660 - INFO - 5. hau: cos=1.0000
2025-08-27 09:52:38,781 - INFO - === Layer 11 (xlmr) — Top 5 (cosine) ===
2025-08-27 09:52:38,781 - INFO - 1. ibo: cos=1.0000
2025-08-27 09:52:38,781 - INFO - 2. kin: cos=1.0000
2025-08-27 09:52:38,781 - INFO - 3. ewe: cos=1.0000
2025-08-27 09:52:38,781 - INFO - 4. hau: cos=1.0000
2025-08-27 09:52:38,781 - INFO - 5. twi: cos=1.0000
2025-08-27 09:52:38,781 - INFO - === Layer 11 (xlmr) — Worst 5 (cosine) ===
2025-08-27 09:52:38,781 - INFO - 1. bam: cos=0.9999
2025-08-27 09:52:38,781 - INFO - 2. bbj: cos=0.9999
2025-08-27 09:52:38,781 - INFO - 3. sna: cos=1.0000
2025-08-27 09:52:38,781 - INFO - 4. yor: cos=1.0000
2025-08-27 09:52:38,781 - INFO - 5. zul: cos=1.0000
2025-08-27 09:52:38,902 - INFO - === Layer 12 (xlmr) — Top 5 (cosine) ===
2025-08-27 09:52:38,902 - INFO - 1. kin: cos=0.9999
2025-08-27 09:52:38,902 - INFO - 2. luo: cos=0.9999
2025-08-27 09:52:38,902 - INFO - 3. nya: cos=0.9999
2025-08-27 09:52:38,902 - INFO - 4. lug: cos=0.9999
2025-08-27 09:52:38,902 - INFO - 5. wol: cos=0.9999
2025-08-27 09:52:38,902 - INFO - === Layer 12 (xlmr) — Worst 5 (cosine) ===
2025-08-27 09:52:38,902 - INFO - 1. pcm: cos=0.9981
2025-08-27 09:52:38,902 - INFO - 2. fon: cos=0.9990
2025-08-27 09:52:38,902 - INFO - 3. hau: cos=0.9991
2025-08-27 09:52:38,902 - INFO - 4. tsn: cos=0.9997
2025-08-27 09:52:38,902 - INFO - 5. xho: cos=0.9997
2025-08-27 09:52:38,903 - INFO - Experiment finished successfully.
