2025-08-27 18:35:43,995 - INFO - Start: model_type=mbert, use_cls=True, use_context=True, context_window=3, max_tokens_per_type=300, batch_size=64, output_dir=rq2_train_scripts/Embeddings/CLEAN/outputs/salt/mbert/config_3_clstrue_ctxtrue/tokens_300_ctx3/core, save_prototypes=False, seed=42, fp16=True, max_length=96, langs=all, layers=all, span_mode=bio, pool=mean, entity_tags={'DATE', 'ORG', 'LOC', 'PER'}, title_suffix='L=all, tokens=300, ctx=3, cls=true, fp16=true'
2025-08-27 18:35:45,401 - INFO - Processing run
2025-08-27 18:35:45,889 - INFO - Processing bam
2025-08-27 18:35:45,944 - INFO - Processing bbj
2025-08-27 18:35:45,985 - INFO - Processing ewe
2025-08-27 18:35:46,023 - INFO - Processing fon
2025-08-27 18:35:46,075 - INFO - Processing hau
2025-08-27 18:35:46,137 - INFO - Processing ibo
2025-08-27 18:35:46,236 - INFO - Processing kin
2025-08-27 18:35:46,319 - INFO - Processing lug
2025-08-27 18:35:46,370 - INFO - Processing luo
2025-08-27 18:35:46,451 - INFO - Processing mos
2025-08-27 18:35:46,510 - INFO - Processing nya
2025-08-27 18:35:46,576 - INFO - Processing pcm
2025-08-27 18:35:46,630 - INFO - Processing sna
2025-08-27 18:35:46,691 - INFO - Processing swa
2025-08-27 18:35:46,756 - INFO - Processing tsn
2025-08-27 18:35:46,801 - INFO - Processing twi
2025-08-27 18:35:46,861 - INFO - Processing wol
2025-08-27 18:35:46,917 - INFO - Processing xho
2025-08-27 18:35:46,965 - INFO - Processing yor
2025-08-27 18:35:47,050 - INFO - Processing zul
2025-08-27 18:35:47,460 - INFO - === Layer 1 (mbert) — Top 5 (cosine) ===
2025-08-27 18:35:47,460 - INFO - 1. hau: cos=0.9997
2025-08-27 18:35:47,460 - INFO - 2. lug: cos=0.9997
2025-08-27 18:35:47,460 - INFO - 3. kin: cos=0.9996
2025-08-27 18:35:47,460 - INFO - 4. sna: cos=0.9996
2025-08-27 18:35:47,460 - INFO - 5. xho: cos=0.9996
2025-08-27 18:35:47,460 - INFO - === Layer 1 (mbert) — Worst 5 (cosine) ===
2025-08-27 18:35:47,460 - INFO - 1. yor: cos=0.9987
2025-08-27 18:35:47,460 - INFO - 2. pcm: cos=0.9987
2025-08-27 18:35:47,460 - INFO - 3. fon: cos=0.9988
2025-08-27 18:35:47,460 - INFO - 4. bbj: cos=0.9989
2025-08-27 18:35:47,460 - INFO - 5. ewe: cos=0.9992
2025-08-27 18:35:47,589 - INFO - === Layer 2 (mbert) — Top 5 (cosine) ===
2025-08-27 18:35:47,590 - INFO - 1. hau: cos=1.0000
2025-08-27 18:35:47,590 - INFO - 2. lug: cos=0.9999
2025-08-27 18:35:47,590 - INFO - 3. kin: cos=0.9999
2025-08-27 18:35:47,590 - INFO - 4. xho: cos=0.9999
2025-08-27 18:35:47,590 - INFO - 5. twi: cos=0.9999
2025-08-27 18:35:47,590 - INFO - === Layer 2 (mbert) — Worst 5 (cosine) ===
2025-08-27 18:35:47,590 - INFO - 1. yor: cos=0.9998
2025-08-27 18:35:47,590 - INFO - 2. fon: cos=0.9998
2025-08-27 18:35:47,590 - INFO - 3. pcm: cos=0.9998
2025-08-27 18:35:47,590 - INFO - 4. bbj: cos=0.9998
2025-08-27 18:35:47,590 - INFO - 5. ewe: cos=0.9999
2025-08-27 18:35:47,721 - INFO - === Layer 3 (mbert) — Top 5 (cosine) ===
2025-08-27 18:35:47,721 - INFO - 1. hau: cos=1.0000
2025-08-27 18:35:47,721 - INFO - 2. kin: cos=1.0000
2025-08-27 18:35:47,721 - INFO - 3. lug: cos=1.0000
2025-08-27 18:35:47,721 - INFO - 4. sna: cos=1.0000
2025-08-27 18:35:47,721 - INFO - 5. ibo: cos=1.0000
2025-08-27 18:35:47,721 - INFO - === Layer 3 (mbert) — Worst 5 (cosine) ===
2025-08-27 18:35:47,721 - INFO - 1. yor: cos=0.9999
2025-08-27 18:35:47,721 - INFO - 2. pcm: cos=0.9999
2025-08-27 18:35:47,721 - INFO - 3. fon: cos=0.9999
2025-08-27 18:35:47,721 - INFO - 4. bbj: cos=0.9999
2025-08-27 18:35:47,721 - INFO - 5. swa: cos=0.9999
2025-08-27 18:35:47,850 - INFO - === Layer 4 (mbert) — Top 5 (cosine) ===
2025-08-27 18:35:47,850 - INFO - 1. kin: cos=0.9999
2025-08-27 18:35:47,850 - INFO - 2. lug: cos=0.9999
2025-08-27 18:35:47,850 - INFO - 3. sna: cos=0.9999
2025-08-27 18:35:47,850 - INFO - 4. nya: cos=0.9999
2025-08-27 18:35:47,850 - INFO - 5. zul: cos=0.9999
2025-08-27 18:35:47,850 - INFO - === Layer 4 (mbert) — Worst 5 (cosine) ===
2025-08-27 18:35:47,850 - INFO - 1. pcm: cos=0.9996
2025-08-27 18:35:47,850 - INFO - 2. yor: cos=0.9996
2025-08-27 18:35:47,850 - INFO - 3. bbj: cos=0.9997
2025-08-27 18:35:47,850 - INFO - 4. fon: cos=0.9997
2025-08-27 18:35:47,850 - INFO - 5. ewe: cos=0.9998
2025-08-27 18:35:47,979 - INFO - === Layer 5 (mbert) — Top 5 (cosine) ===
2025-08-27 18:35:47,979 - INFO - 1. kin: cos=0.9924
2025-08-27 18:35:47,980 - INFO - 2. lug: cos=0.9923
2025-08-27 18:35:47,980 - INFO - 3. luo: cos=0.9910
2025-08-27 18:35:47,980 - INFO - 4. hau: cos=0.9900
2025-08-27 18:35:47,980 - INFO - 5. tsn: cos=0.9895
2025-08-27 18:35:47,980 - INFO - === Layer 5 (mbert) — Worst 5 (cosine) ===
2025-08-27 18:35:47,980 - INFO - 1. bbj: cos=0.9683
2025-08-27 18:35:47,980 - INFO - 2. yor: cos=0.9724
2025-08-27 18:35:47,980 - INFO - 3. fon: cos=0.9747
2025-08-27 18:35:47,980 - INFO - 4. pcm: cos=0.9758
2025-08-27 18:35:47,980 - INFO - 5. swa: cos=0.9763
2025-08-27 18:35:48,176 - INFO - === Layer 6 (mbert) — Top 5 (cosine) ===
2025-08-27 18:35:48,184 - INFO - 1. kin: cos=0.9880
2025-08-27 18:35:48,184 - INFO - 2. lug: cos=0.9878
2025-08-27 18:35:48,184 - INFO - 3. hau: cos=0.9852
2025-08-27 18:35:48,184 - INFO - 4. sna: cos=0.9845
2025-08-27 18:35:48,184 - INFO - 5. ibo: cos=0.9841
2025-08-27 18:35:48,184 - INFO - === Layer 6 (mbert) — Worst 5 (cosine) ===
2025-08-27 18:35:48,184 - INFO - 1. yor: cos=0.9551
2025-08-27 18:35:48,184 - INFO - 2. bbj: cos=0.9554
2025-08-27 18:35:48,184 - INFO - 3. swa: cos=0.9593
2025-08-27 18:35:48,184 - INFO - 4. pcm: cos=0.9599
2025-08-27 18:35:48,184 - INFO - 5. fon: cos=0.9624
2025-08-27 18:35:48,316 - INFO - === Layer 7 (mbert) — Top 5 (cosine) ===
2025-08-27 18:35:48,316 - INFO - 1. sna: cos=0.9896
2025-08-27 18:35:48,316 - INFO - 2. kin: cos=0.9884
2025-08-27 18:35:48,316 - INFO - 3. lug: cos=0.9863
2025-08-27 18:35:48,316 - INFO - 4. hau: cos=0.9851
2025-08-27 18:35:48,316 - INFO - 5. mos: cos=0.9837
2025-08-27 18:35:48,316 - INFO - === Layer 7 (mbert) — Worst 5 (cosine) ===
2025-08-27 18:35:48,316 - INFO - 1. swa: cos=0.9472
2025-08-27 18:35:48,316 - INFO - 2. yor: cos=0.9519
2025-08-27 18:35:48,316 - INFO - 3. bbj: cos=0.9579
2025-08-27 18:35:48,316 - INFO - 4. pcm: cos=0.9606
2025-08-27 18:35:48,316 - INFO - 5. bam: cos=0.9619
2025-08-27 18:35:48,446 - INFO - === Layer 8 (mbert) — Top 5 (cosine) ===
2025-08-27 18:35:48,446 - INFO - 1. sna: cos=0.9793
2025-08-27 18:35:48,446 - INFO - 2. hau: cos=0.9762
2025-08-27 18:35:48,446 - INFO - 3. kin: cos=0.9739
2025-08-27 18:35:48,446 - INFO - 4. lug: cos=0.9736
2025-08-27 18:35:48,446 - INFO - 5. twi: cos=0.9719
2025-08-27 18:35:48,446 - INFO - === Layer 8 (mbert) — Worst 5 (cosine) ===
2025-08-27 18:35:48,446 - INFO - 1. swa: cos=0.9151
2025-08-27 18:35:48,446 - INFO - 2. yor: cos=0.9260
2025-08-27 18:35:48,446 - INFO - 3. pcm: cos=0.9352
2025-08-27 18:35:48,446 - INFO - 4. bbj: cos=0.9367
2025-08-27 18:35:48,446 - INFO - 5. fon: cos=0.9487
2025-08-27 18:35:48,577 - INFO - === Layer 9 (mbert) — Top 5 (cosine) ===
2025-08-27 18:35:48,578 - INFO - 1. sna: cos=0.9842
2025-08-27 18:35:48,578 - INFO - 2. hau: cos=0.9810
2025-08-27 18:35:48,578 - INFO - 3. kin: cos=0.9804
2025-08-27 18:35:48,578 - INFO - 4. lug: cos=0.9803
2025-08-27 18:35:48,578 - INFO - 5. zul: cos=0.9786
2025-08-27 18:35:48,578 - INFO - === Layer 9 (mbert) — Worst 5 (cosine) ===
2025-08-27 18:35:48,578 - INFO - 1. swa: cos=0.9338
2025-08-27 18:35:48,578 - INFO - 2. yor: cos=0.9394
2025-08-27 18:35:48,578 - INFO - 3. pcm: cos=0.9451
2025-08-27 18:35:48,578 - INFO - 4. bbj: cos=0.9523
2025-08-27 18:35:48,578 - INFO - 5. fon: cos=0.9594
2025-08-27 18:35:48,709 - INFO - === Layer 10 (mbert) — Top 5 (cosine) ===
2025-08-27 18:35:48,709 - INFO - 1. lug: cos=0.9889
2025-08-27 18:35:48,709 - INFO - 2. sna: cos=0.9833
2025-08-27 18:35:48,709 - INFO - 3. kin: cos=0.9807
2025-08-27 18:35:48,709 - INFO - 4. hau: cos=0.9803
2025-08-27 18:35:48,709 - INFO - 5. twi: cos=0.9793
2025-08-27 18:35:48,709 - INFO - === Layer 10 (mbert) — Worst 5 (cosine) ===
2025-08-27 18:35:48,709 - INFO - 1. yor: cos=0.9381
2025-08-27 18:35:48,709 - INFO - 2. swa: cos=0.9452
2025-08-27 18:35:48,709 - INFO - 3. pcm: cos=0.9493
2025-08-27 18:35:48,709 - INFO - 4. bbj: cos=0.9571
2025-08-27 18:35:48,709 - INFO - 5. bam: cos=0.9621
2025-08-27 18:35:48,838 - INFO - === Layer 11 (mbert) — Top 5 (cosine) ===
2025-08-27 18:35:48,838 - INFO - 1. lug: cos=0.9923
2025-08-27 18:35:48,838 - INFO - 2. kin: cos=0.9844
2025-08-27 18:35:48,838 - INFO - 3. sna: cos=0.9843
2025-08-27 18:35:48,838 - INFO - 4. luo: cos=0.9835
2025-08-27 18:35:48,838 - INFO - 5. nya: cos=0.9832
2025-08-27 18:35:48,838 - INFO - === Layer 11 (mbert) — Worst 5 (cosine) ===
2025-08-27 18:35:48,838 - INFO - 1. yor: cos=0.9422
2025-08-27 18:35:48,838 - INFO - 2. pcm: cos=0.9521
2025-08-27 18:35:48,838 - INFO - 3. bbj: cos=0.9590
2025-08-27 18:35:48,838 - INFO - 4. swa: cos=0.9610
2025-08-27 18:35:48,838 - INFO - 5. bam: cos=0.9664
2025-08-27 18:35:48,969 - INFO - === Layer 12 (mbert) — Top 5 (cosine) ===
2025-08-27 18:35:48,969 - INFO - 1. lug: cos=0.9884
2025-08-27 18:35:48,969 - INFO - 2. kin: cos=0.9685
2025-08-27 18:35:48,969 - INFO - 3. luo: cos=0.9682
2025-08-27 18:35:48,969 - INFO - 4. nya: cos=0.9671
2025-08-27 18:35:48,969 - INFO - 5. sna: cos=0.9659
2025-08-27 18:35:48,969 - INFO - === Layer 12 (mbert) — Worst 5 (cosine) ===
2025-08-27 18:35:48,969 - INFO - 1. bbj: cos=0.8775
2025-08-27 18:35:48,969 - INFO - 2. yor: cos=0.9161
2025-08-27 18:35:48,969 - INFO - 3. pcm: cos=0.9165
2025-08-27 18:35:48,969 - INFO - 4. fon: cos=0.9274
2025-08-27 18:35:48,969 - INFO - 5. bam: cos=0.9317
2025-08-27 18:35:48,970 - INFO - Experiment finished successfully.
