2025-08-02 14:09:22,549 - INFO - Experiment started with model_type=xlmr, use_cls=False, use_context=False, context_window=2, use_hybrid=False, max_tokens_per_type=300, output_dir=rq2_train_scripts/Embeddings/MEXA_inspired_strategy/outputs/salt/xlmr/config_0_clsfalse_ctxfalse_hybfalse/tokens_300_ctx2
2025-08-02 14:09:24,390 - INFO - Processing run
2025-08-02 14:09:32,948 - INFO - Processing bam
2025-08-02 14:09:40,919 - INFO - Processing bbj
2025-08-02 14:09:49,419 - INFO - Processing ewe
2025-08-02 14:09:58,167 - INFO - Processing fon
2025-08-02 14:10:06,998 - INFO - Processing hau
2025-08-02 14:10:15,234 - INFO - Processing ibo
2025-08-02 14:10:23,657 - INFO - Processing kin
2025-08-02 14:10:31,634 - INFO - Processing lug
2025-08-02 14:10:40,385 - INFO - Processing luo
2025-08-02 14:10:48,395 - INFO - Processing mos
2025-08-02 14:10:57,018 - INFO - Processing nya
2025-08-02 14:11:06,115 - INFO - Processing pcm
2025-08-02 14:11:14,061 - INFO - Processing sna
2025-08-02 14:11:22,603 - INFO - Processing swa
2025-08-02 14:11:30,847 - INFO - Processing tsn
2025-08-02 14:11:39,747 - INFO - Processing twi
2025-08-02 14:11:48,385 - INFO - Processing wol
2025-08-02 14:11:56,541 - INFO - Processing xho
2025-08-02 14:12:04,946 - INFO - Processing yor
2025-08-02 14:12:13,631 - INFO - Processing zul
2025-08-02 14:12:22,729 - INFO - Top 5 languages most similar to Runyankore:
2025-08-02 14:12:22,729 - INFO - 1. lug - Mean Similarity: 0.9995
2025-08-02 14:12:22,729 - INFO - 2. kin - Mean Similarity: 0.9994
2025-08-02 14:12:22,729 - INFO - 3. luo - Mean Similarity: 0.9994
2025-08-02 14:12:22,729 - INFO - 4. twi - Mean Similarity: 0.9994
2025-08-02 14:12:22,729 - INFO - 5. ibo - Mean Similarity: 0.9993
2025-08-02 14:12:22,729 - INFO - Experiment finished successfully.
