2025-12-15 10:44:26,139 - INFO - Start: model_type=mbert, use_cls=True, use_context=True, context_window=2, max_tokens_per_type=200, batch_size=64, output_dir=rq2_train_scripts/Embeddings/CLEAN/outputs/combined/mbert/config_3_clstrue_ctxtrue/tokens_200_ctx2/core, save_prototypes=False, seed=42, fp16=True, max_length=96, langs=all, layers=all, span_mode=bio, pool=mean, entity_tags={'ORG', 'DATE', 'LOC', 'PER'}, title_suffix='L=all, tokens=200, ctx=2, cls=true, fp16=true'
2025-12-15 10:44:27,935 - INFO - Processing run
2025-12-15 10:44:28,386 - INFO - Processing bam
2025-12-15 10:44:28,430 - INFO - Processing bbj
2025-12-15 10:44:28,459 - INFO - Processing ewe
2025-12-15 10:44:28,494 - INFO - Processing fon
2025-12-15 10:44:28,550 - INFO - Processing hau
2025-12-15 10:44:28,603 - INFO - Processing ibo
2025-12-15 10:44:28,677 - INFO - Processing kin
2025-12-15 10:44:28,733 - INFO - Processing lug
2025-12-15 10:44:28,790 - INFO - Processing luo
2025-12-15 10:44:28,843 - INFO - Processing mos
2025-12-15 10:44:28,890 - INFO - Processing nya
2025-12-15 10:44:28,946 - INFO - Processing pcm
2025-12-15 10:44:28,990 - INFO - Processing sna
2025-12-15 10:44:29,038 - INFO - Processing swa
2025-12-15 10:44:29,093 - INFO - Processing tsn
2025-12-15 10:44:29,130 - INFO - Processing twi
2025-12-15 10:44:29,177 - INFO - Processing wol
2025-12-15 10:44:29,227 - INFO - Processing xho
2025-12-15 10:44:29,269 - INFO - Processing yor
2025-12-15 10:44:29,344 - INFO - Processing zul
2025-12-15 10:44:29,712 - INFO - === Layer 1 (mbert) — Top 5 (cosine) ===
2025-12-15 10:44:29,713 - INFO - 1. lug: cos=0.9997
2025-12-15 10:44:29,713 - INFO - 2. hau: cos=0.9997
2025-12-15 10:44:29,713 - INFO - 3. ibo: cos=0.9995
2025-12-15 10:44:29,713 - INFO - 4. kin: cos=0.9995
2025-12-15 10:44:29,713 - INFO - 5. nya: cos=0.9995
2025-12-15 10:44:29,713 - INFO - === Layer 1 (mbert) — Worst 5 (cosine) ===
2025-12-15 10:44:29,713 - INFO - 1. pcm: cos=0.9985
2025-12-15 10:44:29,713 - INFO - 2. yor: cos=0.9987
2025-12-15 10:44:29,713 - INFO - 3. fon: cos=0.9987
2025-12-15 10:44:29,713 - INFO - 4. bbj: cos=0.9990
2025-12-15 10:44:29,713 - INFO - 5. ewe: cos=0.9992
2025-12-15 10:44:29,832 - INFO - === Layer 2 (mbert) — Top 5 (cosine) ===
2025-12-15 10:44:29,832 - INFO - 1. hau: cos=0.9999
2025-12-15 10:44:29,832 - INFO - 2. lug: cos=0.9999
2025-12-15 10:44:29,832 - INFO - 3. nya: cos=0.9999
2025-12-15 10:44:29,832 - INFO - 4. ibo: cos=0.9999
2025-12-15 10:44:29,832 - INFO - 5. sna: cos=0.9999
2025-12-15 10:44:29,832 - INFO - === Layer 2 (mbert) — Worst 5 (cosine) ===
2025-12-15 10:44:29,832 - INFO - 1. fon: cos=0.9998
2025-12-15 10:44:29,832 - INFO - 2. pcm: cos=0.9998
2025-12-15 10:44:29,832 - INFO - 3. yor: cos=0.9998
2025-12-15 10:44:29,832 - INFO - 4. bbj: cos=0.9998
2025-12-15 10:44:29,832 - INFO - 5. ewe: cos=0.9999
2025-12-15 10:44:29,950 - INFO - === Layer 3 (mbert) — Top 5 (cosine) ===
2025-12-15 10:44:29,950 - INFO - 1. hau: cos=1.0000
2025-12-15 10:44:29,950 - INFO - 2. lug: cos=1.0000
2025-12-15 10:44:29,950 - INFO - 3. nya: cos=1.0000
2025-12-15 10:44:29,950 - INFO - 4. sna: cos=1.0000
2025-12-15 10:44:29,950 - INFO - 5. ibo: cos=1.0000
2025-12-15 10:44:29,950 - INFO - === Layer 3 (mbert) — Worst 5 (cosine) ===
2025-12-15 10:44:29,950 - INFO - 1. pcm: cos=0.9999
2025-12-15 10:44:29,950 - INFO - 2. fon: cos=0.9999
2025-12-15 10:44:29,951 - INFO - 3. yor: cos=0.9999
2025-12-15 10:44:29,951 - INFO - 4. bbj: cos=0.9999
2025-12-15 10:44:29,951 - INFO - 5. swa: cos=0.9999
2025-12-15 10:44:30,073 - INFO - === Layer 4 (mbert) — Top 5 (cosine) ===
2025-12-15 10:44:30,073 - INFO - 1. kin: cos=0.9999
2025-12-15 10:44:30,073 - INFO - 2. sna: cos=0.9999
2025-12-15 10:44:30,074 - INFO - 3. lug: cos=0.9999
2025-12-15 10:44:30,074 - INFO - 4. zul: cos=0.9999
2025-12-15 10:44:30,074 - INFO - 5. xho: cos=0.9999
2025-12-15 10:44:30,074 - INFO - === Layer 4 (mbert) — Worst 5 (cosine) ===
2025-12-15 10:44:30,074 - INFO - 1. pcm: cos=0.9995
2025-12-15 10:44:30,074 - INFO - 2. bbj: cos=0.9997
2025-12-15 10:44:30,074 - INFO - 3. ewe: cos=0.9997
2025-12-15 10:44:30,074 - INFO - 4. yor: cos=0.9997
2025-12-15 10:44:30,074 - INFO - 5. fon: cos=0.9997
2025-12-15 10:44:30,198 - INFO - === Layer 5 (mbert) — Top 5 (cosine) ===
2025-12-15 10:44:30,198 - INFO - 1. lug: cos=0.9899
2025-12-15 10:44:30,198 - INFO - 2. sna: cos=0.9898
2025-12-15 10:44:30,198 - INFO - 3. twi: cos=0.9879
2025-12-15 10:44:30,198 - INFO - 4. kin: cos=0.9876
2025-12-15 10:44:30,198 - INFO - 5. hau: cos=0.9873
2025-12-15 10:44:30,198 - INFO - === Layer 5 (mbert) — Worst 5 (cosine) ===
2025-12-15 10:44:30,198 - INFO - 1. bbj: cos=0.9630
2025-12-15 10:44:30,198 - INFO - 2. yor: cos=0.9704
2025-12-15 10:44:30,198 - INFO - 3. swa: cos=0.9760
2025-12-15 10:44:30,198 - INFO - 4. fon: cos=0.9768
2025-12-15 10:44:30,198 - INFO - 5. pcm: cos=0.9801
2025-12-15 10:44:30,379 - INFO - === Layer 6 (mbert) — Top 5 (cosine) ===
2025-12-15 10:44:30,379 - INFO - 1. sna: cos=0.9856
2025-12-15 10:44:30,379 - INFO - 2. lug: cos=0.9848
2025-12-15 10:44:30,379 - INFO - 3. hau: cos=0.9831
2025-12-15 10:44:30,379 - INFO - 4. zul: cos=0.9826
2025-12-15 10:44:30,379 - INFO - 5. kin: cos=0.9818
2025-12-15 10:44:30,379 - INFO - === Layer 6 (mbert) — Worst 5 (cosine) ===
2025-12-15 10:44:30,379 - INFO - 1. bbj: cos=0.9418
2025-12-15 10:44:30,379 - INFO - 2. yor: cos=0.9483
2025-12-15 10:44:30,379 - INFO - 3. fon: cos=0.9612
2025-12-15 10:44:30,379 - INFO - 4. swa: cos=0.9638
2025-12-15 10:44:30,379 - INFO - 5. pcm: cos=0.9649
2025-12-15 10:44:30,498 - INFO - === Layer 7 (mbert) — Top 5 (cosine) ===
2025-12-15 10:44:30,498 - INFO - 1. lug: cos=0.9865
2025-12-15 10:44:30,498 - INFO - 2. sna: cos=0.9822
2025-12-15 10:44:30,498 - INFO - 3. kin: cos=0.9799
2025-12-15 10:44:30,498 - INFO - 4. hau: cos=0.9792
2025-12-15 10:44:30,498 - INFO - 5. zul: cos=0.9762
2025-12-15 10:44:30,498 - INFO - === Layer 7 (mbert) — Worst 5 (cosine) ===
2025-12-15 10:44:30,498 - INFO - 1. bbj: cos=0.9405
2025-12-15 10:44:30,498 - INFO - 2. bam: cos=0.9438
2025-12-15 10:44:30,498 - INFO - 3. yor: cos=0.9454
2025-12-15 10:44:30,498 - INFO - 4. swa: cos=0.9561
2025-12-15 10:44:30,498 - INFO - 5. fon: cos=0.9567
2025-12-15 10:44:30,617 - INFO - === Layer 8 (mbert) — Top 5 (cosine) ===
2025-12-15 10:44:30,617 - INFO - 1. lug: cos=0.9806
2025-12-15 10:44:30,617 - INFO - 2. sna: cos=0.9764
2025-12-15 10:44:30,617 - INFO - 3. hau: cos=0.9745
2025-12-15 10:44:30,617 - INFO - 4. kin: cos=0.9729
2025-12-15 10:44:30,617 - INFO - 5. zul: cos=0.9723
2025-12-15 10:44:30,617 - INFO - === Layer 8 (mbert) — Worst 5 (cosine) ===
2025-12-15 10:44:30,617 - INFO - 1. bam: cos=0.9085
2025-12-15 10:44:30,617 - INFO - 2. bbj: cos=0.9144
2025-12-15 10:44:30,617 - INFO - 3. yor: cos=0.9352
2025-12-15 10:44:30,617 - INFO - 4. swa: cos=0.9365
2025-12-15 10:44:30,617 - INFO - 5. pcm: cos=0.9452
2025-12-15 10:44:30,737 - INFO - === Layer 9 (mbert) — Top 5 (cosine) ===
2025-12-15 10:44:30,737 - INFO - 1. lug: cos=0.9854
2025-12-15 10:44:30,737 - INFO - 2. hau: cos=0.9805
2025-12-15 10:44:30,737 - INFO - 3. sna: cos=0.9804
2025-12-15 10:44:30,737 - INFO - 4. kin: cos=0.9775
2025-12-15 10:44:30,737 - INFO - 5. twi: cos=0.9768
2025-12-15 10:44:30,737 - INFO - === Layer 9 (mbert) — Worst 5 (cosine) ===
2025-12-15 10:44:30,737 - INFO - 1. bam: cos=0.9233
2025-12-15 10:44:30,737 - INFO - 2. bbj: cos=0.9343
2025-12-15 10:44:30,737 - INFO - 3. swa: cos=0.9471
2025-12-15 10:44:30,737 - INFO - 4. yor: cos=0.9487
2025-12-15 10:44:30,737 - INFO - 5. pcm: cos=0.9523
2025-12-15 10:44:30,856 - INFO - === Layer 10 (mbert) — Top 5 (cosine) ===
2025-12-15 10:44:30,856 - INFO - 1. lug: cos=0.9881
2025-12-15 10:44:30,856 - INFO - 2. hau: cos=0.9863
2025-12-15 10:44:30,856 - INFO - 3. sna: cos=0.9823
2025-12-15 10:44:30,856 - INFO - 4. mos: cos=0.9790
2025-12-15 10:44:30,856 - INFO - 5. twi: cos=0.9787
2025-12-15 10:44:30,856 - INFO - === Layer 10 (mbert) — Worst 5 (cosine) ===
2025-12-15 10:44:30,857 - INFO - 1. bam: cos=0.9344
2025-12-15 10:44:30,857 - INFO - 2. bbj: cos=0.9449
2025-12-15 10:44:30,857 - INFO - 3. kin: cos=0.9472
2025-12-15 10:44:30,857 - INFO - 4. yor: cos=0.9500
2025-12-15 10:44:30,857 - INFO - 5. pcm: cos=0.9561
2025-12-15 10:44:30,975 - INFO - === Layer 11 (mbert) — Top 5 (cosine) ===
2025-12-15 10:44:30,975 - INFO - 1. lug: cos=0.9891
2025-12-15 10:44:30,975 - INFO - 2. hau: cos=0.9866
2025-12-15 10:44:30,975 - INFO - 3. kin: cos=0.9834
2025-12-15 10:44:30,975 - INFO - 4. twi: cos=0.9828
2025-12-15 10:44:30,975 - INFO - 5. sna: cos=0.9815
2025-12-15 10:44:30,975 - INFO - === Layer 11 (mbert) — Worst 5 (cosine) ===
2025-12-15 10:44:30,976 - INFO - 1. bam: cos=0.9354
2025-12-15 10:44:30,976 - INFO - 2. bbj: cos=0.9447
2025-12-15 10:44:30,976 - INFO - 3. yor: cos=0.9521
2025-12-15 10:44:30,976 - INFO - 4. pcm: cos=0.9549
2025-12-15 10:44:30,976 - INFO - 5. fon: cos=0.9627
2025-12-15 10:44:31,095 - INFO - === Layer 12 (mbert) — Top 5 (cosine) ===
2025-12-15 10:44:31,095 - INFO - 1. kin: cos=0.9801
2025-12-15 10:44:31,095 - INFO - 2. wol: cos=0.9676
2025-12-15 10:44:31,095 - INFO - 3. nya: cos=0.9664
2025-12-15 10:44:31,095 - INFO - 4. ibo: cos=0.9581
2025-12-15 10:44:31,095 - INFO - 5. tsn: cos=0.9558
2025-12-15 10:44:31,095 - INFO - === Layer 12 (mbert) — Worst 5 (cosine) ===
2025-12-15 10:44:31,095 - INFO - 1. swa: cos=0.8197
2025-12-15 10:44:31,095 - INFO - 2. fon: cos=0.8316
2025-12-15 10:44:31,095 - INFO - 3. pcm: cos=0.8670
2025-12-15 10:44:31,095 - INFO - 4. twi: cos=0.8831
2025-12-15 10:44:31,095 - INFO - 5. sna: cos=0.8903
2025-12-15 10:44:31,096 - INFO - Experiment finished successfully.
