2025-08-27 17:42:19,976 - INFO - Start: model_type=xlmr, use_cls=True, use_context=False, context_window=2, max_tokens_per_type=500, batch_size=64, output_dir=rq2_train_scripts/Embeddings/CLEAN/outputs/salt/xlmr/config_1_clstrue_ctxfalse/tokens_500_ctx2/core, save_prototypes=False, seed=42, fp16=True, max_length=96, langs=all, layers=all, span_mode=bio, pool=mean, entity_tags={'PER', 'DATE', 'ORG', 'LOC'}, title_suffix='L=all, tokens=500, ctx=2, cls=true, fp16=true'
2025-08-27 17:42:21,936 - INFO - Processing run
2025-08-27 17:42:22,380 - INFO - Processing bam
2025-08-27 17:42:22,440 - INFO - Processing bbj
2025-08-27 17:42:22,499 - INFO - Processing ewe
2025-08-27 17:42:22,601 - INFO - Processing fon
2025-08-27 17:42:22,668 - INFO - Processing hau
2025-08-27 17:42:22,741 - INFO - Processing ibo
2025-08-27 17:42:22,841 - INFO - Processing kin
2025-08-27 17:42:22,914 - INFO - Processing lug
2025-08-27 17:42:22,973 - INFO - Processing luo
2025-08-27 17:42:23,043 - INFO - Processing mos
2025-08-27 17:42:23,113 - INFO - Processing nya
2025-08-27 17:42:23,188 - INFO - Processing pcm
2025-08-27 17:42:23,245 - INFO - Processing sna
2025-08-27 17:42:23,303 - INFO - Processing swa
2025-08-27 17:42:23,381 - INFO - Processing tsn
2025-08-27 17:42:23,438 - INFO - Processing twi
2025-08-27 17:42:23,504 - INFO - Processing wol
2025-08-27 17:42:23,570 - INFO - Processing xho
2025-08-27 17:42:23,621 - INFO - Processing yor
2025-08-27 17:42:23,712 - INFO - Processing zul
2025-08-27 17:42:24,255 - INFO - === Layer 1 (xlmr) — Top 5 (cosine) ===
2025-08-27 17:42:24,255 - INFO - 1. kin: cos=0.9999
2025-08-27 17:42:24,255 - INFO - 2. twi: cos=0.9999
2025-08-27 17:42:24,255 - INFO - 3. luo: cos=0.9999
2025-08-27 17:42:24,255 - INFO - 4. ibo: cos=0.9999
2025-08-27 17:42:24,255 - INFO - 5. nya: cos=0.9998
2025-08-27 17:42:24,255 - INFO - === Layer 1 (xlmr) — Worst 5 (cosine) ===
2025-08-27 17:42:24,255 - INFO - 1. hau: cos=0.9995
2025-08-27 17:42:24,255 - INFO - 2. bam: cos=0.9995
2025-08-27 17:42:24,255 - INFO - 3. xho: cos=0.9995
2025-08-27 17:42:24,255 - INFO - 4. fon: cos=0.9995
2025-08-27 17:42:24,255 - INFO - 5. pcm: cos=0.9995
2025-08-27 17:42:24,384 - INFO - === Layer 2 (xlmr) — Top 5 (cosine) ===
2025-08-27 17:42:24,384 - INFO - 1. kin: cos=1.0000
2025-08-27 17:42:24,384 - INFO - 2. luo: cos=1.0000
2025-08-27 17:42:24,384 - INFO - 3. twi: cos=1.0000
2025-08-27 17:42:24,384 - INFO - 4. ibo: cos=1.0000
2025-08-27 17:42:24,384 - INFO - 5. nya: cos=1.0000
2025-08-27 17:42:24,384 - INFO - === Layer 2 (xlmr) — Worst 5 (cosine) ===
2025-08-27 17:42:24,384 - INFO - 1. pcm: cos=0.9999
2025-08-27 17:42:24,384 - INFO - 2. bam: cos=0.9999
2025-08-27 17:42:24,384 - INFO - 3. bbj: cos=0.9999
2025-08-27 17:42:24,384 - INFO - 4. hau: cos=0.9999
2025-08-27 17:42:24,384 - INFO - 5. xho: cos=0.9999
2025-08-27 17:42:24,515 - INFO - === Layer 3 (xlmr) — Top 5 (cosine) ===
2025-08-27 17:42:24,515 - INFO - 1. luo: cos=1.0000
2025-08-27 17:42:24,515 - INFO - 2. kin: cos=1.0000
2025-08-27 17:42:24,515 - INFO - 3. twi: cos=1.0000
2025-08-27 17:42:24,515 - INFO - 4. hau: cos=1.0000
2025-08-27 17:42:24,515 - INFO - 5. zul: cos=1.0000
2025-08-27 17:42:24,515 - INFO - === Layer 3 (xlmr) — Worst 5 (cosine) ===
2025-08-27 17:42:24,515 - INFO - 1. pcm: cos=1.0000
2025-08-27 17:42:24,515 - INFO - 2. swa: cos=1.0000
2025-08-27 17:42:24,515 - INFO - 3. bbj: cos=1.0000
2025-08-27 17:42:24,515 - INFO - 4. nya: cos=1.0000
2025-08-27 17:42:24,515 - INFO - 5. fon: cos=1.0000
2025-08-27 17:42:24,644 - INFO - === Layer 4 (xlmr) — Top 5 (cosine) ===
2025-08-27 17:42:24,644 - INFO - 1. kin: cos=1.0000
2025-08-27 17:42:24,644 - INFO - 2. twi: cos=1.0000
2025-08-27 17:42:24,644 - INFO - 3. luo: cos=1.0000
2025-08-27 17:42:24,644 - INFO - 4. sna: cos=1.0000
2025-08-27 17:42:24,644 - INFO - 5. zul: cos=1.0000
2025-08-27 17:42:24,644 - INFO - === Layer 4 (xlmr) — Worst 5 (cosine) ===
2025-08-27 17:42:24,644 - INFO - 1. yor: cos=1.0000
2025-08-27 17:42:24,644 - INFO - 2. hau: cos=1.0000
2025-08-27 17:42:24,644 - INFO - 3. bam: cos=1.0000
2025-08-27 17:42:24,644 - INFO - 4. pcm: cos=1.0000
2025-08-27 17:42:24,644 - INFO - 5. wol: cos=1.0000
2025-08-27 17:42:24,769 - INFO - === Layer 5 (xlmr) — Top 5 (cosine) ===
2025-08-27 17:42:24,769 - INFO - 1. twi: cos=1.0000
2025-08-27 17:42:24,769 - INFO - 2. kin: cos=1.0000
2025-08-27 17:42:24,769 - INFO - 3. luo: cos=1.0000
2025-08-27 17:42:24,769 - INFO - 4. zul: cos=1.0000
2025-08-27 17:42:24,769 - INFO - 5. ibo: cos=1.0000
2025-08-27 17:42:24,769 - INFO - === Layer 5 (xlmr) — Worst 5 (cosine) ===
2025-08-27 17:42:24,769 - INFO - 1. hau: cos=1.0000
2025-08-27 17:42:24,769 - INFO - 2. pcm: cos=1.0000
2025-08-27 17:42:24,769 - INFO - 3. fon: cos=1.0000
2025-08-27 17:42:24,769 - INFO - 4. nya: cos=1.0000
2025-08-27 17:42:24,769 - INFO - 5. lug: cos=1.0000
2025-08-27 17:42:24,889 - INFO - === Layer 6 (xlmr) — Top 5 (cosine) ===
2025-08-27 17:42:24,889 - INFO - 1. twi: cos=1.0000
2025-08-27 17:42:24,889 - INFO - 2. kin: cos=1.0000
2025-08-27 17:42:24,889 - INFO - 3. luo: cos=1.0000
2025-08-27 17:42:24,889 - INFO - 4. ibo: cos=1.0000
2025-08-27 17:42:24,889 - INFO - 5. ewe: cos=1.0000
2025-08-27 17:42:24,889 - INFO - === Layer 6 (xlmr) — Worst 5 (cosine) ===
2025-08-27 17:42:24,889 - INFO - 1. pcm: cos=1.0000
2025-08-27 17:42:24,889 - INFO - 2. hau: cos=1.0000
2025-08-27 17:42:24,889 - INFO - 3. fon: cos=1.0000
2025-08-27 17:42:24,889 - INFO - 4. nya: cos=1.0000
2025-08-27 17:42:24,889 - INFO - 5. mos: cos=1.0000
2025-08-27 17:42:25,039 - INFO - === Layer 7 (xlmr) — Top 5 (cosine) ===
2025-08-27 17:42:25,039 - INFO - 1. kin: cos=1.0000
2025-08-27 17:42:25,039 - INFO - 2. fon: cos=1.0000
2025-08-27 17:42:25,039 - INFO - 3. sna: cos=1.0000
2025-08-27 17:42:25,039 - INFO - 4. ewe: cos=1.0000
2025-08-27 17:42:25,039 - INFO - 5. bbj: cos=1.0000
2025-08-27 17:42:25,039 - INFO - === Layer 7 (xlmr) — Worst 5 (cosine) ===
2025-08-27 17:42:25,039 - INFO - 1. hau: cos=1.0000
2025-08-27 17:42:25,039 - INFO - 2. tsn: cos=1.0000
2025-08-27 17:42:25,039 - INFO - 3. nya: cos=1.0000
2025-08-27 17:42:25,039 - INFO - 4. zul: cos=1.0000
2025-08-27 17:42:25,039 - INFO - 5. mos: cos=1.0000
2025-08-27 17:42:25,165 - INFO - === Layer 8 (xlmr) — Top 5 (cosine) ===
2025-08-27 17:42:25,166 - INFO - 1. kin: cos=1.0000
2025-08-27 17:42:25,166 - INFO - 2. lug: cos=1.0000
2025-08-27 17:42:25,166 - INFO - 3. xho: cos=1.0000
2025-08-27 17:42:25,166 - INFO - 4. tsn: cos=1.0000
2025-08-27 17:42:25,166 - INFO - 5. nya: cos=1.0000
2025-08-27 17:42:25,166 - INFO - === Layer 8 (xlmr) — Worst 5 (cosine) ===
2025-08-27 17:42:25,166 - INFO - 1. ewe: cos=0.9999
2025-08-27 17:42:25,166 - INFO - 2. bbj: cos=1.0000
2025-08-27 17:42:25,166 - INFO - 3. swa: cos=1.0000
2025-08-27 17:42:25,166 - INFO - 4. pcm: cos=1.0000
2025-08-27 17:42:25,166 - INFO - 5. fon: cos=1.0000
2025-08-27 17:42:25,382 - INFO - === Layer 9 (xlmr) — Top 5 (cosine) ===
2025-08-27 17:42:25,382 - INFO - 1. kin: cos=1.0000
2025-08-27 17:42:25,382 - INFO - 2. sna: cos=1.0000
2025-08-27 17:42:25,382 - INFO - 3. bam: cos=1.0000
2025-08-27 17:42:25,382 - INFO - 4. twi: cos=1.0000
2025-08-27 17:42:25,382 - INFO - 5. lug: cos=1.0000
2025-08-27 17:42:25,382 - INFO - === Layer 9 (xlmr) — Worst 5 (cosine) ===
2025-08-27 17:42:25,382 - INFO - 1. pcm: cos=1.0000
2025-08-27 17:42:25,382 - INFO - 2. hau: cos=1.0000
2025-08-27 17:42:25,382 - INFO - 3. ewe: cos=1.0000
2025-08-27 17:42:25,382 - INFO - 4. swa: cos=1.0000
2025-08-27 17:42:25,382 - INFO - 5. nya: cos=1.0000
2025-08-27 17:42:25,509 - INFO - === Layer 10 (xlmr) — Top 5 (cosine) ===
2025-08-27 17:42:25,509 - INFO - 1. kin: cos=1.0000
2025-08-27 17:42:25,509 - INFO - 2. luo: cos=1.0000
2025-08-27 17:42:25,509 - INFO - 3. zul: cos=1.0000
2025-08-27 17:42:25,509 - INFO - 4. twi: cos=1.0000
2025-08-27 17:42:25,509 - INFO - 5. bam: cos=1.0000
2025-08-27 17:42:25,509 - INFO - === Layer 10 (xlmr) — Worst 5 (cosine) ===
2025-08-27 17:42:25,509 - INFO - 1. pcm: cos=1.0000
2025-08-27 17:42:25,509 - INFO - 2. fon: cos=1.0000
2025-08-27 17:42:25,509 - INFO - 3. xho: cos=1.0000
2025-08-27 17:42:25,509 - INFO - 4. mos: cos=1.0000
2025-08-27 17:42:25,509 - INFO - 5. hau: cos=1.0000
2025-08-27 17:42:25,638 - INFO - === Layer 11 (xlmr) — Top 5 (cosine) ===
2025-08-27 17:42:25,638 - INFO - 1. ibo: cos=1.0000
2025-08-27 17:42:25,638 - INFO - 2. kin: cos=1.0000
2025-08-27 17:42:25,638 - INFO - 3. ewe: cos=1.0000
2025-08-27 17:42:25,638 - INFO - 4. hau: cos=1.0000
2025-08-27 17:42:25,638 - INFO - 5. twi: cos=1.0000
2025-08-27 17:42:25,638 - INFO - === Layer 11 (xlmr) — Worst 5 (cosine) ===
2025-08-27 17:42:25,638 - INFO - 1. bam: cos=0.9999
2025-08-27 17:42:25,638 - INFO - 2. bbj: cos=0.9999
2025-08-27 17:42:25,638 - INFO - 3. sna: cos=1.0000
2025-08-27 17:42:25,638 - INFO - 4. yor: cos=1.0000
2025-08-27 17:42:25,638 - INFO - 5. zul: cos=1.0000
2025-08-27 17:42:25,767 - INFO - === Layer 12 (xlmr) — Top 5 (cosine) ===
2025-08-27 17:42:25,767 - INFO - 1. kin: cos=0.9999
2025-08-27 17:42:25,767 - INFO - 2. luo: cos=0.9999
2025-08-27 17:42:25,767 - INFO - 3. nya: cos=0.9999
2025-08-27 17:42:25,767 - INFO - 4. lug: cos=0.9999
2025-08-27 17:42:25,767 - INFO - 5. wol: cos=0.9999
2025-08-27 17:42:25,767 - INFO - === Layer 12 (xlmr) — Worst 5 (cosine) ===
2025-08-27 17:42:25,767 - INFO - 1. pcm: cos=0.9981
2025-08-27 17:42:25,767 - INFO - 2. fon: cos=0.9990
2025-08-27 17:42:25,767 - INFO - 3. hau: cos=0.9991
2025-08-27 17:42:25,767 - INFO - 4. tsn: cos=0.9997
2025-08-27 17:42:25,767 - INFO - 5. xho: cos=0.9997
2025-08-27 17:42:25,768 - INFO - Experiment finished successfully.
