2025-08-27 09:47:59,222 - INFO - Start: model_type=xlmr, use_cls=True, use_context=False, context_window=0, max_tokens_per_type=400, batch_size=64, output_dir=rq2_train_scripts/Embeddings/CLEAN/outputs/combined/xlmr/config_1_clstrue_ctxfalse/tokens_400_ctx0/core, save_prototypes=False, seed=42, fp16=True, max_length=96, langs=all, layers=all, span_mode=bio, pool=mean, entity_tags={'PER', 'DATE', 'ORG', 'LOC'}, title_suffix='L=all, tokens=400, ctx=0, cls=true, fp16=true'
2025-08-27 09:48:01,181 - INFO - Processing run
2025-08-27 09:48:01,604 - INFO - Processing bam
2025-08-27 09:48:01,688 - INFO - Processing bbj
2025-08-27 09:48:01,733 - INFO - Processing ewe
2025-08-27 09:48:01,796 - INFO - Processing fon
2025-08-27 09:48:01,853 - INFO - Processing hau
2025-08-27 09:48:01,918 - INFO - Processing ibo
2025-08-27 09:48:02,002 - INFO - Processing kin
2025-08-27 09:48:02,068 - INFO - Processing lug
2025-08-27 09:48:02,164 - INFO - Processing luo
2025-08-27 09:48:02,227 - INFO - Processing mos
2025-08-27 09:48:02,288 - INFO - Processing nya
2025-08-27 09:48:02,349 - INFO - Processing pcm
2025-08-27 09:48:02,399 - INFO - Processing sna
2025-08-27 09:48:02,455 - INFO - Processing swa
2025-08-27 09:48:02,528 - INFO - Processing tsn
2025-08-27 09:48:02,574 - INFO - Processing twi
2025-08-27 09:48:02,630 - INFO - Processing wol
2025-08-27 09:48:02,693 - INFO - Processing xho
2025-08-27 09:48:02,737 - INFO - Processing yor
2025-08-27 09:48:02,815 - INFO - Processing zul
2025-08-27 09:48:03,352 - INFO - === Layer 1 (xlmr) — Top 5 (cosine) ===
2025-08-27 09:48:03,352 - INFO - 1. kin: cos=0.9999
2025-08-27 09:48:03,352 - INFO - 2. luo: cos=0.9999
2025-08-27 09:48:03,352 - INFO - 3. twi: cos=0.9999
2025-08-27 09:48:03,352 - INFO - 4. nya: cos=0.9998
2025-08-27 09:48:03,352 - INFO - 5. ewe: cos=0.9998
2025-08-27 09:48:03,352 - INFO - === Layer 1 (xlmr) — Worst 5 (cosine) ===
2025-08-27 09:48:03,352 - INFO - 1. hau: cos=0.9994
2025-08-27 09:48:03,352 - INFO - 2. pcm: cos=0.9995
2025-08-27 09:48:03,352 - INFO - 3. fon: cos=0.9995
2025-08-27 09:48:03,352 - INFO - 4. bam: cos=0.9995
2025-08-27 09:48:03,353 - INFO - 5. bbj: cos=0.9996
2025-08-27 09:48:03,481 - INFO - === Layer 2 (xlmr) — Top 5 (cosine) ===
2025-08-27 09:48:03,481 - INFO - 1. kin: cos=1.0000
2025-08-27 09:48:03,481 - INFO - 2. luo: cos=1.0000
2025-08-27 09:48:03,481 - INFO - 3. twi: cos=1.0000
2025-08-27 09:48:03,482 - INFO - 4. ewe: cos=1.0000
2025-08-27 09:48:03,482 - INFO - 5. nya: cos=1.0000
2025-08-27 09:48:03,482 - INFO - === Layer 2 (xlmr) — Worst 5 (cosine) ===
2025-08-27 09:48:03,482 - INFO - 1. pcm: cos=0.9999
2025-08-27 09:48:03,482 - INFO - 2. hau: cos=0.9999
2025-08-27 09:48:03,482 - INFO - 3. bam: cos=0.9999
2025-08-27 09:48:03,482 - INFO - 4. bbj: cos=0.9999
2025-08-27 09:48:03,482 - INFO - 5. swa: cos=0.9999
2025-08-27 09:48:03,610 - INFO - === Layer 3 (xlmr) — Top 5 (cosine) ===
2025-08-27 09:48:03,610 - INFO - 1. kin: cos=1.0000
2025-08-27 09:48:03,610 - INFO - 2. luo: cos=1.0000
2025-08-27 09:48:03,611 - INFO - 3. twi: cos=1.0000
2025-08-27 09:48:03,611 - INFO - 4. hau: cos=1.0000
2025-08-27 09:48:03,611 - INFO - 5. ibo: cos=1.0000
2025-08-27 09:48:03,611 - INFO - === Layer 3 (xlmr) — Worst 5 (cosine) ===
2025-08-27 09:48:03,611 - INFO - 1. swa: cos=1.0000
2025-08-27 09:48:03,611 - INFO - 2. pcm: cos=1.0000
2025-08-27 09:48:03,611 - INFO - 3. sna: cos=1.0000
2025-08-27 09:48:03,611 - INFO - 4. bbj: cos=1.0000
2025-08-27 09:48:03,611 - INFO - 5. fon: cos=1.0000
2025-08-27 09:48:03,738 - INFO - === Layer 4 (xlmr) — Top 5 (cosine) ===
2025-08-27 09:48:03,738 - INFO - 1. kin: cos=1.0000
2025-08-27 09:48:03,738 - INFO - 2. twi: cos=1.0000
2025-08-27 09:48:03,738 - INFO - 3. luo: cos=1.0000
2025-08-27 09:48:03,738 - INFO - 4. lug: cos=1.0000
2025-08-27 09:48:03,738 - INFO - 5. zul: cos=1.0000
2025-08-27 09:48:03,738 - INFO - === Layer 4 (xlmr) — Worst 5 (cosine) ===
2025-08-27 09:48:03,738 - INFO - 1. bam: cos=1.0000
2025-08-27 09:48:03,738 - INFO - 2. yor: cos=1.0000
2025-08-27 09:48:03,738 - INFO - 3. hau: cos=1.0000
2025-08-27 09:48:03,738 - INFO - 4. pcm: cos=1.0000
2025-08-27 09:48:03,738 - INFO - 5. wol: cos=1.0000
2025-08-27 09:48:03,867 - INFO - === Layer 5 (xlmr) — Top 5 (cosine) ===
2025-08-27 09:48:03,867 - INFO - 1. twi: cos=1.0000
2025-08-27 09:48:03,867 - INFO - 2. luo: cos=1.0000
2025-08-27 09:48:03,867 - INFO - 3. kin: cos=1.0000
2025-08-27 09:48:03,867 - INFO - 4. zul: cos=1.0000
2025-08-27 09:48:03,867 - INFO - 5. ewe: cos=1.0000
2025-08-27 09:48:03,867 - INFO - === Layer 5 (xlmr) — Worst 5 (cosine) ===
2025-08-27 09:48:03,867 - INFO - 1. hau: cos=1.0000
2025-08-27 09:48:03,867 - INFO - 2. pcm: cos=1.0000
2025-08-27 09:48:03,867 - INFO - 3. fon: cos=1.0000
2025-08-27 09:48:03,867 - INFO - 4. mos: cos=1.0000
2025-08-27 09:48:03,867 - INFO - 5. wol: cos=1.0000
2025-08-27 09:48:03,998 - INFO - === Layer 6 (xlmr) — Top 5 (cosine) ===
2025-08-27 09:48:03,998 - INFO - 1. twi: cos=1.0000
2025-08-27 09:48:03,998 - INFO - 2. ewe: cos=1.0000
2025-08-27 09:48:03,998 - INFO - 3. luo: cos=1.0000
2025-08-27 09:48:03,998 - INFO - 4. kin: cos=1.0000
2025-08-27 09:48:03,998 - INFO - 5. ibo: cos=1.0000
2025-08-27 09:48:03,998 - INFO - === Layer 6 (xlmr) — Worst 5 (cosine) ===
2025-08-27 09:48:03,998 - INFO - 1. pcm: cos=1.0000
2025-08-27 09:48:03,998 - INFO - 2. hau: cos=1.0000
2025-08-27 09:48:03,998 - INFO - 3. nya: cos=1.0000
2025-08-27 09:48:03,998 - INFO - 4. swa: cos=1.0000
2025-08-27 09:48:03,998 - INFO - 5. wol: cos=1.0000
2025-08-27 09:48:04,127 - INFO - === Layer 7 (xlmr) — Top 5 (cosine) ===
2025-08-27 09:48:04,127 - INFO - 1. twi: cos=1.0000
2025-08-27 09:48:04,127 - INFO - 2. kin: cos=1.0000
2025-08-27 09:48:04,127 - INFO - 3. bbj: cos=1.0000
2025-08-27 09:48:04,127 - INFO - 4. fon: cos=1.0000
2025-08-27 09:48:04,127 - INFO - 5. sna: cos=1.0000
2025-08-27 09:48:04,127 - INFO - === Layer 7 (xlmr) — Worst 5 (cosine) ===
2025-08-27 09:48:04,127 - INFO - 1. hau: cos=1.0000
2025-08-27 09:48:04,127 - INFO - 2. pcm: cos=1.0000
2025-08-27 09:48:04,127 - INFO - 3. zul: cos=1.0000
2025-08-27 09:48:04,127 - INFO - 4. nya: cos=1.0000
2025-08-27 09:48:04,127 - INFO - 5. tsn: cos=1.0000
2025-08-27 09:48:04,336 - INFO - === Layer 8 (xlmr) — Top 5 (cosine) ===
2025-08-27 09:48:04,336 - INFO - 1. kin: cos=1.0000
2025-08-27 09:48:04,336 - INFO - 2. ewe: cos=1.0000
2025-08-27 09:48:04,336 - INFO - 3. lug: cos=1.0000
2025-08-27 09:48:04,336 - INFO - 4. luo: cos=1.0000
2025-08-27 09:48:04,336 - INFO - 5. twi: cos=1.0000
2025-08-27 09:48:04,336 - INFO - === Layer 8 (xlmr) — Worst 5 (cosine) ===
2025-08-27 09:48:04,336 - INFO - 1. pcm: cos=0.9999
2025-08-27 09:48:04,336 - INFO - 2. fon: cos=1.0000
2025-08-27 09:48:04,336 - INFO - 3. hau: cos=1.0000
2025-08-27 09:48:04,336 - INFO - 4. sna: cos=1.0000
2025-08-27 09:48:04,336 - INFO - 5. bbj: cos=1.0000
2025-08-27 09:48:04,466 - INFO - === Layer 9 (xlmr) — Top 5 (cosine) ===
2025-08-27 09:48:04,467 - INFO - 1. kin: cos=1.0000
2025-08-27 09:48:04,467 - INFO - 2. ewe: cos=1.0000
2025-08-27 09:48:04,467 - INFO - 3. twi: cos=1.0000
2025-08-27 09:48:04,467 - INFO - 4. luo: cos=1.0000
2025-08-27 09:48:04,467 - INFO - 5. bam: cos=1.0000
2025-08-27 09:48:04,467 - INFO - === Layer 9 (xlmr) — Worst 5 (cosine) ===
2025-08-27 09:48:04,467 - INFO - 1. pcm: cos=1.0000
2025-08-27 09:48:04,467 - INFO - 2. hau: cos=1.0000
2025-08-27 09:48:04,467 - INFO - 3. sna: cos=1.0000
2025-08-27 09:48:04,467 - INFO - 4. nya: cos=1.0000
2025-08-27 09:48:04,467 - INFO - 5. wol: cos=1.0000
2025-08-27 09:48:04,595 - INFO - === Layer 10 (xlmr) — Top 5 (cosine) ===
2025-08-27 09:48:04,595 - INFO - 1. bam: cos=1.0000
2025-08-27 09:48:04,595 - INFO - 2. luo: cos=1.0000
2025-08-27 09:48:04,595 - INFO - 3. twi: cos=1.0000
2025-08-27 09:48:04,595 - INFO - 4. zul: cos=1.0000
2025-08-27 09:48:04,595 - INFO - 5. ewe: cos=1.0000
2025-08-27 09:48:04,595 - INFO - === Layer 10 (xlmr) — Worst 5 (cosine) ===
2025-08-27 09:48:04,595 - INFO - 1. pcm: cos=1.0000
2025-08-27 09:48:04,595 - INFO - 2. yor: cos=1.0000
2025-08-27 09:48:04,595 - INFO - 3. ibo: cos=1.0000
2025-08-27 09:48:04,595 - INFO - 4. fon: cos=1.0000
2025-08-27 09:48:04,595 - INFO - 5. xho: cos=1.0000
2025-08-27 09:48:04,724 - INFO - === Layer 11 (xlmr) — Top 5 (cosine) ===
2025-08-27 09:48:04,724 - INFO - 1. hau: cos=1.0000
2025-08-27 09:48:04,724 - INFO - 2. pcm: cos=1.0000
2025-08-27 09:48:04,724 - INFO - 3. ibo: cos=1.0000
2025-08-27 09:48:04,724 - INFO - 4. twi: cos=1.0000
2025-08-27 09:48:04,724 - INFO - 5. lug: cos=1.0000
2025-08-27 09:48:04,724 - INFO - === Layer 11 (xlmr) — Worst 5 (cosine) ===
2025-08-27 09:48:04,724 - INFO - 1. luo: cos=0.9999
2025-08-27 09:48:04,724 - INFO - 2. bam: cos=0.9999
2025-08-27 09:48:04,724 - INFO - 3. bbj: cos=0.9999
2025-08-27 09:48:04,724 - INFO - 4. sna: cos=1.0000
2025-08-27 09:48:04,724 - INFO - 5. zul: cos=1.0000
2025-08-27 09:48:04,852 - INFO - === Layer 12 (xlmr) — Top 5 (cosine) ===
2025-08-27 09:48:04,852 - INFO - 1. kin: cos=0.9999
2025-08-27 09:48:04,852 - INFO - 2. nya: cos=0.9999
2025-08-27 09:48:04,852 - INFO - 3. ewe: cos=0.9999
2025-08-27 09:48:04,852 - INFO - 4. wol: cos=0.9999
2025-08-27 09:48:04,852 - INFO - 5. luo: cos=0.9999
2025-08-27 09:48:04,852 - INFO - === Layer 12 (xlmr) — Worst 5 (cosine) ===
2025-08-27 09:48:04,852 - INFO - 1. fon: cos=0.9982
2025-08-27 09:48:04,852 - INFO - 2. hau: cos=0.9987
2025-08-27 09:48:04,852 - INFO - 3. pcm: cos=0.9990
2025-08-27 09:48:04,852 - INFO - 4. twi: cos=0.9995
2025-08-27 09:48:04,852 - INFO - 5. tsn: cos=0.9996
2025-08-27 09:48:04,853 - INFO - Experiment finished successfully.
