2025-08-24 11:44:36,738 - INFO - Start: model_type=mbert, run_both=False, use_cls=False, use_context=True, context_window=2, max_tokens_per_type=300, batch_size=32, seed=1, num_middle_layers=3, output_dir=rq2_train_scripts/Embeddings/EXTENDED/outputs/mptc_extended/mbert/config_2_clsfalse_ctxtrue_hybfalse/tokens_300_ctx2
2025-08-24 11:44:37,257 - INFO - mbert: selected layer indices (hidden_states) = [2, 3, 10, 12]
2025-08-24 11:44:38,160 - INFO - Processing run
2025-08-24 11:44:38,840 - INFO - Processing bam
2025-08-24 11:44:39,461 - INFO - Processing bbj
2025-08-24 11:44:39,960 - INFO - Processing ewe
2025-08-24 11:44:40,540 - INFO - Processing fon
2025-08-24 11:44:40,935 - INFO - Processing hau
2025-08-24 11:44:41,216 - INFO - Processing ibo
2025-08-24 11:44:41,623 - INFO - Processing kin
2025-08-24 11:44:41,938 - INFO - Processing lug
2025-08-24 11:44:42,209 - INFO - Processing luo
2025-08-24 11:44:42,623 - INFO - Processing mos
2025-08-24 11:44:43,006 - INFO - Processing nya
2025-08-24 11:44:43,310 - INFO - Processing pcm
2025-08-24 11:44:43,616 - INFO - Processing sna
2025-08-24 11:44:44,048 - INFO - Processing swa
2025-08-24 11:44:44,337 - INFO - Processing tsn
2025-08-24 11:44:44,662 - INFO - Processing twi
2025-08-24 11:44:45,052 - INFO - Processing wol
2025-08-24 11:44:45,667 - INFO - Processing xho
2025-08-24 11:44:46,207 - INFO - Processing yor
2025-08-24 11:44:46,925 - INFO - Processing zul
2025-08-24 11:44:47,688 - INFO - Layer 2 (mbert) — Top 5
2025-08-24 11:44:47,688 - INFO - 1. sna: r=0.8128
2025-08-24 11:44:47,688 - INFO - 2. lug: r=0.8061
2025-08-24 11:44:47,688 - INFO - 3. kin: r=0.8051
2025-08-24 11:44:47,688 - INFO - 4. ibo: r=0.8038
2025-08-24 11:44:47,688 - INFO - 5. twi: r=0.8015
2025-08-24 11:44:47,688 - INFO - Layer 2 (mbert) — Worst 5
2025-08-24 11:44:47,688 - INFO - 1. bbj: r=0.6121
2025-08-24 11:44:47,688 - INFO - 2. yor: r=0.6642
2025-08-24 11:44:47,688 - INFO - 3. fon: r=0.6878
2025-08-24 11:44:47,688 - INFO - 4. pcm: r=0.6892
2025-08-24 11:44:47,688 - INFO - 5. ewe: r=0.7203
2025-08-24 11:44:47,807 - INFO - Layer 3 (mbert) — Top 5
2025-08-24 11:44:47,807 - INFO - 1. kin: r=0.8831
2025-08-24 11:44:47,807 - INFO - 2. sna: r=0.8809
2025-08-24 11:44:47,807 - INFO - 3. lug: r=0.8792
2025-08-24 11:44:47,807 - INFO - 4. nya: r=0.8764
2025-08-24 11:44:47,807 - INFO - 5. luo: r=0.8750
2025-08-24 11:44:47,807 - INFO - Layer 3 (mbert) — Worst 5
2025-08-24 11:44:47,807 - INFO - 1. bbj: r=0.7555
2025-08-24 11:44:47,807 - INFO - 2. yor: r=0.7917
2025-08-24 11:44:47,807 - INFO - 3. fon: r=0.8007
2025-08-24 11:44:47,807 - INFO - 4. pcm: r=0.8023
2025-08-24 11:44:47,807 - INFO - 5. ewe: r=0.8244
2025-08-24 11:44:47,925 - INFO - Layer 10 (mbert) — Top 5
2025-08-24 11:44:47,925 - INFO - 1. kin: r=0.9515
2025-08-24 11:44:47,925 - INFO - 2. lug: r=0.9491
2025-08-24 11:44:47,925 - INFO - 3. nya: r=0.9483
2025-08-24 11:44:47,925 - INFO - 4. sna: r=0.9463
2025-08-24 11:44:47,925 - INFO - 5. luo: r=0.9456
2025-08-24 11:44:47,925 - INFO - Layer 10 (mbert) — Worst 5
2025-08-24 11:44:47,925 - INFO - 1. bbj: r=0.9001
2025-08-24 11:44:47,925 - INFO - 2. fon: r=0.9071
2025-08-24 11:44:47,925 - INFO - 3. yor: r=0.9142
2025-08-24 11:44:47,925 - INFO - 4. ewe: r=0.9208
2025-08-24 11:44:47,925 - INFO - 5. pcm: r=0.9234
2025-08-24 11:44:48,055 - INFO - Layer 12 (mbert) — Top 5
2025-08-24 11:44:48,055 - INFO - 1. lug: r=0.8479
2025-08-24 11:44:48,055 - INFO - 2. kin: r=0.8394
2025-08-24 11:44:48,055 - INFO - 3. nya: r=0.8351
2025-08-24 11:44:48,055 - INFO - 4. sna: r=0.8182
2025-08-24 11:44:48,055 - INFO - 5. luo: r=0.8142
2025-08-24 11:44:48,055 - INFO - Layer 12 (mbert) — Worst 5
2025-08-24 11:44:48,055 - INFO - 1. bbj: r=0.6395
2025-08-24 11:44:48,055 - INFO - 2. yor: r=0.6513
2025-08-24 11:44:48,055 - INFO - 3. fon: r=0.6692
2025-08-24 11:44:48,055 - INFO - 4. pcm: r=0.7110
2025-08-24 11:44:48,055 - INFO - 5. ewe: r=0.7209
2025-08-24 11:44:48,056 - INFO - Experiment finished successfully.
