2025-08-03 08:21:45,238 - INFO - Experiment started with model_type=mbert, use_cls=True, use_context=False, context_window=0, use_hybrid=True, max_tokens_per_type=300, output_dir=rq2_train_scripts/Embeddings/MEXA_inspired_strategy/outputs/mptc/mbert/config_5_clstrue_ctxfalse_hybtrue/tokens_300_ctx0
2025-08-03 08:21:46,256 - INFO - Processing run
2025-08-03 08:21:47,729 - INFO - Processing bam
2025-08-03 08:21:49,758 - INFO - Processing bbj
2025-08-03 08:21:51,810 - INFO - Processing ewe
2025-08-03 08:21:53,860 - INFO - Processing fon
2025-08-03 08:21:55,951 - INFO - Processing hau
2025-08-03 08:21:58,034 - INFO - Processing ibo
2025-08-03 08:22:00,149 - INFO - Processing kin
2025-08-03 08:22:02,231 - INFO - Processing lug
2025-08-03 08:22:04,288 - INFO - Processing luo
2025-08-03 08:22:06,357 - INFO - Processing mos
2025-08-03 08:22:08,428 - INFO - Processing nya
2025-08-03 08:22:10,514 - INFO - Processing pcm
2025-08-03 08:22:12,574 - INFO - Processing sna
2025-08-03 08:22:14,663 - INFO - Processing swa
2025-08-03 08:22:16,733 - INFO - Processing tsn
2025-08-03 08:22:18,778 - INFO - Processing twi
2025-08-03 08:22:20,851 - INFO - Processing wol
2025-08-03 08:22:22,930 - INFO - Processing xho
2025-08-03 08:22:25,004 - INFO - Processing yor
2025-08-03 08:22:27,129 - INFO - Processing zul
2025-08-03 08:22:29,646 - INFO - Top 5 languages most similar to Runyankore:
2025-08-03 08:22:29,647 - INFO - 1. lug - Mean Similarity: 0.6250
2025-08-03 08:22:29,647 - INFO - 2. twi - Mean Similarity: 0.6124
2025-08-03 08:22:29,647 - INFO - 3. luo - Mean Similarity: 0.6115
2025-08-03 08:22:29,647 - INFO - 4. kin - Mean Similarity: 0.6088
2025-08-03 08:22:29,647 - INFO - 5. swa - Mean Similarity: 0.6071
2025-08-03 08:22:29,647 - INFO - Experiment finished successfully.
