2025-08-02 20:54:54,032 - INFO - Experiment started with model_type=xlmr, use_cls=True, use_context=True, context_window=3, use_hybrid=True, max_tokens_per_type=200, output_dir=rq2_train_scripts/Embeddings/MEXA_inspired_strategy/outputs/salt/xlmr/config_7_clstrue_ctxtrue_hybtrue/tokens_200_ctx3
2025-08-02 20:54:55,896 - INFO - Processing run
2025-08-02 20:55:01,863 - INFO - Processing bam
2025-08-02 20:55:07,530 - INFO - Processing bbj
2025-08-02 20:55:12,912 - INFO - Processing ewe
2025-08-02 20:55:18,493 - INFO - Processing fon
2025-08-02 20:55:23,982 - INFO - Processing hau
2025-08-02 20:55:29,580 - INFO - Processing ibo
2025-08-02 20:55:35,306 - INFO - Processing kin
2025-08-02 20:55:40,870 - INFO - Processing lug
2025-08-02 20:55:46,663 - INFO - Processing luo
2025-08-02 20:55:52,506 - INFO - Processing mos
2025-08-02 20:55:57,979 - INFO - Processing nya
2025-08-02 20:56:03,895 - INFO - Processing pcm
2025-08-02 20:56:09,268 - INFO - Processing sna
2025-08-02 20:56:15,039 - INFO - Processing swa
2025-08-02 20:56:21,029 - INFO - Processing tsn
2025-08-02 20:56:26,451 - INFO - Processing twi
2025-08-02 20:56:32,649 - INFO - Processing wol
2025-08-02 20:56:38,042 - INFO - Processing xho
2025-08-02 20:56:43,717 - INFO - Processing yor
2025-08-02 20:56:49,635 - INFO - Processing zul
2025-08-02 20:56:56,134 - INFO - Top 5 languages most similar to Runyankore:
2025-08-02 20:56:56,134 - INFO - 1. lug - Mean Similarity: 0.8135
2025-08-02 20:56:56,134 - INFO - 2. kin - Mean Similarity: 0.8022
2025-08-02 20:56:56,134 - INFO - 3. luo - Mean Similarity: 0.7710
2025-08-02 20:56:56,134 - INFO - 4. hau - Mean Similarity: 0.7697
2025-08-02 20:56:56,134 - INFO - 5. sna - Mean Similarity: 0.7596
2025-08-02 20:56:56,134 - INFO - Experiment finished successfully.
