2025-08-03 08:57:29,732 - INFO - Experiment started with model_type=mbert, use_cls=True, use_context=True, context_window=2, use_hybrid=True, max_tokens_per_type=300, output_dir=rq2_train_scripts/Embeddings/MEXA_inspired_strategy/outputs/mptc/mbert/config_7_clstrue_ctxtrue_hybtrue/tokens_300_ctx2
2025-08-03 08:57:30,751 - INFO - Processing run
2025-08-03 08:57:32,265 - INFO - Processing bam
2025-08-03 08:57:34,359 - INFO - Processing bbj
2025-08-03 08:57:36,490 - INFO - Processing ewe
2025-08-03 08:57:38,607 - INFO - Processing fon
2025-08-03 08:57:40,759 - INFO - Processing hau
2025-08-03 08:57:42,904 - INFO - Processing ibo
2025-08-03 08:57:45,097 - INFO - Processing kin
2025-08-03 08:57:47,255 - INFO - Processing lug
2025-08-03 08:57:49,387 - INFO - Processing luo
2025-08-03 08:57:51,534 - INFO - Processing mos
2025-08-03 08:57:53,672 - INFO - Processing nya
2025-08-03 08:57:55,833 - INFO - Processing pcm
2025-08-03 08:57:57,969 - INFO - Processing sna
2025-08-03 08:58:00,091 - INFO - Processing swa
2025-08-03 08:58:02,228 - INFO - Processing tsn
2025-08-03 08:58:04,339 - INFO - Processing twi
2025-08-03 08:58:06,458 - INFO - Processing wol
2025-08-03 08:58:08,577 - INFO - Processing xho
2025-08-03 08:58:10,693 - INFO - Processing yor
2025-08-03 08:58:12,860 - INFO - Processing zul
2025-08-03 08:58:15,429 - INFO - Top 5 languages most similar to Runyankore:
2025-08-03 08:58:15,429 - INFO - 1. lug - Mean Similarity: 0.6842
2025-08-03 08:58:15,430 - INFO - 2. kin - Mean Similarity: 0.6725
2025-08-03 08:58:15,430 - INFO - 3. nya - Mean Similarity: 0.6645
2025-08-03 08:58:15,430 - INFO - 4. sna - Mean Similarity: 0.6634
2025-08-03 08:58:15,430 - INFO - 5. xho - Mean Similarity: 0.6530
2025-08-03 08:58:15,430 - INFO - Experiment finished successfully.
