2025-08-27 07:47:41,410 - INFO - Start: model_type=xlmr, use_cls=True, use_context=True, context_window=0, max_tokens_per_type=400, batch_size=64, output_dir=rq2_train_scripts/Embeddings/CLEAN/outputs/salt/xlmr/config_3_clstrue_ctxtrue/tokens_400_ctx0, save_prototypes=False, seed=42, fp16=True, max_length=96, langs=all, layers=all, span_mode=bio, pool=mean, entity_tags={'LOC', 'ORG', 'PER', 'DATE'}, title_suffix='L=all, tokens=400, ctx=0, cls=true, fp16=true'
2025-08-27 07:47:43,379 - INFO - Processing run
2025-08-27 07:47:43,807 - INFO - Processing bam
2025-08-27 07:47:43,860 - INFO - Processing bbj
2025-08-27 07:47:43,906 - INFO - Processing ewe
2025-08-27 07:47:43,949 - INFO - Processing fon
2025-08-27 07:47:44,004 - INFO - Processing hau
2025-08-27 07:47:44,066 - INFO - Processing ibo
2025-08-27 07:47:44,150 - INFO - Processing kin
2025-08-27 07:47:44,220 - INFO - Processing lug
2025-08-27 07:47:44,296 - INFO - Processing luo
2025-08-27 07:47:44,361 - INFO - Processing mos
2025-08-27 07:47:44,424 - INFO - Processing nya
2025-08-27 07:47:44,507 - INFO - Processing pcm
2025-08-27 07:47:44,591 - INFO - Processing sna
2025-08-27 07:47:44,645 - INFO - Processing swa
2025-08-27 07:47:44,703 - INFO - Processing tsn
2025-08-27 07:47:44,746 - INFO - Processing twi
2025-08-27 07:47:44,804 - INFO - Processing wol
2025-08-27 07:47:44,868 - INFO - Processing xho
2025-08-27 07:47:44,912 - INFO - Processing yor
2025-08-27 07:47:44,987 - INFO - Processing zul
2025-08-27 07:47:45,487 - INFO - === Layer 1 (xlmr) — Top 5 (cosine) ===
2025-08-27 07:47:45,487 - INFO - 1. kin: cos=0.9999
2025-08-27 07:47:45,487 - INFO - 2. luo: cos=0.9999
2025-08-27 07:47:45,487 - INFO - 3. twi: cos=0.9999
2025-08-27 07:47:45,487 - INFO - 4. nya: cos=0.9998
2025-08-27 07:47:45,487 - INFO - 5. ewe: cos=0.9998
2025-08-27 07:47:45,487 - INFO - === Layer 1 (xlmr) — Worst 5 (cosine) ===
2025-08-27 07:47:45,487 - INFO - 1. hau: cos=0.9994
2025-08-27 07:47:45,487 - INFO - 2. pcm: cos=0.9995
2025-08-27 07:47:45,487 - INFO - 3. fon: cos=0.9995
2025-08-27 07:47:45,487 - INFO - 4. bam: cos=0.9995
2025-08-27 07:47:45,487 - INFO - 5. bbj: cos=0.9996
2025-08-27 07:47:45,637 - INFO - === Layer 2 (xlmr) — Top 5 (cosine) ===
2025-08-27 07:47:45,637 - INFO - 1. kin: cos=1.0000
2025-08-27 07:47:45,637 - INFO - 2. luo: cos=1.0000
2025-08-27 07:47:45,637 - INFO - 3. twi: cos=1.0000
2025-08-27 07:47:45,637 - INFO - 4. ewe: cos=1.0000
2025-08-27 07:47:45,637 - INFO - 5. nya: cos=1.0000
2025-08-27 07:47:45,637 - INFO - === Layer 2 (xlmr) — Worst 5 (cosine) ===
2025-08-27 07:47:45,637 - INFO - 1. pcm: cos=0.9999
2025-08-27 07:47:45,637 - INFO - 2. hau: cos=0.9999
2025-08-27 07:47:45,637 - INFO - 3. bam: cos=0.9999
2025-08-27 07:47:45,637 - INFO - 4. bbj: cos=0.9999
2025-08-27 07:47:45,637 - INFO - 5. swa: cos=0.9999
2025-08-27 07:47:45,777 - INFO - === Layer 3 (xlmr) — Top 5 (cosine) ===
2025-08-27 07:47:45,777 - INFO - 1. kin: cos=1.0000
2025-08-27 07:47:45,777 - INFO - 2. luo: cos=1.0000
2025-08-27 07:47:45,777 - INFO - 3. twi: cos=1.0000
2025-08-27 07:47:45,777 - INFO - 4. hau: cos=1.0000
2025-08-27 07:47:45,777 - INFO - 5. ibo: cos=1.0000
2025-08-27 07:47:45,777 - INFO - === Layer 3 (xlmr) — Worst 5 (cosine) ===
2025-08-27 07:47:45,777 - INFO - 1. swa: cos=1.0000
2025-08-27 07:47:45,777 - INFO - 2. pcm: cos=1.0000
2025-08-27 07:47:45,777 - INFO - 3. sna: cos=1.0000
2025-08-27 07:47:45,777 - INFO - 4. bbj: cos=1.0000
2025-08-27 07:47:45,777 - INFO - 5. fon: cos=1.0000
2025-08-27 07:47:45,908 - INFO - === Layer 4 (xlmr) — Top 5 (cosine) ===
2025-08-27 07:47:45,908 - INFO - 1. kin: cos=1.0000
2025-08-27 07:47:45,908 - INFO - 2. twi: cos=1.0000
2025-08-27 07:47:45,908 - INFO - 3. luo: cos=1.0000
2025-08-27 07:47:45,908 - INFO - 4. lug: cos=1.0000
2025-08-27 07:47:45,908 - INFO - 5. zul: cos=1.0000
2025-08-27 07:47:45,908 - INFO - === Layer 4 (xlmr) — Worst 5 (cosine) ===
2025-08-27 07:47:45,908 - INFO - 1. bam: cos=1.0000
2025-08-27 07:47:45,908 - INFO - 2. yor: cos=1.0000
2025-08-27 07:47:45,908 - INFO - 3. hau: cos=1.0000
2025-08-27 07:47:45,908 - INFO - 4. pcm: cos=1.0000
2025-08-27 07:47:45,908 - INFO - 5. wol: cos=1.0000
2025-08-27 07:47:46,037 - INFO - === Layer 5 (xlmr) — Top 5 (cosine) ===
2025-08-27 07:47:46,037 - INFO - 1. twi: cos=1.0000
2025-08-27 07:47:46,037 - INFO - 2. luo: cos=1.0000
2025-08-27 07:47:46,037 - INFO - 3. kin: cos=1.0000
2025-08-27 07:47:46,037 - INFO - 4. zul: cos=1.0000
2025-08-27 07:47:46,038 - INFO - 5. ewe: cos=1.0000
2025-08-27 07:47:46,038 - INFO - === Layer 5 (xlmr) — Worst 5 (cosine) ===
2025-08-27 07:47:46,038 - INFO - 1. hau: cos=1.0000
2025-08-27 07:47:46,038 - INFO - 2. pcm: cos=1.0000
2025-08-27 07:47:46,038 - INFO - 3. fon: cos=1.0000
2025-08-27 07:47:46,038 - INFO - 4. mos: cos=1.0000
2025-08-27 07:47:46,038 - INFO - 5. wol: cos=1.0000
2025-08-27 07:47:46,167 - INFO - === Layer 6 (xlmr) — Top 5 (cosine) ===
2025-08-27 07:47:46,167 - INFO - 1. twi: cos=1.0000
2025-08-27 07:47:46,167 - INFO - 2. ewe: cos=1.0000
2025-08-27 07:47:46,167 - INFO - 3. luo: cos=1.0000
2025-08-27 07:47:46,167 - INFO - 4. kin: cos=1.0000
2025-08-27 07:47:46,167 - INFO - 5. ibo: cos=1.0000
2025-08-27 07:47:46,167 - INFO - === Layer 6 (xlmr) — Worst 5 (cosine) ===
2025-08-27 07:47:46,167 - INFO - 1. pcm: cos=1.0000
2025-08-27 07:47:46,167 - INFO - 2. hau: cos=1.0000
2025-08-27 07:47:46,167 - INFO - 3. nya: cos=1.0000
2025-08-27 07:47:46,167 - INFO - 4. swa: cos=1.0000
2025-08-27 07:47:46,167 - INFO - 5. wol: cos=1.0000
2025-08-27 07:47:46,298 - INFO - === Layer 7 (xlmr) — Top 5 (cosine) ===
2025-08-27 07:47:46,298 - INFO - 1. twi: cos=1.0000
2025-08-27 07:47:46,298 - INFO - 2. kin: cos=1.0000
2025-08-27 07:47:46,298 - INFO - 3. bbj: cos=1.0000
2025-08-27 07:47:46,298 - INFO - 4. fon: cos=1.0000
2025-08-27 07:47:46,298 - INFO - 5. sna: cos=1.0000
2025-08-27 07:47:46,298 - INFO - === Layer 7 (xlmr) — Worst 5 (cosine) ===
2025-08-27 07:47:46,298 - INFO - 1. hau: cos=1.0000
2025-08-27 07:47:46,298 - INFO - 2. pcm: cos=1.0000
2025-08-27 07:47:46,298 - INFO - 3. zul: cos=1.0000
2025-08-27 07:47:46,298 - INFO - 4. nya: cos=1.0000
2025-08-27 07:47:46,298 - INFO - 5. tsn: cos=1.0000
2025-08-27 07:47:46,501 - INFO - === Layer 8 (xlmr) — Top 5 (cosine) ===
2025-08-27 07:47:46,501 - INFO - 1. kin: cos=1.0000
2025-08-27 07:47:46,501 - INFO - 2. ewe: cos=1.0000
2025-08-27 07:47:46,501 - INFO - 3. lug: cos=1.0000
2025-08-27 07:47:46,501 - INFO - 4. luo: cos=1.0000
2025-08-27 07:47:46,501 - INFO - 5. twi: cos=1.0000
2025-08-27 07:47:46,501 - INFO - === Layer 8 (xlmr) — Worst 5 (cosine) ===
2025-08-27 07:47:46,501 - INFO - 1. pcm: cos=0.9999
2025-08-27 07:47:46,501 - INFO - 2. fon: cos=1.0000
2025-08-27 07:47:46,501 - INFO - 3. hau: cos=1.0000
2025-08-27 07:47:46,501 - INFO - 4. sna: cos=1.0000
2025-08-27 07:47:46,501 - INFO - 5. bbj: cos=1.0000
2025-08-27 07:47:46,632 - INFO - === Layer 9 (xlmr) — Top 5 (cosine) ===
2025-08-27 07:47:46,632 - INFO - 1. kin: cos=1.0000
2025-08-27 07:47:46,632 - INFO - 2. ewe: cos=1.0000
2025-08-27 07:47:46,632 - INFO - 3. twi: cos=1.0000
2025-08-27 07:47:46,632 - INFO - 4. luo: cos=1.0000
2025-08-27 07:47:46,632 - INFO - 5. bam: cos=1.0000
2025-08-27 07:47:46,632 - INFO - === Layer 9 (xlmr) — Worst 5 (cosine) ===
2025-08-27 07:47:46,632 - INFO - 1. pcm: cos=1.0000
2025-08-27 07:47:46,632 - INFO - 2. hau: cos=1.0000
2025-08-27 07:47:46,632 - INFO - 3. sna: cos=1.0000
2025-08-27 07:47:46,632 - INFO - 4. nya: cos=1.0000
2025-08-27 07:47:46,632 - INFO - 5. wol: cos=1.0000
2025-08-27 07:47:46,760 - INFO - === Layer 10 (xlmr) — Top 5 (cosine) ===
2025-08-27 07:47:46,760 - INFO - 1. bam: cos=1.0000
2025-08-27 07:47:46,760 - INFO - 2. luo: cos=1.0000
2025-08-27 07:47:46,760 - INFO - 3. twi: cos=1.0000
2025-08-27 07:47:46,760 - INFO - 4. zul: cos=1.0000
2025-08-27 07:47:46,760 - INFO - 5. ewe: cos=1.0000
2025-08-27 07:47:46,760 - INFO - === Layer 10 (xlmr) — Worst 5 (cosine) ===
2025-08-27 07:47:46,760 - INFO - 1. pcm: cos=1.0000
2025-08-27 07:47:46,760 - INFO - 2. yor: cos=1.0000
2025-08-27 07:47:46,760 - INFO - 3. ibo: cos=1.0000
2025-08-27 07:47:46,760 - INFO - 4. fon: cos=1.0000
2025-08-27 07:47:46,760 - INFO - 5. xho: cos=1.0000
2025-08-27 07:47:46,887 - INFO - === Layer 11 (xlmr) — Top 5 (cosine) ===
2025-08-27 07:47:46,887 - INFO - 1. hau: cos=1.0000
2025-08-27 07:47:46,887 - INFO - 2. pcm: cos=1.0000
2025-08-27 07:47:46,887 - INFO - 3. ibo: cos=1.0000
2025-08-27 07:47:46,887 - INFO - 4. twi: cos=1.0000
2025-08-27 07:47:46,887 - INFO - 5. lug: cos=1.0000
2025-08-27 07:47:46,887 - INFO - === Layer 11 (xlmr) — Worst 5 (cosine) ===
2025-08-27 07:47:46,887 - INFO - 1. luo: cos=0.9999
2025-08-27 07:47:46,887 - INFO - 2. bam: cos=0.9999
2025-08-27 07:47:46,887 - INFO - 3. bbj: cos=0.9999
2025-08-27 07:47:46,887 - INFO - 4. sna: cos=1.0000
2025-08-27 07:47:46,887 - INFO - 5. zul: cos=1.0000
2025-08-27 07:47:47,015 - INFO - === Layer 12 (xlmr) — Top 5 (cosine) ===
2025-08-27 07:47:47,015 - INFO - 1. kin: cos=0.9999
2025-08-27 07:47:47,015 - INFO - 2. nya: cos=0.9999
2025-08-27 07:47:47,015 - INFO - 3. ewe: cos=0.9999
2025-08-27 07:47:47,015 - INFO - 4. wol: cos=0.9999
2025-08-27 07:47:47,015 - INFO - 5. luo: cos=0.9999
2025-08-27 07:47:47,015 - INFO - === Layer 12 (xlmr) — Worst 5 (cosine) ===
2025-08-27 07:47:47,015 - INFO - 1. fon: cos=0.9982
2025-08-27 07:47:47,015 - INFO - 2. hau: cos=0.9987
2025-08-27 07:47:47,015 - INFO - 3. pcm: cos=0.9990
2025-08-27 07:47:47,015 - INFO - 4. twi: cos=0.9995
2025-08-27 07:47:47,015 - INFO - 5. tsn: cos=0.9996
2025-08-27 07:47:47,016 - INFO - Experiment finished successfully.
