2025-08-27 09:48:51,888 - INFO - Start: model_type=xlmr, use_cls=True, use_context=False, context_window=1, max_tokens_per_type=400, batch_size=64, output_dir=rq2_train_scripts/Embeddings/CLEAN/outputs/salt/xlmr/config_1_clstrue_ctxfalse/tokens_400_ctx1/core, save_prototypes=False, seed=42, fp16=True, max_length=96, langs=all, layers=all, span_mode=bio, pool=mean, entity_tags={'DATE', 'PER', 'ORG', 'LOC'}, title_suffix='L=all, tokens=400, ctx=1, cls=true, fp16=true'
2025-08-27 09:48:54,050 - INFO - Processing run
2025-08-27 09:48:54,476 - INFO - Processing bam
2025-08-27 09:48:54,528 - INFO - Processing bbj
2025-08-27 09:48:54,575 - INFO - Processing ewe
2025-08-27 09:48:54,618 - INFO - Processing fon
2025-08-27 09:48:54,675 - INFO - Processing hau
2025-08-27 09:48:54,736 - INFO - Processing ibo
2025-08-27 09:48:54,831 - INFO - Processing kin
2025-08-27 09:48:54,905 - INFO - Processing lug
2025-08-27 09:48:54,966 - INFO - Processing luo
2025-08-27 09:48:55,031 - INFO - Processing mos
2025-08-27 09:48:55,100 - INFO - Processing nya
2025-08-27 09:48:55,163 - INFO - Processing pcm
2025-08-27 09:48:55,223 - INFO - Processing sna
2025-08-27 09:48:55,288 - INFO - Processing swa
2025-08-27 09:48:55,354 - INFO - Processing tsn
2025-08-27 09:48:55,399 - INFO - Processing twi
2025-08-27 09:48:55,455 - INFO - Processing wol
2025-08-27 09:48:55,518 - INFO - Processing xho
2025-08-27 09:48:55,562 - INFO - Processing yor
2025-08-27 09:48:55,637 - INFO - Processing zul
2025-08-27 09:48:56,113 - INFO - === Layer 1 (xlmr) — Top 5 (cosine) ===
2025-08-27 09:48:56,113 - INFO - 1. kin: cos=0.9999
2025-08-27 09:48:56,113 - INFO - 2. luo: cos=0.9999
2025-08-27 09:48:56,113 - INFO - 3. twi: cos=0.9999
2025-08-27 09:48:56,113 - INFO - 4. nya: cos=0.9998
2025-08-27 09:48:56,113 - INFO - 5. ewe: cos=0.9998
2025-08-27 09:48:56,113 - INFO - === Layer 1 (xlmr) — Worst 5 (cosine) ===
2025-08-27 09:48:56,113 - INFO - 1. hau: cos=0.9994
2025-08-27 09:48:56,113 - INFO - 2. pcm: cos=0.9995
2025-08-27 09:48:56,113 - INFO - 3. fon: cos=0.9995
2025-08-27 09:48:56,113 - INFO - 4. bam: cos=0.9995
2025-08-27 09:48:56,113 - INFO - 5. bbj: cos=0.9996
2025-08-27 09:48:56,252 - INFO - === Layer 2 (xlmr) — Top 5 (cosine) ===
2025-08-27 09:48:56,252 - INFO - 1. kin: cos=1.0000
2025-08-27 09:48:56,252 - INFO - 2. luo: cos=1.0000
2025-08-27 09:48:56,252 - INFO - 3. twi: cos=1.0000
2025-08-27 09:48:56,252 - INFO - 4. ewe: cos=1.0000
2025-08-27 09:48:56,252 - INFO - 5. nya: cos=1.0000
2025-08-27 09:48:56,252 - INFO - === Layer 2 (xlmr) — Worst 5 (cosine) ===
2025-08-27 09:48:56,252 - INFO - 1. pcm: cos=0.9999
2025-08-27 09:48:56,252 - INFO - 2. hau: cos=0.9999
2025-08-27 09:48:56,252 - INFO - 3. bam: cos=0.9999
2025-08-27 09:48:56,252 - INFO - 4. bbj: cos=0.9999
2025-08-27 09:48:56,252 - INFO - 5. swa: cos=0.9999
2025-08-27 09:48:56,421 - INFO - === Layer 3 (xlmr) — Top 5 (cosine) ===
2025-08-27 09:48:56,421 - INFO - 1. kin: cos=1.0000
2025-08-27 09:48:56,421 - INFO - 2. luo: cos=1.0000
2025-08-27 09:48:56,421 - INFO - 3. twi: cos=1.0000
2025-08-27 09:48:56,421 - INFO - 4. hau: cos=1.0000
2025-08-27 09:48:56,422 - INFO - 5. ibo: cos=1.0000
2025-08-27 09:48:56,422 - INFO - === Layer 3 (xlmr) — Worst 5 (cosine) ===
2025-08-27 09:48:56,422 - INFO - 1. swa: cos=1.0000
2025-08-27 09:48:56,422 - INFO - 2. pcm: cos=1.0000
2025-08-27 09:48:56,422 - INFO - 3. sna: cos=1.0000
2025-08-27 09:48:56,422 - INFO - 4. bbj: cos=1.0000
2025-08-27 09:48:56,422 - INFO - 5. fon: cos=1.0000
2025-08-27 09:48:56,591 - INFO - === Layer 4 (xlmr) — Top 5 (cosine) ===
2025-08-27 09:48:56,591 - INFO - 1. kin: cos=1.0000
2025-08-27 09:48:56,591 - INFO - 2. twi: cos=1.0000
2025-08-27 09:48:56,591 - INFO - 3. luo: cos=1.0000
2025-08-27 09:48:56,591 - INFO - 4. lug: cos=1.0000
2025-08-27 09:48:56,591 - INFO - 5. zul: cos=1.0000
2025-08-27 09:48:56,591 - INFO - === Layer 4 (xlmr) — Worst 5 (cosine) ===
2025-08-27 09:48:56,592 - INFO - 1. bam: cos=1.0000
2025-08-27 09:48:56,592 - INFO - 2. yor: cos=1.0000
2025-08-27 09:48:56,592 - INFO - 3. hau: cos=1.0000
2025-08-27 09:48:56,592 - INFO - 4. pcm: cos=1.0000
2025-08-27 09:48:56,592 - INFO - 5. wol: cos=1.0000
2025-08-27 09:48:56,724 - INFO - === Layer 5 (xlmr) — Top 5 (cosine) ===
2025-08-27 09:48:56,724 - INFO - 1. twi: cos=1.0000
2025-08-27 09:48:56,724 - INFO - 2. luo: cos=1.0000
2025-08-27 09:48:56,724 - INFO - 3. kin: cos=1.0000
2025-08-27 09:48:56,724 - INFO - 4. zul: cos=1.0000
2025-08-27 09:48:56,724 - INFO - 5. ewe: cos=1.0000
2025-08-27 09:48:56,724 - INFO - === Layer 5 (xlmr) — Worst 5 (cosine) ===
2025-08-27 09:48:56,724 - INFO - 1. hau: cos=1.0000
2025-08-27 09:48:56,724 - INFO - 2. pcm: cos=1.0000
2025-08-27 09:48:56,724 - INFO - 3. fon: cos=1.0000
2025-08-27 09:48:56,724 - INFO - 4. mos: cos=1.0000
2025-08-27 09:48:56,724 - INFO - 5. wol: cos=1.0000
2025-08-27 09:48:56,854 - INFO - === Layer 6 (xlmr) — Top 5 (cosine) ===
2025-08-27 09:48:56,854 - INFO - 1. twi: cos=1.0000
2025-08-27 09:48:56,854 - INFO - 2. ewe: cos=1.0000
2025-08-27 09:48:56,854 - INFO - 3. luo: cos=1.0000
2025-08-27 09:48:56,854 - INFO - 4. kin: cos=1.0000
2025-08-27 09:48:56,854 - INFO - 5. ibo: cos=1.0000
2025-08-27 09:48:56,854 - INFO - === Layer 6 (xlmr) — Worst 5 (cosine) ===
2025-08-27 09:48:56,854 - INFO - 1. pcm: cos=1.0000
2025-08-27 09:48:56,855 - INFO - 2. hau: cos=1.0000
2025-08-27 09:48:56,855 - INFO - 3. nya: cos=1.0000
2025-08-27 09:48:56,855 - INFO - 4. swa: cos=1.0000
2025-08-27 09:48:56,855 - INFO - 5. wol: cos=1.0000
2025-08-27 09:48:56,984 - INFO - === Layer 7 (xlmr) — Top 5 (cosine) ===
2025-08-27 09:48:56,984 - INFO - 1. twi: cos=1.0000
2025-08-27 09:48:56,984 - INFO - 2. kin: cos=1.0000
2025-08-27 09:48:56,984 - INFO - 3. bbj: cos=1.0000
2025-08-27 09:48:56,984 - INFO - 4. fon: cos=1.0000
2025-08-27 09:48:56,984 - INFO - 5. sna: cos=1.0000
2025-08-27 09:48:56,984 - INFO - === Layer 7 (xlmr) — Worst 5 (cosine) ===
2025-08-27 09:48:56,984 - INFO - 1. hau: cos=1.0000
2025-08-27 09:48:56,984 - INFO - 2. pcm: cos=1.0000
2025-08-27 09:48:56,984 - INFO - 3. zul: cos=1.0000
2025-08-27 09:48:56,984 - INFO - 4. nya: cos=1.0000
2025-08-27 09:48:56,984 - INFO - 5. tsn: cos=1.0000
2025-08-27 09:48:57,192 - INFO - === Layer 8 (xlmr) — Top 5 (cosine) ===
2025-08-27 09:48:57,192 - INFO - 1. kin: cos=1.0000
2025-08-27 09:48:57,192 - INFO - 2. ewe: cos=1.0000
2025-08-27 09:48:57,192 - INFO - 3. lug: cos=1.0000
2025-08-27 09:48:57,192 - INFO - 4. luo: cos=1.0000
2025-08-27 09:48:57,192 - INFO - 5. twi: cos=1.0000
2025-08-27 09:48:57,192 - INFO - === Layer 8 (xlmr) — Worst 5 (cosine) ===
2025-08-27 09:48:57,192 - INFO - 1. pcm: cos=0.9999
2025-08-27 09:48:57,192 - INFO - 2. fon: cos=1.0000
2025-08-27 09:48:57,192 - INFO - 3. hau: cos=1.0000
2025-08-27 09:48:57,192 - INFO - 4. sna: cos=1.0000
2025-08-27 09:48:57,192 - INFO - 5. bbj: cos=1.0000
2025-08-27 09:48:57,320 - INFO - === Layer 9 (xlmr) — Top 5 (cosine) ===
2025-08-27 09:48:57,320 - INFO - 1. kin: cos=1.0000
2025-08-27 09:48:57,320 - INFO - 2. ewe: cos=1.0000
2025-08-27 09:48:57,320 - INFO - 3. twi: cos=1.0000
2025-08-27 09:48:57,320 - INFO - 4. luo: cos=1.0000
2025-08-27 09:48:57,320 - INFO - 5. bam: cos=1.0000
2025-08-27 09:48:57,320 - INFO - === Layer 9 (xlmr) — Worst 5 (cosine) ===
2025-08-27 09:48:57,320 - INFO - 1. pcm: cos=1.0000
2025-08-27 09:48:57,320 - INFO - 2. hau: cos=1.0000
2025-08-27 09:48:57,320 - INFO - 3. sna: cos=1.0000
2025-08-27 09:48:57,320 - INFO - 4. nya: cos=1.0000
2025-08-27 09:48:57,320 - INFO - 5. wol: cos=1.0000
2025-08-27 09:48:57,447 - INFO - === Layer 10 (xlmr) — Top 5 (cosine) ===
2025-08-27 09:48:57,447 - INFO - 1. bam: cos=1.0000
2025-08-27 09:48:57,447 - INFO - 2. luo: cos=1.0000
2025-08-27 09:48:57,447 - INFO - 3. twi: cos=1.0000
2025-08-27 09:48:57,447 - INFO - 4. zul: cos=1.0000
2025-08-27 09:48:57,447 - INFO - 5. ewe: cos=1.0000
2025-08-27 09:48:57,447 - INFO - === Layer 10 (xlmr) — Worst 5 (cosine) ===
2025-08-27 09:48:57,447 - INFO - 1. pcm: cos=1.0000
2025-08-27 09:48:57,447 - INFO - 2. yor: cos=1.0000
2025-08-27 09:48:57,448 - INFO - 3. ibo: cos=1.0000
2025-08-27 09:48:57,448 - INFO - 4. fon: cos=1.0000
2025-08-27 09:48:57,448 - INFO - 5. xho: cos=1.0000
2025-08-27 09:48:57,575 - INFO - === Layer 11 (xlmr) — Top 5 (cosine) ===
2025-08-27 09:48:57,575 - INFO - 1. hau: cos=1.0000
2025-08-27 09:48:57,575 - INFO - 2. pcm: cos=1.0000
2025-08-27 09:48:57,575 - INFO - 3. ibo: cos=1.0000
2025-08-27 09:48:57,575 - INFO - 4. twi: cos=1.0000
2025-08-27 09:48:57,575 - INFO - 5. lug: cos=1.0000
2025-08-27 09:48:57,575 - INFO - === Layer 11 (xlmr) — Worst 5 (cosine) ===
2025-08-27 09:48:57,575 - INFO - 1. luo: cos=0.9999
2025-08-27 09:48:57,575 - INFO - 2. bam: cos=0.9999
2025-08-27 09:48:57,575 - INFO - 3. bbj: cos=0.9999
2025-08-27 09:48:57,575 - INFO - 4. sna: cos=1.0000
2025-08-27 09:48:57,575 - INFO - 5. zul: cos=1.0000
2025-08-27 09:48:57,704 - INFO - === Layer 12 (xlmr) — Top 5 (cosine) ===
2025-08-27 09:48:57,704 - INFO - 1. kin: cos=0.9999
2025-08-27 09:48:57,704 - INFO - 2. nya: cos=0.9999
2025-08-27 09:48:57,704 - INFO - 3. ewe: cos=0.9999
2025-08-27 09:48:57,704 - INFO - 4. wol: cos=0.9999
2025-08-27 09:48:57,704 - INFO - 5. luo: cos=0.9999
2025-08-27 09:48:57,704 - INFO - === Layer 12 (xlmr) — Worst 5 (cosine) ===
2025-08-27 09:48:57,704 - INFO - 1. fon: cos=0.9982
2025-08-27 09:48:57,704 - INFO - 2. hau: cos=0.9987
2025-08-27 09:48:57,704 - INFO - 3. pcm: cos=0.9990
2025-08-27 09:48:57,704 - INFO - 4. twi: cos=0.9995
2025-08-27 09:48:57,704 - INFO - 5. tsn: cos=0.9996
2025-08-27 09:48:57,705 - INFO - Experiment finished successfully.
