2025-08-24 11:51:24,301 - INFO - Start: model_type=mbert, run_both=False, use_cls=True, use_context=False, context_window=2, max_tokens_per_type=300, batch_size=32, seed=1, num_middle_layers=3, output_dir=rq2_train_scripts/Embeddings/EXTENDED/outputs/mptc_extended/mbert/config_5_clstrue_ctxfalse_hybtrue/tokens_300_ctx2
2025-08-24 11:51:24,816 - INFO - mbert: selected layer indices (hidden_states) = [2, 3, 10, 12]
2025-08-24 11:51:25,670 - INFO - Processing run
2025-08-24 11:51:26,069 - INFO - Processing bam
2025-08-24 11:51:26,144 - INFO - Processing bbj
2025-08-24 11:51:26,203 - INFO - Processing ewe
2025-08-24 11:51:26,256 - INFO - Processing fon
2025-08-24 11:51:26,329 - INFO - Processing hau
2025-08-24 11:51:26,407 - INFO - Processing ibo
2025-08-24 11:51:26,512 - INFO - Processing kin
2025-08-24 11:51:26,593 - INFO - Processing lug
2025-08-24 11:51:26,651 - INFO - Processing luo
2025-08-24 11:51:26,750 - INFO - Processing mos
2025-08-24 11:51:26,835 - INFO - Processing nya
2025-08-24 11:51:26,906 - INFO - Processing pcm
2025-08-24 11:51:26,979 - INFO - Processing sna
2025-08-24 11:51:27,052 - INFO - Processing swa
2025-08-24 11:51:27,131 - INFO - Processing tsn
2025-08-24 11:51:27,203 - INFO - Processing twi
2025-08-24 11:51:27,273 - INFO - Processing wol
2025-08-24 11:51:27,341 - INFO - Processing xho
2025-08-24 11:51:27,411 - INFO - Processing yor
2025-08-24 11:51:27,503 - INFO - Processing zul
2025-08-24 11:51:27,821 - INFO - Layer 2 (mbert) — Top 5
2025-08-24 11:51:27,821 - INFO - 1. ibo: r=0.9999
2025-08-24 11:51:27,821 - INFO - 2. kin: r=0.9999
2025-08-24 11:51:27,821 - INFO - 3. zul: r=0.9999
2025-08-24 11:51:27,821 - INFO - 4. wol: r=0.9999
2025-08-24 11:51:27,821 - INFO - 5. nya: r=0.9999
2025-08-24 11:51:27,821 - INFO - Layer 2 (mbert) — Worst 5
2025-08-24 11:51:27,821 - INFO - 1. bbj: r=0.9992
2025-08-24 11:51:27,821 - INFO - 2. ewe: r=0.9993
2025-08-24 11:51:27,821 - INFO - 3. pcm: r=0.9997
2025-08-24 11:51:27,821 - INFO - 4. twi: r=0.9998
2025-08-24 11:51:27,821 - INFO - 5. mos: r=0.9998
2025-08-24 11:51:27,931 - INFO - Layer 3 (mbert) — Top 5
2025-08-24 11:51:27,931 - INFO - 1. ibo: r=1.0000
2025-08-24 11:51:27,931 - INFO - 2. kin: r=1.0000
2025-08-24 11:51:27,931 - INFO - 3. wol: r=1.0000
2025-08-24 11:51:27,931 - INFO - 4. nya: r=1.0000
2025-08-24 11:51:27,931 - INFO - 5. zul: r=1.0000
2025-08-24 11:51:27,931 - INFO - Layer 3 (mbert) — Worst 5
2025-08-24 11:51:27,931 - INFO - 1. bbj: r=0.9998
2025-08-24 11:51:27,931 - INFO - 2. ewe: r=0.9999
2025-08-24 11:51:27,931 - INFO - 3. pcm: r=0.9999
2025-08-24 11:51:27,931 - INFO - 4. twi: r=0.9999
2025-08-24 11:51:27,931 - INFO - 5. mos: r=1.0000
2025-08-24 11:51:28,043 - INFO - Layer 10 (mbert) — Top 5
2025-08-24 11:51:28,043 - INFO - 1. twi: r=0.9841
2025-08-24 11:51:28,043 - INFO - 2. kin: r=0.9841
2025-08-24 11:51:28,043 - INFO - 3. luo: r=0.9839
2025-08-24 11:51:28,043 - INFO - 4. sna: r=0.9821
2025-08-24 11:51:28,043 - INFO - 5. swa: r=0.9820
2025-08-24 11:51:28,043 - INFO - Layer 10 (mbert) — Worst 5
2025-08-24 11:51:28,043 - INFO - 1. yor: r=0.9623
2025-08-24 11:51:28,043 - INFO - 2. bbj: r=0.9638
2025-08-24 11:51:28,043 - INFO - 3. pcm: r=0.9700
2025-08-24 11:51:28,043 - INFO - 4. fon: r=0.9708
2025-08-24 11:51:28,043 - INFO - 5. mos: r=0.9710
2025-08-24 11:51:28,157 - INFO - Layer 12 (mbert) — Top 5
2025-08-24 11:51:28,157 - INFO - 1. kin: r=0.9630
2025-08-24 11:51:28,157 - INFO - 2. lug: r=0.9583
2025-08-24 11:51:28,157 - INFO - 3. luo: r=0.9566
2025-08-24 11:51:28,157 - INFO - 4. twi: r=0.9559
2025-08-24 11:51:28,157 - INFO - 5. swa: r=0.9527
2025-08-24 11:51:28,157 - INFO - Layer 12 (mbert) — Worst 5
2025-08-24 11:51:28,157 - INFO - 1. yor: r=0.8906
2025-08-24 11:51:28,157 - INFO - 2. bbj: r=0.8970
2025-08-24 11:51:28,157 - INFO - 3. pcm: r=0.9134
2025-08-24 11:51:28,157 - INFO - 4. mos: r=0.9230
2025-08-24 11:51:28,157 - INFO - 5. fon: r=0.9247
2025-08-24 11:51:28,158 - INFO - Experiment finished successfully.
