2025-12-15 09:24:09,089 - INFO - Start: model_type=afroxlmr, use_cls=False, use_context=False, context_window=1, max_tokens_per_type=500, batch_size=64, output_dir=rq2_train_scripts/Embeddings/CLEAN/outputs/combined/afroxlmr/config_0_clsfalse_ctxfalse/tokens_500_ctx1/core, save_prototypes=False, seed=42, fp16=True, max_length=96, langs=all, layers=all, span_mode=bio, pool=mean, entity_tags={'DATE', 'PER', 'LOC', 'ORG'}, title_suffix='L=all, tokens=500, ctx=1, cls=false, fp16=true'
2025-12-15 09:24:11,448 - INFO - Processing run
2025-12-15 09:24:11,927 - INFO - Processing bam
2025-12-15 09:24:12,057 - INFO - Processing bbj
2025-12-15 09:24:12,184 - INFO - Processing ewe
2025-12-15 09:24:12,309 - INFO - Processing fon
2025-12-15 09:24:12,446 - INFO - Processing hau
2025-12-15 09:24:12,581 - INFO - Processing ibo
2025-12-15 09:24:12,752 - INFO - Processing kin
2025-12-15 09:24:12,898 - INFO - Processing lug
2025-12-15 09:24:13,023 - INFO - Processing luo
2025-12-15 09:24:13,160 - INFO - Processing mos
2025-12-15 09:24:13,299 - INFO - Processing nya
2025-12-15 09:24:13,435 - INFO - Processing pcm
2025-12-15 09:24:13,554 - INFO - Processing sna
2025-12-15 09:24:13,680 - INFO - Processing swa
2025-12-15 09:24:13,819 - INFO - Processing tsn
2025-12-15 09:24:13,947 - INFO - Processing twi
2025-12-15 09:24:14,082 - INFO - Processing wol
2025-12-15 09:24:14,218 - INFO - Processing xho
2025-12-15 09:24:14,339 - INFO - Processing yor
2025-12-15 09:24:14,497 - INFO - Processing zul
2025-12-15 09:24:15,024 - INFO - === Layer 1 (afroxlmr) — Top 5 (cosine) ===
2025-12-15 09:24:15,024 - INFO - 1. kin: cos=0.9680
2025-12-15 09:24:15,024 - INFO - 2. lug: cos=0.9602
2025-12-15 09:24:15,024 - INFO - 3. twi: cos=0.9594
2025-12-15 09:24:15,024 - INFO - 4. ibo: cos=0.9587
2025-12-15 09:24:15,024 - INFO - 5. luo: cos=0.9582
2025-12-15 09:24:15,024 - INFO - === Layer 1 (afroxlmr) — Worst 5 (cosine) ===
2025-12-15 09:24:15,024 - INFO - 1. fon: cos=0.9169
2025-12-15 09:24:15,024 - INFO - 2. yor: cos=0.9171
2025-12-15 09:24:15,024 - INFO - 3. mos: cos=0.9174
2025-12-15 09:24:15,024 - INFO - 4. bbj: cos=0.9238
2025-12-15 09:24:15,024 - INFO - 5. hau: cos=0.9252
2025-12-15 09:24:15,144 - INFO - === Layer 2 (afroxlmr) — Top 5 (cosine) ===
2025-12-15 09:24:15,144 - INFO - 1. kin: cos=0.9869
2025-12-15 09:24:15,144 - INFO - 2. twi: cos=0.9843
2025-12-15 09:24:15,144 - INFO - 3. ibo: cos=0.9837
2025-12-15 09:24:15,144 - INFO - 4. luo: cos=0.9833
2025-12-15 09:24:15,144 - INFO - 5. nya: cos=0.9811
2025-12-15 09:24:15,144 - INFO - === Layer 2 (afroxlmr) — Worst 5 (cosine) ===
2025-12-15 09:24:15,144 - INFO - 1. fon: cos=0.9667
2025-12-15 09:24:15,144 - INFO - 2. mos: cos=0.9675
2025-12-15 09:24:15,144 - INFO - 3. hau: cos=0.9682
2025-12-15 09:24:15,144 - INFO - 4. yor: cos=0.9682
2025-12-15 09:24:15,144 - INFO - 5. pcm: cos=0.9713
2025-12-15 09:24:15,263 - INFO - === Layer 3 (afroxlmr) — Top 5 (cosine) ===
2025-12-15 09:24:15,263 - INFO - 1. kin: cos=0.9892
2025-12-15 09:24:15,263 - INFO - 2. twi: cos=0.9869
2025-12-15 09:24:15,263 - INFO - 3. luo: cos=0.9864
2025-12-15 09:24:15,263 - INFO - 4. ibo: cos=0.9845
2025-12-15 09:24:15,263 - INFO - 5. tsn: cos=0.9838
2025-12-15 09:24:15,263 - INFO - === Layer 3 (afroxlmr) — Worst 5 (cosine) ===
2025-12-15 09:24:15,263 - INFO - 1. yor: cos=0.9734
2025-12-15 09:24:15,263 - INFO - 2. hau: cos=0.9735
2025-12-15 09:24:15,263 - INFO - 3. mos: cos=0.9738
2025-12-15 09:24:15,263 - INFO - 4. fon: cos=0.9745
2025-12-15 09:24:15,263 - INFO - 5. pcm: cos=0.9753
2025-12-15 09:24:15,383 - INFO - === Layer 4 (afroxlmr) — Top 5 (cosine) ===
2025-12-15 09:24:15,383 - INFO - 1. kin: cos=0.9859
2025-12-15 09:24:15,383 - INFO - 2. twi: cos=0.9851
2025-12-15 09:24:15,383 - INFO - 3. luo: cos=0.9838
2025-12-15 09:24:15,383 - INFO - 4. tsn: cos=0.9803
2025-12-15 09:24:15,383 - INFO - 5. lug: cos=0.9794
2025-12-15 09:24:15,383 - INFO - === Layer 4 (afroxlmr) — Worst 5 (cosine) ===
2025-12-15 09:24:15,383 - INFO - 1. hau: cos=0.9672
2025-12-15 09:24:15,383 - INFO - 2. fon: cos=0.9679
2025-12-15 09:24:15,383 - INFO - 3. mos: cos=0.9680
2025-12-15 09:24:15,383 - INFO - 4. yor: cos=0.9682
2025-12-15 09:24:15,383 - INFO - 5. pcm: cos=0.9699
2025-12-15 09:24:15,503 - INFO - === Layer 5 (afroxlmr) — Top 5 (cosine) ===
2025-12-15 09:24:15,503 - INFO - 1. kin: cos=0.9857
2025-12-15 09:24:15,503 - INFO - 2. twi: cos=0.9844
2025-12-15 09:24:15,503 - INFO - 3. luo: cos=0.9843
2025-12-15 09:24:15,503 - INFO - 4. tsn: cos=0.9816
2025-12-15 09:24:15,503 - INFO - 5. lug: cos=0.9810
2025-12-15 09:24:15,503 - INFO - === Layer 5 (afroxlmr) — Worst 5 (cosine) ===
2025-12-15 09:24:15,503 - INFO - 1. hau: cos=0.9690
2025-12-15 09:24:15,503 - INFO - 2. yor: cos=0.9692
2025-12-15 09:24:15,503 - INFO - 3. fon: cos=0.9704
2025-12-15 09:24:15,503 - INFO - 4. bbj: cos=0.9714
2025-12-15 09:24:15,503 - INFO - 5. pcm: cos=0.9720
2025-12-15 09:24:15,622 - INFO - === Layer 6 (afroxlmr) — Top 5 (cosine) ===
2025-12-15 09:24:15,622 - INFO - 1. kin: cos=0.9868
2025-12-15 09:24:15,622 - INFO - 2. luo: cos=0.9865
2025-12-15 09:24:15,622 - INFO - 3. twi: cos=0.9862
2025-12-15 09:24:15,622 - INFO - 4. tsn: cos=0.9836
2025-12-15 09:24:15,622 - INFO - 5. lug: cos=0.9831
2025-12-15 09:24:15,622 - INFO - === Layer 6 (afroxlmr) — Worst 5 (cosine) ===
2025-12-15 09:24:15,622 - INFO - 1. yor: cos=0.9729
2025-12-15 09:24:15,622 - INFO - 2. bbj: cos=0.9732
2025-12-15 09:24:15,622 - INFO - 3. hau: cos=0.9733
2025-12-15 09:24:15,622 - INFO - 4. fon: cos=0.9736
2025-12-15 09:24:15,622 - INFO - 5. mos: cos=0.9749
2025-12-15 09:24:15,741 - INFO - === Layer 7 (afroxlmr) — Top 5 (cosine) ===
2025-12-15 09:24:15,741 - INFO - 1. kin: cos=0.9892
2025-12-15 09:24:15,741 - INFO - 2. twi: cos=0.9891
2025-12-15 09:24:15,741 - INFO - 3. luo: cos=0.9883
2025-12-15 09:24:15,741 - INFO - 4. tsn: cos=0.9868
2025-12-15 09:24:15,741 - INFO - 5. lug: cos=0.9863
2025-12-15 09:24:15,741 - INFO - === Layer 7 (afroxlmr) — Worst 5 (cosine) ===
2025-12-15 09:24:15,741 - INFO - 1. yor: cos=0.9778
2025-12-15 09:24:15,741 - INFO - 2. bbj: cos=0.9779
2025-12-15 09:24:15,741 - INFO - 3. fon: cos=0.9786
2025-12-15 09:24:15,741 - INFO - 4. hau: cos=0.9790
2025-12-15 09:24:15,741 - INFO - 5. swa: cos=0.9791
2025-12-15 09:24:15,860 - INFO - === Layer 8 (afroxlmr) — Top 5 (cosine) ===
2025-12-15 09:24:15,860 - INFO - 1. luo: cos=0.9870
2025-12-15 09:24:15,860 - INFO - 2. kin: cos=0.9868
2025-12-15 09:24:15,860 - INFO - 3. twi: cos=0.9868
2025-12-15 09:24:15,860 - INFO - 4. tsn: cos=0.9848
2025-12-15 09:24:15,860 - INFO - 5. lug: cos=0.9834
2025-12-15 09:24:15,860 - INFO - === Layer 8 (afroxlmr) — Worst 5 (cosine) ===
2025-12-15 09:24:15,860 - INFO - 1. bbj: cos=0.9739
2025-12-15 09:24:15,860 - INFO - 2. yor: cos=0.9740
2025-12-15 09:24:15,860 - INFO - 3. fon: cos=0.9753
2025-12-15 09:24:15,860 - INFO - 4. swa: cos=0.9755
2025-12-15 09:24:15,860 - INFO - 5. mos: cos=0.9762
2025-12-15 09:24:16,042 - INFO - === Layer 9 (afroxlmr) — Top 5 (cosine) ===
2025-12-15 09:24:16,042 - INFO - 1. twi: cos=0.9863
2025-12-15 09:24:16,042 - INFO - 2. kin: cos=0.9861
2025-12-15 09:24:16,042 - INFO - 3. luo: cos=0.9859
2025-12-15 09:24:16,042 - INFO - 4. tsn: cos=0.9835
2025-12-15 09:24:16,042 - INFO - 5. ibo: cos=0.9828
2025-12-15 09:24:16,042 - INFO - === Layer 9 (afroxlmr) — Worst 5 (cosine) ===
2025-12-15 09:24:16,042 - INFO - 1. bbj: cos=0.9713
2025-12-15 09:24:16,042 - INFO - 2. swa: cos=0.9740
2025-12-15 09:24:16,042 - INFO - 3. yor: cos=0.9744
2025-12-15 09:24:16,043 - INFO - 4. fon: cos=0.9746
2025-12-15 09:24:16,043 - INFO - 5. mos: cos=0.9748
2025-12-15 09:24:16,162 - INFO - === Layer 10 (afroxlmr) — Top 5 (cosine) ===
2025-12-15 09:24:16,162 - INFO - 1. twi: cos=0.9916
2025-12-15 09:24:16,162 - INFO - 2. kin: cos=0.9880
2025-12-15 09:24:16,162 - INFO - 3. pcm: cos=0.9871
2025-12-15 09:24:16,162 - INFO - 4. luo: cos=0.9869
2025-12-15 09:24:16,162 - INFO - 5. swa: cos=0.9863
2025-12-15 09:24:16,162 - INFO - === Layer 10 (afroxlmr) — Worst 5 (cosine) ===
2025-12-15 09:24:16,162 - INFO - 1. xho: cos=0.9684
2025-12-15 09:24:16,162 - INFO - 2. bbj: cos=0.9714
2025-12-15 09:24:16,162 - INFO - 3. yor: cos=0.9742
2025-12-15 09:24:16,162 - INFO - 4. bam: cos=0.9745
2025-12-15 09:24:16,162 - INFO - 5. wol: cos=0.9760
2025-12-15 09:24:16,281 - INFO - === Layer 11 (afroxlmr) — Top 5 (cosine) ===
2025-12-15 09:24:16,281 - INFO - 1. twi: cos=0.9924
2025-12-15 09:24:16,281 - INFO - 2. kin: cos=0.9895
2025-12-15 09:24:16,281 - INFO - 3. pcm: cos=0.9888
2025-12-15 09:24:16,281 - INFO - 4. luo: cos=0.9883
2025-12-15 09:24:16,281 - INFO - 5. swa: cos=0.9878
2025-12-15 09:24:16,281 - INFO - === Layer 11 (afroxlmr) — Worst 5 (cosine) ===
2025-12-15 09:24:16,281 - INFO - 1. xho: cos=0.9718
2025-12-15 09:24:16,281 - INFO - 2. bbj: cos=0.9757
2025-12-15 09:24:16,281 - INFO - 3. bam: cos=0.9772
2025-12-15 09:24:16,281 - INFO - 4. yor: cos=0.9780
2025-12-15 09:24:16,281 - INFO - 5. wol: cos=0.9791
2025-12-15 09:24:16,401 - INFO - === Layer 12 (afroxlmr) — Top 5 (cosine) ===
2025-12-15 09:24:16,401 - INFO - 1. twi: cos=0.9888
2025-12-15 09:24:16,401 - INFO - 2. kin: cos=0.9859
2025-12-15 09:24:16,401 - INFO - 3. luo: cos=0.9839
2025-12-15 09:24:16,401 - INFO - 4. pcm: cos=0.9828
2025-12-15 09:24:16,401 - INFO - 5. tsn: cos=0.9820
2025-12-15 09:24:16,401 - INFO - === Layer 12 (afroxlmr) — Worst 5 (cosine) ===
2025-12-15 09:24:16,401 - INFO - 1. xho: cos=0.9660
2025-12-15 09:24:16,401 - INFO - 2. bam: cos=0.9675
2025-12-15 09:24:16,401 - INFO - 3. yor: cos=0.9678
2025-12-15 09:24:16,401 - INFO - 4. bbj: cos=0.9693
2025-12-15 09:24:16,401 - INFO - 5. sna: cos=0.9716
2025-12-15 09:24:16,402 - INFO - Experiment finished successfully.
