2025-08-03 05:26:30,255 - INFO - Experiment started with model_type=xlmr, use_cls=False, use_context=True, context_window=0, use_hybrid=False, max_tokens_per_type=300, output_dir=rq2_train_scripts/Embeddings/MEXA_inspired_strategy/outputs/mptc/xlmr/config_2_clsfalse_ctxtrue_hybfalse/tokens_300_ctx0
2025-08-03 05:26:31,715 - INFO - Processing run
2025-08-03 05:26:33,513 - INFO - Processing bam
2025-08-03 05:26:35,981 - INFO - Processing bbj
2025-08-03 05:26:38,501 - INFO - Processing ewe
2025-08-03 05:26:41,019 - INFO - Processing fon
2025-08-03 05:26:43,560 - INFO - Processing hau
2025-08-03 05:26:46,074 - INFO - Processing ibo
2025-08-03 05:26:48,647 - INFO - Processing kin
2025-08-03 05:26:51,184 - INFO - Processing lug
2025-08-03 05:26:53,687 - INFO - Processing luo
2025-08-03 05:26:56,210 - INFO - Processing mos
2025-08-03 05:26:58,746 - INFO - Processing nya
2025-08-03 05:27:01,297 - INFO - Processing pcm
2025-08-03 05:27:03,807 - INFO - Processing sna
2025-08-03 05:27:06,346 - INFO - Processing swa
2025-08-03 05:27:08,866 - INFO - Processing tsn
2025-08-03 05:27:11,378 - INFO - Processing twi
2025-08-03 05:27:13,898 - INFO - Processing wol
2025-08-03 05:27:16,439 - INFO - Processing xho
2025-08-03 05:27:18,964 - INFO - Processing yor
2025-08-03 05:27:21,536 - INFO - Processing zul
2025-08-03 05:27:24,508 - INFO - Top 5 languages most similar to Runyankore:
2025-08-03 05:27:24,509 - INFO - 1. luo - Mean Similarity: 0.9969
2025-08-03 05:27:24,509 - INFO - 2. twi - Mean Similarity: 0.9968
2025-08-03 05:27:24,509 - INFO - 3. kin - Mean Similarity: 0.9967
2025-08-03 05:27:24,509 - INFO - 4. lug - Mean Similarity: 0.9967
2025-08-03 05:27:24,509 - INFO - 5. tsn - Mean Similarity: 0.9967
2025-08-03 05:27:24,509 - INFO - Experiment finished successfully.
