2025-08-24 10:16:47,317 - INFO - Start: model_type=xlmr, run_both=False, use_cls=True, use_context=False, context_window=2, max_tokens_per_type=500, batch_size=32, seed=1, num_middle_layers=3, output_dir=rq2_train_scripts/Embeddings/EXTENDED/outputs/salt_extended/xlmr/config_1_clstrue_ctxfalse_hybfalse/tokens_500_ctx2
2025-08-24 10:16:47,863 - INFO - xlmr: selected layer indices (hidden_states) = [2, 3, 10, 12]
2025-08-24 10:16:49,480 - INFO - Processing run
2025-08-24 10:16:50,118 - INFO - Processing bam
2025-08-24 10:16:50,416 - INFO - Processing bbj
2025-08-24 10:16:50,703 - INFO - Processing ewe
2025-08-24 10:16:50,987 - INFO - Processing fon
2025-08-24 10:16:51,271 - INFO - Processing hau
2025-08-24 10:16:51,558 - INFO - Processing ibo
2025-08-24 10:16:51,886 - INFO - Processing kin
2025-08-24 10:16:52,187 - INFO - Processing lug
2025-08-24 10:16:52,478 - INFO - Processing luo
2025-08-24 10:16:52,764 - INFO - Processing mos
2025-08-24 10:16:53,073 - INFO - Processing nya
2025-08-24 10:16:53,387 - INFO - Processing pcm
2025-08-24 10:16:53,633 - INFO - Processing sna
2025-08-24 10:16:53,938 - INFO - Processing swa
2025-08-24 10:16:54,204 - INFO - Processing tsn
2025-08-24 10:16:54,484 - INFO - Processing twi
2025-08-24 10:16:54,792 - INFO - Processing wol
2025-08-24 10:16:55,097 - INFO - Processing xho
2025-08-24 10:16:55,376 - INFO - Processing yor
2025-08-24 10:16:55,704 - INFO - Processing zul
2025-08-24 10:16:56,339 - INFO - Layer 2 (xlmr) — Top 5
2025-08-24 10:16:56,339 - INFO - 1. kin: r=1.0000
2025-08-24 10:16:56,339 - INFO - 2. luo: r=1.0000
2025-08-24 10:16:56,339 - INFO - 3. twi: r=1.0000
2025-08-24 10:16:56,339 - INFO - 4. tsn: r=1.0000
2025-08-24 10:16:56,339 - INFO - 5. ewe: r=1.0000
2025-08-24 10:16:56,339 - INFO - Layer 2 (xlmr) — Worst 5
2025-08-24 10:16:56,339 - INFO - 1. bam: r=0.9999
2025-08-24 10:16:56,339 - INFO - 2. fon: r=0.9999
2025-08-24 10:16:56,339 - INFO - 3. bbj: r=0.9999
2025-08-24 10:16:56,339 - INFO - 4. mos: r=1.0000
2025-08-24 10:16:56,339 - INFO - 5. pcm: r=1.0000
2025-08-24 10:16:56,455 - INFO - Layer 3 (xlmr) — Top 5
2025-08-24 10:16:56,455 - INFO - 1. kin: r=1.0000
2025-08-24 10:16:56,455 - INFO - 2. twi: r=1.0000
2025-08-24 10:16:56,455 - INFO - 3. luo: r=1.0000
2025-08-24 10:16:56,455 - INFO - 4. tsn: r=1.0000
2025-08-24 10:16:56,455 - INFO - 5. ewe: r=1.0000
2025-08-24 10:16:56,455 - INFO - Layer 3 (xlmr) — Worst 5
2025-08-24 10:16:56,455 - INFO - 1. bbj: r=1.0000
2025-08-24 10:16:56,455 - INFO - 2. fon: r=1.0000
2025-08-24 10:16:56,455 - INFO - 3. bam: r=1.0000
2025-08-24 10:16:56,455 - INFO - 4. mos: r=1.0000
2025-08-24 10:16:56,455 - INFO - 5. yor: r=1.0000
2025-08-24 10:16:56,572 - INFO - Layer 10 (xlmr) — Top 5
2025-08-24 10:16:56,572 - INFO - 1. swa: r=1.0000
2025-08-24 10:16:56,572 - INFO - 2. lug: r=1.0000
2025-08-24 10:16:56,572 - INFO - 3. kin: r=1.0000
2025-08-24 10:16:56,572 - INFO - 4. luo: r=1.0000
2025-08-24 10:16:56,572 - INFO - 5. twi: r=1.0000
2025-08-24 10:16:56,572 - INFO - Layer 10 (xlmr) — Worst 5
2025-08-24 10:16:56,572 - INFO - 1. fon: r=1.0000
2025-08-24 10:16:56,572 - INFO - 2. hau: r=1.0000
2025-08-24 10:16:56,572 - INFO - 3. pcm: r=1.0000
2025-08-24 10:16:56,572 - INFO - 4. ibo: r=1.0000
2025-08-24 10:16:56,572 - INFO - 5. bam: r=1.0000
2025-08-24 10:16:56,688 - INFO - Layer 12 (xlmr) — Top 5
2025-08-24 10:16:56,688 - INFO - 1. lug: r=1.0000
2025-08-24 10:16:56,688 - INFO - 2. twi: r=0.9999
2025-08-24 10:16:56,688 - INFO - 3. nya: r=0.9999
2025-08-24 10:16:56,688 - INFO - 4. kin: r=0.9999
2025-08-24 10:16:56,688 - INFO - 5. mos: r=0.9999
2025-08-24 10:16:56,688 - INFO - Layer 12 (xlmr) — Worst 5
2025-08-24 10:16:56,688 - INFO - 1. hau: r=0.9964
2025-08-24 10:16:56,688 - INFO - 2. fon: r=0.9994
2025-08-24 10:16:56,688 - INFO - 3. pcm: r=0.9995
2025-08-24 10:16:56,688 - INFO - 4. ibo: r=0.9997
2025-08-24 10:16:56,688 - INFO - 5. yor: r=0.9998
2025-08-24 10:16:56,689 - INFO - Experiment finished successfully.
