2025-08-27 07:50:06,543 - INFO - Start: model_type=xlmr, use_cls=True, use_context=True, context_window=3, max_tokens_per_type=500, batch_size=64, output_dir=rq2_train_scripts/Embeddings/CLEAN/outputs/combined/xlmr/config_3_clstrue_ctxtrue/tokens_500_ctx3, save_prototypes=False, seed=42, fp16=True, max_length=96, langs=all, layers=all, span_mode=bio, pool=mean, entity_tags={'PER', 'ORG', 'DATE', 'LOC'}, title_suffix='L=all, tokens=500, ctx=3, cls=true, fp16=true'
2025-08-27 07:50:08,921 - INFO - Processing run
2025-08-27 07:50:09,385 - INFO - Processing bam
2025-08-27 07:50:09,454 - INFO - Processing bbj
2025-08-27 07:50:09,508 - INFO - Processing ewe
2025-08-27 07:50:09,568 - INFO - Processing fon
2025-08-27 07:50:09,639 - INFO - Processing hau
2025-08-27 07:50:09,709 - INFO - Processing ibo
2025-08-27 07:50:09,808 - INFO - Processing kin
2025-08-27 07:50:09,887 - INFO - Processing lug
2025-08-27 07:50:09,956 - INFO - Processing luo
2025-08-27 07:50:10,025 - INFO - Processing mos
2025-08-27 07:50:10,109 - INFO - Processing nya
2025-08-27 07:50:10,193 - INFO - Processing pcm
2025-08-27 07:50:10,247 - INFO - Processing sna
2025-08-27 07:50:10,306 - INFO - Processing swa
2025-08-27 07:50:10,385 - INFO - Processing tsn
2025-08-27 07:50:10,443 - INFO - Processing twi
2025-08-27 07:50:10,512 - INFO - Processing wol
2025-08-27 07:50:10,604 - INFO - Processing xho
2025-08-27 07:50:10,666 - INFO - Processing yor
2025-08-27 07:50:10,774 - INFO - Processing zul
2025-08-27 07:50:11,292 - INFO - === Layer 1 (xlmr) — Top 5 (cosine) ===
2025-08-27 07:50:11,292 - INFO - 1. lug: cos=1.0000
2025-08-27 07:50:11,292 - INFO - 2. kin: cos=1.0000
2025-08-27 07:50:11,292 - INFO - 3. sna: cos=1.0000
2025-08-27 07:50:11,292 - INFO - 4. nya: cos=1.0000
2025-08-27 07:50:11,292 - INFO - 5. tsn: cos=1.0000
2025-08-27 07:50:11,292 - INFO - === Layer 1 (xlmr) — Worst 5 (cosine) ===
2025-08-27 07:50:11,292 - INFO - 1. bam: cos=0.9997
2025-08-27 07:50:11,292 - INFO - 2. fon: cos=0.9998
2025-08-27 07:50:11,292 - INFO - 3. ewe: cos=0.9999
2025-08-27 07:50:11,292 - INFO - 4. yor: cos=0.9999
2025-08-27 07:50:11,292 - INFO - 5. mos: cos=0.9999
2025-08-27 07:50:11,421 - INFO - === Layer 2 (xlmr) — Top 5 (cosine) ===
2025-08-27 07:50:11,421 - INFO - 1. kin: cos=1.0000
2025-08-27 07:50:11,421 - INFO - 2. lug: cos=1.0000
2025-08-27 07:50:11,421 - INFO - 3. nya: cos=1.0000
2025-08-27 07:50:11,421 - INFO - 4. sna: cos=1.0000
2025-08-27 07:50:11,421 - INFO - 5. luo: cos=1.0000
2025-08-27 07:50:11,421 - INFO - === Layer 2 (xlmr) — Worst 5 (cosine) ===
2025-08-27 07:50:11,421 - INFO - 1. bam: cos=1.0000
2025-08-27 07:50:11,421 - INFO - 2. fon: cos=1.0000
2025-08-27 07:50:11,421 - INFO - 3. hau: cos=1.0000
2025-08-27 07:50:11,421 - INFO - 4. yor: cos=1.0000
2025-08-27 07:50:11,421 - INFO - 5. swa: cos=1.0000
2025-08-27 07:50:11,551 - INFO - === Layer 3 (xlmr) — Top 5 (cosine) ===
2025-08-27 07:50:11,551 - INFO - 1. kin: cos=1.0000
2025-08-27 07:50:11,551 - INFO - 2. sna: cos=1.0000
2025-08-27 07:50:11,551 - INFO - 3. lug: cos=1.0000
2025-08-27 07:50:11,551 - INFO - 4. nya: cos=1.0000
2025-08-27 07:50:11,551 - INFO - 5. xho: cos=1.0000
2025-08-27 07:50:11,552 - INFO - === Layer 3 (xlmr) — Worst 5 (cosine) ===
2025-08-27 07:50:11,552 - INFO - 1. pcm: cos=1.0000
2025-08-27 07:50:11,552 - INFO - 2. swa: cos=1.0000
2025-08-27 07:50:11,552 - INFO - 3. fon: cos=1.0000
2025-08-27 07:50:11,552 - INFO - 4. ewe: cos=1.0000
2025-08-27 07:50:11,552 - INFO - 5. yor: cos=1.0000
2025-08-27 07:50:11,682 - INFO - === Layer 4 (xlmr) — Top 5 (cosine) ===
2025-08-27 07:50:11,682 - INFO - 1. zul: cos=1.0000
2025-08-27 07:50:11,682 - INFO - 2. ibo: cos=1.0000
2025-08-27 07:50:11,682 - INFO - 3. lug: cos=1.0000
2025-08-27 07:50:11,682 - INFO - 4. wol: cos=1.0000
2025-08-27 07:50:11,682 - INFO - 5. mos: cos=1.0000
2025-08-27 07:50:11,682 - INFO - === Layer 4 (xlmr) — Worst 5 (cosine) ===
2025-08-27 07:50:11,682 - INFO - 1. pcm: cos=1.0000
2025-08-27 07:50:11,682 - INFO - 2. hau: cos=1.0000
2025-08-27 07:50:11,682 - INFO - 3. swa: cos=1.0000
2025-08-27 07:50:11,682 - INFO - 4. sna: cos=1.0000
2025-08-27 07:50:11,682 - INFO - 5. fon: cos=1.0000
2025-08-27 07:50:11,811 - INFO - === Layer 5 (xlmr) — Top 5 (cosine) ===
2025-08-27 07:50:11,811 - INFO - 1. lug: cos=1.0000
2025-08-27 07:50:11,811 - INFO - 2. kin: cos=1.0000
2025-08-27 07:50:11,811 - INFO - 3. sna: cos=1.0000
2025-08-27 07:50:11,811 - INFO - 4. nya: cos=1.0000
2025-08-27 07:50:11,811 - INFO - 5. xho: cos=1.0000
2025-08-27 07:50:11,811 - INFO - === Layer 5 (xlmr) — Worst 5 (cosine) ===
2025-08-27 07:50:11,811 - INFO - 1. bam: cos=1.0000
2025-08-27 07:50:11,811 - INFO - 2. fon: cos=1.0000
2025-08-27 07:50:11,811 - INFO - 3. twi: cos=1.0000
2025-08-27 07:50:11,811 - INFO - 4. bbj: cos=1.0000
2025-08-27 07:50:11,811 - INFO - 5. swa: cos=1.0000
2025-08-27 07:50:11,939 - INFO - === Layer 6 (xlmr) — Top 5 (cosine) ===
2025-08-27 07:50:11,939 - INFO - 1. lug: cos=1.0000
2025-08-27 07:50:11,939 - INFO - 2. kin: cos=1.0000
2025-08-27 07:50:11,939 - INFO - 3. sna: cos=1.0000
2025-08-27 07:50:11,939 - INFO - 4. nya: cos=1.0000
2025-08-27 07:50:11,939 - INFO - 5. zul: cos=1.0000
2025-08-27 07:50:11,939 - INFO - === Layer 6 (xlmr) — Worst 5 (cosine) ===
2025-08-27 07:50:11,939 - INFO - 1. bam: cos=1.0000
2025-08-27 07:50:11,939 - INFO - 2. fon: cos=1.0000
2025-08-27 07:50:11,939 - INFO - 3. twi: cos=1.0000
2025-08-27 07:50:11,939 - INFO - 4. bbj: cos=1.0000
2025-08-27 07:50:11,939 - INFO - 5. swa: cos=1.0000
2025-08-27 07:50:12,067 - INFO - === Layer 7 (xlmr) — Top 5 (cosine) ===
2025-08-27 07:50:12,067 - INFO - 1. ibo: cos=1.0000
2025-08-27 07:50:12,067 - INFO - 2. lug: cos=1.0000
2025-08-27 07:50:12,067 - INFO - 3. luo: cos=1.0000
2025-08-27 07:50:12,067 - INFO - 4. xho: cos=1.0000
2025-08-27 07:50:12,067 - INFO - 5. fon: cos=1.0000
2025-08-27 07:50:12,067 - INFO - === Layer 7 (xlmr) — Worst 5 (cosine) ===
2025-08-27 07:50:12,068 - INFO - 1. yor: cos=1.0000
2025-08-27 07:50:12,068 - INFO - 2. hau: cos=1.0000
2025-08-27 07:50:12,068 - INFO - 3. sna: cos=1.0000
2025-08-27 07:50:12,068 - INFO - 4. bam: cos=1.0000
2025-08-27 07:50:12,068 - INFO - 5. ewe: cos=1.0000
2025-08-27 07:50:12,195 - INFO - === Layer 8 (xlmr) — Top 5 (cosine) ===
2025-08-27 07:50:12,195 - INFO - 1. luo: cos=1.0000
2025-08-27 07:50:12,195 - INFO - 2. sna: cos=1.0000
2025-08-27 07:50:12,195 - INFO - 3. lug: cos=1.0000
2025-08-27 07:50:12,195 - INFO - 4. xho: cos=1.0000
2025-08-27 07:50:12,195 - INFO - 5. ibo: cos=1.0000
2025-08-27 07:50:12,195 - INFO - === Layer 8 (xlmr) — Worst 5 (cosine) ===
2025-08-27 07:50:12,195 - INFO - 1. bbj: cos=1.0000
2025-08-27 07:50:12,195 - INFO - 2. swa: cos=1.0000
2025-08-27 07:50:12,195 - INFO - 3. hau: cos=1.0000
2025-08-27 07:50:12,195 - INFO - 4. mos: cos=1.0000
2025-08-27 07:50:12,195 - INFO - 5. pcm: cos=1.0000
2025-08-27 07:50:12,391 - INFO - === Layer 9 (xlmr) — Top 5 (cosine) ===
2025-08-27 07:50:12,392 - INFO - 1. ibo: cos=1.0000
2025-08-27 07:50:12,392 - INFO - 2. twi: cos=1.0000
2025-08-27 07:50:12,392 - INFO - 3. lug: cos=1.0000
2025-08-27 07:50:12,392 - INFO - 4. xho: cos=1.0000
2025-08-27 07:50:12,392 - INFO - 5. luo: cos=1.0000
2025-08-27 07:50:12,392 - INFO - === Layer 9 (xlmr) — Worst 5 (cosine) ===
2025-08-27 07:50:12,392 - INFO - 1. ewe: cos=1.0000
2025-08-27 07:50:12,392 - INFO - 2. yor: cos=1.0000
2025-08-27 07:50:12,392 - INFO - 3. zul: cos=1.0000
2025-08-27 07:50:12,392 - INFO - 4. nya: cos=1.0000
2025-08-27 07:50:12,392 - INFO - 5. mos: cos=1.0000
2025-08-27 07:50:12,519 - INFO - === Layer 10 (xlmr) — Top 5 (cosine) ===
2025-08-27 07:50:12,519 - INFO - 1. ibo: cos=1.0000
2025-08-27 07:50:12,519 - INFO - 2. kin: cos=1.0000
2025-08-27 07:50:12,519 - INFO - 3. twi: cos=1.0000
2025-08-27 07:50:12,519 - INFO - 4. sna: cos=1.0000
2025-08-27 07:50:12,519 - INFO - 5. hau: cos=1.0000
2025-08-27 07:50:12,519 - INFO - === Layer 10 (xlmr) — Worst 5 (cosine) ===
2025-08-27 07:50:12,519 - INFO - 1. pcm: cos=1.0000
2025-08-27 07:50:12,519 - INFO - 2. luo: cos=1.0000
2025-08-27 07:50:12,519 - INFO - 3. tsn: cos=1.0000
2025-08-27 07:50:12,519 - INFO - 4. swa: cos=1.0000
2025-08-27 07:50:12,519 - INFO - 5. xho: cos=1.0000
2025-08-27 07:50:12,646 - INFO - === Layer 11 (xlmr) — Top 5 (cosine) ===
2025-08-27 07:50:12,646 - INFO - 1. kin: cos=1.0000
2025-08-27 07:50:12,646 - INFO - 2. nya: cos=1.0000
2025-08-27 07:50:12,646 - INFO - 3. sna: cos=1.0000
2025-08-27 07:50:12,646 - INFO - 4. tsn: cos=1.0000
2025-08-27 07:50:12,646 - INFO - 5. zul: cos=1.0000
2025-08-27 07:50:12,646 - INFO - === Layer 11 (xlmr) — Worst 5 (cosine) ===
2025-08-27 07:50:12,646 - INFO - 1. yor: cos=0.9999
2025-08-27 07:50:12,646 - INFO - 2. fon: cos=1.0000
2025-08-27 07:50:12,646 - INFO - 3. mos: cos=1.0000
2025-08-27 07:50:12,646 - INFO - 4. bbj: cos=1.0000
2025-08-27 07:50:12,646 - INFO - 5. pcm: cos=1.0000
2025-08-27 07:50:12,774 - INFO - === Layer 12 (xlmr) — Top 5 (cosine) ===
2025-08-27 07:50:12,774 - INFO - 1. sna: cos=0.9997
2025-08-27 07:50:12,774 - INFO - 2. pcm: cos=0.9995
2025-08-27 07:50:12,774 - INFO - 3. kin: cos=0.9994
2025-08-27 07:50:12,774 - INFO - 4. mos: cos=0.9991
2025-08-27 07:50:12,774 - INFO - 5. twi: cos=0.9989
2025-08-27 07:50:12,774 - INFO - === Layer 12 (xlmr) — Worst 5 (cosine) ===
2025-08-27 07:50:12,774 - INFO - 1. zul: cos=0.9835
2025-08-27 07:50:12,774 - INFO - 2. xho: cos=0.9888
2025-08-27 07:50:12,774 - INFO - 3. fon: cos=0.9941
2025-08-27 07:50:12,774 - INFO - 4. nya: cos=0.9961
2025-08-27 07:50:12,774 - INFO - 5. lug: cos=0.9968
2025-08-27 07:50:12,775 - INFO - Experiment finished successfully.
