2025-12-15 09:45:22,647 - INFO - Start: model_type=afroxlmr, use_cls=True, use_context=True, context_window=1, max_tokens_per_type=200, batch_size=64, output_dir=rq2_train_scripts/Embeddings/CLEAN/outputs/combined/afroxlmr/config_3_clstrue_ctxtrue/tokens_200_ctx1/core, save_prototypes=False, seed=42, fp16=True, max_length=96, langs=all, layers=all, span_mode=bio, pool=mean, entity_tags={'LOC', 'DATE', 'PER', 'ORG'}, title_suffix='L=all, tokens=200, ctx=1, cls=true, fp16=true'
2025-12-15 09:45:24,547 - INFO - Processing run
2025-12-15 09:45:24,927 - INFO - Processing bam
2025-12-15 09:45:24,968 - INFO - Processing bbj
2025-12-15 09:45:24,999 - INFO - Processing ewe
2025-12-15 09:45:25,034 - INFO - Processing fon
2025-12-15 09:45:25,081 - INFO - Processing hau
2025-12-15 09:45:25,147 - INFO - Processing ibo
2025-12-15 09:45:25,232 - INFO - Processing kin
2025-12-15 09:45:25,285 - INFO - Processing lug
2025-12-15 09:45:25,327 - INFO - Processing luo
2025-12-15 09:45:25,376 - INFO - Processing mos
2025-12-15 09:45:25,425 - INFO - Processing nya
2025-12-15 09:45:25,482 - INFO - Processing pcm
2025-12-15 09:45:25,527 - INFO - Processing sna
2025-12-15 09:45:25,576 - INFO - Processing swa
2025-12-15 09:45:25,629 - INFO - Processing tsn
2025-12-15 09:45:25,674 - INFO - Processing twi
2025-12-15 09:45:25,721 - INFO - Processing wol
2025-12-15 09:45:25,770 - INFO - Processing xho
2025-12-15 09:45:25,817 - INFO - Processing yor
2025-12-15 09:45:25,910 - INFO - Processing zul
2025-12-15 09:45:26,347 - INFO - === Layer 1 (afroxlmr) — Top 5 (cosine) ===
2025-12-15 09:45:26,347 - INFO - 1. wol: cos=0.9969
2025-12-15 09:45:26,348 - INFO - 2. zul: cos=0.9969
2025-12-15 09:45:26,348 - INFO - 3. twi: cos=0.9967
2025-12-15 09:45:26,348 - INFO - 4. ibo: cos=0.9966
2025-12-15 09:45:26,348 - INFO - 5. kin: cos=0.9966
2025-12-15 09:45:26,348 - INFO - === Layer 1 (afroxlmr) — Worst 5 (cosine) ===
2025-12-15 09:45:26,348 - INFO - 1. swa: cos=0.9902
2025-12-15 09:45:26,348 - INFO - 2. pcm: cos=0.9906
2025-12-15 09:45:26,348 - INFO - 3. fon: cos=0.9927
2025-12-15 09:45:26,348 - INFO - 4. hau: cos=0.9937
2025-12-15 09:45:26,348 - INFO - 5. ewe: cos=0.9951
2025-12-15 09:45:26,467 - INFO - === Layer 2 (afroxlmr) — Top 5 (cosine) ===
2025-12-15 09:45:26,467 - INFO - 1. zul: cos=1.0000
2025-12-15 09:45:26,467 - INFO - 2. ibo: cos=1.0000
2025-12-15 09:45:26,467 - INFO - 3. twi: cos=1.0000
2025-12-15 09:45:26,467 - INFO - 4. yor: cos=1.0000
2025-12-15 09:45:26,467 - INFO - 5. bam: cos=1.0000
2025-12-15 09:45:26,467 - INFO - === Layer 2 (afroxlmr) — Worst 5 (cosine) ===
2025-12-15 09:45:26,467 - INFO - 1. pcm: cos=0.9998
2025-12-15 09:45:26,467 - INFO - 2. swa: cos=0.9998
2025-12-15 09:45:26,467 - INFO - 3. hau: cos=0.9999
2025-12-15 09:45:26,467 - INFO - 4. fon: cos=0.9999
2025-12-15 09:45:26,467 - INFO - 5. tsn: cos=0.9999
2025-12-15 09:45:26,586 - INFO - === Layer 3 (afroxlmr) — Top 5 (cosine) ===
2025-12-15 09:45:26,586 - INFO - 1. twi: cos=1.0000
2025-12-15 09:45:26,586 - INFO - 2. zul: cos=1.0000
2025-12-15 09:45:26,586 - INFO - 3. ibo: cos=1.0000
2025-12-15 09:45:26,586 - INFO - 4. yor: cos=1.0000
2025-12-15 09:45:26,586 - INFO - 5. lug: cos=1.0000
2025-12-15 09:45:26,586 - INFO - === Layer 3 (afroxlmr) — Worst 5 (cosine) ===
2025-12-15 09:45:26,586 - INFO - 1. pcm: cos=1.0000
2025-12-15 09:45:26,586 - INFO - 2. swa: cos=1.0000
2025-12-15 09:45:26,586 - INFO - 3. ewe: cos=1.0000
2025-12-15 09:45:26,586 - INFO - 4. tsn: cos=1.0000
2025-12-15 09:45:26,586 - INFO - 5. hau: cos=1.0000
2025-12-15 09:45:26,705 - INFO - === Layer 4 (afroxlmr) — Top 5 (cosine) ===
2025-12-15 09:45:26,705 - INFO - 1. twi: cos=1.0000
2025-12-15 09:45:26,705 - INFO - 2. lug: cos=1.0000
2025-12-15 09:45:26,705 - INFO - 3. bam: cos=1.0000
2025-12-15 09:45:26,705 - INFO - 4. fon: cos=1.0000
2025-12-15 09:45:26,705 - INFO - 5. mos: cos=1.0000
2025-12-15 09:45:26,705 - INFO - === Layer 4 (afroxlmr) — Worst 5 (cosine) ===
2025-12-15 09:45:26,705 - INFO - 1. pcm: cos=1.0000
2025-12-15 09:45:26,705 - INFO - 2. swa: cos=1.0000
2025-12-15 09:45:26,705 - INFO - 3. ewe: cos=1.0000
2025-12-15 09:45:26,705 - INFO - 4. tsn: cos=1.0000
2025-12-15 09:45:26,705 - INFO - 5. wol: cos=1.0000
2025-12-15 09:45:26,824 - INFO - === Layer 5 (afroxlmr) — Top 5 (cosine) ===
2025-12-15 09:45:26,824 - INFO - 1. sna: cos=1.0000
2025-12-15 09:45:26,824 - INFO - 2. twi: cos=1.0000
2025-12-15 09:45:26,824 - INFO - 3. ibo: cos=1.0000
2025-12-15 09:45:26,824 - INFO - 4. lug: cos=1.0000
2025-12-15 09:45:26,824 - INFO - 5. zul: cos=1.0000
2025-12-15 09:45:26,824 - INFO - === Layer 5 (afroxlmr) — Worst 5 (cosine) ===
2025-12-15 09:45:26,824 - INFO - 1. yor: cos=1.0000
2025-12-15 09:45:26,824 - INFO - 2. wol: cos=1.0000
2025-12-15 09:45:26,824 - INFO - 3. kin: cos=1.0000
2025-12-15 09:45:26,824 - INFO - 4. pcm: cos=1.0000
2025-12-15 09:45:26,824 - INFO - 5. swa: cos=1.0000
2025-12-15 09:45:26,947 - INFO - === Layer 6 (afroxlmr) — Top 5 (cosine) ===
2025-12-15 09:45:26,947 - INFO - 1. sna: cos=1.0000
2025-12-15 09:45:26,947 - INFO - 2. ibo: cos=1.0000
2025-12-15 09:45:26,947 - INFO - 3. zul: cos=1.0000
2025-12-15 09:45:26,947 - INFO - 4. twi: cos=1.0000
2025-12-15 09:45:26,947 - INFO - 5. xho: cos=1.0000
2025-12-15 09:45:26,947 - INFO - === Layer 6 (afroxlmr) — Worst 5 (cosine) ===
2025-12-15 09:45:26,947 - INFO - 1. yor: cos=1.0000
2025-12-15 09:45:26,947 - INFO - 2. luo: cos=1.0000
2025-12-15 09:45:26,947 - INFO - 3. swa: cos=1.0000
2025-12-15 09:45:26,947 - INFO - 4. kin: cos=1.0000
2025-12-15 09:45:26,947 - INFO - 5. wol: cos=1.0000
2025-12-15 09:45:27,066 - INFO - === Layer 7 (afroxlmr) — Top 5 (cosine) ===
2025-12-15 09:45:27,066 - INFO - 1. lug: cos=1.0000
2025-12-15 09:45:27,066 - INFO - 2. twi: cos=1.0000
2025-12-15 09:45:27,066 - INFO - 3. hau: cos=1.0000
2025-12-15 09:45:27,066 - INFO - 4. mos: cos=1.0000
2025-12-15 09:45:27,066 - INFO - 5. nya: cos=1.0000
2025-12-15 09:45:27,066 - INFO - === Layer 7 (afroxlmr) — Worst 5 (cosine) ===
2025-12-15 09:45:27,066 - INFO - 1. zul: cos=1.0000
2025-12-15 09:45:27,066 - INFO - 2. pcm: cos=1.0000
2025-12-15 09:45:27,066 - INFO - 3. bbj: cos=1.0000
2025-12-15 09:45:27,066 - INFO - 4. bam: cos=1.0000
2025-12-15 09:45:27,066 - INFO - 5. swa: cos=1.0000
2025-12-15 09:45:27,247 - INFO - === Layer 8 (afroxlmr) — Top 5 (cosine) ===
2025-12-15 09:45:27,247 - INFO - 1. lug: cos=0.9998
2025-12-15 09:45:27,247 - INFO - 2. nya: cos=0.9996
2025-12-15 09:45:27,247 - INFO - 3. bam: cos=0.9996
2025-12-15 09:45:27,247 - INFO - 4. twi: cos=0.9996
2025-12-15 09:45:27,247 - INFO - 5. tsn: cos=0.9995
2025-12-15 09:45:27,247 - INFO - === Layer 8 (afroxlmr) — Worst 5 (cosine) ===
2025-12-15 09:45:27,247 - INFO - 1. zul: cos=0.9990
2025-12-15 09:45:27,247 - INFO - 2. xho: cos=0.9991
2025-12-15 09:45:27,247 - INFO - 3. ewe: cos=0.9991
2025-12-15 09:45:27,247 - INFO - 4. mos: cos=0.9992
2025-12-15 09:45:27,247 - INFO - 5. hau: cos=0.9992
2025-12-15 09:45:27,367 - INFO - === Layer 9 (afroxlmr) — Top 5 (cosine) ===
2025-12-15 09:45:27,367 - INFO - 1. bam: cos=0.9982
2025-12-15 09:45:27,367 - INFO - 2. twi: cos=0.9976
2025-12-15 09:45:27,367 - INFO - 3. lug: cos=0.9975
2025-12-15 09:45:27,367 - INFO - 4. sna: cos=0.9965
2025-12-15 09:45:27,367 - INFO - 5. pcm: cos=0.9960
2025-12-15 09:45:27,367 - INFO - === Layer 9 (afroxlmr) — Worst 5 (cosine) ===
2025-12-15 09:45:27,367 - INFO - 1. zul: cos=0.9805
2025-12-15 09:45:27,367 - INFO - 2. ewe: cos=0.9859
2025-12-15 09:45:27,367 - INFO - 3. tsn: cos=0.9887
2025-12-15 09:45:27,367 - INFO - 4. mos: cos=0.9888
2025-12-15 09:45:27,367 - INFO - 5. bbj: cos=0.9903
2025-12-15 09:45:27,485 - INFO - === Layer 10 (afroxlmr) — Top 5 (cosine) ===
2025-12-15 09:45:27,485 - INFO - 1. bam: cos=0.9992
2025-12-15 09:45:27,485 - INFO - 2. pcm: cos=0.9982
2025-12-15 09:45:27,485 - INFO - 3. sna: cos=0.9976
2025-12-15 09:45:27,486 - INFO - 4. twi: cos=0.9969
2025-12-15 09:45:27,486 - INFO - 5. xho: cos=0.9950
2025-12-15 09:45:27,486 - INFO - === Layer 10 (afroxlmr) — Worst 5 (cosine) ===
2025-12-15 09:45:27,486 - INFO - 1. zul: cos=0.9841
2025-12-15 09:45:27,486 - INFO - 2. tsn: cos=0.9852
2025-12-15 09:45:27,486 - INFO - 3. wol: cos=0.9859
2025-12-15 09:45:27,486 - INFO - 4. kin: cos=0.9871
2025-12-15 09:45:27,486 - INFO - 5. mos: cos=0.9878
2025-12-15 09:45:27,604 - INFO - === Layer 11 (afroxlmr) — Top 5 (cosine) ===
2025-12-15 09:45:27,604 - INFO - 1. twi: cos=0.9970
2025-12-15 09:45:27,604 - INFO - 2. lug: cos=0.9964
2025-12-15 09:45:27,604 - INFO - 3. sna: cos=0.9943
2025-12-15 09:45:27,604 - INFO - 4. luo: cos=0.9936
2025-12-15 09:45:27,604 - INFO - 5. pcm: cos=0.9927
2025-12-15 09:45:27,604 - INFO - === Layer 11 (afroxlmr) — Worst 5 (cosine) ===
2025-12-15 09:45:27,604 - INFO - 1. bam: cos=0.9818
2025-12-15 09:45:27,604 - INFO - 2. tsn: cos=0.9843
2025-12-15 09:45:27,604 - INFO - 3. yor: cos=0.9877
2025-12-15 09:45:27,604 - INFO - 4. fon: cos=0.9884
2025-12-15 09:45:27,604 - INFO - 5. swa: cos=0.9893
2025-12-15 09:45:27,722 - INFO - === Layer 12 (afroxlmr) — Top 5 (cosine) ===
2025-12-15 09:45:27,722 - INFO - 1. kin: cos=0.9099
2025-12-15 09:45:27,722 - INFO - 2. lug: cos=0.9045
2025-12-15 09:45:27,722 - INFO - 3. tsn: cos=0.9030
2025-12-15 09:45:27,722 - INFO - 4. wol: cos=0.8967
2025-12-15 09:45:27,722 - INFO - 5. nya: cos=0.8929
2025-12-15 09:45:27,722 - INFO - === Layer 12 (afroxlmr) — Worst 5 (cosine) ===
2025-12-15 09:45:27,722 - INFO - 1. bbj: cos=0.7719
2025-12-15 09:45:27,722 - INFO - 2. hau: cos=0.7890
2025-12-15 09:45:27,722 - INFO - 3. yor: cos=0.7961
2025-12-15 09:45:27,722 - INFO - 4. xho: cos=0.8242
2025-12-15 09:45:27,722 - INFO - 5. fon: cos=0.8253
2025-12-15 09:45:27,723 - INFO - Experiment finished successfully.
