2025-08-03 00:13:54,362 - INFO - Experiment started with model_type=mbert, use_cls=False, use_context=True, context_window=1, use_hybrid=False, max_tokens_per_type=400, output_dir=rq2_train_scripts/Embeddings/MEXA_inspired_strategy/outputs/salt/mbert/config_2_clsfalse_ctxtrue_hybfalse/tokens_400_ctx1
2025-08-03 00:13:55,753 - INFO - Processing run
2025-08-03 00:14:10,788 - INFO - Processing bam
2025-08-03 00:14:25,292 - INFO - Processing bbj
2025-08-03 00:14:41,226 - INFO - Processing ewe
2025-08-03 00:14:56,215 - INFO - Processing fon
2025-08-03 00:15:12,260 - INFO - Processing hau
2025-08-03 00:15:28,677 - INFO - Processing ibo
2025-08-03 00:15:44,676 - INFO - Processing kin
2025-08-03 00:15:59,806 - INFO - Processing lug
2025-08-03 00:16:15,767 - INFO - Processing luo
2025-08-03 00:16:30,974 - INFO - Processing mos
2025-08-03 00:16:46,128 - INFO - Processing nya
2025-08-03 00:17:02,066 - INFO - Processing pcm
2025-08-03 00:17:17,571 - INFO - Processing sna
2025-08-03 00:17:33,076 - INFO - Processing swa
2025-08-03 00:17:49,022 - INFO - Processing tsn
2025-08-03 00:18:04,990 - INFO - Processing twi
2025-08-03 00:18:19,906 - INFO - Processing wol
2025-08-03 00:18:35,046 - INFO - Processing xho
2025-08-03 00:18:50,974 - INFO - Processing yor
2025-08-03 00:19:06,969 - INFO - Processing zul
2025-08-03 00:19:23,133 - INFO - Top 5 languages most similar to Runyankore:
2025-08-03 00:19:23,133 - INFO - 1. lug - Mean Similarity: 0.9410
2025-08-03 00:19:23,133 - INFO - 2. kin - Mean Similarity: 0.9335
2025-08-03 00:19:23,133 - INFO - 3. sna - Mean Similarity: 0.9036
2025-08-03 00:19:23,133 - INFO - 4. luo - Mean Similarity: 0.9035
2025-08-03 00:19:23,133 - INFO - 5. nya - Mean Similarity: 0.9032
2025-08-03 00:19:23,133 - INFO - Experiment finished successfully.
