2025-08-03 02:25:28,916 - INFO - Experiment started with model_type=mbert, use_cls=True, use_context=True, context_window=0, use_hybrid=False, max_tokens_per_type=300, output_dir=rq2_train_scripts/Embeddings/MEXA_inspired_strategy/outputs/salt/mbert/config_4_clstrue_ctxtrue_hybfalse/tokens_300_ctx0
2025-08-03 02:25:30,382 - INFO - Processing run
2025-08-03 02:25:42,698 - INFO - Processing bam
2025-08-03 02:25:54,182 - INFO - Processing bbj
2025-08-03 02:26:06,617 - INFO - Processing ewe
2025-08-03 02:26:18,785 - INFO - Processing fon
2025-08-03 02:26:30,412 - INFO - Processing hau
2025-08-03 02:26:41,568 - INFO - Processing ibo
2025-08-03 02:26:53,405 - INFO - Processing kin
2025-08-03 02:27:05,081 - INFO - Processing lug
2025-08-03 02:27:17,068 - INFO - Processing luo
2025-08-03 02:27:28,753 - INFO - Processing mos
2025-08-03 02:27:40,806 - INFO - Processing nya
2025-08-03 02:27:52,929 - INFO - Processing pcm
2025-08-03 02:28:05,327 - INFO - Processing sna
2025-08-03 02:28:17,083 - INFO - Processing swa
2025-08-03 02:28:28,921 - INFO - Processing tsn
2025-08-03 02:28:41,007 - INFO - Processing twi
2025-08-03 02:28:52,659 - INFO - Processing wol
2025-08-03 02:29:04,825 - INFO - Processing xho
2025-08-03 02:29:16,118 - INFO - Processing yor
2025-08-03 02:29:27,759 - INFO - Processing zul
2025-08-03 02:29:39,546 - INFO - Top 5 languages most similar to Runyankore:
2025-08-03 02:29:39,546 - INFO - 1. lug - Mean Similarity: 0.9816
2025-08-03 02:29:39,546 - INFO - 2. twi - Mean Similarity: 0.9754
2025-08-03 02:29:39,546 - INFO - 3. luo - Mean Similarity: 0.9719
2025-08-03 02:29:39,546 - INFO - 4. swa - Mean Similarity: 0.9710
2025-08-03 02:29:39,546 - INFO - 5. kin - Mean Similarity: 0.9707
2025-08-03 02:29:39,546 - INFO - Experiment finished successfully.
