2025-08-03 05:49:16,070 - INFO - Experiment started with model_type=xlmr, use_cls=False, use_context=False, context_window=1, use_hybrid=True, max_tokens_per_type=400, output_dir=rq2_train_scripts/Embeddings/MEXA_inspired_strategy/outputs/mptc/xlmr/config_3_clsfalse_ctxfalse_hybtrue/tokens_400_ctx1
2025-08-03 05:49:17,979 - INFO - Processing run
2025-08-03 05:49:19,982 - INFO - Processing bam
2025-08-03 05:49:23,066 - INFO - Processing bbj
2025-08-03 05:49:26,423 - INFO - Processing ewe
2025-08-03 05:49:29,735 - INFO - Processing fon
2025-08-03 05:49:33,091 - INFO - Processing hau
2025-08-03 05:49:36,437 - INFO - Processing ibo
2025-08-03 05:49:39,816 - INFO - Processing kin
2025-08-03 05:49:43,196 - INFO - Processing lug
2025-08-03 05:49:46,530 - INFO - Processing luo
2025-08-03 05:49:49,864 - INFO - Processing mos
2025-08-03 05:49:53,204 - INFO - Processing nya
2025-08-03 05:49:56,548 - INFO - Processing pcm
2025-08-03 05:49:59,847 - INFO - Processing sna
2025-08-03 05:50:03,195 - INFO - Processing swa
2025-08-03 05:50:06,499 - INFO - Processing tsn
2025-08-03 05:50:09,795 - INFO - Processing twi
2025-08-03 05:50:13,117 - INFO - Processing wol
2025-08-03 05:50:16,461 - INFO - Processing xho
2025-08-03 05:50:19,790 - INFO - Processing yor
2025-08-03 05:50:23,183 - INFO - Processing zul
2025-08-03 05:50:27,029 - INFO - Top 5 languages most similar to Runyankore:
2025-08-03 05:50:27,030 - INFO - 1. lug - Mean Similarity: 0.7679
2025-08-03 05:50:27,030 - INFO - 2. kin - Mean Similarity: 0.7554
2025-08-03 05:50:27,030 - INFO - 3. twi - Mean Similarity: 0.7525
2025-08-03 05:50:27,030 - INFO - 4. luo - Mean Similarity: 0.7525
2025-08-03 05:50:27,030 - INFO - 5. ibo - Mean Similarity: 0.7470
2025-08-03 05:50:27,030 - INFO - Experiment finished successfully.
