2025-08-02 23:25:11,496 - INFO - Experiment started with model_type=mbert, use_cls=False, use_context=True, context_window=3, use_hybrid=True, max_tokens_per_type=300, output_dir=rq2_train_scripts/Embeddings/MEXA_inspired_strategy/outputs/combined/mbert/config_6_clsfalse_ctxtrue_hybtrue/tokens_300_ctx3
2025-08-02 23:25:12,665 - INFO - Processing run
2025-08-02 23:25:15,328 - INFO - Processing bam
2025-08-02 23:25:17,597 - INFO - Processing bbj
2025-08-02 23:25:19,895 - INFO - Processing ewe
2025-08-02 23:25:22,192 - INFO - Processing fon
2025-08-02 23:25:24,505 - INFO - Processing hau
2025-08-02 23:25:26,830 - INFO - Processing ibo
2025-08-02 23:25:29,196 - INFO - Processing kin
2025-08-02 23:25:31,537 - INFO - Processing lug
2025-08-02 23:25:33,850 - INFO - Processing luo
2025-08-02 23:25:36,180 - INFO - Processing mos
2025-08-02 23:25:38,504 - INFO - Processing nya
2025-08-02 23:25:40,848 - INFO - Processing pcm
2025-08-02 23:25:43,167 - INFO - Processing sna
2025-08-02 23:25:45,478 - INFO - Processing swa
2025-08-02 23:25:47,788 - INFO - Processing tsn
2025-08-02 23:25:50,075 - INFO - Processing twi
2025-08-02 23:25:52,370 - INFO - Processing wol
2025-08-02 23:25:54,670 - INFO - Processing xho
2025-08-02 23:25:56,964 - INFO - Processing yor
2025-08-02 23:25:59,310 - INFO - Processing zul
2025-08-02 23:26:02,087 - INFO - Top 5 languages most similar to Runyankore:
2025-08-02 23:26:02,087 - INFO - 1. lug - Mean Similarity: 0.6358
2025-08-02 23:26:02,087 - INFO - 2. kin - Mean Similarity: 0.5924
2025-08-02 23:26:02,087 - INFO - 3. nya - Mean Similarity: 0.5762
2025-08-02 23:26:02,087 - INFO - 4. xho - Mean Similarity: 0.5702
2025-08-02 23:26:02,087 - INFO - 5. sna - Mean Similarity: 0.5617
2025-08-02 23:26:02,087 - INFO - Experiment finished successfully.
