2025-08-27 07:47:49,894 - INFO - Start: model_type=xlmr, use_cls=True, use_context=True, context_window=0, max_tokens_per_type=400, batch_size=64, output_dir=rq2_train_scripts/Embeddings/CLEAN/outputs/mptc/xlmr/config_3_clstrue_ctxtrue/tokens_400_ctx0, save_prototypes=False, seed=42, fp16=True, max_length=96, langs=all, layers=all, span_mode=bio, pool=mean, entity_tags={'ORG', 'PER', 'LOC', 'DATE'}, title_suffix='L=all, tokens=400, ctx=0, cls=true, fp16=true'
2025-08-27 07:47:52,101 - INFO - Processing run
2025-08-27 07:47:52,523 - INFO - Processing bam
2025-08-27 07:47:52,575 - INFO - Processing bbj
2025-08-27 07:47:52,622 - INFO - Processing ewe
2025-08-27 07:47:52,667 - INFO - Processing fon
2025-08-27 07:47:52,721 - INFO - Processing hau
2025-08-27 07:47:52,781 - INFO - Processing ibo
2025-08-27 07:47:52,869 - INFO - Processing kin
2025-08-27 07:47:52,934 - INFO - Processing lug
2025-08-27 07:47:52,987 - INFO - Processing luo
2025-08-27 07:47:53,048 - INFO - Processing mos
2025-08-27 07:47:53,113 - INFO - Processing nya
2025-08-27 07:47:53,180 - INFO - Processing pcm
2025-08-27 07:47:53,238 - INFO - Processing sna
2025-08-27 07:47:53,297 - INFO - Processing swa
2025-08-27 07:47:53,366 - INFO - Processing tsn
2025-08-27 07:47:53,413 - INFO - Processing twi
2025-08-27 07:47:53,471 - INFO - Processing wol
2025-08-27 07:47:53,539 - INFO - Processing xho
2025-08-27 07:47:53,587 - INFO - Processing yor
2025-08-27 07:47:53,665 - INFO - Processing zul
2025-08-27 07:47:54,206 - INFO - === Layer 1 (xlmr) — Top 5 (cosine) ===
2025-08-27 07:47:54,206 - INFO - 1. kin: cos=1.0000
2025-08-27 07:47:54,206 - INFO - 2. luo: cos=0.9999
2025-08-27 07:47:54,206 - INFO - 3. twi: cos=0.9999
2025-08-27 07:47:54,206 - INFO - 4. nya: cos=0.9998
2025-08-27 07:47:54,206 - INFO - 5. sna: cos=0.9998
2025-08-27 07:47:54,206 - INFO - === Layer 1 (xlmr) — Worst 5 (cosine) ===
2025-08-27 07:47:54,206 - INFO - 1. hau: cos=0.9992
2025-08-27 07:47:54,206 - INFO - 2. fon: cos=0.9994
2025-08-27 07:47:54,206 - INFO - 3. bam: cos=0.9994
2025-08-27 07:47:54,206 - INFO - 4. bbj: cos=0.9994
2025-08-27 07:47:54,206 - INFO - 5. pcm: cos=0.9995
2025-08-27 07:47:54,334 - INFO - === Layer 2 (xlmr) — Top 5 (cosine) ===
2025-08-27 07:47:54,334 - INFO - 1. kin: cos=1.0000
2025-08-27 07:47:54,334 - INFO - 2. luo: cos=1.0000
2025-08-27 07:47:54,334 - INFO - 3. twi: cos=1.0000
2025-08-27 07:47:54,334 - INFO - 4. zul: cos=1.0000
2025-08-27 07:47:54,334 - INFO - 5. nya: cos=1.0000
2025-08-27 07:47:54,334 - INFO - === Layer 2 (xlmr) — Worst 5 (cosine) ===
2025-08-27 07:47:54,334 - INFO - 1. hau: cos=0.9999
2025-08-27 07:47:54,334 - INFO - 2. bam: cos=0.9999
2025-08-27 07:47:54,334 - INFO - 3. pcm: cos=0.9999
2025-08-27 07:47:54,334 - INFO - 4. bbj: cos=0.9999
2025-08-27 07:47:54,334 - INFO - 5. fon: cos=0.9999
2025-08-27 07:47:54,466 - INFO - === Layer 3 (xlmr) — Top 5 (cosine) ===
2025-08-27 07:47:54,466 - INFO - 1. kin: cos=1.0000
2025-08-27 07:47:54,466 - INFO - 2. luo: cos=1.0000
2025-08-27 07:47:54,466 - INFO - 3. twi: cos=1.0000
2025-08-27 07:47:54,466 - INFO - 4. zul: cos=1.0000
2025-08-27 07:47:54,466 - INFO - 5. ibo: cos=1.0000
2025-08-27 07:47:54,466 - INFO - === Layer 3 (xlmr) — Worst 5 (cosine) ===
2025-08-27 07:47:54,467 - INFO - 1. pcm: cos=1.0000
2025-08-27 07:47:54,467 - INFO - 2. swa: cos=1.0000
2025-08-27 07:47:54,467 - INFO - 3. bbj: cos=1.0000
2025-08-27 07:47:54,467 - INFO - 4. sna: cos=1.0000
2025-08-27 07:47:54,467 - INFO - 5. fon: cos=1.0000
2025-08-27 07:47:54,598 - INFO - === Layer 4 (xlmr) — Top 5 (cosine) ===
2025-08-27 07:47:54,599 - INFO - 1. kin: cos=1.0000
2025-08-27 07:47:54,599 - INFO - 2. twi: cos=1.0000
2025-08-27 07:47:54,599 - INFO - 3. luo: cos=1.0000
2025-08-27 07:47:54,599 - INFO - 4. zul: cos=1.0000
2025-08-27 07:47:54,599 - INFO - 5. swa: cos=1.0000
2025-08-27 07:47:54,599 - INFO - === Layer 4 (xlmr) — Worst 5 (cosine) ===
2025-08-27 07:47:54,599 - INFO - 1. bam: cos=1.0000
2025-08-27 07:47:54,599 - INFO - 2. hau: cos=1.0000
2025-08-27 07:47:54,599 - INFO - 3. wol: cos=1.0000
2025-08-27 07:47:54,599 - INFO - 4. yor: cos=1.0000
2025-08-27 07:47:54,599 - INFO - 5. pcm: cos=1.0000
2025-08-27 07:47:54,731 - INFO - === Layer 5 (xlmr) — Top 5 (cosine) ===
2025-08-27 07:47:54,731 - INFO - 1. twi: cos=1.0000
2025-08-27 07:47:54,731 - INFO - 2. kin: cos=1.0000
2025-08-27 07:47:54,731 - INFO - 3. luo: cos=1.0000
2025-08-27 07:47:54,731 - INFO - 4. tsn: cos=1.0000
2025-08-27 07:47:54,731 - INFO - 5. ewe: cos=1.0000
2025-08-27 07:47:54,731 - INFO - === Layer 5 (xlmr) — Worst 5 (cosine) ===
2025-08-27 07:47:54,731 - INFO - 1. hau: cos=1.0000
2025-08-27 07:47:54,731 - INFO - 2. pcm: cos=1.0000
2025-08-27 07:47:54,731 - INFO - 3. fon: cos=1.0000
2025-08-27 07:47:54,731 - INFO - 4. wol: cos=1.0000
2025-08-27 07:47:54,731 - INFO - 5. mos: cos=1.0000
2025-08-27 07:47:54,876 - INFO - === Layer 6 (xlmr) — Top 5 (cosine) ===
2025-08-27 07:47:54,876 - INFO - 1. kin: cos=1.0000
2025-08-27 07:47:54,876 - INFO - 2. twi: cos=1.0000
2025-08-27 07:47:54,876 - INFO - 3. luo: cos=1.0000
2025-08-27 07:47:54,876 - INFO - 4. ewe: cos=1.0000
2025-08-27 07:47:54,876 - INFO - 5. tsn: cos=1.0000
2025-08-27 07:47:54,876 - INFO - === Layer 6 (xlmr) — Worst 5 (cosine) ===
2025-08-27 07:47:54,876 - INFO - 1. hau: cos=1.0000
2025-08-27 07:47:54,876 - INFO - 2. pcm: cos=1.0000
2025-08-27 07:47:54,876 - INFO - 3. wol: cos=1.0000
2025-08-27 07:47:54,876 - INFO - 4. fon: cos=1.0000
2025-08-27 07:47:54,876 - INFO - 5. mos: cos=1.0000
2025-08-27 07:47:55,004 - INFO - === Layer 7 (xlmr) — Top 5 (cosine) ===
2025-08-27 07:47:55,004 - INFO - 1. kin: cos=1.0000
2025-08-27 07:47:55,004 - INFO - 2. fon: cos=1.0000
2025-08-27 07:47:55,004 - INFO - 3. sna: cos=1.0000
2025-08-27 07:47:55,004 - INFO - 4. pcm: cos=1.0000
2025-08-27 07:47:55,004 - INFO - 5. swa: cos=1.0000
2025-08-27 07:47:55,005 - INFO - === Layer 7 (xlmr) — Worst 5 (cosine) ===
2025-08-27 07:47:55,005 - INFO - 1. nya: cos=1.0000
2025-08-27 07:47:55,005 - INFO - 2. hau: cos=1.0000
2025-08-27 07:47:55,005 - INFO - 3. tsn: cos=1.0000
2025-08-27 07:47:55,005 - INFO - 4. mos: cos=1.0000
2025-08-27 07:47:55,005 - INFO - 5. wol: cos=1.0000
2025-08-27 07:47:55,200 - INFO - === Layer 8 (xlmr) — Top 5 (cosine) ===
2025-08-27 07:47:55,200 - INFO - 1. kin: cos=1.0000
2025-08-27 07:47:55,200 - INFO - 2. lug: cos=1.0000
2025-08-27 07:47:55,200 - INFO - 3. twi: cos=1.0000
2025-08-27 07:47:55,200 - INFO - 4. yor: cos=1.0000
2025-08-27 07:47:55,200 - INFO - 5. tsn: cos=1.0000
2025-08-27 07:47:55,200 - INFO - === Layer 8 (xlmr) — Worst 5 (cosine) ===
2025-08-27 07:47:55,200 - INFO - 1. ewe: cos=0.9999
2025-08-27 07:47:55,200 - INFO - 2. swa: cos=0.9999
2025-08-27 07:47:55,200 - INFO - 3. bbj: cos=1.0000
2025-08-27 07:47:55,200 - INFO - 4. hau: cos=1.0000
2025-08-27 07:47:55,200 - INFO - 5. fon: cos=1.0000
2025-08-27 07:47:55,328 - INFO - === Layer 9 (xlmr) — Top 5 (cosine) ===
2025-08-27 07:47:55,329 - INFO - 1. kin: cos=1.0000
2025-08-27 07:47:55,329 - INFO - 2. bam: cos=1.0000
2025-08-27 07:47:55,329 - INFO - 3. ewe: cos=1.0000
2025-08-27 07:47:55,329 - INFO - 4. twi: cos=1.0000
2025-08-27 07:47:55,329 - INFO - 5. luo: cos=1.0000
2025-08-27 07:47:55,329 - INFO - === Layer 9 (xlmr) — Worst 5 (cosine) ===
2025-08-27 07:47:55,329 - INFO - 1. bbj: cos=1.0000
2025-08-27 07:47:55,329 - INFO - 2. wol: cos=1.0000
2025-08-27 07:47:55,329 - INFO - 3. hau: cos=1.0000
2025-08-27 07:47:55,329 - INFO - 4. nya: cos=1.0000
2025-08-27 07:47:55,329 - INFO - 5. ibo: cos=1.0000
2025-08-27 07:47:55,457 - INFO - === Layer 10 (xlmr) — Top 5 (cosine) ===
2025-08-27 07:47:55,457 - INFO - 1. twi: cos=1.0000
2025-08-27 07:47:55,457 - INFO - 2. bam: cos=1.0000
2025-08-27 07:47:55,457 - INFO - 3. ewe: cos=1.0000
2025-08-27 07:47:55,457 - INFO - 4. zul: cos=1.0000
2025-08-27 07:47:55,457 - INFO - 5. wol: cos=1.0000
2025-08-27 07:47:55,457 - INFO - === Layer 10 (xlmr) — Worst 5 (cosine) ===
2025-08-27 07:47:55,457 - INFO - 1. pcm: cos=1.0000
2025-08-27 07:47:55,457 - INFO - 2. yor: cos=1.0000
2025-08-27 07:47:55,457 - INFO - 3. fon: cos=1.0000
2025-08-27 07:47:55,457 - INFO - 4. ibo: cos=1.0000
2025-08-27 07:47:55,457 - INFO - 5. lug: cos=1.0000
2025-08-27 07:47:55,586 - INFO - === Layer 11 (xlmr) — Top 5 (cosine) ===
2025-08-27 07:47:55,586 - INFO - 1. lug: cos=1.0000
2025-08-27 07:47:55,586 - INFO - 2. twi: cos=1.0000
2025-08-27 07:47:55,586 - INFO - 3. pcm: cos=1.0000
2025-08-27 07:47:55,586 - INFO - 4. swa: cos=1.0000
2025-08-27 07:47:55,586 - INFO - 5. tsn: cos=1.0000
2025-08-27 07:47:55,586 - INFO - === Layer 11 (xlmr) — Worst 5 (cosine) ===
2025-08-27 07:47:55,586 - INFO - 1. bam: cos=0.9998
2025-08-27 07:47:55,586 - INFO - 2. luo: cos=0.9999
2025-08-27 07:47:55,586 - INFO - 3. bbj: cos=0.9999
2025-08-27 07:47:55,586 - INFO - 4. zul: cos=0.9999
2025-08-27 07:47:55,586 - INFO - 5. sna: cos=0.9999
2025-08-27 07:47:55,715 - INFO - === Layer 12 (xlmr) — Top 5 (cosine) ===
2025-08-27 07:47:55,715 - INFO - 1. kin: cos=0.9999
2025-08-27 07:47:55,715 - INFO - 2. ewe: cos=0.9999
2025-08-27 07:47:55,715 - INFO - 3. wol: cos=0.9999
2025-08-27 07:47:55,715 - INFO - 4. sna: cos=0.9998
2025-08-27 07:47:55,715 - INFO - 5. lug: cos=0.9998
2025-08-27 07:47:55,715 - INFO - === Layer 12 (xlmr) — Worst 5 (cosine) ===
2025-08-27 07:47:55,715 - INFO - 1. fon: cos=0.9976
2025-08-27 07:47:55,715 - INFO - 2. pcm: cos=0.9992
2025-08-27 07:47:55,715 - INFO - 3. hau: cos=0.9995
2025-08-27 07:47:55,715 - INFO - 4. swa: cos=0.9997
2025-08-27 07:47:55,715 - INFO - 5. tsn: cos=0.9997
2025-08-27 07:47:55,716 - INFO - Experiment finished successfully.
