2025-08-27 10:26:47,584 - INFO - Start: model_type=mbert, use_cls=True, use_context=False, context_window=2, max_tokens_per_type=500, batch_size=64, output_dir=rq2_train_scripts/Embeddings/CLEAN/outputs/salt/mbert/config_1_clstrue_ctxfalse/tokens_500_ctx2/core, save_prototypes=False, seed=42, fp16=True, max_length=96, langs=all, layers=all, span_mode=bio, pool=mean, entity_tags={'PER', 'LOC', 'DATE', 'ORG'}, title_suffix='L=all, tokens=500, ctx=2, cls=true, fp16=true'
2025-08-27 10:26:48,938 - INFO - Processing run
2025-08-27 10:26:49,504 - INFO - Processing bam
2025-08-27 10:26:49,565 - INFO - Processing bbj
2025-08-27 10:26:49,607 - INFO - Processing ewe
2025-08-27 10:26:49,654 - INFO - Processing fon
2025-08-27 10:26:49,714 - INFO - Processing hau
2025-08-27 10:26:49,783 - INFO - Processing ibo
2025-08-27 10:26:49,898 - INFO - Processing kin
2025-08-27 10:26:49,967 - INFO - Processing lug
2025-08-27 10:26:50,025 - INFO - Processing luo
2025-08-27 10:26:50,099 - INFO - Processing mos
2025-08-27 10:26:50,162 - INFO - Processing nya
2025-08-27 10:26:50,240 - INFO - Processing pcm
2025-08-27 10:26:50,297 - INFO - Processing sna
2025-08-27 10:26:50,353 - INFO - Processing swa
2025-08-27 10:26:50,420 - INFO - Processing tsn
2025-08-27 10:26:50,473 - INFO - Processing twi
2025-08-27 10:26:50,551 - INFO - Processing wol
2025-08-27 10:26:50,622 - INFO - Processing xho
2025-08-27 10:26:50,679 - INFO - Processing yor
2025-08-27 10:26:50,778 - INFO - Processing zul
2025-08-27 10:26:51,198 - INFO - === Layer 1 (mbert) — Top 5 (cosine) ===
2025-08-27 10:26:51,198 - INFO - 1. lug: cos=0.9995
2025-08-27 10:26:51,198 - INFO - 2. ibo: cos=0.9993
2025-08-27 10:26:51,198 - INFO - 3. kin: cos=0.9993
2025-08-27 10:26:51,198 - INFO - 4. swa: cos=0.9992
2025-08-27 10:26:51,198 - INFO - 5. luo: cos=0.9991
2025-08-27 10:26:51,198 - INFO - === Layer 1 (mbert) — Worst 5 (cosine) ===
2025-08-27 10:26:51,198 - INFO - 1. ewe: cos=0.9943
2025-08-27 10:26:51,198 - INFO - 2. xho: cos=0.9970
2025-08-27 10:26:51,198 - INFO - 3. bbj: cos=0.9975
2025-08-27 10:26:51,198 - INFO - 4. yor: cos=0.9978
2025-08-27 10:26:51,198 - INFO - 5. mos: cos=0.9978
2025-08-27 10:26:51,326 - INFO - === Layer 2 (mbert) — Top 5 (cosine) ===
2025-08-27 10:26:51,326 - INFO - 1. lug: cos=0.9999
2025-08-27 10:26:51,326 - INFO - 2. kin: cos=0.9999
2025-08-27 10:26:51,326 - INFO - 3. ibo: cos=0.9999
2025-08-27 10:26:51,326 - INFO - 4. swa: cos=0.9999
2025-08-27 10:26:51,326 - INFO - 5. luo: cos=0.9999
2025-08-27 10:26:51,326 - INFO - === Layer 2 (mbert) — Worst 5 (cosine) ===
2025-08-27 10:26:51,326 - INFO - 1. ewe: cos=0.9989
2025-08-27 10:26:51,326 - INFO - 2. xho: cos=0.9995
2025-08-27 10:26:51,326 - INFO - 3. bbj: cos=0.9996
2025-08-27 10:26:51,326 - INFO - 4. yor: cos=0.9996
2025-08-27 10:26:51,326 - INFO - 5. mos: cos=0.9997
2025-08-27 10:26:51,452 - INFO - === Layer 3 (mbert) — Top 5 (cosine) ===
2025-08-27 10:26:51,452 - INFO - 1. kin: cos=1.0000
2025-08-27 10:26:51,452 - INFO - 2. lug: cos=1.0000
2025-08-27 10:26:51,452 - INFO - 3. luo: cos=1.0000
2025-08-27 10:26:51,452 - INFO - 4. tsn: cos=1.0000
2025-08-27 10:26:51,452 - INFO - 5. swa: cos=1.0000
2025-08-27 10:26:51,452 - INFO - === Layer 3 (mbert) — Worst 5 (cosine) ===
2025-08-27 10:26:51,452 - INFO - 1. ewe: cos=0.9998
2025-08-27 10:26:51,452 - INFO - 2. bbj: cos=0.9999
2025-08-27 10:26:51,452 - INFO - 3. xho: cos=0.9999
2025-08-27 10:26:51,452 - INFO - 4. yor: cos=0.9999
2025-08-27 10:26:51,452 - INFO - 5. mos: cos=0.9999
2025-08-27 10:26:51,605 - INFO - === Layer 4 (mbert) — Top 5 (cosine) ===
2025-08-27 10:26:51,605 - INFO - 1. kin: cos=0.9999
2025-08-27 10:26:51,606 - INFO - 2. hau: cos=0.9999
2025-08-27 10:26:51,606 - INFO - 3. luo: cos=0.9999
2025-08-27 10:26:51,606 - INFO - 4. twi: cos=0.9999
2025-08-27 10:26:51,606 - INFO - 5. ibo: cos=0.9999
2025-08-27 10:26:51,606 - INFO - === Layer 4 (mbert) — Worst 5 (cosine) ===
2025-08-27 10:26:51,606 - INFO - 1. ewe: cos=0.9996
2025-08-27 10:26:51,606 - INFO - 2. pcm: cos=0.9997
2025-08-27 10:26:51,606 - INFO - 3. xho: cos=0.9997
2025-08-27 10:26:51,606 - INFO - 4. yor: cos=0.9997
2025-08-27 10:26:51,606 - INFO - 5. swa: cos=0.9997
2025-08-27 10:26:51,735 - INFO - === Layer 5 (mbert) — Top 5 (cosine) ===
2025-08-27 10:26:51,735 - INFO - 1. luo: cos=0.9957
2025-08-27 10:26:51,735 - INFO - 2. twi: cos=0.9948
2025-08-27 10:26:51,735 - INFO - 3. tsn: cos=0.9940
2025-08-27 10:26:51,735 - INFO - 4. sna: cos=0.9939
2025-08-27 10:26:51,735 - INFO - 5. kin: cos=0.9938
2025-08-27 10:26:51,735 - INFO - === Layer 5 (mbert) — Worst 5 (cosine) ===
2025-08-27 10:26:51,735 - INFO - 1. yor: cos=0.9816
2025-08-27 10:26:51,735 - INFO - 2. mos: cos=0.9835
2025-08-27 10:26:51,735 - INFO - 3. bbj: cos=0.9840
2025-08-27 10:26:51,735 - INFO - 4. pcm: cos=0.9872
2025-08-27 10:26:51,735 - INFO - 5. ewe: cos=0.9873
2025-08-27 10:26:51,975 - INFO - === Layer 6 (mbert) — Top 5 (cosine) ===
2025-08-27 10:26:51,975 - INFO - 1. luo: cos=0.9916
2025-08-27 10:26:51,975 - INFO - 2. twi: cos=0.9912
2025-08-27 10:26:51,975 - INFO - 3. tsn: cos=0.9907
2025-08-27 10:26:51,975 - INFO - 4. kin: cos=0.9895
2025-08-27 10:26:51,975 - INFO - 5. sna: cos=0.9877
2025-08-27 10:26:51,975 - INFO - === Layer 6 (mbert) — Worst 5 (cosine) ===
2025-08-27 10:26:51,976 - INFO - 1. yor: cos=0.9654
2025-08-27 10:26:51,976 - INFO - 2. bbj: cos=0.9668
2025-08-27 10:26:51,976 - INFO - 3. mos: cos=0.9726
2025-08-27 10:26:51,976 - INFO - 4. fon: cos=0.9753
2025-08-27 10:26:51,976 - INFO - 5. pcm: cos=0.9774
2025-08-27 10:26:52,161 - INFO - === Layer 7 (mbert) — Top 5 (cosine) ===
2025-08-27 10:26:52,161 - INFO - 1. twi: cos=0.9894
2025-08-27 10:26:52,161 - INFO - 2. tsn: cos=0.9880
2025-08-27 10:26:52,161 - INFO - 3. luo: cos=0.9877
2025-08-27 10:26:52,161 - INFO - 4. kin: cos=0.9843
2025-08-27 10:26:52,161 - INFO - 5. sna: cos=0.9834
2025-08-27 10:26:52,162 - INFO - === Layer 7 (mbert) — Worst 5 (cosine) ===
2025-08-27 10:26:52,162 - INFO - 1. yor: cos=0.9574
2025-08-27 10:26:52,162 - INFO - 2. bbj: cos=0.9592
2025-08-27 10:26:52,162 - INFO - 3. mos: cos=0.9647
2025-08-27 10:26:52,162 - INFO - 4. fon: cos=0.9679
2025-08-27 10:26:52,162 - INFO - 5. pcm: cos=0.9701
2025-08-27 10:26:52,293 - INFO - === Layer 8 (mbert) — Top 5 (cosine) ===
2025-08-27 10:26:52,293 - INFO - 1. twi: cos=0.9841
2025-08-27 10:26:52,293 - INFO - 2. luo: cos=0.9817
2025-08-27 10:26:52,293 - INFO - 3. tsn: cos=0.9779
2025-08-27 10:26:52,293 - INFO - 4. kin: cos=0.9774
2025-08-27 10:26:52,293 - INFO - 5. sna: cos=0.9769
2025-08-27 10:26:52,293 - INFO - === Layer 8 (mbert) — Worst 5 (cosine) ===
2025-08-27 10:26:52,293 - INFO - 1. yor: cos=0.9477
2025-08-27 10:26:52,293 - INFO - 2. bbj: cos=0.9499
2025-08-27 10:26:52,294 - INFO - 3. mos: cos=0.9527
2025-08-27 10:26:52,294 - INFO - 4. pcm: cos=0.9573
2025-08-27 10:26:52,294 - INFO - 5. fon: cos=0.9574
2025-08-27 10:26:52,426 - INFO - === Layer 9 (mbert) — Top 5 (cosine) ===
2025-08-27 10:26:52,426 - INFO - 1. twi: cos=0.9845
2025-08-27 10:26:52,426 - INFO - 2. luo: cos=0.9829
2025-08-27 10:26:52,426 - INFO - 3. kin: cos=0.9804
2025-08-27 10:26:52,426 - INFO - 4. sna: cos=0.9780
2025-08-27 10:26:52,426 - INFO - 5. tsn: cos=0.9775
2025-08-27 10:26:52,426 - INFO - === Layer 9 (mbert) — Worst 5 (cosine) ===
2025-08-27 10:26:52,426 - INFO - 1. yor: cos=0.9561
2025-08-27 10:26:52,426 - INFO - 2. bbj: cos=0.9567
2025-08-27 10:26:52,426 - INFO - 3. pcm: cos=0.9575
2025-08-27 10:26:52,426 - INFO - 4. mos: cos=0.9578
2025-08-27 10:26:52,426 - INFO - 5. fon: cos=0.9618
2025-08-27 10:26:52,581 - INFO - === Layer 10 (mbert) — Top 5 (cosine) ===
2025-08-27 10:26:52,581 - INFO - 1. twi: cos=0.9901
2025-08-27 10:26:52,581 - INFO - 2. lug: cos=0.9859
2025-08-27 10:26:52,581 - INFO - 3. luo: cos=0.9857
2025-08-27 10:26:52,581 - INFO - 4. kin: cos=0.9847
2025-08-27 10:26:52,581 - INFO - 5. swa: cos=0.9839
2025-08-27 10:26:52,581 - INFO - === Layer 10 (mbert) — Worst 5 (cosine) ===
2025-08-27 10:26:52,581 - INFO - 1. yor: cos=0.9567
2025-08-27 10:26:52,581 - INFO - 2. xho: cos=0.9592
2025-08-27 10:26:52,581 - INFO - 3. fon: cos=0.9601
2025-08-27 10:26:52,581 - INFO - 4. bbj: cos=0.9633
2025-08-27 10:26:52,581 - INFO - 5. hau: cos=0.9673
2025-08-27 10:26:52,712 - INFO - === Layer 11 (mbert) — Top 5 (cosine) ===
2025-08-27 10:26:52,712 - INFO - 1. twi: cos=0.9895
2025-08-27 10:26:52,712 - INFO - 2. lug: cos=0.9862
2025-08-27 10:26:52,712 - INFO - 3. luo: cos=0.9855
2025-08-27 10:26:52,712 - INFO - 4. kin: cos=0.9841
2025-08-27 10:26:52,712 - INFO - 5. swa: cos=0.9823
2025-08-27 10:26:52,712 - INFO - === Layer 11 (mbert) — Worst 5 (cosine) ===
2025-08-27 10:26:52,712 - INFO - 1. xho: cos=0.9594
2025-08-27 10:26:52,712 - INFO - 2. yor: cos=0.9597
2025-08-27 10:26:52,712 - INFO - 3. bbj: cos=0.9616
2025-08-27 10:26:52,712 - INFO - 4. fon: cos=0.9644
2025-08-27 10:26:52,712 - INFO - 5. wol: cos=0.9687
2025-08-27 10:26:52,842 - INFO - === Layer 12 (mbert) — Top 5 (cosine) ===
2025-08-27 10:26:52,843 - INFO - 1. lug: cos=0.9724
2025-08-27 10:26:52,843 - INFO - 2. twi: cos=0.9722
2025-08-27 10:26:52,843 - INFO - 3. luo: cos=0.9599
2025-08-27 10:26:52,843 - INFO - 4. ewe: cos=0.9596
2025-08-27 10:26:52,843 - INFO - 5. kin: cos=0.9587
2025-08-27 10:26:52,843 - INFO - === Layer 12 (mbert) — Worst 5 (cosine) ===
2025-08-27 10:26:52,843 - INFO - 1. xho: cos=0.8765
2025-08-27 10:26:52,843 - INFO - 2. yor: cos=0.8828
2025-08-27 10:26:52,843 - INFO - 3. bbj: cos=0.8972
2025-08-27 10:26:52,843 - INFO - 4. wol: cos=0.9063
2025-08-27 10:26:52,843 - INFO - 5. mos: cos=0.9070
2025-08-27 10:26:52,843 - INFO - Experiment finished successfully.
