2025-08-02 21:51:09,182 - INFO - Experiment started with model_type=mbert, use_cls=False, use_context=False, context_window=3, use_hybrid=False, max_tokens_per_type=200, output_dir=rq2_train_scripts/Embeddings/MEXA_inspired_strategy/outputs/combined/mbert/config_0_clsfalse_ctxfalse_hybfalse/tokens_200_ctx3
2025-08-02 21:51:10,431 - INFO - Processing run
2025-08-02 21:51:12,269 - INFO - Processing bam
2025-08-02 21:51:13,762 - INFO - Processing bbj
2025-08-02 21:51:15,234 - INFO - Processing ewe
2025-08-02 21:51:16,698 - INFO - Processing fon
2025-08-02 21:51:18,202 - INFO - Processing hau
2025-08-02 21:51:19,710 - INFO - Processing ibo
2025-08-02 21:51:21,247 - INFO - Processing kin
2025-08-02 21:51:22,746 - INFO - Processing lug
2025-08-02 21:51:24,222 - INFO - Processing luo
2025-08-02 21:51:25,724 - INFO - Processing mos
2025-08-02 21:51:27,220 - INFO - Processing nya
2025-08-02 21:51:28,726 - INFO - Processing pcm
2025-08-02 21:51:30,211 - INFO - Processing sna
2025-08-02 21:51:31,708 - INFO - Processing swa
2025-08-02 21:51:33,195 - INFO - Processing tsn
2025-08-02 21:51:34,656 - INFO - Processing twi
2025-08-02 21:51:36,132 - INFO - Processing wol
2025-08-02 21:51:37,617 - INFO - Processing xho
2025-08-02 21:51:39,097 - INFO - Processing yor
2025-08-02 21:51:40,620 - INFO - Processing zul
2025-08-02 21:51:42,549 - INFO - Top 5 languages most similar to Runyankore:
2025-08-02 21:51:42,549 - INFO - 1. lug - Mean Similarity: 0.9519
2025-08-02 21:51:42,549 - INFO - 2. kin - Mean Similarity: 0.9460
2025-08-02 21:51:42,549 - INFO - 3. luo - Mean Similarity: 0.9457
2025-08-02 21:51:42,549 - INFO - 4. ibo - Mean Similarity: 0.9397
2025-08-02 21:51:42,549 - INFO - 5. twi - Mean Similarity: 0.9348
2025-08-02 21:51:42,549 - INFO - Experiment finished successfully.
