2025-08-02 23:41:49,679 - INFO - Experiment started with model_type=mbert, use_cls=True, use_context=True, context_window=3, use_hybrid=True, max_tokens_per_type=400, output_dir=rq2_train_scripts/Embeddings/MEXA_inspired_strategy/outputs/combined/mbert/config_7_clstrue_ctxtrue_hybtrue/tokens_400_ctx3
2025-08-02 23:41:50,855 - INFO - Processing run
2025-08-02 23:41:54,078 - INFO - Processing bam
2025-08-02 23:41:56,914 - INFO - Processing bbj
2025-08-02 23:41:59,969 - INFO - Processing ewe
2025-08-02 23:42:02,990 - INFO - Processing fon
2025-08-02 23:42:06,029 - INFO - Processing hau
2025-08-02 23:42:09,055 - INFO - Processing ibo
2025-08-02 23:42:12,122 - INFO - Processing kin
2025-08-02 23:42:15,168 - INFO - Processing lug
2025-08-02 23:42:18,183 - INFO - Processing luo
2025-08-02 23:42:21,208 - INFO - Processing mos
2025-08-02 23:42:24,224 - INFO - Processing nya
2025-08-02 23:42:27,247 - INFO - Processing pcm
2025-08-02 23:42:30,241 - INFO - Processing sna
2025-08-02 23:42:33,267 - INFO - Processing swa
2025-08-02 23:42:36,294 - INFO - Processing tsn
2025-08-02 23:42:39,307 - INFO - Processing twi
2025-08-02 23:42:42,338 - INFO - Processing wol
2025-08-02 23:42:45,367 - INFO - Processing xho
2025-08-02 23:42:48,390 - INFO - Processing yor
2025-08-02 23:42:51,469 - INFO - Processing zul
2025-08-02 23:42:54,989 - INFO - Top 5 languages most similar to Runyankore:
2025-08-02 23:42:54,990 - INFO - 1. lug - Mean Similarity: 0.7492
2025-08-02 23:42:54,990 - INFO - 2. kin - Mean Similarity: 0.7122
2025-08-02 23:42:54,990 - INFO - 3. nya - Mean Similarity: 0.7088
2025-08-02 23:42:54,990 - INFO - 4. sna - Mean Similarity: 0.6979
2025-08-02 23:42:54,990 - INFO - 5. xho - Mean Similarity: 0.6799
2025-08-02 23:42:54,990 - INFO - Experiment finished successfully.
