2025-08-27 17:33:14,243 - INFO - Start: model_type=xlmr, use_cls=False, use_context=False, context_window=2, max_tokens_per_type=300, batch_size=64, output_dir=rq2_train_scripts/Embeddings/CLEAN/outputs/mptc/xlmr/config_0_clsfalse_ctxfalse/tokens_300_ctx2/core, save_prototypes=False, seed=42, fp16=True, max_length=96, langs=all, layers=all, span_mode=bio, pool=mean, entity_tags={'DATE', 'PER', 'ORG', 'LOC'}, title_suffix='L=all, tokens=300, ctx=2, cls=false, fp16=true'
2025-08-27 17:33:16,417 - INFO - Processing run
2025-08-27 17:33:16,856 - INFO - Processing bam
2025-08-27 17:33:16,967 - INFO - Processing bbj
2025-08-27 17:33:17,066 - INFO - Processing ewe
2025-08-27 17:33:17,161 - INFO - Processing fon
2025-08-27 17:33:17,274 - INFO - Processing hau
2025-08-27 17:33:17,393 - INFO - Processing ibo
2025-08-27 17:33:17,541 - INFO - Processing kin
2025-08-27 17:33:17,665 - INFO - Processing lug
2025-08-27 17:33:17,767 - INFO - Processing luo
2025-08-27 17:33:17,884 - INFO - Processing mos
2025-08-27 17:33:18,002 - INFO - Processing nya
2025-08-27 17:33:18,127 - INFO - Processing pcm
2025-08-27 17:33:18,234 - INFO - Processing sna
2025-08-27 17:33:18,349 - INFO - Processing swa
2025-08-27 17:33:18,467 - INFO - Processing tsn
2025-08-27 17:33:18,582 - INFO - Processing twi
2025-08-27 17:33:18,697 - INFO - Processing wol
2025-08-27 17:33:18,817 - INFO - Processing xho
2025-08-27 17:33:18,925 - INFO - Processing yor
2025-08-27 17:33:19,072 - INFO - Processing zul
2025-08-27 17:33:19,609 - INFO - === Layer 1 (xlmr) — Top 5 (cosine) ===
2025-08-27 17:33:19,609 - INFO - 1. kin: cos=0.9525
2025-08-27 17:33:19,610 - INFO - 2. twi: cos=0.9502
2025-08-27 17:33:19,610 - INFO - 3. luo: cos=0.9458
2025-08-27 17:33:19,610 - INFO - 4. tsn: cos=0.9429
2025-08-27 17:33:19,610 - INFO - 5. nya: cos=0.9407
2025-08-27 17:33:19,610 - INFO - === Layer 1 (xlmr) — Worst 5 (cosine) ===
2025-08-27 17:33:19,610 - INFO - 1. hau: cos=0.8721
2025-08-27 17:33:19,610 - INFO - 2. fon: cos=0.8919
2025-08-27 17:33:19,610 - INFO - 3. pcm: cos=0.9028
2025-08-27 17:33:19,610 - INFO - 4. mos: cos=0.9049
2025-08-27 17:33:19,610 - INFO - 5. bbj: cos=0.9089
2025-08-27 17:33:19,739 - INFO - === Layer 2 (xlmr) — Top 5 (cosine) ===
2025-08-27 17:33:19,740 - INFO - 1. kin: cos=0.9795
2025-08-27 17:33:19,740 - INFO - 2. twi: cos=0.9785
2025-08-27 17:33:19,740 - INFO - 3. luo: cos=0.9759
2025-08-27 17:33:19,740 - INFO - 4. tsn: cos=0.9753
2025-08-27 17:33:19,740 - INFO - 5. zul: cos=0.9744
2025-08-27 17:33:19,740 - INFO - === Layer 2 (xlmr) — Worst 5 (cosine) ===
2025-08-27 17:33:19,740 - INFO - 1. hau: cos=0.9424
2025-08-27 17:33:19,740 - INFO - 2. pcm: cos=0.9536
2025-08-27 17:33:19,740 - INFO - 3. fon: cos=0.9544
2025-08-27 17:33:19,740 - INFO - 4. mos: cos=0.9583
2025-08-27 17:33:19,740 - INFO - 5. swa: cos=0.9608
2025-08-27 17:33:19,869 - INFO - === Layer 3 (xlmr) — Top 5 (cosine) ===
2025-08-27 17:33:19,869 - INFO - 1. kin: cos=0.9840
2025-08-27 17:33:19,869 - INFO - 2. twi: cos=0.9837
2025-08-27 17:33:19,869 - INFO - 3. tsn: cos=0.9822
2025-08-27 17:33:19,869 - INFO - 4. luo: cos=0.9819
2025-08-27 17:33:19,869 - INFO - 5. ibo: cos=0.9814
2025-08-27 17:33:19,869 - INFO - === Layer 3 (xlmr) — Worst 5 (cosine) ===
2025-08-27 17:33:19,869 - INFO - 1. hau: cos=0.9564
2025-08-27 17:33:19,869 - INFO - 2. pcm: cos=0.9637
2025-08-27 17:33:19,869 - INFO - 3. swa: cos=0.9667
2025-08-27 17:33:19,869 - INFO - 4. fon: cos=0.9686
2025-08-27 17:33:19,869 - INFO - 5. mos: cos=0.9707
2025-08-27 17:33:19,998 - INFO - === Layer 4 (xlmr) — Top 5 (cosine) ===
2025-08-27 17:33:19,999 - INFO - 1. kin: cos=0.9826
2025-08-27 17:33:19,999 - INFO - 2. twi: cos=0.9826
2025-08-27 17:33:19,999 - INFO - 3. luo: cos=0.9810
2025-08-27 17:33:19,999 - INFO - 4. tsn: cos=0.9806
2025-08-27 17:33:19,999 - INFO - 5. zul: cos=0.9784
2025-08-27 17:33:19,999 - INFO - === Layer 4 (xlmr) — Worst 5 (cosine) ===
2025-08-27 17:33:19,999 - INFO - 1. hau: cos=0.9549
2025-08-27 17:33:19,999 - INFO - 2. pcm: cos=0.9605
2025-08-27 17:33:19,999 - INFO - 3. swa: cos=0.9646
2025-08-27 17:33:19,999 - INFO - 4. bbj: cos=0.9669
2025-08-27 17:33:19,999 - INFO - 5. bam: cos=0.9678
2025-08-27 17:33:20,128 - INFO - === Layer 5 (xlmr) — Top 5 (cosine) ===
2025-08-27 17:33:20,128 - INFO - 1. kin: cos=0.9840
2025-08-27 17:33:20,128 - INFO - 2. tsn: cos=0.9838
2025-08-27 17:33:20,128 - INFO - 3. twi: cos=0.9837
2025-08-27 17:33:20,128 - INFO - 4. zul: cos=0.9835
2025-08-27 17:33:20,128 - INFO - 5. luo: cos=0.9831
2025-08-27 17:33:20,128 - INFO - === Layer 5 (xlmr) — Worst 5 (cosine) ===
2025-08-27 17:33:20,128 - INFO - 1. hau: cos=0.9633
2025-08-27 17:33:20,128 - INFO - 2. swa: cos=0.9678
2025-08-27 17:33:20,128 - INFO - 3. pcm: cos=0.9695
2025-08-27 17:33:20,128 - INFO - 4. bbj: cos=0.9717
2025-08-27 17:33:20,128 - INFO - 5. bam: cos=0.9734
2025-08-27 17:33:20,259 - INFO - === Layer 6 (xlmr) — Top 5 (cosine) ===
2025-08-27 17:33:20,259 - INFO - 1. ibo: cos=0.9777
2025-08-27 17:33:20,259 - INFO - 2. zul: cos=0.9759
2025-08-27 17:33:20,259 - INFO - 3. kin: cos=0.9759
2025-08-27 17:33:20,259 - INFO - 4. twi: cos=0.9757
2025-08-27 17:33:20,259 - INFO - 5. tsn: cos=0.9756
2025-08-27 17:33:20,259 - INFO - === Layer 6 (xlmr) — Worst 5 (cosine) ===
2025-08-27 17:33:20,259 - INFO - 1. pcm: cos=0.9473
2025-08-27 17:33:20,259 - INFO - 2. swa: cos=0.9476
2025-08-27 17:33:20,259 - INFO - 3. hau: cos=0.9533
2025-08-27 17:33:20,259 - INFO - 4. yor: cos=0.9619
2025-08-27 17:33:20,259 - INFO - 5. lug: cos=0.9633
2025-08-27 17:33:20,388 - INFO - === Layer 7 (xlmr) — Top 5 (cosine) ===
2025-08-27 17:33:20,388 - INFO - 1. ewe: cos=0.9833
2025-08-27 17:33:20,388 - INFO - 2. twi: cos=0.9801
2025-08-27 17:33:20,388 - INFO - 3. zul: cos=0.9791
2025-08-27 17:33:20,388 - INFO - 4. ibo: cos=0.9789
2025-08-27 17:33:20,388 - INFO - 5. tsn: cos=0.9780
2025-08-27 17:33:20,388 - INFO - === Layer 7 (xlmr) — Worst 5 (cosine) ===
2025-08-27 17:33:20,388 - INFO - 1. swa: cos=0.9653
2025-08-27 17:33:20,388 - INFO - 2. yor: cos=0.9662
2025-08-27 17:33:20,388 - INFO - 3. bam: cos=0.9662
2025-08-27 17:33:20,388 - INFO - 4. hau: cos=0.9663
2025-08-27 17:33:20,388 - INFO - 5. lug: cos=0.9693
2025-08-27 17:33:20,517 - INFO - === Layer 8 (xlmr) — Top 5 (cosine) ===
2025-08-27 17:33:20,518 - INFO - 1. ewe: cos=0.9820
2025-08-27 17:33:20,518 - INFO - 2. twi: cos=0.9780
2025-08-27 17:33:20,518 - INFO - 3. ibo: cos=0.9771
2025-08-27 17:33:20,518 - INFO - 4. tsn: cos=0.9762
2025-08-27 17:33:20,518 - INFO - 5. fon: cos=0.9761
2025-08-27 17:33:20,518 - INFO - === Layer 8 (xlmr) — Worst 5 (cosine) ===
2025-08-27 17:33:20,518 - INFO - 1. bam: cos=0.9627
2025-08-27 17:33:20,518 - INFO - 2. swa: cos=0.9628
2025-08-27 17:33:20,518 - INFO - 3. hau: cos=0.9633
2025-08-27 17:33:20,518 - INFO - 4. yor: cos=0.9646
2025-08-27 17:33:20,518 - INFO - 5. lug: cos=0.9671
2025-08-27 17:33:20,715 - INFO - === Layer 9 (xlmr) — Top 5 (cosine) ===
2025-08-27 17:33:20,715 - INFO - 1. ewe: cos=0.9850
2025-08-27 17:33:20,715 - INFO - 2. twi: cos=0.9797
2025-08-27 17:33:20,716 - INFO - 3. ibo: cos=0.9789
2025-08-27 17:33:20,716 - INFO - 4. mos: cos=0.9772
2025-08-27 17:33:20,716 - INFO - 5. fon: cos=0.9770
2025-08-27 17:33:20,716 - INFO - === Layer 9 (xlmr) — Worst 5 (cosine) ===
2025-08-27 17:33:20,716 - INFO - 1. swa: cos=0.9622
2025-08-27 17:33:20,716 - INFO - 2. lug: cos=0.9647
2025-08-27 17:33:20,716 - INFO - 3. bam: cos=0.9661
2025-08-27 17:33:20,716 - INFO - 4. hau: cos=0.9673
2025-08-27 17:33:20,716 - INFO - 5. luo: cos=0.9675
2025-08-27 17:33:20,847 - INFO - === Layer 10 (xlmr) — Top 5 (cosine) ===
2025-08-27 17:33:20,847 - INFO - 1. ibo: cos=0.9804
2025-08-27 17:33:20,847 - INFO - 2. ewe: cos=0.9799
2025-08-27 17:33:20,847 - INFO - 3. twi: cos=0.9786
2025-08-27 17:33:20,847 - INFO - 4. mos: cos=0.9770
2025-08-27 17:33:20,847 - INFO - 5. fon: cos=0.9767
2025-08-27 17:33:20,847 - INFO - === Layer 10 (xlmr) — Worst 5 (cosine) ===
2025-08-27 17:33:20,847 - INFO - 1. luo: cos=0.9607
2025-08-27 17:33:20,847 - INFO - 2. swa: cos=0.9641
2025-08-27 17:33:20,847 - INFO - 3. bam: cos=0.9645
2025-08-27 17:33:20,847 - INFO - 4. lug: cos=0.9667
2025-08-27 17:33:20,847 - INFO - 5. hau: cos=0.9669
2025-08-27 17:33:20,980 - INFO - === Layer 11 (xlmr) — Top 5 (cosine) ===
2025-08-27 17:33:20,980 - INFO - 1. ewe: cos=0.9850
2025-08-27 17:33:20,980 - INFO - 2. ibo: cos=0.9826
2025-08-27 17:33:20,980 - INFO - 3. twi: cos=0.9817
2025-08-27 17:33:20,980 - INFO - 4. sna: cos=0.9794
2025-08-27 17:33:20,980 - INFO - 5. fon: cos=0.9780
2025-08-27 17:33:20,980 - INFO - === Layer 11 (xlmr) — Worst 5 (cosine) ===
2025-08-27 17:33:20,980 - INFO - 1. luo: cos=0.9629
2025-08-27 17:33:20,980 - INFO - 2. pcm: cos=0.9697
2025-08-27 17:33:20,980 - INFO - 3. lug: cos=0.9704
2025-08-27 17:33:20,980 - INFO - 4. swa: cos=0.9705
2025-08-27 17:33:20,980 - INFO - 5. bam: cos=0.9714
2025-08-27 17:33:21,109 - INFO - === Layer 12 (xlmr) — Top 5 (cosine) ===
2025-08-27 17:33:21,109 - INFO - 1. ibo: cos=0.9984
2025-08-27 17:33:21,109 - INFO - 2. ewe: cos=0.9984
2025-08-27 17:33:21,109 - INFO - 3. twi: cos=0.9983
2025-08-27 17:33:21,109 - INFO - 4. bbj: cos=0.9981
2025-08-27 17:33:21,109 - INFO - 5. sna: cos=0.9980
2025-08-27 17:33:21,109 - INFO - === Layer 12 (xlmr) — Worst 5 (cosine) ===
2025-08-27 17:33:21,109 - INFO - 1. lug: cos=0.9966
2025-08-27 17:33:21,109 - INFO - 2. luo: cos=0.9966
2025-08-27 17:33:21,110 - INFO - 3. bam: cos=0.9970
2025-08-27 17:33:21,110 - INFO - 4. swa: cos=0.9971
2025-08-27 17:33:21,110 - INFO - 5. hau: cos=0.9972
2025-08-27 17:33:21,110 - INFO - Experiment finished successfully.
