2025-12-15 10:28:23,475 - INFO - Start: model_type=mbert, use_cls=True, use_context=False, context_window=0, max_tokens_per_type=400, batch_size=64, output_dir=rq2_train_scripts/Embeddings/CLEAN/outputs/combined/mbert/config_1_clstrue_ctxfalse/tokens_400_ctx0/core, save_prototypes=False, seed=42, fp16=True, max_length=96, langs=all, layers=all, span_mode=bio, pool=mean, entity_tags={'LOC', 'DATE', 'PER', 'ORG'}, title_suffix='L=all, tokens=400, ctx=0, cls=true, fp16=true'
2025-12-15 10:28:24,824 - INFO - Processing run
2025-12-15 10:28:25,253 - INFO - Processing bam
2025-12-15 10:28:25,303 - INFO - Processing bbj
2025-12-15 10:28:25,346 - INFO - Processing ewe
2025-12-15 10:28:25,387 - INFO - Processing fon
2025-12-15 10:28:25,446 - INFO - Processing hau
2025-12-15 10:28:25,505 - INFO - Processing ibo
2025-12-15 10:28:25,587 - INFO - Processing kin
2025-12-15 10:28:25,645 - INFO - Processing lug
2025-12-15 10:28:25,695 - INFO - Processing luo
2025-12-15 10:28:25,753 - INFO - Processing mos
2025-12-15 10:28:25,813 - INFO - Processing nya
2025-12-15 10:28:25,885 - INFO - Processing pcm
2025-12-15 10:28:25,934 - INFO - Processing sna
2025-12-15 10:28:25,991 - INFO - Processing swa
2025-12-15 10:28:26,061 - INFO - Processing tsn
2025-12-15 10:28:26,115 - INFO - Processing twi
2025-12-15 10:28:26,168 - INFO - Processing wol
2025-12-15 10:28:26,237 - INFO - Processing xho
2025-12-15 10:28:26,278 - INFO - Processing yor
2025-12-15 10:28:26,351 - INFO - Processing zul
2025-12-15 10:28:26,731 - INFO - === Layer 1 (mbert) — Top 5 (cosine) ===
2025-12-15 10:28:26,731 - INFO - 1. lug: cos=0.9993
2025-12-15 10:28:26,732 - INFO - 2. kin: cos=0.9993
2025-12-15 10:28:26,732 - INFO - 3. swa: cos=0.9991
2025-12-15 10:28:26,732 - INFO - 4. luo: cos=0.9990
2025-12-15 10:28:26,732 - INFO - 5. twi: cos=0.9990
2025-12-15 10:28:26,732 - INFO - === Layer 1 (mbert) — Worst 5 (cosine) ===
2025-12-15 10:28:26,732 - INFO - 1. ewe: cos=0.9934
2025-12-15 10:28:26,732 - INFO - 2. xho: cos=0.9970
2025-12-15 10:28:26,732 - INFO - 3. bbj: cos=0.9976
2025-12-15 10:28:26,732 - INFO - 4. mos: cos=0.9978
2025-12-15 10:28:26,732 - INFO - 5. yor: cos=0.9980
2025-12-15 10:28:26,850 - INFO - === Layer 2 (mbert) — Top 5 (cosine) ===
2025-12-15 10:28:26,851 - INFO - 1. lug: cos=0.9999
2025-12-15 10:28:26,851 - INFO - 2. kin: cos=0.9999
2025-12-15 10:28:26,851 - INFO - 3. swa: cos=0.9998
2025-12-15 10:28:26,851 - INFO - 4. luo: cos=0.9998
2025-12-15 10:28:26,851 - INFO - 5. tsn: cos=0.9998
2025-12-15 10:28:26,851 - INFO - === Layer 2 (mbert) — Worst 5 (cosine) ===
2025-12-15 10:28:26,851 - INFO - 1. ewe: cos=0.9989
2025-12-15 10:28:26,851 - INFO - 2. xho: cos=0.9995
2025-12-15 10:28:26,851 - INFO - 3. bbj: cos=0.9996
2025-12-15 10:28:26,851 - INFO - 4. yor: cos=0.9996
2025-12-15 10:28:26,851 - INFO - 5. hau: cos=0.9997
2025-12-15 10:28:26,970 - INFO - === Layer 3 (mbert) — Top 5 (cosine) ===
2025-12-15 10:28:26,970 - INFO - 1. lug: cos=1.0000
2025-12-15 10:28:26,970 - INFO - 2. kin: cos=1.0000
2025-12-15 10:28:26,970 - INFO - 3. tsn: cos=1.0000
2025-12-15 10:28:26,970 - INFO - 4. ibo: cos=1.0000
2025-12-15 10:28:26,970 - INFO - 5. nya: cos=1.0000
2025-12-15 10:28:26,970 - INFO - === Layer 3 (mbert) — Worst 5 (cosine) ===
2025-12-15 10:28:26,970 - INFO - 1. ewe: cos=0.9998
2025-12-15 10:28:26,970 - INFO - 2. bbj: cos=0.9999
2025-12-15 10:28:26,970 - INFO - 3. xho: cos=0.9999
2025-12-15 10:28:26,970 - INFO - 4. sna: cos=0.9999
2025-12-15 10:28:26,970 - INFO - 5. yor: cos=0.9999
2025-12-15 10:28:27,090 - INFO - === Layer 4 (mbert) — Top 5 (cosine) ===
2025-12-15 10:28:27,090 - INFO - 1. kin: cos=0.9999
2025-12-15 10:28:27,090 - INFO - 2. ibo: cos=0.9999
2025-12-15 10:28:27,090 - INFO - 3. hau: cos=0.9999
2025-12-15 10:28:27,090 - INFO - 4. luo: cos=0.9999
2025-12-15 10:28:27,090 - INFO - 5. twi: cos=0.9999
2025-12-15 10:28:27,090 - INFO - === Layer 4 (mbert) — Worst 5 (cosine) ===
2025-12-15 10:28:27,090 - INFO - 1. ewe: cos=0.9996
2025-12-15 10:28:27,090 - INFO - 2. pcm: cos=0.9997
2025-12-15 10:28:27,090 - INFO - 3. xho: cos=0.9997
2025-12-15 10:28:27,090 - INFO - 4. sna: cos=0.9997
2025-12-15 10:28:27,090 - INFO - 5. swa: cos=0.9997
2025-12-15 10:28:27,209 - INFO - === Layer 5 (mbert) — Top 5 (cosine) ===
2025-12-15 10:28:27,209 - INFO - 1. twi: cos=0.9946
2025-12-15 10:28:27,209 - INFO - 2. luo: cos=0.9941
2025-12-15 10:28:27,209 - INFO - 3. tsn: cos=0.9940
2025-12-15 10:28:27,209 - INFO - 4. ibo: cos=0.9938
2025-12-15 10:28:27,209 - INFO - 5. nya: cos=0.9935
2025-12-15 10:28:27,209 - INFO - === Layer 5 (mbert) — Worst 5 (cosine) ===
2025-12-15 10:28:27,209 - INFO - 1. yor: cos=0.9815
2025-12-15 10:28:27,209 - INFO - 2. mos: cos=0.9830
2025-12-15 10:28:27,209 - INFO - 3. bbj: cos=0.9849
2025-12-15 10:28:27,209 - INFO - 4. pcm: cos=0.9869
2025-12-15 10:28:27,209 - INFO - 5. ewe: cos=0.9872
2025-12-15 10:28:27,389 - INFO - === Layer 6 (mbert) — Top 5 (cosine) ===
2025-12-15 10:28:27,389 - INFO - 1. twi: cos=0.9914
2025-12-15 10:28:27,389 - INFO - 2. luo: cos=0.9907
2025-12-15 10:28:27,389 - INFO - 3. tsn: cos=0.9899
2025-12-15 10:28:27,389 - INFO - 4. kin: cos=0.9890
2025-12-15 10:28:27,389 - INFO - 5. ibo: cos=0.9878
2025-12-15 10:28:27,389 - INFO - === Layer 6 (mbert) — Worst 5 (cosine) ===
2025-12-15 10:28:27,389 - INFO - 1. yor: cos=0.9637
2025-12-15 10:28:27,389 - INFO - 2. mos: cos=0.9712
2025-12-15 10:28:27,389 - INFO - 3. bbj: cos=0.9712
2025-12-15 10:28:27,389 - INFO - 4. fon: cos=0.9752
2025-12-15 10:28:27,389 - INFO - 5. pcm: cos=0.9754
2025-12-15 10:28:27,508 - INFO - === Layer 7 (mbert) — Top 5 (cosine) ===
2025-12-15 10:28:27,508 - INFO - 1. twi: cos=0.9891
2025-12-15 10:28:27,508 - INFO - 2. luo: cos=0.9866
2025-12-15 10:28:27,508 - INFO - 3. tsn: cos=0.9857
2025-12-15 10:28:27,508 - INFO - 4. kin: cos=0.9850
2025-12-15 10:28:27,508 - INFO - 5. zul: cos=0.9799
2025-12-15 10:28:27,508 - INFO - === Layer 7 (mbert) — Worst 5 (cosine) ===
2025-12-15 10:28:27,508 - INFO - 1. yor: cos=0.9553
2025-12-15 10:28:27,508 - INFO - 2. mos: cos=0.9626
2025-12-15 10:28:27,508 - INFO - 3. pcm: cos=0.9635
2025-12-15 10:28:27,508 - INFO - 4. bbj: cos=0.9648
2025-12-15 10:28:27,508 - INFO - 5. fon: cos=0.9674
2025-12-15 10:28:27,627 - INFO - === Layer 8 (mbert) — Top 5 (cosine) ===
2025-12-15 10:28:27,627 - INFO - 1. twi: cos=0.9917
2025-12-15 10:28:27,627 - INFO - 2. kin: cos=0.9857
2025-12-15 10:28:27,627 - INFO - 3. luo: cos=0.9836
2025-12-15 10:28:27,627 - INFO - 4. pcm: cos=0.9808
2025-12-15 10:28:27,627 - INFO - 5. ewe: cos=0.9805
2025-12-15 10:28:27,627 - INFO - === Layer 8 (mbert) — Worst 5 (cosine) ===
2025-12-15 10:28:27,627 - INFO - 1. yor: cos=0.9464
2025-12-15 10:28:27,627 - INFO - 2. xho: cos=0.9497
2025-12-15 10:28:27,627 - INFO - 3. fon: cos=0.9537
2025-12-15 10:28:27,627 - INFO - 4. bbj: cos=0.9573
2025-12-15 10:28:27,627 - INFO - 5. mos: cos=0.9622
2025-12-15 10:28:27,747 - INFO - === Layer 9 (mbert) — Top 5 (cosine) ===
2025-12-15 10:28:27,747 - INFO - 1. twi: cos=0.9916
2025-12-15 10:28:27,747 - INFO - 2. luo: cos=0.9861
2025-12-15 10:28:27,747 - INFO - 3. kin: cos=0.9850
2025-12-15 10:28:27,747 - INFO - 4. ewe: cos=0.9828
2025-12-15 10:28:27,747 - INFO - 5. lug: cos=0.9819
2025-12-15 10:28:27,747 - INFO - === Layer 9 (mbert) — Worst 5 (cosine) ===
2025-12-15 10:28:27,747 - INFO - 1. yor: cos=0.9544
2025-12-15 10:28:27,747 - INFO - 2. xho: cos=0.9589
2025-12-15 10:28:27,747 - INFO - 3. fon: cos=0.9621
2025-12-15 10:28:27,747 - INFO - 4. bbj: cos=0.9645
2025-12-15 10:28:27,747 - INFO - 5. hau: cos=0.9660
2025-12-15 10:28:27,866 - INFO - === Layer 10 (mbert) — Top 5 (cosine) ===
2025-12-15 10:28:27,866 - INFO - 1. twi: cos=0.9869
2025-12-15 10:28:27,866 - INFO - 2. lug: cos=0.9824
2025-12-15 10:28:27,866 - INFO - 3. kin: cos=0.9817
2025-12-15 10:28:27,866 - INFO - 4. luo: cos=0.9813
2025-12-15 10:28:27,866 - INFO - 5. ewe: cos=0.9812
2025-12-15 10:28:27,866 - INFO - === Layer 10 (mbert) — Worst 5 (cosine) ===
2025-12-15 10:28:27,866 - INFO - 1. yor: cos=0.9400
2025-12-15 10:28:27,866 - INFO - 2. xho: cos=0.9553
2025-12-15 10:28:27,866 - INFO - 3. bbj: cos=0.9621
2025-12-15 10:28:27,866 - INFO - 4. fon: cos=0.9632
2025-12-15 10:28:27,866 - INFO - 5. mos: cos=0.9642
2025-12-15 10:28:27,985 - INFO - === Layer 11 (mbert) — Top 5 (cosine) ===
2025-12-15 10:28:27,985 - INFO - 1. twi: cos=0.9840
2025-12-15 10:28:27,985 - INFO - 2. lug: cos=0.9823
2025-12-15 10:28:27,985 - INFO - 3. ewe: cos=0.9802
2025-12-15 10:28:27,985 - INFO - 4. luo: cos=0.9795
2025-12-15 10:28:27,985 - INFO - 5. kin: cos=0.9786
2025-12-15 10:28:27,985 - INFO - === Layer 11 (mbert) — Worst 5 (cosine) ===
2025-12-15 10:28:27,985 - INFO - 1. yor: cos=0.9450
2025-12-15 10:28:27,985 - INFO - 2. xho: cos=0.9563
2025-12-15 10:28:27,985 - INFO - 3. bbj: cos=0.9590
2025-12-15 10:28:27,985 - INFO - 4. fon: cos=0.9660
2025-12-15 10:28:27,985 - INFO - 5. mos: cos=0.9661
2025-12-15 10:28:28,103 - INFO - === Layer 12 (mbert) — Top 5 (cosine) ===
2025-12-15 10:28:28,103 - INFO - 1. twi: cos=0.9473
2025-12-15 10:28:28,103 - INFO - 2. lug: cos=0.9463
2025-12-15 10:28:28,103 - INFO - 3. ewe: cos=0.9366
2025-12-15 10:28:28,103 - INFO - 4. kin: cos=0.9331
2025-12-15 10:28:28,103 - INFO - 5. swa: cos=0.9259
2025-12-15 10:28:28,103 - INFO - === Layer 12 (mbert) — Worst 5 (cosine) ===
2025-12-15 10:28:28,103 - INFO - 1. yor: cos=0.7803
2025-12-15 10:28:28,103 - INFO - 2. xho: cos=0.8417
2025-12-15 10:28:28,103 - INFO - 3. bbj: cos=0.8752
2025-12-15 10:28:28,103 - INFO - 4. sna: cos=0.8763
2025-12-15 10:28:28,103 - INFO - 5. wol: cos=0.8796
2025-12-15 10:28:28,103 - INFO - Experiment finished successfully.
