2025-08-27 09:48:39,693 - INFO - Start: model_type=xlmr, use_cls=True, use_context=False, context_window=1, max_tokens_per_type=300, batch_size=64, output_dir=rq2_train_scripts/Embeddings/CLEAN/outputs/salt/xlmr/config_1_clstrue_ctxfalse/tokens_300_ctx1/core, save_prototypes=False, seed=42, fp16=True, max_length=96, langs=all, layers=all, span_mode=bio, pool=mean, entity_tags={'LOC', 'PER', 'ORG', 'DATE'}, title_suffix='L=all, tokens=300, ctx=1, cls=true, fp16=true'
2025-08-27 09:48:41,730 - INFO - Processing run
2025-08-27 09:48:42,158 - INFO - Processing bam
2025-08-27 09:48:42,217 - INFO - Processing bbj
2025-08-27 09:48:42,281 - INFO - Processing ewe
2025-08-27 09:48:42,324 - INFO - Processing fon
2025-08-27 09:48:42,375 - INFO - Processing hau
2025-08-27 09:48:42,442 - INFO - Processing ibo
2025-08-27 09:48:42,523 - INFO - Processing kin
2025-08-27 09:48:42,586 - INFO - Processing lug
2025-08-27 09:48:42,628 - INFO - Processing luo
2025-08-27 09:48:42,686 - INFO - Processing mos
2025-08-27 09:48:42,742 - INFO - Processing nya
2025-08-27 09:48:42,807 - INFO - Processing pcm
2025-08-27 09:48:42,861 - INFO - Processing sna
2025-08-27 09:48:42,917 - INFO - Processing swa
2025-08-27 09:48:42,980 - INFO - Processing tsn
2025-08-27 09:48:43,027 - INFO - Processing twi
2025-08-27 09:48:43,113 - INFO - Processing wol
2025-08-27 09:48:43,176 - INFO - Processing xho
2025-08-27 09:48:43,220 - INFO - Processing yor
2025-08-27 09:48:43,312 - INFO - Processing zul
2025-08-27 09:48:43,828 - INFO - === Layer 1 (xlmr) — Top 5 (cosine) ===
2025-08-27 09:48:43,828 - INFO - 1. kin: cos=0.9999
2025-08-27 09:48:43,828 - INFO - 2. twi: cos=0.9999
2025-08-27 09:48:43,828 - INFO - 3. luo: cos=0.9999
2025-08-27 09:48:43,828 - INFO - 4. ewe: cos=0.9998
2025-08-27 09:48:43,828 - INFO - 5. nya: cos=0.9998
2025-08-27 09:48:43,828 - INFO - === Layer 1 (xlmr) — Worst 5 (cosine) ===
2025-08-27 09:48:43,828 - INFO - 1. pcm: cos=0.9994
2025-08-27 09:48:43,828 - INFO - 2. hau: cos=0.9994
2025-08-27 09:48:43,828 - INFO - 3. fon: cos=0.9995
2025-08-27 09:48:43,828 - INFO - 4. bbj: cos=0.9995
2025-08-27 09:48:43,828 - INFO - 5. bam: cos=0.9995
2025-08-27 09:48:43,955 - INFO - === Layer 2 (xlmr) — Top 5 (cosine) ===
2025-08-27 09:48:43,956 - INFO - 1. kin: cos=1.0000
2025-08-27 09:48:43,956 - INFO - 2. twi: cos=1.0000
2025-08-27 09:48:43,956 - INFO - 3. luo: cos=1.0000
2025-08-27 09:48:43,956 - INFO - 4. ewe: cos=1.0000
2025-08-27 09:48:43,956 - INFO - 5. nya: cos=1.0000
2025-08-27 09:48:43,956 - INFO - === Layer 2 (xlmr) — Worst 5 (cosine) ===
2025-08-27 09:48:43,956 - INFO - 1. pcm: cos=0.9999
2025-08-27 09:48:43,956 - INFO - 2. swa: cos=0.9999
2025-08-27 09:48:43,956 - INFO - 3. hau: cos=0.9999
2025-08-27 09:48:43,956 - INFO - 4. bbj: cos=0.9999
2025-08-27 09:48:43,956 - INFO - 5. sna: cos=0.9999
2025-08-27 09:48:44,081 - INFO - === Layer 3 (xlmr) — Top 5 (cosine) ===
2025-08-27 09:48:44,081 - INFO - 1. twi: cos=1.0000
2025-08-27 09:48:44,081 - INFO - 2. kin: cos=1.0000
2025-08-27 09:48:44,081 - INFO - 3. luo: cos=1.0000
2025-08-27 09:48:44,081 - INFO - 4. ibo: cos=1.0000
2025-08-27 09:48:44,081 - INFO - 5. zul: cos=1.0000
2025-08-27 09:48:44,081 - INFO - === Layer 3 (xlmr) — Worst 5 (cosine) ===
2025-08-27 09:48:44,081 - INFO - 1. pcm: cos=1.0000
2025-08-27 09:48:44,081 - INFO - 2. swa: cos=1.0000
2025-08-27 09:48:44,081 - INFO - 3. sna: cos=1.0000
2025-08-27 09:48:44,081 - INFO - 4. nya: cos=1.0000
2025-08-27 09:48:44,081 - INFO - 5. bbj: cos=1.0000
2025-08-27 09:48:44,237 - INFO - === Layer 4 (xlmr) — Top 5 (cosine) ===
2025-08-27 09:48:44,237 - INFO - 1. kin: cos=1.0000
2025-08-27 09:48:44,237 - INFO - 2. twi: cos=1.0000
2025-08-27 09:48:44,237 - INFO - 3. luo: cos=1.0000
2025-08-27 09:48:44,237 - INFO - 4. bbj: cos=1.0000
2025-08-27 09:48:44,237 - INFO - 5. tsn: cos=1.0000
2025-08-27 09:48:44,237 - INFO - === Layer 4 (xlmr) — Worst 5 (cosine) ===
2025-08-27 09:48:44,237 - INFO - 1. pcm: cos=1.0000
2025-08-27 09:48:44,237 - INFO - 2. bam: cos=1.0000
2025-08-27 09:48:44,237 - INFO - 3. yor: cos=1.0000
2025-08-27 09:48:44,237 - INFO - 4. hau: cos=1.0000
2025-08-27 09:48:44,237 - INFO - 5. nya: cos=1.0000
2025-08-27 09:48:44,364 - INFO - === Layer 5 (xlmr) — Top 5 (cosine) ===
2025-08-27 09:48:44,364 - INFO - 1. twi: cos=1.0000
2025-08-27 09:48:44,364 - INFO - 2. luo: cos=1.0000
2025-08-27 09:48:44,364 - INFO - 3. tsn: cos=1.0000
2025-08-27 09:48:44,364 - INFO - 4. kin: cos=1.0000
2025-08-27 09:48:44,364 - INFO - 5. ewe: cos=1.0000
2025-08-27 09:48:44,364 - INFO - === Layer 5 (xlmr) — Worst 5 (cosine) ===
2025-08-27 09:48:44,364 - INFO - 1. pcm: cos=1.0000
2025-08-27 09:48:44,364 - INFO - 2. hau: cos=1.0000
2025-08-27 09:48:44,364 - INFO - 3. swa: cos=1.0000
2025-08-27 09:48:44,364 - INFO - 4. xho: cos=1.0000
2025-08-27 09:48:44,364 - INFO - 5. wol: cos=1.0000
2025-08-27 09:48:44,497 - INFO - === Layer 6 (xlmr) — Top 5 (cosine) ===
2025-08-27 09:48:44,497 - INFO - 1. twi: cos=1.0000
2025-08-27 09:48:44,497 - INFO - 2. kin: cos=1.0000
2025-08-27 09:48:44,497 - INFO - 3. luo: cos=1.0000
2025-08-27 09:48:44,497 - INFO - 4. tsn: cos=1.0000
2025-08-27 09:48:44,497 - INFO - 5. zul: cos=1.0000
2025-08-27 09:48:44,497 - INFO - === Layer 6 (xlmr) — Worst 5 (cosine) ===
2025-08-27 09:48:44,497 - INFO - 1. yor: cos=1.0000
2025-08-27 09:48:44,497 - INFO - 2. hau: cos=1.0000
2025-08-27 09:48:44,497 - INFO - 3. pcm: cos=1.0000
2025-08-27 09:48:44,497 - INFO - 4. swa: cos=1.0000
2025-08-27 09:48:44,497 - INFO - 5. xho: cos=1.0000
2025-08-27 09:48:44,626 - INFO - === Layer 7 (xlmr) — Top 5 (cosine) ===
2025-08-27 09:48:44,626 - INFO - 1. twi: cos=1.0000
2025-08-27 09:48:44,626 - INFO - 2. kin: cos=1.0000
2025-08-27 09:48:44,626 - INFO - 3. fon: cos=1.0000
2025-08-27 09:48:44,626 - INFO - 4. bbj: cos=1.0000
2025-08-27 09:48:44,626 - INFO - 5. swa: cos=1.0000
2025-08-27 09:48:44,626 - INFO - === Layer 7 (xlmr) — Worst 5 (cosine) ===
2025-08-27 09:48:44,626 - INFO - 1. pcm: cos=1.0000
2025-08-27 09:48:44,626 - INFO - 2. hau: cos=1.0000
2025-08-27 09:48:44,626 - INFO - 3. zul: cos=1.0000
2025-08-27 09:48:44,626 - INFO - 4. sna: cos=1.0000
2025-08-27 09:48:44,626 - INFO - 5. nya: cos=1.0000
2025-08-27 09:48:44,822 - INFO - === Layer 8 (xlmr) — Top 5 (cosine) ===
2025-08-27 09:48:44,823 - INFO - 1. ewe: cos=1.0000
2025-08-27 09:48:44,823 - INFO - 2. tsn: cos=1.0000
2025-08-27 09:48:44,823 - INFO - 3. luo: cos=1.0000
2025-08-27 09:48:44,823 - INFO - 4. zul: cos=1.0000
2025-08-27 09:48:44,823 - INFO - 5. bam: cos=1.0000
2025-08-27 09:48:44,823 - INFO - === Layer 8 (xlmr) — Worst 5 (cosine) ===
2025-08-27 09:48:44,823 - INFO - 1. pcm: cos=0.9999
2025-08-27 09:48:44,823 - INFO - 2. fon: cos=0.9999
2025-08-27 09:48:44,823 - INFO - 3. hau: cos=0.9999
2025-08-27 09:48:44,823 - INFO - 4. bbj: cos=1.0000
2025-08-27 09:48:44,823 - INFO - 5. xho: cos=1.0000
2025-08-27 09:48:44,955 - INFO - === Layer 9 (xlmr) — Top 5 (cosine) ===
2025-08-27 09:48:44,955 - INFO - 1. mos: cos=1.0000
2025-08-27 09:48:44,955 - INFO - 2. zul: cos=1.0000
2025-08-27 09:48:44,955 - INFO - 3. ewe: cos=1.0000
2025-08-27 09:48:44,955 - INFO - 4. luo: cos=1.0000
2025-08-27 09:48:44,955 - INFO - 5. swa: cos=1.0000
2025-08-27 09:48:44,955 - INFO - === Layer 9 (xlmr) — Worst 5 (cosine) ===
2025-08-27 09:48:44,955 - INFO - 1. pcm: cos=1.0000
2025-08-27 09:48:44,955 - INFO - 2. hau: cos=1.0000
2025-08-27 09:48:44,955 - INFO - 3. fon: cos=1.0000
2025-08-27 09:48:44,955 - INFO - 4. sna: cos=1.0000
2025-08-27 09:48:44,955 - INFO - 5. bbj: cos=1.0000
2025-08-27 09:48:45,084 - INFO - === Layer 10 (xlmr) — Top 5 (cosine) ===
2025-08-27 09:48:45,084 - INFO - 1. zul: cos=1.0000
2025-08-27 09:48:45,084 - INFO - 2. ewe: cos=1.0000
2025-08-27 09:48:45,084 - INFO - 3. luo: cos=1.0000
2025-08-27 09:48:45,084 - INFO - 4. kin: cos=1.0000
2025-08-27 09:48:45,084 - INFO - 5. nya: cos=1.0000
2025-08-27 09:48:45,084 - INFO - === Layer 10 (xlmr) — Worst 5 (cosine) ===
2025-08-27 09:48:45,084 - INFO - 1. pcm: cos=1.0000
2025-08-27 09:48:45,084 - INFO - 2. yor: cos=1.0000
2025-08-27 09:48:45,084 - INFO - 3. ibo: cos=1.0000
2025-08-27 09:48:45,084 - INFO - 4. fon: cos=1.0000
2025-08-27 09:48:45,084 - INFO - 5. xho: cos=1.0000
2025-08-27 09:48:45,213 - INFO - === Layer 11 (xlmr) — Top 5 (cosine) ===
2025-08-27 09:48:45,213 - INFO - 1. tsn: cos=1.0000
2025-08-27 09:48:45,213 - INFO - 2. zul: cos=1.0000
2025-08-27 09:48:45,213 - INFO - 3. hau: cos=1.0000
2025-08-27 09:48:45,213 - INFO - 4. pcm: cos=1.0000
2025-08-27 09:48:45,213 - INFO - 5. ibo: cos=1.0000
2025-08-27 09:48:45,213 - INFO - === Layer 11 (xlmr) — Worst 5 (cosine) ===
2025-08-27 09:48:45,213 - INFO - 1. luo: cos=0.9999
2025-08-27 09:48:45,213 - INFO - 2. bam: cos=0.9999
2025-08-27 09:48:45,213 - INFO - 3. bbj: cos=0.9999
2025-08-27 09:48:45,213 - INFO - 4. xho: cos=1.0000
2025-08-27 09:48:45,213 - INFO - 5. mos: cos=1.0000
2025-08-27 09:48:45,341 - INFO - === Layer 12 (xlmr) — Top 5 (cosine) ===
2025-08-27 09:48:45,341 - INFO - 1. kin: cos=0.9999
2025-08-27 09:48:45,341 - INFO - 2. nya: cos=0.9999
2025-08-27 09:48:45,341 - INFO - 3. wol: cos=0.9999
2025-08-27 09:48:45,341 - INFO - 4. ewe: cos=0.9999
2025-08-27 09:48:45,341 - INFO - 5. tsn: cos=0.9999
2025-08-27 09:48:45,341 - INFO - === Layer 12 (xlmr) — Worst 5 (cosine) ===
2025-08-27 09:48:45,341 - INFO - 1. fon: cos=0.9982
2025-08-27 09:48:45,341 - INFO - 2. hau: cos=0.9987
2025-08-27 09:48:45,341 - INFO - 3. pcm: cos=0.9989
2025-08-27 09:48:45,341 - INFO - 4. twi: cos=0.9995
2025-08-27 09:48:45,341 - INFO - 5. ibo: cos=0.9996
2025-08-27 09:48:45,342 - INFO - Experiment finished successfully.
