2025-08-02 19:25:33,111 - INFO - Experiment started with model_type=xlmr, use_cls=False, use_context=False, context_window=3, use_hybrid=False, max_tokens_per_type=500, output_dir=rq2_train_scripts/Embeddings/MEXA_inspired_strategy/outputs/combined/xlmr/config_0_clsfalse_ctxfalse_hybfalse/tokens_500_ctx3
2025-08-02 19:25:34,830 - INFO - Processing run
2025-08-02 19:25:39,283 - INFO - Processing bam
2025-08-02 19:25:43,268 - INFO - Processing bbj
2025-08-02 19:25:47,757 - INFO - Processing ewe
2025-08-02 19:25:52,224 - INFO - Processing fon
2025-08-02 19:25:56,738 - INFO - Processing hau
2025-08-02 19:26:01,206 - INFO - Processing ibo
2025-08-02 19:26:05,727 - INFO - Processing kin
2025-08-02 19:26:10,207 - INFO - Processing lug
2025-08-02 19:26:14,648 - INFO - Processing luo
2025-08-02 19:26:19,113 - INFO - Processing mos
2025-08-02 19:26:23,611 - INFO - Processing nya
2025-08-02 19:26:28,068 - INFO - Processing pcm
2025-08-02 19:26:32,472 - INFO - Processing sna
2025-08-02 19:26:36,939 - INFO - Processing swa
2025-08-02 19:26:41,333 - INFO - Processing tsn
2025-08-02 19:26:45,719 - INFO - Processing twi
2025-08-02 19:26:50,134 - INFO - Processing wol
2025-08-02 19:26:54,594 - INFO - Processing xho
2025-08-02 19:26:59,081 - INFO - Processing yor
2025-08-02 19:27:03,676 - INFO - Processing zul
2025-08-02 19:27:08,686 - INFO - Top 5 languages most similar to Runyankore:
2025-08-02 19:27:08,687 - INFO - 1. lug - Mean Similarity: 0.9996
2025-08-02 19:27:08,687 - INFO - 2. kin - Mean Similarity: 0.9994
2025-08-02 19:27:08,687 - INFO - 3. luo - Mean Similarity: 0.9994
2025-08-02 19:27:08,687 - INFO - 4. twi - Mean Similarity: 0.9993
2025-08-02 19:27:08,687 - INFO - 5. ibo - Mean Similarity: 0.9993
2025-08-02 19:27:08,687 - INFO - Experiment finished successfully.
