2025-12-15 10:19:29,434 - INFO - Start: model_type=xlmr, use_cls=True, use_context=True, context_window=3, max_tokens_per_type=400, batch_size=64, output_dir=rq2_train_scripts/Embeddings/CLEAN/outputs/combined/xlmr/config_3_clstrue_ctxtrue/tokens_400_ctx3/core, save_prototypes=False, seed=42, fp16=True, max_length=96, langs=all, layers=all, span_mode=bio, pool=mean, entity_tags={'PER', 'ORG', 'LOC', 'DATE'}, title_suffix='L=all, tokens=400, ctx=3, cls=true, fp16=true'
2025-12-15 10:19:31,299 - INFO - Processing run
2025-12-15 10:19:31,695 - INFO - Processing bam
2025-12-15 10:19:31,752 - INFO - Processing bbj
2025-12-15 10:19:31,808 - INFO - Processing ewe
2025-12-15 10:19:31,863 - INFO - Processing fon
2025-12-15 10:19:31,928 - INFO - Processing hau
2025-12-15 10:19:31,988 - INFO - Processing ibo
2025-12-15 10:19:32,078 - INFO - Processing kin
2025-12-15 10:19:32,144 - INFO - Processing lug
2025-12-15 10:19:32,212 - INFO - Processing luo
2025-12-15 10:19:32,270 - INFO - Processing mos
2025-12-15 10:19:32,350 - INFO - Processing nya
2025-12-15 10:19:32,417 - INFO - Processing pcm
2025-12-15 10:19:32,471 - INFO - Processing sna
2025-12-15 10:19:32,551 - INFO - Processing swa
2025-12-15 10:19:32,615 - INFO - Processing tsn
2025-12-15 10:19:32,667 - INFO - Processing twi
2025-12-15 10:19:32,727 - INFO - Processing wol
2025-12-15 10:19:32,794 - INFO - Processing xho
2025-12-15 10:19:32,845 - INFO - Processing yor
2025-12-15 10:19:32,931 - INFO - Processing zul
2025-12-15 10:19:33,383 - INFO - === Layer 1 (xlmr) — Top 5 (cosine) ===
2025-12-15 10:19:33,383 - INFO - 1. lug: cos=1.0000
2025-12-15 10:19:33,383 - INFO - 2. kin: cos=1.0000
2025-12-15 10:19:33,383 - INFO - 3. sna: cos=1.0000
2025-12-15 10:19:33,383 - INFO - 4. nya: cos=1.0000
2025-12-15 10:19:33,383 - INFO - 5. tsn: cos=1.0000
2025-12-15 10:19:33,383 - INFO - === Layer 1 (xlmr) — Worst 5 (cosine) ===
2025-12-15 10:19:33,383 - INFO - 1. bam: cos=0.9997
2025-12-15 10:19:33,383 - INFO - 2. fon: cos=0.9997
2025-12-15 10:19:33,383 - INFO - 3. ewe: cos=0.9999
2025-12-15 10:19:33,383 - INFO - 4. yor: cos=0.9999
2025-12-15 10:19:33,383 - INFO - 5. hau: cos=0.9999
2025-12-15 10:19:33,502 - INFO - === Layer 2 (xlmr) — Top 5 (cosine) ===
2025-12-15 10:19:33,502 - INFO - 1. kin: cos=1.0000
2025-12-15 10:19:33,502 - INFO - 2. nya: cos=1.0000
2025-12-15 10:19:33,502 - INFO - 3. sna: cos=1.0000
2025-12-15 10:19:33,502 - INFO - 4. lug: cos=1.0000
2025-12-15 10:19:33,502 - INFO - 5. tsn: cos=1.0000
2025-12-15 10:19:33,502 - INFO - === Layer 2 (xlmr) — Worst 5 (cosine) ===
2025-12-15 10:19:33,502 - INFO - 1. bam: cos=1.0000
2025-12-15 10:19:33,502 - INFO - 2. fon: cos=1.0000
2025-12-15 10:19:33,502 - INFO - 3. hau: cos=1.0000
2025-12-15 10:19:33,502 - INFO - 4. yor: cos=1.0000
2025-12-15 10:19:33,502 - INFO - 5. swa: cos=1.0000
2025-12-15 10:19:33,620 - INFO - === Layer 3 (xlmr) — Top 5 (cosine) ===
2025-12-15 10:19:33,620 - INFO - 1. kin: cos=1.0000
2025-12-15 10:19:33,620 - INFO - 2. sna: cos=1.0000
2025-12-15 10:19:33,620 - INFO - 3. nya: cos=1.0000
2025-12-15 10:19:33,620 - INFO - 4. lug: cos=1.0000
2025-12-15 10:19:33,620 - INFO - 5. xho: cos=1.0000
2025-12-15 10:19:33,620 - INFO - === Layer 3 (xlmr) — Worst 5 (cosine) ===
2025-12-15 10:19:33,620 - INFO - 1. pcm: cos=1.0000
2025-12-15 10:19:33,620 - INFO - 2. swa: cos=1.0000
2025-12-15 10:19:33,620 - INFO - 3. fon: cos=1.0000
2025-12-15 10:19:33,621 - INFO - 4. ewe: cos=1.0000
2025-12-15 10:19:33,621 - INFO - 5. bbj: cos=1.0000
2025-12-15 10:19:33,739 - INFO - === Layer 4 (xlmr) — Top 5 (cosine) ===
2025-12-15 10:19:33,739 - INFO - 1. zul: cos=1.0000
2025-12-15 10:19:33,739 - INFO - 2. lug: cos=1.0000
2025-12-15 10:19:33,739 - INFO - 3. wol: cos=1.0000
2025-12-15 10:19:33,739 - INFO - 4. ibo: cos=1.0000
2025-12-15 10:19:33,739 - INFO - 5. nya: cos=1.0000
2025-12-15 10:19:33,739 - INFO - === Layer 4 (xlmr) — Worst 5 (cosine) ===
2025-12-15 10:19:33,739 - INFO - 1. pcm: cos=1.0000
2025-12-15 10:19:33,739 - INFO - 2. hau: cos=1.0000
2025-12-15 10:19:33,739 - INFO - 3. swa: cos=1.0000
2025-12-15 10:19:33,739 - INFO - 4. fon: cos=1.0000
2025-12-15 10:19:33,739 - INFO - 5. sna: cos=1.0000
2025-12-15 10:19:33,856 - INFO - === Layer 5 (xlmr) — Top 5 (cosine) ===
2025-12-15 10:19:33,857 - INFO - 1. lug: cos=1.0000
2025-12-15 10:19:33,857 - INFO - 2. sna: cos=1.0000
2025-12-15 10:19:33,857 - INFO - 3. kin: cos=1.0000
2025-12-15 10:19:33,857 - INFO - 4. nya: cos=1.0000
2025-12-15 10:19:33,857 - INFO - 5. zul: cos=1.0000
2025-12-15 10:19:33,857 - INFO - === Layer 5 (xlmr) — Worst 5 (cosine) ===
2025-12-15 10:19:33,857 - INFO - 1. bam: cos=1.0000
2025-12-15 10:19:33,857 - INFO - 2. fon: cos=1.0000
2025-12-15 10:19:33,857 - INFO - 3. twi: cos=1.0000
2025-12-15 10:19:33,857 - INFO - 4. bbj: cos=1.0000
2025-12-15 10:19:33,857 - INFO - 5. swa: cos=1.0000
2025-12-15 10:19:33,977 - INFO - === Layer 6 (xlmr) — Top 5 (cosine) ===
2025-12-15 10:19:33,977 - INFO - 1. lug: cos=1.0000
2025-12-15 10:19:33,977 - INFO - 2. sna: cos=1.0000
2025-12-15 10:19:33,977 - INFO - 3. nya: cos=1.0000
2025-12-15 10:19:33,977 - INFO - 4. tsn: cos=1.0000
2025-12-15 10:19:33,977 - INFO - 5. kin: cos=1.0000
2025-12-15 10:19:33,977 - INFO - === Layer 6 (xlmr) — Worst 5 (cosine) ===
2025-12-15 10:19:33,978 - INFO - 1. bam: cos=1.0000
2025-12-15 10:19:33,978 - INFO - 2. fon: cos=1.0000
2025-12-15 10:19:33,978 - INFO - 3. twi: cos=1.0000
2025-12-15 10:19:33,978 - INFO - 4. bbj: cos=1.0000
2025-12-15 10:19:33,978 - INFO - 5. swa: cos=1.0000
2025-12-15 10:19:34,096 - INFO - === Layer 7 (xlmr) — Top 5 (cosine) ===
2025-12-15 10:19:34,096 - INFO - 1. lug: cos=1.0000
2025-12-15 10:19:34,096 - INFO - 2. ibo: cos=1.0000
2025-12-15 10:19:34,096 - INFO - 3. tsn: cos=1.0000
2025-12-15 10:19:34,096 - INFO - 4. kin: cos=1.0000
2025-12-15 10:19:34,096 - INFO - 5. bam: cos=1.0000
2025-12-15 10:19:34,096 - INFO - === Layer 7 (xlmr) — Worst 5 (cosine) ===
2025-12-15 10:19:34,096 - INFO - 1. yor: cos=1.0000
2025-12-15 10:19:34,096 - INFO - 2. pcm: cos=1.0000
2025-12-15 10:19:34,096 - INFO - 3. ewe: cos=1.0000
2025-12-15 10:19:34,096 - INFO - 4. bbj: cos=1.0000
2025-12-15 10:19:34,096 - INFO - 5. sna: cos=1.0000
2025-12-15 10:19:34,276 - INFO - === Layer 8 (xlmr) — Top 5 (cosine) ===
2025-12-15 10:19:34,276 - INFO - 1. kin: cos=1.0000
2025-12-15 10:19:34,276 - INFO - 2. sna: cos=1.0000
2025-12-15 10:19:34,276 - INFO - 3. nya: cos=1.0000
2025-12-15 10:19:34,276 - INFO - 4. lug: cos=1.0000
2025-12-15 10:19:34,276 - INFO - 5. wol: cos=1.0000
2025-12-15 10:19:34,276 - INFO - === Layer 8 (xlmr) — Worst 5 (cosine) ===
2025-12-15 10:19:34,276 - INFO - 1. swa: cos=1.0000
2025-12-15 10:19:34,276 - INFO - 2. hau: cos=1.0000
2025-12-15 10:19:34,276 - INFO - 3. bbj: cos=1.0000
2025-12-15 10:19:34,276 - INFO - 4. pcm: cos=1.0000
2025-12-15 10:19:34,276 - INFO - 5. yor: cos=1.0000
2025-12-15 10:19:34,394 - INFO - === Layer 9 (xlmr) — Top 5 (cosine) ===
2025-12-15 10:19:34,394 - INFO - 1. kin: cos=1.0000
2025-12-15 10:19:34,394 - INFO - 2. hau: cos=1.0000
2025-12-15 10:19:34,394 - INFO - 3. bbj: cos=1.0000
2025-12-15 10:19:34,394 - INFO - 4. twi: cos=1.0000
2025-12-15 10:19:34,394 - INFO - 5. mos: cos=1.0000
2025-12-15 10:19:34,394 - INFO - === Layer 9 (xlmr) — Worst 5 (cosine) ===
2025-12-15 10:19:34,394 - INFO - 1. yor: cos=1.0000
2025-12-15 10:19:34,394 - INFO - 2. zul: cos=1.0000
2025-12-15 10:19:34,394 - INFO - 3. ewe: cos=1.0000
2025-12-15 10:19:34,394 - INFO - 4. luo: cos=1.0000
2025-12-15 10:19:34,394 - INFO - 5. xho: cos=1.0000
2025-12-15 10:19:34,512 - INFO - === Layer 10 (xlmr) — Top 5 (cosine) ===
2025-12-15 10:19:34,512 - INFO - 1. ibo: cos=1.0000
2025-12-15 10:19:34,512 - INFO - 2. twi: cos=1.0000
2025-12-15 10:19:34,512 - INFO - 3. kin: cos=1.0000
2025-12-15 10:19:34,512 - INFO - 4. hau: cos=1.0000
2025-12-15 10:19:34,512 - INFO - 5. sna: cos=1.0000
2025-12-15 10:19:34,512 - INFO - === Layer 10 (xlmr) — Worst 5 (cosine) ===
2025-12-15 10:19:34,512 - INFO - 1. pcm: cos=1.0000
2025-12-15 10:19:34,512 - INFO - 2. tsn: cos=1.0000
2025-12-15 10:19:34,512 - INFO - 3. luo: cos=1.0000
2025-12-15 10:19:34,512 - INFO - 4. swa: cos=1.0000
2025-12-15 10:19:34,512 - INFO - 5. lug: cos=1.0000
2025-12-15 10:19:34,630 - INFO - === Layer 11 (xlmr) — Top 5 (cosine) ===
2025-12-15 10:19:34,630 - INFO - 1. kin: cos=1.0000
2025-12-15 10:19:34,630 - INFO - 2. xho: cos=1.0000
2025-12-15 10:19:34,630 - INFO - 3. sna: cos=1.0000
2025-12-15 10:19:34,630 - INFO - 4. zul: cos=1.0000
2025-12-15 10:19:34,630 - INFO - 5. nya: cos=1.0000
2025-12-15 10:19:34,630 - INFO - === Layer 11 (xlmr) — Worst 5 (cosine) ===
2025-12-15 10:19:34,630 - INFO - 1. yor: cos=0.9999
2025-12-15 10:19:34,630 - INFO - 2. fon: cos=0.9999
2025-12-15 10:19:34,630 - INFO - 3. pcm: cos=0.9999
2025-12-15 10:19:34,630 - INFO - 4. mos: cos=0.9999
2025-12-15 10:19:34,630 - INFO - 5. bbj: cos=0.9999
2025-12-15 10:19:34,748 - INFO - === Layer 12 (xlmr) — Top 5 (cosine) ===
2025-12-15 10:19:34,748 - INFO - 1. pcm: cos=0.9995
2025-12-15 10:19:34,748 - INFO - 2. sna: cos=0.9993
2025-12-15 10:19:34,748 - INFO - 3. mos: cos=0.9984
2025-12-15 10:19:34,748 - INFO - 4. kin: cos=0.9983
2025-12-15 10:19:34,748 - INFO - 5. bbj: cos=0.9981
2025-12-15 10:19:34,748 - INFO - === Layer 12 (xlmr) — Worst 5 (cosine) ===
2025-12-15 10:19:34,748 - INFO - 1. zul: cos=0.9785
2025-12-15 10:19:34,748 - INFO - 2. fon: cos=0.9843
2025-12-15 10:19:34,748 - INFO - 3. xho: cos=0.9874
2025-12-15 10:19:34,748 - INFO - 4. nya: cos=0.9923
2025-12-15 10:19:34,748 - INFO - 5. lug: cos=0.9948
2025-12-15 10:19:34,749 - INFO - Experiment finished successfully.
