2025-08-27 10:33:09,204 - INFO - Start: model_type=mbert, use_cls=False, use_context=True, context_window=1, max_tokens_per_type=400, batch_size=64, output_dir=rq2_train_scripts/Embeddings/CLEAN/outputs/salt/mbert/config_2_clsfalse_ctxtrue/tokens_400_ctx1/core, save_prototypes=False, seed=42, fp16=True, max_length=96, langs=all, layers=all, span_mode=bio, pool=mean, entity_tags={'PER', 'LOC', 'ORG', 'DATE'}, title_suffix='L=all, tokens=400, ctx=1, cls=false, fp16=true'
2025-08-27 10:33:10,526 - INFO - Processing run
2025-08-27 10:33:11,096 - INFO - Processing bam
2025-08-27 10:33:11,229 - INFO - Processing bbj
2025-08-27 10:33:11,342 - INFO - Processing ewe
2025-08-27 10:33:11,451 - INFO - Processing fon
2025-08-27 10:33:11,607 - INFO - Processing hau
2025-08-27 10:33:11,738 - INFO - Processing ibo
2025-08-27 10:33:11,898 - INFO - Processing kin
2025-08-27 10:33:12,031 - INFO - Processing lug
2025-08-27 10:33:12,163 - INFO - Processing luo
2025-08-27 10:33:12,298 - INFO - Processing mos
2025-08-27 10:33:12,430 - INFO - Processing nya
2025-08-27 10:33:12,563 - INFO - Processing pcm
2025-08-27 10:33:12,676 - INFO - Processing sna
2025-08-27 10:33:12,794 - INFO - Processing swa
2025-08-27 10:33:12,923 - INFO - Processing tsn
2025-08-27 10:33:13,041 - INFO - Processing twi
2025-08-27 10:33:13,180 - INFO - Processing wol
2025-08-27 10:33:13,307 - INFO - Processing xho
2025-08-27 10:33:13,422 - INFO - Processing yor
2025-08-27 10:33:13,571 - INFO - Processing zul
2025-08-27 10:33:14,075 - INFO - === Layer 1 (mbert) — Top 5 (cosine) ===
2025-08-27 10:33:14,075 - INFO - 1. kin: cos=0.8873
2025-08-27 10:33:14,075 - INFO - 2. lug: cos=0.8720
2025-08-27 10:33:14,075 - INFO - 3. nya: cos=0.8660
2025-08-27 10:33:14,075 - INFO - 4. luo: cos=0.8570
2025-08-27 10:33:14,075 - INFO - 5. twi: cos=0.8560
2025-08-27 10:33:14,075 - INFO - === Layer 1 (mbert) — Worst 5 (cosine) ===
2025-08-27 10:33:14,075 - INFO - 1. yor: cos=0.6611
2025-08-27 10:33:14,075 - INFO - 2. bbj: cos=0.6887
2025-08-27 10:33:14,075 - INFO - 3. mos: cos=0.7374
2025-08-27 10:33:14,075 - INFO - 4. bam: cos=0.7531
2025-08-27 10:33:14,075 - INFO - 5. fon: cos=0.7575
2025-08-27 10:33:14,223 - INFO - === Layer 2 (mbert) — Top 5 (cosine) ===
2025-08-27 10:33:14,223 - INFO - 1. kin: cos=0.8946
2025-08-27 10:33:14,223 - INFO - 2. lug: cos=0.8925
2025-08-27 10:33:14,223 - INFO - 3. nya: cos=0.8827
2025-08-27 10:33:14,223 - INFO - 4. luo: cos=0.8777
2025-08-27 10:33:14,223 - INFO - 5. twi: cos=0.8764
2025-08-27 10:33:14,223 - INFO - === Layer 2 (mbert) — Worst 5 (cosine) ===
2025-08-27 10:33:14,223 - INFO - 1. yor: cos=0.6964
2025-08-27 10:33:14,223 - INFO - 2. bbj: cos=0.7257
2025-08-27 10:33:14,223 - INFO - 3. ewe: cos=0.7758
2025-08-27 10:33:14,223 - INFO - 4. mos: cos=0.7826
2025-08-27 10:33:14,223 - INFO - 5. bam: cos=0.7851
2025-08-27 10:33:14,357 - INFO - === Layer 3 (mbert) — Top 5 (cosine) ===
2025-08-27 10:33:14,357 - INFO - 1. kin: cos=0.9356
2025-08-27 10:33:14,357 - INFO - 2. lug: cos=0.9316
2025-08-27 10:33:14,357 - INFO - 3. nya: cos=0.9305
2025-08-27 10:33:14,357 - INFO - 4. twi: cos=0.9251
2025-08-27 10:33:14,357 - INFO - 5. luo: cos=0.9191
2025-08-27 10:33:14,357 - INFO - === Layer 3 (mbert) — Worst 5 (cosine) ===
2025-08-27 10:33:14,357 - INFO - 1. yor: cos=0.8123
2025-08-27 10:33:14,357 - INFO - 2. bbj: cos=0.8246
2025-08-27 10:33:14,357 - INFO - 3. ewe: cos=0.8562
2025-08-27 10:33:14,357 - INFO - 4. pcm: cos=0.8647
2025-08-27 10:33:14,357 - INFO - 5. bam: cos=0.8670
2025-08-27 10:33:14,486 - INFO - === Layer 4 (mbert) — Top 5 (cosine) ===
2025-08-27 10:33:14,486 - INFO - 1. kin: cos=0.9479
2025-08-27 10:33:14,487 - INFO - 2. lug: cos=0.9460
2025-08-27 10:33:14,487 - INFO - 3. nya: cos=0.9456
2025-08-27 10:33:14,487 - INFO - 4. twi: cos=0.9433
2025-08-27 10:33:14,487 - INFO - 5. luo: cos=0.9360
2025-08-27 10:33:14,487 - INFO - === Layer 4 (mbert) — Worst 5 (cosine) ===
2025-08-27 10:33:14,487 - INFO - 1. yor: cos=0.8485
2025-08-27 10:33:14,487 - INFO - 2. bbj: cos=0.8599
2025-08-27 10:33:14,487 - INFO - 3. ewe: cos=0.8857
2025-08-27 10:33:14,487 - INFO - 4. pcm: cos=0.8879
2025-08-27 10:33:14,487 - INFO - 5. mos: cos=0.8939
2025-08-27 10:33:14,618 - INFO - === Layer 5 (mbert) — Top 5 (cosine) ===
2025-08-27 10:33:14,618 - INFO - 1. kin: cos=0.9629
2025-08-27 10:33:14,618 - INFO - 2. nya: cos=0.9613
2025-08-27 10:33:14,618 - INFO - 3. twi: cos=0.9601
2025-08-27 10:33:14,618 - INFO - 4. lug: cos=0.9568
2025-08-27 10:33:14,618 - INFO - 5. luo: cos=0.9547
2025-08-27 10:33:14,618 - INFO - === Layer 5 (mbert) — Worst 5 (cosine) ===
2025-08-27 10:33:14,618 - INFO - 1. yor: cos=0.8881
2025-08-27 10:33:14,618 - INFO - 2. bbj: cos=0.8979
2025-08-27 10:33:14,618 - INFO - 3. pcm: cos=0.9153
2025-08-27 10:33:14,618 - INFO - 4. ewe: cos=0.9166
2025-08-27 10:33:14,618 - INFO - 5. mos: cos=0.9209
2025-08-27 10:33:14,824 - INFO - === Layer 6 (mbert) — Top 5 (cosine) ===
2025-08-27 10:33:14,824 - INFO - 1. kin: cos=0.9703
2025-08-27 10:33:14,824 - INFO - 2. twi: cos=0.9683
2025-08-27 10:33:14,824 - INFO - 3. luo: cos=0.9641
2025-08-27 10:33:14,824 - INFO - 4. ibo: cos=0.9622
2025-08-27 10:33:14,824 - INFO - 5. lug: cos=0.9610
2025-08-27 10:33:14,824 - INFO - === Layer 6 (mbert) — Worst 5 (cosine) ===
2025-08-27 10:33:14,824 - INFO - 1. yor: cos=0.9065
2025-08-27 10:33:14,824 - INFO - 2. bbj: cos=0.9190
2025-08-27 10:33:14,824 - INFO - 3. pcm: cos=0.9300
2025-08-27 10:33:14,824 - INFO - 4. ewe: cos=0.9317
2025-08-27 10:33:14,824 - INFO - 5. fon: cos=0.9350
2025-08-27 10:33:14,955 - INFO - === Layer 7 (mbert) — Top 5 (cosine) ===
2025-08-27 10:33:14,955 - INFO - 1. kin: cos=0.9579
2025-08-27 10:33:14,955 - INFO - 2. twi: cos=0.9532
2025-08-27 10:33:14,955 - INFO - 3. lug: cos=0.9465
2025-08-27 10:33:14,955 - INFO - 4. luo: cos=0.9461
2025-08-27 10:33:14,955 - INFO - 5. nya: cos=0.9408
2025-08-27 10:33:14,955 - INFO - === Layer 7 (mbert) — Worst 5 (cosine) ===
2025-08-27 10:33:14,955 - INFO - 1. yor: cos=0.8763
2025-08-27 10:33:14,955 - INFO - 2. bbj: cos=0.8920
2025-08-27 10:33:14,955 - INFO - 3. pcm: cos=0.8933
2025-08-27 10:33:14,955 - INFO - 4. ewe: cos=0.9024
2025-08-27 10:33:14,955 - INFO - 5. fon: cos=0.9123
2025-08-27 10:33:15,087 - INFO - === Layer 8 (mbert) — Top 5 (cosine) ===
2025-08-27 10:33:15,088 - INFO - 1. twi: cos=0.9575
2025-08-27 10:33:15,088 - INFO - 2. kin: cos=0.9552
2025-08-27 10:33:15,088 - INFO - 3. lug: cos=0.9444
2025-08-27 10:33:15,088 - INFO - 4. nya: cos=0.9394
2025-08-27 10:33:15,088 - INFO - 5. luo: cos=0.9376
2025-08-27 10:33:15,088 - INFO - === Layer 8 (mbert) — Worst 5 (cosine) ===
2025-08-27 10:33:15,088 - INFO - 1. yor: cos=0.8644
2025-08-27 10:33:15,088 - INFO - 2. bbj: cos=0.8829
2025-08-27 10:33:15,088 - INFO - 3. xho: cos=0.8862
2025-08-27 10:33:15,088 - INFO - 4. fon: cos=0.9104
2025-08-27 10:33:15,088 - INFO - 5. bam: cos=0.9109
2025-08-27 10:33:15,223 - INFO - === Layer 9 (mbert) — Top 5 (cosine) ===
2025-08-27 10:33:15,223 - INFO - 1. twi: cos=0.9675
2025-08-27 10:33:15,223 - INFO - 2. kin: cos=0.9667
2025-08-27 10:33:15,223 - INFO - 3. lug: cos=0.9589
2025-08-27 10:33:15,223 - INFO - 4. luo: cos=0.9572
2025-08-27 10:33:15,223 - INFO - 5. nya: cos=0.9556
2025-08-27 10:33:15,223 - INFO - === Layer 9 (mbert) — Worst 5 (cosine) ===
2025-08-27 10:33:15,223 - INFO - 1. yor: cos=0.9063
2025-08-27 10:33:15,223 - INFO - 2. bbj: cos=0.9187
2025-08-27 10:33:15,223 - INFO - 3. xho: cos=0.9240
2025-08-27 10:33:15,223 - INFO - 4. bam: cos=0.9244
2025-08-27 10:33:15,223 - INFO - 5. fon: cos=0.9415
2025-08-27 10:33:15,397 - INFO - === Layer 10 (mbert) — Top 5 (cosine) ===
2025-08-27 10:33:15,397 - INFO - 1. kin: cos=0.9737
2025-08-27 10:33:15,397 - INFO - 2. twi: cos=0.9712
2025-08-27 10:33:15,397 - INFO - 3. nya: cos=0.9662
2025-08-27 10:33:15,397 - INFO - 4. lug: cos=0.9659
2025-08-27 10:33:15,397 - INFO - 5. hau: cos=0.9638
2025-08-27 10:33:15,397 - INFO - === Layer 10 (mbert) — Worst 5 (cosine) ===
2025-08-27 10:33:15,397 - INFO - 1. yor: cos=0.9158
2025-08-27 10:33:15,397 - INFO - 2. bbj: cos=0.9385
2025-08-27 10:33:15,397 - INFO - 3. bam: cos=0.9389
2025-08-27 10:33:15,397 - INFO - 4. xho: cos=0.9419
2025-08-27 10:33:15,397 - INFO - 5. ewe: cos=0.9535
2025-08-27 10:33:15,570 - INFO - === Layer 11 (mbert) — Top 5 (cosine) ===
2025-08-27 10:33:15,570 - INFO - 1. twi: cos=0.9686
2025-08-27 10:33:15,570 - INFO - 2. nya: cos=0.9680
2025-08-27 10:33:15,570 - INFO - 3. kin: cos=0.9679
2025-08-27 10:33:15,570 - INFO - 4. lug: cos=0.9635
2025-08-27 10:33:15,570 - INFO - 5. hau: cos=0.9634
2025-08-27 10:33:15,570 - INFO - === Layer 11 (mbert) — Worst 5 (cosine) ===
2025-08-27 10:33:15,570 - INFO - 1. yor: cos=0.9148
2025-08-27 10:33:15,570 - INFO - 2. bbj: cos=0.9352
2025-08-27 10:33:15,570 - INFO - 3. bam: cos=0.9392
2025-08-27 10:33:15,570 - INFO - 4. xho: cos=0.9474
2025-08-27 10:33:15,570 - INFO - 5. pcm: cos=0.9526
2025-08-27 10:33:15,753 - INFO - === Layer 12 (mbert) — Top 5 (cosine) ===
2025-08-27 10:33:15,753 - INFO - 1. twi: cos=0.8258
2025-08-27 10:33:15,753 - INFO - 2. nya: cos=0.8231
2025-08-27 10:33:15,753 - INFO - 3. kin: cos=0.8209
2025-08-27 10:33:15,753 - INFO - 4. sna: cos=0.8089
2025-08-27 10:33:15,753 - INFO - 5. swa: cos=0.8050
2025-08-27 10:33:15,753 - INFO - === Layer 12 (mbert) — Worst 5 (cosine) ===
2025-08-27 10:33:15,753 - INFO - 1. yor: cos=0.6154
2025-08-27 10:33:15,753 - INFO - 2. bbj: cos=0.6990
2025-08-27 10:33:15,753 - INFO - 3. xho: cos=0.7321
2025-08-27 10:33:15,753 - INFO - 4. pcm: cos=0.7349
2025-08-27 10:33:15,753 - INFO - 5. ewe: cos=0.7438
2025-08-27 10:33:15,755 - INFO - Experiment finished successfully.
