2025-08-27 10:09:47,507 - INFO - Start: model_type=xlmr, use_cls=True, use_context=True, context_window=2, max_tokens_per_type=500, batch_size=64, output_dir=rq2_train_scripts/Embeddings/CLEAN/outputs/salt/xlmr/config_3_clstrue_ctxtrue/tokens_500_ctx2/core, save_prototypes=False, seed=42, fp16=True, max_length=96, langs=all, layers=all, span_mode=bio, pool=mean, entity_tags={'LOC', 'DATE', 'PER', 'ORG'}, title_suffix='L=all, tokens=500, ctx=2, cls=true, fp16=true'
2025-08-27 10:09:49,757 - INFO - Processing run
2025-08-27 10:09:50,207 - INFO - Processing bam
2025-08-27 10:09:50,274 - INFO - Processing bbj
2025-08-27 10:09:50,327 - INFO - Processing ewe
2025-08-27 10:09:50,382 - INFO - Processing fon
2025-08-27 10:09:50,455 - INFO - Processing hau
2025-08-27 10:09:50,527 - INFO - Processing ibo
2025-08-27 10:09:50,635 - INFO - Processing kin
2025-08-27 10:09:50,719 - INFO - Processing lug
2025-08-27 10:09:50,786 - INFO - Processing luo
2025-08-27 10:09:50,856 - INFO - Processing mos
2025-08-27 10:09:50,927 - INFO - Processing nya
2025-08-27 10:09:51,007 - INFO - Processing pcm
2025-08-27 10:09:51,064 - INFO - Processing sna
2025-08-27 10:09:51,122 - INFO - Processing swa
2025-08-27 10:09:51,193 - INFO - Processing tsn
2025-08-27 10:09:51,256 - INFO - Processing twi
2025-08-27 10:09:51,324 - INFO - Processing wol
2025-08-27 10:09:51,392 - INFO - Processing xho
2025-08-27 10:09:51,449 - INFO - Processing yor
2025-08-27 10:09:51,578 - INFO - Processing zul
2025-08-27 10:09:52,060 - INFO - === Layer 1 (xlmr) — Top 5 (cosine) ===
2025-08-27 10:09:52,060 - INFO - 1. lug: cos=1.0000
2025-08-27 10:09:52,060 - INFO - 2. kin: cos=1.0000
2025-08-27 10:09:52,060 - INFO - 3. nya: cos=1.0000
2025-08-27 10:09:52,060 - INFO - 4. sna: cos=1.0000
2025-08-27 10:09:52,060 - INFO - 5. tsn: cos=1.0000
2025-08-27 10:09:52,060 - INFO - === Layer 1 (xlmr) — Worst 5 (cosine) ===
2025-08-27 10:09:52,060 - INFO - 1. bam: cos=0.9997
2025-08-27 10:09:52,060 - INFO - 2. fon: cos=0.9997
2025-08-27 10:09:52,060 - INFO - 3. hau: cos=0.9999
2025-08-27 10:09:52,060 - INFO - 4. ibo: cos=0.9999
2025-08-27 10:09:52,060 - INFO - 5. mos: cos=0.9999
2025-08-27 10:09:52,190 - INFO - === Layer 2 (xlmr) — Top 5 (cosine) ===
2025-08-27 10:09:52,190 - INFO - 1. kin: cos=1.0000
2025-08-27 10:09:52,190 - INFO - 2. nya: cos=1.0000
2025-08-27 10:09:52,190 - INFO - 3. sna: cos=1.0000
2025-08-27 10:09:52,190 - INFO - 4. lug: cos=1.0000
2025-08-27 10:09:52,190 - INFO - 5. luo: cos=1.0000
2025-08-27 10:09:52,190 - INFO - === Layer 2 (xlmr) — Worst 5 (cosine) ===
2025-08-27 10:09:52,190 - INFO - 1. fon: cos=1.0000
2025-08-27 10:09:52,190 - INFO - 2. bam: cos=1.0000
2025-08-27 10:09:52,190 - INFO - 3. hau: cos=1.0000
2025-08-27 10:09:52,190 - INFO - 4. swa: cos=1.0000
2025-08-27 10:09:52,190 - INFO - 5. pcm: cos=1.0000
2025-08-27 10:09:52,317 - INFO - === Layer 3 (xlmr) — Top 5 (cosine) ===
2025-08-27 10:09:52,317 - INFO - 1. sna: cos=1.0000
2025-08-27 10:09:52,317 - INFO - 2. kin: cos=1.0000
2025-08-27 10:09:52,317 - INFO - 3. xho: cos=1.0000
2025-08-27 10:09:52,317 - INFO - 4. lug: cos=1.0000
2025-08-27 10:09:52,317 - INFO - 5. zul: cos=1.0000
2025-08-27 10:09:52,317 - INFO - === Layer 3 (xlmr) — Worst 5 (cosine) ===
2025-08-27 10:09:52,317 - INFO - 1. pcm: cos=1.0000
2025-08-27 10:09:52,317 - INFO - 2. swa: cos=1.0000
2025-08-27 10:09:52,317 - INFO - 3. fon: cos=1.0000
2025-08-27 10:09:52,317 - INFO - 4. ewe: cos=1.0000
2025-08-27 10:09:52,317 - INFO - 5. tsn: cos=1.0000
2025-08-27 10:09:52,437 - INFO - === Layer 4 (xlmr) — Top 5 (cosine) ===
2025-08-27 10:09:52,437 - INFO - 1. kin: cos=1.0000
2025-08-27 10:09:52,438 - INFO - 2. nya: cos=1.0000
2025-08-27 10:09:52,438 - INFO - 3. sna: cos=1.0000
2025-08-27 10:09:52,438 - INFO - 4. zul: cos=1.0000
2025-08-27 10:09:52,438 - INFO - 5. lug: cos=1.0000
2025-08-27 10:09:52,438 - INFO - === Layer 4 (xlmr) — Worst 5 (cosine) ===
2025-08-27 10:09:52,438 - INFO - 1. pcm: cos=1.0000
2025-08-27 10:09:52,438 - INFO - 2. swa: cos=1.0000
2025-08-27 10:09:52,438 - INFO - 3. hau: cos=1.0000
2025-08-27 10:09:52,438 - INFO - 4. ewe: cos=1.0000
2025-08-27 10:09:52,438 - INFO - 5. twi: cos=1.0000
2025-08-27 10:09:52,579 - INFO - === Layer 5 (xlmr) — Top 5 (cosine) ===
2025-08-27 10:09:52,579 - INFO - 1. sna: cos=1.0000
2025-08-27 10:09:52,579 - INFO - 2. lug: cos=1.0000
2025-08-27 10:09:52,579 - INFO - 3. kin: cos=1.0000
2025-08-27 10:09:52,579 - INFO - 4. nya: cos=1.0000
2025-08-27 10:09:52,579 - INFO - 5. xho: cos=1.0000
2025-08-27 10:09:52,579 - INFO - === Layer 5 (xlmr) — Worst 5 (cosine) ===
2025-08-27 10:09:52,579 - INFO - 1. fon: cos=1.0000
2025-08-27 10:09:52,579 - INFO - 2. bam: cos=1.0000
2025-08-27 10:09:52,579 - INFO - 3. twi: cos=1.0000
2025-08-27 10:09:52,579 - INFO - 4. swa: cos=1.0000
2025-08-27 10:09:52,579 - INFO - 5. pcm: cos=1.0000
2025-08-27 10:09:52,714 - INFO - === Layer 6 (xlmr) — Top 5 (cosine) ===
2025-08-27 10:09:52,714 - INFO - 1. sna: cos=1.0000
2025-08-27 10:09:52,714 - INFO - 2. lug: cos=1.0000
2025-08-27 10:09:52,714 - INFO - 3. kin: cos=1.0000
2025-08-27 10:09:52,714 - INFO - 4. nya: cos=1.0000
2025-08-27 10:09:52,714 - INFO - 5. tsn: cos=1.0000
2025-08-27 10:09:52,714 - INFO - === Layer 6 (xlmr) — Worst 5 (cosine) ===
2025-08-27 10:09:52,714 - INFO - 1. fon: cos=1.0000
2025-08-27 10:09:52,714 - INFO - 2. bam: cos=1.0000
2025-08-27 10:09:52,714 - INFO - 3. twi: cos=1.0000
2025-08-27 10:09:52,714 - INFO - 4. pcm: cos=1.0000
2025-08-27 10:09:52,714 - INFO - 5. swa: cos=1.0000
2025-08-27 10:09:52,841 - INFO - === Layer 7 (xlmr) — Top 5 (cosine) ===
2025-08-27 10:09:52,841 - INFO - 1. xho: cos=1.0000
2025-08-27 10:09:52,842 - INFO - 2. ibo: cos=1.0000
2025-08-27 10:09:52,842 - INFO - 3. lug: cos=1.0000
2025-08-27 10:09:52,842 - INFO - 4. bam: cos=1.0000
2025-08-27 10:09:52,842 - INFO - 5. pcm: cos=1.0000
2025-08-27 10:09:52,842 - INFO - === Layer 7 (xlmr) — Worst 5 (cosine) ===
2025-08-27 10:09:52,842 - INFO - 1. hau: cos=1.0000
2025-08-27 10:09:52,842 - INFO - 2. ewe: cos=1.0000
2025-08-27 10:09:52,842 - INFO - 3. yor: cos=1.0000
2025-08-27 10:09:52,842 - INFO - 4. swa: cos=1.0000
2025-08-27 10:09:52,842 - INFO - 5. mos: cos=1.0000
2025-08-27 10:09:52,970 - INFO - === Layer 8 (xlmr) — Top 5 (cosine) ===
2025-08-27 10:09:52,970 - INFO - 1. lug: cos=1.0000
2025-08-27 10:09:52,970 - INFO - 2. sna: cos=1.0000
2025-08-27 10:09:52,970 - INFO - 3. xho: cos=1.0000
2025-08-27 10:09:52,970 - INFO - 4. kin: cos=1.0000
2025-08-27 10:09:52,970 - INFO - 5. luo: cos=1.0000
2025-08-27 10:09:52,970 - INFO - === Layer 8 (xlmr) — Worst 5 (cosine) ===
2025-08-27 10:09:52,970 - INFO - 1. hau: cos=1.0000
2025-08-27 10:09:52,970 - INFO - 2. mos: cos=1.0000
2025-08-27 10:09:52,970 - INFO - 3. bbj: cos=1.0000
2025-08-27 10:09:52,970 - INFO - 4. swa: cos=1.0000
2025-08-27 10:09:52,970 - INFO - 5. ewe: cos=1.0000
2025-08-27 10:09:53,164 - INFO - === Layer 9 (xlmr) — Top 5 (cosine) ===
2025-08-27 10:09:53,165 - INFO - 1. ibo: cos=1.0000
2025-08-27 10:09:53,165 - INFO - 2. xho: cos=1.0000
2025-08-27 10:09:53,165 - INFO - 3. fon: cos=1.0000
2025-08-27 10:09:53,165 - INFO - 4. lug: cos=1.0000
2025-08-27 10:09:53,165 - INFO - 5. pcm: cos=1.0000
2025-08-27 10:09:53,165 - INFO - === Layer 9 (xlmr) — Worst 5 (cosine) ===
2025-08-27 10:09:53,165 - INFO - 1. ewe: cos=1.0000
2025-08-27 10:09:53,165 - INFO - 2. hau: cos=1.0000
2025-08-27 10:09:53,165 - INFO - 3. mos: cos=1.0000
2025-08-27 10:09:53,165 - INFO - 4. bam: cos=1.0000
2025-08-27 10:09:53,165 - INFO - 5. twi: cos=1.0000
2025-08-27 10:09:53,294 - INFO - === Layer 10 (xlmr) — Top 5 (cosine) ===
2025-08-27 10:09:53,294 - INFO - 1. sna: cos=1.0000
2025-08-27 10:09:53,294 - INFO - 2. ibo: cos=1.0000
2025-08-27 10:09:53,294 - INFO - 3. wol: cos=1.0000
2025-08-27 10:09:53,294 - INFO - 4. fon: cos=1.0000
2025-08-27 10:09:53,294 - INFO - 5. xho: cos=1.0000
2025-08-27 10:09:53,294 - INFO - === Layer 10 (xlmr) — Worst 5 (cosine) ===
2025-08-27 10:09:53,294 - INFO - 1. pcm: cos=1.0000
2025-08-27 10:09:53,294 - INFO - 2. swa: cos=1.0000
2025-08-27 10:09:53,294 - INFO - 3. bbj: cos=1.0000
2025-08-27 10:09:53,294 - INFO - 4. tsn: cos=1.0000
2025-08-27 10:09:53,294 - INFO - 5. luo: cos=1.0000
2025-08-27 10:09:53,423 - INFO - === Layer 11 (xlmr) — Top 5 (cosine) ===
2025-08-27 10:09:53,423 - INFO - 1. ewe: cos=1.0000
2025-08-27 10:09:53,423 - INFO - 2. sna: cos=1.0000
2025-08-27 10:09:53,423 - INFO - 3. twi: cos=1.0000
2025-08-27 10:09:53,423 - INFO - 4. zul: cos=1.0000
2025-08-27 10:09:53,423 - INFO - 5. xho: cos=1.0000
2025-08-27 10:09:53,423 - INFO - === Layer 11 (xlmr) — Worst 5 (cosine) ===
2025-08-27 10:09:53,423 - INFO - 1. yor: cos=1.0000
2025-08-27 10:09:53,423 - INFO - 2. fon: cos=1.0000
2025-08-27 10:09:53,423 - INFO - 3. swa: cos=1.0000
2025-08-27 10:09:53,423 - INFO - 4. tsn: cos=1.0000
2025-08-27 10:09:53,423 - INFO - 5. bbj: cos=1.0000
2025-08-27 10:09:53,551 - INFO - === Layer 12 (xlmr) — Top 5 (cosine) ===
2025-08-27 10:09:53,551 - INFO - 1. pcm: cos=0.9997
2025-08-27 10:09:53,551 - INFO - 2. sna: cos=0.9997
2025-08-27 10:09:53,551 - INFO - 3. kin: cos=0.9995
2025-08-27 10:09:53,551 - INFO - 4. luo: cos=0.9994
2025-08-27 10:09:53,551 - INFO - 5. swa: cos=0.9994
2025-08-27 10:09:53,551 - INFO - === Layer 12 (xlmr) — Worst 5 (cosine) ===
2025-08-27 10:09:53,551 - INFO - 1. zul: cos=0.9866
2025-08-27 10:09:53,551 - INFO - 2. xho: cos=0.9942
2025-08-27 10:09:53,551 - INFO - 3. fon: cos=0.9954
2025-08-27 10:09:53,551 - INFO - 4. ewe: cos=0.9974
2025-08-27 10:09:53,551 - INFO - 5. yor: cos=0.9984
2025-08-27 10:09:53,552 - INFO - Experiment finished successfully.
