2025-08-27 07:49:01,886 - INFO - Start: model_type=xlmr, use_cls=True, use_context=True, context_window=1, max_tokens_per_type=400, batch_size=64, output_dir=rq2_train_scripts/Embeddings/CLEAN/outputs/combined/xlmr/config_3_clstrue_ctxtrue/tokens_400_ctx1, save_prototypes=False, seed=42, fp16=True, max_length=96, langs=all, layers=all, span_mode=bio, pool=mean, entity_tags={'ORG', 'DATE', 'PER', 'LOC'}, title_suffix='L=all, tokens=400, ctx=1, cls=true, fp16=true'
2025-08-27 07:49:03,844 - INFO - Processing run
2025-08-27 07:49:04,272 - INFO - Processing bam
2025-08-27 07:49:04,341 - INFO - Processing bbj
2025-08-27 07:49:04,388 - INFO - Processing ewe
2025-08-27 07:49:04,439 - INFO - Processing fon
2025-08-27 07:49:04,495 - INFO - Processing hau
2025-08-27 07:49:04,555 - INFO - Processing ibo
2025-08-27 07:49:04,643 - INFO - Processing kin
2025-08-27 07:49:04,717 - INFO - Processing lug
2025-08-27 07:49:04,770 - INFO - Processing luo
2025-08-27 07:49:04,827 - INFO - Processing mos
2025-08-27 07:49:04,892 - INFO - Processing nya
2025-08-27 07:49:04,958 - INFO - Processing pcm
2025-08-27 07:49:05,044 - INFO - Processing sna
2025-08-27 07:49:05,098 - INFO - Processing swa
2025-08-27 07:49:05,159 - INFO - Processing tsn
2025-08-27 07:49:05,203 - INFO - Processing twi
2025-08-27 07:49:05,257 - INFO - Processing wol
2025-08-27 07:49:05,317 - INFO - Processing xho
2025-08-27 07:49:05,362 - INFO - Processing yor
2025-08-27 07:49:05,443 - INFO - Processing zul
2025-08-27 07:49:05,941 - INFO - === Layer 1 (xlmr) — Top 5 (cosine) ===
2025-08-27 07:49:05,941 - INFO - 1. kin: cos=1.0000
2025-08-27 07:49:05,941 - INFO - 2. lug: cos=1.0000
2025-08-27 07:49:05,941 - INFO - 3. tsn: cos=1.0000
2025-08-27 07:49:05,941 - INFO - 4. nya: cos=1.0000
2025-08-27 07:49:05,941 - INFO - 5. sna: cos=1.0000
2025-08-27 07:49:05,941 - INFO - === Layer 1 (xlmr) — Worst 5 (cosine) ===
2025-08-27 07:49:05,941 - INFO - 1. fon: cos=0.9997
2025-08-27 07:49:05,941 - INFO - 2. bam: cos=0.9998
2025-08-27 07:49:05,941 - INFO - 3. hau: cos=0.9998
2025-08-27 07:49:05,941 - INFO - 4. wol: cos=0.9998
2025-08-27 07:49:05,941 - INFO - 5. yor: cos=0.9999
2025-08-27 07:49:06,064 - INFO - === Layer 2 (xlmr) — Top 5 (cosine) ===
2025-08-27 07:49:06,064 - INFO - 1. nya: cos=1.0000
2025-08-27 07:49:06,064 - INFO - 2. kin: cos=1.0000
2025-08-27 07:49:06,064 - INFO - 3. sna: cos=1.0000
2025-08-27 07:49:06,064 - INFO - 4. luo: cos=1.0000
2025-08-27 07:49:06,064 - INFO - 5. xho: cos=1.0000
2025-08-27 07:49:06,064 - INFO - === Layer 2 (xlmr) — Worst 5 (cosine) ===
2025-08-27 07:49:06,064 - INFO - 1. fon: cos=1.0000
2025-08-27 07:49:06,064 - INFO - 2. bam: cos=1.0000
2025-08-27 07:49:06,064 - INFO - 3. hau: cos=1.0000
2025-08-27 07:49:06,064 - INFO - 4. swa: cos=1.0000
2025-08-27 07:49:06,064 - INFO - 5. pcm: cos=1.0000
2025-08-27 07:49:06,226 - INFO - === Layer 3 (xlmr) — Top 5 (cosine) ===
2025-08-27 07:49:06,226 - INFO - 1. xho: cos=1.0000
2025-08-27 07:49:06,226 - INFO - 2. zul: cos=1.0000
2025-08-27 07:49:06,226 - INFO - 3. sna: cos=1.0000
2025-08-27 07:49:06,226 - INFO - 4. kin: cos=1.0000
2025-08-27 07:49:06,226 - INFO - 5. yor: cos=1.0000
2025-08-27 07:49:06,226 - INFO - === Layer 3 (xlmr) — Worst 5 (cosine) ===
2025-08-27 07:49:06,226 - INFO - 1. pcm: cos=1.0000
2025-08-27 07:49:06,226 - INFO - 2. swa: cos=1.0000
2025-08-27 07:49:06,226 - INFO - 3. ewe: cos=1.0000
2025-08-27 07:49:06,226 - INFO - 4. tsn: cos=1.0000
2025-08-27 07:49:06,226 - INFO - 5. luo: cos=1.0000
2025-08-27 07:49:06,357 - INFO - === Layer 4 (xlmr) — Top 5 (cosine) ===
2025-08-27 07:49:06,357 - INFO - 1. lug: cos=1.0000
2025-08-27 07:49:06,357 - INFO - 2. kin: cos=1.0000
2025-08-27 07:49:06,357 - INFO - 3. zul: cos=1.0000
2025-08-27 07:49:06,357 - INFO - 4. sna: cos=1.0000
2025-08-27 07:49:06,357 - INFO - 5. xho: cos=1.0000
2025-08-27 07:49:06,357 - INFO - === Layer 4 (xlmr) — Worst 5 (cosine) ===
2025-08-27 07:49:06,357 - INFO - 1. swa: cos=1.0000
2025-08-27 07:49:06,357 - INFO - 2. pcm: cos=1.0000
2025-08-27 07:49:06,357 - INFO - 3. ewe: cos=1.0000
2025-08-27 07:49:06,357 - INFO - 4. wol: cos=1.0000
2025-08-27 07:49:06,357 - INFO - 5. twi: cos=1.0000
2025-08-27 07:49:06,486 - INFO - === Layer 5 (xlmr) — Top 5 (cosine) ===
2025-08-27 07:49:06,486 - INFO - 1. nya: cos=1.0000
2025-08-27 07:49:06,487 - INFO - 2. lug: cos=1.0000
2025-08-27 07:49:06,487 - INFO - 3. kin: cos=1.0000
2025-08-27 07:49:06,487 - INFO - 4. luo: cos=1.0000
2025-08-27 07:49:06,487 - INFO - 5. sna: cos=1.0000
2025-08-27 07:49:06,487 - INFO - === Layer 5 (xlmr) — Worst 5 (cosine) ===
2025-08-27 07:49:06,487 - INFO - 1. fon: cos=1.0000
2025-08-27 07:49:06,487 - INFO - 2. hau: cos=1.0000
2025-08-27 07:49:06,487 - INFO - 3. pcm: cos=1.0000
2025-08-27 07:49:06,487 - INFO - 4. swa: cos=1.0000
2025-08-27 07:49:06,487 - INFO - 5. twi: cos=1.0000
2025-08-27 07:49:06,639 - INFO - === Layer 6 (xlmr) — Top 5 (cosine) ===
2025-08-27 07:49:06,639 - INFO - 1. nya: cos=1.0000
2025-08-27 07:49:06,639 - INFO - 2. lug: cos=1.0000
2025-08-27 07:49:06,639 - INFO - 3. luo: cos=1.0000
2025-08-27 07:49:06,639 - INFO - 4. wol: cos=1.0000
2025-08-27 07:49:06,639 - INFO - 5. sna: cos=1.0000
2025-08-27 07:49:06,639 - INFO - === Layer 6 (xlmr) — Worst 5 (cosine) ===
2025-08-27 07:49:06,639 - INFO - 1. fon: cos=1.0000
2025-08-27 07:49:06,639 - INFO - 2. hau: cos=1.0000
2025-08-27 07:49:06,639 - INFO - 3. pcm: cos=1.0000
2025-08-27 07:49:06,639 - INFO - 4. swa: cos=1.0000
2025-08-27 07:49:06,639 - INFO - 5. bbj: cos=1.0000
2025-08-27 07:49:06,767 - INFO - === Layer 7 (xlmr) — Top 5 (cosine) ===
2025-08-27 07:49:06,767 - INFO - 1. luo: cos=1.0000
2025-08-27 07:49:06,767 - INFO - 2. bam: cos=1.0000
2025-08-27 07:49:06,767 - INFO - 3. zul: cos=1.0000
2025-08-27 07:49:06,767 - INFO - 4. xho: cos=1.0000
2025-08-27 07:49:06,767 - INFO - 5. ibo: cos=1.0000
2025-08-27 07:49:06,767 - INFO - === Layer 7 (xlmr) — Worst 5 (cosine) ===
2025-08-27 07:49:06,767 - INFO - 1. hau: cos=1.0000
2025-08-27 07:49:06,767 - INFO - 2. fon: cos=1.0000
2025-08-27 07:49:06,767 - INFO - 3. bbj: cos=1.0000
2025-08-27 07:49:06,767 - INFO - 4. twi: cos=1.0000
2025-08-27 07:49:06,767 - INFO - 5. ewe: cos=1.0000
2025-08-27 07:49:06,895 - INFO - === Layer 8 (xlmr) — Top 5 (cosine) ===
2025-08-27 07:49:06,895 - INFO - 1. nya: cos=1.0000
2025-08-27 07:49:06,895 - INFO - 2. kin: cos=1.0000
2025-08-27 07:49:06,895 - INFO - 3. xho: cos=1.0000
2025-08-27 07:49:06,895 - INFO - 4. mos: cos=1.0000
2025-08-27 07:49:06,896 - INFO - 5. sna: cos=1.0000
2025-08-27 07:49:06,896 - INFO - === Layer 8 (xlmr) — Worst 5 (cosine) ===
2025-08-27 07:49:06,896 - INFO - 1. hau: cos=0.9999
2025-08-27 07:49:06,896 - INFO - 2. pcm: cos=1.0000
2025-08-27 07:49:06,896 - INFO - 3. bam: cos=1.0000
2025-08-27 07:49:06,896 - INFO - 4. bbj: cos=1.0000
2025-08-27 07:49:06,896 - INFO - 5. twi: cos=1.0000
2025-08-27 07:49:07,096 - INFO - === Layer 9 (xlmr) — Top 5 (cosine) ===
2025-08-27 07:49:07,096 - INFO - 1. mos: cos=1.0000
2025-08-27 07:49:07,096 - INFO - 2. ewe: cos=1.0000
2025-08-27 07:49:07,096 - INFO - 3. luo: cos=1.0000
2025-08-27 07:49:07,096 - INFO - 4. kin: cos=1.0000
2025-08-27 07:49:07,096 - INFO - 5. sna: cos=1.0000
2025-08-27 07:49:07,096 - INFO - === Layer 9 (xlmr) — Worst 5 (cosine) ===
2025-08-27 07:49:07,096 - INFO - 1. hau: cos=1.0000
2025-08-27 07:49:07,096 - INFO - 2. pcm: cos=1.0000
2025-08-27 07:49:07,096 - INFO - 3. bam: cos=1.0000
2025-08-27 07:49:07,096 - INFO - 4. lug: cos=1.0000
2025-08-27 07:49:07,096 - INFO - 5. bbj: cos=1.0000
2025-08-27 07:49:07,225 - INFO - === Layer 10 (xlmr) — Top 5 (cosine) ===
2025-08-27 07:49:07,226 - INFO - 1. fon: cos=1.0000
2025-08-27 07:49:07,226 - INFO - 2. twi: cos=1.0000
2025-08-27 07:49:07,226 - INFO - 3. sna: cos=1.0000
2025-08-27 07:49:07,226 - INFO - 4. yor: cos=1.0000
2025-08-27 07:49:07,226 - INFO - 5. ibo: cos=1.0000
2025-08-27 07:49:07,226 - INFO - === Layer 10 (xlmr) — Worst 5 (cosine) ===
2025-08-27 07:49:07,226 - INFO - 1. hau: cos=1.0000
2025-08-27 07:49:07,226 - INFO - 2. lug: cos=1.0000
2025-08-27 07:49:07,226 - INFO - 3. bbj: cos=1.0000
2025-08-27 07:49:07,226 - INFO - 4. bam: cos=1.0000
2025-08-27 07:49:07,226 - INFO - 5. swa: cos=1.0000
2025-08-27 07:49:07,355 - INFO - === Layer 11 (xlmr) — Top 5 (cosine) ===
2025-08-27 07:49:07,355 - INFO - 1. ewe: cos=1.0000
2025-08-27 07:49:07,355 - INFO - 2. mos: cos=1.0000
2025-08-27 07:49:07,355 - INFO - 3. bam: cos=1.0000
2025-08-27 07:49:07,355 - INFO - 4. zul: cos=1.0000
2025-08-27 07:49:07,355 - INFO - 5. xho: cos=1.0000
2025-08-27 07:49:07,355 - INFO - === Layer 11 (xlmr) — Worst 5 (cosine) ===
2025-08-27 07:49:07,355 - INFO - 1. luo: cos=0.9999
2025-08-27 07:49:07,355 - INFO - 2. yor: cos=0.9999
2025-08-27 07:49:07,355 - INFO - 3. swa: cos=0.9999
2025-08-27 07:49:07,355 - INFO - 4. lug: cos=1.0000
2025-08-27 07:49:07,355 - INFO - 5. nya: cos=1.0000
2025-08-27 07:49:07,484 - INFO - === Layer 12 (xlmr) — Top 5 (cosine) ===
2025-08-27 07:49:07,484 - INFO - 1. mos: cos=0.9995
2025-08-27 07:49:07,484 - INFO - 2. pcm: cos=0.9993
2025-08-27 07:49:07,484 - INFO - 3. lug: cos=0.9990
2025-08-27 07:49:07,484 - INFO - 4. sna: cos=0.9989
2025-08-27 07:49:07,484 - INFO - 5. luo: cos=0.9987
2025-08-27 07:49:07,484 - INFO - === Layer 12 (xlmr) — Worst 5 (cosine) ===
2025-08-27 07:49:07,484 - INFO - 1. zul: cos=0.9880
2025-08-27 07:49:07,484 - INFO - 2. xho: cos=0.9938
2025-08-27 07:49:07,485 - INFO - 3. tsn: cos=0.9951
2025-08-27 07:49:07,485 - INFO - 4. fon: cos=0.9960
2025-08-27 07:49:07,485 - INFO - 5. kin: cos=0.9967
2025-08-27 07:49:07,485 - INFO - Experiment finished successfully.
