2025-08-24 11:30:50,619 - INFO - Start: model_type=xlmr, run_both=False, use_cls=True, use_context=True, context_window=2, max_tokens_per_type=200, batch_size=32, seed=1, num_middle_layers=3, output_dir=rq2_train_scripts/Embeddings/EXTENDED/outputs/combined_extended/xlmr/config_4_clstrue_ctxtrue_hybfalse/tokens_200_ctx2
2025-08-24 11:30:51,173 - INFO - xlmr: selected layer indices (hidden_states) = [2, 3, 10, 12]
2025-08-24 11:30:52,616 - INFO - Processing run
2025-08-24 11:30:53,019 - INFO - Processing bam
2025-08-24 11:30:53,095 - INFO - Processing bbj
2025-08-24 11:30:53,168 - INFO - Processing ewe
2025-08-24 11:30:53,239 - INFO - Processing fon
2025-08-24 11:30:53,325 - INFO - Processing hau
2025-08-24 11:30:53,403 - INFO - Processing ibo
2025-08-24 11:30:53,519 - INFO - Processing kin
2025-08-24 11:30:53,603 - INFO - Processing lug
2025-08-24 11:30:53,664 - INFO - Processing luo
2025-08-24 11:30:53,791 - INFO - Processing mos
2025-08-24 11:30:53,861 - INFO - Processing nya
2025-08-24 11:30:53,948 - INFO - Processing pcm
2025-08-24 11:30:54,014 - INFO - Processing sna
2025-08-24 11:30:54,102 - INFO - Processing swa
2025-08-24 11:30:54,187 - INFO - Processing tsn
2025-08-24 11:30:54,251 - INFO - Processing twi
2025-08-24 11:30:54,323 - INFO - Processing wol
2025-08-24 11:30:54,394 - INFO - Processing xho
2025-08-24 11:30:54,469 - INFO - Processing yor
2025-08-24 11:30:54,583 - INFO - Processing zul
2025-08-24 11:30:54,990 - INFO - Layer 2 (xlmr) — Top 5
2025-08-24 11:30:54,990 - INFO - 1. kin: r=1.0000
2025-08-24 11:30:54,990 - INFO - 2. nya: r=1.0000
2025-08-24 11:30:54,990 - INFO - 3. sna: r=1.0000
2025-08-24 11:30:54,990 - INFO - 4. luo: r=1.0000
2025-08-24 11:30:54,990 - INFO - 5. zul: r=1.0000
2025-08-24 11:30:54,990 - INFO - Layer 2 (xlmr) — Worst 5
2025-08-24 11:30:54,990 - INFO - 1. fon: r=1.0000
2025-08-24 11:30:54,990 - INFO - 2. hau: r=1.0000
2025-08-24 11:30:54,990 - INFO - 3. bam: r=1.0000
2025-08-24 11:30:54,990 - INFO - 4. swa: r=1.0000
2025-08-24 11:30:54,990 - INFO - 5. pcm: r=1.0000
2025-08-24 11:30:55,101 - INFO - Layer 3 (xlmr) — Top 5
2025-08-24 11:30:55,101 - INFO - 1. sna: r=1.0000
2025-08-24 11:30:55,101 - INFO - 2. lug: r=1.0000
2025-08-24 11:30:55,101 - INFO - 3. xho: r=1.0000
2025-08-24 11:30:55,101 - INFO - 4. zul: r=1.0000
2025-08-24 11:30:55,101 - INFO - 5. nya: r=1.0000
2025-08-24 11:30:55,101 - INFO - Layer 3 (xlmr) — Worst 5
2025-08-24 11:30:55,101 - INFO - 1. pcm: r=1.0000
2025-08-24 11:30:55,101 - INFO - 2. swa: r=1.0000
2025-08-24 11:30:55,101 - INFO - 3. fon: r=1.0000
2025-08-24 11:30:55,101 - INFO - 4. ewe: r=1.0000
2025-08-24 11:30:55,101 - INFO - 5. ibo: r=1.0000
2025-08-24 11:30:55,238 - INFO - Layer 10 (xlmr) — Top 5
2025-08-24 11:30:55,238 - INFO - 1. ibo: r=1.0000
2025-08-24 11:30:55,238 - INFO - 2. sna: r=1.0000
2025-08-24 11:30:55,238 - INFO - 3. xho: r=1.0000
2025-08-24 11:30:55,238 - INFO - 4. ewe: r=1.0000
2025-08-24 11:30:55,238 - INFO - 5. twi: r=1.0000
2025-08-24 11:30:55,238 - INFO - Layer 10 (xlmr) — Worst 5
2025-08-24 11:30:55,238 - INFO - 1. pcm: r=1.0000
2025-08-24 11:30:55,238 - INFO - 2. tsn: r=1.0000
2025-08-24 11:30:55,238 - INFO - 3. swa: r=1.0000
2025-08-24 11:30:55,238 - INFO - 4. bam: r=1.0000
2025-08-24 11:30:55,238 - INFO - 5. wol: r=1.0000
2025-08-24 11:30:55,381 - INFO - Layer 12 (xlmr) — Top 5
2025-08-24 11:30:55,381 - INFO - 1. hau: r=0.9975
2025-08-24 11:30:55,381 - INFO - 2. ewe: r=0.9974
2025-08-24 11:30:55,381 - INFO - 3. bam: r=0.9973
2025-08-24 11:30:55,381 - INFO - 4. ibo: r=0.9971
2025-08-24 11:30:55,381 - INFO - 5. swa: r=0.9970
2025-08-24 11:30:55,381 - INFO - Layer 12 (xlmr) — Worst 5
2025-08-24 11:30:55,381 - INFO - 1. zul: r=0.9916
2025-08-24 11:30:55,381 - INFO - 2. fon: r=0.9916
2025-08-24 11:30:55,381 - INFO - 3. wol: r=0.9935
2025-08-24 11:30:55,381 - INFO - 4. tsn: r=0.9946
2025-08-24 11:30:55,381 - INFO - 5. kin: r=0.9947
2025-08-24 11:30:55,382 - INFO - Experiment finished successfully.
