2025-08-02 20:14:10,437 - INFO - Experiment started with model_type=xlmr, use_cls=False, use_context=False, context_window=2, use_hybrid=True, max_tokens_per_type=200, output_dir=rq2_train_scripts/Embeddings/MEXA_inspired_strategy/outputs/combined/xlmr/config_3_clsfalse_ctxfalse_hybtrue/tokens_200_ctx2
2025-08-02 20:14:12,146 - INFO - Processing run
2025-08-02 20:14:14,387 - INFO - Processing bam
2025-08-02 20:14:16,215 - INFO - Processing bbj
2025-08-02 20:14:18,027 - INFO - Processing ewe
2025-08-02 20:14:19,833 - INFO - Processing fon
2025-08-02 20:14:21,666 - INFO - Processing hau
2025-08-02 20:14:23,472 - INFO - Processing ibo
2025-08-02 20:14:25,339 - INFO - Processing kin
2025-08-02 20:14:27,170 - INFO - Processing lug
2025-08-02 20:14:28,967 - INFO - Processing luo
2025-08-02 20:14:30,791 - INFO - Processing mos
2025-08-02 20:14:32,632 - INFO - Processing nya
2025-08-02 20:14:34,461 - INFO - Processing pcm
2025-08-02 20:14:36,242 - INFO - Processing sna
2025-08-02 20:14:38,044 - INFO - Processing swa
2025-08-02 20:14:39,831 - INFO - Processing tsn
2025-08-02 20:14:41,604 - INFO - Processing twi
2025-08-02 20:14:43,390 - INFO - Processing wol
2025-08-02 20:14:45,195 - INFO - Processing xho
2025-08-02 20:14:46,986 - INFO - Processing yor
2025-08-02 20:14:48,821 - INFO - Processing zul
2025-08-02 20:14:51,124 - INFO - Top 5 languages most similar to Runyankore:
2025-08-02 20:14:51,124 - INFO - 1. lug - Mean Similarity: 0.8234
2025-08-02 20:14:51,124 - INFO - 2. kin - Mean Similarity: 0.8123
2025-08-02 20:14:51,124 - INFO - 3. luo - Mean Similarity: 0.8096
2025-08-02 20:14:51,124 - INFO - 4. ibo - Mean Similarity: 0.8055
2025-08-02 20:14:51,124 - INFO - 5. twi - Mean Similarity: 0.8024
2025-08-02 20:14:51,124 - INFO - Experiment finished successfully.
