2025-08-02 22:54:51,513 - INFO - Experiment started with model_type=mbert, use_cls=True, use_context=True, context_window=3, use_hybrid=False, max_tokens_per_type=400, output_dir=rq2_train_scripts/Embeddings/MEXA_inspired_strategy/outputs/combined/mbert/config_4_clstrue_ctxtrue_hybfalse/tokens_400_ctx3
2025-08-02 22:54:52,690 - INFO - Processing run
2025-08-02 22:54:55,884 - INFO - Processing bam
2025-08-02 22:54:58,682 - INFO - Processing bbj
2025-08-02 22:55:01,713 - INFO - Processing ewe
2025-08-02 22:55:04,730 - INFO - Processing fon
2025-08-02 22:55:07,781 - INFO - Processing hau
2025-08-02 22:55:10,831 - INFO - Processing ibo
2025-08-02 22:55:13,927 - INFO - Processing kin
2025-08-02 22:55:17,011 - INFO - Processing lug
2025-08-02 22:55:20,043 - INFO - Processing luo
2025-08-02 22:55:23,087 - INFO - Processing mos
2025-08-02 22:55:26,134 - INFO - Processing nya
2025-08-02 22:55:29,198 - INFO - Processing pcm
2025-08-02 22:55:32,233 - INFO - Processing sna
2025-08-02 22:55:35,288 - INFO - Processing swa
2025-08-02 22:55:38,343 - INFO - Processing tsn
2025-08-02 22:55:41,370 - INFO - Processing twi
2025-08-02 22:55:44,410 - INFO - Processing wol
2025-08-02 22:55:47,451 - INFO - Processing xho
2025-08-02 22:55:50,484 - INFO - Processing yor
2025-08-02 22:55:53,569 - INFO - Processing zul
2025-08-02 22:55:57,067 - INFO - Top 5 languages most similar to Runyankore:
2025-08-02 22:55:57,067 - INFO - 1. lug - Mean Similarity: 0.9949
2025-08-02 22:55:57,067 - INFO - 2. kin - Mean Similarity: 0.9928
2025-08-02 22:55:57,067 - INFO - 3. nya - Mean Similarity: 0.9924
2025-08-02 22:55:57,067 - INFO - 4. sna - Mean Similarity: 0.9915
2025-08-02 22:55:57,067 - INFO - 5. xho - Mean Similarity: 0.9881
2025-08-02 22:55:57,067 - INFO - Experiment finished successfully.
