2025-08-27 18:20:16,185 - INFO - Start: model_type=mbert, use_cls=False, use_context=True, context_window=0, max_tokens_per_type=300, batch_size=64, output_dir=rq2_train_scripts/Embeddings/CLEAN/outputs/mptc/mbert/config_2_clsfalse_ctxtrue/tokens_300_ctx0/core, save_prototypes=False, seed=42, fp16=True, max_length=96, langs=all, layers=all, span_mode=bio, pool=mean, entity_tags={'LOC', 'DATE', 'ORG', 'PER'}, title_suffix='L=all, tokens=300, ctx=0, cls=false, fp16=true'
2025-08-27 18:20:17,817 - INFO - Processing run
2025-08-27 18:20:18,403 - INFO - Processing bam
2025-08-27 18:20:18,524 - INFO - Processing bbj
2025-08-27 18:20:18,624 - INFO - Processing ewe
2025-08-27 18:20:18,723 - INFO - Processing fon
2025-08-27 18:20:18,842 - INFO - Processing hau
2025-08-27 18:20:18,980 - INFO - Processing ibo
2025-08-27 18:20:19,133 - INFO - Processing kin
2025-08-27 18:20:19,266 - INFO - Processing lug
2025-08-27 18:20:19,369 - INFO - Processing luo
2025-08-27 18:20:19,491 - INFO - Processing mos
2025-08-27 18:20:19,611 - INFO - Processing nya
2025-08-27 18:20:19,736 - INFO - Processing pcm
2025-08-27 18:20:19,880 - INFO - Processing sna
2025-08-27 18:20:20,000 - INFO - Processing swa
2025-08-27 18:20:20,130 - INFO - Processing tsn
2025-08-27 18:20:20,236 - INFO - Processing twi
2025-08-27 18:20:20,356 - INFO - Processing wol
2025-08-27 18:20:20,510 - INFO - Processing xho
2025-08-27 18:20:20,619 - INFO - Processing yor
2025-08-27 18:20:20,770 - INFO - Processing zul
2025-08-27 18:20:21,255 - INFO - === Layer 1 (mbert) — Top 5 (cosine) ===
2025-08-27 18:20:21,255 - INFO - 1. kin: cos=0.8798
2025-08-27 18:20:21,255 - INFO - 2. nya: cos=0.8729
2025-08-27 18:20:21,255 - INFO - 3. luo: cos=0.8655
2025-08-27 18:20:21,255 - INFO - 4. twi: cos=0.8638
2025-08-27 18:20:21,255 - INFO - 5. lug: cos=0.8578
2025-08-27 18:20:21,255 - INFO - === Layer 1 (mbert) — Worst 5 (cosine) ===
2025-08-27 18:20:21,255 - INFO - 1. bbj: cos=0.6899
2025-08-27 18:20:21,255 - INFO - 2. yor: cos=0.6939
2025-08-27 18:20:21,255 - INFO - 3. mos: cos=0.7461
2025-08-27 18:20:21,255 - INFO - 4. ewe: cos=0.7534
2025-08-27 18:20:21,255 - INFO - 5. pcm: cos=0.7565
2025-08-27 18:20:21,384 - INFO - === Layer 2 (mbert) — Top 5 (cosine) ===
2025-08-27 18:20:21,384 - INFO - 1. kin: cos=0.8939
2025-08-27 18:20:21,384 - INFO - 2. nya: cos=0.8795
2025-08-27 18:20:21,384 - INFO - 3. luo: cos=0.8794
2025-08-27 18:20:21,384 - INFO - 4. twi: cos=0.8775
2025-08-27 18:20:21,384 - INFO - 5. lug: cos=0.8740
2025-08-27 18:20:21,384 - INFO - === Layer 2 (mbert) — Worst 5 (cosine) ===
2025-08-27 18:20:21,384 - INFO - 1. yor: cos=0.7227
2025-08-27 18:20:21,384 - INFO - 2. bbj: cos=0.7232
2025-08-27 18:20:21,384 - INFO - 3. pcm: cos=0.7668
2025-08-27 18:20:21,384 - INFO - 4. ewe: cos=0.7670
2025-08-27 18:20:21,384 - INFO - 5. mos: cos=0.7719
2025-08-27 18:20:21,512 - INFO - === Layer 3 (mbert) — Top 5 (cosine) ===
2025-08-27 18:20:21,512 - INFO - 1. kin: cos=0.9245
2025-08-27 18:20:21,512 - INFO - 2. twi: cos=0.9239
2025-08-27 18:20:21,512 - INFO - 3. luo: cos=0.9210
2025-08-27 18:20:21,512 - INFO - 4. lug: cos=0.9141
2025-08-27 18:20:21,512 - INFO - 5. ibo: cos=0.9121
2025-08-27 18:20:21,512 - INFO - === Layer 3 (mbert) — Worst 5 (cosine) ===
2025-08-27 18:20:21,512 - INFO - 1. yor: cos=0.8116
2025-08-27 18:20:21,512 - INFO - 2. bbj: cos=0.8155
2025-08-27 18:20:21,512 - INFO - 3. ewe: cos=0.8398
2025-08-27 18:20:21,512 - INFO - 4. pcm: cos=0.8419
2025-08-27 18:20:21,512 - INFO - 5. mos: cos=0.8498
2025-08-27 18:20:21,640 - INFO - === Layer 4 (mbert) — Top 5 (cosine) ===
2025-08-27 18:20:21,640 - INFO - 1. kin: cos=0.9441
2025-08-27 18:20:21,640 - INFO - 2. twi: cos=0.9400
2025-08-27 18:20:21,640 - INFO - 3. luo: cos=0.9387
2025-08-27 18:20:21,640 - INFO - 4. lug: cos=0.9350
2025-08-27 18:20:21,640 - INFO - 5. tsn: cos=0.9269
2025-08-27 18:20:21,640 - INFO - === Layer 4 (mbert) — Worst 5 (cosine) ===
2025-08-27 18:20:21,640 - INFO - 1. bbj: cos=0.8418
2025-08-27 18:20:21,640 - INFO - 2. yor: cos=0.8451
2025-08-27 18:20:21,640 - INFO - 3. pcm: cos=0.8573
2025-08-27 18:20:21,640 - INFO - 4. ewe: cos=0.8655
2025-08-27 18:20:21,640 - INFO - 5. mos: cos=0.8744
2025-08-27 18:20:21,771 - INFO - === Layer 5 (mbert) — Top 5 (cosine) ===
2025-08-27 18:20:21,771 - INFO - 1. luo: cos=0.9535
2025-08-27 18:20:21,771 - INFO - 2. kin: cos=0.9534
2025-08-27 18:20:21,771 - INFO - 3. ibo: cos=0.9533
2025-08-27 18:20:21,771 - INFO - 4. twi: cos=0.9514
2025-08-27 18:20:21,771 - INFO - 5. zul: cos=0.9511
2025-08-27 18:20:21,771 - INFO - === Layer 5 (mbert) — Worst 5 (cosine) ===
2025-08-27 18:20:21,771 - INFO - 1. pcm: cos=0.8903
2025-08-27 18:20:21,771 - INFO - 2. bbj: cos=0.8916
2025-08-27 18:20:21,771 - INFO - 3. yor: cos=0.8958
2025-08-27 18:20:21,771 - INFO - 4. ewe: cos=0.8967
2025-08-27 18:20:21,771 - INFO - 5. mos: cos=0.9167
2025-08-27 18:20:21,964 - INFO - === Layer 6 (mbert) — Top 5 (cosine) ===
2025-08-27 18:20:21,964 - INFO - 1. ibo: cos=0.9614
2025-08-27 18:20:21,964 - INFO - 2. luo: cos=0.9607
2025-08-27 18:20:21,964 - INFO - 3. zul: cos=0.9607
2025-08-27 18:20:21,964 - INFO - 4. kin: cos=0.9605
2025-08-27 18:20:21,964 - INFO - 5. tsn: cos=0.9593
2025-08-27 18:20:21,964 - INFO - === Layer 6 (mbert) — Worst 5 (cosine) ===
2025-08-27 18:20:21,964 - INFO - 1. yor: cos=0.8932
2025-08-27 18:20:21,964 - INFO - 2. pcm: cos=0.8983
2025-08-27 18:20:21,964 - INFO - 3. bbj: cos=0.9118
2025-08-27 18:20:21,964 - INFO - 4. ewe: cos=0.9136
2025-08-27 18:20:21,964 - INFO - 5. swa: cos=0.9263
2025-08-27 18:20:22,092 - INFO - === Layer 7 (mbert) — Top 5 (cosine) ===
2025-08-27 18:20:22,092 - INFO - 1. zul: cos=0.9427
2025-08-27 18:20:22,092 - INFO - 2. kin: cos=0.9404
2025-08-27 18:20:22,092 - INFO - 3. twi: cos=0.9391
2025-08-27 18:20:22,092 - INFO - 4. tsn: cos=0.9320
2025-08-27 18:20:22,092 - INFO - 5. ewe: cos=0.9311
2025-08-27 18:20:22,092 - INFO - === Layer 7 (mbert) — Worst 5 (cosine) ===
2025-08-27 18:20:22,092 - INFO - 1. yor: cos=0.8509
2025-08-27 18:20:22,092 - INFO - 2. bbj: cos=0.8880
2025-08-27 18:20:22,092 - INFO - 3. swa: cos=0.9042
2025-08-27 18:20:22,092 - INFO - 4. bam: cos=0.9073
2025-08-27 18:20:22,092 - INFO - 5. xho: cos=0.9103
2025-08-27 18:20:22,220 - INFO - === Layer 8 (mbert) — Top 5 (cosine) ===
2025-08-27 18:20:22,220 - INFO - 1. twi: cos=0.9363
2025-08-27 18:20:22,220 - INFO - 2. kin: cos=0.9296
2025-08-27 18:20:22,220 - INFO - 3. ewe: cos=0.9292
2025-08-27 18:20:22,221 - INFO - 4. ibo: cos=0.9289
2025-08-27 18:20:22,221 - INFO - 5. fon: cos=0.9249
2025-08-27 18:20:22,221 - INFO - === Layer 8 (mbert) — Worst 5 (cosine) ===
2025-08-27 18:20:22,221 - INFO - 1. yor: cos=0.8398
2025-08-27 18:20:22,221 - INFO - 2. bbj: cos=0.8851
2025-08-27 18:20:22,221 - INFO - 3. xho: cos=0.8950
2025-08-27 18:20:22,221 - INFO - 4. swa: cos=0.9022
2025-08-27 18:20:22,221 - INFO - 5. bam: cos=0.9062
2025-08-27 18:20:22,350 - INFO - === Layer 9 (mbert) — Top 5 (cosine) ===
2025-08-27 18:20:22,350 - INFO - 1. twi: cos=0.9552
2025-08-27 18:20:22,350 - INFO - 2. kin: cos=0.9498
2025-08-27 18:20:22,350 - INFO - 3. ibo: cos=0.9493
2025-08-27 18:20:22,350 - INFO - 4. ewe: cos=0.9474
2025-08-27 18:20:22,350 - INFO - 5. fon: cos=0.9466
2025-08-27 18:20:22,350 - INFO - === Layer 9 (mbert) — Worst 5 (cosine) ===
2025-08-27 18:20:22,350 - INFO - 1. yor: cos=0.8888
2025-08-27 18:20:22,350 - INFO - 2. bbj: cos=0.9188
2025-08-27 18:20:22,350 - INFO - 3. xho: cos=0.9270
2025-08-27 18:20:22,350 - INFO - 4. bam: cos=0.9304
2025-08-27 18:20:22,350 - INFO - 5. pcm: cos=0.9313
2025-08-27 18:20:22,480 - INFO - === Layer 10 (mbert) — Top 5 (cosine) ===
2025-08-27 18:20:22,480 - INFO - 1. ibo: cos=0.9608
2025-08-27 18:20:22,480 - INFO - 2. twi: cos=0.9606
2025-08-27 18:20:22,480 - INFO - 3. lug: cos=0.9605
2025-08-27 18:20:22,480 - INFO - 4. kin: cos=0.9588
2025-08-27 18:20:22,480 - INFO - 5. fon: cos=0.9560
2025-08-27 18:20:22,481 - INFO - === Layer 10 (mbert) — Worst 5 (cosine) ===
2025-08-27 18:20:22,481 - INFO - 1. yor: cos=0.9081
2025-08-27 18:20:22,481 - INFO - 2. bbj: cos=0.9338
2025-08-27 18:20:22,481 - INFO - 3. wol: cos=0.9354
2025-08-27 18:20:22,481 - INFO - 4. xho: cos=0.9401
2025-08-27 18:20:22,481 - INFO - 5. bam: cos=0.9417
2025-08-27 18:20:22,609 - INFO - === Layer 11 (mbert) — Top 5 (cosine) ===
2025-08-27 18:20:22,609 - INFO - 1. twi: cos=0.9643
2025-08-27 18:20:22,609 - INFO - 2. ibo: cos=0.9630
2025-08-27 18:20:22,609 - INFO - 3. ewe: cos=0.9624
2025-08-27 18:20:22,609 - INFO - 4. lug: cos=0.9619
2025-08-27 18:20:22,609 - INFO - 5. fon: cos=0.9603
2025-08-27 18:20:22,609 - INFO - === Layer 11 (mbert) — Worst 5 (cosine) ===
2025-08-27 18:20:22,609 - INFO - 1. yor: cos=0.9163
2025-08-27 18:20:22,609 - INFO - 2. xho: cos=0.9256
2025-08-27 18:20:22,609 - INFO - 3. zul: cos=0.9291
2025-08-27 18:20:22,609 - INFO - 4. bbj: cos=0.9309
2025-08-27 18:20:22,609 - INFO - 5. pcm: cos=0.9311
2025-08-27 18:20:22,744 - INFO - === Layer 12 (mbert) — Top 5 (cosine) ===
2025-08-27 18:20:22,744 - INFO - 1. pcm: cos=0.8558
2025-08-27 18:20:22,744 - INFO - 2. twi: cos=0.8391
2025-08-27 18:20:22,744 - INFO - 3. ibo: cos=0.8306
2025-08-27 18:20:22,744 - INFO - 4. lug: cos=0.8289
2025-08-27 18:20:22,744 - INFO - 5. fon: cos=0.8260
2025-08-27 18:20:22,744 - INFO - === Layer 12 (mbert) — Worst 5 (cosine) ===
2025-08-27 18:20:22,744 - INFO - 1. yor: cos=0.6811
2025-08-27 18:20:22,744 - INFO - 2. zul: cos=0.6985
2025-08-27 18:20:22,744 - INFO - 3. xho: cos=0.7027
2025-08-27 18:20:22,744 - INFO - 4. bbj: cos=0.7345
2025-08-27 18:20:22,744 - INFO - 5. wol: cos=0.7423
2025-08-27 18:20:22,745 - INFO - Experiment finished successfully.
