2025-08-24 11:41:50,942 - INFO - Start: model_type=mbert, run_both=False, use_cls=True, use_context=False, context_window=0, max_tokens_per_type=200, batch_size=32, seed=1, num_middle_layers=3, output_dir=rq2_train_scripts/Embeddings/EXTENDED/outputs/combined_extended/mbert/config_1_clstrue_ctxfalse_hybfalse/tokens_200_ctx0
2025-08-24 11:41:51,476 - INFO - mbert: selected layer indices (hidden_states) = [2, 3, 10, 12]
2025-08-24 11:41:52,298 - INFO - Processing run
2025-08-24 11:41:52,741 - INFO - Processing bam
2025-08-24 11:41:52,804 - INFO - Processing bbj
2025-08-24 11:41:52,849 - INFO - Processing ewe
2025-08-24 11:41:52,897 - INFO - Processing fon
2025-08-24 11:41:52,963 - INFO - Processing hau
2025-08-24 11:41:53,026 - INFO - Processing ibo
2025-08-24 11:41:53,121 - INFO - Processing kin
2025-08-24 11:41:53,186 - INFO - Processing lug
2025-08-24 11:41:53,236 - INFO - Processing luo
2025-08-24 11:41:53,331 - INFO - Processing mos
2025-08-24 11:41:53,391 - INFO - Processing nya
2025-08-24 11:41:53,464 - INFO - Processing pcm
2025-08-24 11:41:53,543 - INFO - Processing sna
2025-08-24 11:41:53,608 - INFO - Processing swa
2025-08-24 11:41:53,677 - INFO - Processing tsn
2025-08-24 11:41:53,730 - INFO - Processing twi
2025-08-24 11:41:53,789 - INFO - Processing wol
2025-08-24 11:41:53,852 - INFO - Processing xho
2025-08-24 11:41:53,912 - INFO - Processing yor
2025-08-24 11:41:54,013 - INFO - Processing zul
2025-08-24 11:41:54,343 - INFO - Layer 2 (mbert) — Top 5
2025-08-24 11:41:54,343 - INFO - 1. lug: r=0.9999
2025-08-24 11:41:54,343 - INFO - 2. kin: r=0.9999
2025-08-24 11:41:54,343 - INFO - 3. nya: r=0.9999
2025-08-24 11:41:54,343 - INFO - 4. twi: r=0.9999
2025-08-24 11:41:54,343 - INFO - 5. swa: r=0.9999
2025-08-24 11:41:54,343 - INFO - Layer 2 (mbert) — Worst 5
2025-08-24 11:41:54,343 - INFO - 1. ewe: r=0.9994
2025-08-24 11:41:54,343 - INFO - 2. bbj: r=0.9995
2025-08-24 11:41:54,343 - INFO - 3. xho: r=0.9997
2025-08-24 11:41:54,343 - INFO - 4. sna: r=0.9997
2025-08-24 11:41:54,343 - INFO - 5. hau: r=0.9997
2025-08-24 11:41:54,464 - INFO - Layer 3 (mbert) — Top 5
2025-08-24 11:41:54,464 - INFO - 1. lug: r=1.0000
2025-08-24 11:41:54,464 - INFO - 2. kin: r=1.0000
2025-08-24 11:41:54,464 - INFO - 3. nya: r=1.0000
2025-08-24 11:41:54,465 - INFO - 4. swa: r=1.0000
2025-08-24 11:41:54,465 - INFO - 5. twi: r=1.0000
2025-08-24 11:41:54,465 - INFO - Layer 3 (mbert) — Worst 5
2025-08-24 11:41:54,465 - INFO - 1. ewe: r=0.9998
2025-08-24 11:41:54,465 - INFO - 2. bbj: r=0.9999
2025-08-24 11:41:54,465 - INFO - 3. xho: r=0.9999
2025-08-24 11:41:54,465 - INFO - 4. hau: r=0.9999
2025-08-24 11:41:54,465 - INFO - 5. sna: r=0.9999
2025-08-24 11:41:54,585 - INFO - Layer 10 (mbert) — Top 5
2025-08-24 11:41:54,586 - INFO - 1. lug: r=0.9908
2025-08-24 11:41:54,586 - INFO - 2. luo: r=0.9895
2025-08-24 11:41:54,586 - INFO - 3. twi: r=0.9890
2025-08-24 11:41:54,586 - INFO - 4. kin: r=0.9878
2025-08-24 11:41:54,586 - INFO - 5. swa: r=0.9872
2025-08-24 11:41:54,586 - INFO - Layer 10 (mbert) — Worst 5
2025-08-24 11:41:54,586 - INFO - 1. bbj: r=0.9622
2025-08-24 11:41:54,586 - INFO - 2. yor: r=0.9661
2025-08-24 11:41:54,586 - INFO - 3. pcm: r=0.9687
2025-08-24 11:41:54,586 - INFO - 4. fon: r=0.9736
2025-08-24 11:41:54,586 - INFO - 5. mos: r=0.9766
2025-08-24 11:41:54,708 - INFO - Layer 12 (mbert) — Top 5
2025-08-24 11:41:54,708 - INFO - 1. lug: r=0.9709
2025-08-24 11:41:54,708 - INFO - 2. kin: r=0.9660
2025-08-24 11:41:54,708 - INFO - 3. twi: r=0.9642
2025-08-24 11:41:54,708 - INFO - 4. swa: r=0.9621
2025-08-24 11:41:54,708 - INFO - 5. luo: r=0.9618
2025-08-24 11:41:54,708 - INFO - Layer 12 (mbert) — Worst 5
2025-08-24 11:41:54,708 - INFO - 1. bbj: r=0.9014
2025-08-24 11:41:54,708 - INFO - 2. pcm: r=0.9046
2025-08-24 11:41:54,708 - INFO - 3. yor: r=0.9061
2025-08-24 11:41:54,708 - INFO - 4. xho: r=0.9184
2025-08-24 11:41:54,708 - INFO - 5. wol: r=0.9271
2025-08-24 11:41:54,709 - INFO - Experiment finished successfully.
