2025-08-24 11:45:52,198 - INFO - Start: model_type=mbert, run_both=False, use_cls=False, use_context=False, context_window=0, max_tokens_per_type=200, batch_size=32, seed=1, num_middle_layers=3, output_dir=rq2_train_scripts/Embeddings/EXTENDED/outputs/mptc_extended/mbert/config_3_clsfalse_ctxfalse_hybtrue/tokens_200_ctx0
2025-08-24 11:45:52,730 - INFO - mbert: selected layer indices (hidden_states) = [2, 3, 10, 12]
2025-08-24 11:45:53,555 - INFO - Processing run
2025-08-24 11:45:54,012 - INFO - Processing bam
2025-08-24 11:45:54,113 - INFO - Processing bbj
2025-08-24 11:45:54,179 - INFO - Processing ewe
2025-08-24 11:45:54,246 - INFO - Processing fon
2025-08-24 11:45:54,329 - INFO - Processing hau
2025-08-24 11:45:54,409 - INFO - Processing ibo
2025-08-24 11:45:54,520 - INFO - Processing kin
2025-08-24 11:45:54,621 - INFO - Processing lug
2025-08-24 11:45:54,725 - INFO - Processing luo
2025-08-24 11:45:54,815 - INFO - Processing mos
2025-08-24 11:45:54,891 - INFO - Processing nya
2025-08-24 11:45:54,987 - INFO - Processing pcm
2025-08-24 11:45:55,066 - INFO - Processing sna
2025-08-24 11:45:55,160 - INFO - Processing swa
2025-08-24 11:45:55,269 - INFO - Processing tsn
2025-08-24 11:45:55,371 - INFO - Processing twi
2025-08-24 11:45:55,466 - INFO - Processing wol
2025-08-24 11:45:55,589 - INFO - Processing xho
2025-08-24 11:45:55,688 - INFO - Processing yor
2025-08-24 11:45:55,808 - INFO - Processing zul
2025-08-24 11:45:56,145 - INFO - Layer 2 (mbert) — Top 5
2025-08-24 11:45:56,145 - INFO - 1. luo: r=0.8806
2025-08-24 11:45:56,145 - INFO - 2. twi: r=0.8779
2025-08-24 11:45:56,145 - INFO - 3. nya: r=0.8715
2025-08-24 11:45:56,145 - INFO - 4. lug: r=0.8684
2025-08-24 11:45:56,145 - INFO - 5. kin: r=0.8635
2025-08-24 11:45:56,145 - INFO - Layer 2 (mbert) — Worst 5
2025-08-24 11:45:56,145 - INFO - 1. bbj: r=0.7311
2025-08-24 11:45:56,145 - INFO - 2. yor: r=0.7610
2025-08-24 11:45:56,145 - INFO - 3. fon: r=0.7898
2025-08-24 11:45:56,145 - INFO - 4. ewe: r=0.8127
2025-08-24 11:45:56,145 - INFO - 5. pcm: r=0.8141
2025-08-24 11:45:56,279 - INFO - Layer 3 (mbert) — Top 5
2025-08-24 11:45:56,279 - INFO - 1. luo: r=0.9198
2025-08-24 11:45:56,279 - INFO - 2. twi: r=0.9182
2025-08-24 11:45:56,279 - INFO - 3. nya: r=0.9175
2025-08-24 11:45:56,279 - INFO - 4. zul: r=0.9145
2025-08-24 11:45:56,279 - INFO - 5. ibo: r=0.9131
2025-08-24 11:45:56,279 - INFO - Layer 3 (mbert) — Worst 5
2025-08-24 11:45:56,279 - INFO - 1. bbj: r=0.8258
2025-08-24 11:45:56,279 - INFO - 2. yor: r=0.8471
2025-08-24 11:45:56,279 - INFO - 3. ewe: r=0.8712
2025-08-24 11:45:56,279 - INFO - 4. pcm: r=0.8713
2025-08-24 11:45:56,279 - INFO - 5. fon: r=0.8722
2025-08-24 11:45:56,409 - INFO - Layer 10 (mbert) — Top 5
2025-08-24 11:45:56,409 - INFO - 1. luo: r=0.9785
2025-08-24 11:45:56,409 - INFO - 2. kin: r=0.9773
2025-08-24 11:45:56,409 - INFO - 3. twi: r=0.9751
2025-08-24 11:45:56,409 - INFO - 4. lug: r=0.9738
2025-08-24 11:45:56,409 - INFO - 5. nya: r=0.9737
2025-08-24 11:45:56,409 - INFO - Layer 10 (mbert) — Worst 5
2025-08-24 11:45:56,409 - INFO - 1. bbj: r=0.9429
2025-08-24 11:45:56,409 - INFO - 2. pcm: r=0.9487
2025-08-24 11:45:56,409 - INFO - 3. yor: r=0.9526
2025-08-24 11:45:56,409 - INFO - 4. ewe: r=0.9598
2025-08-24 11:45:56,409 - INFO - 5. bam: r=0.9628
2025-08-24 11:45:56,528 - INFO - Layer 12 (mbert) — Top 5
2025-08-24 11:45:56,528 - INFO - 1. luo: r=0.8968
2025-08-24 11:45:56,528 - INFO - 2. lug: r=0.8850
2025-08-24 11:45:56,528 - INFO - 3. kin: r=0.8819
2025-08-24 11:45:56,528 - INFO - 4. twi: r=0.8751
2025-08-24 11:45:56,528 - INFO - 5. nya: r=0.8728
2025-08-24 11:45:56,528 - INFO - Layer 12 (mbert) — Worst 5
2025-08-24 11:45:56,528 - INFO - 1. bbj: r=0.7813
2025-08-24 11:45:56,528 - INFO - 2. yor: r=0.7874
2025-08-24 11:45:56,528 - INFO - 3. pcm: r=0.7874
2025-08-24 11:45:56,528 - INFO - 4. bam: r=0.8286
2025-08-24 11:45:56,528 - INFO - 5. mos: r=0.8298
2025-08-24 11:45:56,529 - INFO - Experiment finished successfully.
