2025-08-02 19:44:10,464 - INFO - Experiment started with model_type=xlmr, use_cls=False, use_context=True, context_window=2, use_hybrid=True, max_tokens_per_type=200, output_dir=rq2_train_scripts/Embeddings/MEXA_inspired_strategy/outputs/salt/xlmr/config_6_clsfalse_ctxtrue_hybtrue/tokens_200_ctx2
2025-08-02 19:44:12,320 - INFO - Processing run
2025-08-02 19:44:18,320 - INFO - Processing bam
2025-08-02 19:44:24,110 - INFO - Processing bbj
2025-08-02 19:44:30,051 - INFO - Processing ewe
2025-08-02 19:44:35,436 - INFO - Processing fon
2025-08-02 19:44:40,970 - INFO - Processing hau
2025-08-02 19:44:46,560 - INFO - Processing ibo
2025-08-02 19:44:52,439 - INFO - Processing kin
2025-08-02 19:44:57,900 - INFO - Processing lug
2025-08-02 19:45:03,539 - INFO - Processing luo
2025-08-02 19:45:09,253 - INFO - Processing mos
2025-08-02 19:45:14,951 - INFO - Processing nya
2025-08-02 19:45:20,893 - INFO - Processing pcm
2025-08-02 19:45:27,208 - INFO - Processing sna
2025-08-02 19:45:32,615 - INFO - Processing swa
2025-08-02 19:45:38,380 - INFO - Processing tsn
2025-08-02 19:45:43,787 - INFO - Processing twi
2025-08-02 19:45:49,726 - INFO - Processing wol
2025-08-02 19:45:55,464 - INFO - Processing xho
2025-08-02 19:46:01,075 - INFO - Processing yor
2025-08-02 19:46:07,022 - INFO - Processing zul
2025-08-02 19:46:12,941 - INFO - Top 5 languages most similar to Runyankore:
2025-08-02 19:46:12,942 - INFO - 1. lug - Mean Similarity: 0.8370
2025-08-02 19:46:12,942 - INFO - 2. kin - Mean Similarity: 0.8096
2025-08-02 19:46:12,942 - INFO - 3. nya - Mean Similarity: 0.8024
2025-08-02 19:46:12,942 - INFO - 4. sna - Mean Similarity: 0.7940
2025-08-02 19:46:12,942 - INFO - 5. luo - Mean Similarity: 0.7934
2025-08-02 19:46:12,942 - INFO - Experiment finished successfully.
