2025-08-27 10:37:18,237 - INFO - Start: model_type=mbert, use_cls=False, use_context=True, context_window=3, max_tokens_per_type=500, batch_size=64, output_dir=rq2_train_scripts/Embeddings/CLEAN/outputs/salt/mbert/config_2_clsfalse_ctxtrue/tokens_500_ctx3/core, save_prototypes=False, seed=42, fp16=True, max_length=96, langs=all, layers=all, span_mode=bio, pool=mean, entity_tags={'PER', 'LOC', 'ORG', 'DATE'}, title_suffix='L=all, tokens=500, ctx=3, cls=false, fp16=true'
2025-08-27 10:37:20,643 - INFO - Processing run
2025-08-27 10:37:21,210 - INFO - Processing bam
2025-08-27 10:37:21,383 - INFO - Processing bbj
2025-08-27 10:37:21,532 - INFO - Processing ewe
2025-08-27 10:37:21,685 - INFO - Processing fon
2025-08-27 10:37:21,864 - INFO - Processing hau
2025-08-27 10:37:22,044 - INFO - Processing ibo
2025-08-27 10:37:22,249 - INFO - Processing kin
2025-08-27 10:37:22,431 - INFO - Processing lug
2025-08-27 10:37:22,595 - INFO - Processing luo
2025-08-27 10:37:22,765 - INFO - Processing mos
2025-08-27 10:37:22,939 - INFO - Processing nya
2025-08-27 10:37:23,118 - INFO - Processing pcm
2025-08-27 10:37:23,271 - INFO - Processing sna
2025-08-27 10:37:23,439 - INFO - Processing swa
2025-08-27 10:37:23,610 - INFO - Processing tsn
2025-08-27 10:37:23,769 - INFO - Processing twi
2025-08-27 10:37:23,939 - INFO - Processing wol
2025-08-27 10:37:24,112 - INFO - Processing xho
2025-08-27 10:37:24,276 - INFO - Processing yor
2025-08-27 10:37:24,489 - INFO - Processing zul
2025-08-27 10:37:25,010 - INFO - === Layer 1 (mbert) — Top 5 (cosine) ===
2025-08-27 10:37:25,010 - INFO - 1. lug: cos=0.8813
2025-08-27 10:37:25,010 - INFO - 2. kin: cos=0.8794
2025-08-27 10:37:25,010 - INFO - 3. ibo: cos=0.8509
2025-08-27 10:37:25,010 - INFO - 4. twi: cos=0.8487
2025-08-27 10:37:25,010 - INFO - 5. nya: cos=0.8461
2025-08-27 10:37:25,010 - INFO - === Layer 1 (mbert) — Worst 5 (cosine) ===
2025-08-27 10:37:25,010 - INFO - 1. yor: cos=0.6394
2025-08-27 10:37:25,010 - INFO - 2. bbj: cos=0.6616
2025-08-27 10:37:25,010 - INFO - 3. mos: cos=0.7188
2025-08-27 10:37:25,010 - INFO - 4. fon: cos=0.7304
2025-08-27 10:37:25,010 - INFO - 5. pcm: cos=0.7364
2025-08-27 10:37:25,137 - INFO - === Layer 2 (mbert) — Top 5 (cosine) ===
2025-08-27 10:37:25,137 - INFO - 1. kin: cos=0.8922
2025-08-27 10:37:25,137 - INFO - 2. lug: cos=0.8795
2025-08-27 10:37:25,137 - INFO - 3. nya: cos=0.8687
2025-08-27 10:37:25,137 - INFO - 4. twi: cos=0.8662
2025-08-27 10:37:25,137 - INFO - 5. ibo: cos=0.8632
2025-08-27 10:37:25,137 - INFO - === Layer 2 (mbert) — Worst 5 (cosine) ===
2025-08-27 10:37:25,137 - INFO - 1. yor: cos=0.6718
2025-08-27 10:37:25,137 - INFO - 2. bbj: cos=0.6945
2025-08-27 10:37:25,137 - INFO - 3. mos: cos=0.7423
2025-08-27 10:37:25,137 - INFO - 4. pcm: cos=0.7477
2025-08-27 10:37:25,137 - INFO - 5. fon: cos=0.7586
2025-08-27 10:37:25,264 - INFO - === Layer 3 (mbert) — Top 5 (cosine) ===
2025-08-27 10:37:25,264 - INFO - 1. kin: cos=0.9364
2025-08-27 10:37:25,264 - INFO - 2. lug: cos=0.9199
2025-08-27 10:37:25,264 - INFO - 3. nya: cos=0.9184
2025-08-27 10:37:25,264 - INFO - 4. twi: cos=0.9159
2025-08-27 10:37:25,264 - INFO - 5. sna: cos=0.9152
2025-08-27 10:37:25,264 - INFO - === Layer 3 (mbert) — Worst 5 (cosine) ===
2025-08-27 10:37:25,264 - INFO - 1. yor: cos=0.7962
2025-08-27 10:37:25,264 - INFO - 2. bbj: cos=0.8070
2025-08-27 10:37:25,264 - INFO - 3. pcm: cos=0.8406
2025-08-27 10:37:25,264 - INFO - 4. mos: cos=0.8432
2025-08-27 10:37:25,264 - INFO - 5. fon: cos=0.8520
2025-08-27 10:37:25,391 - INFO - === Layer 4 (mbert) — Top 5 (cosine) ===
2025-08-27 10:37:25,391 - INFO - 1. kin: cos=0.9512
2025-08-27 10:37:25,391 - INFO - 2. lug: cos=0.9360
2025-08-27 10:37:25,391 - INFO - 3. luo: cos=0.9359
2025-08-27 10:37:25,391 - INFO - 4. twi: cos=0.9352
2025-08-27 10:37:25,391 - INFO - 5. nya: cos=0.9348
2025-08-27 10:37:25,391 - INFO - === Layer 4 (mbert) — Worst 5 (cosine) ===
2025-08-27 10:37:25,391 - INFO - 1. yor: cos=0.8397
2025-08-27 10:37:25,391 - INFO - 2. bbj: cos=0.8477
2025-08-27 10:37:25,391 - INFO - 3. pcm: cos=0.8709
2025-08-27 10:37:25,391 - INFO - 4. mos: cos=0.8789
2025-08-27 10:37:25,391 - INFO - 5. ewe: cos=0.8800
2025-08-27 10:37:25,522 - INFO - === Layer 5 (mbert) — Top 5 (cosine) ===
2025-08-27 10:37:25,522 - INFO - 1. kin: cos=0.9649
2025-08-27 10:37:25,523 - INFO - 2. luo: cos=0.9557
2025-08-27 10:37:25,523 - INFO - 3. nya: cos=0.9542
2025-08-27 10:37:25,523 - INFO - 4. lug: cos=0.9532
2025-08-27 10:37:25,523 - INFO - 5. twi: cos=0.9525
2025-08-27 10:37:25,523 - INFO - === Layer 5 (mbert) — Worst 5 (cosine) ===
2025-08-27 10:37:25,523 - INFO - 1. yor: cos=0.8858
2025-08-27 10:37:25,523 - INFO - 2. bbj: cos=0.8901
2025-08-27 10:37:25,523 - INFO - 3. pcm: cos=0.9070
2025-08-27 10:37:25,523 - INFO - 4. ewe: cos=0.9131
2025-08-27 10:37:25,523 - INFO - 5. fon: cos=0.9140
2025-08-27 10:37:25,715 - INFO - === Layer 6 (mbert) — Top 5 (cosine) ===
2025-08-27 10:37:25,715 - INFO - 1. kin: cos=0.9730
2025-08-27 10:37:25,715 - INFO - 2. luo: cos=0.9658
2025-08-27 10:37:25,715 - INFO - 3. nya: cos=0.9643
2025-08-27 10:37:25,715 - INFO - 4. lug: cos=0.9639
2025-08-27 10:37:25,715 - INFO - 5. twi: cos=0.9637
2025-08-27 10:37:25,715 - INFO - === Layer 6 (mbert) — Worst 5 (cosine) ===
2025-08-27 10:37:25,715 - INFO - 1. bbj: cos=0.9089
2025-08-27 10:37:25,715 - INFO - 2. yor: cos=0.9106
2025-08-27 10:37:25,715 - INFO - 3. pcm: cos=0.9277
2025-08-27 10:37:25,715 - INFO - 4. fon: cos=0.9307
2025-08-27 10:37:25,715 - INFO - 5. ewe: cos=0.9362
2025-08-27 10:37:25,842 - INFO - === Layer 7 (mbert) — Top 5 (cosine) ===
2025-08-27 10:37:25,843 - INFO - 1. kin: cos=0.9595
2025-08-27 10:37:25,843 - INFO - 2. lug: cos=0.9509
2025-08-27 10:37:25,843 - INFO - 3. luo: cos=0.9486
2025-08-27 10:37:25,843 - INFO - 4. twi: cos=0.9474
2025-08-27 10:37:25,843 - INFO - 5. nya: cos=0.9459
2025-08-27 10:37:25,843 - INFO - === Layer 7 (mbert) — Worst 5 (cosine) ===
2025-08-27 10:37:25,843 - INFO - 1. yor: cos=0.8751
2025-08-27 10:37:25,843 - INFO - 2. bbj: cos=0.8775
2025-08-27 10:37:25,843 - INFO - 3. pcm: cos=0.9005
2025-08-27 10:37:25,843 - INFO - 4. swa: cos=0.9016
2025-08-27 10:37:25,843 - INFO - 5. fon: cos=0.9025
2025-08-27 10:37:25,971 - INFO - === Layer 8 (mbert) — Top 5 (cosine) ===
2025-08-27 10:37:25,971 - INFO - 1. kin: cos=0.9538
2025-08-27 10:37:25,971 - INFO - 2. lug: cos=0.9463
2025-08-27 10:37:25,971 - INFO - 3. twi: cos=0.9433
2025-08-27 10:37:25,971 - INFO - 4. nya: cos=0.9390
2025-08-27 10:37:25,971 - INFO - 5. luo: cos=0.9381
2025-08-27 10:37:25,971 - INFO - === Layer 8 (mbert) — Worst 5 (cosine) ===
2025-08-27 10:37:25,971 - INFO - 1. yor: cos=0.8597
2025-08-27 10:37:25,971 - INFO - 2. bbj: cos=0.8612
2025-08-27 10:37:25,971 - INFO - 3. swa: cos=0.8797
2025-08-27 10:37:25,971 - INFO - 4. pcm: cos=0.8825
2025-08-27 10:37:25,971 - INFO - 5. fon: cos=0.8888
2025-08-27 10:37:26,098 - INFO - === Layer 9 (mbert) — Top 5 (cosine) ===
2025-08-27 10:37:26,098 - INFO - 1. kin: cos=0.9641
2025-08-27 10:37:26,098 - INFO - 2. twi: cos=0.9577
2025-08-27 10:37:26,098 - INFO - 3. lug: cos=0.9544
2025-08-27 10:37:26,098 - INFO - 4. luo: cos=0.9537
2025-08-27 10:37:26,098 - INFO - 5. ibo: cos=0.9503
2025-08-27 10:37:26,098 - INFO - === Layer 9 (mbert) — Worst 5 (cosine) ===
2025-08-27 10:37:26,098 - INFO - 1. yor: cos=0.8986
2025-08-27 10:37:26,098 - INFO - 2. bbj: cos=0.9009
2025-08-27 10:37:26,098 - INFO - 3. swa: cos=0.9118
2025-08-27 10:37:26,098 - INFO - 4. pcm: cos=0.9128
2025-08-27 10:37:26,098 - INFO - 5. fon: cos=0.9176
2025-08-27 10:37:26,225 - INFO - === Layer 10 (mbert) — Top 5 (cosine) ===
2025-08-27 10:37:26,225 - INFO - 1. kin: cos=0.9725
2025-08-27 10:37:26,225 - INFO - 2. twi: cos=0.9709
2025-08-27 10:37:26,225 - INFO - 3. lug: cos=0.9685
2025-08-27 10:37:26,225 - INFO - 4. luo: cos=0.9644
2025-08-27 10:37:26,225 - INFO - 5. nya: cos=0.9611
2025-08-27 10:37:26,225 - INFO - === Layer 10 (mbert) — Worst 5 (cosine) ===
2025-08-27 10:37:26,225 - INFO - 1. yor: cos=0.9193
2025-08-27 10:37:26,225 - INFO - 2. bam: cos=0.9253
2025-08-27 10:37:26,225 - INFO - 3. bbj: cos=0.9271
2025-08-27 10:37:26,225 - INFO - 4. xho: cos=0.9291
2025-08-27 10:37:26,225 - INFO - 5. fon: cos=0.9380
2025-08-27 10:37:26,355 - INFO - === Layer 11 (mbert) — Top 5 (cosine) ===
2025-08-27 10:37:26,355 - INFO - 1. kin: cos=0.9759
2025-08-27 10:37:26,355 - INFO - 2. twi: cos=0.9746
2025-08-27 10:37:26,355 - INFO - 3. lug: cos=0.9739
2025-08-27 10:37:26,355 - INFO - 4. luo: cos=0.9707
2025-08-27 10:37:26,355 - INFO - 5. nya: cos=0.9704
2025-08-27 10:37:26,355 - INFO - === Layer 11 (mbert) — Worst 5 (cosine) ===
2025-08-27 10:37:26,355 - INFO - 1. yor: cos=0.9232
2025-08-27 10:37:26,355 - INFO - 2. bbj: cos=0.9334
2025-08-27 10:37:26,355 - INFO - 3. bam: cos=0.9338
2025-08-27 10:37:26,355 - INFO - 4. fon: cos=0.9437
2025-08-27 10:37:26,355 - INFO - 5. xho: cos=0.9456
2025-08-27 10:37:26,481 - INFO - === Layer 12 (mbert) — Top 5 (cosine) ===
2025-08-27 10:37:26,481 - INFO - 1. lug: cos=0.8931
2025-08-27 10:37:26,481 - INFO - 2. kin: cos=0.8886
2025-08-27 10:37:26,481 - INFO - 3. nya: cos=0.8671
2025-08-27 10:37:26,481 - INFO - 4. twi: cos=0.8654
2025-08-27 10:37:26,481 - INFO - 5. luo: cos=0.8506
2025-08-27 10:37:26,481 - INFO - === Layer 12 (mbert) — Worst 5 (cosine) ===
2025-08-27 10:37:26,481 - INFO - 1. yor: cos=0.6610
2025-08-27 10:37:26,481 - INFO - 2. bbj: cos=0.7024
2025-08-27 10:37:26,481 - INFO - 3. fon: cos=0.7352
2025-08-27 10:37:26,481 - INFO - 4. bam: cos=0.7661
2025-08-27 10:37:26,481 - INFO - 5. pcm: cos=0.7695
2025-08-27 10:37:26,482 - INFO - Experiment finished successfully.
