2025-08-03 08:54:39,622 - INFO - Experiment started with model_type=mbert, use_cls=True, use_context=True, context_window=1, use_hybrid=True, max_tokens_per_type=400, output_dir=rq2_train_scripts/Embeddings/MEXA_inspired_strategy/outputs/mptc/mbert/config_7_clstrue_ctxtrue_hybtrue/tokens_400_ctx1
2025-08-03 08:54:40,661 - INFO - Processing run
2025-08-03 08:54:42,349 - INFO - Processing bam
2025-08-03 08:54:44,978 - INFO - Processing bbj
2025-08-03 08:54:47,811 - INFO - Processing ewe
2025-08-03 08:54:50,651 - INFO - Processing fon
2025-08-03 08:54:53,524 - INFO - Processing hau
2025-08-03 08:54:56,389 - INFO - Processing ibo
2025-08-03 08:54:59,291 - INFO - Processing kin
2025-08-03 08:55:02,164 - INFO - Processing lug
2025-08-03 08:55:05,009 - INFO - Processing luo
2025-08-03 08:55:07,870 - INFO - Processing mos
2025-08-03 08:55:10,747 - INFO - Processing nya
2025-08-03 08:55:13,614 - INFO - Processing pcm
2025-08-03 08:55:16,464 - INFO - Processing sna
2025-08-03 08:55:19,319 - INFO - Processing swa
2025-08-03 08:55:22,168 - INFO - Processing tsn
2025-08-03 08:55:24,978 - INFO - Processing twi
2025-08-03 08:55:27,810 - INFO - Processing wol
2025-08-03 08:55:30,669 - INFO - Processing xho
2025-08-03 08:55:33,523 - INFO - Processing yor
2025-08-03 08:55:36,413 - INFO - Processing zul
2025-08-03 08:55:39,693 - INFO - Top 5 languages most similar to Runyankore:
2025-08-03 08:55:39,693 - INFO - 1. kin - Mean Similarity: 0.6633
2025-08-03 08:55:39,693 - INFO - 2. lug - Mean Similarity: 0.6594
2025-08-03 08:55:39,693 - INFO - 3. nya - Mean Similarity: 0.6536
2025-08-03 08:55:39,693 - INFO - 4. sna - Mean Similarity: 0.6533
2025-08-03 08:55:39,693 - INFO - 5. xho - Mean Similarity: 0.6402
2025-08-03 08:55:39,693 - INFO - Experiment finished successfully.
