2025-08-27 07:54:02,663 - INFO - Start: model_type=mbert, use_cls=False, use_context=True, context_window=0, max_tokens_per_type=200, batch_size=64, output_dir=rq2_train_scripts/Embeddings/CLEAN/outputs/combined/mbert/config_2_clsfalse_ctxtrue/tokens_200_ctx0, save_prototypes=False, seed=42, fp16=True, max_length=96, langs=all, layers=all, span_mode=bio, pool=mean, entity_tags={'PER', 'LOC', 'ORG', 'DATE'}, title_suffix='L=all, tokens=200, ctx=0, cls=false, fp16=true'
2025-08-27 07:54:04,471 - INFO - Processing run
2025-08-27 07:54:04,967 - INFO - Processing bam
2025-08-27 07:54:05,045 - INFO - Processing bbj
2025-08-27 07:54:05,107 - INFO - Processing ewe
2025-08-27 07:54:05,180 - INFO - Processing fon
2025-08-27 07:54:05,274 - INFO - Processing hau
2025-08-27 07:54:05,363 - INFO - Processing ibo
2025-08-27 07:54:05,475 - INFO - Processing kin
2025-08-27 07:54:05,564 - INFO - Processing lug
2025-08-27 07:54:05,636 - INFO - Processing luo
2025-08-27 07:54:05,720 - INFO - Processing mos
2025-08-27 07:54:05,802 - INFO - Processing nya
2025-08-27 07:54:05,891 - INFO - Processing pcm
2025-08-27 07:54:05,968 - INFO - Processing sna
2025-08-27 07:54:06,050 - INFO - Processing swa
2025-08-27 07:54:06,137 - INFO - Processing tsn
2025-08-27 07:54:06,209 - INFO - Processing twi
2025-08-27 07:54:06,286 - INFO - Processing wol
2025-08-27 07:54:06,364 - INFO - Processing xho
2025-08-27 07:54:06,438 - INFO - Processing yor
2025-08-27 07:54:06,560 - INFO - Processing zul
2025-08-27 07:54:07,002 - INFO - === Layer 1 (mbert) — Top 5 (cosine) ===
2025-08-27 07:54:07,002 - INFO - 1. kin: cos=0.8807
2025-08-27 07:54:07,002 - INFO - 2. twi: cos=0.8797
2025-08-27 07:54:07,002 - INFO - 3. luo: cos=0.8729
2025-08-27 07:54:07,002 - INFO - 4. lug: cos=0.8636
2025-08-27 07:54:07,002 - INFO - 5. nya: cos=0.8624
2025-08-27 07:54:07,002 - INFO - === Layer 1 (mbert) — Worst 5 (cosine) ===
2025-08-27 07:54:07,002 - INFO - 1. yor: cos=0.7055
2025-08-27 07:54:07,002 - INFO - 2. bbj: cos=0.7292
2025-08-27 07:54:07,002 - INFO - 3. ewe: cos=0.7817
2025-08-27 07:54:07,002 - INFO - 4. mos: cos=0.7822
2025-08-27 07:54:07,002 - INFO - 5. pcm: cos=0.7946
2025-08-27 07:54:07,128 - INFO - === Layer 2 (mbert) — Top 5 (cosine) ===
2025-08-27 07:54:07,128 - INFO - 1. lug: cos=0.9059
2025-08-27 07:54:07,128 - INFO - 2. kin: cos=0.8961
2025-08-27 07:54:07,128 - INFO - 3. twi: cos=0.8937
2025-08-27 07:54:07,128 - INFO - 4. luo: cos=0.8863
2025-08-27 07:54:07,128 - INFO - 5. tsn: cos=0.8767
2025-08-27 07:54:07,128 - INFO - === Layer 2 (mbert) — Worst 5 (cosine) ===
2025-08-27 07:54:07,128 - INFO - 1. yor: cos=0.7326
2025-08-27 07:54:07,128 - INFO - 2. bbj: cos=0.7648
2025-08-27 07:54:07,128 - INFO - 3. mos: cos=0.7953
2025-08-27 07:54:07,128 - INFO - 4. ewe: cos=0.7964
2025-08-27 07:54:07,128 - INFO - 5. pcm: cos=0.8025
2025-08-27 07:54:07,250 - INFO - === Layer 3 (mbert) — Top 5 (cosine) ===
2025-08-27 07:54:07,250 - INFO - 1. twi: cos=0.9342
2025-08-27 07:54:07,250 - INFO - 2. lug: cos=0.9337
2025-08-27 07:54:07,250 - INFO - 3. kin: cos=0.9322
2025-08-27 07:54:07,250 - INFO - 4. luo: cos=0.9250
2025-08-27 07:54:07,250 - INFO - 5. tsn: cos=0.9190
2025-08-27 07:54:07,250 - INFO - === Layer 3 (mbert) — Worst 5 (cosine) ===
2025-08-27 07:54:07,250 - INFO - 1. yor: cos=0.7993
2025-08-27 07:54:07,250 - INFO - 2. bbj: cos=0.8450
2025-08-27 07:54:07,250 - INFO - 3. ewe: cos=0.8557
2025-08-27 07:54:07,250 - INFO - 4. pcm: cos=0.8611
2025-08-27 07:54:07,250 - INFO - 5. mos: cos=0.8652
2025-08-27 07:54:07,391 - INFO - === Layer 4 (mbert) — Top 5 (cosine) ===
2025-08-27 07:54:07,391 - INFO - 1. twi: cos=0.9488
2025-08-27 07:54:07,391 - INFO - 2. lug: cos=0.9487
2025-08-27 07:54:07,391 - INFO - 3. tsn: cos=0.9368
2025-08-27 07:54:07,391 - INFO - 4. ibo: cos=0.9267
2025-08-27 07:54:07,391 - INFO - 5. luo: cos=0.9258
2025-08-27 07:54:07,391 - INFO - === Layer 4 (mbert) — Worst 5 (cosine) ===
2025-08-27 07:54:07,391 - INFO - 1. yor: cos=0.8349
2025-08-27 07:54:07,391 - INFO - 2. ewe: cos=0.8633
2025-08-27 07:54:07,391 - INFO - 3. bbj: cos=0.8707
2025-08-27 07:54:07,391 - INFO - 4. pcm: cos=0.8817
2025-08-27 07:54:07,391 - INFO - 5. xho: cos=0.8857
2025-08-27 07:54:07,522 - INFO - === Layer 5 (mbert) — Top 5 (cosine) ===
2025-08-27 07:54:07,522 - INFO - 1. twi: cos=0.9641
2025-08-27 07:54:07,522 - INFO - 2. lug: cos=0.9517
2025-08-27 07:54:07,522 - INFO - 3. nya: cos=0.9487
2025-08-27 07:54:07,522 - INFO - 4. ewe: cos=0.9466
2025-08-27 07:54:07,522 - INFO - 5. pcm: cos=0.9448
2025-08-27 07:54:07,522 - INFO - === Layer 5 (mbert) — Worst 5 (cosine) ===
2025-08-27 07:54:07,522 - INFO - 1. yor: cos=0.8643
2025-08-27 07:54:07,522 - INFO - 2. xho: cos=0.9077
2025-08-27 07:54:07,522 - INFO - 3. bbj: cos=0.9085
2025-08-27 07:54:07,522 - INFO - 4. sna: cos=0.9283
2025-08-27 07:54:07,522 - INFO - 5. wol: cos=0.9297
2025-08-27 07:54:07,724 - INFO - === Layer 6 (mbert) — Top 5 (cosine) ===
2025-08-27 07:54:07,725 - INFO - 1. twi: cos=0.9759
2025-08-27 07:54:07,725 - INFO - 2. lug: cos=0.9639
2025-08-27 07:54:07,725 - INFO - 3. pcm: cos=0.9601
2025-08-27 07:54:07,725 - INFO - 4. ewe: cos=0.9578
2025-08-27 07:54:07,725 - INFO - 5. nya: cos=0.9573
2025-08-27 07:54:07,725 - INFO - === Layer 6 (mbert) — Worst 5 (cosine) ===
2025-08-27 07:54:07,725 - INFO - 1. yor: cos=0.8797
2025-08-27 07:54:07,725 - INFO - 2. xho: cos=0.9200
2025-08-27 07:54:07,725 - INFO - 3. bbj: cos=0.9260
2025-08-27 07:54:07,725 - INFO - 4. zul: cos=0.9357
2025-08-27 07:54:07,725 - INFO - 5. sna: cos=0.9421
2025-08-27 07:54:07,857 - INFO - === Layer 7 (mbert) — Top 5 (cosine) ===
2025-08-27 07:54:07,857 - INFO - 1. twi: cos=0.9666
2025-08-27 07:54:07,857 - INFO - 2. lug: cos=0.9488
2025-08-27 07:54:07,857 - INFO - 3. pcm: cos=0.9461
2025-08-27 07:54:07,857 - INFO - 4. swa: cos=0.9428
2025-08-27 07:54:07,857 - INFO - 5. nya: cos=0.9412
2025-08-27 07:54:07,857 - INFO - === Layer 7 (mbert) — Worst 5 (cosine) ===
2025-08-27 07:54:07,857 - INFO - 1. yor: cos=0.8262
2025-08-27 07:54:07,857 - INFO - 2. xho: cos=0.8968
2025-08-27 07:54:07,857 - INFO - 3. bbj: cos=0.9051
2025-08-27 07:54:07,857 - INFO - 4. ibo: cos=0.9125
2025-08-27 07:54:07,857 - INFO - 5. tsn: cos=0.9130
2025-08-27 07:54:07,991 - INFO - === Layer 8 (mbert) — Top 5 (cosine) ===
2025-08-27 07:54:07,991 - INFO - 1. twi: cos=0.9641
2025-08-27 07:54:07,991 - INFO - 2. mos: cos=0.9421
2025-08-27 07:54:07,991 - INFO - 3. swa: cos=0.9415
2025-08-27 07:54:07,991 - INFO - 4. lug: cos=0.9409
2025-08-27 07:54:07,991 - INFO - 5. ewe: cos=0.9351
2025-08-27 07:54:07,991 - INFO - === Layer 8 (mbert) — Worst 5 (cosine) ===
2025-08-27 07:54:07,991 - INFO - 1. yor: cos=0.8136
2025-08-27 07:54:07,991 - INFO - 2. xho: cos=0.8651
2025-08-27 07:54:07,991 - INFO - 3. bbj: cos=0.8670
2025-08-27 07:54:07,991 - INFO - 4. zul: cos=0.8944
2025-08-27 07:54:07,991 - INFO - 5. bam: cos=0.9058
2025-08-27 07:54:08,122 - INFO - === Layer 9 (mbert) — Top 5 (cosine) ===
2025-08-27 07:54:08,122 - INFO - 1. twi: cos=0.9740
2025-08-27 07:54:08,122 - INFO - 2. pcm: cos=0.9659
2025-08-27 07:54:08,122 - INFO - 3. mos: cos=0.9577
2025-08-27 07:54:08,122 - INFO - 4. lug: cos=0.9575
2025-08-27 07:54:08,122 - INFO - 5. luo: cos=0.9539
2025-08-27 07:54:08,122 - INFO - === Layer 9 (mbert) — Worst 5 (cosine) ===
2025-08-27 07:54:08,122 - INFO - 1. yor: cos=0.8688
2025-08-27 07:54:08,122 - INFO - 2. zul: cos=0.8921
2025-08-27 07:54:08,122 - INFO - 3. xho: cos=0.9018
2025-08-27 07:54:08,122 - INFO - 4. bbj: cos=0.9076
2025-08-27 07:54:08,122 - INFO - 5. tsn: cos=0.9319
2025-08-27 07:54:08,270 - INFO - === Layer 10 (mbert) — Top 5 (cosine) ===
2025-08-27 07:54:08,271 - INFO - 1. hau: cos=0.9767
2025-08-27 07:54:08,271 - INFO - 2. twi: cos=0.9738
2025-08-27 07:54:08,271 - INFO - 3. pcm: cos=0.9707
2025-08-27 07:54:08,271 - INFO - 4. lug: cos=0.9680
2025-08-27 07:54:08,271 - INFO - 5. luo: cos=0.9679
2025-08-27 07:54:08,271 - INFO - === Layer 10 (mbert) — Worst 5 (cosine) ===
2025-08-27 07:54:08,271 - INFO - 1. yor: cos=0.8834
2025-08-27 07:54:08,271 - INFO - 2. zul: cos=0.8969
2025-08-27 07:54:08,271 - INFO - 3. kin: cos=0.9113
2025-08-27 07:54:08,271 - INFO - 4. xho: cos=0.9125
2025-08-27 07:54:08,271 - INFO - 5. bbj: cos=0.9194
2025-08-27 07:54:08,401 - INFO - === Layer 11 (mbert) — Top 5 (cosine) ===
2025-08-27 07:54:08,401 - INFO - 1. twi: cos=0.9789
2025-08-27 07:54:08,401 - INFO - 2. hau: cos=0.9751
2025-08-27 07:54:08,401 - INFO - 3. swa: cos=0.9717
2025-08-27 07:54:08,401 - INFO - 4. pcm: cos=0.9678
2025-08-27 07:54:08,401 - INFO - 5. nya: cos=0.9667
2025-08-27 07:54:08,401 - INFO - === Layer 11 (mbert) — Worst 5 (cosine) ===
2025-08-27 07:54:08,401 - INFO - 1. yor: cos=0.8954
2025-08-27 07:54:08,401 - INFO - 2. zul: cos=0.8997
2025-08-27 07:54:08,401 - INFO - 3. bbj: cos=0.9084
2025-08-27 07:54:08,401 - INFO - 4. xho: cos=0.9146
2025-08-27 07:54:08,401 - INFO - 5. tsn: cos=0.9412
2025-08-27 07:54:08,537 - INFO - === Layer 12 (mbert) — Top 5 (cosine) ===
2025-08-27 07:54:08,537 - INFO - 1. bbj: cos=0.8060
2025-08-27 07:54:08,537 - INFO - 2. nya: cos=0.8013
2025-08-27 07:54:08,537 - INFO - 3. pcm: cos=0.7926
2025-08-27 07:54:08,537 - INFO - 4. wol: cos=0.7922
2025-08-27 07:54:08,537 - INFO - 5. ibo: cos=0.7906
2025-08-27 07:54:08,537 - INFO - === Layer 12 (mbert) — Worst 5 (cosine) ===
2025-08-27 07:54:08,537 - INFO - 1. xho: cos=0.5830
2025-08-27 07:54:08,537 - INFO - 2. sna: cos=0.6301
2025-08-27 07:54:08,537 - INFO - 3. yor: cos=0.6340
2025-08-27 07:54:08,537 - INFO - 4. fon: cos=0.6534
2025-08-27 07:54:08,537 - INFO - 5. zul: cos=0.6742
2025-08-27 07:54:08,538 - INFO - Experiment finished successfully.
