2025-08-02 19:58:18,752 - INFO - Experiment started with model_type=xlmr, use_cls=False, use_context=True, context_window=3, use_hybrid=True, max_tokens_per_type=200, output_dir=rq2_train_scripts/Embeddings/MEXA_inspired_strategy/outputs/salt/xlmr/config_6_clsfalse_ctxtrue_hybtrue/tokens_200_ctx3
2025-08-02 19:58:20,703 - INFO - Processing run
2025-08-02 19:58:26,845 - INFO - Processing bam
2025-08-02 19:58:32,413 - INFO - Processing bbj
2025-08-02 19:58:38,269 - INFO - Processing ewe
2025-08-02 19:58:44,345 - INFO - Processing fon
2025-08-02 19:58:50,303 - INFO - Processing hau
2025-08-02 19:58:56,314 - INFO - Processing ibo
2025-08-02 19:59:01,762 - INFO - Processing kin
2025-08-02 19:59:07,639 - INFO - Processing lug
2025-08-02 19:59:13,040 - INFO - Processing luo
2025-08-02 19:59:18,596 - INFO - Processing mos
2025-08-02 19:59:24,332 - INFO - Processing nya
2025-08-02 19:59:29,756 - INFO - Processing pcm
2025-08-02 19:59:35,305 - INFO - Processing sna
2025-08-02 19:59:41,013 - INFO - Processing swa
2025-08-02 19:59:46,484 - INFO - Processing tsn
2025-08-02 19:59:51,977 - INFO - Processing twi
2025-08-02 19:59:57,570 - INFO - Processing wol
2025-08-02 20:00:03,367 - INFO - Processing xho
2025-08-02 20:00:09,003 - INFO - Processing yor
2025-08-02 20:00:14,897 - INFO - Processing zul
2025-08-02 20:00:21,091 - INFO - Top 5 languages most similar to Runyankore:
2025-08-02 20:00:21,092 - INFO - 1. lug - Mean Similarity: 0.8273
2025-08-02 20:00:21,092 - INFO - 2. kin - Mean Similarity: 0.8040
2025-08-02 20:00:21,092 - INFO - 3. nya - Mean Similarity: 0.7992
2025-08-02 20:00:21,092 - INFO - 4. luo - Mean Similarity: 0.7892
2025-08-02 20:00:21,092 - INFO - 5. sna - Mean Similarity: 0.7884
2025-08-02 20:00:21,092 - INFO - Experiment finished successfully.
