2025-08-24 11:49:11,632 - INFO - Start: model_type=mbert, run_both=False, use_cls=True, use_context=True, context_window=0, max_tokens_per_type=300, batch_size=32, seed=1, num_middle_layers=3, output_dir=rq2_train_scripts/Embeddings/EXTENDED/outputs/mptc_extended/mbert/config_4_clstrue_ctxtrue_hybfalse/tokens_300_ctx0
2025-08-24 11:49:12,153 - INFO - mbert: selected layer indices (hidden_states) = [2, 3, 10, 12]
2025-08-24 11:49:13,144 - INFO - Processing run
2025-08-24 11:49:13,601 - INFO - Processing bam
2025-08-24 11:49:13,690 - INFO - Processing bbj
2025-08-24 11:49:13,766 - INFO - Processing ewe
2025-08-24 11:49:13,832 - INFO - Processing fon
2025-08-24 11:49:13,922 - INFO - Processing hau
2025-08-24 11:49:13,994 - INFO - Processing ibo
2025-08-24 11:49:14,093 - INFO - Processing kin
2025-08-24 11:49:14,174 - INFO - Processing lug
2025-08-24 11:49:14,243 - INFO - Processing luo
2025-08-24 11:49:14,314 - INFO - Processing mos
2025-08-24 11:49:14,384 - INFO - Processing nya
2025-08-24 11:49:14,464 - INFO - Processing pcm
2025-08-24 11:49:14,532 - INFO - Processing sna
2025-08-24 11:49:14,618 - INFO - Processing swa
2025-08-24 11:49:14,697 - INFO - Processing tsn
2025-08-24 11:49:14,764 - INFO - Processing twi
2025-08-24 11:49:14,835 - INFO - Processing wol
2025-08-24 11:49:14,940 - INFO - Processing xho
2025-08-24 11:49:15,004 - INFO - Processing yor
2025-08-24 11:49:15,160 - INFO - Processing zul
2025-08-24 11:49:15,465 - INFO - Layer 2 (mbert) — Top 5
2025-08-24 11:49:15,465 - INFO - 1. ibo: r=0.9999
2025-08-24 11:49:15,465 - INFO - 2. kin: r=0.9999
2025-08-24 11:49:15,465 - INFO - 3. zul: r=0.9999
2025-08-24 11:49:15,465 - INFO - 4. wol: r=0.9999
2025-08-24 11:49:15,465 - INFO - 5. nya: r=0.9999
2025-08-24 11:49:15,465 - INFO - Layer 2 (mbert) — Worst 5
2025-08-24 11:49:15,465 - INFO - 1. bbj: r=0.9992
2025-08-24 11:49:15,465 - INFO - 2. ewe: r=0.9993
2025-08-24 11:49:15,465 - INFO - 3. pcm: r=0.9997
2025-08-24 11:49:15,465 - INFO - 4. twi: r=0.9998
2025-08-24 11:49:15,465 - INFO - 5. mos: r=0.9998
2025-08-24 11:49:15,609 - INFO - Layer 3 (mbert) — Top 5
2025-08-24 11:49:15,609 - INFO - 1. ibo: r=1.0000
2025-08-24 11:49:15,609 - INFO - 2. kin: r=1.0000
2025-08-24 11:49:15,609 - INFO - 3. wol: r=1.0000
2025-08-24 11:49:15,609 - INFO - 4. nya: r=1.0000
2025-08-24 11:49:15,609 - INFO - 5. zul: r=1.0000
2025-08-24 11:49:15,609 - INFO - Layer 3 (mbert) — Worst 5
2025-08-24 11:49:15,609 - INFO - 1. bbj: r=0.9998
2025-08-24 11:49:15,609 - INFO - 2. ewe: r=0.9999
2025-08-24 11:49:15,609 - INFO - 3. pcm: r=0.9999
2025-08-24 11:49:15,609 - INFO - 4. twi: r=0.9999
2025-08-24 11:49:15,609 - INFO - 5. mos: r=1.0000
2025-08-24 11:49:15,727 - INFO - Layer 10 (mbert) — Top 5
2025-08-24 11:49:15,727 - INFO - 1. twi: r=0.9841
2025-08-24 11:49:15,727 - INFO - 2. kin: r=0.9841
2025-08-24 11:49:15,727 - INFO - 3. luo: r=0.9839
2025-08-24 11:49:15,727 - INFO - 4. sna: r=0.9821
2025-08-24 11:49:15,727 - INFO - 5. swa: r=0.9820
2025-08-24 11:49:15,727 - INFO - Layer 10 (mbert) — Worst 5
2025-08-24 11:49:15,727 - INFO - 1. yor: r=0.9623
2025-08-24 11:49:15,727 - INFO - 2. bbj: r=0.9638
2025-08-24 11:49:15,727 - INFO - 3. pcm: r=0.9700
2025-08-24 11:49:15,727 - INFO - 4. fon: r=0.9708
2025-08-24 11:49:15,727 - INFO - 5. mos: r=0.9710
2025-08-24 11:49:15,848 - INFO - Layer 12 (mbert) — Top 5
2025-08-24 11:49:15,848 - INFO - 1. kin: r=0.9630
2025-08-24 11:49:15,849 - INFO - 2. lug: r=0.9583
2025-08-24 11:49:15,849 - INFO - 3. luo: r=0.9566
2025-08-24 11:49:15,849 - INFO - 4. twi: r=0.9559
2025-08-24 11:49:15,849 - INFO - 5. swa: r=0.9527
2025-08-24 11:49:15,849 - INFO - Layer 12 (mbert) — Worst 5
2025-08-24 11:49:15,849 - INFO - 1. yor: r=0.8906
2025-08-24 11:49:15,849 - INFO - 2. bbj: r=0.8970
2025-08-24 11:49:15,849 - INFO - 3. pcm: r=0.9134
2025-08-24 11:49:15,849 - INFO - 4. mos: r=0.9230
2025-08-24 11:49:15,849 - INFO - 5. fon: r=0.9247
2025-08-24 11:49:15,850 - INFO - Experiment finished successfully.
