2025-08-27 18:35:06,903 - INFO - Start: model_type=mbert, use_cls=True, use_context=True, context_window=3, max_tokens_per_type=400, batch_size=64, output_dir=rq2_train_scripts/Embeddings/CLEAN/outputs/mptc/mbert/config_3_clstrue_ctxtrue/tokens_400_ctx3/core, save_prototypes=False, seed=42, fp16=True, max_length=96, langs=all, layers=all, span_mode=bio, pool=mean, entity_tags={'LOC', 'ORG', 'PER', 'DATE'}, title_suffix='L=all, tokens=400, ctx=3, cls=true, fp16=true'
2025-08-27 18:35:08,479 - INFO - Processing run
2025-08-27 18:35:08,933 - INFO - Processing bam
2025-08-27 18:35:08,996 - INFO - Processing bbj
2025-08-27 18:35:09,046 - INFO - Processing ewe
2025-08-27 18:35:09,091 - INFO - Processing fon
2025-08-27 18:35:09,154 - INFO - Processing hau
2025-08-27 18:35:09,219 - INFO - Processing ibo
2025-08-27 18:35:09,313 - INFO - Processing kin
2025-08-27 18:35:09,383 - INFO - Processing lug
2025-08-27 18:35:09,446 - INFO - Processing luo
2025-08-27 18:35:09,513 - INFO - Processing mos
2025-08-27 18:35:09,587 - INFO - Processing nya
2025-08-27 18:35:09,683 - INFO - Processing pcm
2025-08-27 18:35:09,743 - INFO - Processing sna
2025-08-27 18:35:09,804 - INFO - Processing swa
2025-08-27 18:35:09,871 - INFO - Processing tsn
2025-08-27 18:35:09,919 - INFO - Processing twi
2025-08-27 18:35:09,981 - INFO - Processing wol
2025-08-27 18:35:10,049 - INFO - Processing xho
2025-08-27 18:35:10,099 - INFO - Processing yor
2025-08-27 18:35:10,185 - INFO - Processing zul
2025-08-27 18:35:10,603 - INFO - === Layer 1 (mbert) — Top 5 (cosine) ===
2025-08-27 18:35:10,604 - INFO - 1. xho: cos=0.9997
2025-08-27 18:35:10,604 - INFO - 2. zul: cos=0.9996
2025-08-27 18:35:10,604 - INFO - 3. lug: cos=0.9996
2025-08-27 18:35:10,604 - INFO - 4. luo: cos=0.9996
2025-08-27 18:35:10,604 - INFO - 5. tsn: cos=0.9996
2025-08-27 18:35:10,604 - INFO - === Layer 1 (mbert) — Worst 5 (cosine) ===
2025-08-27 18:35:10,604 - INFO - 1. yor: cos=0.9985
2025-08-27 18:35:10,604 - INFO - 2. bbj: cos=0.9989
2025-08-27 18:35:10,604 - INFO - 3. pcm: cos=0.9990
2025-08-27 18:35:10,604 - INFO - 4. fon: cos=0.9990
2025-08-27 18:35:10,604 - INFO - 5. sna: cos=0.9993
2025-08-27 18:35:10,735 - INFO - === Layer 2 (mbert) — Top 5 (cosine) ===
2025-08-27 18:35:10,735 - INFO - 1. xho: cos=1.0000
2025-08-27 18:35:10,735 - INFO - 2. zul: cos=0.9999
2025-08-27 18:35:10,735 - INFO - 3. lug: cos=0.9999
2025-08-27 18:35:10,735 - INFO - 4. luo: cos=0.9999
2025-08-27 18:35:10,735 - INFO - 5. hau: cos=0.9999
2025-08-27 18:35:10,735 - INFO - === Layer 2 (mbert) — Worst 5 (cosine) ===
2025-08-27 18:35:10,735 - INFO - 1. yor: cos=0.9997
2025-08-27 18:35:10,735 - INFO - 2. fon: cos=0.9998
2025-08-27 18:35:10,735 - INFO - 3. bbj: cos=0.9998
2025-08-27 18:35:10,735 - INFO - 4. pcm: cos=0.9998
2025-08-27 18:35:10,735 - INFO - 5. sna: cos=0.9999
2025-08-27 18:35:10,866 - INFO - === Layer 3 (mbert) — Top 5 (cosine) ===
2025-08-27 18:35:10,866 - INFO - 1. xho: cos=1.0000
2025-08-27 18:35:10,867 - INFO - 2. lug: cos=1.0000
2025-08-27 18:35:10,867 - INFO - 3. zul: cos=1.0000
2025-08-27 18:35:10,867 - INFO - 4. hau: cos=1.0000
2025-08-27 18:35:10,867 - INFO - 5. nya: cos=1.0000
2025-08-27 18:35:10,867 - INFO - === Layer 3 (mbert) — Worst 5 (cosine) ===
2025-08-27 18:35:10,867 - INFO - 1. yor: cos=0.9999
2025-08-27 18:35:10,867 - INFO - 2. bbj: cos=0.9999
2025-08-27 18:35:10,867 - INFO - 3. pcm: cos=0.9999
2025-08-27 18:35:10,867 - INFO - 4. fon: cos=0.9999
2025-08-27 18:35:10,867 - INFO - 5. swa: cos=0.9999
2025-08-27 18:35:10,995 - INFO - === Layer 4 (mbert) — Top 5 (cosine) ===
2025-08-27 18:35:10,995 - INFO - 1. lug: cos=0.9999
2025-08-27 18:35:10,995 - INFO - 2. kin: cos=0.9999
2025-08-27 18:35:10,995 - INFO - 3. zul: cos=0.9999
2025-08-27 18:35:10,995 - INFO - 4. nya: cos=0.9999
2025-08-27 18:35:10,995 - INFO - 5. hau: cos=0.9999
2025-08-27 18:35:10,995 - INFO - === Layer 4 (mbert) — Worst 5 (cosine) ===
2025-08-27 18:35:10,995 - INFO - 1. yor: cos=0.9996
2025-08-27 18:35:10,995 - INFO - 2. pcm: cos=0.9996
2025-08-27 18:35:10,995 - INFO - 3. bbj: cos=0.9997
2025-08-27 18:35:10,996 - INFO - 4. fon: cos=0.9997
2025-08-27 18:35:10,996 - INFO - 5. ewe: cos=0.9998
2025-08-27 18:35:11,144 - INFO - === Layer 5 (mbert) — Top 5 (cosine) ===
2025-08-27 18:35:11,144 - INFO - 1. lug: cos=0.9907
2025-08-27 18:35:11,144 - INFO - 2. zul: cos=0.9899
2025-08-27 18:35:11,144 - INFO - 3. xho: cos=0.9894
2025-08-27 18:35:11,144 - INFO - 4. luo: cos=0.9892
2025-08-27 18:35:11,145 - INFO - 5. nya: cos=0.9885
2025-08-27 18:35:11,145 - INFO - === Layer 5 (mbert) — Worst 5 (cosine) ===
2025-08-27 18:35:11,145 - INFO - 1. bbj: cos=0.9629
2025-08-27 18:35:11,145 - INFO - 2. fon: cos=0.9682
2025-08-27 18:35:11,145 - INFO - 3. yor: cos=0.9718
2025-08-27 18:35:11,145 - INFO - 4. pcm: cos=0.9739
2025-08-27 18:35:11,145 - INFO - 5. mos: cos=0.9761
2025-08-27 18:35:11,343 - INFO - === Layer 6 (mbert) — Top 5 (cosine) ===
2025-08-27 18:35:11,344 - INFO - 1. lug: cos=0.9872
2025-08-27 18:35:11,344 - INFO - 2. xho: cos=0.9867
2025-08-27 18:35:11,344 - INFO - 3. zul: cos=0.9864
2025-08-27 18:35:11,344 - INFO - 4. luo: cos=0.9853
2025-08-27 18:35:11,344 - INFO - 5. tsn: cos=0.9824
2025-08-27 18:35:11,344 - INFO - === Layer 6 (mbert) — Worst 5 (cosine) ===
2025-08-27 18:35:11,344 - INFO - 1. bbj: cos=0.9519
2025-08-27 18:35:11,344 - INFO - 2. fon: cos=0.9547
2025-08-27 18:35:11,344 - INFO - 3. pcm: cos=0.9625
2025-08-27 18:35:11,344 - INFO - 4. bam: cos=0.9657
2025-08-27 18:35:11,344 - INFO - 5. sna: cos=0.9658
2025-08-27 18:35:11,472 - INFO - === Layer 7 (mbert) — Top 5 (cosine) ===
2025-08-27 18:35:11,472 - INFO - 1. xho: cos=0.9828
2025-08-27 18:35:11,472 - INFO - 2. hau: cos=0.9805
2025-08-27 18:35:11,472 - INFO - 3. tsn: cos=0.9796
2025-08-27 18:35:11,472 - INFO - 4. ibo: cos=0.9796
2025-08-27 18:35:11,472 - INFO - 5. luo: cos=0.9795
2025-08-27 18:35:11,472 - INFO - === Layer 7 (mbert) — Worst 5 (cosine) ===
2025-08-27 18:35:11,472 - INFO - 1. pcm: cos=0.9507
2025-08-27 18:35:11,472 - INFO - 2. swa: cos=0.9507
2025-08-27 18:35:11,473 - INFO - 3. fon: cos=0.9563
2025-08-27 18:35:11,473 - INFO - 4. bbj: cos=0.9595
2025-08-27 18:35:11,473 - INFO - 5. bam: cos=0.9602
2025-08-27 18:35:11,601 - INFO - === Layer 8 (mbert) — Top 5 (cosine) ===
2025-08-27 18:35:11,602 - INFO - 1. hau: cos=0.9510
2025-08-27 18:35:11,602 - INFO - 2. luo: cos=0.9488
2025-08-27 18:35:11,602 - INFO - 3. ibo: cos=0.9478
2025-08-27 18:35:11,602 - INFO - 4. tsn: cos=0.9459
2025-08-27 18:35:11,602 - INFO - 5. nya: cos=0.9435
2025-08-27 18:35:11,602 - INFO - === Layer 8 (mbert) — Worst 5 (cosine) ===
2025-08-27 18:35:11,602 - INFO - 1. pcm: cos=0.8993
2025-08-27 18:35:11,602 - INFO - 2. swa: cos=0.9043
2025-08-27 18:35:11,602 - INFO - 3. bbj: cos=0.9155
2025-08-27 18:35:11,602 - INFO - 4. fon: cos=0.9219
2025-08-27 18:35:11,602 - INFO - 5. ewe: cos=0.9241
2025-08-27 18:35:11,730 - INFO - === Layer 9 (mbert) — Top 5 (cosine) ===
2025-08-27 18:35:11,731 - INFO - 1. hau: cos=0.9812
2025-08-27 18:35:11,731 - INFO - 2. wol: cos=0.9803
2025-08-27 18:35:11,731 - INFO - 3. nya: cos=0.9801
2025-08-27 18:35:11,731 - INFO - 4. xho: cos=0.9784
2025-08-27 18:35:11,731 - INFO - 5. kin: cos=0.9769
2025-08-27 18:35:11,731 - INFO - === Layer 9 (mbert) — Worst 5 (cosine) ===
2025-08-27 18:35:11,731 - INFO - 1. swa: cos=0.9359
2025-08-27 18:35:11,731 - INFO - 2. pcm: cos=0.9364
2025-08-27 18:35:11,731 - INFO - 3. bbj: cos=0.9564
2025-08-27 18:35:11,731 - INFO - 4. ewe: cos=0.9607
2025-08-27 18:35:11,731 - INFO - 5. yor: cos=0.9625
2025-08-27 18:35:11,860 - INFO - === Layer 10 (mbert) — Top 5 (cosine) ===
2025-08-27 18:35:11,860 - INFO - 1. nya: cos=0.9827
2025-08-27 18:35:11,860 - INFO - 2. xho: cos=0.9805
2025-08-27 18:35:11,860 - INFO - 3. hau: cos=0.9804
2025-08-27 18:35:11,860 - INFO - 4. kin: cos=0.9796
2025-08-27 18:35:11,860 - INFO - 5. wol: cos=0.9792
2025-08-27 18:35:11,860 - INFO - === Layer 10 (mbert) — Worst 5 (cosine) ===
2025-08-27 18:35:11,860 - INFO - 1. pcm: cos=0.9424
2025-08-27 18:35:11,860 - INFO - 2. swa: cos=0.9469
2025-08-27 18:35:11,860 - INFO - 3. bbj: cos=0.9597
2025-08-27 18:35:11,860 - INFO - 4. yor: cos=0.9609
2025-08-27 18:35:11,860 - INFO - 5. ewe: cos=0.9653
2025-08-27 18:35:11,992 - INFO - === Layer 11 (mbert) — Top 5 (cosine) ===
2025-08-27 18:35:11,992 - INFO - 1. nya: cos=0.9876
2025-08-27 18:35:11,992 - INFO - 2. kin: cos=0.9860
2025-08-27 18:35:11,992 - INFO - 3. xho: cos=0.9855
2025-08-27 18:35:11,992 - INFO - 4. lug: cos=0.9855
2025-08-27 18:35:11,992 - INFO - 5. zul: cos=0.9845
2025-08-27 18:35:11,992 - INFO - === Layer 11 (mbert) — Worst 5 (cosine) ===
2025-08-27 18:35:11,992 - INFO - 1. pcm: cos=0.9511
2025-08-27 18:35:11,992 - INFO - 2. yor: cos=0.9582
2025-08-27 18:35:11,992 - INFO - 3. swa: cos=0.9623
2025-08-27 18:35:11,992 - INFO - 4. bbj: cos=0.9633
2025-08-27 18:35:11,992 - INFO - 5. ewe: cos=0.9724
2025-08-27 18:35:12,120 - INFO - === Layer 12 (mbert) — Top 5 (cosine) ===
2025-08-27 18:35:12,120 - INFO - 1. nya: cos=0.9830
2025-08-27 18:35:12,120 - INFO - 2. lug: cos=0.9801
2025-08-27 18:35:12,120 - INFO - 3. kin: cos=0.9800
2025-08-27 18:35:12,120 - INFO - 4. sna: cos=0.9794
2025-08-27 18:35:12,120 - INFO - 5. xho: cos=0.9786
2025-08-27 18:35:12,120 - INFO - === Layer 12 (mbert) — Worst 5 (cosine) ===
2025-08-27 18:35:12,120 - INFO - 1. bbj: cos=0.9086
2025-08-27 18:35:12,120 - INFO - 2. pcm: cos=0.9270
2025-08-27 18:35:12,120 - INFO - 3. fon: cos=0.9426
2025-08-27 18:35:12,120 - INFO - 4. yor: cos=0.9455
2025-08-27 18:35:12,120 - INFO - 5. bam: cos=0.9522
2025-08-27 18:35:12,121 - INFO - Experiment finished successfully.
