2025-08-02 20:01:51,246 - INFO - Experiment started with model_type=xlmr, use_cls=False, use_context=True, context_window=3, use_hybrid=False, max_tokens_per_type=400, output_dir=rq2_train_scripts/Embeddings/MEXA_inspired_strategy/outputs/combined/xlmr/config_2_clsfalse_ctxtrue_hybfalse/tokens_400_ctx3
2025-08-02 20:01:52,982 - INFO - Processing run
2025-08-02 20:01:56,881 - INFO - Processing bam
2025-08-02 20:02:00,278 - INFO - Processing bbj
2025-08-02 20:02:03,953 - INFO - Processing ewe
2025-08-02 20:02:07,606 - INFO - Processing fon
2025-08-02 20:02:11,260 - INFO - Processing hau
2025-08-02 20:02:14,938 - INFO - Processing ibo
2025-08-02 20:02:18,661 - INFO - Processing kin
2025-08-02 20:02:22,390 - INFO - Processing lug
2025-08-02 20:02:26,101 - INFO - Processing luo
2025-08-02 20:02:29,781 - INFO - Processing mos
2025-08-02 20:02:33,498 - INFO - Processing nya
2025-08-02 20:02:37,187 - INFO - Processing pcm
2025-08-02 20:02:40,862 - INFO - Processing sna
2025-08-02 20:02:44,566 - INFO - Processing swa
2025-08-02 20:02:48,258 - INFO - Processing tsn
2025-08-02 20:02:51,939 - INFO - Processing twi
2025-08-02 20:02:55,654 - INFO - Processing wol
2025-08-02 20:02:59,325 - INFO - Processing xho
2025-08-02 20:03:03,012 - INFO - Processing yor
2025-08-02 20:03:06,728 - INFO - Processing zul
2025-08-02 20:03:10,883 - INFO - Top 5 languages most similar to Runyankore:
2025-08-02 20:03:10,883 - INFO - 1. lug - Mean Similarity: 0.9996
2025-08-02 20:03:10,884 - INFO - 2. kin - Mean Similarity: 0.9994
2025-08-02 20:03:10,884 - INFO - 3. nya - Mean Similarity: 0.9994
2025-08-02 20:03:10,884 - INFO - 4. luo - Mean Similarity: 0.9993
2025-08-02 20:03:10,884 - INFO - 5. sna - Mean Similarity: 0.9993
2025-08-02 20:03:10,884 - INFO - Experiment finished successfully.
