2025-08-27 17:57:54,236 - INFO - Start: model_type=xlmr, use_cls=True, use_context=True, context_window=1, max_tokens_per_type=400, batch_size=64, output_dir=rq2_train_scripts/Embeddings/CLEAN/outputs/mptc/xlmr/config_3_clstrue_ctxtrue/tokens_400_ctx1/core, save_prototypes=False, seed=42, fp16=True, max_length=96, langs=all, layers=all, span_mode=bio, pool=mean, entity_tags={'ORG', 'LOC', 'DATE', 'PER'}, title_suffix='L=all, tokens=400, ctx=1, cls=true, fp16=true'
2025-08-27 17:57:56,497 - INFO - Processing run
2025-08-27 17:57:56,878 - INFO - Processing bam
2025-08-27 17:57:56,934 - INFO - Processing bbj
2025-08-27 17:57:56,983 - INFO - Processing ewe
2025-08-27 17:57:57,025 - INFO - Processing fon
2025-08-27 17:57:57,089 - INFO - Processing hau
2025-08-27 17:57:57,154 - INFO - Processing ibo
2025-08-27 17:57:57,248 - INFO - Processing kin
2025-08-27 17:57:57,313 - INFO - Processing lug
2025-08-27 17:57:57,373 - INFO - Processing luo
2025-08-27 17:57:57,443 - INFO - Processing mos
2025-08-27 17:57:57,530 - INFO - Processing nya
2025-08-27 17:57:57,596 - INFO - Processing pcm
2025-08-27 17:57:57,654 - INFO - Processing sna
2025-08-27 17:57:57,714 - INFO - Processing swa
2025-08-27 17:57:57,781 - INFO - Processing tsn
2025-08-27 17:57:57,828 - INFO - Processing twi
2025-08-27 17:57:57,885 - INFO - Processing wol
2025-08-27 17:57:57,951 - INFO - Processing xho
2025-08-27 17:57:57,996 - INFO - Processing yor
2025-08-27 17:57:58,074 - INFO - Processing zul
2025-08-27 17:57:58,567 - INFO - === Layer 1 (xlmr) — Top 5 (cosine) ===
2025-08-27 17:57:58,567 - INFO - 1. kin: cos=1.0000
2025-08-27 17:57:58,567 - INFO - 2. lug: cos=0.9999
2025-08-27 17:57:58,567 - INFO - 3. tsn: cos=0.9999
2025-08-27 17:57:58,567 - INFO - 4. sna: cos=0.9999
2025-08-27 17:57:58,567 - INFO - 5. pcm: cos=0.9999
2025-08-27 17:57:58,567 - INFO - === Layer 1 (xlmr) — Worst 5 (cosine) ===
2025-08-27 17:57:58,567 - INFO - 1. fon: cos=0.9996
2025-08-27 17:57:58,567 - INFO - 2. bam: cos=0.9997
2025-08-27 17:57:58,567 - INFO - 3. ibo: cos=0.9998
2025-08-27 17:57:58,567 - INFO - 4. hau: cos=0.9998
2025-08-27 17:57:58,567 - INFO - 5. wol: cos=0.9998
2025-08-27 17:57:58,697 - INFO - === Layer 2 (xlmr) — Top 5 (cosine) ===
2025-08-27 17:57:58,697 - INFO - 1. kin: cos=1.0000
2025-08-27 17:57:58,697 - INFO - 2. tsn: cos=1.0000
2025-08-27 17:57:58,697 - INFO - 3. nya: cos=1.0000
2025-08-27 17:57:58,697 - INFO - 4. lug: cos=1.0000
2025-08-27 17:57:58,697 - INFO - 5. sna: cos=1.0000
2025-08-27 17:57:58,697 - INFO - === Layer 2 (xlmr) — Worst 5 (cosine) ===
2025-08-27 17:57:58,697 - INFO - 1. fon: cos=1.0000
2025-08-27 17:57:58,697 - INFO - 2. bam: cos=1.0000
2025-08-27 17:57:58,697 - INFO - 3. hau: cos=1.0000
2025-08-27 17:57:58,697 - INFO - 4. ibo: cos=1.0000
2025-08-27 17:57:58,697 - INFO - 5. mos: cos=1.0000
2025-08-27 17:57:58,831 - INFO - === Layer 3 (xlmr) — Top 5 (cosine) ===
2025-08-27 17:57:58,831 - INFO - 1. kin: cos=1.0000
2025-08-27 17:57:58,831 - INFO - 2. zul: cos=1.0000
2025-08-27 17:57:58,831 - INFO - 3. xho: cos=1.0000
2025-08-27 17:57:58,831 - INFO - 4. lug: cos=1.0000
2025-08-27 17:57:58,831 - INFO - 5. sna: cos=1.0000
2025-08-27 17:57:58,831 - INFO - === Layer 3 (xlmr) — Worst 5 (cosine) ===
2025-08-27 17:57:58,831 - INFO - 1. pcm: cos=1.0000
2025-08-27 17:57:58,831 - INFO - 2. swa: cos=1.0000
2025-08-27 17:57:58,831 - INFO - 3. fon: cos=1.0000
2025-08-27 17:57:58,831 - INFO - 4. tsn: cos=1.0000
2025-08-27 17:57:58,831 - INFO - 5. ewe: cos=1.0000
2025-08-27 17:57:58,964 - INFO - === Layer 4 (xlmr) — Top 5 (cosine) ===
2025-08-27 17:57:58,964 - INFO - 1. kin: cos=1.0000
2025-08-27 17:57:58,964 - INFO - 2. xho: cos=1.0000
2025-08-27 17:57:58,964 - INFO - 3. zul: cos=1.0000
2025-08-27 17:57:58,964 - INFO - 4. lug: cos=1.0000
2025-08-27 17:57:58,964 - INFO - 5. ibo: cos=1.0000
2025-08-27 17:57:58,964 - INFO - === Layer 4 (xlmr) — Worst 5 (cosine) ===
2025-08-27 17:57:58,964 - INFO - 1. swa: cos=1.0000
2025-08-27 17:57:58,964 - INFO - 2. pcm: cos=1.0000
2025-08-27 17:57:58,964 - INFO - 3. ewe: cos=1.0000
2025-08-27 17:57:58,964 - INFO - 4. wol: cos=1.0000
2025-08-27 17:57:58,964 - INFO - 5. hau: cos=1.0000
2025-08-27 17:57:59,096 - INFO - === Layer 5 (xlmr) — Top 5 (cosine) ===
2025-08-27 17:57:59,096 - INFO - 1. nya: cos=1.0000
2025-08-27 17:57:59,096 - INFO - 2. kin: cos=1.0000
2025-08-27 17:57:59,096 - INFO - 3. zul: cos=1.0000
2025-08-27 17:57:59,096 - INFO - 4. lug: cos=1.0000
2025-08-27 17:57:59,096 - INFO - 5. xho: cos=1.0000
2025-08-27 17:57:59,096 - INFO - === Layer 5 (xlmr) — Worst 5 (cosine) ===
2025-08-27 17:57:59,096 - INFO - 1. fon: cos=1.0000
2025-08-27 17:57:59,096 - INFO - 2. hau: cos=1.0000
2025-08-27 17:57:59,096 - INFO - 3. pcm: cos=1.0000
2025-08-27 17:57:59,096 - INFO - 4. mos: cos=1.0000
2025-08-27 17:57:59,096 - INFO - 5. twi: cos=1.0000
2025-08-27 17:57:59,228 - INFO - === Layer 6 (xlmr) — Top 5 (cosine) ===
2025-08-27 17:57:59,228 - INFO - 1. nya: cos=1.0000
2025-08-27 17:57:59,228 - INFO - 2. kin: cos=1.0000
2025-08-27 17:57:59,228 - INFO - 3. zul: cos=1.0000
2025-08-27 17:57:59,228 - INFO - 4. lug: cos=1.0000
2025-08-27 17:57:59,228 - INFO - 5. xho: cos=1.0000
2025-08-27 17:57:59,228 - INFO - === Layer 6 (xlmr) — Worst 5 (cosine) ===
2025-08-27 17:57:59,228 - INFO - 1. fon: cos=1.0000
2025-08-27 17:57:59,228 - INFO - 2. hau: cos=1.0000
2025-08-27 17:57:59,228 - INFO - 3. bbj: cos=1.0000
2025-08-27 17:57:59,228 - INFO - 4. pcm: cos=1.0000
2025-08-27 17:57:59,228 - INFO - 5. mos: cos=1.0000
2025-08-27 17:57:59,359 - INFO - === Layer 7 (xlmr) — Top 5 (cosine) ===
2025-08-27 17:57:59,359 - INFO - 1. zul: cos=1.0000
2025-08-27 17:57:59,359 - INFO - 2. tsn: cos=1.0000
2025-08-27 17:57:59,359 - INFO - 3. xho: cos=1.0000
2025-08-27 17:57:59,359 - INFO - 4. luo: cos=1.0000
2025-08-27 17:57:59,359 - INFO - 5. ibo: cos=1.0000
2025-08-27 17:57:59,359 - INFO - === Layer 7 (xlmr) — Worst 5 (cosine) ===
2025-08-27 17:57:59,359 - INFO - 1. fon: cos=1.0000
2025-08-27 17:57:59,359 - INFO - 2. hau: cos=1.0000
2025-08-27 17:57:59,359 - INFO - 3. twi: cos=1.0000
2025-08-27 17:57:59,359 - INFO - 4. lug: cos=1.0000
2025-08-27 17:57:59,359 - INFO - 5. bbj: cos=1.0000
2025-08-27 17:57:59,567 - INFO - === Layer 8 (xlmr) — Top 5 (cosine) ===
2025-08-27 17:57:59,567 - INFO - 1. kin: cos=1.0000
2025-08-27 17:57:59,567 - INFO - 2. nya: cos=1.0000
2025-08-27 17:57:59,567 - INFO - 3. xho: cos=1.0000
2025-08-27 17:57:59,567 - INFO - 4. ibo: cos=1.0000
2025-08-27 17:57:59,567 - INFO - 5. sna: cos=1.0000
2025-08-27 17:57:59,567 - INFO - === Layer 8 (xlmr) — Worst 5 (cosine) ===
2025-08-27 17:57:59,567 - INFO - 1. hau: cos=0.9999
2025-08-27 17:57:59,567 - INFO - 2. pcm: cos=1.0000
2025-08-27 17:57:59,567 - INFO - 3. bam: cos=1.0000
2025-08-27 17:57:59,567 - INFO - 4. ewe: cos=1.0000
2025-08-27 17:57:59,567 - INFO - 5. bbj: cos=1.0000
2025-08-27 17:57:59,696 - INFO - === Layer 9 (xlmr) — Top 5 (cosine) ===
2025-08-27 17:57:59,696 - INFO - 1. kin: cos=1.0000
2025-08-27 17:57:59,696 - INFO - 2. yor: cos=1.0000
2025-08-27 17:57:59,696 - INFO - 3. nya: cos=1.0000
2025-08-27 17:57:59,696 - INFO - 4. luo: cos=1.0000
2025-08-27 17:57:59,696 - INFO - 5. xho: cos=1.0000
2025-08-27 17:57:59,697 - INFO - === Layer 9 (xlmr) — Worst 5 (cosine) ===
2025-08-27 17:57:59,697 - INFO - 1. hau: cos=1.0000
2025-08-27 17:57:59,697 - INFO - 2. pcm: cos=1.0000
2025-08-27 17:57:59,697 - INFO - 3. bam: cos=1.0000
2025-08-27 17:57:59,697 - INFO - 4. twi: cos=1.0000
2025-08-27 17:57:59,697 - INFO - 5. fon: cos=1.0000
2025-08-27 17:57:59,824 - INFO - === Layer 10 (xlmr) — Top 5 (cosine) ===
2025-08-27 17:57:59,824 - INFO - 1. zul: cos=1.0000
2025-08-27 17:57:59,824 - INFO - 2. ewe: cos=1.0000
2025-08-27 17:57:59,824 - INFO - 3. fon: cos=1.0000
2025-08-27 17:57:59,824 - INFO - 4. twi: cos=1.0000
2025-08-27 17:57:59,824 - INFO - 5. mos: cos=1.0000
2025-08-27 17:57:59,824 - INFO - === Layer 10 (xlmr) — Worst 5 (cosine) ===
2025-08-27 17:57:59,824 - INFO - 1. lug: cos=1.0000
2025-08-27 17:57:59,824 - INFO - 2. bbj: cos=1.0000
2025-08-27 17:57:59,824 - INFO - 3. hau: cos=1.0000
2025-08-27 17:57:59,824 - INFO - 4. bam: cos=1.0000
2025-08-27 17:57:59,824 - INFO - 5. tsn: cos=1.0000
2025-08-27 17:57:59,952 - INFO - === Layer 11 (xlmr) — Top 5 (cosine) ===
2025-08-27 17:57:59,952 - INFO - 1. xho: cos=1.0000
2025-08-27 17:57:59,952 - INFO - 2. ibo: cos=1.0000
2025-08-27 17:57:59,952 - INFO - 3. twi: cos=1.0000
2025-08-27 17:57:59,952 - INFO - 4. ewe: cos=1.0000
2025-08-27 17:57:59,952 - INFO - 5. mos: cos=1.0000
2025-08-27 17:57:59,952 - INFO - === Layer 11 (xlmr) — Worst 5 (cosine) ===
2025-08-27 17:57:59,952 - INFO - 1. luo: cos=0.9999
2025-08-27 17:57:59,952 - INFO - 2. nya: cos=0.9999
2025-08-27 17:57:59,952 - INFO - 3. yor: cos=0.9999
2025-08-27 17:57:59,952 - INFO - 4. lug: cos=0.9999
2025-08-27 17:57:59,952 - INFO - 5. pcm: cos=0.9999
2025-08-27 17:58:00,084 - INFO - === Layer 12 (xlmr) — Top 5 (cosine) ===
2025-08-27 17:58:00,084 - INFO - 1. yor: cos=0.9992
2025-08-27 17:58:00,084 - INFO - 2. sna: cos=0.9979
2025-08-27 17:58:00,084 - INFO - 3. fon: cos=0.9978
2025-08-27 17:58:00,084 - INFO - 4. swa: cos=0.9977
2025-08-27 17:58:00,084 - INFO - 5. wol: cos=0.9977
2025-08-27 17:58:00,084 - INFO - === Layer 12 (xlmr) — Worst 5 (cosine) ===
2025-08-27 17:58:00,084 - INFO - 1. zul: cos=0.9902
2025-08-27 17:58:00,084 - INFO - 2. xho: cos=0.9944
2025-08-27 17:58:00,084 - INFO - 3. tsn: cos=0.9951
2025-08-27 17:58:00,084 - INFO - 4. kin: cos=0.9957
2025-08-27 17:58:00,084 - INFO - 5. ibo: cos=0.9970
2025-08-27 17:58:00,085 - INFO - Experiment finished successfully.
