2025-08-24 11:37:41,179 - INFO - Start: model_type=xlmr, run_both=False, use_cls=True, use_context=True, context_window=1, max_tokens_per_type=400, batch_size=32, seed=1, num_middle_layers=3, output_dir=rq2_train_scripts/Embeddings/EXTENDED/outputs/mptc_extended/xlmr/config_7_clstrue_ctxtrue_hybtrue/tokens_400_ctx1
2025-08-24 11:37:41,721 - INFO - xlmr: selected layer indices (hidden_states) = [2, 3, 10, 12]
2025-08-24 11:37:43,519 - INFO - Processing run
2025-08-24 11:37:43,953 - INFO - Processing bam
2025-08-24 11:37:44,070 - INFO - Processing bbj
2025-08-24 11:37:44,179 - INFO - Processing ewe
2025-08-24 11:37:44,269 - INFO - Processing fon
2025-08-24 11:37:44,379 - INFO - Processing hau
2025-08-24 11:37:44,476 - INFO - Processing ibo
2025-08-24 11:37:44,611 - INFO - Processing kin
2025-08-24 11:37:44,762 - INFO - Processing lug
2025-08-24 11:37:44,853 - INFO - Processing luo
2025-08-24 11:37:45,006 - INFO - Processing mos
2025-08-24 11:37:45,102 - INFO - Processing nya
2025-08-24 11:37:45,251 - INFO - Processing pcm
2025-08-24 11:37:45,339 - INFO - Processing sna
2025-08-24 11:37:45,444 - INFO - Processing swa
2025-08-24 11:37:45,540 - INFO - Processing tsn
2025-08-24 11:37:45,650 - INFO - Processing twi
2025-08-24 11:37:45,789 - INFO - Processing wol
2025-08-24 11:37:45,928 - INFO - Processing xho
2025-08-24 11:37:46,083 - INFO - Processing yor
2025-08-24 11:37:46,249 - INFO - Processing zul
2025-08-24 11:37:46,715 - INFO - Layer 2 (xlmr) — Top 5
2025-08-24 11:37:46,715 - INFO - 1. tsn: r=1.0000
2025-08-24 11:37:46,715 - INFO - 2. nya: r=1.0000
2025-08-24 11:37:46,715 - INFO - 3. kin: r=1.0000
2025-08-24 11:37:46,715 - INFO - 4. lug: r=1.0000
2025-08-24 11:37:46,715 - INFO - 5. swa: r=1.0000
2025-08-24 11:37:46,715 - INFO - Layer 2 (xlmr) — Worst 5
2025-08-24 11:37:46,715 - INFO - 1. bam: r=1.0000
2025-08-24 11:37:46,715 - INFO - 2. fon: r=1.0000
2025-08-24 11:37:46,715 - INFO - 3. yor: r=1.0000
2025-08-24 11:37:46,715 - INFO - 4. mos: r=1.0000
2025-08-24 11:37:46,715 - INFO - 5. hau: r=1.0000
2025-08-24 11:37:46,835 - INFO - Layer 3 (xlmr) — Top 5
2025-08-24 11:37:46,836 - INFO - 1. kin: r=1.0000
2025-08-24 11:37:46,836 - INFO - 2. xho: r=1.0000
2025-08-24 11:37:46,836 - INFO - 3. nya: r=1.0000
2025-08-24 11:37:46,836 - INFO - 4. lug: r=1.0000
2025-08-24 11:37:46,836 - INFO - 5. twi: r=1.0000
2025-08-24 11:37:46,836 - INFO - Layer 3 (xlmr) — Worst 5
2025-08-24 11:37:46,836 - INFO - 1. pcm: r=1.0000
2025-08-24 11:37:46,836 - INFO - 2. fon: r=1.0000
2025-08-24 11:37:46,836 - INFO - 3. swa: r=1.0000
2025-08-24 11:37:46,836 - INFO - 4. bam: r=1.0000
2025-08-24 11:37:46,836 - INFO - 5. bbj: r=1.0000
2025-08-24 11:37:46,956 - INFO - Layer 10 (xlmr) — Top 5
2025-08-24 11:37:46,956 - INFO - 1. zul: r=1.0000
2025-08-24 11:37:46,956 - INFO - 2. xho: r=1.0000
2025-08-24 11:37:46,956 - INFO - 3. kin: r=1.0000
2025-08-24 11:37:46,956 - INFO - 4. nya: r=1.0000
2025-08-24 11:37:46,956 - INFO - 5. hau: r=1.0000
2025-08-24 11:37:46,956 - INFO - Layer 10 (xlmr) — Worst 5
2025-08-24 11:37:46,956 - INFO - 1. bam: r=1.0000
2025-08-24 11:37:46,956 - INFO - 2. pcm: r=1.0000
2025-08-24 11:37:46,956 - INFO - 3. fon: r=1.0000
2025-08-24 11:37:46,956 - INFO - 4. mos: r=1.0000
2025-08-24 11:37:46,956 - INFO - 5. bbj: r=1.0000
2025-08-24 11:37:47,076 - INFO - Layer 12 (xlmr) — Top 5
2025-08-24 11:37:47,076 - INFO - 1. zul: r=0.9945
2025-08-24 11:37:47,076 - INFO - 2. xho: r=0.9937
2025-08-24 11:37:47,076 - INFO - 3. nya: r=0.9935
2025-08-24 11:37:47,076 - INFO - 4. yor: r=0.9927
2025-08-24 11:37:47,076 - INFO - 5. tsn: r=0.9926
2025-08-24 11:37:47,076 - INFO - Layer 12 (xlmr) — Worst 5
2025-08-24 11:37:47,076 - INFO - 1. bam: r=0.9903
2025-08-24 11:37:47,076 - INFO - 2. mos: r=0.9905
2025-08-24 11:37:47,076 - INFO - 3. kin: r=0.9906
2025-08-24 11:37:47,076 - INFO - 4. bbj: r=0.9906
2025-08-24 11:37:47,076 - INFO - 5. luo: r=0.9907
2025-08-24 11:37:47,077 - INFO - Experiment finished successfully.
