2025-08-02 16:22:44,909 - INFO - Experiment started with model_type=xlmr, use_cls=False, use_context=True, context_window=3, use_hybrid=False, max_tokens_per_type=500, output_dir=rq2_train_scripts/Embeddings/MEXA_inspired_strategy/outputs/salt/xlmr/config_2_clsfalse_ctxtrue_hybfalse/tokens_500_ctx3
2025-08-02 16:22:47,184 - INFO - Processing run
2025-08-02 16:22:59,849 - INFO - Processing bam
2025-08-02 16:23:12,594 - INFO - Processing bbj
2025-08-02 16:23:27,631 - INFO - Processing ewe
2025-08-02 16:23:42,583 - INFO - Processing fon
2025-08-02 16:23:57,100 - INFO - Processing hau
2025-08-02 16:24:12,443 - INFO - Processing ibo
2025-08-02 16:24:27,098 - INFO - Processing kin
2025-08-02 16:24:41,290 - INFO - Processing lug
2025-08-02 16:24:55,518 - INFO - Processing luo
2025-08-02 16:25:09,544 - INFO - Processing mos
2025-08-02 16:25:24,090 - INFO - Processing nya
2025-08-02 16:25:38,741 - INFO - Processing pcm
2025-08-02 16:25:52,206 - INFO - Processing sna
2025-08-02 16:26:06,337 - INFO - Processing swa
2025-08-02 16:26:21,388 - INFO - Processing tsn
2025-08-02 16:26:36,358 - INFO - Processing twi
2025-08-02 16:26:50,554 - INFO - Processing wol
2025-08-02 16:27:04,591 - INFO - Processing xho
2025-08-02 16:27:19,123 - INFO - Processing yor
2025-08-02 16:27:33,111 - INFO - Processing zul
2025-08-02 16:27:47,405 - INFO - Top 5 languages most similar to Runyankore:
2025-08-02 16:27:47,406 - INFO - 1. lug - Mean Similarity: 0.9996
2025-08-02 16:27:47,406 - INFO - 2. kin - Mean Similarity: 0.9995
2025-08-02 16:27:47,406 - INFO - 3. nya - Mean Similarity: 0.9994
2025-08-02 16:27:47,406 - INFO - 4. luo - Mean Similarity: 0.9994
2025-08-02 16:27:47,406 - INFO - 5. sna - Mean Similarity: 0.9993
2025-08-02 16:27:47,406 - INFO - Experiment finished successfully.
