2025-08-27 10:06:52,372 - INFO - Start: model_type=xlmr, use_cls=True, use_context=True, context_window=0, max_tokens_per_type=500, batch_size=64, output_dir=rq2_train_scripts/Embeddings/CLEAN/outputs/combined/xlmr/config_3_clstrue_ctxtrue/tokens_500_ctx0/core, save_prototypes=False, seed=42, fp16=True, max_length=96, langs=all, layers=all, span_mode=bio, pool=mean, entity_tags={'ORG', 'DATE', 'PER', 'LOC'}, title_suffix='L=all, tokens=500, ctx=0, cls=true, fp16=true'
2025-08-27 10:06:54,316 - INFO - Processing run
2025-08-27 10:06:54,801 - INFO - Processing bam
2025-08-27 10:06:54,894 - INFO - Processing bbj
2025-08-27 10:06:54,957 - INFO - Processing ewe
2025-08-27 10:06:55,007 - INFO - Processing fon
2025-08-27 10:06:55,068 - INFO - Processing hau
2025-08-27 10:06:55,142 - INFO - Processing ibo
2025-08-27 10:06:55,236 - INFO - Processing kin
2025-08-27 10:06:55,306 - INFO - Processing lug
2025-08-27 10:06:55,364 - INFO - Processing luo
2025-08-27 10:06:55,429 - INFO - Processing mos
2025-08-27 10:06:55,499 - INFO - Processing nya
2025-08-27 10:06:55,569 - INFO - Processing pcm
2025-08-27 10:06:55,631 - INFO - Processing sna
2025-08-27 10:06:55,687 - INFO - Processing swa
2025-08-27 10:06:55,756 - INFO - Processing tsn
2025-08-27 10:06:55,808 - INFO - Processing twi
2025-08-27 10:06:55,872 - INFO - Processing wol
2025-08-27 10:06:55,933 - INFO - Processing xho
2025-08-27 10:06:55,990 - INFO - Processing yor
2025-08-27 10:06:56,112 - INFO - Processing zul
2025-08-27 10:06:56,591 - INFO - === Layer 1 (xlmr) — Top 5 (cosine) ===
2025-08-27 10:06:56,591 - INFO - 1. kin: cos=0.9999
2025-08-27 10:06:56,591 - INFO - 2. twi: cos=0.9999
2025-08-27 10:06:56,591 - INFO - 3. luo: cos=0.9999
2025-08-27 10:06:56,591 - INFO - 4. ibo: cos=0.9999
2025-08-27 10:06:56,591 - INFO - 5. nya: cos=0.9998
2025-08-27 10:06:56,591 - INFO - === Layer 1 (xlmr) — Worst 5 (cosine) ===
2025-08-27 10:06:56,591 - INFO - 1. hau: cos=0.9995
2025-08-27 10:06:56,591 - INFO - 2. bam: cos=0.9995
2025-08-27 10:06:56,591 - INFO - 3. xho: cos=0.9995
2025-08-27 10:06:56,591 - INFO - 4. fon: cos=0.9995
2025-08-27 10:06:56,591 - INFO - 5. pcm: cos=0.9995
2025-08-27 10:06:56,724 - INFO - === Layer 2 (xlmr) — Top 5 (cosine) ===
2025-08-27 10:06:56,724 - INFO - 1. kin: cos=1.0000
2025-08-27 10:06:56,724 - INFO - 2. luo: cos=1.0000
2025-08-27 10:06:56,724 - INFO - 3. twi: cos=1.0000
2025-08-27 10:06:56,724 - INFO - 4. ibo: cos=1.0000
2025-08-27 10:06:56,724 - INFO - 5. nya: cos=1.0000
2025-08-27 10:06:56,724 - INFO - === Layer 2 (xlmr) — Worst 5 (cosine) ===
2025-08-27 10:06:56,724 - INFO - 1. pcm: cos=0.9999
2025-08-27 10:06:56,724 - INFO - 2. bam: cos=0.9999
2025-08-27 10:06:56,724 - INFO - 3. bbj: cos=0.9999
2025-08-27 10:06:56,724 - INFO - 4. hau: cos=0.9999
2025-08-27 10:06:56,724 - INFO - 5. xho: cos=0.9999
2025-08-27 10:06:56,855 - INFO - === Layer 3 (xlmr) — Top 5 (cosine) ===
2025-08-27 10:06:56,855 - INFO - 1. luo: cos=1.0000
2025-08-27 10:06:56,855 - INFO - 2. kin: cos=1.0000
2025-08-27 10:06:56,855 - INFO - 3. twi: cos=1.0000
2025-08-27 10:06:56,855 - INFO - 4. hau: cos=1.0000
2025-08-27 10:06:56,855 - INFO - 5. zul: cos=1.0000
2025-08-27 10:06:56,855 - INFO - === Layer 3 (xlmr) — Worst 5 (cosine) ===
2025-08-27 10:06:56,855 - INFO - 1. pcm: cos=1.0000
2025-08-27 10:06:56,855 - INFO - 2. swa: cos=1.0000
2025-08-27 10:06:56,855 - INFO - 3. bbj: cos=1.0000
2025-08-27 10:06:56,855 - INFO - 4. nya: cos=1.0000
2025-08-27 10:06:56,855 - INFO - 5. fon: cos=1.0000
2025-08-27 10:06:56,978 - INFO - === Layer 4 (xlmr) — Top 5 (cosine) ===
2025-08-27 10:06:56,979 - INFO - 1. kin: cos=1.0000
2025-08-27 10:06:56,979 - INFO - 2. twi: cos=1.0000
2025-08-27 10:06:56,979 - INFO - 3. luo: cos=1.0000
2025-08-27 10:06:56,979 - INFO - 4. sna: cos=1.0000
2025-08-27 10:06:56,979 - INFO - 5. zul: cos=1.0000
2025-08-27 10:06:56,979 - INFO - === Layer 4 (xlmr) — Worst 5 (cosine) ===
2025-08-27 10:06:56,979 - INFO - 1. yor: cos=1.0000
2025-08-27 10:06:56,979 - INFO - 2. hau: cos=1.0000
2025-08-27 10:06:56,979 - INFO - 3. bam: cos=1.0000
2025-08-27 10:06:56,979 - INFO - 4. pcm: cos=1.0000
2025-08-27 10:06:56,979 - INFO - 5. wol: cos=1.0000
2025-08-27 10:06:57,126 - INFO - === Layer 5 (xlmr) — Top 5 (cosine) ===
2025-08-27 10:06:57,126 - INFO - 1. twi: cos=1.0000
2025-08-27 10:06:57,126 - INFO - 2. kin: cos=1.0000
2025-08-27 10:06:57,126 - INFO - 3. luo: cos=1.0000
2025-08-27 10:06:57,126 - INFO - 4. zul: cos=1.0000
2025-08-27 10:06:57,126 - INFO - 5. ibo: cos=1.0000
2025-08-27 10:06:57,126 - INFO - === Layer 5 (xlmr) — Worst 5 (cosine) ===
2025-08-27 10:06:57,126 - INFO - 1. hau: cos=1.0000
2025-08-27 10:06:57,126 - INFO - 2. pcm: cos=1.0000
2025-08-27 10:06:57,126 - INFO - 3. fon: cos=1.0000
2025-08-27 10:06:57,126 - INFO - 4. nya: cos=1.0000
2025-08-27 10:06:57,126 - INFO - 5. lug: cos=1.0000
2025-08-27 10:06:57,262 - INFO - === Layer 6 (xlmr) — Top 5 (cosine) ===
2025-08-27 10:06:57,269 - INFO - 1. twi: cos=1.0000
2025-08-27 10:06:57,269 - INFO - 2. kin: cos=1.0000
2025-08-27 10:06:57,269 - INFO - 3. luo: cos=1.0000
2025-08-27 10:06:57,269 - INFO - 4. ibo: cos=1.0000
2025-08-27 10:06:57,269 - INFO - 5. ewe: cos=1.0000
2025-08-27 10:06:57,269 - INFO - === Layer 6 (xlmr) — Worst 5 (cosine) ===
2025-08-27 10:06:57,269 - INFO - 1. pcm: cos=1.0000
2025-08-27 10:06:57,269 - INFO - 2. hau: cos=1.0000
2025-08-27 10:06:57,269 - INFO - 3. fon: cos=1.0000
2025-08-27 10:06:57,269 - INFO - 4. nya: cos=1.0000
2025-08-27 10:06:57,269 - INFO - 5. mos: cos=1.0000
2025-08-27 10:06:57,403 - INFO - === Layer 7 (xlmr) — Top 5 (cosine) ===
2025-08-27 10:06:57,403 - INFO - 1. kin: cos=1.0000
2025-08-27 10:06:57,403 - INFO - 2. fon: cos=1.0000
2025-08-27 10:06:57,403 - INFO - 3. sna: cos=1.0000
2025-08-27 10:06:57,403 - INFO - 4. ewe: cos=1.0000
2025-08-27 10:06:57,403 - INFO - 5. bbj: cos=1.0000
2025-08-27 10:06:57,403 - INFO - === Layer 7 (xlmr) — Worst 5 (cosine) ===
2025-08-27 10:06:57,403 - INFO - 1. hau: cos=1.0000
2025-08-27 10:06:57,403 - INFO - 2. tsn: cos=1.0000
2025-08-27 10:06:57,403 - INFO - 3. nya: cos=1.0000
2025-08-27 10:06:57,403 - INFO - 4. zul: cos=1.0000
2025-08-27 10:06:57,403 - INFO - 5. mos: cos=1.0000
2025-08-27 10:06:57,532 - INFO - === Layer 8 (xlmr) — Top 5 (cosine) ===
2025-08-27 10:06:57,532 - INFO - 1. kin: cos=1.0000
2025-08-27 10:06:57,532 - INFO - 2. lug: cos=1.0000
2025-08-27 10:06:57,532 - INFO - 3. xho: cos=1.0000
2025-08-27 10:06:57,532 - INFO - 4. tsn: cos=1.0000
2025-08-27 10:06:57,532 - INFO - 5. nya: cos=1.0000
2025-08-27 10:06:57,532 - INFO - === Layer 8 (xlmr) — Worst 5 (cosine) ===
2025-08-27 10:06:57,532 - INFO - 1. ewe: cos=0.9999
2025-08-27 10:06:57,532 - INFO - 2. bbj: cos=1.0000
2025-08-27 10:06:57,532 - INFO - 3. swa: cos=1.0000
2025-08-27 10:06:57,532 - INFO - 4. pcm: cos=1.0000
2025-08-27 10:06:57,532 - INFO - 5. fon: cos=1.0000
2025-08-27 10:06:57,738 - INFO - === Layer 9 (xlmr) — Top 5 (cosine) ===
2025-08-27 10:06:57,738 - INFO - 1. kin: cos=1.0000
2025-08-27 10:06:57,739 - INFO - 2. sna: cos=1.0000
2025-08-27 10:06:57,739 - INFO - 3. bam: cos=1.0000
2025-08-27 10:06:57,739 - INFO - 4. twi: cos=1.0000
2025-08-27 10:06:57,739 - INFO - 5. lug: cos=1.0000
2025-08-27 10:06:57,739 - INFO - === Layer 9 (xlmr) — Worst 5 (cosine) ===
2025-08-27 10:06:57,739 - INFO - 1. pcm: cos=1.0000
2025-08-27 10:06:57,739 - INFO - 2. hau: cos=1.0000
2025-08-27 10:06:57,739 - INFO - 3. ewe: cos=1.0000
2025-08-27 10:06:57,739 - INFO - 4. swa: cos=1.0000
2025-08-27 10:06:57,739 - INFO - 5. nya: cos=1.0000
2025-08-27 10:06:57,870 - INFO - === Layer 10 (xlmr) — Top 5 (cosine) ===
2025-08-27 10:06:57,870 - INFO - 1. kin: cos=1.0000
2025-08-27 10:06:57,870 - INFO - 2. luo: cos=1.0000
2025-08-27 10:06:57,870 - INFO - 3. zul: cos=1.0000
2025-08-27 10:06:57,870 - INFO - 4. twi: cos=1.0000
2025-08-27 10:06:57,870 - INFO - 5. bam: cos=1.0000
2025-08-27 10:06:57,870 - INFO - === Layer 10 (xlmr) — Worst 5 (cosine) ===
2025-08-27 10:06:57,870 - INFO - 1. pcm: cos=1.0000
2025-08-27 10:06:57,870 - INFO - 2. fon: cos=1.0000
2025-08-27 10:06:57,870 - INFO - 3. xho: cos=1.0000
2025-08-27 10:06:57,870 - INFO - 4. mos: cos=1.0000
2025-08-27 10:06:57,870 - INFO - 5. hau: cos=1.0000
2025-08-27 10:06:58,006 - INFO - === Layer 11 (xlmr) — Top 5 (cosine) ===
2025-08-27 10:06:58,006 - INFO - 1. ibo: cos=1.0000
2025-08-27 10:06:58,006 - INFO - 2. kin: cos=1.0000
2025-08-27 10:06:58,006 - INFO - 3. ewe: cos=1.0000
2025-08-27 10:06:58,006 - INFO - 4. hau: cos=1.0000
2025-08-27 10:06:58,006 - INFO - 5. twi: cos=1.0000
2025-08-27 10:06:58,006 - INFO - === Layer 11 (xlmr) — Worst 5 (cosine) ===
2025-08-27 10:06:58,006 - INFO - 1. bam: cos=0.9999
2025-08-27 10:06:58,006 - INFO - 2. bbj: cos=0.9999
2025-08-27 10:06:58,006 - INFO - 3. sna: cos=1.0000
2025-08-27 10:06:58,006 - INFO - 4. yor: cos=1.0000
2025-08-27 10:06:58,006 - INFO - 5. zul: cos=1.0000
2025-08-27 10:06:58,140 - INFO - === Layer 12 (xlmr) — Top 5 (cosine) ===
2025-08-27 10:06:58,140 - INFO - 1. kin: cos=0.9999
2025-08-27 10:06:58,140 - INFO - 2. luo: cos=0.9999
2025-08-27 10:06:58,140 - INFO - 3. nya: cos=0.9999
2025-08-27 10:06:58,140 - INFO - 4. lug: cos=0.9999
2025-08-27 10:06:58,140 - INFO - 5. wol: cos=0.9999
2025-08-27 10:06:58,140 - INFO - === Layer 12 (xlmr) — Worst 5 (cosine) ===
2025-08-27 10:06:58,140 - INFO - 1. pcm: cos=0.9981
2025-08-27 10:06:58,140 - INFO - 2. fon: cos=0.9990
2025-08-27 10:06:58,140 - INFO - 3. hau: cos=0.9991
2025-08-27 10:06:58,140 - INFO - 4. tsn: cos=0.9997
2025-08-27 10:06:58,140 - INFO - 5. xho: cos=0.9997
2025-08-27 10:06:58,141 - INFO - Experiment finished successfully.
