2025-08-27 10:06:16,441 - INFO - Start: model_type=xlmr, use_cls=True, use_context=True, context_window=1, max_tokens_per_type=200, batch_size=64, output_dir=rq2_train_scripts/Embeddings/CLEAN/outputs/salt/xlmr/config_3_clstrue_ctxtrue/tokens_200_ctx1/core, save_prototypes=False, seed=42, fp16=True, max_length=96, langs=all, layers=all, span_mode=bio, pool=mean, entity_tags={'PER', 'ORG', 'LOC', 'DATE'}, title_suffix='L=all, tokens=200, ctx=1, cls=true, fp16=true'
2025-08-27 10:06:18,760 - INFO - Processing run
2025-08-27 10:06:19,165 - INFO - Processing bam
2025-08-27 10:06:19,211 - INFO - Processing bbj
2025-08-27 10:06:19,242 - INFO - Processing ewe
2025-08-27 10:06:19,276 - INFO - Processing fon
2025-08-27 10:06:19,325 - INFO - Processing hau
2025-08-27 10:06:19,378 - INFO - Processing ibo
2025-08-27 10:06:19,453 - INFO - Processing kin
2025-08-27 10:06:19,510 - INFO - Processing lug
2025-08-27 10:06:19,554 - INFO - Processing luo
2025-08-27 10:06:19,607 - INFO - Processing mos
2025-08-27 10:06:19,658 - INFO - Processing nya
2025-08-27 10:06:19,713 - INFO - Processing pcm
2025-08-27 10:06:19,765 - INFO - Processing sna
2025-08-27 10:06:19,828 - INFO - Processing swa
2025-08-27 10:06:19,881 - INFO - Processing tsn
2025-08-27 10:06:19,919 - INFO - Processing twi
2025-08-27 10:06:19,964 - INFO - Processing wol
2025-08-27 10:06:20,009 - INFO - Processing xho
2025-08-27 10:06:20,051 - INFO - Processing yor
2025-08-27 10:06:20,129 - INFO - Processing zul
2025-08-27 10:06:20,632 - INFO - === Layer 1 (xlmr) — Top 5 (cosine) ===
2025-08-27 10:06:20,632 - INFO - 1. kin: cos=1.0000
2025-08-27 10:06:20,632 - INFO - 2. sna: cos=1.0000
2025-08-27 10:06:20,632 - INFO - 3. nya: cos=1.0000
2025-08-27 10:06:20,632 - INFO - 4. tsn: cos=0.9999
2025-08-27 10:06:20,632 - INFO - 5. lug: cos=0.9999
2025-08-27 10:06:20,632 - INFO - === Layer 1 (xlmr) — Worst 5 (cosine) ===
2025-08-27 10:06:20,632 - INFO - 1. fon: cos=0.9997
2025-08-27 10:06:20,632 - INFO - 2. bam: cos=0.9998
2025-08-27 10:06:20,632 - INFO - 3. hau: cos=0.9998
2025-08-27 10:06:20,632 - INFO - 4. yor: cos=0.9999
2025-08-27 10:06:20,632 - INFO - 5. wol: cos=0.9999
2025-08-27 10:06:20,782 - INFO - === Layer 2 (xlmr) — Top 5 (cosine) ===
2025-08-27 10:06:20,782 - INFO - 1. kin: cos=1.0000
2025-08-27 10:06:20,782 - INFO - 2. nya: cos=1.0000
2025-08-27 10:06:20,782 - INFO - 3. sna: cos=1.0000
2025-08-27 10:06:20,782 - INFO - 4. zul: cos=1.0000
2025-08-27 10:06:20,782 - INFO - 5. luo: cos=1.0000
2025-08-27 10:06:20,782 - INFO - === Layer 2 (xlmr) — Worst 5 (cosine) ===
2025-08-27 10:06:20,782 - INFO - 1. fon: cos=1.0000
2025-08-27 10:06:20,782 - INFO - 2. bam: cos=1.0000
2025-08-27 10:06:20,782 - INFO - 3. swa: cos=1.0000
2025-08-27 10:06:20,782 - INFO - 4. pcm: cos=1.0000
2025-08-27 10:06:20,782 - INFO - 5. hau: cos=1.0000
2025-08-27 10:06:20,904 - INFO - === Layer 3 (xlmr) — Top 5 (cosine) ===
2025-08-27 10:06:20,904 - INFO - 1. sna: cos=1.0000
2025-08-27 10:06:20,904 - INFO - 2. zul: cos=1.0000
2025-08-27 10:06:20,904 - INFO - 3. kin: cos=1.0000
2025-08-27 10:06:20,904 - INFO - 4. lug: cos=1.0000
2025-08-27 10:06:20,904 - INFO - 5. twi: cos=1.0000
2025-08-27 10:06:20,904 - INFO - === Layer 3 (xlmr) — Worst 5 (cosine) ===
2025-08-27 10:06:20,904 - INFO - 1. pcm: cos=1.0000
2025-08-27 10:06:20,904 - INFO - 2. swa: cos=1.0000
2025-08-27 10:06:20,904 - INFO - 3. ewe: cos=1.0000
2025-08-27 10:06:20,904 - INFO - 4. nya: cos=1.0000
2025-08-27 10:06:20,904 - INFO - 5. luo: cos=1.0000
2025-08-27 10:06:21,026 - INFO - === Layer 4 (xlmr) — Top 5 (cosine) ===
2025-08-27 10:06:21,026 - INFO - 1. lug: cos=1.0000
2025-08-27 10:06:21,026 - INFO - 2. sna: cos=1.0000
2025-08-27 10:06:21,026 - INFO - 3. zul: cos=1.0000
2025-08-27 10:06:21,026 - INFO - 4. yor: cos=1.0000
2025-08-27 10:06:21,026 - INFO - 5. mos: cos=1.0000
2025-08-27 10:06:21,026 - INFO - === Layer 4 (xlmr) — Worst 5 (cosine) ===
2025-08-27 10:06:21,026 - INFO - 1. swa: cos=1.0000
2025-08-27 10:06:21,026 - INFO - 2. pcm: cos=1.0000
2025-08-27 10:06:21,026 - INFO - 3. ewe: cos=1.0000
2025-08-27 10:06:21,026 - INFO - 4. hau: cos=1.0000
2025-08-27 10:06:21,026 - INFO - 5. wol: cos=1.0000
2025-08-27 10:06:21,177 - INFO - === Layer 5 (xlmr) — Top 5 (cosine) ===
2025-08-27 10:06:21,177 - INFO - 1. sna: cos=1.0000
2025-08-27 10:06:21,177 - INFO - 2. mos: cos=1.0000
2025-08-27 10:06:21,177 - INFO - 3. lug: cos=1.0000
2025-08-27 10:06:21,177 - INFO - 4. twi: cos=1.0000
2025-08-27 10:06:21,177 - INFO - 5. wol: cos=1.0000
2025-08-27 10:06:21,177 - INFO - === Layer 5 (xlmr) — Worst 5 (cosine) ===
2025-08-27 10:06:21,177 - INFO - 1. swa: cos=1.0000
2025-08-27 10:06:21,177 - INFO - 2. fon: cos=1.0000
2025-08-27 10:06:21,177 - INFO - 3. zul: cos=1.0000
2025-08-27 10:06:21,177 - INFO - 4. xho: cos=1.0000
2025-08-27 10:06:21,177 - INFO - 5. hau: cos=1.0000
2025-08-27 10:06:21,306 - INFO - === Layer 6 (xlmr) — Top 5 (cosine) ===
2025-08-27 10:06:21,306 - INFO - 1. sna: cos=1.0000
2025-08-27 10:06:21,306 - INFO - 2. mos: cos=1.0000
2025-08-27 10:06:21,306 - INFO - 3. yor: cos=1.0000
2025-08-27 10:06:21,306 - INFO - 4. twi: cos=1.0000
2025-08-27 10:06:21,306 - INFO - 5. wol: cos=1.0000
2025-08-27 10:06:21,306 - INFO - === Layer 6 (xlmr) — Worst 5 (cosine) ===
2025-08-27 10:06:21,306 - INFO - 1. swa: cos=1.0000
2025-08-27 10:06:21,306 - INFO - 2. zul: cos=1.0000
2025-08-27 10:06:21,306 - INFO - 3. bam: cos=1.0000
2025-08-27 10:06:21,306 - INFO - 4. fon: cos=1.0000
2025-08-27 10:06:21,306 - INFO - 5. kin: cos=1.0000
2025-08-27 10:06:21,434 - INFO - === Layer 7 (xlmr) — Top 5 (cosine) ===
2025-08-27 10:06:21,434 - INFO - 1. lug: cos=1.0000
2025-08-27 10:06:21,434 - INFO - 2. sna: cos=1.0000
2025-08-27 10:06:21,434 - INFO - 3. twi: cos=1.0000
2025-08-27 10:06:21,434 - INFO - 4. mos: cos=1.0000
2025-08-27 10:06:21,434 - INFO - 5. pcm: cos=1.0000
2025-08-27 10:06:21,434 - INFO - === Layer 7 (xlmr) — Worst 5 (cosine) ===
2025-08-27 10:06:21,434 - INFO - 1. luo: cos=1.0000
2025-08-27 10:06:21,434 - INFO - 2. wol: cos=1.0000
2025-08-27 10:06:21,434 - INFO - 3. ewe: cos=1.0000
2025-08-27 10:06:21,434 - INFO - 4. kin: cos=1.0000
2025-08-27 10:06:21,434 - INFO - 5. ibo: cos=1.0000
2025-08-27 10:06:21,629 - INFO - === Layer 8 (xlmr) — Top 5 (cosine) ===
2025-08-27 10:06:21,629 - INFO - 1. sna: cos=1.0000
2025-08-27 10:06:21,629 - INFO - 2. wol: cos=1.0000
2025-08-27 10:06:21,629 - INFO - 3. nya: cos=1.0000
2025-08-27 10:06:21,629 - INFO - 4. mos: cos=1.0000
2025-08-27 10:06:21,629 - INFO - 5. kin: cos=1.0000
2025-08-27 10:06:21,629 - INFO - === Layer 8 (xlmr) — Worst 5 (cosine) ===
2025-08-27 10:06:21,629 - INFO - 1. hau: cos=0.9999
2025-08-27 10:06:21,629 - INFO - 2. pcm: cos=0.9999
2025-08-27 10:06:21,629 - INFO - 3. zul: cos=0.9999
2025-08-27 10:06:21,629 - INFO - 4. twi: cos=1.0000
2025-08-27 10:06:21,629 - INFO - 5. bam: cos=1.0000
2025-08-27 10:06:21,758 - INFO - === Layer 9 (xlmr) — Top 5 (cosine) ===
2025-08-27 10:06:21,758 - INFO - 1. sna: cos=1.0000
2025-08-27 10:06:21,758 - INFO - 2. mos: cos=1.0000
2025-08-27 10:06:21,758 - INFO - 3. xho: cos=1.0000
2025-08-27 10:06:21,758 - INFO - 4. swa: cos=1.0000
2025-08-27 10:06:21,758 - INFO - 5. yor: cos=1.0000
2025-08-27 10:06:21,758 - INFO - === Layer 9 (xlmr) — Worst 5 (cosine) ===
2025-08-27 10:06:21,758 - INFO - 1. zul: cos=1.0000
2025-08-27 10:06:21,758 - INFO - 2. hau: cos=1.0000
2025-08-27 10:06:21,758 - INFO - 3. pcm: cos=1.0000
2025-08-27 10:06:21,758 - INFO - 4. luo: cos=1.0000
2025-08-27 10:06:21,758 - INFO - 5. kin: cos=1.0000
2025-08-27 10:06:21,882 - INFO - === Layer 10 (xlmr) — Top 5 (cosine) ===
2025-08-27 10:06:21,882 - INFO - 1. sna: cos=1.0000
2025-08-27 10:06:21,882 - INFO - 2. yor: cos=1.0000
2025-08-27 10:06:21,882 - INFO - 3. mos: cos=1.0000
2025-08-27 10:06:21,882 - INFO - 4. ibo: cos=1.0000
2025-08-27 10:06:21,883 - INFO - 5. luo: cos=1.0000
2025-08-27 10:06:21,883 - INFO - === Layer 10 (xlmr) — Worst 5 (cosine) ===
2025-08-27 10:06:21,883 - INFO - 1. bam: cos=1.0000
2025-08-27 10:06:21,883 - INFO - 2. kin: cos=1.0000
2025-08-27 10:06:21,883 - INFO - 3. hau: cos=1.0000
2025-08-27 10:06:21,883 - INFO - 4. tsn: cos=1.0000
2025-08-27 10:06:21,883 - INFO - 5. bbj: cos=1.0000
2025-08-27 10:06:22,009 - INFO - === Layer 11 (xlmr) — Top 5 (cosine) ===
2025-08-27 10:06:22,010 - INFO - 1. lug: cos=1.0000
2025-08-27 10:06:22,010 - INFO - 2. twi: cos=1.0000
2025-08-27 10:06:22,010 - INFO - 3. hau: cos=1.0000
2025-08-27 10:06:22,010 - INFO - 4. kin: cos=1.0000
2025-08-27 10:06:22,010 - INFO - 5. fon: cos=1.0000
2025-08-27 10:06:22,010 - INFO - === Layer 11 (xlmr) — Worst 5 (cosine) ===
2025-08-27 10:06:22,010 - INFO - 1. swa: cos=0.9999
2025-08-27 10:06:22,010 - INFO - 2. bam: cos=0.9999
2025-08-27 10:06:22,010 - INFO - 3. yor: cos=0.9999
2025-08-27 10:06:22,010 - INFO - 4. pcm: cos=0.9999
2025-08-27 10:06:22,010 - INFO - 5. luo: cos=1.0000
2025-08-27 10:06:22,140 - INFO - === Layer 12 (xlmr) — Top 5 (cosine) ===
2025-08-27 10:06:22,140 - INFO - 1. ibo: cos=0.9995
2025-08-27 10:06:22,140 - INFO - 2. pcm: cos=0.9995
2025-08-27 10:06:22,140 - INFO - 3. hau: cos=0.9993
2025-08-27 10:06:22,140 - INFO - 4. sna: cos=0.9990
2025-08-27 10:06:22,140 - INFO - 5. mos: cos=0.9989
2025-08-27 10:06:22,140 - INFO - === Layer 12 (xlmr) — Worst 5 (cosine) ===
2025-08-27 10:06:22,140 - INFO - 1. fon: cos=0.9783
2025-08-27 10:06:22,140 - INFO - 2. zul: cos=0.9819
2025-08-27 10:06:22,140 - INFO - 3. xho: cos=0.9925
2025-08-27 10:06:22,141 - INFO - 4. bam: cos=0.9932
2025-08-27 10:06:22,141 - INFO - 5. kin: cos=0.9963
2025-08-27 10:06:22,141 - INFO - Experiment finished successfully.
