2025-08-24 11:17:35,390 - INFO - Start: model_type=xlmr, run_both=False, use_cls=False, use_context=False, context_window=3, max_tokens_per_type=500, batch_size=32, seed=1, num_middle_layers=3, output_dir=rq2_train_scripts/Embeddings/EXTENDED/outputs/salt_extended/xlmr/config_3_clsfalse_ctxfalse_hybtrue/tokens_500_ctx3
2025-08-24 11:17:35,959 - INFO - xlmr: selected layer indices (hidden_states) = [2, 3, 10, 12]
2025-08-24 11:17:37,645 - INFO - Processing run
2025-08-24 11:17:45,448 - INFO - Processing bam
2025-08-24 11:17:52,331 - INFO - Processing bbj
2025-08-24 11:18:00,193 - INFO - Processing ewe
2025-08-24 11:18:08,048 - INFO - Processing fon
2025-08-24 11:18:15,970 - INFO - Processing hau
2025-08-24 11:18:23,826 - INFO - Processing ibo
2025-08-24 11:18:31,697 - INFO - Processing kin
2025-08-24 11:18:39,624 - INFO - Processing lug
2025-08-24 11:18:47,522 - INFO - Processing luo
2025-08-24 11:18:55,384 - INFO - Processing mos
2025-08-24 11:19:03,282 - INFO - Processing nya
2025-08-24 11:19:11,159 - INFO - Processing pcm
2025-08-24 11:19:19,180 - INFO - Processing sna
2025-08-24 11:19:27,212 - INFO - Processing swa
2025-08-24 11:19:35,229 - INFO - Processing tsn
2025-08-24 11:19:43,189 - INFO - Processing twi
2025-08-24 11:19:51,015 - INFO - Processing wol
2025-08-24 11:19:58,833 - INFO - Processing xho
2025-08-24 11:20:06,300 - INFO - Processing yor
2025-08-24 11:20:14,173 - INFO - Processing zul
2025-08-24 11:20:22,534 - INFO - Layer 2 (xlmr) — Top 5
2025-08-24 11:20:22,534 - INFO - 1. kin: r=0.9904
2025-08-24 11:20:22,534 - INFO - 2. twi: r=0.9901
2025-08-24 11:20:22,534 - INFO - 3. luo: r=0.9901
2025-08-24 11:20:22,534 - INFO - 4. ibo: r=0.9889
2025-08-24 11:20:22,534 - INFO - 5. tsn: r=0.9882
2025-08-24 11:20:22,534 - INFO - Layer 2 (xlmr) — Worst 5
2025-08-24 11:20:22,534 - INFO - 1. hau: r=0.9738
2025-08-24 11:20:22,534 - INFO - 2. fon: r=0.9757
2025-08-24 11:20:22,534 - INFO - 3. bbj: r=0.9769
2025-08-24 11:20:22,534 - INFO - 4. yor: r=0.9784
2025-08-24 11:20:22,534 - INFO - 5. bam: r=0.9790
2025-08-24 11:20:22,652 - INFO - Layer 3 (xlmr) — Top 5
2025-08-24 11:20:22,652 - INFO - 1. kin: r=0.9925
2025-08-24 11:20:22,652 - INFO - 2. twi: r=0.9916
2025-08-24 11:20:22,652 - INFO - 3. luo: r=0.9913
2025-08-24 11:20:22,652 - INFO - 4. ibo: r=0.9911
2025-08-24 11:20:22,652 - INFO - 5. tsn: r=0.9906
2025-08-24 11:20:22,652 - INFO - Layer 3 (xlmr) — Worst 5
2025-08-24 11:20:22,652 - INFO - 1. hau: r=0.9793
2025-08-24 11:20:22,652 - INFO - 2. fon: r=0.9818
2025-08-24 11:20:22,652 - INFO - 3. bbj: r=0.9823
2025-08-24 11:20:22,652 - INFO - 4. bam: r=0.9838
2025-08-24 11:20:22,652 - INFO - 5. pcm: r=0.9840
2025-08-24 11:20:22,769 - INFO - Layer 10 (xlmr) — Top 5
2025-08-24 11:20:22,769 - INFO - 1. twi: r=0.9927
2025-08-24 11:20:22,769 - INFO - 2. kin: r=0.9926
2025-08-24 11:20:22,769 - INFO - 3. lug: r=0.9912
2025-08-24 11:20:22,769 - INFO - 4. ibo: r=0.9911
2025-08-24 11:20:22,769 - INFO - 5. luo: r=0.9906
2025-08-24 11:20:22,769 - INFO - Layer 10 (xlmr) — Worst 5
2025-08-24 11:20:22,769 - INFO - 1. bbj: r=0.9800
2025-08-24 11:20:22,769 - INFO - 2. bam: r=0.9807
2025-08-24 11:20:22,769 - INFO - 3. yor: r=0.9815
2025-08-24 11:20:22,769 - INFO - 4. hau: r=0.9819
2025-08-24 11:20:22,769 - INFO - 5. fon: r=0.9830
2025-08-24 11:20:22,885 - INFO - Layer 12 (xlmr) — Top 5
2025-08-24 11:20:22,885 - INFO - 1. kin: r=0.9994
2025-08-24 11:20:22,885 - INFO - 2. twi: r=0.9994
2025-08-24 11:20:22,885 - INFO - 3. ibo: r=0.9994
2025-08-24 11:20:22,885 - INFO - 4. luo: r=0.9993
2025-08-24 11:20:22,885 - INFO - 5. lug: r=0.9993
2025-08-24 11:20:22,885 - INFO - Layer 12 (xlmr) — Worst 5
2025-08-24 11:20:22,885 - INFO - 1. yor: r=0.9986
2025-08-24 11:20:22,885 - INFO - 2. bbj: r=0.9987
2025-08-24 11:20:22,885 - INFO - 3. fon: r=0.9987
2025-08-24 11:20:22,885 - INFO - 4. bam: r=0.9988
2025-08-24 11:20:22,885 - INFO - 5. hau: r=0.9989
2025-08-24 11:20:22,886 - INFO - Experiment finished successfully.
