2025-08-24 11:32:37,115 - INFO - Start: model_type=xlmr, run_both=False, use_cls=True, use_context=True, context_window=3, max_tokens_per_type=300, batch_size=32, seed=1, num_middle_layers=3, output_dir=rq2_train_scripts/Embeddings/EXTENDED/outputs/salt_extended/xlmr/config_7_clstrue_ctxtrue_hybtrue/tokens_300_ctx3
2025-08-24 11:32:37,667 - INFO - xlmr: selected layer indices (hidden_states) = [2, 3, 10, 12]
2025-08-24 11:32:39,125 - INFO - Processing run
2025-08-24 11:32:39,600 - INFO - Processing bam
2025-08-24 11:32:39,740 - INFO - Processing bbj
2025-08-24 11:32:39,866 - INFO - Processing ewe
2025-08-24 11:32:39,999 - INFO - Processing fon
2025-08-24 11:32:40,123 - INFO - Processing hau
2025-08-24 11:32:40,242 - INFO - Processing ibo
2025-08-24 11:32:40,415 - INFO - Processing kin
2025-08-24 11:32:40,547 - INFO - Processing lug
2025-08-24 11:32:40,714 - INFO - Processing luo
2025-08-24 11:32:40,831 - INFO - Processing mos
2025-08-24 11:32:40,960 - INFO - Processing nya
2025-08-24 11:32:41,096 - INFO - Processing pcm
2025-08-24 11:32:41,202 - INFO - Processing sna
2025-08-24 11:32:41,321 - INFO - Processing swa
2025-08-24 11:32:41,437 - INFO - Processing tsn
2025-08-24 11:32:41,540 - INFO - Processing twi
2025-08-24 11:32:41,667 - INFO - Processing wol
2025-08-24 11:32:41,790 - INFO - Processing xho
2025-08-24 11:32:41,903 - INFO - Processing yor
2025-08-24 11:32:42,068 - INFO - Processing zul
2025-08-24 11:32:42,528 - INFO - Layer 2 (xlmr) — Top 5
2025-08-24 11:32:42,528 - INFO - 1. nya: r=1.0000
2025-08-24 11:32:42,528 - INFO - 2. kin: r=1.0000
2025-08-24 11:32:42,528 - INFO - 3. lug: r=1.0000
2025-08-24 11:32:42,528 - INFO - 4. sna: r=1.0000
2025-08-24 11:32:42,528 - INFO - 5. luo: r=1.0000
2025-08-24 11:32:42,528 - INFO - Layer 2 (xlmr) — Worst 5
2025-08-24 11:32:42,528 - INFO - 1. bam: r=1.0000
2025-08-24 11:32:42,528 - INFO - 2. fon: r=1.0000
2025-08-24 11:32:42,528 - INFO - 3. yor: r=1.0000
2025-08-24 11:32:42,528 - INFO - 4. hau: r=1.0000
2025-08-24 11:32:42,528 - INFO - 5. twi: r=1.0000
2025-08-24 11:32:42,648 - INFO - Layer 3 (xlmr) — Top 5
2025-08-24 11:32:42,648 - INFO - 1. lug: r=1.0000
2025-08-24 11:32:42,648 - INFO - 2. kin: r=1.0000
2025-08-24 11:32:42,648 - INFO - 3. sna: r=1.0000
2025-08-24 11:32:42,648 - INFO - 4. nya: r=1.0000
2025-08-24 11:32:42,648 - INFO - 5. xho: r=1.0000
2025-08-24 11:32:42,648 - INFO - Layer 3 (xlmr) — Worst 5
2025-08-24 11:32:42,648 - INFO - 1. pcm: r=1.0000
2025-08-24 11:32:42,649 - INFO - 2. swa: r=1.0000
2025-08-24 11:32:42,649 - INFO - 3. fon: r=1.0000
2025-08-24 11:32:42,649 - INFO - 4. ibo: r=1.0000
2025-08-24 11:32:42,649 - INFO - 5. ewe: r=1.0000
2025-08-24 11:32:42,770 - INFO - Layer 10 (xlmr) — Top 5
2025-08-24 11:32:42,770 - INFO - 1. ibo: r=1.0000
2025-08-24 11:32:42,770 - INFO - 2. twi: r=1.0000
2025-08-24 11:32:42,770 - INFO - 3. xho: r=1.0000
2025-08-24 11:32:42,770 - INFO - 4. nya: r=1.0000
2025-08-24 11:32:42,770 - INFO - 5. sna: r=1.0000
2025-08-24 11:32:42,770 - INFO - Layer 10 (xlmr) — Worst 5
2025-08-24 11:32:42,770 - INFO - 1. pcm: r=1.0000
2025-08-24 11:32:42,770 - INFO - 2. bbj: r=1.0000
2025-08-24 11:32:42,770 - INFO - 3. swa: r=1.0000
2025-08-24 11:32:42,770 - INFO - 4. wol: r=1.0000
2025-08-24 11:32:42,770 - INFO - 5. tsn: r=1.0000
2025-08-24 11:32:42,892 - INFO - Layer 12 (xlmr) — Top 5
2025-08-24 11:32:42,892 - INFO - 1. bam: r=0.9983
2025-08-24 11:32:42,892 - INFO - 2. pcm: r=0.9982
2025-08-24 11:32:42,892 - INFO - 3. ewe: r=0.9980
2025-08-24 11:32:42,892 - INFO - 4. swa: r=0.9980
2025-08-24 11:32:42,892 - INFO - 5. hau: r=0.9978
2025-08-24 11:32:42,892 - INFO - Layer 12 (xlmr) — Worst 5
2025-08-24 11:32:42,892 - INFO - 1. zul: r=0.9907
2025-08-24 11:32:42,892 - INFO - 2. xho: r=0.9908
2025-08-24 11:32:42,892 - INFO - 3. fon: r=0.9936
2025-08-24 11:32:42,892 - INFO - 4. wol: r=0.9938
2025-08-24 11:32:42,892 - INFO - 5. lug: r=0.9965
2025-08-24 11:32:42,893 - INFO - Experiment finished successfully.
