2025-08-03 07:46:49,109 - INFO - Experiment started with model_type=mbert, use_cls=False, use_context=True, context_window=2, use_hybrid=False, max_tokens_per_type=400, output_dir=rq2_train_scripts/Embeddings/MEXA_inspired_strategy/outputs/mptc/mbert/config_2_clsfalse_ctxtrue_hybfalse/tokens_400_ctx2
2025-08-03 07:46:50,174 - INFO - Processing run
2025-08-03 07:46:51,864 - INFO - Processing bam
2025-08-03 07:46:54,479 - INFO - Processing bbj
2025-08-03 07:46:57,294 - INFO - Processing ewe
2025-08-03 07:47:00,108 - INFO - Processing fon
2025-08-03 07:47:02,925 - INFO - Processing hau
2025-08-03 07:47:05,760 - INFO - Processing ibo
2025-08-03 07:47:08,631 - INFO - Processing kin
2025-08-03 07:47:11,475 - INFO - Processing lug
2025-08-03 07:47:14,265 - INFO - Processing luo
2025-08-03 07:47:17,078 - INFO - Processing mos
2025-08-03 07:47:19,882 - INFO - Processing nya
2025-08-03 07:47:22,711 - INFO - Processing pcm
2025-08-03 07:47:25,507 - INFO - Processing sna
2025-08-03 07:47:28,324 - INFO - Processing swa
2025-08-03 07:47:31,142 - INFO - Processing tsn
2025-08-03 07:47:33,939 - INFO - Processing twi
2025-08-03 07:47:36,742 - INFO - Processing wol
2025-08-03 07:47:39,571 - INFO - Processing xho
2025-08-03 07:47:42,385 - INFO - Processing yor
2025-08-03 07:47:45,232 - INFO - Processing zul
2025-08-03 07:47:48,488 - INFO - Top 5 languages most similar to Runyankore:
2025-08-03 07:47:48,488 - INFO - 1. lug - Mean Similarity: 0.8906
2025-08-03 07:47:48,488 - INFO - 2. kin - Mean Similarity: 0.8770
2025-08-03 07:47:48,488 - INFO - 3. nya - Mean Similarity: 0.8622
2025-08-03 07:47:48,488 - INFO - 4. sna - Mean Similarity: 0.8486
2025-08-03 07:47:48,488 - INFO - 5. xho - Mean Similarity: 0.8474
2025-08-03 07:47:48,489 - INFO - Experiment finished successfully.
