2025-08-27 18:29:31,526 - INFO - Start: model_type=mbert, use_cls=False, use_context=True, context_window=3, max_tokens_per_type=400, batch_size=64, output_dir=rq2_train_scripts/Embeddings/CLEAN/outputs/combined/mbert/config_2_clsfalse_ctxtrue/tokens_400_ctx3/core, save_prototypes=False, seed=42, fp16=True, max_length=96, langs=all, layers=all, span_mode=bio, pool=mean, entity_tags={'DATE', 'LOC', 'ORG', 'PER'}, title_suffix='L=all, tokens=400, ctx=3, cls=false, fp16=true'
2025-08-27 18:29:32,892 - INFO - Processing run
2025-08-27 18:29:33,522 - INFO - Processing bam
2025-08-27 18:29:33,662 - INFO - Processing bbj
2025-08-27 18:29:33,801 - INFO - Processing ewe
2025-08-27 18:29:33,933 - INFO - Processing fon
2025-08-27 18:29:34,089 - INFO - Processing hau
2025-08-27 18:29:34,267 - INFO - Processing ibo
2025-08-27 18:29:34,487 - INFO - Processing kin
2025-08-27 18:29:34,665 - INFO - Processing lug
2025-08-27 18:29:34,798 - INFO - Processing luo
2025-08-27 18:29:34,929 - INFO - Processing mos
2025-08-27 18:29:35,121 - INFO - Processing nya
2025-08-27 18:29:35,258 - INFO - Processing pcm
2025-08-27 18:29:35,394 - INFO - Processing sna
2025-08-27 18:29:35,529 - INFO - Processing swa
2025-08-27 18:29:35,697 - INFO - Processing tsn
2025-08-27 18:29:35,854 - INFO - Processing twi
2025-08-27 18:29:35,984 - INFO - Processing wol
2025-08-27 18:29:36,121 - INFO - Processing xho
2025-08-27 18:29:36,261 - INFO - Processing yor
2025-08-27 18:29:36,422 - INFO - Processing zul
2025-08-27 18:29:36,908 - INFO - === Layer 1 (mbert) — Top 5 (cosine) ===
2025-08-27 18:29:36,909 - INFO - 1. kin: cos=0.8748
2025-08-27 18:29:36,909 - INFO - 2. lug: cos=0.8628
2025-08-27 18:29:36,909 - INFO - 3. nya: cos=0.8513
2025-08-27 18:29:36,909 - INFO - 4. luo: cos=0.8353
2025-08-27 18:29:36,909 - INFO - 5. twi: cos=0.8343
2025-08-27 18:29:36,909 - INFO - === Layer 1 (mbert) — Worst 5 (cosine) ===
2025-08-27 18:29:36,909 - INFO - 1. yor: cos=0.6400
2025-08-27 18:29:36,909 - INFO - 2. bbj: cos=0.6562
2025-08-27 18:29:36,909 - INFO - 3. mos: cos=0.7129
2025-08-27 18:29:36,909 - INFO - 4. pcm: cos=0.7276
2025-08-27 18:29:36,909 - INFO - 5. bam: cos=0.7288
2025-08-27 18:29:37,032 - INFO - === Layer 2 (mbert) — Top 5 (cosine) ===
2025-08-27 18:29:37,032 - INFO - 1. lug: cos=0.8871
2025-08-27 18:29:37,032 - INFO - 2. kin: cos=0.8846
2025-08-27 18:29:37,032 - INFO - 3. nya: cos=0.8693
2025-08-27 18:29:37,032 - INFO - 4. twi: cos=0.8591
2025-08-27 18:29:37,032 - INFO - 5. luo: cos=0.8568
2025-08-27 18:29:37,032 - INFO - === Layer 2 (mbert) — Worst 5 (cosine) ===
2025-08-27 18:29:37,032 - INFO - 1. yor: cos=0.6818
2025-08-27 18:29:37,032 - INFO - 2. bbj: cos=0.6970
2025-08-27 18:29:37,032 - INFO - 3. pcm: cos=0.7477
2025-08-27 18:29:37,032 - INFO - 4. ewe: cos=0.7545
2025-08-27 18:29:37,032 - INFO - 5. mos: cos=0.7643
2025-08-27 18:29:37,158 - INFO - === Layer 3 (mbert) — Top 5 (cosine) ===
2025-08-27 18:29:37,158 - INFO - 1. kin: cos=0.9302
2025-08-27 18:29:37,158 - INFO - 2. lug: cos=0.9287
2025-08-27 18:29:37,158 - INFO - 3. nya: cos=0.9220
2025-08-27 18:29:37,158 - INFO - 4. twi: cos=0.9143
2025-08-27 18:29:37,158 - INFO - 5. ibo: cos=0.9076
2025-08-27 18:29:37,158 - INFO - === Layer 3 (mbert) — Worst 5 (cosine) ===
2025-08-27 18:29:37,158 - INFO - 1. yor: cos=0.8045
2025-08-27 18:29:37,158 - INFO - 2. bbj: cos=0.8054
2025-08-27 18:29:37,158 - INFO - 3. pcm: cos=0.8406
2025-08-27 18:29:37,158 - INFO - 4. ewe: cos=0.8428
2025-08-27 18:29:37,158 - INFO - 5. bam: cos=0.8549
2025-08-27 18:29:37,277 - INFO - === Layer 4 (mbert) — Top 5 (cosine) ===
2025-08-27 18:29:37,277 - INFO - 1. kin: cos=0.9445
2025-08-27 18:29:37,277 - INFO - 2. lug: cos=0.9436
2025-08-27 18:29:37,277 - INFO - 3. nya: cos=0.9376
2025-08-27 18:29:37,277 - INFO - 4. twi: cos=0.9338
2025-08-27 18:29:37,277 - INFO - 5. luo: cos=0.9272
2025-08-27 18:29:37,277 - INFO - === Layer 4 (mbert) — Worst 5 (cosine) ===
2025-08-27 18:29:37,277 - INFO - 1. yor: cos=0.8441
2025-08-27 18:29:37,277 - INFO - 2. bbj: cos=0.8483
2025-08-27 18:29:37,277 - INFO - 3. pcm: cos=0.8682
2025-08-27 18:29:37,277 - INFO - 4. ewe: cos=0.8769
2025-08-27 18:29:37,277 - INFO - 5. fon: cos=0.8846
2025-08-27 18:29:37,410 - INFO - === Layer 5 (mbert) — Top 5 (cosine) ===
2025-08-27 18:29:37,410 - INFO - 1. kin: cos=0.9601
2025-08-27 18:29:37,410 - INFO - 2. nya: cos=0.9563
2025-08-27 18:29:37,410 - INFO - 3. lug: cos=0.9551
2025-08-27 18:29:37,410 - INFO - 4. twi: cos=0.9512
2025-08-27 18:29:37,410 - INFO - 5. luo: cos=0.9502
2025-08-27 18:29:37,410 - INFO - === Layer 5 (mbert) — Worst 5 (cosine) ===
2025-08-27 18:29:37,410 - INFO - 1. yor: cos=0.8886
2025-08-27 18:29:37,410 - INFO - 2. bbj: cos=0.8916
2025-08-27 18:29:37,410 - INFO - 3. pcm: cos=0.9016
2025-08-27 18:29:37,410 - INFO - 4. ewe: cos=0.9113
2025-08-27 18:29:37,410 - INFO - 5. fon: cos=0.9167
2025-08-27 18:29:37,639 - INFO - === Layer 6 (mbert) — Top 5 (cosine) ===
2025-08-27 18:29:37,639 - INFO - 1. kin: cos=0.9693
2025-08-27 18:29:37,639 - INFO - 2. twi: cos=0.9616
2025-08-27 18:29:37,639 - INFO - 3. luo: cos=0.9612
2025-08-27 18:29:37,640 - INFO - 4. ibo: cos=0.9600
2025-08-27 18:29:37,640 - INFO - 5. lug: cos=0.9596
2025-08-27 18:29:37,640 - INFO - === Layer 6 (mbert) — Worst 5 (cosine) ===
2025-08-27 18:29:37,640 - INFO - 1. yor: cos=0.9093
2025-08-27 18:29:37,640 - INFO - 2. bbj: cos=0.9130
2025-08-27 18:29:37,640 - INFO - 3. pcm: cos=0.9212
2025-08-27 18:29:37,640 - INFO - 4. fon: cos=0.9301
2025-08-27 18:29:37,640 - INFO - 5. ewe: cos=0.9304
2025-08-27 18:29:37,771 - INFO - === Layer 7 (mbert) — Top 5 (cosine) ===
2025-08-27 18:29:37,772 - INFO - 1. kin: cos=0.9555
2025-08-27 18:29:37,772 - INFO - 2. twi: cos=0.9446
2025-08-27 18:29:37,772 - INFO - 3. luo: cos=0.9433
2025-08-27 18:29:37,772 - INFO - 4. lug: cos=0.9423
2025-08-27 18:29:37,772 - INFO - 5. ibo: cos=0.9346
2025-08-27 18:29:37,772 - INFO - === Layer 7 (mbert) — Worst 5 (cosine) ===
2025-08-27 18:29:37,772 - INFO - 1. yor: cos=0.8719
2025-08-27 18:29:37,772 - INFO - 2. bbj: cos=0.8812
2025-08-27 18:29:37,772 - INFO - 3. pcm: cos=0.8874
2025-08-27 18:29:37,772 - INFO - 4. swa: cos=0.8933
2025-08-27 18:29:37,772 - INFO - 5. ewe: cos=0.9010
2025-08-27 18:29:37,892 - INFO - === Layer 8 (mbert) — Top 5 (cosine) ===
2025-08-27 18:29:37,892 - INFO - 1. kin: cos=0.9516
2025-08-27 18:29:37,892 - INFO - 2. twi: cos=0.9475
2025-08-27 18:29:37,892 - INFO - 3. lug: cos=0.9378
2025-08-27 18:29:37,892 - INFO - 4. luo: cos=0.9287
2025-08-27 18:29:37,892 - INFO - 5. nya: cos=0.9235
2025-08-27 18:29:37,892 - INFO - === Layer 8 (mbert) — Worst 5 (cosine) ===
2025-08-27 18:29:37,892 - INFO - 1. yor: cos=0.8504
2025-08-27 18:29:37,892 - INFO - 2. bbj: cos=0.8613
2025-08-27 18:29:37,892 - INFO - 3. xho: cos=0.8687
2025-08-27 18:29:37,892 - INFO - 4. swa: cos=0.8783
2025-08-27 18:29:37,892 - INFO - 5. bam: cos=0.8917
2025-08-27 18:29:38,019 - INFO - === Layer 9 (mbert) — Top 5 (cosine) ===
2025-08-27 18:29:38,019 - INFO - 1. kin: cos=0.9620
2025-08-27 18:29:38,020 - INFO - 2. twi: cos=0.9617
2025-08-27 18:29:38,020 - INFO - 3. lug: cos=0.9547
2025-08-27 18:29:38,020 - INFO - 4. luo: cos=0.9496
2025-08-27 18:29:38,020 - INFO - 5. nya: cos=0.9446
2025-08-27 18:29:38,020 - INFO - === Layer 9 (mbert) — Worst 5 (cosine) ===
2025-08-27 18:29:38,020 - INFO - 1. yor: cos=0.8934
2025-08-27 18:29:38,020 - INFO - 2. bbj: cos=0.9033
2025-08-27 18:29:38,020 - INFO - 3. bam: cos=0.9079
2025-08-27 18:29:38,020 - INFO - 4. xho: cos=0.9101
2025-08-27 18:29:38,020 - INFO - 5. swa: cos=0.9188
2025-08-27 18:29:38,145 - INFO - === Layer 10 (mbert) — Top 5 (cosine) ===
2025-08-27 18:29:38,145 - INFO - 1. kin: cos=0.9681
2025-08-27 18:29:38,145 - INFO - 2. twi: cos=0.9663
2025-08-27 18:29:38,145 - INFO - 3. lug: cos=0.9618
2025-08-27 18:29:38,145 - INFO - 4. nya: cos=0.9591
2025-08-27 18:29:38,145 - INFO - 5. hau: cos=0.9581
2025-08-27 18:29:38,145 - INFO - === Layer 10 (mbert) — Worst 5 (cosine) ===
2025-08-27 18:29:38,145 - INFO - 1. yor: cos=0.9033
2025-08-27 18:29:38,145 - INFO - 2. bam: cos=0.9243
2025-08-27 18:29:38,145 - INFO - 3. bbj: cos=0.9273
2025-08-27 18:29:38,145 - INFO - 4. xho: cos=0.9317
2025-08-27 18:29:38,145 - INFO - 5. swa: cos=0.9418
2025-08-27 18:29:38,281 - INFO - === Layer 11 (mbert) — Top 5 (cosine) ===
2025-08-27 18:29:38,281 - INFO - 1. kin: cos=0.9624
2025-08-27 18:29:38,281 - INFO - 2. twi: cos=0.9613
2025-08-27 18:29:38,281 - INFO - 3. lug: cos=0.9600
2025-08-27 18:29:38,281 - INFO - 4. nya: cos=0.9593
2025-08-27 18:29:38,281 - INFO - 5. ibo: cos=0.9559
2025-08-27 18:29:38,281 - INFO - === Layer 11 (mbert) — Worst 5 (cosine) ===
2025-08-27 18:29:38,281 - INFO - 1. yor: cos=0.8999
2025-08-27 18:29:38,281 - INFO - 2. bbj: cos=0.9230
2025-08-27 18:29:38,281 - INFO - 3. bam: cos=0.9250
2025-08-27 18:29:38,281 - INFO - 4. xho: cos=0.9357
2025-08-27 18:29:38,281 - INFO - 5. pcm: cos=0.9408
2025-08-27 18:29:38,424 - INFO - === Layer 12 (mbert) — Top 5 (cosine) ===
2025-08-27 18:29:38,424 - INFO - 1. kin: cos=0.8299
2025-08-27 18:29:38,424 - INFO - 2. twi: cos=0.8182
2025-08-27 18:29:38,424 - INFO - 3. nya: cos=0.8125
2025-08-27 18:29:38,424 - INFO - 4. sna: cos=0.8059
2025-08-27 18:29:38,424 - INFO - 5. lug: cos=0.7971
2025-08-27 18:29:38,424 - INFO - === Layer 12 (mbert) — Worst 5 (cosine) ===
2025-08-27 18:29:38,424 - INFO - 1. yor: cos=0.5871
2025-08-27 18:29:38,424 - INFO - 2. bbj: cos=0.6663
2025-08-27 18:29:38,424 - INFO - 3. fon: cos=0.7165
2025-08-27 18:29:38,424 - INFO - 4. pcm: cos=0.7171
2025-08-27 18:29:38,424 - INFO - 5. xho: cos=0.7313
2025-08-27 18:29:38,425 - INFO - Experiment finished successfully.
