2025-08-02 15:45:11,000 - INFO - Experiment started with model_type=xlmr, use_cls=False, use_context=True, context_window=1, use_hybrid=False, max_tokens_per_type=200, output_dir=rq2_train_scripts/Embeddings/MEXA_inspired_strategy/outputs/salt/xlmr/config_2_clsfalse_ctxtrue_hybfalse/tokens_200_ctx1
2025-08-02 15:45:12,843 - INFO - Processing run
2025-08-02 15:45:18,762 - INFO - Processing bam
2025-08-02 15:45:24,901 - INFO - Processing bbj
2025-08-02 15:45:30,227 - INFO - Processing ewe
2025-08-02 15:45:35,646 - INFO - Processing fon
2025-08-02 15:45:41,262 - INFO - Processing hau
2025-08-02 15:45:46,947 - INFO - Processing ibo
2025-08-02 15:45:52,360 - INFO - Processing kin
2025-08-02 15:45:57,966 - INFO - Processing lug
2025-08-02 15:46:03,500 - INFO - Processing luo
2025-08-02 15:46:09,234 - INFO - Processing mos
2025-08-02 15:46:14,989 - INFO - Processing nya
2025-08-02 15:46:20,361 - INFO - Processing pcm
2025-08-02 15:46:25,920 - INFO - Processing sna
2025-08-02 15:46:32,178 - INFO - Processing swa
2025-08-02 15:46:37,623 - INFO - Processing tsn
2025-08-02 15:46:43,670 - INFO - Processing twi
2025-08-02 15:46:49,071 - INFO - Processing wol
2025-08-02 15:46:54,885 - INFO - Processing xho
2025-08-02 15:47:00,601 - INFO - Processing yor
2025-08-02 15:47:06,212 - INFO - Processing zul
2025-08-02 15:47:12,626 - INFO - Top 5 languages most similar to Runyankore:
2025-08-02 15:47:12,626 - INFO - 1. lug - Mean Similarity: 0.9991
2025-08-02 15:47:12,626 - INFO - 2. kin - Mean Similarity: 0.9991
2025-08-02 15:47:12,626 - INFO - 3. sna - Mean Similarity: 0.9990
2025-08-02 15:47:12,626 - INFO - 4. nya - Mean Similarity: 0.9990
2025-08-02 15:47:12,626 - INFO - 5. luo - Mean Similarity: 0.9990
2025-08-02 15:47:12,626 - INFO - Experiment finished successfully.
