2025-08-27 18:36:32,847 - INFO - Start: model_type=mbert, use_cls=True, use_context=True, context_window=3, max_tokens_per_type=200, batch_size=64, output_dir=rq2_train_scripts/Embeddings/CLEAN/outputs/combined/mbert/config_3_clstrue_ctxtrue/tokens_200_ctx3/core, save_prototypes=False, seed=42, fp16=True, max_length=96, langs=all, layers=all, span_mode=bio, pool=mean, entity_tags={'PER', 'DATE', 'LOC', 'ORG'}, title_suffix='L=all, tokens=200, ctx=3, cls=true, fp16=true'
2025-08-27 18:36:34,146 - INFO - Processing run
2025-08-27 18:36:34,679 - INFO - Processing bam
2025-08-27 18:36:34,723 - INFO - Processing bbj
2025-08-27 18:36:34,754 - INFO - Processing ewe
2025-08-27 18:36:34,790 - INFO - Processing fon
2025-08-27 18:36:34,841 - INFO - Processing hau
2025-08-27 18:36:34,893 - INFO - Processing ibo
2025-08-27 18:36:34,966 - INFO - Processing kin
2025-08-27 18:36:35,022 - INFO - Processing lug
2025-08-27 18:36:35,068 - INFO - Processing luo
2025-08-27 18:36:35,120 - INFO - Processing mos
2025-08-27 18:36:35,169 - INFO - Processing nya
2025-08-27 18:36:35,228 - INFO - Processing pcm
2025-08-27 18:36:35,274 - INFO - Processing sna
2025-08-27 18:36:35,324 - INFO - Processing swa
2025-08-27 18:36:35,378 - INFO - Processing tsn
2025-08-27 18:36:35,417 - INFO - Processing twi
2025-08-27 18:36:35,464 - INFO - Processing wol
2025-08-27 18:36:35,510 - INFO - Processing xho
2025-08-27 18:36:35,558 - INFO - Processing yor
2025-08-27 18:36:35,639 - INFO - Processing zul
2025-08-27 18:36:36,010 - INFO - === Layer 1 (mbert) — Top 5 (cosine) ===
2025-08-27 18:36:36,010 - INFO - 1. hau: cos=0.9997
2025-08-27 18:36:36,010 - INFO - 2. lug: cos=0.9997
2025-08-27 18:36:36,010 - INFO - 3. ibo: cos=0.9996
2025-08-27 18:36:36,010 - INFO - 4. kin: cos=0.9995
2025-08-27 18:36:36,010 - INFO - 5. twi: cos=0.9995
2025-08-27 18:36:36,010 - INFO - === Layer 1 (mbert) — Worst 5 (cosine) ===
2025-08-27 18:36:36,010 - INFO - 1. yor: cos=0.9985
2025-08-27 18:36:36,010 - INFO - 2. pcm: cos=0.9986
2025-08-27 18:36:36,010 - INFO - 3. fon: cos=0.9987
2025-08-27 18:36:36,010 - INFO - 4. bbj: cos=0.9989
2025-08-27 18:36:36,010 - INFO - 5. ewe: cos=0.9991
2025-08-27 18:36:36,151 - INFO - === Layer 2 (mbert) — Top 5 (cosine) ===
2025-08-27 18:36:36,151 - INFO - 1. hau: cos=0.9999
2025-08-27 18:36:36,152 - INFO - 2. lug: cos=0.9999
2025-08-27 18:36:36,152 - INFO - 3. ibo: cos=0.9999
2025-08-27 18:36:36,152 - INFO - 4. kin: cos=0.9999
2025-08-27 18:36:36,152 - INFO - 5. nya: cos=0.9999
2025-08-27 18:36:36,152 - INFO - === Layer 2 (mbert) — Worst 5 (cosine) ===
2025-08-27 18:36:36,152 - INFO - 1. yor: cos=0.9998
2025-08-27 18:36:36,152 - INFO - 2. fon: cos=0.9998
2025-08-27 18:36:36,152 - INFO - 3. pcm: cos=0.9998
2025-08-27 18:36:36,152 - INFO - 4. bbj: cos=0.9998
2025-08-27 18:36:36,152 - INFO - 5. ewe: cos=0.9999
2025-08-27 18:36:36,271 - INFO - === Layer 3 (mbert) — Top 5 (cosine) ===
2025-08-27 18:36:36,271 - INFO - 1. hau: cos=1.0000
2025-08-27 18:36:36,271 - INFO - 2. lug: cos=1.0000
2025-08-27 18:36:36,271 - INFO - 3. nya: cos=1.0000
2025-08-27 18:36:36,272 - INFO - 4. kin: cos=1.0000
2025-08-27 18:36:36,272 - INFO - 5. sna: cos=1.0000
2025-08-27 18:36:36,272 - INFO - === Layer 3 (mbert) — Worst 5 (cosine) ===
2025-08-27 18:36:36,272 - INFO - 1. pcm: cos=0.9999
2025-08-27 18:36:36,272 - INFO - 2. yor: cos=0.9999
2025-08-27 18:36:36,272 - INFO - 3. bbj: cos=0.9999
2025-08-27 18:36:36,272 - INFO - 4. fon: cos=0.9999
2025-08-27 18:36:36,272 - INFO - 5. swa: cos=0.9999
2025-08-27 18:36:36,392 - INFO - === Layer 4 (mbert) — Top 5 (cosine) ===
2025-08-27 18:36:36,392 - INFO - 1. kin: cos=0.9999
2025-08-27 18:36:36,392 - INFO - 2. lug: cos=0.9999
2025-08-27 18:36:36,392 - INFO - 3. sna: cos=0.9999
2025-08-27 18:36:36,392 - INFO - 4. zul: cos=0.9999
2025-08-27 18:36:36,392 - INFO - 5. nya: cos=0.9999
2025-08-27 18:36:36,392 - INFO - === Layer 4 (mbert) — Worst 5 (cosine) ===
2025-08-27 18:36:36,392 - INFO - 1. pcm: cos=0.9995
2025-08-27 18:36:36,392 - INFO - 2. yor: cos=0.9996
2025-08-27 18:36:36,392 - INFO - 3. bbj: cos=0.9997
2025-08-27 18:36:36,392 - INFO - 4. fon: cos=0.9997
2025-08-27 18:36:36,392 - INFO - 5. ewe: cos=0.9997
2025-08-27 18:36:36,514 - INFO - === Layer 5 (mbert) — Top 5 (cosine) ===
2025-08-27 18:36:36,514 - INFO - 1. sna: cos=0.9919
2025-08-27 18:36:36,514 - INFO - 2. lug: cos=0.9895
2025-08-27 18:36:36,514 - INFO - 3. kin: cos=0.9893
2025-08-27 18:36:36,514 - INFO - 4. hau: cos=0.9889
2025-08-27 18:36:36,514 - INFO - 5. mos: cos=0.9879
2025-08-27 18:36:36,514 - INFO - === Layer 5 (mbert) — Worst 5 (cosine) ===
2025-08-27 18:36:36,514 - INFO - 1. bbj: cos=0.9663
2025-08-27 18:36:36,514 - INFO - 2. yor: cos=0.9679
2025-08-27 18:36:36,514 - INFO - 3. swa: cos=0.9702
2025-08-27 18:36:36,514 - INFO - 4. fon: cos=0.9749
2025-08-27 18:36:36,514 - INFO - 5. pcm: cos=0.9776
2025-08-27 18:36:36,711 - INFO - === Layer 6 (mbert) — Top 5 (cosine) ===
2025-08-27 18:36:36,711 - INFO - 1. sna: cos=0.9874
2025-08-27 18:36:36,711 - INFO - 2. hau: cos=0.9843
2025-08-27 18:36:36,711 - INFO - 3. kin: cos=0.9818
2025-08-27 18:36:36,711 - INFO - 4. lug: cos=0.9816
2025-08-27 18:36:36,711 - INFO - 5. mos: cos=0.9807
2025-08-27 18:36:36,711 - INFO - === Layer 6 (mbert) — Worst 5 (cosine) ===
2025-08-27 18:36:36,711 - INFO - 1. yor: cos=0.9340
2025-08-27 18:36:36,711 - INFO - 2. bbj: cos=0.9474
2025-08-27 18:36:36,711 - INFO - 3. swa: cos=0.9485
2025-08-27 18:36:36,711 - INFO - 4. pcm: cos=0.9581
2025-08-27 18:36:36,711 - INFO - 5. fon: cos=0.9585
2025-08-27 18:36:36,835 - INFO - === Layer 7 (mbert) — Top 5 (cosine) ===
2025-08-27 18:36:36,835 - INFO - 1. lug: cos=0.9889
2025-08-27 18:36:36,835 - INFO - 2. sna: cos=0.9842
2025-08-27 18:36:36,835 - INFO - 3. hau: cos=0.9816
2025-08-27 18:36:36,835 - INFO - 4. kin: cos=0.9800
2025-08-27 18:36:36,835 - INFO - 5. twi: cos=0.9785
2025-08-27 18:36:36,835 - INFO - === Layer 7 (mbert) — Worst 5 (cosine) ===
2025-08-27 18:36:36,835 - INFO - 1. bam: cos=0.9273
2025-08-27 18:36:36,835 - INFO - 2. yor: cos=0.9372
2025-08-27 18:36:36,835 - INFO - 3. swa: cos=0.9382
2025-08-27 18:36:36,835 - INFO - 4. bbj: cos=0.9488
2025-08-27 18:36:36,835 - INFO - 5. pcm: cos=0.9550
2025-08-27 18:36:36,959 - INFO - === Layer 8 (mbert) — Top 5 (cosine) ===
2025-08-27 18:36:36,959 - INFO - 1. lug: cos=0.9842
2025-08-27 18:36:36,959 - INFO - 2. sna: cos=0.9777
2025-08-27 18:36:36,959 - INFO - 3. hau: cos=0.9761
2025-08-27 18:36:36,959 - INFO - 4. kin: cos=0.9742
2025-08-27 18:36:36,959 - INFO - 5. mos: cos=0.9719
2025-08-27 18:36:36,959 - INFO - === Layer 8 (mbert) — Worst 5 (cosine) ===
2025-08-27 18:36:36,959 - INFO - 1. swa: cos=0.9158
2025-08-27 18:36:36,959 - INFO - 2. yor: cos=0.9233
2025-08-27 18:36:36,959 - INFO - 3. bbj: cos=0.9269
2025-08-27 18:36:36,959 - INFO - 4. bam: cos=0.9347
2025-08-27 18:36:36,959 - INFO - 5. pcm: cos=0.9374
2025-08-27 18:36:37,083 - INFO - === Layer 9 (mbert) — Top 5 (cosine) ===
2025-08-27 18:36:37,083 - INFO - 1. lug: cos=0.9877
2025-08-27 18:36:37,083 - INFO - 2. sna: cos=0.9821
2025-08-27 18:36:37,083 - INFO - 3. hau: cos=0.9792
2025-08-27 18:36:37,083 - INFO - 4. twi: cos=0.9785
2025-08-27 18:36:37,083 - INFO - 5. mos: cos=0.9783
2025-08-27 18:36:37,083 - INFO - === Layer 9 (mbert) — Worst 5 (cosine) ===
2025-08-27 18:36:37,083 - INFO - 1. swa: cos=0.9281
2025-08-27 18:36:37,083 - INFO - 2. yor: cos=0.9394
2025-08-27 18:36:37,083 - INFO - 3. bbj: cos=0.9442
2025-08-27 18:36:37,083 - INFO - 4. pcm: cos=0.9461
2025-08-27 18:36:37,083 - INFO - 5. bam: cos=0.9526
2025-08-27 18:36:37,206 - INFO - === Layer 10 (mbert) — Top 5 (cosine) ===
2025-08-27 18:36:37,206 - INFO - 1. lug: cos=0.9889
2025-08-27 18:36:37,206 - INFO - 2. hau: cos=0.9869
2025-08-27 18:36:37,206 - INFO - 3. sna: cos=0.9810
2025-08-27 18:36:37,206 - INFO - 4. mos: cos=0.9799
2025-08-27 18:36:37,206 - INFO - 5. twi: cos=0.9789
2025-08-27 18:36:37,206 - INFO - === Layer 10 (mbert) — Worst 5 (cosine) ===
2025-08-27 18:36:37,206 - INFO - 1. kin: cos=0.9307
2025-08-27 18:36:37,206 - INFO - 2. yor: cos=0.9381
2025-08-27 18:36:37,206 - INFO - 3. swa: cos=0.9471
2025-08-27 18:36:37,206 - INFO - 4. bbj: cos=0.9492
2025-08-27 18:36:37,206 - INFO - 5. pcm: cos=0.9494
2025-08-27 18:36:37,329 - INFO - === Layer 11 (mbert) — Top 5 (cosine) ===
2025-08-27 18:36:37,329 - INFO - 1. lug: cos=0.9906
2025-08-27 18:36:37,329 - INFO - 2. hau: cos=0.9876
2025-08-27 18:36:37,329 - INFO - 3. twi: cos=0.9852
2025-08-27 18:36:37,329 - INFO - 4. kin: cos=0.9832
2025-08-27 18:36:37,329 - INFO - 5. wol: cos=0.9826
2025-08-27 18:36:37,329 - INFO - === Layer 11 (mbert) — Worst 5 (cosine) ===
2025-08-27 18:36:37,329 - INFO - 1. yor: cos=0.9422
2025-08-27 18:36:37,329 - INFO - 2. bbj: cos=0.9493
2025-08-27 18:36:37,329 - INFO - 3. pcm: cos=0.9509
2025-08-27 18:36:37,329 - INFO - 4. swa: cos=0.9606
2025-08-27 18:36:37,329 - INFO - 5. zul: cos=0.9666
2025-08-27 18:36:37,463 - INFO - === Layer 12 (mbert) — Top 5 (cosine) ===
2025-08-27 18:36:37,463 - INFO - 1. nya: cos=0.9760
2025-08-27 18:36:37,464 - INFO - 2. kin: cos=0.9743
2025-08-27 18:36:37,464 - INFO - 3. wol: cos=0.9698
2025-08-27 18:36:37,464 - INFO - 4. lug: cos=0.9581
2025-08-27 18:36:37,464 - INFO - 5. ibo: cos=0.9463
2025-08-27 18:36:37,464 - INFO - === Layer 12 (mbert) — Worst 5 (cosine) ===
2025-08-27 18:36:37,464 - INFO - 1. pcm: cos=0.8805
2025-08-27 18:36:37,464 - INFO - 2. fon: cos=0.8889
2025-08-27 18:36:37,464 - INFO - 3. swa: cos=0.8940
2025-08-27 18:36:37,464 - INFO - 4. yor: cos=0.9161
2025-08-27 18:36:37,464 - INFO - 5. ewe: cos=0.9162
2025-08-27 18:36:37,464 - INFO - Experiment finished successfully.
