2025-08-03 08:00:19,784 - INFO - Experiment started with model_type=mbert, use_cls=False, use_context=False, context_window=2, use_hybrid=True, max_tokens_per_type=300, output_dir=rq2_train_scripts/Embeddings/MEXA_inspired_strategy/outputs/mptc/mbert/config_3_clsfalse_ctxfalse_hybtrue/tokens_300_ctx2
2025-08-03 08:00:20,807 - INFO - Processing run
2025-08-03 08:00:22,293 - INFO - Processing bam
2025-08-03 08:00:24,329 - INFO - Processing bbj
2025-08-03 08:00:26,396 - INFO - Processing ewe
2025-08-03 08:00:28,447 - INFO - Processing fon
2025-08-03 08:00:30,551 - INFO - Processing hau
2025-08-03 08:00:32,624 - INFO - Processing ibo
2025-08-03 08:00:34,750 - INFO - Processing kin
2025-08-03 08:00:36,847 - INFO - Processing lug
2025-08-03 08:00:38,912 - INFO - Processing luo
2025-08-03 08:00:41,001 - INFO - Processing mos
2025-08-03 08:00:43,060 - INFO - Processing nya
2025-08-03 08:00:45,141 - INFO - Processing pcm
2025-08-03 08:00:47,199 - INFO - Processing sna
2025-08-03 08:00:49,280 - INFO - Processing swa
2025-08-03 08:00:51,354 - INFO - Processing tsn
2025-08-03 08:00:53,382 - INFO - Processing twi
2025-08-03 08:00:55,433 - INFO - Processing wol
2025-08-03 08:00:57,506 - INFO - Processing xho
2025-08-03 08:00:59,573 - INFO - Processing yor
2025-08-03 08:01:01,684 - INFO - Processing zul
2025-08-03 08:01:04,200 - INFO - Top 5 languages most similar to Runyankore:
2025-08-03 08:01:04,200 - INFO - 1. lug - Mean Similarity: 0.5572
2025-08-03 08:01:04,200 - INFO - 2. kin - Mean Similarity: 0.5535
2025-08-03 08:01:04,200 - INFO - 3. luo - Mean Similarity: 0.5462
2025-08-03 08:01:04,200 - INFO - 4. twi - Mean Similarity: 0.5400
2025-08-03 08:01:04,200 - INFO - 5. swa - Mean Similarity: 0.5382
2025-08-03 08:01:04,200 - INFO - Experiment finished successfully.
