2025-08-24 11:36:52,302 - INFO - Start: model_type=mbert, run_both=False, use_cls=True, use_context=False, context_window=2, max_tokens_per_type=400, batch_size=32, seed=1, num_middle_layers=3, output_dir=rq2_train_scripts/Embeddings/EXTENDED/outputs/salt_extended/mbert/config_1_clstrue_ctxfalse_hybfalse/tokens_400_ctx2
2025-08-24 11:36:52,833 - INFO - mbert: selected layer indices (hidden_states) = [2, 3, 10, 12]
2025-08-24 11:36:53,699 - INFO - Processing run
2025-08-24 11:36:54,199 - INFO - Processing bam
2025-08-24 11:36:54,311 - INFO - Processing bbj
2025-08-24 11:36:54,399 - INFO - Processing ewe
2025-08-24 11:36:54,475 - INFO - Processing fon
2025-08-24 11:36:54,587 - INFO - Processing hau
2025-08-24 11:36:54,697 - INFO - Processing ibo
2025-08-24 11:36:54,848 - INFO - Processing kin
2025-08-24 11:36:54,981 - INFO - Processing lug
2025-08-24 11:36:55,073 - INFO - Processing luo
2025-08-24 11:36:55,186 - INFO - Processing mos
2025-08-24 11:36:55,283 - INFO - Processing nya
2025-08-24 11:36:55,415 - INFO - Processing pcm
2025-08-24 11:36:55,518 - INFO - Processing sna
2025-08-24 11:36:55,625 - INFO - Processing swa
2025-08-24 11:36:55,731 - INFO - Processing tsn
2025-08-24 11:36:55,816 - INFO - Processing twi
2025-08-24 11:36:55,909 - INFO - Processing wol
2025-08-24 11:36:56,055 - INFO - Processing xho
2025-08-24 11:36:56,157 - INFO - Processing yor
2025-08-24 11:36:56,292 - INFO - Processing zul
2025-08-24 11:36:56,651 - INFO - Layer 2 (mbert) — Top 5
2025-08-24 11:36:56,651 - INFO - 1. kin: r=0.9999
2025-08-24 11:36:56,651 - INFO - 2. lug: r=0.9999
2025-08-24 11:36:56,651 - INFO - 3. luo: r=0.9999
2025-08-24 11:36:56,651 - INFO - 4. ibo: r=0.9999
2025-08-24 11:36:56,651 - INFO - 5. twi: r=0.9999
2025-08-24 11:36:56,651 - INFO - Layer 2 (mbert) — Worst 5
2025-08-24 11:36:56,651 - INFO - 1. bbj: r=0.9993
2025-08-24 11:36:56,651 - INFO - 2. ewe: r=0.9994
2025-08-24 11:36:56,651 - INFO - 3. xho: r=0.9997
2025-08-24 11:36:56,651 - INFO - 4. mos: r=0.9998
2025-08-24 11:36:56,651 - INFO - 5. pcm: r=0.9998
2025-08-24 11:36:56,771 - INFO - Layer 3 (mbert) — Top 5
2025-08-24 11:36:56,771 - INFO - 1. lug: r=1.0000
2025-08-24 11:36:56,772 - INFO - 2. kin: r=1.0000
2025-08-24 11:36:56,772 - INFO - 3. ibo: r=1.0000
2025-08-24 11:36:56,772 - INFO - 4. luo: r=1.0000
2025-08-24 11:36:56,772 - INFO - 5. twi: r=1.0000
2025-08-24 11:36:56,772 - INFO - Layer 3 (mbert) — Worst 5
2025-08-24 11:36:56,772 - INFO - 1. bbj: r=0.9998
2025-08-24 11:36:56,772 - INFO - 2. ewe: r=0.9999
2025-08-24 11:36:56,772 - INFO - 3. xho: r=0.9999
2025-08-24 11:36:56,772 - INFO - 4. mos: r=0.9999
2025-08-24 11:36:56,772 - INFO - 5. pcm: r=1.0000
2025-08-24 11:36:56,891 - INFO - Layer 10 (mbert) — Top 5
2025-08-24 11:36:56,891 - INFO - 1. twi: r=0.9903
2025-08-24 11:36:56,892 - INFO - 2. kin: r=0.9898
2025-08-24 11:36:56,892 - INFO - 3. swa: r=0.9897
2025-08-24 11:36:56,892 - INFO - 4. luo: r=0.9893
2025-08-24 11:36:56,892 - INFO - 5. lug: r=0.9882
2025-08-24 11:36:56,892 - INFO - Layer 10 (mbert) — Worst 5
2025-08-24 11:36:56,892 - INFO - 1. yor: r=0.9647
2025-08-24 11:36:56,892 - INFO - 2. bbj: r=0.9661
2025-08-24 11:36:56,892 - INFO - 3. mos: r=0.9756
2025-08-24 11:36:56,892 - INFO - 4. fon: r=0.9763
2025-08-24 11:36:56,892 - INFO - 5. pcm: r=0.9775
2025-08-24 11:36:57,012 - INFO - Layer 12 (mbert) — Top 5
2025-08-24 11:36:57,012 - INFO - 1. twi: r=0.9738
2025-08-24 11:36:57,012 - INFO - 2. kin: r=0.9701
2025-08-24 11:36:57,012 - INFO - 3. lug: r=0.9700
2025-08-24 11:36:57,012 - INFO - 4. swa: r=0.9663
2025-08-24 11:36:57,012 - INFO - 5. luo: r=0.9632
2025-08-24 11:36:57,012 - INFO - Layer 12 (mbert) — Worst 5
2025-08-24 11:36:57,012 - INFO - 1. bbj: r=0.8980
2025-08-24 11:36:57,012 - INFO - 2. yor: r=0.9017
2025-08-24 11:36:57,012 - INFO - 3. xho: r=0.9172
2025-08-24 11:36:57,012 - INFO - 4. wol: r=0.9231
2025-08-24 11:36:57,012 - INFO - 5. mos: r=0.9270
2025-08-24 11:36:57,013 - INFO - Experiment finished successfully.
