2025-08-27 17:42:10,842 - INFO - Start: model_type=xlmr, use_cls=True, use_context=False, context_window=2, max_tokens_per_type=200, batch_size=64, output_dir=rq2_train_scripts/Embeddings/CLEAN/outputs/combined/xlmr/config_1_clstrue_ctxfalse/tokens_200_ctx2/core, save_prototypes=False, seed=42, fp16=True, max_length=96, langs=all, layers=all, span_mode=bio, pool=mean, entity_tags={'PER', 'ORG', 'DATE', 'LOC'}, title_suffix='L=all, tokens=200, ctx=2, cls=true, fp16=true'
2025-08-27 17:42:12,802 - INFO - Processing run
2025-08-27 17:42:13,212 - INFO - Processing bam
2025-08-27 17:42:13,257 - INFO - Processing bbj
2025-08-27 17:42:13,290 - INFO - Processing ewe
2025-08-27 17:42:13,329 - INFO - Processing fon
2025-08-27 17:42:13,376 - INFO - Processing hau
2025-08-27 17:42:13,430 - INFO - Processing ibo
2025-08-27 17:42:13,506 - INFO - Processing kin
2025-08-27 17:42:13,565 - INFO - Processing lug
2025-08-27 17:42:13,611 - INFO - Processing luo
2025-08-27 17:42:13,665 - INFO - Processing mos
2025-08-27 17:42:13,713 - INFO - Processing nya
2025-08-27 17:42:13,779 - INFO - Processing pcm
2025-08-27 17:42:13,834 - INFO - Processing sna
2025-08-27 17:42:13,884 - INFO - Processing swa
2025-08-27 17:42:13,942 - INFO - Processing tsn
2025-08-27 17:42:13,980 - INFO - Processing twi
2025-08-27 17:42:14,026 - INFO - Processing wol
2025-08-27 17:42:14,073 - INFO - Processing xho
2025-08-27 17:42:14,120 - INFO - Processing yor
2025-08-27 17:42:14,196 - INFO - Processing zul
2025-08-27 17:42:14,663 - INFO - === Layer 1 (xlmr) — Top 5 (cosine) ===
2025-08-27 17:42:14,663 - INFO - 1. twi: cos=0.9999
2025-08-27 17:42:14,663 - INFO - 2. luo: cos=0.9999
2025-08-27 17:42:14,663 - INFO - 3. kin: cos=0.9999
2025-08-27 17:42:14,663 - INFO - 4. ewe: cos=0.9998
2025-08-27 17:42:14,663 - INFO - 5. ibo: cos=0.9998
2025-08-27 17:42:14,663 - INFO - === Layer 1 (xlmr) — Worst 5 (cosine) ===
2025-08-27 17:42:14,663 - INFO - 1. hau: cos=0.9992
2025-08-27 17:42:14,663 - INFO - 2. pcm: cos=0.9994
2025-08-27 17:42:14,663 - INFO - 3. bbj: cos=0.9995
2025-08-27 17:42:14,663 - INFO - 4. bam: cos=0.9996
2025-08-27 17:42:14,663 - INFO - 5. swa: cos=0.9996
2025-08-27 17:42:14,792 - INFO - === Layer 2 (xlmr) — Top 5 (cosine) ===
2025-08-27 17:42:14,792 - INFO - 1. kin: cos=1.0000
2025-08-27 17:42:14,792 - INFO - 2. twi: cos=1.0000
2025-08-27 17:42:14,792 - INFO - 3. luo: cos=1.0000
2025-08-27 17:42:14,792 - INFO - 4. zul: cos=1.0000
2025-08-27 17:42:14,792 - INFO - 5. ewe: cos=1.0000
2025-08-27 17:42:14,792 - INFO - === Layer 2 (xlmr) — Worst 5 (cosine) ===
2025-08-27 17:42:14,792 - INFO - 1. pcm: cos=0.9999
2025-08-27 17:42:14,792 - INFO - 2. hau: cos=0.9999
2025-08-27 17:42:14,792 - INFO - 3. swa: cos=0.9999
2025-08-27 17:42:14,792 - INFO - 4. bbj: cos=0.9999
2025-08-27 17:42:14,792 - INFO - 5. xho: cos=0.9999
2025-08-27 17:42:14,919 - INFO - === Layer 3 (xlmr) — Top 5 (cosine) ===
2025-08-27 17:42:14,919 - INFO - 1. kin: cos=1.0000
2025-08-27 17:42:14,919 - INFO - 2. twi: cos=1.0000
2025-08-27 17:42:14,919 - INFO - 3. luo: cos=1.0000
2025-08-27 17:42:14,919 - INFO - 4. lug: cos=1.0000
2025-08-27 17:42:14,919 - INFO - 5. zul: cos=1.0000
2025-08-27 17:42:14,919 - INFO - === Layer 3 (xlmr) — Worst 5 (cosine) ===
2025-08-27 17:42:14,919 - INFO - 1. pcm: cos=1.0000
2025-08-27 17:42:14,919 - INFO - 2. swa: cos=1.0000
2025-08-27 17:42:14,919 - INFO - 3. yor: cos=1.0000
2025-08-27 17:42:14,919 - INFO - 4. xho: cos=1.0000
2025-08-27 17:42:14,919 - INFO - 5. sna: cos=1.0000
2025-08-27 17:42:15,047 - INFO - === Layer 4 (xlmr) — Top 5 (cosine) ===
2025-08-27 17:42:15,047 - INFO - 1. kin: cos=1.0000
2025-08-27 17:42:15,047 - INFO - 2. twi: cos=1.0000
2025-08-27 17:42:15,047 - INFO - 3. tsn: cos=1.0000
2025-08-27 17:42:15,047 - INFO - 4. bbj: cos=1.0000
2025-08-27 17:42:15,047 - INFO - 5. zul: cos=1.0000
2025-08-27 17:42:15,047 - INFO - === Layer 4 (xlmr) — Worst 5 (cosine) ===
2025-08-27 17:42:15,047 - INFO - 1. pcm: cos=1.0000
2025-08-27 17:42:15,047 - INFO - 2. yor: cos=1.0000
2025-08-27 17:42:15,047 - INFO - 3. hau: cos=1.0000
2025-08-27 17:42:15,047 - INFO - 4. bam: cos=1.0000
2025-08-27 17:42:15,047 - INFO - 5. nya: cos=1.0000
2025-08-27 17:42:15,174 - INFO - === Layer 5 (xlmr) — Top 5 (cosine) ===
2025-08-27 17:42:15,174 - INFO - 1. mos: cos=1.0000
2025-08-27 17:42:15,174 - INFO - 2. ewe: cos=1.0000
2025-08-27 17:42:15,174 - INFO - 3. bbj: cos=1.0000
2025-08-27 17:42:15,174 - INFO - 4. twi: cos=1.0000
2025-08-27 17:42:15,174 - INFO - 5. zul: cos=1.0000
2025-08-27 17:42:15,174 - INFO - === Layer 5 (xlmr) — Worst 5 (cosine) ===
2025-08-27 17:42:15,174 - INFO - 1. yor: cos=1.0000
2025-08-27 17:42:15,174 - INFO - 2. hau: cos=1.0000
2025-08-27 17:42:15,174 - INFO - 3. pcm: cos=1.0000
2025-08-27 17:42:15,174 - INFO - 4. swa: cos=1.0000
2025-08-27 17:42:15,174 - INFO - 5. kin: cos=1.0000
2025-08-27 17:42:15,300 - INFO - === Layer 6 (xlmr) — Top 5 (cosine) ===
2025-08-27 17:42:15,300 - INFO - 1. mos: cos=1.0000
2025-08-27 17:42:15,300 - INFO - 2. nya: cos=1.0000
2025-08-27 17:42:15,300 - INFO - 3. bbj: cos=1.0000
2025-08-27 17:42:15,300 - INFO - 4. twi: cos=1.0000
2025-08-27 17:42:15,300 - INFO - 5. ewe: cos=1.0000
2025-08-27 17:42:15,300 - INFO - === Layer 6 (xlmr) — Worst 5 (cosine) ===
2025-08-27 17:42:15,300 - INFO - 1. yor: cos=1.0000
2025-08-27 17:42:15,300 - INFO - 2. hau: cos=1.0000
2025-08-27 17:42:15,300 - INFO - 3. luo: cos=1.0000
2025-08-27 17:42:15,300 - INFO - 4. swa: cos=1.0000
2025-08-27 17:42:15,300 - INFO - 5. pcm: cos=1.0000
2025-08-27 17:42:15,426 - INFO - === Layer 7 (xlmr) — Top 5 (cosine) ===
2025-08-27 17:42:15,426 - INFO - 1. lug: cos=1.0000
2025-08-27 17:42:15,426 - INFO - 2. twi: cos=1.0000
2025-08-27 17:42:15,426 - INFO - 3. bbj: cos=1.0000
2025-08-27 17:42:15,426 - INFO - 4. swa: cos=1.0000
2025-08-27 17:42:15,426 - INFO - 5. ibo: cos=1.0000
2025-08-27 17:42:15,426 - INFO - === Layer 7 (xlmr) — Worst 5 (cosine) ===
2025-08-27 17:42:15,426 - INFO - 1. luo: cos=1.0000
2025-08-27 17:42:15,426 - INFO - 2. pcm: cos=1.0000
2025-08-27 17:42:15,426 - INFO - 3. tsn: cos=1.0000
2025-08-27 17:42:15,426 - INFO - 4. hau: cos=1.0000
2025-08-27 17:42:15,426 - INFO - 5. sna: cos=1.0000
2025-08-27 17:42:15,615 - INFO - === Layer 8 (xlmr) — Top 5 (cosine) ===
2025-08-27 17:42:15,615 - INFO - 1. zul: cos=1.0000
2025-08-27 17:42:15,615 - INFO - 2. ewe: cos=1.0000
2025-08-27 17:42:15,615 - INFO - 3. tsn: cos=1.0000
2025-08-27 17:42:15,615 - INFO - 4. lug: cos=1.0000
2025-08-27 17:42:15,615 - INFO - 5. nya: cos=1.0000
2025-08-27 17:42:15,615 - INFO - === Layer 8 (xlmr) — Worst 5 (cosine) ===
2025-08-27 17:42:15,615 - INFO - 1. pcm: cos=0.9998
2025-08-27 17:42:15,615 - INFO - 2. bbj: cos=0.9999
2025-08-27 17:42:15,615 - INFO - 3. fon: cos=0.9999
2025-08-27 17:42:15,615 - INFO - 4. ibo: cos=0.9999
2025-08-27 17:42:15,615 - INFO - 5. hau: cos=0.9999
2025-08-27 17:42:15,739 - INFO - === Layer 9 (xlmr) — Top 5 (cosine) ===
2025-08-27 17:42:15,739 - INFO - 1. zul: cos=1.0000
2025-08-27 17:42:15,739 - INFO - 2. ewe: cos=1.0000
2025-08-27 17:42:15,739 - INFO - 3. bam: cos=1.0000
2025-08-27 17:42:15,739 - INFO - 4. lug: cos=1.0000
2025-08-27 17:42:15,739 - INFO - 5. wol: cos=1.0000
2025-08-27 17:42:15,740 - INFO - === Layer 9 (xlmr) — Worst 5 (cosine) ===
2025-08-27 17:42:15,740 - INFO - 1. pcm: cos=0.9999
2025-08-27 17:42:15,740 - INFO - 2. ibo: cos=1.0000
2025-08-27 17:42:15,740 - INFO - 3. hau: cos=1.0000
2025-08-27 17:42:15,740 - INFO - 4. luo: cos=1.0000
2025-08-27 17:42:15,740 - INFO - 5. sna: cos=1.0000
2025-08-27 17:42:15,864 - INFO - === Layer 10 (xlmr) — Top 5 (cosine) ===
2025-08-27 17:42:15,864 - INFO - 1. swa: cos=1.0000
2025-08-27 17:42:15,864 - INFO - 2. ewe: cos=1.0000
2025-08-27 17:42:15,864 - INFO - 3. zul: cos=1.0000
2025-08-27 17:42:15,864 - INFO - 4. hau: cos=1.0000
2025-08-27 17:42:15,864 - INFO - 5. tsn: cos=1.0000
2025-08-27 17:42:15,864 - INFO - === Layer 10 (xlmr) — Worst 5 (cosine) ===
2025-08-27 17:42:15,864 - INFO - 1. bam: cos=0.9999
2025-08-27 17:42:15,864 - INFO - 2. pcm: cos=1.0000
2025-08-27 17:42:15,864 - INFO - 3. ibo: cos=1.0000
2025-08-27 17:42:15,864 - INFO - 4. yor: cos=1.0000
2025-08-27 17:42:15,864 - INFO - 5. fon: cos=1.0000
2025-08-27 17:42:15,988 - INFO - === Layer 11 (xlmr) — Top 5 (cosine) ===
2025-08-27 17:42:15,988 - INFO - 1. nya: cos=1.0000
2025-08-27 17:42:15,988 - INFO - 2. hau: cos=1.0000
2025-08-27 17:42:15,988 - INFO - 3. zul: cos=1.0000
2025-08-27 17:42:15,988 - INFO - 4. pcm: cos=1.0000
2025-08-27 17:42:15,988 - INFO - 5. yor: cos=1.0000
2025-08-27 17:42:15,988 - INFO - === Layer 11 (xlmr) — Worst 5 (cosine) ===
2025-08-27 17:42:15,988 - INFO - 1. kin: cos=0.9998
2025-08-27 17:42:15,988 - INFO - 2. luo: cos=0.9998
2025-08-27 17:42:15,988 - INFO - 3. mos: cos=0.9999
2025-08-27 17:42:15,988 - INFO - 4. bam: cos=0.9999
2025-08-27 17:42:15,988 - INFO - 5. lug: cos=0.9999
2025-08-27 17:42:16,113 - INFO - === Layer 12 (xlmr) — Top 5 (cosine) ===
2025-08-27 17:42:16,113 - INFO - 1. nya: cos=0.9999
2025-08-27 17:42:16,113 - INFO - 2. wol: cos=0.9999
2025-08-27 17:42:16,113 - INFO - 3. tsn: cos=0.9998
2025-08-27 17:42:16,113 - INFO - 4. ewe: cos=0.9998
2025-08-27 17:42:16,113 - INFO - 5. fon: cos=0.9998
2025-08-27 17:42:16,113 - INFO - === Layer 12 (xlmr) — Worst 5 (cosine) ===
2025-08-27 17:42:16,113 - INFO - 1. hau: cos=0.9676
2025-08-27 17:42:16,113 - INFO - 2. bam: cos=0.9970
2025-08-27 17:42:16,113 - INFO - 3. twi: cos=0.9984
2025-08-27 17:42:16,113 - INFO - 4. pcm: cos=0.9995
2025-08-27 17:42:16,113 - INFO - 5. kin: cos=0.9996
2025-08-27 17:42:16,113 - INFO - Experiment finished successfully.
