2025-08-03 00:00:02,797 - INFO - Experiment started with model_type=mbert, use_cls=False, use_context=True, context_window=0, use_hybrid=False, max_tokens_per_type=500, output_dir=rq2_train_scripts/Embeddings/MEXA_inspired_strategy/outputs/salt/mbert/config_2_clsfalse_ctxtrue_hybfalse/tokens_500_ctx0
2025-08-03 00:00:04,203 - INFO - Processing run
2025-08-03 00:00:22,627 - INFO - Processing bam
2025-08-03 00:00:40,873 - INFO - Processing bbj
2025-08-03 00:01:00,363 - INFO - Processing ewe
2025-08-03 00:01:19,825 - INFO - Processing fon
2025-08-03 00:01:39,796 - INFO - Processing hau
2025-08-03 00:01:59,392 - INFO - Processing ibo
2025-08-03 00:02:19,684 - INFO - Processing kin
2025-08-03 00:02:39,079 - INFO - Processing lug
2025-08-03 00:02:57,832 - INFO - Processing luo
2025-08-03 00:03:17,894 - INFO - Processing mos
2025-08-03 00:03:36,930 - INFO - Processing nya
2025-08-03 00:03:57,311 - INFO - Processing pcm
2025-08-03 00:04:16,944 - INFO - Processing sna
2025-08-03 00:04:36,601 - INFO - Processing swa
2025-08-03 00:04:55,654 - INFO - Processing tsn
2025-08-03 00:05:14,518 - INFO - Processing twi
2025-08-03 00:05:33,504 - INFO - Processing wol
2025-08-03 00:05:53,026 - INFO - Processing xho
2025-08-03 00:06:12,497 - INFO - Processing yor
2025-08-03 00:06:32,204 - INFO - Processing zul
2025-08-03 00:06:51,969 - INFO - Top 5 languages most similar to Runyankore:
2025-08-03 00:06:51,969 - INFO - 1. lug - Mean Similarity: 0.9574
2025-08-03 00:06:51,969 - INFO - 2. kin - Mean Similarity: 0.9468
2025-08-03 00:06:51,969 - INFO - 3. luo - Mean Similarity: 0.9451
2025-08-03 00:06:51,969 - INFO - 4. ibo - Mean Similarity: 0.9356
2025-08-03 00:06:51,969 - INFO - 5. twi - Mean Similarity: 0.9331
2025-08-03 00:06:51,969 - INFO - Experiment finished successfully.
