2025-08-27 18:16:14,956 - INFO - Start: model_type=mbert, use_cls=True, use_context=False, context_window=2, max_tokens_per_type=400, batch_size=64, output_dir=rq2_train_scripts/Embeddings/CLEAN/outputs/mptc/mbert/config_1_clstrue_ctxfalse/tokens_400_ctx2/core, save_prototypes=False, seed=42, fp16=True, max_length=96, langs=all, layers=all, span_mode=bio, pool=mean, entity_tags={'ORG', 'DATE', 'PER', 'LOC'}, title_suffix='L=all, tokens=400, ctx=2, cls=true, fp16=true'
2025-08-27 18:16:16,464 - INFO - Processing run
2025-08-27 18:16:16,890 - INFO - Processing bam
2025-08-27 18:16:16,941 - INFO - Processing bbj
2025-08-27 18:16:16,993 - INFO - Processing ewe
2025-08-27 18:16:17,039 - INFO - Processing fon
2025-08-27 18:16:17,097 - INFO - Processing hau
2025-08-27 18:16:17,158 - INFO - Processing ibo
2025-08-27 18:16:17,241 - INFO - Processing kin
2025-08-27 18:16:17,302 - INFO - Processing lug
2025-08-27 18:16:17,363 - INFO - Processing luo
2025-08-27 18:16:17,442 - INFO - Processing mos
2025-08-27 18:16:17,512 - INFO - Processing nya
2025-08-27 18:16:17,575 - INFO - Processing pcm
2025-08-27 18:16:17,628 - INFO - Processing sna
2025-08-27 18:16:17,687 - INFO - Processing swa
2025-08-27 18:16:17,751 - INFO - Processing tsn
2025-08-27 18:16:17,797 - INFO - Processing twi
2025-08-27 18:16:17,853 - INFO - Processing wol
2025-08-27 18:16:17,916 - INFO - Processing xho
2025-08-27 18:16:17,961 - INFO - Processing yor
2025-08-27 18:16:18,039 - INFO - Processing zul
2025-08-27 18:16:18,446 - INFO - === Layer 1 (mbert) — Top 5 (cosine) ===
2025-08-27 18:16:18,447 - INFO - 1. kin: cos=0.9995
2025-08-27 18:16:18,447 - INFO - 2. luo: cos=0.9994
2025-08-27 18:16:18,447 - INFO - 3. swa: cos=0.9992
2025-08-27 18:16:18,447 - INFO - 4. ibo: cos=0.9992
2025-08-27 18:16:18,447 - INFO - 5. nya: cos=0.9991
2025-08-27 18:16:18,447 - INFO - === Layer 1 (mbert) — Worst 5 (cosine) ===
2025-08-27 18:16:18,447 - INFO - 1. ewe: cos=0.9916
2025-08-27 18:16:18,447 - INFO - 2. bbj: cos=0.9961
2025-08-27 18:16:18,447 - INFO - 3. xho: cos=0.9976
2025-08-27 18:16:18,447 - INFO - 4. pcm: cos=0.9976
2025-08-27 18:16:18,447 - INFO - 5. mos: cos=0.9980
2025-08-27 18:16:18,575 - INFO - === Layer 2 (mbert) — Top 5 (cosine) ===
2025-08-27 18:16:18,575 - INFO - 1. luo: cos=0.9999
2025-08-27 18:16:18,575 - INFO - 2. kin: cos=0.9999
2025-08-27 18:16:18,575 - INFO - 3. swa: cos=0.9999
2025-08-27 18:16:18,575 - INFO - 4. ibo: cos=0.9999
2025-08-27 18:16:18,575 - INFO - 5. nya: cos=0.9999
2025-08-27 18:16:18,575 - INFO - === Layer 2 (mbert) — Worst 5 (cosine) ===
2025-08-27 18:16:18,575 - INFO - 1. ewe: cos=0.9986
2025-08-27 18:16:18,575 - INFO - 2. bbj: cos=0.9994
2025-08-27 18:16:18,575 - INFO - 3. pcm: cos=0.9996
2025-08-27 18:16:18,575 - INFO - 4. xho: cos=0.9996
2025-08-27 18:16:18,575 - INFO - 5. yor: cos=0.9997
2025-08-27 18:16:18,705 - INFO - === Layer 3 (mbert) — Top 5 (cosine) ===
2025-08-27 18:16:18,705 - INFO - 1. kin: cos=1.0000
2025-08-27 18:16:18,705 - INFO - 2. luo: cos=1.0000
2025-08-27 18:16:18,705 - INFO - 3. nya: cos=1.0000
2025-08-27 18:16:18,705 - INFO - 4. ibo: cos=1.0000
2025-08-27 18:16:18,705 - INFO - 5. bam: cos=1.0000
2025-08-27 18:16:18,705 - INFO - === Layer 3 (mbert) — Worst 5 (cosine) ===
2025-08-27 18:16:18,705 - INFO - 1. ewe: cos=0.9997
2025-08-27 18:16:18,705 - INFO - 2. bbj: cos=0.9998
2025-08-27 18:16:18,705 - INFO - 3. pcm: cos=0.9999
2025-08-27 18:16:18,705 - INFO - 4. xho: cos=0.9999
2025-08-27 18:16:18,705 - INFO - 5. sna: cos=0.9999
2025-08-27 18:16:18,833 - INFO - === Layer 4 (mbert) — Top 5 (cosine) ===
2025-08-27 18:16:18,833 - INFO - 1. kin: cos=0.9999
2025-08-27 18:16:18,833 - INFO - 2. hau: cos=0.9999
2025-08-27 18:16:18,833 - INFO - 3. ibo: cos=0.9999
2025-08-27 18:16:18,833 - INFO - 4. zul: cos=0.9999
2025-08-27 18:16:18,833 - INFO - 5. twi: cos=0.9999
2025-08-27 18:16:18,833 - INFO - === Layer 4 (mbert) — Worst 5 (cosine) ===
2025-08-27 18:16:18,833 - INFO - 1. ewe: cos=0.9996
2025-08-27 18:16:18,833 - INFO - 2. pcm: cos=0.9996
2025-08-27 18:16:18,833 - INFO - 3. swa: cos=0.9997
2025-08-27 18:16:18,833 - INFO - 4. sna: cos=0.9997
2025-08-27 18:16:18,833 - INFO - 5. yor: cos=0.9997
2025-08-27 18:16:18,964 - INFO - === Layer 5 (mbert) — Top 5 (cosine) ===
2025-08-27 18:16:18,964 - INFO - 1. twi: cos=0.9935
2025-08-27 18:16:18,964 - INFO - 2. luo: cos=0.9933
2025-08-27 18:16:18,964 - INFO - 3. hau: cos=0.9931
2025-08-27 18:16:18,964 - INFO - 4. ibo: cos=0.9931
2025-08-27 18:16:18,964 - INFO - 5. tsn: cos=0.9930
2025-08-27 18:16:18,964 - INFO - === Layer 5 (mbert) — Worst 5 (cosine) ===
2025-08-27 18:16:18,964 - INFO - 1. yor: cos=0.9806
2025-08-27 18:16:18,964 - INFO - 2. mos: cos=0.9813
2025-08-27 18:16:18,964 - INFO - 3. bbj: cos=0.9822
2025-08-27 18:16:18,964 - INFO - 4. pcm: cos=0.9845
2025-08-27 18:16:18,964 - INFO - 5. ewe: cos=0.9859
2025-08-27 18:16:19,175 - INFO - === Layer 6 (mbert) — Top 5 (cosine) ===
2025-08-27 18:16:19,175 - INFO - 1. luo: cos=0.9899
2025-08-27 18:16:19,175 - INFO - 2. twi: cos=0.9886
2025-08-27 18:16:19,175 - INFO - 3. tsn: cos=0.9875
2025-08-27 18:16:19,175 - INFO - 4. kin: cos=0.9873
2025-08-27 18:16:19,175 - INFO - 5. zul: cos=0.9871
2025-08-27 18:16:19,175 - INFO - === Layer 6 (mbert) — Worst 5 (cosine) ===
2025-08-27 18:16:19,175 - INFO - 1. yor: cos=0.9638
2025-08-27 18:16:19,175 - INFO - 2. bbj: cos=0.9651
2025-08-27 18:16:19,175 - INFO - 3. mos: cos=0.9684
2025-08-27 18:16:19,175 - INFO - 4. pcm: cos=0.9691
2025-08-27 18:16:19,175 - INFO - 5. fon: cos=0.9725
2025-08-27 18:16:19,347 - INFO - === Layer 7 (mbert) — Top 5 (cosine) ===
2025-08-27 18:16:19,347 - INFO - 1. zul: cos=0.9841
2025-08-27 18:16:19,347 - INFO - 2. tsn: cos=0.9835
2025-08-27 18:16:19,347 - INFO - 3. twi: cos=0.9834
2025-08-27 18:16:19,347 - INFO - 4. ibo: cos=0.9828
2025-08-27 18:16:19,347 - INFO - 5. luo: cos=0.9827
2025-08-27 18:16:19,347 - INFO - === Layer 7 (mbert) — Worst 5 (cosine) ===
2025-08-27 18:16:19,347 - INFO - 1. pcm: cos=0.9515
2025-08-27 18:16:19,348 - INFO - 2. yor: cos=0.9600
2025-08-27 18:16:19,348 - INFO - 3. bbj: cos=0.9618
2025-08-27 18:16:19,348 - INFO - 4. mos: cos=0.9651
2025-08-27 18:16:19,348 - INFO - 5. ewe: cos=0.9665
2025-08-27 18:16:19,536 - INFO - === Layer 8 (mbert) — Top 5 (cosine) ===
2025-08-27 18:16:19,536 - INFO - 1. luo: cos=0.9662
2025-08-27 18:16:19,536 - INFO - 2. kin: cos=0.9635
2025-08-27 18:16:19,536 - INFO - 3. ibo: cos=0.9620
2025-08-27 18:16:19,536 - INFO - 4. twi: cos=0.9593
2025-08-27 18:16:19,536 - INFO - 5. zul: cos=0.9576
2025-08-27 18:16:19,536 - INFO - === Layer 8 (mbert) — Worst 5 (cosine) ===
2025-08-27 18:16:19,536 - INFO - 1. pcm: cos=0.9220
2025-08-27 18:16:19,536 - INFO - 2. bbj: cos=0.9380
2025-08-27 18:16:19,536 - INFO - 3. mos: cos=0.9392
2025-08-27 18:16:19,536 - INFO - 4. wol: cos=0.9397
2025-08-27 18:16:19,536 - INFO - 5. yor: cos=0.9400
2025-08-27 18:16:19,686 - INFO - === Layer 9 (mbert) — Top 5 (cosine) ===
2025-08-27 18:16:19,686 - INFO - 1. kin: cos=0.9763
2025-08-27 18:16:19,686 - INFO - 2. luo: cos=0.9754
2025-08-27 18:16:19,686 - INFO - 3. twi: cos=0.9751
2025-08-27 18:16:19,686 - INFO - 4. zul: cos=0.9744
2025-08-27 18:16:19,686 - INFO - 5. ibo: cos=0.9698
2025-08-27 18:16:19,686 - INFO - === Layer 9 (mbert) — Worst 5 (cosine) ===
2025-08-27 18:16:19,686 - INFO - 1. yor: cos=0.9548
2025-08-27 18:16:19,686 - INFO - 2. bbj: cos=0.9566
2025-08-27 18:16:19,686 - INFO - 3. nya: cos=0.9572
2025-08-27 18:16:19,686 - INFO - 4. pcm: cos=0.9597
2025-08-27 18:16:19,686 - INFO - 5. bam: cos=0.9598
2025-08-27 18:16:19,816 - INFO - === Layer 10 (mbert) — Top 5 (cosine) ===
2025-08-27 18:16:19,816 - INFO - 1. kin: cos=0.9764
2025-08-27 18:16:19,816 - INFO - 2. twi: cos=0.9735
2025-08-27 18:16:19,816 - INFO - 3. luo: cos=0.9721
2025-08-27 18:16:19,816 - INFO - 4. ibo: cos=0.9710
2025-08-27 18:16:19,816 - INFO - 5. zul: cos=0.9707
2025-08-27 18:16:19,816 - INFO - === Layer 10 (mbert) — Worst 5 (cosine) ===
2025-08-27 18:16:19,816 - INFO - 1. yor: cos=0.9390
2025-08-27 18:16:19,816 - INFO - 2. bbj: cos=0.9583
2025-08-27 18:16:19,816 - INFO - 3. nya: cos=0.9597
2025-08-27 18:16:19,816 - INFO - 4. pcm: cos=0.9607
2025-08-27 18:16:19,816 - INFO - 5. xho: cos=0.9613
2025-08-27 18:16:19,948 - INFO - === Layer 11 (mbert) — Top 5 (cosine) ===
2025-08-27 18:16:19,948 - INFO - 1. kin: cos=0.9775
2025-08-27 18:16:19,948 - INFO - 2. twi: cos=0.9745
2025-08-27 18:16:19,948 - INFO - 3. luo: cos=0.9745
2025-08-27 18:16:19,948 - INFO - 4. ibo: cos=0.9724
2025-08-27 18:16:19,948 - INFO - 5. zul: cos=0.9719
2025-08-27 18:16:19,948 - INFO - === Layer 11 (mbert) — Worst 5 (cosine) ===
2025-08-27 18:16:19,948 - INFO - 1. yor: cos=0.9444
2025-08-27 18:16:19,948 - INFO - 2. bbj: cos=0.9555
2025-08-27 18:16:19,949 - INFO - 3. wol: cos=0.9631
2025-08-27 18:16:19,949 - INFO - 4. pcm: cos=0.9634
2025-08-27 18:16:19,949 - INFO - 5. xho: cos=0.9635
2025-08-27 18:16:20,100 - INFO - === Layer 12 (mbert) — Top 5 (cosine) ===
2025-08-27 18:16:20,100 - INFO - 1. kin: cos=0.9484
2025-08-27 18:16:20,100 - INFO - 2. lug: cos=0.9405
2025-08-27 18:16:20,100 - INFO - 3. mos: cos=0.9340
2025-08-27 18:16:20,100 - INFO - 4. zul: cos=0.9336
2025-08-27 18:16:20,100 - INFO - 5. fon: cos=0.9335
2025-08-27 18:16:20,100 - INFO - === Layer 12 (mbert) — Worst 5 (cosine) ===
2025-08-27 18:16:20,100 - INFO - 1. yor: cos=0.8462
2025-08-27 18:16:20,100 - INFO - 2. bbj: cos=0.8949
2025-08-27 18:16:20,100 - INFO - 3. nya: cos=0.9018
2025-08-27 18:16:20,100 - INFO - 4. xho: cos=0.9084
2025-08-27 18:16:20,100 - INFO - 5. wol: cos=0.9095
2025-08-27 18:16:20,101 - INFO - Experiment finished successfully.
