2025-08-24 11:37:13,610 - INFO - Start: model_type=xlmr, run_both=False, use_cls=True, use_context=True, context_window=0, max_tokens_per_type=400, batch_size=32, seed=1, num_middle_layers=3, output_dir=rq2_train_scripts/Embeddings/EXTENDED/outputs/mptc_extended/xlmr/config_7_clstrue_ctxtrue_hybtrue/tokens_400_ctx0
2025-08-24 11:37:14,157 - INFO - xlmr: selected layer indices (hidden_states) = [2, 3, 10, 12]
2025-08-24 11:37:15,623 - INFO - Processing run
2025-08-24 11:37:16,016 - INFO - Processing bam
2025-08-24 11:37:16,097 - INFO - Processing bbj
2025-08-24 11:37:16,249 - INFO - Processing ewe
2025-08-24 11:37:16,394 - INFO - Processing fon
2025-08-24 11:37:16,500 - INFO - Processing hau
2025-08-24 11:37:16,630 - INFO - Processing ibo
2025-08-24 11:37:16,742 - INFO - Processing kin
2025-08-24 11:37:16,833 - INFO - Processing lug
2025-08-24 11:37:16,907 - INFO - Processing luo
2025-08-24 11:37:16,997 - INFO - Processing mos
2025-08-24 11:37:17,101 - INFO - Processing nya
2025-08-24 11:37:17,256 - INFO - Processing pcm
2025-08-24 11:37:17,388 - INFO - Processing sna
2025-08-24 11:37:17,489 - INFO - Processing swa
2025-08-24 11:37:17,603 - INFO - Processing tsn
2025-08-24 11:37:17,705 - INFO - Processing twi
2025-08-24 11:37:17,805 - INFO - Processing wol
2025-08-24 11:37:17,897 - INFO - Processing xho
2025-08-24 11:37:18,029 - INFO - Processing yor
2025-08-24 11:37:18,179 - INFO - Processing zul
2025-08-24 11:37:18,640 - INFO - Layer 2 (xlmr) — Top 5
2025-08-24 11:37:18,640 - INFO - 1. kin: r=1.0000
2025-08-24 11:37:18,640 - INFO - 2. tsn: r=1.0000
2025-08-24 11:37:18,640 - INFO - 3. twi: r=1.0000
2025-08-24 11:37:18,640 - INFO - 4. ibo: r=1.0000
2025-08-24 11:37:18,640 - INFO - 5. zul: r=1.0000
2025-08-24 11:37:18,640 - INFO - Layer 2 (xlmr) — Worst 5
2025-08-24 11:37:18,640 - INFO - 1. bam: r=0.9999
2025-08-24 11:37:18,640 - INFO - 2. bbj: r=0.9999
2025-08-24 11:37:18,640 - INFO - 3. fon: r=0.9999
2025-08-24 11:37:18,640 - INFO - 4. hau: r=0.9999
2025-08-24 11:37:18,640 - INFO - 5. pcm: r=0.9999
2025-08-24 11:37:18,759 - INFO - Layer 3 (xlmr) — Top 5
2025-08-24 11:37:18,759 - INFO - 1. kin: r=1.0000
2025-08-24 11:37:18,759 - INFO - 2. twi: r=1.0000
2025-08-24 11:37:18,759 - INFO - 3. tsn: r=1.0000
2025-08-24 11:37:18,759 - INFO - 4. ewe: r=1.0000
2025-08-24 11:37:18,759 - INFO - 5. luo: r=1.0000
2025-08-24 11:37:18,759 - INFO - Layer 3 (xlmr) — Worst 5
2025-08-24 11:37:18,759 - INFO - 1. bbj: r=1.0000
2025-08-24 11:37:18,759 - INFO - 2. bam: r=1.0000
2025-08-24 11:37:18,759 - INFO - 3. fon: r=1.0000
2025-08-24 11:37:18,759 - INFO - 4. pcm: r=1.0000
2025-08-24 11:37:18,759 - INFO - 5. wol: r=1.0000
2025-08-24 11:37:18,879 - INFO - Layer 10 (xlmr) — Top 5
2025-08-24 11:37:18,879 - INFO - 1. tsn: r=1.0000
2025-08-24 11:37:18,879 - INFO - 2. luo: r=1.0000
2025-08-24 11:37:18,879 - INFO - 3. twi: r=1.0000
2025-08-24 11:37:18,879 - INFO - 4. kin: r=1.0000
2025-08-24 11:37:18,879 - INFO - 5. swa: r=1.0000
2025-08-24 11:37:18,879 - INFO - Layer 10 (xlmr) — Worst 5
2025-08-24 11:37:18,879 - INFO - 1. fon: r=1.0000
2025-08-24 11:37:18,879 - INFO - 2. hau: r=1.0000
2025-08-24 11:37:18,879 - INFO - 3. pcm: r=1.0000
2025-08-24 11:37:18,879 - INFO - 4. ibo: r=1.0000
2025-08-24 11:37:18,879 - INFO - 5. mos: r=1.0000
2025-08-24 11:37:19,002 - INFO - Layer 12 (xlmr) — Top 5
2025-08-24 11:37:19,002 - INFO - 1. nya: r=0.9999
2025-08-24 11:37:19,002 - INFO - 2. luo: r=0.9999
2025-08-24 11:37:19,002 - INFO - 3. tsn: r=0.9999
2025-08-24 11:37:19,002 - INFO - 4. kin: r=0.9999
2025-08-24 11:37:19,002 - INFO - 5. lug: r=0.9999
2025-08-24 11:37:19,002 - INFO - Layer 12 (xlmr) — Worst 5
2025-08-24 11:37:19,002 - INFO - 1. hau: r=0.9959
2025-08-24 11:37:19,002 - INFO - 2. fon: r=0.9993
2025-08-24 11:37:19,002 - INFO - 3. pcm: r=0.9994
2025-08-24 11:37:19,002 - INFO - 4. bbj: r=0.9997
2025-08-24 11:37:19,002 - INFO - 5. ibo: r=0.9997
2025-08-24 11:37:19,003 - INFO - Experiment finished successfully.
