2025-08-24 11:50:13,469 - INFO - Start: model_type=mbert, run_both=False, use_cls=True, use_context=True, context_window=1, max_tokens_per_type=400, batch_size=32, seed=1, num_middle_layers=3, output_dir=rq2_train_scripts/Embeddings/EXTENDED/outputs/salt_extended/mbert/config_7_clstrue_ctxtrue_hybtrue/tokens_400_ctx1
2025-08-24 11:50:14,027 - INFO - mbert: selected layer indices (hidden_states) = [2, 3, 10, 12]
2025-08-24 11:50:14,923 - INFO - Processing run
2025-08-24 11:50:15,471 - INFO - Processing bam
2025-08-24 11:50:15,618 - INFO - Processing bbj
2025-08-24 11:50:15,768 - INFO - Processing ewe
2025-08-24 11:50:15,861 - INFO - Processing fon
2025-08-24 11:50:16,019 - INFO - Processing hau
2025-08-24 11:50:16,112 - INFO - Processing ibo
2025-08-24 11:50:16,259 - INFO - Processing kin
2025-08-24 11:50:16,369 - INFO - Processing lug
2025-08-24 11:50:16,461 - INFO - Processing luo
2025-08-24 11:50:16,568 - INFO - Processing mos
2025-08-24 11:50:16,690 - INFO - Processing nya
2025-08-24 11:50:16,859 - INFO - Processing pcm
2025-08-24 11:50:16,989 - INFO - Processing sna
2025-08-24 11:50:17,194 - INFO - Processing swa
2025-08-24 11:50:17,329 - INFO - Processing tsn
2025-08-24 11:50:17,437 - INFO - Processing twi
2025-08-24 11:50:17,582 - INFO - Processing wol
2025-08-24 11:50:17,710 - INFO - Processing xho
2025-08-24 11:50:17,836 - INFO - Processing yor
2025-08-24 11:50:17,999 - INFO - Processing zul
2025-08-24 11:50:18,378 - INFO - Layer 2 (mbert) — Top 5
2025-08-24 11:50:18,378 - INFO - 1. lug: r=1.0000
2025-08-24 11:50:18,378 - INFO - 2. sna: r=1.0000
2025-08-24 11:50:18,378 - INFO - 3. kin: r=1.0000
2025-08-24 11:50:18,378 - INFO - 4. hau: r=1.0000
2025-08-24 11:50:18,378 - INFO - 5. nya: r=1.0000
2025-08-24 11:50:18,378 - INFO - Layer 2 (mbert) — Worst 5
2025-08-24 11:50:18,378 - INFO - 1. pcm: r=0.9999
2025-08-24 11:50:18,378 - INFO - 2. yor: r=0.9999
2025-08-24 11:50:18,378 - INFO - 3. bbj: r=0.9999
2025-08-24 11:50:18,378 - INFO - 4. ewe: r=0.9999
2025-08-24 11:50:18,378 - INFO - 5. fon: r=0.9999
2025-08-24 11:50:18,499 - INFO - Layer 3 (mbert) — Top 5
2025-08-24 11:50:18,499 - INFO - 1. lug: r=1.0000
2025-08-24 11:50:18,499 - INFO - 2. sna: r=1.0000
2025-08-24 11:50:18,499 - INFO - 3. hau: r=1.0000
2025-08-24 11:50:18,499 - INFO - 4. kin: r=1.0000
2025-08-24 11:50:18,499 - INFO - 5. nya: r=1.0000
2025-08-24 11:50:18,499 - INFO - Layer 3 (mbert) — Worst 5
2025-08-24 11:50:18,499 - INFO - 1. pcm: r=1.0000
2025-08-24 11:50:18,499 - INFO - 2. bbj: r=1.0000
2025-08-24 11:50:18,499 - INFO - 3. yor: r=1.0000
2025-08-24 11:50:18,499 - INFO - 4. ewe: r=1.0000
2025-08-24 11:50:18,499 - INFO - 5. fon: r=1.0000
2025-08-24 11:50:18,620 - INFO - Layer 10 (mbert) — Top 5
2025-08-24 11:50:18,620 - INFO - 1. sna: r=0.9924
2025-08-24 11:50:18,620 - INFO - 2. kin: r=0.9922
2025-08-24 11:50:18,620 - INFO - 3. lug: r=0.9911
2025-08-24 11:50:18,620 - INFO - 4. nya: r=0.9908
2025-08-24 11:50:18,620 - INFO - 5. twi: r=0.9900
2025-08-24 11:50:18,620 - INFO - Layer 10 (mbert) — Worst 5
2025-08-24 11:50:18,620 - INFO - 1. pcm: r=0.9673
2025-08-24 11:50:18,620 - INFO - 2. bbj: r=0.9709
2025-08-24 11:50:18,620 - INFO - 3. yor: r=0.9718
2025-08-24 11:50:18,620 - INFO - 4. fon: r=0.9760
2025-08-24 11:50:18,620 - INFO - 5. bam: r=0.9805
2025-08-24 11:50:18,758 - INFO - Layer 12 (mbert) — Top 5
2025-08-24 11:50:18,758 - INFO - 1. kin: r=0.9889
2025-08-24 11:50:18,758 - INFO - 2. sna: r=0.9885
2025-08-24 11:50:18,758 - INFO - 3. nya: r=0.9880
2025-08-24 11:50:18,758 - INFO - 4. lug: r=0.9860
2025-08-24 11:50:18,758 - INFO - 5. xho: r=0.9838
2025-08-24 11:50:18,758 - INFO - Layer 12 (mbert) — Worst 5
2025-08-24 11:50:18,758 - INFO - 1. bbj: r=0.9319
2025-08-24 11:50:18,758 - INFO - 2. pcm: r=0.9443
2025-08-24 11:50:18,758 - INFO - 3. fon: r=0.9491
2025-08-24 11:50:18,758 - INFO - 4. yor: r=0.9599
2025-08-24 11:50:18,758 - INFO - 5. ewe: r=0.9725
2025-08-24 11:50:18,759 - INFO - Experiment finished successfully.
