2025-08-27 18:01:59,404 - INFO - Start: model_type=xlmr, use_cls=True, use_context=True, context_window=3, max_tokens_per_type=400, batch_size=64, output_dir=rq2_train_scripts/Embeddings/CLEAN/outputs/mptc/xlmr/config_3_clstrue_ctxtrue/tokens_400_ctx3/core, save_prototypes=False, seed=42, fp16=True, max_length=96, langs=all, layers=all, span_mode=bio, pool=mean, entity_tags={'PER', 'LOC', 'DATE', 'ORG'}, title_suffix='L=all, tokens=400, ctx=3, cls=true, fp16=true'
2025-08-27 18:02:01,639 - INFO - Processing run
2025-08-27 18:02:02,029 - INFO - Processing bam
2025-08-27 18:02:02,089 - INFO - Processing bbj
2025-08-27 18:02:02,148 - INFO - Processing ewe
2025-08-27 18:02:02,195 - INFO - Processing fon
2025-08-27 18:02:02,256 - INFO - Processing hau
2025-08-27 18:02:02,324 - INFO - Processing ibo
2025-08-27 18:02:02,419 - INFO - Processing kin
2025-08-27 18:02:02,488 - INFO - Processing lug
2025-08-27 18:02:02,546 - INFO - Processing luo
2025-08-27 18:02:02,610 - INFO - Processing mos
2025-08-27 18:02:02,683 - INFO - Processing nya
2025-08-27 18:02:02,752 - INFO - Processing pcm
2025-08-27 18:02:02,808 - INFO - Processing sna
2025-08-27 18:02:02,872 - INFO - Processing swa
2025-08-27 18:02:02,939 - INFO - Processing tsn
2025-08-27 18:02:02,988 - INFO - Processing twi
2025-08-27 18:02:03,052 - INFO - Processing wol
2025-08-27 18:02:03,121 - INFO - Processing xho
2025-08-27 18:02:03,171 - INFO - Processing yor
2025-08-27 18:02:03,258 - INFO - Processing zul
2025-08-27 18:02:03,748 - INFO - === Layer 1 (xlmr) — Top 5 (cosine) ===
2025-08-27 18:02:03,749 - INFO - 1. lug: cos=1.0000
2025-08-27 18:02:03,749 - INFO - 2. sna: cos=1.0000
2025-08-27 18:02:03,749 - INFO - 3. kin: cos=1.0000
2025-08-27 18:02:03,749 - INFO - 4. pcm: cos=0.9999
2025-08-27 18:02:03,749 - INFO - 5. nya: cos=0.9999
2025-08-27 18:02:03,749 - INFO - === Layer 1 (xlmr) — Worst 5 (cosine) ===
2025-08-27 18:02:03,749 - INFO - 1. bam: cos=0.9996
2025-08-27 18:02:03,749 - INFO - 2. fon: cos=0.9996
2025-08-27 18:02:03,749 - INFO - 3. ewe: cos=0.9998
2025-08-27 18:02:03,749 - INFO - 4. yor: cos=0.9998
2025-08-27 18:02:03,749 - INFO - 5. ibo: cos=0.9998
2025-08-27 18:02:03,877 - INFO - === Layer 2 (xlmr) — Top 5 (cosine) ===
2025-08-27 18:02:03,877 - INFO - 1. kin: cos=1.0000
2025-08-27 18:02:03,877 - INFO - 2. lug: cos=1.0000
2025-08-27 18:02:03,877 - INFO - 3. nya: cos=1.0000
2025-08-27 18:02:03,877 - INFO - 4. tsn: cos=1.0000
2025-08-27 18:02:03,877 - INFO - 5. sna: cos=1.0000
2025-08-27 18:02:03,877 - INFO - === Layer 2 (xlmr) — Worst 5 (cosine) ===
2025-08-27 18:02:03,877 - INFO - 1. bam: cos=1.0000
2025-08-27 18:02:03,877 - INFO - 2. fon: cos=1.0000
2025-08-27 18:02:03,877 - INFO - 3. yor: cos=1.0000
2025-08-27 18:02:03,877 - INFO - 4. ibo: cos=1.0000
2025-08-27 18:02:03,878 - INFO - 5. mos: cos=1.0000
2025-08-27 18:02:04,006 - INFO - === Layer 3 (xlmr) — Top 5 (cosine) ===
2025-08-27 18:02:04,006 - INFO - 1. kin: cos=1.0000
2025-08-27 18:02:04,006 - INFO - 2. lug: cos=1.0000
2025-08-27 18:02:04,006 - INFO - 3. nya: cos=1.0000
2025-08-27 18:02:04,006 - INFO - 4. zul: cos=1.0000
2025-08-27 18:02:04,006 - INFO - 5. xho: cos=1.0000
2025-08-27 18:02:04,006 - INFO - === Layer 3 (xlmr) — Worst 5 (cosine) ===
2025-08-27 18:02:04,006 - INFO - 1. pcm: cos=1.0000
2025-08-27 18:02:04,006 - INFO - 2. swa: cos=1.0000
2025-08-27 18:02:04,006 - INFO - 3. fon: cos=1.0000
2025-08-27 18:02:04,006 - INFO - 4. bbj: cos=1.0000
2025-08-27 18:02:04,006 - INFO - 5. yor: cos=1.0000
2025-08-27 18:02:04,134 - INFO - === Layer 4 (xlmr) — Top 5 (cosine) ===
2025-08-27 18:02:04,135 - INFO - 1. zul: cos=1.0000
2025-08-27 18:02:04,135 - INFO - 2. lug: cos=1.0000
2025-08-27 18:02:04,135 - INFO - 3. ibo: cos=1.0000
2025-08-27 18:02:04,135 - INFO - 4. nya: cos=1.0000
2025-08-27 18:02:04,135 - INFO - 5. xho: cos=1.0000
2025-08-27 18:02:04,135 - INFO - === Layer 4 (xlmr) — Worst 5 (cosine) ===
2025-08-27 18:02:04,135 - INFO - 1. fon: cos=1.0000
2025-08-27 18:02:04,135 - INFO - 2. pcm: cos=1.0000
2025-08-27 18:02:04,135 - INFO - 3. sna: cos=1.0000
2025-08-27 18:02:04,135 - INFO - 4. bam: cos=1.0000
2025-08-27 18:02:04,135 - INFO - 5. swa: cos=1.0000
2025-08-27 18:02:04,264 - INFO - === Layer 5 (xlmr) — Top 5 (cosine) ===
2025-08-27 18:02:04,264 - INFO - 1. lug: cos=1.0000
2025-08-27 18:02:04,264 - INFO - 2. zul: cos=1.0000
2025-08-27 18:02:04,264 - INFO - 3. kin: cos=1.0000
2025-08-27 18:02:04,264 - INFO - 4. xho: cos=1.0000
2025-08-27 18:02:04,264 - INFO - 5. nya: cos=1.0000
2025-08-27 18:02:04,264 - INFO - === Layer 5 (xlmr) — Worst 5 (cosine) ===
2025-08-27 18:02:04,264 - INFO - 1. bam: cos=1.0000
2025-08-27 18:02:04,264 - INFO - 2. twi: cos=1.0000
2025-08-27 18:02:04,264 - INFO - 3. fon: cos=1.0000
2025-08-27 18:02:04,264 - INFO - 4. bbj: cos=1.0000
2025-08-27 18:02:04,264 - INFO - 5. wol: cos=1.0000
2025-08-27 18:02:04,393 - INFO - === Layer 6 (xlmr) — Top 5 (cosine) ===
2025-08-27 18:02:04,393 - INFO - 1. lug: cos=1.0000
2025-08-27 18:02:04,393 - INFO - 2. zul: cos=1.0000
2025-08-27 18:02:04,393 - INFO - 3. kin: cos=1.0000
2025-08-27 18:02:04,393 - INFO - 4. nya: cos=1.0000
2025-08-27 18:02:04,393 - INFO - 5. xho: cos=1.0000
2025-08-27 18:02:04,393 - INFO - === Layer 6 (xlmr) — Worst 5 (cosine) ===
2025-08-27 18:02:04,393 - INFO - 1. bam: cos=1.0000
2025-08-27 18:02:04,393 - INFO - 2. twi: cos=1.0000
2025-08-27 18:02:04,393 - INFO - 3. fon: cos=1.0000
2025-08-27 18:02:04,393 - INFO - 4. bbj: cos=1.0000
2025-08-27 18:02:04,393 - INFO - 5. mos: cos=1.0000
2025-08-27 18:02:04,522 - INFO - === Layer 7 (xlmr) — Top 5 (cosine) ===
2025-08-27 18:02:04,522 - INFO - 1. ibo: cos=1.0000
2025-08-27 18:02:04,522 - INFO - 2. luo: cos=1.0000
2025-08-27 18:02:04,522 - INFO - 3. yor: cos=1.0000
2025-08-27 18:02:04,522 - INFO - 4. fon: cos=1.0000
2025-08-27 18:02:04,522 - INFO - 5. zul: cos=1.0000
2025-08-27 18:02:04,522 - INFO - === Layer 7 (xlmr) — Worst 5 (cosine) ===
2025-08-27 18:02:04,522 - INFO - 1. sna: cos=1.0000
2025-08-27 18:02:04,522 - INFO - 2. twi: cos=1.0000
2025-08-27 18:02:04,522 - INFO - 3. hau: cos=1.0000
2025-08-27 18:02:04,522 - INFO - 4. bbj: cos=1.0000
2025-08-27 18:02:04,522 - INFO - 5. pcm: cos=1.0000
2025-08-27 18:02:04,719 - INFO - === Layer 8 (xlmr) — Top 5 (cosine) ===
2025-08-27 18:02:04,719 - INFO - 1. yor: cos=1.0000
2025-08-27 18:02:04,719 - INFO - 2. luo: cos=1.0000
2025-08-27 18:02:04,719 - INFO - 3. xho: cos=1.0000
2025-08-27 18:02:04,719 - INFO - 4. zul: cos=1.0000
2025-08-27 18:02:04,719 - INFO - 5. lug: cos=1.0000
2025-08-27 18:02:04,719 - INFO - === Layer 8 (xlmr) — Worst 5 (cosine) ===
2025-08-27 18:02:04,719 - INFO - 1. swa: cos=1.0000
2025-08-27 18:02:04,719 - INFO - 2. bbj: cos=1.0000
2025-08-27 18:02:04,719 - INFO - 3. hau: cos=1.0000
2025-08-27 18:02:04,719 - INFO - 4. pcm: cos=1.0000
2025-08-27 18:02:04,719 - INFO - 5. mos: cos=1.0000
2025-08-27 18:02:04,846 - INFO - === Layer 9 (xlmr) — Top 5 (cosine) ===
2025-08-27 18:02:04,846 - INFO - 1. xho: cos=1.0000
2025-08-27 18:02:04,847 - INFO - 2. yor: cos=1.0000
2025-08-27 18:02:04,847 - INFO - 3. nya: cos=1.0000
2025-08-27 18:02:04,847 - INFO - 4. fon: cos=1.0000
2025-08-27 18:02:04,847 - INFO - 5. ibo: cos=1.0000
2025-08-27 18:02:04,847 - INFO - === Layer 9 (xlmr) — Worst 5 (cosine) ===
2025-08-27 18:02:04,847 - INFO - 1. swa: cos=1.0000
2025-08-27 18:02:04,847 - INFO - 2. tsn: cos=1.0000
2025-08-27 18:02:04,847 - INFO - 3. mos: cos=1.0000
2025-08-27 18:02:04,847 - INFO - 4. lug: cos=1.0000
2025-08-27 18:02:04,847 - INFO - 5. bbj: cos=1.0000
2025-08-27 18:02:04,976 - INFO - === Layer 10 (xlmr) — Top 5 (cosine) ===
2025-08-27 18:02:04,976 - INFO - 1. zul: cos=1.0000
2025-08-27 18:02:04,976 - INFO - 2. ewe: cos=1.0000
2025-08-27 18:02:04,976 - INFO - 3. bam: cos=1.0000
2025-08-27 18:02:04,976 - INFO - 4. yor: cos=1.0000
2025-08-27 18:02:04,976 - INFO - 5. fon: cos=1.0000
2025-08-27 18:02:04,976 - INFO - === Layer 10 (xlmr) — Worst 5 (cosine) ===
2025-08-27 18:02:04,976 - INFO - 1. pcm: cos=0.9999
2025-08-27 18:02:04,976 - INFO - 2. tsn: cos=1.0000
2025-08-27 18:02:04,976 - INFO - 3. luo: cos=1.0000
2025-08-27 18:02:04,976 - INFO - 4. swa: cos=1.0000
2025-08-27 18:02:04,976 - INFO - 5. bbj: cos=1.0000
2025-08-27 18:02:05,107 - INFO - === Layer 11 (xlmr) — Top 5 (cosine) ===
2025-08-27 18:02:05,107 - INFO - 1. kin: cos=1.0000
2025-08-27 18:02:05,107 - INFO - 2. zul: cos=1.0000
2025-08-27 18:02:05,107 - INFO - 3. twi: cos=1.0000
2025-08-27 18:02:05,107 - INFO - 4. ewe: cos=1.0000
2025-08-27 18:02:05,107 - INFO - 5. lug: cos=1.0000
2025-08-27 18:02:05,107 - INFO - === Layer 11 (xlmr) — Worst 5 (cosine) ===
2025-08-27 18:02:05,107 - INFO - 1. fon: cos=0.9999
2025-08-27 18:02:05,107 - INFO - 2. yor: cos=0.9999
2025-08-27 18:02:05,107 - INFO - 3. pcm: cos=0.9999
2025-08-27 18:02:05,107 - INFO - 4. mos: cos=1.0000
2025-08-27 18:02:05,107 - INFO - 5. ibo: cos=1.0000
2025-08-27 18:02:05,240 - INFO - === Layer 12 (xlmr) — Top 5 (cosine) ===
2025-08-27 18:02:05,240 - INFO - 1. luo: cos=0.9988
2025-08-27 18:02:05,240 - INFO - 2. sna: cos=0.9987
2025-08-27 18:02:05,240 - INFO - 3. yor: cos=0.9987
2025-08-27 18:02:05,240 - INFO - 4. hau: cos=0.9986
2025-08-27 18:02:05,240 - INFO - 5. kin: cos=0.9985
2025-08-27 18:02:05,240 - INFO - === Layer 12 (xlmr) — Worst 5 (cosine) ===
2025-08-27 18:02:05,240 - INFO - 1. zul: cos=0.9838
2025-08-27 18:02:05,240 - INFO - 2. xho: cos=0.9877
2025-08-27 18:02:05,240 - INFO - 3. fon: cos=0.9913
2025-08-27 18:02:05,240 - INFO - 4. ibo: cos=0.9947
2025-08-27 18:02:05,240 - INFO - 5. lug: cos=0.9967
2025-08-27 18:02:05,241 - INFO - Experiment finished successfully.
