2025-08-02 21:59:25,722 - INFO - Experiment started with model_type=mbert, use_cls=True, use_context=False, context_window=1, use_hybrid=False, max_tokens_per_type=300, output_dir=rq2_train_scripts/Embeddings/MEXA_inspired_strategy/outputs/combined/mbert/config_1_clstrue_ctxfalse_hybfalse/tokens_300_ctx1
2025-08-02 21:59:26,937 - INFO - Processing run
2025-08-02 21:59:29,538 - INFO - Processing bam
2025-08-02 21:59:31,752 - INFO - Processing bbj
2025-08-02 21:59:33,992 - INFO - Processing ewe
2025-08-02 21:59:36,203 - INFO - Processing fon
2025-08-02 21:59:38,460 - INFO - Processing hau
2025-08-02 21:59:40,740 - INFO - Processing ibo
2025-08-02 21:59:43,039 - INFO - Processing kin
2025-08-02 21:59:45,313 - INFO - Processing lug
2025-08-02 21:59:47,553 - INFO - Processing luo
2025-08-02 21:59:49,816 - INFO - Processing mos
2025-08-02 21:59:52,061 - INFO - Processing nya
2025-08-02 21:59:54,306 - INFO - Processing pcm
2025-08-02 21:59:56,521 - INFO - Processing sna
2025-08-02 21:59:58,758 - INFO - Processing swa
2025-08-02 22:00:00,975 - INFO - Processing tsn
2025-08-02 22:00:03,166 - INFO - Processing twi
2025-08-02 22:00:05,376 - INFO - Processing wol
2025-08-02 22:00:07,600 - INFO - Processing xho
2025-08-02 22:00:09,828 - INFO - Processing yor
2025-08-02 22:00:12,096 - INFO - Processing zul
2025-08-02 22:00:14,775 - INFO - Top 5 languages most similar to Runyankore:
2025-08-02 22:00:14,775 - INFO - 1. lug - Mean Similarity: 0.9816
2025-08-02 22:00:14,775 - INFO - 2. twi - Mean Similarity: 0.9754
2025-08-02 22:00:14,775 - INFO - 3. luo - Mean Similarity: 0.9719
2025-08-02 22:00:14,775 - INFO - 4. swa - Mean Similarity: 0.9710
2025-08-02 22:00:14,775 - INFO - 5. kin - Mean Similarity: 0.9707
2025-08-02 22:00:14,775 - INFO - Experiment finished successfully.
