2025-08-24 10:59:58,158 - INFO - Start: model_type=xlmr, run_both=False, use_cls=True, use_context=False, context_window=1, max_tokens_per_type=300, batch_size=32, seed=1, num_middle_layers=3, output_dir=rq2_train_scripts/Embeddings/EXTENDED/outputs/mptc_extended/xlmr/config_1_clstrue_ctxfalse_hybfalse/tokens_300_ctx1
2025-08-24 10:59:58,706 - INFO - xlmr: selected layer indices (hidden_states) = [2, 3, 10, 12]
2025-08-24 11:00:00,445 - INFO - Processing run
2025-08-24 11:00:00,955 - INFO - Processing bam
2025-08-24 11:00:01,173 - INFO - Processing bbj
2025-08-24 11:00:01,372 - INFO - Processing ewe
2025-08-24 11:00:01,575 - INFO - Processing fon
2025-08-24 11:00:01,799 - INFO - Processing hau
2025-08-24 11:00:02,002 - INFO - Processing ibo
2025-08-24 11:00:02,265 - INFO - Processing kin
2025-08-24 11:00:02,477 - INFO - Processing lug
2025-08-24 11:00:02,673 - INFO - Processing luo
2025-08-24 11:00:02,858 - INFO - Processing mos
2025-08-24 11:00:03,075 - INFO - Processing nya
2025-08-24 11:00:03,290 - INFO - Processing pcm
2025-08-24 11:00:03,479 - INFO - Processing sna
2025-08-24 11:00:03,692 - INFO - Processing swa
2025-08-24 11:00:03,897 - INFO - Processing tsn
2025-08-24 11:00:04,072 - INFO - Processing twi
2025-08-24 11:00:04,272 - INFO - Processing wol
2025-08-24 11:00:04,487 - INFO - Processing xho
2025-08-24 11:00:04,691 - INFO - Processing yor
2025-08-24 11:00:04,921 - INFO - Processing zul
2025-08-24 11:00:05,443 - INFO - Layer 2 (xlmr) — Top 5
2025-08-24 11:00:05,444 - INFO - 1. tsn: r=1.0000
2025-08-24 11:00:05,444 - INFO - 2. kin: r=1.0000
2025-08-24 11:00:05,444 - INFO - 3. nya: r=1.0000
2025-08-24 11:00:05,444 - INFO - 4. zul: r=1.0000
2025-08-24 11:00:05,444 - INFO - 5. twi: r=1.0000
2025-08-24 11:00:05,444 - INFO - Layer 2 (xlmr) — Worst 5
2025-08-24 11:00:05,444 - INFO - 1. bam: r=0.9999
2025-08-24 11:00:05,444 - INFO - 2. fon: r=0.9999
2025-08-24 11:00:05,444 - INFO - 3. bbj: r=0.9999
2025-08-24 11:00:05,444 - INFO - 4. hau: r=0.9999
2025-08-24 11:00:05,444 - INFO - 5. pcm: r=0.9999
2025-08-24 11:00:05,560 - INFO - Layer 3 (xlmr) — Top 5
2025-08-24 11:00:05,560 - INFO - 1. kin: r=1.0000
2025-08-24 11:00:05,560 - INFO - 2. twi: r=1.0000
2025-08-24 11:00:05,560 - INFO - 3. tsn: r=1.0000
2025-08-24 11:00:05,560 - INFO - 4. ewe: r=1.0000
2025-08-24 11:00:05,560 - INFO - 5. luo: r=1.0000
2025-08-24 11:00:05,560 - INFO - Layer 3 (xlmr) — Worst 5
2025-08-24 11:00:05,560 - INFO - 1. bbj: r=1.0000
2025-08-24 11:00:05,560 - INFO - 2. fon: r=1.0000
2025-08-24 11:00:05,560 - INFO - 3. bam: r=1.0000
2025-08-24 11:00:05,560 - INFO - 4. pcm: r=1.0000
2025-08-24 11:00:05,560 - INFO - 5. wol: r=1.0000
2025-08-24 11:00:05,676 - INFO - Layer 10 (xlmr) — Top 5
2025-08-24 11:00:05,676 - INFO - 1. tsn: r=1.0000
2025-08-24 11:00:05,676 - INFO - 2. swa: r=1.0000
2025-08-24 11:00:05,676 - INFO - 3. luo: r=1.0000
2025-08-24 11:00:05,676 - INFO - 4. kin: r=1.0000
2025-08-24 11:00:05,676 - INFO - 5. sna: r=1.0000
2025-08-24 11:00:05,676 - INFO - Layer 10 (xlmr) — Worst 5
2025-08-24 11:00:05,676 - INFO - 1. fon: r=1.0000
2025-08-24 11:00:05,676 - INFO - 2. hau: r=1.0000
2025-08-24 11:00:05,676 - INFO - 3. pcm: r=1.0000
2025-08-24 11:00:05,676 - INFO - 4. ibo: r=1.0000
2025-08-24 11:00:05,676 - INFO - 5. bbj: r=1.0000
2025-08-24 11:00:05,793 - INFO - Layer 12 (xlmr) — Top 5
2025-08-24 11:00:05,793 - INFO - 1. nya: r=0.9999
2025-08-24 11:00:05,793 - INFO - 2. kin: r=0.9999
2025-08-24 11:00:05,793 - INFO - 3. sna: r=0.9999
2025-08-24 11:00:05,793 - INFO - 4. luo: r=0.9999
2025-08-24 11:00:05,793 - INFO - 5. tsn: r=0.9999
2025-08-24 11:00:05,793 - INFO - Layer 12 (xlmr) — Worst 5
2025-08-24 11:00:05,793 - INFO - 1. hau: r=0.9958
2025-08-24 11:00:05,793 - INFO - 2. fon: r=0.9991
2025-08-24 11:00:05,793 - INFO - 3. pcm: r=0.9993
2025-08-24 11:00:05,793 - INFO - 4. swa: r=0.9997
2025-08-24 11:00:05,793 - INFO - 5. bbj: r=0.9997
2025-08-24 11:00:05,794 - INFO - Experiment finished successfully.
