2025-12-15 09:37:39,381 - INFO - Start: model_type=afroxlmr, use_cls=False, use_context=True, context_window=1, max_tokens_per_type=200, batch_size=64, output_dir=rq2_train_scripts/Embeddings/CLEAN/outputs/combined/afroxlmr/config_2_clsfalse_ctxtrue/tokens_200_ctx1/core, save_prototypes=False, seed=42, fp16=True, max_length=96, langs=all, layers=all, span_mode=bio, pool=mean, entity_tags={'PER', 'DATE', 'ORG', 'LOC'}, title_suffix='L=all, tokens=200, ctx=1, cls=false, fp16=true'
2025-12-15 09:37:41,262 - INFO - Processing run
2025-12-15 09:37:41,690 - INFO - Processing bam
2025-12-15 09:37:41,764 - INFO - Processing bbj
2025-12-15 09:37:41,827 - INFO - Processing ewe
2025-12-15 09:37:41,891 - INFO - Processing fon
2025-12-15 09:37:41,969 - INFO - Processing hau
2025-12-15 09:37:42,051 - INFO - Processing ibo
2025-12-15 09:37:42,153 - INFO - Processing kin
2025-12-15 09:37:42,239 - INFO - Processing lug
2025-12-15 09:37:42,314 - INFO - Processing luo
2025-12-15 09:37:42,393 - INFO - Processing mos
2025-12-15 09:37:42,471 - INFO - Processing nya
2025-12-15 09:37:42,557 - INFO - Processing pcm
2025-12-15 09:37:42,629 - INFO - Processing sna
2025-12-15 09:37:42,708 - INFO - Processing swa
2025-12-15 09:37:42,789 - INFO - Processing tsn
2025-12-15 09:37:42,859 - INFO - Processing twi
2025-12-15 09:37:42,933 - INFO - Processing wol
2025-12-15 09:37:43,011 - INFO - Processing xho
2025-12-15 09:37:43,083 - INFO - Processing yor
2025-12-15 09:37:43,189 - INFO - Processing zul
2025-12-15 09:37:43,662 - INFO - === Layer 1 (afroxlmr) — Top 5 (cosine) ===
2025-12-15 09:37:43,662 - INFO - 1. kin: cos=0.9195
2025-12-15 09:37:43,662 - INFO - 2. twi: cos=0.9184
2025-12-15 09:37:43,662 - INFO - 3. tsn: cos=0.9151
2025-12-15 09:37:43,662 - INFO - 4. luo: cos=0.9146
2025-12-15 09:37:43,663 - INFO - 5. zul: cos=0.9109
2025-12-15 09:37:43,663 - INFO - === Layer 1 (afroxlmr) — Worst 5 (cosine) ===
2025-12-15 09:37:43,663 - INFO - 1. bbj: cos=0.8569
2025-12-15 09:37:43,663 - INFO - 2. yor: cos=0.8594
2025-12-15 09:37:43,663 - INFO - 3. hau: cos=0.8620
2025-12-15 09:37:43,663 - INFO - 4. fon: cos=0.8680
2025-12-15 09:37:43,663 - INFO - 5. pcm: cos=0.8719
2025-12-15 09:37:43,782 - INFO - === Layer 2 (afroxlmr) — Top 5 (cosine) ===
2025-12-15 09:37:43,782 - INFO - 1. twi: cos=0.9707
2025-12-15 09:37:43,782 - INFO - 2. kin: cos=0.9694
2025-12-15 09:37:43,782 - INFO - 3. tsn: cos=0.9680
2025-12-15 09:37:43,782 - INFO - 4. zul: cos=0.9677
2025-12-15 09:37:43,782 - INFO - 5. luo: cos=0.9676
2025-12-15 09:37:43,782 - INFO - === Layer 2 (afroxlmr) — Worst 5 (cosine) ===
2025-12-15 09:37:43,782 - INFO - 1. pcm: cos=0.9443
2025-12-15 09:37:43,782 - INFO - 2. hau: cos=0.9464
2025-12-15 09:37:43,783 - INFO - 3. swa: cos=0.9471
2025-12-15 09:37:43,783 - INFO - 4. yor: cos=0.9484
2025-12-15 09:37:43,783 - INFO - 5. bbj: cos=0.9504
2025-12-15 09:37:43,902 - INFO - === Layer 3 (afroxlmr) — Top 5 (cosine) ===
2025-12-15 09:37:43,902 - INFO - 1. twi: cos=0.9761
2025-12-15 09:37:43,902 - INFO - 2. kin: cos=0.9744
2025-12-15 09:37:43,902 - INFO - 3. tsn: cos=0.9722
2025-12-15 09:37:43,902 - INFO - 4. luo: cos=0.9719
2025-12-15 09:37:43,902 - INFO - 5. zul: cos=0.9707
2025-12-15 09:37:43,902 - INFO - === Layer 3 (afroxlmr) — Worst 5 (cosine) ===
2025-12-15 09:37:43,902 - INFO - 1. hau: cos=0.9479
2025-12-15 09:37:43,902 - INFO - 2. yor: cos=0.9516
2025-12-15 09:37:43,902 - INFO - 3. pcm: cos=0.9523
2025-12-15 09:37:43,902 - INFO - 4. swa: cos=0.9530
2025-12-15 09:37:43,902 - INFO - 5. bbj: cos=0.9584
2025-12-15 09:37:44,022 - INFO - === Layer 4 (afroxlmr) — Top 5 (cosine) ===
2025-12-15 09:37:44,022 - INFO - 1. twi: cos=0.9709
2025-12-15 09:37:44,022 - INFO - 2. tsn: cos=0.9656
2025-12-15 09:37:44,022 - INFO - 3. zul: cos=0.9620
2025-12-15 09:37:44,022 - INFO - 4. lug: cos=0.9619
2025-12-15 09:37:44,022 - INFO - 5. ibo: cos=0.9598
2025-12-15 09:37:44,022 - INFO - === Layer 4 (afroxlmr) — Worst 5 (cosine) ===
2025-12-15 09:37:44,023 - INFO - 1. hau: cos=0.9399
2025-12-15 09:37:44,023 - INFO - 2. pcm: cos=0.9413
2025-12-15 09:37:44,023 - INFO - 3. swa: cos=0.9416
2025-12-15 09:37:44,023 - INFO - 4. yor: cos=0.9418
2025-12-15 09:37:44,023 - INFO - 5. bbj: cos=0.9476
2025-12-15 09:37:44,142 - INFO - === Layer 5 (afroxlmr) — Top 5 (cosine) ===
2025-12-15 09:37:44,142 - INFO - 1. twi: cos=0.9731
2025-12-15 09:37:44,142 - INFO - 2. ewe: cos=0.9704
2025-12-15 09:37:44,142 - INFO - 3. tsn: cos=0.9681
2025-12-15 09:37:44,142 - INFO - 4. zul: cos=0.9668
2025-12-15 09:37:44,142 - INFO - 5. pcm: cos=0.9664
2025-12-15 09:37:44,142 - INFO - === Layer 5 (afroxlmr) — Worst 5 (cosine) ===
2025-12-15 09:37:44,142 - INFO - 1. yor: cos=0.9440
2025-12-15 09:37:44,142 - INFO - 2. hau: cos=0.9526
2025-12-15 09:37:44,142 - INFO - 3. bbj: cos=0.9545
2025-12-15 09:37:44,142 - INFO - 4. bam: cos=0.9553
2025-12-15 09:37:44,142 - INFO - 5. swa: cos=0.9569
2025-12-15 09:37:44,262 - INFO - === Layer 6 (afroxlmr) — Top 5 (cosine) ===
2025-12-15 09:37:44,262 - INFO - 1. twi: cos=0.9769
2025-12-15 09:37:44,262 - INFO - 2. ewe: cos=0.9700
2025-12-15 09:37:44,262 - INFO - 3. pcm: cos=0.9697
2025-12-15 09:37:44,262 - INFO - 4. tsn: cos=0.9694
2025-12-15 09:37:44,262 - INFO - 5. nya: cos=0.9681
2025-12-15 09:37:44,262 - INFO - === Layer 6 (afroxlmr) — Worst 5 (cosine) ===
2025-12-15 09:37:44,262 - INFO - 1. yor: cos=0.9480
2025-12-15 09:37:44,262 - INFO - 2. hau: cos=0.9570
2025-12-15 09:37:44,262 - INFO - 3. bbj: cos=0.9589
2025-12-15 09:37:44,262 - INFO - 4. swa: cos=0.9589
2025-12-15 09:37:44,262 - INFO - 5. xho: cos=0.9604
2025-12-15 09:37:44,381 - INFO - === Layer 7 (afroxlmr) — Top 5 (cosine) ===
2025-12-15 09:37:44,381 - INFO - 1. twi: cos=0.9817
2025-12-15 09:37:44,381 - INFO - 2. pcm: cos=0.9766
2025-12-15 09:37:44,381 - INFO - 3. nya: cos=0.9755
2025-12-15 09:37:44,381 - INFO - 4. lug: cos=0.9740
2025-12-15 09:37:44,381 - INFO - 5. ewe: cos=0.9740
2025-12-15 09:37:44,381 - INFO - === Layer 7 (afroxlmr) — Worst 5 (cosine) ===
2025-12-15 09:37:44,381 - INFO - 1. yor: cos=0.9546
2025-12-15 09:37:44,381 - INFO - 2. bbj: cos=0.9662
2025-12-15 09:37:44,381 - INFO - 3. bam: cos=0.9669
2025-12-15 09:37:44,381 - INFO - 4. xho: cos=0.9673
2025-12-15 09:37:44,382 - INFO - 5. hau: cos=0.9678
2025-12-15 09:37:44,563 - INFO - === Layer 8 (afroxlmr) — Top 5 (cosine) ===
2025-12-15 09:37:44,564 - INFO - 1. twi: cos=0.9810
2025-12-15 09:37:44,564 - INFO - 2. ewe: cos=0.9781
2025-12-15 09:37:44,564 - INFO - 3. mos: cos=0.9756
2025-12-15 09:37:44,564 - INFO - 4. nya: cos=0.9739
2025-12-15 09:37:44,564 - INFO - 5. lug: cos=0.9737
2025-12-15 09:37:44,564 - INFO - === Layer 8 (afroxlmr) — Worst 5 (cosine) ===
2025-12-15 09:37:44,564 - INFO - 1. yor: cos=0.9549
2025-12-15 09:37:44,564 - INFO - 2. bbj: cos=0.9572
2025-12-15 09:37:44,564 - INFO - 3. xho: cos=0.9642
2025-12-15 09:37:44,564 - INFO - 4. zul: cos=0.9660
2025-12-15 09:37:44,564 - INFO - 5. ibo: cos=0.9665
2025-12-15 09:37:44,683 - INFO - === Layer 9 (afroxlmr) — Top 5 (cosine) ===
2025-12-15 09:37:44,683 - INFO - 1. twi: cos=0.9825
2025-12-15 09:37:44,683 - INFO - 2. ewe: cos=0.9796
2025-12-15 09:37:44,683 - INFO - 3. pcm: cos=0.9781
2025-12-15 09:37:44,683 - INFO - 4. lug: cos=0.9775
2025-12-15 09:37:44,683 - INFO - 5. mos: cos=0.9773
2025-12-15 09:37:44,683 - INFO - === Layer 9 (afroxlmr) — Worst 5 (cosine) ===
2025-12-15 09:37:44,683 - INFO - 1. zul: cos=0.9567
2025-12-15 09:37:44,683 - INFO - 2. bbj: cos=0.9578
2025-12-15 09:37:44,683 - INFO - 3. yor: cos=0.9583
2025-12-15 09:37:44,683 - INFO - 4. swa: cos=0.9609
2025-12-15 09:37:44,683 - INFO - 5. xho: cos=0.9666
2025-12-15 09:37:44,801 - INFO - === Layer 10 (afroxlmr) — Top 5 (cosine) ===
2025-12-15 09:37:44,801 - INFO - 1. twi: cos=0.9801
2025-12-15 09:37:44,801 - INFO - 2. ewe: cos=0.9776
2025-12-15 09:37:44,801 - INFO - 3. lug: cos=0.9772
2025-12-15 09:37:44,801 - INFO - 4. pcm: cos=0.9765
2025-12-15 09:37:44,801 - INFO - 5. swa: cos=0.9741
2025-12-15 09:37:44,801 - INFO - === Layer 10 (afroxlmr) — Worst 5 (cosine) ===
2025-12-15 09:37:44,801 - INFO - 1. kin: cos=0.9394
2025-12-15 09:37:44,801 - INFO - 2. zul: cos=0.9453
2025-12-15 09:37:44,801 - INFO - 3. bbj: cos=0.9509
2025-12-15 09:37:44,801 - INFO - 4. yor: cos=0.9519
2025-12-15 09:37:44,801 - INFO - 5. xho: cos=0.9566
2025-12-15 09:37:44,920 - INFO - === Layer 11 (afroxlmr) — Top 5 (cosine) ===
2025-12-15 09:37:44,928 - INFO - 1. twi: cos=0.9850
2025-12-15 09:37:44,928 - INFO - 2. swa: cos=0.9833
2025-12-15 09:37:44,928 - INFO - 3. pcm: cos=0.9789
2025-12-15 09:37:44,928 - INFO - 4. fon: cos=0.9789
2025-12-15 09:37:44,928 - INFO - 5. ewe: cos=0.9783
2025-12-15 09:37:44,928 - INFO - === Layer 11 (afroxlmr) — Worst 5 (cosine) ===
2025-12-15 09:37:44,928 - INFO - 1. bbj: cos=0.9498
2025-12-15 09:37:44,928 - INFO - 2. yor: cos=0.9610
2025-12-15 09:37:44,928 - INFO - 3. zul: cos=0.9612
2025-12-15 09:37:44,928 - INFO - 4. xho: cos=0.9630
2025-12-15 09:37:44,928 - INFO - 5. bam: cos=0.9630
2025-12-15 09:37:45,048 - INFO - === Layer 12 (afroxlmr) — Top 5 (cosine) ===
2025-12-15 09:37:45,048 - INFO - 1. nya: cos=0.9698
2025-12-15 09:37:45,048 - INFO - 2. wol: cos=0.9691
2025-12-15 09:37:45,048 - INFO - 3. tsn: cos=0.9673
2025-12-15 09:37:45,048 - INFO - 4. ibo: cos=0.9603
2025-12-15 09:37:45,048 - INFO - 5. bbj: cos=0.9595
2025-12-15 09:37:45,048 - INFO - === Layer 12 (afroxlmr) — Worst 5 (cosine) ===
2025-12-15 09:37:45,048 - INFO - 1. hau: cos=0.9098
2025-12-15 09:37:45,048 - INFO - 2. sna: cos=0.9232
2025-12-15 09:37:45,048 - INFO - 3. swa: cos=0.9238
2025-12-15 09:37:45,048 - INFO - 4. fon: cos=0.9278
2025-12-15 09:37:45,048 - INFO - 5. lug: cos=0.9334
2025-12-15 09:37:45,049 - INFO - Experiment finished successfully.
