2025-08-02 23:12:48,174 - INFO - Experiment started with model_type=mbert, use_cls=False, use_context=True, context_window=0, use_hybrid=True, max_tokens_per_type=200, output_dir=rq2_train_scripts/Embeddings/MEXA_inspired_strategy/outputs/combined/mbert/config_6_clsfalse_ctxtrue_hybtrue/tokens_200_ctx0
2025-08-02 23:12:49,356 - INFO - Processing run
2025-08-02 23:12:51,204 - INFO - Processing bam
2025-08-02 23:12:52,696 - INFO - Processing bbj
2025-08-02 23:12:54,166 - INFO - Processing ewe
2025-08-02 23:12:55,628 - INFO - Processing fon
2025-08-02 23:12:57,133 - INFO - Processing hau
2025-08-02 23:12:58,645 - INFO - Processing ibo
2025-08-02 23:13:00,179 - INFO - Processing kin
2025-08-02 23:13:01,685 - INFO - Processing lug
2025-08-02 23:13:03,166 - INFO - Processing luo
2025-08-02 23:13:04,668 - INFO - Processing mos
2025-08-02 23:13:06,172 - INFO - Processing nya
2025-08-02 23:13:07,687 - INFO - Processing pcm
2025-08-02 23:13:09,176 - INFO - Processing sna
2025-08-02 23:13:10,671 - INFO - Processing swa
2025-08-02 23:13:12,159 - INFO - Processing tsn
2025-08-02 23:13:13,626 - INFO - Processing twi
2025-08-02 23:13:15,112 - INFO - Processing wol
2025-08-02 23:13:16,608 - INFO - Processing xho
2025-08-02 23:13:18,098 - INFO - Processing yor
2025-08-02 23:13:19,639 - INFO - Processing zul
2025-08-02 23:13:21,606 - INFO - Top 5 languages most similar to Runyankore:
2025-08-02 23:13:21,606 - INFO - 1. lug - Mean Similarity: 0.6279
2025-08-02 23:13:21,606 - INFO - 2. luo - Mean Similarity: 0.6102
2025-08-02 23:13:21,606 - INFO - 3. kin - Mean Similarity: 0.6010
2025-08-02 23:13:21,606 - INFO - 4. ibo - Mean Similarity: 0.5982
2025-08-02 23:13:21,606 - INFO - 5. twi - Mean Similarity: 0.5949
2025-08-02 23:13:21,606 - INFO - Experiment finished successfully.
