2025-08-03 03:08:05,087 - INFO - Experiment started with model_type=mbert, use_cls=True, use_context=False, context_window=2, use_hybrid=True, max_tokens_per_type=400, output_dir=rq2_train_scripts/Embeddings/MEXA_inspired_strategy/outputs/salt/mbert/config_5_clstrue_ctxfalse_hybtrue/tokens_400_ctx2
2025-08-03 03:08:06,122 - INFO - Processing run
2025-08-03 03:08:09,038 - INFO - Processing bam
2025-08-03 03:08:11,589 - INFO - Processing bbj
2025-08-03 03:08:14,322 - INFO - Processing ewe
2025-08-03 03:08:17,054 - INFO - Processing fon
2025-08-03 03:08:19,832 - INFO - Processing hau
2025-08-03 03:08:22,613 - INFO - Processing ibo
2025-08-03 03:08:25,414 - INFO - Processing kin
2025-08-03 03:08:28,190 - INFO - Processing lug
2025-08-03 03:08:30,924 - INFO - Processing luo
2025-08-03 03:08:33,671 - INFO - Processing mos
2025-08-03 03:08:36,418 - INFO - Processing nya
2025-08-03 03:08:39,160 - INFO - Processing pcm
2025-08-03 03:08:41,871 - INFO - Processing sna
2025-08-03 03:08:44,615 - INFO - Processing swa
2025-08-03 03:08:47,330 - INFO - Processing tsn
2025-08-03 03:08:50,025 - INFO - Processing twi
2025-08-03 03:08:52,748 - INFO - Processing wol
2025-08-03 03:08:55,479 - INFO - Processing xho
2025-08-03 03:08:58,224 - INFO - Processing yor
2025-08-03 03:09:01,023 - INFO - Processing zul
2025-08-03 03:09:04,226 - INFO - Top 5 languages most similar to Runyankore:
2025-08-03 03:09:04,226 - INFO - 1. lug - Mean Similarity: 0.6919
2025-08-03 03:09:04,226 - INFO - 2. twi - Mean Similarity: 0.6542
2025-08-03 03:09:04,226 - INFO - 3. luo - Mean Similarity: 0.6527
2025-08-03 03:09:04,226 - INFO - 4. ibo - Mean Similarity: 0.6416
2025-08-03 03:09:04,226 - INFO - 5. sna - Mean Similarity: 0.6357
2025-08-03 03:09:04,226 - INFO - Experiment finished successfully.
