2025-08-02 21:06:01,475 - INFO - Experiment started with model_type=xlmr, use_cls=False, use_context=True, context_window=1, use_hybrid=True, max_tokens_per_type=200, output_dir=rq2_train_scripts/Embeddings/MEXA_inspired_strategy/outputs/combined/xlmr/config_6_clsfalse_ctxtrue_hybtrue/tokens_200_ctx1
2025-08-02 21:06:03,226 - INFO - Processing run
2025-08-02 21:06:05,552 - INFO - Processing bam
2025-08-02 21:06:07,444 - INFO - Processing bbj
2025-08-02 21:06:09,320 - INFO - Processing ewe
2025-08-02 21:06:11,198 - INFO - Processing fon
2025-08-02 21:06:13,100 - INFO - Processing hau
2025-08-02 21:06:14,975 - INFO - Processing ibo
2025-08-02 21:06:16,913 - INFO - Processing kin
2025-08-02 21:06:18,817 - INFO - Processing lug
2025-08-02 21:06:20,695 - INFO - Processing luo
2025-08-02 21:06:22,594 - INFO - Processing mos
2025-08-02 21:06:24,481 - INFO - Processing nya
2025-08-02 21:06:26,376 - INFO - Processing pcm
2025-08-02 21:06:28,252 - INFO - Processing sna
2025-08-02 21:06:30,131 - INFO - Processing swa
2025-08-02 21:06:32,012 - INFO - Processing tsn
2025-08-02 21:06:33,869 - INFO - Processing twi
2025-08-02 21:06:35,757 - INFO - Processing wol
2025-08-02 21:06:37,643 - INFO - Processing xho
2025-08-02 21:06:39,525 - INFO - Processing yor
2025-08-02 21:06:41,456 - INFO - Processing zul
2025-08-02 21:06:43,835 - INFO - Top 5 languages most similar to Runyankore:
2025-08-02 21:06:43,836 - INFO - 1. lug - Mean Similarity: 0.8010
2025-08-02 21:06:43,836 - INFO - 2. kin - Mean Similarity: 0.7879
2025-08-02 21:06:43,836 - INFO - 3. nya - Mean Similarity: 0.7811
2025-08-02 21:06:43,836 - INFO - 4. sna - Mean Similarity: 0.7757
2025-08-02 21:06:43,836 - INFO - 5. luo - Mean Similarity: 0.7742
2025-08-02 21:06:43,836 - INFO - Experiment finished successfully.
