2025-08-02 22:36:27,264 - INFO - Experiment started with model_type=mbert, use_cls=False, use_context=False, context_window=2, use_hybrid=True, max_tokens_per_type=500, output_dir=rq2_train_scripts/Embeddings/MEXA_inspired_strategy/outputs/combined/mbert/config_3_clsfalse_ctxfalse_hybtrue/tokens_500_ctx2
2025-08-02 22:36:28,487 - INFO - Processing run
2025-08-02 22:36:32,148 - INFO - Processing bam
2025-08-02 22:36:35,423 - INFO - Processing bbj
2025-08-02 22:36:39,106 - INFO - Processing ewe
2025-08-02 22:36:42,714 - INFO - Processing fon
2025-08-02 22:36:46,371 - INFO - Processing hau
2025-08-02 22:36:50,071 - INFO - Processing ibo
2025-08-02 22:36:53,791 - INFO - Processing kin
2025-08-02 22:36:57,465 - INFO - Processing lug
2025-08-02 22:37:01,109 - INFO - Processing luo
2025-08-02 22:37:04,785 - INFO - Processing mos
2025-08-02 22:37:08,459 - INFO - Processing nya
2025-08-02 22:37:12,157 - INFO - Processing pcm
2025-08-02 22:37:15,803 - INFO - Processing sna
2025-08-02 22:37:19,508 - INFO - Processing swa
2025-08-02 22:37:23,171 - INFO - Processing tsn
2025-08-02 22:37:26,820 - INFO - Processing twi
2025-08-02 22:37:30,491 - INFO - Processing wol
2025-08-02 22:37:34,188 - INFO - Processing xho
2025-08-02 22:37:37,889 - INFO - Processing yor
2025-08-02 22:37:41,718 - INFO - Processing zul
2025-08-02 22:37:45,814 - INFO - Top 5 languages most similar to Runyankore:
2025-08-02 22:37:45,814 - INFO - 1. lug - Mean Similarity: 0.6403
2025-08-02 22:37:45,814 - INFO - 2. luo - Mean Similarity: 0.6112
2025-08-02 22:37:45,814 - INFO - 3. kin - Mean Similarity: 0.6038
2025-08-02 22:37:45,814 - INFO - 4. twi - Mean Similarity: 0.5949
2025-08-02 22:37:45,814 - INFO - 5. swa - Mean Similarity: 0.5933
2025-08-02 22:37:45,814 - INFO - Experiment finished successfully.
