2025-08-02 20:36:12,585 - INFO - Experiment started with model_type=xlmr, use_cls=True, use_context=True, context_window=2, use_hybrid=False, max_tokens_per_type=500, output_dir=rq2_train_scripts/Embeddings/MEXA_inspired_strategy/outputs/combined/xlmr/config_4_clstrue_ctxtrue_hybfalse/tokens_500_ctx2
2025-08-02 20:36:14,334 - INFO - Processing run
2025-08-02 20:36:18,889 - INFO - Processing bam
2025-08-02 20:36:22,975 - INFO - Processing bbj
2025-08-02 20:36:27,560 - INFO - Processing ewe
2025-08-02 20:36:32,099 - INFO - Processing fon
2025-08-02 20:36:36,684 - INFO - Processing hau
2025-08-02 20:36:41,288 - INFO - Processing ibo
2025-08-02 20:36:45,932 - INFO - Processing kin
2025-08-02 20:36:50,574 - INFO - Processing lug
2025-08-02 20:36:55,236 - INFO - Processing luo
2025-08-02 20:36:59,895 - INFO - Processing mos
2025-08-02 20:37:04,548 - INFO - Processing nya
2025-08-02 20:37:09,207 - INFO - Processing pcm
2025-08-02 20:37:13,836 - INFO - Processing sna
2025-08-02 20:37:18,524 - INFO - Processing swa
2025-08-02 20:37:23,162 - INFO - Processing tsn
2025-08-02 20:37:27,792 - INFO - Processing twi
2025-08-02 20:37:32,437 - INFO - Processing wol
2025-08-02 20:37:37,142 - INFO - Processing xho
2025-08-02 20:37:41,769 - INFO - Processing yor
2025-08-02 20:37:46,469 - INFO - Processing zul
2025-08-02 20:37:51,576 - INFO - Top 5 languages most similar to Runyankore:
2025-08-02 20:37:51,576 - INFO - 1. hau - Mean Similarity: 0.9986
2025-08-02 20:37:51,576 - INFO - 2. ewe - Mean Similarity: 0.9983
2025-08-02 20:37:51,576 - INFO - 3. tsn - Mean Similarity: 0.9981
2025-08-02 20:37:51,576 - INFO - 4. xho - Mean Similarity: 0.9979
2025-08-02 20:37:51,576 - INFO - 5. lug - Mean Similarity: 0.9977
2025-08-02 20:37:51,576 - INFO - Experiment finished successfully.
