2025-08-27 10:02:56,816 - INFO - Start: model_type=xlmr, use_cls=False, use_context=True, context_window=3, max_tokens_per_type=200, batch_size=64, output_dir=rq2_train_scripts/Embeddings/CLEAN/outputs/combined/xlmr/config_2_clsfalse_ctxtrue/tokens_200_ctx3/core, save_prototypes=False, seed=42, fp16=True, max_length=96, langs=all, layers=all, span_mode=bio, pool=mean, entity_tags={'ORG', 'PER', 'LOC', 'DATE'}, title_suffix='L=all, tokens=200, ctx=3, cls=false, fp16=true'
2025-08-27 10:02:58,933 - INFO - Processing run
2025-08-27 10:02:59,499 - INFO - Processing bam
2025-08-27 10:02:59,675 - INFO - Processing bbj
2025-08-27 10:02:59,845 - INFO - Processing ewe
2025-08-27 10:03:00,065 - INFO - Processing fon
2025-08-27 10:03:00,256 - INFO - Processing hau
2025-08-27 10:03:00,417 - INFO - Processing ibo
2025-08-27 10:03:00,664 - INFO - Processing kin
2025-08-27 10:03:00,780 - INFO - Processing lug
2025-08-27 10:03:00,941 - INFO - Processing luo
2025-08-27 10:03:01,178 - INFO - Processing mos
2025-08-27 10:03:01,332 - INFO - Processing nya
2025-08-27 10:03:01,514 - INFO - Processing pcm
2025-08-27 10:03:01,620 - INFO - Processing sna
2025-08-27 10:03:01,835 - INFO - Processing swa
2025-08-27 10:03:02,081 - INFO - Processing tsn
2025-08-27 10:03:02,241 - INFO - Processing twi
2025-08-27 10:03:02,393 - INFO - Processing wol
2025-08-27 10:03:02,581 - INFO - Processing xho
2025-08-27 10:03:02,814 - INFO - Processing yor
2025-08-27 10:03:02,995 - INFO - Processing zul
2025-08-27 10:03:03,607 - INFO - === Layer 1 (xlmr) — Top 5 (cosine) ===
2025-08-27 10:03:03,607 - INFO - 1. twi: cos=0.9164
2025-08-27 10:03:03,607 - INFO - 2. kin: cos=0.9133
2025-08-27 10:03:03,607 - INFO - 3. tsn: cos=0.9078
2025-08-27 10:03:03,607 - INFO - 4. ibo: cos=0.8989
2025-08-27 10:03:03,607 - INFO - 5. luo: cos=0.8963
2025-08-27 10:03:03,607 - INFO - === Layer 1 (xlmr) — Worst 5 (cosine) ===
2025-08-27 10:03:03,607 - INFO - 1. pcm: cos=0.8258
2025-08-27 10:03:03,607 - INFO - 2. swa: cos=0.8260
2025-08-27 10:03:03,607 - INFO - 3. hau: cos=0.8341
2025-08-27 10:03:03,607 - INFO - 4. yor: cos=0.8460
2025-08-27 10:03:03,607 - INFO - 5. bam: cos=0.8497
2025-08-27 10:03:03,756 - INFO - === Layer 2 (xlmr) — Top 5 (cosine) ===
2025-08-27 10:03:03,756 - INFO - 1. twi: cos=0.9670
2025-08-27 10:03:03,756 - INFO - 2. kin: cos=0.9655
2025-08-27 10:03:03,756 - INFO - 3. tsn: cos=0.9631
2025-08-27 10:03:03,756 - INFO - 4. lug: cos=0.9627
2025-08-27 10:03:03,756 - INFO - 5. luo: cos=0.9600
2025-08-27 10:03:03,756 - INFO - === Layer 2 (xlmr) — Worst 5 (cosine) ===
2025-08-27 10:03:03,756 - INFO - 1. pcm: cos=0.9235
2025-08-27 10:03:03,756 - INFO - 2. swa: cos=0.9283
2025-08-27 10:03:03,756 - INFO - 3. hau: cos=0.9341
2025-08-27 10:03:03,756 - INFO - 4. yor: cos=0.9349
2025-08-27 10:03:03,756 - INFO - 5. bbj: cos=0.9437
2025-08-27 10:03:03,927 - INFO - === Layer 3 (xlmr) — Top 5 (cosine) ===
2025-08-27 10:03:03,927 - INFO - 1. twi: cos=0.9765
2025-08-27 10:03:03,927 - INFO - 2. kin: cos=0.9757
2025-08-27 10:03:03,927 - INFO - 3. tsn: cos=0.9729
2025-08-27 10:03:03,927 - INFO - 4. lug: cos=0.9720
2025-08-27 10:03:03,927 - INFO - 5. luo: cos=0.9709
2025-08-27 10:03:03,927 - INFO - === Layer 3 (xlmr) — Worst 5 (cosine) ===
2025-08-27 10:03:03,927 - INFO - 1. pcm: cos=0.9419
2025-08-27 10:03:03,927 - INFO - 2. swa: cos=0.9467
2025-08-27 10:03:03,928 - INFO - 3. hau: cos=0.9474
2025-08-27 10:03:03,928 - INFO - 4. yor: cos=0.9547
2025-08-27 10:03:03,928 - INFO - 5. bam: cos=0.9603
2025-08-27 10:03:04,086 - INFO - === Layer 4 (xlmr) — Top 5 (cosine) ===
2025-08-27 10:03:04,087 - INFO - 1. twi: cos=0.9753
2025-08-27 10:03:04,087 - INFO - 2. tsn: cos=0.9712
2025-08-27 10:03:04,087 - INFO - 3. lug: cos=0.9711
2025-08-27 10:03:04,087 - INFO - 4. zul: cos=0.9683
2025-08-27 10:03:04,087 - INFO - 5. kin: cos=0.9673
2025-08-27 10:03:04,087 - INFO - === Layer 4 (xlmr) — Worst 5 (cosine) ===
2025-08-27 10:03:04,087 - INFO - 1. pcm: cos=0.9356
2025-08-27 10:03:04,087 - INFO - 2. swa: cos=0.9419
2025-08-27 10:03:04,087 - INFO - 3. hau: cos=0.9486
2025-08-27 10:03:04,087 - INFO - 4. yor: cos=0.9521
2025-08-27 10:03:04,087 - INFO - 5. bbj: cos=0.9581
2025-08-27 10:03:04,218 - INFO - === Layer 5 (xlmr) — Top 5 (cosine) ===
2025-08-27 10:03:04,219 - INFO - 1. twi: cos=0.9786
2025-08-27 10:03:04,219 - INFO - 2. mos: cos=0.9718
2025-08-27 10:03:04,219 - INFO - 3. zul: cos=0.9708
2025-08-27 10:03:04,219 - INFO - 4. ewe: cos=0.9693
2025-08-27 10:03:04,219 - INFO - 5. nya: cos=0.9691
2025-08-27 10:03:04,219 - INFO - === Layer 5 (xlmr) — Worst 5 (cosine) ===
2025-08-27 10:03:04,219 - INFO - 1. swa: cos=0.9520
2025-08-27 10:03:04,219 - INFO - 2. yor: cos=0.9529
2025-08-27 10:03:04,219 - INFO - 3. pcm: cos=0.9553
2025-08-27 10:03:04,219 - INFO - 4. hau: cos=0.9573
2025-08-27 10:03:04,219 - INFO - 5. kin: cos=0.9624
2025-08-27 10:03:04,351 - INFO - === Layer 6 (xlmr) — Top 5 (cosine) ===
2025-08-27 10:03:04,351 - INFO - 1. twi: cos=0.9739
2025-08-27 10:03:04,351 - INFO - 2. mos: cos=0.9634
2025-08-27 10:03:04,351 - INFO - 3. nya: cos=0.9633
2025-08-27 10:03:04,351 - INFO - 4. zul: cos=0.9622
2025-08-27 10:03:04,351 - INFO - 5. sna: cos=0.9618
2025-08-27 10:03:04,351 - INFO - === Layer 6 (xlmr) — Worst 5 (cosine) ===
2025-08-27 10:03:04,351 - INFO - 1. yor: cos=0.9381
2025-08-27 10:03:04,351 - INFO - 2. swa: cos=0.9415
2025-08-27 10:03:04,351 - INFO - 3. pcm: cos=0.9476
2025-08-27 10:03:04,351 - INFO - 4. hau: cos=0.9497
2025-08-27 10:03:04,351 - INFO - 5. luo: cos=0.9499
2025-08-27 10:03:04,479 - INFO - === Layer 7 (xlmr) — Top 5 (cosine) ===
2025-08-27 10:03:04,479 - INFO - 1. twi: cos=0.9785
2025-08-27 10:03:04,479 - INFO - 2. nya: cos=0.9707
2025-08-27 10:03:04,479 - INFO - 3. sna: cos=0.9692
2025-08-27 10:03:04,479 - INFO - 4. zul: cos=0.9691
2025-08-27 10:03:04,479 - INFO - 5. mos: cos=0.9691
2025-08-27 10:03:04,479 - INFO - === Layer 7 (xlmr) — Worst 5 (cosine) ===
2025-08-27 10:03:04,479 - INFO - 1. yor: cos=0.9466
2025-08-27 10:03:04,479 - INFO - 2. swa: cos=0.9510
2025-08-27 10:03:04,479 - INFO - 3. luo: cos=0.9560
2025-08-27 10:03:04,479 - INFO - 4. pcm: cos=0.9581
2025-08-27 10:03:04,479 - INFO - 5. hau: cos=0.9594
2025-08-27 10:03:04,686 - INFO - === Layer 8 (xlmr) — Top 5 (cosine) ===
2025-08-27 10:03:04,686 - INFO - 1. twi: cos=0.9775
2025-08-27 10:03:04,686 - INFO - 2. mos: cos=0.9727
2025-08-27 10:03:04,686 - INFO - 3. nya: cos=0.9693
2025-08-27 10:03:04,686 - INFO - 4. sna: cos=0.9677
2025-08-27 10:03:04,686 - INFO - 5. fon: cos=0.9675
2025-08-27 10:03:04,686 - INFO - === Layer 8 (xlmr) — Worst 5 (cosine) ===
2025-08-27 10:03:04,686 - INFO - 1. yor: cos=0.9454
2025-08-27 10:03:04,686 - INFO - 2. swa: cos=0.9456
2025-08-27 10:03:04,686 - INFO - 3. pcm: cos=0.9514
2025-08-27 10:03:04,686 - INFO - 4. luo: cos=0.9540
2025-08-27 10:03:04,686 - INFO - 5. xho: cos=0.9545
2025-08-27 10:03:04,816 - INFO - === Layer 9 (xlmr) — Top 5 (cosine) ===
2025-08-27 10:03:04,816 - INFO - 1. twi: cos=0.9813
2025-08-27 10:03:04,816 - INFO - 2. mos: cos=0.9780
2025-08-27 10:03:04,816 - INFO - 3. ewe: cos=0.9740
2025-08-27 10:03:04,816 - INFO - 4. fon: cos=0.9732
2025-08-27 10:03:04,816 - INFO - 5. lug: cos=0.9725
2025-08-27 10:03:04,816 - INFO - === Layer 9 (xlmr) — Worst 5 (cosine) ===
2025-08-27 10:03:04,816 - INFO - 1. swa: cos=0.9422
2025-08-27 10:03:04,816 - INFO - 2. yor: cos=0.9544
2025-08-27 10:03:04,816 - INFO - 3. zul: cos=0.9549
2025-08-27 10:03:04,816 - INFO - 4. bbj: cos=0.9597
2025-08-27 10:03:04,816 - INFO - 5. hau: cos=0.9599
2025-08-27 10:03:04,944 - INFO - === Layer 10 (xlmr) — Top 5 (cosine) ===
2025-08-27 10:03:04,944 - INFO - 1. twi: cos=0.9779
2025-08-27 10:03:04,944 - INFO - 2. mos: cos=0.9762
2025-08-27 10:03:04,944 - INFO - 3. hau: cos=0.9743
2025-08-27 10:03:04,944 - INFO - 4. ewe: cos=0.9722
2025-08-27 10:03:04,944 - INFO - 5. lug: cos=0.9720
2025-08-27 10:03:04,944 - INFO - === Layer 10 (xlmr) — Worst 5 (cosine) ===
2025-08-27 10:03:04,944 - INFO - 1. kin: cos=0.9326
2025-08-27 10:03:04,944 - INFO - 2. yor: cos=0.9509
2025-08-27 10:03:04,944 - INFO - 3. zul: cos=0.9519
2025-08-27 10:03:04,944 - INFO - 4. swa: cos=0.9529
2025-08-27 10:03:04,944 - INFO - 5. xho: cos=0.9552
2025-08-27 10:03:05,073 - INFO - === Layer 11 (xlmr) — Top 5 (cosine) ===
2025-08-27 10:03:05,073 - INFO - 1. twi: cos=0.9824
2025-08-27 10:03:05,073 - INFO - 2. mos: cos=0.9775
2025-08-27 10:03:05,073 - INFO - 3. nya: cos=0.9772
2025-08-27 10:03:05,073 - INFO - 4. wol: cos=0.9734
2025-08-27 10:03:05,073 - INFO - 5. hau: cos=0.9725
2025-08-27 10:03:05,073 - INFO - === Layer 11 (xlmr) — Worst 5 (cosine) ===
2025-08-27 10:03:05,073 - INFO - 1. bbj: cos=0.9485
2025-08-27 10:03:05,073 - INFO - 2. zul: cos=0.9557
2025-08-27 10:03:05,073 - INFO - 3. xho: cos=0.9559
2025-08-27 10:03:05,073 - INFO - 4. yor: cos=0.9570
2025-08-27 10:03:05,073 - INFO - 5. pcm: cos=0.9614
2025-08-27 10:03:05,201 - INFO - === Layer 12 (xlmr) — Top 5 (cosine) ===
2025-08-27 10:03:05,201 - INFO - 1. nya: cos=0.9981
2025-08-27 10:03:05,201 - INFO - 2. wol: cos=0.9977
2025-08-27 10:03:05,201 - INFO - 3. tsn: cos=0.9977
2025-08-27 10:03:05,201 - INFO - 4. kin: cos=0.9976
2025-08-27 10:03:05,201 - INFO - 5. ibo: cos=0.9972
2025-08-27 10:03:05,201 - INFO - === Layer 12 (xlmr) — Worst 5 (cosine) ===
2025-08-27 10:03:05,201 - INFO - 1. hau: cos=0.9899
2025-08-27 10:03:05,201 - INFO - 2. swa: cos=0.9914
2025-08-27 10:03:05,201 - INFO - 3. fon: cos=0.9930
2025-08-27 10:03:05,201 - INFO - 4. sna: cos=0.9936
2025-08-27 10:03:05,201 - INFO - 5. lug: cos=0.9937
2025-08-27 10:03:05,202 - INFO - Experiment finished successfully.
