2025-08-27 07:42:23,694 - INFO - Start: model_type=xlmr, use_cls=False, use_context=False, context_window=1, max_tokens_per_type=500, batch_size=64, output_dir=rq2_train_scripts/Embeddings/CLEAN/outputs/combined/xlmr/config_0_clsfalse_ctxfalse/tokens_500_ctx1, save_prototypes=False, seed=42, fp16=True, max_length=96, langs=all, layers=all, span_mode=bio, pool=mean, entity_tags={'DATE', 'ORG', 'LOC', 'PER'}, title_suffix='L=all, tokens=500, ctx=1, cls=false, fp16=true'
2025-08-27 07:42:25,672 - INFO - Processing run
2025-08-27 07:42:26,422 - INFO - Processing bam
2025-08-27 07:42:26,794 - INFO - Processing bbj
2025-08-27 07:42:27,226 - INFO - Processing ewe
2025-08-27 07:42:27,633 - INFO - Processing fon
2025-08-27 07:42:28,042 - INFO - Processing hau
2025-08-27 07:42:28,406 - INFO - Processing ibo
2025-08-27 07:42:28,688 - INFO - Processing kin
2025-08-27 07:42:28,843 - INFO - Processing lug
2025-08-27 07:42:28,978 - INFO - Processing luo
2025-08-27 07:42:29,123 - INFO - Processing mos
2025-08-27 07:42:29,277 - INFO - Processing nya
2025-08-27 07:42:29,427 - INFO - Processing pcm
2025-08-27 07:42:29,561 - INFO - Processing sna
2025-08-27 07:42:29,698 - INFO - Processing swa
2025-08-27 07:42:29,846 - INFO - Processing tsn
2025-08-27 07:42:29,983 - INFO - Processing twi
2025-08-27 07:42:30,130 - INFO - Processing wol
2025-08-27 07:42:30,278 - INFO - Processing xho
2025-08-27 07:42:30,416 - INFO - Processing yor
2025-08-27 07:42:30,592 - INFO - Processing zul
2025-08-27 07:42:31,201 - INFO - === Layer 1 (xlmr) — Top 5 (cosine) ===
2025-08-27 07:42:31,201 - INFO - 1. kin: cos=0.9686
2025-08-27 07:42:31,201 - INFO - 2. twi: cos=0.9643
2025-08-27 07:42:31,201 - INFO - 3. ibo: cos=0.9599
2025-08-27 07:42:31,201 - INFO - 4. luo: cos=0.9582
2025-08-27 07:42:31,201 - INFO - 5. tsn: cos=0.9550
2025-08-27 07:42:31,201 - INFO - === Layer 1 (xlmr) — Worst 5 (cosine) ===
2025-08-27 07:42:31,201 - INFO - 1. hau: cos=0.9107
2025-08-27 07:42:31,201 - INFO - 2. fon: cos=0.9124
2025-08-27 07:42:31,201 - INFO - 3. mos: cos=0.9149
2025-08-27 07:42:31,201 - INFO - 4. yor: cos=0.9187
2025-08-27 07:42:31,201 - INFO - 5. bbj: cos=0.9260
2025-08-27 07:42:31,330 - INFO - === Layer 2 (xlmr) — Top 5 (cosine) ===
2025-08-27 07:42:31,330 - INFO - 1. kin: cos=0.9869
2025-08-27 07:42:31,330 - INFO - 2. twi: cos=0.9845
2025-08-27 07:42:31,330 - INFO - 3. ibo: cos=0.9829
2025-08-27 07:42:31,330 - INFO - 4. luo: cos=0.9826
2025-08-27 07:42:31,330 - INFO - 5. tsn: cos=0.9799
2025-08-27 07:42:31,330 - INFO - === Layer 2 (xlmr) — Worst 5 (cosine) ===
2025-08-27 07:42:31,330 - INFO - 1. hau: cos=0.9608
2025-08-27 07:42:31,330 - INFO - 2. mos: cos=0.9624
2025-08-27 07:42:31,330 - INFO - 3. fon: cos=0.9627
2025-08-27 07:42:31,330 - INFO - 4. yor: cos=0.9649
2025-08-27 07:42:31,330 - INFO - 5. pcm: cos=0.9678
2025-08-27 07:42:31,458 - INFO - === Layer 3 (xlmr) — Top 5 (cosine) ===
2025-08-27 07:42:31,458 - INFO - 1. kin: cos=0.9905
2025-08-27 07:42:31,458 - INFO - 2. twi: cos=0.9879
2025-08-27 07:42:31,458 - INFO - 3. luo: cos=0.9872
2025-08-27 07:42:31,458 - INFO - 4. tsn: cos=0.9850
2025-08-27 07:42:31,458 - INFO - 5. ibo: cos=0.9849
2025-08-27 07:42:31,458 - INFO - === Layer 3 (xlmr) — Worst 5 (cosine) ===
2025-08-27 07:42:31,458 - INFO - 1. hau: cos=0.9694
2025-08-27 07:42:31,458 - INFO - 2. mos: cos=0.9736
2025-08-27 07:42:31,458 - INFO - 3. pcm: cos=0.9748
2025-08-27 07:42:31,458 - INFO - 4. fon: cos=0.9757
2025-08-27 07:42:31,458 - INFO - 5. yor: cos=0.9769
2025-08-27 07:42:31,588 - INFO - === Layer 4 (xlmr) — Top 5 (cosine) ===
2025-08-27 07:42:31,588 - INFO - 1. kin: cos=0.9895
2025-08-27 07:42:31,588 - INFO - 2. twi: cos=0.9870
2025-08-27 07:42:31,588 - INFO - 3. luo: cos=0.9859
2025-08-27 07:42:31,588 - INFO - 4. ibo: cos=0.9829
2025-08-27 07:42:31,588 - INFO - 5. tsn: cos=0.9827
2025-08-27 07:42:31,588 - INFO - === Layer 4 (xlmr) — Worst 5 (cosine) ===
2025-08-27 07:42:31,588 - INFO - 1. hau: cos=0.9646
2025-08-27 07:42:31,588 - INFO - 2. pcm: cos=0.9733
2025-08-27 07:42:31,588 - INFO - 3. fon: cos=0.9733
2025-08-27 07:42:31,588 - INFO - 4. mos: cos=0.9734
2025-08-27 07:42:31,588 - INFO - 5. bbj: cos=0.9751
2025-08-27 07:42:31,717 - INFO - === Layer 5 (xlmr) — Top 5 (cosine) ===
2025-08-27 07:42:31,717 - INFO - 1. kin: cos=0.9906
2025-08-27 07:42:31,717 - INFO - 2. twi: cos=0.9883
2025-08-27 07:42:31,717 - INFO - 3. luo: cos=0.9878
2025-08-27 07:42:31,717 - INFO - 4. ibo: cos=0.9847
2025-08-27 07:42:31,717 - INFO - 5. tsn: cos=0.9846
2025-08-27 07:42:31,717 - INFO - === Layer 5 (xlmr) — Worst 5 (cosine) ===
2025-08-27 07:42:31,717 - INFO - 1. hau: cos=0.9674
2025-08-27 07:42:31,717 - INFO - 2. fon: cos=0.9752
2025-08-27 07:42:31,717 - INFO - 3. bbj: cos=0.9763
2025-08-27 07:42:31,717 - INFO - 4. pcm: cos=0.9777
2025-08-27 07:42:31,717 - INFO - 5. yor: cos=0.9782
2025-08-27 07:42:31,845 - INFO - === Layer 6 (xlmr) — Top 5 (cosine) ===
2025-08-27 07:42:31,845 - INFO - 1. kin: cos=0.9870
2025-08-27 07:42:31,845 - INFO - 2. twi: cos=0.9841
2025-08-27 07:42:31,845 - INFO - 3. luo: cos=0.9836
2025-08-27 07:42:31,845 - INFO - 4. ibo: cos=0.9794
2025-08-27 07:42:31,846 - INFO - 5. tsn: cos=0.9779
2025-08-27 07:42:31,846 - INFO - === Layer 6 (xlmr) — Worst 5 (cosine) ===
2025-08-27 07:42:31,846 - INFO - 1. hau: cos=0.9627
2025-08-27 07:42:31,846 - INFO - 2. pcm: cos=0.9655
2025-08-27 07:42:31,846 - INFO - 3. bbj: cos=0.9660
2025-08-27 07:42:31,846 - INFO - 4. fon: cos=0.9683
2025-08-27 07:42:31,846 - INFO - 5. swa: cos=0.9684
2025-08-27 07:42:31,975 - INFO - === Layer 7 (xlmr) — Top 5 (cosine) ===
2025-08-27 07:42:31,975 - INFO - 1. kin: cos=0.9894
2025-08-27 07:42:31,975 - INFO - 2. twi: cos=0.9882
2025-08-27 07:42:31,975 - INFO - 3. luo: cos=0.9862
2025-08-27 07:42:31,975 - INFO - 4. ibo: cos=0.9835
2025-08-27 07:42:31,975 - INFO - 5. tsn: cos=0.9834
2025-08-27 07:42:31,975 - INFO - === Layer 7 (xlmr) — Worst 5 (cosine) ===
2025-08-27 07:42:31,975 - INFO - 1. hau: cos=0.9720
2025-08-27 07:42:31,975 - INFO - 2. bbj: cos=0.9740
2025-08-27 07:42:31,976 - INFO - 3. fon: cos=0.9749
2025-08-27 07:42:31,976 - INFO - 4. pcm: cos=0.9755
2025-08-27 07:42:31,976 - INFO - 5. mos: cos=0.9765
2025-08-27 07:42:32,101 - INFO - === Layer 8 (xlmr) — Top 5 (cosine) ===
2025-08-27 07:42:32,101 - INFO - 1. kin: cos=0.9884
2025-08-27 07:42:32,101 - INFO - 2. twi: cos=0.9876
2025-08-27 07:42:32,101 - INFO - 3. luo: cos=0.9854
2025-08-27 07:42:32,101 - INFO - 4. ibo: cos=0.9825
2025-08-27 07:42:32,101 - INFO - 5. tsn: cos=0.9824
2025-08-27 07:42:32,101 - INFO - === Layer 8 (xlmr) — Worst 5 (cosine) ===
2025-08-27 07:42:32,101 - INFO - 1. hau: cos=0.9686
2025-08-27 07:42:32,101 - INFO - 2. bbj: cos=0.9721
2025-08-27 07:42:32,101 - INFO - 3. bam: cos=0.9721
2025-08-27 07:42:32,101 - INFO - 4. pcm: cos=0.9727
2025-08-27 07:42:32,101 - INFO - 5. fon: cos=0.9734
2025-08-27 07:42:32,290 - INFO - === Layer 9 (xlmr) — Top 5 (cosine) ===
2025-08-27 07:42:32,290 - INFO - 1. twi: cos=0.9882
2025-08-27 07:42:32,290 - INFO - 2. kin: cos=0.9879
2025-08-27 07:42:32,290 - INFO - 3. luo: cos=0.9847
2025-08-27 07:42:32,290 - INFO - 4. ibo: cos=0.9830
2025-08-27 07:42:32,290 - INFO - 5. tsn: cos=0.9818
2025-08-27 07:42:32,290 - INFO - === Layer 9 (xlmr) — Worst 5 (cosine) ===
2025-08-27 07:42:32,290 - INFO - 1. hau: cos=0.9683
2025-08-27 07:42:32,290 - INFO - 2. pcm: cos=0.9697
2025-08-27 07:42:32,290 - INFO - 3. bam: cos=0.9733
2025-08-27 07:42:32,290 - INFO - 4. swa: cos=0.9738
2025-08-27 07:42:32,290 - INFO - 5. bbj: cos=0.9739
2025-08-27 07:42:32,418 - INFO - === Layer 10 (xlmr) — Top 5 (cosine) ===
2025-08-27 07:42:32,418 - INFO - 1. twi: cos=0.9901
2025-08-27 07:42:32,418 - INFO - 2. kin: cos=0.9882
2025-08-27 07:42:32,419 - INFO - 3. swa: cos=0.9847
2025-08-27 07:42:32,419 - INFO - 4. ewe: cos=0.9833
2025-08-27 07:42:32,419 - INFO - 5. luo: cos=0.9831
2025-08-27 07:42:32,419 - INFO - === Layer 10 (xlmr) — Worst 5 (cosine) ===
2025-08-27 07:42:32,419 - INFO - 1. hau: cos=0.9694
2025-08-27 07:42:32,419 - INFO - 2. bam: cos=0.9723
2025-08-27 07:42:32,419 - INFO - 3. xho: cos=0.9725
2025-08-27 07:42:32,419 - INFO - 4. bbj: cos=0.9741
2025-08-27 07:42:32,419 - INFO - 5. yor: cos=0.9759
2025-08-27 07:42:32,562 - INFO - === Layer 11 (xlmr) — Top 5 (cosine) ===
2025-08-27 07:42:32,563 - INFO - 1. twi: cos=0.9907
2025-08-27 07:42:32,563 - INFO - 2. kin: cos=0.9889
2025-08-27 07:42:32,563 - INFO - 3. swa: cos=0.9863
2025-08-27 07:42:32,563 - INFO - 4. ewe: cos=0.9862
2025-08-27 07:42:32,563 - INFO - 5. luo: cos=0.9859
2025-08-27 07:42:32,563 - INFO - === Layer 11 (xlmr) — Worst 5 (cosine) ===
2025-08-27 07:42:32,563 - INFO - 1. xho: cos=0.9753
2025-08-27 07:42:32,563 - INFO - 2. hau: cos=0.9759
2025-08-27 07:42:32,563 - INFO - 3. bam: cos=0.9780
2025-08-27 07:42:32,563 - INFO - 4. bbj: cos=0.9785
2025-08-27 07:42:32,563 - INFO - 5. yor: cos=0.9795
2025-08-27 07:42:32,689 - INFO - === Layer 12 (xlmr) — Top 5 (cosine) ===
2025-08-27 07:42:32,689 - INFO - 1. twi: cos=0.9991
2025-08-27 07:42:32,689 - INFO - 2. kin: cos=0.9990
2025-08-27 07:42:32,689 - INFO - 3. luo: cos=0.9988
2025-08-27 07:42:32,689 - INFO - 4. ewe: cos=0.9987
2025-08-27 07:42:32,689 - INFO - 5. swa: cos=0.9986
2025-08-27 07:42:32,689 - INFO - === Layer 12 (xlmr) — Worst 5 (cosine) ===
2025-08-27 07:42:32,689 - INFO - 1. hau: cos=0.9976
2025-08-27 07:42:32,689 - INFO - 2. bam: cos=0.9979
2025-08-27 07:42:32,689 - INFO - 3. xho: cos=0.9980
2025-08-27 07:42:32,689 - INFO - 4. bbj: cos=0.9980
2025-08-27 07:42:32,689 - INFO - 5. yor: cos=0.9981
2025-08-27 07:42:32,690 - INFO - Experiment finished successfully.
