2025-08-03 03:10:20,900 - INFO - Experiment started with model_type=mbert, use_cls=True, use_context=False, context_window=3, use_hybrid=True, max_tokens_per_type=200, output_dir=rq2_train_scripts/Embeddings/MEXA_inspired_strategy/outputs/salt/mbert/config_5_clstrue_ctxfalse_hybtrue/tokens_200_ctx3
2025-08-03 03:10:21,942 - INFO - Processing run
2025-08-03 03:10:23,672 - INFO - Processing bam
2025-08-03 03:10:25,081 - INFO - Processing bbj
2025-08-03 03:10:26,471 - INFO - Processing ewe
2025-08-03 03:10:27,860 - INFO - Processing fon
2025-08-03 03:10:29,279 - INFO - Processing hau
2025-08-03 03:10:30,706 - INFO - Processing ibo
2025-08-03 03:10:32,160 - INFO - Processing kin
2025-08-03 03:10:33,577 - INFO - Processing lug
2025-08-03 03:10:34,963 - INFO - Processing luo
2025-08-03 03:10:36,376 - INFO - Processing mos
2025-08-03 03:10:37,796 - INFO - Processing nya
2025-08-03 03:10:39,216 - INFO - Processing pcm
2025-08-03 03:10:40,626 - INFO - Processing sna
2025-08-03 03:10:42,044 - INFO - Processing swa
2025-08-03 03:10:43,459 - INFO - Processing tsn
2025-08-03 03:10:44,853 - INFO - Processing twi
2025-08-03 03:10:46,260 - INFO - Processing wol
2025-08-03 03:10:47,675 - INFO - Processing xho
2025-08-03 03:10:49,089 - INFO - Processing yor
2025-08-03 03:10:50,550 - INFO - Processing zul
2025-08-03 03:10:52,401 - INFO - Top 5 languages most similar to Runyankore:
2025-08-03 03:10:52,402 - INFO - 1. lug - Mean Similarity: 0.6825
2025-08-03 03:10:52,402 - INFO - 2. twi - Mean Similarity: 0.6580
2025-08-03 03:10:52,402 - INFO - 3. luo - Mean Similarity: 0.6498
2025-08-03 03:10:52,402 - INFO - 4. ibo - Mean Similarity: 0.6476
2025-08-03 03:10:52,402 - INFO - 5. kin - Mean Similarity: 0.6443
2025-08-03 03:10:52,402 - INFO - Experiment finished successfully.
