2025-08-27 07:43:48,293 - INFO - Start: model_type=xlmr, use_cls=True, use_context=False, context_window=1, max_tokens_per_type=300, batch_size=64, output_dir=rq2_train_scripts/Embeddings/CLEAN/outputs/mptc/xlmr/config_1_clstrue_ctxfalse/tokens_300_ctx1, save_prototypes=False, seed=42, fp16=True, max_length=96, langs=all, layers=all, span_mode=bio, pool=mean, entity_tags={'LOC', 'PER', 'DATE', 'ORG'}, title_suffix='L=all, tokens=300, ctx=1, cls=true, fp16=true'
2025-08-27 07:43:50,502 - INFO - Processing run
2025-08-27 07:43:50,884 - INFO - Processing bam
2025-08-27 07:43:50,945 - INFO - Processing bbj
2025-08-27 07:43:50,983 - INFO - Processing ewe
2025-08-27 07:43:51,018 - INFO - Processing fon
2025-08-27 07:43:51,068 - INFO - Processing hau
2025-08-27 07:43:51,130 - INFO - Processing ibo
2025-08-27 07:43:51,219 - INFO - Processing kin
2025-08-27 07:43:51,286 - INFO - Processing lug
2025-08-27 07:43:51,330 - INFO - Processing luo
2025-08-27 07:43:51,389 - INFO - Processing mos
2025-08-27 07:43:51,449 - INFO - Processing nya
2025-08-27 07:43:51,512 - INFO - Processing pcm
2025-08-27 07:43:51,584 - INFO - Processing sna
2025-08-27 07:43:51,658 - INFO - Processing swa
2025-08-27 07:43:51,721 - INFO - Processing tsn
2025-08-27 07:43:51,771 - INFO - Processing twi
2025-08-27 07:43:51,826 - INFO - Processing wol
2025-08-27 07:43:51,881 - INFO - Processing xho
2025-08-27 07:43:51,924 - INFO - Processing yor
2025-08-27 07:43:52,000 - INFO - Processing zul
2025-08-27 07:43:52,476 - INFO - === Layer 1 (xlmr) — Top 5 (cosine) ===
2025-08-27 07:43:52,476 - INFO - 1. kin: cos=0.9999
2025-08-27 07:43:52,476 - INFO - 2. luo: cos=0.9999
2025-08-27 07:43:52,476 - INFO - 3. twi: cos=0.9999
2025-08-27 07:43:52,476 - INFO - 4. zul: cos=0.9998
2025-08-27 07:43:52,476 - INFO - 5. nya: cos=0.9998
2025-08-27 07:43:52,476 - INFO - === Layer 1 (xlmr) — Worst 5 (cosine) ===
2025-08-27 07:43:52,476 - INFO - 1. hau: cos=0.9992
2025-08-27 07:43:52,476 - INFO - 2. bbj: cos=0.9994
2025-08-27 07:43:52,476 - INFO - 3. fon: cos=0.9994
2025-08-27 07:43:52,476 - INFO - 4. pcm: cos=0.9994
2025-08-27 07:43:52,476 - INFO - 5. bam: cos=0.9994
2025-08-27 07:43:52,596 - INFO - === Layer 2 (xlmr) — Top 5 (cosine) ===
2025-08-27 07:43:52,596 - INFO - 1. kin: cos=1.0000
2025-08-27 07:43:52,596 - INFO - 2. twi: cos=1.0000
2025-08-27 07:43:52,596 - INFO - 3. luo: cos=1.0000
2025-08-27 07:43:52,596 - INFO - 4. zul: cos=1.0000
2025-08-27 07:43:52,596 - INFO - 5. nya: cos=1.0000
2025-08-27 07:43:52,596 - INFO - === Layer 2 (xlmr) — Worst 5 (cosine) ===
2025-08-27 07:43:52,596 - INFO - 1. hau: cos=0.9999
2025-08-27 07:43:52,596 - INFO - 2. pcm: cos=0.9999
2025-08-27 07:43:52,596 - INFO - 3. bam: cos=0.9999
2025-08-27 07:43:52,597 - INFO - 4. bbj: cos=0.9999
2025-08-27 07:43:52,597 - INFO - 5. fon: cos=0.9999
2025-08-27 07:43:52,746 - INFO - === Layer 3 (xlmr) — Top 5 (cosine) ===
2025-08-27 07:43:52,746 - INFO - 1. kin: cos=1.0000
2025-08-27 07:43:52,746 - INFO - 2. twi: cos=1.0000
2025-08-27 07:43:52,746 - INFO - 3. luo: cos=1.0000
2025-08-27 07:43:52,746 - INFO - 4. zul: cos=1.0000
2025-08-27 07:43:52,746 - INFO - 5. ewe: cos=1.0000
2025-08-27 07:43:52,746 - INFO - === Layer 3 (xlmr) — Worst 5 (cosine) ===
2025-08-27 07:43:52,746 - INFO - 1. pcm: cos=1.0000
2025-08-27 07:43:52,746 - INFO - 2. swa: cos=1.0000
2025-08-27 07:43:52,746 - INFO - 3. nya: cos=1.0000
2025-08-27 07:43:52,746 - INFO - 4. sna: cos=1.0000
2025-08-27 07:43:52,746 - INFO - 5. bbj: cos=1.0000
2025-08-27 07:43:52,874 - INFO - === Layer 4 (xlmr) — Top 5 (cosine) ===
2025-08-27 07:43:52,874 - INFO - 1. kin: cos=1.0000
2025-08-27 07:43:52,874 - INFO - 2. twi: cos=1.0000
2025-08-27 07:43:52,874 - INFO - 3. luo: cos=1.0000
2025-08-27 07:43:52,874 - INFO - 4. tsn: cos=1.0000
2025-08-27 07:43:52,874 - INFO - 5. zul: cos=1.0000
2025-08-27 07:43:52,874 - INFO - === Layer 4 (xlmr) — Worst 5 (cosine) ===
2025-08-27 07:43:52,874 - INFO - 1. yor: cos=1.0000
2025-08-27 07:43:52,874 - INFO - 2. hau: cos=1.0000
2025-08-27 07:43:52,874 - INFO - 3. pcm: cos=1.0000
2025-08-27 07:43:52,874 - INFO - 4. bam: cos=1.0000
2025-08-27 07:43:52,874 - INFO - 5. wol: cos=1.0000
2025-08-27 07:43:53,005 - INFO - === Layer 5 (xlmr) — Top 5 (cosine) ===
2025-08-27 07:43:53,005 - INFO - 1. twi: cos=1.0000
2025-08-27 07:43:53,005 - INFO - 2. luo: cos=1.0000
2025-08-27 07:43:53,005 - INFO - 3. tsn: cos=1.0000
2025-08-27 07:43:53,005 - INFO - 4. sna: cos=1.0000
2025-08-27 07:43:53,005 - INFO - 5. kin: cos=1.0000
2025-08-27 07:43:53,005 - INFO - === Layer 5 (xlmr) — Worst 5 (cosine) ===
2025-08-27 07:43:53,005 - INFO - 1. hau: cos=1.0000
2025-08-27 07:43:53,005 - INFO - 2. pcm: cos=1.0000
2025-08-27 07:43:53,005 - INFO - 3. swa: cos=1.0000
2025-08-27 07:43:53,005 - INFO - 4. wol: cos=1.0000
2025-08-27 07:43:53,005 - INFO - 5. mos: cos=1.0000
2025-08-27 07:43:53,133 - INFO - === Layer 6 (xlmr) — Top 5 (cosine) ===
2025-08-27 07:43:53,133 - INFO - 1. ibo: cos=1.0000
2025-08-27 07:43:53,133 - INFO - 2. sna: cos=1.0000
2025-08-27 07:43:53,133 - INFO - 3. twi: cos=1.0000
2025-08-27 07:43:53,133 - INFO - 4. luo: cos=1.0000
2025-08-27 07:43:53,133 - INFO - 5. ewe: cos=1.0000
2025-08-27 07:43:53,133 - INFO - === Layer 6 (xlmr) — Worst 5 (cosine) ===
2025-08-27 07:43:53,133 - INFO - 1. hau: cos=1.0000
2025-08-27 07:43:53,133 - INFO - 2. swa: cos=1.0000
2025-08-27 07:43:53,133 - INFO - 3. pcm: cos=1.0000
2025-08-27 07:43:53,133 - INFO - 4. lug: cos=1.0000
2025-08-27 07:43:53,133 - INFO - 5. mos: cos=1.0000
2025-08-27 07:43:53,261 - INFO - === Layer 7 (xlmr) — Top 5 (cosine) ===
2025-08-27 07:43:53,261 - INFO - 1. twi: cos=1.0000
2025-08-27 07:43:53,261 - INFO - 2. fon: cos=1.0000
2025-08-27 07:43:53,261 - INFO - 3. yor: cos=1.0000
2025-08-27 07:43:53,261 - INFO - 4. kin: cos=1.0000
2025-08-27 07:43:53,261 - INFO - 5. sna: cos=1.0000
2025-08-27 07:43:53,261 - INFO - === Layer 7 (xlmr) — Worst 5 (cosine) ===
2025-08-27 07:43:53,261 - INFO - 1. hau: cos=1.0000
2025-08-27 07:43:53,261 - INFO - 2. tsn: cos=1.0000
2025-08-27 07:43:53,261 - INFO - 3. nya: cos=1.0000
2025-08-27 07:43:53,261 - INFO - 4. mos: cos=1.0000
2025-08-27 07:43:53,261 - INFO - 5. wol: cos=1.0000
2025-08-27 07:43:53,466 - INFO - === Layer 8 (xlmr) — Top 5 (cosine) ===
2025-08-27 07:43:53,466 - INFO - 1. kin: cos=1.0000
2025-08-27 07:43:53,466 - INFO - 2. ewe: cos=1.0000
2025-08-27 07:43:53,466 - INFO - 3. yor: cos=1.0000
2025-08-27 07:43:53,466 - INFO - 4. luo: cos=1.0000
2025-08-27 07:43:53,466 - INFO - 5. tsn: cos=1.0000
2025-08-27 07:43:53,466 - INFO - === Layer 8 (xlmr) — Worst 5 (cosine) ===
2025-08-27 07:43:53,466 - INFO - 1. bbj: cos=0.9999
2025-08-27 07:43:53,466 - INFO - 2. fon: cos=0.9999
2025-08-27 07:43:53,466 - INFO - 3. xho: cos=1.0000
2025-08-27 07:43:53,466 - INFO - 4. ibo: cos=1.0000
2025-08-27 07:43:53,466 - INFO - 5. pcm: cos=1.0000
2025-08-27 07:43:53,599 - INFO - === Layer 9 (xlmr) — Top 5 (cosine) ===
2025-08-27 07:43:53,599 - INFO - 1. kin: cos=1.0000
2025-08-27 07:43:53,599 - INFO - 2. ewe: cos=1.0000
2025-08-27 07:43:53,599 - INFO - 3. yor: cos=1.0000
2025-08-27 07:43:53,599 - INFO - 4. bam: cos=1.0000
2025-08-27 07:43:53,599 - INFO - 5. twi: cos=1.0000
2025-08-27 07:43:53,599 - INFO - === Layer 9 (xlmr) — Worst 5 (cosine) ===
2025-08-27 07:43:53,599 - INFO - 1. bbj: cos=1.0000
2025-08-27 07:43:53,599 - INFO - 2. hau: cos=1.0000
2025-08-27 07:43:53,599 - INFO - 3. tsn: cos=1.0000
2025-08-27 07:43:53,599 - INFO - 4. wol: cos=1.0000
2025-08-27 07:43:53,599 - INFO - 5. fon: cos=1.0000
2025-08-27 07:43:53,730 - INFO - === Layer 10 (xlmr) — Top 5 (cosine) ===
2025-08-27 07:43:53,730 - INFO - 1. ewe: cos=1.0000
2025-08-27 07:43:53,730 - INFO - 2. twi: cos=1.0000
2025-08-27 07:43:53,730 - INFO - 3. bam: cos=1.0000
2025-08-27 07:43:53,730 - INFO - 4. zul: cos=1.0000
2025-08-27 07:43:53,730 - INFO - 5. mos: cos=1.0000
2025-08-27 07:43:53,730 - INFO - === Layer 10 (xlmr) — Worst 5 (cosine) ===
2025-08-27 07:43:53,730 - INFO - 1. yor: cos=1.0000
2025-08-27 07:43:53,730 - INFO - 2. pcm: cos=1.0000
2025-08-27 07:43:53,730 - INFO - 3. ibo: cos=1.0000
2025-08-27 07:43:53,730 - INFO - 4. fon: cos=1.0000
2025-08-27 07:43:53,730 - INFO - 5. lug: cos=1.0000
2025-08-27 07:43:53,877 - INFO - === Layer 11 (xlmr) — Top 5 (cosine) ===
2025-08-27 07:43:53,877 - INFO - 1. lug: cos=1.0000
2025-08-27 07:43:53,877 - INFO - 2. twi: cos=1.0000
2025-08-27 07:43:53,877 - INFO - 3. zul: cos=1.0000
2025-08-27 07:43:53,878 - INFO - 4. pcm: cos=1.0000
2025-08-27 07:43:53,878 - INFO - 5. swa: cos=1.0000
2025-08-27 07:43:53,878 - INFO - === Layer 11 (xlmr) — Worst 5 (cosine) ===
2025-08-27 07:43:53,878 - INFO - 1. luo: cos=0.9997
2025-08-27 07:43:53,878 - INFO - 2. bam: cos=0.9998
2025-08-27 07:43:53,878 - INFO - 3. xho: cos=0.9998
2025-08-27 07:43:53,878 - INFO - 4. bbj: cos=0.9999
2025-08-27 07:43:53,878 - INFO - 5. nya: cos=0.9999
2025-08-27 07:43:54,009 - INFO - === Layer 12 (xlmr) — Top 5 (cosine) ===
2025-08-27 07:43:54,010 - INFO - 1. tsn: cos=0.9999
2025-08-27 07:43:54,010 - INFO - 2. kin: cos=0.9999
2025-08-27 07:43:54,010 - INFO - 3. sna: cos=0.9998
2025-08-27 07:43:54,010 - INFO - 4. wol: cos=0.9998
2025-08-27 07:43:54,010 - INFO - 5. nya: cos=0.9998
2025-08-27 07:43:54,010 - INFO - === Layer 12 (xlmr) — Worst 5 (cosine) ===
2025-08-27 07:43:54,010 - INFO - 1. fon: cos=0.9976
2025-08-27 07:43:54,010 - INFO - 2. pcm: cos=0.9994
2025-08-27 07:43:54,010 - INFO - 3. hau: cos=0.9995
2025-08-27 07:43:54,010 - INFO - 4. swa: cos=0.9996
2025-08-27 07:43:54,010 - INFO - 5. luo: cos=0.9997
2025-08-27 07:43:54,010 - INFO - Experiment finished successfully.
