2025-08-02 18:05:50,445 - INFO - Experiment started with model_type=xlmr, use_cls=True, use_context=True, context_window=3, use_hybrid=False, max_tokens_per_type=200, output_dir=rq2_train_scripts/Embeddings/MEXA_inspired_strategy/outputs/salt/xlmr/config_4_clstrue_ctxtrue_hybfalse/tokens_200_ctx3
2025-08-02 18:05:52,284 - INFO - Processing run
2025-08-02 18:05:58,141 - INFO - Processing bam
2025-08-02 18:06:03,678 - INFO - Processing bbj
2025-08-02 18:06:09,435 - INFO - Processing ewe
2025-08-02 18:06:14,884 - INFO - Processing fon
2025-08-02 18:06:20,921 - INFO - Processing hau
2025-08-02 18:06:26,773 - INFO - Processing ibo
2025-08-02 18:06:32,657 - INFO - Processing kin
2025-08-02 18:06:38,335 - INFO - Processing lug
2025-08-02 18:06:43,832 - INFO - Processing luo
2025-08-02 18:06:49,584 - INFO - Processing mos
2025-08-02 18:06:55,577 - INFO - Processing nya
2025-08-02 18:07:01,733 - INFO - Processing pcm
2025-08-02 18:07:07,088 - INFO - Processing sna
2025-08-02 18:07:12,652 - INFO - Processing swa
2025-08-02 18:07:18,252 - INFO - Processing tsn
2025-08-02 18:07:24,086 - INFO - Processing twi
2025-08-02 18:07:29,556 - INFO - Processing wol
2025-08-02 18:07:35,090 - INFO - Processing xho
2025-08-02 18:07:40,795 - INFO - Processing yor
2025-08-02 18:07:46,568 - INFO - Processing zul
2025-08-02 18:07:52,957 - INFO - Top 5 languages most similar to Runyankore:
2025-08-02 18:07:52,957 - INFO - 1. ewe - Mean Similarity: 0.9978
2025-08-02 18:07:52,957 - INFO - 2. hau - Mean Similarity: 0.9975
2025-08-02 18:07:52,957 - INFO - 3. tsn - Mean Similarity: 0.9971
2025-08-02 18:07:52,957 - INFO - 4. bam - Mean Similarity: 0.9969
2025-08-02 18:07:52,957 - INFO - 5. lug - Mean Similarity: 0.9969
2025-08-02 18:07:52,957 - INFO - Experiment finished successfully.
