2025-08-02 21:56:04,864 - INFO - Experiment started with model_type=mbert, use_cls=False, use_context=False, context_window=2, use_hybrid=False, max_tokens_per_type=400, output_dir=rq2_train_scripts/Embeddings/MEXA_inspired_strategy/outputs/salt/mbert/config_0_clsfalse_ctxfalse_hybfalse/tokens_400_ctx2
2025-08-02 21:56:06,297 - INFO - Processing run
2025-08-02 21:56:21,777 - INFO - Processing bam
2025-08-02 21:56:35,965 - INFO - Processing bbj
2025-08-02 21:56:52,093 - INFO - Processing ewe
2025-08-02 21:57:07,467 - INFO - Processing fon
2025-08-02 21:57:23,356 - INFO - Processing hau
2025-08-02 21:57:39,118 - INFO - Processing ibo
2025-08-02 21:57:54,516 - INFO - Processing kin
2025-08-02 21:58:09,906 - INFO - Processing lug
2025-08-02 21:58:25,543 - INFO - Processing luo
2025-08-02 21:58:41,148 - INFO - Processing mos
2025-08-02 21:58:56,569 - INFO - Processing nya
2025-08-02 21:59:12,467 - INFO - Processing pcm
2025-08-02 21:59:27,824 - INFO - Processing sna
2025-08-02 21:59:43,619 - INFO - Processing swa
2025-08-02 21:59:58,614 - INFO - Processing tsn
2025-08-02 22:00:14,356 - INFO - Processing twi
2025-08-02 22:00:30,004 - INFO - Processing wol
2025-08-02 22:00:45,368 - INFO - Processing xho
2025-08-02 22:01:01,437 - INFO - Processing yor
2025-08-02 22:01:17,166 - INFO - Processing zul
2025-08-02 22:01:34,076 - INFO - Top 5 languages most similar to Runyankore:
2025-08-02 22:01:34,076 - INFO - 1. lug - Mean Similarity: 0.9575
2025-08-02 22:01:34,076 - INFO - 2. luo - Mean Similarity: 0.9466
2025-08-02 22:01:34,076 - INFO - 3. kin - Mean Similarity: 0.9453
2025-08-02 22:01:34,076 - INFO - 4. ibo - Mean Similarity: 0.9367
2025-08-02 22:01:34,076 - INFO - 5. twi - Mean Similarity: 0.9351
2025-08-02 22:01:34,076 - INFO - Experiment finished successfully.
