2025-08-03 03:39:42,099 - INFO - Experiment started with model_type=mbert, use_cls=True, use_context=True, context_window=3, use_hybrid=True, max_tokens_per_type=200, output_dir=rq2_train_scripts/Embeddings/MEXA_inspired_strategy/outputs/salt/mbert/config_7_clstrue_ctxtrue_hybtrue/tokens_200_ctx3
2025-08-03 03:39:43,116 - INFO - Processing run
2025-08-03 03:39:44,875 - INFO - Processing bam
2025-08-03 03:39:46,310 - INFO - Processing bbj
2025-08-03 03:39:47,734 - INFO - Processing ewe
2025-08-03 03:39:49,156 - INFO - Processing fon
2025-08-03 03:39:50,614 - INFO - Processing hau
2025-08-03 03:39:52,059 - INFO - Processing ibo
2025-08-03 03:39:53,538 - INFO - Processing kin
2025-08-03 03:39:54,996 - INFO - Processing lug
2025-08-03 03:39:56,430 - INFO - Processing luo
2025-08-03 03:39:57,882 - INFO - Processing mos
2025-08-03 03:39:59,329 - INFO - Processing nya
2025-08-03 03:40:00,797 - INFO - Processing pcm
2025-08-03 03:40:02,238 - INFO - Processing sna
2025-08-03 03:40:03,691 - INFO - Processing swa
2025-08-03 03:40:05,143 - INFO - Processing tsn
2025-08-03 03:40:06,575 - INFO - Processing twi
2025-08-03 03:40:08,013 - INFO - Processing wol
2025-08-03 03:40:09,452 - INFO - Processing xho
2025-08-03 03:40:10,892 - INFO - Processing yor
2025-08-03 03:40:12,361 - INFO - Processing zul
2025-08-03 03:40:14,232 - INFO - Top 5 languages most similar to Runyankore:
2025-08-03 03:40:14,233 - INFO - 1. lug - Mean Similarity: 0.7407
2025-08-03 03:40:14,233 - INFO - 2. kin - Mean Similarity: 0.7120
2025-08-03 03:40:14,233 - INFO - 3. nya - Mean Similarity: 0.7048
2025-08-03 03:40:14,233 - INFO - 4. sna - Mean Similarity: 0.6936
2025-08-03 03:40:14,233 - INFO - 5. xho - Mean Similarity: 0.6826
2025-08-03 03:40:14,233 - INFO - Experiment finished successfully.
