2025-08-24 11:50:42,955 - INFO - Start: model_type=mbert, run_both=False, use_cls=True, use_context=False, context_window=0, max_tokens_per_type=200, batch_size=32, seed=1, num_middle_layers=3, output_dir=rq2_train_scripts/Embeddings/EXTENDED/outputs/mptc_extended/mbert/config_5_clstrue_ctxfalse_hybtrue/tokens_200_ctx0
2025-08-24 11:50:43,593 - INFO - mbert: selected layer indices (hidden_states) = [2, 3, 10, 12]
2025-08-24 11:50:44,562 - INFO - Processing run
2025-08-24 11:50:44,968 - INFO - Processing bam
2025-08-24 11:50:45,048 - INFO - Processing bbj
2025-08-24 11:50:45,095 - INFO - Processing ewe
2025-08-24 11:50:45,146 - INFO - Processing fon
2025-08-24 11:50:45,216 - INFO - Processing hau
2025-08-24 11:50:45,278 - INFO - Processing ibo
2025-08-24 11:50:45,374 - INFO - Processing kin
2025-08-24 11:50:45,443 - INFO - Processing lug
2025-08-24 11:50:45,490 - INFO - Processing luo
2025-08-24 11:50:45,558 - INFO - Processing mos
2025-08-24 11:50:45,619 - INFO - Processing nya
2025-08-24 11:50:45,769 - INFO - Processing pcm
2025-08-24 11:50:45,832 - INFO - Processing sna
2025-08-24 11:50:45,897 - INFO - Processing swa
2025-08-24 11:50:45,965 - INFO - Processing tsn
2025-08-24 11:50:46,018 - INFO - Processing twi
2025-08-24 11:50:46,074 - INFO - Processing wol
2025-08-24 11:50:46,140 - INFO - Processing xho
2025-08-24 11:50:46,196 - INFO - Processing yor
2025-08-24 11:50:46,285 - INFO - Processing zul
2025-08-24 11:50:46,600 - INFO - Layer 2 (mbert) — Top 5
2025-08-24 11:50:46,600 - INFO - 1. kin: r=0.9999
2025-08-24 11:50:46,600 - INFO - 2. ibo: r=0.9999
2025-08-24 11:50:46,600 - INFO - 3. zul: r=0.9999
2025-08-24 11:50:46,600 - INFO - 4. nya: r=0.9999
2025-08-24 11:50:46,600 - INFO - 5. wol: r=0.9999
2025-08-24 11:50:46,600 - INFO - Layer 2 (mbert) — Worst 5
2025-08-24 11:50:46,600 - INFO - 1. bbj: r=0.9992
2025-08-24 11:50:46,600 - INFO - 2. ewe: r=0.9993
2025-08-24 11:50:46,600 - INFO - 3. pcm: r=0.9997
2025-08-24 11:50:46,600 - INFO - 4. twi: r=0.9998
2025-08-24 11:50:46,600 - INFO - 5. xho: r=0.9998
2025-08-24 11:50:46,721 - INFO - Layer 3 (mbert) — Top 5
2025-08-24 11:50:46,721 - INFO - 1. ibo: r=1.0000
2025-08-24 11:50:46,721 - INFO - 2. kin: r=1.0000
2025-08-24 11:50:46,721 - INFO - 3. nya: r=1.0000
2025-08-24 11:50:46,721 - INFO - 4. zul: r=1.0000
2025-08-24 11:50:46,721 - INFO - 5. wol: r=1.0000
2025-08-24 11:50:46,721 - INFO - Layer 3 (mbert) — Worst 5
2025-08-24 11:50:46,721 - INFO - 1. ewe: r=0.9998
2025-08-24 11:50:46,721 - INFO - 2. bbj: r=0.9998
2025-08-24 11:50:46,721 - INFO - 3. pcm: r=0.9999
2025-08-24 11:50:46,721 - INFO - 4. twi: r=0.9999
2025-08-24 11:50:46,721 - INFO - 5. tsn: r=1.0000
2025-08-24 11:50:46,838 - INFO - Layer 10 (mbert) — Top 5
2025-08-24 11:50:46,839 - INFO - 1. luo: r=0.9850
2025-08-24 11:50:46,839 - INFO - 2. kin: r=0.9837
2025-08-24 11:50:46,839 - INFO - 3. twi: r=0.9824
2025-08-24 11:50:46,839 - INFO - 4. zul: r=0.9816
2025-08-24 11:50:46,839 - INFO - 5. sna: r=0.9815
2025-08-24 11:50:46,839 - INFO - Layer 10 (mbert) — Worst 5
2025-08-24 11:50:46,839 - INFO - 1. pcm: r=0.9622
2025-08-24 11:50:46,839 - INFO - 2. bbj: r=0.9643
2025-08-24 11:50:46,839 - INFO - 3. yor: r=0.9665
2025-08-24 11:50:46,839 - INFO - 4. mos: r=0.9741
2025-08-24 11:50:46,839 - INFO - 5. bam: r=0.9746
2025-08-24 11:50:46,955 - INFO - Layer 12 (mbert) — Top 5
2025-08-24 11:50:46,955 - INFO - 1. luo: r=0.9626
2025-08-24 11:50:46,955 - INFO - 2. kin: r=0.9622
2025-08-24 11:50:46,955 - INFO - 3. zul: r=0.9577
2025-08-24 11:50:46,955 - INFO - 4. hau: r=0.9567
2025-08-24 11:50:46,955 - INFO - 5. sna: r=0.9540
2025-08-24 11:50:46,955 - INFO - Layer 12 (mbert) — Worst 5
2025-08-24 11:50:46,955 - INFO - 1. pcm: r=0.8988
2025-08-24 11:50:46,955 - INFO - 2. yor: r=0.9092
2025-08-24 11:50:46,955 - INFO - 3. bbj: r=0.9162
2025-08-24 11:50:46,955 - INFO - 4. fon: r=0.9420
2025-08-24 11:50:46,955 - INFO - 5. mos: r=0.9435
2025-08-24 11:50:46,956 - INFO - Experiment finished successfully.
