2025-08-27 07:49:26,676 - INFO - Start: model_type=xlmr, use_cls=True, use_context=True, context_window=3, max_tokens_per_type=500, batch_size=64, output_dir=rq2_train_scripts/Embeddings/CLEAN/outputs/mptc/xlmr/config_3_clstrue_ctxtrue/tokens_500_ctx3, save_prototypes=False, seed=42, fp16=True, max_length=96, langs=all, layers=all, span_mode=bio, pool=mean, entity_tags={'DATE', 'ORG', 'LOC', 'PER'}, title_suffix='L=all, tokens=500, ctx=3, cls=true, fp16=true'
2025-08-27 07:49:29,311 - INFO - Processing run
2025-08-27 07:49:29,711 - INFO - Processing bam
2025-08-27 07:49:29,787 - INFO - Processing bbj
2025-08-27 07:49:29,847 - INFO - Processing ewe
2025-08-27 07:49:29,912 - INFO - Processing fon
2025-08-27 07:49:30,006 - INFO - Processing hau
2025-08-27 07:49:30,123 - INFO - Processing ibo
2025-08-27 07:49:30,255 - INFO - Processing kin
2025-08-27 07:49:30,334 - INFO - Processing lug
2025-08-27 07:49:30,404 - INFO - Processing luo
2025-08-27 07:49:30,473 - INFO - Processing mos
2025-08-27 07:49:30,546 - INFO - Processing nya
2025-08-27 07:49:30,625 - INFO - Processing pcm
2025-08-27 07:49:30,692 - INFO - Processing sna
2025-08-27 07:49:30,756 - INFO - Processing swa
2025-08-27 07:49:30,833 - INFO - Processing tsn
2025-08-27 07:49:30,898 - INFO - Processing twi
2025-08-27 07:49:30,971 - INFO - Processing wol
2025-08-27 07:49:31,042 - INFO - Processing xho
2025-08-27 07:49:31,100 - INFO - Processing yor
2025-08-27 07:49:31,194 - INFO - Processing zul
2025-08-27 07:49:31,717 - INFO - === Layer 1 (xlmr) — Top 5 (cosine) ===
2025-08-27 07:49:31,717 - INFO - 1. lug: cos=1.0000
2025-08-27 07:49:31,717 - INFO - 2. sna: cos=1.0000
2025-08-27 07:49:31,717 - INFO - 3. kin: cos=0.9999
2025-08-27 07:49:31,717 - INFO - 4. pcm: cos=0.9999
2025-08-27 07:49:31,717 - INFO - 5. nya: cos=0.9999
2025-08-27 07:49:31,717 - INFO - === Layer 1 (xlmr) — Worst 5 (cosine) ===
2025-08-27 07:49:31,717 - INFO - 1. bam: cos=0.9996
2025-08-27 07:49:31,717 - INFO - 2. fon: cos=0.9996
2025-08-27 07:49:31,717 - INFO - 3. ewe: cos=0.9998
2025-08-27 07:49:31,717 - INFO - 4. yor: cos=0.9998
2025-08-27 07:49:31,717 - INFO - 5. ibo: cos=0.9998
2025-08-27 07:49:31,837 - INFO - === Layer 2 (xlmr) — Top 5 (cosine) ===
2025-08-27 07:49:31,837 - INFO - 1. lug: cos=1.0000
2025-08-27 07:49:31,837 - INFO - 2. kin: cos=1.0000
2025-08-27 07:49:31,837 - INFO - 3. nya: cos=1.0000
2025-08-27 07:49:31,837 - INFO - 4. tsn: cos=1.0000
2025-08-27 07:49:31,837 - INFO - 5. luo: cos=1.0000
2025-08-27 07:49:31,837 - INFO - === Layer 2 (xlmr) — Worst 5 (cosine) ===
2025-08-27 07:49:31,837 - INFO - 1. bam: cos=1.0000
2025-08-27 07:49:31,837 - INFO - 2. fon: cos=1.0000
2025-08-27 07:49:31,837 - INFO - 3. yor: cos=1.0000
2025-08-27 07:49:31,837 - INFO - 4. mos: cos=1.0000
2025-08-27 07:49:31,837 - INFO - 5. ibo: cos=1.0000
2025-08-27 07:49:31,959 - INFO - === Layer 3 (xlmr) — Top 5 (cosine) ===
2025-08-27 07:49:31,959 - INFO - 1. kin: cos=1.0000
2025-08-27 07:49:31,959 - INFO - 2. lug: cos=1.0000
2025-08-27 07:49:31,959 - INFO - 3. nya: cos=1.0000
2025-08-27 07:49:31,959 - INFO - 4. zul: cos=1.0000
2025-08-27 07:49:31,959 - INFO - 5. xho: cos=1.0000
2025-08-27 07:49:31,959 - INFO - === Layer 3 (xlmr) — Worst 5 (cosine) ===
2025-08-27 07:49:31,959 - INFO - 1. pcm: cos=1.0000
2025-08-27 07:49:31,959 - INFO - 2. swa: cos=1.0000
2025-08-27 07:49:31,959 - INFO - 3. fon: cos=1.0000
2025-08-27 07:49:31,959 - INFO - 4. yor: cos=1.0000
2025-08-27 07:49:31,960 - INFO - 5. bbj: cos=1.0000
2025-08-27 07:49:32,089 - INFO - === Layer 4 (xlmr) — Top 5 (cosine) ===
2025-08-27 07:49:32,089 - INFO - 1. zul: cos=1.0000
2025-08-27 07:49:32,089 - INFO - 2. ibo: cos=1.0000
2025-08-27 07:49:32,089 - INFO - 3. lug: cos=1.0000
2025-08-27 07:49:32,089 - INFO - 4. xho: cos=1.0000
2025-08-27 07:49:32,089 - INFO - 5. nya: cos=1.0000
2025-08-27 07:49:32,089 - INFO - === Layer 4 (xlmr) — Worst 5 (cosine) ===
2025-08-27 07:49:32,089 - INFO - 1. fon: cos=1.0000
2025-08-27 07:49:32,089 - INFO - 2. pcm: cos=1.0000
2025-08-27 07:49:32,089 - INFO - 3. sna: cos=1.0000
2025-08-27 07:49:32,089 - INFO - 4. bbj: cos=1.0000
2025-08-27 07:49:32,089 - INFO - 5. bam: cos=1.0000
2025-08-27 07:49:32,213 - INFO - === Layer 5 (xlmr) — Top 5 (cosine) ===
2025-08-27 07:49:32,213 - INFO - 1. lug: cos=1.0000
2025-08-27 07:49:32,213 - INFO - 2. zul: cos=1.0000
2025-08-27 07:49:32,213 - INFO - 3. xho: cos=1.0000
2025-08-27 07:49:32,213 - INFO - 4. kin: cos=1.0000
2025-08-27 07:49:32,213 - INFO - 5. nya: cos=1.0000
2025-08-27 07:49:32,213 - INFO - === Layer 5 (xlmr) — Worst 5 (cosine) ===
2025-08-27 07:49:32,213 - INFO - 1. bam: cos=1.0000
2025-08-27 07:49:32,213 - INFO - 2. fon: cos=1.0000
2025-08-27 07:49:32,213 - INFO - 3. twi: cos=1.0000
2025-08-27 07:49:32,213 - INFO - 4. bbj: cos=1.0000
2025-08-27 07:49:32,213 - INFO - 5. mos: cos=1.0000
2025-08-27 07:49:32,336 - INFO - === Layer 6 (xlmr) — Top 5 (cosine) ===
2025-08-27 07:49:32,336 - INFO - 1. lug: cos=1.0000
2025-08-27 07:49:32,336 - INFO - 2. zul: cos=1.0000
2025-08-27 07:49:32,336 - INFO - 3. xho: cos=1.0000
2025-08-27 07:49:32,336 - INFO - 4. kin: cos=1.0000
2025-08-27 07:49:32,336 - INFO - 5. nya: cos=1.0000
2025-08-27 07:49:32,336 - INFO - === Layer 6 (xlmr) — Worst 5 (cosine) ===
2025-08-27 07:49:32,336 - INFO - 1. bam: cos=1.0000
2025-08-27 07:49:32,336 - INFO - 2. fon: cos=1.0000
2025-08-27 07:49:32,336 - INFO - 3. twi: cos=1.0000
2025-08-27 07:49:32,336 - INFO - 4. bbj: cos=1.0000
2025-08-27 07:49:32,336 - INFO - 5. mos: cos=1.0000
2025-08-27 07:49:32,456 - INFO - === Layer 7 (xlmr) — Top 5 (cosine) ===
2025-08-27 07:49:32,456 - INFO - 1. ibo: cos=1.0000
2025-08-27 07:49:32,456 - INFO - 2. luo: cos=1.0000
2025-08-27 07:49:32,456 - INFO - 3. yor: cos=1.0000
2025-08-27 07:49:32,457 - INFO - 4. zul: cos=1.0000
2025-08-27 07:49:32,457 - INFO - 5. xho: cos=1.0000
2025-08-27 07:49:32,457 - INFO - === Layer 7 (xlmr) — Worst 5 (cosine) ===
2025-08-27 07:49:32,457 - INFO - 1. sna: cos=1.0000
2025-08-27 07:49:32,457 - INFO - 2. hau: cos=1.0000
2025-08-27 07:49:32,457 - INFO - 3. mos: cos=1.0000
2025-08-27 07:49:32,457 - INFO - 4. twi: cos=1.0000
2025-08-27 07:49:32,457 - INFO - 5. nya: cos=1.0000
2025-08-27 07:49:32,575 - INFO - === Layer 8 (xlmr) — Top 5 (cosine) ===
2025-08-27 07:49:32,576 - INFO - 1. zul: cos=1.0000
2025-08-27 07:49:32,576 - INFO - 2. yor: cos=1.0000
2025-08-27 07:49:32,576 - INFO - 3. luo: cos=1.0000
2025-08-27 07:49:32,576 - INFO - 4. xho: cos=1.0000
2025-08-27 07:49:32,576 - INFO - 5. ibo: cos=1.0000
2025-08-27 07:49:32,576 - INFO - === Layer 8 (xlmr) — Worst 5 (cosine) ===
2025-08-27 07:49:32,576 - INFO - 1. swa: cos=1.0000
2025-08-27 07:49:32,576 - INFO - 2. bbj: cos=1.0000
2025-08-27 07:49:32,576 - INFO - 3. hau: cos=1.0000
2025-08-27 07:49:32,576 - INFO - 4. tsn: cos=1.0000
2025-08-27 07:49:32,576 - INFO - 5. mos: cos=1.0000
2025-08-27 07:49:32,845 - INFO - === Layer 9 (xlmr) — Top 5 (cosine) ===
2025-08-27 07:49:32,845 - INFO - 1. yor: cos=1.0000
2025-08-27 07:49:32,845 - INFO - 2. xho: cos=1.0000
2025-08-27 07:49:32,845 - INFO - 3. zul: cos=1.0000
2025-08-27 07:49:32,845 - INFO - 4. fon: cos=1.0000
2025-08-27 07:49:32,845 - INFO - 5. ibo: cos=1.0000
2025-08-27 07:49:32,845 - INFO - === Layer 9 (xlmr) — Worst 5 (cosine) ===
2025-08-27 07:49:32,845 - INFO - 1. mos: cos=1.0000
2025-08-27 07:49:32,845 - INFO - 2. bbj: cos=1.0000
2025-08-27 07:49:32,845 - INFO - 3. sna: cos=1.0000
2025-08-27 07:49:32,845 - INFO - 4. hau: cos=1.0000
2025-08-27 07:49:32,845 - INFO - 5. tsn: cos=1.0000
2025-08-27 07:49:32,974 - INFO - === Layer 10 (xlmr) — Top 5 (cosine) ===
2025-08-27 07:49:32,974 - INFO - 1. zul: cos=1.0000
2025-08-27 07:49:32,975 - INFO - 2. yor: cos=1.0000
2025-08-27 07:49:32,975 - INFO - 3. nya: cos=1.0000
2025-08-27 07:49:32,975 - INFO - 4. xho: cos=1.0000
2025-08-27 07:49:32,975 - INFO - 5. ewe: cos=1.0000
2025-08-27 07:49:32,975 - INFO - === Layer 10 (xlmr) — Worst 5 (cosine) ===
2025-08-27 07:49:32,975 - INFO - 1. pcm: cos=0.9999
2025-08-27 07:49:32,975 - INFO - 2. luo: cos=1.0000
2025-08-27 07:49:32,975 - INFO - 3. tsn: cos=1.0000
2025-08-27 07:49:32,975 - INFO - 4. bbj: cos=1.0000
2025-08-27 07:49:32,975 - INFO - 5. lug: cos=1.0000
2025-08-27 07:49:33,104 - INFO - === Layer 11 (xlmr) — Top 5 (cosine) ===
2025-08-27 07:49:33,104 - INFO - 1. kin: cos=1.0000
2025-08-27 07:49:33,104 - INFO - 2. lug: cos=1.0000
2025-08-27 07:49:33,104 - INFO - 3. nya: cos=1.0000
2025-08-27 07:49:33,104 - INFO - 4. ewe: cos=1.0000
2025-08-27 07:49:33,104 - INFO - 5. twi: cos=1.0000
2025-08-27 07:49:33,104 - INFO - === Layer 11 (xlmr) — Worst 5 (cosine) ===
2025-08-27 07:49:33,104 - INFO - 1. fon: cos=1.0000
2025-08-27 07:49:33,104 - INFO - 2. xho: cos=1.0000
2025-08-27 07:49:33,104 - INFO - 3. yor: cos=1.0000
2025-08-27 07:49:33,104 - INFO - 4. mos: cos=1.0000
2025-08-27 07:49:33,104 - INFO - 5. swa: cos=1.0000
2025-08-27 07:49:33,234 - INFO - === Layer 12 (xlmr) — Top 5 (cosine) ===
2025-08-27 07:49:33,234 - INFO - 1. twi: cos=0.9989
2025-08-27 07:49:33,234 - INFO - 2. sna: cos=0.9988
2025-08-27 07:49:33,234 - INFO - 3. luo: cos=0.9988
2025-08-27 07:49:33,234 - INFO - 4. pcm: cos=0.9987
2025-08-27 07:49:33,234 - INFO - 5. kin: cos=0.9986
2025-08-27 07:49:33,234 - INFO - === Layer 12 (xlmr) — Worst 5 (cosine) ===
2025-08-27 07:49:33,234 - INFO - 1. zul: cos=0.9837
2025-08-27 07:49:33,234 - INFO - 2. xho: cos=0.9860
2025-08-27 07:49:33,234 - INFO - 3. ibo: cos=0.9956
2025-08-27 07:49:33,234 - INFO - 4. fon: cos=0.9964
2025-08-27 07:49:33,234 - INFO - 5. lug: cos=0.9972
2025-08-27 07:49:33,235 - INFO - Experiment finished successfully.
