2025-08-03 05:10:21,555 - INFO - Experiment started with model_type=xlmr, use_cls=True, use_context=False, context_window=0, use_hybrid=False, max_tokens_per_type=400, output_dir=rq2_train_scripts/Embeddings/MEXA_inspired_strategy/outputs/mptc/xlmr/config_1_clstrue_ctxfalse_hybfalse/tokens_400_ctx0
2025-08-03 05:10:23,031 - INFO - Processing run
2025-08-03 05:10:25,035 - INFO - Processing bam
2025-08-03 05:10:28,142 - INFO - Processing bbj
2025-08-03 05:10:31,511 - INFO - Processing ewe
2025-08-03 05:10:34,862 - INFO - Processing fon
2025-08-03 05:10:38,244 - INFO - Processing hau
2025-08-03 05:10:41,600 - INFO - Processing ibo
2025-08-03 05:10:45,010 - INFO - Processing kin
2025-08-03 05:10:48,389 - INFO - Processing lug
2025-08-03 05:10:51,733 - INFO - Processing luo
2025-08-03 05:10:55,098 - INFO - Processing mos
2025-08-03 05:10:58,474 - INFO - Processing nya
2025-08-03 05:11:01,865 - INFO - Processing pcm
2025-08-03 05:11:05,209 - INFO - Processing sna
2025-08-03 05:11:08,591 - INFO - Processing swa
2025-08-03 05:11:11,939 - INFO - Processing tsn
2025-08-03 05:11:15,281 - INFO - Processing twi
2025-08-03 05:11:18,636 - INFO - Processing wol
2025-08-03 05:11:22,022 - INFO - Processing xho
2025-08-03 05:11:25,404 - INFO - Processing yor
2025-08-03 05:11:28,837 - INFO - Processing zul
2025-08-03 05:11:32,669 - INFO - Top 5 languages most similar to Runyankore:
2025-08-03 05:11:32,669 - INFO - 1. lug - Mean Similarity: 0.9999
2025-08-03 05:11:32,669 - INFO - 2. luo - Mean Similarity: 0.9999
2025-08-03 05:11:32,669 - INFO - 3. kin - Mean Similarity: 0.9999
2025-08-03 05:11:32,669 - INFO - 4. twi - Mean Similarity: 0.9999
2025-08-03 05:11:32,669 - INFO - 5. nya - Mean Similarity: 0.9999
2025-08-03 05:11:32,669 - INFO - Experiment finished successfully.
