2025-08-27 18:29:46,932 - INFO - Start: model_type=mbert, use_cls=True, use_context=True, context_window=0, max_tokens_per_type=500, batch_size=64, output_dir=rq2_train_scripts/Embeddings/CLEAN/outputs/mptc/mbert/config_3_clstrue_ctxtrue/tokens_500_ctx0/core, save_prototypes=False, seed=42, fp16=True, max_length=96, langs=all, layers=all, span_mode=bio, pool=mean, entity_tags={'DATE', 'LOC', 'PER', 'ORG'}, title_suffix='L=all, tokens=500, ctx=0, cls=true, fp16=true'
2025-08-27 18:29:48,481 - INFO - Processing run
2025-08-27 18:29:48,913 - INFO - Processing bam
2025-08-27 18:29:48,972 - INFO - Processing bbj
2025-08-27 18:29:49,017 - INFO - Processing ewe
2025-08-27 18:29:49,069 - INFO - Processing fon
2025-08-27 18:29:49,136 - INFO - Processing hau
2025-08-27 18:29:49,206 - INFO - Processing ibo
2025-08-27 18:29:49,307 - INFO - Processing kin
2025-08-27 18:29:49,393 - INFO - Processing lug
2025-08-27 18:29:49,461 - INFO - Processing luo
2025-08-27 18:29:49,528 - INFO - Processing mos
2025-08-27 18:29:49,594 - INFO - Processing nya
2025-08-27 18:29:49,664 - INFO - Processing pcm
2025-08-27 18:29:49,718 - INFO - Processing sna
2025-08-27 18:29:49,777 - INFO - Processing swa
2025-08-27 18:29:49,848 - INFO - Processing tsn
2025-08-27 18:29:49,902 - INFO - Processing twi
2025-08-27 18:29:49,964 - INFO - Processing wol
2025-08-27 18:29:50,025 - INFO - Processing xho
2025-08-27 18:29:50,085 - INFO - Processing yor
2025-08-27 18:29:50,171 - INFO - Processing zul
2025-08-27 18:29:50,577 - INFO - === Layer 1 (mbert) — Top 5 (cosine) ===
2025-08-27 18:29:50,577 - INFO - 1. ibo: cos=0.9995
2025-08-27 18:29:50,577 - INFO - 2. kin: cos=0.9995
2025-08-27 18:29:50,577 - INFO - 3. luo: cos=0.9995
2025-08-27 18:29:50,577 - INFO - 4. swa: cos=0.9992
2025-08-27 18:29:50,577 - INFO - 5. lug: cos=0.9991
2025-08-27 18:29:50,577 - INFO - === Layer 1 (mbert) — Worst 5 (cosine) ===
2025-08-27 18:29:50,577 - INFO - 1. ewe: cos=0.9927
2025-08-27 18:29:50,577 - INFO - 2. bbj: cos=0.9961
2025-08-27 18:29:50,577 - INFO - 3. xho: cos=0.9975
2025-08-27 18:29:50,577 - INFO - 4. pcm: cos=0.9976
2025-08-27 18:29:50,577 - INFO - 5. mos: cos=0.9981
2025-08-27 18:29:50,702 - INFO - === Layer 2 (mbert) — Top 5 (cosine) ===
2025-08-27 18:29:50,702 - INFO - 1. ibo: cos=0.9999
2025-08-27 18:29:50,702 - INFO - 2. luo: cos=0.9999
2025-08-27 18:29:50,702 - INFO - 3. kin: cos=0.9999
2025-08-27 18:29:50,702 - INFO - 4. swa: cos=0.9999
2025-08-27 18:29:50,702 - INFO - 5. nya: cos=0.9999
2025-08-27 18:29:50,702 - INFO - === Layer 2 (mbert) — Worst 5 (cosine) ===
2025-08-27 18:29:50,702 - INFO - 1. ewe: cos=0.9986
2025-08-27 18:29:50,702 - INFO - 2. bbj: cos=0.9994
2025-08-27 18:29:50,702 - INFO - 3. pcm: cos=0.9996
2025-08-27 18:29:50,702 - INFO - 4. xho: cos=0.9996
2025-08-27 18:29:50,702 - INFO - 5. yor: cos=0.9997
2025-08-27 18:29:50,833 - INFO - === Layer 3 (mbert) — Top 5 (cosine) ===
2025-08-27 18:29:50,833 - INFO - 1. kin: cos=1.0000
2025-08-27 18:29:50,833 - INFO - 2. luo: cos=1.0000
2025-08-27 18:29:50,833 - INFO - 3. swa: cos=1.0000
2025-08-27 18:29:50,833 - INFO - 4. ibo: cos=1.0000
2025-08-27 18:29:50,833 - INFO - 5. nya: cos=1.0000
2025-08-27 18:29:50,833 - INFO - === Layer 3 (mbert) — Worst 5 (cosine) ===
2025-08-27 18:29:50,833 - INFO - 1. ewe: cos=0.9997
2025-08-27 18:29:50,833 - INFO - 2. bbj: cos=0.9998
2025-08-27 18:29:50,833 - INFO - 3. pcm: cos=0.9999
2025-08-27 18:29:50,833 - INFO - 4. xho: cos=0.9999
2025-08-27 18:29:50,833 - INFO - 5. yor: cos=0.9999
2025-08-27 18:29:50,975 - INFO - === Layer 4 (mbert) — Top 5 (cosine) ===
2025-08-27 18:29:50,975 - INFO - 1. kin: cos=0.9999
2025-08-27 18:29:50,975 - INFO - 2. hau: cos=0.9999
2025-08-27 18:29:50,975 - INFO - 3. twi: cos=0.9999
2025-08-27 18:29:50,975 - INFO - 4. zul: cos=0.9999
2025-08-27 18:29:50,975 - INFO - 5. luo: cos=0.9999
2025-08-27 18:29:50,975 - INFO - === Layer 4 (mbert) — Worst 5 (cosine) ===
2025-08-27 18:29:50,975 - INFO - 1. ewe: cos=0.9996
2025-08-27 18:29:50,975 - INFO - 2. pcm: cos=0.9996
2025-08-27 18:29:50,975 - INFO - 3. bbj: cos=0.9997
2025-08-27 18:29:50,975 - INFO - 4. swa: cos=0.9997
2025-08-27 18:29:50,975 - INFO - 5. yor: cos=0.9997
2025-08-27 18:29:51,098 - INFO - === Layer 5 (mbert) — Top 5 (cosine) ===
2025-08-27 18:29:51,098 - INFO - 1. luo: cos=0.9951
2025-08-27 18:29:51,098 - INFO - 2. twi: cos=0.9937
2025-08-27 18:29:51,098 - INFO - 3. hau: cos=0.9934
2025-08-27 18:29:51,098 - INFO - 4. sna: cos=0.9933
2025-08-27 18:29:51,098 - INFO - 5. tsn: cos=0.9931
2025-08-27 18:29:51,098 - INFO - === Layer 5 (mbert) — Worst 5 (cosine) ===
2025-08-27 18:29:51,098 - INFO - 1. yor: cos=0.9806
2025-08-27 18:29:51,098 - INFO - 2. bbj: cos=0.9808
2025-08-27 18:29:51,098 - INFO - 3. mos: cos=0.9817
2025-08-27 18:29:51,098 - INFO - 4. pcm: cos=0.9850
2025-08-27 18:29:51,098 - INFO - 5. ewe: cos=0.9859
2025-08-27 18:29:51,343 - INFO - === Layer 6 (mbert) — Top 5 (cosine) ===
2025-08-27 18:29:51,343 - INFO - 1. luo: cos=0.9904
2025-08-27 18:29:51,344 - INFO - 2. twi: cos=0.9885
2025-08-27 18:29:51,344 - INFO - 3. kin: cos=0.9881
2025-08-27 18:29:51,344 - INFO - 4. tsn: cos=0.9880
2025-08-27 18:29:51,344 - INFO - 5. zul: cos=0.9873
2025-08-27 18:29:51,344 - INFO - === Layer 6 (mbert) — Worst 5 (cosine) ===
2025-08-27 18:29:51,344 - INFO - 1. bbj: cos=0.9596
2025-08-27 18:29:51,344 - INFO - 2. yor: cos=0.9659
2025-08-27 18:29:51,344 - INFO - 3. mos: cos=0.9697
2025-08-27 18:29:51,344 - INFO - 4. fon: cos=0.9719
2025-08-27 18:29:51,344 - INFO - 5. pcm: cos=0.9720
2025-08-27 18:29:51,516 - INFO - === Layer 7 (mbert) — Top 5 (cosine) ===
2025-08-27 18:29:51,516 - INFO - 1. luo: cos=0.9863
2025-08-27 18:29:51,516 - INFO - 2. twi: cos=0.9862
2025-08-27 18:29:51,516 - INFO - 3. tsn: cos=0.9850
2025-08-27 18:29:51,516 - INFO - 4. kin: cos=0.9841
2025-08-27 18:29:51,516 - INFO - 5. zul: cos=0.9828
2025-08-27 18:29:51,516 - INFO - === Layer 7 (mbert) — Worst 5 (cosine) ===
2025-08-27 18:29:51,516 - INFO - 1. bbj: cos=0.9503
2025-08-27 18:29:51,516 - INFO - 2. yor: cos=0.9572
2025-08-27 18:29:51,516 - INFO - 3. mos: cos=0.9611
2025-08-27 18:29:51,516 - INFO - 4. pcm: cos=0.9630
2025-08-27 18:29:51,516 - INFO - 5. fon: cos=0.9639
2025-08-27 18:29:51,667 - INFO - === Layer 8 (mbert) — Top 5 (cosine) ===
2025-08-27 18:29:51,667 - INFO - 1. twi: cos=0.9804
2025-08-27 18:29:51,667 - INFO - 2. luo: cos=0.9803
2025-08-27 18:29:51,667 - INFO - 3. kin: cos=0.9765
2025-08-27 18:29:51,667 - INFO - 4. tsn: cos=0.9750
2025-08-27 18:29:51,667 - INFO - 5. zul: cos=0.9740
2025-08-27 18:29:51,667 - INFO - === Layer 8 (mbert) — Worst 5 (cosine) ===
2025-08-27 18:29:51,667 - INFO - 1. bbj: cos=0.9401
2025-08-27 18:29:51,667 - INFO - 2. yor: cos=0.9459
2025-08-27 18:29:51,667 - INFO - 3. pcm: cos=0.9470
2025-08-27 18:29:51,667 - INFO - 4. mos: cos=0.9483
2025-08-27 18:29:51,667 - INFO - 5. bam: cos=0.9497
2025-08-27 18:29:51,798 - INFO - === Layer 9 (mbert) — Top 5 (cosine) ===
2025-08-27 18:29:51,798 - INFO - 1. ibo: cos=0.9799
2025-08-27 18:29:51,798 - INFO - 2. sna: cos=0.9794
2025-08-27 18:29:51,798 - INFO - 3. luo: cos=0.9789
2025-08-27 18:29:51,798 - INFO - 4. zul: cos=0.9782
2025-08-27 18:29:51,798 - INFO - 5. twi: cos=0.9767
2025-08-27 18:29:51,798 - INFO - === Layer 9 (mbert) — Worst 5 (cosine) ===
2025-08-27 18:29:51,798 - INFO - 1. pcm: cos=0.9410
2025-08-27 18:29:51,798 - INFO - 2. bbj: cos=0.9512
2025-08-27 18:29:51,798 - INFO - 3. lug: cos=0.9548
2025-08-27 18:29:51,798 - INFO - 4. ewe: cos=0.9554
2025-08-27 18:29:51,798 - INFO - 5. mos: cos=0.9571
2025-08-27 18:29:51,932 - INFO - === Layer 10 (mbert) — Top 5 (cosine) ===
2025-08-27 18:29:51,932 - INFO - 1. luo: cos=0.9797
2025-08-27 18:29:51,932 - INFO - 2. kin: cos=0.9790
2025-08-27 18:29:51,932 - INFO - 3. twi: cos=0.9784
2025-08-27 18:29:51,932 - INFO - 4. ibo: cos=0.9761
2025-08-27 18:29:51,932 - INFO - 5. swa: cos=0.9748
2025-08-27 18:29:51,932 - INFO - === Layer 10 (mbert) — Worst 5 (cosine) ===
2025-08-27 18:29:51,933 - INFO - 1. bbj: cos=0.9573
2025-08-27 18:29:51,933 - INFO - 2. yor: cos=0.9578
2025-08-27 18:29:51,933 - INFO - 3. bam: cos=0.9586
2025-08-27 18:29:51,933 - INFO - 4. pcm: cos=0.9603
2025-08-27 18:29:51,933 - INFO - 5. xho: cos=0.9615
2025-08-27 18:29:52,078 - INFO - === Layer 11 (mbert) — Top 5 (cosine) ===
2025-08-27 18:29:52,078 - INFO - 1. luo: cos=0.9812
2025-08-27 18:29:52,078 - INFO - 2. twi: cos=0.9790
2025-08-27 18:29:52,078 - INFO - 3. kin: cos=0.9789
2025-08-27 18:29:52,078 - INFO - 4. ibo: cos=0.9767
2025-08-27 18:29:52,078 - INFO - 5. mos: cos=0.9731
2025-08-27 18:29:52,078 - INFO - === Layer 11 (mbert) — Worst 5 (cosine) ===
2025-08-27 18:29:52,078 - INFO - 1. bbj: cos=0.9552
2025-08-27 18:29:52,078 - INFO - 2. pcm: cos=0.9612
2025-08-27 18:29:52,078 - INFO - 3. yor: cos=0.9616
2025-08-27 18:29:52,078 - INFO - 4. wol: cos=0.9634
2025-08-27 18:29:52,078 - INFO - 5. xho: cos=0.9645
2025-08-27 18:29:52,209 - INFO - === Layer 12 (mbert) — Top 5 (cosine) ===
2025-08-27 18:29:52,209 - INFO - 1. luo: cos=0.9603
2025-08-27 18:29:52,209 - INFO - 2. kin: cos=0.9487
2025-08-27 18:29:52,209 - INFO - 3. ewe: cos=0.9390
2025-08-27 18:29:52,209 - INFO - 4. ibo: cos=0.9348
2025-08-27 18:29:52,209 - INFO - 5. mos: cos=0.9345
2025-08-27 18:29:52,209 - INFO - === Layer 12 (mbert) — Worst 5 (cosine) ===
2025-08-27 18:29:52,209 - INFO - 1. yor: cos=0.8912
2025-08-27 18:29:52,209 - INFO - 2. bbj: cos=0.8929
2025-08-27 18:29:52,209 - INFO - 3. pcm: cos=0.8934
2025-08-27 18:29:52,209 - INFO - 4. nya: cos=0.9078
2025-08-27 18:29:52,209 - INFO - 5. xho: cos=0.9089
2025-08-27 18:29:52,210 - INFO - Experiment finished successfully.
