2025-08-24 11:42:05,182 - INFO - Start: model_type=mbert, run_both=False, use_cls=True, use_context=False, context_window=0, max_tokens_per_type=200, batch_size=32, seed=1, num_middle_layers=3, output_dir=rq2_train_scripts/Embeddings/EXTENDED/outputs/mptc_extended/mbert/config_1_clstrue_ctxfalse_hybfalse/tokens_200_ctx0
2025-08-24 11:42:05,700 - INFO - mbert: selected layer indices (hidden_states) = [2, 3, 10, 12]
2025-08-24 11:42:06,553 - INFO - Processing run
2025-08-24 11:42:06,994 - INFO - Processing bam
2025-08-24 11:42:07,063 - INFO - Processing bbj
2025-08-24 11:42:07,117 - INFO - Processing ewe
2025-08-24 11:42:07,174 - INFO - Processing fon
2025-08-24 11:42:07,248 - INFO - Processing hau
2025-08-24 11:42:07,317 - INFO - Processing ibo
2025-08-24 11:42:07,419 - INFO - Processing kin
2025-08-24 11:42:07,495 - INFO - Processing lug
2025-08-24 11:42:07,549 - INFO - Processing luo
2025-08-24 11:42:07,612 - INFO - Processing mos
2025-08-24 11:42:07,678 - INFO - Processing nya
2025-08-24 11:42:07,754 - INFO - Processing pcm
2025-08-24 11:42:07,813 - INFO - Processing sna
2025-08-24 11:42:07,880 - INFO - Processing swa
2025-08-24 11:42:07,946 - INFO - Processing tsn
2025-08-24 11:42:08,007 - INFO - Processing twi
2025-08-24 11:42:08,069 - INFO - Processing wol
2025-08-24 11:42:08,136 - INFO - Processing xho
2025-08-24 11:42:08,186 - INFO - Processing yor
2025-08-24 11:42:08,307 - INFO - Processing zul
2025-08-24 11:42:08,625 - INFO - Layer 2 (mbert) — Top 5
2025-08-24 11:42:08,629 - INFO - 1. kin: r=0.9999
2025-08-24 11:42:08,629 - INFO - 2. ibo: r=0.9999
2025-08-24 11:42:08,629 - INFO - 3. zul: r=0.9999
2025-08-24 11:42:08,629 - INFO - 4. nya: r=0.9999
2025-08-24 11:42:08,629 - INFO - 5. wol: r=0.9999
2025-08-24 11:42:08,629 - INFO - Layer 2 (mbert) — Worst 5
2025-08-24 11:42:08,629 - INFO - 1. bbj: r=0.9992
2025-08-24 11:42:08,629 - INFO - 2. ewe: r=0.9993
2025-08-24 11:42:08,629 - INFO - 3. pcm: r=0.9997
2025-08-24 11:42:08,629 - INFO - 4. twi: r=0.9998
2025-08-24 11:42:08,629 - INFO - 5. xho: r=0.9998
2025-08-24 11:42:08,748 - INFO - Layer 3 (mbert) — Top 5
2025-08-24 11:42:08,748 - INFO - 1. ibo: r=1.0000
2025-08-24 11:42:08,749 - INFO - 2. kin: r=1.0000
2025-08-24 11:42:08,749 - INFO - 3. nya: r=1.0000
2025-08-24 11:42:08,749 - INFO - 4. zul: r=1.0000
2025-08-24 11:42:08,749 - INFO - 5. wol: r=1.0000
2025-08-24 11:42:08,749 - INFO - Layer 3 (mbert) — Worst 5
2025-08-24 11:42:08,749 - INFO - 1. ewe: r=0.9998
2025-08-24 11:42:08,749 - INFO - 2. bbj: r=0.9998
2025-08-24 11:42:08,749 - INFO - 3. pcm: r=0.9999
2025-08-24 11:42:08,749 - INFO - 4. twi: r=0.9999
2025-08-24 11:42:08,749 - INFO - 5. tsn: r=1.0000
2025-08-24 11:42:08,882 - INFO - Layer 10 (mbert) — Top 5
2025-08-24 11:42:08,882 - INFO - 1. luo: r=0.9850
2025-08-24 11:42:08,882 - INFO - 2. kin: r=0.9837
2025-08-24 11:42:08,882 - INFO - 3. twi: r=0.9824
2025-08-24 11:42:08,882 - INFO - 4. zul: r=0.9816
2025-08-24 11:42:08,882 - INFO - 5. sna: r=0.9815
2025-08-24 11:42:08,882 - INFO - Layer 10 (mbert) — Worst 5
2025-08-24 11:42:08,882 - INFO - 1. pcm: r=0.9622
2025-08-24 11:42:08,882 - INFO - 2. bbj: r=0.9643
2025-08-24 11:42:08,882 - INFO - 3. yor: r=0.9665
2025-08-24 11:42:08,882 - INFO - 4. mos: r=0.9741
2025-08-24 11:42:08,882 - INFO - 5. bam: r=0.9746
2025-08-24 11:42:09,002 - INFO - Layer 12 (mbert) — Top 5
2025-08-24 11:42:09,002 - INFO - 1. luo: r=0.9626
2025-08-24 11:42:09,002 - INFO - 2. kin: r=0.9622
2025-08-24 11:42:09,002 - INFO - 3. zul: r=0.9577
2025-08-24 11:42:09,002 - INFO - 4. hau: r=0.9567
2025-08-24 11:42:09,002 - INFO - 5. sna: r=0.9540
2025-08-24 11:42:09,002 - INFO - Layer 12 (mbert) — Worst 5
2025-08-24 11:42:09,002 - INFO - 1. pcm: r=0.8988
2025-08-24 11:42:09,002 - INFO - 2. yor: r=0.9092
2025-08-24 11:42:09,002 - INFO - 3. bbj: r=0.9162
2025-08-24 11:42:09,002 - INFO - 4. fon: r=0.9420
2025-08-24 11:42:09,002 - INFO - 5. mos: r=0.9435
2025-08-24 11:42:09,003 - INFO - Experiment finished successfully.
