2025-12-15 10:23:03,372 - INFO - Start: model_type=mbert, use_cls=False, use_context=False, context_window=1, max_tokens_per_type=400, batch_size=64, output_dir=rq2_train_scripts/Embeddings/CLEAN/outputs/combined/mbert/config_0_clsfalse_ctxfalse/tokens_400_ctx1/core, save_prototypes=False, seed=42, fp16=True, max_length=96, langs=all, layers=all, span_mode=bio, pool=mean, entity_tags={'PER', 'ORG', 'DATE', 'LOC'}, title_suffix='L=all, tokens=400, ctx=1, cls=false, fp16=true'
2025-12-15 10:23:04,738 - INFO - Processing run
2025-12-15 10:23:05,241 - INFO - Processing bam
2025-12-15 10:23:05,356 - INFO - Processing bbj
2025-12-15 10:23:05,463 - INFO - Processing ewe
2025-12-15 10:23:05,568 - INFO - Processing fon
2025-12-15 10:23:05,688 - INFO - Processing hau
2025-12-15 10:23:05,812 - INFO - Processing ibo
2025-12-15 10:23:05,962 - INFO - Processing kin
2025-12-15 10:23:06,087 - INFO - Processing lug
2025-12-15 10:23:06,194 - INFO - Processing luo
2025-12-15 10:23:06,313 - INFO - Processing mos
2025-12-15 10:23:06,443 - INFO - Processing nya
2025-12-15 10:23:06,564 - INFO - Processing pcm
2025-12-15 10:23:06,675 - INFO - Processing sna
2025-12-15 10:23:06,791 - INFO - Processing swa
2025-12-15 10:23:06,911 - INFO - Processing tsn
2025-12-15 10:23:07,015 - INFO - Processing twi
2025-12-15 10:23:07,134 - INFO - Processing wol
2025-12-15 10:23:07,257 - INFO - Processing xho
2025-12-15 10:23:07,377 - INFO - Processing yor
2025-12-15 10:23:07,523 - INFO - Processing zul
2025-12-15 10:23:07,962 - INFO - === Layer 1 (mbert) — Top 5 (cosine) ===
2025-12-15 10:23:07,962 - INFO - 1. kin: cos=0.9074
2025-12-15 10:23:07,962 - INFO - 2. nya: cos=0.8917
2025-12-15 10:23:07,962 - INFO - 3. lug: cos=0.8915
2025-12-15 10:23:07,962 - INFO - 4. twi: cos=0.8852
2025-12-15 10:23:07,962 - INFO - 5. luo: cos=0.8825
2025-12-15 10:23:07,962 - INFO - === Layer 1 (mbert) — Worst 5 (cosine) ===
2025-12-15 10:23:07,962 - INFO - 1. yor: cos=0.7089
2025-12-15 10:23:07,962 - INFO - 2. bbj: cos=0.7421
2025-12-15 10:23:07,962 - INFO - 3. mos: cos=0.7762
2025-12-15 10:23:07,962 - INFO - 4. fon: cos=0.7952
2025-12-15 10:23:07,962 - INFO - 5. bam: cos=0.7974
2025-12-15 10:23:08,080 - INFO - === Layer 2 (mbert) — Top 5 (cosine) ===
2025-12-15 10:23:08,080 - INFO - 1. kin: cos=0.9136
2025-12-15 10:23:08,080 - INFO - 2. lug: cos=0.9098
2025-12-15 10:23:08,080 - INFO - 3. nya: cos=0.9000
2025-12-15 10:23:08,080 - INFO - 4. twi: cos=0.8999
2025-12-15 10:23:08,080 - INFO - 5. luo: cos=0.8989
2025-12-15 10:23:08,080 - INFO - === Layer 2 (mbert) — Worst 5 (cosine) ===
2025-12-15 10:23:08,080 - INFO - 1. yor: cos=0.7408
2025-12-15 10:23:08,080 - INFO - 2. bbj: cos=0.7704
2025-12-15 10:23:08,080 - INFO - 3. mos: cos=0.8105
2025-12-15 10:23:08,080 - INFO - 4. ewe: cos=0.8108
2025-12-15 10:23:08,080 - INFO - 5. fon: cos=0.8184
2025-12-15 10:23:08,200 - INFO - === Layer 3 (mbert) — Top 5 (cosine) ===
2025-12-15 10:23:08,200 - INFO - 1. kin: cos=0.9455
2025-12-15 10:23:08,200 - INFO - 2. lug: cos=0.9396
2025-12-15 10:23:08,200 - INFO - 3. nya: cos=0.9371
2025-12-15 10:23:08,200 - INFO - 4. twi: cos=0.9354
2025-12-15 10:23:08,200 - INFO - 5. luo: cos=0.9309
2025-12-15 10:23:08,200 - INFO - === Layer 3 (mbert) — Worst 5 (cosine) ===
2025-12-15 10:23:08,200 - INFO - 1. yor: cos=0.8302
2025-12-15 10:23:08,200 - INFO - 2. bbj: cos=0.8502
2025-12-15 10:23:08,200 - INFO - 3. ewe: cos=0.8713
2025-12-15 10:23:08,200 - INFO - 4. mos: cos=0.8774
2025-12-15 10:23:08,200 - INFO - 5. bam: cos=0.8845
2025-12-15 10:23:08,321 - INFO - === Layer 4 (mbert) — Top 5 (cosine) ===
2025-12-15 10:23:08,321 - INFO - 1. kin: cos=0.9555
2025-12-15 10:23:08,321 - INFO - 2. twi: cos=0.9522
2025-12-15 10:23:08,321 - INFO - 3. nya: cos=0.9515
2025-12-15 10:23:08,321 - INFO - 4. lug: cos=0.9513
2025-12-15 10:23:08,321 - INFO - 5. luo: cos=0.9473
2025-12-15 10:23:08,321 - INFO - === Layer 4 (mbert) — Worst 5 (cosine) ===
2025-12-15 10:23:08,321 - INFO - 1. yor: cos=0.8614
2025-12-15 10:23:08,321 - INFO - 2. bbj: cos=0.8818
2025-12-15 10:23:08,321 - INFO - 3. ewe: cos=0.8935
2025-12-15 10:23:08,321 - INFO - 4. mos: cos=0.8989
2025-12-15 10:23:08,321 - INFO - 5. pcm: cos=0.9078
2025-12-15 10:23:08,441 - INFO - === Layer 5 (mbert) — Top 5 (cosine) ===
2025-12-15 10:23:08,441 - INFO - 1. kin: cos=0.9674
2025-12-15 10:23:08,441 - INFO - 2. twi: cos=0.9666
2025-12-15 10:23:08,441 - INFO - 3. nya: cos=0.9639
2025-12-15 10:23:08,441 - INFO - 4. luo: cos=0.9624
2025-12-15 10:23:08,441 - INFO - 5. lug: cos=0.9594
2025-12-15 10:23:08,441 - INFO - === Layer 5 (mbert) — Worst 5 (cosine) ===
2025-12-15 10:23:08,441 - INFO - 1. yor: cos=0.8933
2025-12-15 10:23:08,441 - INFO - 2. bbj: cos=0.9131
2025-12-15 10:23:08,441 - INFO - 3. ewe: cos=0.9147
2025-12-15 10:23:08,441 - INFO - 4. mos: cos=0.9213
2025-12-15 10:23:08,441 - INFO - 5. pcm: cos=0.9253
2025-12-15 10:23:08,622 - INFO - === Layer 6 (mbert) — Top 5 (cosine) ===
2025-12-15 10:23:08,622 - INFO - 1. twi: cos=0.9751
2025-12-15 10:23:08,622 - INFO - 2. kin: cos=0.9727
2025-12-15 10:23:08,622 - INFO - 3. luo: cos=0.9720
2025-12-15 10:23:08,622 - INFO - 4. ibo: cos=0.9667
2025-12-15 10:23:08,622 - INFO - 5. tsn: cos=0.9641
2025-12-15 10:23:08,622 - INFO - === Layer 6 (mbert) — Worst 5 (cosine) ===
2025-12-15 10:23:08,622 - INFO - 1. yor: cos=0.9083
2025-12-15 10:23:08,622 - INFO - 2. ewe: cos=0.9298
2025-12-15 10:23:08,622 - INFO - 3. bbj: cos=0.9303
2025-12-15 10:23:08,622 - INFO - 4. pcm: cos=0.9321
2025-12-15 10:23:08,622 - INFO - 5. mos: cos=0.9343
2025-12-15 10:23:08,741 - INFO - === Layer 7 (mbert) — Top 5 (cosine) ===
2025-12-15 10:23:08,741 - INFO - 1. twi: cos=0.9651
2025-12-15 10:23:08,741 - INFO - 2. kin: cos=0.9616
2025-12-15 10:23:08,741 - INFO - 3. luo: cos=0.9598
2025-12-15 10:23:08,741 - INFO - 4. tsn: cos=0.9501
2025-12-15 10:23:08,741 - INFO - 5. lug: cos=0.9484
2025-12-15 10:23:08,741 - INFO - === Layer 7 (mbert) — Worst 5 (cosine) ===
2025-12-15 10:23:08,741 - INFO - 1. yor: cos=0.8789
2025-12-15 10:23:08,741 - INFO - 2. pcm: cos=0.9034
2025-12-15 10:23:08,741 - INFO - 3. bbj: cos=0.9089
2025-12-15 10:23:08,741 - INFO - 4. ewe: cos=0.9117
2025-12-15 10:23:08,741 - INFO - 5. mos: cos=0.9124
2025-12-15 10:23:08,861 - INFO - === Layer 8 (mbert) — Top 5 (cosine) ===
2025-12-15 10:23:08,861 - INFO - 1. twi: cos=0.9757
2025-12-15 10:23:08,861 - INFO - 2. kin: cos=0.9672
2025-12-15 10:23:08,861 - INFO - 3. luo: cos=0.9622
2025-12-15 10:23:08,861 - INFO - 4. lug: cos=0.9557
2025-12-15 10:23:08,861 - INFO - 5. ewe: cos=0.9541
2025-12-15 10:23:08,861 - INFO - === Layer 8 (mbert) — Worst 5 (cosine) ===
2025-12-15 10:23:08,861 - INFO - 1. yor: cos=0.8801
2025-12-15 10:23:08,861 - INFO - 2. xho: cos=0.8926
2025-12-15 10:23:08,861 - INFO - 3. bbj: cos=0.9146
2025-12-15 10:23:08,861 - INFO - 4. sna: cos=0.9230
2025-12-15 10:23:08,861 - INFO - 5. fon: cos=0.9242
2025-12-15 10:23:08,980 - INFO - === Layer 9 (mbert) — Top 5 (cosine) ===
2025-12-15 10:23:08,980 - INFO - 1. twi: cos=0.9814
2025-12-15 10:23:08,980 - INFO - 2. luo: cos=0.9734
2025-12-15 10:23:08,980 - INFO - 3. kin: cos=0.9728
2025-12-15 10:23:08,980 - INFO - 4. lug: cos=0.9670
2025-12-15 10:23:08,980 - INFO - 5. ewe: cos=0.9648
2025-12-15 10:23:08,980 - INFO - === Layer 9 (mbert) — Worst 5 (cosine) ===
2025-12-15 10:23:08,980 - INFO - 1. yor: cos=0.9145
2025-12-15 10:23:08,980 - INFO - 2. xho: cos=0.9234
2025-12-15 10:23:08,980 - INFO - 3. bbj: cos=0.9407
2025-12-15 10:23:08,980 - INFO - 4. sna: cos=0.9415
2025-12-15 10:23:08,980 - INFO - 5. bam: cos=0.9463
2025-12-15 10:23:09,099 - INFO - === Layer 10 (mbert) — Top 5 (cosine) ===
2025-12-15 10:23:09,099 - INFO - 1. twi: cos=0.9803
2025-12-15 10:23:09,099 - INFO - 2. lug: cos=0.9758
2025-12-15 10:23:09,099 - INFO - 3. kin: cos=0.9734
2025-12-15 10:23:09,099 - INFO - 4. luo: cos=0.9704
2025-12-15 10:23:09,099 - INFO - 5. swa: cos=0.9699
2025-12-15 10:23:09,099 - INFO - === Layer 10 (mbert) — Worst 5 (cosine) ===
2025-12-15 10:23:09,099 - INFO - 1. yor: cos=0.9052
2025-12-15 10:23:09,099 - INFO - 2. xho: cos=0.9297
2025-12-15 10:23:09,099 - INFO - 3. sna: cos=0.9462
2025-12-15 10:23:09,099 - INFO - 4. bbj: cos=0.9463
2025-12-15 10:23:09,099 - INFO - 5. mos: cos=0.9497
2025-12-15 10:23:09,218 - INFO - === Layer 11 (mbert) — Top 5 (cosine) ===
2025-12-15 10:23:09,219 - INFO - 1. twi: cos=0.9773
2025-12-15 10:23:09,219 - INFO - 2. lug: cos=0.9735
2025-12-15 10:23:09,219 - INFO - 3. ewe: cos=0.9697
2025-12-15 10:23:09,219 - INFO - 4. kin: cos=0.9695
2025-12-15 10:23:09,219 - INFO - 5. luo: cos=0.9689
2025-12-15 10:23:09,219 - INFO - === Layer 11 (mbert) — Worst 5 (cosine) ===
2025-12-15 10:23:09,219 - INFO - 1. yor: cos=0.9144
2025-12-15 10:23:09,219 - INFO - 2. xho: cos=0.9362
2025-12-15 10:23:09,219 - INFO - 3. bbj: cos=0.9439
2025-12-15 10:23:09,219 - INFO - 4. sna: cos=0.9534
2025-12-15 10:23:09,219 - INFO - 5. mos: cos=0.9538
2025-12-15 10:23:09,336 - INFO - === Layer 12 (mbert) — Top 5 (cosine) ===
2025-12-15 10:23:09,336 - INFO - 1. twi: cos=0.8903
2025-12-15 10:23:09,336 - INFO - 2. lug: cos=0.8748
2025-12-15 10:23:09,336 - INFO - 3. ewe: cos=0.8615
2025-12-15 10:23:09,336 - INFO - 4. kin: cos=0.8614
2025-12-15 10:23:09,336 - INFO - 5. swa: cos=0.8493
2025-12-15 10:23:09,336 - INFO - === Layer 12 (mbert) — Worst 5 (cosine) ===
2025-12-15 10:23:09,336 - INFO - 1. yor: cos=0.6340
2025-12-15 10:23:09,336 - INFO - 2. xho: cos=0.7260
2025-12-15 10:23:09,336 - INFO - 3. bbj: cos=0.7843
2025-12-15 10:23:09,336 - INFO - 4. sna: cos=0.8008
2025-12-15 10:23:09,336 - INFO - 5. mos: cos=0.8104
2025-12-15 10:23:09,337 - INFO - Experiment finished successfully.
