2025-08-03 07:23:04,759 - INFO - Experiment started with model_type=mbert, use_cls=False, use_context=False, context_window=3, use_hybrid=False, max_tokens_per_type=500, output_dir=rq2_train_scripts/Embeddings/MEXA_inspired_strategy/outputs/mptc/mbert/config_0_clsfalse_ctxfalse_hybfalse/tokens_500_ctx3
2025-08-03 07:23:05,794 - INFO - Processing run
2025-08-03 07:23:07,434 - INFO - Processing bam
2025-08-03 07:23:10,483 - INFO - Processing bbj
2025-08-03 07:23:13,889 - INFO - Processing ewe
2025-08-03 07:23:17,256 - INFO - Processing fon
2025-08-03 07:23:20,677 - INFO - Processing hau
2025-08-03 07:23:24,124 - INFO - Processing ibo
2025-08-03 07:23:27,569 - INFO - Processing kin
2025-08-03 07:23:31,019 - INFO - Processing lug
2025-08-03 07:23:34,418 - INFO - Processing luo
2025-08-03 07:23:37,818 - INFO - Processing mos
2025-08-03 07:23:41,209 - INFO - Processing nya
2025-08-03 07:23:44,621 - INFO - Processing pcm
2025-08-03 07:23:48,055 - INFO - Processing sna
2025-08-03 07:23:51,486 - INFO - Processing swa
2025-08-03 07:23:54,880 - INFO - Processing tsn
2025-08-03 07:23:58,233 - INFO - Processing twi
2025-08-03 07:24:01,626 - INFO - Processing wol
2025-08-03 07:24:05,036 - INFO - Processing xho
2025-08-03 07:24:08,449 - INFO - Processing yor
2025-08-03 07:24:11,917 - INFO - Processing zul
2025-08-03 07:24:15,728 - INFO - Top 5 languages most similar to Runyankore:
2025-08-03 07:24:15,728 - INFO - 1. kin - Mean Similarity: 0.8969
2025-08-03 07:24:15,728 - INFO - 2. lug - Mean Similarity: 0.8877
2025-08-03 07:24:15,728 - INFO - 3. luo - Mean Similarity: 0.8853
2025-08-03 07:24:15,728 - INFO - 4. swa - Mean Similarity: 0.8776
2025-08-03 07:24:15,728 - INFO - 5. twi - Mean Similarity: 0.8740
2025-08-03 07:24:15,728 - INFO - Experiment finished successfully.
