2025-08-24 11:00:07,322 - INFO - Start: model_type=xlmr, run_both=False, use_cls=True, use_context=False, context_window=1, max_tokens_per_type=400, batch_size=32, seed=1, num_middle_layers=3, output_dir=rq2_train_scripts/Embeddings/EXTENDED/outputs/mptc_extended/xlmr/config_1_clstrue_ctxfalse_hybfalse/tokens_400_ctx1
2025-08-24 11:00:07,852 - INFO - xlmr: selected layer indices (hidden_states) = [2, 3, 10, 12]
2025-08-24 11:00:09,545 - INFO - Processing run
2025-08-24 11:00:10,087 - INFO - Processing bam
2025-08-24 11:00:10,355 - INFO - Processing bbj
2025-08-24 11:00:10,604 - INFO - Processing ewe
2025-08-24 11:00:10,851 - INFO - Processing fon
2025-08-24 11:00:11,123 - INFO - Processing hau
2025-08-24 11:00:11,377 - INFO - Processing ibo
2025-08-24 11:00:11,680 - INFO - Processing kin
2025-08-24 11:00:11,965 - INFO - Processing lug
2025-08-24 11:00:12,207 - INFO - Processing luo
2025-08-24 11:00:12,474 - INFO - Processing mos
2025-08-24 11:00:12,713 - INFO - Processing nya
2025-08-24 11:00:12,986 - INFO - Processing pcm
2025-08-24 11:00:13,238 - INFO - Processing sna
2025-08-24 11:00:13,498 - INFO - Processing swa
2025-08-24 11:00:13,749 - INFO - Processing tsn
2025-08-24 11:00:13,988 - INFO - Processing twi
2025-08-24 11:00:14,239 - INFO - Processing wol
2025-08-24 11:00:14,488 - INFO - Processing xho
2025-08-24 11:00:14,746 - INFO - Processing yor
2025-08-24 11:00:15,017 - INFO - Processing zul
2025-08-24 11:00:15,593 - INFO - Layer 2 (xlmr) — Top 5
2025-08-24 11:00:15,593 - INFO - 1. kin: r=1.0000
2025-08-24 11:00:15,593 - INFO - 2. tsn: r=1.0000
2025-08-24 11:00:15,593 - INFO - 3. twi: r=1.0000
2025-08-24 11:00:15,593 - INFO - 4. ibo: r=1.0000
2025-08-24 11:00:15,593 - INFO - 5. zul: r=1.0000
2025-08-24 11:00:15,593 - INFO - Layer 2 (xlmr) — Worst 5
2025-08-24 11:00:15,593 - INFO - 1. bam: r=0.9999
2025-08-24 11:00:15,593 - INFO - 2. bbj: r=0.9999
2025-08-24 11:00:15,593 - INFO - 3. fon: r=0.9999
2025-08-24 11:00:15,593 - INFO - 4. hau: r=0.9999
2025-08-24 11:00:15,593 - INFO - 5. pcm: r=0.9999
2025-08-24 11:00:15,710 - INFO - Layer 3 (xlmr) — Top 5
2025-08-24 11:00:15,710 - INFO - 1. kin: r=1.0000
2025-08-24 11:00:15,710 - INFO - 2. twi: r=1.0000
2025-08-24 11:00:15,710 - INFO - 3. tsn: r=1.0000
2025-08-24 11:00:15,710 - INFO - 4. ewe: r=1.0000
2025-08-24 11:00:15,710 - INFO - 5. luo: r=1.0000
2025-08-24 11:00:15,710 - INFO - Layer 3 (xlmr) — Worst 5
2025-08-24 11:00:15,710 - INFO - 1. bbj: r=1.0000
2025-08-24 11:00:15,710 - INFO - 2. bam: r=1.0000
2025-08-24 11:00:15,710 - INFO - 3. fon: r=1.0000
2025-08-24 11:00:15,710 - INFO - 4. pcm: r=1.0000
2025-08-24 11:00:15,710 - INFO - 5. wol: r=1.0000
2025-08-24 11:00:15,826 - INFO - Layer 10 (xlmr) — Top 5
2025-08-24 11:00:15,827 - INFO - 1. tsn: r=1.0000
2025-08-24 11:00:15,827 - INFO - 2. luo: r=1.0000
2025-08-24 11:00:15,827 - INFO - 3. twi: r=1.0000
2025-08-24 11:00:15,827 - INFO - 4. kin: r=1.0000
2025-08-24 11:00:15,827 - INFO - 5. swa: r=1.0000
2025-08-24 11:00:15,827 - INFO - Layer 10 (xlmr) — Worst 5
2025-08-24 11:00:15,827 - INFO - 1. fon: r=1.0000
2025-08-24 11:00:15,827 - INFO - 2. hau: r=1.0000
2025-08-24 11:00:15,827 - INFO - 3. pcm: r=1.0000
2025-08-24 11:00:15,827 - INFO - 4. ibo: r=1.0000
2025-08-24 11:00:15,827 - INFO - 5. mos: r=1.0000
2025-08-24 11:00:15,943 - INFO - Layer 12 (xlmr) — Top 5
2025-08-24 11:00:15,943 - INFO - 1. nya: r=0.9999
2025-08-24 11:00:15,943 - INFO - 2. luo: r=0.9999
2025-08-24 11:00:15,943 - INFO - 3. tsn: r=0.9999
2025-08-24 11:00:15,943 - INFO - 4. kin: r=0.9999
2025-08-24 11:00:15,943 - INFO - 5. lug: r=0.9999
2025-08-24 11:00:15,943 - INFO - Layer 12 (xlmr) — Worst 5
2025-08-24 11:00:15,943 - INFO - 1. hau: r=0.9959
2025-08-24 11:00:15,943 - INFO - 2. fon: r=0.9993
2025-08-24 11:00:15,943 - INFO - 3. pcm: r=0.9994
2025-08-24 11:00:15,943 - INFO - 4. bbj: r=0.9997
2025-08-24 11:00:15,943 - INFO - 5. ibo: r=0.9997
2025-08-24 11:00:15,944 - INFO - Experiment finished successfully.
