2025-08-27 07:45:16,249 - INFO - Start: model_type=xlmr, use_cls=True, use_context=False, context_window=3, max_tokens_per_type=300, batch_size=64, output_dir=rq2_train_scripts/Embeddings/CLEAN/outputs/combined/xlmr/config_1_clstrue_ctxfalse/tokens_300_ctx3, save_prototypes=False, seed=42, fp16=True, max_length=96, langs=all, layers=all, span_mode=bio, pool=mean, entity_tags={'ORG', 'DATE', 'PER', 'LOC'}, title_suffix='L=all, tokens=300, ctx=3, cls=true, fp16=true'
2025-08-27 07:45:18,245 - INFO - Processing run
2025-08-27 07:45:18,659 - INFO - Processing bam
2025-08-27 07:45:18,710 - INFO - Processing bbj
2025-08-27 07:45:18,750 - INFO - Processing ewe
2025-08-27 07:45:18,784 - INFO - Processing fon
2025-08-27 07:45:18,831 - INFO - Processing hau
2025-08-27 07:45:18,890 - INFO - Processing ibo
2025-08-27 07:45:18,975 - INFO - Processing kin
2025-08-27 07:45:19,039 - INFO - Processing lug
2025-08-27 07:45:19,082 - INFO - Processing luo
2025-08-27 07:45:19,139 - INFO - Processing mos
2025-08-27 07:45:19,191 - INFO - Processing nya
2025-08-27 07:45:19,301 - INFO - Processing pcm
2025-08-27 07:45:19,364 - INFO - Processing sna
2025-08-27 07:45:19,419 - INFO - Processing swa
2025-08-27 07:45:19,488 - INFO - Processing tsn
2025-08-27 07:45:19,557 - INFO - Processing twi
2025-08-27 07:45:19,612 - INFO - Processing wol
2025-08-27 07:45:19,666 - INFO - Processing xho
2025-08-27 07:45:19,709 - INFO - Processing yor
2025-08-27 07:45:19,783 - INFO - Processing zul
2025-08-27 07:45:20,252 - INFO - === Layer 1 (xlmr) — Top 5 (cosine) ===
2025-08-27 07:45:20,252 - INFO - 1. kin: cos=0.9999
2025-08-27 07:45:20,252 - INFO - 2. twi: cos=0.9999
2025-08-27 07:45:20,252 - INFO - 3. luo: cos=0.9999
2025-08-27 07:45:20,252 - INFO - 4. ewe: cos=0.9998
2025-08-27 07:45:20,252 - INFO - 5. nya: cos=0.9998
2025-08-27 07:45:20,252 - INFO - === Layer 1 (xlmr) — Worst 5 (cosine) ===
2025-08-27 07:45:20,252 - INFO - 1. pcm: cos=0.9994
2025-08-27 07:45:20,252 - INFO - 2. hau: cos=0.9994
2025-08-27 07:45:20,253 - INFO - 3. fon: cos=0.9995
2025-08-27 07:45:20,253 - INFO - 4. bbj: cos=0.9995
2025-08-27 07:45:20,253 - INFO - 5. bam: cos=0.9995
2025-08-27 07:45:20,421 - INFO - === Layer 2 (xlmr) — Top 5 (cosine) ===
2025-08-27 07:45:20,421 - INFO - 1. kin: cos=1.0000
2025-08-27 07:45:20,421 - INFO - 2. twi: cos=1.0000
2025-08-27 07:45:20,421 - INFO - 3. luo: cos=1.0000
2025-08-27 07:45:20,421 - INFO - 4. ewe: cos=1.0000
2025-08-27 07:45:20,421 - INFO - 5. nya: cos=1.0000
2025-08-27 07:45:20,421 - INFO - === Layer 2 (xlmr) — Worst 5 (cosine) ===
2025-08-27 07:45:20,421 - INFO - 1. pcm: cos=0.9999
2025-08-27 07:45:20,421 - INFO - 2. swa: cos=0.9999
2025-08-27 07:45:20,421 - INFO - 3. hau: cos=0.9999
2025-08-27 07:45:20,421 - INFO - 4. bbj: cos=0.9999
2025-08-27 07:45:20,421 - INFO - 5. sna: cos=0.9999
2025-08-27 07:45:20,551 - INFO - === Layer 3 (xlmr) — Top 5 (cosine) ===
2025-08-27 07:45:20,551 - INFO - 1. twi: cos=1.0000
2025-08-27 07:45:20,551 - INFO - 2. kin: cos=1.0000
2025-08-27 07:45:20,551 - INFO - 3. luo: cos=1.0000
2025-08-27 07:45:20,551 - INFO - 4. ibo: cos=1.0000
2025-08-27 07:45:20,551 - INFO - 5. zul: cos=1.0000
2025-08-27 07:45:20,551 - INFO - === Layer 3 (xlmr) — Worst 5 (cosine) ===
2025-08-27 07:45:20,551 - INFO - 1. pcm: cos=1.0000
2025-08-27 07:45:20,551 - INFO - 2. swa: cos=1.0000
2025-08-27 07:45:20,551 - INFO - 3. sna: cos=1.0000
2025-08-27 07:45:20,551 - INFO - 4. nya: cos=1.0000
2025-08-27 07:45:20,551 - INFO - 5. bbj: cos=1.0000
2025-08-27 07:45:20,681 - INFO - === Layer 4 (xlmr) — Top 5 (cosine) ===
2025-08-27 07:45:20,681 - INFO - 1. kin: cos=1.0000
2025-08-27 07:45:20,681 - INFO - 2. twi: cos=1.0000
2025-08-27 07:45:20,681 - INFO - 3. luo: cos=1.0000
2025-08-27 07:45:20,681 - INFO - 4. bbj: cos=1.0000
2025-08-27 07:45:20,681 - INFO - 5. tsn: cos=1.0000
2025-08-27 07:45:20,681 - INFO - === Layer 4 (xlmr) — Worst 5 (cosine) ===
2025-08-27 07:45:20,682 - INFO - 1. pcm: cos=1.0000
2025-08-27 07:45:20,682 - INFO - 2. bam: cos=1.0000
2025-08-27 07:45:20,682 - INFO - 3. yor: cos=1.0000
2025-08-27 07:45:20,682 - INFO - 4. hau: cos=1.0000
2025-08-27 07:45:20,682 - INFO - 5. nya: cos=1.0000
2025-08-27 07:45:20,809 - INFO - === Layer 5 (xlmr) — Top 5 (cosine) ===
2025-08-27 07:45:20,809 - INFO - 1. twi: cos=1.0000
2025-08-27 07:45:20,809 - INFO - 2. luo: cos=1.0000
2025-08-27 07:45:20,809 - INFO - 3. tsn: cos=1.0000
2025-08-27 07:45:20,809 - INFO - 4. kin: cos=1.0000
2025-08-27 07:45:20,809 - INFO - 5. ewe: cos=1.0000
2025-08-27 07:45:20,809 - INFO - === Layer 5 (xlmr) — Worst 5 (cosine) ===
2025-08-27 07:45:20,809 - INFO - 1. pcm: cos=1.0000
2025-08-27 07:45:20,809 - INFO - 2. hau: cos=1.0000
2025-08-27 07:45:20,809 - INFO - 3. swa: cos=1.0000
2025-08-27 07:45:20,809 - INFO - 4. xho: cos=1.0000
2025-08-27 07:45:20,809 - INFO - 5. wol: cos=1.0000
2025-08-27 07:45:20,935 - INFO - === Layer 6 (xlmr) — Top 5 (cosine) ===
2025-08-27 07:45:20,935 - INFO - 1. twi: cos=1.0000
2025-08-27 07:45:20,935 - INFO - 2. kin: cos=1.0000
2025-08-27 07:45:20,935 - INFO - 3. luo: cos=1.0000
2025-08-27 07:45:20,935 - INFO - 4. tsn: cos=1.0000
2025-08-27 07:45:20,935 - INFO - 5. zul: cos=1.0000
2025-08-27 07:45:20,935 - INFO - === Layer 6 (xlmr) — Worst 5 (cosine) ===
2025-08-27 07:45:20,935 - INFO - 1. yor: cos=1.0000
2025-08-27 07:45:20,935 - INFO - 2. hau: cos=1.0000
2025-08-27 07:45:20,935 - INFO - 3. pcm: cos=1.0000
2025-08-27 07:45:20,935 - INFO - 4. swa: cos=1.0000
2025-08-27 07:45:20,935 - INFO - 5. xho: cos=1.0000
2025-08-27 07:45:21,079 - INFO - === Layer 7 (xlmr) — Top 5 (cosine) ===
2025-08-27 07:45:21,079 - INFO - 1. twi: cos=1.0000
2025-08-27 07:45:21,079 - INFO - 2. kin: cos=1.0000
2025-08-27 07:45:21,079 - INFO - 3. fon: cos=1.0000
2025-08-27 07:45:21,079 - INFO - 4. bbj: cos=1.0000
2025-08-27 07:45:21,079 - INFO - 5. swa: cos=1.0000
2025-08-27 07:45:21,079 - INFO - === Layer 7 (xlmr) — Worst 5 (cosine) ===
2025-08-27 07:45:21,079 - INFO - 1. pcm: cos=1.0000
2025-08-27 07:45:21,079 - INFO - 2. hau: cos=1.0000
2025-08-27 07:45:21,079 - INFO - 3. zul: cos=1.0000
2025-08-27 07:45:21,079 - INFO - 4. sna: cos=1.0000
2025-08-27 07:45:21,079 - INFO - 5. nya: cos=1.0000
2025-08-27 07:45:21,284 - INFO - === Layer 8 (xlmr) — Top 5 (cosine) ===
2025-08-27 07:45:21,284 - INFO - 1. ewe: cos=1.0000
2025-08-27 07:45:21,284 - INFO - 2. tsn: cos=1.0000
2025-08-27 07:45:21,284 - INFO - 3. luo: cos=1.0000
2025-08-27 07:45:21,284 - INFO - 4. zul: cos=1.0000
2025-08-27 07:45:21,284 - INFO - 5. bam: cos=1.0000
2025-08-27 07:45:21,284 - INFO - === Layer 8 (xlmr) — Worst 5 (cosine) ===
2025-08-27 07:45:21,284 - INFO - 1. pcm: cos=0.9999
2025-08-27 07:45:21,284 - INFO - 2. fon: cos=0.9999
2025-08-27 07:45:21,284 - INFO - 3. hau: cos=0.9999
2025-08-27 07:45:21,284 - INFO - 4. bbj: cos=1.0000
2025-08-27 07:45:21,284 - INFO - 5. xho: cos=1.0000
2025-08-27 07:45:21,415 - INFO - === Layer 9 (xlmr) — Top 5 (cosine) ===
2025-08-27 07:45:21,415 - INFO - 1. mos: cos=1.0000
2025-08-27 07:45:21,415 - INFO - 2. zul: cos=1.0000
2025-08-27 07:45:21,415 - INFO - 3. ewe: cos=1.0000
2025-08-27 07:45:21,415 - INFO - 4. luo: cos=1.0000
2025-08-27 07:45:21,415 - INFO - 5. swa: cos=1.0000
2025-08-27 07:45:21,415 - INFO - === Layer 9 (xlmr) — Worst 5 (cosine) ===
2025-08-27 07:45:21,415 - INFO - 1. pcm: cos=1.0000
2025-08-27 07:45:21,415 - INFO - 2. hau: cos=1.0000
2025-08-27 07:45:21,415 - INFO - 3. fon: cos=1.0000
2025-08-27 07:45:21,415 - INFO - 4. sna: cos=1.0000
2025-08-27 07:45:21,415 - INFO - 5. bbj: cos=1.0000
2025-08-27 07:45:21,542 - INFO - === Layer 10 (xlmr) — Top 5 (cosine) ===
2025-08-27 07:45:21,543 - INFO - 1. zul: cos=1.0000
2025-08-27 07:45:21,543 - INFO - 2. ewe: cos=1.0000
2025-08-27 07:45:21,543 - INFO - 3. luo: cos=1.0000
2025-08-27 07:45:21,543 - INFO - 4. kin: cos=1.0000
2025-08-27 07:45:21,543 - INFO - 5. nya: cos=1.0000
2025-08-27 07:45:21,543 - INFO - === Layer 10 (xlmr) — Worst 5 (cosine) ===
2025-08-27 07:45:21,543 - INFO - 1. pcm: cos=1.0000
2025-08-27 07:45:21,543 - INFO - 2. yor: cos=1.0000
2025-08-27 07:45:21,543 - INFO - 3. ibo: cos=1.0000
2025-08-27 07:45:21,543 - INFO - 4. fon: cos=1.0000
2025-08-27 07:45:21,543 - INFO - 5. xho: cos=1.0000
2025-08-27 07:45:21,671 - INFO - === Layer 11 (xlmr) — Top 5 (cosine) ===
2025-08-27 07:45:21,671 - INFO - 1. tsn: cos=1.0000
2025-08-27 07:45:21,671 - INFO - 2. zul: cos=1.0000
2025-08-27 07:45:21,671 - INFO - 3. hau: cos=1.0000
2025-08-27 07:45:21,671 - INFO - 4. pcm: cos=1.0000
2025-08-27 07:45:21,671 - INFO - 5. ibo: cos=1.0000
2025-08-27 07:45:21,671 - INFO - === Layer 11 (xlmr) — Worst 5 (cosine) ===
2025-08-27 07:45:21,671 - INFO - 1. luo: cos=0.9999
2025-08-27 07:45:21,671 - INFO - 2. bam: cos=0.9999
2025-08-27 07:45:21,671 - INFO - 3. bbj: cos=0.9999
2025-08-27 07:45:21,671 - INFO - 4. xho: cos=1.0000
2025-08-27 07:45:21,671 - INFO - 5. mos: cos=1.0000
2025-08-27 07:45:21,803 - INFO - === Layer 12 (xlmr) — Top 5 (cosine) ===
2025-08-27 07:45:21,803 - INFO - 1. kin: cos=0.9999
2025-08-27 07:45:21,803 - INFO - 2. nya: cos=0.9999
2025-08-27 07:45:21,803 - INFO - 3. wol: cos=0.9999
2025-08-27 07:45:21,803 - INFO - 4. ewe: cos=0.9999
2025-08-27 07:45:21,803 - INFO - 5. tsn: cos=0.9999
2025-08-27 07:45:21,803 - INFO - === Layer 12 (xlmr) — Worst 5 (cosine) ===
2025-08-27 07:45:21,803 - INFO - 1. fon: cos=0.9982
2025-08-27 07:45:21,803 - INFO - 2. hau: cos=0.9987
2025-08-27 07:45:21,803 - INFO - 3. pcm: cos=0.9989
2025-08-27 07:45:21,803 - INFO - 4. twi: cos=0.9995
2025-08-27 07:45:21,803 - INFO - 5. ibo: cos=0.9996
2025-08-27 07:45:21,804 - INFO - Experiment finished successfully.
