2025-08-02 21:09:09,799 - INFO - Experiment started with model_type=xlmr, use_cls=False, use_context=True, context_window=1, use_hybrid=True, max_tokens_per_type=500, output_dir=rq2_train_scripts/Embeddings/MEXA_inspired_strategy/outputs/combined/xlmr/config_6_clsfalse_ctxtrue_hybtrue/tokens_500_ctx1
2025-08-02 21:09:11,523 - INFO - Processing run
2025-08-02 21:09:16,103 - INFO - Processing bam
2025-08-02 21:09:20,189 - INFO - Processing bbj
2025-08-02 21:09:24,771 - INFO - Processing ewe
2025-08-02 21:09:29,351 - INFO - Processing fon
2025-08-02 21:09:33,966 - INFO - Processing hau
2025-08-02 21:09:38,555 - INFO - Processing ibo
2025-08-02 21:09:43,195 - INFO - Processing kin
2025-08-02 21:09:47,801 - INFO - Processing lug
2025-08-02 21:09:52,376 - INFO - Processing luo
2025-08-02 21:09:56,968 - INFO - Processing mos
2025-08-02 21:10:01,587 - INFO - Processing nya
2025-08-02 21:10:06,287 - INFO - Processing pcm
2025-08-02 21:10:10,873 - INFO - Processing sna
2025-08-02 21:10:15,498 - INFO - Processing swa
2025-08-02 21:10:20,125 - INFO - Processing tsn
2025-08-02 21:10:24,711 - INFO - Processing twi
2025-08-02 21:10:29,317 - INFO - Processing wol
2025-08-02 21:10:33,933 - INFO - Processing xho
2025-08-02 21:10:38,539 - INFO - Processing yor
2025-08-02 21:10:43,210 - INFO - Processing zul
2025-08-02 21:10:48,307 - INFO - Top 5 languages most similar to Runyankore:
2025-08-02 21:10:48,307 - INFO - 1. lug - Mean Similarity: 0.8055
2025-08-02 21:10:48,308 - INFO - 2. kin - Mean Similarity: 0.7981
2025-08-02 21:10:48,308 - INFO - 3. nya - Mean Similarity: 0.7901
2025-08-02 21:10:48,308 - INFO - 4. luo - Mean Similarity: 0.7815
2025-08-02 21:10:48,308 - INFO - 5. sna - Mean Similarity: 0.7796
2025-08-02 21:10:48,308 - INFO - Experiment finished successfully.
