2025-08-24 11:29:23,075 - INFO - Start: model_type=xlmr, run_both=False, use_cls=False, use_context=True, context_window=1, max_tokens_per_type=500, batch_size=32, seed=1, num_middle_layers=3, output_dir=rq2_train_scripts/Embeddings/EXTENDED/outputs/salt_extended/xlmr/config_6_clsfalse_ctxtrue_hybtrue/tokens_500_ctx1
2025-08-24 11:29:23,640 - INFO - xlmr: selected layer indices (hidden_states) = [2, 3, 10, 12]
2025-08-24 11:29:24,981 - INFO - Processing run
2025-08-24 11:29:25,882 - INFO - Processing bam
2025-08-24 11:29:26,372 - INFO - Processing bbj
2025-08-24 11:29:26,905 - INFO - Processing ewe
2025-08-24 11:29:27,457 - INFO - Processing fon
2025-08-24 11:29:28,039 - INFO - Processing hau
2025-08-24 11:29:28,578 - INFO - Processing ibo
2025-08-24 11:29:29,488 - INFO - Processing kin
2025-08-24 11:29:30,390 - INFO - Processing lug
2025-08-24 11:29:31,238 - INFO - Processing luo
2025-08-24 11:29:31,798 - INFO - Processing mos
2025-08-24 11:29:32,308 - INFO - Processing nya
2025-08-24 11:29:32,745 - INFO - Processing pcm
2025-08-24 11:29:33,149 - INFO - Processing sna
2025-08-24 11:29:33,690 - INFO - Processing swa
2025-08-24 11:29:34,227 - INFO - Processing tsn
2025-08-24 11:29:34,672 - INFO - Processing twi
2025-08-24 11:29:35,201 - INFO - Processing wol
2025-08-24 11:29:35,732 - INFO - Processing xho
2025-08-24 11:29:36,585 - INFO - Processing yor
2025-08-24 11:29:37,519 - INFO - Processing zul
2025-08-24 11:29:38,688 - INFO - Layer 2 (xlmr) — Top 5
2025-08-24 11:29:38,688 - INFO - 1. twi: r=0.9850
2025-08-24 11:29:38,688 - INFO - 2. kin: r=0.9849
2025-08-24 11:29:38,688 - INFO - 3. luo: r=0.9836
2025-08-24 11:29:38,688 - INFO - 4. ibo: r=0.9825
2025-08-24 11:29:38,688 - INFO - 5. lug: r=0.9823
2025-08-24 11:29:38,688 - INFO - Layer 2 (xlmr) — Worst 5
2025-08-24 11:29:38,688 - INFO - 1. fon: r=0.9634
2025-08-24 11:29:38,688 - INFO - 2. hau: r=0.9658
2025-08-24 11:29:38,688 - INFO - 3. bbj: r=0.9664
2025-08-24 11:29:38,688 - INFO - 4. yor: r=0.9674
2025-08-24 11:29:38,688 - INFO - 5. pcm: r=0.9687
2025-08-24 11:29:38,807 - INFO - Layer 3 (xlmr) — Top 5
2025-08-24 11:29:38,807 - INFO - 1. kin: r=0.9891
2025-08-24 11:29:38,807 - INFO - 2. twi: r=0.9885
2025-08-24 11:29:38,807 - INFO - 3. luo: r=0.9872
2025-08-24 11:29:38,807 - INFO - 4. lug: r=0.9871
2025-08-24 11:29:38,807 - INFO - 5. ibo: r=0.9868
2025-08-24 11:29:38,807 - INFO - Layer 3 (xlmr) — Worst 5
2025-08-24 11:29:38,807 - INFO - 1. fon: r=0.9736
2025-08-24 11:29:38,807 - INFO - 2. hau: r=0.9744
2025-08-24 11:29:38,807 - INFO - 3. bbj: r=0.9753
2025-08-24 11:29:38,807 - INFO - 4. pcm: r=0.9762
2025-08-24 11:29:38,807 - INFO - 5. yor: r=0.9771
2025-08-24 11:29:38,926 - INFO - Layer 10 (xlmr) — Top 5
2025-08-24 11:29:38,926 - INFO - 1. kin: r=0.9903
2025-08-24 11:29:38,926 - INFO - 2. twi: r=0.9893
2025-08-24 11:29:38,926 - INFO - 3. luo: r=0.9891
2025-08-24 11:29:38,926 - INFO - 4. lug: r=0.9888
2025-08-24 11:29:38,926 - INFO - 5. nya: r=0.9877
2025-08-24 11:29:38,927 - INFO - Layer 10 (xlmr) — Worst 5
2025-08-24 11:29:38,927 - INFO - 1. bbj: r=0.9708
2025-08-24 11:29:38,927 - INFO - 2. fon: r=0.9732
2025-08-24 11:29:38,927 - INFO - 3. yor: r=0.9748
2025-08-24 11:29:38,927 - INFO - 4. hau: r=0.9755
2025-08-24 11:29:38,927 - INFO - 5. pcm: r=0.9765
2025-08-24 11:29:39,047 - INFO - Layer 12 (xlmr) — Top 5
2025-08-24 11:29:39,047 - INFO - 1. kin: r=0.9993
2025-08-24 11:29:39,047 - INFO - 2. luo: r=0.9992
2025-08-24 11:29:39,047 - INFO - 3. nya: r=0.9992
2025-08-24 11:29:39,047 - INFO - 4. sna: r=0.9992
2025-08-24 11:29:39,047 - INFO - 5. lug: r=0.9991
2025-08-24 11:29:39,047 - INFO - Layer 12 (xlmr) — Worst 5
2025-08-24 11:29:39,047 - INFO - 1. fon: r=0.9975
2025-08-24 11:29:39,047 - INFO - 2. bbj: r=0.9975
2025-08-24 11:29:39,047 - INFO - 3. yor: r=0.9980
2025-08-24 11:29:39,047 - INFO - 4. hau: r=0.9980
2025-08-24 11:29:39,047 - INFO - 5. pcm: r=0.9983
2025-08-24 11:29:39,048 - INFO - Experiment finished successfully.
