2025-08-24 11:46:23,196 - INFO - Start: model_type=mbert, run_both=False, use_cls=False, use_context=True, context_window=0, max_tokens_per_type=400, batch_size=32, seed=1, num_middle_layers=3, output_dir=rq2_train_scripts/Embeddings/EXTENDED/outputs/salt_extended/mbert/config_6_clsfalse_ctxtrue_hybtrue/tokens_400_ctx0
2025-08-24 11:46:23,701 - INFO - mbert: selected layer indices (hidden_states) = [2, 3, 10, 12]
2025-08-24 11:46:24,560 - INFO - Processing run
2025-08-24 11:46:25,597 - INFO - Processing bam
2025-08-24 11:46:26,277 - INFO - Processing bbj
2025-08-24 11:46:26,975 - INFO - Processing ewe
2025-08-24 11:46:27,672 - INFO - Processing fon
2025-08-24 11:46:28,394 - INFO - Processing hau
2025-08-24 11:46:29,099 - INFO - Processing ibo
2025-08-24 11:46:29,852 - INFO - Processing kin
2025-08-24 11:46:30,562 - INFO - Processing lug
2025-08-24 11:46:31,197 - INFO - Processing luo
2025-08-24 11:46:31,637 - INFO - Processing mos
2025-08-24 11:46:32,105 - INFO - Processing nya
2025-08-24 11:46:32,500 - INFO - Processing pcm
2025-08-24 11:46:32,923 - INFO - Processing sna
2025-08-24 11:46:33,361 - INFO - Processing swa
2025-08-24 11:46:33,846 - INFO - Processing tsn
2025-08-24 11:46:34,295 - INFO - Processing twi
2025-08-24 11:46:34,449 - INFO - Processing wol
2025-08-24 11:46:34,576 - INFO - Processing xho
2025-08-24 11:46:34,717 - INFO - Processing yor
2025-08-24 11:46:34,870 - INFO - Processing zul
2025-08-24 11:46:35,252 - INFO - Layer 2 (mbert) — Top 5
2025-08-24 11:46:35,252 - INFO - 1. twi: r=0.9369
2025-08-24 11:46:35,252 - INFO - 2. lug: r=0.9364
2025-08-24 11:46:35,252 - INFO - 3. kin: r=0.9360
2025-08-24 11:46:35,252 - INFO - 4. luo: r=0.9343
2025-08-24 11:46:35,252 - INFO - 5. swa: r=0.9317
2025-08-24 11:46:35,252 - INFO - Layer 2 (mbert) — Worst 5
2025-08-24 11:46:35,252 - INFO - 1. bbj: r=0.7751
2025-08-24 11:46:35,252 - INFO - 2. yor: r=0.7916
2025-08-24 11:46:35,252 - INFO - 3. fon: r=0.8497
2025-08-24 11:46:35,252 - INFO - 4. bam: r=0.8635
2025-08-24 11:46:35,252 - INFO - 5. mos: r=0.8721
2025-08-24 11:46:35,376 - INFO - Layer 3 (mbert) — Top 5
2025-08-24 11:46:35,376 - INFO - 1. kin: r=0.9576
2025-08-24 11:46:35,376 - INFO - 2. lug: r=0.9553
2025-08-24 11:46:35,376 - INFO - 3. twi: r=0.9552
2025-08-24 11:46:35,377 - INFO - 4. swa: r=0.9536
2025-08-24 11:46:35,377 - INFO - 5. luo: r=0.9534
2025-08-24 11:46:35,377 - INFO - Layer 3 (mbert) — Worst 5
2025-08-24 11:46:35,377 - INFO - 1. bbj: r=0.8492
2025-08-24 11:46:35,377 - INFO - 2. yor: r=0.8610
2025-08-24 11:46:35,377 - INFO - 3. fon: r=0.8984
2025-08-24 11:46:35,377 - INFO - 4. bam: r=0.9119
2025-08-24 11:46:35,377 - INFO - 5. mos: r=0.9151
2025-08-24 11:46:35,516 - INFO - Layer 10 (mbert) — Top 5
2025-08-24 11:46:35,516 - INFO - 1. kin: r=0.9857
2025-08-24 11:46:35,516 - INFO - 2. twi: r=0.9854
2025-08-24 11:46:35,516 - INFO - 3. swa: r=0.9848
2025-08-24 11:46:35,516 - INFO - 4. luo: r=0.9842
2025-08-24 11:46:35,516 - INFO - 5. lug: r=0.9841
2025-08-24 11:46:35,516 - INFO - Layer 10 (mbert) — Worst 5
2025-08-24 11:46:35,516 - INFO - 1. bbj: r=0.9498
2025-08-24 11:46:35,516 - INFO - 2. yor: r=0.9508
2025-08-24 11:46:35,516 - INFO - 3. mos: r=0.9655
2025-08-24 11:46:35,516 - INFO - 4. fon: r=0.9669
2025-08-24 11:46:35,516 - INFO - 5. xho: r=0.9688
2025-08-24 11:46:35,635 - INFO - Layer 12 (mbert) — Top 5
2025-08-24 11:46:35,635 - INFO - 1. kin: r=0.9415
2025-08-24 11:46:35,635 - INFO - 2. lug: r=0.9401
2025-08-24 11:46:35,635 - INFO - 3. luo: r=0.9376
2025-08-24 11:46:35,635 - INFO - 4. twi: r=0.9373
2025-08-24 11:46:35,635 - INFO - 5. swa: r=0.9335
2025-08-24 11:46:35,635 - INFO - Layer 12 (mbert) — Worst 5
2025-08-24 11:46:35,635 - INFO - 1. yor: r=0.8118
2025-08-24 11:46:35,635 - INFO - 2. bbj: r=0.8192
2025-08-24 11:46:35,635 - INFO - 3. mos: r=0.8774
2025-08-24 11:46:35,635 - INFO - 4. fon: r=0.8800
2025-08-24 11:46:35,635 - INFO - 5. pcm: r=0.8836
2025-08-24 11:46:35,636 - INFO - Experiment finished successfully.
