2025-08-27 17:56:47,644 - INFO - Start: model_type=xlmr, use_cls=True, use_context=True, context_window=0, max_tokens_per_type=300, batch_size=64, output_dir=rq2_train_scripts/Embeddings/CLEAN/outputs/combined/xlmr/config_3_clstrue_ctxtrue/tokens_300_ctx0/core, save_prototypes=False, seed=42, fp16=True, max_length=96, langs=all, layers=all, span_mode=bio, pool=mean, entity_tags={'ORG', 'LOC', 'DATE', 'PER'}, title_suffix='L=all, tokens=300, ctx=0, cls=true, fp16=true'
2025-08-27 17:56:49,537 - INFO - Processing run
2025-08-27 17:56:49,963 - INFO - Processing bam
2025-08-27 17:56:50,023 - INFO - Processing bbj
2025-08-27 17:56:50,063 - INFO - Processing ewe
2025-08-27 17:56:50,097 - INFO - Processing fon
2025-08-27 17:56:50,148 - INFO - Processing hau
2025-08-27 17:56:50,259 - INFO - Processing ibo
2025-08-27 17:56:50,346 - INFO - Processing kin
2025-08-27 17:56:50,410 - INFO - Processing lug
2025-08-27 17:56:50,453 - INFO - Processing luo
2025-08-27 17:56:50,510 - INFO - Processing mos
2025-08-27 17:56:50,564 - INFO - Processing nya
2025-08-27 17:56:50,625 - INFO - Processing pcm
2025-08-27 17:56:50,680 - INFO - Processing sna
2025-08-27 17:56:50,734 - INFO - Processing swa
2025-08-27 17:56:50,801 - INFO - Processing tsn
2025-08-27 17:56:50,845 - INFO - Processing twi
2025-08-27 17:56:50,899 - INFO - Processing wol
2025-08-27 17:56:50,953 - INFO - Processing xho
2025-08-27 17:56:50,997 - INFO - Processing yor
2025-08-27 17:56:51,073 - INFO - Processing zul
2025-08-27 17:56:51,550 - INFO - === Layer 1 (xlmr) — Top 5 (cosine) ===
2025-08-27 17:56:51,550 - INFO - 1. kin: cos=0.9999
2025-08-27 17:56:51,550 - INFO - 2. twi: cos=0.9999
2025-08-27 17:56:51,550 - INFO - 3. luo: cos=0.9999
2025-08-27 17:56:51,550 - INFO - 4. ewe: cos=0.9998
2025-08-27 17:56:51,550 - INFO - 5. nya: cos=0.9998
2025-08-27 17:56:51,550 - INFO - === Layer 1 (xlmr) — Worst 5 (cosine) ===
2025-08-27 17:56:51,550 - INFO - 1. pcm: cos=0.9994
2025-08-27 17:56:51,550 - INFO - 2. hau: cos=0.9994
2025-08-27 17:56:51,550 - INFO - 3. fon: cos=0.9995
2025-08-27 17:56:51,550 - INFO - 4. bbj: cos=0.9995
2025-08-27 17:56:51,550 - INFO - 5. bam: cos=0.9995
2025-08-27 17:56:51,671 - INFO - === Layer 2 (xlmr) — Top 5 (cosine) ===
2025-08-27 17:56:51,672 - INFO - 1. kin: cos=1.0000
2025-08-27 17:56:51,672 - INFO - 2. twi: cos=1.0000
2025-08-27 17:56:51,672 - INFO - 3. luo: cos=1.0000
2025-08-27 17:56:51,672 - INFO - 4. ewe: cos=1.0000
2025-08-27 17:56:51,672 - INFO - 5. nya: cos=1.0000
2025-08-27 17:56:51,672 - INFO - === Layer 2 (xlmr) — Worst 5 (cosine) ===
2025-08-27 17:56:51,672 - INFO - 1. pcm: cos=0.9999
2025-08-27 17:56:51,672 - INFO - 2. swa: cos=0.9999
2025-08-27 17:56:51,672 - INFO - 3. hau: cos=0.9999
2025-08-27 17:56:51,672 - INFO - 4. bbj: cos=0.9999
2025-08-27 17:56:51,672 - INFO - 5. sna: cos=0.9999
2025-08-27 17:56:51,791 - INFO - === Layer 3 (xlmr) — Top 5 (cosine) ===
2025-08-27 17:56:51,791 - INFO - 1. twi: cos=1.0000
2025-08-27 17:56:51,791 - INFO - 2. kin: cos=1.0000
2025-08-27 17:56:51,791 - INFO - 3. luo: cos=1.0000
2025-08-27 17:56:51,791 - INFO - 4. ibo: cos=1.0000
2025-08-27 17:56:51,791 - INFO - 5. zul: cos=1.0000
2025-08-27 17:56:51,791 - INFO - === Layer 3 (xlmr) — Worst 5 (cosine) ===
2025-08-27 17:56:51,791 - INFO - 1. pcm: cos=1.0000
2025-08-27 17:56:51,791 - INFO - 2. swa: cos=1.0000
2025-08-27 17:56:51,791 - INFO - 3. sna: cos=1.0000
2025-08-27 17:56:51,791 - INFO - 4. nya: cos=1.0000
2025-08-27 17:56:51,791 - INFO - 5. bbj: cos=1.0000
2025-08-27 17:56:51,918 - INFO - === Layer 4 (xlmr) — Top 5 (cosine) ===
2025-08-27 17:56:51,918 - INFO - 1. kin: cos=1.0000
2025-08-27 17:56:51,918 - INFO - 2. twi: cos=1.0000
2025-08-27 17:56:51,918 - INFO - 3. luo: cos=1.0000
2025-08-27 17:56:51,918 - INFO - 4. bbj: cos=1.0000
2025-08-27 17:56:51,918 - INFO - 5. tsn: cos=1.0000
2025-08-27 17:56:51,918 - INFO - === Layer 4 (xlmr) — Worst 5 (cosine) ===
2025-08-27 17:56:51,918 - INFO - 1. pcm: cos=1.0000
2025-08-27 17:56:51,918 - INFO - 2. bam: cos=1.0000
2025-08-27 17:56:51,918 - INFO - 3. yor: cos=1.0000
2025-08-27 17:56:51,918 - INFO - 4. hau: cos=1.0000
2025-08-27 17:56:51,918 - INFO - 5. nya: cos=1.0000
2025-08-27 17:56:52,047 - INFO - === Layer 5 (xlmr) — Top 5 (cosine) ===
2025-08-27 17:56:52,047 - INFO - 1. twi: cos=1.0000
2025-08-27 17:56:52,047 - INFO - 2. luo: cos=1.0000
2025-08-27 17:56:52,047 - INFO - 3. tsn: cos=1.0000
2025-08-27 17:56:52,047 - INFO - 4. kin: cos=1.0000
2025-08-27 17:56:52,047 - INFO - 5. ewe: cos=1.0000
2025-08-27 17:56:52,047 - INFO - === Layer 5 (xlmr) — Worst 5 (cosine) ===
2025-08-27 17:56:52,047 - INFO - 1. pcm: cos=1.0000
2025-08-27 17:56:52,047 - INFO - 2. hau: cos=1.0000
2025-08-27 17:56:52,047 - INFO - 3. swa: cos=1.0000
2025-08-27 17:56:52,047 - INFO - 4. xho: cos=1.0000
2025-08-27 17:56:52,047 - INFO - 5. wol: cos=1.0000
2025-08-27 17:56:52,177 - INFO - === Layer 6 (xlmr) — Top 5 (cosine) ===
2025-08-27 17:56:52,177 - INFO - 1. twi: cos=1.0000
2025-08-27 17:56:52,178 - INFO - 2. kin: cos=1.0000
2025-08-27 17:56:52,178 - INFO - 3. luo: cos=1.0000
2025-08-27 17:56:52,178 - INFO - 4. tsn: cos=1.0000
2025-08-27 17:56:52,178 - INFO - 5. zul: cos=1.0000
2025-08-27 17:56:52,178 - INFO - === Layer 6 (xlmr) — Worst 5 (cosine) ===
2025-08-27 17:56:52,178 - INFO - 1. yor: cos=1.0000
2025-08-27 17:56:52,178 - INFO - 2. hau: cos=1.0000
2025-08-27 17:56:52,178 - INFO - 3. pcm: cos=1.0000
2025-08-27 17:56:52,178 - INFO - 4. swa: cos=1.0000
2025-08-27 17:56:52,178 - INFO - 5. xho: cos=1.0000
2025-08-27 17:56:52,304 - INFO - === Layer 7 (xlmr) — Top 5 (cosine) ===
2025-08-27 17:56:52,304 - INFO - 1. twi: cos=1.0000
2025-08-27 17:56:52,304 - INFO - 2. kin: cos=1.0000
2025-08-27 17:56:52,304 - INFO - 3. fon: cos=1.0000
2025-08-27 17:56:52,304 - INFO - 4. bbj: cos=1.0000
2025-08-27 17:56:52,304 - INFO - 5. swa: cos=1.0000
2025-08-27 17:56:52,304 - INFO - === Layer 7 (xlmr) — Worst 5 (cosine) ===
2025-08-27 17:56:52,304 - INFO - 1. pcm: cos=1.0000
2025-08-27 17:56:52,304 - INFO - 2. hau: cos=1.0000
2025-08-27 17:56:52,304 - INFO - 3. zul: cos=1.0000
2025-08-27 17:56:52,304 - INFO - 4. sna: cos=1.0000
2025-08-27 17:56:52,304 - INFO - 5. nya: cos=1.0000
2025-08-27 17:56:52,486 - INFO - === Layer 8 (xlmr) — Top 5 (cosine) ===
2025-08-27 17:56:52,486 - INFO - 1. ewe: cos=1.0000
2025-08-27 17:56:52,486 - INFO - 2. tsn: cos=1.0000
2025-08-27 17:56:52,486 - INFO - 3. luo: cos=1.0000
2025-08-27 17:56:52,486 - INFO - 4. zul: cos=1.0000
2025-08-27 17:56:52,486 - INFO - 5. bam: cos=1.0000
2025-08-27 17:56:52,486 - INFO - === Layer 8 (xlmr) — Worst 5 (cosine) ===
2025-08-27 17:56:52,486 - INFO - 1. pcm: cos=0.9999
2025-08-27 17:56:52,486 - INFO - 2. fon: cos=0.9999
2025-08-27 17:56:52,486 - INFO - 3. hau: cos=0.9999
2025-08-27 17:56:52,486 - INFO - 4. bbj: cos=1.0000
2025-08-27 17:56:52,486 - INFO - 5. xho: cos=1.0000
2025-08-27 17:56:52,638 - INFO - === Layer 9 (xlmr) — Top 5 (cosine) ===
2025-08-27 17:56:52,638 - INFO - 1. mos: cos=1.0000
2025-08-27 17:56:52,638 - INFO - 2. zul: cos=1.0000
2025-08-27 17:56:52,638 - INFO - 3. ewe: cos=1.0000
2025-08-27 17:56:52,638 - INFO - 4. luo: cos=1.0000
2025-08-27 17:56:52,638 - INFO - 5. swa: cos=1.0000
2025-08-27 17:56:52,638 - INFO - === Layer 9 (xlmr) — Worst 5 (cosine) ===
2025-08-27 17:56:52,638 - INFO - 1. pcm: cos=1.0000
2025-08-27 17:56:52,638 - INFO - 2. hau: cos=1.0000
2025-08-27 17:56:52,638 - INFO - 3. fon: cos=1.0000
2025-08-27 17:56:52,638 - INFO - 4. sna: cos=1.0000
2025-08-27 17:56:52,638 - INFO - 5. bbj: cos=1.0000
2025-08-27 17:56:52,769 - INFO - === Layer 10 (xlmr) — Top 5 (cosine) ===
2025-08-27 17:56:52,769 - INFO - 1. zul: cos=1.0000
2025-08-27 17:56:52,770 - INFO - 2. ewe: cos=1.0000
2025-08-27 17:56:52,770 - INFO - 3. luo: cos=1.0000
2025-08-27 17:56:52,770 - INFO - 4. kin: cos=1.0000
2025-08-27 17:56:52,770 - INFO - 5. nya: cos=1.0000
2025-08-27 17:56:52,770 - INFO - === Layer 10 (xlmr) — Worst 5 (cosine) ===
2025-08-27 17:56:52,770 - INFO - 1. pcm: cos=1.0000
2025-08-27 17:56:52,770 - INFO - 2. yor: cos=1.0000
2025-08-27 17:56:52,770 - INFO - 3. ibo: cos=1.0000
2025-08-27 17:56:52,770 - INFO - 4. fon: cos=1.0000
2025-08-27 17:56:52,770 - INFO - 5. xho: cos=1.0000
2025-08-27 17:56:52,901 - INFO - === Layer 11 (xlmr) — Top 5 (cosine) ===
2025-08-27 17:56:52,902 - INFO - 1. tsn: cos=1.0000
2025-08-27 17:56:52,902 - INFO - 2. zul: cos=1.0000
2025-08-27 17:56:52,902 - INFO - 3. hau: cos=1.0000
2025-08-27 17:56:52,902 - INFO - 4. pcm: cos=1.0000
2025-08-27 17:56:52,902 - INFO - 5. ibo: cos=1.0000
2025-08-27 17:56:52,902 - INFO - === Layer 11 (xlmr) — Worst 5 (cosine) ===
2025-08-27 17:56:52,902 - INFO - 1. luo: cos=0.9999
2025-08-27 17:56:52,902 - INFO - 2. bam: cos=0.9999
2025-08-27 17:56:52,902 - INFO - 3. bbj: cos=0.9999
2025-08-27 17:56:52,902 - INFO - 4. xho: cos=1.0000
2025-08-27 17:56:52,902 - INFO - 5. mos: cos=1.0000
2025-08-27 17:56:53,032 - INFO - === Layer 12 (xlmr) — Top 5 (cosine) ===
2025-08-27 17:56:53,032 - INFO - 1. kin: cos=0.9999
2025-08-27 17:56:53,032 - INFO - 2. nya: cos=0.9999
2025-08-27 17:56:53,032 - INFO - 3. wol: cos=0.9999
2025-08-27 17:56:53,032 - INFO - 4. ewe: cos=0.9999
2025-08-27 17:56:53,032 - INFO - 5. tsn: cos=0.9999
2025-08-27 17:56:53,032 - INFO - === Layer 12 (xlmr) — Worst 5 (cosine) ===
2025-08-27 17:56:53,032 - INFO - 1. fon: cos=0.9982
2025-08-27 17:56:53,032 - INFO - 2. hau: cos=0.9987
2025-08-27 17:56:53,032 - INFO - 3. pcm: cos=0.9989
2025-08-27 17:56:53,032 - INFO - 4. twi: cos=0.9995
2025-08-27 17:56:53,032 - INFO - 5. ibo: cos=0.9996
2025-08-27 17:56:53,033 - INFO - Experiment finished successfully.
