2025-08-02 13:58:30,698 - INFO - Experiment started with model_type=xlmr, use_cls=False, use_context=False, context_window=1, use_hybrid=False, max_tokens_per_type=400, output_dir=rq2_train_scripts/Embeddings/MEXA_inspired_strategy/outputs/salt/xlmr/config_0_clsfalse_ctxfalse_hybfalse/tokens_400_ctx1
2025-08-02 13:58:32,470 - INFO - Processing run
2025-08-02 13:58:43,527 - INFO - Processing bam
2025-08-02 13:58:53,488 - INFO - Processing bbj
2025-08-02 13:59:04,840 - INFO - Processing ewe
2025-08-02 13:59:16,022 - INFO - Processing fon
2025-08-02 13:59:26,990 - INFO - Processing hau
2025-08-02 13:59:38,331 - INFO - Processing ibo
2025-08-02 13:59:49,056 - INFO - Processing kin
2025-08-02 14:00:00,172 - INFO - Processing lug
2025-08-02 14:00:11,168 - INFO - Processing luo
2025-08-02 14:00:21,883 - INFO - Processing mos
2025-08-02 14:00:32,742 - INFO - Processing nya
2025-08-02 14:00:44,061 - INFO - Processing pcm
2025-08-02 14:00:54,927 - INFO - Processing sna
2025-08-02 14:01:07,099 - INFO - Processing swa
2025-08-02 14:01:18,109 - INFO - Processing tsn
2025-08-02 14:01:29,336 - INFO - Processing twi
2025-08-02 14:01:39,975 - INFO - Processing wol
2025-08-02 14:01:51,493 - INFO - Processing xho
2025-08-02 14:02:02,170 - INFO - Processing yor
2025-08-02 14:02:13,572 - INFO - Processing zul
2025-08-02 14:02:25,616 - INFO - Top 5 languages most similar to Runyankore:
2025-08-02 14:02:25,617 - INFO - 1. lug - Mean Similarity: 0.9996
2025-08-02 14:02:25,617 - INFO - 2. kin - Mean Similarity: 0.9994
2025-08-02 14:02:25,617 - INFO - 3. luo - Mean Similarity: 0.9994
2025-08-02 14:02:25,617 - INFO - 4. twi - Mean Similarity: 0.9993
2025-08-02 14:02:25,617 - INFO - 5. ibo - Mean Similarity: 0.9993
2025-08-02 14:02:25,617 - INFO - Experiment finished successfully.
