2025-12-15 10:15:57,219 - INFO - Start: model_type=xlmr, use_cls=True, use_context=True, context_window=1, max_tokens_per_type=400, batch_size=64, output_dir=rq2_train_scripts/Embeddings/CLEAN/outputs/combined/xlmr/config_3_clstrue_ctxtrue/tokens_400_ctx1/core, save_prototypes=False, seed=42, fp16=True, max_length=96, langs=all, layers=all, span_mode=bio, pool=mean, entity_tags={'DATE', 'PER', 'LOC', 'ORG'}, title_suffix='L=all, tokens=400, ctx=1, cls=true, fp16=true'
2025-12-15 10:15:59,102 - INFO - Processing run
2025-12-15 10:15:59,494 - INFO - Processing bam
2025-12-15 10:15:59,548 - INFO - Processing bbj
2025-12-15 10:15:59,592 - INFO - Processing ewe
2025-12-15 10:15:59,632 - INFO - Processing fon
2025-12-15 10:15:59,687 - INFO - Processing hau
2025-12-15 10:15:59,754 - INFO - Processing ibo
2025-12-15 10:15:59,837 - INFO - Processing kin
2025-12-15 10:15:59,901 - INFO - Processing lug
2025-12-15 10:15:59,960 - INFO - Processing luo
2025-12-15 10:16:00,019 - INFO - Processing mos
2025-12-15 10:16:00,083 - INFO - Processing nya
2025-12-15 10:16:00,146 - INFO - Processing pcm
2025-12-15 10:16:00,199 - INFO - Processing sna
2025-12-15 10:16:00,253 - INFO - Processing swa
2025-12-15 10:16:00,315 - INFO - Processing tsn
2025-12-15 10:16:00,360 - INFO - Processing twi
2025-12-15 10:16:00,418 - INFO - Processing wol
2025-12-15 10:16:00,481 - INFO - Processing xho
2025-12-15 10:16:00,525 - INFO - Processing yor
2025-12-15 10:16:00,600 - INFO - Processing zul
2025-12-15 10:16:01,045 - INFO - === Layer 1 (xlmr) — Top 5 (cosine) ===
2025-12-15 10:16:01,045 - INFO - 1. kin: cos=1.0000
2025-12-15 10:16:01,045 - INFO - 2. lug: cos=1.0000
2025-12-15 10:16:01,045 - INFO - 3. tsn: cos=1.0000
2025-12-15 10:16:01,045 - INFO - 4. nya: cos=1.0000
2025-12-15 10:16:01,045 - INFO - 5. sna: cos=1.0000
2025-12-15 10:16:01,045 - INFO - === Layer 1 (xlmr) — Worst 5 (cosine) ===
2025-12-15 10:16:01,045 - INFO - 1. fon: cos=0.9997
2025-12-15 10:16:01,045 - INFO - 2. bam: cos=0.9998
2025-12-15 10:16:01,045 - INFO - 3. hau: cos=0.9998
2025-12-15 10:16:01,045 - INFO - 4. wol: cos=0.9998
2025-12-15 10:16:01,045 - INFO - 5. yor: cos=0.9999
2025-12-15 10:16:01,163 - INFO - === Layer 2 (xlmr) — Top 5 (cosine) ===
2025-12-15 10:16:01,163 - INFO - 1. nya: cos=1.0000
2025-12-15 10:16:01,163 - INFO - 2. kin: cos=1.0000
2025-12-15 10:16:01,163 - INFO - 3. sna: cos=1.0000
2025-12-15 10:16:01,163 - INFO - 4. luo: cos=1.0000
2025-12-15 10:16:01,163 - INFO - 5. xho: cos=1.0000
2025-12-15 10:16:01,163 - INFO - === Layer 2 (xlmr) — Worst 5 (cosine) ===
2025-12-15 10:16:01,163 - INFO - 1. fon: cos=1.0000
2025-12-15 10:16:01,163 - INFO - 2. bam: cos=1.0000
2025-12-15 10:16:01,163 - INFO - 3. hau: cos=1.0000
2025-12-15 10:16:01,163 - INFO - 4. swa: cos=1.0000
2025-12-15 10:16:01,163 - INFO - 5. pcm: cos=1.0000
2025-12-15 10:16:01,281 - INFO - === Layer 3 (xlmr) — Top 5 (cosine) ===
2025-12-15 10:16:01,281 - INFO - 1. xho: cos=1.0000
2025-12-15 10:16:01,281 - INFO - 2. zul: cos=1.0000
2025-12-15 10:16:01,281 - INFO - 3. sna: cos=1.0000
2025-12-15 10:16:01,281 - INFO - 4. kin: cos=1.0000
2025-12-15 10:16:01,281 - INFO - 5. yor: cos=1.0000
2025-12-15 10:16:01,281 - INFO - === Layer 3 (xlmr) — Worst 5 (cosine) ===
2025-12-15 10:16:01,281 - INFO - 1. pcm: cos=1.0000
2025-12-15 10:16:01,281 - INFO - 2. swa: cos=1.0000
2025-12-15 10:16:01,281 - INFO - 3. ewe: cos=1.0000
2025-12-15 10:16:01,281 - INFO - 4. tsn: cos=1.0000
2025-12-15 10:16:01,281 - INFO - 5. luo: cos=1.0000
2025-12-15 10:16:01,400 - INFO - === Layer 4 (xlmr) — Top 5 (cosine) ===
2025-12-15 10:16:01,400 - INFO - 1. lug: cos=1.0000
2025-12-15 10:16:01,400 - INFO - 2. kin: cos=1.0000
2025-12-15 10:16:01,400 - INFO - 3. zul: cos=1.0000
2025-12-15 10:16:01,400 - INFO - 4. sna: cos=1.0000
2025-12-15 10:16:01,400 - INFO - 5. xho: cos=1.0000
2025-12-15 10:16:01,400 - INFO - === Layer 4 (xlmr) — Worst 5 (cosine) ===
2025-12-15 10:16:01,400 - INFO - 1. swa: cos=1.0000
2025-12-15 10:16:01,400 - INFO - 2. pcm: cos=1.0000
2025-12-15 10:16:01,400 - INFO - 3. ewe: cos=1.0000
2025-12-15 10:16:01,400 - INFO - 4. wol: cos=1.0000
2025-12-15 10:16:01,400 - INFO - 5. twi: cos=1.0000
2025-12-15 10:16:01,517 - INFO - === Layer 5 (xlmr) — Top 5 (cosine) ===
2025-12-15 10:16:01,518 - INFO - 1. nya: cos=1.0000
2025-12-15 10:16:01,518 - INFO - 2. lug: cos=1.0000
2025-12-15 10:16:01,518 - INFO - 3. kin: cos=1.0000
2025-12-15 10:16:01,518 - INFO - 4. luo: cos=1.0000
2025-12-15 10:16:01,518 - INFO - 5. sna: cos=1.0000
2025-12-15 10:16:01,518 - INFO - === Layer 5 (xlmr) — Worst 5 (cosine) ===
2025-12-15 10:16:01,518 - INFO - 1. fon: cos=1.0000
2025-12-15 10:16:01,518 - INFO - 2. hau: cos=1.0000
2025-12-15 10:16:01,518 - INFO - 3. pcm: cos=1.0000
2025-12-15 10:16:01,518 - INFO - 4. swa: cos=1.0000
2025-12-15 10:16:01,518 - INFO - 5. twi: cos=1.0000
2025-12-15 10:16:01,635 - INFO - === Layer 6 (xlmr) — Top 5 (cosine) ===
2025-12-15 10:16:01,635 - INFO - 1. nya: cos=1.0000
2025-12-15 10:16:01,635 - INFO - 2. lug: cos=1.0000
2025-12-15 10:16:01,635 - INFO - 3. luo: cos=1.0000
2025-12-15 10:16:01,635 - INFO - 4. wol: cos=1.0000
2025-12-15 10:16:01,635 - INFO - 5. sna: cos=1.0000
2025-12-15 10:16:01,635 - INFO - === Layer 6 (xlmr) — Worst 5 (cosine) ===
2025-12-15 10:16:01,635 - INFO - 1. fon: cos=1.0000
2025-12-15 10:16:01,635 - INFO - 2. hau: cos=1.0000
2025-12-15 10:16:01,635 - INFO - 3. pcm: cos=1.0000
2025-12-15 10:16:01,635 - INFO - 4. swa: cos=1.0000
2025-12-15 10:16:01,635 - INFO - 5. bbj: cos=1.0000
2025-12-15 10:16:01,753 - INFO - === Layer 7 (xlmr) — Top 5 (cosine) ===
2025-12-15 10:16:01,753 - INFO - 1. luo: cos=1.0000
2025-12-15 10:16:01,753 - INFO - 2. bam: cos=1.0000
2025-12-15 10:16:01,753 - INFO - 3. zul: cos=1.0000
2025-12-15 10:16:01,753 - INFO - 4. xho: cos=1.0000
2025-12-15 10:16:01,753 - INFO - 5. ibo: cos=1.0000
2025-12-15 10:16:01,753 - INFO - === Layer 7 (xlmr) — Worst 5 (cosine) ===
2025-12-15 10:16:01,753 - INFO - 1. hau: cos=1.0000
2025-12-15 10:16:01,753 - INFO - 2. fon: cos=1.0000
2025-12-15 10:16:01,753 - INFO - 3. bbj: cos=1.0000
2025-12-15 10:16:01,753 - INFO - 4. twi: cos=1.0000
2025-12-15 10:16:01,753 - INFO - 5. ewe: cos=1.0000
2025-12-15 10:16:01,871 - INFO - === Layer 8 (xlmr) — Top 5 (cosine) ===
2025-12-15 10:16:01,871 - INFO - 1. nya: cos=1.0000
2025-12-15 10:16:01,871 - INFO - 2. kin: cos=1.0000
2025-12-15 10:16:01,871 - INFO - 3. xho: cos=1.0000
2025-12-15 10:16:01,871 - INFO - 4. mos: cos=1.0000
2025-12-15 10:16:01,871 - INFO - 5. sna: cos=1.0000
2025-12-15 10:16:01,871 - INFO - === Layer 8 (xlmr) — Worst 5 (cosine) ===
2025-12-15 10:16:01,871 - INFO - 1. hau: cos=0.9999
2025-12-15 10:16:01,871 - INFO - 2. pcm: cos=1.0000
2025-12-15 10:16:01,871 - INFO - 3. bam: cos=1.0000
2025-12-15 10:16:01,871 - INFO - 4. bbj: cos=1.0000
2025-12-15 10:16:01,871 - INFO - 5. twi: cos=1.0000
2025-12-15 10:16:02,053 - INFO - === Layer 9 (xlmr) — Top 5 (cosine) ===
2025-12-15 10:16:02,053 - INFO - 1. mos: cos=1.0000
2025-12-15 10:16:02,053 - INFO - 2. ewe: cos=1.0000
2025-12-15 10:16:02,053 - INFO - 3. luo: cos=1.0000
2025-12-15 10:16:02,053 - INFO - 4. kin: cos=1.0000
2025-12-15 10:16:02,053 - INFO - 5. sna: cos=1.0000
2025-12-15 10:16:02,053 - INFO - === Layer 9 (xlmr) — Worst 5 (cosine) ===
2025-12-15 10:16:02,053 - INFO - 1. hau: cos=1.0000
2025-12-15 10:16:02,053 - INFO - 2. pcm: cos=1.0000
2025-12-15 10:16:02,053 - INFO - 3. bam: cos=1.0000
2025-12-15 10:16:02,053 - INFO - 4. lug: cos=1.0000
2025-12-15 10:16:02,053 - INFO - 5. bbj: cos=1.0000
2025-12-15 10:16:02,171 - INFO - === Layer 10 (xlmr) — Top 5 (cosine) ===
2025-12-15 10:16:02,171 - INFO - 1. fon: cos=1.0000
2025-12-15 10:16:02,171 - INFO - 2. twi: cos=1.0000
2025-12-15 10:16:02,171 - INFO - 3. sna: cos=1.0000
2025-12-15 10:16:02,171 - INFO - 4. yor: cos=1.0000
2025-12-15 10:16:02,171 - INFO - 5. ibo: cos=1.0000
2025-12-15 10:16:02,171 - INFO - === Layer 10 (xlmr) — Worst 5 (cosine) ===
2025-12-15 10:16:02,171 - INFO - 1. hau: cos=1.0000
2025-12-15 10:16:02,171 - INFO - 2. lug: cos=1.0000
2025-12-15 10:16:02,171 - INFO - 3. bbj: cos=1.0000
2025-12-15 10:16:02,171 - INFO - 4. bam: cos=1.0000
2025-12-15 10:16:02,171 - INFO - 5. swa: cos=1.0000
2025-12-15 10:16:02,289 - INFO - === Layer 11 (xlmr) — Top 5 (cosine) ===
2025-12-15 10:16:02,289 - INFO - 1. ewe: cos=1.0000
2025-12-15 10:16:02,289 - INFO - 2. mos: cos=1.0000
2025-12-15 10:16:02,289 - INFO - 3. bam: cos=1.0000
2025-12-15 10:16:02,289 - INFO - 4. zul: cos=1.0000
2025-12-15 10:16:02,289 - INFO - 5. xho: cos=1.0000
2025-12-15 10:16:02,289 - INFO - === Layer 11 (xlmr) — Worst 5 (cosine) ===
2025-12-15 10:16:02,289 - INFO - 1. luo: cos=0.9999
2025-12-15 10:16:02,289 - INFO - 2. yor: cos=0.9999
2025-12-15 10:16:02,289 - INFO - 3. swa: cos=0.9999
2025-12-15 10:16:02,289 - INFO - 4. lug: cos=1.0000
2025-12-15 10:16:02,289 - INFO - 5. nya: cos=1.0000
2025-12-15 10:16:02,406 - INFO - === Layer 12 (xlmr) — Top 5 (cosine) ===
2025-12-15 10:16:02,406 - INFO - 1. mos: cos=0.9995
2025-12-15 10:16:02,406 - INFO - 2. pcm: cos=0.9993
2025-12-15 10:16:02,406 - INFO - 3. lug: cos=0.9990
2025-12-15 10:16:02,406 - INFO - 4. sna: cos=0.9989
2025-12-15 10:16:02,406 - INFO - 5. luo: cos=0.9987
2025-12-15 10:16:02,406 - INFO - === Layer 12 (xlmr) — Worst 5 (cosine) ===
2025-12-15 10:16:02,406 - INFO - 1. zul: cos=0.9880
2025-12-15 10:16:02,406 - INFO - 2. xho: cos=0.9938
2025-12-15 10:16:02,406 - INFO - 3. tsn: cos=0.9951
2025-12-15 10:16:02,406 - INFO - 4. fon: cos=0.9960
2025-12-15 10:16:02,406 - INFO - 5. kin: cos=0.9967
2025-12-15 10:16:02,407 - INFO - Experiment finished successfully.
