2025-08-27 09:55:15,421 - INFO - Start: model_type=xlmr, use_cls=False, use_context=True, context_window=0, max_tokens_per_type=400, batch_size=64, output_dir=rq2_train_scripts/Embeddings/CLEAN/outputs/salt/xlmr/config_2_clsfalse_ctxtrue/tokens_400_ctx0/core, save_prototypes=False, seed=42, fp16=True, max_length=96, langs=all, layers=all, span_mode=bio, pool=mean, entity_tags={'LOC', 'ORG', 'DATE', 'PER'}, title_suffix='L=all, tokens=400, ctx=0, cls=false, fp16=true'
2025-08-27 09:55:17,340 - INFO - Processing run
2025-08-27 09:55:17,867 - INFO - Processing bam
2025-08-27 09:55:17,987 - INFO - Processing bbj
2025-08-27 09:55:18,100 - INFO - Processing ewe
2025-08-27 09:55:18,209 - INFO - Processing fon
2025-08-27 09:55:18,339 - INFO - Processing hau
2025-08-27 09:55:18,468 - INFO - Processing ibo
2025-08-27 09:55:18,629 - INFO - Processing kin
2025-08-27 09:55:18,762 - INFO - Processing lug
2025-08-27 09:55:18,878 - INFO - Processing luo
2025-08-27 09:55:19,005 - INFO - Processing mos
2025-08-27 09:55:19,156 - INFO - Processing nya
2025-08-27 09:55:19,289 - INFO - Processing pcm
2025-08-27 09:55:19,437 - INFO - Processing sna
2025-08-27 09:55:19,560 - INFO - Processing swa
2025-08-27 09:55:19,688 - INFO - Processing tsn
2025-08-27 09:55:19,799 - INFO - Processing twi
2025-08-27 09:55:19,925 - INFO - Processing wol
2025-08-27 09:55:20,064 - INFO - Processing xho
2025-08-27 09:55:20,177 - INFO - Processing yor
2025-08-27 09:55:20,329 - INFO - Processing zul
2025-08-27 09:55:20,866 - INFO - === Layer 1 (xlmr) — Top 5 (cosine) ===
2025-08-27 09:55:20,866 - INFO - 1. kin: cos=0.9673
2025-08-27 09:55:20,866 - INFO - 2. twi: cos=0.9615
2025-08-27 09:55:20,866 - INFO - 3. luo: cos=0.9559
2025-08-27 09:55:20,866 - INFO - 4. nya: cos=0.9511
2025-08-27 09:55:20,866 - INFO - 5. tsn: cos=0.9499
2025-08-27 09:55:20,866 - INFO - === Layer 1 (xlmr) — Worst 5 (cosine) ===
2025-08-27 09:55:20,866 - INFO - 1. hau: cos=0.8993
2025-08-27 09:55:20,866 - INFO - 2. mos: cos=0.9134
2025-08-27 09:55:20,866 - INFO - 3. fon: cos=0.9148
2025-08-27 09:55:20,866 - INFO - 4. yor: cos=0.9169
2025-08-27 09:55:20,866 - INFO - 5. bam: cos=0.9243
2025-08-27 09:55:21,024 - INFO - === Layer 2 (xlmr) — Top 5 (cosine) ===
2025-08-27 09:55:21,024 - INFO - 1. kin: cos=0.9857
2025-08-27 09:55:21,024 - INFO - 2. twi: cos=0.9843
2025-08-27 09:55:21,024 - INFO - 3. luo: cos=0.9825
2025-08-27 09:55:21,024 - INFO - 4. ibo: cos=0.9793
2025-08-27 09:55:21,024 - INFO - 5. nya: cos=0.9786
2025-08-27 09:55:21,024 - INFO - === Layer 2 (xlmr) — Worst 5 (cosine) ===
2025-08-27 09:55:21,024 - INFO - 1. hau: cos=0.9550
2025-08-27 09:55:21,024 - INFO - 2. fon: cos=0.9650
2025-08-27 09:55:21,024 - INFO - 3. yor: cos=0.9651
2025-08-27 09:55:21,024 - INFO - 4. mos: cos=0.9673
2025-08-27 09:55:21,024 - INFO - 5. pcm: cos=0.9678
2025-08-27 09:55:21,145 - INFO - === Layer 3 (xlmr) — Top 5 (cosine) ===
2025-08-27 09:55:21,145 - INFO - 1. kin: cos=0.9895
2025-08-27 09:55:21,145 - INFO - 2. twi: cos=0.9877
2025-08-27 09:55:21,145 - INFO - 3. luo: cos=0.9858
2025-08-27 09:55:21,145 - INFO - 4. ibo: cos=0.9851
2025-08-27 09:55:21,145 - INFO - 5. nya: cos=0.9846
2025-08-27 09:55:21,145 - INFO - === Layer 3 (xlmr) — Worst 5 (cosine) ===
2025-08-27 09:55:21,145 - INFO - 1. hau: cos=0.9646
2025-08-27 09:55:21,145 - INFO - 2. pcm: cos=0.9748
2025-08-27 09:55:21,145 - INFO - 3. fon: cos=0.9753
2025-08-27 09:55:21,145 - INFO - 4. swa: cos=0.9760
2025-08-27 09:55:21,145 - INFO - 5. mos: cos=0.9770
2025-08-27 09:55:21,269 - INFO - === Layer 4 (xlmr) — Top 5 (cosine) ===
2025-08-27 09:55:21,269 - INFO - 1. kin: cos=0.9874
2025-08-27 09:55:21,269 - INFO - 2. twi: cos=0.9866
2025-08-27 09:55:21,269 - INFO - 3. luo: cos=0.9845
2025-08-27 09:55:21,269 - INFO - 4. ibo: cos=0.9844
2025-08-27 09:55:21,269 - INFO - 5. nya: cos=0.9830
2025-08-27 09:55:21,269 - INFO - === Layer 4 (xlmr) — Worst 5 (cosine) ===
2025-08-27 09:55:21,269 - INFO - 1. hau: cos=0.9645
2025-08-27 09:55:21,269 - INFO - 2. pcm: cos=0.9721
2025-08-27 09:55:21,269 - INFO - 3. fon: cos=0.9735
2025-08-27 09:55:21,269 - INFO - 4. swa: cos=0.9746
2025-08-27 09:55:21,269 - INFO - 5. bbj: cos=0.9747
2025-08-27 09:55:21,398 - INFO - === Layer 5 (xlmr) — Top 5 (cosine) ===
2025-08-27 09:55:21,398 - INFO - 1. kin: cos=0.9888
2025-08-27 09:55:21,398 - INFO - 2. twi: cos=0.9886
2025-08-27 09:55:21,399 - INFO - 3. luo: cos=0.9867
2025-08-27 09:55:21,399 - INFO - 4. ibo: cos=0.9853
2025-08-27 09:55:21,399 - INFO - 5. nya: cos=0.9852
2025-08-27 09:55:21,399 - INFO - === Layer 5 (xlmr) — Worst 5 (cosine) ===
2025-08-27 09:55:21,399 - INFO - 1. hau: cos=0.9663
2025-08-27 09:55:21,399 - INFO - 2. fon: cos=0.9755
2025-08-27 09:55:21,399 - INFO - 3. pcm: cos=0.9757
2025-08-27 09:55:21,399 - INFO - 4. bbj: cos=0.9758
2025-08-27 09:55:21,399 - INFO - 5. bam: cos=0.9768
2025-08-27 09:55:21,529 - INFO - === Layer 6 (xlmr) — Top 5 (cosine) ===
2025-08-27 09:55:21,529 - INFO - 1. kin: cos=0.9840
2025-08-27 09:55:21,529 - INFO - 2. twi: cos=0.9839
2025-08-27 09:55:21,529 - INFO - 3. luo: cos=0.9802
2025-08-27 09:55:21,529 - INFO - 4. ibo: cos=0.9798
2025-08-27 09:55:21,529 - INFO - 5. zul: cos=0.9762
2025-08-27 09:55:21,529 - INFO - === Layer 6 (xlmr) — Worst 5 (cosine) ===
2025-08-27 09:55:21,529 - INFO - 1. pcm: cos=0.9582
2025-08-27 09:55:21,529 - INFO - 2. hau: cos=0.9603
2025-08-27 09:55:21,529 - INFO - 3. swa: cos=0.9661
2025-08-27 09:55:21,529 - INFO - 4. bbj: cos=0.9663
2025-08-27 09:55:21,529 - INFO - 5. fon: cos=0.9677
2025-08-27 09:55:21,658 - INFO - === Layer 7 (xlmr) — Top 5 (cosine) ===
2025-08-27 09:55:21,658 - INFO - 1. twi: cos=0.9875
2025-08-27 09:55:21,658 - INFO - 2. kin: cos=0.9872
2025-08-27 09:55:21,658 - INFO - 3. luo: cos=0.9839
2025-08-27 09:55:21,658 - INFO - 4. tsn: cos=0.9812
2025-08-27 09:55:21,658 - INFO - 5. zul: cos=0.9809
2025-08-27 09:55:21,658 - INFO - === Layer 7 (xlmr) — Worst 5 (cosine) ===
2025-08-27 09:55:21,659 - INFO - 1. pcm: cos=0.9689
2025-08-27 09:55:21,659 - INFO - 2. hau: cos=0.9696
2025-08-27 09:55:21,659 - INFO - 3. swa: cos=0.9736
2025-08-27 09:55:21,659 - INFO - 4. bbj: cos=0.9736
2025-08-27 09:55:21,659 - INFO - 5. yor: cos=0.9738
2025-08-27 09:55:21,783 - INFO - === Layer 8 (xlmr) — Top 5 (cosine) ===
2025-08-27 09:55:21,783 - INFO - 1. twi: cos=0.9891
2025-08-27 09:55:21,783 - INFO - 2. kin: cos=0.9877
2025-08-27 09:55:21,783 - INFO - 3. luo: cos=0.9835
2025-08-27 09:55:21,783 - INFO - 4. ewe: cos=0.9829
2025-08-27 09:55:21,784 - INFO - 5. lug: cos=0.9811
2025-08-27 09:55:21,784 - INFO - === Layer 8 (xlmr) — Worst 5 (cosine) ===
2025-08-27 09:55:21,784 - INFO - 1. xho: cos=0.9690
2025-08-27 09:55:21,784 - INFO - 2. hau: cos=0.9702
2025-08-27 09:55:21,784 - INFO - 3. yor: cos=0.9712
2025-08-27 09:55:21,784 - INFO - 4. sna: cos=0.9727
2025-08-27 09:55:21,784 - INFO - 5. bbj: cos=0.9735
2025-08-27 09:55:21,969 - INFO - === Layer 9 (xlmr) — Top 5 (cosine) ===
2025-08-27 09:55:21,969 - INFO - 1. twi: cos=0.9903
2025-08-27 09:55:21,969 - INFO - 2. kin: cos=0.9877
2025-08-27 09:55:21,969 - INFO - 3. ewe: cos=0.9844
2025-08-27 09:55:21,969 - INFO - 4. luo: cos=0.9839
2025-08-27 09:55:21,969 - INFO - 5. tsn: cos=0.9830
2025-08-27 09:55:21,969 - INFO - === Layer 9 (xlmr) — Worst 5 (cosine) ===
2025-08-27 09:55:21,969 - INFO - 1. hau: cos=0.9703
2025-08-27 09:55:21,969 - INFO - 2. bam: cos=0.9727
2025-08-27 09:55:21,969 - INFO - 3. xho: cos=0.9730
2025-08-27 09:55:21,969 - INFO - 4. yor: cos=0.9732
2025-08-27 09:55:21,969 - INFO - 5. sna: cos=0.9751
2025-08-27 09:55:22,126 - INFO - === Layer 10 (xlmr) — Top 5 (cosine) ===
2025-08-27 09:55:22,126 - INFO - 1. twi: cos=0.9884
2025-08-27 09:55:22,126 - INFO - 2. kin: cos=0.9869
2025-08-27 09:55:22,126 - INFO - 3. ewe: cos=0.9824
2025-08-27 09:55:22,126 - INFO - 4. lug: cos=0.9817
2025-08-27 09:55:22,126 - INFO - 5. tsn: cos=0.9815
2025-08-27 09:55:22,126 - INFO - === Layer 10 (xlmr) — Worst 5 (cosine) ===
2025-08-27 09:55:22,126 - INFO - 1. yor: cos=0.9650
2025-08-27 09:55:22,126 - INFO - 2. xho: cos=0.9701
2025-08-27 09:55:22,126 - INFO - 3. bam: cos=0.9714
2025-08-27 09:55:22,126 - INFO - 4. hau: cos=0.9717
2025-08-27 09:55:22,126 - INFO - 5. sna: cos=0.9729
2025-08-27 09:55:22,253 - INFO - === Layer 11 (xlmr) — Top 5 (cosine) ===
2025-08-27 09:55:22,253 - INFO - 1. nya: cos=0.9866
2025-08-27 09:55:22,253 - INFO - 2. twi: cos=0.9865
2025-08-27 09:55:22,253 - INFO - 3. kin: cos=0.9851
2025-08-27 09:55:22,253 - INFO - 4. ewe: cos=0.9843
2025-08-27 09:55:22,253 - INFO - 5. mos: cos=0.9842
2025-08-27 09:55:22,253 - INFO - === Layer 11 (xlmr) — Worst 5 (cosine) ===
2025-08-27 09:55:22,253 - INFO - 1. yor: cos=0.9720
2025-08-27 09:55:22,253 - INFO - 2. hau: cos=0.9760
2025-08-27 09:55:22,253 - INFO - 3. xho: cos=0.9760
2025-08-27 09:55:22,253 - INFO - 4. sna: cos=0.9781
2025-08-27 09:55:22,253 - INFO - 5. bam: cos=0.9790
2025-08-27 09:55:22,381 - INFO - === Layer 12 (xlmr) — Top 5 (cosine) ===
2025-08-27 09:55:22,381 - INFO - 1. nya: cos=0.9987
2025-08-27 09:55:22,381 - INFO - 2. kin: cos=0.9987
2025-08-27 09:55:22,381 - INFO - 3. mos: cos=0.9986
2025-08-27 09:55:22,381 - INFO - 4. twi: cos=0.9986
2025-08-27 09:55:22,381 - INFO - 5. ewe: cos=0.9986
2025-08-27 09:55:22,381 - INFO - === Layer 12 (xlmr) — Worst 5 (cosine) ===
2025-08-27 09:55:22,381 - INFO - 1. yor: cos=0.9967
2025-08-27 09:55:22,381 - INFO - 2. lug: cos=0.9973
2025-08-27 09:55:22,381 - INFO - 3. hau: cos=0.9974
2025-08-27 09:55:22,381 - INFO - 4. bam: cos=0.9979
2025-08-27 09:55:22,381 - INFO - 5. xho: cos=0.9979
2025-08-27 09:55:22,382 - INFO - Experiment finished successfully.
