2025-08-24 11:21:22,196 - INFO - Start: model_type=xlmr, run_both=False, use_cls=True, use_context=True, context_window=1, max_tokens_per_type=400, batch_size=32, seed=1, num_middle_layers=3, output_dir=rq2_train_scripts/Embeddings/EXTENDED/outputs/salt_extended/xlmr/config_4_clstrue_ctxtrue_hybfalse/tokens_400_ctx1
2025-08-24 11:21:22,748 - INFO - xlmr: selected layer indices (hidden_states) = [2, 3, 10, 12]
2025-08-24 11:21:24,480 - INFO - Processing run
2025-08-24 11:21:25,119 - INFO - Processing bam
2025-08-24 11:21:25,408 - INFO - Processing bbj
2025-08-24 11:21:25,695 - INFO - Processing ewe
2025-08-24 11:21:25,966 - INFO - Processing fon
2025-08-24 11:21:26,246 - INFO - Processing hau
2025-08-24 11:21:26,529 - INFO - Processing ibo
2025-08-24 11:21:26,846 - INFO - Processing kin
2025-08-24 11:21:27,141 - INFO - Processing lug
2025-08-24 11:21:27,413 - INFO - Processing luo
2025-08-24 11:21:27,717 - INFO - Processing mos
2025-08-24 11:21:27,985 - INFO - Processing nya
2025-08-24 11:21:28,284 - INFO - Processing pcm
2025-08-24 11:21:28,556 - INFO - Processing sna
2025-08-24 11:21:28,847 - INFO - Processing swa
2025-08-24 11:21:29,133 - INFO - Processing tsn
2025-08-24 11:21:29,402 - INFO - Processing twi
2025-08-24 11:21:29,664 - INFO - Processing wol
2025-08-24 11:21:29,940 - INFO - Processing xho
2025-08-24 11:21:30,216 - INFO - Processing yor
2025-08-24 11:21:30,533 - INFO - Processing zul
2025-08-24 11:21:31,117 - INFO - Layer 2 (xlmr) — Top 5
2025-08-24 11:21:31,118 - INFO - 1. kin: r=1.0000
2025-08-24 11:21:31,118 - INFO - 2. nya: r=1.0000
2025-08-24 11:21:31,118 - INFO - 3. tsn: r=1.0000
2025-08-24 11:21:31,118 - INFO - 4. luo: r=1.0000
2025-08-24 11:21:31,118 - INFO - 5. ewe: r=1.0000
2025-08-24 11:21:31,118 - INFO - Layer 2 (xlmr) — Worst 5
2025-08-24 11:21:31,118 - INFO - 1. pcm: r=1.0000
2025-08-24 11:21:31,118 - INFO - 2. fon: r=1.0000
2025-08-24 11:21:31,118 - INFO - 3. bam: r=1.0000
2025-08-24 11:21:31,118 - INFO - 4. hau: r=1.0000
2025-08-24 11:21:31,118 - INFO - 5. swa: r=1.0000
2025-08-24 11:21:31,234 - INFO - Layer 3 (xlmr) — Top 5
2025-08-24 11:21:31,234 - INFO - 1. xho: r=1.0000
2025-08-24 11:21:31,234 - INFO - 2. kin: r=1.0000
2025-08-24 11:21:31,234 - INFO - 3. sna: r=1.0000
2025-08-24 11:21:31,234 - INFO - 4. wol: r=1.0000
2025-08-24 11:21:31,234 - INFO - 5. lug: r=1.0000
2025-08-24 11:21:31,234 - INFO - Layer 3 (xlmr) — Worst 5
2025-08-24 11:21:31,234 - INFO - 1. pcm: r=1.0000
2025-08-24 11:21:31,234 - INFO - 2. swa: r=1.0000
2025-08-24 11:21:31,234 - INFO - 3. fon: r=1.0000
2025-08-24 11:21:31,234 - INFO - 4. bbj: r=1.0000
2025-08-24 11:21:31,234 - INFO - 5. tsn: r=1.0000
2025-08-24 11:21:31,350 - INFO - Layer 10 (xlmr) — Top 5
2025-08-24 11:21:31,350 - INFO - 1. xho: r=1.0000
2025-08-24 11:21:31,350 - INFO - 2. ibo: r=1.0000
2025-08-24 11:21:31,350 - INFO - 3. nya: r=1.0000
2025-08-24 11:21:31,350 - INFO - 4. twi: r=1.0000
2025-08-24 11:21:31,350 - INFO - 5. sna: r=1.0000
2025-08-24 11:21:31,350 - INFO - Layer 10 (xlmr) — Worst 5
2025-08-24 11:21:31,350 - INFO - 1. bam: r=1.0000
2025-08-24 11:21:31,350 - INFO - 2. pcm: r=1.0000
2025-08-24 11:21:31,350 - INFO - 3. fon: r=1.0000
2025-08-24 11:21:31,350 - INFO - 4. tsn: r=1.0000
2025-08-24 11:21:31,350 - INFO - 5. bbj: r=1.0000
2025-08-24 11:21:31,466 - INFO - Layer 12 (xlmr) — Top 5
2025-08-24 11:21:31,466 - INFO - 1. swa: r=0.9995
2025-08-24 11:21:31,466 - INFO - 2. pcm: r=0.9995
2025-08-24 11:21:31,466 - INFO - 3. sna: r=0.9995
2025-08-24 11:21:31,466 - INFO - 4. hau: r=0.9994
2025-08-24 11:21:31,466 - INFO - 5. lug: r=0.9994
2025-08-24 11:21:31,466 - INFO - Layer 12 (xlmr) — Worst 5
2025-08-24 11:21:31,466 - INFO - 1. wol: r=0.9985
2025-08-24 11:21:31,466 - INFO - 2. fon: r=0.9987
2025-08-24 11:21:31,466 - INFO - 3. nya: r=0.9989
2025-08-24 11:21:31,466 - INFO - 4. xho: r=0.9989
2025-08-24 11:21:31,466 - INFO - 5. bbj: r=0.9989
2025-08-24 11:21:31,467 - INFO - Experiment finished successfully.
