2025-08-02 16:32:53,352 - INFO - Experiment started with model_type=xlmr, use_cls=False, use_context=False, context_window=0, use_hybrid=True, max_tokens_per_type=400, output_dir=rq2_train_scripts/Embeddings/MEXA_inspired_strategy/outputs/salt/xlmr/config_3_clsfalse_ctxfalse_hybtrue/tokens_400_ctx0
2025-08-02 16:32:55,253 - INFO - Processing run
2025-08-02 16:33:06,590 - INFO - Processing bam
2025-08-02 16:33:17,742 - INFO - Processing bbj
2025-08-02 16:33:29,206 - INFO - Processing ewe
2025-08-02 16:33:40,316 - INFO - Processing fon
2025-08-02 16:33:51,496 - INFO - Processing hau
2025-08-02 16:34:02,323 - INFO - Processing ibo
2025-08-02 16:34:13,842 - INFO - Processing kin
2025-08-02 16:34:25,127 - INFO - Processing lug
2025-08-02 16:34:36,400 - INFO - Processing luo
2025-08-02 16:34:48,071 - INFO - Processing mos
2025-08-02 16:34:59,446 - INFO - Processing nya
2025-08-02 16:35:11,382 - INFO - Processing pcm
2025-08-02 16:35:22,036 - INFO - Processing sna
2025-08-02 16:35:33,392 - INFO - Processing swa
2025-08-02 16:35:44,603 - INFO - Processing tsn
2025-08-02 16:35:55,248 - INFO - Processing twi
2025-08-02 16:36:06,748 - INFO - Processing wol
2025-08-02 16:36:17,923 - INFO - Processing xho
2025-08-02 16:36:28,607 - INFO - Processing yor
2025-08-02 16:36:39,758 - INFO - Processing zul
2025-08-02 16:36:51,329 - INFO - Top 5 languages most similar to Runyankore:
2025-08-02 16:36:51,329 - INFO - 1. lug - Mean Similarity: 0.8372
2025-08-02 16:36:51,329 - INFO - 2. kin - Mean Similarity: 0.8152
2025-08-02 16:36:51,329 - INFO - 3. luo - Mean Similarity: 0.8130
2025-08-02 16:36:51,329 - INFO - 4. ibo - Mean Similarity: 0.8033
2025-08-02 16:36:51,329 - INFO - 5. twi - Mean Similarity: 0.8023
2025-08-02 16:36:51,329 - INFO - Experiment finished successfully.
