2025-08-24 11:55:11,684 - INFO - Start: model_type=mbert, run_both=False, use_cls=True, use_context=True, context_window=1, max_tokens_per_type=200, batch_size=32, seed=1, num_middle_layers=3, output_dir=rq2_train_scripts/Embeddings/EXTENDED/outputs/combined_extended/mbert/config_7_clstrue_ctxtrue_hybtrue/tokens_200_c20252025-08-24 11:55:12,235 - INFO - mbert: selected layer indices (hidden_states) = [2, 3, 10, 20252025-08-24 11:55:13,067 - INFO - Processing 20252025-08-24 11:55:13,533 - INFO - Processing bam
2025-08-24 11:55:13,633 - INFO - Processing bbj
2025-08-24 11:55:13,736 - INFO - Processing ewe
2025-08-24 11:55:13,805 - INFO - Processing fon
2025-08-24 11:55:13,909 - INFO - Processing 20252025-08-24 11:55:13,975 - INFO - Processing 2025-08-24 11:55:14,127 - INFO - Processing kin
2025-08-24 11:55:14,288 - INFO - Processing lug
2025-08-24 11:55:14,445 - INFO - Processing luo
2025-08-24 11:55:14,592 - INFO - Processing mos
2025-08-24 11:55:14,726 - INFO - Processing nya
2025-08-24 11:55:14,879 - INFO - Processing pcm
2025-08-24 11:55:15,012 - INFO - Processing sna
2025-08-24 11:55:15,185 - INFO - Processing swa
2025-08-24 11:55:15,345 - INFO - Processing tsn
2025-08-24 11:55:15,473 - INFO - Processing twi
2025-08-24 11:55:15,585 - INFO - Processing wol
2025-08-24 11:55:15,697 - INFO - Processing xho
2025-08-24 11:55:15,824 - INFO - Processing yor
2025-08-24 11:55:15,978 - INFO - Processing zul
2025-08-24 11:55:16,344 - INFO - Layer 2 (mbert) — Top 5
2025-08-24 11:55:16,344 - INFO - 1. xho: r=0.9999
2025-08-24 11:55:16,344 - INFO - 2. nya: r=0.9999
2025-08-24 11:55:16,344 - INFO - 3. lug: r=0.9999
2025-08-24 11:55:16,344 - INFO - 4. zul: r=0.9999
2025-08-24 11:55:16,344 - INFO - 5. tsn: r=0.9999
2025-08-24 11:55:16,345 - INFO - Layer 2 (mbert) — Worst 5
2025-08-24 11:55:16,345 - INFO - 1. yor: r=0.9997
2025-08-24 11:55:16,345 - INFO - 2. fon: r=0.9998
2025-08-24 11:55:16,345 - INFO - 3. bbj: r=0.9998
2025-08-24 11:55:16,345 - INFO - 4. pcm: r=0.9999
2025-08-24 11:55:16,345 - INFO - 5. mos: r=0.9999
2025-08-24 11:55:16,474 - INFO - Layer 3 (mbert) — Top 5
2025-08-24 11:55:16,474 - INFO - 1. zul: r=1.0000
2025-08-24 11:55:16,474 - INFO - 2. lug: r=1.0000
2025-08-24 11:55:16,474 - INFO - 3. xho: r=1.0000
2025-08-24 11:55:16,475 - INFO - 4. nya: r=1.0000
2025-08-24 11:55:16,475 - INFO - 5. kin: r=1.0000
2025-08-24 11:55:16,475 - INFO - Layer 3 (mbert) — Worst 5
2025-08-24 11:55:16,475 - INFO - 1. yor: r=0.9999
2025-08-24 11:55:16,475 - INFO - 2. bbj: r=0.9999
2025-08-24 11:55:16,475 - INFO - 3. pcm: r=0.9999
2025-08-24 11:55:16,475 - INFO - 4. fon: r=0.9999
2025-08-24 11:55:16,475 - INFO - 5. swa: r=0.9999
2025-08-24 11:55:16,597 - INFO - Layer 10 (mbert) — Top 5
2025-08-24 11:55:16,597 - INFO - 1. lug: r=0.9846
2025-08-24 11:55:16,597 - INFO - 2. nya: r=0.9833
2025-08-24 11:55:16,597 - INFO - 3. kin: r=0.9827
2025-08-24 11:55:16,597 - INFO - 4. sna: r=0.9817
2025-08-24 11:55:16,597 - INFO - 5. xho: r=0.9804
2025-08-24 11:55:16,597 - INFO - Layer 10 (mbert) — Worst 5
2025-08-24 11:55:16,597 - INFO - 1. pcm: r=0.9562
2025-08-24 11:55:16,597 - INFO - 2. fon: r=0.9587
2025-08-24 11:55:16,597 - INFO - 3. bbj: r=0.9607
2025-08-24 11:55:16,597 - INFO - 4. swa: r=0.9628
2025-08-24 11:55:16,597 - INFO - 5. yor: r=0.9647
2025-08-24 11:55:16,711 - INFO - Layer 12 (mbert) — Top 5
2025-08-24 11:55:16,711 - INFO - 1. nya: r=0.9861
2025-08-24 11:55:16,711 - INFO - 2. lug: r=0.9859
2025-08-24 11:55:16,712 - INFO - 3. kin: r=0.9850
2025-08-24 11:55:16,712 - INFO - 4. sna: r=0.9846
2025-08-24 11:55:16,712 - INFO - 5. xho: r=0.9815
2025-08-24 11:55:16,712 - INFO - Layer 12 (mbert) — Worst 5
2025-08-24 11:55:16,712 - INFO - 1. bbj: r=0.9107
2025-08-24 11:55:16,712 - INFO - 2. fon: r=0.9172
2025-08-24 11:55:16,712 - INFO - 3. pcm: r=0.9430
2025-08-24 11:55:16,712 - INFO - 4. yor: r=0.9517
2025-08-24 11:55:16,712 - INFO - 5. mos: r=0.9621
2025-08-24 11:55:16,713 - INFO - Experiment finished successfully.
ly.
