2025-12-15 10:38:01,664 - INFO - Start: model_type=mbert, use_cls=False, use_context=True, context_window=2, max_tokens_per_type=300, batch_size=64, output_dir=rq2_train_scripts/Embeddings/CLEAN/outputs/combined/mbert/config_2_clsfalse_ctxtrue/tokens_300_ctx2/core, save_prototypes=False, seed=42, fp16=True, max_length=96, langs=all, layers=all, span_mode=bio, pool=mean, entity_tags={'LOC', 'PER', 'ORG', 'DATE'}, title_suffix='L=all, tokens=300, ctx=2, cls=false, fp16=true'
2025-12-15 10:38:03,475 - INFO - Processing run
2025-12-15 10:38:03,956 - INFO - Processing bam
2025-12-15 10:38:04,057 - INFO - Processing bbj
2025-12-15 10:38:04,145 - INFO - Processing ewe
2025-12-15 10:38:04,226 - INFO - Processing fon
2025-12-15 10:38:04,321 - INFO - Processing hau
2025-12-15 10:38:04,426 - INFO - Processing ibo
2025-12-15 10:38:04,554 - INFO - Processing kin
2025-12-15 10:38:04,664 - INFO - Processing lug
2025-12-15 10:38:04,752 - INFO - Processing luo
2025-12-15 10:38:04,855 - INFO - Processing mos
2025-12-15 10:38:04,958 - INFO - Processing nya
2025-12-15 10:38:05,066 - INFO - Processing pcm
2025-12-15 10:38:05,158 - INFO - Processing sna
2025-12-15 10:38:05,259 - INFO - Processing swa
2025-12-15 10:38:05,362 - INFO - Processing tsn
2025-12-15 10:38:05,452 - INFO - Processing twi
2025-12-15 10:38:05,550 - INFO - Processing wol
2025-12-15 10:38:05,648 - INFO - Processing xho
2025-12-15 10:38:05,743 - INFO - Processing yor
2025-12-15 10:38:05,867 - INFO - Processing zul
2025-12-15 10:38:06,290 - INFO - === Layer 1 (mbert) — Top 5 (cosine) ===
2025-12-15 10:38:06,290 - INFO - 1. lug: cos=0.8726
2025-12-15 10:38:06,290 - INFO - 2. kin: cos=0.8582
2025-12-15 10:38:06,290 - INFO - 3. nya: cos=0.8522
2025-12-15 10:38:06,290 - INFO - 4. twi: cos=0.8395
2025-12-15 10:38:06,290 - INFO - 5. luo: cos=0.8285
2025-12-15 10:38:06,290 - INFO - === Layer 1 (mbert) — Worst 5 (cosine) ===
2025-12-15 10:38:06,290 - INFO - 1. yor: cos=0.6503
2025-12-15 10:38:06,290 - INFO - 2. bbj: cos=0.6724
2025-12-15 10:38:06,290 - INFO - 3. pcm: cos=0.7258
2025-12-15 10:38:06,290 - INFO - 4. mos: cos=0.7273
2025-12-15 10:38:06,290 - INFO - 5. bam: cos=0.7357
2025-12-15 10:38:06,408 - INFO - === Layer 2 (mbert) — Top 5 (cosine) ===
2025-12-15 10:38:06,408 - INFO - 1. lug: cos=0.8867
2025-12-15 10:38:06,408 - INFO - 2. kin: cos=0.8818
2025-12-15 10:38:06,408 - INFO - 3. nya: cos=0.8687
2025-12-15 10:38:06,408 - INFO - 4. twi: cos=0.8604
2025-12-15 10:38:06,408 - INFO - 5. luo: cos=0.8517
2025-12-15 10:38:06,408 - INFO - === Layer 2 (mbert) — Worst 5 (cosine) ===
2025-12-15 10:38:06,408 - INFO - 1. yor: cos=0.6902
2025-12-15 10:38:06,408 - INFO - 2. bbj: cos=0.7083
2025-12-15 10:38:06,408 - INFO - 3. pcm: cos=0.7321
2025-12-15 10:38:06,408 - INFO - 4. ewe: cos=0.7556
2025-12-15 10:38:06,408 - INFO - 5. mos: cos=0.7566
2025-12-15 10:38:06,527 - INFO - === Layer 3 (mbert) — Top 5 (cosine) ===
2025-12-15 10:38:06,527 - INFO - 1. kin: cos=0.9214
2025-12-15 10:38:06,527 - INFO - 2. twi: cos=0.9136
2025-12-15 10:38:06,527 - INFO - 3. ibo: cos=0.9088
2025-12-15 10:38:06,527 - INFO - 4. luo: cos=0.9062
2025-12-15 10:38:06,527 - INFO - 5. lug: cos=0.9055
2025-12-15 10:38:06,527 - INFO - === Layer 3 (mbert) — Worst 5 (cosine) ===
2025-12-15 10:38:06,527 - INFO - 1. yor: cos=0.8025
2025-12-15 10:38:06,527 - INFO - 2. bbj: cos=0.8072
2025-12-15 10:38:06,527 - INFO - 3. pcm: cos=0.8268
2025-12-15 10:38:06,527 - INFO - 4. ewe: cos=0.8367
2025-12-15 10:38:06,527 - INFO - 5. bam: cos=0.8443
2025-12-15 10:38:06,645 - INFO - === Layer 4 (mbert) — Top 5 (cosine) ===
2025-12-15 10:38:06,645 - INFO - 1. kin: cos=0.9411
2025-12-15 10:38:06,645 - INFO - 2. twi: cos=0.9325
2025-12-15 10:38:06,645 - INFO - 3. lug: cos=0.9290
2025-12-15 10:38:06,645 - INFO - 4. luo: cos=0.9273
2025-12-15 10:38:06,645 - INFO - 5. tsn: cos=0.9216
2025-12-15 10:38:06,645 - INFO - === Layer 4 (mbert) — Worst 5 (cosine) ===
2025-12-15 10:38:06,645 - INFO - 1. bbj: cos=0.8399
2025-12-15 10:38:06,645 - INFO - 2. yor: cos=0.8418
2025-12-15 10:38:06,645 - INFO - 3. pcm: cos=0.8521
2025-12-15 10:38:06,645 - INFO - 4. ewe: cos=0.8711
2025-12-15 10:38:06,645 - INFO - 5. mos: cos=0.8793
2025-12-15 10:38:06,765 - INFO - === Layer 5 (mbert) — Top 5 (cosine) ===
2025-12-15 10:38:06,766 - INFO - 1. kin: cos=0.9544
2025-12-15 10:38:06,766 - INFO - 2. twi: cos=0.9518
2025-12-15 10:38:06,766 - INFO - 3. luo: cos=0.9493
2025-12-15 10:38:06,766 - INFO - 4. lug: cos=0.9477
2025-12-15 10:38:06,766 - INFO - 5. tsn: cos=0.9440
2025-12-15 10:38:06,766 - INFO - === Layer 5 (mbert) — Worst 5 (cosine) ===
2025-12-15 10:38:06,766 - INFO - 1. bbj: cos=0.8845
2025-12-15 10:38:06,766 - INFO - 2. yor: cos=0.8849
2025-12-15 10:38:06,766 - INFO - 3. pcm: cos=0.8947
2025-12-15 10:38:06,766 - INFO - 4. ewe: cos=0.9060
2025-12-15 10:38:06,766 - INFO - 5. mos: cos=0.9147
2025-12-15 10:38:06,945 - INFO - === Layer 6 (mbert) — Top 5 (cosine) ===
2025-12-15 10:38:06,945 - INFO - 1. kin: cos=0.9624
2025-12-15 10:38:06,945 - INFO - 2. twi: cos=0.9599
2025-12-15 10:38:06,945 - INFO - 3. luo: cos=0.9579
2025-12-15 10:38:06,945 - INFO - 4. lug: cos=0.9552
2025-12-15 10:38:06,945 - INFO - 5. ibo: cos=0.9537
2025-12-15 10:38:06,945 - INFO - === Layer 6 (mbert) — Worst 5 (cosine) ===
2025-12-15 10:38:06,945 - INFO - 1. yor: cos=0.8949
2025-12-15 10:38:06,945 - INFO - 2. bbj: cos=0.9034
2025-12-15 10:38:06,945 - INFO - 3. pcm: cos=0.9131
2025-12-15 10:38:06,945 - INFO - 4. ewe: cos=0.9249
2025-12-15 10:38:06,945 - INFO - 5. swa: cos=0.9262
2025-12-15 10:38:07,064 - INFO - === Layer 7 (mbert) — Top 5 (cosine) ===
2025-12-15 10:38:07,064 - INFO - 1. twi: cos=0.9504
2025-12-15 10:38:07,064 - INFO - 2. kin: cos=0.9494
2025-12-15 10:38:07,064 - INFO - 3. lug: cos=0.9409
2025-12-15 10:38:07,064 - INFO - 4. hau: cos=0.9302
2025-12-15 10:38:07,064 - INFO - 5. ibo: cos=0.9295
2025-12-15 10:38:07,064 - INFO - === Layer 7 (mbert) — Worst 5 (cosine) ===
2025-12-15 10:38:07,064 - INFO - 1. yor: cos=0.8510
2025-12-15 10:38:07,064 - INFO - 2. bbj: cos=0.8773
2025-12-15 10:38:07,064 - INFO - 3. xho: cos=0.8955
2025-12-15 10:38:07,064 - INFO - 4. bam: cos=0.8985
2025-12-15 10:38:07,064 - INFO - 5. swa: cos=0.9017
2025-12-15 10:38:07,182 - INFO - === Layer 8 (mbert) — Top 5 (cosine) ===
2025-12-15 10:38:07,182 - INFO - 1. twi: cos=0.9271
2025-12-15 10:38:07,182 - INFO - 2. kin: cos=0.9174
2025-12-15 10:38:07,182 - INFO - 3. lug: cos=0.9158
2025-12-15 10:38:07,182 - INFO - 4. ibo: cos=0.9073
2025-12-15 10:38:07,182 - INFO - 5. nya: cos=0.9041
2025-12-15 10:38:07,182 - INFO - === Layer 8 (mbert) — Worst 5 (cosine) ===
2025-12-15 10:38:07,182 - INFO - 1. yor: cos=0.8211
2025-12-15 10:38:07,182 - INFO - 2. bbj: cos=0.8414
2025-12-15 10:38:07,182 - INFO - 3. xho: cos=0.8554
2025-12-15 10:38:07,182 - INFO - 4. bam: cos=0.8676
2025-12-15 10:38:07,182 - INFO - 5. swa: cos=0.8707
2025-12-15 10:38:07,300 - INFO - === Layer 9 (mbert) — Top 5 (cosine) ===
2025-12-15 10:38:07,301 - INFO - 1. twi: cos=0.9483
2025-12-15 10:38:07,301 - INFO - 2. kin: cos=0.9431
2025-12-15 10:38:07,301 - INFO - 3. lug: cos=0.9389
2025-12-15 10:38:07,301 - INFO - 4. nya: cos=0.9349
2025-12-15 10:38:07,301 - INFO - 5. hau: cos=0.9344
2025-12-15 10:38:07,301 - INFO - === Layer 9 (mbert) — Worst 5 (cosine) ===
2025-12-15 10:38:07,301 - INFO - 1. yor: cos=0.8517
2025-12-15 10:38:07,301 - INFO - 2. bbj: cos=0.8911
2025-12-15 10:38:07,301 - INFO - 3. xho: cos=0.9041
2025-12-15 10:38:07,301 - INFO - 4. bam: cos=0.9046
2025-12-15 10:38:07,301 - INFO - 5. swa: cos=0.9168
2025-12-15 10:38:07,420 - INFO - === Layer 10 (mbert) — Top 5 (cosine) ===
2025-12-15 10:38:07,420 - INFO - 1. lug: cos=0.9591
2025-12-15 10:38:07,420 - INFO - 2. twi: cos=0.9588
2025-12-15 10:38:07,420 - INFO - 3. kin: cos=0.9554
2025-12-15 10:38:07,420 - INFO - 4. nya: cos=0.9511
2025-12-15 10:38:07,420 - INFO - 5. hau: cos=0.9505
2025-12-15 10:38:07,420 - INFO - === Layer 10 (mbert) — Worst 5 (cosine) ===
2025-12-15 10:38:07,420 - INFO - 1. yor: cos=0.8847
2025-12-15 10:38:07,420 - INFO - 2. bam: cos=0.9162
2025-12-15 10:38:07,420 - INFO - 3. bbj: cos=0.9162
2025-12-15 10:38:07,420 - INFO - 4. xho: cos=0.9196
2025-12-15 10:38:07,420 - INFO - 5. ewe: cos=0.9284
2025-12-15 10:38:07,538 - INFO - === Layer 11 (mbert) — Top 5 (cosine) ===
2025-12-15 10:38:07,538 - INFO - 1. twi: cos=0.9646
2025-12-15 10:38:07,538 - INFO - 2. lug: cos=0.9646
2025-12-15 10:38:07,539 - INFO - 3. nya: cos=0.9608
2025-12-15 10:38:07,539 - INFO - 4. kin: cos=0.9602
2025-12-15 10:38:07,539 - INFO - 5. hau: cos=0.9586
2025-12-15 10:38:07,539 - INFO - === Layer 11 (mbert) — Worst 5 (cosine) ===
2025-12-15 10:38:07,539 - INFO - 1. yor: cos=0.8970
2025-12-15 10:38:07,539 - INFO - 2. bam: cos=0.9129
2025-12-15 10:38:07,539 - INFO - 3. bbj: cos=0.9181
2025-12-15 10:38:07,539 - INFO - 4. xho: cos=0.9254
2025-12-15 10:38:07,539 - INFO - 5. pcm: cos=0.9323
2025-12-15 10:38:07,663 - INFO - === Layer 12 (mbert) — Top 5 (cosine) ===
2025-12-15 10:38:07,663 - INFO - 1. lug: cos=0.8392
2025-12-15 10:38:07,663 - INFO - 2. twi: cos=0.8211
2025-12-15 10:38:07,663 - INFO - 3. kin: cos=0.8150
2025-12-15 10:38:07,663 - INFO - 4. hau: cos=0.8049
2025-12-15 10:38:07,663 - INFO - 5. nya: cos=0.8048
2025-12-15 10:38:07,663 - INFO - === Layer 12 (mbert) — Worst 5 (cosine) ===
2025-12-15 10:38:07,663 - INFO - 1. yor: cos=0.5951
2025-12-15 10:38:07,663 - INFO - 2. bbj: cos=0.6005
2025-12-15 10:38:07,663 - INFO - 3. xho: cos=0.6998
2025-12-15 10:38:07,663 - INFO - 4. bam: cos=0.7159
2025-12-15 10:38:07,663 - INFO - 5. fon: cos=0.7239
2025-12-15 10:38:07,664 - INFO - Experiment finished successfully.
