2025-08-27 09:46:21,825 - INFO - Start: model_type=xlmr, use_cls=True, use_context=False, context_window=0, max_tokens_per_type=300, batch_size=64, output_dir=rq2_train_scripts/Embeddings/CLEAN/outputs/salt/xlmr/config_1_clstrue_ctxfalse/tokens_300_ctx0/core, save_prototypes=False, seed=42, fp16=True, max_length=96, langs=all, layers=all, span_mode=bio, pool=mean, entity_tags={'PER', 'LOC', 'DATE', 'ORG'}, title_suffix='L=all, tokens=300, ctx=0, cls=true, fp16=true'
2025-08-27 09:46:23,999 - INFO - Processing run
2025-08-27 09:46:24,406 - INFO - Processing bam
2025-08-27 09:46:24,464 - INFO - Processing bbj
2025-08-27 09:46:24,519 - INFO - Processing ewe
2025-08-27 09:46:24,561 - INFO - Processing fon
2025-08-27 09:46:24,609 - INFO - Processing hau
2025-08-27 09:46:24,678 - INFO - Processing ibo
2025-08-27 09:46:24,761 - INFO - Processing kin
2025-08-27 09:46:24,827 - INFO - Processing lug
2025-08-27 09:46:24,874 - INFO - Processing luo
2025-08-27 09:46:24,937 - INFO - Processing mos
2025-08-27 09:46:24,994 - INFO - Processing nya
2025-08-27 09:46:25,058 - INFO - Processing pcm
2025-08-27 09:46:25,113 - INFO - Processing sna
2025-08-27 09:46:25,170 - INFO - Processing swa
2025-08-27 09:46:25,235 - INFO - Processing tsn
2025-08-27 09:46:25,281 - INFO - Processing twi
2025-08-27 09:46:25,339 - INFO - Processing wol
2025-08-27 09:46:25,397 - INFO - Processing xho
2025-08-27 09:46:25,440 - INFO - Processing yor
2025-08-27 09:46:25,521 - INFO - Processing zul
2025-08-27 09:46:26,025 - INFO - === Layer 1 (xlmr) — Top 5 (cosine) ===
2025-08-27 09:46:26,025 - INFO - 1. kin: cos=0.9999
2025-08-27 09:46:26,025 - INFO - 2. twi: cos=0.9999
2025-08-27 09:46:26,025 - INFO - 3. luo: cos=0.9999
2025-08-27 09:46:26,025 - INFO - 4. ewe: cos=0.9998
2025-08-27 09:46:26,026 - INFO - 5. nya: cos=0.9998
2025-08-27 09:46:26,026 - INFO - === Layer 1 (xlmr) — Worst 5 (cosine) ===
2025-08-27 09:46:26,026 - INFO - 1. pcm: cos=0.9994
2025-08-27 09:46:26,026 - INFO - 2. hau: cos=0.9994
2025-08-27 09:46:26,026 - INFO - 3. fon: cos=0.9995
2025-08-27 09:46:26,026 - INFO - 4. bbj: cos=0.9995
2025-08-27 09:46:26,026 - INFO - 5. bam: cos=0.9995
2025-08-27 09:46:26,154 - INFO - === Layer 2 (xlmr) — Top 5 (cosine) ===
2025-08-27 09:46:26,154 - INFO - 1. kin: cos=1.0000
2025-08-27 09:46:26,154 - INFO - 2. twi: cos=1.0000
2025-08-27 09:46:26,154 - INFO - 3. luo: cos=1.0000
2025-08-27 09:46:26,154 - INFO - 4. ewe: cos=1.0000
2025-08-27 09:46:26,154 - INFO - 5. nya: cos=1.0000
2025-08-27 09:46:26,154 - INFO - === Layer 2 (xlmr) — Worst 5 (cosine) ===
2025-08-27 09:46:26,154 - INFO - 1. pcm: cos=0.9999
2025-08-27 09:46:26,154 - INFO - 2. swa: cos=0.9999
2025-08-27 09:46:26,154 - INFO - 3. hau: cos=0.9999
2025-08-27 09:46:26,154 - INFO - 4. bbj: cos=0.9999
2025-08-27 09:46:26,154 - INFO - 5. sna: cos=0.9999
2025-08-27 09:46:26,284 - INFO - === Layer 3 (xlmr) — Top 5 (cosine) ===
2025-08-27 09:46:26,284 - INFO - 1. twi: cos=1.0000
2025-08-27 09:46:26,284 - INFO - 2. kin: cos=1.0000
2025-08-27 09:46:26,284 - INFO - 3. luo: cos=1.0000
2025-08-27 09:46:26,284 - INFO - 4. ibo: cos=1.0000
2025-08-27 09:46:26,284 - INFO - 5. zul: cos=1.0000
2025-08-27 09:46:26,284 - INFO - === Layer 3 (xlmr) — Worst 5 (cosine) ===
2025-08-27 09:46:26,284 - INFO - 1. pcm: cos=1.0000
2025-08-27 09:46:26,284 - INFO - 2. swa: cos=1.0000
2025-08-27 09:46:26,284 - INFO - 3. sna: cos=1.0000
2025-08-27 09:46:26,284 - INFO - 4. nya: cos=1.0000
2025-08-27 09:46:26,284 - INFO - 5. bbj: cos=1.0000
2025-08-27 09:46:26,412 - INFO - === Layer 4 (xlmr) — Top 5 (cosine) ===
2025-08-27 09:46:26,412 - INFO - 1. kin: cos=1.0000
2025-08-27 09:46:26,412 - INFO - 2. twi: cos=1.0000
2025-08-27 09:46:26,412 - INFO - 3. luo: cos=1.0000
2025-08-27 09:46:26,412 - INFO - 4. bbj: cos=1.0000
2025-08-27 09:46:26,412 - INFO - 5. tsn: cos=1.0000
2025-08-27 09:46:26,412 - INFO - === Layer 4 (xlmr) — Worst 5 (cosine) ===
2025-08-27 09:46:26,412 - INFO - 1. pcm: cos=1.0000
2025-08-27 09:46:26,412 - INFO - 2. bam: cos=1.0000
2025-08-27 09:46:26,412 - INFO - 3. yor: cos=1.0000
2025-08-27 09:46:26,412 - INFO - 4. hau: cos=1.0000
2025-08-27 09:46:26,412 - INFO - 5. nya: cos=1.0000
2025-08-27 09:46:26,538 - INFO - === Layer 5 (xlmr) — Top 5 (cosine) ===
2025-08-27 09:46:26,538 - INFO - 1. twi: cos=1.0000
2025-08-27 09:46:26,538 - INFO - 2. luo: cos=1.0000
2025-08-27 09:46:26,539 - INFO - 3. tsn: cos=1.0000
2025-08-27 09:46:26,539 - INFO - 4. kin: cos=1.0000
2025-08-27 09:46:26,539 - INFO - 5. ewe: cos=1.0000
2025-08-27 09:46:26,539 - INFO - === Layer 5 (xlmr) — Worst 5 (cosine) ===
2025-08-27 09:46:26,539 - INFO - 1. pcm: cos=1.0000
2025-08-27 09:46:26,539 - INFO - 2. hau: cos=1.0000
2025-08-27 09:46:26,539 - INFO - 3. swa: cos=1.0000
2025-08-27 09:46:26,539 - INFO - 4. xho: cos=1.0000
2025-08-27 09:46:26,539 - INFO - 5. wol: cos=1.0000
2025-08-27 09:46:26,665 - INFO - === Layer 6 (xlmr) — Top 5 (cosine) ===
2025-08-27 09:46:26,665 - INFO - 1. twi: cos=1.0000
2025-08-27 09:46:26,665 - INFO - 2. kin: cos=1.0000
2025-08-27 09:46:26,665 - INFO - 3. luo: cos=1.0000
2025-08-27 09:46:26,665 - INFO - 4. tsn: cos=1.0000
2025-08-27 09:46:26,665 - INFO - 5. zul: cos=1.0000
2025-08-27 09:46:26,665 - INFO - === Layer 6 (xlmr) — Worst 5 (cosine) ===
2025-08-27 09:46:26,665 - INFO - 1. yor: cos=1.0000
2025-08-27 09:46:26,665 - INFO - 2. hau: cos=1.0000
2025-08-27 09:46:26,665 - INFO - 3. pcm: cos=1.0000
2025-08-27 09:46:26,665 - INFO - 4. swa: cos=1.0000
2025-08-27 09:46:26,665 - INFO - 5. xho: cos=1.0000
2025-08-27 09:46:26,793 - INFO - === Layer 7 (xlmr) — Top 5 (cosine) ===
2025-08-27 09:46:26,793 - INFO - 1. twi: cos=1.0000
2025-08-27 09:46:26,793 - INFO - 2. kin: cos=1.0000
2025-08-27 09:46:26,793 - INFO - 3. fon: cos=1.0000
2025-08-27 09:46:26,793 - INFO - 4. bbj: cos=1.0000
2025-08-27 09:46:26,793 - INFO - 5. swa: cos=1.0000
2025-08-27 09:46:26,793 - INFO - === Layer 7 (xlmr) — Worst 5 (cosine) ===
2025-08-27 09:46:26,793 - INFO - 1. pcm: cos=1.0000
2025-08-27 09:46:26,793 - INFO - 2. hau: cos=1.0000
2025-08-27 09:46:26,793 - INFO - 3. zul: cos=1.0000
2025-08-27 09:46:26,793 - INFO - 4. sna: cos=1.0000
2025-08-27 09:46:26,793 - INFO - 5. nya: cos=1.0000
2025-08-27 09:46:26,998 - INFO - === Layer 8 (xlmr) — Top 5 (cosine) ===
2025-08-27 09:46:26,998 - INFO - 1. ewe: cos=1.0000
2025-08-27 09:46:26,998 - INFO - 2. tsn: cos=1.0000
2025-08-27 09:46:26,998 - INFO - 3. luo: cos=1.0000
2025-08-27 09:46:26,998 - INFO - 4. zul: cos=1.0000
2025-08-27 09:46:26,998 - INFO - 5. bam: cos=1.0000
2025-08-27 09:46:26,998 - INFO - === Layer 8 (xlmr) — Worst 5 (cosine) ===
2025-08-27 09:46:26,998 - INFO - 1. pcm: cos=0.9999
2025-08-27 09:46:26,998 - INFO - 2. fon: cos=0.9999
2025-08-27 09:46:26,998 - INFO - 3. hau: cos=0.9999
2025-08-27 09:46:26,998 - INFO - 4. bbj: cos=1.0000
2025-08-27 09:46:26,998 - INFO - 5. xho: cos=1.0000
2025-08-27 09:46:27,131 - INFO - === Layer 9 (xlmr) — Top 5 (cosine) ===
2025-08-27 09:46:27,131 - INFO - 1. mos: cos=1.0000
2025-08-27 09:46:27,131 - INFO - 2. zul: cos=1.0000
2025-08-27 09:46:27,131 - INFO - 3. ewe: cos=1.0000
2025-08-27 09:46:27,131 - INFO - 4. luo: cos=1.0000
2025-08-27 09:46:27,131 - INFO - 5. swa: cos=1.0000
2025-08-27 09:46:27,131 - INFO - === Layer 9 (xlmr) — Worst 5 (cosine) ===
2025-08-27 09:46:27,131 - INFO - 1. pcm: cos=1.0000
2025-08-27 09:46:27,131 - INFO - 2. hau: cos=1.0000
2025-08-27 09:46:27,131 - INFO - 3. fon: cos=1.0000
2025-08-27 09:46:27,131 - INFO - 4. sna: cos=1.0000
2025-08-27 09:46:27,131 - INFO - 5. bbj: cos=1.0000
2025-08-27 09:46:27,260 - INFO - === Layer 10 (xlmr) — Top 5 (cosine) ===
2025-08-27 09:46:27,260 - INFO - 1. zul: cos=1.0000
2025-08-27 09:46:27,260 - INFO - 2. ewe: cos=1.0000
2025-08-27 09:46:27,260 - INFO - 3. luo: cos=1.0000
2025-08-27 09:46:27,260 - INFO - 4. kin: cos=1.0000
2025-08-27 09:46:27,260 - INFO - 5. nya: cos=1.0000
2025-08-27 09:46:27,260 - INFO - === Layer 10 (xlmr) — Worst 5 (cosine) ===
2025-08-27 09:46:27,260 - INFO - 1. pcm: cos=1.0000
2025-08-27 09:46:27,260 - INFO - 2. yor: cos=1.0000
2025-08-27 09:46:27,260 - INFO - 3. ibo: cos=1.0000
2025-08-27 09:46:27,261 - INFO - 4. fon: cos=1.0000
2025-08-27 09:46:27,261 - INFO - 5. xho: cos=1.0000
2025-08-27 09:46:27,412 - INFO - === Layer 11 (xlmr) — Top 5 (cosine) ===
2025-08-27 09:46:27,412 - INFO - 1. tsn: cos=1.0000
2025-08-27 09:46:27,412 - INFO - 2. zul: cos=1.0000
2025-08-27 09:46:27,412 - INFO - 3. hau: cos=1.0000
2025-08-27 09:46:27,412 - INFO - 4. pcm: cos=1.0000
2025-08-27 09:46:27,412 - INFO - 5. ibo: cos=1.0000
2025-08-27 09:46:27,412 - INFO - === Layer 11 (xlmr) — Worst 5 (cosine) ===
2025-08-27 09:46:27,412 - INFO - 1. luo: cos=0.9999
2025-08-27 09:46:27,412 - INFO - 2. bam: cos=0.9999
2025-08-27 09:46:27,412 - INFO - 3. bbj: cos=0.9999
2025-08-27 09:46:27,412 - INFO - 4. xho: cos=1.0000
2025-08-27 09:46:27,412 - INFO - 5. mos: cos=1.0000
2025-08-27 09:46:27,540 - INFO - === Layer 12 (xlmr) — Top 5 (cosine) ===
2025-08-27 09:46:27,540 - INFO - 1. kin: cos=0.9999
2025-08-27 09:46:27,540 - INFO - 2. nya: cos=0.9999
2025-08-27 09:46:27,540 - INFO - 3. wol: cos=0.9999
2025-08-27 09:46:27,540 - INFO - 4. ewe: cos=0.9999
2025-08-27 09:46:27,540 - INFO - 5. tsn: cos=0.9999
2025-08-27 09:46:27,540 - INFO - === Layer 12 (xlmr) — Worst 5 (cosine) ===
2025-08-27 09:46:27,540 - INFO - 1. fon: cos=0.9982
2025-08-27 09:46:27,540 - INFO - 2. hau: cos=0.9987
2025-08-27 09:46:27,540 - INFO - 3. pcm: cos=0.9989
2025-08-27 09:46:27,540 - INFO - 4. twi: cos=0.9995
2025-08-27 09:46:27,540 - INFO - 5. ibo: cos=0.9996
2025-08-27 09:46:27,541 - INFO - Experiment finished successfully.
