2025-08-24 10:16:20,385 - INFO - Start: model_type=xlmr, run_both=False, use_cls=True, use_context=False, context_window=2, max_tokens_per_type=200, batch_size=32, seed=1, num_middle_layers=3, output_dir=rq2_train_scripts/Embeddings/EXTENDED/outputs/salt_extended/xlmr/config_1_clstrue_ctxfalse_hybfalse/tokens_200_ctx2
2025-08-24 10:16:20,920 - INFO - xlmr: selected layer indices (hidden_states) = [2, 3, 10, 12]
2025-08-24 10:16:22,709 - INFO - Processing run
2025-08-24 10:16:23,184 - INFO - Processing bam
2025-08-24 10:16:23,323 - INFO - Processing bbj
2025-08-24 10:16:23,465 - INFO - Processing ewe
2025-08-24 10:16:23,608 - INFO - Processing fon
2025-08-24 10:16:23,765 - INFO - Processing hau
2025-08-24 10:16:23,891 - INFO - Processing ibo
2025-08-24 10:16:24,069 - INFO - Processing kin
2025-08-24 10:16:24,210 - INFO - Processing lug
2025-08-24 10:16:24,330 - INFO - Processing luo
2025-08-24 10:16:24,488 - INFO - Processing mos
2025-08-24 10:16:24,631 - INFO - Processing nya
2025-08-24 10:16:24,799 - INFO - Processing pcm
2025-08-24 10:16:24,930 - INFO - Processing sna
2025-08-24 10:16:25,082 - INFO - Processing swa
2025-08-24 10:16:25,214 - INFO - Processing tsn
2025-08-24 10:16:25,355 - INFO - Processing twi
2025-08-24 10:16:25,501 - INFO - Processing wol
2025-08-24 10:16:25,650 - INFO - Processing xho
2025-08-24 10:16:25,797 - INFO - Processing yor
2025-08-24 10:16:25,973 - INFO - Processing zul
2025-08-24 10:16:26,458 - INFO - Layer 2 (xlmr) — Top 5
2025-08-24 10:16:26,459 - INFO - 1. kin: r=1.0000
2025-08-24 10:16:26,459 - INFO - 2. twi: r=1.0000
2025-08-24 10:16:26,459 - INFO - 3. luo: r=1.0000
2025-08-24 10:16:26,459 - INFO - 4. ewe: r=1.0000
2025-08-24 10:16:26,459 - INFO - 5. nya: r=1.0000
2025-08-24 10:16:26,459 - INFO - Layer 2 (xlmr) — Worst 5
2025-08-24 10:16:26,459 - INFO - 1. fon: r=0.9999
2025-08-24 10:16:26,459 - INFO - 2. bam: r=0.9999
2025-08-24 10:16:26,459 - INFO - 3. bbj: r=0.9999
2025-08-24 10:16:26,459 - INFO - 4. hau: r=1.0000
2025-08-24 10:16:26,459 - INFO - 5. pcm: r=1.0000
2025-08-24 10:16:26,580 - INFO - Layer 3 (xlmr) — Top 5
2025-08-24 10:16:26,580 - INFO - 1. kin: r=1.0000
2025-08-24 10:16:26,580 - INFO - 2. twi: r=1.0000
2025-08-24 10:16:26,580 - INFO - 3. ewe: r=1.0000
2025-08-24 10:16:26,580 - INFO - 4. tsn: r=1.0000
2025-08-24 10:16:26,580 - INFO - 5. zul: r=1.0000
2025-08-24 10:16:26,580 - INFO - Layer 3 (xlmr) — Worst 5
2025-08-24 10:16:26,580 - INFO - 1. bbj: r=1.0000
2025-08-24 10:16:26,580 - INFO - 2. fon: r=1.0000
2025-08-24 10:16:26,580 - INFO - 3. pcm: r=1.0000
2025-08-24 10:16:26,580 - INFO - 4. bam: r=1.0000
2025-08-24 10:16:26,580 - INFO - 5. swa: r=1.0000
2025-08-24 10:16:26,702 - INFO - Layer 10 (xlmr) — Top 5
2025-08-24 10:16:26,702 - INFO - 1. kin: r=1.0000
2025-08-24 10:16:26,702 - INFO - 2. swa: r=1.0000
2025-08-24 10:16:26,702 - INFO - 3. tsn: r=1.0000
2025-08-24 10:16:26,702 - INFO - 4. zul: r=1.0000
2025-08-24 10:16:26,702 - INFO - 5. twi: r=1.0000
2025-08-24 10:16:26,702 - INFO - Layer 10 (xlmr) — Worst 5
2025-08-24 10:16:26,702 - INFO - 1. fon: r=1.0000
2025-08-24 10:16:26,702 - INFO - 2. pcm: r=1.0000
2025-08-24 10:16:26,702 - INFO - 3. hau: r=1.0000
2025-08-24 10:16:26,702 - INFO - 4. xho: r=1.0000
2025-08-24 10:16:26,702 - INFO - 5. ibo: r=1.0000
2025-08-24 10:16:26,822 - INFO - Layer 12 (xlmr) — Top 5
2025-08-24 10:16:26,822 - INFO - 1. lug: r=0.9999
2025-08-24 10:16:26,822 - INFO - 2. nya: r=0.9999
2025-08-24 10:16:26,822 - INFO - 3. mos: r=0.9999
2025-08-24 10:16:26,822 - INFO - 4. luo: r=0.9999
2025-08-24 10:16:26,822 - INFO - 5. twi: r=0.9998
2025-08-24 10:16:26,822 - INFO - Layer 12 (xlmr) — Worst 5
2025-08-24 10:16:26,822 - INFO - 1. hau: r=0.9965
2025-08-24 10:16:26,822 - INFO - 2. fon: r=0.9993
2025-08-24 10:16:26,822 - INFO - 3. pcm: r=0.9996
2025-08-24 10:16:26,822 - INFO - 4. yor: r=0.9998
2025-08-24 10:16:26,822 - INFO - 5. ibo: r=0.9998
2025-08-24 10:16:26,823 - INFO - Experiment finished successfully.
