2025-12-16 12:07:06,398 - INFO - === Layer 1 (mbert) — Top 5 (lowest SWD) ===
2025-12-16 12:07:06,398 - INFO - 1. kin: swd=0.013546
2025-12-16 12:07:06,398 - INFO - 2. luo: swd=0.013965
2025-12-16 12:07:06,398 - INFO - 3. ibo: swd=0.014060
2025-12-16 12:07:06,398 - INFO - 4. twi: swd=0.014199
2025-12-16 12:07:06,398 - INFO - 5. zul: swd=0.014405
2025-12-16 12:07:06,398 - INFO - === Layer 1 (mbert) — Worst 5 (highest SWD) ===
2025-12-16 12:07:06,398 - INFO - 1. yor: swd=0.019282
2025-12-16 12:07:06,398 - INFO - 2. bbj: swd=0.018223
2025-12-16 12:07:06,398 - INFO - 3. ewe: swd=0.017030
2025-12-16 12:07:06,398 - INFO - 4. fon: swd=0.016843
2025-12-16 12:07:06,398 - INFO - 5. bam: swd=0.016712
2025-12-16 12:07:06,523 - INFO - === Layer 2 (mbert) — Top 5 (lowest SWD) ===
2025-12-16 12:07:06,523 - INFO - 1. kin: swd=0.012628
2025-12-16 12:07:06,523 - INFO - 2. twi: swd=0.013134
2025-12-16 12:07:06,523 - INFO - 3. nya: swd=0.013834
2025-12-16 12:07:06,523 - INFO - 4. luo: swd=0.014150
2025-12-16 12:07:06,524 - INFO - 5. tsn: swd=0.014169
2025-12-16 12:07:06,524 - INFO - === Layer 2 (mbert) — Worst 5 (highest SWD) ===
2025-12-16 12:07:06,524 - INFO - 1. yor: swd=0.019388
2025-12-16 12:07:06,524 - INFO - 2. bbj: swd=0.017884
2025-12-16 12:07:06,524 - INFO - 3. bam: swd=0.017154
2025-12-16 12:07:06,524 - INFO - 4. mos: swd=0.017152
2025-12-16 12:07:06,524 - INFO - 5. xho: swd=0.016894
2025-12-16 12:07:06,648 - INFO - === Layer 3 (mbert) — Top 5 (lowest SWD) ===
2025-12-16 12:07:06,648 - INFO - 1. kin: swd=0.012306
2025-12-16 12:07:06,648 - INFO - 2. lug: swd=0.012396
2025-12-16 12:07:06,648 - INFO - 3. luo: swd=0.012541
2025-12-16 12:07:06,648 - INFO - 4. twi: swd=0.012821
2025-12-16 12:07:06,648 - INFO - 5. zul: swd=0.012842
2025-12-16 12:07:06,648 - INFO - === Layer 3 (mbert) — Worst 5 (highest SWD) ===
2025-12-16 12:07:06,648 - INFO - 1. yor: swd=0.017178
2025-12-16 12:07:06,648 - INFO - 2. ewe: swd=0.016521
2025-12-16 12:07:06,648 - INFO - 3. xho: swd=0.016078
2025-12-16 12:07:06,648 - INFO - 4. bbj: swd=0.015752
2025-12-16 12:07:06,648 - INFO - 5. pcm: swd=0.015589
2025-12-16 12:07:06,773 - INFO - === Layer 4 (mbert) — Top 5 (lowest SWD) ===
2025-12-16 12:07:06,773 - INFO - 1. lug: swd=0.010926
2025-12-16 12:07:06,773 - INFO - 2. tsn: swd=0.011321
2025-12-16 12:07:06,773 - INFO - 3. twi: swd=0.011451
2025-12-16 12:07:06,773 - INFO - 4. sna: swd=0.012268
2025-12-16 12:07:06,773 - INFO - 5. ibo: swd=0.012465
2025-12-16 12:07:06,773 - INFO - === Layer 4 (mbert) — Worst 5 (highest SWD) ===
2025-12-16 12:07:06,773 - INFO - 1. yor: swd=0.016939
2025-12-16 12:07:06,773 - INFO - 2. xho: swd=0.014761
2025-12-16 12:07:06,773 - INFO - 3. bbj: swd=0.014527
2025-12-16 12:07:06,773 - INFO - 4. ewe: swd=0.014043
2025-12-16 12:07:06,773 - INFO - 5. bam: swd=0.013763
2025-12-16 12:07:06,959 - INFO - === Layer 5 (mbert) — Top 5 (lowest SWD) ===
2025-12-16 12:07:06,959 - INFO - 1. lug: swd=0.010304
2025-12-16 12:07:06,959 - INFO - 2. twi: swd=0.011310
2025-12-16 12:07:06,959 - INFO - 3. nya: swd=0.011338
2025-12-16 12:07:06,959 - INFO - 4. swa: swd=0.011445
2025-12-16 12:07:06,959 - INFO - 5. tsn: swd=0.011594
2025-12-16 12:07:06,959 - INFO - === Layer 5 (mbert) — Worst 5 (highest SWD) ===
2025-12-16 12:07:06,959 - INFO - 1. yor: swd=0.015433
2025-12-16 12:07:06,959 - INFO - 2. xho: swd=0.014612
2025-12-16 12:07:06,959 - INFO - 3. sna: swd=0.013786
2025-12-16 12:07:06,959 - INFO - 4. bbj: swd=0.013561
2025-12-16 12:07:06,959 - INFO - 5. fon: swd=0.013332
2025-12-16 12:07:07,083 - INFO - === Layer 6 (mbert) — Top 5 (lowest SWD) ===
2025-12-16 12:07:07,083 - INFO - 1. lug: swd=0.009120
2025-12-16 12:07:07,083 - INFO - 2. twi: swd=0.009453
2025-12-16 12:07:07,083 - INFO - 3. pcm: swd=0.010197
2025-12-16 12:07:07,083 - INFO - 4. ewe: swd=0.010259
2025-12-16 12:07:07,083 - INFO - 5. tsn: swd=0.010307
2025-12-16 12:07:07,083 - INFO - === Layer 6 (mbert) — Worst 5 (highest SWD) ===
2025-12-16 12:07:07,083 - INFO - 1. yor: swd=0.013836
2025-12-16 12:07:07,083 - INFO - 2. xho: swd=0.013042
2025-12-16 12:07:07,083 - INFO - 3. bam: swd=0.012689
2025-12-16 12:07:07,083 - INFO - 4. mos: swd=0.012334
2025-12-16 12:07:07,083 - INFO - 5. hau: swd=0.011901
2025-12-16 12:07:07,205 - INFO - === Layer 7 (mbert) — Top 5 (lowest SWD) ===
2025-12-16 12:07:07,205 - INFO - 1. lug: swd=0.010880
2025-12-16 12:07:07,205 - INFO - 2. twi: swd=0.011059
2025-12-16 12:07:07,205 - INFO - 3. pcm: swd=0.011562
2025-12-16 12:07:07,205 - INFO - 4. nya: swd=0.011958
2025-12-16 12:07:07,205 - INFO - 5. kin: swd=0.012263
2025-12-16 12:07:07,205 - INFO - === Layer 7 (mbert) — Worst 5 (highest SWD) ===
2025-12-16 12:07:07,205 - INFO - 1. yor: swd=0.017781
2025-12-16 12:07:07,205 - INFO - 2. bam: swd=0.015765
2025-12-16 12:07:07,205 - INFO - 3. xho: swd=0.014613
2025-12-16 12:07:07,205 - INFO - 4. sna: swd=0.014275
2025-12-16 12:07:07,205 - INFO - 5. tsn: swd=0.014018
2025-12-16 12:07:07,328 - INFO - === Layer 8 (mbert) — Top 5 (lowest SWD) ===
2025-12-16 12:07:07,328 - INFO - 1. lug: swd=0.011061
2025-12-16 12:07:07,328 - INFO - 2. twi: swd=0.011367
2025-12-16 12:07:07,328 - INFO - 3. swa: swd=0.011805
2025-12-16 12:07:07,328 - INFO - 4. ewe: swd=0.011873
2025-12-16 12:07:07,328 - INFO - 5. hau: swd=0.011929
2025-12-16 12:07:07,328 - INFO - === Layer 8 (mbert) — Worst 5 (highest SWD) ===
2025-12-16 12:07:07,328 - INFO - 1. yor: swd=0.017937
2025-12-16 12:07:07,328 - INFO - 2. bam: swd=0.017407
2025-12-16 12:07:07,328 - INFO - 3. bbj: swd=0.016476
2025-12-16 12:07:07,328 - INFO - 4. xho: swd=0.016096
2025-12-16 12:07:07,328 - INFO - 5. tsn: swd=0.014345
2025-12-16 12:07:07,453 - INFO - === Layer 9 (mbert) — Top 5 (lowest SWD) ===
2025-12-16 12:07:07,453 - INFO - 1. twi: swd=0.009246
2025-12-16 12:07:07,453 - INFO - 2. luo: swd=0.010290
2025-12-16 12:07:07,453 - INFO - 3. ewe: swd=0.010587
2025-12-16 12:07:07,453 - INFO - 4. mos: swd=0.010618
2025-12-16 12:07:07,453 - INFO - 5. wol: swd=0.010829
2025-12-16 12:07:07,453 - INFO - === Layer 9 (mbert) — Worst 5 (highest SWD) ===
2025-12-16 12:07:07,453 - INFO - 1. bam: swd=0.015544
2025-12-16 12:07:07,453 - INFO - 2. yor: swd=0.015265
2025-12-16 12:07:07,453 - INFO - 3. xho: swd=0.014458
2025-12-16 12:07:07,453 - INFO - 4. zul: swd=0.014335
2025-12-16 12:07:07,453 - INFO - 5. ibo: swd=0.013065
2025-12-16 12:07:07,576 - INFO - === Layer 10 (mbert) — Top 5 (lowest SWD) ===
2025-12-16 12:07:07,576 - INFO - 1. hau: swd=0.007473
2025-12-16 12:07:07,576 - INFO - 2. twi: swd=0.009080
2025-12-16 12:07:07,576 - INFO - 3. luo: swd=0.009112
2025-12-16 12:07:07,576 - INFO - 4. ewe: swd=0.009379
2025-12-16 12:07:07,576 - INFO - 5. mos: swd=0.009657
2025-12-16 12:07:07,576 - INFO - === Layer 10 (mbert) — Worst 5 (highest SWD) ===
2025-12-16 12:07:07,576 - INFO - 1. yor: swd=0.014137
2025-12-16 12:07:07,576 - INFO - 2. zul: swd=0.013545
2025-12-16 12:07:07,576 - INFO - 3. kin: swd=0.013440
2025-12-16 12:07:07,576 - INFO - 4. xho: swd=0.013422
2025-12-16 12:07:07,576 - INFO - 5. bbj: swd=0.013120
2025-12-16 12:07:07,699 - INFO - === Layer 11 (mbert) — Top 5 (lowest SWD) ===
2025-12-16 12:07:07,699 - INFO - 1. hau: swd=0.008185
2025-12-16 12:07:07,699 - INFO - 2. swa: swd=0.008580
2025-12-16 12:07:07,699 - INFO - 3. twi: swd=0.008849
2025-12-16 12:07:07,699 - INFO - 4. luo: swd=0.009546
2025-12-16 12:07:07,699 - INFO - 5. nya: swd=0.009663
2025-12-16 12:07:07,699 - INFO - === Layer 11 (mbert) — Worst 5 (highest SWD) ===
2025-12-16 12:07:07,699 - INFO - 1. yor: swd=0.014238
2025-12-16 12:07:07,699 - INFO - 2. zul: swd=0.013467
2025-12-16 12:07:07,699 - INFO - 3. xho: swd=0.013026
2025-12-16 12:07:07,699 - INFO - 4. bbj: swd=0.012724
2025-12-16 12:07:07,699 - INFO - 5. ibo: swd=0.012087
2025-12-16 12:07:07,821 - INFO - === Layer 12 (mbert) — Top 5 (lowest SWD) ===
2025-12-16 12:07:07,821 - INFO - 1. bbj: swd=0.017034
2025-12-16 12:07:07,821 - INFO - 2. wol: swd=0.017473
2025-12-16 12:07:07,821 - INFO - 3. nya: swd=0.018261
2025-12-16 12:07:07,821 - INFO - 4. ibo: swd=0.019524
2025-12-16 12:07:07,821 - INFO - 5. kin: swd=0.019884
2025-12-16 12:07:07,821 - INFO - === Layer 12 (mbert) — Worst 5 (highest SWD) ===
2025-12-16 12:07:07,821 - INFO - 1. xho: swd=0.028682
2025-12-16 12:07:07,821 - INFO - 2. fon: swd=0.028038
2025-12-16 12:07:07,821 - INFO - 3. hau: swd=0.026081
2025-12-16 12:07:07,821 - INFO - 4. twi: swd=0.025751
2025-12-16 12:07:07,821 - INFO - 5. sna: swd=0.025730
2025-12-16 12:07:07,821 - INFO - SWD experiment finished successfully.
