2025-12-16 12:06:02,844 - INFO - === Layer 1 (afroxlmr) — Top 5 (lowest SWD) ===
2025-12-16 12:06:02,844 - INFO - 1. kin: swd=0.008552
2025-12-16 12:06:02,844 - INFO - 2. zul: swd=0.009211
2025-12-16 12:06:02,844 - INFO - 3. luo: swd=0.009360
2025-12-16 12:06:02,844 - INFO - 4. lug: swd=0.009429
2025-12-16 12:06:02,844 - INFO - 5. wol: swd=0.009634
2025-12-16 12:06:02,844 - INFO - === Layer 1 (afroxlmr) — Worst 5 (highest SWD) ===
2025-12-16 12:06:02,844 - INFO - 1. yor: swd=0.012315
2025-12-16 12:06:02,844 - INFO - 2. mos: swd=0.012273
2025-12-16 12:06:02,844 - INFO - 3. fon: swd=0.012032
2025-12-16 12:06:02,844 - INFO - 4. hau: swd=0.012009
2025-12-16 12:06:02,844 - INFO - 5. bam: swd=0.012000
2025-12-16 12:06:02,969 - INFO - === Layer 2 (afroxlmr) — Top 5 (lowest SWD) ===
2025-12-16 12:06:02,969 - INFO - 1. kin: swd=0.006017
2025-12-16 12:06:02,969 - INFO - 2. twi: swd=0.006392
2025-12-16 12:06:02,969 - INFO - 3. ibo: swd=0.006528
2025-12-16 12:06:02,969 - INFO - 4. luo: swd=0.006580
2025-12-16 12:06:02,969 - INFO - 5. lug: swd=0.006590
2025-12-16 12:06:02,969 - INFO - === Layer 2 (afroxlmr) — Worst 5 (highest SWD) ===
2025-12-16 12:06:02,969 - INFO - 1. hau: swd=0.008333
2025-12-16 12:06:02,969 - INFO - 2. bam: swd=0.008129
2025-12-16 12:06:02,969 - INFO - 3. yor: swd=0.007941
2025-12-16 12:06:02,969 - INFO - 4. bbj: swd=0.007720
2025-12-16 12:06:02,969 - INFO - 5. fon: swd=0.007702
2025-12-16 12:06:03,095 - INFO - === Layer 3 (afroxlmr) — Top 5 (lowest SWD) ===
2025-12-16 12:06:03,095 - INFO - 1. kin: swd=0.005592
2025-12-16 12:06:03,095 - INFO - 2. twi: swd=0.005655
2025-12-16 12:06:03,095 - INFO - 3. lug: swd=0.005733
2025-12-16 12:06:03,095 - INFO - 4. ibo: swd=0.005922
2025-12-16 12:06:03,095 - INFO - 5. nya: swd=0.006021
2025-12-16 12:06:03,095 - INFO - === Layer 3 (afroxlmr) — Worst 5 (highest SWD) ===
2025-12-16 12:06:03,095 - INFO - 1. hau: swd=0.007958
2025-12-16 12:06:03,095 - INFO - 2. bam: swd=0.007289
2025-12-16 12:06:03,095 - INFO - 3. yor: swd=0.007276
2025-12-16 12:06:03,095 - INFO - 4. fon: swd=0.007180
2025-12-16 12:06:03,095 - INFO - 5. mos: swd=0.007102
2025-12-16 12:06:03,221 - INFO - === Layer 4 (afroxlmr) — Top 5 (lowest SWD) ===
2025-12-16 12:06:03,221 - INFO - 1. twi: swd=0.006247
2025-12-16 12:06:03,222 - INFO - 2. lug: swd=0.006324
2025-12-16 12:06:03,222 - INFO - 3. ibo: swd=0.006575
2025-12-16 12:06:03,222 - INFO - 4. luo: swd=0.006575
2025-12-16 12:06:03,222 - INFO - 5. kin: swd=0.006698
2025-12-16 12:06:03,222 - INFO - === Layer 4 (afroxlmr) — Worst 5 (highest SWD) ===
2025-12-16 12:06:03,222 - INFO - 1. fon: swd=0.008157
2025-12-16 12:06:03,222 - INFO - 2. bam: swd=0.008069
2025-12-16 12:06:03,222 - INFO - 3. hau: swd=0.008001
2025-12-16 12:06:03,222 - INFO - 4. bbj: swd=0.007936
2025-12-16 12:06:03,222 - INFO - 5. yor: swd=0.007793
2025-12-16 12:06:03,348 - INFO - === Layer 5 (afroxlmr) — Top 5 (lowest SWD) ===
2025-12-16 12:06:03,348 - INFO - 1. twi: swd=0.006138
2025-12-16 12:06:03,348 - INFO - 2. kin: swd=0.006207
2025-12-16 12:06:03,348 - INFO - 3. luo: swd=0.006416
2025-12-16 12:06:03,348 - INFO - 4. tsn: swd=0.006543
2025-12-16 12:06:03,348 - INFO - 5. nya: swd=0.006618
2025-12-16 12:06:03,348 - INFO - === Layer 5 (afroxlmr) — Worst 5 (highest SWD) ===
2025-12-16 12:06:03,348 - INFO - 1. bam: swd=0.008181
2025-12-16 12:06:03,348 - INFO - 2. hau: swd=0.008108
2025-12-16 12:06:03,348 - INFO - 3. yor: swd=0.007940
2025-12-16 12:06:03,348 - INFO - 4. mos: swd=0.007789
2025-12-16 12:06:03,348 - INFO - 5. bbj: swd=0.007747
2025-12-16 12:06:03,474 - INFO - === Layer 6 (afroxlmr) — Top 5 (lowest SWD) ===
2025-12-16 12:06:03,474 - INFO - 1. twi: swd=0.005513
2025-12-16 12:06:03,474 - INFO - 2. kin: swd=0.006064
2025-12-16 12:06:03,474 - INFO - 3. luo: swd=0.006153
2025-12-16 12:06:03,474 - INFO - 4. tsn: swd=0.006199
2025-12-16 12:06:03,474 - INFO - 5. ibo: swd=0.006583
2025-12-16 12:06:03,474 - INFO - === Layer 6 (afroxlmr) — Worst 5 (highest SWD) ===
2025-12-16 12:06:03,474 - INFO - 1. hau: swd=0.007836
2025-12-16 12:06:03,474 - INFO - 2. yor: swd=0.007807
2025-12-16 12:06:03,474 - INFO - 3. mos: swd=0.007584
2025-12-16 12:06:03,474 - INFO - 4. fon: swd=0.007475
2025-12-16 12:06:03,474 - INFO - 5. pcm: swd=0.007341
2025-12-16 12:06:03,597 - INFO - === Layer 7 (afroxlmr) — Top 5 (lowest SWD) ===
2025-12-16 12:06:03,597 - INFO - 1. twi: swd=0.005203
2025-12-16 12:06:03,597 - INFO - 2. luo: swd=0.005698
2025-12-16 12:06:03,597 - INFO - 3. kin: swd=0.005751
2025-12-16 12:06:03,597 - INFO - 4. tsn: swd=0.005764
2025-12-16 12:06:03,597 - INFO - 5. lug: swd=0.005912
2025-12-16 12:06:03,597 - INFO - === Layer 7 (afroxlmr) — Worst 5 (highest SWD) ===
2025-12-16 12:06:03,598 - INFO - 1. xho: swd=0.007110
2025-12-16 12:06:03,598 - INFO - 2. yor: swd=0.007059
2025-12-16 12:06:03,598 - INFO - 3. hau: swd=0.007006
2025-12-16 12:06:03,598 - INFO - 4. swa: swd=0.006798
2025-12-16 12:06:03,598 - INFO - 5. pcm: swd=0.006738
2025-12-16 12:06:03,790 - INFO - === Layer 8 (afroxlmr) — Top 5 (lowest SWD) ===
2025-12-16 12:06:03,790 - INFO - 1. twi: swd=0.004854
2025-12-16 12:06:03,790 - INFO - 2. pcm: swd=0.005703
2025-12-16 12:06:03,790 - INFO - 3. luo: swd=0.005938
2025-12-16 12:06:03,790 - INFO - 4. kin: swd=0.006007
2025-12-16 12:06:03,790 - INFO - 5. swa: swd=0.006016
2025-12-16 12:06:03,790 - INFO - === Layer 8 (afroxlmr) — Worst 5 (highest SWD) ===
2025-12-16 12:06:03,790 - INFO - 1. yor: swd=0.007901
2025-12-16 12:06:03,790 - INFO - 2. xho: swd=0.007482
2025-12-16 12:06:03,790 - INFO - 3. bbj: swd=0.007383
2025-12-16 12:06:03,790 - INFO - 4. wol: swd=0.007292
2025-12-16 12:06:03,790 - INFO - 5. sna: swd=0.007276
2025-12-16 12:06:03,914 - INFO - === Layer 9 (afroxlmr) — Top 5 (lowest SWD) ===
2025-12-16 12:06:03,914 - INFO - 1. twi: swd=0.005069
2025-12-16 12:06:03,914 - INFO - 2. luo: swd=0.005456
2025-12-16 12:06:03,915 - INFO - 3. ewe: swd=0.005704
2025-12-16 12:06:03,915 - INFO - 4. kin: swd=0.005764
2025-12-16 12:06:03,915 - INFO - 5. tsn: swd=0.005855
2025-12-16 12:06:03,915 - INFO - === Layer 9 (afroxlmr) — Worst 5 (highest SWD) ===
2025-12-16 12:06:03,915 - INFO - 1. yor: swd=0.007988
2025-12-16 12:06:03,915 - INFO - 2. xho: swd=0.007887
2025-12-16 12:06:03,915 - INFO - 3. bam: swd=0.007501
2025-12-16 12:06:03,915 - INFO - 4. sna: swd=0.007170
2025-12-16 12:06:03,915 - INFO - 5. wol: swd=0.007148
2025-12-16 12:06:04,031 - INFO - === Layer 10 (afroxlmr) — Top 5 (lowest SWD) ===
2025-12-16 12:06:04,032 - INFO - 1. twi: swd=0.005807
2025-12-16 12:06:04,032 - INFO - 2. ewe: swd=0.006369
2025-12-16 12:06:04,032 - INFO - 3. zul: swd=0.006432
2025-12-16 12:06:04,032 - INFO - 4. tsn: swd=0.006484
2025-12-16 12:06:04,032 - INFO - 5. kin: swd=0.006591
2025-12-16 12:06:04,032 - INFO - === Layer 10 (afroxlmr) — Worst 5 (highest SWD) ===
2025-12-16 12:06:04,032 - INFO - 1. yor: swd=0.008793
2025-12-16 12:06:04,032 - INFO - 2. xho: swd=0.008305
2025-12-16 12:06:04,032 - INFO - 3. bam: swd=0.008032
2025-12-16 12:06:04,032 - INFO - 4. bbj: swd=0.007774
2025-12-16 12:06:04,032 - INFO - 5. nya: swd=0.007543
2025-12-16 12:06:04,157 - INFO - === Layer 11 (afroxlmr) — Top 5 (lowest SWD) ===
2025-12-16 12:06:04,157 - INFO - 1. twi: swd=0.005742
2025-12-16 12:06:04,157 - INFO - 2. pcm: swd=0.006189
2025-12-16 12:06:04,157 - INFO - 3. tsn: swd=0.006319
2025-12-16 12:06:04,157 - INFO - 4. ewe: swd=0.006438
2025-12-16 12:06:04,157 - INFO - 5. sna: swd=0.006554
2025-12-16 12:06:04,157 - INFO - === Layer 11 (afroxlmr) — Worst 5 (highest SWD) ===
2025-12-16 12:06:04,157 - INFO - 1. xho: swd=0.008424
2025-12-16 12:06:04,157 - INFO - 2. bam: swd=0.008048
2025-12-16 12:06:04,157 - INFO - 3. yor: swd=0.007504
2025-12-16 12:06:04,157 - INFO - 4. swa: swd=0.007392
2025-12-16 12:06:04,157 - INFO - 5. bbj: swd=0.007380
2025-12-16 12:06:04,278 - INFO - === Layer 12 (afroxlmr) — Top 5 (lowest SWD) ===
2025-12-16 12:06:04,278 - INFO - 1. twi: swd=0.006898
2025-12-16 12:06:04,278 - INFO - 2. ewe: swd=0.007199
2025-12-16 12:06:04,278 - INFO - 3. zul: swd=0.007462
2025-12-16 12:06:04,278 - INFO - 4. nya: swd=0.007655
2025-12-16 12:06:04,278 - INFO - 5. wol: swd=0.007722
2025-12-16 12:06:04,278 - INFO - === Layer 12 (afroxlmr) — Worst 5 (highest SWD) ===
2025-12-16 12:06:04,278 - INFO - 1. yor: swd=0.012646
2025-12-16 12:06:04,278 - INFO - 2. bam: swd=0.009556
2025-12-16 12:06:04,278 - INFO - 3. lug: swd=0.009254
2025-12-16 12:06:04,278 - INFO - 4. bbj: swd=0.008940
2025-12-16 12:06:04,278 - INFO - 5. xho: swd=0.008782
2025-12-16 12:06:04,279 - INFO - SWD experiment finished successfully.
