2025-12-16 12:07:26,935 - INFO - === Layer 1 (mbert) — Top 5 (lowest SWD) ===
2025-12-16 12:07:26,935 - INFO - 1. kin: swd=0.011671
2025-12-16 12:07:26,935 - INFO - 2. lug: swd=0.012219
2025-12-16 12:07:26,935 - INFO - 3. nya: swd=0.012717
2025-12-16 12:07:26,935 - INFO - 4. twi: swd=0.012807
2025-12-16 12:07:26,935 - INFO - 5. tsn: swd=0.013125
2025-12-16 12:07:26,935 - INFO - === Layer 1 (mbert) — Worst 5 (highest SWD) ===
2025-12-16 12:07:26,935 - INFO - 1. yor: swd=0.019667
2025-12-16 12:07:26,935 - INFO - 2. bbj: swd=0.018072
2025-12-16 12:07:26,935 - INFO - 3. bam: swd=0.016792
2025-12-16 12:07:26,935 - INFO - 4. mos: swd=0.016655
2025-12-16 12:07:26,935 - INFO - 5. fon: swd=0.016217
2025-12-16 12:07:27,058 - INFO - === Layer 2 (mbert) — Top 5 (lowest SWD) ===
2025-12-16 12:07:27,058 - INFO - 1. kin: swd=0.011747
2025-12-16 12:07:27,058 - INFO - 2. lug: swd=0.012113
2025-12-16 12:07:27,058 - INFO - 3. twi: swd=0.012209
2025-12-16 12:07:27,058 - INFO - 4. luo: swd=0.012631
2025-12-16 12:07:27,058 - INFO - 5. nya: swd=0.012738
2025-12-16 12:07:27,058 - INFO - === Layer 2 (mbert) — Worst 5 (highest SWD) ===
2025-12-16 12:07:27,058 - INFO - 1. yor: swd=0.018669
2025-12-16 12:07:27,058 - INFO - 2. bbj: swd=0.016834
2025-12-16 12:07:27,058 - INFO - 3. bam: swd=0.016470
2025-12-16 12:07:27,058 - INFO - 4. fon: swd=0.015510
2025-12-16 12:07:27,058 - INFO - 5. ewe: swd=0.015215
2025-12-16 12:07:27,184 - INFO - === Layer 3 (mbert) — Top 5 (lowest SWD) ===
2025-12-16 12:07:27,184 - INFO - 1. lug: swd=0.010242
2025-12-16 12:07:27,184 - INFO - 2. kin: swd=0.010276
2025-12-16 12:07:27,184 - INFO - 3. nya: swd=0.010835
2025-12-16 12:07:27,184 - INFO - 4. twi: swd=0.010963
2025-12-16 12:07:27,184 - INFO - 5. luo: swd=0.011161
2025-12-16 12:07:27,184 - INFO - === Layer 3 (mbert) — Worst 5 (highest SWD) ===
2025-12-16 12:07:27,184 - INFO - 1. yor: swd=0.016073
2025-12-16 12:07:27,184 - INFO - 2. bbj: swd=0.015098
2025-12-16 12:07:27,184 - INFO - 3. bam: swd=0.014290
2025-12-16 12:07:27,184 - INFO - 4. mos: swd=0.013980
2025-12-16 12:07:27,184 - INFO - 5. fon: swd=0.013704
2025-12-16 12:07:27,306 - INFO - === Layer 4 (mbert) — Top 5 (lowest SWD) ===
2025-12-16 12:07:27,306 - INFO - 1. lug: swd=0.009617
2025-12-16 12:07:27,306 - INFO - 2. twi: swd=0.009825
2025-12-16 12:07:27,306 - INFO - 3. nya: swd=0.009968
2025-12-16 12:07:27,306 - INFO - 4. kin: swd=0.010246
2025-12-16 12:07:27,306 - INFO - 5. ibo: swd=0.010412
2025-12-16 12:07:27,306 - INFO - === Layer 4 (mbert) — Worst 5 (highest SWD) ===
2025-12-16 12:07:27,306 - INFO - 1. yor: swd=0.014848
2025-12-16 12:07:27,306 - INFO - 2. bbj: swd=0.013758
2025-12-16 12:07:27,306 - INFO - 3. ewe: swd=0.013102
2025-12-16 12:07:27,306 - INFO - 4. pcm: swd=0.012416
2025-12-16 12:07:27,306 - INFO - 5. mos: swd=0.012358
2025-12-16 12:07:27,428 - INFO - === Layer 5 (mbert) — Top 5 (lowest SWD) ===
2025-12-16 12:07:27,428 - INFO - 1. twi: swd=0.008687
2025-12-16 12:07:27,428 - INFO - 2. kin: swd=0.008798
2025-12-16 12:07:27,428 - INFO - 3. nya: swd=0.008931
2025-12-16 12:07:27,428 - INFO - 4. luo: swd=0.009102
2025-12-16 12:07:27,428 - INFO - 5. tsn: swd=0.009517
2025-12-16 12:07:27,428 - INFO - === Layer 5 (mbert) — Worst 5 (highest SWD) ===
2025-12-16 12:07:27,428 - INFO - 1. yor: swd=0.013291
2025-12-16 12:07:27,428 - INFO - 2. bbj: swd=0.012092
2025-12-16 12:07:27,428 - INFO - 3. ewe: swd=0.012041
2025-12-16 12:07:27,428 - INFO - 4. bam: swd=0.011873
2025-12-16 12:07:27,428 - INFO - 5. mos: swd=0.011468
2025-12-16 12:07:27,612 - INFO - === Layer 6 (mbert) — Top 5 (lowest SWD) ===
2025-12-16 12:07:27,613 - INFO - 1. twi: swd=0.007622
2025-12-16 12:07:27,613 - INFO - 2. kin: swd=0.007772
2025-12-16 12:07:27,613 - INFO - 3. luo: swd=0.008101
2025-12-16 12:07:27,613 - INFO - 4. tsn: swd=0.008705
2025-12-16 12:07:27,613 - INFO - 5. ibo: swd=0.008741
2025-12-16 12:07:27,613 - INFO - === Layer 6 (mbert) — Worst 5 (highest SWD) ===
2025-12-16 12:07:27,613 - INFO - 1. yor: swd=0.012875
2025-12-16 12:07:27,613 - INFO - 2. pcm: swd=0.011247
2025-12-16 12:07:27,613 - INFO - 3. bbj: swd=0.011122
2025-12-16 12:07:27,613 - INFO - 4. fon: swd=0.010767
2025-12-16 12:07:27,613 - INFO - 5. mos: swd=0.010634
2025-12-16 12:07:27,736 - INFO - === Layer 7 (mbert) — Top 5 (lowest SWD) ===
2025-12-16 12:07:27,736 - INFO - 1. twi: swd=0.008832
2025-12-16 12:07:27,736 - INFO - 2. kin: swd=0.009046
2025-12-16 12:07:27,736 - INFO - 3. luo: swd=0.009594
2025-12-16 12:07:27,736 - INFO - 4. tsn: swd=0.010053
2025-12-16 12:07:27,736 - INFO - 5. lug: swd=0.010245
2025-12-16 12:07:27,736 - INFO - === Layer 7 (mbert) — Worst 5 (highest SWD) ===
2025-12-16 12:07:27,736 - INFO - 1. yor: swd=0.014908
2025-12-16 12:07:27,736 - INFO - 2. bbj: swd=0.012340
2025-12-16 12:07:27,736 - INFO - 3. ewe: swd=0.012314
2025-12-16 12:07:27,736 - INFO - 4. xho: swd=0.012071
2025-12-16 12:07:27,736 - INFO - 5. pcm: swd=0.012053
2025-12-16 12:07:27,858 - INFO - === Layer 8 (mbert) — Top 5 (lowest SWD) ===
2025-12-16 12:07:27,858 - INFO - 1. twi: swd=0.007961
2025-12-16 12:07:27,858 - INFO - 2. kin: swd=0.009369
2025-12-16 12:07:27,858 - INFO - 3. luo: swd=0.009596
2025-12-16 12:07:27,858 - INFO - 4. swa: swd=0.009768
2025-12-16 12:07:27,858 - INFO - 5. ewe: swd=0.009813
2025-12-16 12:07:27,858 - INFO - === Layer 8 (mbert) — Worst 5 (highest SWD) ===
2025-12-16 12:07:27,858 - INFO - 1. yor: swd=0.014499
2025-12-16 12:07:27,858 - INFO - 2. xho: swd=0.013539
2025-12-16 12:07:27,858 - INFO - 3. bbj: swd=0.012397
2025-12-16 12:07:27,858 - INFO - 4. wol: swd=0.011986
2025-12-16 12:07:27,858 - INFO - 5. sna: swd=0.011830
2025-12-16 12:07:27,979 - INFO - === Layer 9 (mbert) — Top 5 (lowest SWD) ===
2025-12-16 12:07:27,979 - INFO - 1. twi: swd=0.007375
2025-12-16 12:07:27,979 - INFO - 2. luo: swd=0.008259
2025-12-16 12:07:27,979 - INFO - 3. kin: swd=0.008306
2025-12-16 12:07:27,979 - INFO - 4. ewe: swd=0.009018
2025-12-16 12:07:27,979 - INFO - 5. tsn: swd=0.009033
2025-12-16 12:07:27,979 - INFO - === Layer 9 (mbert) — Worst 5 (highest SWD) ===
2025-12-16 12:07:27,979 - INFO - 1. yor: swd=0.012481
2025-12-16 12:07:27,979 - INFO - 2. xho: swd=0.011417
2025-12-16 12:07:27,979 - INFO - 3. bam: swd=0.010924
2025-12-16 12:07:27,979 - INFO - 4. bbj: swd=0.010803
2025-12-16 12:07:27,979 - INFO - 5. hau: swd=0.010737
2025-12-16 12:07:28,099 - INFO - === Layer 10 (mbert) — Top 5 (lowest SWD) ===
2025-12-16 12:07:28,100 - INFO - 1. twi: swd=0.007747
2025-12-16 12:07:28,100 - INFO - 2. ewe: swd=0.008506
2025-12-16 12:07:28,100 - INFO - 3. pcm: swd=0.008619
2025-12-16 12:07:28,100 - INFO - 4. kin: swd=0.008774
2025-12-16 12:07:28,100 - INFO - 5. zul: swd=0.009020
2025-12-16 12:07:28,100 - INFO - === Layer 10 (mbert) — Worst 5 (highest SWD) ===
2025-12-16 12:07:28,100 - INFO - 1. yor: swd=0.012505
2025-12-16 12:07:28,100 - INFO - 2. xho: swd=0.011779
2025-12-16 12:07:28,100 - INFO - 3. bam: swd=0.010371
2025-12-16 12:07:28,100 - INFO - 4. bbj: swd=0.010272
2025-12-16 12:07:28,100 - INFO - 5. hau: swd=0.009924
2025-12-16 12:07:28,220 - INFO - === Layer 11 (mbert) — Top 5 (lowest SWD) ===
2025-12-16 12:07:28,220 - INFO - 1. twi: swd=0.008550
2025-12-16 12:07:28,220 - INFO - 2. kin: swd=0.008909
2025-12-16 12:07:28,220 - INFO - 3. nya: swd=0.009165
2025-12-16 12:07:28,220 - INFO - 4. ewe: swd=0.009266
2025-12-16 12:07:28,220 - INFO - 5. lug: swd=0.009271
2025-12-16 12:07:28,220 - INFO - === Layer 11 (mbert) — Worst 5 (highest SWD) ===
2025-12-16 12:07:28,220 - INFO - 1. yor: swd=0.011504
2025-12-16 12:07:28,220 - INFO - 2. bbj: swd=0.011141
2025-12-16 12:07:28,220 - INFO - 3. xho: swd=0.011110
2025-12-16 12:07:28,220 - INFO - 4. swa: swd=0.010287
2025-12-16 12:07:28,220 - INFO - 5. mos: swd=0.010227
2025-12-16 12:07:28,339 - INFO - === Layer 12 (mbert) — Top 5 (lowest SWD) ===
2025-12-16 12:07:28,339 - INFO - 1. twi: swd=0.015373
2025-12-16 12:07:28,339 - INFO - 2. nya: swd=0.016047
2025-12-16 12:07:28,339 - INFO - 3. pcm: swd=0.016155
2025-12-16 12:07:28,339 - INFO - 4. ewe: swd=0.016242
2025-12-16 12:07:28,339 - INFO - 5. swa: swd=0.016652
2025-12-16 12:07:28,339 - INFO - === Layer 12 (mbert) — Worst 5 (highest SWD) ===
2025-12-16 12:07:28,339 - INFO - 1. yor: swd=0.024702
2025-12-16 12:07:28,339 - INFO - 2. xho: swd=0.019312
2025-12-16 12:07:28,339 - INFO - 3. bbj: swd=0.018726
2025-12-16 12:07:28,339 - INFO - 4. bam: swd=0.018447
2025-12-16 12:07:28,339 - INFO - 5. hau: swd=0.018380
2025-12-16 12:07:28,340 - INFO - SWD experiment finished successfully.
