2025-12-16 12:07:37,918 - INFO - === Layer 1 (mbert) — Top 5 (lowest SWD) ===
2025-12-16 12:07:37,918 - INFO - 1. twi: swd=0.011675
2025-12-16 12:07:37,918 - INFO - 2. kin: swd=0.011745
2025-12-16 12:07:37,918 - INFO - 3. lug: swd=0.011977
2025-12-16 12:07:37,918 - INFO - 4. ibo: swd=0.012148
2025-12-16 12:07:37,918 - INFO - 5. nya: swd=0.012299
2025-12-16 12:07:37,918 - INFO - === Layer 1 (mbert) — Worst 5 (highest SWD) ===
2025-12-16 12:07:37,918 - INFO - 1. yor: swd=0.018685
2025-12-16 12:07:37,918 - INFO - 2. bbj: swd=0.017093
2025-12-16 12:07:37,918 - INFO - 3. mos: swd=0.016121
2025-12-16 12:07:37,918 - INFO - 4. bam: swd=0.015620
2025-12-16 12:07:37,918 - INFO - 5. fon: swd=0.015386
2025-12-16 12:07:38,042 - INFO - === Layer 2 (mbert) — Top 5 (lowest SWD) ===
2025-12-16 12:07:38,042 - INFO - 1. kin: swd=0.011368
2025-12-16 12:07:38,042 - INFO - 2. twi: swd=0.011730
2025-12-16 12:07:38,042 - INFO - 3. ibo: swd=0.011773
2025-12-16 12:07:38,042 - INFO - 4. swa: swd=0.012109
2025-12-16 12:07:38,042 - INFO - 5. nya: swd=0.012241
2025-12-16 12:07:38,042 - INFO - === Layer 2 (mbert) — Worst 5 (highest SWD) ===
2025-12-16 12:07:38,042 - INFO - 1. yor: swd=0.018138
2025-12-16 12:07:38,042 - INFO - 2. bbj: swd=0.016800
2025-12-16 12:07:38,042 - INFO - 3. mos: swd=0.015982
2025-12-16 12:07:38,042 - INFO - 4. fon: swd=0.015973
2025-12-16 12:07:38,042 - INFO - 5. bam: swd=0.015084
2025-12-16 12:07:38,166 - INFO - === Layer 3 (mbert) — Top 5 (lowest SWD) ===
2025-12-16 12:07:38,166 - INFO - 1. kin: swd=0.009964
2025-12-16 12:07:38,166 - INFO - 2. twi: swd=0.010703
2025-12-16 12:07:38,166 - INFO - 3. luo: swd=0.010880
2025-12-16 12:07:38,166 - INFO - 4. nya: swd=0.010913
2025-12-16 12:07:38,166 - INFO - 5. lug: swd=0.010950
2025-12-16 12:07:38,166 - INFO - === Layer 3 (mbert) — Worst 5 (highest SWD) ===
2025-12-16 12:07:38,166 - INFO - 1. yor: swd=0.016903
2025-12-16 12:07:38,166 - INFO - 2. bbj: swd=0.015046
2025-12-16 12:07:38,166 - INFO - 3. mos: swd=0.013810
2025-12-16 12:07:38,166 - INFO - 4. fon: swd=0.013184
2025-12-16 12:07:38,166 - INFO - 5. ewe: swd=0.012983
2025-12-16 12:07:38,288 - INFO - === Layer 4 (mbert) — Top 5 (lowest SWD) ===
2025-12-16 12:07:38,288 - INFO - 1. kin: swd=0.009151
2025-12-16 12:07:38,288 - INFO - 2. twi: swd=0.009385
2025-12-16 12:07:38,288 - INFO - 3. luo: swd=0.009768
2025-12-16 12:07:38,288 - INFO - 4. lug: swd=0.010085
2025-12-16 12:07:38,288 - INFO - 5. nya: swd=0.010090
2025-12-16 12:07:38,288 - INFO - === Layer 4 (mbert) — Worst 5 (highest SWD) ===
2025-12-16 12:07:38,288 - INFO - 1. yor: swd=0.014991
2025-12-16 12:07:38,288 - INFO - 2. bbj: swd=0.013229
2025-12-16 12:07:38,288 - INFO - 3. mos: swd=0.012685
2025-12-16 12:07:38,288 - INFO - 4. bam: swd=0.012631
2025-12-16 12:07:38,288 - INFO - 5. ewe: swd=0.012578
2025-12-16 12:07:38,411 - INFO - === Layer 5 (mbert) — Top 5 (lowest SWD) ===
2025-12-16 12:07:38,411 - INFO - 1. kin: swd=0.008101
2025-12-16 12:07:38,411 - INFO - 2. luo: swd=0.008586
2025-12-16 12:07:38,411 - INFO - 3. twi: swd=0.008800
2025-12-16 12:07:38,411 - INFO - 4. sna: swd=0.008883
2025-12-16 12:07:38,411 - INFO - 5. nya: swd=0.009167
2025-12-16 12:07:38,411 - INFO - === Layer 5 (mbert) — Worst 5 (highest SWD) ===
2025-12-16 12:07:38,411 - INFO - 1. yor: swd=0.013581
2025-12-16 12:07:38,411 - INFO - 2. bbj: swd=0.012396
2025-12-16 12:07:38,411 - INFO - 3. ewe: swd=0.011556
2025-12-16 12:07:38,411 - INFO - 4. mos: swd=0.011395
2025-12-16 12:07:38,411 - INFO - 5. pcm: swd=0.011129
2025-12-16 12:07:38,593 - INFO - === Layer 6 (mbert) — Top 5 (lowest SWD) ===
2025-12-16 12:07:38,593 - INFO - 1. twi: swd=0.007636
2025-12-16 12:07:38,593 - INFO - 2. kin: swd=0.007646
2025-12-16 12:07:38,593 - INFO - 3. luo: swd=0.007895
2025-12-16 12:07:38,593 - INFO - 4. tsn: swd=0.008239
2025-12-16 12:07:38,593 - INFO - 5. ibo: swd=0.008362
2025-12-16 12:07:38,593 - INFO - === Layer 6 (mbert) — Worst 5 (highest SWD) ===
2025-12-16 12:07:38,593 - INFO - 1. yor: swd=0.012940
2025-12-16 12:07:38,593 - INFO - 2. bbj: swd=0.011725
2025-12-16 12:07:38,593 - INFO - 3. ewe: swd=0.010473
2025-12-16 12:07:38,593 - INFO - 4. mos: swd=0.010314
2025-12-16 12:07:38,593 - INFO - 5. fon: swd=0.010047
2025-12-16 12:07:38,718 - INFO - === Layer 7 (mbert) — Top 5 (lowest SWD) ===
2025-12-16 12:07:38,718 - INFO - 1. twi: swd=0.008725
2025-12-16 12:07:38,718 - INFO - 2. kin: swd=0.009172
2025-12-16 12:07:38,718 - INFO - 3. luo: swd=0.009233
2025-12-16 12:07:38,718 - INFO - 4. tsn: swd=0.009485
2025-12-16 12:07:38,718 - INFO - 5. ibo: swd=0.009540
2025-12-16 12:07:38,718 - INFO - === Layer 7 (mbert) — Worst 5 (highest SWD) ===
2025-12-16 12:07:38,718 - INFO - 1. yor: swd=0.013684
2025-12-16 12:07:38,718 - INFO - 2. bbj: swd=0.012931
2025-12-16 12:07:38,718 - INFO - 3. mos: swd=0.011940
2025-12-16 12:07:38,718 - INFO - 4. ewe: swd=0.011874
2025-12-16 12:07:38,718 - INFO - 5. fon: swd=0.011450
2025-12-16 12:07:38,842 - INFO - === Layer 8 (mbert) — Top 5 (lowest SWD) ===
2025-12-16 12:07:38,842 - INFO - 1. twi: swd=0.008717
2025-12-16 12:07:38,842 - INFO - 2. kin: swd=0.009195
2025-12-16 12:07:38,842 - INFO - 3. luo: swd=0.009500
2025-12-16 12:07:38,842 - INFO - 4. ibo: swd=0.009690
2025-12-16 12:07:38,842 - INFO - 5. lug: swd=0.009752
2025-12-16 12:07:38,842 - INFO - === Layer 8 (mbert) — Worst 5 (highest SWD) ===
2025-12-16 12:07:38,842 - INFO - 1. yor: swd=0.014053
2025-12-16 12:07:38,842 - INFO - 2. bbj: swd=0.012828
2025-12-16 12:07:38,842 - INFO - 3. bam: swd=0.012436
2025-12-16 12:07:38,842 - INFO - 4. fon: swd=0.012276
2025-12-16 12:07:38,842 - INFO - 5. mos: swd=0.012172
2025-12-16 12:07:38,962 - INFO - === Layer 9 (mbert) — Top 5 (lowest SWD) ===
2025-12-16 12:07:38,962 - INFO - 1. twi: swd=0.008135
2025-12-16 12:07:38,962 - INFO - 2. luo: swd=0.008386
2025-12-16 12:07:38,962 - INFO - 3. kin: swd=0.008748
2025-12-16 12:07:38,962 - INFO - 4. zul: swd=0.009167
2025-12-16 12:07:38,962 - INFO - 5. lug: swd=0.009271
2025-12-16 12:07:38,962 - INFO - === Layer 9 (mbert) — Worst 5 (highest SWD) ===
2025-12-16 12:07:38,962 - INFO - 1. yor: swd=0.012231
2025-12-16 12:07:38,962 - INFO - 2. bbj: swd=0.011609
2025-12-16 12:07:38,962 - INFO - 3. ewe: swd=0.010946
2025-12-16 12:07:38,962 - INFO - 4. bam: swd=0.010849
2025-12-16 12:07:38,962 - INFO - 5. fon: swd=0.010845
2025-12-16 12:07:39,080 - INFO - === Layer 10 (mbert) — Top 5 (lowest SWD) ===
2025-12-16 12:07:39,080 - INFO - 1. twi: swd=0.006772
2025-12-16 12:07:39,080 - INFO - 2. swa: swd=0.007381
2025-12-16 12:07:39,080 - INFO - 3. luo: swd=0.007392
2025-12-16 12:07:39,080 - INFO - 4. lug: swd=0.007416
2025-12-16 12:07:39,080 - INFO - 5. kin: swd=0.007736
2025-12-16 12:07:39,080 - INFO - === Layer 10 (mbert) — Worst 5 (highest SWD) ===
2025-12-16 12:07:39,081 - INFO - 1. yor: swd=0.011340
2025-12-16 12:07:39,081 - INFO - 2. bam: swd=0.011060
2025-12-16 12:07:39,081 - INFO - 3. xho: swd=0.010756
2025-12-16 12:07:39,081 - INFO - 4. hau: swd=0.009584
2025-12-16 12:07:39,081 - INFO - 5. sna: swd=0.009548
2025-12-16 12:07:39,199 - INFO - === Layer 11 (mbert) — Top 5 (lowest SWD) ===
2025-12-16 12:07:39,199 - INFO - 1. twi: swd=0.006709
2025-12-16 12:07:39,199 - INFO - 2. luo: swd=0.007471
2025-12-16 12:07:39,199 - INFO - 3. lug: swd=0.007574
2025-12-16 12:07:39,199 - INFO - 4. kin: swd=0.007736
2025-12-16 12:07:39,199 - INFO - 5. swa: swd=0.007871
2025-12-16 12:07:39,199 - INFO - === Layer 11 (mbert) — Worst 5 (highest SWD) ===
2025-12-16 12:07:39,199 - INFO - 1. yor: swd=0.010818
2025-12-16 12:07:39,199 - INFO - 2. bam: swd=0.010733
2025-12-16 12:07:39,199 - INFO - 3. xho: swd=0.010655
2025-12-16 12:07:39,199 - INFO - 4. bbj: swd=0.009385
2025-12-16 12:07:39,199 - INFO - 5. wol: swd=0.009217
2025-12-16 12:07:39,321 - INFO - === Layer 12 (mbert) — Top 5 (lowest SWD) ===
2025-12-16 12:07:39,321 - INFO - 1. twi: swd=0.011222
2025-12-16 12:07:39,321 - INFO - 2. luo: swd=0.012670
2025-12-16 12:07:39,321 - INFO - 3. lug: swd=0.012820
2025-12-16 12:07:39,321 - INFO - 4. pcm: swd=0.013064
2025-12-16 12:07:39,321 - INFO - 5. kin: swd=0.013111
2025-12-16 12:07:39,321 - INFO - === Layer 12 (mbert) — Worst 5 (highest SWD) ===
2025-12-16 12:07:39,321 - INFO - 1. yor: swd=0.018232
2025-12-16 12:07:39,321 - INFO - 2. bam: swd=0.016830
2025-12-16 12:07:39,321 - INFO - 3. xho: swd=0.016787
2025-12-16 12:07:39,321 - INFO - 4. wol: swd=0.016322
2025-12-16 12:07:39,321 - INFO - 5. sna: swd=0.015736
2025-12-16 12:07:39,322 - INFO - SWD experiment finished successfully.
