2025-12-16 12:06:45,660 - INFO - === Layer 1 (xlmr) — Top 5 (lowest SWD) ===
2025-12-16 12:06:45,660 - INFO - 1. kin: swd=0.008639
2025-12-16 12:06:45,660 - INFO - 2. twi: swd=0.009276
2025-12-16 12:06:45,660 - INFO - 3. luo: swd=0.009488
2025-12-16 12:06:45,660 - INFO - 4. zul: swd=0.009644
2025-12-16 12:06:45,660 - INFO - 5. ibo: swd=0.009815
2025-12-16 12:06:45,660 - INFO - === Layer 1 (xlmr) — Worst 5 (highest SWD) ===
2025-12-16 12:06:45,660 - INFO - 1. hau: swd=0.012664
2025-12-16 12:06:45,660 - INFO - 2. yor: swd=0.012518
2025-12-16 12:06:45,660 - INFO - 3. mos: swd=0.012229
2025-12-16 12:06:45,660 - INFO - 4. fon: swd=0.012217
2025-12-16 12:06:45,660 - INFO - 5. bam: swd=0.012029
2025-12-16 12:06:45,778 - INFO - === Layer 2 (xlmr) — Top 5 (lowest SWD) ===
2025-12-16 12:06:45,778 - INFO - 1. twi: swd=0.006171
2025-12-16 12:06:45,778 - INFO - 2. kin: swd=0.006356
2025-12-16 12:06:45,778 - INFO - 3. ibo: swd=0.006486
2025-12-16 12:06:45,778 - INFO - 4. luo: swd=0.006795
2025-12-16 12:06:45,778 - INFO - 5. sna: swd=0.006922
2025-12-16 12:06:45,778 - INFO - === Layer 2 (xlmr) — Worst 5 (highest SWD) ===
2025-12-16 12:06:45,778 - INFO - 1. hau: swd=0.008935
2025-12-16 12:06:45,778 - INFO - 2. yor: swd=0.008323
2025-12-16 12:06:45,778 - INFO - 3. bam: swd=0.008252
2025-12-16 12:06:45,778 - INFO - 4. fon: swd=0.008222
2025-12-16 12:06:45,778 - INFO - 5. swa: swd=0.008017
2025-12-16 12:06:45,904 - INFO - === Layer 3 (xlmr) — Top 5 (lowest SWD) ===
2025-12-16 12:06:45,904 - INFO - 1. kin: swd=0.005349
2025-12-16 12:06:45,904 - INFO - 2. twi: swd=0.005522
2025-12-16 12:06:45,904 - INFO - 3. ibo: swd=0.005877
2025-12-16 12:06:45,904 - INFO - 4. nya: swd=0.005907
2025-12-16 12:06:45,904 - INFO - 5. tsn: swd=0.006049
2025-12-16 12:06:45,904 - INFO - === Layer 3 (xlmr) — Worst 5 (highest SWD) ===
2025-12-16 12:06:45,904 - INFO - 1. hau: swd=0.008165
2025-12-16 12:06:45,904 - INFO - 2. swa: swd=0.007239
2025-12-16 12:06:45,904 - INFO - 3. yor: swd=0.007095
2025-12-16 12:06:45,904 - INFO - 4. bam: swd=0.007074
2025-12-16 12:06:45,904 - INFO - 5. pcm: swd=0.007074
2025-12-16 12:06:46,029 - INFO - === Layer 4 (xlmr) — Top 5 (lowest SWD) ===
2025-12-16 12:06:46,029 - INFO - 1. kin: swd=0.005886
2025-12-16 12:06:46,029 - INFO - 2. twi: swd=0.005925
2025-12-16 12:06:46,029 - INFO - 3. ibo: swd=0.005945
2025-12-16 12:06:46,029 - INFO - 4. nya: swd=0.006303
2025-12-16 12:06:46,029 - INFO - 5. luo: swd=0.006354
2025-12-16 12:06:46,029 - INFO - === Layer 4 (xlmr) — Worst 5 (highest SWD) ===
2025-12-16 12:06:46,029 - INFO - 1. hau: swd=0.008226
2025-12-16 12:06:46,029 - INFO - 2. swa: swd=0.007670
2025-12-16 12:06:46,029 - INFO - 3. bam: swd=0.007568
2025-12-16 12:06:46,029 - INFO - 4. pcm: swd=0.007524
2025-12-16 12:06:46,029 - INFO - 5. fon: swd=0.007317
2025-12-16 12:06:46,154 - INFO - === Layer 5 (xlmr) — Top 5 (lowest SWD) ===
2025-12-16 12:06:46,154 - INFO - 1. kin: swd=0.005575
2025-12-16 12:06:46,154 - INFO - 2. twi: swd=0.005652
2025-12-16 12:06:46,154 - INFO - 3. luo: swd=0.005719
2025-12-16 12:06:46,154 - INFO - 4. ibo: swd=0.005859
2025-12-16 12:06:46,154 - INFO - 5. nya: swd=0.006033
2025-12-16 12:06:46,154 - INFO - === Layer 5 (xlmr) — Worst 5 (highest SWD) ===
2025-12-16 12:06:46,154 - INFO - 1. hau: swd=0.008140
2025-12-16 12:06:46,154 - INFO - 2. bam: swd=0.007814
2025-12-16 12:06:46,154 - INFO - 3. fon: swd=0.007265
2025-12-16 12:06:46,154 - INFO - 4. bbj: swd=0.007215
2025-12-16 12:06:46,154 - INFO - 5. pcm: swd=0.007103
2025-12-16 12:06:46,271 - INFO - === Layer 6 (xlmr) — Top 5 (lowest SWD) ===
2025-12-16 12:06:46,271 - INFO - 1. kin: swd=0.006269
2025-12-16 12:06:46,271 - INFO - 2. twi: swd=0.006456
2025-12-16 12:06:46,271 - INFO - 3. ibo: swd=0.006707
2025-12-16 12:06:46,271 - INFO - 4. luo: swd=0.006951
2025-12-16 12:06:46,272 - INFO - 5. zul: swd=0.007085
2025-12-16 12:06:46,272 - INFO - === Layer 6 (xlmr) — Worst 5 (highest SWD) ===
2025-12-16 12:06:46,272 - INFO - 1. hau: swd=0.009153
2025-12-16 12:06:46,272 - INFO - 2. pcm: swd=0.009002
2025-12-16 12:06:46,272 - INFO - 3. yor: swd=0.008571
2025-12-16 12:06:46,272 - INFO - 4. fon: swd=0.008420
2025-12-16 12:06:46,272 - INFO - 5. bam: swd=0.008293
2025-12-16 12:06:46,459 - INFO - === Layer 7 (xlmr) — Top 5 (lowest SWD) ===
2025-12-16 12:06:46,459 - INFO - 1. twi: swd=0.005650
2025-12-16 12:06:46,459 - INFO - 2. kin: swd=0.005734
2025-12-16 12:06:46,459 - INFO - 3. tsn: swd=0.006329
2025-12-16 12:06:46,459 - INFO - 4. zul: swd=0.006416
2025-12-16 12:06:46,460 - INFO - 5. luo: swd=0.006593
2025-12-16 12:06:46,460 - INFO - === Layer 7 (xlmr) — Worst 5 (highest SWD) ===
2025-12-16 12:06:46,460 - INFO - 1. yor: swd=0.007965
2025-12-16 12:06:46,460 - INFO - 2. hau: swd=0.007791
2025-12-16 12:06:46,460 - INFO - 3. pcm: swd=0.007677
2025-12-16 12:06:46,460 - INFO - 4. swa: swd=0.007457
2025-12-16 12:06:46,460 - INFO - 5. sna: swd=0.007391
2025-12-16 12:06:46,584 - INFO - === Layer 8 (xlmr) — Top 5 (lowest SWD) ===
2025-12-16 12:06:46,585 - INFO - 1. twi: swd=0.005529
2025-12-16 12:06:46,585 - INFO - 2. kin: swd=0.006174
2025-12-16 12:06:46,585 - INFO - 3. ewe: swd=0.006317
2025-12-16 12:06:46,585 - INFO - 4. luo: swd=0.006461
2025-12-16 12:06:46,585 - INFO - 5. nya: swd=0.006787
2025-12-16 12:06:46,585 - INFO - === Layer 8 (xlmr) — Worst 5 (highest SWD) ===
2025-12-16 12:06:46,585 - INFO - 1. yor: swd=0.008495
2025-12-16 12:06:46,585 - INFO - 2. hau: swd=0.008436
2025-12-16 12:06:46,585 - INFO - 3. bam: swd=0.008275
2025-12-16 12:06:46,585 - INFO - 4. xho: swd=0.008120
2025-12-16 12:06:46,585 - INFO - 5. sna: swd=0.007927
2025-12-16 12:06:46,708 - INFO - === Layer 9 (xlmr) — Top 5 (lowest SWD) ===
2025-12-16 12:06:46,709 - INFO - 1. twi: swd=0.005671
2025-12-16 12:06:46,709 - INFO - 2. kin: swd=0.005990
2025-12-16 12:06:46,709 - INFO - 3. ewe: swd=0.006120
2025-12-16 12:06:46,709 - INFO - 4. luo: swd=0.006148
2025-12-16 12:06:46,709 - INFO - 5. zul: swd=0.006335
2025-12-16 12:06:46,709 - INFO - === Layer 9 (xlmr) — Worst 5 (highest SWD) ===
2025-12-16 12:06:46,709 - INFO - 1. bam: swd=0.008075
2025-12-16 12:06:46,709 - INFO - 2. yor: swd=0.007945
2025-12-16 12:06:46,709 - INFO - 3. hau: swd=0.007678
2025-12-16 12:06:46,709 - INFO - 4. xho: swd=0.007633
2025-12-16 12:06:46,709 - INFO - 5. swa: swd=0.007484
2025-12-16 12:06:46,825 - INFO - === Layer 10 (xlmr) — Top 5 (lowest SWD) ===
2025-12-16 12:06:46,825 - INFO - 1. twi: swd=0.006191
2025-12-16 12:06:46,825 - INFO - 2. ewe: swd=0.006513
2025-12-16 12:06:46,825 - INFO - 3. kin: swd=0.006761
2025-12-16 12:06:46,825 - INFO - 4. fon: swd=0.006798
2025-12-16 12:06:46,825 - INFO - 5. zul: swd=0.006877
2025-12-16 12:06:46,825 - INFO - === Layer 10 (xlmr) — Worst 5 (highest SWD) ===
2025-12-16 12:06:46,825 - INFO - 1. yor: swd=0.008628
2025-12-16 12:06:46,825 - INFO - 2. bam: swd=0.008427
2025-12-16 12:06:46,825 - INFO - 3. luo: swd=0.008177
2025-12-16 12:06:46,825 - INFO - 4. hau: swd=0.008054
2025-12-16 12:06:46,825 - INFO - 5. xho: swd=0.008011
2025-12-16 12:06:46,949 - INFO - === Layer 11 (xlmr) — Top 5 (lowest SWD) ===
2025-12-16 12:06:46,949 - INFO - 1. twi: swd=0.006679
2025-12-16 12:06:46,949 - INFO - 2. fon: swd=0.006681
2025-12-16 12:06:46,949 - INFO - 3. ibo: swd=0.006827
2025-12-16 12:06:46,949 - INFO - 4. ewe: swd=0.006831
2025-12-16 12:06:46,949 - INFO - 5. kin: swd=0.006953
2025-12-16 12:06:46,949 - INFO - === Layer 11 (xlmr) — Worst 5 (highest SWD) ===
2025-12-16 12:06:46,949 - INFO - 1. luo: swd=0.008372
2025-12-16 12:06:46,949 - INFO - 2. yor: swd=0.008080
2025-12-16 12:06:46,949 - INFO - 3. xho: swd=0.007990
2025-12-16 12:06:46,949 - INFO - 4. bam: swd=0.007967
2025-12-16 12:06:46,949 - INFO - 5. bbj: swd=0.007744
2025-12-16 12:06:47,071 - INFO - === Layer 12 (xlmr) — Top 5 (lowest SWD) ===
2025-12-16 12:06:47,071 - INFO - 1. mos: swd=0.002078
2025-12-16 12:06:47,071 - INFO - 2. wol: swd=0.002142
2025-12-16 12:06:47,072 - INFO - 3. twi: swd=0.002152
2025-12-16 12:06:47,072 - INFO - 4. nya: swd=0.002198
2025-12-16 12:06:47,072 - INFO - 5. fon: swd=0.002237
2025-12-16 12:06:47,072 - INFO - === Layer 12 (xlmr) — Worst 5 (highest SWD) ===
2025-12-16 12:06:47,072 - INFO - 1. yor: swd=0.003398
2025-12-16 12:06:47,072 - INFO - 2. lug: swd=0.002922
2025-12-16 12:06:47,072 - INFO - 3. bam: swd=0.002702
2025-12-16 12:06:47,072 - INFO - 4. tsn: swd=0.002604
2025-12-16 12:06:47,072 - INFO - 5. hau: swd=0.002553
2025-12-16 12:06:47,072 - INFO - SWD experiment finished successfully.
