2025-12-16 12:06:57,566 - INFO - === Layer 1 (xlmr) — Top 5 (lowest SWD) ===
2025-12-16 12:06:57,566 - INFO - 1. kin: swd=0.008187
2025-12-16 12:06:57,566 - INFO - 2. twi: swd=0.008737
2025-12-16 12:06:57,566 - INFO - 3. ibo: swd=0.008822
2025-12-16 12:06:57,566 - INFO - 4. tsn: swd=0.008858
2025-12-16 12:06:57,566 - INFO - 5. luo: swd=0.009121
2025-12-16 12:06:57,566 - INFO - === Layer 1 (xlmr) — Worst 5 (highest SWD) ===
2025-12-16 12:06:57,566 - INFO - 1. fon: swd=0.011619
2025-12-16 12:06:57,566 - INFO - 2. mos: swd=0.011573
2025-12-16 12:06:57,566 - INFO - 3. yor: swd=0.011536
2025-12-16 12:06:57,566 - INFO - 4. hau: swd=0.011507
2025-12-16 12:06:57,566 - INFO - 5. bam: swd=0.011159
2025-12-16 12:06:57,683 - INFO - === Layer 2 (xlmr) — Top 5 (lowest SWD) ===
2025-12-16 12:06:57,683 - INFO - 1. kin: swd=0.005906
2025-12-16 12:06:57,683 - INFO - 2. twi: swd=0.006285
2025-12-16 12:06:57,683 - INFO - 3. ibo: swd=0.006364
2025-12-16 12:06:57,683 - INFO - 4. luo: swd=0.006637
2025-12-16 12:06:57,683 - INFO - 5. zul: swd=0.006772
2025-12-16 12:06:57,683 - INFO - === Layer 2 (xlmr) — Worst 5 (highest SWD) ===
2025-12-16 12:06:57,683 - INFO - 1. hau: swd=0.008897
2025-12-16 12:06:57,683 - INFO - 2. mos: swd=0.008405
2025-12-16 12:06:57,683 - INFO - 3. fon: swd=0.008209
2025-12-16 12:06:57,683 - INFO - 4. yor: swd=0.008107
2025-12-16 12:06:57,683 - INFO - 5. pcm: swd=0.008067
2025-12-16 12:06:57,808 - INFO - === Layer 3 (xlmr) — Top 5 (lowest SWD) ===
2025-12-16 12:06:57,808 - INFO - 1. kin: swd=0.005130
2025-12-16 12:06:57,808 - INFO - 2. twi: swd=0.005551
2025-12-16 12:06:57,808 - INFO - 3. luo: swd=0.005708
2025-12-16 12:06:57,808 - INFO - 4. ibo: swd=0.005796
2025-12-16 12:06:57,808 - INFO - 5. tsn: swd=0.005869
2025-12-16 12:06:57,808 - INFO - === Layer 3 (xlmr) — Worst 5 (highest SWD) ===
2025-12-16 12:06:57,808 - INFO - 1. hau: swd=0.007673
2025-12-16 12:06:57,808 - INFO - 2. pcm: swd=0.007291
2025-12-16 12:06:57,808 - INFO - 3. yor: swd=0.007078
2025-12-16 12:06:57,808 - INFO - 4. lug: swd=0.007018
2025-12-16 12:06:57,808 - INFO - 5. mos: swd=0.006977
2025-12-16 12:06:57,933 - INFO - === Layer 4 (xlmr) — Top 5 (lowest SWD) ===
2025-12-16 12:06:57,933 - INFO - 1. kin: swd=0.005138
2025-12-16 12:06:57,933 - INFO - 2. twi: swd=0.005647
2025-12-16 12:06:57,933 - INFO - 3. luo: swd=0.005961
2025-12-16 12:06:57,933 - INFO - 4. ibo: swd=0.006006
2025-12-16 12:06:57,933 - INFO - 5. zul: swd=0.006236
2025-12-16 12:06:57,933 - INFO - === Layer 4 (xlmr) — Worst 5 (highest SWD) ===
2025-12-16 12:06:57,933 - INFO - 1. hau: swd=0.008074
2025-12-16 12:06:57,933 - INFO - 2. mos: swd=0.007439
2025-12-16 12:06:57,933 - INFO - 3. fon: swd=0.007436
2025-12-16 12:06:57,933 - INFO - 4. pcm: swd=0.007434
2025-12-16 12:06:57,933 - INFO - 5. swa: swd=0.007270
2025-12-16 12:06:58,058 - INFO - === Layer 5 (xlmr) — Top 5 (lowest SWD) ===
2025-12-16 12:06:58,058 - INFO - 1. kin: swd=0.005039
2025-12-16 12:06:58,058 - INFO - 2. twi: swd=0.005502
2025-12-16 12:06:58,058 - INFO - 3. luo: swd=0.005651
2025-12-16 12:06:58,058 - INFO - 4. ibo: swd=0.005821
2025-12-16 12:06:58,058 - INFO - 5. zul: swd=0.005843
2025-12-16 12:06:58,058 - INFO - === Layer 5 (xlmr) — Worst 5 (highest SWD) ===
2025-12-16 12:06:58,058 - INFO - 1. hau: swd=0.008068
2025-12-16 12:06:58,058 - INFO - 2. fon: swd=0.007252
2025-12-16 12:06:58,058 - INFO - 3. yor: swd=0.007060
2025-12-16 12:06:58,058 - INFO - 4. swa: swd=0.006994
2025-12-16 12:06:58,058 - INFO - 5. bam: swd=0.006954
2025-12-16 12:06:58,174 - INFO - === Layer 6 (xlmr) — Top 5 (lowest SWD) ===
2025-12-16 12:06:58,174 - INFO - 1. kin: swd=0.005815
2025-12-16 12:06:58,174 - INFO - 2. twi: swd=0.006203
2025-12-16 12:06:58,174 - INFO - 3. luo: swd=0.006432
2025-12-16 12:06:58,174 - INFO - 4. tsn: swd=0.006655
2025-12-16 12:06:58,174 - INFO - 5. ibo: swd=0.006656
2025-12-16 12:06:58,174 - INFO - === Layer 6 (xlmr) — Worst 5 (highest SWD) ===
2025-12-16 12:06:58,174 - INFO - 1. hau: swd=0.008696
2025-12-16 12:06:58,174 - INFO - 2. bam: swd=0.008115
2025-12-16 12:06:58,174 - INFO - 3. pcm: swd=0.008098
2025-12-16 12:06:58,174 - INFO - 4. yor: swd=0.008095
2025-12-16 12:06:58,175 - INFO - 5. bbj: swd=0.008043
2025-12-16 12:06:58,359 - INFO - === Layer 7 (xlmr) — Top 5 (lowest SWD) ===
2025-12-16 12:06:58,359 - INFO - 1. kin: swd=0.005502
2025-12-16 12:06:58,360 - INFO - 2. twi: swd=0.005665
2025-12-16 12:06:58,360 - INFO - 3. luo: swd=0.006072
2025-12-16 12:06:58,360 - INFO - 4. zul: swd=0.006298
2025-12-16 12:06:58,360 - INFO - 5. lug: swd=0.006299
2025-12-16 12:06:58,360 - INFO - === Layer 7 (xlmr) — Worst 5 (highest SWD) ===
2025-12-16 12:06:58,360 - INFO - 1. fon: swd=0.007572
2025-12-16 12:06:58,360 - INFO - 2. hau: swd=0.007394
2025-12-16 12:06:58,360 - INFO - 3. swa: swd=0.007291
2025-12-16 12:06:58,360 - INFO - 4. yor: swd=0.007136
2025-12-16 12:06:58,360 - INFO - 5. pcm: swd=0.007102
2025-12-16 12:06:58,484 - INFO - === Layer 8 (xlmr) — Top 5 (lowest SWD) ===
2025-12-16 12:06:58,484 - INFO - 1. kin: swd=0.005366
2025-12-16 12:06:58,484 - INFO - 2. twi: swd=0.005671
2025-12-16 12:06:58,484 - INFO - 3. luo: swd=0.006089
2025-12-16 12:06:58,484 - INFO - 4. ibo: swd=0.006183
2025-12-16 12:06:58,484 - INFO - 5. zul: swd=0.006409
2025-12-16 12:06:58,484 - INFO - === Layer 8 (xlmr) — Worst 5 (highest SWD) ===
2025-12-16 12:06:58,484 - INFO - 1. bam: swd=0.007947
2025-12-16 12:06:58,484 - INFO - 2. hau: swd=0.007873
2025-12-16 12:06:58,484 - INFO - 3. fon: swd=0.007474
2025-12-16 12:06:58,484 - INFO - 4. yor: swd=0.007449
2025-12-16 12:06:58,484 - INFO - 5. mos: swd=0.007409
2025-12-16 12:06:58,608 - INFO - === Layer 9 (xlmr) — Top 5 (lowest SWD) ===
2025-12-16 12:06:58,608 - INFO - 1. twi: swd=0.005462
2025-12-16 12:06:58,608 - INFO - 2. kin: swd=0.005806
2025-12-16 12:06:58,608 - INFO - 3. luo: swd=0.006008
2025-12-16 12:06:58,608 - INFO - 4. ibo: swd=0.006187
2025-12-16 12:06:58,608 - INFO - 5. zul: swd=0.006293
2025-12-16 12:06:58,608 - INFO - === Layer 9 (xlmr) — Worst 5 (highest SWD) ===
2025-12-16 12:06:58,608 - INFO - 1. bam: swd=0.007982
2025-12-16 12:06:58,608 - INFO - 2. hau: swd=0.007626
2025-12-16 12:06:58,608 - INFO - 3. bbj: swd=0.007621
2025-12-16 12:06:58,608 - INFO - 4. pcm: swd=0.007420
2025-12-16 12:06:58,608 - INFO - 5. lug: swd=0.007335
2025-12-16 12:06:58,723 - INFO - === Layer 10 (xlmr) — Top 5 (lowest SWD) ===
2025-12-16 12:06:58,723 - INFO - 1. twi: swd=0.005408
2025-12-16 12:06:58,723 - INFO - 2. kin: swd=0.005848
2025-12-16 12:06:58,723 - INFO - 3. ewe: swd=0.006190
2025-12-16 12:06:58,723 - INFO - 4. swa: swd=0.006555
2025-12-16 12:06:58,724 - INFO - 5. luo: swd=0.006580
2025-12-16 12:06:58,724 - INFO - === Layer 10 (xlmr) — Worst 5 (highest SWD) ===
2025-12-16 12:06:58,724 - INFO - 1. bam: swd=0.008822
2025-12-16 12:06:58,724 - INFO - 2. hau: swd=0.008223
2025-12-16 12:06:58,724 - INFO - 3. yor: swd=0.007477
2025-12-16 12:06:58,724 - INFO - 4. xho: swd=0.007418
2025-12-16 12:06:58,724 - INFO - 5. sna: swd=0.007394
2025-12-16 12:06:58,847 - INFO - === Layer 11 (xlmr) — Top 5 (lowest SWD) ===
2025-12-16 12:06:58,847 - INFO - 1. twi: swd=0.005248
2025-12-16 12:06:58,847 - INFO - 2. kin: swd=0.005574
2025-12-16 12:06:58,847 - INFO - 3. luo: swd=0.005852
2025-12-16 12:06:58,847 - INFO - 4. ibo: swd=0.006029
2025-12-16 12:06:58,847 - INFO - 5. swa: swd=0.006115
2025-12-16 12:06:58,847 - INFO - === Layer 11 (xlmr) — Worst 5 (highest SWD) ===
2025-12-16 12:06:58,847 - INFO - 1. bam: swd=0.007659
2025-12-16 12:06:58,847 - INFO - 2. xho: swd=0.007636
2025-12-16 12:06:58,847 - INFO - 3. hau: swd=0.007212
2025-12-16 12:06:58,847 - INFO - 4. zul: swd=0.007036
2025-12-16 12:06:58,847 - INFO - 5. yor: swd=0.006954
2025-12-16 12:06:58,965 - INFO - === Layer 12 (xlmr) — Top 5 (lowest SWD) ===
2025-12-16 12:06:58,965 - INFO - 1. twi: swd=0.001728
2025-12-16 12:06:58,965 - INFO - 2. kin: swd=0.001802
2025-12-16 12:06:58,965 - INFO - 3. luo: swd=0.001893
2025-12-16 12:06:58,965 - INFO - 4. ibo: swd=0.001899
2025-12-16 12:06:58,965 - INFO - 5. ewe: swd=0.001910
2025-12-16 12:06:58,965 - INFO - === Layer 12 (xlmr) — Worst 5 (highest SWD) ===
2025-12-16 12:06:58,965 - INFO - 1. bam: swd=0.002469
2025-12-16 12:06:58,965 - INFO - 2. wol: swd=0.002315
2025-12-16 12:06:58,965 - INFO - 3. nya: swd=0.002307
2025-12-16 12:06:58,965 - INFO - 4. yor: swd=0.002282
2025-12-16 12:06:58,965 - INFO - 5. hau: swd=0.002242
2025-12-16 12:06:58,966 - INFO - SWD experiment finished successfully.
