2025-12-16 12:06:14,567 - INFO - === Layer 1 (afroxlmr) — Top 5 (lowest SWD) ===
2025-12-16 12:06:14,567 - INFO - 1. kin: swd=0.008138
2025-12-16 12:06:14,567 - INFO - 2. ibo: swd=0.008850
2025-12-16 12:06:14,567 - INFO - 3. tsn: swd=0.008892
2025-12-16 12:06:14,567 - INFO - 4. twi: swd=0.008927
2025-12-16 12:06:14,567 - INFO - 5. lug: swd=0.009011
2025-12-16 12:06:14,567 - INFO - === Layer 1 (afroxlmr) — Worst 5 (highest SWD) ===
2025-12-16 12:06:14,567 - INFO - 1. yor: swd=0.011922
2025-12-16 12:06:14,567 - INFO - 2. mos: swd=0.011781
2025-12-16 12:06:14,567 - INFO - 3. fon: swd=0.011247
2025-12-16 12:06:14,567 - INFO - 4. hau: swd=0.011190
2025-12-16 12:06:14,567 - INFO - 5. bbj: swd=0.011040
2025-12-16 12:06:14,693 - INFO - === Layer 2 (afroxlmr) — Top 5 (lowest SWD) ===
2025-12-16 12:06:14,693 - INFO - 1. kin: swd=0.005699
2025-12-16 12:06:14,693 - INFO - 2. twi: swd=0.006002
2025-12-16 12:06:14,693 - INFO - 3. ibo: swd=0.006244
2025-12-16 12:06:14,693 - INFO - 4. luo: swd=0.006340
2025-12-16 12:06:14,693 - INFO - 5. nya: swd=0.006373
2025-12-16 12:06:14,693 - INFO - === Layer 2 (afroxlmr) — Worst 5 (highest SWD) ===
2025-12-16 12:06:14,693 - INFO - 1. hau: swd=0.008131
2025-12-16 12:06:14,693 - INFO - 2. yor: swd=0.007932
2025-12-16 12:06:14,693 - INFO - 3. fon: swd=0.007829
2025-12-16 12:06:14,693 - INFO - 4. mos: swd=0.007796
2025-12-16 12:06:14,693 - INFO - 5. pcm: swd=0.007642
2025-12-16 12:06:14,815 - INFO - === Layer 3 (afroxlmr) — Top 5 (lowest SWD) ===
2025-12-16 12:06:14,815 - INFO - 1. kin: swd=0.005429
2025-12-16 12:06:14,815 - INFO - 2. twi: swd=0.005756
2025-12-16 12:06:14,815 - INFO - 3. luo: swd=0.005803
2025-12-16 12:06:14,815 - INFO - 4. ibo: swd=0.005916
2025-12-16 12:06:14,815 - INFO - 5. tsn: swd=0.005940
2025-12-16 12:06:14,815 - INFO - === Layer 3 (afroxlmr) — Worst 5 (highest SWD) ===
2025-12-16 12:06:14,815 - INFO - 1. yor: swd=0.007588
2025-12-16 12:06:14,815 - INFO - 2. hau: swd=0.007585
2025-12-16 12:06:14,815 - INFO - 3. pcm: swd=0.007174
2025-12-16 12:06:14,815 - INFO - 4. bbj: swd=0.006994
2025-12-16 12:06:14,815 - INFO - 5. mos: swd=0.006950
2025-12-16 12:06:14,940 - INFO - === Layer 4 (afroxlmr) — Top 5 (lowest SWD) ===
2025-12-16 12:06:14,940 - INFO - 1. kin: swd=0.005797
2025-12-16 12:06:14,940 - INFO - 2. twi: swd=0.005960
2025-12-16 12:06:14,940 - INFO - 3. luo: swd=0.006433
2025-12-16 12:06:14,940 - INFO - 4. lug: swd=0.006468
2025-12-16 12:06:14,940 - INFO - 5. zul: swd=0.006682
2025-12-16 12:06:14,940 - INFO - === Layer 4 (afroxlmr) — Worst 5 (highest SWD) ===
2025-12-16 12:06:14,940 - INFO - 1. yor: swd=0.008138
2025-12-16 12:06:14,940 - INFO - 2. fon: swd=0.008074
2025-12-16 12:06:14,940 - INFO - 3. hau: swd=0.008030
2025-12-16 12:06:14,940 - INFO - 4. mos: swd=0.008022
2025-12-16 12:06:14,940 - INFO - 5. bam: swd=0.007900
2025-12-16 12:06:15,065 - INFO - === Layer 5 (afroxlmr) — Top 5 (lowest SWD) ===
2025-12-16 12:06:15,065 - INFO - 1. kin: swd=0.005810
2025-12-16 12:06:15,065 - INFO - 2. twi: swd=0.005898
2025-12-16 12:06:15,065 - INFO - 3. luo: swd=0.006127
2025-12-16 12:06:15,065 - INFO - 4. lug: swd=0.006264
2025-12-16 12:06:15,065 - INFO - 5. zul: swd=0.006530
2025-12-16 12:06:15,065 - INFO - === Layer 5 (afroxlmr) — Worst 5 (highest SWD) ===
2025-12-16 12:06:15,065 - INFO - 1. yor: swd=0.008264
2025-12-16 12:06:15,065 - INFO - 2. hau: swd=0.007828
2025-12-16 12:06:15,065 - INFO - 3. fon: swd=0.007773
2025-12-16 12:06:15,065 - INFO - 4. bbj: swd=0.007592
2025-12-16 12:06:15,065 - INFO - 5. bam: swd=0.007376
2025-12-16 12:06:15,190 - INFO - === Layer 6 (afroxlmr) — Top 5 (lowest SWD) ===
2025-12-16 12:06:15,190 - INFO - 1. kin: swd=0.005755
2025-12-16 12:06:15,190 - INFO - 2. twi: swd=0.005844
2025-12-16 12:06:15,190 - INFO - 3. luo: swd=0.005903
2025-12-16 12:06:15,190 - INFO - 4. tsn: swd=0.005977
2025-12-16 12:06:15,190 - INFO - 5. nya: swd=0.006148
2025-12-16 12:06:15,190 - INFO - === Layer 6 (afroxlmr) — Worst 5 (highest SWD) ===
2025-12-16 12:06:15,190 - INFO - 1. yor: swd=0.007639
2025-12-16 12:06:15,190 - INFO - 2. hau: swd=0.007550
2025-12-16 12:06:15,190 - INFO - 3. bbj: swd=0.007485
2025-12-16 12:06:15,190 - INFO - 4. bam: swd=0.007304
2025-12-16 12:06:15,190 - INFO - 5. mos: swd=0.007274
2025-12-16 12:06:15,378 - INFO - === Layer 7 (afroxlmr) — Top 5 (lowest SWD) ===
2025-12-16 12:06:15,378 - INFO - 1. twi: swd=0.005153
2025-12-16 12:06:15,378 - INFO - 2. luo: swd=0.005349
2025-12-16 12:06:15,378 - INFO - 3. lug: swd=0.005515
2025-12-16 12:06:15,378 - INFO - 4. kin: swd=0.005545
2025-12-16 12:06:15,379 - INFO - 5. tsn: swd=0.005674
2025-12-16 12:06:15,379 - INFO - === Layer 7 (afroxlmr) — Worst 5 (highest SWD) ===
2025-12-16 12:06:15,379 - INFO - 1. yor: swd=0.007244
2025-12-16 12:06:15,379 - INFO - 2. fon: swd=0.006880
2025-12-16 12:06:15,379 - INFO - 3. bbj: swd=0.006651
2025-12-16 12:06:15,379 - INFO - 4. xho: swd=0.006579
2025-12-16 12:06:15,379 - INFO - 5. mos: swd=0.006439
2025-12-16 12:06:15,502 - INFO - === Layer 8 (afroxlmr) — Top 5 (lowest SWD) ===
2025-12-16 12:06:15,502 - INFO - 1. kin: swd=0.005310
2025-12-16 12:06:15,502 - INFO - 2. twi: swd=0.005536
2025-12-16 12:06:15,502 - INFO - 3. luo: swd=0.005789
2025-12-16 12:06:15,502 - INFO - 4. lug: swd=0.005955
2025-12-16 12:06:15,502 - INFO - 5. ewe: swd=0.005961
2025-12-16 12:06:15,502 - INFO - === Layer 8 (afroxlmr) — Worst 5 (highest SWD) ===
2025-12-16 12:06:15,502 - INFO - 1. yor: swd=0.007268
2025-12-16 12:06:15,502 - INFO - 2. bam: swd=0.007206
2025-12-16 12:06:15,502 - INFO - 3. fon: swd=0.007148
2025-12-16 12:06:15,502 - INFO - 4. mos: swd=0.007027
2025-12-16 12:06:15,502 - INFO - 5. xho: swd=0.006949
2025-12-16 12:06:15,626 - INFO - === Layer 9 (afroxlmr) — Top 5 (lowest SWD) ===
2025-12-16 12:06:15,626 - INFO - 1. twi: swd=0.005462
2025-12-16 12:06:15,626 - INFO - 2. luo: swd=0.005845
2025-12-16 12:06:15,626 - INFO - 3. kin: swd=0.005979
2025-12-16 12:06:15,626 - INFO - 4. ibo: swd=0.006061
2025-12-16 12:06:15,626 - INFO - 5. zul: swd=0.006129
2025-12-16 12:06:15,626 - INFO - === Layer 9 (afroxlmr) — Worst 5 (highest SWD) ===
2025-12-16 12:06:15,626 - INFO - 1. bbj: swd=0.007829
2025-12-16 12:06:15,626 - INFO - 2. bam: swd=0.007561
2025-12-16 12:06:15,626 - INFO - 3. xho: swd=0.007275
2025-12-16 12:06:15,626 - INFO - 4. fon: swd=0.007257
2025-12-16 12:06:15,626 - INFO - 5. yor: swd=0.007238
2025-12-16 12:06:15,751 - INFO - === Layer 10 (afroxlmr) — Top 5 (lowest SWD) ===
2025-12-16 12:06:15,751 - INFO - 1. twi: swd=0.005105
2025-12-16 12:06:15,751 - INFO - 2. swa: swd=0.005778
2025-12-16 12:06:15,751 - INFO - 3. luo: swd=0.005782
2025-12-16 12:06:15,751 - INFO - 4. lug: swd=0.005799
2025-12-16 12:06:15,751 - INFO - 5. kin: swd=0.005882
2025-12-16 12:06:15,751 - INFO - === Layer 10 (afroxlmr) — Worst 5 (highest SWD) ===
2025-12-16 12:06:15,751 - INFO - 1. bam: swd=0.008263
2025-12-16 12:06:15,751 - INFO - 2. xho: swd=0.008036
2025-12-16 12:06:15,751 - INFO - 3. yor: swd=0.007521
2025-12-16 12:06:15,751 - INFO - 4. wol: swd=0.007279
2025-12-16 12:06:15,751 - INFO - 5. bbj: swd=0.007278
2025-12-16 12:06:15,876 - INFO - === Layer 11 (afroxlmr) — Top 5 (lowest SWD) ===
2025-12-16 12:06:15,876 - INFO - 1. twi: swd=0.004686
2025-12-16 12:06:15,876 - INFO - 2. swa: swd=0.005471
2025-12-16 12:06:15,876 - INFO - 3. pcm: swd=0.005492
2025-12-16 12:06:15,876 - INFO - 4. luo: swd=0.005535
2025-12-16 12:06:15,876 - INFO - 5. kin: swd=0.005664
2025-12-16 12:06:15,876 - INFO - === Layer 11 (afroxlmr) — Worst 5 (highest SWD) ===
2025-12-16 12:06:15,877 - INFO - 1. xho: swd=0.007771
2025-12-16 12:06:15,877 - INFO - 2. bam: swd=0.007679
2025-12-16 12:06:15,877 - INFO - 3. yor: swd=0.007411
2025-12-16 12:06:15,877 - INFO - 4. bbj: swd=0.006848
2025-12-16 12:06:15,877 - INFO - 5. wol: swd=0.006803
2025-12-16 12:06:16,001 - INFO - === Layer 12 (afroxlmr) — Top 5 (lowest SWD) ===
2025-12-16 12:06:16,001 - INFO - 1. twi: swd=0.005781
2025-12-16 12:06:16,002 - INFO - 2. kin: swd=0.006416
2025-12-16 12:06:16,002 - INFO - 3. luo: swd=0.006429
2025-12-16 12:06:16,002 - INFO - 4. pcm: swd=0.006571
2025-12-16 12:06:16,002 - INFO - 5. nya: swd=0.006770
2025-12-16 12:06:16,002 - INFO - === Layer 12 (afroxlmr) — Worst 5 (highest SWD) ===
2025-12-16 12:06:16,002 - INFO - 1. wol: swd=0.008400
2025-12-16 12:06:16,002 - INFO - 2. yor: swd=0.008364
2025-12-16 12:06:16,002 - INFO - 3. bam: swd=0.008336
2025-12-16 12:06:16,002 - INFO - 4. xho: swd=0.008301
2025-12-16 12:06:16,002 - INFO - 5. sna: swd=0.008052
2025-12-16 12:06:16,002 - INFO - SWD experiment finished successfully.
