2025-12-16 12:07:16,110 - INFO - === Layer 1 (mbert) — Top 5 (lowest SWD) ===
2025-12-16 12:07:16,110 - INFO - 1. lug: swd=0.012050
2025-12-16 12:07:16,110 - INFO - 2. kin: swd=0.012628
2025-12-16 12:07:16,110 - INFO - 3. twi: swd=0.012726
2025-12-16 12:07:16,110 - INFO - 4. nya: swd=0.012796
2025-12-16 12:07:16,110 - INFO - 5. ibo: swd=0.013152
2025-12-16 12:07:16,110 - INFO - === Layer 1 (mbert) — Worst 5 (highest SWD) ===
2025-12-16 12:07:16,110 - INFO - 1. yor: swd=0.019529
2025-12-16 12:07:16,110 - INFO - 2. bam: swd=0.016828
2025-12-16 12:07:16,110 - INFO - 3. bbj: swd=0.016610
2025-12-16 12:07:16,110 - INFO - 4. fon: swd=0.016498
2025-12-16 12:07:16,110 - INFO - 5. mos: swd=0.016407
2025-12-16 12:07:16,233 - INFO - === Layer 2 (mbert) — Top 5 (lowest SWD) ===
2025-12-16 12:07:16,233 - INFO - 1. lug: swd=0.011747
2025-12-16 12:07:16,233 - INFO - 2. twi: swd=0.012227
2025-12-16 12:07:16,233 - INFO - 3. nya: swd=0.012796
2025-12-16 12:07:16,233 - INFO - 4. kin: swd=0.012999
2025-12-16 12:07:16,233 - INFO - 5. ibo: swd=0.013053
2025-12-16 12:07:16,234 - INFO - === Layer 2 (mbert) — Worst 5 (highest SWD) ===
2025-12-16 12:07:16,234 - INFO - 1. yor: swd=0.017784
2025-12-16 12:07:16,234 - INFO - 2. bam: swd=0.016224
2025-12-16 12:07:16,234 - INFO - 3. bbj: swd=0.016108
2025-12-16 12:07:16,234 - INFO - 4. mos: swd=0.015989
2025-12-16 12:07:16,234 - INFO - 5. pcm: swd=0.015968
2025-12-16 12:07:16,359 - INFO - === Layer 3 (mbert) — Top 5 (lowest SWD) ===
2025-12-16 12:07:16,359 - INFO - 1. twi: swd=0.011401
2025-12-16 12:07:16,359 - INFO - 2. ibo: swd=0.011521
2025-12-16 12:07:16,359 - INFO - 3. luo: swd=0.011608
2025-12-16 12:07:16,359 - INFO - 4. kin: swd=0.011974
2025-12-16 12:07:16,359 - INFO - 5. zul: swd=0.012180
2025-12-16 12:07:16,359 - INFO - === Layer 3 (mbert) — Worst 5 (highest SWD) ===
2025-12-16 12:07:16,359 - INFO - 1. yor: swd=0.017088
2025-12-16 12:07:16,359 - INFO - 2. bbj: swd=0.015253
2025-12-16 12:07:16,359 - INFO - 3. bam: swd=0.014457
2025-12-16 12:07:16,359 - INFO - 4. ewe: swd=0.014328
2025-12-16 12:07:16,359 - INFO - 5. pcm: swd=0.014219
2025-12-16 12:07:16,485 - INFO - === Layer 4 (mbert) — Top 5 (lowest SWD) ===
2025-12-16 12:07:16,485 - INFO - 1. luo: swd=0.010466
2025-12-16 12:07:16,485 - INFO - 2. tsn: swd=0.010674
2025-12-16 12:07:16,485 - INFO - 3. kin: swd=0.010693
2025-12-16 12:07:16,485 - INFO - 4. twi: swd=0.010849
2025-12-16 12:07:16,485 - INFO - 5. lug: swd=0.011448
2025-12-16 12:07:16,485 - INFO - === Layer 4 (mbert) — Worst 5 (highest SWD) ===
2025-12-16 12:07:16,485 - INFO - 1. yor: swd=0.015437
2025-12-16 12:07:16,485 - INFO - 2. bbj: swd=0.014351
2025-12-16 12:07:16,485 - INFO - 3. bam: swd=0.013785
2025-12-16 12:07:16,485 - INFO - 4. ewe: swd=0.013644
2025-12-16 12:07:16,485 - INFO - 5. xho: swd=0.013529
2025-12-16 12:07:16,608 - INFO - === Layer 5 (mbert) — Top 5 (lowest SWD) ===
2025-12-16 12:07:16,609 - INFO - 1. luo: swd=0.009240
2025-12-16 12:07:16,609 - INFO - 2. twi: swd=0.009299
2025-12-16 12:07:16,609 - INFO - 3. tsn: swd=0.009702
2025-12-16 12:07:16,609 - INFO - 4. kin: swd=0.009739
2025-12-16 12:07:16,609 - INFO - 5. zul: swd=0.010062
2025-12-16 12:07:16,609 - INFO - === Layer 5 (mbert) — Worst 5 (highest SWD) ===
2025-12-16 12:07:16,609 - INFO - 1. yor: swd=0.014065
2025-12-16 12:07:16,609 - INFO - 2. bbj: swd=0.013125
2025-12-16 12:07:16,609 - INFO - 3. xho: swd=0.012600
2025-12-16 12:07:16,609 - INFO - 4. ewe: swd=0.012569
2025-12-16 12:07:16,609 - INFO - 5. bam: swd=0.012424
2025-12-16 12:07:16,794 - INFO - === Layer 6 (mbert) — Top 5 (lowest SWD) ===
2025-12-16 12:07:16,794 - INFO - 1. twi: swd=0.008150
2025-12-16 12:07:16,794 - INFO - 2. luo: swd=0.008501
2025-12-16 12:07:16,794 - INFO - 3. tsn: swd=0.009235
2025-12-16 12:07:16,794 - INFO - 4. kin: swd=0.009345
2025-12-16 12:07:16,794 - INFO - 5. hau: swd=0.009580
2025-12-16 12:07:16,794 - INFO - === Layer 6 (mbert) — Worst 5 (highest SWD) ===
2025-12-16 12:07:16,794 - INFO - 1. yor: swd=0.014644
2025-12-16 12:07:16,794 - INFO - 2. mos: swd=0.011755
2025-12-16 12:07:16,794 - INFO - 3. ewe: swd=0.011701
2025-12-16 12:07:16,794 - INFO - 4. pcm: swd=0.011616
2025-12-16 12:07:16,794 - INFO - 5. lug: swd=0.011446
2025-12-16 12:07:16,920 - INFO - === Layer 7 (mbert) — Top 5 (lowest SWD) ===
2025-12-16 12:07:16,921 - INFO - 1. twi: swd=0.008292
2025-12-16 12:07:16,921 - INFO - 2. ewe: swd=0.009703
2025-12-16 12:07:16,921 - INFO - 3. lug: swd=0.009878
2025-12-16 12:07:16,921 - INFO - 4. nya: swd=0.009906
2025-12-16 12:07:16,921 - INFO - 5. pcm: swd=0.009955
2025-12-16 12:07:16,921 - INFO - === Layer 7 (mbert) — Worst 5 (highest SWD) ===
2025-12-16 12:07:16,921 - INFO - 1. yor: swd=0.016549
2025-12-16 12:07:16,921 - INFO - 2. xho: swd=0.014330
2025-12-16 12:07:16,921 - INFO - 3. bam: swd=0.012726
2025-12-16 12:07:16,921 - INFO - 4. bbj: swd=0.012278
2025-12-16 12:07:16,921 - INFO - 5. sna: swd=0.011561
2025-12-16 12:07:17,046 - INFO - === Layer 8 (mbert) — Top 5 (lowest SWD) ===
2025-12-16 12:07:17,046 - INFO - 1. twi: swd=0.010728
2025-12-16 12:07:17,046 - INFO - 2. lug: swd=0.010962
2025-12-16 12:07:17,046 - INFO - 3. swa: swd=0.010973
2025-12-16 12:07:17,046 - INFO - 4. pcm: swd=0.011457
2025-12-16 12:07:17,046 - INFO - 5. kin: swd=0.011688
2025-12-16 12:07:17,046 - INFO - === Layer 8 (mbert) — Worst 5 (highest SWD) ===
2025-12-16 12:07:17,046 - INFO - 1. yor: swd=0.015530
2025-12-16 12:07:17,046 - INFO - 2. xho: swd=0.014731
2025-12-16 12:07:17,046 - INFO - 3. tsn: swd=0.013630
2025-12-16 12:07:17,046 - INFO - 4. fon: swd=0.013580
2025-12-16 12:07:17,046 - INFO - 5. ewe: swd=0.013472
2025-12-16 12:07:17,171 - INFO - === Layer 9 (mbert) — Top 5 (lowest SWD) ===
2025-12-16 12:07:17,171 - INFO - 1. lug: swd=0.009511
2025-12-16 12:07:17,171 - INFO - 2. swa: swd=0.009763
2025-12-16 12:07:17,171 - INFO - 3. luo: swd=0.009767
2025-12-16 12:07:17,171 - INFO - 4. nya: swd=0.010012
2025-12-16 12:07:17,171 - INFO - 5. twi: swd=0.010095
2025-12-16 12:07:17,171 - INFO - === Layer 9 (mbert) — Worst 5 (highest SWD) ===
2025-12-16 12:07:17,171 - INFO - 1. yor: swd=0.016701
2025-12-16 12:07:17,171 - INFO - 2. xho: swd=0.012423
2025-12-16 12:07:17,171 - INFO - 3. sna: swd=0.012259
2025-12-16 12:07:17,171 - INFO - 4. bbj: swd=0.012074
2025-12-16 12:07:17,171 - INFO - 5. zul: swd=0.011810
2025-12-16 12:07:17,294 - INFO - === Layer 10 (mbert) — Top 5 (lowest SWD) ===
2025-12-16 12:07:17,294 - INFO - 1. twi: swd=0.008438
2025-12-16 12:07:17,294 - INFO - 2. luo: swd=0.008705
2025-12-16 12:07:17,294 - INFO - 3. swa: swd=0.008961
2025-12-16 12:07:17,294 - INFO - 4. lug: swd=0.009576
2025-12-16 12:07:17,294 - INFO - 5. nya: swd=0.009819
2025-12-16 12:07:17,294 - INFO - === Layer 10 (mbert) — Worst 5 (highest SWD) ===
2025-12-16 12:07:17,294 - INFO - 1. yor: swd=0.014327
2025-12-16 12:07:17,294 - INFO - 2. tsn: swd=0.012765
2025-12-16 12:07:17,294 - INFO - 3. ibo: swd=0.012692
2025-12-16 12:07:17,294 - INFO - 4. bam: swd=0.012404
2025-12-16 12:07:17,294 - INFO - 5. xho: swd=0.011684
2025-12-16 12:07:17,415 - INFO - === Layer 11 (mbert) — Top 5 (lowest SWD) ===
2025-12-16 12:07:17,415 - INFO - 1. luo: swd=0.008863
2025-12-16 12:07:17,415 - INFO - 2. swa: swd=0.008973
2025-12-16 12:07:17,415 - INFO - 3. twi: swd=0.009054
2025-12-16 12:07:17,415 - INFO - 4. ewe: swd=0.009054
2025-12-16 12:07:17,415 - INFO - 5. lug: swd=0.009625
2025-12-16 12:07:17,415 - INFO - === Layer 11 (mbert) — Worst 5 (highest SWD) ===
2025-12-16 12:07:17,416 - INFO - 1. yor: swd=0.013324
2025-12-16 12:07:17,416 - INFO - 2. bam: swd=0.012427
2025-12-16 12:07:17,416 - INFO - 3. xho: swd=0.012387
2025-12-16 12:07:17,416 - INFO - 4. tsn: swd=0.011657
2025-12-16 12:07:17,416 - INFO - 5. sna: swd=0.011363
2025-12-16 12:07:17,533 - INFO - === Layer 12 (mbert) — Top 5 (lowest SWD) ===
2025-12-16 12:07:17,533 - INFO - 1. twi: swd=0.014356
2025-12-16 12:07:17,533 - INFO - 2. swa: swd=0.014896
2025-12-16 12:07:17,533 - INFO - 3. pcm: swd=0.015177
2025-12-16 12:07:17,533 - INFO - 4. lug: swd=0.015992
2025-12-16 12:07:17,533 - INFO - 5. mos: swd=0.016448
2025-12-16 12:07:17,533 - INFO - === Layer 12 (mbert) — Worst 5 (highest SWD) ===
2025-12-16 12:07:17,533 - INFO - 1. yor: swd=0.021872
2025-12-16 12:07:17,533 - INFO - 2. bbj: swd=0.021552
2025-12-16 12:07:17,533 - INFO - 3. xho: swd=0.021111
2025-12-16 12:07:17,533 - INFO - 4. ibo: swd=0.020662
2025-12-16 12:07:17,533 - INFO - 5. bam: swd=0.020595
2025-12-16 12:07:17,533 - INFO - SWD experiment finished successfully.
