prosper@badkamer:/scratch/prosper/runyankoreNER$ CUDA_VISIBLE_DEVICES=$CUDA_VISIBLE_DEVICES python3 code/train_ner.py \
    --data_dir data/cross-lingual-transfer-experiments/runyankore_multilingual_harvard_dataset/all_languages_rnk/ \
    --model_type xlmroberta \
    --model_name_or_path $BERT_MODEL \
    --output_dir $OUTPUT_DIR \
    --max_seq_length $MAX_LENGTH \
    --num_train_epochs $NUM_EPOCHS \
    --per_gpu_train_batch_size $BATCH_SIZE \
    --save_steps $SAVE_STEPS \
    --seed $SEED \
    --do_train \
    --do_eval \
    --do_predict
Some weights of XLMRobertaForTokenClassification were not initialized from the model checkpoint at xlm-roberta-base and are newly initialized: ['classifier.bias', 'classifier.weight']
You should probably TRAIN this model on a down-stream task to be able to use it for predictions and inference.
04/04/2025 16:34:46 - INFO - __main__ -   Training/evaluation parameters Namespace(data_dir='data/cross-lingual-transfer-experiments/runyankore_multilingual_harvard_dataset/all_languages_rnk/', model_type='xlmroberta', model_name_or_path='xlm-roberta-base', input_dir=None, output_dir='models/runyankore_xlmr', test_result_file='test_results.txt', test_prediction_file='test_predictions.txt', labels='', config_name='', tokenizer_name='', cache_dir='', max_seq_length=164, do_train=True, do_finetune=False, do_eval=True, do_predict=True, evaluate_during_training=False, do_lower_case=False, per_gpu_train_batch_size=32, per_gpu_eval_batch_size=8, gradient_accumulation_steps=1, learning_rate=5e-05, weight_decay=0.0, adam_epsilon=1e-08, max_grad_norm=1.0, num_train_epochs=10.0, max_steps=-1, warmup_steps=0, logging_steps=500, save_steps=5000, eval_all_checkpoints=False, no_cuda=False, overwrite_output_dir=False, overwrite_cache=False, seed=1, local_rank=-1, server_ip='', server_port='', n_gpu=1, device=device(type='cuda'))
04/04/2025 16:34:46 - INFO - __main__ -   Creating features from dataset file at data/cross-lingual-transfer-experiments/runyankore_multilingual_harvard_dataset/all_languages_rnk/
04/04/2025 16:34:47 - INFO - utils_ner -   Writing example 0 of 155319
04/04/2025 16:34:47 - INFO - utils_ner -   *** Example ***
04/04/2025 16:34:47 - INFO - utils_ner -   guid: train-1
04/04/2025 16:34:47 - INFO - utils_ner -   tokens: <s> ▁By ona ▁e by aga mbwa ▁ni biz a ▁kush o hora ▁om u ▁ma kuru ▁ga ▁shah a ▁ish atu ▁ . </s>
04/04/2025 16:34:47 - INFO - utils_ner -   input_ids: 0 3311 2477 28 1272 4729 162805 300 24100 11 33978 31 27102 171 34 291 120209 914 90497 11 12277 7945 6 5 2 1 1 1 1 1 1 1 1 1 1 1 1 1 1 1 1 1 1 1 1 1 1 1 1 1 1 1 1 1 1 1 1 1 1 1 1 1 1 1 1 1 1 1 1 1 1 1 1 1 1 1 1 1 1 1 1 1 1 1 1 1 1 1 1 1 1 1 1 1 1 1 1 1 1 1 1 1 1 1 1 1 1 1 1 1 1 1 1 1 1 1 1 1 1 1 1 1 1 1 1 1 1 1 1 1 1 1 1 1 1 1 1 1 1 1 1 1 1 1 1 1 1 1 1 1 1 1 1 1 1 1 1 1 1 1 1 1 1 1
04/04/2025 16:34:47 - INFO - utils_ner -   input_mask: 1 1 1 1 1 1 1 1 1 1 1 1 1 1 1 1 1 1 1 1 1 1 1 1 1 0 0 0 0 0 0 0 0 0 0 0 0 0 0 0 0 0 0 0 0 0 0 0 0 0 0 0 0 0 0 0 0 0 0 0 0 0 0 0 0 0 0 0 0 0 0 0 0 0 0 0 0 0 0 0 0 0 0 0 0 0 0 0 0 0 0 0 0 0 0 0 0 0 0 0 0 0 0 0 0 0 0 0 0 0 0 0 0 0 0 0 0 0 0 0 0 0 0 0 0 0 0 0 0 0 0 0 0 0 0 0 0 0 0 0 0 0 0 0 0 0 0 0 0 0 0 0 0 0 0 0 0 0 0 0 0 0 0 0
04/04/2025 16:34:47 - INFO - utils_ner -   segment_ids: 0 0 0 0 0 0 0 0 0 0 0 0 0 0 0 0 0 0 0 0 0 0 0 0 0 0 0 0 0 0 0 0 0 0 0 0 0 0 0 0 0 0 0 0 0 0 0 0 0 0 0 0 0 0 0 0 0 0 0 0 0 0 0 0 0 0 0 0 0 0 0 0 0 0 0 0 0 0 0 0 0 0 0 0 0 0 0 0 0 0 0 0 0 0 0 0 0 0 0 0 0 0 0 0 0 0 0 0 0 0 0 0 0 0 0 0 0 0 0 0 0 0 0 0 0 0 0 0 0 0 0 0 0 0 0 0 0 0 0 0 0 0 0 0 0 0 0 0 0 0 0 0 0 0 0 0 0 0 0 0 0 0 0 0
04/04/2025 16:34:47 - INFO - utils_ner -   label_ids: -100 0 -100 0 -100 -100 -100 0 -100 -100 0 -100 -100 0 -100 0 -100 0 1 -100 2 -100 0 -100 -100 -100 -100 -100 -100 -100 -100 -100 -100 -100 -100 -100 -100 -100 -100 -100 -100 -100 -100 -100 -100 -100 -100 -100 -100 -100 -100 -100 -100 -100 -100 -100 -100 -100 -100 -100 -100 -100 -100 -100 -100 -100 -100 -100 -100 -100 -100 -100 -100 -100 -100 -100 -100 -100 -100 -100 -100 -100 -100 -100 -100 -100 -100 -100 -100 -100 -100 -100 -100 -100 -100 -100 -100 -100 -100 -100 -100 -100 -100 -100 -100 -100 -100 -100 -100 -100 -100 -100 -100 -100 -100 -100 -100 -100 -100 -100 -100 -100 -100 -100 -100 -100 -100 -100 -100 -100 -100 -100 -100 -100 -100 -100 -100 -100 -100 -100 -100 -100 -100 -100 -100 -100 -100 -100 -100 -100 -100 -100 -100 -100 -100 -100 -100 -100 -100 -100 -100 -100 -100 -100
04/04/2025 16:34:47 - INFO - utils_ner -   *** Example ***
04/04/2025 16:34:47 - INFO - utils_ner -   guid: train-2
04/04/2025 16:34:47 - INFO - utils_ner -   tokens: <s> ▁Hari ho ▁aba po ori isi ▁bin gi ▁om u ▁ta wu ni ▁yaitu ▁er izo oba ▁ . </s>
04/04/2025 16:34:47 - INFO - utils_ner -   input_ids: 0 9892 497 15855 771 3929 2726 2394 735 171 34 308 16612 93 10317 72 33602 16159 6 5 2 1 1 1 1 1 1 1 1 1 1 1 1 1 1 1 1 1 1 1 1 1 1 1 1 1 1 1 1 1 1 1 1 1 1 1 1 1 1 1 1 1 1 1 1 1 1 1 1 1 1 1 1 1 1 1 1 1 1 1 1 1 1 1 1 1 1 1 1 1 1 1 1 1 1 1 1 1 1 1 1 1 1 1 1 1 1 1 1 1 1 1 1 1 1 1 1 1 1 1 1 1 1 1 1 1 1 1 1 1 1 1 1 1 1 1 1 1 1 1 1 1 1 1 1 1 1 1 1 1 1 1 1 1 1 1 1 1 1 1 1 1 1 1
04/04/2025 16:34:47 - INFO - utils_ner -   input_mask: 1 1 1 1 1 1 1 1 1 1 1 1 1 1 1 1 1 1 1 1 1 0 0 0 0 0 0 0 0 0 0 0 0 0 0 0 0 0 0 0 0 0 0 0 0 0 0 0 0 0 0 0 0 0 0 0 0 0 0 0 0 0 0 0 0 0 0 0 0 0 0 0 0 0 0 0 0 0 0 0 0 0 0 0 0 0 0 0 0 0 0 0 0 0 0 0 0 0 0 0 0 0 0 0 0 0 0 0 0 0 0 0 0 0 0 0 0 0 0 0 0 0 0 0 0 0 0 0 0 0 0 0 0 0 0 0 0 0 0 0 0 0 0 0 0 0 0 0 0 0 0 0 0 0 0 0 0 0 0 0 0 0 0 0
04/04/2025 16:34:47 - INFO - utils_ner -   segment_ids: 0 0 0 0 0 0 0 0 0 0 0 0 0 0 0 0 0 0 0 0 0 0 0 0 0 0 0 0 0 0 0 0 0 0 0 0 0 0 0 0 0 0 0 0 0 0 0 0 0 0 0 0 0 0 0 0 0 0 0 0 0 0 0 0 0 0 0 0 0 0 0 0 0 0 0 0 0 0 0 0 0 0 0 0 0 0 0 0 0 0 0 0 0 0 0 0 0 0 0 0 0 0 0 0 0 0 0 0 0 0 0 0 0 0 0 0 0 0 0 0 0 0 0 0 0 0 0 0 0 0 0 0 0 0 0 0 0 0 0 0 0 0 0 0 0 0 0 0 0 0 0 0 0 0 0 0 0 0 0 0 0 0 0 0
04/04/2025 16:34:47 - INFO - utils_ner -   label_ids: -100 0 -100 0 -100 -100 -100 0 -100 0 -100 0 -100 -100 0 1 -100 -100 0 -100 -100 -100 -100 -100 -100 -100 -100 -100 -100 -100 -100 -100 -100 -100 -100 -100 -100 -100 -100 -100 -100 -100 -100 -100 -100 -100 -100 -100 -100 -100 -100 -100 -100 -100 -100 -100 -100 -100 -100 -100 -100 -100 -100 -100 -100 -100 -100 -100 -100 -100 -100 -100 -100 -100 -100 -100 -100 -100 -100 -100 -100 -100 -100 -100 -100 -100 -100 -100 -100 -100 -100 -100 -100 -100 -100 -100 -100 -100 -100 -100 -100 -100 -100 -100 -100 -100 -100 -100 -100 -100 -100 -100 -100 -100 -100 -100 -100 -100 -100 -100 -100 -100 -100 -100 -100 -100 -100 -100 -100 -100 -100 -100 -100 -100 -100 -100 -100 -100 -100 -100 -100 -100 -100 -100 -100 -100 -100 -100 -100 -100 -100 -100 -100 -100 -100 -100 -100 -100 -100 -100 -100 -100 -100 -100
04/04/2025 16:34:47 - INFO - utils_ner -   *** Example ***
04/04/2025 16:34:47 - INFO - utils_ner -   guid: train-3
04/04/2025 16:34:47 - INFO - utils_ner -   tokens: <s> ▁Na aza ▁kuba ▁na aza ▁a ha ▁yun ivas ite ▁om wa ka ▁og uri kwi ja ▁ . </s>
04/04/2025 16:34:47 - INFO - utils_ner -   input_ids: 0 353 11440 47977 24 11440 10 528 35608 29949 1486 171 634 161 60 1162 96855 145 6 5 2 1 1 1 1 1 1 1 1 1 1 1 1 1 1 1 1 1 1 1 1 1 1 1 1 1 1 1 1 1 1 1 1 1 1 1 1 1 1 1 1 1 1 1 1 1 1 1 1 1 1 1 1 1 1 1 1 1 1 1 1 1 1 1 1 1 1 1 1 1 1 1 1 1 1 1 1 1 1 1 1 1 1 1 1 1 1 1 1 1 1 1 1 1 1 1 1 1 1 1 1 1 1 1 1 1 1 1 1 1 1 1 1 1 1 1 1 1 1 1 1 1 1 1 1 1 1 1 1 1 1 1 1 1 1 1 1 1 1 1 1 1 1 1
04/04/2025 16:34:47 - INFO - utils_ner -   input_mask: 1 1 1 1 1 1 1 1 1 1 1 1 1 1 1 1 1 1 1 1 1 0 0 0 0 0 0 0 0 0 0 0 0 0 0 0 0 0 0 0 0 0 0 0 0 0 0 0 0 0 0 0 0 0 0 0 0 0 0 0 0 0 0 0 0 0 0 0 0 0 0 0 0 0 0 0 0 0 0 0 0 0 0 0 0 0 0 0 0 0 0 0 0 0 0 0 0 0 0 0 0 0 0 0 0 0 0 0 0 0 0 0 0 0 0 0 0 0 0 0 0 0 0 0 0 0 0 0 0 0 0 0 0 0 0 0 0 0 0 0 0 0 0 0 0 0 0 0 0 0 0 0 0 0 0 0 0 0 0 0 0 0 0 0
04/04/2025 16:34:47 - INFO - utils_ner -   segment_ids: 0 0 0 0 0 0 0 0 0 0 0 0 0 0 0 0 0 0 0 0 0 0 0 0 0 0 0 0 0 0 0 0 0 0 0 0 0 0 0 0 0 0 0 0 0 0 0 0 0 0 0 0 0 0 0 0 0 0 0 0 0 0 0 0 0 0 0 0 0 0 0 0 0 0 0 0 0 0 0 0 0 0 0 0 0 0 0 0 0 0 0 0 0 0 0 0 0 0 0 0 0 0 0 0 0 0 0 0 0 0 0 0 0 0 0 0 0 0 0 0 0 0 0 0 0 0 0 0 0 0 0 0 0 0 0 0 0 0 0 0 0 0 0 0 0 0 0 0 0 0 0 0 0 0 0 0 0 0 0 0 0 0 0 0
04/04/2025 16:34:47 - INFO - utils_ner -   label_ids: -100 0 -100 0 0 -100 0 -100 0 -100 -100 1 -100 -100 2 -100 -100 -100 0 -100 -100 -100 -100 -100 -100 -100 -100 -100 -100 -100 -100 -100 -100 -100 -100 -100 -100 -100 -100 -100 -100 -100 -100 -100 -100 -100 -100 -100 -100 -100 -100 -100 -100 -100 -100 -100 -100 -100 -100 -100 -100 -100 -100 -100 -100 -100 -100 -100 -100 -100 -100 -100 -100 -100 -100 -100 -100 -100 -100 -100 -100 -100 -100 -100 -100 -100 -100 -100 -100 -100 -100 -100 -100 -100 -100 -100 -100 -100 -100 -100 -100 -100 -100 -100 -100 -100 -100 -100 -100 -100 -100 -100 -100 -100 -100 -100 -100 -100 -100 -100 -100 -100 -100 -100 -100 -100 -100 -100 -100 -100 -100 -100 -100 -100 -100 -100 -100 -100 -100 -100 -100 -100 -100 -100 -100 -100 -100 -100 -100 -100 -100 -100 -100 -100 -100 -100 -100 -100 -100 -100 -100 -100 -100 -100
04/04/2025 16:34:47 - INFO - utils_ner -   *** Example ***
04/04/2025 16:34:47 - INFO - utils_ner -   guid: train-4
04/04/2025 16:34:47 - INFO - utils_ner -   tokens: <s> ▁Ha ka gwa ▁en ju ra ▁y ' amaan i ▁a ha ▁mwaka ▁mus ya ▁ . </s>
04/04/2025 16:34:47 - INFO - utils_ner -   input_ids: 0 1391 161 105270 22 461 219 113 25 25803 14 10 528 9353 8014 395 6 5 2 1 1 1 1 1 1 1 1 1 1 1 1 1 1 1 1 1 1 1 1 1 1 1 1 1 1 1 1 1 1 1 1 1 1 1 1 1 1 1 1 1 1 1 1 1 1 1 1 1 1 1 1 1 1 1 1 1 1 1 1 1 1 1 1 1 1 1 1 1 1 1 1 1 1 1 1 1 1 1 1 1 1 1 1 1 1 1 1 1 1 1 1 1 1 1 1 1 1 1 1 1 1 1 1 1 1 1 1 1 1 1 1 1 1 1 1 1 1 1 1 1 1 1 1 1 1 1 1 1 1 1 1 1 1 1 1 1 1 1 1 1 1 1 1 1
04/04/2025 16:34:47 - INFO - utils_ner -   input_mask: 1 1 1 1 1 1 1 1 1 1 1 1 1 1 1 1 1 1 1 0 0 0 0 0 0 0 0 0 0 0 0 0 0 0 0 0 0 0 0 0 0 0 0 0 0 0 0 0 0 0 0 0 0 0 0 0 0 0 0 0 0 0 0 0 0 0 0 0 0 0 0 0 0 0 0 0 0 0 0 0 0 0 0 0 0 0 0 0 0 0 0 0 0 0 0 0 0 0 0 0 0 0 0 0 0 0 0 0 0 0 0 0 0 0 0 0 0 0 0 0 0 0 0 0 0 0 0 0 0 0 0 0 0 0 0 0 0 0 0 0 0 0 0 0 0 0 0 0 0 0 0 0 0 0 0 0 0 0 0 0 0 0 0 0
04/04/2025 16:34:47 - INFO - utils_ner -   segment_ids: 0 0 0 0 0 0 0 0 0 0 0 0 0 0 0 0 0 0 0 0 0 0 0 0 0 0 0 0 0 0 0 0 0 0 0 0 0 0 0 0 0 0 0 0 0 0 0 0 0 0 0 0 0 0 0 0 0 0 0 0 0 0 0 0 0 0 0 0 0 0 0 0 0 0 0 0 0 0 0 0 0 0 0 0 0 0 0 0 0 0 0 0 0 0 0 0 0 0 0 0 0 0 0 0 0 0 0 0 0 0 0 0 0 0 0 0 0 0 0 0 0 0 0 0 0 0 0 0 0 0 0 0 0 0 0 0 0 0 0 0 0 0 0 0 0 0 0 0 0 0 0 0 0 0 0 0 0 0 0 0 0 0 0 0
04/04/2025 16:34:47 - INFO - utils_ner -   label_ids: -100 0 -100 -100 0 -100 -100 0 -100 -100 -100 0 -100 1 2 -100 0 -100 -100 -100 -100 -100 -100 -100 -100 -100 -100 -100 -100 -100 -100 -100 -100 -100 -100 -100 -100 -100 -100 -100 -100 -100 -100 -100 -100 -100 -100 -100 -100 -100 -100 -100 -100 -100 -100 -100 -100 -100 -100 -100 -100 -100 -100 -100 -100 -100 -100 -100 -100 -100 -100 -100 -100 -100 -100 -100 -100 -100 -100 -100 -100 -100 -100 -100 -100 -100 -100 -100 -100 -100 -100 -100 -100 -100 -100 -100 -100 -100 -100 -100 -100 -100 -100 -100 -100 -100 -100 -100 -100 -100 -100 -100 -100 -100 -100 -100 -100 -100 -100 -100 -100 -100 -100 -100 -100 -100 -100 -100 -100 -100 -100 -100 -100 -100 -100 -100 -100 -100 -100 -100 -100 -100 -100 -100 -100 -100 -100 -100 -100 -100 -100 -100 -100 -100 -100 -100 -100 -100 -100 -100 -100 -100 -100 -100
04/04/2025 16:34:47 - INFO - utils_ner -   *** Example ***
04/04/2025 16:34:47 - INFO - utils_ner -   guid: train-5
04/04/2025 16:34:47 - INFO - utils_ner -   tokens: <s> ▁O w ' e by ' o but egy e ki ▁na ate e kwa ▁kur e kur wa ▁om u ▁biro ▁bibir i ▁ . </s>
04/04/2025 16:34:47 - INFO - utils_ner -   input_ids: 0 180 434 25 13 1272 25 31 8789 18686 13 301 24 2182 13 10521 1694 13 2971 634 171 34 71009 107799 14 6 5 2 1 1 1 1 1 1 1 1 1 1 1 1 1 1 1 1 1 1 1 1 1 1 1 1 1 1 1 1 1 1 1 1 1 1 1 1 1 1 1 1 1 1 1 1 1 1 1 1 1 1 1 1 1 1 1 1 1 1 1 1 1 1 1 1 1 1 1 1 1 1 1 1 1 1 1 1 1 1 1 1 1 1 1 1 1 1 1 1 1 1 1 1 1 1 1 1 1 1 1 1 1 1 1 1 1 1 1 1 1 1 1 1 1 1 1 1 1 1 1 1 1 1 1 1 1 1 1 1 1 1 1 1 1 1 1 1
04/04/2025 16:34:47 - INFO - utils_ner -   input_mask: 1 1 1 1 1 1 1 1 1 1 1 1 1 1 1 1 1 1 1 1 1 1 1 1 1 1 1 1 0 0 0 0 0 0 0 0 0 0 0 0 0 0 0 0 0 0 0 0 0 0 0 0 0 0 0 0 0 0 0 0 0 0 0 0 0 0 0 0 0 0 0 0 0 0 0 0 0 0 0 0 0 0 0 0 0 0 0 0 0 0 0 0 0 0 0 0 0 0 0 0 0 0 0 0 0 0 0 0 0 0 0 0 0 0 0 0 0 0 0 0 0 0 0 0 0 0 0 0 0 0 0 0 0 0 0 0 0 0 0 0 0 0 0 0 0 0 0 0 0 0 0 0 0 0 0 0 0 0 0 0 0 0 0 0
04/04/2025 16:34:47 - INFO - utils_ner -   segment_ids: 0 0 0 0 0 0 0 0 0 0 0 0 0 0 0 0 0 0 0 0 0 0 0 0 0 0 0 0 0 0 0 0 0 0 0 0 0 0 0 0 0 0 0 0 0 0 0 0 0 0 0 0 0 0 0 0 0 0 0 0 0 0 0 0 0 0 0 0 0 0 0 0 0 0 0 0 0 0 0 0 0 0 0 0 0 0 0 0 0 0 0 0 0 0 0 0 0 0 0 0 0 0 0 0 0 0 0 0 0 0 0 0 0 0 0 0 0 0 0 0 0 0 0 0 0 0 0 0 0 0 0 0 0 0 0 0 0 0 0 0 0 0 0 0 0 0 0 0 0 0 0 0 0 0 0 0 0 0 0 0 0 0 0 0
04/04/2025 16:34:47 - INFO - utils_ner -   label_ids: -100 0 -100 -100 -100 -100 -100 -100 -100 -100 -100 -100 0 -100 -100 -100 0 -100 -100 -100 0 -100 1 2 -100 0 -100 -100 -100 -100 -100 -100 -100 -100 -100 -100 -100 -100 -100 -100 -100 -100 -100 -100 -100 -100 -100 -100 -100 -100 -100 -100 -100 -100 -100 -100 -100 -100 -100 -100 -100 -100 -100 -100 -100 -100 -100 -100 -100 -100 -100 -100 -100 -100 -100 -100 -100 -100 -100 -100 -100 -100 -100 -100 -100 -100 -100 -100 -100 -100 -100 -100 -100 -100 -100 -100 -100 -100 -100 -100 -100 -100 -100 -100 -100 -100 -100 -100 -100 -100 -100 -100 -100 -100 -100 -100 -100 -100 -100 -100 -100 -100 -100 -100 -100 -100 -100 -100 -100 -100 -100 -100 -100 -100 -100 -100 -100 -100 -100 -100 -100 -100 -100 -100 -100 -100 -100 -100 -100 -100 -100 -100 -100 -100 -100 -100 -100 -100 -100 -100 -100 -100 -100 -100
04/04/2025 16:34:50 - INFO - utils_ner -   Writing example 10000 of 155319
04/04/2025 16:34:52 - INFO - utils_ner -   Writing example 20000 of 155319
04/04/2025 16:34:55 - INFO - utils_ner -   Writing example 30000 of 155319
04/04/2025 16:34:59 - INFO - utils_ner -   Writing example 40000 of 155319
04/04/2025 16:35:02 - INFO - utils_ner -   Writing example 50000 of 155319
04/04/2025 16:35:04 - INFO - utils_ner -   Writing example 60000 of 155319
04/04/2025 16:35:08 - INFO - utils_ner -   Writing example 70000 of 155319
04/04/2025 16:35:11 - INFO - utils_ner -   Writing example 80000 of 155319
04/04/2025 16:35:14 - INFO - utils_ner -   Writing example 90000 of 155319
04/04/2025 16:35:17 - INFO - utils_ner -   Writing example 100000 of 155319
04/04/2025 16:35:20 - INFO - utils_ner -   Writing example 110000 of 155319
04/04/2025 16:35:23 - INFO - utils_ner -   Writing example 120000 of 155319
04/04/2025 16:35:26 - INFO - utils_ner -   Writing example 130000 of 155319
04/04/2025 16:35:28 - INFO - utils_ner -   Writing example 140000 of 155319
04/04/2025 16:35:31 - INFO - utils_ner -   Writing example 150000 of 155319
04/04/2025 16:35:32 - INFO - __main__ -   Saving features into cached file data/cross-lingual-transfer-experiments/runyankore_multilingual_harvard_dataset/all_languages_rnk/cached_train_xlm-roberta-base_164
/scratch/prosper/python-packages/transformers/optimization.py:591: FutureWarning: This implementation of AdamW is deprecated and will be removed in a future version. Use the PyTorch implementation torch.optim.AdamW instead, or set `no_deprecation_warning=True` to disable this warning
  warnings.warn(
04/04/2025 16:35:48 - INFO - __main__ -   ***** Running training *****
04/04/2025 16:35:48 - INFO - __main__ -     Num examples = 155319
04/04/2025 16:35:48 - INFO - __main__ -     Num Epochs = 10
04/04/2025 16:35:48 - INFO - __main__ -     Instantaneous batch size per GPU = 32
04/04/2025 16:35:48 - INFO - __main__ -     Total train batch size (w. parallel, distributed & accumulation) = 32
04/04/2025 16:35:48 - INFO - __main__ -     Gradient Accumulation steps = 1
04/04/2025 16:35:48 - INFO - __main__ -     Total optimization steps = 48540
Epoch:   0%|                                                                                                                                                           | 0/10 [00:00<?, ?it/s/scratch/prosper/python-packages/torch/optim/lr_scheduler.py:227: UserWarning: Detected call of `lr_scheduler.step()` before `optimizer.step()`. In PyTorch 1.1.0 and later, you should call them in the opposite order: `optimizer.step()` before `lr_scheduler.step()`.  Failure to do this will result in PyTorch skipping the first value of the learning rate schedule. See more details at https://pytorch.org/docs/stable/optim.html#how-to-adjust-learning-rate
  warnings.warn(
Iteration: 100%|██████████████████████████████████████████████████████████████████████████████████████████████████████████████████████████████████████████| 4854/4854 [08:24<00:00,  9.62it/s]
04/04/2025 16:44:13 - INFO - __main__ -   Creating features from dataset file at data/cross-lingual-transfer-experiments/runyankore_multilingual_harvard_dataset/all_languages_rnk/  9.61it/s]
04/04/2025 16:44:13 - INFO - utils_ner -   Writing example 0 of 1263
04/04/2025 16:44:13 - INFO - utils_ner -   *** Example ***
04/04/2025 16:44:13 - INFO - utils_ner -   guid: dev-1
04/04/2025 16:44:13 - INFO - utils_ner -   tokens: <s> ▁A bar ambu zi ▁bin gi ▁ni bata yari ra ▁Uganda ▁ buri ▁mwaka ▁ . </s>
04/04/2025 16:44:13 - INFO - utils_ner -   input_ids: 0 62 1299 70998 708 2394 735 300 28284 77231 219 96400 6 46834 9353 6 5 2 1 1 1 1 1 1 1 1 1 1 1 1 1 1 1 1 1 1 1 1 1 1 1 1 1 1 1 1 1 1 1 1 1 1 1 1 1 1 1 1 1 1 1 1 1 1 1 1 1 1 1 1 1 1 1 1 1 1 1 1 1 1 1 1 1 1 1 1 1 1 1 1 1 1 1 1 1 1 1 1 1 1 1 1 1 1 1 1 1 1 1 1 1 1 1 1 1 1 1 1 1 1 1 1 1 1 1 1 1 1 1 1 1 1 1 1 1 1 1 1 1 1 1 1 1 1 1 1 1 1 1 1 1 1 1 1 1 1 1 1 1 1 1 1 1 1
04/04/2025 16:44:13 - INFO - utils_ner -   input_mask: 1 1 1 1 1 1 1 1 1 1 1 1 1 1 1 1 1 1 0 0 0 0 0 0 0 0 0 0 0 0 0 0 0 0 0 0 0 0 0 0 0 0 0 0 0 0 0 0 0 0 0 0 0 0 0 0 0 0 0 0 0 0 0 0 0 0 0 0 0 0 0 0 0 0 0 0 0 0 0 0 0 0 0 0 0 0 0 0 0 0 0 0 0 0 0 0 0 0 0 0 0 0 0 0 0 0 0 0 0 0 0 0 0 0 0 0 0 0 0 0 0 0 0 0 0 0 0 0 0 0 0 0 0 0 0 0 0 0 0 0 0 0 0 0 0 0 0 0 0 0 0 0 0 0 0 0 0 0 0 0 0 0 0 0
04/04/2025 16:44:13 - INFO - utils_ner -   segment_ids: 0 0 0 0 0 0 0 0 0 0 0 0 0 0 0 0 0 0 0 0 0 0 0 0 0 0 0 0 0 0 0 0 0 0 0 0 0 0 0 0 0 0 0 0 0 0 0 0 0 0 0 0 0 0 0 0 0 0 0 0 0 0 0 0 0 0 0 0 0 0 0 0 0 0 0 0 0 0 0 0 0 0 0 0 0 0 0 0 0 0 0 0 0 0 0 0 0 0 0 0 0 0 0 0 0 0 0 0 0 0 0 0 0 0 0 0 0 0 0 0 0 0 0 0 0 0 0 0 0 0 0 0 0 0 0 0 0 0 0 0 0 0 0 0 0 0 0 0 0 0 0 0 0 0 0 0 0 0 0 0 0 0 0 0
04/04/2025 16:44:13 - INFO - utils_ner -   label_ids: -100 0 -100 -100 -100 0 -100 0 -100 -100 -100 7 1 -100 2 0 -100 -100 -100 -100 -100 -100 -100 -100 -100 -100 -100 -100 -100 -100 -100 -100 -100 -100 -100 -100 -100 -100 -100 -100 -100 -100 -100 -100 -100 -100 -100 -100 -100 -100 -100 -100 -100 -100 -100 -100 -100 -100 -100 -100 -100 -100 -100 -100 -100 -100 -100 -100 -100 -100 -100 -100 -100 -100 -100 -100 -100 -100 -100 -100 -100 -100 -100 -100 -100 -100 -100 -100 -100 -100 -100 -100 -100 -100 -100 -100 -100 -100 -100 -100 -100 -100 -100 -100 -100 -100 -100 -100 -100 -100 -100 -100 -100 -100 -100 -100 -100 -100 -100 -100 -100 -100 -100 -100 -100 -100 -100 -100 -100 -100 -100 -100 -100 -100 -100 -100 -100 -100 -100 -100 -100 -100 -100 -100 -100 -100 -100 -100 -100 -100 -100 -100 -100 -100 -100 -100 -100 -100 -100 -100 -100 -100 -100 -100
04/04/2025 16:44:13 - INFO - utils_ner -   *** Example ***
04/04/2025 16:44:13 - INFO - utils_ner -   guid: dev-2
04/04/2025 16:44:13 - INFO - utils_ner -   tokens: <s> ▁Eis heng y ero ▁ni ri hing uza ▁e bira gir o ▁bi tari ▁bi m we ▁na ▁bi m we ▁ buri ▁mwaka ▁ . </s>
04/04/2025 16:44:13 - INFO - utils_ner -   input_ids: 0 104331 32742 53 4036 300 416 33059 23332 28 114024 6920 31 333 7157 333 39 1177 24 333 39 1177 6 46834 9353 6 5 2 1 1 1 1 1 1 1 1 1 1 1 1 1 1 1 1 1 1 1 1 1 1 1 1 1 1 1 1 1 1 1 1 1 1 1 1 1 1 1 1 1 1 1 1 1 1 1 1 1 1 1 1 1 1 1 1 1 1 1 1 1 1 1 1 1 1 1 1 1 1 1 1 1 1 1 1 1 1 1 1 1 1 1 1 1 1 1 1 1 1 1 1 1 1 1 1 1 1 1 1 1 1 1 1 1 1 1 1 1 1 1 1 1 1 1 1 1 1 1 1 1 1 1 1 1 1 1 1 1 1 1 1 1 1 1 1
04/04/2025 16:44:13 - INFO - utils_ner -   input_mask: 1 1 1 1 1 1 1 1 1 1 1 1 1 1 1 1 1 1 1 1 1 1 1 1 1 1 1 1 0 0 0 0 0 0 0 0 0 0 0 0 0 0 0 0 0 0 0 0 0 0 0 0 0 0 0 0 0 0 0 0 0 0 0 0 0 0 0 0 0 0 0 0 0 0 0 0 0 0 0 0 0 0 0 0 0 0 0 0 0 0 0 0 0 0 0 0 0 0 0 0 0 0 0 0 0 0 0 0 0 0 0 0 0 0 0 0 0 0 0 0 0 0 0 0 0 0 0 0 0 0 0 0 0 0 0 0 0 0 0 0 0 0 0 0 0 0 0 0 0 0 0 0 0 0 0 0 0 0 0 0 0 0 0 0
04/04/2025 16:44:13 - INFO - utils_ner -   segment_ids: 0 0 0 0 0 0 0 0 0 0 0 0 0 0 0 0 0 0 0 0 0 0 0 0 0 0 0 0 0 0 0 0 0 0 0 0 0 0 0 0 0 0 0 0 0 0 0 0 0 0 0 0 0 0 0 0 0 0 0 0 0 0 0 0 0 0 0 0 0 0 0 0 0 0 0 0 0 0 0 0 0 0 0 0 0 0 0 0 0 0 0 0 0 0 0 0 0 0 0 0 0 0 0 0 0 0 0 0 0 0 0 0 0 0 0 0 0 0 0 0 0 0 0 0 0 0 0 0 0 0 0 0 0 0 0 0 0 0 0 0 0 0 0 0 0 0 0 0 0 0 0 0 0 0 0 0 0 0 0 0 0 0 0 0
04/04/2025 16:44:13 - INFO - utils_ner -   label_ids: -100 0 -100 -100 -100 0 -100 -100 -100 0 -100 -100 -100 0 -100 0 -100 -100 0 0 -100 -100 1 -100 2 0 -100 -100 -100 -100 -100 -100 -100 -100 -100 -100 -100 -100 -100 -100 -100 -100 -100 -100 -100 -100 -100 -100 -100 -100 -100 -100 -100 -100 -100 -100 -100 -100 -100 -100 -100 -100 -100 -100 -100 -100 -100 -100 -100 -100 -100 -100 -100 -100 -100 -100 -100 -100 -100 -100 -100 -100 -100 -100 -100 -100 -100 -100 -100 -100 -100 -100 -100 -100 -100 -100 -100 -100 -100 -100 -100 -100 -100 -100 -100 -100 -100 -100 -100 -100 -100 -100 -100 -100 -100 -100 -100 -100 -100 -100 -100 -100 -100 -100 -100 -100 -100 -100 -100 -100 -100 -100 -100 -100 -100 -100 -100 -100 -100 -100 -100 -100 -100 -100 -100 -100 -100 -100 -100 -100 -100 -100 -100 -100 -100 -100 -100 -100 -100 -100 -100 -100 -100 -100
04/04/2025 16:44:13 - INFO - utils_ner -   *** Example ***
04/04/2025 16:44:13 - INFO - utils_ner -   guid: dev-3
04/04/2025 16:44:13 - INFO - utils_ner -   tokens: <s> ▁Bara mu kom ire ho ▁e mir undi ▁en a ▁om u ▁kwe zi ▁kum we ▁ . </s>
04/04/2025 16:44:13 - INFO - utils_ner -   input_ids: 0 22411 561 1772 2149 497 28 4326 38177 22 11 171 34 16646 708 11418 1177 6 5 2 1 1 1 1 1 1 1 1 1 1 1 1 1 1 1 1 1 1 1 1 1 1 1 1 1 1 1 1 1 1 1 1 1 1 1 1 1 1 1 1 1 1 1 1 1 1 1 1 1 1 1 1 1 1 1 1 1 1 1 1 1 1 1 1 1 1 1 1 1 1 1 1 1 1 1 1 1 1 1 1 1 1 1 1 1 1 1 1 1 1 1 1 1 1 1 1 1 1 1 1 1 1 1 1 1 1 1 1 1 1 1 1 1 1 1 1 1 1 1 1 1 1 1 1 1 1 1 1 1 1 1 1 1 1 1 1 1 1 1 1 1 1 1 1
04/04/2025 16:44:13 - INFO - utils_ner -   input_mask: 1 1 1 1 1 1 1 1 1 1 1 1 1 1 1 1 1 1 1 1 0 0 0 0 0 0 0 0 0 0 0 0 0 0 0 0 0 0 0 0 0 0 0 0 0 0 0 0 0 0 0 0 0 0 0 0 0 0 0 0 0 0 0 0 0 0 0 0 0 0 0 0 0 0 0 0 0 0 0 0 0 0 0 0 0 0 0 0 0 0 0 0 0 0 0 0 0 0 0 0 0 0 0 0 0 0 0 0 0 0 0 0 0 0 0 0 0 0 0 0 0 0 0 0 0 0 0 0 0 0 0 0 0 0 0 0 0 0 0 0 0 0 0 0 0 0 0 0 0 0 0 0 0 0 0 0 0 0 0 0 0 0 0 0
04/04/2025 16:44:13 - INFO - utils_ner -   segment_ids: 0 0 0 0 0 0 0 0 0 0 0 0 0 0 0 0 0 0 0 0 0 0 0 0 0 0 0 0 0 0 0 0 0 0 0 0 0 0 0 0 0 0 0 0 0 0 0 0 0 0 0 0 0 0 0 0 0 0 0 0 0 0 0 0 0 0 0 0 0 0 0 0 0 0 0 0 0 0 0 0 0 0 0 0 0 0 0 0 0 0 0 0 0 0 0 0 0 0 0 0 0 0 0 0 0 0 0 0 0 0 0 0 0 0 0 0 0 0 0 0 0 0 0 0 0 0 0 0 0 0 0 0 0 0 0 0 0 0 0 0 0 0 0 0 0 0 0 0 0 0 0 0 0 0 0 0 0 0 0 0 0 0 0 0
04/04/2025 16:44:13 - INFO - utils_ner -   label_ids: -100 0 -100 -100 -100 -100 0 -100 -100 0 -100 0 -100 1 -100 2 -100 0 -100 -100 -100 -100 -100 -100 -100 -100 -100 -100 -100 -100 -100 -100 -100 -100 -100 -100 -100 -100 -100 -100 -100 -100 -100 -100 -100 -100 -100 -100 -100 -100 -100 -100 -100 -100 -100 -100 -100 -100 -100 -100 -100 -100 -100 -100 -100 -100 -100 -100 -100 -100 -100 -100 -100 -100 -100 -100 -100 -100 -100 -100 -100 -100 -100 -100 -100 -100 -100 -100 -100 -100 -100 -100 -100 -100 -100 -100 -100 -100 -100 -100 -100 -100 -100 -100 -100 -100 -100 -100 -100 -100 -100 -100 -100 -100 -100 -100 -100 -100 -100 -100 -100 -100 -100 -100 -100 -100 -100 -100 -100 -100 -100 -100 -100 -100 -100 -100 -100 -100 -100 -100 -100 -100 -100 -100 -100 -100 -100 -100 -100 -100 -100 -100 -100 -100 -100 -100 -100 -100 -100 -100 -100 -100 -100 -100
04/04/2025 16:44:13 - INFO - utils_ner -   *** Example ***
04/04/2025 16:44:13 - INFO - utils_ner -   guid: dev-4
04/04/2025 16:44:13 - INFO - utils_ner -   tokens: <s> ▁Om uri ▁Uganda ▁ , ▁a ban yama hanga ▁aba rik uta ▁sente ▁om u ▁mir imo ▁y ' ent ungu uka ▁be e yong ye ire ▁waa gy era gy eran isa ▁n ' em yaka ▁e y ' en y ima ▁ . </s>
04/04/2025 16:44:13 - INFO - utils_ner -   input_ids: 0 2383 1162 96400 6 4 10 761 41975 58146 15855 2154 3550 69351 171 34 2296 2414 113 25 2517 51642 8654 186 13 22047 1033 2149 6385 3432 1704 3432 30101 4542 653 25 195 122669 28 53 25 33 53 1352 6 5 2 1 1 1 1 1 1 1 1 1 1 1 1 1 1 1 1 1 1 1 1 1 1 1 1 1 1 1 1 1 1 1 1 1 1 1 1 1 1 1 1 1 1 1 1 1 1 1 1 1 1 1 1 1 1 1 1 1 1 1 1 1 1 1 1 1 1 1 1 1 1 1 1 1 1 1 1 1 1 1 1 1 1 1 1 1 1 1 1 1 1 1 1 1 1 1 1 1 1 1 1 1 1 1 1 1 1 1 1 1 1 1 1 1 1 1 1 1
04/04/2025 16:44:13 - INFO - utils_ner -   input_mask: 1 1 1 1 1 1 1 1 1 1 1 1 1 1 1 1 1 1 1 1 1 1 1 1 1 1 1 1 1 1 1 1 1 1 1 1 1 1 1 1 1 1 1 1 1 1 1 0 0 0 0 0 0 0 0 0 0 0 0 0 0 0 0 0 0 0 0 0 0 0 0 0 0 0 0 0 0 0 0 0 0 0 0 0 0 0 0 0 0 0 0 0 0 0 0 0 0 0 0 0 0 0 0 0 0 0 0 0 0 0 0 0 0 0 0 0 0 0 0 0 0 0 0 0 0 0 0 0 0 0 0 0 0 0 0 0 0 0 0 0 0 0 0 0 0 0 0 0 0 0 0 0 0 0 0 0 0 0 0 0 0 0 0 0
04/04/2025 16:44:13 - INFO - utils_ner -   segment_ids: 0 0 0 0 0 0 0 0 0 0 0 0 0 0 0 0 0 0 0 0 0 0 0 0 0 0 0 0 0 0 0 0 0 0 0 0 0 0 0 0 0 0 0 0 0 0 0 0 0 0 0 0 0 0 0 0 0 0 0 0 0 0 0 0 0 0 0 0 0 0 0 0 0 0 0 0 0 0 0 0 0 0 0 0 0 0 0 0 0 0 0 0 0 0 0 0 0 0 0 0 0 0 0 0 0 0 0 0 0 0 0 0 0 0 0 0 0 0 0 0 0 0 0 0 0 0 0 0 0 0 0 0 0 0 0 0 0 0 0 0 0 0 0 0 0 0 0 0 0 0 0 0 0 0 0 0 0 0 0 0 0 0 0 0
04/04/2025 16:44:13 - INFO - utils_ner -   label_ids: -100 0 -100 1 0 -100 0 -100 -100 -100 0 -100 -100 0 0 -100 0 -100 0 -100 -100 -100 -100 0 -100 -100 -100 -100 0 -100 -100 -100 -100 -100 1 -100 -100 -100 2 -100 -100 -100 -100 -100 0 -100 -100 -100 -100 -100 -100 -100 -100 -100 -100 -100 -100 -100 -100 -100 -100 -100 -100 -100 -100 -100 -100 -100 -100 -100 -100 -100 -100 -100 -100 -100 -100 -100 -100 -100 -100 -100 -100 -100 -100 -100 -100 -100 -100 -100 -100 -100 -100 -100 -100 -100 -100 -100 -100 -100 -100 -100 -100 -100 -100 -100 -100 -100 -100 -100 -100 -100 -100 -100 -100 -100 -100 -100 -100 -100 -100 -100 -100 -100 -100 -100 -100 -100 -100 -100 -100 -100 -100 -100 -100 -100 -100 -100 -100 -100 -100 -100 -100 -100 -100 -100 -100 -100 -100 -100 -100 -100 -100 -100 -100 -100 -100 -100 -100 -100 -100 -100 -100 -100
04/04/2025 16:44:13 - INFO - utils_ner -   *** Example ***
04/04/2025 16:44:13 - INFO - utils_ner -   guid: dev-5
04/04/2025 16:44:13 - INFO - utils_ner -   tokens: <s> ▁Aki iju rur wa ▁kuza ▁a ha ▁it agi ▁er indi ▁om wa ka ▁og uh wir e ▁ . </s>
04/04/2025 16:44:13 - INFO - utils_ner -   input_ids: 0 36851 22787 59925 634 107365 10 528 442 22630 72 19904 171 634 161 60 5951 17084 13 6 5 2 1 1 1 1 1 1 1 1 1 1 1 1 1 1 1 1 1 1 1 1 1 1 1 1 1 1 1 1 1 1 1 1 1 1 1 1 1 1 1 1 1 1 1 1 1 1 1 1 1 1 1 1 1 1 1 1 1 1 1 1 1 1 1 1 1 1 1 1 1 1 1 1 1 1 1 1 1 1 1 1 1 1 1 1 1 1 1 1 1 1 1 1 1 1 1 1 1 1 1 1 1 1 1 1 1 1 1 1 1 1 1 1 1 1 1 1 1 1 1 1 1 1 1 1 1 1 1 1 1 1 1 1 1 1 1 1 1 1 1 1 1 1
04/04/2025 16:44:13 - INFO - utils_ner -   input_mask: 1 1 1 1 1 1 1 1 1 1 1 1 1 1 1 1 1 1 1 1 1 1 0 0 0 0 0 0 0 0 0 0 0 0 0 0 0 0 0 0 0 0 0 0 0 0 0 0 0 0 0 0 0 0 0 0 0 0 0 0 0 0 0 0 0 0 0 0 0 0 0 0 0 0 0 0 0 0 0 0 0 0 0 0 0 0 0 0 0 0 0 0 0 0 0 0 0 0 0 0 0 0 0 0 0 0 0 0 0 0 0 0 0 0 0 0 0 0 0 0 0 0 0 0 0 0 0 0 0 0 0 0 0 0 0 0 0 0 0 0 0 0 0 0 0 0 0 0 0 0 0 0 0 0 0 0 0 0 0 0 0 0 0 0
04/04/2025 16:44:13 - INFO - utils_ner -   segment_ids: 0 0 0 0 0 0 0 0 0 0 0 0 0 0 0 0 0 0 0 0 0 0 0 0 0 0 0 0 0 0 0 0 0 0 0 0 0 0 0 0 0 0 0 0 0 0 0 0 0 0 0 0 0 0 0 0 0 0 0 0 0 0 0 0 0 0 0 0 0 0 0 0 0 0 0 0 0 0 0 0 0 0 0 0 0 0 0 0 0 0 0 0 0 0 0 0 0 0 0 0 0 0 0 0 0 0 0 0 0 0 0 0 0 0 0 0 0 0 0 0 0 0 0 0 0 0 0 0 0 0 0 0 0 0 0 0 0 0 0 0 0 0 0 0 0 0 0 0 0 0 0 0 0 0 0 0 0 0 0 0 0 0 0 0
04/04/2025 16:44:13 - INFO - utils_ner -   label_ids: -100 0 -100 -100 -100 0 0 -100 0 -100 0 -100 1 -100 -100 2 -100 -100 -100 0 -100 -100 -100 -100 -100 -100 -100 -100 -100 -100 -100 -100 -100 -100 -100 -100 -100 -100 -100 -100 -100 -100 -100 -100 -100 -100 -100 -100 -100 -100 -100 -100 -100 -100 -100 -100 -100 -100 -100 -100 -100 -100 -100 -100 -100 -100 -100 -100 -100 -100 -100 -100 -100 -100 -100 -100 -100 -100 -100 -100 -100 -100 -100 -100 -100 -100 -100 -100 -100 -100 -100 -100 -100 -100 -100 -100 -100 -100 -100 -100 -100 -100 -100 -100 -100 -100 -100 -100 -100 -100 -100 -100 -100 -100 -100 -100 -100 -100 -100 -100 -100 -100 -100 -100 -100 -100 -100 -100 -100 -100 -100 -100 -100 -100 -100 -100 -100 -100 -100 -100 -100 -100 -100 -100 -100 -100 -100 -100 -100 -100 -100 -100 -100 -100 -100 -100 -100 -100 -100 -100 -100 -100 -100 -100
04/04/2025 16:44:13 - INFO - __main__ -   Saving features into cached file data/cross-lingual-transfer-experiments/runyankore_multilingual_harvard_dataset/all_languages_rnk/cached_dev_xlm-roberta-base_164
04/04/2025 16:44:13 - INFO - __main__ -   ***** Running evaluation  *****
04/04/2025 16:44:13 - INFO - __main__ -     Num examples = 1263
04/04/2025 16:44:13 - INFO - __main__ -     Batch size = 8
Evaluating: 100%|██████████████████████████████████████████████████████████████████████████████████████████████████████████████████████████████████████████| 158/158 [00:01<00:00, 125.01it/s]
eval result:  4854 0.60094███████████████████████████████████████████████████████████████████████████████████████████████████████████████████████████████▎ | 156/158 [00:01<00:00, 122.96it/s]
04/04/2025 16:44:15 - INFO - __main__ -   Saving model checkpoint to models/runyankore_xlmr
Iteration: 100%|██████████████████████████████████████████████████████████████████████████████████████████████████████████████████████████████████████████| 4854/4854 [08:24<00:00,  9.62it/s]
04/04/2025 16:52:40 - INFO - __main__ -   Loading features from cached file data/cross-lingual-transfer-experiments/runyankore_multilingual_harvard_dataset/all_languages_rnk/cached_dev_xlm-roberta-base_164
04/04/2025 16:52:40 - INFO - __main__ -   ***** Running evaluation  *****
04/04/2025 16:52:40 - INFO - __main__ -     Num examples = 1263
04/04/2025 16:52:40 - INFO - __main__ -     Batch size = 8
Evaluating: 100%|██████████████████████████████████████████████████████████████████████████████████████████████████████████████████████████████████████████| 158/158 [00:01<00:00, 124.94it/s]
eval result:  9708 0.66079███████████████████████████████████████████████████████████████████████████████████████████████████████████████████████████████▎ | 156/158 [00:01<00:00, 122.26it/s]
04/04/2025 16:52:47 - INFO - __main__ -   Saving model checkpoint to models/runyankore_xlmr
Iteration: 100%|██████████████████████████████████████████████████████████████████████████████████████████████████████████████████████████████████████████| 4854/4854 [08:23<00:00,  9.64it/s]
04/04/2025 17:01:11 - INFO - __main__ -   Loading features from cached file data/cross-lingual-transfer-experiments/runyankore_multilingual_harvard_dataset/all_languages_rnk/cached_dev_xlm-roberta-base_164
04/04/2025 17:01:11 - INFO - __main__ -   ***** Running evaluation  *****
04/04/2025 17:01:11 - INFO - __main__ -     Num examples = 1263
04/04/2025 17:01:11 - INFO - __main__ -     Batch size = 8
Evaluating: 100%|██████████████████████████████████████████████████████████████████████████████████████████████████████████████████████████████████████████| 158/158 [00:01<00:00, 125.38it/s]
eval result:  14562 0.70455██████████████████████████████████████████████████████████████████████████████████████████████████████████████████████████████▎ | 156/158 [00:01<00:00, 123.15it/s]
04/04/2025 17:01:18 - INFO - __main__ -   Saving model checkpoint to models/runyankore_xlmr
Iteration: 100%|██████████████████████████████████████████████████████████████████████████████████████████████████████████████████████████████████████████| 4854/4854 [08:24<00:00,  9.63it/s]
04/04/2025 17:09:42 - INFO - __main__ -   Loading features from cached file data/cross-lingual-transfer-experiments/runyankore_multilingual_harvard_dataset/all_languages_rnk/cached_dev_xlm-roberta-base_164
04/04/2025 17:09:42 - INFO - __main__ -   ***** Running evaluation  *****
04/04/2025 17:09:42 - INFO - __main__ -     Num examples = 1263
04/04/2025 17:09:42 - INFO - __main__ -     Batch size = 8
Evaluating: 100%|██████████████████████████████████████████████████████████████████████████████████████████████████████████████████████████████████████████| 158/158 [00:01<00:00, 125.72it/s]
eval result:  19416 0.71239███████████████████████████████████████████████████████████████████████████████████████████████████████████████████████████████▏| 157/158 [00:01<00:00, 123.10it/s]
04/04/2025 17:09:49 - INFO - __main__ -   Saving model checkpoint to models/runyankore_xlmr
Iteration: 100%|██████████████████████████████████████████████████████████████████████████████████████████████████████████████████████████████████████████| 4854/4854 [08:24<00:00,  9.63it/s]
04/04/2025 17:18:13 - INFO - __main__ -   Loading features from cached file data/cross-lingual-transfer-experiments/runyankore_multilingual_harvard_dataset/all_languages_rnk/cached_dev_xlm-roberta-base_164
04/04/2025 17:18:13 - INFO - __main__ -   ***** Running evaluation  *****
04/04/2025 17:18:13 - INFO - __main__ -     Num examples = 1263
04/04/2025 17:18:13 - INFO - __main__ -     Batch size = 8
Evaluating: 100%|██████████████████████████████████████████████████████████████████████████████████████████████████████████████████████████████████████████| 158/158 [00:01<00:00, 124.23it/s]
eval result:  24270 0.70562██████████████████████████████████████████████████████████████████████████████████████████████████████████████████████████████▎ | 156/158 [00:01<00:00, 122.10it/s]
Iteration: 100%|██████████████████████████████████████████████████████████████████████████████████████████████████████████████████████████████████████████| 4854/4854 [08:24<00:00,  9.61it/s]
04/04/2025 17:26:39 - INFO - __main__ -   Loading features from cached file data/cross-lingual-transfer-experiments/runyankore_multilingual_harvard_dataset/all_languages_rnk/cached_dev_xlm-roberta-base_164
04/04/2025 17:26:39 - INFO - __main__ -   ***** Running evaluation  *****
04/04/2025 17:26:39 - INFO - __main__ -     Num examples = 1263
04/04/2025 17:26:39 - INFO - __main__ -     Batch size = 8
Evaluating: 100%|██████████████████████████████████████████████████████████████████████████████████████████████████████████████████████████████████████████| 158/158 [00:01<00:00, 125.36it/s]
eval result:  29124 0.71296███████████████████████████████████████████████████████████████████████████████████████████████████████████████████████████████▏| 157/158 [00:01<00:00, 122.96it/s]
04/04/2025 17:26:47 - INFO - __main__ -   Saving model checkpoint to models/runyankore_xlmr
Epoch:  60%|███████████████████████████████████████████████████████████████████████████████████████▌                                                          | 6/10 [50:58<33:59, 509.89s/it]
Iteration:  41%|████████████████████████████████████████████████████████▍                                                                                 | 1984Iteration:  41%|████████████████████████████████████████████████████████▍                                                                                 | 1985Iteration:  41%|████████████████████████████████████████████████████████▍                                                                                 | 1986Iteration:  41%|████████████████████████████████████████████████████████▍                                                                                 | 1987Iteration:  41%|████████████████████████████████████████████████████████▌                                                                                 | 1988Iteration:  41%|████████████████████████████████████████████████████████▌                                                                                 | 1989Iteration:  41%|████████████████████████████████████████████████████████▌                                                                                 | 1990Iteration:  41%|████████████████████████████████████████████████████████▌                                                                                 | 1991Iteration:  41%|████████████████████████████████████████████████████████▋                                                                                 | 1992Iteration:  41%|████████████████████████████████████████████████████████▋                                                                                 | 1993Iteration:  41%|████████████████████████████████████████████████████████▋                                                                                 | 1994Iteration:  41%|████████████████████████████████████████████████████████▋                                                                                 | 1995Iteration:  41%|████████████████████████████████████████████████████████▋                                                                                 | 1996Iteration:  41%|████████████████████████████████████████████████████████▊                                                                                 | 1997Iteration:  41%|████████████████████████████████████████████████████████▊                                                                                 | 1998Iteration:  41%|████████████████████████████████████████████████████████▊                                                                                 | 1999Iteration:  41%|████████████████████████████████████████████████████████▊                                                                                 | 2000Iteration:  41%|████████████████████████████████████████████████████████▉                                                                                 | 2001Iteration:  41%|████████████████████████████████████████████████████████▉                                                                                 | 2002Iteration:  41%|████████████████████████████████████████████████████████▉                                                                                 | 2003Iteration:  41%|████████████████████████████████████████████████████████▉                                                                                 | 2004Iteration:  41%|█████████████████████████████████████████████████████████                                                                                 | 2005Iteration:  41%|█████████████████████████████████████████████████████████                                                                                 | 2006Iteration:  41%|█████████████████████████████████████████████████████████                                                                                 | 2007Iteration:  41%|█████████████████████████████████████████████████████████                                                                                 | 2008Iteration:  41%|█████████████████████████████████████████████████████████                                                                                 | 2009Iteration:  41%|█████████████████████████████████████████████████████████▏                                                                                | 2010Iteration:  41%|█████████████████████████████████████████████████████████▏                                                                                | 2011Iteration:  41%|█████████████████████████████████████████████████████████▏                                                                                | 2012Iteration:  41%|█████████████████████████████████████████████████████████▏                                                                                | 2013Iteration:  41%|█████████████████████████████████████████████████████████▎                                                                                | 2014Iteration:  42%|█████████████████████████████████████████████████████████▎                                                                                | 2015Iteration:  42%|█████████████████████████████████████████████████████████▎                                                                                | 2016Iteration:  42%|█████████████████████████████████████████████████████████▎                                                                                | 2017Iteration:  42%|█████████████████████████████████████████████████████████▎                                                                                | 2018Iteration:  42%|█████████████████████████████████████████████████████████▍                                                                                | 2019Iteration:  42%|█████████████████████████████████████████████████████████▍                                                                                | 2020Iteration:  42%|█████████████████████████████████████████████████████████▍                                                                                | 2021Iteration:  42%|█████████████████████████████████████████████████████████▍                                                                                | 2022Iteration:  42%|█████████████████████████████████████████████████████████▌                                                                                | 2023Iteration:  42%|█████████████████████████████████████████████████████████▌                                                                                | 2024Iteration:  42%|█████████████████████████████████████████████████████████▌                                                                                | 2025Iteration:  42%|█████████████████████████████████████████████████████████▌                                                                                | 2026Iteration:  42%|█████████████████████████████████████████████████████████▋                                                                                | 2027Iteration:  42%|█████████████████████████████████████████████████████████▋                                                                                | 2028Iteration:  42%|█████████████████████████████████████████████████████████▋                                                                                | 2029Iteration:  42%|█████████████████████████████████████████████████████████▋                                                                                | 2030Iteration:  42%|█████████████████████████████████████████████████████████▋                                                                                | 2031Iteration:  42%|█████████████████████████████████████████████████████████▊                                                                                | 2032Iteration:  42%|█████████████████████████████████████████████████████████▊                                                                                | 2033Iteration:  42%|█████████████████████████████████████████████████████████▊                                                                                | 2034Iteration:  42%|█████████████████████████████████████████████████████████▊                                                                                | 2035Iteration:  42%|█████████████████████████████████████████████████████████▉                                                                                | 2036Iteration:  42%|█████████████████████████████████████████████████████████▉                                                                                | 2037Iteration:  42%|█████████████████████████████████████████████████████████▉                                                                                | 2038Iteration:  42%|█████████████████████████████████████████████████████████▉                                                                                | 2039Iteration:  42%|█████████████████████████████████████████████████████████▉                                                                                | 2040Iteration:  42%|██████████████████████████████████████████████████████████                                                                                | 2041Iteration:  42%|██████████████████████████████████████████████████████████                                                                                | 2042Iteration:  42%|██████████████████████████████████████████████████████████                                                                                | 2043Iteration:  42%|██████████████████████████████████████████████████████████                                                                                | 2044Iteration:  42%|██████████████████████████████████████████████████████████▏                                             Iteration: 100%|██████████████████████████████████████████████████████████████████████████████████████████████████████████████████████████████████████████| 4854/4854 [08:25<00:00,  9.61it/s]04/04/2025 17:35:12 - INFO - __main__ -   Loading features from cached file data/cross-lingual-transfer-experiments/runyankore_multilingual_harvard_dataset/all_languages_rnk/cached_dev_xlm-roberta-base_164
04/04/2025 17:35:12 - INFO - __main__ -   ***** Running evaluation  *****
04/04/2025 17:35:12 - INFO - __main__ -     Num examples = 1263
04/04/2025 17:35:12 - INFO - __main__ -     Batch size = 8
Evaluating: 100%|██████████████████████████████████████████████████████████████████████████████████████████████████████████████████████████████████████████| 158/158 [00:01<00:00, 124.16it/s]
eval result:  33978 0.70776█████████████████████████████████████████████████████████████████████████████████████████████████████████████████████████████▍  | 155/158 [00:01<00:00, 122.40it/s]
Iteration: 100%|██████████████████████████████████████████████████████████████████████████████████████████████████████████████████████████████████████████| 4854/4854 [08:25<00:00,  9.61it/s]
04/04/2025 17:43:38 - INFO - __main__ -   Loading features from cached file data/cross-lingual-transfer-experiments/runyankore_multilingual_harvard_dataset/all_languages_rnk/cached_dev_xlm-roberta-base_164
04/04/2025 17:43:38 - INFO - __main__ -   ***** Running evaluation  *****
04/04/2025 17:43:38 - INFO - __main__ -     Num examples = 1263
04/04/2025 17:43:38 - INFO - __main__ -     Batch size = 8
Evaluating: 100%|██████████████████████████████████████████████████████████████████████████████████████████████████████████████████████████████████████████| 158/158 [00:01<00:00, 125.29it/s]
eval result:  38832 0.7156████████████████████████████████████████████████████████████████████████████████████████████████████████████████████████████████▏| 157/158 [00:01<00:00, 122.94it/s]
04/04/2025 17:43:45 - INFO - __main__ -   Saving model checkpoint to models/runyankore_xlmr
Iteration: 100%|██████████████████████████████████████████████████████████████████████████████████████████████████████████████████████████████████████████| 4854/4854 [08:24<00:00,  9.62it/s]
04/04/2025 17:52:10 - INFO - __main__ -   Loading features from cached file data/cross-lingual-transfer-experiments/runyankore_multilingual_harvard_dataset/all_languages_rnk/cached_dev_xlm-roberta-base_164
04/04/2025 17:52:10 - INFO - __main__ -   ***** Running evaluation  *****
04/04/2025 17:52:10 - INFO - __main__ -     Num examples = 1263
04/04/2025 17:52:10 - INFO - __main__ -     Batch size = 8
Evaluating: 100%|██████████████████████████████████████████████████████████████████████████████████████████████████████████████████████████████████████████| 158/158 [00:01<00:00, 125.60it/s]
eval result:  43686 0.71689██████████████████████████████████████████████████████████████████████████████████████████████████████████████████████████████▎ | 156/158 [00:01<00:00, 123.38it/s]
04/04/2025 17:52:17 - INFO - __main__ -   Saving model checkpoint to models/runyankore_xlmr
Iteration: 100%|██████████████████████████████████████████████████████████████████████████████████████████████████████████████████████████████████████████| 4854/4854 [08:25<00:00,  9.61it/s]
04/04/2025 18:00:42 - INFO - __main__ -   Loading features from cached file data/cross-lingual-transfer-experiments/runyankore_multilingual_harvard_dataset/all_languages_rnk/cached_dev_xlm-roberta-base_164
04/04/2025 18:00:42 - INFO - __main__ -   ***** Running evaluation  *****
04/04/2025 18:00:42 - INFO - __main__ -     Num examples = 1263
04/04/2025 18:00:42 - INFO - __main__ -     Batch size = 8
Evaluating: 100%|██████████████████████████████████████████████████████████████████████████████████████████████████████████████████████████████████████████| 158/158 [00:01<00:00, 125.23it/s]
eval result:  48540 0.72235██████████████████████████████████████████████████████████████████████████████████████████████████████████████████████████████▎ | 156/158 [00:01<00:00, 123.15it/s]
04/04/2025 18:00:49 - INFO - __main__ -   Saving model checkpoint to models/runyankore_xlmr
Epoch: 100%|███████████████████████████████████████████████████████████████████████████████████████████████████████████████████████████████████████████████| 10/10 [1:25:01<00:00, 510.10s/it]
04/04/2025 18:00:49 - INFO - __main__ -   Loading features from cached file data/cross-lingual-transfer-experiments/runyankore_multilingual_harvard_dataset/all_languages_rnk/cached_dev_xlm-roberta-base_164
04/04/2025 18:00:49 - INFO - __main__ -   ***** Running evaluation  *****
04/04/2025 18:00:49 - INFO - __main__ -     Num examples = 1263
04/04/2025 18:00:49 - INFO - __main__ -     Batch size = 8
Evaluating: 100%|██████████████████████████████████████████████████████████████████████████████████████████████████████████████████████████████████████████| 158/158 [00:01<00:00, 125.01it/s]
04/04/2025 18:00:51 - INFO - __main__ -    global_step = 48540, average loss = 0.030810187854099648
04/04/2025 18:00:51 - INFO - __main__ -   Saving model checkpoint to models/runyankore_xlmr
04/04/2025 18:00:57 - INFO - __main__ -   Evaluate the following checkpoints: ['models/runyankore_xlmr']
04/04/2025 18:00:57 - INFO - __main__ -   Loading features from cached file data/cross-lingual-transfer-experiments/runyankore_multilingual_harvard_dataset/all_languages_rnk/cached_dev_xlm-roberta-base_164
04/04/2025 18:00:57 - INFO - __main__ -   ***** Running evaluation  *****
04/04/2025 18:00:57 - INFO - __main__ -     Num examples = 1263
04/04/2025 18:00:57 - INFO - __main__ -     Batch size = 8
Evaluating: 100%|██████████████████████████████████████████████████████████████████████████████████████████████████████████████████████████████████████████| 158/158 [00:01<00:00, 123.27it/s]
04/04/2025 18:00:58 - INFO - __main__ -   ***** Eval results  *****
04/04/2025 18:00:58 - INFO - __main__ -     f1 = 0.7223476297968396
04/04/2025 18:00:58 - INFO - __main__ -     loss = 0.09274093886367292
04/04/2025 18:00:58 - INFO - __main__ -     precision = 0.730593607305936
04/04/2025 18:00:58 - INFO - __main__ -     recall = 0.7142857142857143
04/04/2025 18:00:58 - INFO - __main__ -     report =               precision    recall  f1-score   support

        DATE       0.78      0.68      0.72       105
         LOC       0.78      0.80      0.79       100
         ORG       0.44      0.44      0.44        18
         PER       0.14      1.00      0.25         1

   micro avg       0.73      0.71      0.72       224
   macro avg       0.54      0.73      0.55       224
weighted avg       0.75      0.71      0.73       224

04/04/2025 18:00:59 - INFO - __main__ -   Creating features from dataset file at data/cross-lingual-transfer-experiments/runyankore_multilingual_harvard_dataset/all_languages_rnk/
04/04/2025 18:00:59 - INFO - utils_ner -   Writing example 0 of 1269
04/04/2025 18:00:59 - INFO - utils_ner -   *** Example ***
04/04/2025 18:00:59 - INFO - utils_ner -   guid: test-1
04/04/2025 18:00:59 - INFO - utils_ner -   tokens: <s> ▁A bantu ▁bari kur umba ▁maga na ▁ana ▁bata hi ib we ▁om u ▁po ori isi ▁nyom web az yo ▁ . </s>
04/04/2025 18:00:59 - INFO - utils_ner -   input_ids: 0 62 41225 27837 2971 29381 15323 76 3877 8336 979 2566 1177 171 34 160 3929 2726 26002 14051 1828 1410 6 5 2 1 1 1 1 1 1 1 1 1 1 1 1 1 1 1 1 1 1 1 1 1 1 1 1 1 1 1 1 1 1 1 1 1 1 1 1 1 1 1 1 1 1 1 1 1 1 1 1 1 1 1 1 1 1 1 1 1 1 1 1 1 1 1 1 1 1 1 1 1 1 1 1 1 1 1 1 1 1 1 1 1 1 1 1 1 1 1 1 1 1 1 1 1 1 1 1 1 1 1 1 1 1 1 1 1 1 1 1 1 1 1 1 1 1 1 1 1 1 1 1 1 1 1 1 1 1 1 1 1 1 1 1 1 1 1 1 1 1 1
04/04/2025 18:00:59 - INFO - utils_ner -   input_mask: 1 1 1 1 1 1 1 1 1 1 1 1 1 1 1 1 1 1 1 1 1 1 1 1 1 0 0 0 0 0 0 0 0 0 0 0 0 0 0 0 0 0 0 0 0 0 0 0 0 0 0 0 0 0 0 0 0 0 0 0 0 0 0 0 0 0 0 0 0 0 0 0 0 0 0 0 0 0 0 0 0 0 0 0 0 0 0 0 0 0 0 0 0 0 0 0 0 0 0 0 0 0 0 0 0 0 0 0 0 0 0 0 0 0 0 0 0 0 0 0 0 0 0 0 0 0 0 0 0 0 0 0 0 0 0 0 0 0 0 0 0 0 0 0 0 0 0 0 0 0 0 0 0 0 0 0 0 0 0 0 0 0 0 0
04/04/2025 18:00:59 - INFO - utils_ner -   segment_ids: 0 0 0 0 0 0 0 0 0 0 0 0 0 0 0 0 0 0 0 0 0 0 0 0 0 0 0 0 0 0 0 0 0 0 0 0 0 0 0 0 0 0 0 0 0 0 0 0 0 0 0 0 0 0 0 0 0 0 0 0 0 0 0 0 0 0 0 0 0 0 0 0 0 0 0 0 0 0 0 0 0 0 0 0 0 0 0 0 0 0 0 0 0 0 0 0 0 0 0 0 0 0 0 0 0 0 0 0 0 0 0 0 0 0 0 0 0 0 0 0 0 0 0 0 0 0 0 0 0 0 0 0 0 0 0 0 0 0 0 0 0 0 0 0 0 0 0 0 0 0 0 0 0 0 0 0 0 0 0 0 0 0 0 0
04/04/2025 18:00:59 - INFO - utils_ner -   label_ids: -100 0 -100 0 -100 -100 0 -100 0 0 -100 -100 -100 0 -100 0 -100 -100 1 -100 -100 -100 0 -100 -100 -100 -100 -100 -100 -100 -100 -100 -100 -100 -100 -100 -100 -100 -100 -100 -100 -100 -100 -100 -100 -100 -100 -100 -100 -100 -100 -100 -100 -100 -100 -100 -100 -100 -100 -100 -100 -100 -100 -100 -100 -100 -100 -100 -100 -100 -100 -100 -100 -100 -100 -100 -100 -100 -100 -100 -100 -100 -100 -100 -100 -100 -100 -100 -100 -100 -100 -100 -100 -100 -100 -100 -100 -100 -100 -100 -100 -100 -100 -100 -100 -100 -100 -100 -100 -100 -100 -100 -100 -100 -100 -100 -100 -100 -100 -100 -100 -100 -100 -100 -100 -100 -100 -100 -100 -100 -100 -100 -100 -100 -100 -100 -100 -100 -100 -100 -100 -100 -100 -100 -100 -100 -100 -100 -100 -100 -100 -100 -100 -100 -100 -100 -100 -100 -100 -100 -100 -100 -100 -100
04/04/2025 18:00:59 - INFO - utils_ner -   *** Example ***
04/04/2025 18:00:59 - INFO - utils_ner -   guid: test-2
04/04/2025 18:00:59 - INFO - utils_ner -   tokens: <s> ▁A gi ire ▁Kenya ▁b wany ima ▁y ' om wa ka ▁gum we ▁agar uki re ▁om u ▁Uganda ▁ . </s>
04/04/2025 18:00:59 - INFO - utils_ner -   input_ids: 0 62 735 2149 23357 876 76759 1352 113 25 306 634 161 29204 1177 6670 38662 107 171 34 96400 6 5 2 1 1 1 1 1 1 1 1 1 1 1 1 1 1 1 1 1 1 1 1 1 1 1 1 1 1 1 1 1 1 1 1 1 1 1 1 1 1 1 1 1 1 1 1 1 1 1 1 1 1 1 1 1 1 1 1 1 1 1 1 1 1 1 1 1 1 1 1 1 1 1 1 1 1 1 1 1 1 1 1 1 1 1 1 1 1 1 1 1 1 1 1 1 1 1 1 1 1 1 1 1 1 1 1 1 1 1 1 1 1 1 1 1 1 1 1 1 1 1 1 1 1 1 1 1 1 1 1 1 1 1 1 1 1 1 1 1 1 1 1
04/04/2025 18:00:59 - INFO - utils_ner -   input_mask: 1 1 1 1 1 1 1 1 1 1 1 1 1 1 1 1 1 1 1 1 1 1 1 1 0 0 0 0 0 0 0 0 0 0 0 0 0 0 0 0 0 0 0 0 0 0 0 0 0 0 0 0 0 0 0 0 0 0 0 0 0 0 0 0 0 0 0 0 0 0 0 0 0 0 0 0 0 0 0 0 0 0 0 0 0 0 0 0 0 0 0 0 0 0 0 0 0 0 0 0 0 0 0 0 0 0 0 0 0 0 0 0 0 0 0 0 0 0 0 0 0 0 0 0 0 0 0 0 0 0 0 0 0 0 0 0 0 0 0 0 0 0 0 0 0 0 0 0 0 0 0 0 0 0 0 0 0 0 0 0 0 0 0 0
04/04/2025 18:00:59 - INFO - utils_ner -   segment_ids: 0 0 0 0 0 0 0 0 0 0 0 0 0 0 0 0 0 0 0 0 0 0 0 0 0 0 0 0 0 0 0 0 0 0 0 0 0 0 0 0 0 0 0 0 0 0 0 0 0 0 0 0 0 0 0 0 0 0 0 0 0 0 0 0 0 0 0 0 0 0 0 0 0 0 0 0 0 0 0 0 0 0 0 0 0 0 0 0 0 0 0 0 0 0 0 0 0 0 0 0 0 0 0 0 0 0 0 0 0 0 0 0 0 0 0 0 0 0 0 0 0 0 0 0 0 0 0 0 0 0 0 0 0 0 0 0 0 0 0 0 0 0 0 0 0 0 0 0 0 0 0 0 0 0 0 0 0 0 0 0 0 0 0 0
04/04/2025 18:00:59 - INFO - utils_ner -   label_ids: -100 0 -100 -100 7 0 -100 -100 1 -100 -100 -100 -100 2 -100 0 -100 -100 0 -100 7 0 -100 -100 -100 -100 -100 -100 -100 -100 -100 -100 -100 -100 -100 -100 -100 -100 -100 -100 -100 -100 -100 -100 -100 -100 -100 -100 -100 -100 -100 -100 -100 -100 -100 -100 -100 -100 -100 -100 -100 -100 -100 -100 -100 -100 -100 -100 -100 -100 -100 -100 -100 -100 -100 -100 -100 -100 -100 -100 -100 -100 -100 -100 -100 -100 -100 -100 -100 -100 -100 -100 -100 -100 -100 -100 -100 -100 -100 -100 -100 -100 -100 -100 -100 -100 -100 -100 -100 -100 -100 -100 -100 -100 -100 -100 -100 -100 -100 -100 -100 -100 -100 -100 -100 -100 -100 -100 -100 -100 -100 -100 -100 -100 -100 -100 -100 -100 -100 -100 -100 -100 -100 -100 -100 -100 -100 -100 -100 -100 -100 -100 -100 -100 -100 -100 -100 -100 -100 -100 -100 -100 -100 -100
04/04/2025 18:00:59 - INFO - utils_ner -   *** Example ***
04/04/2025 18:00:59 - INFO - utils_ner -   guid: test-3
04/04/2025 18:00:59 - INFO - utils_ner -   tokens: <s> ▁Abe egi ▁ba ▁Make re re ▁ni bes hari ga ▁hai hi ▁ buri ▁semester ▁ . </s>
04/04/2025 18:00:59 - INFO - utils_ner -   input_ids: 0 114590 19384 961 26176 107 107 300 7438 10079 208 1337 979 6 46834 49345 6 5 2 1 1 1 1 1 1 1 1 1 1 1 1 1 1 1 1 1 1 1 1 1 1 1 1 1 1 1 1 1 1 1 1 1 1 1 1 1 1 1 1 1 1 1 1 1 1 1 1 1 1 1 1 1 1 1 1 1 1 1 1 1 1 1 1 1 1 1 1 1 1 1 1 1 1 1 1 1 1 1 1 1 1 1 1 1 1 1 1 1 1 1 1 1 1 1 1 1 1 1 1 1 1 1 1 1 1 1 1 1 1 1 1 1 1 1 1 1 1 1 1 1 1 1 1 1 1 1 1 1 1 1 1 1 1 1 1 1 1 1 1 1 1 1 1 1
04/04/2025 18:00:59 - INFO - utils_ner -   input_mask: 1 1 1 1 1 1 1 1 1 1 1 1 1 1 1 1 1 1 1 0 0 0 0 0 0 0 0 0 0 0 0 0 0 0 0 0 0 0 0 0 0 0 0 0 0 0 0 0 0 0 0 0 0 0 0 0 0 0 0 0 0 0 0 0 0 0 0 0 0 0 0 0 0 0 0 0 0 0 0 0 0 0 0 0 0 0 0 0 0 0 0 0 0 0 0 0 0 0 0 0 0 0 0 0 0 0 0 0 0 0 0 0 0 0 0 0 0 0 0 0 0 0 0 0 0 0 0 0 0 0 0 0 0 0 0 0 0 0 0 0 0 0 0 0 0 0 0 0 0 0 0 0 0 0 0 0 0 0 0 0 0 0 0 0
04/04/2025 18:00:59 - INFO - utils_ner -   segment_ids: 0 0 0 0 0 0 0 0 0 0 0 0 0 0 0 0 0 0 0 0 0 0 0 0 0 0 0 0 0 0 0 0 0 0 0 0 0 0 0 0 0 0 0 0 0 0 0 0 0 0 0 0 0 0 0 0 0 0 0 0 0 0 0 0 0 0 0 0 0 0 0 0 0 0 0 0 0 0 0 0 0 0 0 0 0 0 0 0 0 0 0 0 0 0 0 0 0 0 0 0 0 0 0 0 0 0 0 0 0 0 0 0 0 0 0 0 0 0 0 0 0 0 0 0 0 0 0 0 0 0 0 0 0 0 0 0 0 0 0 0 0 0 0 0 0 0 0 0 0 0 0 0 0 0 0 0 0 0 0 0 0 0 0 0
04/04/2025 18:00:59 - INFO - utils_ner -   label_ids: -100 0 -100 0 5 -100 -100 0 -100 -100 -100 0 -100 1 -100 2 0 -100 -100 -100 -100 -100 -100 -100 -100 -100 -100 -100 -100 -100 -100 -100 -100 -100 -100 -100 -100 -100 -100 -100 -100 -100 -100 -100 -100 -100 -100 -100 -100 -100 -100 -100 -100 -100 -100 -100 -100 -100 -100 -100 -100 -100 -100 -100 -100 -100 -100 -100 -100 -100 -100 -100 -100 -100 -100 -100 -100 -100 -100 -100 -100 -100 -100 -100 -100 -100 -100 -100 -100 -100 -100 -100 -100 -100 -100 -100 -100 -100 -100 -100 -100 -100 -100 -100 -100 -100 -100 -100 -100 -100 -100 -100 -100 -100 -100 -100 -100 -100 -100 -100 -100 -100 -100 -100 -100 -100 -100 -100 -100 -100 -100 -100 -100 -100 -100 -100 -100 -100 -100 -100 -100 -100 -100 -100 -100 -100 -100 -100 -100 -100 -100 -100 -100 -100 -100 -100 -100 -100 -100 -100 -100 -100 -100 -100
04/04/2025 18:00:59 - INFO - utils_ner -   *** Example ***
04/04/2025 18:00:59 - INFO - utils_ner -   guid: test-4
04/04/2025 18:00:59 - INFO - utils_ner -   tokens: <s> ▁Oru ki iko ▁ruk aba ▁a ha ▁kite be ▁ki kuru ▁ky ' ek ibi ina ▁es ande ▁e yah wir e ▁ . </s>
04/04/2025 18:00:59 - INFO - utils_ner -   input_ids: 0 47746 301 5696 79758 8474 10 528 94897 372 200 120209 5512 25 343 21751 885 198 4431 28 30525 17084 13 6 5 2 1 1 1 1 1 1 1 1 1 1 1 1 1 1 1 1 1 1 1 1 1 1 1 1 1 1 1 1 1 1 1 1 1 1 1 1 1 1 1 1 1 1 1 1 1 1 1 1 1 1 1 1 1 1 1 1 1 1 1 1 1 1 1 1 1 1 1 1 1 1 1 1 1 1 1 1 1 1 1 1 1 1 1 1 1 1 1 1 1 1 1 1 1 1 1 1 1 1 1 1 1 1 1 1 1 1 1 1 1 1 1 1 1 1 1 1 1 1 1 1 1 1 1 1 1 1 1 1 1 1 1 1 1 1 1 1 1 1
04/04/2025 18:00:59 - INFO - utils_ner -   input_mask: 1 1 1 1 1 1 1 1 1 1 1 1 1 1 1 1 1 1 1 1 1 1 1 1 1 1 0 0 0 0 0 0 0 0 0 0 0 0 0 0 0 0 0 0 0 0 0 0 0 0 0 0 0 0 0 0 0 0 0 0 0 0 0 0 0 0 0 0 0 0 0 0 0 0 0 0 0 0 0 0 0 0 0 0 0 0 0 0 0 0 0 0 0 0 0 0 0 0 0 0 0 0 0 0 0 0 0 0 0 0 0 0 0 0 0 0 0 0 0 0 0 0 0 0 0 0 0 0 0 0 0 0 0 0 0 0 0 0 0 0 0 0 0 0 0 0 0 0 0 0 0 0 0 0 0 0 0 0 0 0 0 0 0 0
04/04/2025 18:00:59 - INFO - utils_ner -   segment_ids: 0 0 0 0 0 0 0 0 0 0 0 0 0 0 0 0 0 0 0 0 0 0 0 0 0 0 0 0 0 0 0 0 0 0 0 0 0 0 0 0 0 0 0 0 0 0 0 0 0 0 0 0 0 0 0 0 0 0 0 0 0 0 0 0 0 0 0 0 0 0 0 0 0 0 0 0 0 0 0 0 0 0 0 0 0 0 0 0 0 0 0 0 0 0 0 0 0 0 0 0 0 0 0 0 0 0 0 0 0 0 0 0 0 0 0 0 0 0 0 0 0 0 0 0 0 0 0 0 0 0 0 0 0 0 0 0 0 0 0 0 0 0 0 0 0 0 0 0 0 0 0 0 0 0 0 0 0 0 0 0 0 0 0 0
04/04/2025 18:00:59 - INFO - utils_ner -   label_ids: -100 0 -100 -100 0 -100 0 -100 0 -100 0 -100 0 -100 -100 -100 -100 1 -100 2 -100 -100 -100 0 -100 -100 -100 -100 -100 -100 -100 -100 -100 -100 -100 -100 -100 -100 -100 -100 -100 -100 -100 -100 -100 -100 -100 -100 -100 -100 -100 -100 -100 -100 -100 -100 -100 -100 -100 -100 -100 -100 -100 -100 -100 -100 -100 -100 -100 -100 -100 -100 -100 -100 -100 -100 -100 -100 -100 -100 -100 -100 -100 -100 -100 -100 -100 -100 -100 -100 -100 -100 -100 -100 -100 -100 -100 -100 -100 -100 -100 -100 -100 -100 -100 -100 -100 -100 -100 -100 -100 -100 -100 -100 -100 -100 -100 -100 -100 -100 -100 -100 -100 -100 -100 -100 -100 -100 -100 -100 -100 -100 -100 -100 -100 -100 -100 -100 -100 -100 -100 -100 -100 -100 -100 -100 -100 -100 -100 -100 -100 -100 -100 -100 -100 -100 -100 -100 -100 -100 -100 -100 -100 -100
04/04/2025 18:00:59 - INFO - utils_ner -   *** Example ***
04/04/2025 18:00:59 - INFO - utils_ner -   guid: test-5
04/04/2025 18:00:59 - INFO - utils_ner -   tokens: <s> ▁Do ki tari ▁ti y ija ▁kuko ra ▁er izo oba ▁ . </s>
04/04/2025 18:00:59 - INFO - utils_ner -   input_ids: 0 984 301 7157 1053 53 4391 8535 219 72 33602 16159 6 5 2 1 1 1 1 1 1 1 1 1 1 1 1 1 1 1 1 1 1 1 1 1 1 1 1 1 1 1 1 1 1 1 1 1 1 1 1 1 1 1 1 1 1 1 1 1 1 1 1 1 1 1 1 1 1 1 1 1 1 1 1 1 1 1 1 1 1 1 1 1 1 1 1 1 1 1 1 1 1 1 1 1 1 1 1 1 1 1 1 1 1 1 1 1 1 1 1 1 1 1 1 1 1 1 1 1 1 1 1 1 1 1 1 1 1 1 1 1 1 1 1 1 1 1 1 1 1 1 1 1 1 1 1 1 1 1 1 1 1 1 1 1 1 1 1 1 1 1 1 1
04/04/2025 18:00:59 - INFO - utils_ner -   input_mask: 1 1 1 1 1 1 1 1 1 1 1 1 1 1 1 0 0 0 0 0 0 0 0 0 0 0 0 0 0 0 0 0 0 0 0 0 0 0 0 0 0 0 0 0 0 0 0 0 0 0 0 0 0 0 0 0 0 0 0 0 0 0 0 0 0 0 0 0 0 0 0 0 0 0 0 0 0 0 0 0 0 0 0 0 0 0 0 0 0 0 0 0 0 0 0 0 0 0 0 0 0 0 0 0 0 0 0 0 0 0 0 0 0 0 0 0 0 0 0 0 0 0 0 0 0 0 0 0 0 0 0 0 0 0 0 0 0 0 0 0 0 0 0 0 0 0 0 0 0 0 0 0 0 0 0 0 0 0 0 0 0 0 0 0
04/04/2025 18:00:59 - INFO - utils_ner -   segment_ids: 0 0 0 0 0 0 0 0 0 0 0 0 0 0 0 0 0 0 0 0 0 0 0 0 0 0 0 0 0 0 0 0 0 0 0 0 0 0 0 0 0 0 0 0 0 0 0 0 0 0 0 0 0 0 0 0 0 0 0 0 0 0 0 0 0 0 0 0 0 0 0 0 0 0 0 0 0 0 0 0 0 0 0 0 0 0 0 0 0 0 0 0 0 0 0 0 0 0 0 0 0 0 0 0 0 0 0 0 0 0 0 0 0 0 0 0 0 0 0 0 0 0 0 0 0 0 0 0 0 0 0 0 0 0 0 0 0 0 0 0 0 0 0 0 0 0 0 0 0 0 0 0 0 0 0 0 0 0 0 0 0 0 0 0
04/04/2025 18:00:59 - INFO - utils_ner -   label_ids: -100 0 -100 -100 0 -100 -100 0 -100 1 -100 -100 0 -100 -100 -100 -100 -100 -100 -100 -100 -100 -100 -100 -100 -100 -100 -100 -100 -100 -100 -100 -100 -100 -100 -100 -100 -100 -100 -100 -100 -100 -100 -100 -100 -100 -100 -100 -100 -100 -100 -100 -100 -100 -100 -100 -100 -100 -100 -100 -100 -100 -100 -100 -100 -100 -100 -100 -100 -100 -100 -100 -100 -100 -100 -100 -100 -100 -100 -100 -100 -100 -100 -100 -100 -100 -100 -100 -100 -100 -100 -100 -100 -100 -100 -100 -100 -100 -100 -100 -100 -100 -100 -100 -100 -100 -100 -100 -100 -100 -100 -100 -100 -100 -100 -100 -100 -100 -100 -100 -100 -100 -100 -100 -100 -100 -100 -100 -100 -100 -100 -100 -100 -100 -100 -100 -100 -100 -100 -100 -100 -100 -100 -100 -100 -100 -100 -100 -100 -100 -100 -100 -100 -100 -100 -100 -100 -100 -100 -100 -100 -100 -100 -100
04/04/2025 18:00:59 - INFO - __main__ -   Saving features into cached file data/cross-lingual-transfer-experiments/runyankore_multilingual_harvard_dataset/all_languages_rnk/cached_test_xlm-roberta-base_164
04/04/2025 18:00:59 - INFO - __main__ -   ***** Running evaluation  *****
04/04/2025 18:00:59 - INFO - __main__ -     Num examples = 1269
04/04/2025 18:00:59 - INFO - __main__ -     Batch size = 8
Evaluating: 100%|██████████████████████████████████████████████████████████████████████████████████████████████████████████████████████████████████████████| 159/159 [00:01<00:00, 123.32it/s]
04/04/2025 18:01:00 - INFO - __main__ -   ***** Eval results  *****
04/04/2025 18:01:00 - INFO - __main__ -     f1 = 0.7280701754385966
04/04/2025 18:01:00 - INFO - __main__ -     loss = 0.10896393365977494
04/04/2025 18:01:00 - INFO - __main__ -     precision = 0.7155172413793104
04/04/2025 18:01:00 - INFO - __main__ -     recall = 0.7410714285714286
04/04/2025 18:01:00 - INFO - __main__ -     report =               precision    recall  f1-score   support

        DATE       0.75      0.76      0.75       105
         LOC       0.75      0.81      0.78        94
         ORG       0.56      0.38      0.45        24
         PER       0.12      1.00      0.22         1

   micro avg       0.72      0.74      0.73       224
   macro avg       0.55      0.74      0.55       224
weighted avg       0.73      0.74      0.73       224
