06/10/2025 09:37:56 - INFO - __main__ -   ***** Running evaluation  *****
06/10/2025 09:37:56 - INFO - __main__ -     Num examples = 1263
06/10/2025 09:37:56 - INFO - __main__ -     Batch size = 8
Evaluating: 100%|██████████████████████████████████████████████████████████████████████████████████████████████████████████████████████████████████████████| 158/158 [00:01<00:00, 118.05it/s]
06/10/2025 09:37:58 - INFO - __main__ -   ***** Eval results  *****
06/10/2025 09:37:58 - INFO - __main__ -     f1 = 0.7345132743362832
06/10/2025 09:37:58 - INFO - __main__ -     loss = 0.0961061965717127
06/10/2025 09:37:58 - INFO - __main__ -     precision = 0.7312775330396476
06/10/2025 09:37:58 - INFO - __main__ -     recall = 0.7377777777777778
06/10/2025 09:37:58 - INFO - __main__ -     report =               precision    recall  f1-score   support

        DATE       0.73      0.72      0.72       106
         LOC       0.77      0.81      0.79       100
         ORG       0.50      0.50      0.50        18
         PER       0.00      0.00      0.00         1

   micro avg       0.73      0.74      0.73       225
   macro avg       0.50      0.51      0.50       225
weighted avg       0.73      0.74      0.73       225

06/10/2025 09:37:59 - INFO - __main__ -   Creating features from dataset file at data/CrossLingualCombined/tsn_MPTC/
06/10/2025 09:37:59 - INFO - utils_ner -   Writing example 0 of 1269
06/10/2025 09:37:59 - INFO - utils_ner -   *** Example ***
06/10/2025 09:37:59 - INFO - utils_ner -   guid: test-1
06/10/2025 09:37:59 - INFO - utils_ner -   tokens: <s> ▁A bantu ▁bari kur umba ▁maga na ▁ana ▁bata hi ib we ▁om u ▁po ori isi ▁nyom web az yo ▁ . </s>
06/10/2025 09:37:59 - INFO - utils_ner -   input_ids: 0 62 41225 27837 2971 29381 15323 76 3877 8336 979 2566 1177 171 34 160 3929 2726 26002 14051 1828 1410 6 5 2 1 1 1 1 1 1 1 1 1 1 1 1 1 1 1 1 1 1 1 1 1 1 1 1 1 1 1 1 1 1 1 1 1 1 1 1 1 1 1 1 1 1 1 1 1 1 1 1 1 1 1 1 1 1 1 1 1 1 1 1 1 1 1 1 1 1 1 1 1 1 1 1 1 1 1 1 1 1 1 1 1 1 1 1 1 1 1 1 1 1 1 1 1 1 1 1 1 1 1 1 1 1 1 1 1 1 1 1 1 1 1 1 1 1 1 1 1 1 1 1 1 1 1 1 1 1 1 1 1 1 1 1 1 1 1 1 1 1 1
06/10/2025 09:37:59 - INFO - utils_ner -   input_mask: 1 1 1 1 1 1 1 1 1 1 1 1 1 1 1 1 1 1 1 1 1 1 1 1 1 0 0 0 0 0 0 0 0 0 0 0 0 0 0 0 0 0 0 0 0 0 0 0 0 0 0 0 0 0 0 0 0 0 0 0 0 0 0 0 0 0 0 0 0 0 0 0 0 0 0 0 0 0 0 0 0 0 0 0 0 0 0 0 0 0 0 0 0 0 0 0 0 0 0 0 0 0 0 0 0 0 0 0 0 0 0 0 0 0 0 0 0 0 0 0 0 0 0 0 0 0 0 0 0 0 0 0 0 0 0 0 0 0 0 0 0 0 0 0 0 0 0 0 0 0 0 0 0 0 0 0 0 0 0 0 0 0 0 0
06/10/2025 09:37:59 - INFO - utils_ner -   segment_ids: 0 0 0 0 0 0 0 0 0 0 0 0 0 0 0 0 0 0 0 0 0 0 0 0 0 0 0 0 0 0 0 0 0 0 0 0 0 0 0 0 0 0 0 0 0 0 0 0 0 0 0 0 0 0 0 0 0 0 0 0 0 0 0 0 0 0 0 0 0 0 0 0 0 0 0 0 0 0 0 0 0 0 0 0 0 0 0 0 0 0 0 0 0 0 0 0 0 0 0 0 0 0 0 0 0 0 0 0 0 0 0 0 0 0 0 0 0 0 0 0 0 0 0 0 0 0 0 0 0 0 0 0 0 0 0 0 0 0 0 0 0 0 0 0 0 0 0 0 0 0 0 0 0 0 0 0 0 0 0 0 0 0 0 0
06/10/2025 09:37:59 - INFO - utils_ner -   label_ids: -100 0 -100 0 -100 -100 0 -100 0 0 -100 -100 -100 0 -100 0 -100 -100 1 -100 -100 -100 0 -100 -100 -100 -100 -100 -100 -100 -100 -100 -100 -100 -100 -100 -100 -100 -100 -100 -100 -100 -100 -100 -100 -100 -100 -100 -100 -100 -100 -100 -100 -100 -100 -100 -100 -100 -100 -100 -100 -100 -100 -100 -100 -100 -100 -100 -100 -100 -100 -100 -100 -100 -100 -100 -100 -100 -100 -100 -100 -100 -100 -100 -100 -100 -100 -100 -100 -100 -100 -100 -100 -100 -100 -100 -100 -100 -100 -100 -100 -100 -100 -100 -100 -100 -100 -100 -100 -100 -100 -100 -100 -100 -100 -100 -100 -100 -100 -100 -100 -100 -100 -100 -100 -100 -100 -100 -100 -100 -100 -100 -100 -100 -100 -100 -100 -100 -100 -100 -100 -100 -100 -100 -100 -100 -100 -100 -100 -100 -100 -100 -100 -100 -100 -100 -100 -100 -100 -100 -100 -100 -100 -100
06/10/2025 09:37:59 - INFO - utils_ner -   *** Example ***
06/10/2025 09:37:59 - INFO - utils_ner -   guid: test-2
06/10/2025 09:37:59 - INFO - utils_ner -   tokens: <s> ▁A gi ire ▁Kenya ▁b wany ima ▁y ' om wa ka ▁gum we ▁agar uki re ▁om u ▁Uganda ▁ . </s>
06/10/2025 09:37:59 - INFO - utils_ner -   input_ids: 0 62 735 2149 23357 876 76759 1352 113 25 306 634 161 29204 1177 6670 38662 107 171 34 96400 6 5 2 1 1 1 1 1 1 1 1 1 1 1 1 1 1 1 1 1 1 1 1 1 1 1 1 1 1 1 1 1 1 1 1 1 1 1 1 1 1 1 1 1 1 1 1 1 1 1 1 1 1 1 1 1 1 1 1 1 1 1 1 1 1 1 1 1 1 1 1 1 1 1 1 1 1 1 1 1 1 1 1 1 1 1 1 1 1 1 1 1 1 1 1 1 1 1 1 1 1 1 1 1 1 1 1 1 1 1 1 1 1 1 1 1 1 1 1 1 1 1 1 1 1 1 1 1 1 1 1 1 1 1 1 1 1 1 1 1 1 1 1
06/10/2025 09:37:59 - INFO - utils_ner -   input_mask: 1 1 1 1 1 1 1 1 1 1 1 1 1 1 1 1 1 1 1 1 1 1 1 1 0 0 0 0 0 0 0 0 0 0 0 0 0 0 0 0 0 0 0 0 0 0 0 0 0 0 0 0 0 0 0 0 0 0 0 0 0 0 0 0 0 0 0 0 0 0 0 0 0 0 0 0 0 0 0 0 0 0 0 0 0 0 0 0 0 0 0 0 0 0 0 0 0 0 0 0 0 0 0 0 0 0 0 0 0 0 0 0 0 0 0 0 0 0 0 0 0 0 0 0 0 0 0 0 0 0 0 0 0 0 0 0 0 0 0 0 0 0 0 0 0 0 0 0 0 0 0 0 0 0 0 0 0 0 0 0 0 0 0 0
06/10/2025 09:37:59 - INFO - utils_ner -   segment_ids: 0 0 0 0 0 0 0 0 0 0 0 0 0 0 0 0 0 0 0 0 0 0 0 0 0 0 0 0 0 0 0 0 0 0 0 0 0 0 0 0 0 0 0 0 0 0 0 0 0 0 0 0 0 0 0 0 0 0 0 0 0 0 0 0 0 0 0 0 0 0 0 0 0 0 0 0 0 0 0 0 0 0 0 0 0 0 0 0 0 0 0 0 0 0 0 0 0 0 0 0 0 0 0 0 0 0 0 0 0 0 0 0 0 0 0 0 0 0 0 0 0 0 0 0 0 0 0 0 0 0 0 0 0 0 0 0 0 0 0 0 0 0 0 0 0 0 0 0 0 0 0 0 0 0 0 0 0 0 0 0 0 0 0 0
06/10/2025 09:37:59 - INFO - utils_ner -   label_ids: -100 0 -100 -100 7 0 -100 -100 1 -100 -100 -100 -100 2 -100 0 -100 -100 0 -100 7 0 -100 -100 -100 -100 -100 -100 -100 -100 -100 -100 -100 -100 -100 -100 -100 -100 -100 -100 -100 -100 -100 -100 -100 -100 -100 -100 -100 -100 -100 -100 -100 -100 -100 -100 -100 -100 -100 -100 -100 -100 -100 -100 -100 -100 -100 -100 -100 -100 -100 -100 -100 -100 -100 -100 -100 -100 -100 -100 -100 -100 -100 -100 -100 -100 -100 -100 -100 -100 -100 -100 -100 -100 -100 -100 -100 -100 -100 -100 -100 -100 -100 -100 -100 -100 -100 -100 -100 -100 -100 -100 -100 -100 -100 -100 -100 -100 -100 -100 -100 -100 -100 -100 -100 -100 -100 -100 -100 -100 -100 -100 -100 -100 -100 -100 -100 -100 -100 -100 -100 -100 -100 -100 -100 -100 -100 -100 -100 -100 -100 -100 -100 -100 -100 -100 -100 -100 -100 -100 -100 -100 -100 -100
06/10/2025 09:37:59 - INFO - utils_ner -   *** Example ***
06/10/2025 09:37:59 - INFO - utils_ner -   guid: test-3
06/10/2025 09:37:59 - INFO - utils_ner -   tokens: <s> ▁Abe egi ▁ba ▁Make re re ▁ni bes hari ga ▁hai hi ▁ buri ▁semester ▁ . </s>
06/10/2025 09:37:59 - INFO - utils_ner -   input_ids: 0 114590 19384 961 26176 107 107 300 7438 10079 208 1337 979 6 46834 49345 6 5 2 1 1 1 1 1 1 1 1 1 1 1 1 1 1 1 1 1 1 1 1 1 1 1 1 1 1 1 1 1 1 1 1 1 1 1 1 1 1 1 1 1 1 1 1 1 1 1 1 1 1 1 1 1 1 1 1 1 1 1 1 1 1 1 1 1 1 1 1 1 1 1 1 1 1 1 1 1 1 1 1 1 1 1 1 1 1 1 1 1 1 1 1 1 1 1 1 1 1 1 1 1 1 1 1 1 1 1 1 1 1 1 1 1 1 1 1 1 1 1 1 1 1 1 1 1 1 1 1 1 1 1 1 1 1 1 1 1 1 1 1 1 1 1 1 1
06/10/2025 09:37:59 - INFO - utils_ner -   input_mask: 1 1 1 1 1 1 1 1 1 1 1 1 1 1 1 1 1 1 1 0 0 0 0 0 0 0 0 0 0 0 0 0 0 0 0 0 0 0 0 0 0 0 0 0 0 0 0 0 0 0 0 0 0 0 0 0 0 0 0 0 0 0 0 0 0 0 0 0 0 0 0 0 0 0 0 0 0 0 0 0 0 0 0 0 0 0 0 0 0 0 0 0 0 0 0 0 0 0 0 0 0 0 0 0 0 0 0 0 0 0 0 0 0 0 0 0 0 0 0 0 0 0 0 0 0 0 0 0 0 0 0 0 0 0 0 0 0 0 0 0 0 0 0 0 0 0 0 0 0 0 0 0 0 0 0 0 0 0 0 0 0 0 0 0
06/10/2025 09:37:59 - INFO - utils_ner -   segment_ids: 0 0 0 0 0 0 0 0 0 0 0 0 0 0 0 0 0 0 0 0 0 0 0 0 0 0 0 0 0 0 0 0 0 0 0 0 0 0 0 0 0 0 0 0 0 0 0 0 0 0 0 0 0 0 0 0 0 0 0 0 0 0 0 0 0 0 0 0 0 0 0 0 0 0 0 0 0 0 0 0 0 0 0 0 0 0 0 0 0 0 0 0 0 0 0 0 0 0 0 0 0 0 0 0 0 0 0 0 0 0 0 0 0 0 0 0 0 0 0 0 0 0 0 0 0 0 0 0 0 0 0 0 0 0 0 0 0 0 0 0 0 0 0 0 0 0 0 0 0 0 0 0 0 0 0 0 0 0 0 0 0 0 0 0
06/10/2025 09:37:59 - INFO - utils_ner -   label_ids: -100 0 -100 0 5 -100 -100 0 -100 -100 -100 0 -100 1 -100 2 0 -100 -100 -100 -100 -100 -100 -100 -100 -100 -100 -100 -100 -100 -100 -100 -100 -100 -100 -100 -100 -100 -100 -100 -100 -100 -100 -100 -100 -100 -100 -100 -100 -100 -100 -100 -100 -100 -100 -100 -100 -100 -100 -100 -100 -100 -100 -100 -100 -100 -100 -100 -100 -100 -100 -100 -100 -100 -100 -100 -100 -100 -100 -100 -100 -100 -100 -100 -100 -100 -100 -100 -100 -100 -100 -100 -100 -100 -100 -100 -100 -100 -100 -100 -100 -100 -100 -100 -100 -100 -100 -100 -100 -100 -100 -100 -100 -100 -100 -100 -100 -100 -100 -100 -100 -100 -100 -100 -100 -100 -100 -100 -100 -100 -100 -100 -100 -100 -100 -100 -100 -100 -100 -100 -100 -100 -100 -100 -100 -100 -100 -100 -100 -100 -100 -100 -100 -100 -100 -100 -100 -100 -100 -100 -100 -100 -100 -100
06/10/2025 09:37:59 - INFO - utils_ner -   *** Example ***
06/10/2025 09:37:59 - INFO - utils_ner -   guid: test-4
06/10/2025 09:37:59 - INFO - utils_ner -   tokens: <s> ▁Oru ki iko ▁ruk aba ▁a ha ▁kite be ▁ki kuru ▁ky ' ek ibi ina ▁es ande ▁e yah wir e ▁ . </s>
06/10/2025 09:37:59 - INFO - utils_ner -   input_ids: 0 47746 301 5696 79758 8474 10 528 94897 372 200 120209 5512 25 343 21751 885 198 4431 28 30525 17084 13 6 5 2 1 1 1 1 1 1 1 1 1 1 1 1 1 1 1 1 1 1 1 1 1 1 1 1 1 1 1 1 1 1 1 1 1 1 1 1 1 1 1 1 1 1 1 1 1 1 1 1 1 1 1 1 1 1 1 1 1 1 1 1 1 1 1 1 1 1 1 1 1 1 1 1 1 1 1 1 1 1 1 1 1 1 1 1 1 1 1 1 1 1 1 1 1 1 1 1 1 1 1 1 1 1 1 1 1 1 1 1 1 1 1 1 1 1 1 1 1 1 1 1 1 1 1 1 1 1 1 1 1 1 1 1 1 1 1 1 1 1
06/10/2025 09:37:59 - INFO - utils_ner -   input_mask: 1 1 1 1 1 1 1 1 1 1 1 1 1 1 1 1 1 1 1 1 1 1 1 1 1 1 0 0 0 0 0 0 0 0 0 0 0 0 0 0 0 0 0 0 0 0 0 0 0 0 0 0 0 0 0 0 0 0 0 0 0 0 0 0 0 0 0 0 0 0 0 0 0 0 0 0 0 0 0 0 0 0 0 0 0 0 0 0 0 0 0 0 0 0 0 0 0 0 0 0 0 0 0 0 0 0 0 0 0 0 0 0 0 0 0 0 0 0 0 0 0 0 0 0 0 0 0 0 0 0 0 0 0 0 0 0 0 0 0 0 0 0 0 0 0 0 0 0 0 0 0 0 0 0 0 0 0 0 0 0 0 0 0 0
06/10/2025 09:37:59 - INFO - utils_ner -   segment_ids: 0 0 0 0 0 0 0 0 0 0 0 0 0 0 0 0 0 0 0 0 0 0 0 0 0 0 0 0 0 0 0 0 0 0 0 0 0 0 0 0 0 0 0 0 0 0 0 0 0 0 0 0 0 0 0 0 0 0 0 0 0 0 0 0 0 0 0 0 0 0 0 0 0 0 0 0 0 0 0 0 0 0 0 0 0 0 0 0 0 0 0 0 0 0 0 0 0 0 0 0 0 0 0 0 0 0 0 0 0 0 0 0 0 0 0 0 0 0 0 0 0 0 0 0 0 0 0 0 0 0 0 0 0 0 0 0 0 0 0 0 0 0 0 0 0 0 0 0 0 0 0 0 0 0 0 0 0 0 0 0 0 0 0 0
06/10/2025 09:37:59 - INFO - utils_ner -   label_ids: -100 0 -100 -100 0 -100 0 -100 0 -100 0 -100 0 -100 -100 -100 -100 1 -100 2 -100 -100 -100 0 -100 -100 -100 -100 -100 -100 -100 -100 -100 -100 -100 -100 -100 -100 -100 -100 -100 -100 -100 -100 -100 -100 -100 -100 -100 -100 -100 -100 -100 -100 -100 -100 -100 -100 -100 -100 -100 -100 -100 -100 -100 -100 -100 -100 -100 -100 -100 -100 -100 -100 -100 -100 -100 -100 -100 -100 -100 -100 -100 -100 -100 -100 -100 -100 -100 -100 -100 -100 -100 -100 -100 -100 -100 -100 -100 -100 -100 -100 -100 -100 -100 -100 -100 -100 -100 -100 -100 -100 -100 -100 -100 -100 -100 -100 -100 -100 -100 -100 -100 -100 -100 -100 -100 -100 -100 -100 -100 -100 -100 -100 -100 -100 -100 -100 -100 -100 -100 -100 -100 -100 -100 -100 -100 -100 -100 -100 -100 -100 -100 -100 -100 -100 -100 -100 -100 -100 -100 -100 -100 -100
06/10/2025 09:37:59 - INFO - utils_ner -   *** Example ***
06/10/2025 09:37:59 - INFO - utils_ner -   guid: test-5
06/10/2025 09:37:59 - INFO - utils_ner -   tokens: <s> ▁Do ki tari ▁ti y ija ▁kuko ra ▁er izo oba ▁ . </s>
06/10/2025 09:37:59 - INFO - utils_ner -   input_ids: 0 984 301 7157 1053 53 4391 8535 219 72 33602 16159 6 5 2 1 1 1 1 1 1 1 1 1 1 1 1 1 1 1 1 1 1 1 1 1 1 1 1 1 1 1 1 1 1 1 1 1 1 1 1 1 1 1 1 1 1 1 1 1 1 1 1 1 1 1 1 1 1 1 1 1 1 1 1 1 1 1 1 1 1 1 1 1 1 1 1 1 1 1 1 1 1 1 1 1 1 1 1 1 1 1 1 1 1 1 1 1 1 1 1 1 1 1 1 1 1 1 1 1 1 1 1 1 1 1 1 1 1 1 1 1 1 1 1 1 1 1 1 1 1 1 1 1 1 1 1 1 1 1 1 1 1 1 1 1 1 1 1 1 1 1 1 1
06/10/2025 09:37:59 - INFO - utils_ner -   input_mask: 1 1 1 1 1 1 1 1 1 1 1 1 1 1 1 0 0 0 0 0 0 0 0 0 0 0 0 0 0 0 0 0 0 0 0 0 0 0 0 0 0 0 0 0 0 0 0 0 0 0 0 0 0 0 0 0 0 0 0 0 0 0 0 0 0 0 0 0 0 0 0 0 0 0 0 0 0 0 0 0 0 0 0 0 0 0 0 0 0 0 0 0 0 0 0 0 0 0 0 0 0 0 0 0 0 0 0 0 0 0 0 0 0 0 0 0 0 0 0 0 0 0 0 0 0 0 0 0 0 0 0 0 0 0 0 0 0 0 0 0 0 0 0 0 0 0 0 0 0 0 0 0 0 0 0 0 0 0 0 0 0 0 0 0
06/10/2025 09:37:59 - INFO - utils_ner -   segment_ids: 0 0 0 0 0 0 0 0 0 0 0 0 0 0 0 0 0 0 0 0 0 0 0 0 0 0 0 0 0 0 0 0 0 0 0 0 0 0 0 0 0 0 0 0 0 0 0 0 0 0 0 0 0 0 0 0 0 0 0 0 0 0 0 0 0 0 0 0 0 0 0 0 0 0 0 0 0 0 0 0 0 0 0 0 0 0 0 0 0 0 0 0 0 0 0 0 0 0 0 0 0 0 0 0 0 0 0 0 0 0 0 0 0 0 0 0 0 0 0 0 0 0 0 0 0 0 0 0 0 0 0 0 0 0 0 0 0 0 0 0 0 0 0 0 0 0 0 0 0 0 0 0 0 0 0 0 0 0 0 0 0 0 0 0
06/10/2025 09:37:59 - INFO - utils_ner -   label_ids: -100 0 -100 -100 0 -100 -100 0 -100 1 -100 -100 0 -100 -100 -100 -100 -100 -100 -100 -100 -100 -100 -100 -100 -100 -100 -100 -100 -100 -100 -100 -100 -100 -100 -100 -100 -100 -100 -100 -100 -100 -100 -100 -100 -100 -100 -100 -100 -100 -100 -100 -100 -100 -100 -100 -100 -100 -100 -100 -100 -100 -100 -100 -100 -100 -100 -100 -100 -100 -100 -100 -100 -100 -100 -100 -100 -100 -100 -100 -100 -100 -100 -100 -100 -100 -100 -100 -100 -100 -100 -100 -100 -100 -100 -100 -100 -100 -100 -100 -100 -100 -100 -100 -100 -100 -100 -100 -100 -100 -100 -100 -100 -100 -100 -100 -100 -100 -100 -100 -100 -100 -100 -100 -100 -100 -100 -100 -100 -100 -100 -100 -100 -100 -100 -100 -100 -100 -100 -100 -100 -100 -100 -100 -100 -100 -100 -100 -100 -100 -100 -100 -100 -100 -100 -100 -100 -100 -100 -100 -100 -100 -100 -100
06/10/2025 09:37:59 - INFO - __main__ -   Saving features into cached file data/CrossLingualCombined/tsn_MPTC/cached_test_afro-xlmr-base_164
06/10/2025 09:37:59 - INFO - __main__ -   ***** Running evaluation  *****
06/10/2025 09:37:59 - INFO - __main__ -     Num examples = 1269
06/10/2025 09:37:59 - INFO - __main__ -     Batch size = 8
Evaluating: 100%|██████████████████████████████████████████████████████████████████████████████████████████████████████████████████████████████████████████| 159/159 [00:01<00:00, 118.04it/s]
06/10/2025 09:38:00 - INFO - __main__ -   ***** Eval results  *****
06/10/2025 09:38:00 - INFO - __main__ -     f1 = 0.7569892473118279
06/10/2025 09:38:00 - INFO - __main__ -     loss = 0.09111508227492233
06/10/2025 09:38:00 - INFO - __main__ -     precision = 0.7302904564315352
06/10/2025 09:38:00 - INFO - __main__ -     recall = 0.7857142857142857
06/10/2025 09:38:00 - INFO - __main__ -     report =               precision    recall  f1-score   support

        DATE       0.73      0.82      0.77       104
         LOC       0.75      0.83      0.79        94
         ORG       0.72      0.52      0.60        25
         PER       0.00      0.00      0.00         1

   micro avg       0.73      0.79      0.76       224
   macro avg       0.55      0.54      0.54       224
weighted avg       0.74      0.79      0.76       224
