06/08/2025 17:14:42 - INFO - __main__ -   ***** Running evaluation  *****
06/08/2025 17:14:42 - INFO - __main__ -     Num examples = 737
06/08/2025 17:14:42 - INFO - __main__ -     Batch size = 8
Evaluating: 100%|██████████████████████████████████████████████████████████████████████████████████████████████████████████████████████████| 93/93 [00:00<00:00, 126.01it/s]
06/08/2025 17:14:43 - INFO - __main__ -   ***** Eval results  *****
06/08/2025 17:14:43 - INFO - __main__ -     f1 = 0.8306010928961749
06/08/2025 17:14:43 - INFO - __main__ -     loss = 0.14526548489772712
06/08/2025 17:14:43 - INFO - __main__ -     precision = 0.8201438848920863
06/08/2025 17:14:43 - INFO - __main__ -     recall = 0.8413284132841329
06/08/2025 17:14:43 - INFO - __main__ -     report =               precision    recall  f1-score   support

        DATE       0.78      0.79      0.79       224
         LOC       0.81      0.89      0.85       336
         ORG       0.80      0.75      0.78       299
         PER       0.89      0.93      0.91       225

   micro avg       0.82      0.84      0.83      1084
   macro avg       0.82      0.84      0.83      1084
weighted avg       0.82      0.84      0.83      1084

06/08/2025 17:14:43 - INFO - __main__ -   Creating features from dataset file at data/ZeroShotTransfer/luo_SALT/
06/08/2025 17:14:43 - INFO - utils_ner -   Writing example 0 of 6239
06/08/2025 17:14:43 - INFO - utils_ner -   *** Example ***
06/08/2025 17:14:43 - INFO - utils_ner -   guid: test-1
06/08/2025 17:14:43 - INFO - utils_ner -   tokens: [CLS] Ti ##imu y ' em ##iza ##ano e ##ya dis ##itur ##iki ##ti , ek ##ahi ##ka ah ##a kama ##rir ##izo om ##wak ##a og ##uh ##wai ##re . [SEP]
06/08/2025 17:14:43 - INFO - utils_ner -   input_ids: 101 29033 43197 193 112 10266 24213 12301 173 10679 27920 96065 20897 10325 117 16334 100962 10371 69863 10113 23559 23897 58452 10209 57482 10113 10156 18593 69680 10246 119 102 0 0 0 0 0 0 0 0 0 0 0 0 0 0 0 0 0 0 0 0 0 0 0 0 0 0 0 0 0 0 0 0 0 0 0 0 0 0 0 0 0 0 0 0 0 0 0 0 0 0 0 0 0 0 0 0 0 0 0 0 0 0 0 0 0 0 0 0 0 0 0 0 0 0 0 0 0 0 0 0 0 0 0 0 0 0 0 0 0 0 0 0 0 0 0 0 0 0 0 0 0 0 0 0 0 0 0 0 0 0 0 0 0 0 0 0 0 0 0 0 0 0 0 0 0 0 0 0 0 0 0 0
06/08/2025 17:14:43 - INFO - utils_ner -   input_mask: 1 1 1 1 1 1 1 1 1 1 1 1 1 1 1 1 1 1 1 1 1 1 1 1 1 1 1 1 1 1 1 1 0 0 0 0 0 0 0 0 0 0 0 0 0 0 0 0 0 0 0 0 0 0 0 0 0 0 0 0 0 0 0 0 0 0 0 0 0 0 0 0 0 0 0 0 0 0 0 0 0 0 0 0 0 0 0 0 0 0 0 0 0 0 0 0 0 0 0 0 0 0 0 0 0 0 0 0 0 0 0 0 0 0 0 0 0 0 0 0 0 0 0 0 0 0 0 0 0 0 0 0 0 0 0 0 0 0 0 0 0 0 0 0 0 0 0 0 0 0 0 0 0 0 0 0 0 0 0 0 0 0 0 0
06/08/2025 17:14:43 - INFO - utils_ner -   segment_ids: 0 0 0 0 0 0 0 0 0 0 0 0 0 0 0 0 0 0 0 0 0 0 0 0 0 0 0 0 0 0 0 0 0 0 0 0 0 0 0 0 0 0 0 0 0 0 0 0 0 0 0 0 0 0 0 0 0 0 0 0 0 0 0 0 0 0 0 0 0 0 0 0 0 0 0 0 0 0 0 0 0 0 0 0 0 0 0 0 0 0 0 0 0 0 0 0 0 0 0 0 0 0 0 0 0 0 0 0 0 0 0 0 0 0 0 0 0 0 0 0 0 0 0 0 0 0 0 0 0 0 0 0 0 0 0 0 0 0 0 0 0 0 0 0 0 0 0 0 0 0 0 0 0 0 0 0 0 0 0 0 0 0 0 0
06/08/2025 17:14:43 - INFO - utils_ner -   label_ids: -100 0 -100 0 -100 -100 -100 -100 0 -100 0 -100 -100 -100 0 0 -100 -100 0 -100 0 -100 -100 1 -100 -100 2 -100 -100 -100 0 -100 -100 -100 -100 -100 -100 -100 -100 -100 -100 -100 -100 -100 -100 -100 -100 -100 -100 -100 -100 -100 -100 -100 -100 -100 -100 -100 -100 -100 -100 -100 -100 -100 -100 -100 -100 -100 -100 -100 -100 -100 -100 -100 -100 -100 -100 -100 -100 -100 -100 -100 -100 -100 -100 -100 -100 -100 -100 -100 -100 -100 -100 -100 -100 -100 -100 -100 -100 -100 -100 -100 -100 -100 -100 -100 -100 -100 -100 -100 -100 -100 -100 -100 -100 -100 -100 -100 -100 -100 -100 -100 -100 -100 -100 -100 -100 -100 -100 -100 -100 -100 -100 -100 -100 -100 -100 -100 -100 -100 -100 -100 -100 -100 -100 -100 -100 -100 -100 -100 -100 -100 -100 -100 -100 -100 -100 -100 -100 -100 -100 -100 -100 -100
06/08/2025 17:14:43 - INFO - utils_ner -   *** Example ***
06/08/2025 17:14:43 - INFO - utils_ner -   guid: test-2
06/08/2025 17:14:43 - INFO - utils_ner -   tokens: [CLS] S ##h ##wen ##kur ##u wa ##ng ##ye aka ##fa ai ##ne em ##yak ##a kin ##ana na mun ##ana e ##y ' obu ##kur ##u . [SEP]
06/08/2025 17:14:43 - INFO - utils_ner -   input_ids: 101 156 10237 19584 24260 10138 11471 10376 12871 50825 13369 11346 10238 10266 50274 10113 37403 11631 10132 101833 11631 173 10157 112 52968 24260 10138 119 102 0 0 0 0 0 0 0 0 0 0 0 0 0 0 0 0 0 0 0 0 0 0 0 0 0 0 0 0 0 0 0 0 0 0 0 0 0 0 0 0 0 0 0 0 0 0 0 0 0 0 0 0 0 0 0 0 0 0 0 0 0 0 0 0 0 0 0 0 0 0 0 0 0 0 0 0 0 0 0 0 0 0 0 0 0 0 0 0 0 0 0 0 0 0 0 0 0 0 0 0 0 0 0 0 0 0 0 0 0 0 0 0 0 0 0 0 0 0 0 0 0 0 0 0 0 0 0 0 0 0 0 0 0 0 0
06/08/2025 17:14:43 - INFO - utils_ner -   input_mask: 1 1 1 1 1 1 1 1 1 1 1 1 1 1 1 1 1 1 1 1 1 1 1 1 1 1 1 1 1 0 0 0 0 0 0 0 0 0 0 0 0 0 0 0 0 0 0 0 0 0 0 0 0 0 0 0 0 0 0 0 0 0 0 0 0 0 0 0 0 0 0 0 0 0 0 0 0 0 0 0 0 0 0 0 0 0 0 0 0 0 0 0 0 0 0 0 0 0 0 0 0 0 0 0 0 0 0 0 0 0 0 0 0 0 0 0 0 0 0 0 0 0 0 0 0 0 0 0 0 0 0 0 0 0 0 0 0 0 0 0 0 0 0 0 0 0 0 0 0 0 0 0 0 0 0 0 0 0 0 0 0 0 0 0
06/08/2025 17:14:43 - INFO - utils_ner -   segment_ids: 0 0 0 0 0 0 0 0 0 0 0 0 0 0 0 0 0 0 0 0 0 0 0 0 0 0 0 0 0 0 0 0 0 0 0 0 0 0 0 0 0 0 0 0 0 0 0 0 0 0 0 0 0 0 0 0 0 0 0 0 0 0 0 0 0 0 0 0 0 0 0 0 0 0 0 0 0 0 0 0 0 0 0 0 0 0 0 0 0 0 0 0 0 0 0 0 0 0 0 0 0 0 0 0 0 0 0 0 0 0 0 0 0 0 0 0 0 0 0 0 0 0 0 0 0 0 0 0 0 0 0 0 0 0 0 0 0 0 0 0 0 0 0 0 0 0 0 0 0 0 0 0 0 0 0 0 0 0 0 0 0 0 0 0
06/08/2025 17:14:43 - INFO - utils_ner -   label_ids: -100 0 -100 -100 -100 -100 0 -100 -100 0 -100 0 -100 1 -100 -100 2 -100 2 2 -100 0 -100 -100 -100 -100 -100 0 -100 -100 -100 -100 -100 -100 -100 -100 -100 -100 -100 -100 -100 -100 -100 -100 -100 -100 -100 -100 -100 -100 -100 -100 -100 -100 -100 -100 -100 -100 -100 -100 -100 -100 -100 -100 -100 -100 -100 -100 -100 -100 -100 -100 -100 -100 -100 -100 -100 -100 -100 -100 -100 -100 -100 -100 -100 -100 -100 -100 -100 -100 -100 -100 -100 -100 -100 -100 -100 -100 -100 -100 -100 -100 -100 -100 -100 -100 -100 -100 -100 -100 -100 -100 -100 -100 -100 -100 -100 -100 -100 -100 -100 -100 -100 -100 -100 -100 -100 -100 -100 -100 -100 -100 -100 -100 -100 -100 -100 -100 -100 -100 -100 -100 -100 -100 -100 -100 -100 -100 -100 -100 -100 -100 -100 -100 -100 -100 -100 -100 -100 -100 -100 -100 -100 -100
06/08/2025 17:14:43 - INFO - utils_ner -   *** Example ***
06/08/2025 17:14:43 - INFO - utils_ner -   guid: test-3
06/08/2025 17:14:43 - INFO - utils_ner -   tokens: [CLS] E ##bik ##wat ##o e ##bir ##imu za miz ##ay ##iro ma ##kum ##i ata ##no e ##by ##agu ##zir ##we kuru ##ga China bi ##kaa ##kii ##r ##wa en ##kum ##i ibi ##ri iku ##mi na mun ##ana . [SEP]
06/08/2025 17:14:43 - INFO - utils_ner -   input_ids: 101 142 59155 33670 10133 173 29241 43197 10339 60919 13998 14213 10824 36811 10116 21695 10343 173 11530 47540 84333 12577 48350 10483 11593 11342 62266 70149 10129 11037 10110 36811 10116 23562 10401 14474 10500 10132 101833 11631 119 102 0 0 0 0 0 0 0 0 0 0 0 0 0 0 0 0 0 0 0 0 0 0 0 0 0 0 0 0 0 0 0 0 0 0 0 0 0 0 0 0 0 0 0 0 0 0 0 0 0 0 0 0 0 0 0 0 0 0 0 0 0 0 0 0 0 0 0 0 0 0 0 0 0 0 0 0 0 0 0 0 0 0 0 0 0 0 0 0 0 0 0 0 0 0 0 0 0 0 0 0 0 0 0 0 0 0 0 0 0 0 0 0 0 0 0 0 0 0 0 0 0 0
06/08/2025 17:14:43 - INFO - utils_ner -   input_mask: 1 1 1 1 1 1 1 1 1 1 1 1 1 1 1 1 1 1 1 1 1 1 1 1 1 1 1 1 1 1 1 1 1 1 1 1 1 1 1 1 1 1 0 0 0 0 0 0 0 0 0 0 0 0 0 0 0 0 0 0 0 0 0 0 0 0 0 0 0 0 0 0 0 0 0 0 0 0 0 0 0 0 0 0 0 0 0 0 0 0 0 0 0 0 0 0 0 0 0 0 0 0 0 0 0 0 0 0 0 0 0 0 0 0 0 0 0 0 0 0 0 0 0 0 0 0 0 0 0 0 0 0 0 0 0 0 0 0 0 0 0 0 0 0 0 0 0 0 0 0 0 0 0 0 0 0 0 0 0 0 0 0 0 0
06/08/2025 17:14:43 - INFO - utils_ner -   segment_ids: 0 0 0 0 0 0 0 0 0 0 0 0 0 0 0 0 0 0 0 0 0 0 0 0 0 0 0 0 0 0 0 0 0 0 0 0 0 0 0 0 0 0 0 0 0 0 0 0 0 0 0 0 0 0 0 0 0 0 0 0 0 0 0 0 0 0 0 0 0 0 0 0 0 0 0 0 0 0 0 0 0 0 0 0 0 0 0 0 0 0 0 0 0 0 0 0 0 0 0 0 0 0 0 0 0 0 0 0 0 0 0 0 0 0 0 0 0 0 0 0 0 0 0 0 0 0 0 0 0 0 0 0 0 0 0 0 0 0 0 0 0 0 0 0 0 0 0 0 0 0 0 0 0 0 0 0 0 0 0 0 0 0 0 0
06/08/2025 17:14:43 - INFO - utils_ner -   label_ids: -100 0 -100 -100 -100 0 -100 -100 0 0 -100 -100 0 -100 -100 0 -100 0 -100 -100 -100 -100 0 -100 7 0 -100 -100 -100 -100 1 -100 -100 2 -100 2 -100 2 2 -100 0 -100 -100 -100 -100 -100 -100 -100 -100 -100 -100 -100 -100 -100 -100 -100 -100 -100 -100 -100 -100 -100 -100 -100 -100 -100 -100 -100 -100 -100 -100 -100 -100 -100 -100 -100 -100 -100 -100 -100 -100 -100 -100 -100 -100 -100 -100 -100 -100 -100 -100 -100 -100 -100 -100 -100 -100 -100 -100 -100 -100 -100 -100 -100 -100 -100 -100 -100 -100 -100 -100 -100 -100 -100 -100 -100 -100 -100 -100 -100 -100 -100 -100 -100 -100 -100 -100 -100 -100 -100 -100 -100 -100 -100 -100 -100 -100 -100 -100 -100 -100 -100 -100 -100 -100 -100 -100 -100 -100 -100 -100 -100 -100 -100 -100 -100 -100 -100 -100 -100 -100 -100 -100 -100
06/08/2025 17:14:43 - INFO - utils_ner -   *** Example ***
06/08/2025 17:14:43 - INFO - utils_ner -   guid: test-4
06/08/2025 17:14:43 - INFO - utils_ner -   tokens: [CLS] Aku ##ruga om ##u ish ##ome ##ro ai ##ne em ##yak ##a iku ##mi na mu ##kaa ##ga . [SEP]
06/08/2025 17:14:43 - INFO - utils_ner -   input_ids: 101 59157 92307 10209 10138 77076 22451 10567 11346 10238 10266 50274 10113 14474 10500 10132 12361 62266 10483 119 102 0 0 0 0 0 0 0 0 0 0 0 0 0 0 0 0 0 0 0 0 0 0 0 0 0 0 0 0 0 0 0 0 0 0 0 0 0 0 0 0 0 0 0 0 0 0 0 0 0 0 0 0 0 0 0 0 0 0 0 0 0 0 0 0 0 0 0 0 0 0 0 0 0 0 0 0 0 0 0 0 0 0 0 0 0 0 0 0 0 0 0 0 0 0 0 0 0 0 0 0 0 0 0 0 0 0 0 0 0 0 0 0 0 0 0 0 0 0 0 0 0 0 0 0 0 0 0 0 0 0 0 0 0 0 0 0 0 0 0 0 0 0 0
06/08/2025 17:14:43 - INFO - utils_ner -   input_mask: 1 1 1 1 1 1 1 1 1 1 1 1 1 1 1 1 1 1 1 1 1 0 0 0 0 0 0 0 0 0 0 0 0 0 0 0 0 0 0 0 0 0 0 0 0 0 0 0 0 0 0 0 0 0 0 0 0 0 0 0 0 0 0 0 0 0 0 0 0 0 0 0 0 0 0 0 0 0 0 0 0 0 0 0 0 0 0 0 0 0 0 0 0 0 0 0 0 0 0 0 0 0 0 0 0 0 0 0 0 0 0 0 0 0 0 0 0 0 0 0 0 0 0 0 0 0 0 0 0 0 0 0 0 0 0 0 0 0 0 0 0 0 0 0 0 0 0 0 0 0 0 0 0 0 0 0 0 0 0 0 0 0 0 0
06/08/2025 17:14:43 - INFO - utils_ner -   segment_ids: 0 0 0 0 0 0 0 0 0 0 0 0 0 0 0 0 0 0 0 0 0 0 0 0 0 0 0 0 0 0 0 0 0 0 0 0 0 0 0 0 0 0 0 0 0 0 0 0 0 0 0 0 0 0 0 0 0 0 0 0 0 0 0 0 0 0 0 0 0 0 0 0 0 0 0 0 0 0 0 0 0 0 0 0 0 0 0 0 0 0 0 0 0 0 0 0 0 0 0 0 0 0 0 0 0 0 0 0 0 0 0 0 0 0 0 0 0 0 0 0 0 0 0 0 0 0 0 0 0 0 0 0 0 0 0 0 0 0 0 0 0 0 0 0 0 0 0 0 0 0 0 0 0 0 0 0 0 0 0 0 0 0 0 0
06/08/2025 17:14:43 - INFO - utils_ner -   label_ids: -100 0 -100 0 -100 0 -100 -100 0 -100 1 -100 -100 2 -100 2 2 -100 -100 0 -100 -100 -100 -100 -100 -100 -100 -100 -100 -100 -100 -100 -100 -100 -100 -100 -100 -100 -100 -100 -100 -100 -100 -100 -100 -100 -100 -100 -100 -100 -100 -100 -100 -100 -100 -100 -100 -100 -100 -100 -100 -100 -100 -100 -100 -100 -100 -100 -100 -100 -100 -100 -100 -100 -100 -100 -100 -100 -100 -100 -100 -100 -100 -100 -100 -100 -100 -100 -100 -100 -100 -100 -100 -100 -100 -100 -100 -100 -100 -100 -100 -100 -100 -100 -100 -100 -100 -100 -100 -100 -100 -100 -100 -100 -100 -100 -100 -100 -100 -100 -100 -100 -100 -100 -100 -100 -100 -100 -100 -100 -100 -100 -100 -100 -100 -100 -100 -100 -100 -100 -100 -100 -100 -100 -100 -100 -100 -100 -100 -100 -100 -100 -100 -100 -100 -100 -100 -100 -100 -100 -100 -100 -100 -100
06/08/2025 17:14:43 - INFO - utils_ner -   *** Example ***
06/08/2025 17:14:43 - INFO - utils_ner -   guid: test-5
06/08/2025 17:14:43 - INFO - utils_ner -   tokens: [CLS] Ny ##om ##web ##az ##yo ni ##b ##wo ah ##iki ##ze em ##yak ##a iku ##mi na mun ##aan ##a [SEP]
06/08/2025 17:14:43 - INFO - utils_ner -   input_ids: 101 11459 10692 51943 16724 15594 10414 10457 16828 69863 20897 10870 10266 50274 10113 14474 10500 10132 101833 12521 10113 102 0 0 0 0 0 0 0 0 0 0 0 0 0 0 0 0 0 0 0 0 0 0 0 0 0 0 0 0 0 0 0 0 0 0 0 0 0 0 0 0 0 0 0 0 0 0 0 0 0 0 0 0 0 0 0 0 0 0 0 0 0 0 0 0 0 0 0 0 0 0 0 0 0 0 0 0 0 0 0 0 0 0 0 0 0 0 0 0 0 0 0 0 0 0 0 0 0 0 0 0 0 0 0 0 0 0 0 0 0 0 0 0 0 0 0 0 0 0 0 0 0 0 0 0 0 0 0 0 0 0 0 0 0 0 0 0 0 0 0 0 0 0
06/08/2025 17:14:43 - INFO - utils_ner -   input_mask: 1 1 1 1 1 1 1 1 1 1 1 1 1 1 1 1 1 1 1 1 1 1 0 0 0 0 0 0 0 0 0 0 0 0 0 0 0 0 0 0 0 0 0 0 0 0 0 0 0 0 0 0 0 0 0 0 0 0 0 0 0 0 0 0 0 0 0 0 0 0 0 0 0 0 0 0 0 0 0 0 0 0 0 0 0 0 0 0 0 0 0 0 0 0 0 0 0 0 0 0 0 0 0 0 0 0 0 0 0 0 0 0 0 0 0 0 0 0 0 0 0 0 0 0 0 0 0 0 0 0 0 0 0 0 0 0 0 0 0 0 0 0 0 0 0 0 0 0 0 0 0 0 0 0 0 0 0 0 0 0 0 0 0 0
06/08/2025 17:14:43 - INFO - utils_ner -   segment_ids: 0 0 0 0 0 0 0 0 0 0 0 0 0 0 0 0 0 0 0 0 0 0 0 0 0 0 0 0 0 0 0 0 0 0 0 0 0 0 0 0 0 0 0 0 0 0 0 0 0 0 0 0 0 0 0 0 0 0 0 0 0 0 0 0 0 0 0 0 0 0 0 0 0 0 0 0 0 0 0 0 0 0 0 0 0 0 0 0 0 0 0 0 0 0 0 0 0 0 0 0 0 0 0 0 0 0 0 0 0 0 0 0 0 0 0 0 0 0 0 0 0 0 0 0 0 0 0 0 0 0 0 0 0 0 0 0 0 0 0 0 0 0 0 0 0 0 0 0 0 0 0 0 0 0 0 0 0 0 0 0 0 0 0 0
06/08/2025 17:14:43 - INFO - utils_ner -   label_ids: -100 1 -100 -100 -100 -100 0 -100 -100 0 -100 -100 1 -100 -100 2 -100 2 2 -100 -100 -100 -100 -100 -100 -100 -100 -100 -100 -100 -100 -100 -100 -100 -100 -100 -100 -100 -100 -100 -100 -100 -100 -100 -100 -100 -100 -100 -100 -100 -100 -100 -100 -100 -100 -100 -100 -100 -100 -100 -100 -100 -100 -100 -100 -100 -100 -100 -100 -100 -100 -100 -100 -100 -100 -100 -100 -100 -100 -100 -100 -100 -100 -100 -100 -100 -100 -100 -100 -100 -100 -100 -100 -100 -100 -100 -100 -100 -100 -100 -100 -100 -100 -100 -100 -100 -100 -100 -100 -100 -100 -100 -100 -100 -100 -100 -100 -100 -100 -100 -100 -100 -100 -100 -100 -100 -100 -100 -100 -100 -100 -100 -100 -100 -100 -100 -100 -100 -100 -100 -100 -100 -100 -100 -100 -100 -100 -100 -100 -100 -100 -100 -100 -100 -100 -100 -100 -100 -100 -100 -100 -100 -100 -100
06/08/2025 17:14:44 - INFO - __main__ -   Saving features into cached file data/ZeroShotTransfer/luo_SALT/cached_test_bert-base-multilingual-cased_164
06/08/2025 17:14:45 - INFO - __main__ -   ***** Running evaluation  *****
06/08/2025 17:14:45 - INFO - __main__ -     Num examples = 6239
06/08/2025 17:14:45 - INFO - __main__ -     Batch size = 8
Evaluating: 100%|████████████████████████████████████████████████████████████████████████████████████████████████████████████████████████| 780/780 [00:07<00:00, 110.63it/s]
06/08/2025 17:14:52 - INFO - __main__ -   ***** Eval results  *****
06/08/2025 17:14:52 - INFO - __main__ -     f1 = 0.3368074602303895
06/08/2025 17:14:52 - INFO - __main__ -     loss = 0.4125915015985718
06/08/2025 17:14:52 - INFO - __main__ -     precision = 0.25143325143325146
06/08/2025 17:14:52 - INFO - __main__ -     recall = 0.5099667774086378
06/08/2025 17:14:52 - INFO - __main__ -     report =               precision    recall  f1-score   support

        DATE       0.07      0.01      0.02       333
         LOC       0.58      0.78      0.67       621
         ORG       0.39      0.37      0.38       137
         PER       0.05      0.66      0.10       113

   micro avg       0.25      0.51      0.34      1204
   macro avg       0.27      0.46      0.29      1204
weighted avg       0.37      0.51      0.40      1204
