06/08/2025 14:41:42 - INFO - __main__ -   ***** Running evaluation  *****
06/08/2025 14:41:42 - INFO - __main__ -     Num examples = 1090
06/08/2025 14:41:42 - INFO - __main__ -     Batch size = 8
Evaluating: 100%|████████████████████████████████████████████████████████████████████████████████████████████████████████████████████████| 137/137 [00:01<00:00, 124.26it/s]
06/08/2025 14:41:43 - INFO - __main__ -    global_step = 2390, average loss = 0.02803188949352056
06/08/2025 14:41:43 - INFO - __main__ -   Evaluate the following checkpoints: ['models/ZeroShotTransfer/salt_ibo_runyankore_xlmr']
06/08/2025 14:41:43 - INFO - __main__ -   Loading features from cached file data/ZeroShotTransfer/ibo_SALT/cached_dev_xlm-roberta-base_164
06/08/2025 14:41:44 - INFO - __main__ -   ***** Running evaluation  *****
06/08/2025 14:41:44 - INFO - __main__ -     Num examples = 1090
06/08/2025 14:41:44 - INFO - __main__ -     Batch size = 8
Evaluating: 100%|████████████████████████████████████████████████████████████████████████████████████████████████████████████████████████| 137/137 [00:01<00:00, 123.00it/s]
06/08/2025 14:41:45 - INFO - __main__ -   ***** Eval results  *****
06/08/2025 14:41:45 - INFO - __main__ -     f1 = 0.8854625550660794
06/08/2025 14:41:45 - INFO - __main__ -     loss = 0.05789614704572557
06/08/2025 14:41:45 - INFO - __main__ -     precision = 0.8739130434782608
06/08/2025 14:41:45 - INFO - __main__ -     recall = 0.8973214285714286
06/08/2025 14:41:45 - INFO - __main__ -     report =               precision    recall  f1-score   support

        DATE       0.78      0.82      0.80       101
         LOC       0.91      0.91      0.91       480
         ORG       0.75      0.77      0.76       163
         PER       0.91      0.95      0.93       376

   micro avg       0.87      0.90      0.89      1120
   macro avg       0.84      0.86      0.85      1120
weighted avg       0.87      0.90      0.89      1120

06/08/2025 14:41:45 - INFO - __main__ -   Creating features from dataset file at data/ZeroShotTransfer/ibo_SALT/
06/08/2025 14:41:45 - INFO - utils_ner -   Writing example 0 of 6239
06/08/2025 14:41:45 - INFO - utils_ner -   *** Example ***
06/08/2025 14:41:45 - INFO - utils_ner -   guid: test-1
06/08/2025 14:41:45 - INFO - utils_ner -   tokens: <s> ▁Ti imu ▁y ' em iza ano ▁e ya ▁di si turik iti ▁ , ▁e kah ika ▁a ha ▁kamar i rizo ▁om wa ka ▁og uh wa ire ▁ . </s>
06/08/2025 14:41:45 - INFO - utils_ner -   input_ids: 0 2371 15608 113 25 195 7337 3922 28 395 45 172 101605 1890 6 4 28 6577 2959 10 528 21323 14 155946 171 634 161 60 5951 634 2149 6 5 2 1 1 1 1 1 1 1 1 1 1 1 1 1 1 1 1 1 1 1 1 1 1 1 1 1 1 1 1 1 1 1 1 1 1 1 1 1 1 1 1 1 1 1 1 1 1 1 1 1 1 1 1 1 1 1 1 1 1 1 1 1 1 1 1 1 1 1 1 1 1 1 1 1 1 1 1 1 1 1 1 1 1 1 1 1 1 1 1 1 1 1 1 1 1 1 1 1 1 1 1 1 1 1 1 1 1 1 1 1 1 1 1 1 1 1 1 1 1 1 1 1 1 1 1 1 1 1 1 1 1
06/08/2025 14:41:45 - INFO - utils_ner -   input_mask: 1 1 1 1 1 1 1 1 1 1 1 1 1 1 1 1 1 1 1 1 1 1 1 1 1 1 1 1 1 1 1 1 1 1 0 0 0 0 0 0 0 0 0 0 0 0 0 0 0 0 0 0 0 0 0 0 0 0 0 0 0 0 0 0 0 0 0 0 0 0 0 0 0 0 0 0 0 0 0 0 0 0 0 0 0 0 0 0 0 0 0 0 0 0 0 0 0 0 0 0 0 0 0 0 0 0 0 0 0 0 0 0 0 0 0 0 0 0 0 0 0 0 0 0 0 0 0 0 0 0 0 0 0 0 0 0 0 0 0 0 0 0 0 0 0 0 0 0 0 0 0 0 0 0 0 0 0 0 0 0 0 0 0 0
06/08/2025 14:41:45 - INFO - utils_ner -   segment_ids: 0 0 0 0 0 0 0 0 0 0 0 0 0 0 0 0 0 0 0 0 0 0 0 0 0 0 0 0 0 0 0 0 0 0 0 0 0 0 0 0 0 0 0 0 0 0 0 0 0 0 0 0 0 0 0 0 0 0 0 0 0 0 0 0 0 0 0 0 0 0 0 0 0 0 0 0 0 0 0 0 0 0 0 0 0 0 0 0 0 0 0 0 0 0 0 0 0 0 0 0 0 0 0 0 0 0 0 0 0 0 0 0 0 0 0 0 0 0 0 0 0 0 0 0 0 0 0 0 0 0 0 0 0 0 0 0 0 0 0 0 0 0 0 0 0 0 0 0 0 0 0 0 0 0 0 0 0 0 0 0 0 0 0 0
06/08/2025 14:41:45 - INFO - utils_ner -   label_ids: -100 0 -100 0 -100 -100 -100 -100 0 -100 0 -100 -100 -100 0 -100 0 -100 -100 0 -100 0 -100 -100 1 -100 -100 2 -100 -100 -100 0 -100 -100 -100 -100 -100 -100 -100 -100 -100 -100 -100 -100 -100 -100 -100 -100 -100 -100 -100 -100 -100 -100 -100 -100 -100 -100 -100 -100 -100 -100 -100 -100 -100 -100 -100 -100 -100 -100 -100 -100 -100 -100 -100 -100 -100 -100 -100 -100 -100 -100 -100 -100 -100 -100 -100 -100 -100 -100 -100 -100 -100 -100 -100 -100 -100 -100 -100 -100 -100 -100 -100 -100 -100 -100 -100 -100 -100 -100 -100 -100 -100 -100 -100 -100 -100 -100 -100 -100 -100 -100 -100 -100 -100 -100 -100 -100 -100 -100 -100 -100 -100 -100 -100 -100 -100 -100 -100 -100 -100 -100 -100 -100 -100 -100 -100 -100 -100 -100 -100 -100 -100 -100 -100 -100 -100 -100 -100 -100 -100 -100 -100 -100
06/08/2025 14:41:45 - INFO - utils_ner -   *** Example ***
06/08/2025 14:41:45 - INFO - utils_ner -   guid: test-2
06/08/2025 14:41:45 - INFO - utils_ner -   tokens: <s> ▁Sh wen kuru ▁wang ye ▁aka fa ▁aine ▁em yaka ▁kina na ▁na ▁muna na ▁e y ' o buku ru ▁ . </s>
06/08/2025 14:41:45 - INFO - utils_ner -   input_ids: 0 7525 11697 120209 37109 1033 15623 1021 59482 352 122669 24222 76 24 29279 76 28 53 25 31 107798 882 6 5 2 1 1 1 1 1 1 1 1 1 1 1 1 1 1 1 1 1 1 1 1 1 1 1 1 1 1 1 1 1 1 1 1 1 1 1 1 1 1 1 1 1 1 1 1 1 1 1 1 1 1 1 1 1 1 1 1 1 1 1 1 1 1 1 1 1 1 1 1 1 1 1 1 1 1 1 1 1 1 1 1 1 1 1 1 1 1 1 1 1 1 1 1 1 1 1 1 1 1 1 1 1 1 1 1 1 1 1 1 1 1 1 1 1 1 1 1 1 1 1 1 1 1 1 1 1 1 1 1 1 1 1 1 1 1 1 1 1 1 1
06/08/2025 14:41:45 - INFO - utils_ner -   input_mask: 1 1 1 1 1 1 1 1 1 1 1 1 1 1 1 1 1 1 1 1 1 1 1 1 1 0 0 0 0 0 0 0 0 0 0 0 0 0 0 0 0 0 0 0 0 0 0 0 0 0 0 0 0 0 0 0 0 0 0 0 0 0 0 0 0 0 0 0 0 0 0 0 0 0 0 0 0 0 0 0 0 0 0 0 0 0 0 0 0 0 0 0 0 0 0 0 0 0 0 0 0 0 0 0 0 0 0 0 0 0 0 0 0 0 0 0 0 0 0 0 0 0 0 0 0 0 0 0 0 0 0 0 0 0 0 0 0 0 0 0 0 0 0 0 0 0 0 0 0 0 0 0 0 0 0 0 0 0 0 0 0 0 0 0
06/08/2025 14:41:45 - INFO - utils_ner -   segment_ids: 0 0 0 0 0 0 0 0 0 0 0 0 0 0 0 0 0 0 0 0 0 0 0 0 0 0 0 0 0 0 0 0 0 0 0 0 0 0 0 0 0 0 0 0 0 0 0 0 0 0 0 0 0 0 0 0 0 0 0 0 0 0 0 0 0 0 0 0 0 0 0 0 0 0 0 0 0 0 0 0 0 0 0 0 0 0 0 0 0 0 0 0 0 0 0 0 0 0 0 0 0 0 0 0 0 0 0 0 0 0 0 0 0 0 0 0 0 0 0 0 0 0 0 0 0 0 0 0 0 0 0 0 0 0 0 0 0 0 0 0 0 0 0 0 0 0 0 0 0 0 0 0 0 0 0 0 0 0 0 0 0 0 0 0
06/08/2025 14:41:45 - INFO - utils_ner -   label_ids: -100 0 -100 -100 0 -100 0 -100 0 1 -100 2 -100 2 2 -100 0 -100 -100 -100 -100 -100 0 -100 -100 -100 -100 -100 -100 -100 -100 -100 -100 -100 -100 -100 -100 -100 -100 -100 -100 -100 -100 -100 -100 -100 -100 -100 -100 -100 -100 -100 -100 -100 -100 -100 -100 -100 -100 -100 -100 -100 -100 -100 -100 -100 -100 -100 -100 -100 -100 -100 -100 -100 -100 -100 -100 -100 -100 -100 -100 -100 -100 -100 -100 -100 -100 -100 -100 -100 -100 -100 -100 -100 -100 -100 -100 -100 -100 -100 -100 -100 -100 -100 -100 -100 -100 -100 -100 -100 -100 -100 -100 -100 -100 -100 -100 -100 -100 -100 -100 -100 -100 -100 -100 -100 -100 -100 -100 -100 -100 -100 -100 -100 -100 -100 -100 -100 -100 -100 -100 -100 -100 -100 -100 -100 -100 -100 -100 -100 -100 -100 -100 -100 -100 -100 -100 -100 -100 -100 -100 -100 -100 -100
06/08/2025 14:41:45 - INFO - utils_ner -   *** Example ***
06/08/2025 14:41:45 - INFO - utils_ner -   guid: test-3
06/08/2025 14:41:45 - INFO - utils_ner -   tokens: <s> ▁E bi kwa to ▁e biri mu ▁za ▁m izay iro ▁maku mi ▁a tano ▁e by agu zir we ▁kuru ga ▁China ▁bi kaa kii rwa ▁en kumi ▁i biri ▁i kumi ▁na ▁muna na ▁ . </s>
06/08/2025 14:41:45 - INFO - utils_ner -   input_ids: 0 241 964 10521 188 28 35653 561 80 347 83571 8699 62332 266 10 35221 28 1272 26722 26679 1177 14178 208 9098 333 17227 7072 70627 22 87064 17 35653 17 87064 24 29279 76 6 5 2 1 1 1 1 1 1 1 1 1 1 1 1 1 1 1 1 1 1 1 1 1 1 1 1 1 1 1 1 1 1 1 1 1 1 1 1 1 1 1 1 1 1 1 1 1 1 1 1 1 1 1 1 1 1 1 1 1 1 1 1 1 1 1 1 1 1 1 1 1 1 1 1 1 1 1 1 1 1 1 1 1 1 1 1 1 1 1 1 1 1 1 1 1 1 1 1 1 1 1 1 1 1 1 1 1 1 1 1 1 1 1 1 1 1 1 1 1 1 1 1 1 1 1 1
06/08/2025 14:41:45 - INFO - utils_ner -   input_mask: 1 1 1 1 1 1 1 1 1 1 1 1 1 1 1 1 1 1 1 1 1 1 1 1 1 1 1 1 1 1 1 1 1 1 1 1 1 1 1 1 0 0 0 0 0 0 0 0 0 0 0 0 0 0 0 0 0 0 0 0 0 0 0 0 0 0 0 0 0 0 0 0 0 0 0 0 0 0 0 0 0 0 0 0 0 0 0 0 0 0 0 0 0 0 0 0 0 0 0 0 0 0 0 0 0 0 0 0 0 0 0 0 0 0 0 0 0 0 0 0 0 0 0 0 0 0 0 0 0 0 0 0 0 0 0 0 0 0 0 0 0 0 0 0 0 0 0 0 0 0 0 0 0 0 0 0 0 0 0 0 0 0 0 0
06/08/2025 14:41:45 - INFO - utils_ner -   segment_ids: 0 0 0 0 0 0 0 0 0 0 0 0 0 0 0 0 0 0 0 0 0 0 0 0 0 0 0 0 0 0 0 0 0 0 0 0 0 0 0 0 0 0 0 0 0 0 0 0 0 0 0 0 0 0 0 0 0 0 0 0 0 0 0 0 0 0 0 0 0 0 0 0 0 0 0 0 0 0 0 0 0 0 0 0 0 0 0 0 0 0 0 0 0 0 0 0 0 0 0 0 0 0 0 0 0 0 0 0 0 0 0 0 0 0 0 0 0 0 0 0 0 0 0 0 0 0 0 0 0 0 0 0 0 0 0 0 0 0 0 0 0 0 0 0 0 0 0 0 0 0 0 0 0 0 0 0 0 0 0 0 0 0 0 0
06/08/2025 14:41:45 - INFO - utils_ner -   label_ids: -100 0 -100 -100 -100 0 -100 -100 0 0 -100 -100 0 -100 0 -100 0 -100 -100 -100 -100 0 -100 7 0 -100 -100 -100 1 -100 2 -100 2 -100 2 2 -100 0 -100 -100 -100 -100 -100 -100 -100 -100 -100 -100 -100 -100 -100 -100 -100 -100 -100 -100 -100 -100 -100 -100 -100 -100 -100 -100 -100 -100 -100 -100 -100 -100 -100 -100 -100 -100 -100 -100 -100 -100 -100 -100 -100 -100 -100 -100 -100 -100 -100 -100 -100 -100 -100 -100 -100 -100 -100 -100 -100 -100 -100 -100 -100 -100 -100 -100 -100 -100 -100 -100 -100 -100 -100 -100 -100 -100 -100 -100 -100 -100 -100 -100 -100 -100 -100 -100 -100 -100 -100 -100 -100 -100 -100 -100 -100 -100 -100 -100 -100 -100 -100 -100 -100 -100 -100 -100 -100 -100 -100 -100 -100 -100 -100 -100 -100 -100 -100 -100 -100 -100 -100 -100 -100 -100 -100 -100
06/08/2025 14:41:45 - INFO - utils_ner -   *** Example ***
06/08/2025 14:41:45 - INFO - utils_ner -   guid: test-4
06/08/2025 14:41:45 - INFO - utils_ner -   tokens: <s> ▁Aku ruga ▁om u ▁is home ro ▁aine ▁em yaka ▁i kumi ▁na ▁muka aga ▁ . </s>
06/08/2025 14:41:45 - INFO - utils_ner -   input_ids: 0 8158 46892 171 34 83 29552 516 59482 352 122669 17 87064 24 14330 4729 6 5 2 1 1 1 1 1 1 1 1 1 1 1 1 1 1 1 1 1 1 1 1 1 1 1 1 1 1 1 1 1 1 1 1 1 1 1 1 1 1 1 1 1 1 1 1 1 1 1 1 1 1 1 1 1 1 1 1 1 1 1 1 1 1 1 1 1 1 1 1 1 1 1 1 1 1 1 1 1 1 1 1 1 1 1 1 1 1 1 1 1 1 1 1 1 1 1 1 1 1 1 1 1 1 1 1 1 1 1 1 1 1 1 1 1 1 1 1 1 1 1 1 1 1 1 1 1 1 1 1 1 1 1 1 1 1 1 1 1 1 1 1 1 1 1 1 1
06/08/2025 14:41:45 - INFO - utils_ner -   input_mask: 1 1 1 1 1 1 1 1 1 1 1 1 1 1 1 1 1 1 1 0 0 0 0 0 0 0 0 0 0 0 0 0 0 0 0 0 0 0 0 0 0 0 0 0 0 0 0 0 0 0 0 0 0 0 0 0 0 0 0 0 0 0 0 0 0 0 0 0 0 0 0 0 0 0 0 0 0 0 0 0 0 0 0 0 0 0 0 0 0 0 0 0 0 0 0 0 0 0 0 0 0 0 0 0 0 0 0 0 0 0 0 0 0 0 0 0 0 0 0 0 0 0 0 0 0 0 0 0 0 0 0 0 0 0 0 0 0 0 0 0 0 0 0 0 0 0 0 0 0 0 0 0 0 0 0 0 0 0 0 0 0 0 0 0
06/08/2025 14:41:45 - INFO - utils_ner -   segment_ids: 0 0 0 0 0 0 0 0 0 0 0 0 0 0 0 0 0 0 0 0 0 0 0 0 0 0 0 0 0 0 0 0 0 0 0 0 0 0 0 0 0 0 0 0 0 0 0 0 0 0 0 0 0 0 0 0 0 0 0 0 0 0 0 0 0 0 0 0 0 0 0 0 0 0 0 0 0 0 0 0 0 0 0 0 0 0 0 0 0 0 0 0 0 0 0 0 0 0 0 0 0 0 0 0 0 0 0 0 0 0 0 0 0 0 0 0 0 0 0 0 0 0 0 0 0 0 0 0 0 0 0 0 0 0 0 0 0 0 0 0 0 0 0 0 0 0 0 0 0 0 0 0 0 0 0 0 0 0 0 0 0 0 0 0
06/08/2025 14:41:45 - INFO - utils_ner -   label_ids: -100 0 -100 0 -100 0 -100 -100 0 1 -100 2 -100 2 2 -100 0 -100 -100 -100 -100 -100 -100 -100 -100 -100 -100 -100 -100 -100 -100 -100 -100 -100 -100 -100 -100 -100 -100 -100 -100 -100 -100 -100 -100 -100 -100 -100 -100 -100 -100 -100 -100 -100 -100 -100 -100 -100 -100 -100 -100 -100 -100 -100 -100 -100 -100 -100 -100 -100 -100 -100 -100 -100 -100 -100 -100 -100 -100 -100 -100 -100 -100 -100 -100 -100 -100 -100 -100 -100 -100 -100 -100 -100 -100 -100 -100 -100 -100 -100 -100 -100 -100 -100 -100 -100 -100 -100 -100 -100 -100 -100 -100 -100 -100 -100 -100 -100 -100 -100 -100 -100 -100 -100 -100 -100 -100 -100 -100 -100 -100 -100 -100 -100 -100 -100 -100 -100 -100 -100 -100 -100 -100 -100 -100 -100 -100 -100 -100 -100 -100 -100 -100 -100 -100 -100 -100 -100 -100 -100 -100 -100 -100 -100
06/08/2025 14:41:45 - INFO - utils_ner -   *** Example ***
06/08/2025 14:41:45 - INFO - utils_ner -   guid: test-5
06/08/2025 14:41:45 - INFO - utils_ner -   tokens: <s> ▁Ny om web az yo ▁ni b wo ▁ah iki ze ▁em yaka ▁i kumi ▁na ▁muna ana </s>
06/08/2025 14:41:45 - INFO - utils_ner -   input_ids: 0 2949 306 14051 1828 1410 300 275 3613 1263 5898 731 352 122669 17 87064 24 29279 1500 2 1 1 1 1 1 1 1 1 1 1 1 1 1 1 1 1 1 1 1 1 1 1 1 1 1 1 1 1 1 1 1 1 1 1 1 1 1 1 1 1 1 1 1 1 1 1 1 1 1 1 1 1 1 1 1 1 1 1 1 1 1 1 1 1 1 1 1 1 1 1 1 1 1 1 1 1 1 1 1 1 1 1 1 1 1 1 1 1 1 1 1 1 1 1 1 1 1 1 1 1 1 1 1 1 1 1 1 1 1 1 1 1 1 1 1 1 1 1 1 1 1 1 1 1 1 1 1 1 1 1 1 1 1 1 1 1 1 1 1 1 1 1 1 1
06/08/2025 14:41:45 - INFO - utils_ner -   input_mask: 1 1 1 1 1 1 1 1 1 1 1 1 1 1 1 1 1 1 1 1 0 0 0 0 0 0 0 0 0 0 0 0 0 0 0 0 0 0 0 0 0 0 0 0 0 0 0 0 0 0 0 0 0 0 0 0 0 0 0 0 0 0 0 0 0 0 0 0 0 0 0 0 0 0 0 0 0 0 0 0 0 0 0 0 0 0 0 0 0 0 0 0 0 0 0 0 0 0 0 0 0 0 0 0 0 0 0 0 0 0 0 0 0 0 0 0 0 0 0 0 0 0 0 0 0 0 0 0 0 0 0 0 0 0 0 0 0 0 0 0 0 0 0 0 0 0 0 0 0 0 0 0 0 0 0 0 0 0 0 0 0 0 0 0
06/08/2025 14:41:45 - INFO - utils_ner -   segment_ids: 0 0 0 0 0 0 0 0 0 0 0 0 0 0 0 0 0 0 0 0 0 0 0 0 0 0 0 0 0 0 0 0 0 0 0 0 0 0 0 0 0 0 0 0 0 0 0 0 0 0 0 0 0 0 0 0 0 0 0 0 0 0 0 0 0 0 0 0 0 0 0 0 0 0 0 0 0 0 0 0 0 0 0 0 0 0 0 0 0 0 0 0 0 0 0 0 0 0 0 0 0 0 0 0 0 0 0 0 0 0 0 0 0 0 0 0 0 0 0 0 0 0 0 0 0 0 0 0 0 0 0 0 0 0 0 0 0 0 0 0 0 0 0 0 0 0 0 0 0 0 0 0 0 0 0 0 0 0 0 0 0 0 0 0
06/08/2025 14:41:45 - INFO - utils_ner -   label_ids: -100 1 -100 -100 -100 -100 0 -100 -100 0 -100 -100 1 -100 2 -100 2 2 -100 -100 -100 -100 -100 -100 -100 -100 -100 -100 -100 -100 -100 -100 -100 -100 -100 -100 -100 -100 -100 -100 -100 -100 -100 -100 -100 -100 -100 -100 -100 -100 -100 -100 -100 -100 -100 -100 -100 -100 -100 -100 -100 -100 -100 -100 -100 -100 -100 -100 -100 -100 -100 -100 -100 -100 -100 -100 -100 -100 -100 -100 -100 -100 -100 -100 -100 -100 -100 -100 -100 -100 -100 -100 -100 -100 -100 -100 -100 -100 -100 -100 -100 -100 -100 -100 -100 -100 -100 -100 -100 -100 -100 -100 -100 -100 -100 -100 -100 -100 -100 -100 -100 -100 -100 -100 -100 -100 -100 -100 -100 -100 -100 -100 -100 -100 -100 -100 -100 -100 -100 -100 -100 -100 -100 -100 -100 -100 -100 -100 -100 -100 -100 -100 -100 -100 -100 -100 -100 -100 -100 -100 -100 -100 -100 -100
06/08/2025 14:41:46 - INFO - __main__ -   Saving features into cached file data/ZeroShotTransfer/ibo_SALT/cached_test_xlm-roberta-base_164
06/08/2025 14:41:47 - INFO - __main__ -   ***** Running evaluation  *****
06/08/2025 14:41:47 - INFO - __main__ -     Num examples = 6239
06/08/2025 14:41:47 - INFO - __main__ -     Batch size = 8
Evaluating: 100%|████████████████████████████████████████████████████████████████████████████████████████████████████████████████████████| 780/780 [00:07<00:00, 100.33it/s]
06/08/2025 14:41:55 - INFO - __main__ -   ***** Eval results  *****
06/08/2025 14:41:55 - INFO - __main__ -     f1 = 0.28266913809082483
06/08/2025 14:41:55 - INFO - __main__ -     loss = 0.4610885948147953
06/08/2025 14:41:55 - INFO - __main__ -     precision = 0.19601542416452442
06/08/2025 14:41:55 - INFO - __main__ -     recall = 0.5066445182724253
06/08/2025 14:41:55 - INFO - __main__ -     report =               precision    recall  f1-score   support

        DATE       0.18      0.02      0.04       333
         LOC       0.69      0.77      0.73       621
         ORG       0.78      0.28      0.42       137
         PER       0.04      0.77      0.07       113

   micro avg       0.20      0.51      0.28      1204
   macro avg       0.42      0.46      0.31      1204
weighted avg       0.50      0.51      0.44      1204
